<?xml version="1.0" encoding="UTF-8"?>

<!-- generated on Tue Oct 22 17:18:52 2013 by SUMO sumo Version 0.18.0
<?xml version="1.0" encoding="UTF-8"?>

<configuration xmlns:xsi="http://www.w3.org/2001/XMLSchema-instance" xsi:noNamespaceSchemaLocation="http://sumo.sf.net/xsd/sumoConfiguration.xsd">

    <input>
        <net-file value="test.net.xml"/>
        <route-files value="test.rou.xml"/>
        <additional-files value="test.rerouter.xml"/>
    </input>

    <output>
        <fcd-output value="test-2.fcd.xml"/>
        <save-state.prefix value="state"/>
    </output>

    <time>
        <begin value="0"/>
        <end value="800"/>
    </time>

    <gui_only>
        <gui-settings-file value="test.settings.xml"/>
    </gui_only>

</configuration>
-->

<fcd-export>
    <timestep time="0.00">
        <vehicle id="0" x="590.15" y="401.65" angle="-90.00" type="DEFAULT_VEHTYPE" speed="0.00" pos="5.10" lane="3/2to2/2_0" slope="0.00"/>
    </timestep>
    <timestep time="1.00">
        <vehicle id="0" x="587.61" y="401.65" angle="-90.00" type="DEFAULT_VEHTYPE" speed="2.54" pos="7.64" lane="3/2to2/2_0" slope="0.00"/>
        <vehicle id="1" x="794.90" y="201.65" angle="-90.00" type="DEFAULT_VEHTYPE" speed="0.00" pos="5.10" lane="4/1to3/1_0" slope="0.00"/>
    </timestep>
    <timestep time="2.00">
        <vehicle id="0" x="583.11" y="401.65" angle="-90.00" type="DEFAULT_VEHTYPE" speed="4.50" pos="12.14" lane="3/2to2/2_0" slope="0.00"/>
        <vehicle id="1" x="793.07" y="201.65" angle="-90.00" type="DEFAULT_VEHTYPE" speed="1.83" pos="6.93" lane="4/1to3/1_0" slope="0.00"/>
        <vehicle id="2" x="5.10" y="398.35" angle="90.00" type="DEFAULT_VEHTYPE" speed="0.00" pos="5.10" lane="0/2to1/2_0" slope="0.00"/>
    </timestep>
    <timestep time="3.00">
        <vehicle id="0" x="576.06" y="401.65" angle="-90.00" type="DEFAULT_VEHTYPE" speed="7.05" pos="19.19" lane="3/2to2/2_0" slope="0.00"/>
        <vehicle id="1" x="789.60" y="201.65" angle="-90.00" type="DEFAULT_VEHTYPE" speed="3.47" pos="10.40" lane="4/1to3/1_0" slope="0.00"/>
        <vehicle id="2" x="7.38" y="398.35" angle="90.00" type="DEFAULT_VEHTYPE" speed="2.28" pos="7.38" lane="0/2to1/2_0" slope="0.00"/>
        <vehicle id="3" x="590.15" y="401.65" angle="-90.00" type="DEFAULT_VEHTYPE" speed="0.00" pos="5.10" lane="3/2to2/2_0" slope="0.00"/>
    </timestep>
    <timestep time="4.00">
        <vehicle id="0" x="567.29" y="401.65" angle="-90.00" type="DEFAULT_VEHTYPE" speed="8.77" pos="27.96" lane="3/2to2/2_0" slope="0.00"/>
        <vehicle id="1" x="784.14" y="201.65" angle="-90.00" type="DEFAULT_VEHTYPE" speed="5.46" pos="15.86" lane="4/1to3/1_0" slope="0.00"/>
        <vehicle id="2" x="11.67" y="398.35" angle="90.00" type="DEFAULT_VEHTYPE" speed="4.29" pos="11.67" lane="0/2to1/2_0" slope="0.00"/>
        <vehicle id="3" x="587.56" y="401.65" angle="-90.00" type="DEFAULT_VEHTYPE" speed="2.59" pos="7.69" lane="3/2to2/2_0" slope="0.00"/>
        <vehicle id="4" x="198.35" y="190.15" angle="0.00" type="DEFAULT_VEHTYPE" speed="0.00" pos="5.10" lane="1/1to1/0_0" slope="0.00"/>
    </timestep>
    <timestep time="5.00">
        <vehicle id="0" x="556.26" y="401.65" angle="-90.00" type="DEFAULT_VEHTYPE" speed="11.03" pos="38.99" lane="3/2to2/2_0" slope="0.00"/>
        <vehicle id="1" x="776.16" y="201.65" angle="-90.00" type="DEFAULT_VEHTYPE" speed="7.98" pos="23.84" lane="4/1to3/1_0" slope="0.00"/>
        <vehicle id="2" x="17.42" y="398.35" angle="90.00" type="DEFAULT_VEHTYPE" speed="5.75" pos="17.42" lane="0/2to1/2_0" slope="0.00"/>
        <vehicle id="3" x="583.10" y="401.65" angle="-90.00" type="DEFAULT_VEHTYPE" speed="4.46" pos="12.15" lane="3/2to2/2_0" slope="0.00"/>
        <vehicle id="4" x="198.35" y="187.97" angle="0.00" type="DEFAULT_VEHTYPE" speed="2.18" pos="7.28" lane="1/1to1/0_0" slope="0.00"/>
        <vehicle id="5" x="398.35" y="794.90" angle="0.00" type="DEFAULT_VEHTYPE" speed="0.00" pos="5.10" lane="2/4to2/3_0" slope="0.00"/>
    </timestep>
    <timestep time="6.00">
        <vehicle id="0" x="542.70" y="401.65" angle="-90.00" type="DEFAULT_VEHTYPE" speed="13.57" pos="52.55" lane="3/2to2/2_0" slope="0.00"/>
        <vehicle id="1" x="766.24" y="201.65" angle="-90.00" type="DEFAULT_VEHTYPE" speed="9.92" pos="33.76" lane="4/1to3/1_0" slope="0.00"/>
        <vehicle id="2" x="25.37" y="398.35" angle="90.00" type="DEFAULT_VEHTYPE" speed="7.95" pos="25.37" lane="0/2to1/2_0" slope="0.00"/>
        <vehicle id="3" x="576.93" y="401.65" angle="-90.00" type="DEFAULT_VEHTYPE" speed="6.17" pos="18.32" lane="3/2to2/2_0" slope="0.00"/>
        <vehicle id="4" x="198.35" y="184.01" angle="0.00" type="DEFAULT_VEHTYPE" speed="3.96" pos="11.24" lane="1/1to1/0_0" slope="0.00"/>
        <vehicle id="5" x="398.35" y="793.52" angle="0.00" type="DEFAULT_VEHTYPE" speed="1.38" pos="6.48" lane="2/4to2/3_0" slope="0.00"/>
        <vehicle id="6" x="209.85" y="598.35" angle="90.00" type="DEFAULT_VEHTYPE" speed="0.00" pos="5.10" lane="1/3to2/3_0" slope="0.00"/>
    </timestep>
    <timestep time="7.00">
        <vehicle id="0" x="529.95" y="401.65" angle="-90.00" type="DEFAULT_VEHTYPE" speed="12.75" pos="65.30" lane="3/2to2/2_0" slope="0.00"/>
        <vehicle id="1" x="754.24" y="201.65" angle="-90.00" type="DEFAULT_VEHTYPE" speed="12.00" pos="45.76" lane="4/1to3/1_0" slope="0.00"/>
        <vehicle id="2" x="35.22" y="398.35" angle="90.00" type="DEFAULT_VEHTYPE" speed="9.85" pos="35.22" lane="0/2to1/2_0" slope="0.00"/>
        <vehicle id="3" x="569.24" y="401.65" angle="-90.00" type="DEFAULT_VEHTYPE" speed="7.70" pos="26.01" lane="3/2to2/2_0" slope="0.00"/>
        <vehicle id="4" x="198.35" y="177.76" angle="0.00" type="DEFAULT_VEHTYPE" speed="6.25" pos="17.49" lane="1/1to1/0_0" slope="0.00"/>
        <vehicle id="5" x="398.35" y="789.58" angle="0.00" type="DEFAULT_VEHTYPE" speed="3.94" pos="10.42" lane="2/4to2/3_0" slope="0.00"/>
        <vehicle id="6" x="212.06" y="598.35" angle="90.00" type="DEFAULT_VEHTYPE" speed="2.21" pos="7.31" lane="1/3to2/3_0" slope="0.00"/>
        <vehicle id="7" x="198.35" y="390.15" angle="0.00" type="DEFAULT_VEHTYPE" speed="0.00" pos="5.10" lane="1/2to1/1_0" slope="0.00"/>
    </timestep>
    <timestep time="8.00">
        <vehicle id="0" x="516.26" y="401.65" angle="-90.00" type="DEFAULT_VEHTYPE" speed="13.69" pos="78.99" lane="3/2to2/2_0" slope="0.00"/>
        <vehicle id="1" x="741.58" y="201.65" angle="-90.00" type="DEFAULT_VEHTYPE" speed="12.66" pos="58.42" lane="4/1to3/1_0" slope="0.00"/>
        <vehicle id="2" x="47.63" y="398.35" angle="90.00" type="DEFAULT_VEHTYPE" speed="12.41" pos="47.63" lane="0/2to1/2_0" slope="0.00"/>
        <vehicle id="3" x="559.94" y="401.65" angle="-90.00" type="DEFAULT_VEHTYPE" speed="9.30" pos="35.31" lane="3/2to2/2_0" slope="0.00"/>
        <vehicle id="4" x="198.35" y="169.80" angle="0.00" type="DEFAULT_VEHTYPE" speed="7.96" pos="25.45" lane="1/1to1/0_0" slope="0.00"/>
        <vehicle id="5" x="398.35" y="783.48" angle="0.00" type="DEFAULT_VEHTYPE" speed="6.11" pos="16.52" lane="2/4to2/3_0" slope="0.00"/>
        <vehicle id="6" x="216.70" y="598.35" angle="90.00" type="DEFAULT_VEHTYPE" speed="4.64" pos="11.95" lane="1/3to2/3_0" slope="0.00"/>
        <vehicle id="7" x="198.35" y="387.71" angle="0.00" type="DEFAULT_VEHTYPE" speed="2.44" pos="7.54" lane="1/2to1/1_0" slope="0.00"/>
        <vehicle id="8" x="209.85" y="198.35" angle="90.00" type="DEFAULT_VEHTYPE" speed="0.00" pos="5.10" lane="1/1to2/1_0" slope="0.00"/>
    </timestep>
    <timestep time="9.00">
        <vehicle id="0" x="503.61" y="401.65" angle="-90.00" type="DEFAULT_VEHTYPE" speed="12.65" pos="91.64" lane="3/2to2/2_0" slope="0.00"/>
        <vehicle id="1" x="728.03" y="201.65" angle="-90.00" type="DEFAULT_VEHTYPE" speed="13.56" pos="71.97" lane="4/1to3/1_0" slope="0.00"/>
        <vehicle id="2" x="61.24" y="398.35" angle="90.00" type="DEFAULT_VEHTYPE" speed="13.61" pos="61.24" lane="0/2to1/2_0" slope="0.00"/>
        <vehicle id="3" x="548.57" y="401.65" angle="-90.00" type="DEFAULT_VEHTYPE" speed="11.37" pos="46.68" lane="3/2to2/2_0" slope="0.00"/>
        <vehicle id="4" x="198.35" y="159.46" angle="0.00" type="DEFAULT_VEHTYPE" speed="10.34" pos="35.79" lane="1/1to1/0_0" slope="0.00"/>
        <vehicle id="5" x="398.35" y="775.51" angle="0.00" type="DEFAULT_VEHTYPE" speed="7.96" pos="24.49" lane="2/4to2/3_0" slope="0.00"/>
        <vehicle id="6" x="223.62" y="598.35" angle="90.00" type="DEFAULT_VEHTYPE" speed="6.93" pos="18.87" lane="1/3to2/3_0" slope="0.00"/>
        <vehicle id="7" x="198.35" y="383.73" angle="0.00" type="DEFAULT_VEHTYPE" speed="3.98" pos="11.52" lane="1/2to1/1_0" slope="0.00"/>
        <vehicle id="8" x="212.33" y="198.35" angle="90.00" type="DEFAULT_VEHTYPE" speed="2.48" pos="7.58" lane="1/1to2/1_0" slope="0.00"/>
        <vehicle id="9" x="601.65" y="209.85" angle="180.00" type="DEFAULT_VEHTYPE" speed="0.00" pos="5.10" lane="3/1to3/2_0" slope="0.00"/>
    </timestep>
    <timestep time="10.00">
        <vehicle id="0" x="490.64" y="401.65" angle="-90.00" type="DEFAULT_VEHTYPE" speed="12.97" pos="104.61" lane="3/2to2/2_0" slope="0.00"/>
        <vehicle id="1" x="714.90" y="201.65" angle="-90.00" type="DEFAULT_VEHTYPE" speed="13.12" pos="85.10" lane="4/1to3/1_0" slope="0.00"/>
        <vehicle id="10" x="409.85" y="198.35" angle="90.00" type="DEFAULT_VEHTYPE" speed="0.00" pos="5.10" lane="2/1to3/1_0" slope="0.00"/>
        <vehicle id="2" x="74.24" y="398.35" angle="90.00" type="DEFAULT_VEHTYPE" speed="13.00" pos="74.24" lane="0/2to1/2_0" slope="0.00"/>
        <vehicle id="3" x="535.54" y="401.65" angle="-90.00" type="DEFAULT_VEHTYPE" speed="13.03" pos="59.71" lane="3/2to2/2_0" slope="0.00"/>
        <vehicle id="4" x="198.35" y="147.73" angle="0.00" type="DEFAULT_VEHTYPE" speed="11.73" pos="47.52" lane="1/1to1/0_0" slope="0.00"/>
        <vehicle id="5" x="398.35" y="766.20" angle="0.00" type="DEFAULT_VEHTYPE" speed="9.32" pos="33.80" lane="2/4to2/3_0" slope="0.00"/>
        <vehicle id="6" x="232.75" y="598.35" angle="90.00" type="DEFAULT_VEHTYPE" speed="9.13" pos="28.00" lane="1/3to2/3_0" slope="0.00"/>
        <vehicle id="7" x="198.35" y="377.79" angle="0.00" type="DEFAULT_VEHTYPE" speed="5.94" pos="17.46" lane="1/2to1/1_0" slope="0.00"/>
        <vehicle id="8" x="216.66" y="198.35" angle="90.00" type="DEFAULT_VEHTYPE" speed="4.33" pos="11.91" lane="1/1to2/1_0" slope="0.00"/>
        <vehicle id="9" x="601.65" y="212.23" angle="180.00" type="DEFAULT_VEHTYPE" speed="2.38" pos="7.48" lane="3/1to3/2_0" slope="0.00"/>
    </timestep>
    <timestep time="11.00">
        <vehicle id="0" x="476.94" y="401.65" angle="-90.00" type="DEFAULT_VEHTYPE" speed="13.70" pos="118.31" lane="3/2to2/2_0" slope="0.00"/>
        <vehicle id="1" x="701.04" y="201.65" angle="-90.00" type="DEFAULT_VEHTYPE" speed="13.86" pos="98.96" lane="4/1to3/1_0" slope="0.00"/>
        <vehicle id="10" x="412.01" y="198.35" angle="90.00" type="DEFAULT_VEHTYPE" speed="2.16" pos="7.26" lane="2/1to3/1_0" slope="0.00"/>
        <vehicle id="11" x="598.35" y="794.90" angle="0.00" type="DEFAULT_VEHTYPE" speed="0.00" pos="5.10" lane="3/4to3/3_0" slope="0.00"/>
        <vehicle id="2" x="87.77" y="398.35" angle="90.00" type="DEFAULT_VEHTYPE" speed="13.54" pos="87.77" lane="0/2to1/2_0" slope="0.00"/>
        <vehicle id="3" x="522.47" y="401.65" angle="-90.00" type="DEFAULT_VEHTYPE" speed="13.07" pos="72.78" lane="3/2to2/2_0" slope="0.00"/>
        <vehicle id="4" x="198.35" y="134.54" angle="0.00" type="DEFAULT_VEHTYPE" speed="13.19" pos="60.71" lane="1/1to1/0_0" slope="0.00"/>
        <vehicle id="5" x="398.35" y="755.49" angle="0.00" type="DEFAULT_VEHTYPE" speed="10.71" pos="44.51" lane="2/4to2/3_0" slope="0.00"/>
        <vehicle id="6" x="244.39" y="598.35" angle="90.00" type="DEFAULT_VEHTYPE" speed="11.64" pos="39.64" lane="1/3to2/3_0" slope="0.00"/>
        <vehicle id="7" x="198.35" y="369.48" angle="0.00" type="DEFAULT_VEHTYPE" speed="8.31" pos="25.77" lane="1/2to1/1_0" slope="0.00"/>
        <vehicle id="8" x="222.30" y="198.35" angle="90.00" type="DEFAULT_VEHTYPE" speed="5.64" pos="17.55" lane="1/1to2/1_0" slope="0.00"/>
        <vehicle id="9" x="601.65" y="216.80" angle="180.00" type="DEFAULT_VEHTYPE" speed="4.57" pos="12.05" lane="3/1to3/2_0" slope="0.00"/>
    </timestep>
    <timestep time="12.00">
        <vehicle id="0" x="463.78" y="401.65" angle="-90.00" type="DEFAULT_VEHTYPE" speed="13.16" pos="131.47" lane="3/2to2/2_0" slope="0.00"/>
        <vehicle id="1" x="687.41" y="201.65" angle="-90.00" type="DEFAULT_VEHTYPE" speed="13.63" pos="112.59" lane="4/1to3/1_0" slope="0.00"/>
        <vehicle id="10" x="415.89" y="198.35" angle="90.00" type="DEFAULT_VEHTYPE" speed="3.88" pos="11.14" lane="2/1to3/1_0" slope="0.00"/>
        <vehicle id="11" x="598.35" y="792.85" angle="0.00" type="DEFAULT_VEHTYPE" speed="2.05" pos="7.15" lane="3/4to3/3_0" slope="0.00"/>
        <vehicle id="12" x="401.65" y="5.10" angle="180.00" type="DEFAULT_VEHTYPE" speed="0.00" pos="5.10" lane="2/0to2/1_0" slope="0.00"/>
        <vehicle id="2" x="101.44" y="398.35" angle="90.00" type="DEFAULT_VEHTYPE" speed="13.67" pos="101.44" lane="0/2to1/2_0" slope="0.00"/>
        <vehicle id="3" x="508.68" y="401.65" angle="-90.00" type="DEFAULT_VEHTYPE" speed="13.79" pos="86.57" lane="3/2to2/2_0" slope="0.00"/>
        <vehicle id="4" x="198.35" y="120.71" angle="0.00" type="DEFAULT_VEHTYPE" speed="13.84" pos="74.54" lane="1/1to1/0_0" slope="0.00"/>
        <vehicle id="5" x="398.35" y="742.28" angle="0.00" type="DEFAULT_VEHTYPE" speed="13.20" pos="57.72" lane="2/4to2/3_0" slope="0.00"/>
        <vehicle id="6" x="257.35" y="598.35" angle="90.00" type="DEFAULT_VEHTYPE" speed="12.96" pos="52.60" lane="1/3to2/3_0" slope="0.00"/>
        <vehicle id="7" x="198.35" y="359.03" angle="0.00" type="DEFAULT_VEHTYPE" speed="10.45" pos="36.22" lane="1/2to1/1_0" slope="0.00"/>
        <vehicle id="8" x="230.17" y="198.35" angle="90.00" type="DEFAULT_VEHTYPE" speed="7.86" pos="25.42" lane="1/1to2/1_0" slope="0.00"/>
        <vehicle id="9" x="601.65" y="223.70" angle="180.00" type="DEFAULT_VEHTYPE" speed="6.90" pos="18.95" lane="3/1to3/2_0" slope="0.00"/>
    </timestep>
    <timestep time="13.00">
        <vehicle id="0" x="450.38" y="401.65" angle="-90.00" type="DEFAULT_VEHTYPE" speed="13.39" pos="144.87" lane="3/2to2/2_0" slope="0.00"/>
        <vehicle id="1" x="674.18" y="201.65" angle="-90.00" type="DEFAULT_VEHTYPE" speed="13.23" pos="125.82" lane="4/1to3/1_0" slope="0.00"/>
        <vehicle id="10" x="422.23" y="198.35" angle="90.00" type="DEFAULT_VEHTYPE" speed="6.34" pos="17.48" lane="2/1to3/1_0" slope="0.00"/>
        <vehicle id="11" x="598.35" y="789.34" angle="0.00" type="DEFAULT_VEHTYPE" speed="3.51" pos="10.66" lane="3/4to3/3_0" slope="0.00"/>
        <vehicle id="12" x="401.65" y="6.89" angle="180.00" type="DEFAULT_VEHTYPE" speed="1.79" pos="6.89" lane="2/0to2/1_0" slope="0.00"/>
        <vehicle id="13" x="190.15" y="601.65" angle="-90.00" type="DEFAULT_VEHTYPE" speed="0.00" pos="5.10" lane="1/3to0/3_0" slope="0.00"/>
        <vehicle id="2" x="114.27" y="398.35" angle="90.00" type="DEFAULT_VEHTYPE" speed="12.83" pos="114.27" lane="0/2to1/2_0" slope="0.00"/>
        <vehicle id="3" x="495.58" y="401.65" angle="-90.00" type="DEFAULT_VEHTYPE" speed="13.10" pos="99.67" lane="3/2to2/2_0" slope="0.00"/>
        <vehicle id="4" x="198.35" y="107.57" angle="0.00" type="DEFAULT_VEHTYPE" speed="13.14" pos="87.68" lane="1/1to1/0_0" slope="0.00"/>
        <vehicle id="5" x="398.35" y="728.93" angle="0.00" type="DEFAULT_VEHTYPE" speed="13.36" pos="71.07" lane="2/4to2/3_0" slope="0.00"/>
        <vehicle id="6" x="270.77" y="598.35" angle="90.00" type="DEFAULT_VEHTYPE" speed="13.43" pos="66.02" lane="1/3to2/3_0" slope="0.00"/>
        <vehicle id="7" x="198.35" y="347.25" angle="0.00" type="DEFAULT_VEHTYPE" speed="11.78" pos="48.00" lane="1/2to1/1_0" slope="0.00"/>
        <vehicle id="8" x="240.60" y="198.35" angle="90.00" type="DEFAULT_VEHTYPE" speed="10.43" pos="35.85" lane="1/1to2/1_0" slope="0.00"/>
        <vehicle id="9" x="601.65" y="232.80" angle="180.00" type="DEFAULT_VEHTYPE" speed="9.10" pos="28.05" lane="3/1to3/2_0" slope="0.00"/>
    </timestep>
    <timestep time="14.00">
        <vehicle id="0" x="437.13" y="401.65" angle="-90.00" type="DEFAULT_VEHTYPE" speed="13.26" pos="158.12" lane="3/2to2/2_0" slope="0.00"/>
        <vehicle id="1" x="660.83" y="201.65" angle="-90.00" type="DEFAULT_VEHTYPE" speed="13.35" pos="139.17" lane="4/1to3/1_0" slope="0.00"/>
        <vehicle id="10" x="430.72" y="198.35" angle="90.00" type="DEFAULT_VEHTYPE" speed="8.50" pos="25.97" lane="2/1to3/1_0" slope="0.00"/>
        <vehicle id="11" x="598.35" y="784.14" angle="0.00" type="DEFAULT_VEHTYPE" speed="5.20" pos="15.86" lane="3/4to3/3_0" slope="0.00"/>
        <vehicle id="12" x="401.65" y="11.14" angle="180.00" type="DEFAULT_VEHTYPE" speed="4.26" pos="11.14" lane="2/0to2/1_0" slope="0.00"/>
        <vehicle id="13" x="188.16" y="601.65" angle="-90.00" type="DEFAULT_VEHTYPE" speed="1.99" pos="7.09" lane="1/3to0/3_0" slope="0.00"/>
        <vehicle id="14" x="201.65" y="5.10" angle="180.00" type="DEFAULT_VEHTYPE" speed="0.00" pos="5.10" lane="1/0to1/1_0" slope="0.00"/>
        <vehicle id="2" x="127.24" y="398.35" angle="90.00" type="DEFAULT_VEHTYPE" speed="12.98" pos="127.24" lane="0/2to1/2_0" slope="0.00"/>
        <vehicle id="3" x="482.89" y="401.65" angle="-90.00" type="DEFAULT_VEHTYPE" speed="12.70" pos="112.36" lane="3/2to2/2_0" slope="0.00"/>
        <vehicle id="4" x="198.35" y="94.26" angle="0.00" type="DEFAULT_VEHTYPE" speed="13.31" pos="100.99" lane="1/1to1/0_0" slope="0.00"/>
        <vehicle id="5" x="398.35" y="716.16" angle="0.00" type="DEFAULT_VEHTYPE" speed="12.76" pos="83.84" lane="2/4to2/3_0" slope="0.00"/>
        <vehicle id="6" x="283.93" y="598.35" angle="90.00" type="DEFAULT_VEHTYPE" speed="13.15" pos="79.18" lane="1/3to2/3_0" slope="0.00"/>
        <vehicle id="7" x="198.35" y="334.61" angle="0.00" type="DEFAULT_VEHTYPE" speed="12.64" pos="60.64" lane="1/2to1/1_0" slope="0.00"/>
        <vehicle id="8" x="253.25" y="198.35" angle="90.00" type="DEFAULT_VEHTYPE" speed="12.65" pos="48.50" lane="1/1to2/1_0" slope="0.00"/>
        <vehicle id="9" x="601.65" y="243.97" angle="180.00" type="DEFAULT_VEHTYPE" speed="11.17" pos="39.22" lane="3/1to3/2_0" slope="0.00"/>
    </timestep>
    <timestep time="15.00">
        <vehicle id="0" x="425.64" y="401.65" angle="-90.00" type="DEFAULT_VEHTYPE" speed="11.49" pos="169.61" lane="3/2to2/2_0" slope="0.00"/>
        <vehicle id="1" x="647.29" y="201.65" angle="-90.00" type="DEFAULT_VEHTYPE" speed="13.53" pos="152.71" lane="4/1to3/1_0" slope="0.00"/>
        <vehicle id="10" x="441.76" y="198.35" angle="90.00" type="DEFAULT_VEHTYPE" speed="11.04" pos="37.01" lane="2/1to3/1_0" slope="0.00"/>
        <vehicle id="11" x="598.35" y="776.84" angle="0.00" type="DEFAULT_VEHTYPE" speed="7.29" pos="23.16" lane="3/4to3/3_0" slope="0.00"/>
        <vehicle id="12" x="401.65" y="17.12" angle="180.00" type="DEFAULT_VEHTYPE" speed="5.98" pos="17.12" lane="2/0to2/1_0" slope="0.00"/>
        <vehicle id="13" x="184.83" y="601.65" angle="-90.00" type="DEFAULT_VEHTYPE" speed="3.32" pos="10.42" lane="1/3to0/3_0" slope="0.00"/>
        <vehicle id="14" x="201.65" y="6.60" angle="180.00" type="DEFAULT_VEHTYPE" speed="1.50" pos="6.60" lane="1/0to1/1_0" slope="0.00"/>
        <vehicle id="15" x="601.65" y="209.85" angle="180.00" type="DEFAULT_VEHTYPE" speed="0.00" pos="5.10" lane="3/1to3/2_0" slope="0.00"/>
        <vehicle id="2" x="140.22" y="398.35" angle="90.00" type="DEFAULT_VEHTYPE" speed="12.97" pos="140.22" lane="0/2to1/2_0" slope="0.00"/>
        <vehicle id="3" x="469.85" y="401.65" angle="-90.00" type="DEFAULT_VEHTYPE" speed="13.04" pos="125.40" lane="3/2to2/2_0" slope="0.00"/>
        <vehicle id="4" x="198.35" y="80.52" angle="0.00" type="DEFAULT_VEHTYPE" speed="13.74" pos="114.73" lane="1/1to1/0_0" slope="0.00"/>
        <vehicle id="5" x="398.35" y="703.19" angle="0.00" type="DEFAULT_VEHTYPE" speed="12.97" pos="96.81" lane="2/4to2/3_0" slope="0.00"/>
        <vehicle id="6" x="297.64" y="598.35" angle="90.00" type="DEFAULT_VEHTYPE" speed="13.72" pos="92.89" lane="1/3to2/3_0" slope="0.00"/>
        <vehicle id="7" x="198.35" y="321.86" angle="0.00" type="DEFAULT_VEHTYPE" speed="12.75" pos="73.39" lane="1/2to1/1_0" slope="0.00"/>
        <vehicle id="8" x="266.66" y="198.35" angle="90.00" type="DEFAULT_VEHTYPE" speed="13.42" pos="61.91" lane="1/1to2/1_0" slope="0.00"/>
        <vehicle id="9" x="601.65" y="257.12" angle="180.00" type="DEFAULT_VEHTYPE" speed="13.14" pos="52.37" lane="3/1to3/2_0" slope="0.00"/>
    </timestep>
    <timestep time="16.00">
        <vehicle id="0" x="417.68" y="401.65" angle="-90.00" type="DEFAULT_VEHTYPE" speed="7.95" pos="177.57" lane="3/2to2/2_0" slope="0.00"/>
        <vehicle id="1" x="633.84" y="201.65" angle="-90.00" type="DEFAULT_VEHTYPE" speed="13.45" pos="166.16" lane="4/1to3/1_0" slope="0.00"/>
        <vehicle id="10" x="455.27" y="198.35" angle="90.00" type="DEFAULT_VEHTYPE" speed="13.51" pos="50.52" lane="2/1to3/1_0" slope="0.00"/>
        <vehicle id="11" x="598.35" y="768.06" angle="0.00" type="DEFAULT_VEHTYPE" speed="8.78" pos="31.94" lane="3/4to3/3_0" slope="0.00"/>
        <vehicle id="12" x="401.65" y="24.86" angle="180.00" type="DEFAULT_VEHTYPE" speed="7.74" pos="24.86" lane="2/0to2/1_0" slope="0.00"/>
        <vehicle id="13" x="179.98" y="601.65" angle="-90.00" type="DEFAULT_VEHTYPE" speed="4.85" pos="15.27" lane="1/3to0/3_0" slope="0.00"/>
        <vehicle id="14" x="201.65" y="9.47" angle="180.00" type="DEFAULT_VEHTYPE" speed="2.87" pos="9.47" lane="1/0to1/1_0" slope="0.00"/>
        <vehicle id="15" x="601.65" y="211.68" angle="180.00" type="DEFAULT_VEHTYPE" speed="1.83" pos="6.93" lane="3/1to3/2_0" slope="0.00"/>
        <vehicle id="16" x="598.35" y="794.90" angle="0.00" type="DEFAULT_VEHTYPE" speed="0.00" pos="5.10" lane="3/4to3/3_0" slope="0.00"/>
        <vehicle id="2" x="153.25" y="398.35" angle="90.00" type="DEFAULT_VEHTYPE" speed="13.04" pos="153.25" lane="0/2to1/2_0" slope="0.00"/>
        <vehicle id="3" x="456.15" y="401.65" angle="-90.00" type="DEFAULT_VEHTYPE" speed="13.70" pos="139.10" lane="3/2to2/2_0" slope="0.00"/>
        <vehicle id="4" x="198.35" y="67.18" angle="0.00" type="DEFAULT_VEHTYPE" speed="13.34" pos="128.07" lane="1/1to1/0_0" slope="0.00"/>
        <vehicle id="5" x="398.35" y="690.06" angle="0.00" type="DEFAULT_VEHTYPE" speed="13.13" pos="109.94" lane="2/4to2/3_0" slope="0.00"/>
        <vehicle id="6" x="311.18" y="598.35" angle="90.00" type="DEFAULT_VEHTYPE" speed="13.54" pos="106.43" lane="1/3to2/3_0" slope="0.00"/>
        <vehicle id="7" x="198.35" y="308.45" angle="0.00" type="DEFAULT_VEHTYPE" speed="13.41" pos="86.80" lane="1/2to1/1_0" slope="0.00"/>
        <vehicle id="8" x="279.68" y="198.35" angle="90.00" type="DEFAULT_VEHTYPE" speed="13.01" pos="74.93" lane="1/1to2/1_0" slope="0.00"/>
        <vehicle id="9" x="601.65" y="270.27" angle="180.00" type="DEFAULT_VEHTYPE" speed="13.15" pos="65.52" lane="3/1to3/2_0" slope="0.00"/>
    </timestep>
    <timestep time="17.00">
        <vehicle id="0" x="411.52" y="401.65" angle="-90.00" type="DEFAULT_VEHTYPE" speed="6.17" pos="183.73" lane="3/2to2/2_0" slope="0.00"/>
        <vehicle id="1" x="623.51" y="201.65" angle="-90.00" type="DEFAULT_VEHTYPE" speed="10.34" pos="176.49" lane="4/1to3/1_0" slope="0.00"/>
        <vehicle id="10" x="469.17" y="198.35" angle="90.00" type="DEFAULT_VEHTYPE" speed="13.90" pos="64.42" lane="2/1to3/1_0" slope="0.00"/>
        <vehicle id="11" x="598.35" y="757.87" angle="0.00" type="DEFAULT_VEHTYPE" speed="10.19" pos="42.13" lane="3/4to3/3_0" slope="0.00"/>
        <vehicle id="12" x="401.65" y="35.19" angle="180.00" type="DEFAULT_VEHTYPE" speed="10.33" pos="35.19" lane="2/0to2/1_0" slope="0.00"/>
        <vehicle id="13" x="173.16" y="601.65" angle="-90.00" type="DEFAULT_VEHTYPE" speed="6.82" pos="22.09" lane="1/3to0/3_0" slope="0.00"/>
        <vehicle id="14" x="201.65" y="13.76" angle="180.00" type="DEFAULT_VEHTYPE" speed="4.29" pos="13.76" lane="1/0to1/1_0" slope="0.00"/>
        <vehicle id="15" x="601.65" y="215.50" angle="180.00" type="DEFAULT_VEHTYPE" speed="3.82" pos="10.75" lane="3/1to3/2_0" slope="0.00"/>
        <vehicle id="16" x="598.35" y="793.16" angle="0.00" type="DEFAULT_VEHTYPE" speed="1.74" pos="6.84" lane="3/4to3/3_0" slope="0.00"/>
        <vehicle id="17" x="601.65" y="609.85" angle="180.00" type="DEFAULT_VEHTYPE" speed="0.00" pos="5.10" lane="3/3to3/4_0" slope="0.00"/>
        <vehicle id="2" x="166.00" y="398.35" angle="90.00" type="DEFAULT_VEHTYPE" speed="12.75" pos="166.00" lane="0/2to1/2_0" slope="0.00"/>
        <vehicle id="3" x="442.96" y="401.65" angle="-90.00" type="DEFAULT_VEHTYPE" speed="13.19" pos="152.29" lane="3/2to2/2_0" slope="0.00"/>
        <vehicle id="4" x="198.35" y="53.91" angle="0.00" type="DEFAULT_VEHTYPE" speed="13.27" pos="141.34" lane="1/1to1/0_0" slope="0.00"/>
        <vehicle id="5" x="398.35" y="677.33" angle="0.00" type="DEFAULT_VEHTYPE" speed="12.73" pos="122.67" lane="2/4to2/3_0" slope="0.00"/>
        <vehicle id="6" x="324.87" y="598.35" angle="90.00" type="DEFAULT_VEHTYPE" speed="13.68" pos="120.12" lane="1/3to2/3_0" slope="0.00"/>
        <vehicle id="7" x="198.35" y="295.00" angle="0.00" type="DEFAULT_VEHTYPE" speed="13.45" pos="100.25" lane="1/2to1/1_0" slope="0.00"/>
        <vehicle id="8" x="292.54" y="198.35" angle="90.00" type="DEFAULT_VEHTYPE" speed="12.86" pos="87.79" lane="1/1to2/1_0" slope="0.00"/>
        <vehicle id="9" x="601.65" y="283.73" angle="180.00" type="DEFAULT_VEHTYPE" speed="13.46" pos="78.98" lane="3/1to3/2_0" slope="0.00"/>
    </timestep>
    <timestep time="18.00">
        <vehicle id="0" x="402.92" y="401.39" angle="-87.00" type="DEFAULT_VEHTYPE" speed="8.62" pos="1.85" lane=":2/2_6_0" slope="0.00"/>
        <vehicle id="1" x="616.21" y="201.65" angle="-90.00" type="DEFAULT_VEHTYPE" speed="7.30" pos="183.79" lane="4/1to3/1_0" slope="0.00"/>
        <vehicle id="10" x="482.63" y="198.35" angle="90.00" type="DEFAULT_VEHTYPE" speed="13.47" pos="77.88" lane="2/1to3/1_0" slope="0.00"/>
        <vehicle id="11" x="598.35" y="745.29" angle="0.00" type="DEFAULT_VEHTYPE" speed="12.59" pos="54.71" lane="3/4to3/3_0" slope="0.00"/>
        <vehicle id="12" x="401.65" y="47.54" angle="180.00" type="DEFAULT_VEHTYPE" speed="12.35" pos="47.54" lane="2/0to2/1_0" slope="0.00"/>
        <vehicle id="13" x="164.16" y="601.65" angle="-90.00" type="DEFAULT_VEHTYPE" speed="9.00" pos="31.09" lane="1/3to0/3_0" slope="0.00"/>
        <vehicle id="14" x="201.65" y="19.71" angle="180.00" type="DEFAULT_VEHTYPE" speed="5.95" pos="19.71" lane="1/0to1/1_0" slope="0.00"/>
        <vehicle id="15" x="601.65" y="221.31" angle="180.00" type="DEFAULT_VEHTYPE" speed="5.82" pos="16.56" lane="3/1to3/2_0" slope="0.00"/>
        <vehicle id="16" x="598.35" y="789.08" angle="0.00" type="DEFAULT_VEHTYPE" speed="4.07" pos="10.92" lane="3/4to3/3_0" slope="0.00"/>
        <vehicle id="17" x="601.65" y="611.87" angle="180.00" type="DEFAULT_VEHTYPE" speed="2.02" pos="7.12" lane="3/3to3/4_0" slope="0.00"/>
        <vehicle id="18" x="201.65" y="209.85" angle="180.00" type="DEFAULT_VEHTYPE" speed="0.00" pos="5.10" lane="1/1to1/2_0" slope="0.00"/>
        <vehicle id="2" x="176.59" y="398.35" angle="90.00" type="DEFAULT_VEHTYPE" speed="10.59" pos="176.59" lane="0/2to1/2_0" slope="0.00"/>
        <vehicle id="3" x="430.70" y="401.65" angle="-90.00" type="DEFAULT_VEHTYPE" speed="12.26" pos="164.55" lane="3/2to2/2_0" slope="0.00"/>
        <vehicle id="4" x="198.35" y="40.52" angle="0.00" type="DEFAULT_VEHTYPE" speed="13.39" pos="154.73" lane="1/1to1/0_0" slope="0.00"/>
        <vehicle id="5" x="398.35" y="664.73" angle="0.00" type="DEFAULT_VEHTYPE" speed="12.60" pos="135.27" lane="2/4to2/3_0" slope="0.00"/>
        <vehicle id="6" x="338.13" y="598.35" angle="90.00" type="DEFAULT_VEHTYPE" speed="13.27" pos="133.38" lane="1/3to2/3_0" slope="0.00"/>
        <vehicle id="7" x="198.35" y="282.32" angle="0.00" type="DEFAULT_VEHTYPE" speed="12.68" pos="112.93" lane="1/2to1/1_0" slope="0.00"/>
        <vehicle id="8" x="305.42" y="198.35" angle="90.00" type="DEFAULT_VEHTYPE" speed="12.88" pos="100.67" lane="1/1to2/1_0" slope="0.00"/>
        <vehicle id="9" x="601.65" y="296.54" angle="180.00" type="DEFAULT_VEHTYPE" speed="12.80" pos="91.79" lane="3/1to3/2_0" slope="0.00"/>
    </timestep>
    <timestep time="19.00">
        <vehicle id="0" x="398.35" y="392.82" angle="-4.17" type="DEFAULT_VEHTYPE" speed="10.91" pos="2.43" lane="2/2to2/1_0" slope="0.00"/>
        <vehicle id="1" x="611.71" y="201.65" angle="-90.00" type="DEFAULT_VEHTYPE" speed="4.50" pos="188.29" lane="4/1to3/1_0" slope="0.00"/>
        <vehicle id="10" x="496.28" y="198.35" angle="90.00" type="DEFAULT_VEHTYPE" speed="13.65" pos="91.53" lane="2/1to3/1_0" slope="0.00"/>
        <vehicle id="11" x="598.35" y="731.80" angle="0.00" type="DEFAULT_VEHTYPE" speed="13.48" pos="68.20" lane="3/4to3/3_0" slope="0.00"/>
        <vehicle id="12" x="401.65" y="61.11" angle="180.00" type="DEFAULT_VEHTYPE" speed="13.57" pos="61.11" lane="2/0to2/1_0" slope="0.00"/>
        <vehicle id="13" x="153.66" y="601.65" angle="-90.00" type="DEFAULT_VEHTYPE" speed="10.50" pos="41.59" lane="1/3to0/3_0" slope="0.00"/>
        <vehicle id="14" x="201.65" y="27.66" angle="180.00" type="DEFAULT_VEHTYPE" speed="7.95" pos="27.66" lane="1/0to1/1_0" slope="0.00"/>
        <vehicle id="15" x="601.65" y="229.44" angle="180.00" type="DEFAULT_VEHTYPE" speed="8.12" pos="24.69" lane="3/1to3/2_0" slope="0.00"/>
        <vehicle id="16" x="598.35" y="783.60" angle="0.00" type="DEFAULT_VEHTYPE" speed="5.48" pos="16.40" lane="3/4to3/3_0" slope="0.00"/>
        <vehicle id="17" x="601.65" y="616.25" angle="180.00" type="DEFAULT_VEHTYPE" speed="4.37" pos="11.50" lane="3/3to3/4_0" slope="0.00"/>
        <vehicle id="18" x="201.65" y="211.23" angle="180.00" type="DEFAULT_VEHTYPE" speed="1.38" pos="6.48" lane="1/1to1/2_0" slope="0.00"/>
        <vehicle id="2" x="184.76" y="398.35" angle="90.00" type="DEFAULT_VEHTYPE" speed="8.17" pos="184.76" lane="0/2to1/2_0" slope="0.00"/>
        <vehicle id="3" x="420.47" y="401.65" angle="-90.00" type="DEFAULT_VEHTYPE" speed="10.23" pos="174.78" lane="3/2to2/2_0" slope="0.00"/>
        <vehicle id="4" x="198.35" y="27.37" angle="0.00" type="DEFAULT_VEHTYPE" speed="13.15" pos="167.88" lane="1/1to1/0_0" slope="0.00"/>
        <vehicle id="5" x="398.35" y="650.99" angle="0.00" type="DEFAULT_VEHTYPE" speed="13.73" pos="149.01" lane="2/4to2/3_0" slope="0.00"/>
        <vehicle id="6" x="351.01" y="598.35" angle="90.00" type="DEFAULT_VEHTYPE" speed="12.87" pos="146.26" lane="1/3to2/3_0" slope="0.00"/>
        <vehicle id="7" x="198.35" y="268.57" angle="0.00" type="DEFAULT_VEHTYPE" speed="13.75" pos="126.68" lane="1/2to1/1_0" slope="0.00"/>
        <vehicle id="8" x="319.20" y="198.35" angle="90.00" type="DEFAULT_VEHTYPE" speed="13.77" pos="114.45" lane="1/1to2/1_0" slope="0.00"/>
        <vehicle id="9" x="601.65" y="310.14" angle="180.00" type="DEFAULT_VEHTYPE" speed="13.60" pos="105.39" lane="3/1to3/2_0" slope="0.00"/>
    </timestep>
    <timestep time="20.00">
        <vehicle id="0" x="398.35" y="380.27" angle="0.00" type="DEFAULT_VEHTYPE" speed="12.55" pos="14.98" lane="2/2to2/1_0" slope="0.00"/>
        <vehicle id="1" x="605.80" y="201.65" angle="-90.00" type="DEFAULT_VEHTYPE" speed="5.91" pos="194.20" lane="4/1to3/1_0" slope="0.00"/>
        <vehicle id="10" x="509.31" y="198.35" angle="90.00" type="DEFAULT_VEHTYPE" speed="13.03" pos="104.56" lane="2/1to3/1_0" slope="0.00"/>
        <vehicle id="11" x="598.35" y="718.50" angle="0.00" type="DEFAULT_VEHTYPE" speed="13.31" pos="81.50" lane="3/4to3/3_0" slope="0.00"/>
        <vehicle id="12" x="401.65" y="75.01" angle="180.00" type="DEFAULT_VEHTYPE" speed="13.89" pos="75.01" lane="2/0to2/1_0" slope="0.00"/>
        <vehicle id="13" x="141.33" y="601.65" angle="-90.00" type="DEFAULT_VEHTYPE" speed="12.33" pos="53.92" lane="1/3to0/3_0" slope="0.00"/>
        <vehicle id="14" x="201.65" y="38.09" angle="180.00" type="DEFAULT_VEHTYPE" speed="10.43" pos="38.09" lane="1/0to1/1_0" slope="0.00"/>
        <vehicle id="15" x="601.65" y="239.18" angle="180.00" type="DEFAULT_VEHTYPE" speed="9.75" pos="34.43" lane="3/1to3/2_0" slope="0.00"/>
        <vehicle id="16" x="598.35" y="775.68" angle="0.00" type="DEFAULT_VEHTYPE" speed="7.92" pos="24.32" lane="3/4to3/3_0" slope="0.00"/>
        <vehicle id="17" x="601.65" y="622.66" angle="180.00" type="DEFAULT_VEHTYPE" speed="6.41" pos="17.91" lane="3/3to3/4_0" slope="0.00"/>
        <vehicle id="18" x="201.65" y="214.17" angle="180.00" type="DEFAULT_VEHTYPE" speed="2.95" pos="9.42" lane="1/1to1/2_0" slope="0.00"/>
        <vehicle id="2" x="189.12" y="398.35" angle="90.00" type="DEFAULT_VEHTYPE" speed="4.36" pos="189.12" lane="0/2to1/2_0" slope="0.00"/>
        <vehicle id="20" x="401.65" y="209.85" angle="180.00" type="DEFAULT_VEHTYPE" speed="0.00" pos="5.10" lane="2/1to2/2_0" slope="0.00"/>
        <vehicle id="3" x="413.46" y="401.65" angle="-90.00" type="DEFAULT_VEHTYPE" speed="7.01" pos="181.79" lane="3/2to2/2_0" slope="0.00"/>
        <vehicle id="4" x="198.35" y="14.50" angle="0.00" type="DEFAULT_VEHTYPE" speed="12.87" pos="180.75" lane="1/1to1/0_0" slope="0.00"/>
        <vehicle id="5" x="398.35" y="637.62" angle="0.00" type="DEFAULT_VEHTYPE" speed="13.38" pos="162.38" lane="2/4to2/3_0" slope="0.00"/>
        <vehicle id="6" x="364.80" y="598.35" angle="90.00" type="DEFAULT_VEHTYPE" speed="13.79" pos="160.05" lane="1/3to2/3_0" slope="0.00"/>
        <vehicle id="7" x="198.35" y="255.41" angle="0.00" type="DEFAULT_VEHTYPE" speed="13.16" pos="139.84" lane="1/2to1/1_0" slope="0.00"/>
        <vehicle id="8" x="333.05" y="198.35" angle="90.00" type="DEFAULT_VEHTYPE" speed="13.85" pos="128.30" lane="1/1to2/1_0" slope="0.00"/>
        <vehicle id="9" x="601.65" y="323.08" angle="180.00" type="DEFAULT_VEHTYPE" speed="12.94" pos="118.33" lane="3/1to3/2_0" slope="0.00"/>
    </timestep>
    <timestep time="21.00">
        <vehicle id="0" x="398.35" y="366.95" angle="0.00" type="DEFAULT_VEHTYPE" speed="13.32" pos="28.30" lane="2/2to2/1_0" slope="0.00"/>
        <vehicle id="1" x="601.65" y="206.96" angle="-167.67" type="DEFAULT_VEHTYPE" speed="8.26" pos="2.21" lane="3/1to3/2_0" slope="0.00"/>
        <vehicle id="10" x="521.99" y="198.35" angle="90.00" type="DEFAULT_VEHTYPE" speed="12.68" pos="117.24" lane="2/1to3/1_0" slope="0.00"/>
        <vehicle id="11" x="598.35" y="704.88" angle="0.00" type="DEFAULT_VEHTYPE" speed="13.61" pos="95.12" lane="3/4to3/3_0" slope="0.00"/>
        <vehicle id="12" x="401.65" y="87.71" angle="180.00" type="DEFAULT_VEHTYPE" speed="12.71" pos="87.71" lane="2/0to2/1_0" slope="0.00"/>
        <vehicle id="13" x="127.73" y="601.65" angle="-90.00" type="DEFAULT_VEHTYPE" speed="13.60" pos="67.52" lane="1/3to0/3_0" slope="0.00"/>
        <vehicle id="14" x="201.65" y="50.88" angle="180.00" type="DEFAULT_VEHTYPE" speed="12.79" pos="50.88" lane="1/0to1/1_0" slope="0.00"/>
        <vehicle id="15" x="601.65" y="251.23" angle="180.00" type="DEFAULT_VEHTYPE" speed="12.05" pos="46.48" lane="3/1to3/2_0" slope="0.00"/>
        <vehicle id="16" x="598.35" y="766.33" angle="0.00" type="DEFAULT_VEHTYPE" speed="9.35" pos="33.67" lane="3/4to3/3_0" slope="0.00"/>
        <vehicle id="17" x="601.65" y="631.23" angle="180.00" type="DEFAULT_VEHTYPE" speed="8.56" pos="26.48" lane="3/3to3/4_0" slope="0.00"/>
        <vehicle id="18" x="201.65" y="219.38" angle="180.00" type="DEFAULT_VEHTYPE" speed="5.20" pos="14.63" lane="1/1to1/2_0" slope="0.00"/>
        <vehicle id="19" x="401.65" y="409.85" angle="180.00" type="DEFAULT_VEHTYPE" speed="0.00" pos="5.10" lane="2/2to2/3_0" slope="0.00"/>
        <vehicle id="2" x="194.80" y="398.35" angle="90.00" type="DEFAULT_VEHTYPE" speed="5.68" pos="194.80" lane="0/2to1/2_0" slope="0.00"/>
        <vehicle id="20" x="401.65" y="212.06" angle="180.00" type="DEFAULT_VEHTYPE" speed="2.21" pos="7.31" lane="2/1to2/2_0" slope="0.00"/>
        <vehicle id="3" x="410.02" y="401.65" angle="-90.00" type="DEFAULT_VEHTYPE" speed="3.44" pos="185.23" lane="3/2to2/2_0" slope="0.00"/>
        <vehicle id="4" x="198.35" y="1.12" angle="0.00" type="DEFAULT_VEHTYPE" speed="13.39" pos="194.13" lane="1/1to1/0_0" slope="0.00"/>
        <vehicle id="5" x="398.35" y="623.86" angle="0.00" type="DEFAULT_VEHTYPE" speed="13.76" pos="176.14" lane="2/4to2/3_0" slope="0.00"/>
        <vehicle id="6" x="376.10" y="598.35" angle="90.00" type="DEFAULT_VEHTYPE" speed="11.30" pos="171.35" lane="1/3to2/3_0" slope="0.00"/>
        <vehicle id="7" x="198.35" y="241.52" angle="0.00" type="DEFAULT_VEHTYPE" speed="13.88" pos="153.73" lane="1/2to1/1_0" slope="0.00"/>
        <vehicle id="8" x="346.20" y="198.35" angle="90.00" type="DEFAULT_VEHTYPE" speed="13.15" pos="141.45" lane="1/1to2/1_0" slope="0.00"/>
        <vehicle id="9" x="601.65" y="336.27" angle="180.00" type="DEFAULT_VEHTYPE" speed="13.19" pos="131.52" lane="3/1to3/2_0" slope="0.00"/>
    </timestep>
    <timestep time="22.00">
        <vehicle id="0" x="398.35" y="353.81" angle="0.00" type="DEFAULT_VEHTYPE" speed="13.14" pos="41.44" lane="2/2to2/1_0" slope="0.00"/>
        <vehicle id="1" x="601.65" y="217.07" angle="180.00" type="DEFAULT_VEHTYPE" speed="10.11" pos="12.32" lane="3/1to3/2_0" slope="0.00"/>
        <vehicle id="10" x="535.85" y="198.35" angle="90.00" type="DEFAULT_VEHTYPE" speed="13.86" pos="131.10" lane="2/1to3/1_0" slope="0.00"/>
        <vehicle id="11" x="598.35" y="691.25" angle="0.00" type="DEFAULT_VEHTYPE" speed="13.64" pos="108.75" lane="3/4to3/3_0" slope="0.00"/>
        <vehicle id="12" x="401.65" y="101.17" angle="180.00" type="DEFAULT_VEHTYPE" speed="13.45" pos="101.17" lane="2/0to2/1_0" slope="0.00"/>
        <vehicle id="13" x="114.20" y="601.65" angle="-90.00" type="DEFAULT_VEHTYPE" speed="13.53" pos="81.05" lane="1/3to0/3_0" slope="0.00"/>
        <vehicle id="14" x="201.65" y="64.73" angle="180.00" type="DEFAULT_VEHTYPE" speed="13.85" pos="64.73" lane="1/0to1/1_0" slope="0.00"/>
        <vehicle id="15" x="601.65" y="265.07" angle="180.00" type="DEFAULT_VEHTYPE" speed="13.84" pos="60.32" lane="3/1to3/2_0" slope="0.00"/>
        <vehicle id="16" x="598.35" y="755.58" angle="0.00" type="DEFAULT_VEHTYPE" speed="10.75" pos="44.42" lane="3/4to3/3_0" slope="0.00"/>
        <vehicle id="17" x="601.65" y="641.36" angle="180.00" type="DEFAULT_VEHTYPE" speed="10.13" pos="36.61" lane="3/3to3/4_0" slope="0.00"/>
        <vehicle id="18" x="201.65" y="226.47" angle="180.00" type="DEFAULT_VEHTYPE" speed="7.09" pos="21.72" lane="1/1to1/2_0" slope="0.00"/>
        <vehicle id="19" x="401.65" y="411.83" angle="180.00" type="DEFAULT_VEHTYPE" speed="1.98" pos="7.08" lane="2/2to2/3_0" slope="0.00"/>
        <vehicle id="2" x="202.01" y="398.35" angle="90.00" type="DEFAULT_VEHTYPE" speed="7.21" pos="6.76" lane=":1/2_13_0" slope="0.00"/>
        <vehicle id="20" x="401.65" y="216.20" angle="180.00" type="DEFAULT_VEHTYPE" speed="4.15" pos="11.45" lane="2/1to2/2_0" slope="0.00"/>
        <vehicle id="22" x="401.65" y="5.10" angle="180.00" type="DEFAULT_VEHTYPE" speed="0.00" pos="5.10" lane="2/0to2/1_0" slope="0.00"/>
        <vehicle id="3" x="404.97" y="401.65" angle="-90.00" type="DEFAULT_VEHTYPE" speed="5.05" pos="190.28" lane="3/2to2/2_0" slope="0.00"/>
        <vehicle id="4" x="201.65" y="7.56" angle="180.00" type="DEFAULT_VEHTYPE" speed="13.50" pos="7.56" lane="1/0to1/1_0" slope="0.00"/>
        <vehicle id="5" x="398.35" y="611.18" angle="0.00" type="DEFAULT_VEHTYPE" speed="12.68" pos="188.82" lane="2/4to2/3_0" slope="0.00"/>
        <vehicle id="6" x="384.17" y="598.35" angle="90.00" type="DEFAULT_VEHTYPE" speed="8.07" pos="179.42" lane="1/3to2/3_0" slope="0.00"/>
        <vehicle id="7" x="198.35" y="227.91" angle="0.00" type="DEFAULT_VEHTYPE" speed="13.61" pos="167.34" lane="1/2to1/1_0" slope="0.00"/>
        <vehicle id="8" x="359.82" y="198.35" angle="90.00" type="DEFAULT_VEHTYPE" speed="13.62" pos="155.07" lane="1/1to2/1_0" slope="0.00"/>
        <vehicle id="9" x="601.65" y="350.13" angle="180.00" type="DEFAULT_VEHTYPE" speed="13.86" pos="145.38" lane="3/1to3/2_0" slope="0.00"/>
    </timestep>
    <timestep time="23.00">
        <vehicle id="0" x="398.35" y="339.92" angle="0.00" type="DEFAULT_VEHTYPE" speed="13.89" pos="55.33" lane="2/2to2/1_0" slope="0.00"/>
        <vehicle id="1" x="601.65" y="228.63" angle="180.00" type="DEFAULT_VEHTYPE" speed="11.56" pos="23.88" lane="3/1to3/2_0" slope="0.00"/>
        <vehicle id="10" x="549.47" y="198.35" angle="90.00" type="DEFAULT_VEHTYPE" speed="13.62" pos="144.72" lane="2/1to3/1_0" slope="0.00"/>
        <vehicle id="11" x="598.35" y="678.20" angle="0.00" type="DEFAULT_VEHTYPE" speed="13.05" pos="121.80" lane="3/4to3/3_0" slope="0.00"/>
        <vehicle id="12" x="401.65" y="113.78" angle="180.00" type="DEFAULT_VEHTYPE" speed="12.61" pos="113.78" lane="2/0to2/1_0" slope="0.00"/>
        <vehicle id="13" x="101.46" y="601.65" angle="-90.00" type="DEFAULT_VEHTYPE" speed="12.74" pos="93.79" lane="1/3to0/3_0" slope="0.00"/>
        <vehicle id="14" x="201.65" y="78.57" angle="180.00" type="DEFAULT_VEHTYPE" speed="13.84" pos="78.57" lane="1/0to1/1_0" slope="0.00"/>
        <vehicle id="15" x="601.65" y="278.59" angle="180.00" type="DEFAULT_VEHTYPE" speed="13.52" pos="73.84" lane="3/1to3/2_0" slope="0.00"/>
        <vehicle id="16" x="598.35" y="742.64" angle="0.00" type="DEFAULT_VEHTYPE" speed="12.94" pos="57.36" lane="3/4to3/3_0" slope="0.00"/>
        <vehicle id="17" x="601.65" y="652.90" angle="180.00" type="DEFAULT_VEHTYPE" speed="11.54" pos="48.15" lane="3/3to3/4_0" slope="0.00"/>
        <vehicle id="18" x="201.65" y="235.20" angle="180.00" type="DEFAULT_VEHTYPE" speed="8.73" pos="30.45" lane="1/1to1/2_0" slope="0.00"/>
        <vehicle id="19" x="401.65" y="415.22" angle="180.00" type="DEFAULT_VEHTYPE" speed="3.39" pos="10.47" lane="2/2to2/3_0" slope="0.00"/>
        <vehicle id="2" x="210.81" y="398.35" angle="90.00" type="DEFAULT_VEHTYPE" speed="8.80" pos="6.06" lane="1/2to2/2_0" slope="0.00"/>
        <vehicle id="20" x="401.65" y="222.49" angle="180.00" type="DEFAULT_VEHTYPE" speed="6.28" pos="17.74" lane="2/1to2/2_0" slope="0.00"/>
        <vehicle id="21" x="401.65" y="609.85" angle="180.00" type="DEFAULT_VEHTYPE" speed="0.00" pos="5.10" lane="2/3to2/4_0" slope="0.00"/>
        <vehicle id="22" x="401.65" y="7.39" angle="180.00" type="DEFAULT_VEHTYPE" speed="2.29" pos="7.39" lane="2/0to2/1_0" slope="0.00"/>
        <vehicle id="23" x="598.35" y="190.15" angle="0.00" type="DEFAULT_VEHTYPE" speed="0.00" pos="5.10" lane="3/1to3/0_0" slope="0.00"/>
        <vehicle id="3" x="399.25" y="398.89" angle="-57.50" type="DEFAULT_VEHTYPE" speed="6.73" pos="6.51" lane=":2/2_6_0" slope="0.00"/>
        <vehicle id="4" x="201.65" y="20.61" angle="180.00" type="DEFAULT_VEHTYPE" speed="13.05" pos="20.61" lane="1/0to1/1_0" slope="0.00"/>
        <vehicle id="5" x="398.35" y="598.32" angle="0.00" type="DEFAULT_VEHTYPE" speed="12.86" pos="6.43" lane=":2/3_1_0" slope="0.00"/>
        <vehicle id="6" x="388.92" y="598.35" angle="90.00" type="DEFAULT_VEHTYPE" speed="4.75" pos="184.17" lane="1/3to2/3_0" slope="0.00"/>
        <vehicle id="7" x="198.35" y="218.55" angle="0.00" type="DEFAULT_VEHTYPE" speed="9.36" pos="176.70" lane="1/2to1/1_0" slope="0.00"/>
        <vehicle id="8" x="372.67" y="198.35" angle="90.00" type="DEFAULT_VEHTYPE" speed="12.85" pos="167.92" lane="1/1to2/1_0" slope="0.00"/>
        <vehicle id="9" x="601.65" y="363.83" angle="180.00" type="DEFAULT_VEHTYPE" speed="13.70" pos="159.08" lane="3/1to3/2_0" slope="0.00"/>
    </timestep>
    <timestep time="24.00">
        <vehicle id="0" x="398.35" y="327.19" angle="0.00" type="DEFAULT_VEHTYPE" speed="12.73" pos="68.06" lane="2/2to2/1_0" slope="0.00"/>
        <vehicle id="1" x="601.65" y="241.78" angle="180.00" type="DEFAULT_VEHTYPE" speed="13.15" pos="37.03" lane="3/1to3/2_0" slope="0.00"/>
        <vehicle id="10" x="563.13" y="198.35" angle="90.00" type="DEFAULT_VEHTYPE" speed="13.66" pos="158.38" lane="2/1to3/1_0" slope="0.00"/>
        <vehicle id="11" x="598.35" y="665.39" angle="0.00" type="DEFAULT_VEHTYPE" speed="12.80" pos="134.61" lane="3/4to3/3_0" slope="0.00"/>
        <vehicle id="12" x="401.65" y="126.47" angle="180.00" type="DEFAULT_VEHTYPE" speed="12.70" pos="126.47" lane="2/0to2/1_0" slope="0.00"/>
        <vehicle id="13" x="87.87" y="601.65" angle="-90.00" type="DEFAULT_VEHTYPE" speed="13.59" pos="107.38" lane="1/3to0/3_0" slope="0.00"/>
        <vehicle id="14" x="201.65" y="91.81" angle="180.00" type="DEFAULT_VEHTYPE" speed="13.24" pos="91.81" lane="1/0to1/1_0" slope="0.00"/>
        <vehicle id="15" x="601.65" y="291.88" angle="180.00" type="DEFAULT_VEHTYPE" speed="13.29" pos="87.13" lane="3/1to3/2_0" slope="0.00"/>
        <vehicle id="16" x="598.35" y="729.43" angle="0.00" type="DEFAULT_VEHTYPE" speed="13.21" pos="70.57" lane="3/4to3/3_0" slope="0.00"/>
        <vehicle id="17" x="601.65" y="666.27" angle="180.00" type="DEFAULT_VEHTYPE" speed="13.37" pos="61.52" lane="3/3to3/4_0" slope="0.00"/>
        <vehicle id="18" x="201.65" y="246.14" angle="180.00" type="DEFAULT_VEHTYPE" speed="10.94" pos="41.39" lane="1/1to1/2_0" slope="0.00"/>
        <vehicle id="19" x="401.65" y="420.30" angle="180.00" type="DEFAULT_VEHTYPE" speed="5.08" pos="15.55" lane="2/2to2/3_0" slope="0.00"/>
        <vehicle id="2" x="221.19" y="398.35" angle="90.00" type="DEFAULT_VEHTYPE" speed="10.37" pos="16.44" lane="1/2to2/2_0" slope="0.00"/>
        <vehicle id="20" x="401.65" y="230.13" angle="180.00" type="DEFAULT_VEHTYPE" speed="7.64" pos="25.38" lane="2/1to2/2_0" slope="0.00"/>
        <vehicle id="21" x="401.65" y="611.66" angle="180.00" type="DEFAULT_VEHTYPE" speed="1.81" pos="6.91" lane="2/3to2/4_0" slope="0.00"/>
        <vehicle id="22" x="401.65" y="11.43" angle="180.00" type="DEFAULT_VEHTYPE" speed="4.04" pos="11.43" lane="2/0to2/1_0" slope="0.00"/>
        <vehicle id="23" x="598.35" y="187.57" angle="0.00" type="DEFAULT_VEHTYPE" speed="2.58" pos="7.68" lane="3/1to3/0_0" slope="0.00"/>
        <vehicle id="24" x="5.10" y="198.35" angle="90.00" type="DEFAULT_VEHTYPE" speed="0.00" pos="5.10" lane="0/1to1/1_0" slope="0.00"/>
        <vehicle id="3" x="398.35" y="390.46" angle="-0.35" type="DEFAULT_VEHTYPE" speed="8.59" pos="4.79" lane="2/2to2/1_0" slope="0.00"/>
        <vehicle id="4" x="201.65" y="33.34" angle="180.00" type="DEFAULT_VEHTYPE" speed="12.73" pos="33.34" lane="1/0to1/1_0" slope="0.00"/>
        <vehicle id="5" x="398.35" y="584.84" angle="0.00" type="DEFAULT_VEHTYPE" speed="13.47" pos="10.41" lane="2/3to2/2_0" slope="0.00"/>
        <vehicle id="6" x="395.31" y="598.34" angle="89.91" type="DEFAULT_VEHTYPE" speed="6.39" pos="0.06" lane=":2/3_12_0" slope="0.00"/>
        <vehicle id="7" x="198.35" y="213.04" angle="0.00" type="DEFAULT_VEHTYPE" speed="5.51" pos="182.21" lane="1/2to1/1_0" slope="0.00"/>
        <vehicle id="8" x="382.31" y="198.35" angle="90.00" type="DEFAULT_VEHTYPE" speed="9.64" pos="177.56" lane="1/1to2/1_0" slope="0.00"/>
        <vehicle id="9" x="601.65" y="375.56" angle="180.00" type="DEFAULT_VEHTYPE" speed="11.73" pos="170.81" lane="3/1to3/2_0" slope="0.00"/>
    </timestep>
    <timestep time="25.00">
        <vehicle id="0" x="398.35" y="314.18" angle="0.00" type="DEFAULT_VEHTYPE" speed="13.01" pos="81.07" lane="2/2to2/1_0" slope="0.00"/>
        <vehicle id="1" x="601.65" y="254.52" angle="180.00" type="DEFAULT_VEHTYPE" speed="12.74" pos="49.77" lane="3/1to3/2_0" slope="0.00"/>
        <vehicle id="10" x="574.46" y="198.35" angle="90.00" type="DEFAULT_VEHTYPE" speed="11.33" pos="169.71" lane="2/1to3/1_0" slope="0.00"/>
        <vehicle id="11" x="598.35" y="651.50" angle="0.00" type="DEFAULT_VEHTYPE" speed="13.89" pos="148.50" lane="3/4to3/3_0" slope="0.00"/>
        <vehicle id="12" x="401.65" y="139.26" angle="180.00" type="DEFAULT_VEHTYPE" speed="12.79" pos="139.26" lane="2/0to2/1_0" slope="0.00"/>
        <vehicle id="13" x="74.16" y="601.65" angle="-90.00" type="DEFAULT_VEHTYPE" speed="13.71" pos="121.09" lane="1/3to0/3_0" slope="0.00"/>
        <vehicle id="14" x="201.65" y="105.63" angle="180.00" type="DEFAULT_VEHTYPE" speed="13.82" pos="105.63" lane="1/0to1/1_0" slope="0.00"/>
        <vehicle id="15" x="601.65" y="305.36" angle="180.00" type="DEFAULT_VEHTYPE" speed="13.48" pos="100.61" lane="3/1to3/2_0" slope="0.00"/>
        <vehicle id="16" x="598.35" y="715.98" angle="0.00" type="DEFAULT_VEHTYPE" speed="13.45" pos="84.02" lane="3/4to3/3_0" slope="0.00"/>
        <vehicle id="17" x="601.65" y="679.84" angle="180.00" type="DEFAULT_VEHTYPE" speed="13.58" pos="75.09" lane="3/3to3/4_0" slope="0.00"/>
        <vehicle id="18" x="201.65" y="259.63" angle="180.00" type="DEFAULT_VEHTYPE" speed="13.48" pos="54.88" lane="1/1to1/2_0" slope="0.00"/>
        <vehicle id="19" x="401.65" y="426.83" angle="180.00" type="DEFAULT_VEHTYPE" speed="6.52" pos="22.08" lane="2/2to2/3_0" slope="0.00"/>
        <vehicle id="2" x="233.88" y="398.35" angle="90.00" type="DEFAULT_VEHTYPE" speed="12.69" pos="29.13" lane="1/2to2/2_0" slope="0.00"/>
        <vehicle id="20" x="401.65" y="239.46" angle="180.00" type="DEFAULT_VEHTYPE" speed="9.33" pos="34.71" lane="2/1to2/2_0" slope="0.00"/>
        <vehicle id="21" x="401.65" y="615.09" angle="180.00" type="DEFAULT_VEHTYPE" speed="3.42" pos="10.34" lane="2/3to2/4_0" slope="0.00"/>
        <vehicle id="22" x="401.65" y="16.78" angle="180.00" type="DEFAULT_VEHTYPE" speed="5.36" pos="16.78" lane="2/0to2/1_0" slope="0.00"/>
        <vehicle id="23" x="598.35" y="183.56" angle="0.00" type="DEFAULT_VEHTYPE" speed="4.01" pos="11.69" lane="3/1to3/0_0" slope="0.00"/>
        <vehicle id="24" x="6.64" y="198.35" angle="90.00" type="DEFAULT_VEHTYPE" speed="1.54" pos="6.64" lane="0/1to1/1_0" slope="0.00"/>
        <vehicle id="25" x="601.65" y="609.85" angle="180.00" type="DEFAULT_VEHTYPE" speed="0.00" pos="5.10" lane="3/3to3/4_0" slope="0.00"/>
        <vehicle id="3" x="398.35" y="379.97" angle="0.00" type="DEFAULT_VEHTYPE" speed="10.49" pos="15.28" lane="2/2to2/1_0" slope="0.00"/>
        <vehicle id="4" x="201.65" y="47.17" angle="180.00" type="DEFAULT_VEHTYPE" speed="13.83" pos="47.17" lane="1/0to1/1_0" slope="0.00"/>
        <vehicle id="5" x="398.35" y="571.44" angle="0.00" type="DEFAULT_VEHTYPE" speed="13.41" pos="23.81" lane="2/3to2/2_0" slope="0.00"/>
        <vehicle id="6" x="398.35" y="591.98" angle="4.34" type="DEFAULT_VEHTYPE" speed="8.22" pos="3.27" lane="2/3to2/2_0" slope="0.00"/>
        <vehicle id="7" x="198.35" y="209.59" angle="0.00" type="DEFAULT_VEHTYPE" speed="3.45" pos="185.66" lane="1/2to1/1_0" slope="0.00"/>
        <vehicle id="8" x="387.45" y="198.35" angle="90.00" type="DEFAULT_VEHTYPE" speed="5.14" pos="182.70" lane="1/1to2/1_0" slope="0.00"/>
        <vehicle id="9" x="601.65" y="384.19" angle="180.00" type="DEFAULT_VEHTYPE" speed="8.63" pos="179.44" lane="3/1to3/2_0" slope="0.00"/>
    </timestep>
    <timestep time="26.00">
        <vehicle id="0" x="398.35" y="301.39" angle="0.00" type="DEFAULT_VEHTYPE" speed="12.79" pos="93.86" lane="2/2to2/1_0" slope="0.00"/>
        <vehicle id="1" x="601.65" y="267.76" angle="180.00" type="DEFAULT_VEHTYPE" speed="13.23" pos="63.01" lane="3/1to3/2_0" slope="0.00"/>
        <vehicle id="10" x="583.45" y="198.35" angle="90.00" type="DEFAULT_VEHTYPE" speed="8.99" pos="178.70" lane="2/1to3/1_0" slope="0.00"/>
        <vehicle id="11" x="598.35" y="638.69" angle="0.00" type="DEFAULT_VEHTYPE" speed="12.81" pos="161.31" lane="3/4to3/3_0" slope="0.00"/>
        <vehicle id="12" x="401.65" y="151.99" angle="180.00" type="DEFAULT_VEHTYPE" speed="12.73" pos="151.99" lane="2/0to2/1_0" slope="0.00"/>
        <vehicle id="13" x="61.53" y="601.65" angle="-90.00" type="DEFAULT_VEHTYPE" speed="12.63" pos="133.72" lane="1/3to0/3_0" slope="0.00"/>
        <vehicle id="14" x="201.65" y="118.38" angle="180.00" type="DEFAULT_VEHTYPE" speed="12.75" pos="118.38" lane="1/0to1/1_0" slope="0.00"/>
        <vehicle id="15" x="601.65" y="319.12" angle="180.00" type="DEFAULT_VEHTYPE" speed="13.75" pos="114.37" lane="3/1to3/2_0" slope="0.00"/>
        <vehicle id="16" x="598.35" y="702.35" angle="0.00" type="DEFAULT_VEHTYPE" speed="13.64" pos="97.65" lane="3/4to3/3_0" slope="0.00"/>
        <vehicle id="17" x="601.65" y="693.59" angle="180.00" type="DEFAULT_VEHTYPE" speed="13.74" pos="88.84" lane="3/3to3/4_0" slope="0.00"/>
        <vehicle id="18" x="201.65" y="272.85" angle="180.00" type="DEFAULT_VEHTYPE" speed="13.22" pos="68.10" lane="1/1to1/2_0" slope="0.00"/>
        <vehicle id="19" x="401.65" y="435.39" angle="180.00" type="DEFAULT_VEHTYPE" speed="8.57" pos="30.64" lane="2/2to2/3_0" slope="0.00"/>
        <vehicle id="2" x="247.47" y="398.35" angle="90.00" type="DEFAULT_VEHTYPE" speed="13.59" pos="42.72" lane="1/2to2/2_0" slope="0.00"/>
        <vehicle id="20" x="401.65" y="251.04" angle="180.00" type="DEFAULT_VEHTYPE" speed="11.58" pos="46.29" lane="2/1to2/2_0" slope="0.00"/>
        <vehicle id="21" x="401.65" y="620.82" angle="180.00" type="DEFAULT_VEHTYPE" speed="5.73" pos="16.07" lane="2/3to2/4_0" slope="0.00"/>
        <vehicle id="22" x="401.65" y="24.19" angle="180.00" type="DEFAULT_VEHTYPE" speed="7.41" pos="24.19" lane="2/0to2/1_0" slope="0.00"/>
        <vehicle id="23" x="598.35" y="178.17" angle="0.00" type="DEFAULT_VEHTYPE" speed="5.39" pos="17.08" lane="3/1to3/0_0" slope="0.00"/>
        <vehicle id="24" x="9.67" y="198.35" angle="90.00" type="DEFAULT_VEHTYPE" speed="3.03" pos="9.67" lane="0/1to1/1_0" slope="0.00"/>
        <vehicle id="25" x="601.65" y="611.76" angle="180.00" type="DEFAULT_VEHTYPE" speed="1.91" pos="7.01" lane="3/3to3/4_0" slope="0.00"/>
        <vehicle id="26" x="198.35" y="590.15" angle="0.00" type="DEFAULT_VEHTYPE" speed="0.00" pos="5.10" lane="1/3to1/2_0" slope="0.00"/>
        <vehicle id="3" x="398.35" y="367.35" angle="0.00" type="DEFAULT_VEHTYPE" speed="12.62" pos="27.90" lane="2/2to2/1_0" slope="0.00"/>
        <vehicle id="4" x="201.65" y="60.99" angle="180.00" type="DEFAULT_VEHTYPE" speed="13.82" pos="60.99" lane="1/0to1/1_0" slope="0.00"/>
        <vehicle id="5" x="398.35" y="558.32" angle="0.00" type="DEFAULT_VEHTYPE" speed="13.12" pos="36.93" lane="2/3to2/2_0" slope="0.00"/>
        <vehicle id="6" x="398.35" y="582.42" angle="0.00" type="DEFAULT_VEHTYPE" speed="9.55" pos="12.83" lane="2/3to2/2_0" slope="0.00"/>
        <vehicle id="7" x="198.91" y="203.90" angle="6.62" type="DEFAULT_VEHTYPE" speed="5.86" pos="1.02" lane=":1/1_3_0" slope="0.00"/>
        <vehicle id="8" x="390.84" y="198.35" angle="90.00" type="DEFAULT_VEHTYPE" speed="3.38" pos="186.09" lane="1/1to2/1_0" slope="0.00"/>
        <vehicle id="9" x="601.65" y="389.44" angle="180.00" type="DEFAULT_VEHTYPE" speed="5.26" pos="184.69" lane="3/1to3/2_0" slope="0.00"/>
    </timestep>
    <timestep time="27.00">
        <vehicle id="0" x="398.35" y="287.54" angle="0.00" type="DEFAULT_VEHTYPE" speed="13.85" pos="107.71" lane="2/2to2/1_0" slope="0.00"/>
        <vehicle id="1" x="601.65" y="280.83" angle="180.00" type="DEFAULT_VEHTYPE" speed="13.07" pos="76.08" lane="3/1to3/2_0" slope="0.00"/>
        <vehicle id="10" x="589.14" y="198.35" angle="90.00" type="DEFAULT_VEHTYPE" speed="5.69" pos="184.39" lane="2/1to3/1_0" slope="0.00"/>
        <vehicle id="11" x="598.35" y="625.92" angle="0.00" type="DEFAULT_VEHTYPE" speed="12.77" pos="174.08" lane="3/4to3/3_0" slope="0.00"/>
        <vehicle id="12" x="401.65" y="165.46" angle="180.00" type="DEFAULT_VEHTYPE" speed="13.47" pos="165.46" lane="2/0to2/1_0" slope="0.00"/>
        <vehicle id="13" x="48.73" y="601.65" angle="-90.00" type="DEFAULT_VEHTYPE" speed="12.80" pos="146.52" lane="1/3to0/3_0" slope="0.00"/>
        <vehicle id="14" x="201.65" y="131.54" angle="180.00" type="DEFAULT_VEHTYPE" speed="13.16" pos="131.54" lane="1/0to1/1_0" slope="0.00"/>
        <vehicle id="15" x="601.65" y="332.34" angle="180.00" type="DEFAULT_VEHTYPE" speed="13.23" pos="127.59" lane="3/1to3/2_0" slope="0.00"/>
        <vehicle id="16" x="598.35" y="689.15" angle="0.00" type="DEFAULT_VEHTYPE" speed="13.20" pos="110.85" lane="3/4to3/3_0" slope="0.00"/>
        <vehicle id="17" x="601.65" y="707.33" angle="180.00" type="DEFAULT_VEHTYPE" speed="13.74" pos="102.58" lane="3/3to3/4_0" slope="0.00"/>
        <vehicle id="18" x="201.65" y="285.76" angle="180.00" type="DEFAULT_VEHTYPE" speed="12.91" pos="81.01" lane="1/1to1/2_0" slope="0.00"/>
        <vehicle id="19" x="401.65" y="446.49" angle="180.00" type="DEFAULT_VEHTYPE" speed="11.10" pos="41.74" lane="2/2to2/3_0" slope="0.00"/>
        <vehicle id="2" x="260.11" y="398.35" angle="90.00" type="DEFAULT_VEHTYPE" speed="12.64" pos="55.36" lane="1/2to2/2_0" slope="0.00"/>
        <vehicle id="20" x="401.65" y="264.76" angle="180.00" type="DEFAULT_VEHTYPE" speed="13.72" pos="60.01" lane="2/1to2/2_0" slope="0.00"/>
        <vehicle id="21" x="401.65" y="627.91" angle="180.00" type="DEFAULT_VEHTYPE" speed="7.09" pos="23.16" lane="2/3to2/4_0" slope="0.00"/>
        <vehicle id="22" x="401.65" y="33.24" angle="180.00" type="DEFAULT_VEHTYPE" speed="9.05" pos="33.24" lane="2/0to2/1_0" slope="0.00"/>
        <vehicle id="23" x="598.35" y="171.01" angle="0.00" type="DEFAULT_VEHTYPE" speed="7.16" pos="24.24" lane="3/1to3/0_0" slope="0.00"/>
        <vehicle id="24" x="14.61" y="198.35" angle="90.00" type="DEFAULT_VEHTYPE" speed="4.94" pos="14.61" lane="0/1to1/1_0" slope="0.00"/>
        <vehicle id="25" x="601.65" y="616.25" angle="180.00" type="DEFAULT_VEHTYPE" speed="4.49" pos="11.50" lane="3/3to3/4_0" slope="0.00"/>
        <vehicle id="26" x="198.35" y="588.57" angle="0.00" type="DEFAULT_VEHTYPE" speed="1.58" pos="6.68" lane="1/3to1/2_0" slope="0.00"/>
        <vehicle id="27" x="401.65" y="409.85" angle="180.00" type="DEFAULT_VEHTYPE" speed="0.00" pos="5.10" lane="2/2to2/3_0" slope="0.00"/>
        <vehicle id="3" x="398.35" y="354.51" angle="0.00" type="DEFAULT_VEHTYPE" speed="12.84" pos="40.74" lane="2/2to2/1_0" slope="0.00"/>
        <vehicle id="4" x="201.65" y="74.70" angle="180.00" type="DEFAULT_VEHTYPE" speed="13.71" pos="74.70" lane="1/0to1/1_0" slope="0.00"/>
        <vehicle id="5" x="398.35" y="545.40" angle="0.00" type="DEFAULT_VEHTYPE" speed="12.92" pos="49.85" lane="2/3to2/2_0" slope="0.00"/>
        <vehicle id="6" x="398.35" y="571.15" angle="0.00" type="DEFAULT_VEHTYPE" speed="11.28" pos="24.10" lane="2/3to2/2_0" slope="0.00"/>
        <vehicle id="7" x="201.65" y="209.13" angle="176.00" type="DEFAULT_VEHTYPE" speed="8.19" pos="4.38" lane="1/1to1/2_0" slope="0.00"/>
        <vehicle id="8" x="395.54" y="198.35" angle="90.00" type="DEFAULT_VEHTYPE" speed="4.70" pos="0.29" lane=":2/1_13_0" slope="0.00"/>
        <vehicle id="9" x="601.47" y="396.49" angle="-177.97" type="DEFAULT_VEHTYPE" speed="7.06" pos="1.25" lane=":3/2_10_0" slope="0.00"/>
    </timestep>
    <timestep time="28.00">
        <vehicle id="0" x="398.35" y="273.81" angle="0.00" type="DEFAULT_VEHTYPE" speed="13.73" pos="121.44" lane="2/2to2/1_0" slope="0.00"/>
        <vehicle id="1" x="601.65" y="293.67" angle="180.00" type="DEFAULT_VEHTYPE" speed="12.84" pos="88.92" lane="3/1to3/2_0" slope="0.00"/>
        <vehicle id="10" x="596.87" y="198.35" angle="90.00" type="DEFAULT_VEHTYPE" speed="7.73" pos="1.62" lane=":3/1_13_0" slope="0.00"/>
        <vehicle id="11" x="598.35" y="612.70" angle="0.00" type="DEFAULT_VEHTYPE" speed="13.22" pos="187.30" lane="3/4to3/3_0" slope="0.00"/>
        <vehicle id="12" x="401.65" y="177.07" angle="180.00" type="DEFAULT_VEHTYPE" speed="11.61" pos="177.07" lane="2/0to2/1_0" slope="0.00"/>
        <vehicle id="13" x="35.38" y="601.65" angle="-90.00" type="DEFAULT_VEHTYPE" speed="13.35" pos="159.87" lane="1/3to0/3_0" slope="0.00"/>
        <vehicle id="14" x="201.65" y="144.15" angle="180.00" type="DEFAULT_VEHTYPE" speed="12.61" pos="144.15" lane="1/0to1/1_0" slope="0.00"/>
        <vehicle id="15" x="601.65" y="345.69" angle="180.00" type="DEFAULT_VEHTYPE" speed="13.35" pos="140.94" lane="3/1to3/2_0" slope="0.00"/>
        <vehicle id="16" x="598.35" y="675.92" angle="0.00" type="DEFAULT_VEHTYPE" speed="13.23" pos="124.08" lane="3/4to3/3_0" slope="0.00"/>
        <vehicle id="17" x="601.65" y="720.89" angle="180.00" type="DEFAULT_VEHTYPE" speed="13.56" pos="116.14" lane="3/3to3/4_0" slope="0.00"/>
        <vehicle id="18" x="201.65" y="298.46" angle="180.00" type="DEFAULT_VEHTYPE" speed="12.69" pos="93.71" lane="1/1to1/2_0" slope="0.00"/>
        <vehicle id="19" x="401.65" y="460.10" angle="180.00" type="DEFAULT_VEHTYPE" speed="13.61" pos="55.35" lane="2/2to2/3_0" slope="0.00"/>
        <vehicle id="2" x="273.62" y="398.35" angle="90.00" type="DEFAULT_VEHTYPE" speed="13.52" pos="68.87" lane="1/2to2/2_0" slope="0.00"/>
        <vehicle id="20" x="401.65" y="277.86" angle="180.00" type="DEFAULT_VEHTYPE" speed="13.10" pos="73.11" lane="2/1to2/2_0" slope="0.00"/>
        <vehicle id="21" x="401.65" y="636.55" angle="180.00" type="DEFAULT_VEHTYPE" speed="8.64" pos="31.80" lane="2/3to2/4_0" slope="0.00"/>
        <vehicle id="22" x="401.65" y="44.19" angle="180.00" type="DEFAULT_VEHTYPE" speed="10.95" pos="44.19" lane="2/0to2/1_0" slope="0.00"/>
        <vehicle id="23" x="598.35" y="161.40" angle="0.00" type="DEFAULT_VEHTYPE" speed="9.61" pos="33.85" lane="3/1to3/0_0" slope="0.00"/>
        <vehicle id="24" x="21.90" y="198.35" angle="90.00" type="DEFAULT_VEHTYPE" speed="7.29" pos="21.90" lane="0/1to1/1_0" slope="0.00"/>
        <vehicle id="25" x="601.65" y="623.24" angle="180.00" type="DEFAULT_VEHTYPE" speed="6.98" pos="18.49" lane="3/3to3/4_0" slope="0.00"/>
        <vehicle id="26" x="198.35" y="584.72" angle="0.00" type="DEFAULT_VEHTYPE" speed="3.86" pos="10.53" lane="1/3to1/2_0" slope="0.00"/>
        <vehicle id="27" x="401.65" y="412.22" angle="180.00" type="DEFAULT_VEHTYPE" speed="2.37" pos="7.47" lane="2/2to2/3_0" slope="0.00"/>
        <vehicle id="28" x="390.15" y="401.65" angle="-90.00" type="DEFAULT_VEHTYPE" speed="0.00" pos="5.10" lane="2/2to1/2_0" slope="0.00"/>
        <vehicle id="3" x="398.35" y="341.82" angle="0.00" type="DEFAULT_VEHTYPE" speed="12.68" pos="53.43" lane="2/2to2/1_0" slope="0.00"/>
        <vehicle id="4" x="201.65" y="87.88" angle="180.00" type="DEFAULT_VEHTYPE" speed="13.18" pos="87.88" lane="1/0to1/1_0" slope="0.00"/>
        <vehicle id="5" x="398.35" y="531.87" angle="0.00" type="DEFAULT_VEHTYPE" speed="13.53" pos="63.38" lane="2/3to2/2_0" slope="0.00"/>
        <vehicle id="6" x="398.35" y="558.39" angle="0.00" type="DEFAULT_VEHTYPE" speed="12.76" pos="36.86" lane="2/3to2/2_0" slope="0.00"/>
        <vehicle id="7" x="201.65" y="219.76" angle="180.00" type="DEFAULT_VEHTYPE" speed="10.63" pos="15.01" lane="1/1to1/2_0" slope="0.00"/>
        <vehicle id="8" x="401.59" y="198.35" angle="90.00" type="DEFAULT_VEHTYPE" speed="6.05" pos="6.34" lane=":2/1_13_0" slope="0.00"/>
        <vehicle id="9" x="595.79" y="401.57" angle="-112.55" type="DEFAULT_VEHTYPE" speed="8.53" pos="2.64" lane=":3/2_18_0" slope="0.00"/>
    </timestep>
    <timestep time="29.00">
        <vehicle id="0" x="398.35" y="260.93" angle="0.00" type="DEFAULT_VEHTYPE" speed="12.89" pos="134.32" lane="2/2to2/1_0" slope="0.00"/>
        <vehicle id="1" x="601.65" y="306.36" angle="180.00" type="DEFAULT_VEHTYPE" speed="12.69" pos="101.61" lane="3/1to3/2_0" slope="0.00"/>
        <vehicle id="10" x="606.08" y="198.35" angle="90.00" type="DEFAULT_VEHTYPE" speed="9.21" pos="1.33" lane="3/1to4/1_0" slope="0.00"/>
        <vehicle id="11" x="594.74" y="601.65" angle="-53.79" type="DEFAULT_VEHTYPE" speed="13.47" pos="0.51" lane="3/3to2/3_0" slope="0.00"/>
        <vehicle id="12" x="401.65" y="184.18" angle="180.00" type="DEFAULT_VEHTYPE" speed="7.11" pos="184.18" lane="2/0to2/1_0" slope="0.00"/>
        <vehicle id="13" x="22.35" y="601.65" angle="-90.00" type="DEFAULT_VEHTYPE" speed="13.03" pos="172.90" lane="1/3to0/3_0" slope="0.00"/>
        <vehicle id="14" x="201.65" y="156.85" angle="180.00" type="DEFAULT_VEHTYPE" speed="12.70" pos="156.85" lane="1/0to1/1_0" slope="0.00"/>
        <vehicle id="15" x="601.65" y="359.09" angle="180.00" type="DEFAULT_VEHTYPE" speed="13.39" pos="154.34" lane="3/1to3/2_0" slope="0.00"/>
        <vehicle id="16" x="598.35" y="662.95" angle="0.00" type="DEFAULT_VEHTYPE" speed="12.97" pos="137.05" lane="3/4to3/3_0" slope="0.00"/>
        <vehicle id="17" x="601.65" y="733.54" angle="180.00" type="DEFAULT_VEHTYPE" speed="12.65" pos="128.79" lane="3/3to3/4_0" slope="0.00"/>
        <vehicle id="18" x="201.65" y="312.10" angle="180.00" type="DEFAULT_VEHTYPE" speed="13.65" pos="107.35" lane="1/1to1/2_0" slope="0.00"/>
        <vehicle id="19" x="401.65" y="473.70" angle="180.00" type="DEFAULT_VEHTYPE" speed="13.60" pos="68.95" lane="2/2to2/3_0" slope="0.00"/>
        <vehicle id="2" x="287.31" y="398.35" angle="90.00" type="DEFAULT_VEHTYPE" speed="13.69" pos="82.56" lane="1/2to2/2_0" slope="0.00"/>
        <vehicle id="20" x="401.65" y="291.21" angle="180.00" type="DEFAULT_VEHTYPE" speed="13.35" pos="86.46" lane="2/1to2/2_0" slope="0.00"/>
        <vehicle id="21" x="401.65" y="647.21" angle="180.00" type="DEFAULT_VEHTYPE" speed="10.66" pos="42.46" lane="2/3to2/4_0" slope="0.00"/>
        <vehicle id="22" x="401.65" y="56.53" angle="180.00" type="DEFAULT_VEHTYPE" speed="12.34" pos="56.53" lane="2/0to2/1_0" slope="0.00"/>
        <vehicle id="23" x="598.35" y="149.95" angle="0.00" type="DEFAULT_VEHTYPE" speed="11.45" pos="45.30" lane="3/1to3/0_0" slope="0.00"/>
        <vehicle id="24" x="31.49" y="198.35" angle="90.00" type="DEFAULT_VEHTYPE" speed="9.59" pos="31.49" lane="0/1to1/1_0" slope="0.00"/>
        <vehicle id="25" x="601.65" y="632.09" angle="180.00" type="DEFAULT_VEHTYPE" speed="8.85" pos="27.34" lane="3/3to3/4_0" slope="0.00"/>
        <vehicle id="26" x="198.35" y="579.31" angle="0.00" type="DEFAULT_VEHTYPE" speed="5.40" pos="15.94" lane="1/3to1/2_0" slope="0.00"/>
        <vehicle id="27" x="401.65" y="415.92" angle="180.00" type="DEFAULT_VEHTYPE" speed="3.69" pos="11.17" lane="2/2to2/3_0" slope="0.00"/>
        <vehicle id="28" x="388.21" y="401.65" angle="-90.00" type="DEFAULT_VEHTYPE" speed="1.94" pos="7.04" lane="2/2to1/2_0" slope="0.00"/>
        <vehicle id="29" x="609.85" y="398.35" angle="90.00" type="DEFAULT_VEHTYPE" speed="0.00" pos="5.10" lane="3/2to4/2_0" slope="0.00"/>
        <vehicle id="3" x="398.35" y="328.30" angle="0.00" type="DEFAULT_VEHTYPE" speed="13.52" pos="66.95" lane="2/2to2/1_0" slope="0.00"/>
        <vehicle id="4" x="201.65" y="101.23" angle="180.00" type="DEFAULT_VEHTYPE" speed="13.36" pos="101.23" lane="1/0to1/1_0" slope="0.00"/>
        <vehicle id="5" x="398.35" y="518.60" angle="0.00" type="DEFAULT_VEHTYPE" speed="13.27" pos="76.65" lane="2/3to2/2_0" slope="0.00"/>
        <vehicle id="6" x="398.35" y="544.89" angle="0.00" type="DEFAULT_VEHTYPE" speed="13.50" pos="50.36" lane="2/3to2/2_0" slope="0.00"/>
        <vehicle id="7" x="201.65" y="232.89" angle="180.00" type="DEFAULT_VEHTYPE" speed="13.12" pos="28.14" lane="1/1to1/2_0" slope="0.00"/>
        <vehicle id="8" x="409.47" y="198.35" angle="90.00" type="DEFAULT_VEHTYPE" speed="7.88" pos="4.72" lane="2/1to3/1_0" slope="0.00"/>
        <vehicle id="9" x="585.79" y="401.65" angle="-90.00" type="DEFAULT_VEHTYPE" speed="10.00" pos="9.46" lane="3/2to2/2_0" slope="0.00"/>
    </timestep>
    <timestep time="30.00">
        <vehicle id="0" x="398.35" y="247.20" angle="0.00" type="DEFAULT_VEHTYPE" speed="13.72" pos="148.05" lane="2/2to2/1_0" slope="0.00"/>
        <vehicle id="1" x="601.65" y="320.00" angle="180.00" type="DEFAULT_VEHTYPE" speed="13.64" pos="115.25" lane="3/1to3/2_0" slope="0.00"/>
        <vehicle id="10" x="616.66" y="198.35" angle="90.00" type="DEFAULT_VEHTYPE" speed="10.58" pos="11.91" lane="3/1to4/1_0" slope="0.00"/>
        <vehicle id="11" x="581.90" y="601.65" angle="-90.00" type="DEFAULT_VEHTYPE" speed="12.84" pos="13.35" lane="3/3to2/3_0" slope="0.00"/>
        <vehicle id="12" x="401.65" y="188.77" angle="180.00" type="DEFAULT_VEHTYPE" speed="4.59" pos="188.77" lane="2/0to2/1_0" slope="0.00"/>
        <vehicle id="13" x="9.04" y="601.65" angle="-90.00" type="DEFAULT_VEHTYPE" speed="13.31" pos="186.21" lane="1/3to0/3_0" slope="0.00"/>
        <vehicle id="14" x="201.65" y="170.40" angle="180.00" type="DEFAULT_VEHTYPE" speed="13.55" pos="170.40" lane="1/0to1/1_0" slope="0.00"/>
        <vehicle id="15" x="601.65" y="372.53" angle="180.00" type="DEFAULT_VEHTYPE" speed="13.45" pos="167.78" lane="3/1to3/2_0" slope="0.00"/>
        <vehicle id="16" x="598.35" y="650.14" angle="0.00" type="DEFAULT_VEHTYPE" speed="12.82" pos="149.86" lane="3/4to3/3_0" slope="0.00"/>
        <vehicle id="17" x="601.65" y="746.71" angle="180.00" type="DEFAULT_VEHTYPE" speed="13.17" pos="141.96" lane="3/3to3/4_0" slope="0.00"/>
        <vehicle id="18" x="201.65" y="325.54" angle="180.00" type="DEFAULT_VEHTYPE" speed="13.44" pos="120.79" lane="1/1to1/2_0" slope="0.00"/>
        <vehicle id="19" x="401.65" y="486.78" angle="180.00" type="DEFAULT_VEHTYPE" speed="13.08" pos="82.03" lane="2/2to2/3_0" slope="0.00"/>
        <vehicle id="2" x="300.98" y="398.35" angle="90.00" type="DEFAULT_VEHTYPE" speed="13.67" pos="96.23" lane="1/2to2/2_0" slope="0.00"/>
        <vehicle id="20" x="401.65" y="304.36" angle="180.00" type="DEFAULT_VEHTYPE" speed="13.15" pos="99.61" lane="2/1to2/2_0" slope="0.00"/>
        <vehicle id="21" x="401.65" y="659.41" angle="180.00" type="DEFAULT_VEHTYPE" speed="12.20" pos="54.66" lane="2/3to2/4_0" slope="0.00"/>
        <vehicle id="22" x="401.65" y="69.77" angle="180.00" type="DEFAULT_VEHTYPE" speed="13.24" pos="69.77" lane="2/0to2/1_0" slope="0.00"/>
        <vehicle id="23" x="598.35" y="137.19" angle="0.00" type="DEFAULT_VEHTYPE" speed="12.76" pos="58.06" lane="3/1to3/0_0" slope="0.00"/>
        <vehicle id="24" x="42.80" y="198.35" angle="90.00" type="DEFAULT_VEHTYPE" speed="11.32" pos="42.80" lane="0/1to1/1_0" slope="0.00"/>
        <vehicle id="25" x="601.65" y="643.30" angle="180.00" type="DEFAULT_VEHTYPE" speed="11.21" pos="38.55" lane="3/3to3/4_0" slope="0.00"/>
        <vehicle id="26" x="198.35" y="572.50" angle="0.00" type="DEFAULT_VEHTYPE" speed="6.82" pos="22.75" lane="1/3to1/2_0" slope="0.00"/>
        <vehicle id="27" x="401.65" y="421.29" angle="180.00" type="DEFAULT_VEHTYPE" speed="5.37" pos="16.54" lane="2/2to2/3_0" slope="0.00"/>
        <vehicle id="28" x="384.92" y="401.65" angle="-90.00" type="DEFAULT_VEHTYPE" speed="3.29" pos="10.33" lane="2/2to1/2_0" slope="0.00"/>
        <vehicle id="29" x="611.65" y="398.35" angle="90.00" type="DEFAULT_VEHTYPE" speed="1.80" pos="6.90" lane="3/2to4/2_0" slope="0.00"/>
        <vehicle id="3" x="398.35" y="315.30" angle="0.00" type="DEFAULT_VEHTYPE" speed="13.00" pos="79.95" lane="2/2to2/1_0" slope="0.00"/>
        <vehicle id="30" x="794.90" y="201.65" angle="-90.00" type="DEFAULT_VEHTYPE" speed="0.00" pos="5.10" lane="4/1to3/1_0" slope="0.00"/>
        <vehicle id="4" x="201.65" y="114.04" angle="180.00" type="DEFAULT_VEHTYPE" speed="12.80" pos="114.04" lane="1/0to1/1_0" slope="0.00"/>
        <vehicle id="5" x="398.35" y="504.87" angle="0.00" type="DEFAULT_VEHTYPE" speed="13.73" pos="90.38" lane="2/3to2/2_0" slope="0.00"/>
        <vehicle id="6" x="398.35" y="531.08" angle="0.00" type="DEFAULT_VEHTYPE" speed="13.81" pos="64.17" lane="2/3to2/2_0" slope="0.00"/>
        <vehicle id="7" x="201.65" y="245.96" angle="180.00" type="DEFAULT_VEHTYPE" speed="13.07" pos="41.21" lane="1/1to1/2_0" slope="0.00"/>
        <vehicle id="8" x="419.04" y="198.35" angle="90.00" type="DEFAULT_VEHTYPE" speed="9.57" pos="14.29" lane="2/1to3/1_0" slope="0.00"/>
        <vehicle id="9" x="573.22" y="401.65" angle="-90.00" type="DEFAULT_VEHTYPE" speed="12.58" pos="22.03" lane="3/2to2/2_0" slope="0.00"/>
    </timestep>
    <timestep time="31.00">
        <vehicle id="0" x="398.35" y="234.45" angle="0.00" type="DEFAULT_VEHTYPE" speed="12.76" pos="160.80" lane="2/2to2/1_0" slope="0.00"/>
        <vehicle id="1" x="601.65" y="332.77" angle="180.00" type="DEFAULT_VEHTYPE" speed="12.77" pos="128.02" lane="3/1to3/2_0" slope="0.00"/>
        <vehicle id="10" x="629.23" y="198.35" angle="90.00" type="DEFAULT_VEHTYPE" speed="12.57" pos="24.48" lane="3/1to4/1_0" slope="0.00"/>
        <vehicle id="11" x="569.29" y="601.65" angle="-90.00" type="DEFAULT_VEHTYPE" speed="12.61" pos="25.96" lane="3/3to2/3_0" slope="0.00"/>
        <vehicle id="12" x="401.62" y="195.48" angle="-179.63" type="DEFAULT_VEHTYPE" speed="6.70" pos="0.23" lane=":2/1_10_0" slope="0.00"/>
        <vehicle id="13" x="-0.95" y="598.98" angle="-40.37" type="DEFAULT_VEHTYPE" speed="12.72" pos="3.68" lane=":0/3_0_0" slope="0.00"/>
        <vehicle id="14" x="201.65" y="183.40" angle="180.00" type="DEFAULT_VEHTYPE" speed="13.00" pos="183.40" lane="1/0to1/1_0" slope="0.00"/>
        <vehicle id="15" x="601.65" y="381.48" angle="180.00" type="DEFAULT_VEHTYPE" speed="8.95" pos="176.73" lane="3/1to3/2_0" slope="0.00"/>
        <vehicle id="16" x="598.35" y="637.51" angle="0.00" type="DEFAULT_VEHTYPE" speed="12.62" pos="162.49" lane="3/4to3/3_0" slope="0.00"/>
        <vehicle id="17" x="601.65" y="759.34" angle="180.00" type="DEFAULT_VEHTYPE" speed="12.62" pos="154.59" lane="3/3to3/4_0" slope="0.00"/>
        <vehicle id="18" x="201.65" y="338.37" angle="180.00" type="DEFAULT_VEHTYPE" speed="12.82" pos="133.62" lane="1/1to1/2_0" slope="0.00"/>
        <vehicle id="19" x="401.65" y="500.16" angle="180.00" type="DEFAULT_VEHTYPE" speed="13.38" pos="95.41" lane="2/2to2/3_0" slope="0.00"/>
        <vehicle id="2" x="314.04" y="398.35" angle="90.00" type="DEFAULT_VEHTYPE" speed="13.06" pos="109.29" lane="1/2to2/2_0" slope="0.00"/>
        <vehicle id="20" x="401.65" y="318.05" angle="180.00" type="DEFAULT_VEHTYPE" speed="13.69" pos="113.30" lane="2/1to2/2_0" slope="0.00"/>
        <vehicle id="21" x="401.65" y="672.15" angle="180.00" type="DEFAULT_VEHTYPE" speed="12.74" pos="67.40" lane="2/3to2/4_0" slope="0.00"/>
        <vehicle id="22" x="401.65" y="82.96" angle="180.00" type="DEFAULT_VEHTYPE" speed="13.19" pos="82.96" lane="2/0to2/1_0" slope="0.00"/>
        <vehicle id="23" x="598.35" y="123.33" angle="0.00" type="DEFAULT_VEHTYPE" speed="13.86" pos="71.92" lane="3/1to3/0_0" slope="0.00"/>
        <vehicle id="24" x="56.53" y="198.35" angle="90.00" type="DEFAULT_VEHTYPE" speed="13.73" pos="56.53" lane="0/1to1/1_0" slope="0.00"/>
        <vehicle id="25" x="601.65" y="656.85" angle="180.00" type="DEFAULT_VEHTYPE" speed="13.54" pos="52.10" lane="3/3to3/4_0" slope="0.00"/>
        <vehicle id="26" x="198.35" y="564.02" angle="0.00" type="DEFAULT_VEHTYPE" speed="8.48" pos="31.23" lane="1/3to1/2_0" slope="0.00"/>
        <vehicle id="27" x="401.65" y="428.60" angle="180.00" type="DEFAULT_VEHTYPE" speed="7.31" pos="23.85" lane="2/2to2/3_0" slope="0.00"/>
        <vehicle id="28" x="380.01" y="401.65" angle="-90.00" type="DEFAULT_VEHTYPE" speed="4.91" pos="15.24" lane="2/2to1/2_0" slope="0.00"/>
        <vehicle id="29" x="615.90" y="398.35" angle="90.00" type="DEFAULT_VEHTYPE" speed="4.26" pos="11.15" lane="3/2to4/2_0" slope="0.00"/>
        <vehicle id="3" x="398.35" y="302.26" angle="0.00" type="DEFAULT_VEHTYPE" speed="13.04" pos="92.99" lane="2/2to2/1_0" slope="0.00"/>
        <vehicle id="30" x="792.78" y="201.65" angle="-90.00" type="DEFAULT_VEHTYPE" speed="2.12" pos="7.22" lane="4/1to3/1_0" slope="0.00"/>
        <vehicle id="31" x="190.15" y="601.65" angle="-90.00" type="DEFAULT_VEHTYPE" speed="0.00" pos="5.10" lane="1/3to0/3_0" slope="0.00"/>
        <vehicle id="4" x="201.65" y="127.90" angle="180.00" type="DEFAULT_VEHTYPE" speed="13.86" pos="127.90" lane="1/0to1/1_0" slope="0.00"/>
        <vehicle id="5" x="398.35" y="491.14" angle="0.00" type="DEFAULT_VEHTYPE" speed="13.73" pos="104.11" lane="2/3to2/2_0" slope="0.00"/>
        <vehicle id="6" x="398.35" y="517.21" angle="0.00" type="DEFAULT_VEHTYPE" speed="13.87" pos="78.04" lane="2/3to2/2_0" slope="0.00"/>
        <vehicle id="7" x="201.65" y="259.65" angle="180.00" type="DEFAULT_VEHTYPE" speed="13.70" pos="54.90" lane="1/1to1/2_0" slope="0.00"/>
        <vehicle id="8" x="430.24" y="198.35" angle="90.00" type="DEFAULT_VEHTYPE" speed="11.20" pos="25.49" lane="2/1to3/1_0" slope="0.00"/>
        <vehicle id="9" x="560.12" y="401.65" angle="-90.00" type="DEFAULT_VEHTYPE" speed="13.10" pos="35.13" lane="3/2to2/2_0" slope="0.00"/>
    </timestep>
    <timestep time="32.00">
        <vehicle id="0" x="398.35" y="221.33" angle="0.00" type="DEFAULT_VEHTYPE" speed="13.11" pos="173.92" lane="2/2to2/1_0" slope="0.00"/>
        <vehicle id="1" x="601.65" y="345.75" angle="180.00" type="DEFAULT_VEHTYPE" speed="12.98" pos="141.00" lane="3/1to3/2_0" slope="0.00"/>
        <vehicle id="10" x="642.44" y="198.35" angle="90.00" type="DEFAULT_VEHTYPE" speed="13.22" pos="37.69" lane="3/1to4/1_0" slope="0.00"/>
        <vehicle id="11" x="556.67" y="601.65" angle="-90.00" type="DEFAULT_VEHTYPE" speed="12.62" pos="38.58" lane="3/3to2/3_0" slope="0.00"/>
        <vehicle id="12" x="396.74" y="201.44" angle="-122.40" type="DEFAULT_VEHTYPE" speed="8.59" pos="1.68" lane=":2/1_18_0" slope="0.00"/>
        <vehicle id="13" x="12.02" y="598.35" angle="90.00" type="DEFAULT_VEHTYPE" speed="13.16" pos="12.02" lane="0/3to1/3_0" slope="0.00"/>
        <vehicle id="14" x="201.65" y="196.38" angle="180.00" type="DEFAULT_VEHTYPE" speed="12.98" pos="1.13" lane=":1/1_9_0" slope="0.00"/>
        <vehicle id="15" x="601.65" y="387.70" angle="180.00" type="DEFAULT_VEHTYPE" speed="6.22" pos="182.95" lane="3/1to3/2_0" slope="0.00"/>
        <vehicle id="16" x="598.35" y="623.79" angle="0.00" type="DEFAULT_VEHTYPE" speed="13.72" pos="176.21" lane="3/4to3/3_0" slope="0.00"/>
        <vehicle id="17" x="601.65" y="772.24" angle="180.00" type="DEFAULT_VEHTYPE" speed="12.90" pos="167.49" lane="3/3to3/4_0" slope="0.00"/>
        <vehicle id="18" x="201.65" y="352.08" angle="180.00" type="DEFAULT_VEHTYPE" speed="13.71" pos="147.33" lane="1/1to1/2_0" slope="0.00"/>
        <vehicle id="19" x="401.65" y="513.11" angle="180.00" type="DEFAULT_VEHTYPE" speed="12.95" pos="108.36" lane="2/2to2/3_0" slope="0.00"/>
        <vehicle id="2" x="327.00" y="398.35" angle="90.00" type="DEFAULT_VEHTYPE" speed="12.96" pos="122.25" lane="1/2to2/2_0" slope="0.00"/>
        <vehicle id="20" x="401.65" y="331.60" angle="180.00" type="DEFAULT_VEHTYPE" speed="13.55" pos="126.85" lane="2/1to2/2_0" slope="0.00"/>
        <vehicle id="21" x="401.65" y="685.91" angle="180.00" type="DEFAULT_VEHTYPE" speed="13.77" pos="81.16" lane="2/3to2/4_0" slope="0.00"/>
        <vehicle id="22" x="401.65" y="96.10" angle="180.00" type="DEFAULT_VEHTYPE" speed="13.15" pos="96.10" lane="2/0to2/1_0" slope="0.00"/>
        <vehicle id="23" x="598.35" y="109.62" angle="0.00" type="DEFAULT_VEHTYPE" speed="13.71" pos="85.63" lane="3/1to3/0_0" slope="0.00"/>
        <vehicle id="24" x="69.52" y="198.35" angle="90.00" type="DEFAULT_VEHTYPE" speed="12.99" pos="69.52" lane="0/1to1/1_0" slope="0.00"/>
        <vehicle id="25" x="601.65" y="670.16" angle="180.00" type="DEFAULT_VEHTYPE" speed="13.31" pos="65.41" lane="3/3to3/4_0" slope="0.00"/>
        <vehicle id="26" x="198.35" y="553.21" angle="0.00" type="DEFAULT_VEHTYPE" speed="10.81" pos="42.04" lane="1/3to1/2_0" slope="0.00"/>
        <vehicle id="27" x="401.65" y="438.22" angle="180.00" type="DEFAULT_VEHTYPE" speed="9.62" pos="33.47" lane="2/2to2/3_0" slope="0.00"/>
        <vehicle id="28" x="373.14" y="401.65" angle="-90.00" type="DEFAULT_VEHTYPE" speed="6.88" pos="22.11" lane="2/2to1/2_0" slope="0.00"/>
        <vehicle id="29" x="621.78" y="398.35" angle="90.00" type="DEFAULT_VEHTYPE" speed="5.88" pos="17.03" lane="3/2to4/2_0" slope="0.00"/>
        <vehicle id="3" x="398.35" y="288.95" angle="0.00" type="DEFAULT_VEHTYPE" speed="13.31" pos="106.30" lane="2/2to2/1_0" slope="0.00"/>
        <vehicle id="30" x="788.29" y="201.65" angle="-90.00" type="DEFAULT_VEHTYPE" speed="4.49" pos="11.71" lane="4/1to3/1_0" slope="0.00"/>
        <vehicle id="31" x="188.44" y="601.65" angle="-90.00" type="DEFAULT_VEHTYPE" speed="1.71" pos="6.81" lane="1/3to0/3_0" slope="0.00"/>
        <vehicle id="32" x="209.85" y="398.35" angle="90.00" type="DEFAULT_VEHTYPE" speed="0.00" pos="5.10" lane="1/2to2/2_0" slope="0.00"/>
        <vehicle id="4" x="201.65" y="141.78" angle="180.00" type="DEFAULT_VEHTYPE" speed="13.88" pos="141.78" lane="1/0to1/1_0" slope="0.00"/>
        <vehicle id="5" x="398.35" y="477.51" angle="0.00" type="DEFAULT_VEHTYPE" speed="13.62" pos="117.74" lane="2/3to2/2_0" slope="0.00"/>
        <vehicle id="6" x="398.35" y="504.57" angle="0.00" type="DEFAULT_VEHTYPE" speed="12.65" pos="90.68" lane="2/3to2/2_0" slope="0.00"/>
        <vehicle id="7" x="201.65" y="273.03" angle="180.00" type="DEFAULT_VEHTYPE" speed="13.38" pos="68.28" lane="1/1to1/2_0" slope="0.00"/>
        <vehicle id="8" x="443.73" y="198.35" angle="90.00" type="DEFAULT_VEHTYPE" speed="13.49" pos="38.98" lane="2/1to3/1_0" slope="0.00"/>
        <vehicle id="9" x="546.93" y="401.65" angle="-90.00" type="DEFAULT_VEHTYPE" speed="13.19" pos="48.32" lane="3/2to2/2_0" slope="0.00"/>
    </timestep>
    <timestep time="33.00">
        <vehicle id="0" x="398.35" y="210.78" angle="0.00" type="DEFAULT_VEHTYPE" speed="10.55" pos="184.47" lane="2/2to2/1_0" slope="0.00"/>
        <vehicle id="1" x="601.65" y="358.53" angle="180.00" type="DEFAULT_VEHTYPE" speed="12.78" pos="153.78" lane="3/1to3/2_0" slope="0.00"/>
        <vehicle id="10" x="655.09" y="198.35" angle="90.00" type="DEFAULT_VEHTYPE" speed="12.65" pos="50.34" lane="3/1to4/1_0" slope="0.00"/>
        <vehicle id="11" x="542.84" y="601.65" angle="-90.00" type="DEFAULT_VEHTYPE" speed="13.83" pos="52.41" lane="3/3to2/3_0" slope="0.00"/>
        <vehicle id="12" x="386.54" y="201.65" angle="-90.00" type="DEFAULT_VEHTYPE" speed="10.22" pos="8.71" lane="2/1to1/1_0" slope="0.00"/>
        <vehicle id="13" x="25.26" y="598.35" angle="90.00" type="DEFAULT_VEHTYPE" speed="13.24" pos="25.26" lane="0/3to1/3_0" slope="0.00"/>
        <vehicle id="14" x="201.65" y="210.25" angle="180.00" type="DEFAULT_VEHTYPE" speed="13.87" pos="5.50" lane="1/1to1/2_0" slope="0.00"/>
        <vehicle id="15" x="601.65" y="391.20" angle="180.00" type="DEFAULT_VEHTYPE" speed="3.50" pos="186.45" lane="3/1to3/2_0" slope="0.00"/>
        <vehicle id="16" x="598.35" y="610.44" angle="0.00" type="DEFAULT_VEHTYPE" speed="13.35" pos="189.56" lane="3/4to3/3_0" slope="0.00"/>
        <vehicle id="17" x="601.65" y="785.53" angle="180.00" type="DEFAULT_VEHTYPE" speed="13.30" pos="180.78" lane="3/3to3/4_0" slope="0.00"/>
        <vehicle id="18" x="201.65" y="365.16" angle="180.00" type="DEFAULT_VEHTYPE" speed="13.08" pos="160.41" lane="1/1to1/2_0" slope="0.00"/>
        <vehicle id="19" x="401.65" y="526.48" angle="180.00" type="DEFAULT_VEHTYPE" speed="13.38" pos="121.73" lane="2/2to2/3_0" slope="0.00"/>
        <vehicle id="2" x="339.71" y="398.35" angle="90.00" type="DEFAULT_VEHTYPE" speed="12.71" pos="134.96" lane="1/2to2/2_0" slope="0.00"/>
        <vehicle id="20" x="401.65" y="345.10" angle="180.00" type="DEFAULT_VEHTYPE" speed="13.50" pos="140.35" lane="2/1to2/2_0" slope="0.00"/>
        <vehicle id="21" x="401.65" y="699.16" angle="180.00" type="DEFAULT_VEHTYPE" speed="13.24" pos="94.41" lane="2/3to2/4_0" slope="0.00"/>
        <vehicle id="22" x="401.65" y="109.25" angle="180.00" type="DEFAULT_VEHTYPE" speed="13.15" pos="109.25" lane="2/0to2/1_0" slope="0.00"/>
        <vehicle id="23" x="598.35" y="96.76" angle="0.00" type="DEFAULT_VEHTYPE" speed="12.86" pos="98.49" lane="3/1to3/0_0" slope="0.00"/>
        <vehicle id="24" x="82.80" y="198.35" angle="90.00" type="DEFAULT_VEHTYPE" speed="13.28" pos="82.80" lane="0/1to1/1_0" slope="0.00"/>
        <vehicle id="25" x="601.65" y="683.83" angle="180.00" type="DEFAULT_VEHTYPE" speed="13.67" pos="79.08" lane="3/3to3/4_0" slope="0.00"/>
        <vehicle id="26" x="198.35" y="540.29" angle="0.00" type="DEFAULT_VEHTYPE" speed="12.91" pos="54.96" lane="1/3to1/2_0" slope="0.00"/>
        <vehicle id="27" x="401.65" y="449.23" angle="180.00" type="DEFAULT_VEHTYPE" speed="11.01" pos="44.48" lane="2/2to2/3_0" slope="0.00"/>
        <vehicle id="28" x="364.13" y="401.65" angle="-90.00" type="DEFAULT_VEHTYPE" speed="9.01" pos="31.12" lane="2/2to1/2_0" slope="0.00"/>
        <vehicle id="29" x="629.77" y="398.35" angle="90.00" type="DEFAULT_VEHTYPE" speed="7.99" pos="25.02" lane="3/2to4/2_0" slope="0.00"/>
        <vehicle id="3" x="398.35" y="275.23" angle="0.00" type="DEFAULT_VEHTYPE" speed="13.72" pos="120.02" lane="2/2to2/1_0" slope="0.00"/>
        <vehicle id="30" x="782.48" y="201.65" angle="-90.00" type="DEFAULT_VEHTYPE" speed="5.81" pos="17.52" lane="4/1to3/1_0" slope="0.00"/>
        <vehicle id="31" x="184.82" y="601.65" angle="-90.00" type="DEFAULT_VEHTYPE" speed="3.62" pos="10.43" lane="1/3to0/3_0" slope="0.00"/>
        <vehicle id="32" x="211.49" y="398.35" angle="90.00" type="DEFAULT_VEHTYPE" speed="1.64" pos="6.74" lane="1/2to2/2_0" slope="0.00"/>
        <vehicle id="33" x="601.65" y="209.85" angle="180.00" type="DEFAULT_VEHTYPE" speed="0.00" pos="5.10" lane="3/1to3/2_0" slope="0.00"/>
        <vehicle id="4" x="201.65" y="155.25" angle="180.00" type="DEFAULT_VEHTYPE" speed="13.46" pos="155.25" lane="1/0to1/1_0" slope="0.00"/>
        <vehicle id="5" x="398.35" y="464.02" angle="0.00" type="DEFAULT_VEHTYPE" speed="13.49" pos="131.23" lane="2/3to2/2_0" slope="0.00"/>
        <vehicle id="6" x="398.35" y="491.28" angle="0.00" type="DEFAULT_VEHTYPE" speed="13.29" pos="103.97" lane="2/3to2/2_0" slope="0.00"/>
        <vehicle id="7" x="201.65" y="286.19" angle="180.00" type="DEFAULT_VEHTYPE" speed="13.16" pos="81.44" lane="1/1to1/2_0" slope="0.00"/>
        <vehicle id="8" x="456.64" y="198.35" angle="90.00" type="DEFAULT_VEHTYPE" speed="12.91" pos="51.89" lane="2/1to3/1_0" slope="0.00"/>
        <vehicle id="9" x="533.76" y="401.65" angle="-90.00" type="DEFAULT_VEHTYPE" speed="13.17" pos="61.49" lane="3/2to2/2_0" slope="0.00"/>
    </timestep>
    <timestep time="34.00">
        <vehicle id="0" x="398.35" y="198.54" angle="0.00" type="DEFAULT_VEHTYPE" speed="12.24" pos="6.21" lane=":2/1_1_0" slope="0.00"/>
        <vehicle id="1" x="601.65" y="368.74" angle="180.00" type="DEFAULT_VEHTYPE" speed="10.21" pos="163.99" lane="3/1to3/2_0" slope="0.00"/>
        <vehicle id="10" x="667.77" y="198.35" angle="90.00" type="DEFAULT_VEHTYPE" speed="12.67" pos="63.02" lane="3/1to4/1_0" slope="0.00"/>
        <vehicle id="11" x="528.96" y="601.65" angle="-90.00" type="DEFAULT_VEHTYPE" speed="13.87" pos="66.29" lane="3/3to2/3_0" slope="0.00"/>
        <vehicle id="12" x="374.59" y="201.65" angle="-90.00" type="DEFAULT_VEHTYPE" speed="11.95" pos="20.66" lane="2/1to1/1_0" slope="0.00"/>
        <vehicle id="13" x="39.13" y="598.35" angle="90.00" type="DEFAULT_VEHTYPE" speed="13.87" pos="39.13" lane="0/3to1/3_0" slope="0.00"/>
        <vehicle id="14" x="201.65" y="224.00" angle="180.00" type="DEFAULT_VEHTYPE" speed="13.75" pos="19.25" lane="1/1to1/2_0" slope="0.00"/>
        <vehicle id="15" x="601.41" y="396.90" angle="-177.30" type="DEFAULT_VEHTYPE" speed="5.71" pos="1.66" lane=":3/2_10_0" slope="0.00"/>
        <vehicle id="16" x="592.42" y="601.65" angle="-82.95" type="DEFAULT_VEHTYPE" speed="13.52" pos="2.83" lane="3/3to2/3_0" slope="0.00"/>
        <vehicle id="17" x="601.65" y="799.12" angle="180.00" type="DEFAULT_VEHTYPE" speed="13.58" pos="194.37" lane="3/3to3/4_0" slope="0.00"/>
        <vehicle id="18" x="201.65" y="375.87" angle="180.00" type="DEFAULT_VEHTYPE" speed="10.70" pos="171.12" lane="1/1to1/2_0" slope="0.00"/>
        <vehicle id="19" x="401.65" y="539.21" angle="180.00" type="DEFAULT_VEHTYPE" speed="12.72" pos="134.46" lane="2/2to2/3_0" slope="0.00"/>
        <vehicle id="2" x="352.88" y="398.35" angle="90.00" type="DEFAULT_VEHTYPE" speed="13.17" pos="148.13" lane="1/2to2/2_0" slope="0.00"/>
        <vehicle id="20" x="401.65" y="357.78" angle="180.00" type="DEFAULT_VEHTYPE" speed="12.67" pos="153.03" lane="2/1to2/2_0" slope="0.00"/>
        <vehicle id="21" x="401.65" y="712.62" angle="180.00" type="DEFAULT_VEHTYPE" speed="13.46" pos="107.87" lane="2/3to2/4_0" slope="0.00"/>
        <vehicle id="22" x="401.65" y="122.60" angle="180.00" type="DEFAULT_VEHTYPE" speed="13.35" pos="122.60" lane="2/0to2/1_0" slope="0.00"/>
        <vehicle id="23" x="598.35" y="84.09" angle="0.00" type="DEFAULT_VEHTYPE" speed="12.67" pos="111.16" lane="3/1to3/0_0" slope="0.00"/>
        <vehicle id="24" x="96.67" y="198.35" angle="90.00" type="DEFAULT_VEHTYPE" speed="13.87" pos="96.67" lane="0/1to1/1_0" slope="0.00"/>
        <vehicle id="25" x="601.65" y="697.36" angle="180.00" type="DEFAULT_VEHTYPE" speed="13.54" pos="92.61" lane="3/3to3/4_0" slope="0.00"/>
        <vehicle id="26" x="198.35" y="527.51" angle="0.00" type="DEFAULT_VEHTYPE" speed="12.78" pos="67.74" lane="1/3to1/2_0" slope="0.00"/>
        <vehicle id="27" x="401.65" y="461.55" angle="180.00" type="DEFAULT_VEHTYPE" speed="12.32" pos="56.80" lane="2/2to2/3_0" slope="0.00"/>
        <vehicle id="28" x="352.60" y="401.65" angle="-90.00" type="DEFAULT_VEHTYPE" speed="11.52" pos="42.65" lane="2/2to1/2_0" slope="0.00"/>
        <vehicle id="29" x="640.23" y="398.35" angle="90.00" type="DEFAULT_VEHTYPE" speed="10.46" pos="35.48" lane="3/2to4/2_0" slope="0.00"/>
        <vehicle id="3" x="398.35" y="262.62" angle="0.00" type="DEFAULT_VEHTYPE" speed="12.61" pos="132.63" lane="2/2to2/1_0" slope="0.00"/>
        <vehicle id="30" x="774.81" y="201.65" angle="-90.00" type="DEFAULT_VEHTYPE" speed="7.67" pos="25.19" lane="4/1to3/1_0" slope="0.00"/>
        <vehicle id="31" x="179.06" y="601.65" angle="-90.00" type="DEFAULT_VEHTYPE" speed="5.76" pos="16.19" lane="1/3to0/3_0" slope="0.00"/>
        <vehicle id="32" x="214.68" y="398.35" angle="90.00" type="DEFAULT_VEHTYPE" speed="3.20" pos="9.93" lane="1/2to2/2_0" slope="0.00"/>
        <vehicle id="33" x="601.65" y="211.32" angle="180.00" type="DEFAULT_VEHTYPE" speed="1.47" pos="6.57" lane="3/1to3/2_0" slope="0.00"/>
        <vehicle id="4" x="201.65" y="168.11" angle="180.00" type="DEFAULT_VEHTYPE" speed="12.87" pos="168.11" lane="1/0to1/1_0" slope="0.00"/>
        <vehicle id="5" x="398.35" y="451.37" angle="0.00" type="DEFAULT_VEHTYPE" speed="12.65" pos="143.88" lane="2/3to2/2_0" slope="0.00"/>
        <vehicle id="6" x="398.35" y="478.03" angle="0.00" type="DEFAULT_VEHTYPE" speed="13.25" pos="117.22" lane="2/3to2/2_0" slope="0.00"/>
        <vehicle id="7" x="201.65" y="298.89" angle="180.00" type="DEFAULT_VEHTYPE" speed="12.70" pos="94.14" lane="1/1to1/2_0" slope="0.00"/>
        <vehicle id="8" x="470.37" y="198.35" angle="90.00" type="DEFAULT_VEHTYPE" speed="13.73" pos="65.62" lane="2/1to3/1_0" slope="0.00"/>
        <vehicle id="9" x="520.14" y="401.65" angle="-90.00" type="DEFAULT_VEHTYPE" speed="13.62" pos="75.11" lane="3/2to2/2_0" slope="0.00"/>
    </timestep>
    <timestep time="35.00">
        <vehicle id="0" x="398.35" y="185.91" angle="0.00" type="DEFAULT_VEHTYPE" speed="12.63" pos="9.34" lane="2/1to2/0_0" slope="0.00"/>
        <vehicle id="1" x="601.65" y="380.06" angle="180.00" type="DEFAULT_VEHTYPE" speed="11.31" pos="175.31" lane="3/1to3/2_0" slope="0.00"/>
        <vehicle id="10" x="680.72" y="198.35" angle="90.00" type="DEFAULT_VEHTYPE" speed="12.95" pos="75.97" lane="3/1to4/1_0" slope="0.00"/>
        <vehicle id="11" x="515.24" y="601.65" angle="-90.00" type="DEFAULT_VEHTYPE" speed="13.72" pos="80.01" lane="3/3to2/3_0" slope="0.00"/>
        <vehicle id="12" x="361.17" y="201.65" angle="-90.00" type="DEFAULT_VEHTYPE" speed="13.42" pos="34.08" lane="2/1to1/1_0" slope="0.00"/>
        <vehicle id="13" x="52.09" y="598.35" angle="90.00" type="DEFAULT_VEHTYPE" speed="12.95" pos="52.09" lane="0/3to1/3_0" slope="0.00"/>
        <vehicle id="14" x="201.65" y="237.62" angle="180.00" type="DEFAULT_VEHTYPE" speed="13.62" pos="32.87" lane="1/1to1/2_0" slope="0.00"/>
        <vehicle id="15" x="595.80" y="401.57" angle="-112.71" type="DEFAULT_VEHTYPE" speed="8.10" pos="2.62" lane=":3/2_18_0" slope="0.00"/>
        <vehicle id="16" x="579.06" y="601.65" angle="-90.00" type="DEFAULT_VEHTYPE" speed="13.37" pos="16.19" lane="3/3to2/3_0" slope="0.00"/>
        <vehicle id="17" x="598.35" y="792.83" angle="0.00" type="DEFAULT_VEHTYPE" speed="12.87" pos="7.17" lane="3/4to3/3_0" slope="0.00"/>
        <vehicle id="18" x="201.65" y="384.42" angle="180.00" type="DEFAULT_VEHTYPE" speed="8.55" pos="179.67" lane="1/1to1/2_0" slope="0.00"/>
        <vehicle id="19" x="401.65" y="552.49" angle="180.00" type="DEFAULT_VEHTYPE" speed="13.28" pos="147.74" lane="2/2to2/3_0" slope="0.00"/>
        <vehicle id="2" x="365.94" y="398.35" angle="90.00" type="DEFAULT_VEHTYPE" speed="13.05" pos="161.19" lane="1/2to2/2_0" slope="0.00"/>
        <vehicle id="20" x="401.65" y="370.53" angle="180.00" type="DEFAULT_VEHTYPE" speed="12.75" pos="165.78" lane="2/1to2/2_0" slope="0.00"/>
        <vehicle id="21" x="401.65" y="725.44" angle="180.00" type="DEFAULT_VEHTYPE" speed="12.82" pos="120.69" lane="2/3to2/4_0" slope="0.00"/>
        <vehicle id="22" x="401.65" y="135.94" angle="180.00" type="DEFAULT_VEHTYPE" speed="13.34" pos="135.94" lane="2/0to2/1_0" slope="0.00"/>
        <vehicle id="23" x="598.35" y="70.60" angle="0.00" type="DEFAULT_VEHTYPE" speed="13.49" pos="124.65" lane="3/1to3/0_0" slope="0.00"/>
        <vehicle id="24" x="109.43" y="198.35" angle="90.00" type="DEFAULT_VEHTYPE" speed="12.76" pos="109.43" lane="0/1to1/1_0" slope="0.00"/>
        <vehicle id="25" x="601.65" y="710.03" angle="180.00" type="DEFAULT_VEHTYPE" speed="12.67" pos="105.28" lane="3/3to3/4_0" slope="0.00"/>
        <vehicle id="26" x="198.35" y="513.90" angle="0.00" type="DEFAULT_VEHTYPE" speed="13.62" pos="81.35" lane="1/3to1/2_0" slope="0.00"/>
        <vehicle id="27" x="401.65" y="474.66" angle="180.00" type="DEFAULT_VEHTYPE" speed="13.11" pos="69.91" lane="2/2to2/3_0" slope="0.00"/>
        <vehicle id="28" x="339.71" y="401.65" angle="-90.00" type="DEFAULT_VEHTYPE" speed="12.89" pos="55.54" lane="2/2to1/2_0" slope="0.00"/>
        <vehicle id="29" x="652.14" y="398.35" angle="90.00" type="DEFAULT_VEHTYPE" speed="11.92" pos="47.39" lane="3/2to4/2_0" slope="0.00"/>
        <vehicle id="3" x="398.35" y="249.04" angle="0.00" type="DEFAULT_VEHTYPE" speed="13.58" pos="146.21" lane="2/2to2/1_0" slope="0.00"/>
        <vehicle id="30" x="765.75" y="201.65" angle="-90.00" type="DEFAULT_VEHTYPE" speed="9.07" pos="34.25" lane="4/1to3/1_0" slope="0.00"/>
        <vehicle id="31" x="170.98" y="601.65" angle="-90.00" type="DEFAULT_VEHTYPE" speed="8.08" pos="24.27" lane="1/3to0/3_0" slope="0.00"/>
        <vehicle id="32" x="219.43" y="398.35" angle="90.00" type="DEFAULT_VEHTYPE" speed="4.74" pos="14.68" lane="1/2to2/2_0" slope="0.00"/>
        <vehicle id="33" x="601.65" y="214.91" angle="180.00" type="DEFAULT_VEHTYPE" speed="3.59" pos="10.16" lane="3/1to3/2_0" slope="0.00"/>
        <vehicle id="35" x="198.35" y="794.90" angle="0.00" type="DEFAULT_VEHTYPE" speed="0.00" pos="5.10" lane="1/4to1/3_0" slope="0.00"/>
        <vehicle id="4" x="201.65" y="180.99" angle="180.00" type="DEFAULT_VEHTYPE" speed="12.88" pos="180.99" lane="1/0to1/1_0" slope="0.00"/>
        <vehicle id="5" x="398.35" y="438.74" angle="0.00" type="DEFAULT_VEHTYPE" speed="12.63" pos="156.51" lane="2/3to2/2_0" slope="0.00"/>
        <vehicle id="6" x="398.35" y="464.62" angle="0.00" type="DEFAULT_VEHTYPE" speed="13.41" pos="130.63" lane="2/3to2/2_0" slope="0.00"/>
        <vehicle id="7" x="201.65" y="311.90" angle="180.00" type="DEFAULT_VEHTYPE" speed="13.01" pos="107.15" lane="1/1to1/2_0" slope="0.00"/>
        <vehicle id="8" x="483.21" y="198.35" angle="90.00" type="DEFAULT_VEHTYPE" speed="12.84" pos="78.46" lane="2/1to3/1_0" slope="0.00"/>
        <vehicle id="9" x="507.02" y="401.65" angle="-90.00" type="DEFAULT_VEHTYPE" speed="13.12" pos="88.23" lane="3/2to2/2_0" slope="0.00"/>
    </timestep>
    <timestep time="36.00">
        <vehicle id="0" x="398.35" y="172.24" angle="0.00" type="DEFAULT_VEHTYPE" speed="13.67" pos="23.01" lane="2/1to2/0_0" slope="0.00"/>
        <vehicle id="1" x="601.65" y="393.48" angle="180.00" type="DEFAULT_VEHTYPE" speed="13.43" pos="188.73" lane="3/1to3/2_0" slope="0.00"/>
        <vehicle id="10" x="693.40" y="198.35" angle="90.00" type="DEFAULT_VEHTYPE" speed="12.68" pos="88.65" lane="3/1to4/1_0" slope="0.00"/>
        <vehicle id="11" x="502.44" y="601.65" angle="-90.00" type="DEFAULT_VEHTYPE" speed="12.80" pos="92.81" lane="3/3to2/3_0" slope="0.00"/>
        <vehicle id="12" x="347.80" y="201.65" angle="-90.00" type="DEFAULT_VEHTYPE" speed="13.37" pos="47.45" lane="2/1to1/1_0" slope="0.00"/>
        <vehicle id="13" x="64.98" y="598.35" angle="90.00" type="DEFAULT_VEHTYPE" speed="12.89" pos="64.98" lane="0/3to1/3_0" slope="0.00"/>
        <vehicle id="14" x="201.65" y="251.35" angle="180.00" type="DEFAULT_VEHTYPE" speed="13.73" pos="46.60" lane="1/1to1/2_0" slope="0.00"/>
        <vehicle id="15" x="585.56" y="401.65" angle="-90.00" type="DEFAULT_VEHTYPE" speed="10.25" pos="9.69" lane="3/2to2/2_0" slope="0.00"/>
        <vehicle id="16" x="565.23" y="601.65" angle="-90.00" type="DEFAULT_VEHTYPE" speed="13.82" pos="30.02" lane="3/3to2/3_0" slope="0.00"/>
        <vehicle id="17" x="598.35" y="779.97" angle="0.00" type="DEFAULT_VEHTYPE" speed="12.86" pos="20.03" lane="3/4to3/3_0" slope="0.00"/>
        <vehicle id="18" x="201.65" y="388.63" angle="180.00" type="DEFAULT_VEHTYPE" speed="4.21" pos="183.88" lane="1/1to1/2_0" slope="0.00"/>
        <vehicle id="19" x="401.65" y="565.69" angle="180.00" type="DEFAULT_VEHTYPE" speed="13.20" pos="160.94" lane="2/2to2/3_0" slope="0.00"/>
        <vehicle id="2" x="377.50" y="398.35" angle="90.00" type="DEFAULT_VEHTYPE" speed="11.57" pos="172.75" lane="1/2to2/2_0" slope="0.00"/>
        <vehicle id="20" x="401.65" y="383.98" angle="180.00" type="DEFAULT_VEHTYPE" speed="13.45" pos="179.23" lane="2/1to2/2_0" slope="0.00"/>
        <vehicle id="21" x="401.65" y="739.01" angle="180.00" type="DEFAULT_VEHTYPE" speed="13.57" pos="134.26" lane="2/3to2/4_0" slope="0.00"/>
        <vehicle id="22" x="401.65" y="149.41" angle="180.00" type="DEFAULT_VEHTYPE" speed="13.47" pos="149.41" lane="2/0to2/1_0" slope="0.00"/>
        <vehicle id="23" x="598.35" y="57.22" angle="0.00" type="DEFAULT_VEHTYPE" speed="13.38" pos="138.03" lane="3/1to3/0_0" slope="0.00"/>
        <vehicle id="24" x="122.79" y="198.35" angle="90.00" type="DEFAULT_VEHTYPE" speed="13.37" pos="122.79" lane="0/1to1/1_0" slope="0.00"/>
        <vehicle id="25" x="601.65" y="722.99" angle="180.00" type="DEFAULT_VEHTYPE" speed="12.96" pos="118.24" lane="3/3to3/4_0" slope="0.00"/>
        <vehicle id="26" x="198.35" y="500.69" angle="0.00" type="DEFAULT_VEHTYPE" speed="13.20" pos="94.56" lane="1/3to1/2_0" slope="0.00"/>
        <vehicle id="27" x="401.65" y="487.49" angle="180.00" type="DEFAULT_VEHTYPE" speed="12.82" pos="82.74" lane="2/2to2/3_0" slope="0.00"/>
        <vehicle id="28" x="326.94" y="401.65" angle="-90.00" type="DEFAULT_VEHTYPE" speed="12.77" pos="68.31" lane="2/2to1/2_0" slope="0.00"/>
        <vehicle id="29" x="664.93" y="398.35" angle="90.00" type="DEFAULT_VEHTYPE" speed="12.79" pos="60.18" lane="3/2to4/2_0" slope="0.00"/>
        <vehicle id="3" x="398.35" y="235.91" angle="0.00" type="DEFAULT_VEHTYPE" speed="13.13" pos="159.34" lane="2/2to2/1_0" slope="0.00"/>
        <vehicle id="30" x="754.97" y="201.65" angle="-90.00" type="DEFAULT_VEHTYPE" speed="10.78" pos="45.03" lane="4/1to3/1_0" slope="0.00"/>
        <vehicle id="31" x="160.47" y="601.65" angle="-90.00" type="DEFAULT_VEHTYPE" speed="10.50" pos="34.78" lane="1/3to0/3_0" slope="0.00"/>
        <vehicle id="32" x="226.56" y="398.35" angle="90.00" type="DEFAULT_VEHTYPE" speed="7.14" pos="21.81" lane="1/2to2/2_0" slope="0.00"/>
        <vehicle id="33" x="601.65" y="220.41" angle="180.00" type="DEFAULT_VEHTYPE" speed="5.50" pos="15.66" lane="3/1to3/2_0" slope="0.00"/>
        <vehicle id="35" x="198.35" y="793.06" angle="0.00" type="DEFAULT_VEHTYPE" speed="1.84" pos="6.94" lane="1/4to1/3_0" slope="0.00"/>
        <vehicle id="36" x="5.10" y="598.35" angle="90.00" type="DEFAULT_VEHTYPE" speed="0.00" pos="5.10" lane="0/3to1/3_0" slope="0.00"/>
        <vehicle id="4" x="201.65" y="193.99" angle="180.00" type="DEFAULT_VEHTYPE" speed="13.00" pos="193.99" lane="1/0to1/1_0" slope="0.00"/>
        <vehicle id="5" x="398.35" y="426.12" angle="0.00" type="DEFAULT_VEHTYPE" speed="12.62" pos="169.13" lane="2/3to2/2_0" slope="0.00"/>
        <vehicle id="6" x="398.35" y="450.77" angle="0.00" type="DEFAULT_VEHTYPE" speed="13.85" pos="144.48" lane="2/3to2/2_0" slope="0.00"/>
        <vehicle id="7" x="201.65" y="325.71" angle="180.00" type="DEFAULT_VEHTYPE" speed="13.80" pos="120.96" lane="1/1to1/2_0" slope="0.00"/>
        <vehicle id="8" x="495.99" y="198.35" angle="90.00" type="DEFAULT_VEHTYPE" speed="12.78" pos="91.24" lane="2/1to3/1_0" slope="0.00"/>
        <vehicle id="9" x="493.66" y="401.65" angle="-90.00" type="DEFAULT_VEHTYPE" speed="13.37" pos="101.59" lane="3/2to2/2_0" slope="0.00"/>
    </timestep>
    <timestep time="37.00">
        <vehicle id="0" x="398.35" y="158.92" angle="0.00" type="DEFAULT_VEHTYPE" speed="13.32" pos="36.33" lane="2/1to2/0_0" slope="0.00"/>
        <vehicle id="1" x="601.65" y="407.07" angle="180.00" type="DEFAULT_VEHTYPE" speed="13.58" pos="2.32" lane="3/2to3/3_0" slope="0.00"/>
        <vehicle id="10" x="706.02" y="198.35" angle="90.00" type="DEFAULT_VEHTYPE" speed="12.62" pos="101.27" lane="3/1to4/1_0" slope="0.00"/>
        <vehicle id="11" x="489.21" y="601.65" angle="-90.00" type="DEFAULT_VEHTYPE" speed="13.23" pos="106.04" lane="3/3to2/3_0" slope="0.00"/>
        <vehicle id="12" x="334.12" y="201.65" angle="-90.00" type="DEFAULT_VEHTYPE" speed="13.68" pos="61.13" lane="2/1to1/1_0" slope="0.00"/>
        <vehicle id="13" x="78.41" y="598.35" angle="90.00" type="DEFAULT_VEHTYPE" speed="13.43" pos="78.41" lane="0/3to1/3_0" slope="0.00"/>
        <vehicle id="14" x="201.65" y="264.78" angle="180.00" type="DEFAULT_VEHTYPE" speed="13.43" pos="60.03" lane="1/1to1/2_0" slope="0.00"/>
        <vehicle id="15" x="572.92" y="401.65" angle="-90.00" type="DEFAULT_VEHTYPE" speed="12.64" pos="22.33" lane="3/2to2/2_0" slope="0.00"/>
        <vehicle id="16" x="552.16" y="601.65" angle="-90.00" type="DEFAULT_VEHTYPE" speed="13.08" pos="43.09" lane="3/3to2/3_0" slope="0.00"/>
        <vehicle id="17" x="598.35" y="767.15" angle="0.00" type="DEFAULT_VEHTYPE" speed="12.81" pos="32.85" lane="3/4to3/3_0" slope="0.00"/>
        <vehicle id="18" x="201.65" y="394.78" angle="180.00" type="DEFAULT_VEHTYPE" speed="6.15" pos="190.03" lane="1/1to1/2_0" slope="0.00"/>
        <vehicle id="19" x="401.65" y="576.20" angle="180.00" type="DEFAULT_VEHTYPE" speed="10.51" pos="171.45" lane="2/2to2/3_0" slope="0.00"/>
        <vehicle id="2" x="384.90" y="398.35" angle="90.00" type="DEFAULT_VEHTYPE" speed="7.39" pos="180.15" lane="1/2to2/2_0" slope="0.00"/>
        <vehicle id="20" x="401.96" y="396.81" angle="176.43" type="DEFAULT_VEHTYPE" speed="12.88" pos="1.61" lane=":2/2_8_0" slope="0.00"/>
        <vehicle id="21" x="401.65" y="752.23" angle="180.00" type="DEFAULT_VEHTYPE" speed="13.22" pos="147.48" lane="2/3to2/4_0" slope="0.00"/>
        <vehicle id="22" x="401.65" y="163.22" angle="180.00" type="DEFAULT_VEHTYPE" speed="13.81" pos="163.22" lane="2/0to2/1_0" slope="0.00"/>
        <vehicle id="23" x="598.35" y="43.62" angle="0.00" type="DEFAULT_VEHTYPE" speed="13.60" pos="151.63" lane="3/1to3/0_0" slope="0.00"/>
        <vehicle id="24" x="136.18" y="198.35" angle="90.00" type="DEFAULT_VEHTYPE" speed="13.39" pos="136.18" lane="0/1to1/1_0" slope="0.00"/>
        <vehicle id="25" x="601.65" y="736.61" angle="180.00" type="DEFAULT_VEHTYPE" speed="13.62" pos="131.86" lane="3/3to3/4_0" slope="0.00"/>
        <vehicle id="26" x="198.35" y="487.44" angle="0.00" type="DEFAULT_VEHTYPE" speed="13.26" pos="107.81" lane="1/3to1/2_0" slope="0.00"/>
        <vehicle id="27" x="401.65" y="500.12" angle="180.00" type="DEFAULT_VEHTYPE" speed="12.63" pos="95.37" lane="2/2to2/3_0" slope="0.00"/>
        <vehicle id="28" x="314.02" y="401.65" angle="-90.00" type="DEFAULT_VEHTYPE" speed="12.92" pos="81.23" lane="2/2to1/2_0" slope="0.00"/>
        <vehicle id="29" x="677.82" y="398.35" angle="90.00" type="DEFAULT_VEHTYPE" speed="12.89" pos="73.07" lane="3/2to4/2_0" slope="0.00"/>
        <vehicle id="3" x="398.35" y="222.17" angle="0.00" type="DEFAULT_VEHTYPE" speed="13.74" pos="173.08" lane="2/2to2/1_0" slope="0.00"/>
        <vehicle id="30" x="742.22" y="201.65" angle="-90.00" type="DEFAULT_VEHTYPE" speed="12.75" pos="57.78" lane="4/1to3/1_0" slope="0.00"/>
        <vehicle id="31" x="148.17" y="601.65" angle="-90.00" type="DEFAULT_VEHTYPE" speed="12.30" pos="47.08" lane="1/3to0/3_0" slope="0.00"/>
        <vehicle id="32" x="235.58" y="398.35" angle="90.00" type="DEFAULT_VEHTYPE" speed="9.02" pos="30.83" lane="1/2to2/2_0" slope="0.00"/>
        <vehicle id="33" x="601.65" y="227.89" angle="180.00" type="DEFAULT_VEHTYPE" speed="7.48" pos="23.14" lane="3/1to3/2_0" slope="0.00"/>
        <vehicle id="34" x="198.35" y="190.15" angle="0.00" type="DEFAULT_VEHTYPE" speed="0.00" pos="5.10" lane="1/1to1/0_0" slope="0.00"/>
        <vehicle id="35" x="198.35" y="789.71" angle="0.00" type="DEFAULT_VEHTYPE" speed="3.36" pos="10.29" lane="1/4to1/3_0" slope="0.00"/>
        <vehicle id="36" x="6.89" y="598.35" angle="90.00" type="DEFAULT_VEHTYPE" speed="1.79" pos="6.89" lane="0/3to1/3_0" slope="0.00"/>
        <vehicle id="37" x="190.15" y="201.65" angle="-90.00" type="DEFAULT_VEHTYPE" speed="0.00" pos="5.10" lane="1/1to0/1_0" slope="0.00"/>
        <vehicle id="4" x="201.65" y="206.93" angle="180.00" type="DEFAULT_VEHTYPE" speed="12.94" pos="2.18" lane="1/1to1/2_0" slope="0.00"/>
        <vehicle id="5" x="398.35" y="412.95" angle="0.00" type="DEFAULT_VEHTYPE" speed="13.17" pos="182.30" lane="2/3to2/2_0" slope="0.00"/>
        <vehicle id="6" x="398.35" y="437.32" angle="0.00" type="DEFAULT_VEHTYPE" speed="13.45" pos="157.93" lane="2/3to2/2_0" slope="0.00"/>
        <vehicle id="7" x="201.65" y="339.03" angle="180.00" type="DEFAULT_VEHTYPE" speed="13.32" pos="134.28" lane="1/1to1/2_0" slope="0.00"/>
        <vehicle id="8" x="509.35" y="198.35" angle="90.00" type="DEFAULT_VEHTYPE" speed="13.35" pos="104.60" lane="2/1to3/1_0" slope="0.00"/>
        <vehicle id="9" x="479.82" y="401.65" angle="-90.00" type="DEFAULT_VEHTYPE" speed="13.84" pos="115.43" lane="3/2to2/2_0" slope="0.00"/>
    </timestep>
    <timestep time="38.00">
        <vehicle id="0" x="398.35" y="145.57" angle="0.00" type="DEFAULT_VEHTYPE" speed="13.34" pos="49.68" lane="2/1to2/0_0" slope="0.00"/>
        <vehicle id="1" x="601.65" y="420.65" angle="180.00" type="DEFAULT_VEHTYPE" speed="13.58" pos="15.90" lane="3/2to3/3_0" slope="0.00"/>
        <vehicle id="10" x="719.36" y="198.35" angle="90.00" type="DEFAULT_VEHTYPE" speed="13.34" pos="114.61" lane="3/1to4/1_0" slope="0.00"/>
        <vehicle id="11" x="475.62" y="601.65" angle="-90.00" type="DEFAULT_VEHTYPE" speed="13.59" pos="119.63" lane="3/3to2/3_0" slope="0.00"/>
        <vehicle id="12" x="321.09" y="201.65" angle="-90.00" type="DEFAULT_VEHTYPE" speed="13.03" pos="74.16" lane="2/1to1/1_0" slope="0.00"/>
        <vehicle id="13" x="91.86" y="598.35" angle="90.00" type="DEFAULT_VEHTYPE" speed="13.45" pos="91.86" lane="0/3to1/3_0" slope="0.00"/>
        <vehicle id="14" x="201.65" y="277.94" angle="180.00" type="DEFAULT_VEHTYPE" speed="13.16" pos="73.19" lane="1/1to1/2_0" slope="0.00"/>
        <vehicle id="15" x="559.24" y="401.65" angle="-90.00" type="DEFAULT_VEHTYPE" speed="13.68" pos="36.01" lane="3/2to2/2_0" slope="0.00"/>
        <vehicle id="16" x="538.35" y="601.65" angle="-90.00" type="DEFAULT_VEHTYPE" speed="13.81" pos="56.90" lane="3/3to2/3_0" slope="0.00"/>
        <vehicle id="17" x="598.35" y="753.89" angle="0.00" type="DEFAULT_VEHTYPE" speed="13.27" pos="46.11" lane="3/4to3/3_0" slope="0.00"/>
        <vehicle id="18" x="198.35" y="393.02" angle="-27.96" type="DEFAULT_VEHTYPE" speed="7.52" pos="2.23" lane="1/2to1/1_0" slope="0.00"/>
        <vehicle id="19" x="401.65" y="583.70" angle="180.00" type="DEFAULT_VEHTYPE" speed="7.50" pos="178.95" lane="2/2to2/3_0" slope="0.00"/>
        <vehicle id="2" x="389.25" y="398.35" angle="90.00" type="DEFAULT_VEHTYPE" speed="4.35" pos="184.50" lane="1/2to2/2_0" slope="0.00"/>
        <vehicle id="20" x="415.11" y="398.35" angle="90.00" type="DEFAULT_VEHTYPE" speed="13.75" pos="10.36" lane="2/2to3/2_0" slope="0.00"/>
        <vehicle id="21" x="401.65" y="764.91" angle="180.00" type="DEFAULT_VEHTYPE" speed="12.68" pos="160.16" lane="2/3to2/4_0" slope="0.00"/>
        <vehicle id="22" x="401.65" y="176.51" angle="180.00" type="DEFAULT_VEHTYPE" speed="13.29" pos="176.51" lane="2/0to2/1_0" slope="0.00"/>
        <vehicle id="23" x="598.35" y="29.94" angle="0.00" type="DEFAULT_VEHTYPE" speed="13.68" pos="165.31" lane="3/1to3/0_0" slope="0.00"/>
        <vehicle id="24" x="148.83" y="198.35" angle="90.00" type="DEFAULT_VEHTYPE" speed="12.64" pos="148.83" lane="0/1to1/1_0" slope="0.00"/>
        <vehicle id="25" x="601.65" y="750.01" angle="180.00" type="DEFAULT_VEHTYPE" speed="13.39" pos="145.26" lane="3/3to3/4_0" slope="0.00"/>
        <vehicle id="26" x="198.35" y="474.15" angle="0.00" type="DEFAULT_VEHTYPE" speed="13.28" pos="121.10" lane="1/3to1/2_0" slope="0.00"/>
        <vehicle id="27" x="401.65" y="513.44" angle="180.00" type="DEFAULT_VEHTYPE" speed="13.32" pos="108.69" lane="2/2to2/3_0" slope="0.00"/>
        <vehicle id="28" x="300.57" y="401.65" angle="-90.00" type="DEFAULT_VEHTYPE" speed="13.44" pos="94.68" lane="2/2to1/2_0" slope="0.00"/>
        <vehicle id="29" x="691.71" y="398.35" angle="90.00" type="DEFAULT_VEHTYPE" speed="13.89" pos="86.96" lane="3/2to4/2_0" slope="0.00"/>
        <vehicle id="3" x="398.35" y="208.35" angle="0.00" type="DEFAULT_VEHTYPE" speed="13.81" pos="186.90" lane="2/2to2/1_0" slope="0.00"/>
        <vehicle id="30" x="729.52" y="201.65" angle="-90.00" type="DEFAULT_VEHTYPE" speed="12.70" pos="70.48" lane="4/1to3/1_0" slope="0.00"/>
        <vehicle id="31" x="135.28" y="601.65" angle="-90.00" type="DEFAULT_VEHTYPE" speed="12.89" pos="59.97" lane="1/3to0/3_0" slope="0.00"/>
        <vehicle id="32" x="246.97" y="398.35" angle="90.00" type="DEFAULT_VEHTYPE" speed="11.38" pos="42.22" lane="1/2to2/2_0" slope="0.00"/>
        <vehicle id="33" x="601.65" y="237.86" angle="180.00" type="DEFAULT_VEHTYPE" speed="9.97" pos="33.11" lane="3/1to3/2_0" slope="0.00"/>
        <vehicle id="34" x="198.35" y="188.78" angle="0.00" type="DEFAULT_VEHTYPE" speed="1.37" pos="6.47" lane="1/1to1/0_0" slope="0.00"/>
        <vehicle id="35" x="198.35" y="783.82" angle="0.00" type="DEFAULT_VEHTYPE" speed="5.89" pos="16.18" lane="1/4to1/3_0" slope="0.00"/>
        <vehicle id="36" x="10.93" y="598.35" angle="90.00" type="DEFAULT_VEHTYPE" speed="4.04" pos="10.93" lane="0/3to1/3_0" slope="0.00"/>
        <vehicle id="37" x="187.91" y="201.65" angle="-90.00" type="DEFAULT_VEHTYPE" speed="2.24" pos="7.34" lane="1/1to0/1_0" slope="0.00"/>
        <vehicle id="38" x="598.35" y="190.15" angle="0.00" type="DEFAULT_VEHTYPE" speed="0.00" pos="5.10" lane="3/1to3/0_0" slope="0.00"/>
        <vehicle id="4" x="201.65" y="219.74" angle="180.00" type="DEFAULT_VEHTYPE" speed="12.81" pos="14.99" lane="1/1to1/2_0" slope="0.00"/>
        <vehicle id="5" x="398.35" y="400.12" angle="0.00" type="DEFAULT_VEHTYPE" speed="12.83" pos="4.63" lane=":2/2_1_0" slope="0.00"/>
        <vehicle id="6" x="398.35" y="423.52" angle="0.00" type="DEFAULT_VEHTYPE" speed="13.80" pos="171.73" lane="2/3to2/2_0" slope="0.00"/>
        <vehicle id="7" x="201.65" y="352.31" angle="180.00" type="DEFAULT_VEHTYPE" speed="13.28" pos="147.56" lane="1/1to1/2_0" slope="0.00"/>
        <vehicle id="8" x="522.71" y="198.35" angle="90.00" type="DEFAULT_VEHTYPE" speed="13.37" pos="117.96" lane="2/1to3/1_0" slope="0.00"/>
        <vehicle id="9" x="466.70" y="401.65" angle="-90.00" type="DEFAULT_VEHTYPE" speed="13.12" pos="128.55" lane="3/2to2/2_0" slope="0.00"/>
    </timestep>
    <timestep time="39.00">
        <vehicle id="0" x="398.35" y="131.90" angle="0.00" type="DEFAULT_VEHTYPE" speed="13.68" pos="63.35" lane="2/1to2/0_0" slope="0.00"/>
        <vehicle id="1" x="601.65" y="434.33" angle="180.00" type="DEFAULT_VEHTYPE" speed="13.69" pos="29.58" lane="3/2to3/3_0" slope="0.00"/>
        <vehicle id="10" x="732.58" y="198.35" angle="90.00" type="DEFAULT_VEHTYPE" speed="13.22" pos="127.83" lane="3/1to4/1_0" slope="0.00"/>
        <vehicle id="11" x="461.84" y="601.65" angle="-90.00" type="DEFAULT_VEHTYPE" speed="13.78" pos="133.41" lane="3/3to2/3_0" slope="0.00"/>
        <vehicle id="12" x="307.97" y="201.65" angle="-90.00" type="DEFAULT_VEHTYPE" speed="13.11" pos="87.28" lane="2/1to1/1_0" slope="0.00"/>
        <vehicle id="13" x="104.75" y="598.35" angle="90.00" type="DEFAULT_VEHTYPE" speed="12.89" pos="104.75" lane="0/3to1/3_0" slope="0.00"/>
        <vehicle id="14" x="201.65" y="290.77" angle="180.00" type="DEFAULT_VEHTYPE" speed="12.83" pos="86.02" lane="1/1to1/2_0" slope="0.00"/>
        <vehicle id="15" x="545.91" y="401.65" angle="-90.00" type="DEFAULT_VEHTYPE" speed="13.33" pos="49.34" lane="3/2to2/2_0" slope="0.00"/>
        <vehicle id="16" x="525.64" y="601.65" angle="-90.00" type="DEFAULT_VEHTYPE" speed="12.70" pos="69.61" lane="3/3to2/3_0" slope="0.00"/>
        <vehicle id="17" x="598.35" y="741.00" angle="0.00" type="DEFAULT_VEHTYPE" speed="12.89" pos="59.00" lane="3/4to3/3_0" slope="0.00"/>
        <vehicle id="18" x="198.35" y="383.49" angle="0.00" type="DEFAULT_VEHTYPE" speed="9.52" pos="11.76" lane="1/2to1/1_0" slope="0.00"/>
        <vehicle id="19" x="401.65" y="588.60" angle="180.00" type="DEFAULT_VEHTYPE" speed="4.90" pos="183.85" lane="2/2to2/3_0" slope="0.00"/>
        <vehicle id="2" x="391.55" y="398.35" angle="90.00" type="DEFAULT_VEHTYPE" speed="2.30" pos="186.80" lane="1/2to2/2_0" slope="0.00"/>
        <vehicle id="20" x="428.93" y="398.35" angle="90.00" type="DEFAULT_VEHTYPE" speed="13.83" pos="24.18" lane="2/2to3/2_0" slope="0.00"/>
        <vehicle id="21" x="401.65" y="777.61" angle="180.00" type="DEFAULT_VEHTYPE" speed="12.70" pos="172.86" lane="2/3to2/4_0" slope="0.00"/>
        <vehicle id="22" x="401.65" y="189.57" angle="180.00" type="DEFAULT_VEHTYPE" speed="13.06" pos="189.57" lane="2/0to2/1_0" slope="0.00"/>
        <vehicle id="23" x="598.35" y="17.11" angle="0.00" type="DEFAULT_VEHTYPE" speed="12.83" pos="178.14" lane="3/1to3/0_0" slope="0.00"/>
        <vehicle id="24" x="162.17" y="198.35" angle="90.00" type="DEFAULT_VEHTYPE" speed="13.34" pos="162.17" lane="0/1to1/1_0" slope="0.00"/>
        <vehicle id="25" x="601.65" y="763.67" angle="180.00" type="DEFAULT_VEHTYPE" speed="13.66" pos="158.92" lane="3/3to3/4_0" slope="0.00"/>
        <vehicle id="26" x="198.35" y="461.23" angle="0.00" type="DEFAULT_VEHTYPE" speed="12.93" pos="134.02" lane="1/3to1/2_0" slope="0.00"/>
        <vehicle id="27" x="401.65" y="526.68" angle="180.00" type="DEFAULT_VEHTYPE" speed="13.23" pos="121.93" lane="2/2to2/3_0" slope="0.00"/>
        <vehicle id="28" x="287.58" y="401.65" angle="-90.00" type="DEFAULT_VEHTYPE" speed="12.99" pos="107.67" lane="2/2to1/2_0" slope="0.00"/>
        <vehicle id="29" x="705.22" y="398.35" angle="90.00" type="DEFAULT_VEHTYPE" speed="13.51" pos="100.47" lane="3/2to4/2_0" slope="0.00"/>
        <vehicle id="3" x="398.35" y="194.96" angle="0.00" type="DEFAULT_VEHTYPE" speed="13.40" pos="0.29" lane="2/1to2/0_0" slope="0.00"/>
        <vehicle id="30" x="716.78" y="201.65" angle="-90.00" type="DEFAULT_VEHTYPE" speed="12.74" pos="83.22" lane="4/1to3/1_0" slope="0.00"/>
        <vehicle id="31" x="122.41" y="601.65" angle="-90.00" type="DEFAULT_VEHTYPE" speed="12.87" pos="72.84" lane="1/3to0/3_0" slope="0.00"/>
        <vehicle id="32" x="260.40" y="398.35" angle="90.00" type="DEFAULT_VEHTYPE" speed="13.44" pos="55.65" lane="1/2to2/2_0" slope="0.00"/>
        <vehicle id="33" x="601.65" y="249.28" angle="180.00" type="DEFAULT_VEHTYPE" speed="11.42" pos="44.53" lane="3/1to3/2_0" slope="0.00"/>
        <vehicle id="34" x="198.35" y="185.27" angle="0.00" type="DEFAULT_VEHTYPE" speed="3.51" pos="9.98" lane="1/1to1/0_0" slope="0.00"/>
        <vehicle id="35" x="198.35" y="775.56" angle="0.00" type="DEFAULT_VEHTYPE" speed="8.26" pos="24.44" lane="1/4to1/3_0" slope="0.00"/>
        <vehicle id="36" x="17.18" y="598.35" angle="90.00" type="DEFAULT_VEHTYPE" speed="6.25" pos="17.18" lane="0/3to1/3_0" slope="0.00"/>
        <vehicle id="37" x="183.83" y="201.65" angle="-90.00" type="DEFAULT_VEHTYPE" speed="4.08" pos="11.42" lane="1/1to0/1_0" slope="0.00"/>
        <vehicle id="38" x="598.35" y="187.63" angle="0.00" type="DEFAULT_VEHTYPE" speed="2.52" pos="7.62" lane="3/1to3/0_0" slope="0.00"/>
        <vehicle id="39" x="794.90" y="401.65" angle="-90.00" type="DEFAULT_VEHTYPE" speed="0.00" pos="5.10" lane="4/2to3/2_0" slope="0.00"/>
        <vehicle id="4" x="201.65" y="232.60" angle="180.00" type="DEFAULT_VEHTYPE" speed="12.86" pos="27.85" lane="1/1to1/2_0" slope="0.00"/>
        <vehicle id="5" x="398.35" y="387.28" angle="0.00" type="DEFAULT_VEHTYPE" speed="12.84" pos="7.97" lane="2/2to2/1_0" slope="0.00"/>
        <vehicle id="6" x="398.35" y="410.13" angle="0.00" type="DEFAULT_VEHTYPE" speed="13.40" pos="185.12" lane="2/3to2/2_0" slope="0.00"/>
        <vehicle id="7" x="201.65" y="365.08" angle="180.00" type="DEFAULT_VEHTYPE" speed="12.77" pos="160.33" lane="1/1to1/2_0" slope="0.00"/>
        <vehicle id="8" x="535.71" y="198.35" angle="90.00" type="DEFAULT_VEHTYPE" speed="13.00" pos="130.96" lane="2/1to3/1_0" slope="0.00"/>
        <vehicle id="9" x="453.83" y="401.65" angle="-90.00" type="DEFAULT_VEHTYPE" speed="12.87" pos="141.42" lane="3/2to2/2_0" slope="0.00"/>
    </timestep>
    <timestep time="40.00">
        <vehicle id="0" x="398.35" y="118.01" angle="0.00" type="DEFAULT_VEHTYPE" speed="13.89" pos="77.24" lane="2/1to2/0_0" slope="0.00"/>
        <vehicle id="1" x="601.65" y="448.10" angle="180.00" type="DEFAULT_VEHTYPE" speed="13.76" pos="43.35" lane="3/2to3/3_0" slope="0.00"/>
        <vehicle id="10" x="745.97" y="198.35" angle="90.00" type="DEFAULT_VEHTYPE" speed="13.39" pos="141.22" lane="3/1to4/1_0" slope="0.00"/>
        <vehicle id="11" x="448.16" y="601.65" angle="-90.00" type="DEFAULT_VEHTYPE" speed="13.68" pos="147.09" lane="3/3to2/3_0" slope="0.00"/>
        <vehicle id="12" x="294.46" y="201.65" angle="-90.00" type="DEFAULT_VEHTYPE" speed="13.51" pos="100.79" lane="2/1to1/1_0" slope="0.00"/>
        <vehicle id="13" x="117.39" y="598.35" angle="90.00" type="DEFAULT_VEHTYPE" speed="12.64" pos="117.39" lane="0/3to1/3_0" slope="0.00"/>
        <vehicle id="14" x="201.65" y="304.00" angle="180.00" type="DEFAULT_VEHTYPE" speed="13.23" pos="99.25" lane="1/1to1/2_0" slope="0.00"/>
        <vehicle id="15" x="532.78" y="401.65" angle="-90.00" type="DEFAULT_VEHTYPE" speed="13.13" pos="62.47" lane="3/2to2/2_0" slope="0.00"/>
        <vehicle id="16" x="512.33" y="601.65" angle="-90.00" type="DEFAULT_VEHTYPE" speed="13.31" pos="82.92" lane="3/3to2/3_0" slope="0.00"/>
        <vehicle id="17" x="598.35" y="727.87" angle="0.00" type="DEFAULT_VEHTYPE" speed="13.12" pos="72.13" lane="3/4to3/3_0" slope="0.00"/>
        <vehicle id="18" x="198.35" y="372.29" angle="0.00" type="DEFAULT_VEHTYPE" speed="11.20" pos="22.96" lane="1/2to1/1_0" slope="0.00"/>
        <vehicle id="19" x="401.65" y="594.86" angle="180.00" type="DEFAULT_VEHTYPE" speed="6.25" pos="190.11" lane="2/2to2/3_0" slope="0.00"/>
        <vehicle id="2" x="392.62" y="398.35" angle="90.00" type="DEFAULT_VEHTYPE" speed="1.07" pos="187.87" lane="1/2to2/2_0" slope="0.00"/>
        <vehicle id="20" x="441.71" y="398.35" angle="90.00" type="DEFAULT_VEHTYPE" speed="12.78" pos="36.96" lane="2/2to3/2_0" slope="0.00"/>
        <vehicle id="21" x="401.65" y="791.27" angle="180.00" type="DEFAULT_VEHTYPE" speed="13.66" pos="186.52" lane="2/3to2/4_0" slope="0.00"/>
        <vehicle id="22" x="401.65" y="203.36" angle="180.00" type="DEFAULT_VEHTYPE" speed="13.79" pos="8.11" lane=":2/1_9_0" slope="0.00"/>
        <vehicle id="23" x="598.35" y="3.63" angle="0.00" type="DEFAULT_VEHTYPE" speed="13.47" pos="191.62" lane="3/1to3/0_0" slope="0.00"/>
        <vehicle id="24" x="174.25" y="198.35" angle="90.00" type="DEFAULT_VEHTYPE" speed="12.08" pos="174.25" lane="0/1to1/1_0" slope="0.00"/>
        <vehicle id="25" x="601.65" y="777.43" angle="180.00" type="DEFAULT_VEHTYPE" speed="13.76" pos="172.68" lane="3/3to3/4_0" slope="0.00"/>
        <vehicle id="26" x="198.35" y="448.21" angle="0.00" type="DEFAULT_VEHTYPE" speed="13.01" pos="147.04" lane="1/3to1/2_0" slope="0.00"/>
        <vehicle id="27" x="401.65" y="539.56" angle="180.00" type="DEFAULT_VEHTYPE" speed="12.88" pos="134.81" lane="2/2to2/3_0" slope="0.00"/>
        <vehicle id="28" x="274.80" y="401.65" angle="-90.00" type="DEFAULT_VEHTYPE" speed="12.79" pos="120.45" lane="2/2to1/2_0" slope="0.00"/>
        <vehicle id="29" x="718.95" y="398.35" angle="90.00" type="DEFAULT_VEHTYPE" speed="13.73" pos="114.20" lane="3/2to4/2_0" slope="0.00"/>
        <vehicle id="3" x="398.35" y="182.07" angle="0.00" type="DEFAULT_VEHTYPE" speed="12.89" pos="13.18" lane="2/1to2/0_0" slope="0.00"/>
        <vehicle id="30" x="703.96" y="201.65" angle="-90.00" type="DEFAULT_VEHTYPE" speed="12.82" pos="96.04" lane="4/1to3/1_0" slope="0.00"/>
        <vehicle id="31" x="108.81" y="601.65" angle="-90.00" type="DEFAULT_VEHTYPE" speed="13.60" pos="86.44" lane="1/3to0/3_0" slope="0.00"/>
        <vehicle id="32" x="273.29" y="398.35" angle="90.00" type="DEFAULT_VEHTYPE" speed="12.89" pos="68.54" lane="1/2to2/2_0" slope="0.00"/>
        <vehicle id="33" x="601.65" y="262.81" angle="180.00" type="DEFAULT_VEHTYPE" speed="13.53" pos="58.06" lane="3/1to3/2_0" slope="0.00"/>
        <vehicle id="34" x="198.35" y="179.99" angle="0.00" type="DEFAULT_VEHTYPE" speed="5.27" pos="15.26" lane="1/1to1/0_0" slope="0.00"/>
        <vehicle id="35" x="198.35" y="764.94" angle="0.00" type="DEFAULT_VEHTYPE" speed="10.62" pos="35.06" lane="1/4to1/3_0" slope="0.00"/>
        <vehicle id="36" x="25.93" y="598.35" angle="90.00" type="DEFAULT_VEHTYPE" speed="8.75" pos="25.93" lane="0/3to1/3_0" slope="0.00"/>
        <vehicle id="37" x="177.82" y="201.65" angle="-90.00" type="DEFAULT_VEHTYPE" speed="6.01" pos="17.43" lane="1/1to0/1_0" slope="0.00"/>
        <vehicle id="38" x="598.35" y="183.09" angle="0.00" type="DEFAULT_VEHTYPE" speed="4.54" pos="12.16" lane="3/1to3/0_0" slope="0.00"/>
        <vehicle id="39" x="793.48" y="401.65" angle="-90.00" type="DEFAULT_VEHTYPE" speed="1.42" pos="6.52" lane="4/2to3/2_0" slope="0.00"/>
        <vehicle id="4" x="201.65" y="245.50" angle="180.00" type="DEFAULT_VEHTYPE" speed="12.90" pos="40.75" lane="1/1to1/2_0" slope="0.00"/>
        <vehicle id="5" x="398.35" y="373.98" angle="0.00" type="DEFAULT_VEHTYPE" speed="13.30" pos="21.27" lane="2/2to2/1_0" slope="0.00"/>
        <vehicle id="6" x="398.35" y="396.71" angle="0.00" type="DEFAULT_VEHTYPE" speed="13.42" pos="8.04" lane=":2/2_1_0" slope="0.00"/>
        <vehicle id="7" x="201.65" y="378.01" angle="180.00" type="DEFAULT_VEHTYPE" speed="12.93" pos="173.26" lane="1/1to1/2_0" slope="0.00"/>
        <vehicle id="8" x="548.99" y="198.35" angle="90.00" type="DEFAULT_VEHTYPE" speed="13.28" pos="144.24" lane="2/1to3/1_0" slope="0.00"/>
        <vehicle id="9" x="440.90" y="401.65" angle="-90.00" type="DEFAULT_VEHTYPE" speed="12.93" pos="154.35" lane="3/2to2/2_0" slope="0.00"/>
    </timestep>
    <timestep time="41.00">
        <vehicle id="0" x="398.35" y="104.62" angle="0.00" type="DEFAULT_VEHTYPE" speed="13.39" pos="90.63" lane="2/1to2/0_0" slope="0.00"/>
        <vehicle id="1" x="601.65" y="461.51" angle="180.00" type="DEFAULT_VEHTYPE" speed="13.41" pos="56.76" lane="3/2to3/3_0" slope="0.00"/>
        <vehicle id="10" x="759.33" y="198.35" angle="90.00" type="DEFAULT_VEHTYPE" speed="13.35" pos="154.58" lane="3/1to4/1_0" slope="0.00"/>
        <vehicle id="11" x="435.09" y="601.65" angle="-90.00" type="DEFAULT_VEHTYPE" speed="13.07" pos="160.16" lane="3/3to2/3_0" slope="0.00"/>
        <vehicle id="12" x="280.94" y="201.65" angle="-90.00" type="DEFAULT_VEHTYPE" speed="13.52" pos="114.31" lane="2/1to1/1_0" slope="0.00"/>
        <vehicle id="13" x="130.74" y="598.35" angle="90.00" type="DEFAULT_VEHTYPE" speed="13.35" pos="130.74" lane="0/3to1/3_0" slope="0.00"/>
        <vehicle id="14" x="201.65" y="317.13" angle="180.00" type="DEFAULT_VEHTYPE" speed="13.13" pos="112.38" lane="1/1to1/2_0" slope="0.00"/>
        <vehicle id="15" x="519.12" y="401.65" angle="-90.00" type="DEFAULT_VEHTYPE" speed="13.66" pos="76.13" lane="3/2to2/2_0" slope="0.00"/>
        <vehicle id="16" x="499.26" y="601.65" angle="-90.00" type="DEFAULT_VEHTYPE" speed="13.07" pos="95.99" lane="3/3to2/3_0" slope="0.00"/>
        <vehicle id="17" x="598.35" y="714.76" angle="0.00" type="DEFAULT_VEHTYPE" speed="13.12" pos="85.24" lane="3/4to3/3_0" slope="0.00"/>
        <vehicle id="18" x="198.35" y="358.51" angle="0.00" type="DEFAULT_VEHTYPE" speed="13.78" pos="36.74" lane="1/2to1/1_0" slope="0.00"/>
        <vehicle id="19" x="397.90" y="601.27" angle="-135.18" type="DEFAULT_VEHTYPE" speed="8.04" pos="0.51" lane=":2/3_18_0" slope="0.00"/>
        <vehicle id="2" x="392.74" y="398.35" angle="90.00" type="DEFAULT_VEHTYPE" speed="0.12" pos="187.99" lane="1/2to2/2_0" slope="0.00"/>
        <vehicle id="20" x="455.25" y="398.35" angle="90.00" type="DEFAULT_VEHTYPE" speed="13.54" pos="50.50" lane="2/2to3/2_0" slope="0.00"/>
        <vehicle id="21" x="398.66" y="800.46" angle="-111.80" type="DEFAULT_VEHTYPE" speed="12.99" pos="4.27" lane=":2/4_0_0" slope="0.00"/>
        <vehicle id="22" x="401.65" y="217.09" angle="180.00" type="DEFAULT_VEHTYPE" speed="13.73" pos="12.34" lane="2/1to2/2_0" slope="0.00"/>
        <vehicle id="23" x="601.65" y="4.90" angle="179.34" type="DEFAULT_VEHTYPE" speed="13.35" pos="4.90" lane="3/0to3/1_0" slope="0.00"/>
        <vehicle id="24" x="182.31" y="198.35" angle="90.00" type="DEFAULT_VEHTYPE" speed="8.06" pos="182.31" lane="0/1to1/1_0" slope="0.00"/>
        <vehicle id="25" x="601.65" y="790.41" angle="180.00" type="DEFAULT_VEHTYPE" speed="12.98" pos="185.66" lane="3/3to3/4_0" slope="0.00"/>
        <vehicle id="26" x="198.35" y="435.20" angle="0.00" type="DEFAULT_VEHTYPE" speed="13.01" pos="160.05" lane="1/3to1/2_0" slope="0.00"/>
        <vehicle id="27" x="401.65" y="552.59" angle="180.00" type="DEFAULT_VEHTYPE" speed="13.03" pos="147.84" lane="2/2to2/3_0" slope="0.00"/>
        <vehicle id="28" x="261.45" y="401.65" angle="-90.00" type="DEFAULT_VEHTYPE" speed="13.35" pos="133.80" lane="2/2to1/2_0" slope="0.00"/>
        <vehicle id="29" x="732.58" y="398.35" angle="90.00" type="DEFAULT_VEHTYPE" speed="13.64" pos="127.83" lane="3/2to4/2_0" slope="0.00"/>
        <vehicle id="3" x="398.35" y="169.44" angle="0.00" type="DEFAULT_VEHTYPE" speed="12.63" pos="25.81" lane="2/1to2/0_0" slope="0.00"/>
        <vehicle id="30" x="690.82" y="201.65" angle="-90.00" type="DEFAULT_VEHTYPE" speed="13.14" pos="109.18" lane="4/1to3/1_0" slope="0.00"/>
        <vehicle id="31" x="95.31" y="601.65" angle="-90.00" type="DEFAULT_VEHTYPE" speed="13.50" pos="99.94" lane="1/3to0/3_0" slope="0.00"/>
        <vehicle id="32" x="287.18" y="398.35" angle="90.00" type="DEFAULT_VEHTYPE" speed="13.89" pos="82.43" lane="1/2to2/2_0" slope="0.00"/>
        <vehicle id="33" x="601.65" y="276.71" angle="180.00" type="DEFAULT_VEHTYPE" speed="13.90" pos="71.96" lane="3/1to3/2_0" slope="0.00"/>
        <vehicle id="34" x="198.35" y="172.85" angle="0.00" type="DEFAULT_VEHTYPE" speed="7.14" pos="22.40" lane="1/1to1/0_0" slope="0.00"/>
        <vehicle id="35" x="198.35" y="752.09" angle="0.00" type="DEFAULT_VEHTYPE" speed="12.85" pos="47.91" lane="1/4to1/3_0" slope="0.00"/>
        <vehicle id="36" x="36.72" y="598.35" angle="90.00" type="DEFAULT_VEHTYPE" speed="10.79" pos="36.72" lane="0/3to1/3_0" slope="0.00"/>
        <vehicle id="37" x="170.25" y="201.65" angle="-90.00" type="DEFAULT_VEHTYPE" speed="7.57" pos="25.00" lane="1/1to0/1_0" slope="0.00"/>
        <vehicle id="38" x="598.35" y="176.80" angle="0.00" type="DEFAULT_VEHTYPE" speed="6.29" pos="18.45" lane="3/1to3/0_0" slope="0.00"/>
        <vehicle id="39" x="790.70" y="401.65" angle="-90.00" type="DEFAULT_VEHTYPE" speed="2.78" pos="9.30" lane="4/2to3/2_0" slope="0.00"/>
        <vehicle id="4" x="201.65" y="258.39" angle="180.00" type="DEFAULT_VEHTYPE" speed="12.89" pos="53.64" lane="1/1to1/2_0" slope="0.00"/>
        <vehicle id="41" x="598.35" y="390.15" angle="0.00" type="DEFAULT_VEHTYPE" speed="0.00" pos="5.10" lane="3/2to3/1_0" slope="0.00"/>
        <vehicle id="5" x="398.35" y="361.01" angle="0.00" type="DEFAULT_VEHTYPE" speed="12.97" pos="34.24" lane="2/2to2/1_0" slope="0.00"/>
        <vehicle id="6" x="398.35" y="383.58" angle="0.00" type="DEFAULT_VEHTYPE" speed="13.13" pos="11.67" lane="2/2to2/1_0" slope="0.00"/>
        <vehicle id="7" x="201.65" y="391.19" angle="180.00" type="DEFAULT_VEHTYPE" speed="13.18" pos="186.44" lane="1/1to1/2_0" slope="0.00"/>
        <vehicle id="8" x="561.93" y="198.35" angle="90.00" type="DEFAULT_VEHTYPE" speed="12.94" pos="157.18" lane="2/1to3/1_0" slope="0.00"/>
        <vehicle id="9" x="428.18" y="401.65" angle="-90.00" type="DEFAULT_VEHTYPE" speed="12.72" pos="167.07" lane="3/2to2/2_0" slope="0.00"/>
    </timestep>
    <timestep time="42.00">
        <vehicle id="0" x="398.35" y="90.88" angle="0.00" type="DEFAULT_VEHTYPE" speed="13.74" pos="104.37" lane="2/1to2/0_0" slope="0.00"/>
        <vehicle id="1" x="601.65" y="475.25" angle="180.00" type="DEFAULT_VEHTYPE" speed="13.74" pos="70.50" lane="3/2to3/3_0" slope="0.00"/>
        <vehicle id="10" x="772.47" y="198.35" angle="90.00" type="DEFAULT_VEHTYPE" speed="13.14" pos="167.72" lane="3/1to4/1_0" slope="0.00"/>
        <vehicle id="11" x="424.09" y="601.65" angle="-90.00" type="DEFAULT_VEHTYPE" speed="11.01" pos="171.16" lane="3/3to2/3_0" slope="0.00"/>
        <vehicle id="12" x="267.56" y="201.65" angle="-90.00" type="DEFAULT_VEHTYPE" speed="13.38" pos="127.69" lane="2/1to1/1_0" slope="0.00"/>
        <vehicle id="13" x="143.74" y="598.35" angle="90.00" type="DEFAULT_VEHTYPE" speed="13.00" pos="143.74" lane="0/3to1/3_0" slope="0.00"/>
        <vehicle id="14" x="201.65" y="330.19" angle="180.00" type="DEFAULT_VEHTYPE" speed="13.06" pos="125.44" lane="1/1to1/2_0" slope="0.00"/>
        <vehicle id="15" x="505.37" y="401.65" angle="-90.00" type="DEFAULT_VEHTYPE" speed="13.74" pos="89.88" lane="3/2to2/2_0" slope="0.00"/>
        <vehicle id="16" x="485.99" y="601.65" angle="-90.00" type="DEFAULT_VEHTYPE" speed="13.27" pos="109.26" lane="3/3to2/3_0" slope="0.00"/>
        <vehicle id="17" x="598.35" y="701.35" angle="0.00" type="DEFAULT_VEHTYPE" speed="13.41" pos="98.65" lane="3/4to3/3_0" slope="0.00"/>
        <vehicle id="18" x="198.35" y="345.17" angle="0.00" type="DEFAULT_VEHTYPE" speed="13.34" pos="50.08" lane="1/2to1/1_0" slope="0.00"/>
        <vehicle id="19" x="388.01" y="601.65" angle="-90.00" type="DEFAULT_VEHTYPE" speed="9.91" pos="7.24" lane="2/3to1/3_0" slope="0.00"/>
        <vehicle id="2" x="394.96" y="398.35" angle="90.00" type="DEFAULT_VEHTYPE" speed="2.22" pos="190.21" lane="1/2to2/2_0" slope="0.00"/>
        <vehicle id="20" x="468.99" y="398.35" angle="90.00" type="DEFAULT_VEHTYPE" speed="13.74" pos="64.24" lane="2/2to3/2_0" slope="0.00"/>
        <vehicle id="21" x="398.35" y="787.93" angle="0.00" type="DEFAULT_VEHTYPE" speed="12.62" pos="12.07" lane="2/4to2/3_0" slope="0.00"/>
        <vehicle id="22" x="401.65" y="230.55" angle="180.00" type="DEFAULT_VEHTYPE" speed="13.46" pos="25.80" lane="2/1to2/2_0" slope="0.00"/>
        <vehicle id="23" x="601.65" y="18.33" angle="180.00" type="DEFAULT_VEHTYPE" speed="13.44" pos="18.33" lane="3/0to3/1_0" slope="0.00"/>
        <vehicle id="24" x="187.70" y="198.35" angle="90.00" type="DEFAULT_VEHTYPE" speed="5.40" pos="187.70" lane="0/1to1/1_0" slope="0.00"/>
        <vehicle id="25" x="599.04" y="801.04" angle="-133.25" type="DEFAULT_VEHTYPE" speed="13.16" pos="3.58" lane=":3/4_0_0" slope="0.00"/>
        <vehicle id="26" x="198.35" y="422.05" angle="0.00" type="DEFAULT_VEHTYPE" speed="13.15" pos="173.20" lane="1/3to1/2_0" slope="0.00"/>
        <vehicle id="27" x="401.65" y="565.30" angle="180.00" type="DEFAULT_VEHTYPE" speed="12.71" pos="160.55" lane="2/2to2/3_0" slope="0.00"/>
        <vehicle id="28" x="247.72" y="401.65" angle="-90.00" type="DEFAULT_VEHTYPE" speed="13.73" pos="147.53" lane="2/2to1/2_0" slope="0.00"/>
        <vehicle id="29" x="745.44" y="398.35" angle="90.00" type="DEFAULT_VEHTYPE" speed="12.85" pos="140.69" lane="3/2to4/2_0" slope="0.00"/>
        <vehicle id="3" x="398.35" y="156.18" angle="0.00" type="DEFAULT_VEHTYPE" speed="13.25" pos="39.07" lane="2/1to2/0_0" slope="0.00"/>
        <vehicle id="30" x="677.88" y="201.65" angle="-90.00" type="DEFAULT_VEHTYPE" speed="12.94" pos="122.12" lane="4/1to3/1_0" slope="0.00"/>
        <vehicle id="31" x="82.11" y="601.65" angle="-90.00" type="DEFAULT_VEHTYPE" speed="13.20" pos="113.14" lane="1/3to0/3_0" slope="0.00"/>
        <vehicle id="32" x="301.00" y="398.35" angle="90.00" type="DEFAULT_VEHTYPE" speed="13.82" pos="96.25" lane="1/2to2/2_0" slope="0.00"/>
        <vehicle id="33" x="601.65" y="289.66" angle="180.00" type="DEFAULT_VEHTYPE" speed="12.96" pos="84.91" lane="3/1to3/2_0" slope="0.00"/>
        <vehicle id="34" x="198.35" y="163.38" angle="0.00" type="DEFAULT_VEHTYPE" speed="9.47" pos="31.87" lane="1/1to1/0_0" slope="0.00"/>
        <vehicle id="35" x="198.35" y="739.33" angle="0.00" type="DEFAULT_VEHTYPE" speed="12.76" pos="60.67" lane="1/4to1/3_0" slope="0.00"/>
        <vehicle id="36" x="49.26" y="598.35" angle="90.00" type="DEFAULT_VEHTYPE" speed="12.54" pos="49.26" lane="0/3to1/3_0" slope="0.00"/>
        <vehicle id="37" x="160.58" y="201.65" angle="-90.00" type="DEFAULT_VEHTYPE" speed="9.67" pos="34.67" lane="1/1to0/1_0" slope="0.00"/>
        <vehicle id="38" x="598.35" y="168.88" angle="0.00" type="DEFAULT_VEHTYPE" speed="7.91" pos="26.37" lane="3/1to3/0_0" slope="0.00"/>
        <vehicle id="39" x="786.00" y="401.65" angle="-90.00" type="DEFAULT_VEHTYPE" speed="4.70" pos="14.00" lane="4/2to3/2_0" slope="0.00"/>
        <vehicle id="4" x="201.65" y="272.09" angle="180.00" type="DEFAULT_VEHTYPE" speed="13.70" pos="67.34" lane="1/1to1/2_0" slope="0.00"/>
        <vehicle id="40" x="401.65" y="209.85" angle="180.00" type="DEFAULT_VEHTYPE" speed="0.00" pos="5.10" lane="2/1to2/2_0" slope="0.00"/>
        <vehicle id="41" x="598.35" y="388.09" angle="0.00" type="DEFAULT_VEHTYPE" speed="2.06" pos="7.16" lane="3/2to3/1_0" slope="0.00"/>
        <vehicle id="5" x="398.35" y="347.84" angle="0.00" type="DEFAULT_VEHTYPE" speed="13.16" pos="47.41" lane="2/2to2/1_0" slope="0.00"/>
        <vehicle id="6" x="398.35" y="370.20" angle="0.00" type="DEFAULT_VEHTYPE" speed="13.38" pos="25.05" lane="2/2to2/1_0" slope="0.00"/>
        <vehicle id="7" x="201.65" y="405.04" angle="180.00" type="DEFAULT_VEHTYPE" speed="13.85" pos="0.29" lane="1/2to1/3_0" slope="0.00"/>
        <vehicle id="8" x="574.13" y="198.35" angle="90.00" type="DEFAULT_VEHTYPE" speed="12.20" pos="169.38" lane="2/1to3/1_0" slope="0.00"/>
        <vehicle id="9" x="418.78" y="401.65" angle="-90.00" type="DEFAULT_VEHTYPE" speed="9.40" pos="176.47" lane="3/2to2/2_0" slope="0.00"/>
    </timestep>
    <timestep time="43.00">
        <vehicle id="0" x="398.35" y="77.68" angle="0.00" type="DEFAULT_VEHTYPE" speed="13.20" pos="117.57" lane="2/1to2/0_0" slope="0.00"/>
        <vehicle id="1" x="601.65" y="488.65" angle="180.00" type="DEFAULT_VEHTYPE" speed="13.40" pos="83.90" lane="3/2to3/3_0" slope="0.00"/>
        <vehicle id="10" x="785.34" y="198.35" angle="90.00" type="DEFAULT_VEHTYPE" speed="12.87" pos="180.59" lane="3/1to4/1_0" slope="0.00"/>
        <vehicle id="11" x="415.58" y="601.65" angle="-90.00" type="DEFAULT_VEHTYPE" speed="8.51" pos="179.67" lane="3/3to2/3_0" slope="0.00"/>
        <vehicle id="12" x="254.86" y="201.65" angle="-90.00" type="DEFAULT_VEHTYPE" speed="12.70" pos="140.39" lane="2/1to1/1_0" slope="0.00"/>
        <vehicle id="13" x="156.54" y="598.35" angle="90.00" type="DEFAULT_VEHTYPE" speed="12.81" pos="156.54" lane="0/3to1/3_0" slope="0.00"/>
        <vehicle id="14" x="201.65" y="343.72" angle="180.00" type="DEFAULT_VEHTYPE" speed="13.53" pos="138.97" lane="1/1to1/2_0" slope="0.00"/>
        <vehicle id="15" x="491.63" y="401.65" angle="-90.00" type="DEFAULT_VEHTYPE" speed="13.75" pos="103.62" lane="3/2to2/2_0" slope="0.00"/>
        <vehicle id="16" x="472.38" y="601.65" angle="-90.00" type="DEFAULT_VEHTYPE" speed="13.61" pos="122.87" lane="3/3to2/3_0" slope="0.00"/>
        <vehicle id="17" x="598.35" y="687.96" angle="0.00" type="DEFAULT_VEHTYPE" speed="13.39" pos="112.04" lane="3/4to3/3_0" slope="0.00"/>
        <vehicle id="18" x="198.35" y="331.46" angle="0.00" type="DEFAULT_VEHTYPE" speed="13.71" pos="63.79" lane="1/2to1/1_0" slope="0.00"/>
        <vehicle id="19" x="376.78" y="601.65" angle="-90.00" type="DEFAULT_VEHTYPE" speed="11.23" pos="18.47" lane="2/3to1/3_0" slope="0.00"/>
        <vehicle id="2" x="399.71" y="398.35" angle="90.00" type="DEFAULT_VEHTYPE" speed="4.75" pos="4.46" lane=":2/2_13_0" slope="0.00"/>
        <vehicle id="20" x="482.36" y="398.35" angle="90.00" type="DEFAULT_VEHTYPE" speed="13.37" pos="77.61" lane="2/2to3/2_0" slope="0.00"/>
        <vehicle id="21" x="398.35" y="774.21" angle="0.00" type="DEFAULT_VEHTYPE" speed="13.73" pos="25.79" lane="2/4to2/3_0" slope="0.00"/>
        <vehicle id="22" x="401.65" y="244.19" angle="180.00" type="DEFAULT_VEHTYPE" speed="13.64" pos="39.44" lane="2/1to2/2_0" slope="0.00"/>
        <vehicle id="23" x="601.65" y="31.12" angle="180.00" type="DEFAULT_VEHTYPE" speed="12.79" pos="31.12" lane="3/0to3/1_0" slope="0.00"/>
        <vehicle id="24" x="190.12" y="198.35" angle="90.00" type="DEFAULT_VEHTYPE" speed="2.42" pos="190.12" lane="0/1to1/1_0" slope="0.00"/>
        <vehicle id="25" x="598.35" y="788.30" angle="0.00" type="DEFAULT_VEHTYPE" speed="12.95" pos="11.70" lane="3/4to3/3_0" slope="0.00"/>
        <vehicle id="26" x="198.35" y="409.41" angle="0.00" type="DEFAULT_VEHTYPE" speed="12.64" pos="185.84" lane="1/3to1/2_0" slope="0.00"/>
        <vehicle id="27" x="401.65" y="576.77" angle="180.00" type="DEFAULT_VEHTYPE" speed="11.47" pos="172.02" lane="2/2to2/3_0" slope="0.00"/>
        <vehicle id="28" x="233.83" y="401.65" angle="-90.00" type="DEFAULT_VEHTYPE" speed="13.89" pos="161.42" lane="2/2to1/2_0" slope="0.00"/>
        <vehicle id="29" x="758.92" y="398.35" angle="90.00" type="DEFAULT_VEHTYPE" speed="13.48" pos="154.17" lane="3/2to4/2_0" slope="0.00"/>
        <vehicle id="3" x="398.35" y="143.41" angle="0.00" type="DEFAULT_VEHTYPE" speed="12.77" pos="51.84" lane="2/1to2/0_0" slope="0.00"/>
        <vehicle id="30" x="664.72" y="201.65" angle="-90.00" type="DEFAULT_VEHTYPE" speed="13.17" pos="135.28" lane="4/1to3/1_0" slope="0.00"/>
        <vehicle id="31" x="68.23" y="601.65" angle="-90.00" type="DEFAULT_VEHTYPE" speed="13.88" pos="127.02" lane="1/3to0/3_0" slope="0.00"/>
        <vehicle id="32" x="314.04" y="398.35" angle="90.00" type="DEFAULT_VEHTYPE" speed="13.04" pos="109.29" lane="1/2to2/2_0" slope="0.00"/>
        <vehicle id="33" x="601.65" y="302.51" angle="180.00" type="DEFAULT_VEHTYPE" speed="12.85" pos="97.76" lane="3/1to3/2_0" slope="0.00"/>
        <vehicle id="34" x="198.35" y="152.35" angle="0.00" type="DEFAULT_VEHTYPE" speed="11.03" pos="42.90" lane="1/1to1/0_0" slope="0.00"/>
        <vehicle id="35" x="198.35" y="725.81" angle="0.00" type="DEFAULT_VEHTYPE" speed="13.52" pos="74.19" lane="1/4to1/3_0" slope="0.00"/>
        <vehicle id="36" x="62.24" y="598.35" angle="90.00" type="DEFAULT_VEHTYPE" speed="12.98" pos="62.24" lane="0/3to1/3_0" slope="0.00"/>
        <vehicle id="37" x="149.48" y="201.65" angle="-90.00" type="DEFAULT_VEHTYPE" speed="11.10" pos="45.77" lane="1/1to0/1_0" slope="0.00"/>
        <vehicle id="38" x="598.35" y="159.53" angle="0.00" type="DEFAULT_VEHTYPE" speed="9.35" pos="35.72" lane="3/1to3/0_0" slope="0.00"/>
        <vehicle id="39" x="779.79" y="401.65" angle="-90.00" type="DEFAULT_VEHTYPE" speed="6.21" pos="20.21" lane="4/2to3/2_0" slope="0.00"/>
        <vehicle id="4" x="201.65" y="285.42" angle="180.00" type="DEFAULT_VEHTYPE" speed="13.33" pos="80.67" lane="1/1to1/2_0" slope="0.00"/>
        <vehicle id="40" x="401.65" y="211.56" angle="180.00" type="DEFAULT_VEHTYPE" speed="1.71" pos="6.81" lane="2/1to2/2_0" slope="0.00"/>
        <vehicle id="41" x="598.35" y="384.02" angle="0.00" type="DEFAULT_VEHTYPE" speed="4.07" pos="11.23" lane="3/2to3/1_0" slope="0.00"/>
        <vehicle id="43" x="398.35" y="390.15" angle="0.00" type="DEFAULT_VEHTYPE" speed="0.00" pos="5.10" lane="2/2to2/1_0" slope="0.00"/>
        <vehicle id="5" x="398.35" y="334.25" angle="0.00" type="DEFAULT_VEHTYPE" speed="13.59" pos="61.00" lane="2/2to2/1_0" slope="0.00"/>
        <vehicle id="6" x="398.35" y="357.74" angle="0.00" type="DEFAULT_VEHTYPE" speed="12.46" pos="37.51" lane="2/2to2/1_0" slope="0.00"/>
        <vehicle id="7" x="201.65" y="418.91" angle="180.00" type="DEFAULT_VEHTYPE" speed="13.87" pos="14.16" lane="1/2to1/3_0" slope="0.00"/>
        <vehicle id="8" x="583.23" y="198.35" angle="90.00" type="DEFAULT_VEHTYPE" speed="9.10" pos="178.48" lane="2/1to3/1_0" slope="0.00"/>
        <vehicle id="9" x="412.33" y="401.65" angle="-90.00" type="DEFAULT_VEHTYPE" speed="6.45" pos="182.92" lane="3/2to2/2_0" slope="0.00"/>
    </timestep>
    <timestep time="44.00">
        <vehicle id="0" x="398.35" y="63.80" angle="0.00" type="DEFAULT_VEHTYPE" speed="13.89" pos="131.45" lane="2/1to2/0_0" slope="0.00"/>
        <vehicle id="1" x="601.65" y="501.33" angle="180.00" type="DEFAULT_VEHTYPE" speed="12.68" pos="96.58" lane="3/2to3/3_0" slope="0.00"/>
        <vehicle id="10" x="799.09" y="198.35" angle="90.00" type="DEFAULT_VEHTYPE" speed="13.75" pos="194.34" lane="3/1to4/1_0" slope="0.00"/>
        <vehicle id="11" x="410.94" y="601.65" angle="-90.00" type="DEFAULT_VEHTYPE" speed="4.64" pos="184.31" lane="3/3to2/3_0" slope="0.00"/>
        <vehicle id="12" x="241.01" y="201.65" angle="-90.00" type="DEFAULT_VEHTYPE" speed="13.84" pos="154.24" lane="2/1to1/1_0" slope="0.00"/>
        <vehicle id="13" x="169.66" y="598.35" angle="90.00" type="DEFAULT_VEHTYPE" speed="13.12" pos="169.66" lane="0/3to1/3_0" slope="0.00"/>
        <vehicle id="14" x="201.65" y="357.15" angle="180.00" type="DEFAULT_VEHTYPE" speed="13.43" pos="152.40" lane="1/1to1/2_0" slope="0.00"/>
        <vehicle id="15" x="477.84" y="401.65" angle="-90.00" type="DEFAULT_VEHTYPE" speed="13.79" pos="117.41" lane="3/2to2/2_0" slope="0.00"/>
        <vehicle id="16" x="458.54" y="601.65" angle="-90.00" type="DEFAULT_VEHTYPE" speed="13.84" pos="136.71" lane="3/3to2/3_0" slope="0.00"/>
        <vehicle id="17" x="598.35" y="675.26" angle="0.00" type="DEFAULT_VEHTYPE" speed="12.70" pos="124.74" lane="3/4to3/3_0" slope="0.00"/>
        <vehicle id="18" x="198.35" y="318.36" angle="0.00" type="DEFAULT_VEHTYPE" speed="13.09" pos="76.89" lane="1/2to1/1_0" slope="0.00"/>
        <vehicle id="19" x="363.47" y="601.65" angle="-90.00" type="DEFAULT_VEHTYPE" speed="13.31" pos="31.78" lane="2/3to1/3_0" slope="0.00"/>
        <vehicle id="2" x="406.84" y="398.35" angle="90.00" type="DEFAULT_VEHTYPE" speed="7.13" pos="2.09" lane="2/2to3/2_0" slope="0.00"/>
        <vehicle id="20" x="495.28" y="398.35" angle="90.00" type="DEFAULT_VEHTYPE" speed="12.92" pos="90.53" lane="2/2to3/2_0" slope="0.00"/>
        <vehicle id="21" x="398.35" y="761.18" angle="0.00" type="DEFAULT_VEHTYPE" speed="13.02" pos="38.82" lane="2/4to2/3_0" slope="0.00"/>
        <vehicle id="22" x="401.65" y="257.81" angle="180.00" type="DEFAULT_VEHTYPE" speed="13.62" pos="53.06" lane="2/1to2/2_0" slope="0.00"/>
        <vehicle id="23" x="601.65" y="44.18" angle="180.00" type="DEFAULT_VEHTYPE" speed="13.05" pos="44.18" lane="3/0to3/1_0" slope="0.00"/>
        <vehicle id="24" x="194.59" y="198.35" angle="90.00" type="DEFAULT_VEHTYPE" speed="4.47" pos="194.59" lane="0/1to1/1_0" slope="0.00"/>
        <vehicle id="25" x="598.35" y="774.53" angle="0.00" type="DEFAULT_VEHTYPE" speed="13.76" pos="25.47" lane="3/4to3/3_0" slope="0.00"/>
        <vehicle id="26" x="191.85" y="401.65" angle="-86.43" type="DEFAULT_VEHTYPE" speed="13.06" pos="3.40" lane="1/2to0/2_0" slope="0.00"/>
        <vehicle id="27" x="401.65" y="584.83" angle="180.00" type="DEFAULT_VEHTYPE" speed="8.06" pos="180.08" lane="2/2to2/3_0" slope="0.00"/>
        <vehicle id="28" x="223.24" y="401.65" angle="-90.00" type="DEFAULT_VEHTYPE" speed="10.59" pos="172.01" lane="2/2to1/2_0" slope="0.00"/>
        <vehicle id="29" x="772.74" y="398.35" angle="90.00" type="DEFAULT_VEHTYPE" speed="13.82" pos="167.99" lane="3/2to4/2_0" slope="0.00"/>
        <vehicle id="3" x="398.35" y="129.53" angle="0.00" type="DEFAULT_VEHTYPE" speed="13.88" pos="65.72" lane="2/1to2/0_0" slope="0.00"/>
        <vehicle id="30" x="651.73" y="201.65" angle="-90.00" type="DEFAULT_VEHTYPE" speed="12.99" pos="148.27" lane="4/1to3/1_0" slope="0.00"/>
        <vehicle id="31" x="55.21" y="601.65" angle="-90.00" type="DEFAULT_VEHTYPE" speed="13.02" pos="140.04" lane="1/3to0/3_0" slope="0.00"/>
        <vehicle id="32" x="327.28" y="398.35" angle="90.00" type="DEFAULT_VEHTYPE" speed="13.24" pos="122.53" lane="1/2to2/2_0" slope="0.00"/>
        <vehicle id="33" x="601.65" y="315.59" angle="180.00" type="DEFAULT_VEHTYPE" speed="13.08" pos="110.84" lane="3/1to3/2_0" slope="0.00"/>
        <vehicle id="34" x="198.35" y="139.68" angle="0.00" type="DEFAULT_VEHTYPE" speed="12.67" pos="55.57" lane="1/1to1/0_0" slope="0.00"/>
        <vehicle id="35" x="198.35" y="712.68" angle="0.00" type="DEFAULT_VEHTYPE" speed="13.12" pos="87.32" lane="1/4to1/3_0" slope="0.00"/>
        <vehicle id="36" x="75.05" y="598.35" angle="90.00" type="DEFAULT_VEHTYPE" speed="12.82" pos="75.05" lane="0/3to1/3_0" slope="0.00"/>
        <vehicle id="37" x="135.85" y="201.65" angle="-90.00" type="DEFAULT_VEHTYPE" speed="13.63" pos="59.40" lane="1/1to0/1_0" slope="0.00"/>
        <vehicle id="38" x="598.35" y="148.21" angle="0.00" type="DEFAULT_VEHTYPE" speed="11.32" pos="47.04" lane="3/1to3/0_0" slope="0.00"/>
        <vehicle id="39" x="772.02" y="401.65" angle="-90.00" type="DEFAULT_VEHTYPE" speed="7.78" pos="27.98" lane="4/2to3/2_0" slope="0.00"/>
        <vehicle id="4" x="201.65" y="298.57" angle="180.00" type="DEFAULT_VEHTYPE" speed="13.15" pos="93.82" lane="1/1to1/2_0" slope="0.00"/>
        <vehicle id="40" x="401.65" y="215.43" angle="180.00" type="DEFAULT_VEHTYPE" speed="3.87" pos="10.68" lane="2/1to2/2_0" slope="0.00"/>
        <vehicle id="41" x="598.35" y="378.07" angle="0.00" type="DEFAULT_VEHTYPE" speed="5.95" pos="17.18" lane="3/2to3/1_0" slope="0.00"/>
        <vehicle id="43" x="398.35" y="387.66" angle="0.00" type="DEFAULT_VEHTYPE" speed="2.49" pos="7.59" lane="2/2to2/1_0" slope="0.00"/>
        <vehicle id="44" x="198.35" y="390.15" angle="0.00" type="DEFAULT_VEHTYPE" speed="0.00" pos="5.10" lane="1/2to1/1_0" slope="0.00"/>
        <vehicle id="5" x="398.35" y="321.63" angle="0.00" type="DEFAULT_VEHTYPE" speed="12.62" pos="73.62" lane="2/2to2/1_0" slope="0.00"/>
        <vehicle id="6" x="398.35" y="344.06" angle="0.00" type="DEFAULT_VEHTYPE" speed="13.68" pos="51.19" lane="2/2to2/1_0" slope="0.00"/>
        <vehicle id="7" x="201.65" y="432.66" angle="180.00" type="DEFAULT_VEHTYPE" speed="13.75" pos="27.91" lane="1/2to1/3_0" slope="0.00"/>
        <vehicle id="8" x="587.87" y="198.35" angle="90.00" type="DEFAULT_VEHTYPE" speed="4.64" pos="183.12" lane="2/1to3/1_0" slope="0.00"/>
        <vehicle id="9" x="409.88" y="401.65" angle="-90.00" type="DEFAULT_VEHTYPE" speed="2.45" pos="185.37" lane="3/2to2/2_0" slope="0.00"/>
    </timestep>
    <timestep time="45.00">
        <vehicle id="0" x="398.35" y="50.99" angle="0.00" type="DEFAULT_VEHTYPE" speed="12.81" pos="144.26" lane="2/1to2/0_0" slope="0.00"/>
        <vehicle id="1" x="601.65" y="514.51" angle="180.00" type="DEFAULT_VEHTYPE" speed="13.17" pos="109.76" lane="3/2to3/3_0" slope="0.00"/>
        <vehicle id="10" x="792.13" y="201.65" angle="-90.00" type="DEFAULT_VEHTYPE" speed="13.60" pos="7.87" lane="4/1to3/1_0" slope="0.00"/>
        <vehicle id="11" x="408.46" y="601.65" angle="-90.00" type="DEFAULT_VEHTYPE" speed="2.48" pos="186.79" lane="3/3to2/3_0" slope="0.00"/>
        <vehicle id="12" x="228.52" y="201.65" angle="-90.00" type="DEFAULT_VEHTYPE" speed="12.49" pos="166.73" lane="2/1to1/1_0" slope="0.00"/>
        <vehicle id="13" x="179.47" y="598.35" angle="90.00" type="DEFAULT_VEHTYPE" speed="9.81" pos="179.47" lane="0/3to1/3_0" slope="0.00"/>
        <vehicle id="14" x="201.65" y="369.80" angle="180.00" type="DEFAULT_VEHTYPE" speed="12.65" pos="165.05" lane="1/1to1/2_0" slope="0.00"/>
        <vehicle id="15" x="464.58" y="401.65" angle="-90.00" type="DEFAULT_VEHTYPE" speed="13.26" pos="130.67" lane="3/2to2/2_0" slope="0.00"/>
        <vehicle id="16" x="445.32" y="601.65" angle="-90.00" type="DEFAULT_VEHTYPE" speed="13.22" pos="149.93" lane="3/3to2/3_0" slope="0.00"/>
        <vehicle id="17" x="598.35" y="662.57" angle="0.00" type="DEFAULT_VEHTYPE" speed="12.69" pos="137.43" lane="3/4to3/3_0" slope="0.00"/>
        <vehicle id="18" x="198.35" y="305.08" angle="0.00" type="DEFAULT_VEHTYPE" speed="13.28" pos="90.17" lane="1/2to1/1_0" slope="0.00"/>
        <vehicle id="19" x="350.46" y="601.65" angle="-90.00" type="DEFAULT_VEHTYPE" speed="13.01" pos="44.79" lane="2/3to1/3_0" slope="0.00"/>
        <vehicle id="2" x="416.41" y="398.35" angle="90.00" type="DEFAULT_VEHTYPE" speed="9.57" pos="11.66" lane="2/2to3/2_0" slope="0.00"/>
        <vehicle id="20" x="508.76" y="398.35" angle="90.00" type="DEFAULT_VEHTYPE" speed="13.48" pos="104.01" lane="2/2to3/2_0" slope="0.00"/>
        <vehicle id="21" x="398.35" y="747.68" angle="0.00" type="DEFAULT_VEHTYPE" speed="13.50" pos="52.32" lane="2/4to2/3_0" slope="0.00"/>
        <vehicle id="22" x="401.65" y="271.39" angle="180.00" type="DEFAULT_VEHTYPE" speed="13.58" pos="66.64" lane="2/1to2/2_0" slope="0.00"/>
        <vehicle id="23" x="601.65" y="58.00" angle="180.00" type="DEFAULT_VEHTYPE" speed="13.82" pos="58.00" lane="3/0to3/1_0" slope="0.00"/>
        <vehicle id="24" x="200.50" y="200.71" angle="117.63" type="DEFAULT_VEHTYPE" speed="6.71" pos="6.04" lane=":1/1_14_0" slope="0.00"/>
        <vehicle id="25" x="598.35" y="761.40" angle="0.00" type="DEFAULT_VEHTYPE" speed="13.13" pos="38.60" lane="3/4to3/3_0" slope="0.00"/>
        <vehicle id="26" x="177.95" y="401.65" angle="-90.00" type="DEFAULT_VEHTYPE" speed="13.90" pos="17.30" lane="1/2to0/2_0" slope="0.00"/>
        <vehicle id="27" x="401.65" y="589.47" angle="180.00" type="DEFAULT_VEHTYPE" speed="4.64" pos="184.72" lane="2/2to2/3_0" slope="0.00"/>
        <vehicle id="28" x="216.13" y="401.65" angle="-90.00" type="DEFAULT_VEHTYPE" speed="7.11" pos="179.12" lane="2/2to1/2_0" slope="0.00"/>
        <vehicle id="29" x="786.01" y="398.35" angle="90.00" type="DEFAULT_VEHTYPE" speed="13.27" pos="181.26" lane="3/2to4/2_0" slope="0.00"/>
        <vehicle id="3" x="398.35" y="116.88" angle="0.00" type="DEFAULT_VEHTYPE" speed="12.65" pos="78.37" lane="2/1to2/0_0" slope="0.00"/>
        <vehicle id="30" x="638.09" y="201.65" angle="-90.00" type="DEFAULT_VEHTYPE" speed="13.64" pos="161.91" lane="4/1to3/1_0" slope="0.00"/>
        <vehicle id="31" x="41.52" y="601.65" angle="-90.00" type="DEFAULT_VEHTYPE" speed="13.70" pos="153.73" lane="1/3to0/3_0" slope="0.00"/>
        <vehicle id="32" x="340.62" y="398.35" angle="90.00" type="DEFAULT_VEHTYPE" speed="13.33" pos="135.87" lane="1/2to2/2_0" slope="0.00"/>
        <vehicle id="33" x="601.65" y="328.51" angle="180.00" type="DEFAULT_VEHTYPE" speed="12.92" pos="123.76" lane="3/1to3/2_0" slope="0.00"/>
        <vehicle id="34" x="198.35" y="126.55" angle="0.00" type="DEFAULT_VEHTYPE" speed="13.12" pos="68.70" lane="1/1to1/0_0" slope="0.00"/>
        <vehicle id="35" x="198.35" y="698.92" angle="0.00" type="DEFAULT_VEHTYPE" speed="13.76" pos="101.08" lane="1/4to1/3_0" slope="0.00"/>
        <vehicle id="36" x="88.60" y="598.35" angle="90.00" type="DEFAULT_VEHTYPE" speed="13.54" pos="88.60" lane="0/3to1/3_0" slope="0.00"/>
        <vehicle id="37" x="122.44" y="201.65" angle="-90.00" type="DEFAULT_VEHTYPE" speed="13.40" pos="72.81" lane="1/1to0/1_0" slope="0.00"/>
        <vehicle id="38" x="598.35" y="135.27" angle="0.00" type="DEFAULT_VEHTYPE" speed="12.94" pos="59.98" lane="3/1to3/0_0" slope="0.00"/>
        <vehicle id="39" x="762.93" y="401.65" angle="-90.00" type="DEFAULT_VEHTYPE" speed="9.08" pos="37.07" lane="4/2to3/2_0" slope="0.00"/>
        <vehicle id="4" x="201.65" y="312.24" angle="180.00" type="DEFAULT_VEHTYPE" speed="13.67" pos="107.49" lane="1/1to1/2_0" slope="0.00"/>
        <vehicle id="40" x="401.65" y="221.63" angle="180.00" type="DEFAULT_VEHTYPE" speed="6.20" pos="16.88" lane="2/1to2/2_0" slope="0.00"/>
        <vehicle id="41" x="598.35" y="370.67" angle="0.00" type="DEFAULT_VEHTYPE" speed="7.40" pos="24.58" lane="3/2to3/1_0" slope="0.00"/>
        <vehicle id="43" x="398.35" y="382.95" angle="0.00" type="DEFAULT_VEHTYPE" speed="4.71" pos="12.30" lane="2/2to2/1_0" slope="0.00"/>
        <vehicle id="44" x="198.35" y="387.87" angle="0.00" type="DEFAULT_VEHTYPE" speed="2.28" pos="7.38" lane="1/2to1/1_0" slope="0.00"/>
        <vehicle id="5" x="398.35" y="308.36" angle="0.00" type="DEFAULT_VEHTYPE" speed="13.28" pos="86.89" lane="2/2to2/1_0" slope="0.00"/>
        <vehicle id="6" x="398.35" y="331.81" angle="0.00" type="DEFAULT_VEHTYPE" speed="12.25" pos="63.44" lane="2/2to2/1_0" slope="0.00"/>
        <vehicle id="7" x="201.65" y="445.67" angle="180.00" type="DEFAULT_VEHTYPE" speed="13.01" pos="40.92" lane="1/2to1/3_0" slope="0.00"/>
        <vehicle id="8" x="590.38" y="198.35" angle="90.00" type="DEFAULT_VEHTYPE" speed="2.51" pos="185.63" lane="2/1to3/1_0" slope="0.00"/>
        <vehicle id="9" x="405.11" y="401.65" angle="-90.00" type="DEFAULT_VEHTYPE" speed="4.77" pos="190.14" lane="3/2to2/2_0" slope="0.00"/>
    </timestep>
    <timestep time="46.00">
        <vehicle id="0" x="398.35" y="38.06" angle="0.00" type="DEFAULT_VEHTYPE" speed="12.93" pos="157.19" lane="2/1to2/0_0" slope="0.00"/>
        <vehicle id="1" x="601.65" y="528.27" angle="180.00" type="DEFAULT_VEHTYPE" speed="13.77" pos="123.52" lane="3/2to3/3_0" slope="0.00"/>
        <vehicle id="10" x="778.36" y="201.65" angle="-90.00" type="DEFAULT_VEHTYPE" speed="13.77" pos="21.64" lane="4/1to3/1_0" slope="0.00"/>
        <vehicle id="11" x="407.59" y="601.65" angle="-90.00" type="DEFAULT_VEHTYPE" speed="0.86" pos="187.66" lane="3/3to2/3_0" slope="0.00"/>
        <vehicle id="12" x="218.74" y="201.65" angle="-90.00" type="DEFAULT_VEHTYPE" speed="9.78" pos="176.51" lane="2/1to1/1_0" slope="0.00"/>
        <vehicle id="13" x="185.88" y="598.35" angle="90.00" type="DEFAULT_VEHTYPE" speed="6.41" pos="185.88" lane="0/3to1/3_0" slope="0.00"/>
        <vehicle id="14" x="201.65" y="382.87" angle="180.00" type="DEFAULT_VEHTYPE" speed="13.07" pos="178.12" lane="1/1to1/2_0" slope="0.00"/>
        <vehicle id="15" x="451.56" y="401.65" angle="-90.00" type="DEFAULT_VEHTYPE" speed="13.02" pos="143.69" lane="3/2to2/2_0" slope="0.00"/>
        <vehicle id="16" x="433.60" y="601.65" angle="-90.00" type="DEFAULT_VEHTYPE" speed="11.73" pos="161.65" lane="3/3to2/3_0" slope="0.00"/>
        <vehicle id="17" x="598.35" y="649.87" angle="0.00" type="DEFAULT_VEHTYPE" speed="12.71" pos="150.13" lane="3/4to3/3_0" slope="0.00"/>
        <vehicle id="18" x="198.35" y="291.18" angle="0.00" type="DEFAULT_VEHTYPE" speed="13.90" pos="104.07" lane="1/2to1/1_0" slope="0.00"/>
        <vehicle id="19" x="337.80" y="601.65" angle="-90.00" type="DEFAULT_VEHTYPE" speed="12.66" pos="57.45" lane="2/3to1/3_0" slope="0.00"/>
        <vehicle id="2" x="427.44" y="398.35" angle="90.00" type="DEFAULT_VEHTYPE" speed="11.03" pos="22.69" lane="2/2to3/2_0" slope="0.00"/>
        <vehicle id="20" x="521.92" y="398.35" angle="90.00" type="DEFAULT_VEHTYPE" speed="13.16" pos="117.17" lane="2/2to3/2_0" slope="0.00"/>
        <vehicle id="21" x="398.35" y="734.43" angle="0.00" type="DEFAULT_VEHTYPE" speed="13.25" pos="65.57" lane="2/4to2/3_0" slope="0.00"/>
        <vehicle id="22" x="401.65" y="284.50" angle="180.00" type="DEFAULT_VEHTYPE" speed="13.11" pos="79.75" lane="2/1to2/2_0" slope="0.00"/>
        <vehicle id="23" x="601.65" y="71.37" angle="180.00" type="DEFAULT_VEHTYPE" speed="13.37" pos="71.37" lane="3/0to3/1_0" slope="0.00"/>
        <vehicle id="24" x="201.65" y="208.69" angle="178.28" type="DEFAULT_VEHTYPE" speed="8.22" pos="3.94" lane="1/1to1/2_0" slope="0.00"/>
        <vehicle id="25" x="598.35" y="747.96" angle="0.00" type="DEFAULT_VEHTYPE" speed="13.44" pos="52.04" lane="3/4to3/3_0" slope="0.00"/>
        <vehicle id="26" x="164.82" y="401.65" angle="-90.00" type="DEFAULT_VEHTYPE" speed="13.13" pos="30.43" lane="1/2to0/2_0" slope="0.00"/>
        <vehicle id="27" x="401.57" y="595.78" angle="-179.13" type="DEFAULT_VEHTYPE" speed="6.32" pos="0.54" lane=":2/3_10_0" slope="0.00"/>
        <vehicle id="28" x="211.46" y="401.65" angle="-90.00" type="DEFAULT_VEHTYPE" speed="4.68" pos="183.79" lane="2/2to1/2_0" slope="0.00"/>
        <vehicle id="29" x="798.72" y="398.35" angle="90.00" type="DEFAULT_VEHTYPE" speed="12.71" pos="193.97" lane="3/2to4/2_0" slope="0.00"/>
        <vehicle id="3" x="398.35" y="103.69" angle="0.00" type="DEFAULT_VEHTYPE" speed="13.19" pos="91.56" lane="2/1to2/0_0" slope="0.00"/>
        <vehicle id="30" x="626.44" y="201.65" angle="-90.00" type="DEFAULT_VEHTYPE" speed="11.65" pos="173.56" lane="4/1to3/1_0" slope="0.00"/>
        <vehicle id="31" x="28.39" y="601.65" angle="-90.00" type="DEFAULT_VEHTYPE" speed="13.13" pos="166.86" lane="1/3to0/3_0" slope="0.00"/>
        <vehicle id="32" x="353.84" y="398.35" angle="90.00" type="DEFAULT_VEHTYPE" speed="13.22" pos="149.09" lane="1/2to2/2_0" slope="0.00"/>
        <vehicle id="33" x="601.65" y="341.69" angle="180.00" type="DEFAULT_VEHTYPE" speed="13.18" pos="136.94" lane="3/1to3/2_0" slope="0.00"/>
        <vehicle id="34" x="198.35" y="113.58" angle="0.00" type="DEFAULT_VEHTYPE" speed="12.98" pos="81.67" lane="1/1to1/0_0" slope="0.00"/>
        <vehicle id="35" x="198.35" y="685.77" angle="0.00" type="DEFAULT_VEHTYPE" speed="13.15" pos="114.23" lane="1/4to1/3_0" slope="0.00"/>
        <vehicle id="36" x="101.83" y="598.35" angle="90.00" type="DEFAULT_VEHTYPE" speed="13.24" pos="101.83" lane="0/3to1/3_0" slope="0.00"/>
        <vehicle id="37" x="109.59" y="201.65" angle="-90.00" type="DEFAULT_VEHTYPE" speed="12.85" pos="85.66" lane="1/1to0/1_0" slope="0.00"/>
        <vehicle id="38" x="598.35" y="122.24" angle="0.00" type="DEFAULT_VEHTYPE" speed="13.03" pos="73.01" lane="3/1to3/0_0" slope="0.00"/>
        <vehicle id="39" x="751.75" y="401.65" angle="-90.00" type="DEFAULT_VEHTYPE" speed="11.19" pos="48.25" lane="4/2to3/2_0" slope="0.00"/>
        <vehicle id="4" x="201.65" y="325.11" angle="180.00" type="DEFAULT_VEHTYPE" speed="12.86" pos="120.36" lane="1/1to1/2_0" slope="0.00"/>
        <vehicle id="40" x="401.65" y="229.92" angle="180.00" type="DEFAULT_VEHTYPE" speed="8.30" pos="25.17" lane="2/1to2/2_0" slope="0.00"/>
        <vehicle id="41" x="598.35" y="360.74" angle="0.00" type="DEFAULT_VEHTYPE" speed="9.93" pos="34.51" lane="3/2to3/1_0" slope="0.00"/>
        <vehicle id="43" x="398.35" y="375.68" angle="0.00" type="DEFAULT_VEHTYPE" speed="7.27" pos="19.57" lane="2/2to2/1_0" slope="0.00"/>
        <vehicle id="44" x="198.35" y="384.23" angle="0.00" type="DEFAULT_VEHTYPE" speed="3.64" pos="11.02" lane="1/2to1/1_0" slope="0.00"/>
        <vehicle id="45" x="794.90" y="201.65" angle="-90.00" type="DEFAULT_VEHTYPE" speed="0.00" pos="5.10" lane="4/1to3/1_0" slope="0.00"/>
        <vehicle id="46" x="609.85" y="598.35" angle="90.00" type="DEFAULT_VEHTYPE" speed="0.00" pos="5.10" lane="3/3to4/3_0" slope="0.00"/>
        <vehicle id="5" x="398.35" y="294.50" angle="0.00" type="DEFAULT_VEHTYPE" speed="13.85" pos="100.75" lane="2/2to2/1_0" slope="0.00"/>
        <vehicle id="6" x="398.35" y="318.54" angle="0.00" type="DEFAULT_VEHTYPE" speed="13.27" pos="76.71" lane="2/2to2/1_0" slope="0.00"/>
        <vehicle id="7" x="201.65" y="458.35" angle="180.00" type="DEFAULT_VEHTYPE" speed="12.68" pos="53.60" lane="1/2to1/3_0" slope="0.00"/>
        <vehicle id="8" x="594.61" y="198.35" angle="90.00" type="DEFAULT_VEHTYPE" speed="4.22" pos="189.86" lane="2/1to3/1_0" slope="0.00"/>
        <vehicle id="9" x="399.57" y="399.42" angle="-63.87" type="DEFAULT_VEHTYPE" speed="6.25" pos="5.90" lane=":2/2_6_0" slope="0.00"/>
    </timestep>
    <timestep time="47.00">
        <vehicle id="0" x="398.35" y="25.01" angle="0.00" type="DEFAULT_VEHTYPE" speed="13.05" pos="170.24" lane="2/1to2/0_0" slope="0.00"/>
        <vehicle id="1" x="601.65" y="541.78" angle="180.00" type="DEFAULT_VEHTYPE" speed="13.50" pos="137.03" lane="3/2to3/3_0" slope="0.00"/>
        <vehicle id="10" x="765.66" y="201.65" angle="-90.00" type="DEFAULT_VEHTYPE" speed="12.70" pos="34.34" lane="4/1to3/1_0" slope="0.00"/>
        <vehicle id="11" x="407.39" y="601.65" angle="-90.00" type="DEFAULT_VEHTYPE" speed="0.21" pos="187.86" lane="3/3to2/3_0" slope="0.00"/>
        <vehicle id="12" x="213.22" y="201.65" angle="-90.00" type="DEFAULT_VEHTYPE" speed="5.51" pos="182.03" lane="2/1to1/1_0" slope="0.00"/>
        <vehicle id="13" x="189.32" y="598.35" angle="90.00" type="DEFAULT_VEHTYPE" speed="3.44" pos="189.32" lane="0/3to1/3_0" slope="0.00"/>
        <vehicle id="14" x="201.79" y="396.26" angle="178.39" type="DEFAULT_VEHTYPE" speed="13.40" pos="1.02" lane=":1/2_8_0" slope="0.00"/>
        <vehicle id="15" x="438.96" y="401.65" angle="-90.00" type="DEFAULT_VEHTYPE" speed="12.60" pos="156.29" lane="3/2to2/2_0" slope="0.00"/>
        <vehicle id="16" x="425.08" y="601.65" angle="-90.00" type="DEFAULT_VEHTYPE" speed="8.51" pos="170.17" lane="3/3to2/3_0" slope="0.00"/>
        <vehicle id="17" x="598.35" y="636.77" angle="0.00" type="DEFAULT_VEHTYPE" speed="13.10" pos="163.23" lane="3/4to3/3_0" slope="0.00"/>
        <vehicle id="18" x="198.35" y="277.43" angle="0.00" type="DEFAULT_VEHTYPE" speed="13.75" pos="117.82" lane="1/2to1/1_0" slope="0.00"/>
        <vehicle id="19" x="324.17" y="601.65" angle="-90.00" type="DEFAULT_VEHTYPE" speed="13.63" pos="71.08" lane="2/3to1/3_0" slope="0.00"/>
        <vehicle id="2" x="440.83" y="398.35" angle="90.00" type="DEFAULT_VEHTYPE" speed="13.39" pos="36.08" lane="2/2to3/2_0" slope="0.00"/>
        <vehicle id="20" x="535.55" y="398.35" angle="90.00" type="DEFAULT_VEHTYPE" speed="13.63" pos="130.80" lane="2/2to3/2_0" slope="0.00"/>
        <vehicle id="21" x="398.35" y="721.73" angle="0.00" type="DEFAULT_VEHTYPE" speed="12.70" pos="78.27" lane="2/4to2/3_0" slope="0.00"/>
        <vehicle id="22" x="401.65" y="297.70" angle="180.00" type="DEFAULT_VEHTYPE" speed="13.21" pos="92.95" lane="2/1to2/2_0" slope="0.00"/>
        <vehicle id="23" x="601.65" y="84.96" angle="180.00" type="DEFAULT_VEHTYPE" speed="13.59" pos="84.96" lane="3/0to3/1_0" slope="0.00"/>
        <vehicle id="24" x="201.65" y="219.09" angle="180.00" type="DEFAULT_VEHTYPE" speed="10.39" pos="14.34" lane="1/1to1/2_0" slope="0.00"/>
        <vehicle id="25" x="598.35" y="735.10" angle="0.00" type="DEFAULT_VEHTYPE" speed="12.87" pos="64.90" lane="3/4to3/3_0" slope="0.00"/>
        <vehicle id="26" x="152.01" y="401.65" angle="-90.00" type="DEFAULT_VEHTYPE" speed="12.81" pos="43.24" lane="1/2to0/2_0" slope="0.00"/>
        <vehicle id="27" x="396.78" y="601.43" angle="-122.86" type="DEFAULT_VEHTYPE" speed="8.23" pos="1.63" lane=":2/3_18_0" slope="0.00"/>
        <vehicle id="28" x="204.85" y="401.65" angle="-90.00" type="DEFAULT_VEHTYPE" speed="6.61" pos="190.40" lane="2/2to1/2_0" slope="0.00"/>
        <vehicle id="29" x="793.49" y="401.65" angle="-90.00" type="DEFAULT_VEHTYPE" speed="12.60" pos="6.51" lane="4/2to3/2_0" slope="0.00"/>
        <vehicle id="3" x="398.35" y="90.85" angle="0.00" type="DEFAULT_VEHTYPE" speed="12.85" pos="104.40" lane="2/1to2/0_0" slope="0.00"/>
        <vehicle id="30" x="617.55" y="201.65" angle="-90.00" type="DEFAULT_VEHTYPE" speed="8.89" pos="182.45" lane="4/1to3/1_0" slope="0.00"/>
        <vehicle id="31" x="14.53" y="601.65" angle="-90.00" type="DEFAULT_VEHTYPE" speed="13.86" pos="180.72" lane="1/3to0/3_0" slope="0.00"/>
        <vehicle id="32" x="366.62" y="398.35" angle="90.00" type="DEFAULT_VEHTYPE" speed="12.78" pos="161.87" lane="1/2to2/2_0" slope="0.00"/>
        <vehicle id="33" x="601.65" y="354.76" angle="180.00" type="DEFAULT_VEHTYPE" speed="13.07" pos="150.01" lane="3/1to3/2_0" slope="0.00"/>
        <vehicle id="34" x="198.35" y="100.93" angle="0.00" type="DEFAULT_VEHTYPE" speed="12.65" pos="94.32" lane="1/1to1/0_0" slope="0.00"/>
        <vehicle id="35" x="198.35" y="672.04" angle="0.00" type="DEFAULT_VEHTYPE" speed="13.73" pos="127.96" lane="1/4to1/3_0" slope="0.00"/>
        <vehicle id="36" x="115.39" y="598.35" angle="90.00" type="DEFAULT_VEHTYPE" speed="13.55" pos="115.39" lane="0/3to1/3_0" slope="0.00"/>
        <vehicle id="37" x="96.89" y="201.65" angle="-90.00" type="DEFAULT_VEHTYPE" speed="12.70" pos="98.36" lane="1/1to0/1_0" slope="0.00"/>
        <vehicle id="38" x="598.35" y="108.75" angle="0.00" type="DEFAULT_VEHTYPE" speed="13.49" pos="86.50" lane="3/1to3/0_0" slope="0.00"/>
        <vehicle id="39" x="739.15" y="401.65" angle="-90.00" type="DEFAULT_VEHTYPE" speed="12.60" pos="60.85" lane="4/2to3/2_0" slope="0.00"/>
        <vehicle id="4" x="201.65" y="338.91" angle="180.00" type="DEFAULT_VEHTYPE" speed="13.80" pos="134.16" lane="1/1to1/2_0" slope="0.00"/>
        <vehicle id="40" x="401.65" y="240.67" angle="180.00" type="DEFAULT_VEHTYPE" speed="10.74" pos="35.92" lane="2/1to2/2_0" slope="0.00"/>
        <vehicle id="41" x="598.35" y="348.34" angle="0.00" type="DEFAULT_VEHTYPE" speed="12.39" pos="46.91" lane="3/2to3/1_0" slope="0.00"/>
        <vehicle id="43" x="398.35" y="366.58" angle="0.00" type="DEFAULT_VEHTYPE" speed="9.10" pos="28.67" lane="2/2to2/1_0" slope="0.00"/>
        <vehicle id="44" x="198.35" y="378.88" angle="0.00" type="DEFAULT_VEHTYPE" speed="5.35" pos="16.37" lane="1/2to1/1_0" slope="0.00"/>
        <vehicle id="45" x="793.43" y="201.65" angle="-90.00" type="DEFAULT_VEHTYPE" speed="1.47" pos="6.57" lane="4/1to3/1_0" slope="0.00"/>
        <vehicle id="46" x="612.14" y="598.35" angle="90.00" type="DEFAULT_VEHTYPE" speed="2.29" pos="7.39" lane="3/3to4/3_0" slope="0.00"/>
        <vehicle id="47" x="398.35" y="190.15" angle="0.00" type="DEFAULT_VEHTYPE" speed="0.00" pos="5.10" lane="2/1to2/0_0" slope="0.00"/>
        <vehicle id="5" x="398.35" y="280.71" angle="0.00" type="DEFAULT_VEHTYPE" speed="13.79" pos="114.54" lane="2/2to2/1_0" slope="0.00"/>
        <vehicle id="6" x="398.35" y="305.62" angle="0.00" type="DEFAULT_VEHTYPE" speed="12.92" pos="89.63" lane="2/2to2/1_0" slope="0.00"/>
        <vehicle id="7" x="201.65" y="470.99" angle="180.00" type="DEFAULT_VEHTYPE" speed="12.64" pos="66.24" lane="1/2to1/3_0" slope="0.00"/>
        <vehicle id="8" x="600.90" y="198.35" angle="90.00" type="DEFAULT_VEHTYPE" speed="6.29" pos="5.65" lane=":3/1_13_0" slope="0.00"/>
        <vehicle id="9" x="398.35" y="391.99" angle="-2.82" type="DEFAULT_VEHTYPE" speed="7.69" pos="3.26" lane="2/2to2/1_0" slope="0.00"/>
    </timestep>
    <timestep time="48.00">
        <vehicle id="0" x="398.35" y="11.77" angle="0.00" type="DEFAULT_VEHTYPE" speed="13.24" pos="183.48" lane="2/1to2/0_0" slope="0.00"/>
        <vehicle id="1" x="601.65" y="555.08" angle="180.00" type="DEFAULT_VEHTYPE" speed="13.31" pos="150.33" lane="3/2to3/3_0" slope="0.00"/>
        <vehicle id="10" x="752.95" y="201.65" angle="-90.00" type="DEFAULT_VEHTYPE" speed="12.71" pos="47.05" lane="4/1to3/1_0" slope="0.00"/>
        <vehicle id="11" x="405.68" y="601.65" angle="-90.00" type="DEFAULT_VEHTYPE" speed="1.71" pos="189.57" lane="3/3to2/3_0" slope="0.00"/>
        <vehicle id="12" x="210.39" y="201.65" angle="-90.00" type="DEFAULT_VEHTYPE" speed="2.83" pos="184.86" lane="2/1to1/1_0" slope="0.00"/>
        <vehicle id="13" x="194.12" y="598.35" angle="90.00" type="DEFAULT_VEHTYPE" speed="4.80" pos="194.12" lane="0/3to1/3_0" slope="0.00"/>
        <vehicle id="14" x="214.10" y="398.35" angle="90.00" type="DEFAULT_VEHTYPE" speed="13.33" pos="9.35" lane="1/2to2/2_0" slope="0.00"/>
        <vehicle id="15" x="426.13" y="401.65" angle="-90.00" type="DEFAULT_VEHTYPE" speed="12.82" pos="169.12" lane="3/2to2/2_0" slope="0.00"/>
        <vehicle id="16" x="420.09" y="601.65" angle="-90.00" type="DEFAULT_VEHTYPE" speed="4.99" pos="175.16" lane="3/3to2/3_0" slope="0.00"/>
        <vehicle id="17" x="598.35" y="623.68" angle="0.00" type="DEFAULT_VEHTYPE" speed="13.09" pos="176.32" lane="3/4to3/3_0" slope="0.00"/>
        <vehicle id="18" x="198.35" y="263.84" angle="0.00" type="DEFAULT_VEHTYPE" speed="13.59" pos="131.41" lane="1/2to1/1_0" slope="0.00"/>
        <vehicle id="19" x="311.17" y="601.65" angle="-90.00" type="DEFAULT_VEHTYPE" speed="13.01" pos="84.08" lane="2/3to1/3_0" slope="0.00"/>
        <vehicle id="2" x="454.24" y="398.35" angle="90.00" type="DEFAULT_VEHTYPE" speed="13.41" pos="49.49" lane="2/2to3/2_0" slope="0.00"/>
        <vehicle id="20" x="548.81" y="398.35" angle="90.00" type="DEFAULT_VEHTYPE" speed="13.27" pos="144.06" lane="2/2to3/2_0" slope="0.00"/>
        <vehicle id="21" x="398.35" y="708.08" angle="0.00" type="DEFAULT_VEHTYPE" speed="13.66" pos="91.92" lane="2/4to2/3_0" slope="0.00"/>
        <vehicle id="22" x="401.65" y="311.43" angle="180.00" type="DEFAULT_VEHTYPE" speed="13.73" pos="106.68" lane="2/1to2/2_0" slope="0.00"/>
        <vehicle id="23" x="601.65" y="98.00" angle="180.00" type="DEFAULT_VEHTYPE" speed="13.04" pos="98.00" lane="3/0to3/1_0" slope="0.00"/>
        <vehicle id="24" x="201.65" y="231.16" angle="180.00" type="DEFAULT_VEHTYPE" speed="12.07" pos="26.41" lane="1/1to1/2_0" slope="0.00"/>
        <vehicle id="25" x="598.35" y="721.52" angle="0.00" type="DEFAULT_VEHTYPE" speed="13.58" pos="78.48" lane="3/4to3/3_0" slope="0.00"/>
        <vehicle id="26" x="139.09" y="401.65" angle="-90.00" type="DEFAULT_VEHTYPE" speed="12.92" pos="56.16" lane="1/2to0/2_0" slope="0.00"/>
        <vehicle id="27" x="386.66" y="601.65" angle="-90.00" type="DEFAULT_VEHTYPE" speed="10.14" pos="8.59" lane="2/3to1/3_0" slope="0.00"/>
        <vehicle id="28" x="198.66" y="397.45" angle="-39.88" type="DEFAULT_VEHTYPE" speed="8.20" pos="8.09" lane=":1/2_6_0" slope="0.00"/>
        <vehicle id="29" x="780.34" y="401.65" angle="-90.00" type="DEFAULT_VEHTYPE" speed="13.15" pos="19.66" lane="4/2to3/2_0" slope="0.00"/>
        <vehicle id="3" x="398.35" y="77.62" angle="0.00" type="DEFAULT_VEHTYPE" speed="13.23" pos="117.63" lane="2/1to2/0_0" slope="0.00"/>
        <vehicle id="30" x="612.55" y="201.65" angle="-90.00" type="DEFAULT_VEHTYPE" speed="5.00" pos="187.45" lane="4/1to3/1_0" slope="0.00"/>
        <vehicle id="31" x="0.66" y="601.65" angle="-90.00" type="DEFAULT_VEHTYPE" speed="13.87" pos="194.59" lane="1/3to0/3_0" slope="0.00"/>
        <vehicle id="32" x="377.88" y="398.35" angle="90.00" type="DEFAULT_VEHTYPE" speed="11.26" pos="173.13" lane="1/2to2/2_0" slope="0.00"/>
        <vehicle id="33" x="601.65" y="367.81" angle="180.00" type="DEFAULT_VEHTYPE" speed="13.05" pos="163.06" lane="3/1to3/2_0" slope="0.00"/>
        <vehicle id="34" x="198.35" y="87.54" angle="0.00" type="DEFAULT_VEHTYPE" speed="13.39" pos="107.71" lane="1/1to1/0_0" slope="0.00"/>
        <vehicle id="35" x="198.35" y="658.48" angle="0.00" type="DEFAULT_VEHTYPE" speed="13.56" pos="141.52" lane="1/4to1/3_0" slope="0.00"/>
        <vehicle id="36" x="128.36" y="598.35" angle="90.00" type="DEFAULT_VEHTYPE" speed="12.97" pos="128.36" lane="0/3to1/3_0" slope="0.00"/>
        <vehicle id="37" x="84.23" y="201.65" angle="-90.00" type="DEFAULT_VEHTYPE" speed="12.66" pos="111.02" lane="1/1to0/1_0" slope="0.00"/>
        <vehicle id="38" x="598.35" y="94.95" angle="0.00" type="DEFAULT_VEHTYPE" speed="13.80" pos="100.30" lane="3/1to3/0_0" slope="0.00"/>
        <vehicle id="39" x="725.54" y="401.65" angle="-90.00" type="DEFAULT_VEHTYPE" speed="13.61" pos="74.46" lane="4/2to3/2_0" slope="0.00"/>
        <vehicle id="4" x="201.65" y="351.73" angle="180.00" type="DEFAULT_VEHTYPE" speed="12.82" pos="146.98" lane="1/1to1/2_0" slope="0.00"/>
        <vehicle id="40" x="401.65" y="253.23" angle="180.00" type="DEFAULT_VEHTYPE" speed="12.56" pos="48.48" lane="2/1to2/2_0" slope="0.00"/>
        <vehicle id="41" x="598.35" y="334.82" angle="0.00" type="DEFAULT_VEHTYPE" speed="13.52" pos="60.43" lane="3/2to3/1_0" slope="0.00"/>
        <vehicle id="42" x="201.65" y="409.85" angle="180.00" type="DEFAULT_VEHTYPE" speed="0.00" pos="5.10" lane="1/2to1/3_0" slope="0.00"/>
        <vehicle id="43" x="398.35" y="355.82" angle="0.00" type="DEFAULT_VEHTYPE" speed="10.76" pos="39.43" lane="2/2to2/1_0" slope="0.00"/>
        <vehicle id="44" x="198.35" y="371.69" angle="0.00" type="DEFAULT_VEHTYPE" speed="7.19" pos="23.56" lane="1/2to1/1_0" slope="0.00"/>
        <vehicle id="45" x="789.57" y="201.65" angle="-90.00" type="DEFAULT_VEHTYPE" speed="3.86" pos="10.43" lane="4/1to3/1_0" slope="0.00"/>
        <vehicle id="46" x="615.91" y="598.35" angle="90.00" type="DEFAULT_VEHTYPE" speed="3.77" pos="11.16" lane="3/3to4/3_0" slope="0.00"/>
        <vehicle id="47" x="398.35" y="188.17" angle="0.00" type="DEFAULT_VEHTYPE" speed="1.98" pos="7.08" lane="2/1to2/0_0" slope="0.00"/>
        <vehicle id="5" x="398.35" y="267.49" angle="0.00" type="DEFAULT_VEHTYPE" speed="13.23" pos="127.76" lane="2/2to2/1_0" slope="0.00"/>
        <vehicle id="6" x="398.35" y="291.91" angle="0.00" type="DEFAULT_VEHTYPE" speed="13.71" pos="103.34" lane="2/2to2/1_0" slope="0.00"/>
        <vehicle id="7" x="201.65" y="484.43" angle="180.00" type="DEFAULT_VEHTYPE" speed="13.44" pos="79.68" lane="1/2to1/3_0" slope="0.00"/>
        <vehicle id="8" x="609.08" y="198.35" angle="90.00" type="DEFAULT_VEHTYPE" speed="8.18" pos="4.33" lane="3/1to4/1_0" slope="0.00"/>
        <vehicle id="9" x="398.35" y="382.84" angle="0.00" type="DEFAULT_VEHTYPE" speed="9.15" pos="12.41" lane="2/2to2/1_0" slope="0.00"/>
    </timestep>
    <timestep time="49.00">
        <vehicle id="0" x="399.18" y="-1.24" angle="9.85" type="DEFAULT_VEHTYPE" speed="13.26" pos="1.49" lane=":2/0_0_0" slope="0.00"/>
        <vehicle id="1" x="601.65" y="568.70" angle="180.00" type="DEFAULT_VEHTYPE" speed="13.62" pos="163.95" lane="3/2to3/3_0" slope="0.00"/>
        <vehicle id="10" x="740.10" y="201.65" angle="-90.00" type="DEFAULT_VEHTYPE" speed="12.84" pos="59.90" lane="4/1to3/1_0" slope="0.00"/>
        <vehicle id="11" x="401.48" y="600.97" angle="-82.10" type="DEFAULT_VEHTYPE" speed="4.30" pos="3.37" lane=":2/3_6_0" slope="0.00"/>
        <vehicle id="12" x="206.05" y="201.65" angle="-90.00" type="DEFAULT_VEHTYPE" speed="4.33" pos="189.20" lane="2/1to1/1_0" slope="0.00"/>
        <vehicle id="13" x="198.35" y="594.04" angle="24.70" type="DEFAULT_VEHTYPE" speed="7.33" pos="1.21" lane="1/3to1/2_0" slope="0.00"/>
        <vehicle id="14" x="226.81" y="398.35" angle="90.00" type="DEFAULT_VEHTYPE" speed="12.71" pos="22.06" lane="1/2to2/2_0" slope="0.00"/>
        <vehicle id="15" x="417.06" y="401.65" angle="-90.00" type="DEFAULT_VEHTYPE" speed="9.08" pos="178.19" lane="3/2to2/2_0" slope="0.00"/>
        <vehicle id="16" x="416.55" y="601.65" angle="-90.00" type="DEFAULT_VEHTYPE" speed="3.54" pos="178.70" lane="3/3to2/3_0" slope="0.00"/>
        <vehicle id="17" x="598.35" y="610.25" angle="0.00" type="DEFAULT_VEHTYPE" speed="13.43" pos="189.75" lane="3/4to3/3_0" slope="0.00"/>
        <vehicle id="18" x="198.35" y="250.18" angle="0.00" type="DEFAULT_VEHTYPE" speed="13.66" pos="145.07" lane="1/2to1/1_0" slope="0.00"/>
        <vehicle id="19" x="297.55" y="601.65" angle="-90.00" type="DEFAULT_VEHTYPE" speed="13.62" pos="97.70" lane="2/3to1/3_0" slope="0.00"/>
        <vehicle id="2" x="468.09" y="398.35" angle="90.00" type="DEFAULT_VEHTYPE" speed="13.85" pos="63.34" lane="2/2to3/2_0" slope="0.00"/>
        <vehicle id="20" x="562.20" y="398.35" angle="90.00" type="DEFAULT_VEHTYPE" speed="13.39" pos="157.45" lane="2/2to3/2_0" slope="0.00"/>
        <vehicle id="21" x="398.35" y="695.15" angle="0.00" type="DEFAULT_VEHTYPE" speed="12.92" pos="104.85" lane="2/4to2/3_0" slope="0.00"/>
        <vehicle id="22" x="401.65" y="324.69" angle="180.00" type="DEFAULT_VEHTYPE" speed="13.25" pos="119.94" lane="2/1to2/2_0" slope="0.00"/>
        <vehicle id="23" x="601.65" y="111.32" angle="180.00" type="DEFAULT_VEHTYPE" speed="13.32" pos="111.32" lane="3/0to3/1_0" slope="0.00"/>
        <vehicle id="24" x="201.65" y="243.95" angle="180.00" type="DEFAULT_VEHTYPE" speed="12.79" pos="39.20" lane="1/1to1/2_0" slope="0.00"/>
        <vehicle id="25" x="598.35" y="707.85" angle="0.00" type="DEFAULT_VEHTYPE" speed="13.67" pos="92.15" lane="3/4to3/3_0" slope="0.00"/>
        <vehicle id="26" x="126.48" y="401.65" angle="-90.00" type="DEFAULT_VEHTYPE" speed="12.61" pos="68.77" lane="1/2to0/2_0" slope="0.00"/>
        <vehicle id="27" x="374.42" y="601.65" angle="-90.00" type="DEFAULT_VEHTYPE" speed="12.23" pos="20.83" lane="2/3to1/3_0" slope="0.00"/>
        <vehicle id="28" x="198.35" y="387.40" angle="0.00" type="DEFAULT_VEHTYPE" speed="10.08" pos="7.85" lane="1/2to1/1_0" slope="0.00"/>
        <vehicle id="29" x="766.87" y="401.65" angle="-90.00" type="DEFAULT_VEHTYPE" speed="13.47" pos="33.13" lane="4/2to3/2_0" slope="0.00"/>
        <vehicle id="3" x="398.35" y="64.78" angle="0.00" type="DEFAULT_VEHTYPE" speed="12.84" pos="130.47" lane="2/1to2/0_0" slope="0.00"/>
        <vehicle id="30" x="609.60" y="201.65" angle="-90.00" type="DEFAULT_VEHTYPE" speed="2.95" pos="190.40" lane="4/1to3/1_0" slope="0.00"/>
        <vehicle id="31" x="7.21" y="598.35" angle="90.00" type="DEFAULT_VEHTYPE" speed="12.69" pos="7.21" lane="0/3to1/3_0" slope="0.00"/>
        <vehicle id="32" x="384.92" y="398.35" angle="90.00" type="DEFAULT_VEHTYPE" speed="7.04" pos="180.17" lane="1/2to2/2_0" slope="0.00"/>
        <vehicle id="33" x="601.65" y="378.71" angle="180.00" type="DEFAULT_VEHTYPE" speed="10.90" pos="173.96" lane="3/1to3/2_0" slope="0.00"/>
        <vehicle id="34" x="198.35" y="73.71" angle="0.00" type="DEFAULT_VEHTYPE" speed="13.83" pos="121.54" lane="1/1to1/0_0" slope="0.00"/>
        <vehicle id="35" x="198.35" y="645.43" angle="0.00" type="DEFAULT_VEHTYPE" speed="13.05" pos="154.57" lane="1/4to1/3_0" slope="0.00"/>
        <vehicle id="36" x="141.73" y="598.35" angle="90.00" type="DEFAULT_VEHTYPE" speed="13.38" pos="141.73" lane="0/3to1/3_0" slope="0.00"/>
        <vehicle id="37" x="71.09" y="201.65" angle="-90.00" type="DEFAULT_VEHTYPE" speed="13.14" pos="124.16" lane="1/1to0/1_0" slope="0.00"/>
        <vehicle id="38" x="598.35" y="81.74" angle="0.00" type="DEFAULT_VEHTYPE" speed="13.21" pos="113.51" lane="3/1to3/0_0" slope="0.00"/>
        <vehicle id="39" x="712.11" y="401.65" angle="-90.00" type="DEFAULT_VEHTYPE" speed="13.43" pos="87.89" lane="4/2to3/2_0" slope="0.00"/>
        <vehicle id="4" x="201.65" y="364.64" angle="180.00" type="DEFAULT_VEHTYPE" speed="12.91" pos="159.89" lane="1/1to1/2_0" slope="0.00"/>
        <vehicle id="40" x="401.65" y="266.65" angle="180.00" type="DEFAULT_VEHTYPE" speed="13.42" pos="61.90" lane="2/1to2/2_0" slope="0.00"/>
        <vehicle id="41" x="598.35" y="321.15" angle="0.00" type="DEFAULT_VEHTYPE" speed="13.68" pos="74.10" lane="3/2to3/1_0" slope="0.00"/>
        <vehicle id="42" x="201.65" y="412.37" angle="180.00" type="DEFAULT_VEHTYPE" speed="2.52" pos="7.62" lane="1/2to1/3_0" slope="0.00"/>
        <vehicle id="43" x="398.35" y="343.43" angle="0.00" type="DEFAULT_VEHTYPE" speed="12.39" pos="51.82" lane="2/2to2/1_0" slope="0.00"/>
        <vehicle id="44" x="198.35" y="362.21" angle="0.00" type="DEFAULT_VEHTYPE" speed="9.48" pos="33.04" lane="1/2to1/1_0" slope="0.00"/>
        <vehicle id="45" x="783.71" y="201.65" angle="-90.00" type="DEFAULT_VEHTYPE" speed="5.85" pos="16.29" lane="4/1to3/1_0" slope="0.00"/>
        <vehicle id="46" x="621.49" y="598.35" angle="90.00" type="DEFAULT_VEHTYPE" speed="5.58" pos="16.74" lane="3/3to4/3_0" slope="0.00"/>
        <vehicle id="47" x="398.35" y="184.16" angle="0.00" type="DEFAULT_VEHTYPE" speed="4.01" pos="11.09" lane="2/1to2/0_0" slope="0.00"/>
        <vehicle id="49" x="190.15" y="401.65" angle="-90.00" type="DEFAULT_VEHTYPE" speed="0.00" pos="5.10" lane="1/2to0/2_0" slope="0.00"/>
        <vehicle id="5" x="398.35" y="254.39" angle="0.00" type="DEFAULT_VEHTYPE" speed="13.09" pos="140.86" lane="2/2to2/1_0" slope="0.00"/>
        <vehicle id="6" x="398.35" y="278.32" angle="0.00" type="DEFAULT_VEHTYPE" speed="13.59" pos="116.93" lane="2/2to2/1_0" slope="0.00"/>
        <vehicle id="7" x="201.65" y="497.29" angle="180.00" type="DEFAULT_VEHTYPE" speed="12.85" pos="92.54" lane="1/2to1/3_0" slope="0.00"/>
        <vehicle id="8" x="619.82" y="198.35" angle="90.00" type="DEFAULT_VEHTYPE" speed="10.74" pos="15.07" lane="3/1to4/1_0" slope="0.00"/>
        <vehicle id="9" x="398.35" y="371.95" angle="0.00" type="DEFAULT_VEHTYPE" speed="10.89" pos="23.30" lane="2/2to2/1_0" slope="0.00"/>
    </timestep>
    <timestep time="50.00">
        <vehicle id="0" x="401.65" y="9.38" angle="180.00" type="DEFAULT_VEHTYPE" speed="12.71" pos="9.38" lane="2/0to2/1_0" slope="0.00"/>
        <vehicle id="1" x="601.65" y="582.12" angle="180.00" type="DEFAULT_VEHTYPE" speed="13.41" pos="177.37" lane="3/2to3/3_0" slope="0.00"/>
        <vehicle id="10" x="726.23" y="201.65" angle="-90.00" type="DEFAULT_VEHTYPE" speed="13.88" pos="73.77" lane="4/1to3/1_0" slope="0.00"/>
        <vehicle id="11" x="398.44" y="595.87" angle="-23.36" type="DEFAULT_VEHTYPE" speed="6.33" pos="9.70" lane=":2/3_6_0" slope="0.00"/>
        <vehicle id="12" x="199.83" y="199.85" angle="-69.00" type="DEFAULT_VEHTYPE" speed="6.69" pos="5.39" lane=":1/1_6_0" slope="0.00"/>
        <vehicle id="13" x="198.35" y="585.23" angle="0.00" type="DEFAULT_VEHTYPE" speed="8.82" pos="10.02" lane="1/3to1/2_0" slope="0.00"/>
        <vehicle id="14" x="239.98" y="398.35" angle="90.00" type="DEFAULT_VEHTYPE" speed="13.18" pos="35.23" lane="1/2to2/2_0" slope="0.00"/>
        <vehicle id="15" x="411.35" y="401.65" angle="-90.00" type="DEFAULT_VEHTYPE" speed="5.70" pos="183.90" lane="3/2to2/2_0" slope="0.00"/>
        <vehicle id="16" x="412.20" y="601.65" angle="-90.00" type="DEFAULT_VEHTYPE" speed="4.35" pos="183.05" lane="3/3to2/3_0" slope="0.00"/>
        <vehicle id="17" x="592.70" y="601.65" angle="-81.21" type="DEFAULT_VEHTYPE" speed="13.05" pos="2.55" lane="3/3to2/3_0" slope="0.00"/>
        <vehicle id="18" x="198.35" y="237.06" angle="0.00" type="DEFAULT_VEHTYPE" speed="13.12" pos="158.19" lane="1/2to1/1_0" slope="0.00"/>
        <vehicle id="19" x="284.46" y="601.65" angle="-90.00" type="DEFAULT_VEHTYPE" speed="13.09" pos="110.79" lane="2/3to1/3_0" slope="0.00"/>
        <vehicle id="2" x="480.94" y="398.35" angle="90.00" type="DEFAULT_VEHTYPE" speed="12.85" pos="76.19" lane="2/2to3/2_0" slope="0.00"/>
        <vehicle id="20" x="573.68" y="398.35" angle="90.00" type="DEFAULT_VEHTYPE" speed="11.47" pos="168.93" lane="2/2to3/2_0" slope="0.00"/>
        <vehicle id="21" x="398.35" y="681.48" angle="0.00" type="DEFAULT_VEHTYPE" speed="13.67" pos="118.52" lane="2/4to2/3_0" slope="0.00"/>
        <vehicle id="22" x="401.65" y="338.06" angle="180.00" type="DEFAULT_VEHTYPE" speed="13.37" pos="133.31" lane="2/1to2/2_0" slope="0.00"/>
        <vehicle id="23" x="601.65" y="125.18" angle="180.00" type="DEFAULT_VEHTYPE" speed="13.86" pos="125.18" lane="3/0to3/1_0" slope="0.00"/>
        <vehicle id="24" x="201.65" y="257.33" angle="180.00" type="DEFAULT_VEHTYPE" speed="13.38" pos="52.58" lane="1/1to1/2_0" slope="0.00"/>
        <vehicle id="25" x="598.35" y="694.41" angle="0.00" type="DEFAULT_VEHTYPE" speed="13.44" pos="105.59" lane="3/4to3/3_0" slope="0.00"/>
        <vehicle id="26" x="112.90" y="401.65" angle="-90.00" type="DEFAULT_VEHTYPE" speed="13.59" pos="82.35" lane="1/2to0/2_0" slope="0.00"/>
        <vehicle id="27" x="361.59" y="601.65" angle="-90.00" type="DEFAULT_VEHTYPE" speed="12.83" pos="33.66" lane="2/3to1/3_0" slope="0.00"/>
        <vehicle id="28" x="198.35" y="376.05" angle="0.00" type="DEFAULT_VEHTYPE" speed="11.35" pos="19.20" lane="1/2to1/1_0" slope="0.00"/>
        <vehicle id="29" x="754.15" y="401.65" angle="-90.00" type="DEFAULT_VEHTYPE" speed="12.72" pos="45.85" lane="4/2to3/2_0" slope="0.00"/>
        <vehicle id="3" x="398.35" y="51.09" angle="0.00" type="DEFAULT_VEHTYPE" speed="13.69" pos="144.16" lane="2/1to2/0_0" slope="0.00"/>
        <vehicle id="30" x="604.60" y="201.67" angle="-90.25" type="DEFAULT_VEHTYPE" speed="5.00" pos="0.16" lane=":3/1_4_0" slope="0.00"/>
        <vehicle id="31" x="19.82" y="598.35" angle="90.00" type="DEFAULT_VEHTYPE" speed="12.61" pos="19.82" lane="0/3to1/3_0" slope="0.00"/>
        <vehicle id="32" x="388.94" y="398.35" angle="90.00" type="DEFAULT_VEHTYPE" speed="4.02" pos="184.19" lane="1/2to2/2_0" slope="0.00"/>
        <vehicle id="33" x="601.65" y="385.40" angle="180.00" type="DEFAULT_VEHTYPE" speed="6.69" pos="180.65" lane="3/1to3/2_0" slope="0.00"/>
        <vehicle id="34" x="198.35" y="60.95" angle="0.00" type="DEFAULT_VEHTYPE" speed="12.76" pos="134.30" lane="1/1to1/0_0" slope="0.00"/>
        <vehicle id="35" x="198.35" y="632.14" angle="0.00" type="DEFAULT_VEHTYPE" speed="13.29" pos="167.86" lane="1/4to1/3_0" slope="0.00"/>
        <vehicle id="36" x="154.73" y="598.35" angle="90.00" type="DEFAULT_VEHTYPE" speed="13.00" pos="154.73" lane="0/3to1/3_0" slope="0.00"/>
        <vehicle id="37" x="58.08" y="201.65" angle="-90.00" type="DEFAULT_VEHTYPE" speed="13.01" pos="137.17" lane="1/1to0/1_0" slope="0.00"/>
        <vehicle id="38" x="598.35" y="68.08" angle="0.00" type="DEFAULT_VEHTYPE" speed="13.66" pos="127.17" lane="3/1to3/0_0" slope="0.00"/>
        <vehicle id="39" x="698.73" y="401.65" angle="-90.00" type="DEFAULT_VEHTYPE" speed="13.39" pos="101.27" lane="4/2to3/2_0" slope="0.00"/>
        <vehicle id="4" x="201.65" y="377.76" angle="180.00" type="DEFAULT_VEHTYPE" speed="13.12" pos="173.01" lane="1/1to1/2_0" slope="0.00"/>
        <vehicle id="40" x="401.65" y="280.33" angle="180.00" type="DEFAULT_VEHTYPE" speed="13.68" pos="75.58" lane="2/1to2/2_0" slope="0.00"/>
        <vehicle id="41" x="598.35" y="307.35" angle="0.00" type="DEFAULT_VEHTYPE" speed="13.80" pos="87.90" lane="3/2to3/1_0" slope="0.00"/>
        <vehicle id="42" x="201.65" y="417.03" angle="180.00" type="DEFAULT_VEHTYPE" speed="4.67" pos="12.28" lane="1/2to1/3_0" slope="0.00"/>
        <vehicle id="43" x="398.35" y="329.66" angle="0.00" type="DEFAULT_VEHTYPE" speed="13.77" pos="65.59" lane="2/2to2/1_0" slope="0.00"/>
        <vehicle id="44" x="198.35" y="351.29" angle="0.00" type="DEFAULT_VEHTYPE" speed="10.92" pos="43.96" lane="1/2to1/1_0" slope="0.00"/>
        <vehicle id="45" x="776.50" y="201.65" angle="-90.00" type="DEFAULT_VEHTYPE" speed="7.21" pos="23.50" lane="4/1to3/1_0" slope="0.00"/>
        <vehicle id="46" x="629.65" y="598.35" angle="90.00" type="DEFAULT_VEHTYPE" speed="8.16" pos="24.90" lane="3/3to4/3_0" slope="0.00"/>
        <vehicle id="47" x="398.35" y="178.36" angle="0.00" type="DEFAULT_VEHTYPE" speed="5.79" pos="16.89" lane="2/1to2/0_0" slope="0.00"/>
        <vehicle id="49" x="188.51" y="401.65" angle="-90.00" type="DEFAULT_VEHTYPE" speed="1.64" pos="6.74" lane="1/2to0/2_0" slope="0.00"/>
        <vehicle id="5" x="398.35" y="240.79" angle="0.00" type="DEFAULT_VEHTYPE" speed="13.60" pos="154.46" lane="2/2to2/1_0" slope="0.00"/>
        <vehicle id="6" x="398.35" y="265.38" angle="0.00" type="DEFAULT_VEHTYPE" speed="12.94" pos="129.87" lane="2/2to2/1_0" slope="0.00"/>
        <vehicle id="7" x="201.65" y="510.44" angle="180.00" type="DEFAULT_VEHTYPE" speed="13.15" pos="105.69" lane="1/2to1/3_0" slope="0.00"/>
        <vehicle id="8" x="632.65" y="198.35" angle="90.00" type="DEFAULT_VEHTYPE" speed="12.82" pos="27.90" lane="3/1to4/1_0" slope="0.00"/>
        <vehicle id="9" x="398.35" y="359.72" angle="0.00" type="DEFAULT_VEHTYPE" speed="12.22" pos="35.53" lane="2/2to2/1_0" slope="0.00"/>
    </timestep>
    <timestep time="51.00">
        <vehicle id="0" x="401.65" y="22.13" angle="180.00" type="DEFAULT_VEHTYPE" speed="12.75" pos="22.13" lane="2/0to2/1_0" slope="0.00"/>
        <vehicle id="1" x="601.65" y="595.12" angle="180.00" type="DEFAULT_VEHTYPE" speed="13.01" pos="190.37" lane="3/2to3/3_0" slope="0.00"/>
        <vehicle id="10" x="713.09" y="201.65" angle="-90.00" type="DEFAULT_VEHTYPE" speed="13.14" pos="86.91" lane="4/1to3/1_0" slope="0.00"/>
        <vehicle id="11" x="398.35" y="587.43" angle="0.00" type="DEFAULT_VEHTYPE" speed="8.45" pos="7.82" lane="2/3to2/2_0" slope="0.00"/>
        <vehicle id="12" x="198.35" y="191.62" angle="-2.22" type="DEFAULT_VEHTYPE" speed="8.56" pos="3.63" lane="1/1to1/0_0" slope="0.00"/>
        <vehicle id="13" x="198.35" y="573.82" angle="0.00" type="DEFAULT_VEHTYPE" speed="11.40" pos="21.43" lane="1/3to1/2_0" slope="0.00"/>
        <vehicle id="14" x="252.65" y="398.35" angle="90.00" type="DEFAULT_VEHTYPE" speed="12.67" pos="47.90" lane="1/2to2/2_0" slope="0.00"/>
        <vehicle id="15" x="403.63" y="401.49" angle="-88.17" type="DEFAULT_VEHTYPE" speed="7.73" pos="1.13" lane=":2/2_6_0" slope="0.00"/>
        <vehicle id="16" x="409.28" y="601.65" angle="-90.00" type="DEFAULT_VEHTYPE" speed="2.91" pos="185.97" lane="3/3to2/3_0" slope="0.00"/>
        <vehicle id="17" x="579.15" y="601.65" angle="-90.00" type="DEFAULT_VEHTYPE" speed="13.55" pos="16.10" lane="3/3to2/3_0" slope="0.00"/>
        <vehicle id="18" x="198.35" y="225.08" angle="0.00" type="DEFAULT_VEHTYPE" speed="11.98" pos="170.17" lane="1/2to1/1_0" slope="0.00"/>
        <vehicle id="19" x="270.93" y="601.65" angle="-90.00" type="DEFAULT_VEHTYPE" speed="13.53" pos="124.32" lane="2/3to1/3_0" slope="0.00"/>
        <vehicle id="2" x="493.70" y="398.35" angle="90.00" type="DEFAULT_VEHTYPE" speed="12.76" pos="88.95" lane="2/2to3/2_0" slope="0.00"/>
        <vehicle id="20" x="582.39" y="398.35" angle="90.00" type="DEFAULT_VEHTYPE" speed="8.71" pos="177.64" lane="2/2to3/2_0" slope="0.00"/>
        <vehicle id="21" x="398.35" y="668.05" angle="0.00" type="DEFAULT_VEHTYPE" speed="13.43" pos="131.95" lane="2/4to2/3_0" slope="0.00"/>
        <vehicle id="22" x="401.65" y="351.15" angle="180.00" type="DEFAULT_VEHTYPE" speed="13.09" pos="146.40" lane="2/1to2/2_0" slope="0.00"/>
        <vehicle id="23" x="601.65" y="138.12" angle="180.00" type="DEFAULT_VEHTYPE" speed="12.94" pos="138.12" lane="3/0to3/1_0" slope="0.00"/>
        <vehicle id="24" x="201.65" y="270.43" angle="180.00" type="DEFAULT_VEHTYPE" speed="13.10" pos="65.68" lane="1/1to1/2_0" slope="0.00"/>
        <vehicle id="25" x="598.35" y="680.73" angle="0.00" type="DEFAULT_VEHTYPE" speed="13.69" pos="119.27" lane="3/4to3/3_0" slope="0.00"/>
        <vehicle id="26" x="99.62" y="401.65" angle="-90.00" type="DEFAULT_VEHTYPE" speed="13.28" pos="95.63" lane="1/2to0/2_0" slope="0.00"/>
        <vehicle id="27" x="347.91" y="601.65" angle="-90.00" type="DEFAULT_VEHTYPE" speed="13.68" pos="47.34" lane="2/3to1/3_0" slope="0.00"/>
        <vehicle id="28" x="198.35" y="364.03" angle="0.00" type="DEFAULT_VEHTYPE" speed="12.02" pos="31.22" lane="1/2to1/1_0" slope="0.00"/>
        <vehicle id="29" x="740.38" y="401.65" angle="-90.00" type="DEFAULT_VEHTYPE" speed="13.77" pos="59.62" lane="4/2to3/2_0" slope="0.00"/>
        <vehicle id="3" x="398.35" y="38.07" angle="0.00" type="DEFAULT_VEHTYPE" speed="13.01" pos="157.18" lane="2/1to2/0_0" slope="0.00"/>
        <vehicle id="30" x="601.65" y="206.66" angle="-164.28" type="DEFAULT_VEHTYPE" speed="6.76" pos="1.91" lane="3/1to3/2_0" slope="0.00"/>
        <vehicle id="31" x="32.56" y="598.35" angle="90.00" type="DEFAULT_VEHTYPE" speed="12.74" pos="32.56" lane="0/3to1/3_0" slope="0.00"/>
        <vehicle id="32" x="394.81" y="398.35" angle="90.00" type="DEFAULT_VEHTYPE" speed="5.87" pos="190.06" lane="1/2to2/2_0" slope="0.00"/>
        <vehicle id="33" x="601.65" y="389.63" angle="180.00" type="DEFAULT_VEHTYPE" speed="4.22" pos="184.88" lane="3/1to3/2_0" slope="0.00"/>
        <vehicle id="34" x="198.35" y="47.86" angle="0.00" type="DEFAULT_VEHTYPE" speed="13.09" pos="147.39" lane="1/1to1/0_0" slope="0.00"/>
        <vehicle id="35" x="198.35" y="618.75" angle="0.00" type="DEFAULT_VEHTYPE" speed="13.38" pos="181.25" lane="1/4to1/3_0" slope="0.00"/>
        <vehicle id="36" x="168.31" y="598.35" angle="90.00" type="DEFAULT_VEHTYPE" speed="13.58" pos="168.31" lane="0/3to1/3_0" slope="0.00"/>
        <vehicle id="37" x="44.63" y="201.65" angle="-90.00" type="DEFAULT_VEHTYPE" speed="13.45" pos="150.62" lane="1/1to0/1_0" slope="0.00"/>
        <vehicle id="38" x="598.35" y="55.05" angle="0.00" type="DEFAULT_VEHTYPE" speed="13.03" pos="140.20" lane="3/1to3/0_0" slope="0.00"/>
        <vehicle id="39" x="685.04" y="401.65" angle="-90.00" type="DEFAULT_VEHTYPE" speed="13.68" pos="114.96" lane="4/2to3/2_0" slope="0.00"/>
        <vehicle id="4" x="201.65" y="391.02" angle="180.00" type="DEFAULT_VEHTYPE" speed="13.26" pos="186.27" lane="1/1to1/2_0" slope="0.00"/>
        <vehicle id="40" x="401.65" y="293.62" angle="180.00" type="DEFAULT_VEHTYPE" speed="13.29" pos="88.87" lane="2/1to2/2_0" slope="0.00"/>
        <vehicle id="41" x="598.35" y="294.11" angle="0.00" type="DEFAULT_VEHTYPE" speed="13.24" pos="101.14" lane="3/2to3/1_0" slope="0.00"/>
        <vehicle id="42" x="201.65" y="423.11" angle="180.00" type="DEFAULT_VEHTYPE" speed="6.07" pos="18.36" lane="1/2to1/3_0" slope="0.00"/>
        <vehicle id="43" x="398.35" y="315.93" angle="0.00" type="DEFAULT_VEHTYPE" speed="13.73" pos="79.32" lane="2/2to2/1_0" slope="0.00"/>
        <vehicle id="44" x="198.35" y="338.29" angle="0.00" type="DEFAULT_VEHTYPE" speed="13.00" pos="56.96" lane="1/2to1/1_0" slope="0.00"/>
        <vehicle id="45" x="767.87" y="201.65" angle="-90.00" type="DEFAULT_VEHTYPE" speed="8.63" pos="32.13" lane="4/1to3/1_0" slope="0.00"/>
        <vehicle id="46" x="639.61" y="598.35" angle="90.00" type="DEFAULT_VEHTYPE" speed="9.96" pos="34.86" lane="3/3to4/3_0" slope="0.00"/>
        <vehicle id="47" x="398.35" y="171.23" angle="0.00" type="DEFAULT_VEHTYPE" speed="7.13" pos="24.02" lane="2/1to2/0_0" slope="0.00"/>
        <vehicle id="49" x="185.24" y="401.65" angle="-90.00" type="DEFAULT_VEHTYPE" speed="3.27" pos="10.01" lane="1/2to0/2_0" slope="0.00"/>
        <vehicle id="5" x="398.35" y="227.76" angle="0.00" type="DEFAULT_VEHTYPE" speed="13.03" pos="167.49" lane="2/2to2/1_0" slope="0.00"/>
        <vehicle id="6" x="398.35" y="251.62" angle="0.00" type="DEFAULT_VEHTYPE" speed="13.76" pos="143.63" lane="2/2to2/1_0" slope="0.00"/>
        <vehicle id="7" x="201.65" y="523.88" angle="180.00" type="DEFAULT_VEHTYPE" speed="13.44" pos="119.13" lane="1/2to1/3_0" slope="0.00"/>
        <vehicle id="8" x="645.47" y="198.35" angle="90.00" type="DEFAULT_VEHTYPE" speed="12.83" pos="40.72" lane="3/1to4/1_0" slope="0.00"/>
        <vehicle id="9" x="398.35" y="345.88" angle="0.00" type="DEFAULT_VEHTYPE" speed="13.84" pos="49.37" lane="2/2to2/1_0" slope="0.00"/>
    </timestep>
    <timestep time="52.00">
        <vehicle id="0" x="401.65" y="35.68" angle="180.00" type="DEFAULT_VEHTYPE" speed="13.55" pos="35.68" lane="2/0to2/1_0" slope="0.00"/>
        <vehicle id="10" x="700.10" y="201.65" angle="-90.00" type="DEFAULT_VEHTYPE" speed="12.98" pos="99.90" lane="4/1to3/1_0" slope="0.00"/>
        <vehicle id="11" x="398.35" y="576.91" angle="0.00" type="DEFAULT_VEHTYPE" speed="10.51" pos="18.34" lane="2/3to2/2_0" slope="0.00"/>
        <vehicle id="12" x="198.35" y="181.40" angle="0.00" type="DEFAULT_VEHTYPE" speed="10.22" pos="13.85" lane="1/1to1/0_0" slope="0.00"/>
        <vehicle id="13" x="198.35" y="559.97" angle="0.00" type="DEFAULT_VEHTYPE" speed="13.86" pos="35.28" lane="1/3to1/2_0" slope="0.00"/>
        <vehicle id="14" x="265.39" y="398.35" angle="90.00" type="DEFAULT_VEHTYPE" speed="12.74" pos="60.64" lane="1/2to2/2_0" slope="0.00"/>
        <vehicle id="15" x="398.35" y="394.94" angle="-16.12" type="DEFAULT_VEHTYPE" speed="9.50" pos="0.31" lane="2/2to2/1_0" slope="0.00"/>
        <vehicle id="16" x="403.98" y="601.54" angle="-88.74" type="DEFAULT_VEHTYPE" speed="5.31" pos="0.77" lane=":2/3_6_0" slope="0.00"/>
        <vehicle id="17" x="565.75" y="601.65" angle="-90.00" type="DEFAULT_VEHTYPE" speed="13.41" pos="29.50" lane="3/3to2/3_0" slope="0.00"/>
        <vehicle id="18" x="198.35" y="216.61" angle="0.00" type="DEFAULT_VEHTYPE" speed="8.47" pos="178.64" lane="1/2to1/1_0" slope="0.00"/>
        <vehicle id="19" x="257.10" y="601.65" angle="-90.00" type="DEFAULT_VEHTYPE" speed="13.83" pos="138.15" lane="2/3to1/3_0" slope="0.00"/>
        <vehicle id="2" x="506.73" y="398.35" angle="90.00" type="DEFAULT_VEHTYPE" speed="13.03" pos="101.98" lane="2/2to3/2_0" slope="0.00"/>
        <vehicle id="20" x="588.22" y="398.35" angle="90.00" type="DEFAULT_VEHTYPE" speed="5.83" pos="183.47" lane="2/2to3/2_0" slope="0.00"/>
        <vehicle id="21" x="398.35" y="654.81" angle="0.00" type="DEFAULT_VEHTYPE" speed="13.24" pos="145.19" lane="2/4to2/3_0" slope="0.00"/>
        <vehicle id="22" x="401.65" y="364.35" angle="180.00" type="DEFAULT_VEHTYPE" speed="13.20" pos="159.60" lane="2/1to2/2_0" slope="0.00"/>
        <vehicle id="23" x="601.65" y="151.85" angle="180.00" type="DEFAULT_VEHTYPE" speed="13.73" pos="151.85" lane="3/0to3/1_0" slope="0.00"/>
        <vehicle id="24" x="201.65" y="283.74" angle="180.00" type="DEFAULT_VEHTYPE" speed="13.31" pos="78.99" lane="1/1to1/2_0" slope="0.00"/>
        <vehicle id="25" x="598.35" y="667.61" angle="0.00" type="DEFAULT_VEHTYPE" speed="13.12" pos="132.39" lane="3/4to3/3_0" slope="0.00"/>
        <vehicle id="26" x="86.66" y="401.65" angle="-90.00" type="DEFAULT_VEHTYPE" speed="12.96" pos="108.59" lane="1/2to0/2_0" slope="0.00"/>
        <vehicle id="27" x="334.12" y="601.65" angle="-90.00" type="DEFAULT_VEHTYPE" speed="13.79" pos="61.13" lane="2/3to1/3_0" slope="0.00"/>
        <vehicle id="28" x="198.35" y="350.91" angle="0.00" type="DEFAULT_VEHTYPE" speed="13.12" pos="44.34" lane="1/2to1/1_0" slope="0.00"/>
        <vehicle id="29" x="726.87" y="401.65" angle="-90.00" type="DEFAULT_VEHTYPE" speed="13.51" pos="73.13" lane="4/2to3/2_0" slope="0.00"/>
        <vehicle id="3" x="398.35" y="24.33" angle="0.00" type="DEFAULT_VEHTYPE" speed="13.75" pos="170.92" lane="2/1to2/0_0" slope="0.00"/>
        <vehicle id="30" x="601.65" y="214.85" angle="180.00" type="DEFAULT_VEHTYPE" speed="8.18" pos="10.10" lane="3/1to3/2_0" slope="0.00"/>
        <vehicle id="31" x="45.21" y="598.35" angle="90.00" type="DEFAULT_VEHTYPE" speed="12.65" pos="45.21" lane="0/3to1/3_0" slope="0.00"/>
        <vehicle id="32" x="401.03" y="401.58" angle="128.13" type="DEFAULT_VEHTYPE" speed="7.50" pos="7.06" lane=":2/2_14_0" slope="0.00"/>
        <vehicle id="33" x="601.63" y="395.42" angle="-179.72" type="DEFAULT_VEHTYPE" speed="5.80" pos="0.17" lane=":3/2_10_0" slope="0.00"/>
        <vehicle id="34" x="198.35" y="34.67" angle="0.00" type="DEFAULT_VEHTYPE" speed="13.19" pos="160.58" lane="1/1to1/0_0" slope="0.00"/>
        <vehicle id="35" x="198.35" y="605.11" angle="0.00" type="DEFAULT_VEHTYPE" speed="13.64" pos="194.89" lane="1/4to1/3_0" slope="0.00"/>
        <vehicle id="36" x="178.66" y="598.35" angle="90.00" type="DEFAULT_VEHTYPE" speed="10.34" pos="178.66" lane="0/3to1/3_0" slope="0.00"/>
        <vehicle id="37" x="31.39" y="201.65" angle="-90.00" type="DEFAULT_VEHTYPE" speed="13.24" pos="163.86" lane="1/1to0/1_0" slope="0.00"/>
        <vehicle id="38" x="598.35" y="42.19" angle="0.00" type="DEFAULT_VEHTYPE" speed="12.87" pos="153.06" lane="3/1to3/0_0" slope="0.00"/>
        <vehicle id="39" x="671.46" y="401.65" angle="-90.00" type="DEFAULT_VEHTYPE" speed="13.58" pos="128.54" lane="4/2to3/2_0" slope="0.00"/>
        <vehicle id="4" x="208.76" y="398.35" angle="91.57" type="DEFAULT_VEHTYPE" speed="13.25" pos="4.01" lane="1/2to2/2_0" slope="0.00"/>
        <vehicle id="40" x="401.65" y="307.45" angle="180.00" type="DEFAULT_VEHTYPE" speed="13.83" pos="102.70" lane="2/1to2/2_0" slope="0.00"/>
        <vehicle id="41" x="598.35" y="280.57" angle="0.00" type="DEFAULT_VEHTYPE" speed="13.54" pos="114.68" lane="3/2to3/1_0" slope="0.00"/>
        <vehicle id="42" x="201.65" y="430.88" angle="180.00" type="DEFAULT_VEHTYPE" speed="7.77" pos="26.13" lane="1/2to1/3_0" slope="0.00"/>
        <vehicle id="43" x="398.35" y="302.48" angle="0.00" type="DEFAULT_VEHTYPE" speed="13.45" pos="92.77" lane="2/2to2/1_0" slope="0.00"/>
        <vehicle id="44" x="198.35" y="325.10" angle="0.00" type="DEFAULT_VEHTYPE" speed="13.19" pos="70.15" lane="1/2to1/1_0" slope="0.00"/>
        <vehicle id="45" x="756.76" y="201.65" angle="-90.00" type="DEFAULT_VEHTYPE" speed="11.11" pos="43.24" lane="4/1to3/1_0" slope="0.00"/>
        <vehicle id="46" x="651.76" y="598.35" angle="90.00" type="DEFAULT_VEHTYPE" speed="12.15" pos="47.01" lane="3/3to4/3_0" slope="0.00"/>
        <vehicle id="47" x="398.35" y="161.59" angle="0.00" type="DEFAULT_VEHTYPE" speed="9.64" pos="33.66" lane="2/1to2/0_0" slope="0.00"/>
        <vehicle id="49" x="180.13" y="401.65" angle="-90.00" type="DEFAULT_VEHTYPE" speed="5.10" pos="15.12" lane="1/2to0/2_0" slope="0.00"/>
        <vehicle id="5" x="398.35" y="214.79" angle="0.00" type="DEFAULT_VEHTYPE" speed="12.97" pos="180.46" lane="2/2to2/1_0" slope="0.00"/>
        <vehicle id="6" x="398.35" y="238.25" angle="0.00" type="DEFAULT_VEHTYPE" speed="13.36" pos="157.00" lane="2/2to2/1_0" slope="0.00"/>
        <vehicle id="7" x="201.65" y="536.70" angle="180.00" type="DEFAULT_VEHTYPE" speed="12.82" pos="131.95" lane="1/2to1/3_0" slope="0.00"/>
        <vehicle id="8" x="659.12" y="198.35" angle="90.00" type="DEFAULT_VEHTYPE" speed="13.65" pos="54.37" lane="3/1to4/1_0" slope="0.00"/>
        <vehicle id="9" x="398.35" y="332.54" angle="0.00" type="DEFAULT_VEHTYPE" speed="13.34" pos="62.71" lane="2/2to2/1_0" slope="0.00"/>
    </timestep>
    <timestep time="53.00">
        <vehicle id="0" x="401.65" y="48.71" angle="180.00" type="DEFAULT_VEHTYPE" speed="13.03" pos="48.71" lane="2/0to2/1_0" slope="0.00"/>
        <vehicle id="10" x="687.40" y="201.65" angle="-90.00" type="DEFAULT_VEHTYPE" speed="12.71" pos="112.60" lane="4/1to3/1_0" slope="0.00"/>
        <vehicle id="11" x="398.35" y="563.83" angle="0.00" type="DEFAULT_VEHTYPE" speed="13.08" pos="31.42" lane="2/3to2/2_0" slope="0.00"/>
        <vehicle id="12" x="198.35" y="169.87" angle="0.00" type="DEFAULT_VEHTYPE" speed="11.53" pos="25.38" lane="1/1to1/0_0" slope="0.00"/>
        <vehicle id="13" x="198.35" y="546.07" angle="0.00" type="DEFAULT_VEHTYPE" speed="13.89" pos="49.18" lane="1/3to1/2_0" slope="0.00"/>
        <vehicle id="14" x="278.60" y="398.35" angle="90.00" type="DEFAULT_VEHTYPE" speed="13.21" pos="73.85" lane="1/2to2/2_0" slope="0.00"/>
        <vehicle id="15" x="398.35" y="382.89" angle="0.00" type="DEFAULT_VEHTYPE" speed="12.05" pos="12.36" lane="2/2to2/1_0" slope="0.00"/>
        <vehicle id="16" x="398.72" y="597.81" angle="-43.98" type="DEFAULT_VEHTYPE" speed="6.96" pos="7.73" lane=":2/3_6_0" slope="0.00"/>
        <vehicle id="17" x="552.46" y="601.65" angle="-90.00" type="DEFAULT_VEHTYPE" speed="13.29" pos="42.79" lane="3/3to2/3_0" slope="0.00"/>
        <vehicle id="18" x="198.35" y="210.97" angle="0.00" type="DEFAULT_VEHTYPE" speed="5.63" pos="184.28" lane="1/2to1/1_0" slope="0.00"/>
        <vehicle id="19" x="243.97" y="601.65" angle="-90.00" type="DEFAULT_VEHTYPE" speed="13.13" pos="151.28" lane="2/3to1/3_0" slope="0.00"/>
        <vehicle id="2" x="520.26" y="398.35" angle="90.00" type="DEFAULT_VEHTYPE" speed="13.53" pos="115.51" lane="2/2to3/2_0" slope="0.00"/>
        <vehicle id="20" x="590.46" y="398.35" angle="90.00" type="DEFAULT_VEHTYPE" speed="2.24" pos="185.71" lane="2/2to3/2_0" slope="0.00"/>
        <vehicle id="21" x="398.35" y="641.17" angle="0.00" type="DEFAULT_VEHTYPE" speed="13.64" pos="158.83" lane="2/4to2/3_0" slope="0.00"/>
        <vehicle id="22" x="401.65" y="377.89" angle="180.00" type="DEFAULT_VEHTYPE" speed="13.54" pos="173.14" lane="2/1to2/2_0" slope="0.00"/>
        <vehicle id="23" x="601.65" y="165.59" angle="180.00" type="DEFAULT_VEHTYPE" speed="13.74" pos="165.59" lane="3/0to3/1_0" slope="0.00"/>
        <vehicle id="24" x="201.65" y="297.38" angle="180.00" type="DEFAULT_VEHTYPE" speed="13.64" pos="92.63" lane="1/1to1/2_0" slope="0.00"/>
        <vehicle id="25" x="598.35" y="653.79" angle="0.00" type="DEFAULT_VEHTYPE" speed="13.82" pos="146.21" lane="3/4to3/3_0" slope="0.00"/>
        <vehicle id="26" x="73.73" y="401.65" angle="-90.00" type="DEFAULT_VEHTYPE" speed="12.93" pos="121.52" lane="1/2to0/2_0" slope="0.00"/>
        <vehicle id="27" x="320.78" y="601.65" angle="-90.00" type="DEFAULT_VEHTYPE" speed="13.35" pos="74.47" lane="2/3to1/3_0" slope="0.00"/>
        <vehicle id="28" x="198.35" y="337.30" angle="0.00" type="DEFAULT_VEHTYPE" speed="13.62" pos="57.95" lane="1/2to1/1_0" slope="0.00"/>
        <vehicle id="29" x="713.27" y="401.65" angle="-90.00" type="DEFAULT_VEHTYPE" speed="13.60" pos="86.73" lane="4/2to3/2_0" slope="0.00"/>
        <vehicle id="3" x="398.35" y="10.51" angle="0.00" type="DEFAULT_VEHTYPE" speed="13.82" pos="184.74" lane="2/1to2/0_0" slope="0.00"/>
        <vehicle id="30" x="601.65" y="225.46" angle="180.00" type="DEFAULT_VEHTYPE" speed="10.62" pos="20.71" lane="3/1to3/2_0" slope="0.00"/>
        <vehicle id="31" x="58.81" y="598.35" angle="90.00" type="DEFAULT_VEHTYPE" speed="13.60" pos="58.81" lane="0/3to1/3_0" slope="0.00"/>
        <vehicle id="32" x="401.65" y="410.66" angle="180.00" type="DEFAULT_VEHTYPE" speed="9.18" pos="5.91" lane="2/2to2/3_0" slope="0.00"/>
        <vehicle id="33" x="597.87" y="401.28" angle="-134.75" type="DEFAULT_VEHTYPE" speed="7.50" pos="0.54" lane=":3/2_18_0" slope="0.00"/>
        <vehicle id="34" x="198.35" y="21.51" angle="0.00" type="DEFAULT_VEHTYPE" speed="13.16" pos="173.74" lane="1/1to1/0_0" slope="0.00"/>
        <vehicle id="35" x="198.35" y="592.05" angle="0.00" type="DEFAULT_VEHTYPE" speed="13.07" pos="3.20" lane="1/3to1/2_0" slope="0.00"/>
        <vehicle id="36" x="185.48" y="598.35" angle="90.00" type="DEFAULT_VEHTYPE" speed="6.82" pos="185.48" lane="0/3to1/3_0" slope="0.00"/>
        <vehicle id="37" x="18.08" y="201.65" angle="-90.00" type="DEFAULT_VEHTYPE" speed="13.31" pos="177.17" lane="1/1to0/1_0" slope="0.00"/>
        <vehicle id="38" x="598.35" y="28.63" angle="0.00" type="DEFAULT_VEHTYPE" speed="13.56" pos="166.62" lane="3/1to3/0_0" slope="0.00"/>
        <vehicle id="39" x="657.59" y="401.65" angle="-90.00" type="DEFAULT_VEHTYPE" speed="13.88" pos="142.41" lane="4/2to3/2_0" slope="0.00"/>
        <vehicle id="4" x="221.54" y="398.35" angle="90.00" type="DEFAULT_VEHTYPE" speed="12.77" pos="16.79" lane="1/2to2/2_0" slope="0.00"/>
        <vehicle id="40" x="401.65" y="320.22" angle="180.00" type="DEFAULT_VEHTYPE" speed="12.77" pos="115.47" lane="2/1to2/2_0" slope="0.00"/>
        <vehicle id="41" x="598.35" y="267.49" angle="0.00" type="DEFAULT_VEHTYPE" speed="13.08" pos="127.76" lane="3/2to3/1_0" slope="0.00"/>
        <vehicle id="42" x="201.65" y="440.72" angle="180.00" type="DEFAULT_VEHTYPE" speed="9.84" pos="35.97" lane="1/2to1/3_0" slope="0.00"/>
        <vehicle id="43" x="398.35" y="288.99" angle="0.00" type="DEFAULT_VEHTYPE" speed="13.50" pos="106.26" lane="2/2to2/1_0" slope="0.00"/>
        <vehicle id="44" x="198.35" y="311.24" angle="0.00" type="DEFAULT_VEHTYPE" speed="13.86" pos="84.01" lane="1/2to1/1_0" slope="0.00"/>
        <vehicle id="45" x="743.15" y="201.65" angle="-90.00" type="DEFAULT_VEHTYPE" speed="13.61" pos="56.85" lane="4/1to3/1_0" slope="0.00"/>
        <vehicle id="46" x="664.42" y="598.35" angle="90.00" type="DEFAULT_VEHTYPE" speed="12.66" pos="59.67" lane="3/3to4/3_0" slope="0.00"/>
        <vehicle id="47" x="398.35" y="149.92" angle="0.00" type="DEFAULT_VEHTYPE" speed="11.68" pos="45.33" lane="2/1to2/0_0" slope="0.00"/>
        <vehicle id="49" x="172.73" y="401.65" angle="-90.00" type="DEFAULT_VEHTYPE" speed="7.41" pos="22.52" lane="1/2to0/2_0" slope="0.00"/>
        <vehicle id="5" x="396.54" y="201.83" angle="-23.14" type="DEFAULT_VEHTYPE" speed="13.74" pos="3.70" lane=":2/1_0_0" slope="0.00"/>
        <vehicle id="6" x="398.35" y="225.53" angle="0.00" type="DEFAULT_VEHTYPE" speed="12.72" pos="169.72" lane="2/2to2/1_0" slope="0.00"/>
        <vehicle id="7" x="201.65" y="550.28" angle="180.00" type="DEFAULT_VEHTYPE" speed="13.58" pos="145.53" lane="1/2to1/3_0" slope="0.00"/>
        <vehicle id="8" x="671.79" y="198.35" angle="90.00" type="DEFAULT_VEHTYPE" speed="12.66" pos="67.04" lane="3/1to4/1_0" slope="0.00"/>
        <vehicle id="9" x="398.35" y="319.27" angle="0.00" type="DEFAULT_VEHTYPE" speed="13.26" pos="75.98" lane="2/2to2/1_0" slope="0.00"/>
    </timestep>
    <timestep time="54.00">
        <vehicle id="0" x="401.65" y="62.44" angle="180.00" type="DEFAULT_VEHTYPE" speed="13.73" pos="62.44" lane="2/0to2/1_0" slope="0.00"/>
        <vehicle id="10" x="674.29" y="201.65" angle="-90.00" type="DEFAULT_VEHTYPE" speed="13.11" pos="125.71" lane="4/1to3/1_0" slope="0.00"/>
        <vehicle id="11" x="398.35" y="550.19" angle="0.00" type="DEFAULT_VEHTYPE" speed="13.65" pos="45.06" lane="2/3to2/2_0" slope="0.00"/>
        <vehicle id="12" x="198.35" y="156.24" angle="0.00" type="DEFAULT_VEHTYPE" speed="13.63" pos="39.01" lane="1/1to1/0_0" slope="0.00"/>
        <vehicle id="13" x="198.35" y="532.59" angle="0.00" type="DEFAULT_VEHTYPE" speed="13.49" pos="62.66" lane="1/3to1/2_0" slope="0.00"/>
        <vehicle id="14" x="292.35" y="398.35" angle="90.00" type="DEFAULT_VEHTYPE" speed="13.74" pos="87.60" lane="1/2to2/2_0" slope="0.00"/>
        <vehicle id="15" x="398.35" y="369.56" angle="0.00" type="DEFAULT_VEHTYPE" speed="13.33" pos="25.69" lane="2/2to2/1_0" slope="0.00"/>
        <vehicle id="16" x="398.35" y="589.43" angle="0.00" type="DEFAULT_VEHTYPE" speed="8.40" pos="5.82" lane="2/3to2/2_0" slope="0.00"/>
        <vehicle id="17" x="539.79" y="601.65" angle="-90.00" type="DEFAULT_VEHTYPE" speed="12.66" pos="55.46" lane="3/3to2/3_0" slope="0.00"/>
        <vehicle id="18" x="198.47" y="203.88" angle="1.43" type="DEFAULT_VEHTYPE" speed="7.10" pos="0.88" lane=":1/1_2_0" slope="0.00"/>
        <vehicle id="19" x="231.31" y="601.65" angle="-90.00" type="DEFAULT_VEHTYPE" speed="12.67" pos="163.94" lane="2/3to1/3_0" slope="0.00"/>
        <vehicle id="2" x="533.32" y="398.35" angle="90.00" type="DEFAULT_VEHTYPE" speed="13.06" pos="128.57" lane="2/2to3/2_0" slope="0.00"/>
        <vehicle id="20" x="594.78" y="398.35" angle="90.00" type="DEFAULT_VEHTYPE" speed="4.33" pos="190.03" lane="2/2to3/2_0" slope="0.00"/>
        <vehicle id="21" x="398.35" y="627.98" angle="0.00" type="DEFAULT_VEHTYPE" speed="13.19" pos="172.02" lane="2/4to2/3_0" slope="0.00"/>
        <vehicle id="22" x="401.65" y="391.58" angle="180.00" type="DEFAULT_VEHTYPE" speed="13.69" pos="186.83" lane="2/1to2/2_0" slope="0.00"/>
        <vehicle id="23" x="601.65" y="178.73" angle="180.00" type="DEFAULT_VEHTYPE" speed="13.14" pos="178.73" lane="3/0to3/1_0" slope="0.00"/>
        <vehicle id="24" x="201.65" y="310.50" angle="180.00" type="DEFAULT_VEHTYPE" speed="13.13" pos="105.75" lane="1/1to1/2_0" slope="0.00"/>
        <vehicle id="25" x="598.35" y="640.78" angle="0.00" type="DEFAULT_VEHTYPE" speed="13.01" pos="159.22" lane="3/4to3/3_0" slope="0.00"/>
        <vehicle id="26" x="60.79" y="401.65" angle="-90.00" type="DEFAULT_VEHTYPE" speed="12.95" pos="134.46" lane="1/2to0/2_0" slope="0.00"/>
        <vehicle id="27" x="307.92" y="601.65" angle="-90.00" type="DEFAULT_VEHTYPE" speed="12.86" pos="87.33" lane="2/3to1/3_0" slope="0.00"/>
        <vehicle id="28" x="198.35" y="323.68" angle="0.00" type="DEFAULT_VEHTYPE" speed="13.62" pos="71.57" lane="1/2to1/1_0" slope="0.00"/>
        <vehicle id="29" x="699.73" y="401.65" angle="-90.00" type="DEFAULT_VEHTYPE" speed="13.54" pos="100.27" lane="4/2to3/2_0" slope="0.00"/>
        <vehicle id="3" x="400.25" y="-1.53" angle="26.35" type="DEFAULT_VEHTYPE" speed="13.20" pos="2.69" lane=":2/0_0_0" slope="0.00"/>
        <vehicle id="30" x="601.65" y="237.97" angle="180.00" type="DEFAULT_VEHTYPE" speed="12.51" pos="33.22" lane="3/1to3/2_0" slope="0.00"/>
        <vehicle id="31" x="71.49" y="598.35" angle="90.00" type="DEFAULT_VEHTYPE" speed="12.68" pos="71.49" lane="0/3to1/3_0" slope="0.00"/>
        <vehicle id="32" x="401.65" y="421.39" angle="180.00" type="DEFAULT_VEHTYPE" speed="10.73" pos="16.64" lane="2/2to2/3_0" slope="0.00"/>
        <vehicle id="33" x="588.10" y="401.65" angle="-90.00" type="DEFAULT_VEHTYPE" speed="9.80" pos="7.15" lane="3/2to2/2_0" slope="0.00"/>
        <vehicle id="34" x="198.35" y="8.21" angle="0.00" type="DEFAULT_VEHTYPE" speed="13.30" pos="187.04" lane="1/1to1/0_0" slope="0.00"/>
        <vehicle id="35" x="198.35" y="579.43" angle="0.00" type="DEFAULT_VEHTYPE" speed="12.62" pos="15.82" lane="1/3to1/2_0" slope="0.00"/>
        <vehicle id="36" x="189.98" y="598.35" angle="90.00" type="DEFAULT_VEHTYPE" speed="4.51" pos="189.98" lane="0/3to1/3_0" slope="0.00"/>
        <vehicle id="37" x="4.96" y="201.65" angle="-90.00" type="DEFAULT_VEHTYPE" speed="13.13" pos="190.29" lane="1/1to0/1_0" slope="0.00"/>
        <vehicle id="38" x="598.35" y="15.90" angle="0.00" type="DEFAULT_VEHTYPE" speed="12.73" pos="179.35" lane="3/1to3/0_0" slope="0.00"/>
        <vehicle id="39" x="644.10" y="401.65" angle="-90.00" type="DEFAULT_VEHTYPE" speed="13.49" pos="155.90" lane="4/2to3/2_0" slope="0.00"/>
        <vehicle id="4" x="234.61" y="398.35" angle="90.00" type="DEFAULT_VEHTYPE" speed="13.07" pos="29.86" lane="1/2to2/2_0" slope="0.00"/>
        <vehicle id="40" x="401.65" y="333.96" angle="180.00" type="DEFAULT_VEHTYPE" speed="13.73" pos="129.21" lane="2/1to2/2_0" slope="0.00"/>
        <vehicle id="41" x="598.35" y="254.79" angle="0.00" type="DEFAULT_VEHTYPE" speed="12.69" pos="140.46" lane="3/2to3/1_0" slope="0.00"/>
        <vehicle id="42" x="201.65" y="452.84" angle="180.00" type="DEFAULT_VEHTYPE" speed="12.12" pos="48.09" lane="1/2to1/3_0" slope="0.00"/>
        <vehicle id="43" x="398.35" y="275.47" angle="0.00" type="DEFAULT_VEHTYPE" speed="13.52" pos="119.78" lane="2/2to2/1_0" slope="0.00"/>
        <vehicle id="44" x="198.35" y="297.99" angle="0.00" type="DEFAULT_VEHTYPE" speed="13.25" pos="97.26" lane="1/2to1/1_0" slope="0.00"/>
        <vehicle id="45" x="729.62" y="201.65" angle="-90.00" type="DEFAULT_VEHTYPE" speed="13.53" pos="70.38" lane="4/1to3/1_0" slope="0.00"/>
        <vehicle id="46" x="677.48" y="598.35" angle="90.00" type="DEFAULT_VEHTYPE" speed="13.07" pos="72.73" lane="3/3to4/3_0" slope="0.00"/>
        <vehicle id="47" x="398.35" y="137.31" angle="0.00" type="DEFAULT_VEHTYPE" speed="12.60" pos="57.94" lane="2/1to2/0_0" slope="0.00"/>
        <vehicle id="49" x="163.65" y="401.65" angle="-90.00" type="DEFAULT_VEHTYPE" speed="9.08" pos="31.60" lane="1/2to0/2_0" slope="0.00"/>
        <vehicle id="5" x="382.70" y="201.65" angle="-90.00" type="DEFAULT_VEHTYPE" speed="13.86" pos="12.55" lane="2/1to1/1_0" slope="0.00"/>
        <vehicle id="6" x="398.35" y="212.79" angle="0.00" type="DEFAULT_VEHTYPE" speed="12.74" pos="182.46" lane="2/2to2/1_0" slope="0.00"/>
        <vehicle id="7" x="201.65" y="563.47" angle="180.00" type="DEFAULT_VEHTYPE" speed="13.19" pos="158.72" lane="1/2to1/3_0" slope="0.00"/>
        <vehicle id="8" x="684.97" y="198.35" angle="90.00" type="DEFAULT_VEHTYPE" speed="13.18" pos="80.22" lane="3/1to4/1_0" slope="0.00"/>
        <vehicle id="9" x="398.35" y="306.32" angle="0.00" type="DEFAULT_VEHTYPE" speed="12.95" pos="88.93" lane="2/2to2/1_0" slope="0.00"/>
    </timestep>
    <timestep time="55.00">
        <vehicle id="0" x="401.65" y="76.11" angle="180.00" type="DEFAULT_VEHTYPE" speed="13.67" pos="76.11" lane="2/0to2/1_0" slope="0.00"/>
        <vehicle id="10" x="660.99" y="201.65" angle="-90.00" type="DEFAULT_VEHTYPE" speed="13.30" pos="139.01" lane="4/1to3/1_0" slope="0.00"/>
        <vehicle id="11" x="398.35" y="536.30" angle="0.00" type="DEFAULT_VEHTYPE" speed="13.88" pos="58.95" lane="2/3to2/2_0" slope="0.00"/>
        <vehicle id="12" x="198.35" y="142.68" angle="0.00" type="DEFAULT_VEHTYPE" speed="13.56" pos="52.57" lane="1/1to1/0_0" slope="0.00"/>
        <vehicle id="13" x="198.35" y="518.87" angle="0.00" type="DEFAULT_VEHTYPE" speed="13.72" pos="76.38" lane="1/3to1/2_0" slope="0.00"/>
        <vehicle id="14" x="306.06" y="398.35" angle="90.00" type="DEFAULT_VEHTYPE" speed="13.71" pos="101.31" lane="1/2to2/2_0" slope="0.00"/>
        <vehicle id="15" x="398.35" y="355.78" angle="0.00" type="DEFAULT_VEHTYPE" speed="13.78" pos="39.47" lane="2/2to2/1_0" slope="0.00"/>
        <vehicle id="16" x="398.35" y="578.94" angle="0.00" type="DEFAULT_VEHTYPE" speed="10.50" pos="16.31" lane="2/3to2/2_0" slope="0.00"/>
        <vehicle id="17" x="525.94" y="601.65" angle="-90.00" type="DEFAULT_VEHTYPE" speed="13.85" pos="69.31" lane="3/3to2/3_0" slope="0.00"/>
        <vehicle id="18" x="204.98" y="198.35" angle="73.39" type="DEFAULT_VEHTYPE" speed="9.67" pos="0.23" lane="1/1to2/1_0" slope="0.00"/>
        <vehicle id="19" x="220.78" y="601.65" angle="-90.00" type="DEFAULT_VEHTYPE" speed="10.52" pos="174.47" lane="2/3to1/3_0" slope="0.00"/>
        <vehicle id="2" x="546.90" y="398.35" angle="90.00" type="DEFAULT_VEHTYPE" speed="13.58" pos="142.15" lane="2/2to3/2_0" slope="0.00"/>
        <vehicle id="20" x="598.35" y="394.08" angle="25.23" type="DEFAULT_VEHTYPE" speed="6.64" pos="1.17" lane="3/2to3/1_0" slope="0.00"/>
        <vehicle id="21" x="398.35" y="618.45" angle="0.00" type="DEFAULT_VEHTYPE" speed="9.53" pos="181.55" lane="2/4to2/3_0" slope="0.00"/>
        <vehicle id="22" x="401.65" y="404.67" angle="180.00" type="DEFAULT_VEHTYPE" speed="13.10" pos="9.42" lane=":2/2_9_0" slope="0.00"/>
        <vehicle id="23" x="601.65" y="192.26" angle="180.00" type="DEFAULT_VEHTYPE" speed="13.52" pos="192.26" lane="3/0to3/1_0" slope="0.00"/>
        <vehicle id="24" x="201.65" y="323.17" angle="180.00" type="DEFAULT_VEHTYPE" speed="12.66" pos="118.42" lane="1/1to1/2_0" slope="0.00"/>
        <vehicle id="25" x="598.35" y="626.98" angle="0.00" type="DEFAULT_VEHTYPE" speed="13.80" pos="173.02" lane="3/4to3/3_0" slope="0.00"/>
        <vehicle id="26" x="48.13" y="401.65" angle="-90.00" type="DEFAULT_VEHTYPE" speed="12.66" pos="147.12" lane="1/2to0/2_0" slope="0.00"/>
        <vehicle id="27" x="294.78" y="601.65" angle="-90.00" type="DEFAULT_VEHTYPE" speed="13.14" pos="100.47" lane="2/3to1/3_0" slope="0.00"/>
        <vehicle id="28" x="198.35" y="310.24" angle="0.00" type="DEFAULT_VEHTYPE" speed="13.44" pos="85.01" lane="1/2to1/1_0" slope="0.00"/>
        <vehicle id="29" x="686.20" y="401.65" angle="-90.00" type="DEFAULT_VEHTYPE" speed="13.53" pos="113.80" lane="4/2to3/2_0" slope="0.00"/>
        <vehicle id="3" x="401.65" y="10.60" angle="180.00" type="DEFAULT_VEHTYPE" speed="12.73" pos="10.60" lane="2/0to2/1_0" slope="0.00"/>
        <vehicle id="30" x="601.65" y="251.12" angle="180.00" type="DEFAULT_VEHTYPE" speed="13.15" pos="46.37" lane="3/1to3/2_0" slope="0.00"/>
        <vehicle id="31" x="85.31" y="598.35" angle="90.00" type="DEFAULT_VEHTYPE" speed="13.82" pos="85.31" lane="0/3to1/3_0" slope="0.00"/>
        <vehicle id="32" x="401.65" y="433.95" angle="180.00" type="DEFAULT_VEHTYPE" speed="12.56" pos="29.20" lane="2/2to2/3_0" slope="0.00"/>
        <vehicle id="33" x="576.11" y="401.65" angle="-90.00" type="DEFAULT_VEHTYPE" speed="11.99" pos="19.14" lane="3/2to2/2_0" slope="0.00"/>
        <vehicle id="34" x="201.65" y="0.16" angle="92.32" type="DEFAULT_VEHTYPE" speed="13.19" pos="0.16" lane="1/0to1/1_0" slope="0.00"/>
        <vehicle id="35" x="198.35" y="566.33" angle="0.00" type="DEFAULT_VEHTYPE" speed="13.09" pos="28.92" lane="1/3to1/2_0" slope="0.00"/>
        <vehicle id="36" x="191.67" y="598.35" angle="90.00" type="DEFAULT_VEHTYPE" speed="1.68" pos="191.67" lane="0/3to1/3_0" slope="0.00"/>
        <vehicle id="37" x="2.98" y="198.35" angle="73.64" type="DEFAULT_VEHTYPE" speed="12.75" pos="2.98" lane="0/1to1/1_0" slope="0.00"/>
        <vehicle id="38" x="598.35" y="2.04" angle="0.00" type="DEFAULT_VEHTYPE" speed="13.86" pos="193.21" lane="3/1to3/0_0" slope="0.00"/>
        <vehicle id="39" x="631.01" y="401.65" angle="-90.00" type="DEFAULT_VEHTYPE" speed="13.09" pos="168.99" lane="4/2to3/2_0" slope="0.00"/>
        <vehicle id="4" x="247.38" y="398.35" angle="90.00" type="DEFAULT_VEHTYPE" speed="12.77" pos="42.63" lane="1/2to2/2_0" slope="0.00"/>
        <vehicle id="40" x="401.65" y="347.02" angle="180.00" type="DEFAULT_VEHTYPE" speed="13.06" pos="142.27" lane="2/1to2/2_0" slope="0.00"/>
        <vehicle id="41" x="598.35" y="241.54" angle="0.00" type="DEFAULT_VEHTYPE" speed="13.25" pos="153.71" lane="3/2to3/1_0" slope="0.00"/>
        <vehicle id="42" x="201.65" y="466.02" angle="180.00" type="DEFAULT_VEHTYPE" speed="13.17" pos="61.27" lane="1/2to1/3_0" slope="0.00"/>
        <vehicle id="43" x="398.35" y="262.30" angle="0.00" type="DEFAULT_VEHTYPE" speed="13.16" pos="132.95" lane="2/2to2/1_0" slope="0.00"/>
        <vehicle id="44" x="198.35" y="284.17" angle="0.00" type="DEFAULT_VEHTYPE" speed="13.82" pos="111.08" lane="1/2to1/1_0" slope="0.00"/>
        <vehicle id="45" x="716.28" y="201.65" angle="-90.00" type="DEFAULT_VEHTYPE" speed="13.34" pos="83.72" lane="4/1to3/1_0" slope="0.00"/>
        <vehicle id="46" x="690.31" y="598.35" angle="90.00" type="DEFAULT_VEHTYPE" speed="12.83" pos="85.56" lane="3/3to4/3_0" slope="0.00"/>
        <vehicle id="47" x="398.35" y="123.54" angle="0.00" type="DEFAULT_VEHTYPE" speed="13.78" pos="71.71" lane="2/1to2/0_0" slope="0.00"/>
        <vehicle id="49" x="153.01" y="401.65" angle="-90.00" type="DEFAULT_VEHTYPE" speed="10.64" pos="42.24" lane="1/2to0/2_0" slope="0.00"/>
        <vehicle id="5" x="369.59" y="201.65" angle="-90.00" type="DEFAULT_VEHTYPE" speed="13.11" pos="25.66" lane="2/1to1/1_0" slope="0.00"/>
        <vehicle id="6" x="394.80" y="201.65" angle="-52.78" type="DEFAULT_VEHTYPE" speed="13.49" pos="0.45" lane="2/1to1/1_0" slope="0.00"/>
        <vehicle id="7" x="201.65" y="577.11" angle="180.00" type="DEFAULT_VEHTYPE" speed="13.63" pos="172.36" lane="1/2to1/3_0" slope="0.00"/>
        <vehicle id="8" x="698.68" y="198.35" angle="90.00" type="DEFAULT_VEHTYPE" speed="13.71" pos="93.93" lane="3/1to4/1_0" slope="0.00"/>
        <vehicle id="9" x="398.35" y="292.57" angle="0.00" type="DEFAULT_VEHTYPE" speed="13.76" pos="102.68" lane="2/2to2/1_0" slope="0.00"/>
    </timestep>
    <timestep time="56.00">
        <vehicle id="0" x="401.65" y="88.91" angle="180.00" type="DEFAULT_VEHTYPE" speed="12.80" pos="88.91" lane="2/0to2/1_0" slope="0.00"/>
        <vehicle id="10" x="647.58" y="201.65" angle="-90.00" type="DEFAULT_VEHTYPE" speed="13.41" pos="152.42" lane="4/1to3/1_0" slope="0.00"/>
        <vehicle id="11" x="398.35" y="522.65" angle="0.00" type="DEFAULT_VEHTYPE" speed="13.65" pos="72.60" lane="2/3to2/2_0" slope="0.00"/>
        <vehicle id="12" x="198.35" y="129.28" angle="0.00" type="DEFAULT_VEHTYPE" speed="13.40" pos="65.97" lane="1/1to1/0_0" slope="0.00"/>
        <vehicle id="13" x="198.35" y="506.21" angle="0.00" type="DEFAULT_VEHTYPE" speed="12.66" pos="89.04" lane="1/3to1/2_0" slope="0.00"/>
        <vehicle id="14" x="319.92" y="398.35" angle="90.00" type="DEFAULT_VEHTYPE" speed="13.86" pos="115.17" lane="1/2to2/2_0" slope="0.00"/>
        <vehicle id="15" x="398.35" y="343.14" angle="0.00" type="DEFAULT_VEHTYPE" speed="12.65" pos="52.11" lane="2/2to2/1_0" slope="0.00"/>
        <vehicle id="16" x="398.35" y="566.85" angle="0.00" type="DEFAULT_VEHTYPE" speed="12.09" pos="28.40" lane="2/3to2/2_0" slope="0.00"/>
        <vehicle id="17" x="512.29" y="601.65" angle="-90.00" type="DEFAULT_VEHTYPE" speed="13.66" pos="82.96" lane="3/3to2/3_0" slope="0.00"/>
        <vehicle id="18" x="216.57" y="198.35" angle="90.00" type="DEFAULT_VEHTYPE" speed="11.59" pos="11.82" lane="1/1to2/1_0" slope="0.00"/>
        <vehicle id="19" x="213.42" y="601.65" angle="-90.00" type="DEFAULT_VEHTYPE" speed="7.37" pos="181.83" lane="2/3to1/3_0" slope="0.00"/>
        <vehicle id="2" x="560.41" y="398.35" angle="90.00" type="DEFAULT_VEHTYPE" speed="13.51" pos="155.66" lane="2/2to3/2_0" slope="0.00"/>
        <vehicle id="20" x="598.35" y="385.48" angle="0.00" type="DEFAULT_VEHTYPE" speed="8.59" pos="9.77" lane="3/2to3/1_0" slope="0.00"/>
        <vehicle id="21" x="398.35" y="612.43" angle="0.00" type="DEFAULT_VEHTYPE" speed="6.02" pos="187.57" lane="2/4to2/3_0" slope="0.00"/>
        <vehicle id="22" x="401.65" y="418.31" angle="180.00" type="DEFAULT_VEHTYPE" speed="13.64" pos="13.56" lane="2/2to2/3_0" slope="0.00"/>
        <vehicle id="23" x="601.65" y="205.17" angle="180.00" type="DEFAULT_VEHTYPE" speed="12.91" pos="0.42" lane="3/1to3/2_0" slope="0.00"/>
        <vehicle id="24" x="201.65" y="336.99" angle="180.00" type="DEFAULT_VEHTYPE" speed="13.83" pos="132.24" lane="1/1to1/2_0" slope="0.00"/>
        <vehicle id="25" x="598.35" y="614.31" angle="0.00" type="DEFAULT_VEHTYPE" speed="12.67" pos="185.69" lane="3/4to3/3_0" slope="0.00"/>
        <vehicle id="26" x="35.33" y="401.65" angle="-90.00" type="DEFAULT_VEHTYPE" speed="12.80" pos="159.92" lane="1/2to0/2_0" slope="0.00"/>
        <vehicle id="27" x="281.70" y="601.65" angle="-90.00" type="DEFAULT_VEHTYPE" speed="13.08" pos="113.55" lane="2/3to1/3_0" slope="0.00"/>
        <vehicle id="28" x="198.35" y="296.37" angle="0.00" type="DEFAULT_VEHTYPE" speed="13.88" pos="98.88" lane="1/2to1/1_0" slope="0.00"/>
        <vehicle id="29" x="673.51" y="401.65" angle="-90.00" type="DEFAULT_VEHTYPE" speed="12.69" pos="126.49" lane="4/2to3/2_0" slope="0.00"/>
        <vehicle id="3" x="401.65" y="23.90" angle="180.00" type="DEFAULT_VEHTYPE" speed="13.30" pos="23.90" lane="2/0to2/1_0" slope="0.00"/>
        <vehicle id="30" x="601.65" y="263.80" angle="180.00" type="DEFAULT_VEHTYPE" speed="12.68" pos="59.05" lane="3/1to3/2_0" slope="0.00"/>
        <vehicle id="31" x="98.04" y="598.35" angle="90.00" type="DEFAULT_VEHTYPE" speed="12.73" pos="98.04" lane="0/3to1/3_0" slope="0.00"/>
        <vehicle id="32" x="401.65" y="447.72" angle="180.00" type="DEFAULT_VEHTYPE" speed="13.76" pos="42.97" lane="2/2to2/3_0" slope="0.00"/>
        <vehicle id="33" x="562.99" y="401.65" angle="-90.00" type="DEFAULT_VEHTYPE" speed="13.12" pos="32.26" lane="3/2to2/2_0" slope="0.00"/>
        <vehicle id="34" x="201.65" y="13.06" angle="180.00" type="DEFAULT_VEHTYPE" speed="12.91" pos="13.06" lane="1/0to1/1_0" slope="0.00"/>
        <vehicle id="35" x="198.35" y="553.13" angle="0.00" type="DEFAULT_VEHTYPE" speed="13.20" pos="42.12" lane="1/3to1/2_0" slope="0.00"/>
        <vehicle id="36" x="192.16" y="598.35" angle="90.00" type="DEFAULT_VEHTYPE" speed="0.49" pos="192.16" lane="0/3to1/3_0" slope="0.00"/>
        <vehicle id="37" x="16.24" y="198.35" angle="90.00" type="DEFAULT_VEHTYPE" speed="13.26" pos="16.24" lane="0/1to1/1_0" slope="0.00"/>
        <vehicle id="38" x="601.65" y="6.77" angle="180.00" type="DEFAULT_VEHTYPE" speed="13.63" pos="6.77" lane="3/0to3/1_0" slope="0.00"/>
        <vehicle id="39" x="620.91" y="401.65" angle="-90.00" type="DEFAULT_VEHTYPE" speed="10.10" pos="179.09" lane="4/2to3/2_0" slope="0.00"/>
        <vehicle id="4" x="260.62" y="398.35" angle="90.00" type="DEFAULT_VEHTYPE" speed="13.24" pos="55.87" lane="1/2to2/2_0" slope="0.00"/>
        <vehicle id="40" x="401.65" y="360.06" angle="180.00" type="DEFAULT_VEHTYPE" speed="13.04" pos="155.31" lane="2/1to2/2_0" slope="0.00"/>
        <vehicle id="41" x="598.35" y="228.31" angle="0.00" type="DEFAULT_VEHTYPE" speed="13.23" pos="166.94" lane="3/2to3/1_0" slope="0.00"/>
        <vehicle id="42" x="201.65" y="479.20" angle="180.00" type="DEFAULT_VEHTYPE" speed="13.18" pos="74.45" lane="1/2to1/3_0" slope="0.00"/>
        <vehicle id="43" x="398.35" y="248.70" angle="0.00" type="DEFAULT_VEHTYPE" speed="13.61" pos="146.55" lane="2/2to2/1_0" slope="0.00"/>
        <vehicle id="44" x="198.35" y="271.10" angle="0.00" type="DEFAULT_VEHTYPE" speed="13.07" pos="124.15" lane="1/2to1/1_0" slope="0.00"/>
        <vehicle id="45" x="702.62" y="201.65" angle="-90.00" type="DEFAULT_VEHTYPE" speed="13.66" pos="97.38" lane="4/1to3/1_0" slope="0.00"/>
        <vehicle id="46" x="704.15" y="598.35" angle="90.00" type="DEFAULT_VEHTYPE" speed="13.84" pos="99.40" lane="3/3to4/3_0" slope="0.00"/>
        <vehicle id="47" x="398.35" y="109.76" angle="0.00" type="DEFAULT_VEHTYPE" speed="13.77" pos="85.49" lane="2/1to2/0_0" slope="0.00"/>
        <vehicle id="49" x="140.81" y="401.65" angle="-90.00" type="DEFAULT_VEHTYPE" speed="12.20" pos="54.44" lane="1/2to0/2_0" slope="0.00"/>
        <vehicle id="5" x="355.92" y="201.65" angle="-90.00" type="DEFAULT_VEHTYPE" speed="13.67" pos="39.33" lane="2/1to1/1_0" slope="0.00"/>
        <vehicle id="6" x="382.07" y="201.65" angle="-90.00" type="DEFAULT_VEHTYPE" speed="12.73" pos="13.18" lane="2/1to1/1_0" slope="0.00"/>
        <vehicle id="7" x="201.65" y="590.52" angle="180.00" type="DEFAULT_VEHTYPE" speed="13.42" pos="185.77" lane="1/2to1/3_0" slope="0.00"/>
        <vehicle id="8" x="711.94" y="198.35" angle="90.00" type="DEFAULT_VEHTYPE" speed="13.26" pos="107.19" lane="3/1to4/1_0" slope="0.00"/>
        <vehicle id="9" x="398.35" y="278.73" angle="0.00" type="DEFAULT_VEHTYPE" speed="13.84" pos="116.52" lane="2/2to2/1_0" slope="0.00"/>
    </timestep>
    <timestep time="57.00">
        <vehicle id="0" x="401.65" y="102.53" angle="180.00" type="DEFAULT_VEHTYPE" speed="13.62" pos="102.53" lane="2/0to2/1_0" slope="0.00"/>
        <vehicle id="10" x="634.90" y="201.65" angle="-90.00" type="DEFAULT_VEHTYPE" speed="12.68" pos="165.10" lane="4/1to3/1_0" slope="0.00"/>
        <vehicle id="11" x="398.35" y="509.60" angle="0.00" type="DEFAULT_VEHTYPE" speed="13.05" pos="85.65" lane="2/3to2/2_0" slope="0.00"/>
        <vehicle id="12" x="198.35" y="116.67" angle="0.00" type="DEFAULT_VEHTYPE" speed="12.61" pos="78.58" lane="1/1to1/0_0" slope="0.00"/>
        <vehicle id="13" x="198.35" y="493.32" angle="0.00" type="DEFAULT_VEHTYPE" speed="12.89" pos="101.93" lane="1/3to1/2_0" slope="0.00"/>
        <vehicle id="14" x="333.37" y="398.35" angle="90.00" type="DEFAULT_VEHTYPE" speed="13.45" pos="128.62" lane="1/2to2/2_0" slope="0.00"/>
        <vehicle id="15" x="398.35" y="329.36" angle="0.00" type="DEFAULT_VEHTYPE" speed="13.78" pos="65.89" lane="2/2to2/1_0" slope="0.00"/>
        <vehicle id="16" x="398.35" y="553.65" angle="0.00" type="DEFAULT_VEHTYPE" speed="13.20" pos="41.60" lane="2/3to2/2_0" slope="0.00"/>
        <vehicle id="17" x="498.49" y="601.65" angle="-90.00" type="DEFAULT_VEHTYPE" speed="13.80" pos="96.76" lane="3/3to2/3_0" slope="0.00"/>
        <vehicle id="18" x="230.28" y="198.35" angle="90.00" type="DEFAULT_VEHTYPE" speed="13.70" pos="25.53" lane="1/1to2/1_0" slope="0.00"/>
        <vehicle id="19" x="209.42" y="601.65" angle="-90.00" type="DEFAULT_VEHTYPE" speed="4.00" pos="185.83" lane="2/3to1/3_0" slope="0.00"/>
        <vehicle id="2" x="572.91" y="398.35" angle="90.00" type="DEFAULT_VEHTYPE" speed="12.50" pos="168.16" lane="2/2to3/2_0" slope="0.00"/>
        <vehicle id="20" x="598.35" y="374.45" angle="0.00" type="DEFAULT_VEHTYPE" speed="11.03" pos="20.80" lane="3/2to3/1_0" slope="0.00"/>
        <vehicle id="21" x="398.35" y="609.78" angle="0.00" type="DEFAULT_VEHTYPE" speed="2.65" pos="190.22" lane="2/4to2/3_0" slope="0.00"/>
        <vehicle id="22" x="401.65" y="431.15" angle="180.00" type="DEFAULT_VEHTYPE" speed="12.84" pos="26.40" lane="2/2to2/3_0" slope="0.00"/>
        <vehicle id="23" x="601.65" y="218.55" angle="180.00" type="DEFAULT_VEHTYPE" speed="13.39" pos="13.80" lane="3/1to3/2_0" slope="0.00"/>
        <vehicle id="24" x="201.65" y="350.39" angle="180.00" type="DEFAULT_VEHTYPE" speed="13.40" pos="145.64" lane="1/1to1/2_0" slope="0.00"/>
        <vehicle id="25" x="596.78" y="601.94" angle="-19.74" type="DEFAULT_VEHTYPE" speed="13.00" pos="3.43" lane=":3/3_0_0" slope="0.00"/>
        <vehicle id="26" x="22.15" y="401.65" angle="-90.00" type="DEFAULT_VEHTYPE" speed="13.18" pos="173.10" lane="1/2to0/2_0" slope="0.00"/>
        <vehicle id="27" x="268.22" y="601.65" angle="-90.00" type="DEFAULT_VEHTYPE" speed="13.47" pos="127.03" lane="2/3to1/3_0" slope="0.00"/>
        <vehicle id="28" x="198.35" y="282.74" angle="0.00" type="DEFAULT_VEHTYPE" speed="13.62" pos="112.51" lane="1/2to1/1_0" slope="0.00"/>
        <vehicle id="29" x="660.50" y="401.65" angle="-90.00" type="DEFAULT_VEHTYPE" speed="13.02" pos="139.50" lane="4/2to3/2_0" slope="0.00"/>
        <vehicle id="3" x="401.65" y="36.96" angle="180.00" type="DEFAULT_VEHTYPE" speed="13.06" pos="36.96" lane="2/0to2/1_0" slope="0.00"/>
        <vehicle id="30" x="601.65" y="276.97" angle="180.00" type="DEFAULT_VEHTYPE" speed="13.17" pos="72.22" lane="3/1to3/2_0" slope="0.00"/>
        <vehicle id="31" x="111.80" y="598.35" angle="90.00" type="DEFAULT_VEHTYPE" speed="13.76" pos="111.80" lane="0/3to1/3_0" slope="0.00"/>
        <vehicle id="32" x="401.65" y="461.07" angle="180.00" type="DEFAULT_VEHTYPE" speed="13.35" pos="56.32" lane="2/2to2/3_0" slope="0.00"/>
        <vehicle id="33" x="550.06" y="401.65" angle="-90.00" type="DEFAULT_VEHTYPE" speed="12.93" pos="45.19" lane="3/2to2/2_0" slope="0.00"/>
        <vehicle id="34" x="201.65" y="26.50" angle="180.00" type="DEFAULT_VEHTYPE" speed="13.44" pos="26.50" lane="1/0to1/1_0" slope="0.00"/>
        <vehicle id="35" x="198.35" y="539.55" angle="0.00" type="DEFAULT_VEHTYPE" speed="13.59" pos="55.70" lane="1/3to1/2_0" slope="0.00"/>
        <vehicle id="36" x="192.52" y="598.35" angle="90.00" type="DEFAULT_VEHTYPE" speed="0.36" pos="192.52" lane="0/3to1/3_0" slope="0.00"/>
        <vehicle id="37" x="30.03" y="198.35" angle="90.00" type="DEFAULT_VEHTYPE" speed="13.79" pos="30.03" lane="0/1to1/1_0" slope="0.00"/>
        <vehicle id="38" x="601.65" y="19.81" angle="180.00" type="DEFAULT_VEHTYPE" speed="13.04" pos="19.81" lane="3/0to3/1_0" slope="0.00"/>
        <vehicle id="39" x="613.65" y="401.65" angle="-90.00" type="DEFAULT_VEHTYPE" speed="7.26" pos="186.35" lane="4/2to3/2_0" slope="0.00"/>
        <vehicle id="4" x="273.90" y="398.35" angle="90.00" type="DEFAULT_VEHTYPE" speed="13.28" pos="69.15" lane="1/2to2/2_0" slope="0.00"/>
        <vehicle id="40" x="401.65" y="372.64" angle="180.00" type="DEFAULT_VEHTYPE" speed="12.58" pos="167.89" lane="2/1to2/2_0" slope="0.00"/>
        <vehicle id="41" x="598.35" y="218.61" angle="0.00" type="DEFAULT_VEHTYPE" speed="9.71" pos="176.64" lane="3/2to3/1_0" slope="0.00"/>
        <vehicle id="42" x="201.65" y="492.69" angle="180.00" type="DEFAULT_VEHTYPE" speed="13.49" pos="87.94" lane="1/2to1/3_0" slope="0.00"/>
        <vehicle id="43" x="398.35" y="235.94" angle="0.00" type="DEFAULT_VEHTYPE" speed="12.76" pos="159.31" lane="2/2to2/1_0" slope="0.00"/>
        <vehicle id="44" x="198.35" y="257.70" angle="0.00" type="DEFAULT_VEHTYPE" speed="13.40" pos="137.55" lane="1/2to1/1_0" slope="0.00"/>
        <vehicle id="45" x="689.24" y="201.65" angle="-90.00" type="DEFAULT_VEHTYPE" speed="13.38" pos="110.76" lane="4/1to3/1_0" slope="0.00"/>
        <vehicle id="46" x="716.84" y="598.35" angle="90.00" type="DEFAULT_VEHTYPE" speed="12.69" pos="112.09" lane="3/3to4/3_0" slope="0.00"/>
        <vehicle id="47" x="398.35" y="96.90" angle="0.00" type="DEFAULT_VEHTYPE" speed="12.87" pos="98.35" lane="2/1to2/0_0" slope="0.00"/>
        <vehicle id="49" x="126.98" y="401.65" angle="-90.00" type="DEFAULT_VEHTYPE" speed="13.83" pos="68.27" lane="1/2to0/2_0" slope="0.00"/>
        <vehicle id="5" x="343.30" y="201.65" angle="-90.00" type="DEFAULT_VEHTYPE" speed="12.62" pos="51.95" lane="2/1to1/1_0" slope="0.00"/>
        <vehicle id="6" x="369.33" y="201.65" angle="-90.00" type="DEFAULT_VEHTYPE" speed="12.74" pos="25.92" lane="2/1to1/1_0" slope="0.00"/>
        <vehicle id="7" x="208.37" y="598.35" angle="92.21" type="DEFAULT_VEHTYPE" speed="13.35" pos="3.62" lane="1/3to2/3_0" slope="0.00"/>
        <vehicle id="8" x="724.79" y="198.35" angle="90.00" type="DEFAULT_VEHTYPE" speed="12.85" pos="120.04" lane="3/1to4/1_0" slope="0.00"/>
        <vehicle id="9" x="398.35" y="265.44" angle="0.00" type="DEFAULT_VEHTYPE" speed="13.29" pos="129.81" lane="2/2to2/1_0" slope="0.00"/>
    </timestep>
    <timestep time="58.00">
        <vehicle id="0" x="401.65" y="115.53" angle="180.00" type="DEFAULT_VEHTYPE" speed="13.00" pos="115.53" lane="2/0to2/1_0" slope="0.00"/>
        <vehicle id="10" x="623.54" y="201.65" angle="-90.00" type="DEFAULT_VEHTYPE" speed="11.36" pos="176.46" lane="4/1to3/1_0" slope="0.00"/>
        <vehicle id="11" x="398.35" y="496.11" angle="0.00" type="DEFAULT_VEHTYPE" speed="13.50" pos="99.14" lane="2/3to2/2_0" slope="0.00"/>
        <vehicle id="12" x="198.35" y="103.57" angle="0.00" type="DEFAULT_VEHTYPE" speed="13.10" pos="91.68" lane="1/1to1/0_0" slope="0.00"/>
        <vehicle id="13" x="198.35" y="480.36" angle="0.00" type="DEFAULT_VEHTYPE" speed="12.96" pos="114.89" lane="1/3to1/2_0" slope="0.00"/>
        <vehicle id="14" x="346.95" y="398.35" angle="90.00" type="DEFAULT_VEHTYPE" speed="13.58" pos="142.20" lane="1/2to2/2_0" slope="0.00"/>
        <vehicle id="15" x="398.35" y="316.39" angle="0.00" type="DEFAULT_VEHTYPE" speed="12.97" pos="78.86" lane="2/2to2/1_0" slope="0.00"/>
        <vehicle id="16" x="398.35" y="540.44" angle="0.00" type="DEFAULT_VEHTYPE" speed="13.21" pos="54.81" lane="2/3to2/2_0" slope="0.00"/>
        <vehicle id="17" x="485.65" y="601.65" angle="-90.00" type="DEFAULT_VEHTYPE" speed="12.84" pos="109.60" lane="3/3to2/3_0" slope="0.00"/>
        <vehicle id="18" x="243.18" y="198.35" angle="90.00" type="DEFAULT_VEHTYPE" speed="12.91" pos="38.43" lane="1/1to2/1_0" slope="0.00"/>
        <vehicle id="19" x="203.96" y="601.54" angle="-88.71" type="DEFAULT_VEHTYPE" speed="5.47" pos="0.80" lane=":1/3_6_0" slope="0.00"/>
        <vehicle id="2" x="581.22" y="398.35" angle="90.00" type="DEFAULT_VEHTYPE" speed="8.31" pos="176.47" lane="2/2to3/2_0" slope="0.00"/>
        <vehicle id="20" x="598.35" y="360.97" angle="0.00" type="DEFAULT_VEHTYPE" speed="13.48" pos="34.28" lane="3/2to3/1_0" slope="0.00"/>
        <vehicle id="21" x="398.35" y="604.97" angle="0.00" type="DEFAULT_VEHTYPE" speed="4.81" pos="195.03" lane="2/4to2/3_0" slope="0.00"/>
        <vehicle id="22" x="401.65" y="443.81" angle="180.00" type="DEFAULT_VEHTYPE" speed="12.66" pos="39.06" lane="2/2to2/3_0" slope="0.00"/>
        <vehicle id="23" x="601.65" y="231.62" angle="180.00" type="DEFAULT_VEHTYPE" speed="13.07" pos="26.87" lane="3/1to3/2_0" slope="0.00"/>
        <vehicle id="24" x="201.65" y="363.01" angle="180.00" type="DEFAULT_VEHTYPE" speed="12.62" pos="158.26" lane="1/1to1/2_0" slope="0.00"/>
        <vehicle id="25" x="583.42" y="601.65" angle="-90.00" type="DEFAULT_VEHTYPE" speed="13.39" pos="11.83" lane="3/3to2/3_0" slope="0.00"/>
        <vehicle id="26" x="9.20" y="401.65" angle="-90.00" type="DEFAULT_VEHTYPE" speed="12.95" pos="186.05" lane="1/2to0/2_0" slope="0.00"/>
        <vehicle id="27" x="255.26" y="601.65" angle="-90.00" type="DEFAULT_VEHTYPE" speed="12.96" pos="139.99" lane="2/3to1/3_0" slope="0.00"/>
        <vehicle id="28" x="198.35" y="269.60" angle="0.00" type="DEFAULT_VEHTYPE" speed="13.14" pos="125.65" lane="1/2to1/1_0" slope="0.00"/>
        <vehicle id="29" x="647.81" y="401.65" angle="-90.00" type="DEFAULT_VEHTYPE" speed="12.69" pos="152.19" lane="4/2to3/2_0" slope="0.00"/>
        <vehicle id="3" x="401.65" y="50.40" angle="180.00" type="DEFAULT_VEHTYPE" speed="13.44" pos="50.40" lane="2/0to2/1_0" slope="0.00"/>
        <vehicle id="30" x="601.65" y="290.35" angle="180.00" type="DEFAULT_VEHTYPE" speed="13.38" pos="85.60" lane="3/1to3/2_0" slope="0.00"/>
        <vehicle id="31" x="124.42" y="598.35" angle="90.00" type="DEFAULT_VEHTYPE" speed="12.62" pos="124.42" lane="0/3to1/3_0" slope="0.00"/>
        <vehicle id="32" x="401.65" y="474.45" angle="180.00" type="DEFAULT_VEHTYPE" speed="13.39" pos="69.70" lane="2/2to2/3_0" slope="0.00"/>
        <vehicle id="33" x="536.84" y="401.65" angle="-90.00" type="DEFAULT_VEHTYPE" speed="13.22" pos="58.41" lane="3/2to2/2_0" slope="0.00"/>
        <vehicle id="34" x="201.65" y="39.24" angle="180.00" type="DEFAULT_VEHTYPE" speed="12.73" pos="39.24" lane="1/0to1/1_0" slope="0.00"/>
        <vehicle id="35" x="198.35" y="525.85" angle="0.00" type="DEFAULT_VEHTYPE" speed="13.70" pos="69.40" lane="1/3to1/2_0" slope="0.00"/>
        <vehicle id="36" x="192.70" y="598.35" angle="90.00" type="DEFAULT_VEHTYPE" speed="0.18" pos="192.70" lane="0/3to1/3_0" slope="0.00"/>
        <vehicle id="37" x="43.68" y="198.35" angle="90.00" type="DEFAULT_VEHTYPE" speed="13.64" pos="43.68" lane="0/1to1/1_0" slope="0.00"/>
        <vehicle id="38" x="601.65" y="32.70" angle="180.00" type="DEFAULT_VEHTYPE" speed="12.89" pos="32.70" lane="3/0to3/1_0" slope="0.00"/>
        <vehicle id="39" x="610.08" y="401.65" angle="-90.00" type="DEFAULT_VEHTYPE" speed="3.57" pos="189.92" lane="4/2to3/2_0" slope="0.00"/>
        <vehicle id="4" x="287.13" y="398.35" angle="90.00" type="DEFAULT_VEHTYPE" speed="13.23" pos="82.38" lane="1/2to2/2_0" slope="0.00"/>
        <vehicle id="40" x="401.65" y="381.53" angle="180.00" type="DEFAULT_VEHTYPE" speed="8.88" pos="176.78" lane="2/1to2/2_0" slope="0.00"/>
        <vehicle id="41" x="598.35" y="213.22" angle="0.00" type="DEFAULT_VEHTYPE" speed="5.39" pos="182.03" lane="3/2to3/1_0" slope="0.00"/>
        <vehicle id="42" x="201.65" y="505.64" angle="180.00" type="DEFAULT_VEHTYPE" speed="12.95" pos="100.89" lane="1/2to1/3_0" slope="0.00"/>
        <vehicle id="43" x="398.35" y="222.88" angle="0.00" type="DEFAULT_VEHTYPE" speed="13.06" pos="172.37" lane="2/2to2/1_0" slope="0.00"/>
        <vehicle id="44" x="198.35" y="244.89" angle="0.00" type="DEFAULT_VEHTYPE" speed="12.81" pos="150.36" lane="1/2to1/1_0" slope="0.00"/>
        <vehicle id="45" x="676.19" y="201.65" angle="-90.00" type="DEFAULT_VEHTYPE" speed="13.05" pos="123.81" lane="4/1to3/1_0" slope="0.00"/>
        <vehicle id="46" x="730.55" y="598.35" angle="90.00" type="DEFAULT_VEHTYPE" speed="13.71" pos="125.80" lane="3/3to4/3_0" slope="0.00"/>
        <vehicle id="47" x="398.35" y="83.46" angle="0.00" type="DEFAULT_VEHTYPE" speed="13.44" pos="111.79" lane="2/1to2/0_0" slope="0.00"/>
        <vehicle id="49" x="113.82" y="401.65" angle="-90.00" type="DEFAULT_VEHTYPE" speed="13.15" pos="81.43" lane="1/2to0/2_0" slope="0.00"/>
        <vehicle id="5" x="330.09" y="201.65" angle="-90.00" type="DEFAULT_VEHTYPE" speed="13.20" pos="65.16" lane="2/1to1/1_0" slope="0.00"/>
        <vehicle id="6" x="356.13" y="201.65" angle="-90.00" type="DEFAULT_VEHTYPE" speed="13.20" pos="39.12" lane="2/1to1/1_0" slope="0.00"/>
        <vehicle id="7" x="221.58" y="598.35" angle="90.00" type="DEFAULT_VEHTYPE" speed="13.20" pos="16.83" lane="1/3to2/3_0" slope="0.00"/>
        <vehicle id="8" x="738.20" y="198.35" angle="90.00" type="DEFAULT_VEHTYPE" speed="13.41" pos="133.45" lane="3/1to4/1_0" slope="0.00"/>
        <vehicle id="9" x="398.35" y="251.63" angle="0.00" type="DEFAULT_VEHTYPE" speed="13.81" pos="143.62" lane="2/2to2/1_0" slope="0.00"/>
    </timestep>
    <timestep time="59.00">
        <vehicle id="0" x="401.65" y="129.16" angle="180.00" type="DEFAULT_VEHTYPE" speed="13.63" pos="129.16" lane="2/0to2/1_0" slope="0.00"/>
        <vehicle id="10" x="615.60" y="201.65" angle="-90.00" type="DEFAULT_VEHTYPE" speed="7.94" pos="184.40" lane="4/1to3/1_0" slope="0.00"/>
        <vehicle id="11" x="398.35" y="483.47" angle="0.00" type="DEFAULT_VEHTYPE" speed="12.63" pos="111.78" lane="2/3to2/2_0" slope="0.00"/>
        <vehicle id="12" x="198.35" y="90.39" angle="0.00" type="DEFAULT_VEHTYPE" speed="13.18" pos="104.86" lane="1/1to1/0_0" slope="0.00"/>
        <vehicle id="13" x="198.35" y="466.61" angle="0.00" type="DEFAULT_VEHTYPE" speed="13.75" pos="128.64" lane="1/3to1/2_0" slope="0.00"/>
        <vehicle id="14" x="360.54" y="398.35" angle="90.00" type="DEFAULT_VEHTYPE" speed="13.59" pos="155.79" lane="1/2to2/2_0" slope="0.00"/>
        <vehicle id="15" x="398.35" y="302.85" angle="0.00" type="DEFAULT_VEHTYPE" speed="13.53" pos="92.40" lane="2/2to2/1_0" slope="0.00"/>
        <vehicle id="16" x="398.35" y="526.72" angle="0.00" type="DEFAULT_VEHTYPE" speed="13.71" pos="68.53" lane="2/3to2/2_0" slope="0.00"/>
        <vehicle id="17" x="472.75" y="601.65" angle="-90.00" type="DEFAULT_VEHTYPE" speed="12.89" pos="122.50" lane="3/3to2/3_0" slope="0.00"/>
        <vehicle id="18" x="256.15" y="198.35" angle="90.00" type="DEFAULT_VEHTYPE" speed="12.97" pos="51.40" lane="1/1to2/1_0" slope="0.00"/>
        <vehicle id="19" x="198.63" y="597.22" angle="-37.47" type="DEFAULT_VEHTYPE" speed="7.53" pos="8.33" lane=":1/3_6_0" slope="0.00"/>
        <vehicle id="2" x="586.96" y="398.35" angle="90.00" type="DEFAULT_VEHTYPE" speed="5.74" pos="182.21" lane="2/2to3/2_0" slope="0.00"/>
        <vehicle id="20" x="598.35" y="347.99" angle="0.00" type="DEFAULT_VEHTYPE" speed="12.98" pos="47.26" lane="3/2to3/1_0" slope="0.00"/>
        <vehicle id="21" x="401.40" y="599.08" angle="35.93" type="DEFAULT_VEHTYPE" speed="7.06" pos="6.84" lane=":2/3_2_0" slope="0.00"/>
        <vehicle id="22" x="401.65" y="457.24" angle="180.00" type="DEFAULT_VEHTYPE" speed="13.42" pos="52.49" lane="2/2to2/3_0" slope="0.00"/>
        <vehicle id="23" x="601.65" y="245.22" angle="180.00" type="DEFAULT_VEHTYPE" speed="13.60" pos="40.47" lane="3/1to3/2_0" slope="0.00"/>
        <vehicle id="24" x="201.65" y="375.76" angle="180.00" type="DEFAULT_VEHTYPE" speed="12.75" pos="171.01" lane="1/1to1/2_0" slope="0.00"/>
        <vehicle id="25" x="570.14" y="601.65" angle="-90.00" type="DEFAULT_VEHTYPE" speed="13.28" pos="25.11" lane="3/3to2/3_0" slope="0.00"/>
        <vehicle id="27" x="241.38" y="601.65" angle="-90.00" type="DEFAULT_VEHTYPE" speed="13.89" pos="153.87" lane="2/3to1/3_0" slope="0.00"/>
        <vehicle id="28" x="198.35" y="256.93" angle="0.00" type="DEFAULT_VEHTYPE" speed="12.67" pos="138.32" lane="1/2to1/1_0" slope="0.00"/>
        <vehicle id="29" x="636.38" y="401.65" angle="-90.00" type="DEFAULT_VEHTYPE" speed="11.43" pos="163.62" lane="4/2to3/2_0" slope="0.00"/>
        <vehicle id="3" x="401.65" y="64.11" angle="180.00" type="DEFAULT_VEHTYPE" speed="13.72" pos="64.11" lane="2/0to2/1_0" slope="0.00"/>
        <vehicle id="30" x="601.65" y="304.09" angle="180.00" type="DEFAULT_VEHTYPE" speed="13.74" pos="99.34" lane="3/1to3/2_0" slope="0.00"/>
        <vehicle id="31" x="138.08" y="598.35" angle="90.00" type="DEFAULT_VEHTYPE" speed="13.66" pos="138.08" lane="0/3to1/3_0" slope="0.00"/>
        <vehicle id="32" x="401.65" y="487.80" angle="180.00" type="DEFAULT_VEHTYPE" speed="13.35" pos="83.05" lane="2/2to2/3_0" slope="0.00"/>
        <vehicle id="33" x="523.80" y="401.65" angle="-90.00" type="DEFAULT_VEHTYPE" speed="13.04" pos="71.45" lane="3/2to2/2_0" slope="0.00"/>
        <vehicle id="34" x="201.65" y="53.06" angle="180.00" type="DEFAULT_VEHTYPE" speed="13.82" pos="53.06" lane="1/0to1/1_0" slope="0.00"/>
        <vehicle id="35" x="198.35" y="512.41" angle="0.00" type="DEFAULT_VEHTYPE" speed="13.43" pos="82.84" lane="1/3to1/2_0" slope="0.00"/>
        <vehicle id="36" x="192.75" y="598.35" angle="90.00" type="DEFAULT_VEHTYPE" speed="0.05" pos="192.75" lane="0/3to1/3_0" slope="0.00"/>
        <vehicle id="37" x="57.52" y="198.35" angle="90.00" type="DEFAULT_VEHTYPE" speed="13.85" pos="57.52" lane="0/1to1/1_0" slope="0.00"/>
        <vehicle id="38" x="601.65" y="46.54" angle="180.00" type="DEFAULT_VEHTYPE" speed="13.84" pos="46.54" lane="3/0to3/1_0" slope="0.00"/>
        <vehicle id="39" x="605.03" y="401.65" angle="-90.00" type="DEFAULT_VEHTYPE" speed="5.05" pos="194.97" lane="4/2to3/2_0" slope="0.00"/>
        <vehicle id="4" x="301.03" y="398.35" angle="90.00" type="DEFAULT_VEHTYPE" speed="13.90" pos="96.28" lane="1/2to2/2_0" slope="0.00"/>
        <vehicle id="40" x="401.65" y="387.78" angle="180.00" type="DEFAULT_VEHTYPE" speed="6.25" pos="183.03" lane="2/1to2/2_0" slope="0.00"/>
        <vehicle id="41" x="598.35" y="209.45" angle="0.00" type="DEFAULT_VEHTYPE" speed="3.77" pos="185.80" lane="3/2to3/1_0" slope="0.00"/>
        <vehicle id="42" x="201.65" y="518.80" angle="180.00" type="DEFAULT_VEHTYPE" speed="13.16" pos="114.05" lane="1/2to1/3_0" slope="0.00"/>
        <vehicle id="43" x="398.35" y="209.95" angle="0.00" type="DEFAULT_VEHTYPE" speed="12.94" pos="185.30" lane="2/2to2/1_0" slope="0.00"/>
        <vehicle id="44" x="198.35" y="231.51" angle="0.00" type="DEFAULT_VEHTYPE" speed="13.39" pos="163.74" lane="1/2to1/1_0" slope="0.00"/>
        <vehicle id="45" x="663.51" y="201.65" angle="-90.00" type="DEFAULT_VEHTYPE" speed="12.68" pos="136.49" lane="4/1to3/1_0" slope="0.00"/>
        <vehicle id="46" x="744.30" y="598.35" angle="90.00" type="DEFAULT_VEHTYPE" speed="13.75" pos="139.55" lane="3/3to4/3_0" slope="0.00"/>
        <vehicle id="47" x="398.35" y="69.64" angle="0.00" type="DEFAULT_VEHTYPE" speed="13.82" pos="125.61" lane="2/1to2/0_0" slope="0.00"/>
        <vehicle id="49" x="101.00" y="401.65" angle="-90.00" type="DEFAULT_VEHTYPE" speed="12.82" pos="94.25" lane="1/2to0/2_0" slope="0.00"/>
        <vehicle id="5" x="316.40" y="201.65" angle="-90.00" type="DEFAULT_VEHTYPE" speed="13.69" pos="78.85" lane="2/1to1/1_0" slope="0.00"/>
        <vehicle id="6" x="343.29" y="201.65" angle="-90.00" type="DEFAULT_VEHTYPE" speed="12.84" pos="51.96" lane="2/1to1/1_0" slope="0.00"/>
        <vehicle id="7" x="235.35" y="598.35" angle="90.00" type="DEFAULT_VEHTYPE" speed="13.77" pos="30.60" lane="1/3to2/3_0" slope="0.00"/>
        <vehicle id="8" x="750.89" y="198.35" angle="90.00" type="DEFAULT_VEHTYPE" speed="12.68" pos="146.14" lane="3/1to4/1_0" slope="0.00"/>
        <vehicle id="9" x="398.35" y="238.29" angle="0.00" type="DEFAULT_VEHTYPE" speed="13.34" pos="156.96" lane="2/2to2/1_0" slope="0.00"/>
    </timestep>
    <timestep time="60.00">
        <vehicle id="0" x="401.65" y="142.98" angle="180.00" type="DEFAULT_VEHTYPE" speed="13.82" pos="142.98" lane="2/0to2/1_0" slope="0.00"/>
        <vehicle id="10" x="610.47" y="201.65" angle="-90.00" type="DEFAULT_VEHTYPE" speed="5.13" pos="189.53" lane="4/1to3/1_0" slope="0.00"/>
        <vehicle id="11" x="398.35" y="469.58" angle="0.00" type="DEFAULT_VEHTYPE" speed="13.89" pos="125.67" lane="2/3to2/2_0" slope="0.00"/>
        <vehicle id="12" x="198.35" y="77.60" angle="0.00" type="DEFAULT_VEHTYPE" speed="12.79" pos="117.65" lane="1/1to1/0_0" slope="0.00"/>
        <vehicle id="13" x="198.35" y="452.80" angle="0.00" type="DEFAULT_VEHTYPE" speed="13.81" pos="142.45" lane="1/3to1/2_0" slope="0.00"/>
        <vehicle id="14" x="373.45" y="398.35" angle="90.00" type="DEFAULT_VEHTYPE" speed="12.91" pos="168.70" lane="1/2to2/2_0" slope="0.00"/>
        <vehicle id="15" x="398.35" y="289.08" angle="0.00" type="DEFAULT_VEHTYPE" speed="13.77" pos="106.17" lane="2/2to2/1_0" slope="0.00"/>
        <vehicle id="16" x="398.35" y="513.44" angle="0.00" type="DEFAULT_VEHTYPE" speed="13.28" pos="81.81" lane="2/3to2/2_0" slope="0.00"/>
        <vehicle id="17" x="459.24" y="601.65" angle="-90.00" type="DEFAULT_VEHTYPE" speed="13.51" pos="136.01" lane="3/3to2/3_0" slope="0.00"/>
        <vehicle id="18" x="269.95" y="198.35" angle="90.00" type="DEFAULT_VEHTYPE" speed="13.80" pos="65.20" lane="1/1to2/1_0" slope="0.00"/>
        <vehicle id="19" x="198.35" y="587.12" angle="0.00" type="DEFAULT_VEHTYPE" speed="10.12" pos="8.13" lane="1/3to1/2_0" slope="0.00"/>
        <vehicle id="2" x="590.68" y="398.35" angle="90.00" type="DEFAULT_VEHTYPE" speed="3.72" pos="185.93" lane="2/2to3/2_0" slope="0.00"/>
        <vehicle id="20" x="598.35" y="334.80" angle="0.00" type="DEFAULT_VEHTYPE" speed="13.19" pos="60.45" lane="3/2to3/1_0" slope="0.00"/>
        <vehicle id="21" x="410.50" y="598.35" angle="90.00" type="DEFAULT_VEHTYPE" speed="9.22" pos="5.75" lane="2/3to3/3_0" slope="0.00"/>
        <vehicle id="22" x="401.65" y="470.09" angle="180.00" type="DEFAULT_VEHTYPE" speed="12.85" pos="65.34" lane="2/2to2/3_0" slope="0.00"/>
        <vehicle id="23" x="601.65" y="258.30" angle="180.00" type="DEFAULT_VEHTYPE" speed="13.09" pos="53.55" lane="3/1to3/2_0" slope="0.00"/>
        <vehicle id="24" x="201.65" y="388.38" angle="180.00" type="DEFAULT_VEHTYPE" speed="12.62" pos="183.63" lane="1/1to1/2_0" slope="0.00"/>
        <vehicle id="25" x="557.09" y="601.65" angle="-90.00" type="DEFAULT_VEHTYPE" speed="13.05" pos="38.16" lane="3/3to2/3_0" slope="0.00"/>
        <vehicle id="27" x="229.06" y="601.65" angle="-90.00" type="DEFAULT_VEHTYPE" speed="12.31" pos="166.19" lane="2/3to1/3_0" slope="0.00"/>
        <vehicle id="28" x="198.35" y="243.41" angle="0.00" type="DEFAULT_VEHTYPE" speed="13.52" pos="151.84" lane="1/2to1/1_0" slope="0.00"/>
        <vehicle id="29" x="625.29" y="401.65" angle="-90.00" type="DEFAULT_VEHTYPE" speed="11.09" pos="174.71" lane="4/2to3/2_0" slope="0.00"/>
        <vehicle id="3" x="401.65" y="76.75" angle="180.00" type="DEFAULT_VEHTYPE" speed="12.64" pos="76.75" lane="2/0to2/1_0" slope="0.00"/>
        <vehicle id="30" x="601.65" y="317.49" angle="180.00" type="DEFAULT_VEHTYPE" speed="13.40" pos="112.74" lane="3/1to3/2_0" slope="0.00"/>
        <vehicle id="31" x="151.59" y="598.35" angle="90.00" type="DEFAULT_VEHTYPE" speed="13.51" pos="151.59" lane="0/3to1/3_0" slope="0.00"/>
        <vehicle id="32" x="401.65" y="500.66" angle="180.00" type="DEFAULT_VEHTYPE" speed="12.86" pos="95.91" lane="2/2to2/3_0" slope="0.00"/>
        <vehicle id="33" x="509.99" y="401.65" angle="-90.00" type="DEFAULT_VEHTYPE" speed="13.81" pos="85.26" lane="3/2to2/2_0" slope="0.00"/>
        <vehicle id="34" x="201.65" y="65.76" angle="180.00" type="DEFAULT_VEHTYPE" speed="12.71" pos="65.76" lane="1/0to1/1_0" slope="0.00"/>
        <vehicle id="35" x="198.35" y="498.55" angle="0.00" type="DEFAULT_VEHTYPE" speed="13.86" pos="96.70" lane="1/3to1/2_0" slope="0.00"/>
        <vehicle id="36" x="192.75" y="598.35" angle="90.00" type="DEFAULT_VEHTYPE" speed="0.00" pos="192.75" lane="0/3to1/3_0" slope="0.00"/>
        <vehicle id="37" x="70.95" y="198.35" angle="90.00" type="DEFAULT_VEHTYPE" speed="13.43" pos="70.95" lane="0/1to1/1_0" slope="0.00"/>
        <vehicle id="38" x="601.65" y="59.71" angle="180.00" type="DEFAULT_VEHTYPE" speed="13.16" pos="59.71" lane="3/0to3/1_0" slope="0.00"/>
        <vehicle id="39" x="598.18" y="401.65" angle="-90.00" type="DEFAULT_VEHTYPE" speed="6.85" pos="6.57" lane=":3/2_5_0" slope="0.00"/>
        <vehicle id="4" x="314.30" y="398.35" angle="90.00" type="DEFAULT_VEHTYPE" speed="13.27" pos="109.55" lane="1/2to2/2_0" slope="0.00"/>
        <vehicle id="40" x="401.65" y="390.72" angle="180.00" type="DEFAULT_VEHTYPE" speed="2.94" pos="185.97" lane="2/1to2/2_0" slope="0.00"/>
        <vehicle id="41" x="598.35" y="205.61" angle="0.00" type="DEFAULT_VEHTYPE" speed="3.84" pos="189.64" lane="3/2to3/1_0" slope="0.00"/>
        <vehicle id="42" x="201.65" y="532.15" angle="180.00" type="DEFAULT_VEHTYPE" speed="13.35" pos="127.40" lane="1/2to1/3_0" slope="0.00"/>
        <vehicle id="43" x="391.84" y="201.65" angle="-86.48" type="DEFAULT_VEHTYPE" speed="13.61" pos="3.41" lane="2/1to1/1_0" slope="0.00"/>
        <vehicle id="44" x="198.35" y="221.30" angle="0.00" type="DEFAULT_VEHTYPE" speed="10.20" pos="173.95" lane="1/2to1/1_0" slope="0.00"/>
        <vehicle id="45" x="650.49" y="201.65" angle="-90.00" type="DEFAULT_VEHTYPE" speed="13.03" pos="149.51" lane="4/1to3/1_0" slope="0.00"/>
        <vehicle id="46" x="757.04" y="598.35" angle="90.00" type="DEFAULT_VEHTYPE" speed="12.74" pos="152.29" lane="3/3to4/3_0" slope="0.00"/>
        <vehicle id="47" x="398.35" y="55.80" angle="0.00" type="DEFAULT_VEHTYPE" speed="13.84" pos="139.45" lane="2/1to2/0_0" slope="0.00"/>
        <vehicle id="49" x="87.28" y="401.65" angle="-90.00" type="DEFAULT_VEHTYPE" speed="13.72" pos="107.97" lane="1/2to0/2_0" slope="0.00"/>
        <vehicle id="5" x="303.48" y="201.65" angle="-90.00" type="DEFAULT_VEHTYPE" speed="12.92" pos="91.77" lane="2/1to1/1_0" slope="0.00"/>
        <vehicle id="6" x="330.24" y="201.65" angle="-90.00" type="DEFAULT_VEHTYPE" speed="13.05" pos="65.01" lane="2/1to1/1_0" slope="0.00"/>
        <vehicle id="7" x="247.97" y="598.35" angle="90.00" type="DEFAULT_VEHTYPE" speed="12.62" pos="43.22" lane="1/3to2/3_0" slope="0.00"/>
        <vehicle id="8" x="764.45" y="198.35" angle="90.00" type="DEFAULT_VEHTYPE" speed="13.56" pos="159.70" lane="3/1to4/1_0" slope="0.00"/>
        <vehicle id="9" x="398.35" y="224.42" angle="0.00" type="DEFAULT_VEHTYPE" speed="13.87" pos="170.83" lane="2/2to2/1_0" slope="0.00"/>
    </timestep>
    <timestep time="61.00">
        <vehicle id="0" x="401.65" y="156.51" angle="180.00" type="DEFAULT_VEHTYPE" speed="13.54" pos="156.51" lane="2/0to2/1_0" slope="0.00"/>
        <vehicle id="10" x="603.16" y="201.98" angle="-93.81" type="DEFAULT_VEHTYPE" speed="7.36" pos="1.64" lane=":3/1_4_0" slope="0.00"/>
        <vehicle id="11" x="398.35" y="455.90" angle="0.00" type="DEFAULT_VEHTYPE" speed="13.68" pos="139.35" lane="2/3to2/2_0" slope="0.00"/>
        <vehicle id="12" x="198.35" y="64.43" angle="0.00" type="DEFAULT_VEHTYPE" speed="13.17" pos="130.82" lane="1/1to1/0_0" slope="0.00"/>
        <vehicle id="13" x="198.35" y="439.62" angle="0.00" type="DEFAULT_VEHTYPE" speed="13.17" pos="155.63" lane="1/3to1/2_0" slope="0.00"/>
        <vehicle id="14" x="382.47" y="398.35" angle="90.00" type="DEFAULT_VEHTYPE" speed="9.01" pos="177.72" lane="1/2to2/2_0" slope="0.00"/>
        <vehicle id="15" x="398.35" y="275.30" angle="0.00" type="DEFAULT_VEHTYPE" speed="13.78" pos="119.95" lane="2/2to2/1_0" slope="0.00"/>
        <vehicle id="16" x="398.35" y="500.06" angle="0.00" type="DEFAULT_VEHTYPE" speed="13.38" pos="95.19" lane="2/3to2/2_0" slope="0.00"/>
        <vehicle id="17" x="446.06" y="601.65" angle="-90.00" type="DEFAULT_VEHTYPE" speed="13.18" pos="149.19" lane="3/3to2/3_0" slope="0.00"/>
        <vehicle id="18" x="283.35" y="198.35" angle="90.00" type="DEFAULT_VEHTYPE" speed="13.40" pos="78.60" lane="1/1to2/1_0" slope="0.00"/>
        <vehicle id="19" x="198.35" y="575.60" angle="0.00" type="DEFAULT_VEHTYPE" speed="11.52" pos="19.65" lane="1/3to1/2_0" slope="0.00"/>
        <vehicle id="2" x="592.40" y="398.35" angle="90.00" type="DEFAULT_VEHTYPE" speed="1.72" pos="187.65" lane="2/2to3/2_0" slope="0.00"/>
        <vehicle id="20" x="598.35" y="321.27" angle="0.00" type="DEFAULT_VEHTYPE" speed="13.52" pos="73.98" lane="3/2to3/1_0" slope="0.00"/>
        <vehicle id="21" x="421.20" y="598.35" angle="90.00" type="DEFAULT_VEHTYPE" speed="10.71" pos="16.45" lane="2/3to3/3_0" slope="0.00"/>
        <vehicle id="22" x="401.65" y="483.59" angle="180.00" type="DEFAULT_VEHTYPE" speed="13.50" pos="78.84" lane="2/2to2/3_0" slope="0.00"/>
        <vehicle id="23" x="601.65" y="271.33" angle="180.00" type="DEFAULT_VEHTYPE" speed="13.02" pos="66.58" lane="3/1to3/2_0" slope="0.00"/>
        <vehicle id="24" x="201.65" y="401.24" angle="180.00" type="DEFAULT_VEHTYPE" speed="12.86" pos="5.99" lane=":1/2_9_0" slope="0.00"/>
        <vehicle id="25" x="544.08" y="601.65" angle="-90.00" type="DEFAULT_VEHTYPE" speed="13.01" pos="51.17" lane="3/3to2/3_0" slope="0.00"/>
        <vehicle id="27" x="220.05" y="601.65" angle="-90.00" type="DEFAULT_VEHTYPE" speed="9.01" pos="175.20" lane="2/3to1/3_0" slope="0.00"/>
        <vehicle id="28" x="198.35" y="232.39" angle="0.00" type="DEFAULT_VEHTYPE" speed="11.03" pos="162.86" lane="1/2to1/1_0" slope="0.00"/>
        <vehicle id="29" x="617.13" y="401.65" angle="-90.00" type="DEFAULT_VEHTYPE" speed="8.16" pos="182.87" lane="4/2to3/2_0" slope="0.00"/>
        <vehicle id="3" x="401.65" y="90.05" angle="180.00" type="DEFAULT_VEHTYPE" speed="13.30" pos="90.05" lane="2/0to2/1_0" slope="0.00"/>
        <vehicle id="30" x="601.65" y="330.39" angle="180.00" type="DEFAULT_VEHTYPE" speed="12.91" pos="125.64" lane="3/1to3/2_0" slope="0.00"/>
        <vehicle id="31" x="164.17" y="598.35" angle="90.00" type="DEFAULT_VEHTYPE" speed="12.58" pos="164.17" lane="0/3to1/3_0" slope="0.00"/>
        <vehicle id="32" x="401.65" y="514.23" angle="180.00" type="DEFAULT_VEHTYPE" speed="13.57" pos="109.48" lane="2/2to2/3_0" slope="0.00"/>
        <vehicle id="33" x="496.60" y="401.65" angle="-90.00" type="DEFAULT_VEHTYPE" speed="13.39" pos="98.65" lane="3/2to2/2_0" slope="0.00"/>
        <vehicle id="34" x="201.65" y="78.76" angle="180.00" type="DEFAULT_VEHTYPE" speed="13.00" pos="78.76" lane="1/0to1/1_0" slope="0.00"/>
        <vehicle id="35" x="198.35" y="485.72" angle="0.00" type="DEFAULT_VEHTYPE" speed="12.84" pos="109.53" lane="1/3to1/2_0" slope="0.00"/>
        <vehicle id="36" x="194.59" y="598.35" angle="90.00" type="DEFAULT_VEHTYPE" speed="1.85" pos="194.59" lane="0/3to1/3_0" slope="0.00"/>
        <vehicle id="37" x="83.94" y="198.35" angle="90.00" type="DEFAULT_VEHTYPE" speed="12.98" pos="83.94" lane="0/1to1/1_0" slope="0.00"/>
        <vehicle id="38" x="601.65" y="73.03" angle="180.00" type="DEFAULT_VEHTYPE" speed="13.32" pos="73.03" lane="3/0to3/1_0" slope="0.00"/>
        <vehicle id="39" x="589.33" y="401.65" angle="-90.00" type="DEFAULT_VEHTYPE" speed="8.85" pos="5.92" lane="3/2to2/2_0" slope="0.00"/>
        <vehicle id="4" x="327.51" y="398.35" angle="90.00" type="DEFAULT_VEHTYPE" speed="13.22" pos="122.76" lane="1/2to2/2_0" slope="0.00"/>
        <vehicle id="40" x="401.15" y="396.00" angle="-174.14" type="DEFAULT_VEHTYPE" speed="5.43" pos="0.90" lane=":2/2_11_0" slope="0.00"/>
        <vehicle id="41" x="599.24" y="203.48" angle="10.72" type="DEFAULT_VEHTYPE" speed="2.42" pos="1.56" lane=":3/1_3_0" slope="0.00"/>
        <vehicle id="42" x="201.65" y="545.73" angle="180.00" type="DEFAULT_VEHTYPE" speed="13.57" pos="140.98" lane="1/2to1/3_0" slope="0.00"/>
        <vehicle id="43" x="379.05" y="201.65" angle="-90.00" type="DEFAULT_VEHTYPE" speed="12.79" pos="16.20" lane="2/1to1/1_0" slope="0.00"/>
        <vehicle id="44" x="198.35" y="214.51" angle="0.00" type="DEFAULT_VEHTYPE" speed="6.79" pos="180.74" lane="1/2to1/1_0" slope="0.00"/>
        <vehicle id="45" x="636.79" y="201.65" angle="-90.00" type="DEFAULT_VEHTYPE" speed="13.70" pos="163.21" lane="4/1to3/1_0" slope="0.00"/>
        <vehicle id="46" x="770.74" y="598.35" angle="90.00" type="DEFAULT_VEHTYPE" speed="13.70" pos="165.99" lane="3/3to4/3_0" slope="0.00"/>
        <vehicle id="47" x="398.35" y="42.65" angle="0.00" type="DEFAULT_VEHTYPE" speed="13.15" pos="152.60" lane="2/1to2/0_0" slope="0.00"/>
        <vehicle id="49" x="74.67" y="401.65" angle="-90.00" type="DEFAULT_VEHTYPE" speed="12.60" pos="120.58" lane="1/2to0/2_0" slope="0.00"/>
        <vehicle id="5" x="289.79" y="201.65" angle="-90.00" type="DEFAULT_VEHTYPE" speed="13.70" pos="105.46" lane="2/1to1/1_0" slope="0.00"/>
        <vehicle id="6" x="317.16" y="201.65" angle="-90.00" type="DEFAULT_VEHTYPE" speed="13.08" pos="78.09" lane="2/1to1/1_0" slope="0.00"/>
        <vehicle id="7" x="261.04" y="598.35" angle="90.00" type="DEFAULT_VEHTYPE" speed="13.07" pos="56.29" lane="1/3to2/3_0" slope="0.00"/>
        <vehicle id="8" x="777.56" y="198.35" angle="90.00" type="DEFAULT_VEHTYPE" speed="13.11" pos="172.81" lane="3/1to4/1_0" slope="0.00"/>
        <vehicle id="9" x="398.35" y="211.64" angle="0.00" type="DEFAULT_VEHTYPE" speed="12.78" pos="183.61" lane="2/2to2/1_0" slope="0.00"/>
    </timestep>
    <timestep time="62.00">
        <vehicle id="0" x="401.65" y="170.15" angle="180.00" type="DEFAULT_VEHTYPE" speed="13.64" pos="170.15" lane="2/0to2/1_0" slope="0.00"/>
        <vehicle id="10" x="601.65" y="210.67" angle="180.00" type="DEFAULT_VEHTYPE" speed="9.28" pos="5.92" lane="3/1to3/2_0" slope="0.00"/>
        <vehicle id="11" x="398.35" y="442.52" angle="0.00" type="DEFAULT_VEHTYPE" speed="13.38" pos="152.73" lane="2/3to2/2_0" slope="0.00"/>
        <vehicle id="12" x="198.35" y="51.56" angle="0.00" type="DEFAULT_VEHTYPE" speed="12.87" pos="143.69" lane="1/1to1/0_0" slope="0.00"/>
        <vehicle id="13" x="198.35" y="425.83" angle="0.00" type="DEFAULT_VEHTYPE" speed="13.80" pos="169.42" lane="1/3to1/2_0" slope="0.00"/>
        <vehicle id="14" x="387.73" y="398.35" angle="90.00" type="DEFAULT_VEHTYPE" speed="5.26" pos="182.98" lane="1/2to2/2_0" slope="0.00"/>
        <vehicle id="15" x="398.35" y="262.08" angle="0.00" type="DEFAULT_VEHTYPE" speed="13.22" pos="133.17" lane="2/2to2/1_0" slope="0.00"/>
        <vehicle id="16" x="398.35" y="486.30" angle="0.00" type="DEFAULT_VEHTYPE" speed="13.76" pos="108.95" lane="2/3to2/2_0" slope="0.00"/>
        <vehicle id="17" x="432.24" y="601.65" angle="-90.00" type="DEFAULT_VEHTYPE" speed="13.82" pos="163.01" lane="3/3to2/3_0" slope="0.00"/>
        <vehicle id="18" x="296.20" y="198.35" angle="90.00" type="DEFAULT_VEHTYPE" speed="12.85" pos="91.45" lane="1/1to2/1_0" slope="0.00"/>
        <vehicle id="19" x="198.35" y="562.99" angle="0.00" type="DEFAULT_VEHTYPE" speed="12.61" pos="32.26" lane="1/3to1/2_0" slope="0.00"/>
        <vehicle id="2" x="592.74" y="398.35" angle="90.00" type="DEFAULT_VEHTYPE" speed="0.33" pos="187.99" lane="2/2to3/2_0" slope="0.00"/>
        <vehicle id="20" x="598.35" y="308.29" angle="0.00" type="DEFAULT_VEHTYPE" speed="12.99" pos="86.96" lane="3/2to3/1_0" slope="0.00"/>
        <vehicle id="21" x="433.93" y="598.35" angle="90.00" type="DEFAULT_VEHTYPE" speed="12.73" pos="29.18" lane="2/3to3/3_0" slope="0.00"/>
        <vehicle id="22" x="401.65" y="496.41" angle="180.00" type="DEFAULT_VEHTYPE" speed="12.82" pos="91.66" lane="2/2to2/3_0" slope="0.00"/>
        <vehicle id="23" x="601.65" y="284.74" angle="180.00" type="DEFAULT_VEHTYPE" speed="13.42" pos="79.99" lane="3/1to3/2_0" slope="0.00"/>
        <vehicle id="24" x="201.65" y="414.40" angle="180.00" type="DEFAULT_VEHTYPE" speed="13.16" pos="9.65" lane="1/2to1/3_0" slope="0.00"/>
        <vehicle id="25" x="531.13" y="601.65" angle="-90.00" type="DEFAULT_VEHTYPE" speed="12.95" pos="64.12" lane="3/3to2/3_0" slope="0.00"/>
        <vehicle id="27" x="213.58" y="601.65" angle="-90.00" type="DEFAULT_VEHTYPE" speed="6.47" pos="181.67" lane="2/3to1/3_0" slope="0.00"/>
        <vehicle id="28" x="198.35" y="225.20" angle="0.00" type="DEFAULT_VEHTYPE" speed="7.19" pos="170.05" lane="1/2to1/1_0" slope="0.00"/>
        <vehicle id="29" x="611.88" y="401.65" angle="-90.00" type="DEFAULT_VEHTYPE" speed="5.25" pos="188.12" lane="4/2to3/2_0" slope="0.00"/>
        <vehicle id="3" x="401.65" y="103.12" angle="180.00" type="DEFAULT_VEHTYPE" speed="13.06" pos="103.12" lane="2/0to2/1_0" slope="0.00"/>
        <vehicle id="30" x="601.65" y="344.08" angle="180.00" type="DEFAULT_VEHTYPE" speed="13.69" pos="139.33" lane="3/1to3/2_0" slope="0.00"/>
        <vehicle id="31" x="174.15" y="598.35" angle="90.00" type="DEFAULT_VEHTYPE" speed="9.98" pos="174.15" lane="0/3to1/3_0" slope="0.00"/>
        <vehicle id="32" x="401.65" y="527.72" angle="180.00" type="DEFAULT_VEHTYPE" speed="13.49" pos="122.97" lane="2/2to2/3_0" slope="0.00"/>
        <vehicle id="33" x="482.81" y="401.65" angle="-90.00" type="DEFAULT_VEHTYPE" speed="13.78" pos="112.44" lane="3/2to2/2_0" slope="0.00"/>
        <vehicle id="34" x="201.65" y="91.57" angle="180.00" type="DEFAULT_VEHTYPE" speed="12.81" pos="91.57" lane="1/0to1/1_0" slope="0.00"/>
        <vehicle id="35" x="198.35" y="471.89" angle="0.00" type="DEFAULT_VEHTYPE" speed="13.83" pos="123.36" lane="1/3to1/2_0" slope="0.00"/>
        <vehicle id="36" x="194.59" y="598.35" angle="90.00" type="DEFAULT_VEHTYPE" speed="0.00" pos="194.59" lane="0/3to1/3_0" slope="0.00"/>
        <vehicle id="37" x="97.22" y="198.35" angle="90.00" type="DEFAULT_VEHTYPE" speed="13.28" pos="97.22" lane="0/1to1/1_0" slope="0.00"/>
        <vehicle id="38" x="601.65" y="86.55" angle="180.00" type="DEFAULT_VEHTYPE" speed="13.52" pos="86.55" lane="3/0to3/1_0" slope="0.00"/>
        <vehicle id="39" x="578.56" y="401.65" angle="-90.00" type="DEFAULT_VEHTYPE" speed="10.77" pos="16.69" lane="3/2to2/2_0" slope="0.00"/>
        <vehicle id="4" x="341.24" y="398.35" angle="90.00" type="DEFAULT_VEHTYPE" speed="13.73" pos="136.49" lane="1/2to2/2_0" slope="0.00"/>
        <vehicle id="40" x="398.35" y="392.43" angle="-18.28" type="DEFAULT_VEHTYPE" speed="6.74" pos="2.82" lane="2/2to2/1_0" slope="0.00"/>
        <vehicle id="41" x="599.64" y="203.28" angle="16.16" type="DEFAULT_VEHTYPE" speed="0.45" pos="2.01" lane=":3/1_3_0" slope="0.00"/>
        <vehicle id="42" x="201.65" y="558.69" angle="180.00" type="DEFAULT_VEHTYPE" speed="12.96" pos="153.94" lane="1/2to1/3_0" slope="0.00"/>
        <vehicle id="43" x="365.18" y="201.65" angle="-90.00" type="DEFAULT_VEHTYPE" speed="13.87" pos="30.07" lane="2/1to1/1_0" slope="0.00"/>
        <vehicle id="44" x="198.35" y="210.64" angle="0.00" type="DEFAULT_VEHTYPE" speed="3.86" pos="184.61" lane="1/2to1/1_0" slope="0.00"/>
        <vehicle id="45" x="624.95" y="201.65" angle="-90.00" type="DEFAULT_VEHTYPE" speed="11.84" pos="175.05" lane="4/1to3/1_0" slope="0.00"/>
        <vehicle id="46" x="784.56" y="598.35" angle="90.00" type="DEFAULT_VEHTYPE" speed="13.81" pos="179.81" lane="3/3to4/3_0" slope="0.00"/>
        <vehicle id="47" x="398.35" y="29.78" angle="0.00" type="DEFAULT_VEHTYPE" speed="12.88" pos="165.47" lane="2/1to2/0_0" slope="0.00"/>
        <vehicle id="48" x="590.15" y="401.65" angle="-90.00" type="DEFAULT_VEHTYPE" speed="0.00" pos="5.10" lane="3/2to2/2_0" slope="0.00"/>
        <vehicle id="49" x="61.01" y="401.65" angle="-90.00" type="DEFAULT_VEHTYPE" speed="13.67" pos="134.24" lane="1/2to0/2_0" slope="0.00"/>
        <vehicle id="5" x="275.89" y="201.65" angle="-90.00" type="DEFAULT_VEHTYPE" speed="13.90" pos="119.36" lane="2/1to1/1_0" slope="0.00"/>
        <vehicle id="6" x="303.90" y="201.65" angle="-90.00" type="DEFAULT_VEHTYPE" speed="13.26" pos="91.35" lane="2/1to1/1_0" slope="0.00"/>
        <vehicle id="7" x="274.46" y="598.35" angle="90.00" type="DEFAULT_VEHTYPE" speed="13.42" pos="69.71" lane="1/3to2/3_0" slope="0.00"/>
        <vehicle id="8" x="790.87" y="198.35" angle="90.00" type="DEFAULT_VEHTYPE" speed="13.31" pos="186.12" lane="3/1to4/1_0" slope="0.00"/>
        <vehicle id="9" x="398.35" y="198.64" angle="0.00" type="DEFAULT_VEHTYPE" speed="13.01" pos="6.11" lane=":2/1_1_0" slope="0.00"/>
    </timestep>
    <timestep time="63.00">
        <vehicle id="0" x="401.65" y="183.55" angle="180.00" type="DEFAULT_VEHTYPE" speed="13.40" pos="183.55" lane="2/0to2/1_0" slope="0.00"/>
        <vehicle id="10" x="601.65" y="221.62" angle="180.00" type="DEFAULT_VEHTYPE" speed="10.95" pos="16.87" lane="3/1to3/2_0" slope="0.00"/>
        <vehicle id="11" x="398.35" y="428.66" angle="0.00" type="DEFAULT_VEHTYPE" speed="13.86" pos="166.59" lane="2/3to2/2_0" slope="0.00"/>
        <vehicle id="12" x="198.35" y="38.45" angle="0.00" type="DEFAULT_VEHTYPE" speed="13.11" pos="156.80" lane="1/1to1/0_0" slope="0.00"/>
        <vehicle id="13" x="198.35" y="412.83" angle="0.00" type="DEFAULT_VEHTYPE" speed="13.00" pos="182.42" lane="1/3to1/2_0" slope="0.00"/>
        <vehicle id="14" x="390.28" y="398.35" angle="90.00" type="DEFAULT_VEHTYPE" speed="2.55" pos="185.53" lane="1/2to2/2_0" slope="0.00"/>
        <vehicle id="15" x="398.35" y="248.80" angle="0.00" type="DEFAULT_VEHTYPE" speed="13.29" pos="146.45" lane="2/2to2/1_0" slope="0.00"/>
        <vehicle id="16" x="398.35" y="473.08" angle="0.00" type="DEFAULT_VEHTYPE" speed="13.22" pos="122.17" lane="2/3to2/2_0" slope="0.00"/>
        <vehicle id="17" x="421.39" y="601.65" angle="-90.00" type="DEFAULT_VEHTYPE" speed="10.85" pos="173.86" lane="3/3to2/3_0" slope="0.00"/>
        <vehicle id="18" x="309.39" y="198.35" angle="90.00" type="DEFAULT_VEHTYPE" speed="13.19" pos="104.64" lane="1/1to2/1_0" slope="0.00"/>
        <vehicle id="19" x="198.35" y="549.51" angle="0.00" type="DEFAULT_VEHTYPE" speed="13.48" pos="45.74" lane="1/3to1/2_0" slope="0.00"/>
        <vehicle id="2" x="592.75" y="398.35" angle="90.00" type="DEFAULT_VEHTYPE" speed="0.01" pos="188.00" lane="2/2to3/2_0" slope="0.00"/>
        <vehicle id="20" x="598.35" y="294.84" angle="0.00" type="DEFAULT_VEHTYPE" speed="13.45" pos="100.41" lane="3/2to3/1_0" slope="0.00"/>
        <vehicle id="21" x="446.71" y="598.35" angle="90.00" type="DEFAULT_VEHTYPE" speed="12.78" pos="41.96" lane="2/3to3/3_0" slope="0.00"/>
        <vehicle id="22" x="401.65" y="509.88" angle="180.00" type="DEFAULT_VEHTYPE" speed="13.47" pos="105.13" lane="2/2to2/3_0" slope="0.00"/>
        <vehicle id="23" x="601.65" y="297.66" angle="180.00" type="DEFAULT_VEHTYPE" speed="12.92" pos="92.91" lane="3/1to3/2_0" slope="0.00"/>
        <vehicle id="24" x="201.65" y="427.45" angle="180.00" type="DEFAULT_VEHTYPE" speed="13.05" pos="22.70" lane="1/2to1/3_0" slope="0.00"/>
        <vehicle id="25" x="517.90" y="601.65" angle="-90.00" type="DEFAULT_VEHTYPE" speed="13.23" pos="77.35" lane="3/3to2/3_0" slope="0.00"/>
        <vehicle id="27" x="210.36" y="601.65" angle="-90.00" type="DEFAULT_VEHTYPE" speed="3.22" pos="184.89" lane="2/3to1/3_0" slope="0.00"/>
        <vehicle id="28" x="198.35" y="220.88" angle="0.00" type="DEFAULT_VEHTYPE" speed="4.32" pos="174.37" lane="1/2to1/1_0" slope="0.00"/>
        <vehicle id="29" x="609.28" y="401.65" angle="-90.00" type="DEFAULT_VEHTYPE" speed="2.60" pos="190.72" lane="4/2to3/2_0" slope="0.00"/>
        <vehicle id="3" x="401.65" y="116.70" angle="180.00" type="DEFAULT_VEHTYPE" speed="13.58" pos="116.70" lane="2/0to2/1_0" slope="0.00"/>
        <vehicle id="30" x="601.65" y="357.52" angle="180.00" type="DEFAULT_VEHTYPE" speed="13.44" pos="152.77" lane="3/1to3/2_0" slope="0.00"/>
        <vehicle id="31" x="180.42" y="598.35" angle="90.00" type="DEFAULT_VEHTYPE" speed="6.26" pos="180.42" lane="0/3to1/3_0" slope="0.00"/>
        <vehicle id="32" x="401.65" y="540.87" angle="180.00" type="DEFAULT_VEHTYPE" speed="13.15" pos="136.12" lane="2/2to2/3_0" slope="0.00"/>
        <vehicle id="33" x="469.75" y="401.65" angle="-90.00" type="DEFAULT_VEHTYPE" speed="13.07" pos="125.50" lane="3/2to2/2_0" slope="0.00"/>
        <vehicle id="34" x="201.65" y="105.34" angle="180.00" type="DEFAULT_VEHTYPE" speed="13.77" pos="105.34" lane="1/0to1/1_0" slope="0.00"/>
        <vehicle id="35" x="198.35" y="458.91" angle="0.00" type="DEFAULT_VEHTYPE" speed="12.98" pos="136.34" lane="1/3to1/2_0" slope="0.00"/>
        <vehicle id="36" x="194.59" y="598.35" angle="90.00" type="DEFAULT_VEHTYPE" speed="0.00" pos="194.59" lane="0/3to1/3_0" slope="0.00"/>
        <vehicle id="37" x="110.96" y="198.35" angle="90.00" type="DEFAULT_VEHTYPE" speed="13.73" pos="110.96" lane="0/1to1/1_0" slope="0.00"/>
        <vehicle id="38" x="601.65" y="100.31" angle="180.00" type="DEFAULT_VEHTYPE" speed="13.76" pos="100.31" lane="3/0to3/1_0" slope="0.00"/>
        <vehicle id="39" x="565.92" y="401.65" angle="-90.00" type="DEFAULT_VEHTYPE" speed="12.64" pos="29.33" lane="3/2to2/2_0" slope="0.00"/>
        <vehicle id="4" x="355.08" y="398.35" angle="90.00" type="DEFAULT_VEHTYPE" speed="13.84" pos="150.33" lane="1/2to2/2_0" slope="0.00"/>
        <vehicle id="40" x="398.35" y="384.22" angle="0.00" type="DEFAULT_VEHTYPE" speed="8.21" pos="11.03" lane="2/2to2/1_0" slope="0.00"/>
        <vehicle id="41" x="601.65" y="204.78" angle="87.97" type="DEFAULT_VEHTYPE" speed="2.84" pos="0.03" lane="3/1to3/2_0" slope="0.00"/>
        <vehicle id="42" x="201.65" y="572.48" angle="180.00" type="DEFAULT_VEHTYPE" speed="13.80" pos="167.73" lane="1/2to1/3_0" slope="0.00"/>
        <vehicle id="43" x="351.81" y="201.65" angle="-90.00" type="DEFAULT_VEHTYPE" speed="13.37" pos="43.44" lane="2/1to1/1_0" slope="0.00"/>
        <vehicle id="44" x="198.35" y="205.13" angle="0.00" type="DEFAULT_VEHTYPE" speed="5.52" pos="190.12" lane="1/2to1/1_0" slope="0.00"/>
        <vehicle id="45" x="616.15" y="201.65" angle="-90.00" type="DEFAULT_VEHTYPE" speed="8.80" pos="183.85" lane="4/1to3/1_0" slope="0.00"/>
        <vehicle id="46" x="797.40" y="598.35" angle="90.00" type="DEFAULT_VEHTYPE" speed="12.84" pos="192.65" lane="3/3to4/3_0" slope="0.00"/>
        <vehicle id="47" x="398.35" y="16.63" angle="0.00" type="DEFAULT_VEHTYPE" speed="13.15" pos="178.62" lane="2/1to2/0_0" slope="0.00"/>
        <vehicle id="48" x="588.80" y="401.65" angle="-90.00" type="DEFAULT_VEHTYPE" speed="1.35" pos="6.45" lane="3/2to2/2_0" slope="0.00"/>
        <vehicle id="49" x="48.34" y="401.65" angle="-90.00" type="DEFAULT_VEHTYPE" speed="12.67" pos="146.91" lane="1/2to0/2_0" slope="0.00"/>
        <vehicle id="5" x="262.77" y="201.65" angle="-90.00" type="DEFAULT_VEHTYPE" speed="13.11" pos="132.48" lane="2/1to1/1_0" slope="0.00"/>
        <vehicle id="6" x="291.30" y="201.65" angle="-90.00" type="DEFAULT_VEHTYPE" speed="12.60" pos="103.95" lane="2/1to1/1_0" slope="0.00"/>
        <vehicle id="7" x="288.25" y="598.35" angle="90.00" type="DEFAULT_VEHTYPE" speed="13.79" pos="83.50" lane="1/3to2/3_0" slope="0.00"/>
        <vehicle id="8" x="800.65" y="201.21" angle="150.50" type="DEFAULT_VEHTYPE" speed="13.17" pos="4.03" lane=":4/1_0_0" slope="0.00"/>
        <vehicle id="9" x="398.35" y="185.98" angle="0.00" type="DEFAULT_VEHTYPE" speed="12.66" pos="9.27" lane="2/1to2/0_0" slope="0.00"/>
    </timestep>
    <timestep time="64.00">
        <vehicle id="0" x="401.95" y="196.79" angle="176.59" type="DEFAULT_VEHTYPE" speed="13.28" pos="1.58" lane=":2/1_8_0" slope="0.00"/>
        <vehicle id="10" x="601.65" y="234.50" angle="180.00" type="DEFAULT_VEHTYPE" speed="12.88" pos="29.75" lane="3/1to3/2_0" slope="0.00"/>
        <vehicle id="11" x="398.35" y="415.14" angle="0.00" type="DEFAULT_VEHTYPE" speed="13.52" pos="180.11" lane="2/3to2/2_0" slope="0.00"/>
        <vehicle id="12" x="198.35" y="24.60" angle="0.00" type="DEFAULT_VEHTYPE" speed="13.85" pos="170.65" lane="1/1to1/0_0" slope="0.00"/>
        <vehicle id="13" x="198.35" y="399.65" angle="0.00" type="DEFAULT_VEHTYPE" speed="13.18" pos="5.10" lane=":1/2_1_0" slope="0.00"/>
        <vehicle id="14" x="395.20" y="398.35" angle="90.00" type="DEFAULT_VEHTYPE" speed="4.92" pos="190.45" lane="1/2to2/2_0" slope="0.00"/>
        <vehicle id="15" x="398.35" y="236.05" angle="0.00" type="DEFAULT_VEHTYPE" speed="12.75" pos="159.20" lane="2/2to2/1_0" slope="0.00"/>
        <vehicle id="16" x="398.35" y="459.20" angle="0.00" type="DEFAULT_VEHTYPE" speed="13.88" pos="136.05" lane="2/3to2/2_0" slope="0.00"/>
        <vehicle id="17" x="414.70" y="601.65" angle="-90.00" type="DEFAULT_VEHTYPE" speed="6.69" pos="180.55" lane="3/3to2/3_0" slope="0.00"/>
        <vehicle id="18" x="322.97" y="198.35" angle="90.00" type="DEFAULT_VEHTYPE" speed="13.57" pos="118.22" lane="1/1to2/1_0" slope="0.00"/>
        <vehicle id="19" x="198.35" y="536.61" angle="0.00" type="DEFAULT_VEHTYPE" speed="12.90" pos="58.64" lane="1/3to1/2_0" slope="0.00"/>
        <vehicle id="2" x="594.41" y="398.35" angle="90.00" type="DEFAULT_VEHTYPE" speed="1.67" pos="189.66" lane="2/2to3/2_0" slope="0.00"/>
        <vehicle id="20" x="598.35" y="282.13" angle="0.00" type="DEFAULT_VEHTYPE" speed="12.71" pos="113.12" lane="3/2to3/1_0" slope="0.00"/>
        <vehicle id="21" x="459.71" y="598.35" angle="90.00" type="DEFAULT_VEHTYPE" speed="13.00" pos="54.96" lane="2/3to3/3_0" slope="0.00"/>
        <vehicle id="22" x="401.65" y="523.46" angle="180.00" type="DEFAULT_VEHTYPE" speed="13.58" pos="118.71" lane="2/2to2/3_0" slope="0.00"/>
        <vehicle id="23" x="601.65" y="310.72" angle="180.00" type="DEFAULT_VEHTYPE" speed="13.06" pos="105.97" lane="3/1to3/2_0" slope="0.00"/>
        <vehicle id="24" x="201.65" y="440.79" angle="180.00" type="DEFAULT_VEHTYPE" speed="13.34" pos="36.04" lane="1/2to1/3_0" slope="0.00"/>
        <vehicle id="25" x="505.25" y="601.65" angle="-90.00" type="DEFAULT_VEHTYPE" speed="12.65" pos="90.00" lane="3/3to2/3_0" slope="0.00"/>
        <vehicle id="27" x="208.72" y="601.65" angle="-90.00" type="DEFAULT_VEHTYPE" speed="1.64" pos="186.53" lane="2/3to1/3_0" slope="0.00"/>
        <vehicle id="28" x="198.35" y="214.60" angle="0.00" type="DEFAULT_VEHTYPE" speed="6.28" pos="180.65" lane="1/2to1/1_0" slope="0.00"/>
        <vehicle id="29" x="608.33" y="401.65" angle="-90.00" type="DEFAULT_VEHTYPE" speed="0.95" pos="191.67" lane="4/2to3/2_0" slope="0.00"/>
        <vehicle id="3" x="401.65" y="129.67" angle="180.00" type="DEFAULT_VEHTYPE" speed="12.97" pos="129.67" lane="2/0to2/1_0" slope="0.00"/>
        <vehicle id="30" x="601.65" y="370.25" angle="180.00" type="DEFAULT_VEHTYPE" speed="12.73" pos="165.50" lane="3/1to3/2_0" slope="0.00"/>
        <vehicle id="31" x="183.95" y="598.35" angle="90.00" type="DEFAULT_VEHTYPE" speed="3.53" pos="183.95" lane="0/3to1/3_0" slope="0.00"/>
        <vehicle id="32" x="401.65" y="553.96" angle="180.00" type="DEFAULT_VEHTYPE" speed="13.09" pos="149.21" lane="2/2to2/3_0" slope="0.00"/>
        <vehicle id="33" x="456.85" y="401.65" angle="-90.00" type="DEFAULT_VEHTYPE" speed="12.89" pos="138.40" lane="3/2to2/2_0" slope="0.00"/>
        <vehicle id="34" x="201.65" y="117.98" angle="180.00" type="DEFAULT_VEHTYPE" speed="12.64" pos="117.98" lane="1/0to1/1_0" slope="0.00"/>
        <vehicle id="35" x="198.35" y="445.39" angle="0.00" type="DEFAULT_VEHTYPE" speed="13.53" pos="149.86" lane="1/3to1/2_0" slope="0.00"/>
        <vehicle id="36" x="194.59" y="598.35" angle="90.00" type="DEFAULT_VEHTYPE" speed="0.00" pos="194.59" lane="0/3to1/3_0" slope="0.00"/>
        <vehicle id="37" x="124.00" y="198.35" angle="90.00" type="DEFAULT_VEHTYPE" speed="13.04" pos="124.00" lane="0/1to1/1_0" slope="0.00"/>
        <vehicle id="38" x="601.65" y="114.04" angle="180.00" type="DEFAULT_VEHTYPE" speed="13.73" pos="114.04" lane="3/0to3/1_0" slope="0.00"/>
        <vehicle id="39" x="552.12" y="401.65" angle="-90.00" type="DEFAULT_VEHTYPE" speed="13.80" pos="43.13" lane="3/2to2/2_0" slope="0.00"/>
        <vehicle id="4" x="366.57" y="398.35" angle="90.00" type="DEFAULT_VEHTYPE" speed="11.49" pos="161.82" lane="1/2to2/2_0" slope="0.00"/>
        <vehicle id="40" x="398.35" y="374.28" angle="0.00" type="DEFAULT_VEHTYPE" speed="9.94" pos="20.97" lane="2/2to2/1_0" slope="0.00"/>
        <vehicle id="41" x="601.65" y="209.55" angle="178.71" type="DEFAULT_VEHTYPE" speed="4.77" pos="4.80" lane="3/1to3/2_0" slope="0.00"/>
        <vehicle id="42" x="201.65" y="585.98" angle="180.00" type="DEFAULT_VEHTYPE" speed="13.49" pos="181.23" lane="1/2to1/3_0" slope="0.00"/>
        <vehicle id="43" x="338.93" y="201.65" angle="-90.00" type="DEFAULT_VEHTYPE" speed="12.87" pos="56.32" lane="2/1to1/1_0" slope="0.00"/>
        <vehicle id="44" x="201.28" y="199.15" angle="34.52" type="DEFAULT_VEHTYPE" speed="7.09" pos="6.71" lane=":1/1_2_0" slope="0.00"/>
        <vehicle id="45" x="611.29" y="201.65" angle="-90.00" type="DEFAULT_VEHTYPE" speed="4.86" pos="188.71" lane="4/1to3/1_0" slope="0.00"/>
        <vehicle id="46" x="793.65" y="601.65" angle="-90.00" type="DEFAULT_VEHTYPE" speed="13.77" pos="6.35" lane="4/3to3/3_0" slope="0.00"/>
        <vehicle id="47" x="398.35" y="3.26" angle="0.00" type="DEFAULT_VEHTYPE" speed="13.37" pos="191.99" lane="2/1to2/0_0" slope="0.00"/>
        <vehicle id="48" x="585.30" y="401.65" angle="-90.00" type="DEFAULT_VEHTYPE" speed="3.50" pos="9.95" lane="3/2to2/2_0" slope="0.00"/>
        <vehicle id="49" x="35.01" y="401.65" angle="-90.00" type="DEFAULT_VEHTYPE" speed="13.33" pos="160.24" lane="1/2to0/2_0" slope="0.00"/>
        <vehicle id="5" x="249.46" y="201.65" angle="-90.00" type="DEFAULT_VEHTYPE" speed="13.31" pos="145.79" lane="2/1to1/1_0" slope="0.00"/>
        <vehicle id="6" x="277.43" y="201.65" angle="-90.00" type="DEFAULT_VEHTYPE" speed="13.86" pos="117.82" lane="2/1to1/1_0" slope="0.00"/>
        <vehicle id="7" x="301.87" y="598.35" angle="90.00" type="DEFAULT_VEHTYPE" speed="13.61" pos="97.12" lane="1/3to2/3_0" slope="0.00"/>
        <vehicle id="8" x="787.35" y="201.65" angle="-90.00" type="DEFAULT_VEHTYPE" speed="13.44" pos="12.65" lane="4/1to3/1_0" slope="0.00"/>
        <vehicle id="9" x="398.35" y="172.12" angle="0.00" type="DEFAULT_VEHTYPE" speed="13.86" pos="23.13" lane="2/1to2/0_0" slope="0.00"/>
    </timestep>
    <timestep time="65.00">
        <vehicle id="0" x="414.18" y="198.35" angle="90.00" type="DEFAULT_VEHTYPE" speed="12.85" pos="9.43" lane="2/1to3/1_0" slope="0.00"/>
        <vehicle id="10" x="601.65" y="248.17" angle="180.00" type="DEFAULT_VEHTYPE" speed="13.67" pos="43.42" lane="3/1to3/2_0" slope="0.00"/>
        <vehicle id="11" x="397.44" y="402.34" angle="-10.77" type="DEFAULT_VEHTYPE" speed="13.04" pos="2.66" lane=":2/2_0_0" slope="0.00"/>
        <vehicle id="12" x="198.35" y="11.27" angle="0.00" type="DEFAULT_VEHTYPE" speed="13.33" pos="183.98" lane="1/1to1/0_0" slope="0.00"/>
        <vehicle id="13" x="198.35" y="386.14" angle="0.00" type="DEFAULT_VEHTYPE" speed="13.51" pos="9.11" lane="1/2to1/1_0" slope="0.00"/>
        <vehicle id="14" x="402.58" y="398.35" angle="90.00" type="DEFAULT_VEHTYPE" speed="7.38" pos="7.33" lane=":2/2_13_0" slope="0.00"/>
        <vehicle id="15" x="398.35" y="223.35" angle="0.00" type="DEFAULT_VEHTYPE" speed="12.70" pos="171.90" lane="2/2to2/1_0" slope="0.00"/>
        <vehicle id="16" x="398.35" y="446.23" angle="0.00" type="DEFAULT_VEHTYPE" speed="12.97" pos="149.02" lane="2/3to2/2_0" slope="0.00"/>
        <vehicle id="17" x="411.10" y="601.65" angle="-90.00" type="DEFAULT_VEHTYPE" speed="3.60" pos="184.15" lane="3/3to2/3_0" slope="0.00"/>
        <vehicle id="18" x="335.91" y="198.35" angle="90.00" type="DEFAULT_VEHTYPE" speed="12.94" pos="131.16" lane="1/1to2/1_0" slope="0.00"/>
        <vehicle id="19" x="198.35" y="523.53" angle="0.00" type="DEFAULT_VEHTYPE" speed="13.08" pos="71.72" lane="1/3to1/2_0" slope="0.00"/>
        <vehicle id="2" x="596.55" y="400.71" angle="127.32" type="DEFAULT_VEHTYPE" speed="4.04" pos="3.20" lane=":3/2_15_0" slope="0.00"/>
        <vehicle id="20" x="598.35" y="269.44" angle="0.00" type="DEFAULT_VEHTYPE" speed="12.69" pos="125.81" lane="3/2to3/1_0" slope="0.00"/>
        <vehicle id="21" x="473.53" y="598.35" angle="90.00" type="DEFAULT_VEHTYPE" speed="13.82" pos="68.78" lane="2/3to3/3_0" slope="0.00"/>
        <vehicle id="22" x="401.65" y="536.72" angle="180.00" type="DEFAULT_VEHTYPE" speed="13.26" pos="131.97" lane="2/2to2/3_0" slope="0.00"/>
        <vehicle id="23" x="601.65" y="324.43" angle="180.00" type="DEFAULT_VEHTYPE" speed="13.71" pos="119.68" lane="3/1to3/2_0" slope="0.00"/>
        <vehicle id="24" x="201.65" y="453.79" angle="180.00" type="DEFAULT_VEHTYPE" speed="12.99" pos="49.04" lane="1/2to1/3_0" slope="0.00"/>
        <vehicle id="25" x="491.62" y="601.65" angle="-90.00" type="DEFAULT_VEHTYPE" speed="13.63" pos="103.63" lane="3/3to2/3_0" slope="0.00"/>
        <vehicle id="27" x="205.71" y="601.65" angle="-90.00" type="DEFAULT_VEHTYPE" speed="3.01" pos="189.54" lane="2/3to1/3_0" slope="0.00"/>
        <vehicle id="28" x="198.35" y="210.62" angle="0.00" type="DEFAULT_VEHTYPE" speed="3.98" pos="184.63" lane="1/2to1/1_0" slope="0.00"/>
        <vehicle id="29" x="607.76" y="401.65" angle="-90.00" type="DEFAULT_VEHTYPE" speed="0.57" pos="192.24" lane="4/2to3/2_0" slope="0.00"/>
        <vehicle id="3" x="401.65" y="143.34" angle="180.00" type="DEFAULT_VEHTYPE" speed="13.67" pos="143.34" lane="2/0to2/1_0" slope="0.00"/>
        <vehicle id="30" x="601.65" y="383.49" angle="180.00" type="DEFAULT_VEHTYPE" speed="13.24" pos="178.74" lane="3/1to3/2_0" slope="0.00"/>
        <vehicle id="31" x="186.35" y="598.35" angle="90.00" type="DEFAULT_VEHTYPE" speed="2.40" pos="186.35" lane="0/3to1/3_0" slope="0.00"/>
        <vehicle id="32" x="401.65" y="566.97" angle="180.00" type="DEFAULT_VEHTYPE" speed="13.01" pos="162.22" lane="2/2to2/3_0" slope="0.00"/>
        <vehicle id="33" x="443.50" y="401.65" angle="-90.00" type="DEFAULT_VEHTYPE" speed="13.36" pos="151.75" lane="3/2to2/2_0" slope="0.00"/>
        <vehicle id="34" x="201.65" y="130.73" angle="180.00" type="DEFAULT_VEHTYPE" speed="12.75" pos="130.73" lane="1/0to1/1_0" slope="0.00"/>
        <vehicle id="35" x="198.35" y="432.39" angle="0.00" type="DEFAULT_VEHTYPE" speed="12.99" pos="162.86" lane="1/3to1/2_0" slope="0.00"/>
        <vehicle id="36" x="194.59" y="598.35" angle="90.00" type="DEFAULT_VEHTYPE" speed="0.00" pos="194.59" lane="0/3to1/3_0" slope="0.00"/>
        <vehicle id="37" x="137.11" y="198.35" angle="90.00" type="DEFAULT_VEHTYPE" speed="13.11" pos="137.11" lane="0/1to1/1_0" slope="0.00"/>
        <vehicle id="38" x="601.65" y="127.45" angle="180.00" type="DEFAULT_VEHTYPE" speed="13.42" pos="127.45" lane="3/0to3/1_0" slope="0.00"/>
        <vehicle id="39" x="538.27" y="401.65" angle="-90.00" type="DEFAULT_VEHTYPE" speed="13.84" pos="56.98" lane="3/2to2/2_0" slope="0.00"/>
        <vehicle id="4" x="377.17" y="398.35" angle="90.00" type="DEFAULT_VEHTYPE" speed="10.60" pos="172.42" lane="1/2to2/2_0" slope="0.00"/>
        <vehicle id="40" x="398.35" y="362.07" angle="0.00" type="DEFAULT_VEHTYPE" speed="12.21" pos="33.18" lane="2/2to2/1_0" slope="0.00"/>
        <vehicle id="41" x="601.65" y="215.96" angle="180.00" type="DEFAULT_VEHTYPE" speed="6.41" pos="11.21" lane="3/1to3/2_0" slope="0.00"/>
        <vehicle id="42" x="203.72" y="598.21" angle="152.62" type="DEFAULT_VEHTYPE" speed="13.24" pos="3.96" lane=":1/3_8_0" slope="0.00"/>
        <vehicle id="43" x="326.23" y="201.65" angle="-90.00" type="DEFAULT_VEHTYPE" speed="12.70" pos="69.02" lane="2/1to1/1_0" slope="0.00"/>
        <vehicle id="44" x="210.70" y="198.35" angle="90.00" type="DEFAULT_VEHTYPE" speed="9.56" pos="5.95" lane="1/1to2/1_0" slope="0.00"/>
        <vehicle id="45" x="603.84" y="201.65" angle="-90.00" type="DEFAULT_VEHTYPE" speed="7.46" pos="0.91" lane=":3/1_5_0" slope="0.00"/>
        <vehicle id="46" x="780.72" y="601.65" angle="-90.00" type="DEFAULT_VEHTYPE" speed="12.93" pos="19.28" lane="4/3to3/3_0" slope="0.00"/>
        <vehicle id="47" x="401.65" y="4.58" angle="177.29" type="DEFAULT_VEHTYPE" speed="12.66" pos="4.58" lane="2/0to2/1_0" slope="0.00"/>
        <vehicle id="48" x="579.74" y="401.65" angle="-90.00" type="DEFAULT_VEHTYPE" speed="5.57" pos="15.51" lane="3/2to2/2_0" slope="0.00"/>
        <vehicle id="49" x="21.18" y="401.65" angle="-90.00" type="DEFAULT_VEHTYPE" speed="13.83" pos="174.07" lane="1/2to0/2_0" slope="0.00"/>
        <vehicle id="5" x="236.80" y="201.65" angle="-90.00" type="DEFAULT_VEHTYPE" speed="12.66" pos="158.45" lane="2/1to1/1_0" slope="0.00"/>
        <vehicle id="6" x="264.44" y="201.65" angle="-90.00" type="DEFAULT_VEHTYPE" speed="13.00" pos="130.81" lane="2/1to1/1_0" slope="0.00"/>
        <vehicle id="7" x="315.07" y="598.35" angle="90.00" type="DEFAULT_VEHTYPE" speed="13.20" pos="110.32" lane="1/3to2/3_0" slope="0.00"/>
        <vehicle id="8" x="774.23" y="201.65" angle="-90.00" type="DEFAULT_VEHTYPE" speed="13.11" pos="25.77" lane="4/1to3/1_0" slope="0.00"/>
        <vehicle id="9" x="398.35" y="159.23" angle="0.00" type="DEFAULT_VEHTYPE" speed="12.89" pos="36.02" lane="2/1to2/0_0" slope="0.00"/>
    </timestep>
    <timestep time="66.00">
        <vehicle id="0" x="426.86" y="198.35" angle="90.00" type="DEFAULT_VEHTYPE" speed="12.69" pos="22.11" lane="2/1to3/1_0" slope="0.00"/>
        <vehicle id="10" x="601.65" y="261.92" angle="180.00" type="DEFAULT_VEHTYPE" speed="13.75" pos="57.17" lane="3/1to3/2_0" slope="0.00"/>
        <vehicle id="11" x="384.42" y="401.65" angle="-90.00" type="DEFAULT_VEHTYPE" speed="13.17" pos="10.83" lane="2/2to1/2_0" slope="0.00"/>
        <vehicle id="13" x="198.35" y="373.30" angle="0.00" type="DEFAULT_VEHTYPE" speed="12.84" pos="21.95" lane="1/2to1/1_0" slope="0.00"/>
        <vehicle id="14" x="411.54" y="398.35" angle="90.00" type="DEFAULT_VEHTYPE" speed="8.96" pos="6.79" lane="2/2to3/2_0" slope="0.00"/>
        <vehicle id="15" x="398.35" y="209.66" angle="0.00" type="DEFAULT_VEHTYPE" speed="13.69" pos="185.59" lane="2/2to2/1_0" slope="0.00"/>
        <vehicle id="16" x="398.35" y="432.93" angle="0.00" type="DEFAULT_VEHTYPE" speed="13.30" pos="162.32" lane="2/3to2/2_0" slope="0.00"/>
        <vehicle id="17" x="408.54" y="601.65" angle="-90.00" type="DEFAULT_VEHTYPE" speed="2.56" pos="186.71" lane="3/3to2/3_0" slope="0.00"/>
        <vehicle id="18" x="349.59" y="198.35" angle="90.00" type="DEFAULT_VEHTYPE" speed="13.68" pos="144.84" lane="1/1to2/1_0" slope="0.00"/>
        <vehicle id="19" x="198.35" y="510.02" angle="0.00" type="DEFAULT_VEHTYPE" speed="13.51" pos="85.23" lane="1/3to1/2_0" slope="0.00"/>
        <vehicle id="2" x="590.76" y="401.65" angle="-93.31" type="DEFAULT_VEHTYPE" speed="6.11" pos="4.49" lane="3/2to2/2_0" slope="0.00"/>
        <vehicle id="20" x="598.35" y="256.16" angle="0.00" type="DEFAULT_VEHTYPE" speed="13.28" pos="139.09" lane="3/2to3/1_0" slope="0.00"/>
        <vehicle id="21" x="486.99" y="598.35" angle="90.00" type="DEFAULT_VEHTYPE" speed="13.46" pos="82.24" lane="2/3to3/3_0" slope="0.00"/>
        <vehicle id="22" x="401.65" y="550.35" angle="180.00" type="DEFAULT_VEHTYPE" speed="13.63" pos="145.60" lane="2/2to2/3_0" slope="0.00"/>
        <vehicle id="23" x="601.65" y="337.98" angle="180.00" type="DEFAULT_VEHTYPE" speed="13.55" pos="133.23" lane="3/1to3/2_0" slope="0.00"/>
        <vehicle id="24" x="201.65" y="467.25" angle="180.00" type="DEFAULT_VEHTYPE" speed="13.47" pos="62.50" lane="1/2to1/3_0" slope="0.00"/>
        <vehicle id="25" x="478.48" y="601.65" angle="-90.00" type="DEFAULT_VEHTYPE" speed="13.14" pos="116.77" lane="3/3to2/3_0" slope="0.00"/>
        <vehicle id="27" x="201.44" y="600.94" angle="-81.75" type="DEFAULT_VEHTYPE" speed="4.39" pos="3.43" lane=":1/3_6_0" slope="0.00"/>
        <vehicle id="28" x="198.42" y="204.24" angle="0.84" type="DEFAULT_VEHTYPE" speed="6.38" pos="0.52" lane=":1/1_2_0" slope="0.00"/>
        <vehicle id="29" x="607.37" y="401.65" angle="-90.00" type="DEFAULT_VEHTYPE" speed="0.39" pos="192.63" lane="4/2to3/2_0" slope="0.00"/>
        <vehicle id="3" x="401.65" y="156.72" angle="180.00" type="DEFAULT_VEHTYPE" speed="13.38" pos="156.72" lane="2/0to2/1_0" slope="0.00"/>
        <vehicle id="30" x="601.65" y="396.50" angle="180.00" type="DEFAULT_VEHTYPE" speed="13.01" pos="1.25" lane=":3/2_9_0" slope="0.00"/>
        <vehicle id="31" x="186.76" y="598.35" angle="90.00" type="DEFAULT_VEHTYPE" speed="0.42" pos="186.76" lane="0/3to1/3_0" slope="0.00"/>
        <vehicle id="32" x="401.65" y="580.03" angle="180.00" type="DEFAULT_VEHTYPE" speed="13.06" pos="175.28" lane="2/2to2/3_0" slope="0.00"/>
        <vehicle id="33" x="430.76" y="401.65" angle="-90.00" type="DEFAULT_VEHTYPE" speed="12.74" pos="164.49" lane="3/2to2/2_0" slope="0.00"/>
        <vehicle id="34" x="201.65" y="144.17" angle="180.00" type="DEFAULT_VEHTYPE" speed="13.44" pos="144.17" lane="1/0to1/1_0" slope="0.00"/>
        <vehicle id="35" x="198.35" y="421.85" angle="0.00" type="DEFAULT_VEHTYPE" speed="10.55" pos="173.40" lane="1/3to1/2_0" slope="0.00"/>
        <vehicle id="36" x="194.59" y="598.35" angle="90.00" type="DEFAULT_VEHTYPE" speed="0.00" pos="194.59" lane="0/3to1/3_0" slope="0.00"/>
        <vehicle id="37" x="150.95" y="198.35" angle="90.00" type="DEFAULT_VEHTYPE" speed="13.84" pos="150.95" lane="0/1to1/1_0" slope="0.00"/>
        <vehicle id="38" x="601.65" y="140.71" angle="180.00" type="DEFAULT_VEHTYPE" speed="13.26" pos="140.71" lane="3/0to3/1_0" slope="0.00"/>
        <vehicle id="39" x="525.34" y="401.65" angle="-90.00" type="DEFAULT_VEHTYPE" speed="12.94" pos="69.91" lane="3/2to2/2_0" slope="0.00"/>
        <vehicle id="4" x="384.32" y="398.35" angle="90.00" type="DEFAULT_VEHTYPE" speed="7.15" pos="179.57" lane="1/2to2/2_0" slope="0.00"/>
        <vehicle id="40" x="398.35" y="349.26" angle="0.00" type="DEFAULT_VEHTYPE" speed="12.81" pos="45.99" lane="2/2to2/1_0" slope="0.00"/>
        <vehicle id="41" x="601.65" y="224.88" angle="180.00" type="DEFAULT_VEHTYPE" speed="8.93" pos="20.13" lane="3/1to3/2_0" slope="0.00"/>
        <vehicle id="42" x="217.32" y="598.35" angle="90.00" type="DEFAULT_VEHTYPE" speed="13.60" pos="12.57" lane="1/3to2/3_0" slope="0.00"/>
        <vehicle id="43" x="313.07" y="201.65" angle="-90.00" type="DEFAULT_VEHTYPE" speed="13.16" pos="82.18" lane="2/1to1/1_0" slope="0.00"/>
        <vehicle id="44" x="222.27" y="198.35" angle="90.00" type="DEFAULT_VEHTYPE" speed="11.57" pos="17.52" lane="1/1to2/1_0" slope="0.00"/>
        <vehicle id="45" x="593.97" y="201.65" angle="-90.00" type="DEFAULT_VEHTYPE" speed="9.87" pos="1.28" lane="3/1to2/1_0" slope="0.00"/>
        <vehicle id="46" x="768.00" y="601.65" angle="-90.00" type="DEFAULT_VEHTYPE" speed="12.73" pos="32.00" lane="4/3to3/3_0" slope="0.00"/>
        <vehicle id="47" x="401.65" y="17.30" angle="180.00" type="DEFAULT_VEHTYPE" speed="12.72" pos="17.30" lane="2/0to2/1_0" slope="0.00"/>
        <vehicle id="48" x="572.18" y="401.65" angle="-90.00" type="DEFAULT_VEHTYPE" speed="7.55" pos="23.07" lane="3/2to2/2_0" slope="0.00"/>
        <vehicle id="49" x="8.04" y="401.65" angle="-90.00" type="DEFAULT_VEHTYPE" speed="13.14" pos="187.21" lane="1/2to0/2_0" slope="0.00"/>
        <vehicle id="5" x="224.95" y="201.65" angle="-90.00" type="DEFAULT_VEHTYPE" speed="11.85" pos="170.30" lane="2/1to1/1_0" slope="0.00"/>
        <vehicle id="6" x="251.53" y="201.65" angle="-90.00" type="DEFAULT_VEHTYPE" speed="12.90" pos="143.72" lane="2/1to1/1_0" slope="0.00"/>
        <vehicle id="7" x="327.77" y="598.35" angle="90.00" type="DEFAULT_VEHTYPE" speed="12.70" pos="123.02" lane="1/3to2/3_0" slope="0.00"/>
        <vehicle id="8" x="760.84" y="201.65" angle="-90.00" type="DEFAULT_VEHTYPE" speed="13.40" pos="39.16" lane="4/1to3/1_0" slope="0.00"/>
        <vehicle id="9" x="398.35" y="145.41" angle="0.00" type="DEFAULT_VEHTYPE" speed="13.82" pos="49.84" lane="2/1to2/0_0" slope="0.00"/>
    </timestep>
    <timestep time="67.00">
        <vehicle id="0" x="440.34" y="198.35" angle="90.00" type="DEFAULT_VEHTYPE" speed="13.48" pos="35.59" lane="2/1to3/1_0" slope="0.00"/>
        <vehicle id="10" x="601.65" y="275.31" angle="180.00" type="DEFAULT_VEHTYPE" speed="13.40" pos="70.56" lane="3/1to3/2_0" slope="0.00"/>
        <vehicle id="11" x="370.82" y="401.65" angle="-90.00" type="DEFAULT_VEHTYPE" speed="13.60" pos="24.43" lane="2/2to1/2_0" slope="0.00"/>
        <vehicle id="13" x="198.35" y="359.44" angle="0.00" type="DEFAULT_VEHTYPE" speed="13.86" pos="35.81" lane="1/2to1/1_0" slope="0.00"/>
        <vehicle id="14" x="422.58" y="398.35" angle="90.00" type="DEFAULT_VEHTYPE" speed="11.04" pos="17.83" lane="2/2to3/2_0" slope="0.00"/>
        <vehicle id="15" x="398.35" y="195.80" angle="0.00" type="DEFAULT_VEHTYPE" speed="13.86" pos="8.95" lane=":2/1_1_0" slope="0.00"/>
        <vehicle id="16" x="398.35" y="419.51" angle="0.00" type="DEFAULT_VEHTYPE" speed="13.42" pos="175.74" lane="2/3to2/2_0" slope="0.00"/>
        <vehicle id="17" x="407.80" y="601.65" angle="-90.00" type="DEFAULT_VEHTYPE" speed="0.73" pos="187.45" lane="3/3to2/3_0" slope="0.00"/>
        <vehicle id="18" x="363.10" y="198.35" angle="90.00" type="DEFAULT_VEHTYPE" speed="13.52" pos="158.35" lane="1/1to2/1_0" slope="0.00"/>
        <vehicle id="19" x="198.35" y="497.24" angle="0.00" type="DEFAULT_VEHTYPE" speed="12.78" pos="98.01" lane="1/3to1/2_0" slope="0.00"/>
        <vehicle id="2" x="582.46" y="401.65" angle="-90.00" type="DEFAULT_VEHTYPE" speed="8.30" pos="12.79" lane="3/2to2/2_0" slope="0.00"/>
        <vehicle id="20" x="598.35" y="243.45" angle="0.00" type="DEFAULT_VEHTYPE" speed="12.71" pos="151.80" lane="3/2to3/1_0" slope="0.00"/>
        <vehicle id="21" x="500.77" y="598.35" angle="90.00" type="DEFAULT_VEHTYPE" speed="13.77" pos="96.02" lane="2/3to3/3_0" slope="0.00"/>
        <vehicle id="22" x="401.65" y="564.24" angle="180.00" type="DEFAULT_VEHTYPE" speed="13.89" pos="159.49" lane="2/2to2/3_0" slope="0.00"/>
        <vehicle id="23" x="601.65" y="351.57" angle="180.00" type="DEFAULT_VEHTYPE" speed="13.58" pos="146.82" lane="3/1to3/2_0" slope="0.00"/>
        <vehicle id="24" x="201.65" y="480.94" angle="180.00" type="DEFAULT_VEHTYPE" speed="13.69" pos="76.19" lane="1/2to1/3_0" slope="0.00"/>
        <vehicle id="25" x="465.56" y="601.65" angle="-90.00" type="DEFAULT_VEHTYPE" speed="12.91" pos="129.69" lane="3/3to2/3_0" slope="0.00"/>
        <vehicle id="27" x="198.40" y="595.60" angle="-20.65" type="DEFAULT_VEHTYPE" speed="6.54" pos="9.97" lane=":1/3_6_0" slope="0.00"/>
        <vehicle id="28" x="202.96" y="198.61" angle="54.44" type="DEFAULT_VEHTYPE" speed="8.00" pos="1.37" lane=":1/1_16_0" slope="0.00"/>
        <vehicle id="29" x="607.30" y="401.65" angle="-90.00" type="DEFAULT_VEHTYPE" speed="0.07" pos="192.70" lane="4/2to3/2_0" slope="0.00"/>
        <vehicle id="3" x="401.65" y="170.31" angle="180.00" type="DEFAULT_VEHTYPE" speed="13.59" pos="170.31" lane="2/0to2/1_0" slope="0.00"/>
        <vehicle id="30" x="601.65" y="409.61" angle="180.00" type="DEFAULT_VEHTYPE" speed="13.11" pos="4.86" lane="3/2to3/3_0" slope="0.00"/>
        <vehicle id="31" x="187.00" y="598.35" angle="90.00" type="DEFAULT_VEHTYPE" speed="0.24" pos="187.00" lane="0/3to1/3_0" slope="0.00"/>
        <vehicle id="32" x="401.65" y="593.75" angle="180.00" type="DEFAULT_VEHTYPE" speed="13.72" pos="189.00" lane="2/2to2/3_0" slope="0.00"/>
        <vehicle id="33" x="421.00" y="401.65" angle="-90.00" type="DEFAULT_VEHTYPE" speed="9.76" pos="174.25" lane="3/2to2/2_0" slope="0.00"/>
        <vehicle id="34" x="201.65" y="157.67" angle="180.00" type="DEFAULT_VEHTYPE" speed="13.50" pos="157.67" lane="1/0to1/1_0" slope="0.00"/>
        <vehicle id="35" x="198.35" y="414.23" angle="0.00" type="DEFAULT_VEHTYPE" speed="7.62" pos="181.02" lane="1/3to1/2_0" slope="0.00"/>
        <vehicle id="36" x="194.59" y="598.35" angle="90.00" type="DEFAULT_VEHTYPE" speed="0.00" pos="194.59" lane="0/3to1/3_0" slope="0.00"/>
        <vehicle id="37" x="164.28" y="198.35" angle="90.00" type="DEFAULT_VEHTYPE" speed="13.33" pos="164.28" lane="0/1to1/1_0" slope="0.00"/>
        <vehicle id="38" x="601.65" y="153.39" angle="180.00" type="DEFAULT_VEHTYPE" speed="12.68" pos="153.39" lane="3/0to3/1_0" slope="0.00"/>
        <vehicle id="39" x="511.54" y="401.65" angle="-90.00" type="DEFAULT_VEHTYPE" speed="13.79" pos="83.71" lane="3/2to2/2_0" slope="0.00"/>
        <vehicle id="4" x="389.20" y="398.35" angle="90.00" type="DEFAULT_VEHTYPE" speed="4.88" pos="184.45" lane="1/2to2/2_0" slope="0.00"/>
        <vehicle id="40" x="398.35" y="336.18" angle="0.00" type="DEFAULT_VEHTYPE" speed="13.07" pos="59.07" lane="2/2to2/1_0" slope="0.00"/>
        <vehicle id="41" x="601.65" y="235.79" angle="180.00" type="DEFAULT_VEHTYPE" speed="10.90" pos="31.04" lane="3/1to3/2_0" slope="0.00"/>
        <vehicle id="42" x="230.37" y="598.35" angle="90.00" type="DEFAULT_VEHTYPE" speed="13.05" pos="25.62" lane="1/3to2/3_0" slope="0.00"/>
        <vehicle id="43" x="300.07" y="201.65" angle="-90.00" type="DEFAULT_VEHTYPE" speed="13.00" pos="95.18" lane="2/1to1/1_0" slope="0.00"/>
        <vehicle id="44" x="236.15" y="198.35" angle="90.00" type="DEFAULT_VEHTYPE" speed="13.88" pos="31.40" lane="1/1to2/1_0" slope="0.00"/>
        <vehicle id="45" x="581.98" y="201.65" angle="-90.00" type="DEFAULT_VEHTYPE" speed="11.98" pos="13.27" lane="3/1to2/1_0" slope="0.00"/>
        <vehicle id="46" x="754.81" y="601.65" angle="-90.00" type="DEFAULT_VEHTYPE" speed="13.18" pos="45.19" lane="4/3to3/3_0" slope="0.00"/>
        <vehicle id="47" x="401.65" y="30.17" angle="180.00" type="DEFAULT_VEHTYPE" speed="12.88" pos="30.17" lane="2/0to2/1_0" slope="0.00"/>
        <vehicle id="48" x="562.71" y="401.65" angle="-90.00" type="DEFAULT_VEHTYPE" speed="9.47" pos="32.54" lane="3/2to2/2_0" slope="0.00"/>
        <vehicle id="49" x="0.11" y="398.35" angle="0.76" type="DEFAULT_VEHTYPE" speed="12.97" pos="0.11" lane="0/2to1/2_0" slope="0.00"/>
        <vehicle id="5" x="216.81" y="201.65" angle="-90.00" type="DEFAULT_VEHTYPE" speed="8.14" pos="178.44" lane="2/1to1/1_0" slope="0.00"/>
        <vehicle id="6" x="237.73" y="201.65" angle="-90.00" type="DEFAULT_VEHTYPE" speed="13.81" pos="157.52" lane="2/1to1/1_0" slope="0.00"/>
        <vehicle id="7" x="341.20" y="598.35" angle="90.00" type="DEFAULT_VEHTYPE" speed="13.43" pos="136.45" lane="1/3to2/3_0" slope="0.00"/>
        <vehicle id="8" x="746.98" y="201.65" angle="-90.00" type="DEFAULT_VEHTYPE" speed="13.85" pos="53.02" lane="4/1to3/1_0" slope="0.00"/>
        <vehicle id="9" x="398.35" y="132.06" angle="0.00" type="DEFAULT_VEHTYPE" speed="13.35" pos="63.19" lane="2/1to2/0_0" slope="0.00"/>
    </timestep>
    <timestep time="68.00">
        <vehicle id="0" x="452.99" y="198.35" angle="90.00" type="DEFAULT_VEHTYPE" speed="12.64" pos="48.24" lane="2/1to3/1_0" slope="0.00"/>
        <vehicle id="10" x="601.65" y="288.30" angle="180.00" type="DEFAULT_VEHTYPE" speed="12.99" pos="83.55" lane="3/1to3/2_0" slope="0.00"/>
        <vehicle id="11" x="358.10" y="401.65" angle="-90.00" type="DEFAULT_VEHTYPE" speed="12.72" pos="37.15" lane="2/2to1/2_0" slope="0.00"/>
        <vehicle id="13" x="198.35" y="345.91" angle="0.00" type="DEFAULT_VEHTYPE" speed="13.53" pos="49.34" lane="1/2to1/1_0" slope="0.00"/>
        <vehicle id="14" x="435.03" y="398.35" angle="90.00" type="DEFAULT_VEHTYPE" speed="12.45" pos="30.28" lane="2/2to3/2_0" slope="0.00"/>
        <vehicle id="15" x="398.35" y="183.08" angle="0.00" type="DEFAULT_VEHTYPE" speed="12.71" pos="12.17" lane="2/1to2/0_0" slope="0.00"/>
        <vehicle id="16" x="398.35" y="406.13" angle="0.00" type="DEFAULT_VEHTYPE" speed="13.38" pos="189.12" lane="2/3to2/2_0" slope="0.00"/>
        <vehicle id="17" x="407.44" y="601.65" angle="-90.00" type="DEFAULT_VEHTYPE" speed="0.36" pos="187.81" lane="3/3to2/3_0" slope="0.00"/>
        <vehicle id="18" x="375.11" y="198.35" angle="90.00" type="DEFAULT_VEHTYPE" speed="12.00" pos="170.36" lane="1/1to2/1_0" slope="0.00"/>
        <vehicle id="19" x="198.35" y="483.44" angle="0.00" type="DEFAULT_VEHTYPE" speed="13.80" pos="111.81" lane="1/3to1/2_0" slope="0.00"/>
        <vehicle id="2" x="573.19" y="401.65" angle="-90.00" type="DEFAULT_VEHTYPE" speed="9.27" pos="22.06" lane="3/2to2/2_0" slope="0.00"/>
        <vehicle id="20" x="598.35" y="230.13" angle="0.00" type="DEFAULT_VEHTYPE" speed="13.32" pos="165.12" lane="3/2to3/1_0" slope="0.00"/>
        <vehicle id="21" x="514.51" y="598.35" angle="90.00" type="DEFAULT_VEHTYPE" speed="13.74" pos="109.76" lane="2/3to3/3_0" slope="0.00"/>
        <vehicle id="22" x="401.65" y="577.85" angle="180.00" type="DEFAULT_VEHTYPE" speed="13.61" pos="173.10" lane="2/2to2/3_0" slope="0.00"/>
        <vehicle id="23" x="601.65" y="364.83" angle="180.00" type="DEFAULT_VEHTYPE" speed="13.27" pos="160.08" lane="3/1to3/2_0" slope="0.00"/>
        <vehicle id="24" x="201.65" y="493.96" angle="180.00" type="DEFAULT_VEHTYPE" speed="13.01" pos="89.21" lane="1/2to1/3_0" slope="0.00"/>
        <vehicle id="25" x="452.42" y="601.65" angle="-90.00" type="DEFAULT_VEHTYPE" speed="13.15" pos="142.83" lane="3/3to2/3_0" slope="0.00"/>
        <vehicle id="27" x="198.35" y="587.07" angle="0.00" type="DEFAULT_VEHTYPE" speed="8.54" pos="8.18" lane="1/3to1/2_0" slope="0.00"/>
        <vehicle id="28" x="212.28" y="198.35" angle="90.00" type="DEFAULT_VEHTYPE" speed="9.33" pos="7.53" lane="1/1to2/1_0" slope="0.00"/>
        <vehicle id="29" x="604.98" y="401.65" angle="-90.00" type="DEFAULT_VEHTYPE" speed="2.32" pos="195.02" lane="4/2to3/2_0" slope="0.00"/>
        <vehicle id="3" x="401.65" y="183.04" angle="180.00" type="DEFAULT_VEHTYPE" speed="12.74" pos="183.04" lane="2/0to2/1_0" slope="0.00"/>
        <vehicle id="30" x="601.65" y="422.94" angle="180.00" type="DEFAULT_VEHTYPE" speed="13.33" pos="18.19" lane="3/2to3/3_0" slope="0.00"/>
        <vehicle id="31" x="187.05" y="598.35" angle="90.00" type="DEFAULT_VEHTYPE" speed="0.05" pos="187.05" lane="0/3to1/3_0" slope="0.00"/>
        <vehicle id="32" x="401.65" y="606.94" angle="180.00" type="DEFAULT_VEHTYPE" speed="13.19" pos="2.19" lane="2/3to2/4_0" slope="0.00"/>
        <vehicle id="33" x="413.82" y="401.65" angle="-90.00" type="DEFAULT_VEHTYPE" speed="7.17" pos="181.43" lane="3/2to2/2_0" slope="0.00"/>
        <vehicle id="34" x="201.65" y="170.62" angle="180.00" type="DEFAULT_VEHTYPE" speed="12.95" pos="170.62" lane="1/0to1/1_0" slope="0.00"/>
        <vehicle id="35" x="198.35" y="410.29" angle="0.00" type="DEFAULT_VEHTYPE" speed="3.94" pos="184.96" lane="1/3to1/2_0" slope="0.00"/>
        <vehicle id="36" x="196.92" y="598.35" angle="90.00" type="DEFAULT_VEHTYPE" speed="2.33" pos="1.67" lane=":1/3_13_0" slope="0.00"/>
        <vehicle id="37" x="175.12" y="198.35" angle="90.00" type="DEFAULT_VEHTYPE" speed="10.84" pos="175.12" lane="0/1to1/1_0" slope="0.00"/>
        <vehicle id="38" x="601.65" y="166.78" angle="180.00" type="DEFAULT_VEHTYPE" speed="13.39" pos="166.78" lane="3/0to3/1_0" slope="0.00"/>
        <vehicle id="39" x="497.67" y="401.65" angle="-90.00" type="DEFAULT_VEHTYPE" speed="13.87" pos="97.58" lane="3/2to2/2_0" slope="0.00"/>
        <vehicle id="4" x="395.65" y="398.35" angle="90.00" type="DEFAULT_VEHTYPE" speed="6.45" pos="0.40" lane=":2/2_13_0" slope="0.00"/>
        <vehicle id="40" x="398.35" y="323.17" angle="0.00" type="DEFAULT_VEHTYPE" speed="13.01" pos="72.08" lane="2/2to2/1_0" slope="0.00"/>
        <vehicle id="41" x="601.65" y="249.22" angle="180.00" type="DEFAULT_VEHTYPE" speed="13.43" pos="44.47" lane="3/1to3/2_0" slope="0.00"/>
        <vehicle id="42" x="243.53" y="598.35" angle="90.00" type="DEFAULT_VEHTYPE" speed="13.16" pos="38.78" lane="1/3to2/3_0" slope="0.00"/>
        <vehicle id="43" x="287.01" y="201.65" angle="-90.00" type="DEFAULT_VEHTYPE" speed="13.06" pos="108.24" lane="2/1to1/1_0" slope="0.00"/>
        <vehicle id="44" x="249.61" y="198.35" angle="90.00" type="DEFAULT_VEHTYPE" speed="13.47" pos="44.86" lane="1/1to2/1_0" slope="0.00"/>
        <vehicle id="45" x="568.74" y="201.65" angle="-90.00" type="DEFAULT_VEHTYPE" speed="13.24" pos="26.51" lane="3/1to2/1_0" slope="0.00"/>
        <vehicle id="46" x="742.11" y="601.65" angle="-90.00" type="DEFAULT_VEHTYPE" speed="12.70" pos="57.89" lane="4/3to3/3_0" slope="0.00"/>
        <vehicle id="47" x="401.65" y="43.24" angle="180.00" type="DEFAULT_VEHTYPE" speed="13.06" pos="43.24" lane="2/0to2/1_0" slope="0.00"/>
        <vehicle id="48" x="551.08" y="401.65" angle="-90.00" type="DEFAULT_VEHTYPE" speed="11.64" pos="44.17" lane="3/2to2/2_0" slope="0.00"/>
        <vehicle id="49" x="13.94" y="398.35" angle="90.00" type="DEFAULT_VEHTYPE" speed="13.83" pos="13.94" lane="0/2to1/2_0" slope="0.00"/>
        <vehicle id="5" x="211.89" y="201.65" angle="-90.00" type="DEFAULT_VEHTYPE" speed="4.92" pos="183.36" lane="2/1to1/1_0" slope="0.00"/>
        <vehicle id="6" x="228.42" y="201.65" angle="-90.00" type="DEFAULT_VEHTYPE" speed="9.31" pos="166.83" lane="2/1to1/1_0" slope="0.00"/>
        <vehicle id="7" x="354.52" y="598.35" angle="90.00" type="DEFAULT_VEHTYPE" speed="13.32" pos="149.77" lane="1/3to2/3_0" slope="0.00"/>
        <vehicle id="8" x="733.29" y="201.65" angle="-90.00" type="DEFAULT_VEHTYPE" speed="13.69" pos="66.71" lane="4/1to3/1_0" slope="0.00"/>
        <vehicle id="9" x="398.35" y="119.04" angle="0.00" type="DEFAULT_VEHTYPE" speed="13.02" pos="76.21" lane="2/1to2/0_0" slope="0.00"/>
    </timestep>
    <timestep time="69.00">
        <vehicle id="0" x="466.28" y="198.35" angle="90.00" type="DEFAULT_VEHTYPE" speed="13.29" pos="61.53" lane="2/1to3/1_0" slope="0.00"/>
        <vehicle id="10" x="601.65" y="300.94" angle="180.00" type="DEFAULT_VEHTYPE" speed="12.64" pos="96.19" lane="3/1to3/2_0" slope="0.00"/>
        <vehicle id="11" x="345.39" y="401.65" angle="-90.00" type="DEFAULT_VEHTYPE" speed="12.71" pos="49.86" lane="2/2to1/2_0" slope="0.00"/>
        <vehicle id="13" x="198.35" y="332.71" angle="0.00" type="DEFAULT_VEHTYPE" speed="13.20" pos="62.54" lane="1/2to1/1_0" slope="0.00"/>
        <vehicle id="14" x="448.31" y="398.35" angle="90.00" type="DEFAULT_VEHTYPE" speed="13.28" pos="43.56" lane="2/2to3/2_0" slope="0.00"/>
        <vehicle id="15" x="398.35" y="170.08" angle="0.00" type="DEFAULT_VEHTYPE" speed="13.01" pos="25.17" lane="2/1to2/0_0" slope="0.00"/>
        <vehicle id="16" x="388.01" y="401.65" angle="-90.00" type="DEFAULT_VEHTYPE" speed="13.62" pos="7.24" lane="2/2to1/2_0" slope="0.00"/>
        <vehicle id="17" x="405.61" y="601.65" angle="-90.00" type="DEFAULT_VEHTYPE" speed="1.82" pos="189.64" lane="3/3to2/3_0" slope="0.00"/>
        <vehicle id="18" x="382.69" y="198.35" angle="90.00" type="DEFAULT_VEHTYPE" speed="7.58" pos="177.94" lane="1/1to2/1_0" slope="0.00"/>
        <vehicle id="19" x="198.35" y="470.64" angle="0.00" type="DEFAULT_VEHTYPE" speed="12.81" pos="124.61" lane="1/3to1/2_0" slope="0.00"/>
        <vehicle id="2" x="562.02" y="401.65" angle="-90.00" type="DEFAULT_VEHTYPE" speed="11.17" pos="33.23" lane="3/2to2/2_0" slope="0.00"/>
        <vehicle id="20" x="598.35" y="216.27" angle="0.00" type="DEFAULT_VEHTYPE" speed="13.86" pos="178.98" lane="3/2to3/1_0" slope="0.00"/>
        <vehicle id="21" x="527.34" y="598.35" angle="90.00" type="DEFAULT_VEHTYPE" speed="12.83" pos="122.59" lane="2/3to3/3_0" slope="0.00"/>
        <vehicle id="22" x="401.65" y="590.91" angle="180.00" type="DEFAULT_VEHTYPE" speed="13.06" pos="186.16" lane="2/2to2/3_0" slope="0.00"/>
        <vehicle id="23" x="601.65" y="376.15" angle="180.00" type="DEFAULT_VEHTYPE" speed="11.32" pos="171.40" lane="3/1to3/2_0" slope="0.00"/>
        <vehicle id="24" x="201.65" y="506.78" angle="180.00" type="DEFAULT_VEHTYPE" speed="12.82" pos="102.03" lane="1/2to1/3_0" slope="0.00"/>
        <vehicle id="25" x="438.53" y="601.65" angle="-90.00" type="DEFAULT_VEHTYPE" speed="13.88" pos="156.72" lane="3/3to2/3_0" slope="0.00"/>
        <vehicle id="27" x="198.35" y="577.16" angle="0.00" type="DEFAULT_VEHTYPE" speed="9.91" pos="18.09" lane="1/3to1/2_0" slope="0.00"/>
        <vehicle id="28" x="224.02" y="198.35" angle="90.00" type="DEFAULT_VEHTYPE" speed="11.74" pos="19.27" lane="1/1to2/1_0" slope="0.00"/>
        <vehicle id="29" x="601.08" y="401.65" angle="-90.00" type="DEFAULT_VEHTYPE" speed="3.90" pos="3.67" lane=":3/2_5_0" slope="0.00"/>
        <vehicle id="3" x="401.79" y="196.28" angle="178.35" type="DEFAULT_VEHTYPE" speed="13.25" pos="1.04" lane=":2/1_8_0" slope="0.00"/>
        <vehicle id="30" x="601.65" y="435.76" angle="180.00" type="DEFAULT_VEHTYPE" speed="12.82" pos="31.01" lane="3/2to3/3_0" slope="0.00"/>
        <vehicle id="31" x="188.99" y="598.35" angle="90.00" type="DEFAULT_VEHTYPE" speed="1.94" pos="188.99" lane="0/3to1/3_0" slope="0.00"/>
        <vehicle id="32" x="401.65" y="620.48" angle="180.00" type="DEFAULT_VEHTYPE" speed="13.54" pos="15.73" lane="2/3to2/4_0" slope="0.00"/>
        <vehicle id="33" x="410.04" y="401.65" angle="-90.00" type="DEFAULT_VEHTYPE" speed="3.79" pos="185.21" lane="3/2to2/2_0" slope="0.00"/>
        <vehicle id="34" x="201.65" y="184.20" angle="180.00" type="DEFAULT_VEHTYPE" speed="13.58" pos="184.20" lane="1/0to1/1_0" slope="0.00"/>
        <vehicle id="35" x="198.37" y="404.62" angle="0.22" type="DEFAULT_VEHTYPE" speed="5.67" pos="0.13" lane=":1/2_2_0" slope="0.00"/>
        <vehicle id="36" x="200.66" y="598.35" angle="90.00" type="DEFAULT_VEHTYPE" speed="3.75" pos="5.41" lane=":1/3_13_0" slope="0.00"/>
        <vehicle id="37" x="183.09" y="198.35" angle="90.00" type="DEFAULT_VEHTYPE" speed="7.97" pos="183.09" lane="0/1to1/1_0" slope="0.00"/>
        <vehicle id="38" x="601.65" y="179.74" angle="180.00" type="DEFAULT_VEHTYPE" speed="12.96" pos="179.74" lane="3/0to3/1_0" slope="0.00"/>
        <vehicle id="39" x="484.22" y="401.65" angle="-90.00" type="DEFAULT_VEHTYPE" speed="13.45" pos="111.03" lane="3/2to2/2_0" slope="0.00"/>
        <vehicle id="4" x="403.56" y="398.35" angle="90.00" type="DEFAULT_VEHTYPE" speed="7.91" pos="8.31" lane=":2/2_13_0" slope="0.00"/>
        <vehicle id="40" x="398.35" y="310.40" angle="0.00" type="DEFAULT_VEHTYPE" speed="12.78" pos="84.85" lane="2/2to2/1_0" slope="0.00"/>
        <vehicle id="41" x="601.65" y="262.79" angle="180.00" type="DEFAULT_VEHTYPE" speed="13.57" pos="58.04" lane="3/1to3/2_0" slope="0.00"/>
        <vehicle id="42" x="257.41" y="598.35" angle="90.00" type="DEFAULT_VEHTYPE" speed="13.88" pos="52.66" lane="1/3to2/3_0" slope="0.00"/>
        <vehicle id="43" x="273.92" y="201.65" angle="-90.00" type="DEFAULT_VEHTYPE" speed="13.08" pos="121.33" lane="2/1to1/1_0" slope="0.00"/>
        <vehicle id="44" x="262.32" y="198.35" angle="90.00" type="DEFAULT_VEHTYPE" speed="12.70" pos="57.57" lane="1/1to2/1_0" slope="0.00"/>
        <vehicle id="45" x="555.89" y="201.65" angle="-90.00" type="DEFAULT_VEHTYPE" speed="12.85" pos="39.36" lane="3/1to2/1_0" slope="0.00"/>
        <vehicle id="46" x="728.60" y="601.65" angle="-90.00" type="DEFAULT_VEHTYPE" speed="13.51" pos="71.40" lane="4/3to3/3_0" slope="0.00"/>
        <vehicle id="47" x="401.65" y="56.38" angle="180.00" type="DEFAULT_VEHTYPE" speed="13.14" pos="56.38" lane="2/0to2/1_0" slope="0.00"/>
        <vehicle id="48" x="538.31" y="401.65" angle="-90.00" type="DEFAULT_VEHTYPE" speed="12.76" pos="56.94" lane="3/2to2/2_0" slope="0.00"/>
        <vehicle id="49" x="26.63" y="398.35" angle="90.00" type="DEFAULT_VEHTYPE" speed="12.70" pos="26.63" lane="0/2to1/2_0" slope="0.00"/>
        <vehicle id="5" x="209.44" y="201.65" angle="-90.00" type="DEFAULT_VEHTYPE" speed="2.45" pos="185.81" lane="2/1to1/1_0" slope="0.00"/>
        <vehicle id="6" x="222.16" y="201.65" angle="-90.00" type="DEFAULT_VEHTYPE" speed="6.26" pos="173.09" lane="2/1to1/1_0" slope="0.00"/>
        <vehicle id="7" x="367.70" y="598.35" angle="90.00" type="DEFAULT_VEHTYPE" speed="13.19" pos="162.95" lane="1/3to2/3_0" slope="0.00"/>
        <vehicle id="8" x="719.63" y="201.65" angle="-90.00" type="DEFAULT_VEHTYPE" speed="13.66" pos="80.37" lane="4/1to3/1_0" slope="0.00"/>
        <vehicle id="9" x="398.35" y="105.68" angle="0.00" type="DEFAULT_VEHTYPE" speed="13.35" pos="89.57" lane="2/1to2/0_0" slope="0.00"/>
    </timestep>
    <timestep time="70.00">
        <vehicle id="0" x="480.01" y="198.35" angle="90.00" type="DEFAULT_VEHTYPE" speed="13.73" pos="75.26" lane="2/1to3/1_0" slope="0.00"/>
        <vehicle id="10" x="601.65" y="314.81" angle="180.00" type="DEFAULT_VEHTYPE" speed="13.87" pos="110.06" lane="3/1to3/2_0" slope="0.00"/>
        <vehicle id="11" x="332.65" y="401.65" angle="-90.00" type="DEFAULT_VEHTYPE" speed="12.74" pos="62.60" lane="2/2to1/2_0" slope="0.00"/>
        <vehicle id="13" x="198.35" y="319.06" angle="0.00" type="DEFAULT_VEHTYPE" speed="13.65" pos="76.19" lane="1/2to1/1_0" slope="0.00"/>
        <vehicle id="14" x="461.27" y="398.35" angle="90.00" type="DEFAULT_VEHTYPE" speed="12.96" pos="56.52" lane="2/2to3/2_0" slope="0.00"/>
        <vehicle id="15" x="398.35" y="157.38" angle="0.00" type="DEFAULT_VEHTYPE" speed="12.70" pos="37.87" lane="2/1to2/0_0" slope="0.00"/>
        <vehicle id="16" x="374.18" y="401.65" angle="-90.00" type="DEFAULT_VEHTYPE" speed="13.83" pos="21.07" lane="2/2to1/2_0" slope="0.00"/>
        <vehicle id="17" x="401.80" y="601.16" angle="-84.37" type="DEFAULT_VEHTYPE" speed="3.86" pos="3.00" lane=":2/3_6_0" slope="0.00"/>
        <vehicle id="18" x="388.33" y="198.35" angle="90.00" type="DEFAULT_VEHTYPE" speed="5.64" pos="183.58" lane="1/1to2/1_0" slope="0.00"/>
        <vehicle id="19" x="198.35" y="457.75" angle="0.00" type="DEFAULT_VEHTYPE" speed="12.89" pos="137.50" lane="1/3to1/2_0" slope="0.00"/>
        <vehicle id="2" x="549.31" y="401.65" angle="-90.00" type="DEFAULT_VEHTYPE" speed="12.71" pos="45.94" lane="3/2to2/2_0" slope="0.00"/>
        <vehicle id="21" x="540.94" y="598.35" angle="90.00" type="DEFAULT_VEHTYPE" speed="13.60" pos="136.19" lane="2/3to3/3_0" slope="0.00"/>
        <vehicle id="22" x="408.32" y="598.35" angle="92.59" type="DEFAULT_VEHTYPE" speed="12.90" pos="3.57" lane="2/3to3/3_0" slope="0.00"/>
        <vehicle id="23" x="601.65" y="383.58" angle="180.00" type="DEFAULT_VEHTYPE" speed="7.43" pos="178.83" lane="3/1to3/2_0" slope="0.00"/>
        <vehicle id="24" x="201.65" y="519.79" angle="180.00" type="DEFAULT_VEHTYPE" speed="13.01" pos="115.04" lane="1/2to1/3_0" slope="0.00"/>
        <vehicle id="25" x="427.42" y="601.65" angle="-90.00" type="DEFAULT_VEHTYPE" speed="11.12" pos="167.83" lane="3/3to2/3_0" slope="0.00"/>
        <vehicle id="27" x="198.35" y="564.80" angle="0.00" type="DEFAULT_VEHTYPE" speed="12.36" pos="30.45" lane="1/3to1/2_0" slope="0.00"/>
        <vehicle id="28" x="237.51" y="198.35" angle="90.00" type="DEFAULT_VEHTYPE" speed="13.49" pos="32.76" lane="1/1to2/1_0" slope="0.00"/>
        <vehicle id="29" x="595.47" y="401.65" angle="-90.00" type="DEFAULT_VEHTYPE" speed="5.61" pos="9.28" lane=":3/2_5_0" slope="0.00"/>
        <vehicle id="3" x="413.76" y="198.35" angle="90.00" type="DEFAULT_VEHTYPE" speed="12.97" pos="9.01" lane="2/1to3/1_0" slope="0.00"/>
        <vehicle id="30" x="601.65" y="448.97" angle="180.00" type="DEFAULT_VEHTYPE" speed="13.21" pos="44.22" lane="3/2to3/3_0" slope="0.00"/>
        <vehicle id="31" x="193.30" y="598.35" angle="90.00" type="DEFAULT_VEHTYPE" speed="4.31" pos="193.30" lane="0/3to1/3_0" slope="0.00"/>
        <vehicle id="32" x="401.65" y="633.85" angle="180.00" type="DEFAULT_VEHTYPE" speed="13.37" pos="29.10" lane="2/3to2/4_0" slope="0.00"/>
        <vehicle id="33" x="408.69" y="401.65" angle="-90.00" type="DEFAULT_VEHTYPE" speed="1.34" pos="186.56" lane="3/2to2/2_0" slope="0.00"/>
        <vehicle id="34" x="202.69" y="197.73" angle="167.54" type="DEFAULT_VEHTYPE" speed="13.86" pos="2.80" lane=":1/1_8_0" slope="0.00"/>
        <vehicle id="35" x="202.76" y="398.63" angle="52.36" type="DEFAULT_VEHTYPE" speed="8.18" pos="1.17" lane=":1/2_16_0" slope="0.00"/>
        <vehicle id="36" x="206.43" y="598.35" angle="90.00" type="DEFAULT_VEHTYPE" speed="5.76" pos="1.68" lane="1/3to2/3_0" slope="0.00"/>
        <vehicle id="37" x="187.72" y="198.35" angle="90.00" type="DEFAULT_VEHTYPE" speed="4.64" pos="187.72" lane="0/1to1/1_0" slope="0.00"/>
        <vehicle id="38" x="601.65" y="192.86" angle="180.00" type="DEFAULT_VEHTYPE" speed="13.11" pos="192.86" lane="3/0to3/1_0" slope="0.00"/>
        <vehicle id="39" x="471.08" y="401.65" angle="-90.00" type="DEFAULT_VEHTYPE" speed="13.13" pos="124.17" lane="3/2to2/2_0" slope="0.00"/>
        <vehicle id="4" x="413.55" y="398.35" angle="90.00" type="DEFAULT_VEHTYPE" speed="9.99" pos="8.80" lane="2/2to3/2_0" slope="0.00"/>
        <vehicle id="40" x="398.35" y="297.08" angle="0.00" type="DEFAULT_VEHTYPE" speed="13.31" pos="98.17" lane="2/2to2/1_0" slope="0.00"/>
        <vehicle id="41" x="601.65" y="276.64" angle="180.00" type="DEFAULT_VEHTYPE" speed="13.85" pos="71.89" lane="3/1to3/2_0" slope="0.00"/>
        <vehicle id="42" x="271.11" y="598.35" angle="90.00" type="DEFAULT_VEHTYPE" speed="13.70" pos="66.36" lane="1/3to2/3_0" slope="0.00"/>
        <vehicle id="43" x="260.30" y="201.65" angle="-90.00" type="DEFAULT_VEHTYPE" speed="13.62" pos="134.95" lane="2/1to1/1_0" slope="0.00"/>
        <vehicle id="44" x="276.16" y="198.35" angle="90.00" type="DEFAULT_VEHTYPE" speed="13.84" pos="71.41" lane="1/1to2/1_0" slope="0.00"/>
        <vehicle id="45" x="542.58" y="201.65" angle="-90.00" type="DEFAULT_VEHTYPE" speed="13.30" pos="52.67" lane="3/1to2/1_0" slope="0.00"/>
        <vehicle id="46" x="715.85" y="601.65" angle="-90.00" type="DEFAULT_VEHTYPE" speed="12.75" pos="84.15" lane="4/3to3/3_0" slope="0.00"/>
        <vehicle id="47" x="401.65" y="70.19" angle="180.00" type="DEFAULT_VEHTYPE" speed="13.81" pos="70.19" lane="2/0to2/1_0" slope="0.00"/>
        <vehicle id="48" x="524.55" y="401.65" angle="-90.00" type="DEFAULT_VEHTYPE" speed="13.76" pos="70.70" lane="3/2to2/2_0" slope="0.00"/>
        <vehicle id="49" x="40.23" y="398.35" angle="90.00" type="DEFAULT_VEHTYPE" speed="13.60" pos="40.23" lane="0/2to1/2_0" slope="0.00"/>
        <vehicle id="5" x="204.98" y="201.65" angle="-90.00" type="DEFAULT_VEHTYPE" speed="4.46" pos="190.27" lane="2/1to1/1_0" slope="0.00"/>
        <vehicle id="6" x="218.57" y="201.65" angle="-90.00" type="DEFAULT_VEHTYPE" speed="3.59" pos="176.68" lane="2/1to1/1_0" slope="0.00"/>
        <vehicle id="7" x="378.00" y="598.35" angle="90.00" type="DEFAULT_VEHTYPE" speed="10.30" pos="173.25" lane="1/3to2/3_0" slope="0.00"/>
        <vehicle id="8" x="705.92" y="201.65" angle="-90.00" type="DEFAULT_VEHTYPE" speed="13.71" pos="94.08" lane="4/1to3/1_0" slope="0.00"/>
        <vehicle id="9" x="398.35" y="92.85" angle="0.00" type="DEFAULT_VEHTYPE" speed="12.84" pos="102.40" lane="2/1to2/0_0" slope="0.00"/>
    </timestep>
    <timestep time="71.00">
        <vehicle id="0" x="493.67" y="198.35" angle="90.00" type="DEFAULT_VEHTYPE" speed="13.66" pos="88.92" lane="2/1to3/1_0" slope="0.00"/>
        <vehicle id="10" x="601.65" y="327.74" angle="180.00" type="DEFAULT_VEHTYPE" speed="12.93" pos="122.99" lane="3/1to3/2_0" slope="0.00"/>
        <vehicle id="11" x="319.73" y="401.65" angle="-90.00" type="DEFAULT_VEHTYPE" speed="12.92" pos="75.52" lane="2/2to1/2_0" slope="0.00"/>
        <vehicle id="13" x="198.35" y="305.25" angle="0.00" type="DEFAULT_VEHTYPE" speed="13.81" pos="90.00" lane="1/2to1/1_0" slope="0.00"/>
        <vehicle id="14" x="474.80" y="398.35" angle="90.00" type="DEFAULT_VEHTYPE" speed="13.54" pos="70.05" lane="2/2to3/2_0" slope="0.00"/>
        <vehicle id="15" x="398.35" y="144.09" angle="0.00" type="DEFAULT_VEHTYPE" speed="13.29" pos="51.16" lane="2/1to2/0_0" slope="0.00"/>
        <vehicle id="16" x="361.09" y="401.65" angle="-90.00" type="DEFAULT_VEHTYPE" speed="13.09" pos="34.16" lane="2/2to1/2_0" slope="0.00"/>
        <vehicle id="17" x="398.57" y="596.80" angle="-33.00" type="DEFAULT_VEHTYPE" speed="5.76" pos="8.76" lane=":2/3_6_0" slope="0.00"/>
        <vehicle id="18" x="396.48" y="198.35" angle="90.00" type="DEFAULT_VEHTYPE" speed="8.15" pos="1.23" lane=":2/1_13_0" slope="0.00"/>
        <vehicle id="19" x="198.35" y="444.59" angle="0.00" type="DEFAULT_VEHTYPE" speed="13.16" pos="150.66" lane="1/3to1/2_0" slope="0.00"/>
        <vehicle id="2" x="536.50" y="401.65" angle="-90.00" type="DEFAULT_VEHTYPE" speed="12.81" pos="58.75" lane="3/2to2/2_0" slope="0.00"/>
        <vehicle id="21" x="554.37" y="598.35" angle="90.00" type="DEFAULT_VEHTYPE" speed="13.43" pos="149.62" lane="2/3to3/3_0" slope="0.00"/>
        <vehicle id="22" x="421.40" y="598.35" angle="90.00" type="DEFAULT_VEHTYPE" speed="13.08" pos="16.65" lane="2/3to3/3_0" slope="0.00"/>
        <vehicle id="23" x="601.65" y="389.12" angle="180.00" type="DEFAULT_VEHTYPE" speed="5.53" pos="184.37" lane="3/1to3/2_0" slope="0.00"/>
        <vehicle id="24" x="201.65" y="532.74" angle="180.00" type="DEFAULT_VEHTYPE" speed="12.95" pos="127.99" lane="1/2to1/3_0" slope="0.00"/>
        <vehicle id="25" x="419.49" y="601.65" angle="-90.00" type="DEFAULT_VEHTYPE" speed="7.92" pos="175.76" lane="3/3to2/3_0" slope="0.00"/>
        <vehicle id="27" x="198.35" y="550.96" angle="0.00" type="DEFAULT_VEHTYPE" speed="13.85" pos="44.29" lane="1/3to1/2_0" slope="0.00"/>
        <vehicle id="28" x="250.75" y="198.35" angle="90.00" type="DEFAULT_VEHTYPE" speed="13.25" pos="46.00" lane="1/1to2/1_0" slope="0.00"/>
        <vehicle id="29" x="587.87" y="401.65" angle="-90.00" type="DEFAULT_VEHTYPE" speed="7.60" pos="7.38" lane="3/2to2/2_0" slope="0.00"/>
        <vehicle id="3" x="426.62" y="198.35" angle="90.00" type="DEFAULT_VEHTYPE" speed="12.87" pos="21.87" lane="2/1to3/1_0" slope="0.00"/>
        <vehicle id="30" x="601.65" y="462.69" angle="180.00" type="DEFAULT_VEHTYPE" speed="13.73" pos="57.94" lane="3/2to3/3_0" slope="0.00"/>
        <vehicle id="31" x="198.19" y="596.37" angle="64.08" type="DEFAULT_VEHTYPE" speed="5.82" pos="3.87" lane=":1/3_12_0" slope="0.00"/>
        <vehicle id="32" x="401.65" y="647.28" angle="180.00" type="DEFAULT_VEHTYPE" speed="13.42" pos="42.53" lane="2/3to2/4_0" slope="0.00"/>
        <vehicle id="33" x="404.99" y="401.65" angle="-90.00" type="DEFAULT_VEHTYPE" speed="3.70" pos="190.26" lane="3/2to2/2_0" slope="0.00"/>
        <vehicle id="34" x="215.90" y="198.35" angle="90.00" type="DEFAULT_VEHTYPE" speed="13.34" pos="11.15" lane="1/1to2/1_0" slope="0.00"/>
        <vehicle id="35" x="213.36" y="398.35" angle="90.00" type="DEFAULT_VEHTYPE" speed="10.62" pos="8.61" lane="1/2to2/2_0" slope="0.00"/>
        <vehicle id="36" x="213.97" y="598.35" angle="90.00" type="DEFAULT_VEHTYPE" speed="7.54" pos="9.22" lane="1/3to2/3_0" slope="0.00"/>
        <vehicle id="37" x="190.81" y="198.35" angle="90.00" type="DEFAULT_VEHTYPE" speed="3.09" pos="190.81" lane="0/1to1/1_0" slope="0.00"/>
        <vehicle id="39" x="457.80" y="401.65" angle="-90.00" type="DEFAULT_VEHTYPE" speed="13.29" pos="137.45" lane="3/2to2/2_0" slope="0.00"/>
        <vehicle id="4" x="425.00" y="398.35" angle="90.00" type="DEFAULT_VEHTYPE" speed="11.46" pos="20.25" lane="2/2to3/2_0" slope="0.00"/>
        <vehicle id="40" x="398.35" y="283.22" angle="0.00" type="DEFAULT_VEHTYPE" speed="13.87" pos="112.03" lane="2/2to2/1_0" slope="0.00"/>
        <vehicle id="41" x="601.65" y="289.44" angle="180.00" type="DEFAULT_VEHTYPE" speed="12.80" pos="84.69" lane="3/1to3/2_0" slope="0.00"/>
        <vehicle id="42" x="283.76" y="598.35" angle="90.00" type="DEFAULT_VEHTYPE" speed="12.65" pos="79.01" lane="1/3to2/3_0" slope="0.00"/>
        <vehicle id="43" x="247.58" y="201.65" angle="-90.00" type="DEFAULT_VEHTYPE" speed="12.72" pos="147.67" lane="2/1to1/1_0" slope="0.00"/>
        <vehicle id="44" x="289.25" y="198.35" angle="90.00" type="DEFAULT_VEHTYPE" speed="13.09" pos="84.50" lane="1/1to2/1_0" slope="0.00"/>
        <vehicle id="45" x="529.73" y="201.65" angle="-90.00" type="DEFAULT_VEHTYPE" speed="12.85" pos="65.52" lane="3/1to2/1_0" slope="0.00"/>
        <vehicle id="46" x="703.23" y="601.65" angle="-90.00" type="DEFAULT_VEHTYPE" speed="12.62" pos="96.77" lane="4/3to3/3_0" slope="0.00"/>
        <vehicle id="47" x="401.65" y="83.53" angle="180.00" type="DEFAULT_VEHTYPE" speed="13.35" pos="83.53" lane="2/0to2/1_0" slope="0.00"/>
        <vehicle id="48" x="511.19" y="401.65" angle="-90.00" type="DEFAULT_VEHTYPE" speed="13.36" pos="84.06" lane="3/2to2/2_0" slope="0.00"/>
        <vehicle id="49" x="53.30" y="398.35" angle="90.00" type="DEFAULT_VEHTYPE" speed="13.07" pos="53.30" lane="0/2to1/2_0" slope="0.00"/>
        <vehicle id="5" x="201.65" y="205.99" angle="-155.88" type="DEFAULT_VEHTYPE" speed="6.47" pos="1.24" lane="1/1to1/2_0" slope="0.00"/>
        <vehicle id="6" x="214.95" y="201.65" angle="-90.00" type="DEFAULT_VEHTYPE" speed="3.62" pos="180.30" lane="2/1to1/1_0" slope="0.00"/>
        <vehicle id="7" x="385.40" y="598.35" angle="90.00" type="DEFAULT_VEHTYPE" speed="7.40" pos="180.65" lane="1/3to2/3_0" slope="0.00"/>
        <vehicle id="8" x="693.24" y="201.65" angle="-90.00" type="DEFAULT_VEHTYPE" speed="12.68" pos="106.76" lane="4/1to3/1_0" slope="0.00"/>
        <vehicle id="9" x="398.35" y="79.06" angle="0.00" type="DEFAULT_VEHTYPE" speed="13.79" pos="116.19" lane="2/1to2/0_0" slope="0.00"/>
    </timestep>
    <timestep time="72.00">
        <vehicle id="0" x="506.39" y="198.35" angle="90.00" type="DEFAULT_VEHTYPE" speed="12.73" pos="101.64" lane="2/1to3/1_0" slope="0.00"/>
        <vehicle id="10" x="601.65" y="341.49" angle="180.00" type="DEFAULT_VEHTYPE" speed="13.74" pos="136.74" lane="3/1to3/2_0" slope="0.00"/>
        <vehicle id="11" x="306.16" y="401.65" angle="-90.00" type="DEFAULT_VEHTYPE" speed="13.57" pos="89.09" lane="2/2to1/2_0" slope="0.00"/>
        <vehicle id="13" x="198.35" y="292.35" angle="0.00" type="DEFAULT_VEHTYPE" speed="12.90" pos="102.90" lane="1/2to1/1_0" slope="0.00"/>
        <vehicle id="14" x="487.74" y="398.35" angle="90.00" type="DEFAULT_VEHTYPE" speed="12.94" pos="82.99" lane="2/2to3/2_0" slope="0.00"/>
        <vehicle id="15" x="398.35" y="131.27" angle="0.00" type="DEFAULT_VEHTYPE" speed="12.82" pos="63.98" lane="2/1to2/0_0" slope="0.00"/>
        <vehicle id="16" x="347.34" y="401.65" angle="-90.00" type="DEFAULT_VEHTYPE" speed="13.75" pos="47.91" lane="2/2to1/2_0" slope="0.00"/>
        <vehicle id="17" x="398.35" y="588.86" angle="0.00" type="DEFAULT_VEHTYPE" speed="7.95" pos="6.39" lane="2/3to2/2_0" slope="0.00"/>
        <vehicle id="18" x="407.20" y="198.35" angle="90.00" type="DEFAULT_VEHTYPE" speed="10.72" pos="2.45" lane="2/1to3/1_0" slope="0.00"/>
        <vehicle id="19" x="198.35" y="430.99" angle="0.00" type="DEFAULT_VEHTYPE" speed="13.60" pos="164.26" lane="1/3to1/2_0" slope="0.00"/>
        <vehicle id="2" x="523.59" y="401.65" angle="-90.00" type="DEFAULT_VEHTYPE" speed="12.91" pos="71.66" lane="3/2to2/2_0" slope="0.00"/>
        <vehicle id="21" x="567.53" y="598.35" angle="90.00" type="DEFAULT_VEHTYPE" speed="13.16" pos="162.78" lane="2/3to3/3_0" slope="0.00"/>
        <vehicle id="22" x="434.15" y="598.35" angle="90.00" type="DEFAULT_VEHTYPE" speed="12.76" pos="29.40" lane="2/3to3/3_0" slope="0.00"/>
        <vehicle id="23" x="600.93" y="396.33" angle="-171.41" type="DEFAULT_VEHTYPE" speed="7.43" pos="1.30" lane=":3/2_11_0" slope="0.00"/>
        <vehicle id="24" x="201.65" y="546.61" angle="180.00" type="DEFAULT_VEHTYPE" speed="13.87" pos="141.86" lane="1/2to1/3_0" slope="0.00"/>
        <vehicle id="25" x="413.19" y="601.65" angle="-90.00" type="DEFAULT_VEHTYPE" speed="6.30" pos="182.06" lane="3/3to2/3_0" slope="0.00"/>
        <vehicle id="27" x="198.35" y="537.73" angle="0.00" type="DEFAULT_VEHTYPE" speed="13.23" pos="57.52" lane="1/3to1/2_0" slope="0.00"/>
        <vehicle id="28" x="263.57" y="198.35" angle="90.00" type="DEFAULT_VEHTYPE" speed="12.82" pos="58.82" lane="1/1to2/1_0" slope="0.00"/>
        <vehicle id="29" x="578.43" y="401.65" angle="-90.00" type="DEFAULT_VEHTYPE" speed="9.43" pos="16.82" lane="3/2to2/2_0" slope="0.00"/>
        <vehicle id="3" x="440.08" y="198.35" angle="90.00" type="DEFAULT_VEHTYPE" speed="13.46" pos="35.33" lane="2/1to3/1_0" slope="0.00"/>
        <vehicle id="30" x="601.65" y="476.29" angle="180.00" type="DEFAULT_VEHTYPE" speed="13.59" pos="71.54" lane="3/2to3/3_0" slope="0.00"/>
        <vehicle id="31" x="198.35" y="588.83" angle="0.00" type="DEFAULT_VEHTYPE" speed="7.55" pos="6.42" lane="1/3to1/2_0" slope="0.00"/>
        <vehicle id="32" x="401.65" y="660.34" angle="180.00" type="DEFAULT_VEHTYPE" speed="13.06" pos="55.59" lane="2/3to2/4_0" slope="0.00"/>
        <vehicle id="33" x="399.38" y="401.65" angle="-90.00" type="DEFAULT_VEHTYPE" speed="5.61" pos="5.37" lane=":2/2_5_0" slope="0.00"/>
        <vehicle id="34" x="228.86" y="198.35" angle="90.00" type="DEFAULT_VEHTYPE" speed="12.96" pos="24.11" lane="1/1to2/1_0" slope="0.00"/>
        <vehicle id="35" x="226.01" y="398.35" angle="90.00" type="DEFAULT_VEHTYPE" speed="12.65" pos="21.26" lane="1/2to2/2_0" slope="0.00"/>
        <vehicle id="36" x="223.14" y="598.35" angle="90.00" type="DEFAULT_VEHTYPE" speed="9.17" pos="18.39" lane="1/3to2/3_0" slope="0.00"/>
        <vehicle id="37" x="191.71" y="198.35" angle="90.00" type="DEFAULT_VEHTYPE" speed="0.90" pos="191.71" lane="0/1to1/1_0" slope="0.00"/>
        <vehicle id="39" x="444.39" y="401.65" angle="-90.00" type="DEFAULT_VEHTYPE" speed="13.40" pos="150.86" lane="3/2to2/2_0" slope="0.00"/>
        <vehicle id="4" x="437.87" y="398.35" angle="90.00" type="DEFAULT_VEHTYPE" speed="12.86" pos="33.12" lane="2/2to3/2_0" slope="0.00"/>
        <vehicle id="40" x="398.35" y="269.68" angle="0.00" type="DEFAULT_VEHTYPE" speed="13.53" pos="125.57" lane="2/2to2/1_0" slope="0.00"/>
        <vehicle id="41" x="601.65" y="302.95" angle="180.00" type="DEFAULT_VEHTYPE" speed="13.51" pos="98.20" lane="3/1to3/2_0" slope="0.00"/>
        <vehicle id="42" x="297.45" y="598.35" angle="90.00" type="DEFAULT_VEHTYPE" speed="13.69" pos="92.70" lane="1/3to2/3_0" slope="0.00"/>
        <vehicle id="43" x="236.88" y="201.65" angle="-90.00" type="DEFAULT_VEHTYPE" speed="10.70" pos="158.37" lane="2/1to1/1_0" slope="0.00"/>
        <vehicle id="44" x="302.87" y="198.35" angle="90.00" type="DEFAULT_VEHTYPE" speed="13.62" pos="98.12" lane="1/1to2/1_0" slope="0.00"/>
        <vehicle id="45" x="516.56" y="201.65" angle="-90.00" type="DEFAULT_VEHTYPE" speed="13.17" pos="78.69" lane="3/1to2/1_0" slope="0.00"/>
        <vehicle id="46" x="689.52" y="601.65" angle="-90.00" type="DEFAULT_VEHTYPE" speed="13.70" pos="110.48" lane="4/3to3/3_0" slope="0.00"/>
        <vehicle id="47" x="401.65" y="96.49" angle="180.00" type="DEFAULT_VEHTYPE" speed="12.95" pos="96.49" lane="2/0to2/1_0" slope="0.00"/>
        <vehicle id="48" x="498.48" y="401.65" angle="-90.00" type="DEFAULT_VEHTYPE" speed="12.70" pos="96.77" lane="3/2to2/2_0" slope="0.00"/>
        <vehicle id="49" x="66.96" y="398.35" angle="90.00" type="DEFAULT_VEHTYPE" speed="13.66" pos="66.96" lane="0/2to1/2_0" slope="0.00"/>
        <vehicle id="5" x="201.65" y="214.93" angle="180.00" type="DEFAULT_VEHTYPE" speed="8.94" pos="10.18" lane="1/1to1/2_0" slope="0.00"/>
        <vehicle id="6" x="210.09" y="201.65" angle="-90.00" type="DEFAULT_VEHTYPE" speed="4.86" pos="185.16" lane="2/1to1/1_0" slope="0.00"/>
        <vehicle id="7" x="388.98" y="598.35" angle="90.00" type="DEFAULT_VEHTYPE" speed="3.58" pos="184.23" lane="1/3to2/3_0" slope="0.00"/>
        <vehicle id="8" x="679.78" y="201.65" angle="-90.00" type="DEFAULT_VEHTYPE" speed="13.45" pos="120.22" lane="4/1to3/1_0" slope="0.00"/>
        <vehicle id="9" x="398.35" y="65.22" angle="0.00" type="DEFAULT_VEHTYPE" speed="13.84" pos="130.03" lane="2/1to2/0_0" slope="0.00"/>
    </timestep>
    <timestep time="73.00">
        <vehicle id="0" x="519.53" y="198.35" angle="90.00" type="DEFAULT_VEHTYPE" speed="13.13" pos="114.78" lane="2/1to3/1_0" slope="0.00"/>
        <vehicle id="10" x="601.65" y="355.19" angle="180.00" type="DEFAULT_VEHTYPE" speed="13.71" pos="150.44" lane="3/1to3/2_0" slope="0.00"/>
        <vehicle id="11" x="293.54" y="401.65" angle="-90.00" type="DEFAULT_VEHTYPE" speed="12.63" pos="101.71" lane="2/2to1/2_0" slope="0.00"/>
        <vehicle id="13" x="198.35" y="278.49" angle="0.00" type="DEFAULT_VEHTYPE" speed="13.85" pos="116.76" lane="1/2to1/1_0" slope="0.00"/>
        <vehicle id="14" x="500.40" y="398.35" angle="90.00" type="DEFAULT_VEHTYPE" speed="12.66" pos="95.65" lane="2/2to3/2_0" slope="0.00"/>
        <vehicle id="15" x="398.35" y="117.57" angle="0.00" type="DEFAULT_VEHTYPE" speed="13.70" pos="77.68" lane="2/1to2/0_0" slope="0.00"/>
        <vehicle id="16" x="333.54" y="401.65" angle="-90.00" type="DEFAULT_VEHTYPE" speed="13.80" pos="61.71" lane="2/2to1/2_0" slope="0.00"/>
        <vehicle id="17" x="398.35" y="578.98" angle="0.00" type="DEFAULT_VEHTYPE" speed="9.88" pos="16.27" lane="2/3to2/2_0" slope="0.00"/>
        <vehicle id="18" x="420.26" y="198.35" angle="90.00" type="DEFAULT_VEHTYPE" speed="13.06" pos="15.51" lane="2/1to3/1_0" slope="0.00"/>
        <vehicle id="19" x="198.35" y="417.59" angle="0.00" type="DEFAULT_VEHTYPE" speed="13.40" pos="177.66" lane="1/3to1/2_0" slope="0.00"/>
        <vehicle id="2" x="510.14" y="401.65" angle="-90.00" type="DEFAULT_VEHTYPE" speed="13.45" pos="85.11" lane="3/2to2/2_0" slope="0.00"/>
        <vehicle id="21" x="577.57" y="598.35" angle="90.00" type="DEFAULT_VEHTYPE" speed="10.05" pos="172.82" lane="2/3to3/3_0" slope="0.00"/>
        <vehicle id="22" x="447.67" y="598.35" angle="90.00" type="DEFAULT_VEHTYPE" speed="13.51" pos="42.92" lane="2/3to3/3_0" slope="0.00"/>
        <vehicle id="23" x="598.35" y="389.30" angle="0.00" type="DEFAULT_VEHTYPE" speed="9.48" pos="5.95" lane="3/2to3/1_0" slope="0.00"/>
        <vehicle id="24" x="201.65" y="559.34" angle="180.00" type="DEFAULT_VEHTYPE" speed="12.72" pos="154.59" lane="1/2to1/3_0" slope="0.00"/>
        <vehicle id="25" x="409.14" y="601.65" angle="-90.00" type="DEFAULT_VEHTYPE" speed="4.06" pos="186.11" lane="3/3to2/3_0" slope="0.00"/>
        <vehicle id="27" x="198.35" y="524.77" angle="0.00" type="DEFAULT_VEHTYPE" speed="12.96" pos="70.48" lane="1/3to1/2_0" slope="0.00"/>
        <vehicle id="28" x="277.17" y="198.35" angle="90.00" type="DEFAULT_VEHTYPE" speed="13.60" pos="72.42" lane="1/1to2/1_0" slope="0.00"/>
        <vehicle id="29" x="567.63" y="401.65" angle="-90.00" type="DEFAULT_VEHTYPE" speed="10.80" pos="27.62" lane="3/2to2/2_0" slope="0.00"/>
        <vehicle id="3" x="453.67" y="198.35" angle="90.00" type="DEFAULT_VEHTYPE" speed="13.59" pos="48.92" lane="2/1to3/1_0" slope="0.00"/>
        <vehicle id="30" x="601.65" y="489.00" angle="180.00" type="DEFAULT_VEHTYPE" speed="12.72" pos="84.25" lane="3/2to3/3_0" slope="0.00"/>
        <vehicle id="31" x="198.35" y="579.38" angle="0.00" type="DEFAULT_VEHTYPE" speed="9.44" pos="15.87" lane="1/3to1/2_0" slope="0.00"/>
        <vehicle id="32" x="401.65" y="673.71" angle="180.00" type="DEFAULT_VEHTYPE" speed="13.37" pos="68.96" lane="2/3to2/4_0" slope="0.00"/>
        <vehicle id="33" x="391.28" y="401.65" angle="-90.00" type="DEFAULT_VEHTYPE" speed="8.10" pos="3.97" lane="2/2to1/2_0" slope="0.00"/>
        <vehicle id="34" x="242.18" y="198.35" angle="90.00" type="DEFAULT_VEHTYPE" speed="13.32" pos="37.43" lane="1/1to2/1_0" slope="0.00"/>
        <vehicle id="35" x="239.51" y="398.35" angle="90.00" type="DEFAULT_VEHTYPE" speed="13.50" pos="34.76" lane="1/2to2/2_0" slope="0.00"/>
        <vehicle id="36" x="234.55" y="598.35" angle="90.00" type="DEFAULT_VEHTYPE" speed="11.41" pos="29.80" lane="1/3to2/3_0" slope="0.00"/>
        <vehicle id="37" x="192.37" y="198.35" angle="90.00" type="DEFAULT_VEHTYPE" speed="0.66" pos="192.37" lane="0/1to1/1_0" slope="0.00"/>
        <vehicle id="39" x="431.65" y="401.65" angle="-90.00" type="DEFAULT_VEHTYPE" speed="12.74" pos="163.60" lane="3/2to2/2_0" slope="0.00"/>
        <vehicle id="4" x="450.52" y="398.35" angle="90.00" type="DEFAULT_VEHTYPE" speed="12.65" pos="45.77" lane="2/2to3/2_0" slope="0.00"/>
        <vehicle id="40" x="398.35" y="256.99" angle="0.00" type="DEFAULT_VEHTYPE" speed="12.70" pos="138.26" lane="2/2to2/1_0" slope="0.00"/>
        <vehicle id="41" x="601.65" y="315.79" angle="180.00" type="DEFAULT_VEHTYPE" speed="12.84" pos="111.04" lane="3/1to3/2_0" slope="0.00"/>
        <vehicle id="42" x="311.01" y="598.35" angle="90.00" type="DEFAULT_VEHTYPE" speed="13.56" pos="106.26" lane="1/3to2/3_0" slope="0.00"/>
        <vehicle id="43" x="226.33" y="201.65" angle="-90.00" type="DEFAULT_VEHTYPE" speed="10.55" pos="168.92" lane="2/1to1/1_0" slope="0.00"/>
        <vehicle id="44" x="315.53" y="198.35" angle="90.00" type="DEFAULT_VEHTYPE" speed="12.66" pos="110.78" lane="1/1to2/1_0" slope="0.00"/>
        <vehicle id="45" x="503.27" y="201.65" angle="-90.00" type="DEFAULT_VEHTYPE" speed="13.29" pos="91.98" lane="3/1to2/1_0" slope="0.00"/>
        <vehicle id="46" x="676.22" y="601.65" angle="-90.00" type="DEFAULT_VEHTYPE" speed="13.30" pos="123.78" lane="4/3to3/3_0" slope="0.00"/>
        <vehicle id="47" x="401.65" y="109.80" angle="180.00" type="DEFAULT_VEHTYPE" speed="13.31" pos="109.80" lane="2/0to2/1_0" slope="0.00"/>
        <vehicle id="48" x="484.64" y="401.65" angle="-90.00" type="DEFAULT_VEHTYPE" speed="13.84" pos="110.61" lane="3/2to2/2_0" slope="0.00"/>
        <vehicle id="49" x="80.69" y="398.35" angle="90.00" type="DEFAULT_VEHTYPE" speed="13.73" pos="80.69" lane="0/2to1/2_0" slope="0.00"/>
        <vehicle id="5" x="201.65" y="226.07" angle="180.00" type="DEFAULT_VEHTYPE" speed="11.14" pos="21.32" lane="1/1to1/2_0" slope="0.00"/>
        <vehicle id="6" x="203.68" y="201.80" angle="-91.71" type="DEFAULT_VEHTYPE" speed="6.42" pos="1.08" lane=":1/1_4_0" slope="0.00"/>
        <vehicle id="7" x="391.42" y="598.35" angle="90.00" type="DEFAULT_VEHTYPE" speed="2.44" pos="186.67" lane="1/3to2/3_0" slope="0.00"/>
        <vehicle id="8" x="666.88" y="201.65" angle="-90.00" type="DEFAULT_VEHTYPE" speed="12.91" pos="133.12" lane="4/1to3/1_0" slope="0.00"/>
        <vehicle id="9" x="398.35" y="52.46" angle="0.00" type="DEFAULT_VEHTYPE" speed="12.76" pos="142.79" lane="2/1to2/0_0" slope="0.00"/>
    </timestep>
    <timestep time="74.00">
        <vehicle id="0" x="532.14" y="198.35" angle="90.00" type="DEFAULT_VEHTYPE" speed="12.61" pos="127.39" lane="2/1to3/1_0" slope="0.00"/>
        <vehicle id="10" x="601.65" y="368.88" angle="180.00" type="DEFAULT_VEHTYPE" speed="13.69" pos="164.13" lane="3/1to3/2_0" slope="0.00"/>
        <vehicle id="11" x="280.81" y="401.65" angle="-90.00" type="DEFAULT_VEHTYPE" speed="12.73" pos="114.44" lane="2/2to1/2_0" slope="0.00"/>
        <vehicle id="13" x="198.35" y="265.21" angle="0.00" type="DEFAULT_VEHTYPE" speed="13.28" pos="130.04" lane="1/2to1/1_0" slope="0.00"/>
        <vehicle id="14" x="513.87" y="398.35" angle="90.00" type="DEFAULT_VEHTYPE" speed="13.47" pos="109.12" lane="2/2to3/2_0" slope="0.00"/>
        <vehicle id="15" x="398.35" y="104.78" angle="0.00" type="DEFAULT_VEHTYPE" speed="12.80" pos="90.47" lane="2/1to2/0_0" slope="0.00"/>
        <vehicle id="16" x="319.71" y="401.65" angle="-90.00" type="DEFAULT_VEHTYPE" speed="13.83" pos="75.54" lane="2/2to1/2_0" slope="0.00"/>
        <vehicle id="17" x="398.35" y="566.97" angle="0.00" type="DEFAULT_VEHTYPE" speed="12.01" pos="28.28" lane="2/3to2/2_0" slope="0.00"/>
        <vehicle id="18" x="434.12" y="198.35" angle="90.00" type="DEFAULT_VEHTYPE" speed="13.86" pos="29.37" lane="2/1to3/1_0" slope="0.00"/>
        <vehicle id="19" x="198.35" y="404.56" angle="0.00" type="DEFAULT_VEHTYPE" speed="13.03" pos="0.19" lane=":1/2_1_0" slope="0.00"/>
        <vehicle id="2" x="497.09" y="401.65" angle="-90.00" type="DEFAULT_VEHTYPE" speed="13.05" pos="98.16" lane="3/2to2/2_0" slope="0.00"/>
        <vehicle id="21" x="585.12" y="598.35" angle="90.00" type="DEFAULT_VEHTYPE" speed="7.55" pos="180.37" lane="2/3to3/3_0" slope="0.00"/>
        <vehicle id="22" x="461.19" y="598.35" angle="90.00" type="DEFAULT_VEHTYPE" speed="13.52" pos="56.44" lane="2/3to3/3_0" slope="0.00"/>
        <vehicle id="23" x="598.35" y="378.35" angle="0.00" type="DEFAULT_VEHTYPE" speed="10.94" pos="16.90" lane="3/2to3/1_0" slope="0.00"/>
        <vehicle id="24" x="201.65" y="572.70" angle="180.00" type="DEFAULT_VEHTYPE" speed="13.37" pos="167.95" lane="1/2to1/3_0" slope="0.00"/>
        <vehicle id="25" x="403.30" y="601.65" angle="-90.00" type="DEFAULT_VEHTYPE" speed="5.84" pos="1.45" lane=":2/3_5_0" slope="0.00"/>
        <vehicle id="27" x="198.35" y="511.07" angle="0.00" type="DEFAULT_VEHTYPE" speed="13.70" pos="84.18" lane="1/3to1/2_0" slope="0.00"/>
        <vehicle id="28" x="290.87" y="198.35" angle="90.00" type="DEFAULT_VEHTYPE" speed="13.70" pos="86.12" lane="1/1to2/1_0" slope="0.00"/>
        <vehicle id="29" x="554.50" y="401.65" angle="-90.00" type="DEFAULT_VEHTYPE" speed="13.13" pos="40.75" lane="3/2to2/2_0" slope="0.00"/>
        <vehicle id="3" x="466.95" y="198.35" angle="90.00" type="DEFAULT_VEHTYPE" speed="13.28" pos="62.20" lane="2/1to3/1_0" slope="0.00"/>
        <vehicle id="30" x="601.65" y="502.61" angle="180.00" type="DEFAULT_VEHTYPE" speed="13.61" pos="97.86" lane="3/2to3/3_0" slope="0.00"/>
        <vehicle id="31" x="198.35" y="568.55" angle="0.00" type="DEFAULT_VEHTYPE" speed="10.83" pos="26.70" lane="1/3to1/2_0" slope="0.00"/>
        <vehicle id="32" x="401.65" y="687.14" angle="180.00" type="DEFAULT_VEHTYPE" speed="13.44" pos="82.39" lane="2/3to2/4_0" slope="0.00"/>
        <vehicle id="33" x="381.67" y="401.65" angle="-90.00" type="DEFAULT_VEHTYPE" speed="9.61" pos="13.58" lane="2/2to1/2_0" slope="0.00"/>
        <vehicle id="34" x="255.21" y="198.35" angle="90.00" type="DEFAULT_VEHTYPE" speed="13.03" pos="50.46" lane="1/1to2/1_0" slope="0.00"/>
        <vehicle id="35" x="253.38" y="398.35" angle="90.00" type="DEFAULT_VEHTYPE" speed="13.87" pos="48.63" lane="1/2to2/2_0" slope="0.00"/>
        <vehicle id="36" x="248.02" y="598.35" angle="90.00" type="DEFAULT_VEHTYPE" speed="13.47" pos="43.27" lane="1/3to2/3_0" slope="0.00"/>
        <vehicle id="37" x="192.73" y="198.35" angle="90.00" type="DEFAULT_VEHTYPE" speed="0.36" pos="192.73" lane="0/1to1/1_0" slope="0.00"/>
        <vehicle id="39" x="421.09" y="401.65" angle="-90.00" type="DEFAULT_VEHTYPE" speed="10.56" pos="174.16" lane="3/2to2/2_0" slope="0.00"/>
        <vehicle id="4" x="464.20" y="398.35" angle="90.00" type="DEFAULT_VEHTYPE" speed="13.69" pos="59.45" lane="2/2to3/2_0" slope="0.00"/>
        <vehicle id="40" x="398.35" y="243.51" angle="0.00" type="DEFAULT_VEHTYPE" speed="13.47" pos="151.74" lane="2/2to2/1_0" slope="0.00"/>
        <vehicle id="41" x="601.65" y="329.32" angle="180.00" type="DEFAULT_VEHTYPE" speed="13.53" pos="124.57" lane="3/1to3/2_0" slope="0.00"/>
        <vehicle id="42" x="323.72" y="598.35" angle="90.00" type="DEFAULT_VEHTYPE" speed="12.71" pos="118.97" lane="1/3to2/3_0" slope="0.00"/>
        <vehicle id="43" x="218.20" y="201.65" angle="-90.00" type="DEFAULT_VEHTYPE" speed="8.12" pos="177.05" lane="2/1to1/1_0" slope="0.00"/>
        <vehicle id="44" x="328.15" y="198.35" angle="90.00" type="DEFAULT_VEHTYPE" speed="12.62" pos="123.40" lane="1/1to2/1_0" slope="0.00"/>
        <vehicle id="45" x="489.54" y="201.65" angle="-90.00" type="DEFAULT_VEHTYPE" speed="13.73" pos="105.71" lane="3/1to2/1_0" slope="0.00"/>
        <vehicle id="46" x="663.21" y="601.65" angle="-90.00" type="DEFAULT_VEHTYPE" speed="13.01" pos="136.79" lane="4/3to3/3_0" slope="0.00"/>
        <vehicle id="47" x="401.65" y="123.45" angle="180.00" type="DEFAULT_VEHTYPE" speed="13.64" pos="123.45" lane="2/0to2/1_0" slope="0.00"/>
        <vehicle id="48" x="471.66" y="401.65" angle="-90.00" type="DEFAULT_VEHTYPE" speed="12.98" pos="123.59" lane="3/2to2/2_0" slope="0.00"/>
        <vehicle id="49" x="93.45" y="398.35" angle="90.00" type="DEFAULT_VEHTYPE" speed="12.77" pos="93.45" lane="0/2to1/2_0" slope="0.00"/>
        <vehicle id="5" x="201.65" y="239.13" angle="180.00" type="DEFAULT_VEHTYPE" speed="13.06" pos="34.38" lane="1/1to1/2_0" slope="0.00"/>
        <vehicle id="6" x="201.65" y="208.90" angle="-178.64" type="DEFAULT_VEHTYPE" speed="8.07" pos="4.15" lane="1/1to1/2_0" slope="0.00"/>
        <vehicle id="7" x="392.27" y="598.35" angle="90.00" type="DEFAULT_VEHTYPE" speed="0.84" pos="187.52" lane="1/3to2/3_0" slope="0.00"/>
        <vehicle id="8" x="653.36" y="201.65" angle="-90.00" type="DEFAULT_VEHTYPE" speed="13.51" pos="146.64" lane="4/1to3/1_0" slope="0.00"/>
        <vehicle id="9" x="398.35" y="39.71" angle="0.00" type="DEFAULT_VEHTYPE" speed="12.75" pos="155.54" lane="2/1to2/0_0" slope="0.00"/>
    </timestep>
    <timestep time="75.00">
        <vehicle id="0" x="545.85" y="198.35" angle="90.00" type="DEFAULT_VEHTYPE" speed="13.71" pos="141.10" lane="2/1to3/1_0" slope="0.00"/>
        <vehicle id="10" x="601.65" y="379.34" angle="180.00" type="DEFAULT_VEHTYPE" speed="10.47" pos="174.59" lane="3/1to3/2_0" slope="0.00"/>
        <vehicle id="11" x="267.30" y="401.65" angle="-90.00" type="DEFAULT_VEHTYPE" speed="13.51" pos="127.95" lane="2/2to1/2_0" slope="0.00"/>
        <vehicle id="13" x="198.35" y="252.20" angle="0.00" type="DEFAULT_VEHTYPE" speed="13.01" pos="143.05" lane="1/2to1/1_0" slope="0.00"/>
        <vehicle id="14" x="527.46" y="398.35" angle="90.00" type="DEFAULT_VEHTYPE" speed="13.59" pos="122.71" lane="2/2to3/2_0" slope="0.00"/>
        <vehicle id="15" x="398.35" y="90.89" angle="0.00" type="DEFAULT_VEHTYPE" speed="13.89" pos="104.36" lane="2/1to2/0_0" slope="0.00"/>
        <vehicle id="16" x="306.62" y="401.65" angle="-90.00" type="DEFAULT_VEHTYPE" speed="13.09" pos="88.63" lane="2/2to1/2_0" slope="0.00"/>
        <vehicle id="17" x="398.35" y="554.24" angle="0.00" type="DEFAULT_VEHTYPE" speed="12.73" pos="41.01" lane="2/3to2/2_0" slope="0.00"/>
        <vehicle id="18" x="447.31" y="198.35" angle="90.00" type="DEFAULT_VEHTYPE" speed="13.20" pos="42.56" lane="2/1to3/1_0" slope="0.00"/>
        <vehicle id="19" x="198.35" y="391.14" angle="0.00" type="DEFAULT_VEHTYPE" speed="13.42" pos="4.11" lane="1/2to1/1_0" slope="0.00"/>
        <vehicle id="2" x="483.97" y="401.65" angle="-90.00" type="DEFAULT_VEHTYPE" speed="13.12" pos="111.28" lane="3/2to2/2_0" slope="0.00"/>
        <vehicle id="21" x="589.96" y="598.35" angle="90.00" type="DEFAULT_VEHTYPE" speed="4.85" pos="185.21" lane="2/3to3/3_0" slope="0.00"/>
        <vehicle id="22" x="474.45" y="598.35" angle="90.00" type="DEFAULT_VEHTYPE" speed="13.27" pos="69.70" lane="2/3to3/3_0" slope="0.00"/>
        <vehicle id="23" x="598.35" y="365.74" angle="0.00" type="DEFAULT_VEHTYPE" speed="12.61" pos="29.51" lane="3/2to3/1_0" slope="0.00"/>
        <vehicle id="24" x="201.65" y="585.40" angle="180.00" type="DEFAULT_VEHTYPE" speed="12.69" pos="180.65" lane="1/2to1/3_0" slope="0.00"/>
        <vehicle id="25" x="395.03" y="601.65" angle="-90.00" type="DEFAULT_VEHTYPE" speed="8.27" pos="0.22" lane="2/3to1/3_0" slope="0.00"/>
        <vehicle id="27" x="198.35" y="497.70" angle="0.00" type="DEFAULT_VEHTYPE" speed="13.38" pos="97.55" lane="1/3to1/2_0" slope="0.00"/>
        <vehicle id="28" x="303.76" y="198.35" angle="90.00" type="DEFAULT_VEHTYPE" speed="12.89" pos="99.01" lane="1/1to2/1_0" slope="0.00"/>
        <vehicle id="29" x="541.40" y="401.65" angle="-90.00" type="DEFAULT_VEHTYPE" speed="13.10" pos="53.85" lane="3/2to2/2_0" slope="0.00"/>
        <vehicle id="3" x="479.60" y="198.35" angle="90.00" type="DEFAULT_VEHTYPE" speed="12.65" pos="74.85" lane="2/1to3/1_0" slope="0.00"/>
        <vehicle id="30" x="601.65" y="516.09" angle="180.00" type="DEFAULT_VEHTYPE" speed="13.48" pos="111.34" lane="3/2to3/3_0" slope="0.00"/>
        <vehicle id="31" x="198.35" y="556.21" angle="0.00" type="DEFAULT_VEHTYPE" speed="12.34" pos="39.04" lane="1/3to1/2_0" slope="0.00"/>
        <vehicle id="32" x="401.65" y="699.85" angle="180.00" type="DEFAULT_VEHTYPE" speed="12.71" pos="95.10" lane="2/3to2/4_0" slope="0.00"/>
        <vehicle id="33" x="370.00" y="401.65" angle="-90.00" type="DEFAULT_VEHTYPE" speed="11.67" pos="25.25" lane="2/2to1/2_0" slope="0.00"/>
        <vehicle id="34" x="268.16" y="198.35" angle="90.00" type="DEFAULT_VEHTYPE" speed="12.95" pos="63.41" lane="1/1to2/1_0" slope="0.00"/>
        <vehicle id="35" x="266.55" y="398.35" angle="90.00" type="DEFAULT_VEHTYPE" speed="13.17" pos="61.80" lane="1/2to2/2_0" slope="0.00"/>
        <vehicle id="36" x="261.39" y="598.35" angle="90.00" type="DEFAULT_VEHTYPE" speed="13.37" pos="56.64" lane="1/3to2/3_0" slope="0.00"/>
        <vehicle id="37" x="192.74" y="198.35" angle="90.00" type="DEFAULT_VEHTYPE" speed="0.01" pos="192.74" lane="0/1to1/1_0" slope="0.00"/>
        <vehicle id="39" x="414.33" y="401.65" angle="-90.00" type="DEFAULT_VEHTYPE" speed="6.76" pos="180.92" lane="3/2to2/2_0" slope="0.00"/>
        <vehicle id="4" x="477.72" y="398.35" angle="90.00" type="DEFAULT_VEHTYPE" speed="13.51" pos="72.97" lane="2/2to3/2_0" slope="0.00"/>
        <vehicle id="40" x="398.35" y="229.71" angle="0.00" type="DEFAULT_VEHTYPE" speed="13.81" pos="165.54" lane="2/2to2/1_0" slope="0.00"/>
        <vehicle id="41" x="601.65" y="342.01" angle="180.00" type="DEFAULT_VEHTYPE" speed="12.70" pos="137.26" lane="3/1to3/2_0" slope="0.00"/>
        <vehicle id="42" x="337.25" y="598.35" angle="90.00" type="DEFAULT_VEHTYPE" speed="13.53" pos="132.50" lane="1/3to2/3_0" slope="0.00"/>
        <vehicle id="43" x="212.89" y="201.65" angle="-90.00" type="DEFAULT_VEHTYPE" speed="5.31" pos="182.36" lane="2/1to1/1_0" slope="0.00"/>
        <vehicle id="44" x="341.46" y="198.35" angle="90.00" type="DEFAULT_VEHTYPE" speed="13.31" pos="136.71" lane="1/1to2/1_0" slope="0.00"/>
        <vehicle id="45" x="476.75" y="201.65" angle="-90.00" type="DEFAULT_VEHTYPE" speed="12.79" pos="118.50" lane="3/1to2/1_0" slope="0.00"/>
        <vehicle id="46" x="649.66" y="601.65" angle="-90.00" type="DEFAULT_VEHTYPE" speed="13.55" pos="150.34" lane="4/3to3/3_0" slope="0.00"/>
        <vehicle id="47" x="401.65" y="136.48" angle="180.00" type="DEFAULT_VEHTYPE" speed="13.03" pos="136.48" lane="2/0to2/1_0" slope="0.00"/>
        <vehicle id="48" x="459.04" y="401.65" angle="-90.00" type="DEFAULT_VEHTYPE" speed="12.62" pos="136.21" lane="3/2to2/2_0" slope="0.00"/>
        <vehicle id="49" x="106.21" y="398.35" angle="90.00" type="DEFAULT_VEHTYPE" speed="12.76" pos="106.21" lane="0/2to1/2_0" slope="0.00"/>
        <vehicle id="5" x="201.65" y="252.52" angle="180.00" type="DEFAULT_VEHTYPE" speed="13.39" pos="47.77" lane="1/1to1/2_0" slope="0.00"/>
        <vehicle id="6" x="201.65" y="218.60" angle="180.00" type="DEFAULT_VEHTYPE" speed="9.71" pos="13.85" lane="1/1to1/2_0" slope="0.00"/>
        <vehicle id="7" x="392.51" y="598.35" angle="90.00" type="DEFAULT_VEHTYPE" speed="0.24" pos="187.76" lane="1/3to2/3_0" slope="0.00"/>
        <vehicle id="8" x="640.40" y="201.65" angle="-90.00" type="DEFAULT_VEHTYPE" speed="12.96" pos="159.60" lane="4/1to3/1_0" slope="0.00"/>
        <vehicle id="9" x="398.35" y="26.12" angle="0.00" type="DEFAULT_VEHTYPE" speed="13.59" pos="169.13" lane="2/1to2/0_0" slope="0.00"/>
    </timestep>
    <timestep time="76.00">
        <vehicle id="0" x="559.53" y="198.35" angle="90.00" type="DEFAULT_VEHTYPE" speed="13.68" pos="154.78" lane="2/1to3/1_0" slope="0.00"/>
        <vehicle id="10" x="601.65" y="386.00" angle="180.00" type="DEFAULT_VEHTYPE" speed="6.66" pos="181.25" lane="3/1to3/2_0" slope="0.00"/>
        <vehicle id="11" x="254.10" y="401.65" angle="-90.00" type="DEFAULT_VEHTYPE" speed="13.20" pos="141.15" lane="2/2to1/2_0" slope="0.00"/>
        <vehicle id="13" x="198.35" y="238.87" angle="0.00" type="DEFAULT_VEHTYPE" speed="13.32" pos="156.38" lane="1/2to1/1_0" slope="0.00"/>
        <vehicle id="14" x="540.87" y="398.35" angle="90.00" type="DEFAULT_VEHTYPE" speed="13.41" pos="136.12" lane="2/2to3/2_0" slope="0.00"/>
        <vehicle id="15" x="398.35" y="77.81" angle="0.00" type="DEFAULT_VEHTYPE" speed="13.07" pos="117.44" lane="2/1to2/0_0" slope="0.00"/>
        <vehicle id="16" x="293.72" y="401.65" angle="-90.00" type="DEFAULT_VEHTYPE" speed="12.90" pos="101.53" lane="2/2to1/2_0" slope="0.00"/>
        <vehicle id="17" x="398.35" y="541.45" angle="0.00" type="DEFAULT_VEHTYPE" speed="12.79" pos="53.80" lane="2/3to2/2_0" slope="0.00"/>
        <vehicle id="18" x="460.86" y="198.35" angle="90.00" type="DEFAULT_VEHTYPE" speed="13.54" pos="56.11" lane="2/1to3/1_0" slope="0.00"/>
        <vehicle id="19" x="198.35" y="377.61" angle="0.00" type="DEFAULT_VEHTYPE" speed="13.53" pos="17.64" lane="1/2to1/1_0" slope="0.00"/>
        <vehicle id="2" x="470.48" y="401.65" angle="-90.00" type="DEFAULT_VEHTYPE" speed="13.49" pos="124.77" lane="3/2to2/2_0" slope="0.00"/>
        <vehicle id="21" x="596.48" y="598.35" angle="90.00" type="DEFAULT_VEHTYPE" speed="6.52" pos="1.23" lane=":3/3_13_0" slope="0.00"/>
        <vehicle id="22" x="487.35" y="598.35" angle="90.00" type="DEFAULT_VEHTYPE" speed="12.89" pos="82.60" lane="2/3to3/3_0" slope="0.00"/>
        <vehicle id="23" x="598.35" y="352.44" angle="0.00" type="DEFAULT_VEHTYPE" speed="13.30" pos="42.81" lane="3/2to3/1_0" slope="0.00"/>
        <vehicle id="24" x="203.62" y="598.19" angle="154.28" type="DEFAULT_VEHTYPE" speed="13.71" pos="3.86" lane=":1/3_8_0" slope="0.00"/>
        <vehicle id="25" x="384.81" y="601.65" angle="-90.00" type="DEFAULT_VEHTYPE" speed="10.22" pos="10.44" lane="2/3to1/3_0" slope="0.00"/>
        <vehicle id="27" x="198.35" y="483.87" angle="0.00" type="DEFAULT_VEHTYPE" speed="13.82" pos="111.38" lane="1/3to1/2_0" slope="0.00"/>
        <vehicle id="28" x="316.89" y="198.35" angle="90.00" type="DEFAULT_VEHTYPE" speed="13.13" pos="112.14" lane="1/1to2/1_0" slope="0.00"/>
        <vehicle id="29" x="527.97" y="401.65" angle="-90.00" type="DEFAULT_VEHTYPE" speed="13.44" pos="67.28" lane="3/2to2/2_0" slope="0.00"/>
        <vehicle id="3" x="493.40" y="198.35" angle="90.00" type="DEFAULT_VEHTYPE" speed="13.80" pos="88.65" lane="2/1to3/1_0" slope="0.00"/>
        <vehicle id="30" x="601.65" y="529.78" angle="180.00" type="DEFAULT_VEHTYPE" speed="13.69" pos="125.03" lane="3/2to3/3_0" slope="0.00"/>
        <vehicle id="31" x="198.35" y="543.47" angle="0.00" type="DEFAULT_VEHTYPE" speed="12.74" pos="51.78" lane="1/3to1/2_0" slope="0.00"/>
        <vehicle id="32" x="401.65" y="712.99" angle="180.00" type="DEFAULT_VEHTYPE" speed="13.14" pos="108.24" lane="2/3to2/4_0" slope="0.00"/>
        <vehicle id="33" x="356.75" y="401.65" angle="-90.00" type="DEFAULT_VEHTYPE" speed="13.25" pos="38.50" lane="2/2to1/2_0" slope="0.00"/>
        <vehicle id="34" x="281.23" y="198.35" angle="90.00" type="DEFAULT_VEHTYPE" speed="13.08" pos="76.48" lane="1/1to2/1_0" slope="0.00"/>
        <vehicle id="35" x="279.31" y="398.35" angle="90.00" type="DEFAULT_VEHTYPE" speed="12.76" pos="74.56" lane="1/2to2/2_0" slope="0.00"/>
        <vehicle id="36" x="274.66" y="598.35" angle="90.00" type="DEFAULT_VEHTYPE" speed="13.27" pos="69.91" lane="1/3to2/3_0" slope="0.00"/>
        <vehicle id="37" x="192.75" y="198.35" angle="90.00" type="DEFAULT_VEHTYPE" speed="0.01" pos="192.75" lane="0/1to1/1_0" slope="0.00"/>
        <vehicle id="39" x="410.92" y="401.65" angle="-90.00" type="DEFAULT_VEHTYPE" speed="3.41" pos="184.33" lane="3/2to2/2_0" slope="0.00"/>
        <vehicle id="4" x="491.15" y="398.35" angle="90.00" type="DEFAULT_VEHTYPE" speed="13.43" pos="86.40" lane="2/2to3/2_0" slope="0.00"/>
        <vehicle id="40" x="398.35" y="220.35" angle="0.00" type="DEFAULT_VEHTYPE" speed="9.36" pos="174.90" lane="2/2to2/1_0" slope="0.00"/>
        <vehicle id="41" x="601.65" y="354.83" angle="180.00" type="DEFAULT_VEHTYPE" speed="12.82" pos="150.08" lane="3/1to3/2_0" slope="0.00"/>
        <vehicle id="42" x="350.20" y="598.35" angle="90.00" type="DEFAULT_VEHTYPE" speed="12.95" pos="145.45" lane="1/3to2/3_0" slope="0.00"/>
        <vehicle id="43" x="209.12" y="201.65" angle="-90.00" type="DEFAULT_VEHTYPE" speed="3.77" pos="186.13" lane="2/1to1/1_0" slope="0.00"/>
        <vehicle id="44" x="354.23" y="198.35" angle="90.00" type="DEFAULT_VEHTYPE" speed="12.77" pos="149.48" lane="1/1to2/1_0" slope="0.00"/>
        <vehicle id="45" x="463.68" y="201.65" angle="-90.00" type="DEFAULT_VEHTYPE" speed="13.07" pos="131.57" lane="3/1to2/1_0" slope="0.00"/>
        <vehicle id="46" x="636.88" y="601.65" angle="-90.00" type="DEFAULT_VEHTYPE" speed="12.78" pos="163.12" lane="4/3to3/3_0" slope="0.00"/>
        <vehicle id="47" x="401.65" y="149.18" angle="180.00" type="DEFAULT_VEHTYPE" speed="12.70" pos="149.18" lane="2/0to2/1_0" slope="0.00"/>
        <vehicle id="48" x="446.35" y="401.65" angle="-90.00" type="DEFAULT_VEHTYPE" speed="12.69" pos="148.90" lane="3/2to2/2_0" slope="0.00"/>
        <vehicle id="49" x="119.25" y="398.35" angle="90.00" type="DEFAULT_VEHTYPE" speed="13.04" pos="119.25" lane="0/2to1/2_0" slope="0.00"/>
        <vehicle id="5" x="201.65" y="266.28" angle="180.00" type="DEFAULT_VEHTYPE" speed="13.76" pos="61.53" lane="1/1to1/2_0" slope="0.00"/>
        <vehicle id="6" x="201.65" y="230.05" angle="180.00" type="DEFAULT_VEHTYPE" speed="11.44" pos="25.30" lane="1/1to1/2_0" slope="0.00"/>
        <vehicle id="7" x="395.29" y="598.36" angle="90.06" type="DEFAULT_VEHTYPE" speed="2.78" pos="0.04" lane=":2/3_14_0" slope="0.00"/>
        <vehicle id="8" x="627.93" y="201.65" angle="-90.00" type="DEFAULT_VEHTYPE" speed="12.47" pos="172.07" lane="4/1to3/1_0" slope="0.00"/>
        <vehicle id="9" x="398.35" y="12.91" angle="0.00" type="DEFAULT_VEHTYPE" speed="13.21" pos="182.34" lane="2/1to2/0_0" slope="0.00"/>
    </timestep>
    <timestep time="77.00">
        <vehicle id="0" x="571.99" y="198.35" angle="90.00" type="DEFAULT_VEHTYPE" speed="12.46" pos="167.24" lane="2/1to3/1_0" slope="0.00"/>
        <vehicle id="10" x="601.65" y="389.35" angle="180.00" type="DEFAULT_VEHTYPE" speed="3.35" pos="184.60" lane="3/1to3/2_0" slope="0.00"/>
        <vehicle id="11" x="240.55" y="401.65" angle="-90.00" type="DEFAULT_VEHTYPE" speed="13.54" pos="154.70" lane="2/2to1/2_0" slope="0.00"/>
        <vehicle id="13" x="198.35" y="225.28" angle="0.00" type="DEFAULT_VEHTYPE" speed="13.59" pos="169.97" lane="1/2to1/1_0" slope="0.00"/>
        <vehicle id="14" x="554.36" y="398.35" angle="90.00" type="DEFAULT_VEHTYPE" speed="13.49" pos="149.61" lane="2/2to3/2_0" slope="0.00"/>
        <vehicle id="15" x="398.35" y="64.11" angle="0.00" type="DEFAULT_VEHTYPE" speed="13.70" pos="131.14" lane="2/1to2/0_0" slope="0.00"/>
        <vehicle id="16" x="280.00" y="401.65" angle="-90.00" type="DEFAULT_VEHTYPE" speed="13.71" pos="115.25" lane="2/2to1/2_0" slope="0.00"/>
        <vehicle id="17" x="398.35" y="528.45" angle="0.00" type="DEFAULT_VEHTYPE" speed="13.00" pos="66.80" lane="2/3to2/2_0" slope="0.00"/>
        <vehicle id="18" x="474.71" y="198.35" angle="90.00" type="DEFAULT_VEHTYPE" speed="13.86" pos="69.96" lane="2/1to3/1_0" slope="0.00"/>
        <vehicle id="19" x="198.35" y="364.72" angle="0.00" type="DEFAULT_VEHTYPE" speed="12.90" pos="30.53" lane="1/2to1/1_0" slope="0.00"/>
        <vehicle id="2" x="457.63" y="401.65" angle="-90.00" type="DEFAULT_VEHTYPE" speed="12.85" pos="137.62" lane="3/2to2/2_0" slope="0.00"/>
        <vehicle id="21" x="604.43" y="598.35" angle="90.00" type="DEFAULT_VEHTYPE" speed="7.95" pos="9.18" lane=":3/3_13_0" slope="0.00"/>
        <vehicle id="22" x="500.83" y="598.35" angle="90.00" type="DEFAULT_VEHTYPE" speed="13.48" pos="96.08" lane="2/3to3/3_0" slope="0.00"/>
        <vehicle id="23" x="598.35" y="339.69" angle="0.00" type="DEFAULT_VEHTYPE" speed="12.75" pos="55.56" lane="3/2to3/1_0" slope="0.00"/>
        <vehicle id="24" x="216.22" y="598.35" angle="90.00" type="DEFAULT_VEHTYPE" speed="12.61" pos="11.47" lane="1/3to2/3_0" slope="0.00"/>
        <vehicle id="25" x="372.94" y="601.65" angle="-90.00" type="DEFAULT_VEHTYPE" speed="11.86" pos="22.31" lane="2/3to1/3_0" slope="0.00"/>
        <vehicle id="27" x="198.35" y="470.16" angle="0.00" type="DEFAULT_VEHTYPE" speed="13.71" pos="125.09" lane="1/3to1/2_0" slope="0.00"/>
        <vehicle id="28" x="329.98" y="198.35" angle="90.00" type="DEFAULT_VEHTYPE" speed="13.10" pos="125.23" lane="1/1to2/1_0" slope="0.00"/>
        <vehicle id="29" x="514.56" y="401.65" angle="-90.00" type="DEFAULT_VEHTYPE" speed="13.41" pos="80.69" lane="3/2to2/2_0" slope="0.00"/>
        <vehicle id="3" x="506.69" y="198.35" angle="90.00" type="DEFAULT_VEHTYPE" speed="13.29" pos="101.94" lane="2/1to3/1_0" slope="0.00"/>
        <vehicle id="30" x="601.65" y="542.99" angle="180.00" type="DEFAULT_VEHTYPE" speed="13.20" pos="138.24" lane="3/2to3/3_0" slope="0.00"/>
        <vehicle id="31" x="198.35" y="530.09" angle="0.00" type="DEFAULT_VEHTYPE" speed="13.38" pos="65.16" lane="1/3to1/2_0" slope="0.00"/>
        <vehicle id="32" x="401.65" y="726.60" angle="180.00" type="DEFAULT_VEHTYPE" speed="13.61" pos="121.85" lane="2/3to2/4_0" slope="0.00"/>
        <vehicle id="33" x="342.99" y="401.65" angle="-90.00" type="DEFAULT_VEHTYPE" speed="13.76" pos="52.26" lane="2/2to1/2_0" slope="0.00"/>
        <vehicle id="34" x="294.77" y="198.35" angle="90.00" type="DEFAULT_VEHTYPE" speed="13.53" pos="90.02" lane="1/1to2/1_0" slope="0.00"/>
        <vehicle id="35" x="292.54" y="398.35" angle="90.00" type="DEFAULT_VEHTYPE" speed="13.24" pos="87.79" lane="1/2to2/2_0" slope="0.00"/>
        <vehicle id="36" x="287.43" y="598.35" angle="90.00" type="DEFAULT_VEHTYPE" speed="12.77" pos="82.68" lane="1/3to2/3_0" slope="0.00"/>
        <vehicle id="37" x="192.75" y="198.35" angle="90.00" type="DEFAULT_VEHTYPE" speed="0.00" pos="192.75" lane="0/1to1/1_0" slope="0.00"/>
        <vehicle id="39" x="405.21" y="401.65" angle="-90.00" type="DEFAULT_VEHTYPE" speed="5.71" pos="190.04" lane="3/2to2/2_0" slope="0.00"/>
        <vehicle id="4" x="504.88" y="398.35" angle="90.00" type="DEFAULT_VEHTYPE" speed="13.73" pos="100.13" lane="2/2to3/2_0" slope="0.00"/>
        <vehicle id="40" x="398.35" y="213.64" angle="0.00" type="DEFAULT_VEHTYPE" speed="6.71" pos="181.61" lane="2/2to2/1_0" slope="0.00"/>
        <vehicle id="41" x="601.65" y="367.11" angle="180.00" type="DEFAULT_VEHTYPE" speed="12.27" pos="162.36" lane="3/1to3/2_0" slope="0.00"/>
        <vehicle id="42" x="363.36" y="598.35" angle="90.00" type="DEFAULT_VEHTYPE" speed="13.16" pos="158.61" lane="1/3to2/3_0" slope="0.00"/>
        <vehicle id="43" x="203.66" y="201.80" angle="-91.74" type="DEFAULT_VEHTYPE" speed="5.47" pos="1.10" lane=":1/1_4_0" slope="0.00"/>
        <vehicle id="44" x="366.98" y="198.35" angle="90.00" type="DEFAULT_VEHTYPE" speed="12.74" pos="162.23" lane="1/1to2/1_0" slope="0.00"/>
        <vehicle id="45" x="451.05" y="201.65" angle="-90.00" type="DEFAULT_VEHTYPE" speed="12.63" pos="144.20" lane="3/1to2/1_0" slope="0.00"/>
        <vehicle id="46" x="625.31" y="601.65" angle="-90.00" type="DEFAULT_VEHTYPE" speed="11.56" pos="174.69" lane="4/3to3/3_0" slope="0.00"/>
        <vehicle id="47" x="401.65" y="162.87" angle="180.00" type="DEFAULT_VEHTYPE" speed="13.69" pos="162.87" lane="2/0to2/1_0" slope="0.00"/>
        <vehicle id="48" x="434.91" y="401.65" angle="-90.00" type="DEFAULT_VEHTYPE" speed="11.43" pos="160.34" lane="3/2to2/2_0" slope="0.00"/>
        <vehicle id="49" x="132.46" y="398.35" angle="90.00" type="DEFAULT_VEHTYPE" speed="13.22" pos="132.46" lane="0/2to1/2_0" slope="0.00"/>
        <vehicle id="5" x="201.65" y="279.29" angle="180.00" type="DEFAULT_VEHTYPE" speed="13.01" pos="74.54" lane="1/1to1/2_0" slope="0.00"/>
        <vehicle id="6" x="201.65" y="243.03" angle="180.00" type="DEFAULT_VEHTYPE" speed="12.99" pos="38.28" lane="1/1to1/2_0" slope="0.00"/>
        <vehicle id="7" x="399.38" y="599.55" angle="104.16" type="DEFAULT_VEHTYPE" speed="4.34" pos="4.38" lane=":2/3_14_0" slope="0.00"/>
        <vehicle id="8" x="618.59" y="201.65" angle="-90.00" type="DEFAULT_VEHTYPE" speed="9.35" pos="181.41" lane="4/1to3/1_0" slope="0.00"/>
        <vehicle id="9" x="398.35" y="0.27" angle="0.00" type="DEFAULT_VEHTYPE" speed="12.64" pos="194.98" lane="2/1to2/0_0" slope="0.00"/>
    </timestep>
    <timestep time="78.00">
        <vehicle id="0" x="581.35" y="198.35" angle="90.00" type="DEFAULT_VEHTYPE" speed="9.35" pos="176.60" lane="2/1to3/1_0" slope="0.00"/>
        <vehicle id="10" x="601.65" y="394.84" angle="180.00" type="DEFAULT_VEHTYPE" speed="5.50" pos="190.09" lane="3/1to3/2_0" slope="0.00"/>
        <vehicle id="11" x="227.36" y="401.65" angle="-90.00" type="DEFAULT_VEHTYPE" speed="13.20" pos="167.89" lane="2/2to1/2_0" slope="0.00"/>
        <vehicle id="13" x="198.35" y="212.02" angle="0.00" type="DEFAULT_VEHTYPE" speed="13.27" pos="183.23" lane="1/2to1/1_0" slope="0.00"/>
        <vehicle id="14" x="567.20" y="398.35" angle="90.00" type="DEFAULT_VEHTYPE" speed="12.85" pos="162.45" lane="2/2to3/2_0" slope="0.00"/>
        <vehicle id="15" x="398.35" y="50.36" angle="0.00" type="DEFAULT_VEHTYPE" speed="13.75" pos="144.89" lane="2/1to2/0_0" slope="0.00"/>
        <vehicle id="16" x="266.25" y="401.65" angle="-90.00" type="DEFAULT_VEHTYPE" speed="13.76" pos="129.00" lane="2/2to1/2_0" slope="0.00"/>
        <vehicle id="17" x="398.35" y="515.80" angle="0.00" type="DEFAULT_VEHTYPE" speed="12.65" pos="79.45" lane="2/3to2/2_0" slope="0.00"/>
        <vehicle id="18" x="488.00" y="198.35" angle="90.00" type="DEFAULT_VEHTYPE" speed="13.28" pos="83.25" lane="2/1to3/1_0" slope="0.00"/>
        <vehicle id="19" x="198.35" y="351.50" angle="0.00" type="DEFAULT_VEHTYPE" speed="13.22" pos="43.75" lane="1/2to1/1_0" slope="0.00"/>
        <vehicle id="2" x="445.35" y="401.65" angle="-90.00" type="DEFAULT_VEHTYPE" speed="12.28" pos="149.90" lane="3/2to2/2_0" slope="0.00"/>
        <vehicle id="21" x="614.55" y="598.35" angle="90.00" type="DEFAULT_VEHTYPE" speed="10.12" pos="9.80" lane="3/3to4/3_0" slope="0.00"/>
        <vehicle id="22" x="513.47" y="598.35" angle="90.00" type="DEFAULT_VEHTYPE" speed="12.65" pos="108.72" lane="2/3to3/3_0" slope="0.00"/>
        <vehicle id="23" x="598.35" y="325.99" angle="0.00" type="DEFAULT_VEHTYPE" speed="13.70" pos="69.26" lane="3/2to3/1_0" slope="0.00"/>
        <vehicle id="24" x="229.90" y="598.35" angle="90.00" type="DEFAULT_VEHTYPE" speed="13.69" pos="25.15" lane="1/3to2/3_0" slope="0.00"/>
        <vehicle id="25" x="360.20" y="601.65" angle="-90.00" type="DEFAULT_VEHTYPE" speed="12.74" pos="35.05" lane="2/3to1/3_0" slope="0.00"/>
        <vehicle id="27" x="198.35" y="456.61" angle="0.00" type="DEFAULT_VEHTYPE" speed="13.56" pos="138.64" lane="1/3to1/2_0" slope="0.00"/>
        <vehicle id="28" x="343.22" y="198.35" angle="90.00" type="DEFAULT_VEHTYPE" speed="13.24" pos="138.47" lane="1/1to2/1_0" slope="0.00"/>
        <vehicle id="29" x="501.03" y="401.65" angle="-90.00" type="DEFAULT_VEHTYPE" speed="13.53" pos="94.22" lane="3/2to2/2_0" slope="0.00"/>
        <vehicle id="3" x="519.97" y="198.35" angle="90.00" type="DEFAULT_VEHTYPE" speed="13.27" pos="115.22" lane="2/1to3/1_0" slope="0.00"/>
        <vehicle id="30" x="601.65" y="556.13" angle="180.00" type="DEFAULT_VEHTYPE" speed="13.14" pos="151.38" lane="3/2to3/3_0" slope="0.00"/>
        <vehicle id="31" x="198.35" y="516.90" angle="0.00" type="DEFAULT_VEHTYPE" speed="13.19" pos="78.35" lane="1/3to1/2_0" slope="0.00"/>
        <vehicle id="32" x="401.65" y="739.48" angle="180.00" type="DEFAULT_VEHTYPE" speed="12.88" pos="134.73" lane="2/3to2/4_0" slope="0.00"/>
        <vehicle id="33" x="329.94" y="401.65" angle="-90.00" type="DEFAULT_VEHTYPE" speed="13.05" pos="65.31" lane="2/2to1/2_0" slope="0.00"/>
        <vehicle id="34" x="308.18" y="198.35" angle="90.00" type="DEFAULT_VEHTYPE" speed="13.42" pos="103.43" lane="1/1to2/1_0" slope="0.00"/>
        <vehicle id="35" x="305.23" y="398.35" angle="90.00" type="DEFAULT_VEHTYPE" speed="12.68" pos="100.48" lane="1/2to2/2_0" slope="0.00"/>
        <vehicle id="36" x="300.52" y="598.35" angle="90.00" type="DEFAULT_VEHTYPE" speed="13.09" pos="95.77" lane="1/3to2/3_0" slope="0.00"/>
        <vehicle id="37" x="192.75" y="198.35" angle="90.00" type="DEFAULT_VEHTYPE" speed="0.00" pos="192.75" lane="0/1to1/1_0" slope="0.00"/>
        <vehicle id="39" x="397.57" y="401.65" angle="-90.00" type="DEFAULT_VEHTYPE" speed="7.65" pos="7.18" lane=":2/2_5_0" slope="0.00"/>
        <vehicle id="4" x="517.87" y="398.35" angle="90.00" type="DEFAULT_VEHTYPE" speed="12.98" pos="113.12" lane="2/2to3/2_0" slope="0.00"/>
        <vehicle id="40" x="398.35" y="209.51" angle="0.00" type="DEFAULT_VEHTYPE" speed="4.13" pos="185.74" lane="2/2to2/1_0" slope="0.00"/>
        <vehicle id="41" x="601.65" y="374.88" angle="180.00" type="DEFAULT_VEHTYPE" speed="7.77" pos="170.13" lane="3/1to3/2_0" slope="0.00"/>
        <vehicle id="42" x="374.79" y="598.35" angle="90.00" type="DEFAULT_VEHTYPE" speed="11.43" pos="170.04" lane="1/3to2/3_0" slope="0.00"/>
        <vehicle id="43" x="201.65" y="208.72" angle="-178.36" type="DEFAULT_VEHTYPE" speed="7.87" pos="3.97" lane="1/1to1/2_0" slope="0.00"/>
        <vehicle id="44" x="377.48" y="198.35" angle="90.00" type="DEFAULT_VEHTYPE" speed="10.50" pos="172.73" lane="1/1to2/1_0" slope="0.00"/>
        <vehicle id="45" x="437.28" y="201.65" angle="-90.00" type="DEFAULT_VEHTYPE" speed="13.77" pos="157.97" lane="3/1to2/1_0" slope="0.00"/>
        <vehicle id="46" x="616.64" y="601.65" angle="-90.00" type="DEFAULT_VEHTYPE" speed="8.68" pos="183.36" lane="4/3to3/3_0" slope="0.00"/>
        <vehicle id="47" x="401.65" y="176.48" angle="180.00" type="DEFAULT_VEHTYPE" speed="13.61" pos="176.48" lane="2/0to2/1_0" slope="0.00"/>
        <vehicle id="48" x="423.51" y="401.65" angle="-90.00" type="DEFAULT_VEHTYPE" speed="11.40" pos="171.74" lane="3/2to2/2_0" slope="0.00"/>
        <vehicle id="49" x="146.05" y="398.35" angle="90.00" type="DEFAULT_VEHTYPE" speed="13.58" pos="146.05" lane="0/2to1/2_0" slope="0.00"/>
        <vehicle id="5" x="201.65" y="293.16" angle="180.00" type="DEFAULT_VEHTYPE" speed="13.86" pos="88.41" lane="1/1to1/2_0" slope="0.00"/>
        <vehicle id="6" x="201.65" y="256.48" angle="180.00" type="DEFAULT_VEHTYPE" speed="13.45" pos="51.73" lane="1/1to1/2_0" slope="0.00"/>
        <vehicle id="7" x="401.65" y="605.15" angle="164.47" type="DEFAULT_VEHTYPE" speed="6.34" pos="0.40" lane="2/3to2/4_0" slope="0.00"/>
        <vehicle id="8" x="612.30" y="201.65" angle="-90.00" type="DEFAULT_VEHTYPE" speed="6.28" pos="187.70" lane="4/1to3/1_0" slope="0.00"/>
        <vehicle id="9" x="401.65" y="8.06" angle="180.00" type="DEFAULT_VEHTYPE" speed="13.15" pos="8.06" lane="2/0to2/1_0" slope="0.00"/>
    </timestep>
    <timestep time="79.00">
        <vehicle id="0" x="586.90" y="198.35" angle="90.00" type="DEFAULT_VEHTYPE" speed="5.55" pos="182.15" lane="2/1to3/1_0" slope="0.00"/>
        <vehicle id="10" x="598.17" y="401.18" angle="-138.91" type="DEFAULT_VEHTYPE" speed="7.75" pos="0.20" lane=":3/2_18_0" slope="0.00"/>
        <vehicle id="11" x="218.63" y="401.65" angle="-90.00" type="DEFAULT_VEHTYPE" speed="8.72" pos="176.62" lane="2/2to1/2_0" slope="0.00"/>
        <vehicle id="14" x="580.14" y="398.35" angle="90.00" type="DEFAULT_VEHTYPE" speed="12.94" pos="175.39" lane="2/2to3/2_0" slope="0.00"/>
        <vehicle id="15" x="398.35" y="36.99" angle="0.00" type="DEFAULT_VEHTYPE" speed="13.37" pos="158.26" lane="2/1to2/0_0" slope="0.00"/>
        <vehicle id="16" x="253.53" y="401.65" angle="-90.00" type="DEFAULT_VEHTYPE" speed="12.72" pos="141.72" lane="2/2to1/2_0" slope="0.00"/>
        <vehicle id="17" x="398.35" y="502.80" angle="0.00" type="DEFAULT_VEHTYPE" speed="13.01" pos="92.45" lane="2/3to2/2_0" slope="0.00"/>
        <vehicle id="18" x="501.07" y="198.35" angle="90.00" type="DEFAULT_VEHTYPE" speed="13.07" pos="96.32" lane="2/1to3/1_0" slope="0.00"/>
        <vehicle id="19" x="198.35" y="338.31" angle="0.00" type="DEFAULT_VEHTYPE" speed="13.19" pos="56.94" lane="1/2to1/1_0" slope="0.00"/>
        <vehicle id="2" x="433.52" y="401.65" angle="-90.00" type="DEFAULT_VEHTYPE" speed="11.83" pos="161.73" lane="3/2to2/2_0" slope="0.00"/>
        <vehicle id="21" x="626.26" y="598.35" angle="90.00" type="DEFAULT_VEHTYPE" speed="11.71" pos="21.51" lane="3/3to4/3_0" slope="0.00"/>
        <vehicle id="22" x="526.31" y="598.35" angle="90.00" type="DEFAULT_VEHTYPE" speed="12.84" pos="121.56" lane="2/3to3/3_0" slope="0.00"/>
        <vehicle id="23" x="598.35" y="312.99" angle="0.00" type="DEFAULT_VEHTYPE" speed="12.99" pos="82.26" lane="3/2to3/1_0" slope="0.00"/>
        <vehicle id="24" x="243.23" y="598.35" angle="90.00" type="DEFAULT_VEHTYPE" speed="13.33" pos="38.48" lane="1/3to2/3_0" slope="0.00"/>
        <vehicle id="25" x="347.27" y="601.65" angle="-90.00" type="DEFAULT_VEHTYPE" speed="12.93" pos="47.98" lane="2/3to1/3_0" slope="0.00"/>
        <vehicle id="27" x="198.35" y="443.42" angle="0.00" type="DEFAULT_VEHTYPE" speed="13.18" pos="151.83" lane="1/3to1/2_0" slope="0.00"/>
        <vehicle id="28" x="356.70" y="198.35" angle="90.00" type="DEFAULT_VEHTYPE" speed="13.48" pos="151.95" lane="1/1to2/1_0" slope="0.00"/>
        <vehicle id="29" x="487.83" y="401.65" angle="-90.00" type="DEFAULT_VEHTYPE" speed="13.20" pos="107.42" lane="3/2to2/2_0" slope="0.00"/>
        <vehicle id="3" x="533.20" y="198.35" angle="90.00" type="DEFAULT_VEHTYPE" speed="13.23" pos="128.45" lane="2/1to3/1_0" slope="0.00"/>
        <vehicle id="30" x="601.65" y="569.66" angle="180.00" type="DEFAULT_VEHTYPE" speed="13.53" pos="164.91" lane="3/2to3/3_0" slope="0.00"/>
        <vehicle id="31" x="198.35" y="503.68" angle="0.00" type="DEFAULT_VEHTYPE" speed="13.22" pos="91.57" lane="1/3to1/2_0" slope="0.00"/>
        <vehicle id="32" x="401.65" y="752.34" angle="180.00" type="DEFAULT_VEHTYPE" speed="12.86" pos="147.59" lane="2/3to2/4_0" slope="0.00"/>
        <vehicle id="33" x="316.33" y="401.65" angle="-90.00" type="DEFAULT_VEHTYPE" speed="13.61" pos="78.92" lane="2/2to1/2_0" slope="0.00"/>
        <vehicle id="34" x="321.11" y="198.35" angle="90.00" type="DEFAULT_VEHTYPE" speed="12.93" pos="116.36" lane="1/1to2/1_0" slope="0.00"/>
        <vehicle id="35" x="318.23" y="398.35" angle="90.00" type="DEFAULT_VEHTYPE" speed="13.00" pos="113.48" lane="1/2to2/2_0" slope="0.00"/>
        <vehicle id="36" x="313.56" y="598.35" angle="90.00" type="DEFAULT_VEHTYPE" speed="13.04" pos="108.81" lane="1/3to2/3_0" slope="0.00"/>
        <vehicle id="37" x="195.31" y="198.36" angle="90.10" type="DEFAULT_VEHTYPE" speed="2.56" pos="0.06" lane=":1/1_14_0" slope="0.00"/>
        <vehicle id="39" x="387.79" y="401.65" angle="-90.00" type="DEFAULT_VEHTYPE" speed="9.77" pos="7.46" lane="2/2to1/2_0" slope="0.00"/>
        <vehicle id="4" x="530.55" y="398.35" angle="90.00" type="DEFAULT_VEHTYPE" speed="12.68" pos="125.80" lane="2/2to3/2_0" slope="0.00"/>
        <vehicle id="40" x="398.36" y="204.70" angle="0.08" type="DEFAULT_VEHTYPE" speed="4.81" pos="0.05" lane=":2/1_2_0" slope="0.00"/>
        <vehicle id="41" x="601.65" y="383.04" angle="180.00" type="DEFAULT_VEHTYPE" speed="8.16" pos="178.29" lane="3/1to3/2_0" slope="0.00"/>
        <vehicle id="42" x="382.84" y="598.35" angle="90.00" type="DEFAULT_VEHTYPE" speed="8.05" pos="178.09" lane="1/3to2/3_0" slope="0.00"/>
        <vehicle id="43" x="201.65" y="218.30" angle="180.00" type="DEFAULT_VEHTYPE" speed="9.58" pos="13.55" lane="1/1to1/2_0" slope="0.00"/>
        <vehicle id="44" x="385.31" y="198.35" angle="90.00" type="DEFAULT_VEHTYPE" speed="7.83" pos="180.56" lane="1/1to2/1_0" slope="0.00"/>
        <vehicle id="45" x="424.75" y="201.65" angle="-90.00" type="DEFAULT_VEHTYPE" speed="12.53" pos="170.50" lane="3/1to2/1_0" slope="0.00"/>
        <vehicle id="46" x="612.13" y="601.65" angle="-90.00" type="DEFAULT_VEHTYPE" speed="4.50" pos="187.87" lane="4/3to3/3_0" slope="0.00"/>
        <vehicle id="47" x="401.65" y="189.93" angle="180.00" type="DEFAULT_VEHTYPE" speed="13.45" pos="189.93" lane="2/0to2/1_0" slope="0.00"/>
        <vehicle id="48" x="415.20" y="401.65" angle="-90.00" type="DEFAULT_VEHTYPE" speed="8.31" pos="180.05" lane="3/2to2/2_0" slope="0.00"/>
        <vehicle id="49" x="158.66" y="398.35" angle="90.00" type="DEFAULT_VEHTYPE" speed="12.61" pos="158.66" lane="0/2to1/2_0" slope="0.00"/>
        <vehicle id="5" x="201.65" y="307.05" angle="180.00" type="DEFAULT_VEHTYPE" speed="13.89" pos="102.30" lane="1/1to1/2_0" slope="0.00"/>
        <vehicle id="6" x="201.65" y="269.39" angle="180.00" type="DEFAULT_VEHTYPE" speed="12.91" pos="64.64" lane="1/1to1/2_0" slope="0.00"/>
        <vehicle id="7" x="401.65" y="614.06" angle="180.00" type="DEFAULT_VEHTYPE" speed="8.91" pos="9.31" lane="2/3to2/4_0" slope="0.00"/>
        <vehicle id="8" x="609.07" y="201.65" angle="-90.00" type="DEFAULT_VEHTYPE" speed="3.23" pos="190.93" lane="4/1to3/1_0" slope="0.00"/>
        <vehicle id="9" x="401.65" y="20.71" angle="180.00" type="DEFAULT_VEHTYPE" speed="12.65" pos="20.71" lane="2/0to2/1_0" slope="0.00"/>
    </timestep>
    <timestep time="80.00">
        <vehicle id="0" x="590.69" y="198.35" angle="90.00" type="DEFAULT_VEHTYPE" speed="3.79" pos="185.94" lane="2/1to3/1_0" slope="0.00"/>
        <vehicle id="10" x="588.42" y="401.65" angle="-90.00" type="DEFAULT_VEHTYPE" speed="9.81" pos="6.83" lane="3/2to2/2_0" slope="0.00"/>
        <vehicle id="11" x="212.83" y="401.65" angle="-90.00" type="DEFAULT_VEHTYPE" speed="5.80" pos="182.42" lane="2/2to1/2_0" slope="0.00"/>
        <vehicle id="14" x="593.41" y="398.35" angle="90.00" type="DEFAULT_VEHTYPE" speed="13.27" pos="188.66" lane="2/2to3/2_0" slope="0.00"/>
        <vehicle id="15" x="398.35" y="23.76" angle="0.00" type="DEFAULT_VEHTYPE" speed="13.22" pos="171.49" lane="2/1to2/0_0" slope="0.00"/>
        <vehicle id="16" x="240.70" y="401.65" angle="-90.00" type="DEFAULT_VEHTYPE" speed="12.83" pos="154.55" lane="2/2to1/2_0" slope="0.00"/>
        <vehicle id="17" x="398.35" y="489.53" angle="0.00" type="DEFAULT_VEHTYPE" speed="13.26" pos="105.72" lane="2/3to2/2_0" slope="0.00"/>
        <vehicle id="18" x="514.29" y="198.35" angle="90.00" type="DEFAULT_VEHTYPE" speed="13.22" pos="109.54" lane="2/1to3/1_0" slope="0.00"/>
        <vehicle id="19" x="198.35" y="325.12" angle="0.00" type="DEFAULT_VEHTYPE" speed="13.19" pos="70.13" lane="1/2to1/1_0" slope="0.00"/>
        <vehicle id="2" x="424.71" y="401.65" angle="-90.00" type="DEFAULT_VEHTYPE" speed="8.81" pos="170.54" lane="3/2to2/2_0" slope="0.00"/>
        <vehicle id="21" x="639.92" y="598.35" angle="90.00" type="DEFAULT_VEHTYPE" speed="13.66" pos="35.17" lane="3/3to4/3_0" slope="0.00"/>
        <vehicle id="22" x="539.80" y="598.35" angle="90.00" type="DEFAULT_VEHTYPE" speed="13.49" pos="135.05" lane="2/3to3/3_0" slope="0.00"/>
        <vehicle id="23" x="598.35" y="299.46" angle="0.00" type="DEFAULT_VEHTYPE" speed="13.53" pos="95.79" lane="3/2to3/1_0" slope="0.00"/>
        <vehicle id="24" x="256.05" y="598.35" angle="90.00" type="DEFAULT_VEHTYPE" speed="12.82" pos="51.30" lane="1/3to2/3_0" slope="0.00"/>
        <vehicle id="25" x="334.20" y="601.65" angle="-90.00" type="DEFAULT_VEHTYPE" speed="13.06" pos="61.05" lane="2/3to1/3_0" slope="0.00"/>
        <vehicle id="27" x="198.35" y="429.97" angle="0.00" type="DEFAULT_VEHTYPE" speed="13.45" pos="165.28" lane="1/3to1/2_0" slope="0.00"/>
        <vehicle id="28" x="368.04" y="198.35" angle="90.00" type="DEFAULT_VEHTYPE" speed="11.34" pos="163.29" lane="1/1to2/1_0" slope="0.00"/>
        <vehicle id="29" x="475.10" y="401.65" angle="-90.00" type="DEFAULT_VEHTYPE" speed="12.73" pos="120.15" lane="3/2to2/2_0" slope="0.00"/>
        <vehicle id="3" x="546.47" y="198.35" angle="90.00" type="DEFAULT_VEHTYPE" speed="13.28" pos="141.72" lane="2/1to3/1_0" slope="0.00"/>
        <vehicle id="30" x="601.65" y="580.13" angle="180.00" type="DEFAULT_VEHTYPE" speed="10.47" pos="175.38" lane="3/2to3/3_0" slope="0.00"/>
        <vehicle id="31" x="198.35" y="489.82" angle="0.00" type="DEFAULT_VEHTYPE" speed="13.86" pos="105.43" lane="1/3to1/2_0" slope="0.00"/>
        <vehicle id="32" x="401.65" y="764.97" angle="180.00" type="DEFAULT_VEHTYPE" speed="12.64" pos="160.22" lane="2/3to2/4_0" slope="0.00"/>
        <vehicle id="33" x="303.40" y="401.65" angle="-90.00" type="DEFAULT_VEHTYPE" speed="12.93" pos="91.85" lane="2/2to1/2_0" slope="0.00"/>
        <vehicle id="34" x="334.66" y="198.35" angle="90.00" type="DEFAULT_VEHTYPE" speed="13.55" pos="129.91" lane="1/1to2/1_0" slope="0.00"/>
        <vehicle id="35" x="331.60" y="398.35" angle="90.00" type="DEFAULT_VEHTYPE" speed="13.37" pos="126.85" lane="1/2to2/2_0" slope="0.00"/>
        <vehicle id="36" x="326.67" y="598.35" angle="90.00" type="DEFAULT_VEHTYPE" speed="13.11" pos="121.92" lane="1/3to2/3_0" slope="0.00"/>
        <vehicle id="37" x="199.24" y="199.46" angle="103.11" type="DEFAULT_VEHTYPE" speed="4.15" pos="4.21" lane=":1/1_14_0" slope="0.00"/>
        <vehicle id="39" x="375.57" y="401.65" angle="-90.00" type="DEFAULT_VEHTYPE" speed="12.22" pos="19.68" lane="2/2to1/2_0" slope="0.00"/>
        <vehicle id="4" x="543.51" y="398.35" angle="90.00" type="DEFAULT_VEHTYPE" speed="12.96" pos="138.76" lane="2/2to3/2_0" slope="0.00"/>
        <vehicle id="40" x="398.89" y="201.72" angle="6.24" type="DEFAULT_VEHTYPE" speed="3.05" pos="3.10" lane=":2/1_2_0" slope="0.00"/>
        <vehicle id="41" x="601.65" y="393.44" angle="180.00" type="DEFAULT_VEHTYPE" speed="10.40" pos="188.69" lane="3/1to3/2_0" slope="0.00"/>
        <vehicle id="42" x="388.31" y="598.35" angle="90.00" type="DEFAULT_VEHTYPE" speed="5.47" pos="183.56" lane="1/3to2/3_0" slope="0.00"/>
        <vehicle id="43" x="201.65" y="230.17" angle="180.00" type="DEFAULT_VEHTYPE" speed="11.87" pos="25.42" lane="1/1to1/2_0" slope="0.00"/>
        <vehicle id="44" x="389.95" y="198.35" angle="90.00" type="DEFAULT_VEHTYPE" speed="4.65" pos="185.20" lane="1/1to2/1_0" slope="0.00"/>
        <vehicle id="45" x="416.15" y="201.65" angle="-90.00" type="DEFAULT_VEHTYPE" speed="8.60" pos="179.10" lane="3/1to2/1_0" slope="0.00"/>
        <vehicle id="46" x="608.63" y="601.65" angle="-90.00" type="DEFAULT_VEHTYPE" speed="3.50" pos="191.37" lane="4/3to3/3_0" slope="0.00"/>
        <vehicle id="47" x="401.65" y="203.51" angle="180.00" type="DEFAULT_VEHTYPE" speed="13.58" pos="8.26" lane=":2/1_9_0" slope="0.00"/>
        <vehicle id="48" x="410.80" y="401.65" angle="-90.00" type="DEFAULT_VEHTYPE" speed="4.40" pos="184.45" lane="3/2to2/2_0" slope="0.00"/>
        <vehicle id="49" x="171.76" y="398.35" angle="90.00" type="DEFAULT_VEHTYPE" speed="13.10" pos="171.76" lane="0/2to1/2_0" slope="0.00"/>
        <vehicle id="5" x="201.65" y="319.89" angle="180.00" type="DEFAULT_VEHTYPE" speed="12.84" pos="115.14" lane="1/1to1/2_0" slope="0.00"/>
        <vehicle id="6" x="201.65" y="282.79" angle="180.00" type="DEFAULT_VEHTYPE" speed="13.40" pos="78.04" lane="1/1to1/2_0" slope="0.00"/>
        <vehicle id="7" x="401.65" y="624.44" angle="180.00" type="DEFAULT_VEHTYPE" speed="10.37" pos="19.69" lane="2/3to2/4_0" slope="0.00"/>
        <vehicle id="8" x="604.49" y="201.69" angle="-90.41" type="DEFAULT_VEHTYPE" speed="4.58" pos="0.26" lane=":3/1_4_0" slope="0.00"/>
        <vehicle id="9" x="401.65" y="34.17" angle="180.00" type="DEFAULT_VEHTYPE" speed="13.46" pos="34.17" lane="2/0to2/1_0" slope="0.00"/>
    </timestep>
    <timestep time="81.00">
        <vehicle id="0" x="592.09" y="198.35" angle="90.00" type="DEFAULT_VEHTYPE" speed="1.40" pos="187.34" lane="2/1to3/1_0" slope="0.00"/>
        <vehicle id="10" x="576.81" y="401.65" angle="-90.00" type="DEFAULT_VEHTYPE" speed="11.61" pos="18.44" lane="3/2to2/2_0" slope="0.00"/>
        <vehicle id="11" x="209.75" y="401.65" angle="-90.00" type="DEFAULT_VEHTYPE" speed="3.08" pos="185.50" lane="2/2to1/2_0" slope="0.00"/>
        <vehicle id="15" x="398.35" y="11.03" angle="0.00" type="DEFAULT_VEHTYPE" speed="12.74" pos="184.22" lane="2/1to2/0_0" slope="0.00"/>
        <vehicle id="16" x="229.92" y="401.65" angle="-90.00" type="DEFAULT_VEHTYPE" speed="10.78" pos="165.33" lane="2/2to1/2_0" slope="0.00"/>
        <vehicle id="17" x="398.35" y="475.63" angle="0.00" type="DEFAULT_VEHTYPE" speed="13.90" pos="119.62" lane="2/3to2/2_0" slope="0.00"/>
        <vehicle id="18" x="527.92" y="198.35" angle="90.00" type="DEFAULT_VEHTYPE" speed="13.63" pos="123.17" lane="2/1to3/1_0" slope="0.00"/>
        <vehicle id="19" x="198.35" y="311.35" angle="0.00" type="DEFAULT_VEHTYPE" speed="13.78" pos="83.90" lane="1/2to1/1_0" slope="0.00"/>
        <vehicle id="2" x="420.41" y="401.65" angle="-90.00" type="DEFAULT_VEHTYPE" speed="4.31" pos="174.84" lane="3/2to2/2_0" slope="0.00"/>
        <vehicle id="21" x="652.93" y="598.35" angle="90.00" type="DEFAULT_VEHTYPE" speed="13.00" pos="48.18" lane="3/3to4/3_0" slope="0.00"/>
        <vehicle id="22" x="553.19" y="598.35" angle="90.00" type="DEFAULT_VEHTYPE" speed="13.39" pos="148.44" lane="2/3to3/3_0" slope="0.00"/>
        <vehicle id="23" x="598.35" y="285.83" angle="0.00" type="DEFAULT_VEHTYPE" speed="13.63" pos="109.42" lane="3/2to3/1_0" slope="0.00"/>
        <vehicle id="24" x="269.29" y="598.35" angle="90.00" type="DEFAULT_VEHTYPE" speed="13.25" pos="64.54" lane="1/3to2/3_0" slope="0.00"/>
        <vehicle id="25" x="321.54" y="601.65" angle="-90.00" type="DEFAULT_VEHTYPE" speed="12.67" pos="73.71" lane="2/3to1/3_0" slope="0.00"/>
        <vehicle id="27" x="198.35" y="416.62" angle="0.00" type="DEFAULT_VEHTYPE" speed="13.35" pos="178.63" lane="1/3to1/2_0" slope="0.00"/>
        <vehicle id="28" x="376.13" y="198.35" angle="90.00" type="DEFAULT_VEHTYPE" speed="8.09" pos="171.38" lane="1/1to2/1_0" slope="0.00"/>
        <vehicle id="29" x="461.79" y="401.65" angle="-90.00" type="DEFAULT_VEHTYPE" speed="13.31" pos="133.46" lane="3/2to2/2_0" slope="0.00"/>
        <vehicle id="3" x="559.66" y="198.35" angle="90.00" type="DEFAULT_VEHTYPE" speed="13.19" pos="154.91" lane="2/1to3/1_0" slope="0.00"/>
        <vehicle id="30" x="601.65" y="586.78" angle="180.00" type="DEFAULT_VEHTYPE" speed="6.64" pos="182.03" lane="3/2to3/3_0" slope="0.00"/>
        <vehicle id="31" x="198.35" y="476.27" angle="0.00" type="DEFAULT_VEHTYPE" speed="13.55" pos="118.98" lane="1/3to1/2_0" slope="0.00"/>
        <vehicle id="32" x="401.65" y="778.31" angle="180.00" type="DEFAULT_VEHTYPE" speed="13.34" pos="173.56" lane="2/3to2/4_0" slope="0.00"/>
        <vehicle id="33" x="290.09" y="401.65" angle="-90.00" type="DEFAULT_VEHTYPE" speed="13.31" pos="105.16" lane="2/2to1/2_0" slope="0.00"/>
        <vehicle id="34" x="347.94" y="198.35" angle="90.00" type="DEFAULT_VEHTYPE" speed="13.27" pos="143.19" lane="1/1to2/1_0" slope="0.00"/>
        <vehicle id="35" x="344.61" y="398.35" angle="90.00" type="DEFAULT_VEHTYPE" speed="13.01" pos="139.86" lane="1/2to2/2_0" slope="0.00"/>
        <vehicle id="36" x="340.52" y="598.35" angle="90.00" type="DEFAULT_VEHTYPE" speed="13.86" pos="135.77" lane="1/3to2/3_0" slope="0.00"/>
        <vehicle id="37" x="201.64" y="204.65" angle="161.51" type="DEFAULT_VEHTYPE" speed="6.01" pos="10.22" lane=":1/1_14_0" slope="0.00"/>
        <vehicle id="39" x="361.80" y="401.65" angle="-90.00" type="DEFAULT_VEHTYPE" speed="13.77" pos="33.45" lane="2/2to1/2_0" slope="0.00"/>
        <vehicle id="4" x="556.80" y="398.35" angle="90.00" type="DEFAULT_VEHTYPE" speed="13.29" pos="152.05" lane="2/2to3/2_0" slope="0.00"/>
        <vehicle id="40" x="400.09" y="199.87" angle="20.30" type="DEFAULT_VEHTYPE" speed="2.22" pos="5.32" lane=":2/1_2_0" slope="0.00"/>
        <vehicle id="42" x="395.27" y="598.35" angle="90.04" type="DEFAULT_VEHTYPE" speed="6.96" pos="0.02" lane=":2/3_14_0" slope="0.00"/>
        <vehicle id="43" x="201.65" y="243.18" angle="180.00" type="DEFAULT_VEHTYPE" speed="13.01" pos="38.43" lane="1/1to1/2_0" slope="0.00"/>
        <vehicle id="44" x="391.47" y="198.35" angle="90.00" type="DEFAULT_VEHTYPE" speed="1.52" pos="186.72" lane="1/1to2/1_0" slope="0.00"/>
        <vehicle id="45" x="410.94" y="201.65" angle="-90.00" type="DEFAULT_VEHTYPE" speed="5.21" pos="184.31" lane="3/1to2/1_0" slope="0.00"/>
        <vehicle id="46" x="607.46" y="601.65" angle="-90.00" type="DEFAULT_VEHTYPE" speed="1.17" pos="192.54" lane="4/3to3/3_0" slope="0.00"/>
        <vehicle id="47" x="401.65" y="216.17" angle="180.00" type="DEFAULT_VEHTYPE" speed="12.66" pos="11.42" lane="2/1to2/2_0" slope="0.00"/>
        <vehicle id="48" x="404.00" y="401.54" angle="-88.77" type="DEFAULT_VEHTYPE" speed="6.81" pos="0.76" lane=":2/2_6_0" slope="0.00"/>
        <vehicle id="49" x="180.51" y="398.35" angle="90.00" type="DEFAULT_VEHTYPE" speed="8.75" pos="180.51" lane="0/2to1/2_0" slope="0.00"/>
        <vehicle id="5" x="201.65" y="333.22" angle="180.00" type="DEFAULT_VEHTYPE" speed="13.34" pos="128.47" lane="1/1to1/2_0" slope="0.00"/>
        <vehicle id="6" x="201.65" y="296.22" angle="180.00" type="DEFAULT_VEHTYPE" speed="13.43" pos="91.47" lane="1/1to1/2_0" slope="0.00"/>
        <vehicle id="7" x="401.65" y="636.16" angle="180.00" type="DEFAULT_VEHTYPE" speed="11.73" pos="31.41" lane="2/3to2/4_0" slope="0.00"/>
        <vehicle id="8" x="601.65" y="206.41" angle="-161.36" type="DEFAULT_VEHTYPE" speed="6.41" pos="1.66" lane="3/1to3/2_0" slope="0.00"/>
        <vehicle id="9" x="401.65" y="47.08" angle="180.00" type="DEFAULT_VEHTYPE" speed="12.90" pos="47.08" lane="2/0to2/1_0" slope="0.00"/>
    </timestep>
    <timestep time="82.00">
        <vehicle id="0" x="595.75" y="198.42" angle="90.83" type="DEFAULT_VEHTYPE" speed="3.67" pos="0.51" lane=":3/1_14_0" slope="0.00"/>
        <vehicle id="10" x="564.12" y="401.65" angle="-90.00" type="DEFAULT_VEHTYPE" speed="12.69" pos="31.13" lane="3/2to2/2_0" slope="0.00"/>
        <vehicle id="11" x="208.06" y="401.65" angle="-90.00" type="DEFAULT_VEHTYPE" speed="1.69" pos="187.19" lane="2/2to1/2_0" slope="0.00"/>
        <vehicle id="15" x="400.01" y="-1.65" angle="21.44" type="DEFAULT_VEHTYPE" speed="13.45" pos="2.42" lane=":2/0_0_0" slope="0.00"/>
        <vehicle id="16" x="223.64" y="401.65" angle="-90.00" type="DEFAULT_VEHTYPE" speed="6.28" pos="171.61" lane="2/2to1/2_0" slope="0.00"/>
        <vehicle id="17" x="398.35" y="462.47" angle="0.00" type="DEFAULT_VEHTYPE" speed="13.17" pos="132.78" lane="2/3to2/2_0" slope="0.00"/>
        <vehicle id="18" x="540.69" y="198.35" angle="90.00" type="DEFAULT_VEHTYPE" speed="12.77" pos="135.94" lane="2/1to3/1_0" slope="0.00"/>
        <vehicle id="19" x="198.35" y="298.46" angle="0.00" type="DEFAULT_VEHTYPE" speed="12.89" pos="96.79" lane="1/2to1/1_0" slope="0.00"/>
        <vehicle id="2" x="414.71" y="401.65" angle="-90.00" type="DEFAULT_VEHTYPE" speed="5.70" pos="180.54" lane="3/2to2/2_0" slope="0.00"/>
        <vehicle id="21" x="666.77" y="598.35" angle="90.00" type="DEFAULT_VEHTYPE" speed="13.85" pos="62.02" lane="3/3to4/3_0" slope="0.00"/>
        <vehicle id="22" x="566.85" y="598.35" angle="90.00" type="DEFAULT_VEHTYPE" speed="13.66" pos="162.10" lane="2/3to3/3_0" slope="0.00"/>
        <vehicle id="23" x="598.35" y="272.34" angle="0.00" type="DEFAULT_VEHTYPE" speed="13.49" pos="122.91" lane="3/2to3/1_0" slope="0.00"/>
        <vehicle id="24" x="282.95" y="598.35" angle="90.00" type="DEFAULT_VEHTYPE" speed="13.66" pos="78.20" lane="1/3to2/3_0" slope="0.00"/>
        <vehicle id="25" x="307.88" y="601.65" angle="-90.00" type="DEFAULT_VEHTYPE" speed="13.66" pos="87.37" lane="2/3to1/3_0" slope="0.00"/>
        <vehicle id="27" x="198.35" y="403.86" angle="0.00" type="DEFAULT_VEHTYPE" speed="12.76" pos="0.89" lane=":1/2_1_0" slope="0.00"/>
        <vehicle id="28" x="380.54" y="198.35" angle="90.00" type="DEFAULT_VEHTYPE" speed="4.41" pos="175.79" lane="1/1to2/1_0" slope="0.00"/>
        <vehicle id="29" x="448.44" y="401.65" angle="-90.00" type="DEFAULT_VEHTYPE" speed="13.36" pos="146.81" lane="3/2to2/2_0" slope="0.00"/>
        <vehicle id="3" x="570.35" y="198.35" angle="90.00" type="DEFAULT_VEHTYPE" speed="10.69" pos="165.60" lane="2/1to3/1_0" slope="0.00"/>
        <vehicle id="30" x="601.65" y="590.27" angle="180.00" type="DEFAULT_VEHTYPE" speed="3.49" pos="185.52" lane="3/2to3/3_0" slope="0.00"/>
        <vehicle id="31" x="198.35" y="462.79" angle="0.00" type="DEFAULT_VEHTYPE" speed="13.49" pos="132.46" lane="1/3to1/2_0" slope="0.00"/>
        <vehicle id="32" x="401.65" y="791.91" angle="180.00" type="DEFAULT_VEHTYPE" speed="13.60" pos="187.16" lane="2/3to2/4_0" slope="0.00"/>
        <vehicle id="33" x="276.26" y="401.65" angle="-90.00" type="DEFAULT_VEHTYPE" speed="13.83" pos="118.99" lane="2/2to1/2_0" slope="0.00"/>
        <vehicle id="34" x="359.71" y="198.35" angle="90.00" type="DEFAULT_VEHTYPE" speed="11.77" pos="154.96" lane="1/1to2/1_0" slope="0.00"/>
        <vehicle id="35" x="357.90" y="398.35" angle="90.00" type="DEFAULT_VEHTYPE" speed="13.30" pos="153.15" lane="1/2to2/2_0" slope="0.00"/>
        <vehicle id="36" x="353.49" y="598.35" angle="90.00" type="DEFAULT_VEHTYPE" speed="12.97" pos="148.74" lane="1/3to2/3_0" slope="0.00"/>
        <vehicle id="37" x="201.65" y="212.96" angle="180.00" type="DEFAULT_VEHTYPE" speed="8.31" pos="8.21" lane="1/1to1/2_0" slope="0.00"/>
        <vehicle id="39" x="348.93" y="401.65" angle="-90.00" type="DEFAULT_VEHTYPE" speed="12.87" pos="46.32" lane="2/2to1/2_0" slope="0.00"/>
        <vehicle id="4" x="570.21" y="398.35" angle="90.00" type="DEFAULT_VEHTYPE" speed="13.42" pos="165.46" lane="2/2to3/2_0" slope="0.00"/>
        <vehicle id="40" x="403.93" y="198.47" angle="64.53" type="DEFAULT_VEHTYPE" speed="4.17" pos="2.35" lane=":2/1_16_0" slope="0.00"/>
        <vehicle id="42" x="401.36" y="602.74" angle="142.18" type="DEFAULT_VEHTYPE" speed="8.27" pos="8.29" lane=":2/3_14_0" slope="0.00"/>
        <vehicle id="43" x="201.65" y="255.79" angle="180.00" type="DEFAULT_VEHTYPE" speed="12.61" pos="51.04" lane="1/1to1/2_0" slope="0.00"/>
        <vehicle id="44" x="392.04" y="198.35" angle="90.00" type="DEFAULT_VEHTYPE" speed="0.57" pos="187.29" lane="1/1to2/1_0" slope="0.00"/>
        <vehicle id="45" x="408.35" y="201.65" angle="-90.00" type="DEFAULT_VEHTYPE" speed="2.59" pos="186.90" lane="3/1to2/1_0" slope="0.00"/>
        <vehicle id="46" x="607.33" y="601.65" angle="-90.00" type="DEFAULT_VEHTYPE" speed="0.14" pos="192.67" lane="4/3to3/3_0" slope="0.00"/>
        <vehicle id="47" x="401.65" y="229.34" angle="180.00" type="DEFAULT_VEHTYPE" speed="13.17" pos="24.59" lane="2/1to2/2_0" slope="0.00"/>
        <vehicle id="48" x="398.46" y="396.01" angle="-24.80" type="DEFAULT_VEHTYPE" speed="8.79" pos="9.56" lane=":2/2_6_0" slope="0.00"/>
        <vehicle id="49" x="187.00" y="398.35" angle="90.00" type="DEFAULT_VEHTYPE" speed="6.50" pos="187.00" lane="0/2to1/2_0" slope="0.00"/>
        <vehicle id="5" x="201.65" y="346.44" angle="180.00" type="DEFAULT_VEHTYPE" speed="13.21" pos="141.69" lane="1/1to1/2_0" slope="0.00"/>
        <vehicle id="6" x="201.65" y="309.49" angle="180.00" type="DEFAULT_VEHTYPE" speed="13.27" pos="104.74" lane="1/1to1/2_0" slope="0.00"/>
        <vehicle id="7" x="401.65" y="649.59" angle="180.00" type="DEFAULT_VEHTYPE" speed="13.43" pos="44.84" lane="2/3to2/4_0" slope="0.00"/>
        <vehicle id="8" x="601.65" y="215.21" angle="180.00" type="DEFAULT_VEHTYPE" speed="8.79" pos="10.46" lane="3/1to3/2_0" slope="0.00"/>
        <vehicle id="9" x="401.65" y="60.22" angle="180.00" type="DEFAULT_VEHTYPE" speed="13.15" pos="60.22" lane="2/0to2/1_0" slope="0.00"/>
    </timestep>
    <timestep time="83.00">
        <vehicle id="0" x="600.77" y="201.15" angle="122.94" type="DEFAULT_VEHTYPE" speed="6.05" pos="6.56" lane=":3/1_14_0" slope="0.00"/>
        <vehicle id="10" x="550.47" y="401.65" angle="-90.00" type="DEFAULT_VEHTYPE" speed="13.65" pos="44.78" lane="3/2to2/2_0" slope="0.00"/>
        <vehicle id="11" x="207.33" y="401.65" angle="-90.00" type="DEFAULT_VEHTYPE" speed="0.73" pos="187.92" lane="2/2to1/2_0" slope="0.00"/>
        <vehicle id="15" x="401.65" y="11.32" angle="180.00" type="DEFAULT_VEHTYPE" speed="13.72" pos="11.32" lane="2/0to2/1_0" slope="0.00"/>
        <vehicle id="16" x="219.63" y="401.65" angle="-90.00" type="DEFAULT_VEHTYPE" speed="4.01" pos="175.62" lane="2/2to1/2_0" slope="0.00"/>
        <vehicle id="17" x="398.35" y="448.76" angle="0.00" type="DEFAULT_VEHTYPE" speed="13.70" pos="146.49" lane="2/3to2/2_0" slope="0.00"/>
        <vehicle id="18" x="553.76" y="198.35" angle="90.00" type="DEFAULT_VEHTYPE" speed="13.07" pos="149.01" lane="2/1to3/1_0" slope="0.00"/>
        <vehicle id="19" x="198.35" y="285.31" angle="0.00" type="DEFAULT_VEHTYPE" speed="13.15" pos="109.94" lane="1/2to1/1_0" slope="0.00"/>
        <vehicle id="2" x="410.69" y="401.65" angle="-90.00" type="DEFAULT_VEHTYPE" speed="4.02" pos="184.56" lane="3/2to2/2_0" slope="0.00"/>
        <vehicle id="21" x="680.43" y="598.35" angle="90.00" type="DEFAULT_VEHTYPE" speed="13.65" pos="75.68" lane="3/3to4/3_0" slope="0.00"/>
        <vehicle id="22" x="579.89" y="598.35" angle="90.00" type="DEFAULT_VEHTYPE" speed="13.05" pos="175.14" lane="2/3to3/3_0" slope="0.00"/>
        <vehicle id="23" x="598.35" y="259.70" angle="0.00" type="DEFAULT_VEHTYPE" speed="12.64" pos="135.55" lane="3/2to3/1_0" slope="0.00"/>
        <vehicle id="24" x="295.70" y="598.35" angle="90.00" type="DEFAULT_VEHTYPE" speed="12.75" pos="90.95" lane="1/3to2/3_0" slope="0.00"/>
        <vehicle id="25" x="294.77" y="601.65" angle="-90.00" type="DEFAULT_VEHTYPE" speed="13.11" pos="100.48" lane="2/3to1/3_0" slope="0.00"/>
        <vehicle id="27" x="198.35" y="389.99" angle="0.00" type="DEFAULT_VEHTYPE" speed="13.87" pos="5.26" lane="1/2to1/1_0" slope="0.00"/>
        <vehicle id="28" x="382.68" y="198.35" angle="90.00" type="DEFAULT_VEHTYPE" speed="2.14" pos="177.93" lane="1/1to2/1_0" slope="0.00"/>
        <vehicle id="29" x="435.69" y="401.65" angle="-90.00" type="DEFAULT_VEHTYPE" speed="12.75" pos="159.56" lane="3/2to2/2_0" slope="0.00"/>
        <vehicle id="3" x="579.17" y="198.35" angle="90.00" type="DEFAULT_VEHTYPE" speed="8.82" pos="174.42" lane="2/1to3/1_0" slope="0.00"/>
        <vehicle id="30" x="601.60" y="595.63" angle="-179.37" type="DEFAULT_VEHTYPE" speed="5.37" pos="0.39" lane=":3/3_10_0" slope="0.00"/>
        <vehicle id="31" x="198.35" y="449.43" angle="0.00" type="DEFAULT_VEHTYPE" speed="13.35" pos="145.82" lane="1/3to1/2_0" slope="0.00"/>
        <vehicle id="33" x="263.13" y="401.65" angle="-90.00" type="DEFAULT_VEHTYPE" speed="13.13" pos="132.12" lane="2/2to1/2_0" slope="0.00"/>
        <vehicle id="34" x="366.98" y="198.35" angle="90.00" type="DEFAULT_VEHTYPE" speed="7.27" pos="162.23" lane="1/1to2/1_0" slope="0.00"/>
        <vehicle id="35" x="371.13" y="398.35" angle="90.00" type="DEFAULT_VEHTYPE" speed="13.22" pos="166.38" lane="1/2to2/2_0" slope="0.00"/>
        <vehicle id="36" x="367.28" y="598.35" angle="90.00" type="DEFAULT_VEHTYPE" speed="13.79" pos="162.53" lane="1/3to2/3_0" slope="0.00"/>
        <vehicle id="37" x="201.65" y="223.24" angle="180.00" type="DEFAULT_VEHTYPE" speed="10.27" pos="18.49" lane="1/1to1/2_0" slope="0.00"/>
        <vehicle id="39" x="335.36" y="401.65" angle="-90.00" type="DEFAULT_VEHTYPE" speed="13.56" pos="59.89" lane="2/2to1/2_0" slope="0.00"/>
        <vehicle id="4" x="579.83" y="398.35" angle="90.00" type="DEFAULT_VEHTYPE" speed="9.62" pos="175.08" lane="2/2to3/2_0" slope="0.00"/>
        <vehicle id="40" x="410.08" y="198.35" angle="90.00" type="DEFAULT_VEHTYPE" speed="6.16" pos="5.33" lane="2/1to3/1_0" slope="0.00"/>
        <vehicle id="42" x="401.65" y="612.78" angle="180.00" type="DEFAULT_VEHTYPE" speed="10.06" pos="8.03" lane="2/3to2/4_0" slope="0.00"/>
        <vehicle id="43" x="201.65" y="269.19" angle="180.00" type="DEFAULT_VEHTYPE" speed="13.40" pos="64.44" lane="1/1to1/2_0" slope="0.00"/>
        <vehicle id="44" x="392.47" y="198.35" angle="90.00" type="DEFAULT_VEHTYPE" speed="0.43" pos="187.72" lane="1/1to2/1_0" slope="0.00"/>
        <vehicle id="45" x="406.64" y="201.65" angle="-90.00" type="DEFAULT_VEHTYPE" speed="1.71" pos="188.61" lane="3/1to2/1_0" slope="0.00"/>
        <vehicle id="46" x="607.29" y="601.65" angle="-90.00" type="DEFAULT_VEHTYPE" speed="0.04" pos="192.71" lane="4/3to3/3_0" slope="0.00"/>
        <vehicle id="47" x="401.65" y="242.25" angle="180.00" type="DEFAULT_VEHTYPE" speed="12.91" pos="37.50" lane="2/1to2/2_0" slope="0.00"/>
        <vehicle id="48" x="398.35" y="384.80" angle="0.00" type="DEFAULT_VEHTYPE" speed="11.22" pos="10.45" lane="2/2to2/1_0" slope="0.00"/>
        <vehicle id="49" x="190.02" y="398.35" angle="90.00" type="DEFAULT_VEHTYPE" speed="3.02" pos="190.02" lane="0/2to1/2_0" slope="0.00"/>
        <vehicle id="5" x="201.65" y="359.15" angle="180.00" type="DEFAULT_VEHTYPE" speed="12.71" pos="154.40" lane="1/1to1/2_0" slope="0.00"/>
        <vehicle id="6" x="201.65" y="322.60" angle="180.00" type="DEFAULT_VEHTYPE" speed="13.11" pos="117.85" lane="1/1to1/2_0" slope="0.00"/>
        <vehicle id="7" x="401.65" y="662.55" angle="180.00" type="DEFAULT_VEHTYPE" speed="12.96" pos="57.80" lane="2/3to2/4_0" slope="0.00"/>
        <vehicle id="8" x="601.65" y="226.00" angle="180.00" type="DEFAULT_VEHTYPE" speed="10.79" pos="21.25" lane="3/1to3/2_0" slope="0.00"/>
        <vehicle id="9" x="401.65" y="72.90" angle="180.00" type="DEFAULT_VEHTYPE" speed="12.68" pos="72.90" lane="2/0to2/1_0" slope="0.00"/>
    </timestep>
    <timestep time="84.00">
        <vehicle id="0" x="601.65" y="208.72" angle="178.32" type="DEFAULT_VEHTYPE" speed="7.73" pos="3.97" lane="3/1to3/2_0" slope="0.00"/>
        <vehicle id="10" x="537.49" y="401.65" angle="-90.00" type="DEFAULT_VEHTYPE" speed="12.98" pos="57.76" lane="3/2to2/2_0" slope="0.00"/>
        <vehicle id="11" x="207.27" y="401.65" angle="-90.00" type="DEFAULT_VEHTYPE" speed="0.06" pos="187.98" lane="2/2to1/2_0" slope="0.00"/>
        <vehicle id="15" x="401.65" y="25.19" angle="180.00" type="DEFAULT_VEHTYPE" speed="13.87" pos="25.19" lane="2/0to2/1_0" slope="0.00"/>
        <vehicle id="16" x="216.48" y="401.65" angle="-90.00" type="DEFAULT_VEHTYPE" speed="3.15" pos="178.77" lane="2/2to1/2_0" slope="0.00"/>
        <vehicle id="17" x="398.35" y="434.94" angle="0.00" type="DEFAULT_VEHTYPE" speed="13.82" pos="160.31" lane="2/3to2/2_0" slope="0.00"/>
        <vehicle id="18" x="564.94" y="198.35" angle="90.00" type="DEFAULT_VEHTYPE" speed="11.18" pos="160.19" lane="2/1to3/1_0" slope="0.00"/>
        <vehicle id="19" x="198.35" y="272.07" angle="0.00" type="DEFAULT_VEHTYPE" speed="13.24" pos="123.18" lane="1/2to1/1_0" slope="0.00"/>
        <vehicle id="2" x="408.72" y="401.65" angle="-90.00" type="DEFAULT_VEHTYPE" speed="1.97" pos="186.53" lane="3/2to2/2_0" slope="0.00"/>
        <vehicle id="21" x="693.44" y="598.35" angle="90.00" type="DEFAULT_VEHTYPE" speed="13.01" pos="88.69" lane="3/3to4/3_0" slope="0.00"/>
        <vehicle id="22" x="593.37" y="598.35" angle="90.00" type="DEFAULT_VEHTYPE" speed="13.47" pos="188.62" lane="2/3to3/3_0" slope="0.00"/>
        <vehicle id="23" x="598.35" y="246.39" angle="0.00" type="DEFAULT_VEHTYPE" speed="13.32" pos="148.86" lane="3/2to3/1_0" slope="0.00"/>
        <vehicle id="24" x="308.41" y="598.35" angle="90.00" type="DEFAULT_VEHTYPE" speed="12.72" pos="103.66" lane="1/3to2/3_0" slope="0.00"/>
        <vehicle id="25" x="281.84" y="601.65" angle="-90.00" type="DEFAULT_VEHTYPE" speed="12.92" pos="113.41" lane="2/3to1/3_0" slope="0.00"/>
        <vehicle id="27" x="198.35" y="376.32" angle="0.00" type="DEFAULT_VEHTYPE" speed="13.67" pos="18.93" lane="1/2to1/1_0" slope="0.00"/>
        <vehicle id="28" x="383.68" y="198.35" angle="90.00" type="DEFAULT_VEHTYPE" speed="1.01" pos="178.93" lane="1/1to2/1_0" slope="0.00"/>
        <vehicle id="29" x="427.43" y="401.65" angle="-90.00" type="DEFAULT_VEHTYPE" speed="8.25" pos="167.82" lane="3/2to2/2_0" slope="0.00"/>
        <vehicle id="3" x="585.45" y="198.35" angle="90.00" type="DEFAULT_VEHTYPE" speed="6.28" pos="180.70" lane="2/1to3/1_0" slope="0.00"/>
        <vehicle id="30" x="598.10" y="601.22" angle="-138.03" type="DEFAULT_VEHTYPE" speed="7.04" pos="0.29" lane=":3/3_18_0" slope="0.00"/>
        <vehicle id="31" x="198.35" y="436.29" angle="0.00" type="DEFAULT_VEHTYPE" speed="13.14" pos="158.96" lane="1/3to1/2_0" slope="0.00"/>
        <vehicle id="33" x="250.06" y="401.65" angle="-90.00" type="DEFAULT_VEHTYPE" speed="13.07" pos="145.19" lane="2/2to1/2_0" slope="0.00"/>
        <vehicle id="34" x="371.83" y="198.35" angle="90.00" type="DEFAULT_VEHTYPE" speed="4.85" pos="167.08" lane="1/1to2/1_0" slope="0.00"/>
        <vehicle id="35" x="381.05" y="398.35" angle="90.00" type="DEFAULT_VEHTYPE" speed="9.92" pos="176.30" lane="1/2to2/2_0" slope="0.00"/>
        <vehicle id="36" x="378.40" y="598.35" angle="90.00" type="DEFAULT_VEHTYPE" speed="11.12" pos="173.65" lane="1/3to2/3_0" slope="0.00"/>
        <vehicle id="37" x="201.65" y="235.40" angle="180.00" type="DEFAULT_VEHTYPE" speed="12.16" pos="30.65" lane="1/1to1/2_0" slope="0.00"/>
        <vehicle id="39" x="321.59" y="401.65" angle="-90.00" type="DEFAULT_VEHTYPE" speed="13.77" pos="73.66" lane="2/2to1/2_0" slope="0.00"/>
        <vehicle id="4" x="586.75" y="398.35" angle="90.00" type="DEFAULT_VEHTYPE" speed="6.92" pos="182.00" lane="2/2to3/2_0" slope="0.00"/>
        <vehicle id="40" x="418.38" y="198.35" angle="90.00" type="DEFAULT_VEHTYPE" speed="8.30" pos="13.63" lane="2/1to3/1_0" slope="0.00"/>
        <vehicle id="42" x="401.65" y="624.26" angle="180.00" type="DEFAULT_VEHTYPE" speed="11.48" pos="19.51" lane="2/3to2/4_0" slope="0.00"/>
        <vehicle id="43" x="201.65" y="282.23" angle="180.00" type="DEFAULT_VEHTYPE" speed="13.04" pos="77.48" lane="1/1to1/2_0" slope="0.00"/>
        <vehicle id="44" x="394.25" y="198.35" angle="90.00" type="DEFAULT_VEHTYPE" speed="1.78" pos="189.50" lane="1/1to2/1_0" slope="0.00"/>
        <vehicle id="45" x="402.43" y="201.65" angle="-90.00" type="DEFAULT_VEHTYPE" speed="4.21" pos="2.32" lane=":2/1_5_0" slope="0.00"/>
        <vehicle id="46" x="607.26" y="601.65" angle="-90.00" type="DEFAULT_VEHTYPE" speed="0.03" pos="192.74" lane="4/3to3/3_0" slope="0.00"/>
        <vehicle id="47" x="401.65" y="254.87" angle="180.00" type="DEFAULT_VEHTYPE" speed="12.62" pos="50.12" lane="2/1to2/2_0" slope="0.00"/>
        <vehicle id="48" x="398.35" y="371.00" angle="0.00" type="DEFAULT_VEHTYPE" speed="13.80" pos="24.25" lane="2/2to2/1_0" slope="0.00"/>
        <vehicle id="49" x="191.51" y="398.35" angle="90.00" type="DEFAULT_VEHTYPE" speed="1.49" pos="191.51" lane="0/2to1/2_0" slope="0.00"/>
        <vehicle id="5" x="201.65" y="372.01" angle="180.00" type="DEFAULT_VEHTYPE" speed="12.86" pos="167.26" lane="1/1to1/2_0" slope="0.00"/>
        <vehicle id="6" x="201.65" y="335.34" angle="180.00" type="DEFAULT_VEHTYPE" speed="12.73" pos="130.59" lane="1/1to1/2_0" slope="0.00"/>
        <vehicle id="7" x="401.65" y="675.85" angle="180.00" type="DEFAULT_VEHTYPE" speed="13.30" pos="71.10" lane="2/3to2/4_0" slope="0.00"/>
        <vehicle id="8" x="601.65" y="239.06" angle="180.00" type="DEFAULT_VEHTYPE" speed="13.06" pos="34.31" lane="3/1to3/2_0" slope="0.00"/>
        <vehicle id="9" x="401.65" y="86.36" angle="180.00" type="DEFAULT_VEHTYPE" speed="13.46" pos="86.36" lane="2/0to2/1_0" slope="0.00"/>
    </timestep>
    <timestep time="85.00">
        <vehicle id="0" x="601.65" y="218.17" angle="180.00" type="DEFAULT_VEHTYPE" speed="9.45" pos="13.42" lane="3/1to3/2_0" slope="0.00"/>
        <vehicle id="10" x="524.24" y="401.65" angle="-90.00" type="DEFAULT_VEHTYPE" speed="13.25" pos="71.01" lane="3/2to2/2_0" slope="0.00"/>
        <vehicle id="11" x="207.25" y="401.65" angle="-90.00" type="DEFAULT_VEHTYPE" speed="0.01" pos="188.00" lane="2/2to1/2_0" slope="0.00"/>
        <vehicle id="15" x="401.65" y="38.62" angle="180.00" type="DEFAULT_VEHTYPE" speed="13.43" pos="38.62" lane="2/0to2/1_0" slope="0.00"/>
        <vehicle id="16" x="215.70" y="401.65" angle="-90.00" type="DEFAULT_VEHTYPE" speed="0.78" pos="179.55" lane="2/2to1/2_0" slope="0.00"/>
        <vehicle id="17" x="398.35" y="421.47" angle="0.00" type="DEFAULT_VEHTYPE" speed="13.48" pos="173.78" lane="2/3to2/2_0" slope="0.00"/>
        <vehicle id="18" x="572.91" y="198.35" angle="90.00" type="DEFAULT_VEHTYPE" speed="7.98" pos="168.16" lane="2/1to3/1_0" slope="0.00"/>
        <vehicle id="19" x="198.35" y="258.18" angle="0.00" type="DEFAULT_VEHTYPE" speed="13.89" pos="137.07" lane="1/2to1/1_0" slope="0.00"/>
        <vehicle id="2" x="407.73" y="401.65" angle="-90.00" type="DEFAULT_VEHTYPE" speed="0.99" pos="187.52" lane="3/2to2/2_0" slope="0.00"/>
        <vehicle id="21" x="706.69" y="598.35" angle="90.00" type="DEFAULT_VEHTYPE" speed="13.25" pos="101.94" lane="3/3to4/3_0" slope="0.00"/>
        <vehicle id="23" x="598.35" y="232.90" angle="0.00" type="DEFAULT_VEHTYPE" speed="13.49" pos="162.35" lane="3/2to3/1_0" slope="0.00"/>
        <vehicle id="24" x="321.57" y="598.35" angle="90.00" type="DEFAULT_VEHTYPE" speed="13.15" pos="116.82" lane="1/3to2/3_0" slope="0.00"/>
        <vehicle id="25" x="268.75" y="601.65" angle="-90.00" type="DEFAULT_VEHTYPE" speed="13.09" pos="126.50" lane="2/3to1/3_0" slope="0.00"/>
        <vehicle id="27" x="198.35" y="363.26" angle="0.00" type="DEFAULT_VEHTYPE" speed="13.06" pos="31.99" lane="1/2to1/1_0" slope="0.00"/>
        <vehicle id="28" x="385.56" y="198.35" angle="90.00" type="DEFAULT_VEHTYPE" speed="1.87" pos="180.81" lane="1/1to2/1_0" slope="0.00"/>
        <vehicle id="29" x="421.25" y="401.65" angle="-90.00" type="DEFAULT_VEHTYPE" speed="6.19" pos="174.00" lane="3/2to2/2_0" slope="0.00"/>
        <vehicle id="3" x="589.98" y="198.35" angle="90.00" type="DEFAULT_VEHTYPE" speed="4.52" pos="185.23" lane="2/1to3/1_0" slope="0.00"/>
        <vehicle id="30" x="589.00" y="601.65" angle="-90.00" type="DEFAULT_VEHTYPE" speed="9.14" pos="6.25" lane="3/3to2/3_0" slope="0.00"/>
        <vehicle id="31" x="198.35" y="422.76" angle="0.00" type="DEFAULT_VEHTYPE" speed="13.54" pos="172.49" lane="1/3to1/2_0" slope="0.00"/>
        <vehicle id="33" x="239.71" y="401.65" angle="-90.00" type="DEFAULT_VEHTYPE" speed="10.35" pos="155.54" lane="2/2to1/2_0" slope="0.00"/>
        <vehicle id="34" x="374.90" y="198.35" angle="90.00" type="DEFAULT_VEHTYPE" speed="3.07" pos="170.15" lane="1/1to2/1_0" slope="0.00"/>
        <vehicle id="35" x="386.83" y="398.35" angle="90.00" type="DEFAULT_VEHTYPE" speed="5.77" pos="182.08" lane="1/2to2/2_0" slope="0.00"/>
        <vehicle id="36" x="385.71" y="598.35" angle="90.00" type="DEFAULT_VEHTYPE" speed="7.31" pos="180.96" lane="1/3to2/3_0" slope="0.00"/>
        <vehicle id="37" x="201.65" y="248.42" angle="180.00" type="DEFAULT_VEHTYPE" speed="13.02" pos="43.67" lane="1/1to1/2_0" slope="0.00"/>
        <vehicle id="39" x="308.02" y="401.65" angle="-90.00" type="DEFAULT_VEHTYPE" speed="13.57" pos="87.23" lane="2/2to1/2_0" slope="0.00"/>
        <vehicle id="4" x="589.97" y="398.35" angle="90.00" type="DEFAULT_VEHTYPE" speed="3.22" pos="185.22" lane="2/2to3/2_0" slope="0.00"/>
        <vehicle id="40" x="429.24" y="198.35" angle="90.00" type="DEFAULT_VEHTYPE" speed="10.86" pos="24.49" lane="2/1to3/1_0" slope="0.00"/>
        <vehicle id="42" x="401.65" y="637.21" angle="180.00" type="DEFAULT_VEHTYPE" speed="12.95" pos="32.46" lane="2/3to2/4_0" slope="0.00"/>
        <vehicle id="43" x="201.65" y="295.67" angle="180.00" type="DEFAULT_VEHTYPE" speed="13.45" pos="90.92" lane="1/1to1/2_0" slope="0.00"/>
        <vehicle id="44" x="398.34" y="198.35" angle="90.00" type="DEFAULT_VEHTYPE" speed="4.09" pos="3.09" lane=":2/1_13_0" slope="0.00"/>
        <vehicle id="45" x="396.07" y="201.65" angle="-90.00" type="DEFAULT_VEHTYPE" speed="6.36" pos="8.68" lane=":2/1_5_0" slope="0.00"/>
        <vehicle id="46" x="605.42" y="601.65" angle="-90.00" type="DEFAULT_VEHTYPE" speed="1.84" pos="194.58" lane="4/3to3/3_0" slope="0.00"/>
        <vehicle id="47" x="401.65" y="268.45" angle="180.00" type="DEFAULT_VEHTYPE" speed="13.58" pos="63.70" lane="2/1to2/2_0" slope="0.00"/>
        <vehicle id="48" x="398.35" y="357.30" angle="0.00" type="DEFAULT_VEHTYPE" speed="13.70" pos="37.95" lane="2/2to2/1_0" slope="0.00"/>
        <vehicle id="49" x="192.60" y="398.35" angle="90.00" type="DEFAULT_VEHTYPE" speed="1.08" pos="192.60" lane="0/2to1/2_0" slope="0.00"/>
        <vehicle id="5" x="201.65" y="384.69" angle="180.00" type="DEFAULT_VEHTYPE" speed="12.68" pos="179.94" lane="1/1to1/2_0" slope="0.00"/>
        <vehicle id="6" x="201.65" y="348.24" angle="180.00" type="DEFAULT_VEHTYPE" speed="12.91" pos="143.49" lane="1/1to1/2_0" slope="0.00"/>
        <vehicle id="7" x="401.65" y="689.22" angle="180.00" type="DEFAULT_VEHTYPE" speed="13.37" pos="84.47" lane="2/3to2/4_0" slope="0.00"/>
        <vehicle id="8" x="601.65" y="251.77" angle="180.00" type="DEFAULT_VEHTYPE" speed="12.71" pos="47.02" lane="3/1to3/2_0" slope="0.00"/>
        <vehicle id="9" x="401.65" y="99.15" angle="180.00" type="DEFAULT_VEHTYPE" speed="12.79" pos="99.15" lane="2/0to2/1_0" slope="0.00"/>
    </timestep>
    <timestep time="86.00">
        <vehicle id="0" x="601.65" y="229.23" angle="180.00" type="DEFAULT_VEHTYPE" speed="11.06" pos="24.48" lane="3/1to3/2_0" slope="0.00"/>
        <vehicle id="10" x="510.39" y="401.65" angle="-90.00" type="DEFAULT_VEHTYPE" speed="13.85" pos="84.86" lane="3/2to2/2_0" slope="0.00"/>
        <vehicle id="11" x="207.25" y="401.65" angle="-90.00" type="DEFAULT_VEHTYPE" speed="0.00" pos="188.00" lane="2/2to1/2_0" slope="0.00"/>
        <vehicle id="15" x="401.65" y="52.02" angle="180.00" type="DEFAULT_VEHTYPE" speed="13.40" pos="52.02" lane="2/0to2/1_0" slope="0.00"/>
        <vehicle id="16" x="214.93" y="401.65" angle="-90.00" type="DEFAULT_VEHTYPE" speed="0.77" pos="180.32" lane="2/2to1/2_0" slope="0.00"/>
        <vehicle id="17" x="398.35" y="408.36" angle="0.00" type="DEFAULT_VEHTYPE" speed="13.10" pos="186.89" lane="2/3to2/2_0" slope="0.00"/>
        <vehicle id="18" x="578.90" y="198.35" angle="90.00" type="DEFAULT_VEHTYPE" speed="5.99" pos="174.15" lane="2/1to3/1_0" slope="0.00"/>
        <vehicle id="19" x="198.35" y="245.19" angle="0.00" type="DEFAULT_VEHTYPE" speed="12.99" pos="150.06" lane="1/2to1/1_0" slope="0.00"/>
        <vehicle id="2" x="407.33" y="401.65" angle="-90.00" type="DEFAULT_VEHTYPE" speed="0.40" pos="187.92" lane="3/2to2/2_0" slope="0.00"/>
        <vehicle id="21" x="720.19" y="598.35" angle="90.00" type="DEFAULT_VEHTYPE" speed="13.50" pos="115.44" lane="3/3to4/3_0" slope="0.00"/>
        <vehicle id="23" x="598.35" y="219.04" angle="0.00" type="DEFAULT_VEHTYPE" speed="13.86" pos="176.21" lane="3/2to3/1_0" slope="0.00"/>
        <vehicle id="24" x="334.75" y="598.35" angle="90.00" type="DEFAULT_VEHTYPE" speed="13.19" pos="130.00" lane="1/3to2/3_0" slope="0.00"/>
        <vehicle id="25" x="255.66" y="601.65" angle="-90.00" type="DEFAULT_VEHTYPE" speed="13.09" pos="139.59" lane="2/3to1/3_0" slope="0.00"/>
        <vehicle id="27" x="198.35" y="350.11" angle="0.00" type="DEFAULT_VEHTYPE" speed="13.15" pos="45.14" lane="1/2to1/1_0" slope="0.00"/>
        <vehicle id="28" x="388.54" y="198.35" angle="90.00" type="DEFAULT_VEHTYPE" speed="2.98" pos="183.79" lane="1/1to2/1_0" slope="0.00"/>
        <vehicle id="29" x="417.61" y="401.65" angle="-90.00" type="DEFAULT_VEHTYPE" speed="3.63" pos="177.64" lane="3/2to2/2_0" slope="0.00"/>
        <vehicle id="3" x="596.19" y="198.48" angle="91.54" type="DEFAULT_VEHTYPE" speed="6.22" pos="0.95" lane=":3/1_14_0" slope="0.00"/>
        <vehicle id="30" x="578.01" y="601.65" angle="-90.00" type="DEFAULT_VEHTYPE" speed="10.99" pos="17.24" lane="3/3to2/3_0" slope="0.00"/>
        <vehicle id="31" x="198.35" y="409.54" angle="0.00" type="DEFAULT_VEHTYPE" speed="13.21" pos="185.71" lane="1/3to1/2_0" slope="0.00"/>
        <vehicle id="33" x="232.32" y="401.65" angle="-90.00" type="DEFAULT_VEHTYPE" speed="7.39" pos="162.93" lane="2/2to1/2_0" slope="0.00"/>
        <vehicle id="34" x="376.82" y="198.35" angle="90.00" type="DEFAULT_VEHTYPE" speed="1.92" pos="172.07" lane="1/1to2/1_0" slope="0.00"/>
        <vehicle id="35" x="390.14" y="398.35" angle="90.00" type="DEFAULT_VEHTYPE" speed="3.31" pos="185.39" lane="1/2to2/2_0" slope="0.00"/>
        <vehicle id="36" x="390.26" y="598.35" angle="90.00" type="DEFAULT_VEHTYPE" speed="4.55" pos="185.51" lane="1/3to2/3_0" slope="0.00"/>
        <vehicle id="37" x="201.65" y="262.03" angle="180.00" type="DEFAULT_VEHTYPE" speed="13.62" pos="57.28" lane="1/1to1/2_0" slope="0.00"/>
        <vehicle id="39" x="294.13" y="401.65" angle="-90.00" type="DEFAULT_VEHTYPE" speed="13.89" pos="101.12" lane="2/2to1/2_0" slope="0.00"/>
        <vehicle id="4" x="595.55" y="398.31" angle="89.52" type="DEFAULT_VEHTYPE" speed="5.59" pos="0.30" lane=":3/2_12_0" slope="0.00"/>
        <vehicle id="40" x="442.35" y="198.35" angle="90.00" type="DEFAULT_VEHTYPE" speed="13.11" pos="37.60" lane="2/1to3/1_0" slope="0.00"/>
        <vehicle id="42" x="401.65" y="650.59" angle="180.00" type="DEFAULT_VEHTYPE" speed="13.38" pos="45.84" lane="2/3to2/4_0" slope="0.00"/>
        <vehicle id="43" x="201.65" y="308.98" angle="180.00" type="DEFAULT_VEHTYPE" speed="13.31" pos="104.23" lane="1/1to1/2_0" slope="0.00"/>
        <vehicle id="44" x="404.89" y="198.35" angle="90.00" type="DEFAULT_VEHTYPE" speed="6.55" pos="0.14" lane="2/1to3/1_0" slope="0.00"/>
        <vehicle id="45" x="388.06" y="201.65" angle="-90.00" type="DEFAULT_VEHTYPE" speed="8.01" pos="7.19" lane="2/1to1/1_0" slope="0.00"/>
        <vehicle id="46" x="601.53" y="601.65" angle="-90.00" type="DEFAULT_VEHTYPE" speed="3.88" pos="3.22" lane=":3/3_5_0" slope="0.00"/>
        <vehicle id="47" x="401.65" y="281.93" angle="180.00" type="DEFAULT_VEHTYPE" speed="13.48" pos="77.18" lane="2/1to2/2_0" slope="0.00"/>
        <vehicle id="48" x="398.35" y="343.66" angle="0.00" type="DEFAULT_VEHTYPE" speed="13.64" pos="51.59" lane="2/2to2/1_0" slope="0.00"/>
        <vehicle id="49" x="192.73" y="398.35" angle="90.00" type="DEFAULT_VEHTYPE" speed="0.13" pos="192.73" lane="0/2to1/2_0" slope="0.00"/>
        <vehicle id="5" x="201.65" y="397.62" angle="180.00" type="DEFAULT_VEHTYPE" speed="12.93" pos="2.37" lane=":1/2_9_0" slope="0.00"/>
        <vehicle id="6" x="201.65" y="361.17" angle="180.00" type="DEFAULT_VEHTYPE" speed="12.93" pos="156.42" lane="1/1to1/2_0" slope="0.00"/>
        <vehicle id="7" x="401.65" y="702.18" angle="180.00" type="DEFAULT_VEHTYPE" speed="12.95" pos="97.43" lane="2/3to2/4_0" slope="0.00"/>
        <vehicle id="8" x="601.65" y="264.74" angle="180.00" type="DEFAULT_VEHTYPE" speed="12.97" pos="59.99" lane="3/1to3/2_0" slope="0.00"/>
        <vehicle id="9" x="401.65" y="112.12" angle="180.00" type="DEFAULT_VEHTYPE" speed="12.97" pos="112.12" lane="2/0to2/1_0" slope="0.00"/>
    </timestep>
    <timestep time="87.00">
        <vehicle id="0" x="601.65" y="242.28" angle="180.00" type="DEFAULT_VEHTYPE" speed="13.04" pos="37.53" lane="3/1to3/2_0" slope="0.00"/>
        <vehicle id="10" x="496.85" y="401.65" angle="-90.00" type="DEFAULT_VEHTYPE" speed="13.54" pos="98.40" lane="3/2to2/2_0" slope="0.00"/>
        <vehicle id="11" x="207.25" y="401.65" angle="-90.00" type="DEFAULT_VEHTYPE" speed="0.00" pos="188.00" lane="2/2to1/2_0" slope="0.00"/>
        <vehicle id="15" x="401.65" y="65.14" angle="180.00" type="DEFAULT_VEHTYPE" speed="13.12" pos="65.14" lane="2/0to2/1_0" slope="0.00"/>
        <vehicle id="16" x="214.81" y="401.65" angle="-90.00" type="DEFAULT_VEHTYPE" speed="0.12" pos="180.44" lane="2/2to1/2_0" slope="0.00"/>
        <vehicle id="17" x="391.21" y="401.65" angle="-88.47" type="DEFAULT_VEHTYPE" speed="12.65" pos="4.04" lane="2/2to1/2_0" slope="0.00"/>
        <vehicle id="18" x="585.65" y="198.35" angle="90.00" type="DEFAULT_VEHTYPE" speed="6.75" pos="180.90" lane="2/1to3/1_0" slope="0.00"/>
        <vehicle id="19" x="198.35" y="231.97" angle="0.00" type="DEFAULT_VEHTYPE" speed="13.22" pos="163.28" lane="1/2to1/1_0" slope="0.00"/>
        <vehicle id="2" x="407.26" y="401.65" angle="-90.00" type="DEFAULT_VEHTYPE" speed="0.08" pos="187.99" lane="3/2to2/2_0" slope="0.00"/>
        <vehicle id="21" x="734.00" y="598.35" angle="90.00" type="DEFAULT_VEHTYPE" speed="13.80" pos="129.25" lane="3/3to4/3_0" slope="0.00"/>
        <vehicle id="23" x="598.35" y="205.75" angle="0.00" type="DEFAULT_VEHTYPE" speed="13.29" pos="189.50" lane="3/2to3/1_0" slope="0.00"/>
        <vehicle id="24" x="348.58" y="598.35" angle="90.00" type="DEFAULT_VEHTYPE" speed="13.83" pos="143.83" lane="1/3to2/3_0" slope="0.00"/>
        <vehicle id="25" x="241.88" y="601.65" angle="-90.00" type="DEFAULT_VEHTYPE" speed="13.78" pos="153.37" lane="2/3to1/3_0" slope="0.00"/>
        <vehicle id="27" x="198.35" y="336.86" angle="0.00" type="DEFAULT_VEHTYPE" speed="13.25" pos="58.39" lane="1/2to1/1_0" slope="0.00"/>
        <vehicle id="28" x="393.96" y="198.35" angle="90.00" type="DEFAULT_VEHTYPE" speed="5.42" pos="189.21" lane="1/1to2/1_0" slope="0.00"/>
        <vehicle id="29" x="415.95" y="401.65" angle="-90.00" type="DEFAULT_VEHTYPE" speed="1.67" pos="179.30" lane="3/2to2/2_0" slope="0.00"/>
        <vehicle id="3" x="601.43" y="203.23" angle="147.24" type="DEFAULT_VEHTYPE" speed="7.83" pos="8.78" lane=":3/1_14_0" slope="0.00"/>
        <vehicle id="30" x="565.11" y="601.65" angle="-90.00" type="DEFAULT_VEHTYPE" speed="12.90" pos="30.14" lane="3/3to2/3_0" slope="0.00"/>
        <vehicle id="33" x="226.84" y="401.65" angle="-90.00" type="DEFAULT_VEHTYPE" speed="5.48" pos="168.41" lane="2/2to1/2_0" slope="0.00"/>
        <vehicle id="34" x="379.83" y="198.35" angle="90.00" type="DEFAULT_VEHTYPE" speed="3.01" pos="175.08" lane="1/1to2/1_0" slope="0.00"/>
        <vehicle id="35" x="395.74" y="398.35" angle="90.00" type="DEFAULT_VEHTYPE" speed="5.60" pos="0.49" lane=":2/2_13_0" slope="0.00"/>
        <vehicle id="36" x="396.59" y="599.37" angle="102.44" type="DEFAULT_VEHTYPE" speed="6.70" pos="1.71" lane=":2/3_15_0" slope="0.00"/>
        <vehicle id="37" x="201.65" y="275.10" angle="180.00" type="DEFAULT_VEHTYPE" speed="13.07" pos="70.35" lane="1/1to1/2_0" slope="0.00"/>
        <vehicle id="39" x="280.63" y="401.65" angle="-90.00" type="DEFAULT_VEHTYPE" speed="13.50" pos="114.62" lane="2/2to1/2_0" slope="0.00"/>
        <vehicle id="4" x="598.35" y="392.33" angle="6.46" type="DEFAULT_VEHTYPE" speed="7.62" pos="2.92" lane="3/2to3/1_0" slope="0.00"/>
        <vehicle id="40" x="456.09" y="198.35" angle="90.00" type="DEFAULT_VEHTYPE" speed="13.74" pos="51.34" lane="2/1to3/1_0" slope="0.00"/>
        <vehicle id="42" x="401.65" y="663.47" angle="180.00" type="DEFAULT_VEHTYPE" speed="12.88" pos="58.72" lane="2/3to2/4_0" slope="0.00"/>
        <vehicle id="43" x="201.65" y="321.85" angle="180.00" type="DEFAULT_VEHTYPE" speed="12.87" pos="117.10" lane="1/1to1/2_0" slope="0.00"/>
        <vehicle id="44" x="413.66" y="198.35" angle="90.00" type="DEFAULT_VEHTYPE" speed="8.77" pos="8.91" lane="2/1to3/1_0" slope="0.00"/>
        <vehicle id="45" x="377.66" y="201.65" angle="-90.00" type="DEFAULT_VEHTYPE" speed="10.40" pos="17.59" lane="2/1to1/1_0" slope="0.00"/>
        <vehicle id="46" x="596.10" y="601.65" angle="-90.00" type="DEFAULT_VEHTYPE" speed="5.43" pos="8.65" lane=":3/3_5_0" slope="0.00"/>
        <vehicle id="47" x="401.65" y="295.45" angle="180.00" type="DEFAULT_VEHTYPE" speed="13.52" pos="90.70" lane="2/1to2/2_0" slope="0.00"/>
        <vehicle id="48" x="398.35" y="330.82" angle="0.00" type="DEFAULT_VEHTYPE" speed="12.83" pos="64.43" lane="2/2to2/1_0" slope="0.00"/>
        <vehicle id="49" x="192.74" y="398.35" angle="90.00" type="DEFAULT_VEHTYPE" speed="0.02" pos="192.74" lane="0/2to1/2_0" slope="0.00"/>
        <vehicle id="5" x="201.65" y="410.63" angle="180.00" type="DEFAULT_VEHTYPE" speed="13.01" pos="5.88" lane="1/2to1/3_0" slope="0.00"/>
        <vehicle id="6" x="201.65" y="374.48" angle="180.00" type="DEFAULT_VEHTYPE" speed="13.31" pos="169.73" lane="1/1to1/2_0" slope="0.00"/>
        <vehicle id="7" x="401.65" y="715.79" angle="180.00" type="DEFAULT_VEHTYPE" speed="13.61" pos="111.04" lane="2/3to2/4_0" slope="0.00"/>
        <vehicle id="8" x="601.65" y="278.41" angle="180.00" type="DEFAULT_VEHTYPE" speed="13.67" pos="73.66" lane="3/1to3/2_0" slope="0.00"/>
        <vehicle id="9" x="401.65" y="125.87" angle="180.00" type="DEFAULT_VEHTYPE" speed="13.75" pos="125.87" lane="2/0to2/1_0" slope="0.00"/>
    </timestep>
    <timestep time="88.00">
        <vehicle id="0" x="601.65" y="255.20" angle="180.00" type="DEFAULT_VEHTYPE" speed="12.92" pos="50.45" lane="3/1to3/2_0" slope="0.00"/>
        <vehicle id="10" x="483.84" y="401.65" angle="-90.00" type="DEFAULT_VEHTYPE" speed="13.00" pos="111.41" lane="3/2to2/2_0" slope="0.00"/>
        <vehicle id="11" x="207.25" y="401.65" angle="-90.00" type="DEFAULT_VEHTYPE" speed="0.00" pos="188.00" lane="2/2to1/2_0" slope="0.00"/>
        <vehicle id="15" x="401.65" y="78.48" angle="180.00" type="DEFAULT_VEHTYPE" speed="13.34" pos="78.48" lane="2/0to2/1_0" slope="0.00"/>
        <vehicle id="16" x="214.76" y="401.65" angle="-90.00" type="DEFAULT_VEHTYPE" speed="0.05" pos="180.49" lane="2/2to1/2_0" slope="0.00"/>
        <vehicle id="17" x="378.57" y="401.65" angle="-90.00" type="DEFAULT_VEHTYPE" speed="12.64" pos="16.68" lane="2/2to1/2_0" slope="0.00"/>
        <vehicle id="18" x="589.98" y="198.35" angle="90.00" type="DEFAULT_VEHTYPE" speed="4.32" pos="185.23" lane="2/1to3/1_0" slope="0.00"/>
        <vehicle id="19" x="198.35" y="218.25" angle="0.00" type="DEFAULT_VEHTYPE" speed="13.72" pos="177.00" lane="1/2to1/1_0" slope="0.00"/>
        <vehicle id="2" x="407.26" y="401.65" angle="-90.00" type="DEFAULT_VEHTYPE" speed="0.00" pos="187.99" lane="3/2to2/2_0" slope="0.00"/>
        <vehicle id="21" x="747.36" y="598.35" angle="90.00" type="DEFAULT_VEHTYPE" speed="13.36" pos="142.61" lane="3/3to4/3_0" slope="0.00"/>
        <vehicle id="24" x="361.23" y="598.35" angle="90.00" type="DEFAULT_VEHTYPE" speed="12.65" pos="156.48" lane="1/3to2/3_0" slope="0.00"/>
        <vehicle id="25" x="228.88" y="601.65" angle="-90.00" type="DEFAULT_VEHTYPE" speed="13.00" pos="166.37" lane="2/3to1/3_0" slope="0.00"/>
        <vehicle id="27" x="198.35" y="323.41" angle="0.00" type="DEFAULT_VEHTYPE" speed="13.45" pos="71.84" lane="1/2to1/1_0" slope="0.00"/>
        <vehicle id="28" x="401.06" y="198.35" angle="90.00" type="DEFAULT_VEHTYPE" speed="7.10" pos="5.81" lane=":2/1_13_0" slope="0.00"/>
        <vehicle id="29" x="415.08" y="401.65" angle="-90.00" type="DEFAULT_VEHTYPE" speed="0.87" pos="180.17" lane="3/2to2/2_0" slope="0.00"/>
        <vehicle id="3" x="601.65" y="213.30" angle="180.00" type="DEFAULT_VEHTYPE" speed="10.09" pos="8.55" lane="3/1to3/2_0" slope="0.00"/>
        <vehicle id="30" x="551.79" y="601.65" angle="-90.00" type="DEFAULT_VEHTYPE" speed="13.32" pos="43.46" lane="3/3to2/3_0" slope="0.00"/>
        <vehicle id="33" x="224.19" y="401.65" angle="-90.00" type="DEFAULT_VEHTYPE" speed="2.65" pos="171.06" lane="2/2to1/2_0" slope="0.00"/>
        <vehicle id="34" x="385.02" y="198.35" angle="90.00" type="DEFAULT_VEHTYPE" speed="5.19" pos="180.27" lane="1/1to2/1_0" slope="0.00"/>
        <vehicle id="35" x="403.71" y="398.35" angle="90.00" type="DEFAULT_VEHTYPE" speed="7.97" pos="8.46" lane=":2/2_13_0" slope="0.00"/>
        <vehicle id="36" x="390.19" y="601.65" angle="-90.00" type="DEFAULT_VEHTYPE" speed="8.18" pos="5.06" lane="2/3to1/3_0" slope="0.00"/>
        <vehicle id="37" x="201.65" y="287.93" angle="180.00" type="DEFAULT_VEHTYPE" speed="12.83" pos="83.18" lane="1/1to1/2_0" slope="0.00"/>
        <vehicle id="39" x="267.47" y="401.65" angle="-90.00" type="DEFAULT_VEHTYPE" speed="13.16" pos="127.78" lane="2/2to1/2_0" slope="0.00"/>
        <vehicle id="4" x="598.35" y="383.35" angle="0.00" type="DEFAULT_VEHTYPE" speed="8.98" pos="11.90" lane="3/2to3/1_0" slope="0.00"/>
        <vehicle id="40" x="469.52" y="198.35" angle="90.00" type="DEFAULT_VEHTYPE" speed="13.43" pos="64.77" lane="2/1to3/1_0" slope="0.00"/>
        <vehicle id="42" x="401.65" y="676.78" angle="180.00" type="DEFAULT_VEHTYPE" speed="13.31" pos="72.03" lane="2/3to2/4_0" slope="0.00"/>
        <vehicle id="43" x="201.65" y="335.43" angle="180.00" type="DEFAULT_VEHTYPE" speed="13.57" pos="130.68" lane="1/1to1/2_0" slope="0.00"/>
        <vehicle id="44" x="424.46" y="198.35" angle="90.00" type="DEFAULT_VEHTYPE" speed="10.80" pos="19.71" lane="2/1to3/1_0" slope="0.00"/>
        <vehicle id="45" x="365.01" y="201.65" angle="-90.00" type="DEFAULT_VEHTYPE" speed="12.65" pos="30.24" lane="2/1to1/1_0" slope="0.00"/>
        <vehicle id="46" x="588.87" y="601.65" angle="-90.00" type="DEFAULT_VEHTYPE" speed="7.23" pos="6.38" lane="3/3to2/3_0" slope="0.00"/>
        <vehicle id="47" x="401.65" y="308.36" angle="180.00" type="DEFAULT_VEHTYPE" speed="12.91" pos="103.61" lane="2/1to2/2_0" slope="0.00"/>
        <vehicle id="48" x="398.35" y="317.32" angle="0.00" type="DEFAULT_VEHTYPE" speed="13.51" pos="77.93" lane="2/2to2/1_0" slope="0.00"/>
        <vehicle id="49" x="192.74" y="398.35" angle="90.00" type="DEFAULT_VEHTYPE" speed="0.00" pos="192.74" lane="0/2to1/2_0" slope="0.00"/>
        <vehicle id="5" x="201.65" y="423.96" angle="180.00" type="DEFAULT_VEHTYPE" speed="13.33" pos="19.21" lane="1/2to1/3_0" slope="0.00"/>
        <vehicle id="6" x="201.65" y="387.35" angle="180.00" type="DEFAULT_VEHTYPE" speed="12.87" pos="182.60" lane="1/1to1/2_0" slope="0.00"/>
        <vehicle id="7" x="401.65" y="728.70" angle="180.00" type="DEFAULT_VEHTYPE" speed="12.91" pos="123.95" lane="2/3to2/4_0" slope="0.00"/>
        <vehicle id="8" x="601.65" y="291.71" angle="180.00" type="DEFAULT_VEHTYPE" speed="13.30" pos="86.96" lane="3/1to3/2_0" slope="0.00"/>
        <vehicle id="9" x="401.65" y="138.95" angle="180.00" type="DEFAULT_VEHTYPE" speed="13.08" pos="138.95" lane="2/0to2/1_0" slope="0.00"/>
    </timestep>
    <timestep time="89.00">
        <vehicle id="0" x="601.65" y="268.66" angle="180.00" type="DEFAULT_VEHTYPE" speed="13.46" pos="63.91" lane="3/1to3/2_0" slope="0.00"/>
        <vehicle id="10" x="471.09" y="401.65" angle="-90.00" type="DEFAULT_VEHTYPE" speed="12.75" pos="124.16" lane="3/2to2/2_0" slope="0.00"/>
        <vehicle id="11" x="207.25" y="401.65" angle="-90.00" type="DEFAULT_VEHTYPE" speed="0.00" pos="188.00" lane="2/2to1/2_0" slope="0.00"/>
        <vehicle id="15" x="401.65" y="91.16" angle="180.00" type="DEFAULT_VEHTYPE" speed="12.67" pos="91.16" lane="2/0to2/1_0" slope="0.00"/>
        <vehicle id="16" x="214.76" y="401.65" angle="-90.00" type="DEFAULT_VEHTYPE" speed="0.00" pos="180.49" lane="2/2to1/2_0" slope="0.00"/>
        <vehicle id="17" x="365.24" y="401.65" angle="-90.00" type="DEFAULT_VEHTYPE" speed="13.33" pos="30.01" lane="2/2to1/2_0" slope="0.00"/>
        <vehicle id="18" x="596.76" y="198.57" angle="92.48" type="DEFAULT_VEHTYPE" speed="6.80" pos="1.52" lane=":3/1_14_0" slope="0.00"/>
        <vehicle id="19" x="198.35" y="205.40" angle="0.00" type="DEFAULT_VEHTYPE" speed="12.84" pos="189.85" lane="1/2to1/1_0" slope="0.00"/>
        <vehicle id="2" x="404.83" y="401.65" angle="-90.00" type="DEFAULT_VEHTYPE" speed="2.42" pos="190.42" lane="3/2to2/2_0" slope="0.00"/>
        <vehicle id="21" x="761.13" y="598.35" angle="90.00" type="DEFAULT_VEHTYPE" speed="13.78" pos="156.38" lane="3/3to4/3_0" slope="0.00"/>
        <vehicle id="24" x="373.21" y="598.35" angle="90.00" type="DEFAULT_VEHTYPE" speed="11.98" pos="168.46" lane="1/3to2/3_0" slope="0.00"/>
        <vehicle id="25" x="219.20" y="601.65" angle="-90.00" type="DEFAULT_VEHTYPE" speed="9.69" pos="176.05" lane="2/3to1/3_0" slope="0.00"/>
        <vehicle id="27" x="198.35" y="310.27" angle="0.00" type="DEFAULT_VEHTYPE" speed="13.14" pos="84.98" lane="1/2to1/1_0" slope="0.00"/>
        <vehicle id="28" x="410.66" y="198.35" angle="90.00" type="DEFAULT_VEHTYPE" speed="9.60" pos="5.91" lane="2/1to3/1_0" slope="0.00"/>
        <vehicle id="29" x="414.86" y="401.65" angle="-90.00" type="DEFAULT_VEHTYPE" speed="0.22" pos="180.39" lane="3/2to2/2_0" slope="0.00"/>
        <vehicle id="3" x="601.65" y="225.58" angle="180.00" type="DEFAULT_VEHTYPE" speed="12.28" pos="20.83" lane="3/1to3/2_0" slope="0.00"/>
        <vehicle id="30" x="538.98" y="601.65" angle="-90.00" type="DEFAULT_VEHTYPE" speed="12.80" pos="56.27" lane="3/3to2/3_0" slope="0.00"/>
        <vehicle id="33" x="222.60" y="401.65" angle="-90.00" type="DEFAULT_VEHTYPE" speed="1.59" pos="172.65" lane="2/2to1/2_0" slope="0.00"/>
        <vehicle id="34" x="389.90" y="198.35" angle="90.00" type="DEFAULT_VEHTYPE" speed="4.89" pos="185.15" lane="1/1to2/1_0" slope="0.00"/>
        <vehicle id="35" x="413.24" y="398.35" angle="90.00" type="DEFAULT_VEHTYPE" speed="9.53" pos="8.49" lane="2/2to3/2_0" slope="0.00"/>
        <vehicle id="36" x="379.47" y="601.65" angle="-90.00" type="DEFAULT_VEHTYPE" speed="10.72" pos="15.78" lane="2/3to1/3_0" slope="0.00"/>
        <vehicle id="37" x="201.65" y="300.68" angle="180.00" type="DEFAULT_VEHTYPE" speed="12.75" pos="95.93" lane="1/1to1/2_0" slope="0.00"/>
        <vehicle id="39" x="254.06" y="401.65" angle="-90.00" type="DEFAULT_VEHTYPE" speed="13.42" pos="141.19" lane="2/2to1/2_0" slope="0.00"/>
        <vehicle id="4" x="598.35" y="372.59" angle="0.00" type="DEFAULT_VEHTYPE" speed="10.75" pos="22.66" lane="3/2to3/1_0" slope="0.00"/>
        <vehicle id="40" x="483.27" y="198.35" angle="90.00" type="DEFAULT_VEHTYPE" speed="13.75" pos="78.52" lane="2/1to3/1_0" slope="0.00"/>
        <vehicle id="42" x="401.65" y="690.52" angle="180.00" type="DEFAULT_VEHTYPE" speed="13.74" pos="85.77" lane="2/3to2/4_0" slope="0.00"/>
        <vehicle id="43" x="201.65" y="349.21" angle="180.00" type="DEFAULT_VEHTYPE" speed="13.78" pos="144.46" lane="1/1to1/2_0" slope="0.00"/>
        <vehicle id="44" x="437.61" y="198.35" angle="90.00" type="DEFAULT_VEHTYPE" speed="13.15" pos="32.86" lane="2/1to3/1_0" slope="0.00"/>
        <vehicle id="45" x="352.35" y="201.65" angle="-90.00" type="DEFAULT_VEHTYPE" speed="12.66" pos="42.90" lane="2/1to1/1_0" slope="0.00"/>
        <vehicle id="46" x="580.15" y="601.65" angle="-90.00" type="DEFAULT_VEHTYPE" speed="8.72" pos="15.10" lane="3/3to2/3_0" slope="0.00"/>
        <vehicle id="47" x="401.65" y="321.72" angle="180.00" type="DEFAULT_VEHTYPE" speed="13.36" pos="116.97" lane="2/1to2/2_0" slope="0.00"/>
        <vehicle id="48" x="398.35" y="304.24" angle="0.00" type="DEFAULT_VEHTYPE" speed="13.07" pos="91.01" lane="2/2to2/1_0" slope="0.00"/>
        <vehicle id="49" x="192.74" y="398.35" angle="90.00" type="DEFAULT_VEHTYPE" speed="0.00" pos="192.74" lane="0/2to1/2_0" slope="0.00"/>
        <vehicle id="5" x="201.65" y="436.61" angle="180.00" type="DEFAULT_VEHTYPE" speed="12.65" pos="31.86" lane="1/2to1/3_0" slope="0.00"/>
        <vehicle id="6" x="201.65" y="400.41" angle="180.00" type="DEFAULT_VEHTYPE" speed="13.06" pos="5.16" lane=":1/2_9_0" slope="0.00"/>
        <vehicle id="7" x="401.65" y="741.44" angle="180.00" type="DEFAULT_VEHTYPE" speed="12.73" pos="136.69" lane="2/3to2/4_0" slope="0.00"/>
        <vehicle id="8" x="601.65" y="304.78" angle="180.00" type="DEFAULT_VEHTYPE" speed="13.07" pos="100.03" lane="3/1to3/2_0" slope="0.00"/>
        <vehicle id="9" x="401.65" y="151.91" angle="180.00" type="DEFAULT_VEHTYPE" speed="12.96" pos="151.91" lane="2/0to2/1_0" slope="0.00"/>
    </timestep>
    <timestep time="90.00">
        <vehicle id="0" x="601.65" y="282.14" angle="180.00" type="DEFAULT_VEHTYPE" speed="13.49" pos="77.39" lane="3/1to3/2_0" slope="0.00"/>
        <vehicle id="10" x="457.73" y="401.65" angle="-90.00" type="DEFAULT_VEHTYPE" speed="13.35" pos="137.52" lane="3/2to2/2_0" slope="0.00"/>
        <vehicle id="11" x="207.25" y="401.65" angle="-90.00" type="DEFAULT_VEHTYPE" speed="0.00" pos="188.00" lane="2/2to1/2_0" slope="0.00"/>
        <vehicle id="15" x="401.65" y="104.14" angle="180.00" type="DEFAULT_VEHTYPE" speed="12.99" pos="104.14" lane="2/0to2/1_0" slope="0.00"/>
        <vehicle id="16" x="214.76" y="401.65" angle="-90.00" type="DEFAULT_VEHTYPE" speed="0.00" pos="180.49" lane="2/2to1/2_0" slope="0.00"/>
        <vehicle id="17" x="352.20" y="401.65" angle="-90.00" type="DEFAULT_VEHTYPE" speed="13.04" pos="43.05" lane="2/2to1/2_0" slope="0.00"/>
        <vehicle id="18" x="601.62" y="204.51" angle="160.40" type="DEFAULT_VEHTYPE" speed="8.55" pos="10.08" lane=":3/1_14_0" slope="0.00"/>
        <vehicle id="19" x="187.16" y="201.65" angle="-90.00" type="DEFAULT_VEHTYPE" speed="13.75" pos="8.09" lane="1/1to0/1_0" slope="0.00"/>
        <vehicle id="2" x="400.39" y="401.65" angle="-90.00" type="DEFAULT_VEHTYPE" speed="4.45" pos="4.36" lane=":2/2_5_0" slope="0.00"/>
        <vehicle id="21" x="774.33" y="598.35" angle="90.00" type="DEFAULT_VEHTYPE" speed="13.20" pos="169.58" lane="3/3to4/3_0" slope="0.00"/>
        <vehicle id="24" x="382.61" y="598.35" angle="90.00" type="DEFAULT_VEHTYPE" speed="9.41" pos="177.86" lane="1/3to2/3_0" slope="0.00"/>
        <vehicle id="25" x="212.43" y="601.65" angle="-90.00" type="DEFAULT_VEHTYPE" speed="6.77" pos="182.82" lane="2/3to1/3_0" slope="0.00"/>
        <vehicle id="27" x="198.35" y="296.66" angle="0.00" type="DEFAULT_VEHTYPE" speed="13.61" pos="98.59" lane="1/2to1/1_0" slope="0.00"/>
        <vehicle id="28" x="422.22" y="198.35" angle="90.00" type="DEFAULT_VEHTYPE" speed="11.57" pos="17.47" lane="2/1to3/1_0" slope="0.00"/>
        <vehicle id="29" x="412.85" y="401.65" angle="-90.00" type="DEFAULT_VEHTYPE" speed="2.01" pos="182.40" lane="3/2to2/2_0" slope="0.00"/>
        <vehicle id="3" x="601.65" y="238.45" angle="180.00" type="DEFAULT_VEHTYPE" speed="12.87" pos="33.70" lane="3/1to3/2_0" slope="0.00"/>
        <vehicle id="30" x="525.63" y="601.65" angle="-90.00" type="DEFAULT_VEHTYPE" speed="13.35" pos="69.62" lane="3/3to2/3_0" slope="0.00"/>
        <vehicle id="33" x="222.36" y="401.65" angle="-90.00" type="DEFAULT_VEHTYPE" speed="0.24" pos="172.89" lane="2/2to1/2_0" slope="0.00"/>
        <vehicle id="34" x="397.05" y="197.90" angle="84.72" type="DEFAULT_VEHTYPE" speed="7.23" pos="1.88" lane=":2/1_12_0" slope="0.00"/>
        <vehicle id="35" x="424.48" y="398.35" angle="90.00" type="DEFAULT_VEHTYPE" speed="11.25" pos="19.73" lane="2/2to3/2_0" slope="0.00"/>
        <vehicle id="36" x="367.15" y="601.65" angle="-90.00" type="DEFAULT_VEHTYPE" speed="12.32" pos="28.10" lane="2/3to1/3_0" slope="0.00"/>
        <vehicle id="37" x="201.65" y="314.57" angle="180.00" type="DEFAULT_VEHTYPE" speed="13.89" pos="109.82" lane="1/1to1/2_0" slope="0.00"/>
        <vehicle id="39" x="243.90" y="401.65" angle="-90.00" type="DEFAULT_VEHTYPE" speed="10.15" pos="151.35" lane="2/2to1/2_0" slope="0.00"/>
        <vehicle id="4" x="598.35" y="359.35" angle="0.00" type="DEFAULT_VEHTYPE" speed="13.24" pos="35.90" lane="3/2to3/1_0" slope="0.00"/>
        <vehicle id="40" x="496.98" y="198.35" angle="90.00" type="DEFAULT_VEHTYPE" speed="13.71" pos="92.23" lane="2/1to3/1_0" slope="0.00"/>
        <vehicle id="42" x="401.65" y="703.91" angle="180.00" type="DEFAULT_VEHTYPE" speed="13.40" pos="99.16" lane="2/3to2/4_0" slope="0.00"/>
        <vehicle id="43" x="201.65" y="362.59" angle="180.00" type="DEFAULT_VEHTYPE" speed="13.38" pos="157.84" lane="1/1to1/2_0" slope="0.00"/>
        <vehicle id="44" x="451.26" y="198.35" angle="90.00" type="DEFAULT_VEHTYPE" speed="13.65" pos="46.51" lane="2/1to3/1_0" slope="0.00"/>
        <vehicle id="45" x="339.70" y="201.65" angle="-90.00" type="DEFAULT_VEHTYPE" speed="12.65" pos="55.55" lane="2/1to1/1_0" slope="0.00"/>
        <vehicle id="46" x="569.22" y="601.65" angle="-90.00" type="DEFAULT_VEHTYPE" speed="10.94" pos="26.03" lane="3/3to2/3_0" slope="0.00"/>
        <vehicle id="47" x="401.65" y="335.56" angle="180.00" type="DEFAULT_VEHTYPE" speed="13.84" pos="130.81" lane="2/1to2/2_0" slope="0.00"/>
        <vehicle id="48" x="398.35" y="290.46" angle="0.00" type="DEFAULT_VEHTYPE" speed="13.78" pos="104.79" lane="2/2to2/1_0" slope="0.00"/>
        <vehicle id="49" x="192.74" y="398.35" angle="90.00" type="DEFAULT_VEHTYPE" speed="0.00" pos="192.74" lane="0/2to1/2_0" slope="0.00"/>
        <vehicle id="5" x="201.65" y="449.52" angle="180.00" type="DEFAULT_VEHTYPE" speed="12.91" pos="44.77" lane="1/2to1/3_0" slope="0.00"/>
        <vehicle id="6" x="201.65" y="413.85" angle="180.00" type="DEFAULT_VEHTYPE" speed="13.44" pos="9.10" lane="1/2to1/3_0" slope="0.00"/>
        <vehicle id="7" x="401.65" y="754.74" angle="180.00" type="DEFAULT_VEHTYPE" speed="13.31" pos="149.99" lane="2/3to2/4_0" slope="0.00"/>
        <vehicle id="8" x="601.65" y="317.46" angle="180.00" type="DEFAULT_VEHTYPE" speed="12.68" pos="112.71" lane="3/1to3/2_0" slope="0.00"/>
        <vehicle id="9" x="401.65" y="165.20" angle="180.00" type="DEFAULT_VEHTYPE" speed="13.28" pos="165.20" lane="2/0to2/1_0" slope="0.00"/>
    </timestep>
    <timestep time="91.00">
        <vehicle id="0" x="601.65" y="295.19" angle="180.00" type="DEFAULT_VEHTYPE" speed="13.05" pos="90.44" lane="3/1to3/2_0" slope="0.00"/>
        <vehicle id="10" x="443.93" y="401.65" angle="-90.00" type="DEFAULT_VEHTYPE" speed="13.81" pos="151.32" lane="3/2to2/2_0" slope="0.00"/>
        <vehicle id="11" x="207.25" y="401.65" angle="-90.00" type="DEFAULT_VEHTYPE" speed="0.00" pos="188.00" lane="2/2to1/2_0" slope="0.00"/>
        <vehicle id="15" x="401.65" y="117.08" angle="180.00" type="DEFAULT_VEHTYPE" speed="12.94" pos="117.08" lane="2/0to2/1_0" slope="0.00"/>
        <vehicle id="16" x="214.76" y="401.65" angle="-90.00" type="DEFAULT_VEHTYPE" speed="0.00" pos="180.49" lane="2/2to1/2_0" slope="0.00"/>
        <vehicle id="17" x="339.52" y="401.65" angle="-90.00" type="DEFAULT_VEHTYPE" speed="12.68" pos="55.73" lane="2/2to1/2_0" slope="0.00"/>
        <vehicle id="18" x="601.65" y="215.33" angle="180.00" type="DEFAULT_VEHTYPE" speed="10.83" pos="10.58" lane="3/1to3/2_0" slope="0.00"/>
        <vehicle id="19" x="173.85" y="201.65" angle="-90.00" type="DEFAULT_VEHTYPE" speed="13.30" pos="21.40" lane="1/1to0/1_0" slope="0.00"/>
        <vehicle id="2" x="393.68" y="401.65" angle="-90.00" type="DEFAULT_VEHTYPE" speed="6.70" pos="1.57" lane="2/2to1/2_0" slope="0.00"/>
        <vehicle id="21" x="786.94" y="598.35" angle="90.00" type="DEFAULT_VEHTYPE" speed="12.60" pos="182.19" lane="3/3to4/3_0" slope="0.00"/>
        <vehicle id="24" x="387.56" y="598.35" angle="90.00" type="DEFAULT_VEHTYPE" speed="4.94" pos="182.81" lane="1/3to2/3_0" slope="0.00"/>
        <vehicle id="25" x="209.12" y="601.65" angle="-90.00" type="DEFAULT_VEHTYPE" speed="3.31" pos="186.13" lane="2/3to1/3_0" slope="0.00"/>
        <vehicle id="27" x="198.35" y="283.84" angle="0.00" type="DEFAULT_VEHTYPE" speed="12.83" pos="111.41" lane="1/2to1/1_0" slope="0.00"/>
        <vehicle id="28" x="435.68" y="198.35" angle="90.00" type="DEFAULT_VEHTYPE" speed="13.46" pos="30.93" lane="2/1to3/1_0" slope="0.00"/>
        <vehicle id="29" x="409.39" y="401.65" angle="-90.00" type="DEFAULT_VEHTYPE" speed="3.46" pos="185.86" lane="3/2to2/2_0" slope="0.00"/>
        <vehicle id="3" x="601.65" y="252.10" angle="180.00" type="DEFAULT_VEHTYPE" speed="13.65" pos="47.35" lane="3/1to3/2_0" slope="0.00"/>
        <vehicle id="30" x="512.71" y="601.65" angle="-90.00" type="DEFAULT_VEHTYPE" speed="12.92" pos="82.54" lane="3/3to2/3_0" slope="0.00"/>
        <vehicle id="33" x="222.26" y="401.65" angle="-90.00" type="DEFAULT_VEHTYPE" speed="0.10" pos="172.99" lane="2/2to1/2_0" slope="0.00"/>
        <vehicle id="34" x="398.35" y="189.48" angle="0.00" type="DEFAULT_VEHTYPE" speed="8.89" pos="5.77" lane="2/1to2/0_0" slope="0.00"/>
        <vehicle id="35" x="437.43" y="398.35" angle="90.00" type="DEFAULT_VEHTYPE" speed="12.94" pos="32.68" lane="2/2to3/2_0" slope="0.00"/>
        <vehicle id="36" x="354.27" y="601.65" angle="-90.00" type="DEFAULT_VEHTYPE" speed="12.88" pos="40.98" lane="2/3to1/3_0" slope="0.00"/>
        <vehicle id="37" x="201.65" y="328.21" angle="180.00" type="DEFAULT_VEHTYPE" speed="13.64" pos="123.46" lane="1/1to1/2_0" slope="0.00"/>
        <vehicle id="39" x="237.47" y="401.65" angle="-90.00" type="DEFAULT_VEHTYPE" speed="6.44" pos="157.78" lane="2/2to1/2_0" slope="0.00"/>
        <vehicle id="4" x="598.35" y="346.59" angle="0.00" type="DEFAULT_VEHTYPE" speed="12.76" pos="48.66" lane="3/2to3/1_0" slope="0.00"/>
        <vehicle id="40" x="510.85" y="198.35" angle="90.00" type="DEFAULT_VEHTYPE" speed="13.87" pos="106.10" lane="2/1to3/1_0" slope="0.00"/>
        <vehicle id="42" x="401.65" y="717.00" angle="180.00" type="DEFAULT_VEHTYPE" speed="13.09" pos="112.25" lane="2/3to2/4_0" slope="0.00"/>
        <vehicle id="43" x="201.65" y="376.00" angle="180.00" type="DEFAULT_VEHTYPE" speed="13.41" pos="171.25" lane="1/1to1/2_0" slope="0.00"/>
        <vehicle id="44" x="464.62" y="198.35" angle="90.00" type="DEFAULT_VEHTYPE" speed="13.36" pos="59.87" lane="2/1to3/1_0" slope="0.00"/>
        <vehicle id="45" x="326.89" y="201.65" angle="-90.00" type="DEFAULT_VEHTYPE" speed="12.81" pos="68.36" lane="2/1to1/1_0" slope="0.00"/>
        <vehicle id="46" x="556.56" y="601.65" angle="-90.00" type="DEFAULT_VEHTYPE" speed="12.66" pos="38.69" lane="3/3to2/3_0" slope="0.00"/>
        <vehicle id="47" x="401.65" y="348.16" angle="180.00" type="DEFAULT_VEHTYPE" speed="12.60" pos="143.41" lane="2/1to2/2_0" slope="0.00"/>
        <vehicle id="48" x="398.35" y="276.72" angle="0.00" type="DEFAULT_VEHTYPE" speed="13.74" pos="118.53" lane="2/2to2/1_0" slope="0.00"/>
        <vehicle id="49" x="192.74" y="398.35" angle="90.00" type="DEFAULT_VEHTYPE" speed="0.00" pos="192.74" lane="0/2to1/2_0" slope="0.00"/>
        <vehicle id="5" x="201.65" y="462.87" angle="180.00" type="DEFAULT_VEHTYPE" speed="13.35" pos="58.12" lane="1/2to1/3_0" slope="0.00"/>
        <vehicle id="6" x="201.65" y="427.10" angle="180.00" type="DEFAULT_VEHTYPE" speed="13.25" pos="22.35" lane="1/2to1/3_0" slope="0.00"/>
        <vehicle id="7" x="401.65" y="768.47" angle="180.00" type="DEFAULT_VEHTYPE" speed="13.73" pos="163.72" lane="2/3to2/4_0" slope="0.00"/>
        <vehicle id="8" x="601.65" y="331.24" angle="180.00" type="DEFAULT_VEHTYPE" speed="13.78" pos="126.49" lane="3/1to3/2_0" slope="0.00"/>
        <vehicle id="9" x="401.65" y="178.21" angle="180.00" type="DEFAULT_VEHTYPE" speed="13.02" pos="178.21" lane="2/0to2/1_0" slope="0.00"/>
    </timestep>
    <timestep time="92.00">
        <vehicle id="0" x="601.65" y="308.87" angle="180.00" type="DEFAULT_VEHTYPE" speed="13.68" pos="104.12" lane="3/1to3/2_0" slope="0.00"/>
        <vehicle id="10" x="432.92" y="401.65" angle="-90.00" type="DEFAULT_VEHTYPE" speed="11.00" pos="162.33" lane="3/2to2/2_0" slope="0.00"/>
        <vehicle id="11" x="207.25" y="401.65" angle="-90.00" type="DEFAULT_VEHTYPE" speed="0.00" pos="188.00" lane="2/2to1/2_0" slope="0.00"/>
        <vehicle id="15" x="401.65" y="130.47" angle="180.00" type="DEFAULT_VEHTYPE" speed="13.39" pos="130.47" lane="2/0to2/1_0" slope="0.00"/>
        <vehicle id="16" x="214.76" y="401.65" angle="-90.00" type="DEFAULT_VEHTYPE" speed="0.00" pos="180.49" lane="2/2to1/2_0" slope="0.00"/>
        <vehicle id="17" x="326.75" y="401.65" angle="-90.00" type="DEFAULT_VEHTYPE" speed="12.76" pos="68.50" lane="2/2to1/2_0" slope="0.00"/>
        <vehicle id="18" x="601.65" y="227.46" angle="180.00" type="DEFAULT_VEHTYPE" speed="12.13" pos="22.71" lane="3/1to3/2_0" slope="0.00"/>
        <vehicle id="19" x="160.50" y="201.65" angle="-90.00" type="DEFAULT_VEHTYPE" speed="13.35" pos="34.75" lane="1/1to0/1_0" slope="0.00"/>
        <vehicle id="2" x="384.78" y="401.65" angle="-90.00" type="DEFAULT_VEHTYPE" speed="8.90" pos="10.47" lane="2/2to1/2_0" slope="0.00"/>
        <vehicle id="21" x="800.10" y="598.42" angle="90.80" type="DEFAULT_VEHTYPE" speed="13.19" pos="0.12" lane=":4/3_0_0" slope="0.00"/>
        <vehicle id="24" x="390.69" y="598.35" angle="90.00" type="DEFAULT_VEHTYPE" speed="3.13" pos="185.94" lane="1/3to2/3_0" slope="0.00"/>
        <vehicle id="25" x="204.41" y="601.70" angle="-90.55" type="DEFAULT_VEHTYPE" speed="4.71" pos="0.34" lane=":1/3_4_0" slope="0.00"/>
        <vehicle id="27" x="198.35" y="271.15" angle="0.00" type="DEFAULT_VEHTYPE" speed="12.69" pos="124.10" lane="1/2to1/1_0" slope="0.00"/>
        <vehicle id="28" x="449.25" y="198.35" angle="90.00" type="DEFAULT_VEHTYPE" speed="13.58" pos="44.50" lane="2/1to3/1_0" slope="0.00"/>
        <vehicle id="29" x="404.21" y="401.57" angle="-89.12" type="DEFAULT_VEHTYPE" speed="5.18" pos="0.54" lane=":2/2_6_0" slope="0.00"/>
        <vehicle id="3" x="601.65" y="265.96" angle="180.00" type="DEFAULT_VEHTYPE" speed="13.86" pos="61.21" lane="3/1to3/2_0" slope="0.00"/>
        <vehicle id="30" x="499.99" y="601.65" angle="-90.00" type="DEFAULT_VEHTYPE" speed="12.72" pos="95.26" lane="3/3to2/3_0" slope="0.00"/>
        <vehicle id="33" x="222.26" y="401.65" angle="-90.00" type="DEFAULT_VEHTYPE" speed="0.00" pos="172.99" lane="2/2to1/2_0" slope="0.00"/>
        <vehicle id="34" x="398.35" y="178.00" angle="0.00" type="DEFAULT_VEHTYPE" speed="11.48" pos="17.25" lane="2/1to2/0_0" slope="0.00"/>
        <vehicle id="35" x="450.78" y="398.35" angle="90.00" type="DEFAULT_VEHTYPE" speed="13.35" pos="46.03" lane="2/2to3/2_0" slope="0.00"/>
        <vehicle id="36" x="341.35" y="601.65" angle="-90.00" type="DEFAULT_VEHTYPE" speed="12.92" pos="53.90" lane="2/3to1/3_0" slope="0.00"/>
        <vehicle id="37" x="201.65" y="341.83" angle="180.00" type="DEFAULT_VEHTYPE" speed="13.62" pos="137.08" lane="1/1to1/2_0" slope="0.00"/>
        <vehicle id="39" x="232.56" y="401.65" angle="-90.00" type="DEFAULT_VEHTYPE" speed="4.91" pos="162.69" lane="2/2to1/2_0" slope="0.00"/>
        <vehicle id="4" x="598.35" y="333.99" angle="0.00" type="DEFAULT_VEHTYPE" speed="12.60" pos="61.26" lane="3/2to3/1_0" slope="0.00"/>
        <vehicle id="40" x="523.97" y="198.35" angle="90.00" type="DEFAULT_VEHTYPE" speed="13.12" pos="119.22" lane="2/1to3/1_0" slope="0.00"/>
        <vehicle id="42" x="401.65" y="729.83" angle="180.00" type="DEFAULT_VEHTYPE" speed="12.83" pos="125.08" lane="2/3to2/4_0" slope="0.00"/>
        <vehicle id="43" x="201.65" y="389.31" angle="180.00" type="DEFAULT_VEHTYPE" speed="13.30" pos="184.56" lane="1/1to1/2_0" slope="0.00"/>
        <vehicle id="44" x="477.99" y="198.35" angle="90.00" type="DEFAULT_VEHTYPE" speed="13.37" pos="73.24" lane="2/1to3/1_0" slope="0.00"/>
        <vehicle id="45" x="313.43" y="201.65" angle="-90.00" type="DEFAULT_VEHTYPE" speed="13.46" pos="81.82" lane="2/1to1/1_0" slope="0.00"/>
        <vehicle id="46" x="543.77" y="601.65" angle="-90.00" type="DEFAULT_VEHTYPE" speed="12.79" pos="51.48" lane="3/3to2/3_0" slope="0.00"/>
        <vehicle id="47" x="401.65" y="361.04" angle="180.00" type="DEFAULT_VEHTYPE" speed="12.88" pos="156.29" lane="2/1to2/2_0" slope="0.00"/>
        <vehicle id="48" x="398.35" y="263.04" angle="0.00" type="DEFAULT_VEHTYPE" speed="13.68" pos="132.21" lane="2/2to2/1_0" slope="0.00"/>
        <vehicle id="49" x="192.74" y="398.35" angle="90.00" type="DEFAULT_VEHTYPE" speed="0.00" pos="192.74" lane="0/2to1/2_0" slope="0.00"/>
        <vehicle id="5" x="201.65" y="475.55" angle="180.00" type="DEFAULT_VEHTYPE" speed="12.68" pos="70.80" lane="1/2to1/3_0" slope="0.00"/>
        <vehicle id="6" x="201.65" y="440.61" angle="180.00" type="DEFAULT_VEHTYPE" speed="13.51" pos="35.86" lane="1/2to1/3_0" slope="0.00"/>
        <vehicle id="7" x="401.65" y="782.09" angle="180.00" type="DEFAULT_VEHTYPE" speed="13.62" pos="177.34" lane="2/3to2/4_0" slope="0.00"/>
        <vehicle id="8" x="601.65" y="344.24" angle="180.00" type="DEFAULT_VEHTYPE" speed="13.00" pos="139.49" lane="3/1to3/2_0" slope="0.00"/>
        <vehicle id="9" x="401.65" y="191.12" angle="180.00" type="DEFAULT_VEHTYPE" speed="12.91" pos="191.12" lane="2/0to2/1_0" slope="0.00"/>
    </timestep>
    <timestep time="93.00">
        <vehicle id="0" x="601.65" y="322.43" angle="180.00" type="DEFAULT_VEHTYPE" speed="13.56" pos="117.68" lane="3/1to3/2_0" slope="0.00"/>
        <vehicle id="10" x="422.51" y="401.65" angle="-90.00" type="DEFAULT_VEHTYPE" speed="10.41" pos="172.74" lane="3/2to2/2_0" slope="0.00"/>
        <vehicle id="11" x="207.25" y="401.65" angle="-90.00" type="DEFAULT_VEHTYPE" speed="0.00" pos="188.00" lane="2/2to1/2_0" slope="0.00"/>
        <vehicle id="15" x="401.65" y="143.96" angle="180.00" type="DEFAULT_VEHTYPE" speed="13.49" pos="143.96" lane="2/0to2/1_0" slope="0.00"/>
        <vehicle id="16" x="214.76" y="401.65" angle="-90.00" type="DEFAULT_VEHTYPE" speed="0.00" pos="180.49" lane="2/2to1/2_0" slope="0.00"/>
        <vehicle id="17" x="313.26" y="401.65" angle="-90.00" type="DEFAULT_VEHTYPE" speed="13.49" pos="81.99" lane="2/2to1/2_0" slope="0.00"/>
        <vehicle id="18" x="601.65" y="240.95" angle="180.00" type="DEFAULT_VEHTYPE" speed="13.49" pos="36.20" lane="3/1to3/2_0" slope="0.00"/>
        <vehicle id="19" x="147.65" y="201.65" angle="-90.00" type="DEFAULT_VEHTYPE" speed="12.85" pos="47.60" lane="1/1to0/1_0" slope="0.00"/>
        <vehicle id="2" x="373.99" y="401.65" angle="-90.00" type="DEFAULT_VEHTYPE" speed="10.80" pos="21.26" lane="2/2to1/2_0" slope="0.00"/>
        <vehicle id="21" x="790.82" y="601.65" angle="-90.00" type="DEFAULT_VEHTYPE" speed="13.87" pos="9.18" lane="4/3to3/3_0" slope="0.00"/>
        <vehicle id="24" x="395.57" y="598.40" angle="90.53" type="DEFAULT_VEHTYPE" speed="4.89" pos="0.32" lane=":2/3_14_0" slope="0.00"/>
        <vehicle id="25" x="201.65" y="606.22" angle="-159.07" type="DEFAULT_VEHTYPE" speed="6.13" pos="1.47" lane="1/3to1/4_0" slope="0.00"/>
        <vehicle id="27" x="198.35" y="257.72" angle="0.00" type="DEFAULT_VEHTYPE" speed="13.43" pos="137.53" lane="1/2to1/1_0" slope="0.00"/>
        <vehicle id="28" x="462.47" y="198.35" angle="90.00" type="DEFAULT_VEHTYPE" speed="13.21" pos="57.72" lane="2/1to3/1_0" slope="0.00"/>
        <vehicle id="29" x="398.65" y="397.36" angle="-38.94" type="DEFAULT_VEHTYPE" speed="7.64" pos="8.19" lane=":2/2_6_0" slope="0.00"/>
        <vehicle id="3" x="601.65" y="279.19" angle="180.00" type="DEFAULT_VEHTYPE" speed="13.23" pos="74.44" lane="3/1to3/2_0" slope="0.00"/>
        <vehicle id="30" x="486.31" y="601.65" angle="-90.00" type="DEFAULT_VEHTYPE" speed="13.68" pos="108.94" lane="3/3to2/3_0" slope="0.00"/>
        <vehicle id="33" x="222.26" y="401.65" angle="-90.00" type="DEFAULT_VEHTYPE" speed="0.00" pos="172.99" lane="2/2to1/2_0" slope="0.00"/>
        <vehicle id="34" x="398.35" y="164.74" angle="0.00" type="DEFAULT_VEHTYPE" speed="13.27" pos="30.51" lane="2/1to2/0_0" slope="0.00"/>
        <vehicle id="35" x="464.21" y="398.35" angle="90.00" type="DEFAULT_VEHTYPE" speed="13.43" pos="59.46" lane="2/2to3/2_0" slope="0.00"/>
        <vehicle id="36" x="327.60" y="601.65" angle="-90.00" type="DEFAULT_VEHTYPE" speed="13.76" pos="67.65" lane="2/3to1/3_0" slope="0.00"/>
        <vehicle id="37" x="201.65" y="355.02" angle="180.00" type="DEFAULT_VEHTYPE" speed="13.19" pos="150.27" lane="1/1to1/2_0" slope="0.00"/>
        <vehicle id="39" x="230.58" y="401.65" angle="-90.00" type="DEFAULT_VEHTYPE" speed="1.98" pos="164.67" lane="2/2to1/2_0" slope="0.00"/>
        <vehicle id="4" x="598.35" y="320.98" angle="0.00" type="DEFAULT_VEHTYPE" speed="13.01" pos="74.27" lane="3/2to3/1_0" slope="0.00"/>
        <vehicle id="40" x="537.42" y="198.35" angle="90.00" type="DEFAULT_VEHTYPE" speed="13.44" pos="132.67" lane="2/1to3/1_0" slope="0.00"/>
        <vehicle id="42" x="401.65" y="743.33" angle="180.00" type="DEFAULT_VEHTYPE" speed="13.50" pos="138.58" lane="2/3to2/4_0" slope="0.00"/>
        <vehicle id="43" x="201.65" y="402.23" angle="180.00" type="DEFAULT_VEHTYPE" speed="12.93" pos="6.98" lane=":1/2_9_0" slope="0.00"/>
        <vehicle id="44" x="491.35" y="198.35" angle="90.00" type="DEFAULT_VEHTYPE" speed="13.36" pos="86.60" lane="2/1to3/1_0" slope="0.00"/>
        <vehicle id="45" x="299.80" y="201.65" angle="-90.00" type="DEFAULT_VEHTYPE" speed="13.63" pos="95.45" lane="2/1to1/1_0" slope="0.00"/>
        <vehicle id="46" x="530.53" y="601.65" angle="-90.00" type="DEFAULT_VEHTYPE" speed="13.24" pos="64.72" lane="3/3to2/3_0" slope="0.00"/>
        <vehicle id="47" x="401.65" y="374.03" angle="180.00" type="DEFAULT_VEHTYPE" speed="12.99" pos="169.28" lane="2/1to2/2_0" slope="0.00"/>
        <vehicle id="48" x="398.35" y="250.05" angle="0.00" type="DEFAULT_VEHTYPE" speed="12.99" pos="145.20" lane="2/2to2/1_0" slope="0.00"/>
        <vehicle id="49" x="192.74" y="398.35" angle="90.00" type="DEFAULT_VEHTYPE" speed="0.00" pos="192.74" lane="0/2to1/2_0" slope="0.00"/>
        <vehicle id="5" x="201.65" y="488.66" angle="180.00" type="DEFAULT_VEHTYPE" speed="13.10" pos="83.91" lane="1/2to1/3_0" slope="0.00"/>
        <vehicle id="6" x="201.65" y="453.58" angle="180.00" type="DEFAULT_VEHTYPE" speed="12.97" pos="48.83" lane="1/2to1/3_0" slope="0.00"/>
        <vehicle id="7" x="401.65" y="795.03" angle="180.00" type="DEFAULT_VEHTYPE" speed="12.94" pos="190.28" lane="2/3to2/4_0" slope="0.00"/>
        <vehicle id="8" x="601.65" y="357.99" angle="180.00" type="DEFAULT_VEHTYPE" speed="13.75" pos="153.24" lane="3/1to3/2_0" slope="0.00"/>
        <vehicle id="9" x="409.40" y="198.35" angle="90.56" type="DEFAULT_VEHTYPE" speed="13.78" pos="4.65" lane="2/1to3/1_0" slope="0.00"/>
    </timestep>
    <timestep time="94.00">
        <vehicle id="0" x="601.65" y="335.07" angle="180.00" type="DEFAULT_VEHTYPE" speed="12.64" pos="130.32" lane="3/1to3/2_0" slope="0.00"/>
        <vehicle id="10" x="414.90" y="401.65" angle="-90.00" type="DEFAULT_VEHTYPE" speed="7.61" pos="180.35" lane="3/2to2/2_0" slope="0.00"/>
        <vehicle id="11" x="207.25" y="401.65" angle="-90.00" type="DEFAULT_VEHTYPE" speed="0.00" pos="188.00" lane="2/2to1/2_0" slope="0.00"/>
        <vehicle id="15" x="401.65" y="157.56" angle="180.00" type="DEFAULT_VEHTYPE" speed="13.60" pos="157.56" lane="2/0to2/1_0" slope="0.00"/>
        <vehicle id="16" x="214.76" y="401.65" angle="-90.00" type="DEFAULT_VEHTYPE" speed="0.00" pos="180.49" lane="2/2to1/2_0" slope="0.00"/>
        <vehicle id="17" x="300.11" y="401.65" angle="-90.00" type="DEFAULT_VEHTYPE" speed="13.15" pos="95.14" lane="2/2to1/2_0" slope="0.00"/>
        <vehicle id="18" x="601.65" y="254.77" angle="180.00" type="DEFAULT_VEHTYPE" speed="13.83" pos="50.02" lane="3/1to3/2_0" slope="0.00"/>
        <vehicle id="19" x="134.16" y="201.65" angle="-90.00" type="DEFAULT_VEHTYPE" speed="13.49" pos="61.09" lane="1/1to0/1_0" slope="0.00"/>
        <vehicle id="2" x="361.64" y="401.65" angle="-90.00" type="DEFAULT_VEHTYPE" speed="12.35" pos="33.61" lane="2/2to1/2_0" slope="0.00"/>
        <vehicle id="21" x="778.06" y="601.65" angle="-90.00" type="DEFAULT_VEHTYPE" speed="12.77" pos="21.94" lane="4/3to3/3_0" slope="0.00"/>
        <vehicle id="24" x="401.29" y="602.24" angle="136.80" type="DEFAULT_VEHTYPE" speed="7.46" pos="7.79" lane=":2/3_14_0" slope="0.00"/>
        <vehicle id="25" x="201.65" y="613.70" angle="180.00" type="DEFAULT_VEHTYPE" speed="7.48" pos="8.95" lane="1/3to1/4_0" slope="0.00"/>
        <vehicle id="27" x="198.35" y="244.50" angle="0.00" type="DEFAULT_VEHTYPE" speed="13.22" pos="150.75" lane="1/2to1/1_0" slope="0.00"/>
        <vehicle id="28" x="476.35" y="198.35" angle="90.00" type="DEFAULT_VEHTYPE" speed="13.88" pos="71.60" lane="2/1to3/1_0" slope="0.00"/>
        <vehicle id="29" x="398.35" y="388.33" angle="0.00" type="DEFAULT_VEHTYPE" speed="9.06" pos="6.92" lane="2/2to2/1_0" slope="0.00"/>
        <vehicle id="3" x="601.65" y="292.33" angle="180.00" type="DEFAULT_VEHTYPE" speed="13.14" pos="87.58" lane="3/1to3/2_0" slope="0.00"/>
        <vehicle id="30" x="472.98" y="601.65" angle="-90.00" type="DEFAULT_VEHTYPE" speed="13.33" pos="122.27" lane="3/3to2/3_0" slope="0.00"/>
        <vehicle id="33" x="222.26" y="401.65" angle="-90.00" type="DEFAULT_VEHTYPE" speed="0.00" pos="172.99" lane="2/2to1/2_0" slope="0.00"/>
        <vehicle id="34" x="398.35" y="151.26" angle="0.00" type="DEFAULT_VEHTYPE" speed="13.48" pos="43.99" lane="2/1to2/0_0" slope="0.00"/>
        <vehicle id="35" x="477.12" y="398.35" angle="90.00" type="DEFAULT_VEHTYPE" speed="12.92" pos="72.37" lane="2/2to3/2_0" slope="0.00"/>
        <vehicle id="36" x="314.53" y="601.65" angle="-90.00" type="DEFAULT_VEHTYPE" speed="13.06" pos="80.72" lane="2/3to1/3_0" slope="0.00"/>
        <vehicle id="37" x="201.65" y="368.69" angle="180.00" type="DEFAULT_VEHTYPE" speed="13.68" pos="163.94" lane="1/1to1/2_0" slope="0.00"/>
        <vehicle id="39" x="229.86" y="401.65" angle="-90.00" type="DEFAULT_VEHTYPE" speed="0.72" pos="165.39" lane="2/2to1/2_0" slope="0.00"/>
        <vehicle id="4" x="598.35" y="307.69" angle="0.00" type="DEFAULT_VEHTYPE" speed="13.29" pos="87.56" lane="3/2to3/1_0" slope="0.00"/>
        <vehicle id="40" x="551.01" y="198.35" angle="90.00" type="DEFAULT_VEHTYPE" speed="13.60" pos="146.26" lane="2/1to3/1_0" slope="0.00"/>
        <vehicle id="42" x="401.65" y="757.22" angle="180.00" type="DEFAULT_VEHTYPE" speed="13.89" pos="152.47" lane="2/3to2/4_0" slope="0.00"/>
        <vehicle id="43" x="201.65" y="416.12" angle="180.00" type="DEFAULT_VEHTYPE" speed="13.89" pos="11.37" lane="1/2to1/3_0" slope="0.00"/>
        <vehicle id="44" x="504.45" y="198.35" angle="90.00" type="DEFAULT_VEHTYPE" speed="13.10" pos="99.70" lane="2/1to3/1_0" slope="0.00"/>
        <vehicle id="45" x="287.19" y="201.65" angle="-90.00" type="DEFAULT_VEHTYPE" speed="12.61" pos="108.06" lane="2/1to1/1_0" slope="0.00"/>
        <vehicle id="46" x="517.03" y="601.65" angle="-90.00" type="DEFAULT_VEHTYPE" speed="13.50" pos="78.22" lane="3/3to2/3_0" slope="0.00"/>
        <vehicle id="47" x="401.65" y="385.70" angle="180.00" type="DEFAULT_VEHTYPE" speed="11.68" pos="180.95" lane="2/1to2/2_0" slope="0.00"/>
        <vehicle id="48" x="398.35" y="236.79" angle="0.00" type="DEFAULT_VEHTYPE" speed="13.26" pos="158.46" lane="2/2to2/1_0" slope="0.00"/>
        <vehicle id="49" x="192.74" y="398.35" angle="90.00" type="DEFAULT_VEHTYPE" speed="0.00" pos="192.74" lane="0/2to1/2_0" slope="0.00"/>
        <vehicle id="5" x="201.65" y="501.73" angle="180.00" type="DEFAULT_VEHTYPE" speed="13.07" pos="96.98" lane="1/2to1/3_0" slope="0.00"/>
        <vehicle id="6" x="201.65" y="466.67" angle="180.00" type="DEFAULT_VEHTYPE" speed="13.09" pos="61.92" lane="1/2to1/3_0" slope="0.00"/>
        <vehicle id="7" x="398.35" y="796.07" angle="-7.07" type="DEFAULT_VEHTYPE" speed="13.72" pos="3.93" lane="2/4to2/3_0" slope="0.00"/>
        <vehicle id="8" x="601.65" y="371.52" angle="180.00" type="DEFAULT_VEHTYPE" speed="13.53" pos="166.77" lane="3/1to3/2_0" slope="0.00"/>
        <vehicle id="9" x="422.73" y="198.35" angle="90.00" type="DEFAULT_VEHTYPE" speed="13.33" pos="17.98" lane="2/1to3/1_0" slope="0.00"/>
    </timestep>
    <timestep time="95.00">
        <vehicle id="0" x="601.65" y="348.80" angle="180.00" type="DEFAULT_VEHTYPE" speed="13.73" pos="144.05" lane="3/1to3/2_0" slope="0.00"/>
        <vehicle id="10" x="410.33" y="401.65" angle="-90.00" type="DEFAULT_VEHTYPE" speed="4.57" pos="184.92" lane="3/2to2/2_0" slope="0.00"/>
        <vehicle id="11" x="207.25" y="401.65" angle="-90.00" type="DEFAULT_VEHTYPE" speed="0.00" pos="188.00" lane="2/2to1/2_0" slope="0.00"/>
        <vehicle id="15" x="401.65" y="170.29" angle="180.00" type="DEFAULT_VEHTYPE" speed="12.72" pos="170.29" lane="2/0to2/1_0" slope="0.00"/>
        <vehicle id="16" x="214.76" y="401.65" angle="-90.00" type="DEFAULT_VEHTYPE" speed="0.00" pos="180.49" lane="2/2to1/2_0" slope="0.00"/>
        <vehicle id="17" x="286.42" y="401.65" angle="-90.00" type="DEFAULT_VEHTYPE" speed="13.70" pos="108.83" lane="2/2to1/2_0" slope="0.00"/>
        <vehicle id="18" x="601.65" y="268.07" angle="180.00" type="DEFAULT_VEHTYPE" speed="13.29" pos="63.32" lane="3/1to3/2_0" slope="0.00"/>
        <vehicle id="19" x="121.25" y="201.65" angle="-90.00" type="DEFAULT_VEHTYPE" speed="12.91" pos="74.00" lane="1/1to0/1_0" slope="0.00"/>
        <vehicle id="2" x="348.49" y="401.65" angle="-90.00" type="DEFAULT_VEHTYPE" speed="13.15" pos="46.76" lane="2/2to1/2_0" slope="0.00"/>
        <vehicle id="21" x="764.22" y="601.65" angle="-90.00" type="DEFAULT_VEHTYPE" speed="13.84" pos="35.78" lane="4/3to3/3_0" slope="0.00"/>
        <vehicle id="24" x="401.65" y="611.56" angle="180.00" type="DEFAULT_VEHTYPE" speed="9.35" pos="6.81" lane="2/3to2/4_0" slope="0.00"/>
        <vehicle id="25" x="201.65" y="622.90" angle="180.00" type="DEFAULT_VEHTYPE" speed="9.20" pos="18.15" lane="1/3to1/4_0" slope="0.00"/>
        <vehicle id="27" x="198.35" y="230.67" angle="0.00" type="DEFAULT_VEHTYPE" speed="13.83" pos="164.58" lane="1/2to1/1_0" slope="0.00"/>
        <vehicle id="28" x="489.00" y="198.35" angle="90.00" type="DEFAULT_VEHTYPE" speed="12.65" pos="84.25" lane="2/1to3/1_0" slope="0.00"/>
        <vehicle id="29" x="398.35" y="376.91" angle="0.00" type="DEFAULT_VEHTYPE" speed="11.41" pos="18.34" lane="2/2to2/1_0" slope="0.00"/>
        <vehicle id="3" x="601.65" y="305.07" angle="180.00" type="DEFAULT_VEHTYPE" speed="12.74" pos="100.32" lane="3/1to3/2_0" slope="0.00"/>
        <vehicle id="30" x="459.32" y="601.65" angle="-90.00" type="DEFAULT_VEHTYPE" speed="13.66" pos="135.93" lane="3/3to2/3_0" slope="0.00"/>
        <vehicle id="33" x="222.26" y="401.65" angle="-90.00" type="DEFAULT_VEHTYPE" speed="0.00" pos="172.99" lane="2/2to1/2_0" slope="0.00"/>
        <vehicle id="34" x="398.35" y="137.89" angle="0.00" type="DEFAULT_VEHTYPE" speed="13.37" pos="57.36" lane="2/1to2/0_0" slope="0.00"/>
        <vehicle id="35" x="490.65" y="398.35" angle="90.00" type="DEFAULT_VEHTYPE" speed="13.53" pos="85.90" lane="2/2to3/2_0" slope="0.00"/>
        <vehicle id="36" x="301.02" y="601.65" angle="-90.00" type="DEFAULT_VEHTYPE" speed="13.51" pos="94.23" lane="2/3to1/3_0" slope="0.00"/>
        <vehicle id="37" x="201.65" y="382.42" angle="180.00" type="DEFAULT_VEHTYPE" speed="13.72" pos="177.67" lane="1/1to1/2_0" slope="0.00"/>
        <vehicle id="39" x="229.77" y="401.65" angle="-90.00" type="DEFAULT_VEHTYPE" speed="0.09" pos="165.48" lane="2/2to1/2_0" slope="0.00"/>
        <vehicle id="4" x="598.35" y="294.33" angle="0.00" type="DEFAULT_VEHTYPE" speed="13.35" pos="100.92" lane="3/2to3/1_0" slope="0.00"/>
        <vehicle id="40" x="564.35" y="198.35" angle="90.00" type="DEFAULT_VEHTYPE" speed="13.34" pos="159.60" lane="2/1to3/1_0" slope="0.00"/>
        <vehicle id="42" x="401.65" y="769.86" angle="180.00" type="DEFAULT_VEHTYPE" speed="12.65" pos="165.11" lane="2/3to2/4_0" slope="0.00"/>
        <vehicle id="43" x="201.65" y="429.67" angle="180.00" type="DEFAULT_VEHTYPE" speed="13.56" pos="24.92" lane="1/2to1/3_0" slope="0.00"/>
        <vehicle id="44" x="517.33" y="198.35" angle="90.00" type="DEFAULT_VEHTYPE" speed="12.88" pos="112.58" lane="2/1to3/1_0" slope="0.00"/>
        <vehicle id="45" x="274.11" y="201.65" angle="-90.00" type="DEFAULT_VEHTYPE" speed="13.08" pos="121.14" lane="2/1to1/1_0" slope="0.00"/>
        <vehicle id="46" x="503.35" y="601.65" angle="-90.00" type="DEFAULT_VEHTYPE" speed="13.68" pos="91.90" lane="3/3to2/3_0" slope="0.00"/>
        <vehicle id="47" x="401.65" y="398.36" angle="180.00" type="DEFAULT_VEHTYPE" speed="12.66" pos="3.11" lane=":2/2_9_0" slope="0.00"/>
        <vehicle id="48" x="398.35" y="223.95" angle="0.00" type="DEFAULT_VEHTYPE" speed="12.84" pos="171.30" lane="2/2to2/1_0" slope="0.00"/>
        <vehicle id="49" x="192.74" y="398.35" angle="90.00" type="DEFAULT_VEHTYPE" speed="0.00" pos="192.74" lane="0/2to1/2_0" slope="0.00"/>
        <vehicle id="5" x="201.65" y="515.39" angle="180.00" type="DEFAULT_VEHTYPE" speed="13.67" pos="110.64" lane="1/2to1/3_0" slope="0.00"/>
        <vehicle id="6" x="201.65" y="479.63" angle="180.00" type="DEFAULT_VEHTYPE" speed="12.96" pos="74.88" lane="1/2to1/3_0" slope="0.00"/>
        <vehicle id="7" x="398.35" y="782.59" angle="0.00" type="DEFAULT_VEHTYPE" speed="13.48" pos="17.41" lane="2/4to2/3_0" slope="0.00"/>
        <vehicle id="8" x="601.65" y="381.28" angle="180.00" type="DEFAULT_VEHTYPE" speed="9.76" pos="176.53" lane="3/1to3/2_0" slope="0.00"/>
        <vehicle id="9" x="435.34" y="198.35" angle="90.00" type="DEFAULT_VEHTYPE" speed="12.61" pos="30.59" lane="2/1to3/1_0" slope="0.00"/>
    </timestep>
    <timestep time="96.00">
        <vehicle id="0" x="601.65" y="361.56" angle="180.00" type="DEFAULT_VEHTYPE" speed="12.76" pos="156.81" lane="3/1to3/2_0" slope="0.00"/>
        <vehicle id="10" x="408.75" y="401.65" angle="-90.00" type="DEFAULT_VEHTYPE" speed="1.58" pos="186.50" lane="3/2to2/2_0" slope="0.00"/>
        <vehicle id="11" x="207.25" y="401.65" angle="-90.00" type="DEFAULT_VEHTYPE" speed="0.00" pos="188.00" lane="2/2to1/2_0" slope="0.00"/>
        <vehicle id="15" x="401.65" y="183.76" angle="180.00" type="DEFAULT_VEHTYPE" speed="13.47" pos="183.76" lane="2/0to2/1_0" slope="0.00"/>
        <vehicle id="16" x="214.76" y="401.65" angle="-90.00" type="DEFAULT_VEHTYPE" speed="0.00" pos="180.49" lane="2/2to1/2_0" slope="0.00"/>
        <vehicle id="17" x="272.72" y="401.65" angle="-90.00" type="DEFAULT_VEHTYPE" speed="13.69" pos="122.53" lane="2/2to1/2_0" slope="0.00"/>
        <vehicle id="18" x="601.65" y="280.89" angle="180.00" type="DEFAULT_VEHTYPE" speed="12.82" pos="76.14" lane="3/1to3/2_0" slope="0.00"/>
        <vehicle id="19" x="108.63" y="201.65" angle="-90.00" type="DEFAULT_VEHTYPE" speed="12.62" pos="86.62" lane="1/1to0/1_0" slope="0.00"/>
        <vehicle id="2" x="334.64" y="401.65" angle="-90.00" type="DEFAULT_VEHTYPE" speed="13.84" pos="60.61" lane="2/2to1/2_0" slope="0.00"/>
        <vehicle id="21" x="751.56" y="601.65" angle="-90.00" type="DEFAULT_VEHTYPE" speed="12.65" pos="48.44" lane="4/3to3/3_0" slope="0.00"/>
        <vehicle id="24" x="401.65" y="622.48" angle="180.00" type="DEFAULT_VEHTYPE" speed="10.91" pos="17.73" lane="2/3to2/4_0" slope="0.00"/>
        <vehicle id="25" x="201.65" y="634.69" angle="180.00" type="DEFAULT_VEHTYPE" speed="11.79" pos="29.94" lane="1/3to1/4_0" slope="0.00"/>
        <vehicle id="27" x="198.35" y="217.03" angle="0.00" type="DEFAULT_VEHTYPE" speed="13.63" pos="178.22" lane="1/2to1/1_0" slope="0.00"/>
        <vehicle id="28" x="501.87" y="198.35" angle="90.00" type="DEFAULT_VEHTYPE" speed="12.88" pos="97.12" lane="2/1to3/1_0" slope="0.00"/>
        <vehicle id="29" x="398.35" y="363.24" angle="0.00" type="DEFAULT_VEHTYPE" speed="13.68" pos="32.01" lane="2/2to2/1_0" slope="0.00"/>
        <vehicle id="3" x="601.65" y="317.91" angle="180.00" type="DEFAULT_VEHTYPE" speed="12.85" pos="113.16" lane="3/1to3/2_0" slope="0.00"/>
        <vehicle id="30" x="446.62" y="601.65" angle="-90.00" type="DEFAULT_VEHTYPE" speed="12.70" pos="148.63" lane="3/3to2/3_0" slope="0.00"/>
        <vehicle id="33" x="222.26" y="401.65" angle="-90.00" type="DEFAULT_VEHTYPE" speed="0.00" pos="172.99" lane="2/2to1/2_0" slope="0.00"/>
        <vehicle id="34" x="398.35" y="125.28" angle="0.00" type="DEFAULT_VEHTYPE" speed="12.61" pos="69.97" lane="2/1to2/0_0" slope="0.00"/>
        <vehicle id="35" x="503.52" y="398.35" angle="90.00" type="DEFAULT_VEHTYPE" speed="12.86" pos="98.77" lane="2/2to3/2_0" slope="0.00"/>
        <vehicle id="36" x="288.40" y="601.65" angle="-90.00" type="DEFAULT_VEHTYPE" speed="12.62" pos="106.85" lane="2/3to1/3_0" slope="0.00"/>
        <vehicle id="37" x="201.65" y="395.53" angle="180.00" type="DEFAULT_VEHTYPE" speed="13.12" pos="0.28" lane=":1/2_9_0" slope="0.00"/>
        <vehicle id="39" x="229.77" y="401.65" angle="-90.00" type="DEFAULT_VEHTYPE" speed="0.00" pos="165.48" lane="2/2to1/2_0" slope="0.00"/>
        <vehicle id="4" x="598.35" y="281.20" angle="0.00" type="DEFAULT_VEHTYPE" speed="13.13" pos="114.05" lane="3/2to3/1_0" slope="0.00"/>
        <vehicle id="40" x="575.64" y="198.35" angle="90.00" type="DEFAULT_VEHTYPE" speed="11.29" pos="170.89" lane="2/1to3/1_0" slope="0.00"/>
        <vehicle id="42" x="401.65" y="783.53" angle="180.00" type="DEFAULT_VEHTYPE" speed="13.66" pos="178.78" lane="2/3to2/4_0" slope="0.00"/>
        <vehicle id="43" x="201.65" y="442.53" angle="180.00" type="DEFAULT_VEHTYPE" speed="12.85" pos="37.78" lane="1/2to1/3_0" slope="0.00"/>
        <vehicle id="44" x="530.32" y="198.35" angle="90.00" type="DEFAULT_VEHTYPE" speed="12.99" pos="125.57" lane="2/1to3/1_0" slope="0.00"/>
        <vehicle id="45" x="260.69" y="201.65" angle="-90.00" type="DEFAULT_VEHTYPE" speed="13.42" pos="134.56" lane="2/1to1/1_0" slope="0.00"/>
        <vehicle id="46" x="489.94" y="601.65" angle="-90.00" type="DEFAULT_VEHTYPE" speed="13.41" pos="105.31" lane="3/3to2/3_0" slope="0.00"/>
        <vehicle id="47" x="401.65" y="411.56" angle="180.00" type="DEFAULT_VEHTYPE" speed="13.20" pos="6.81" lane="2/2to2/3_0" slope="0.00"/>
        <vehicle id="48" x="398.35" y="210.93" angle="0.00" type="DEFAULT_VEHTYPE" speed="13.02" pos="184.32" lane="2/2to2/1_0" slope="0.00"/>
        <vehicle id="49" x="192.74" y="398.35" angle="90.00" type="DEFAULT_VEHTYPE" speed="0.00" pos="192.74" lane="0/2to1/2_0" slope="0.00"/>
        <vehicle id="5" x="201.65" y="529.27" angle="180.00" type="DEFAULT_VEHTYPE" speed="13.87" pos="124.52" lane="1/2to1/3_0" slope="0.00"/>
        <vehicle id="6" x="201.65" y="492.76" angle="180.00" type="DEFAULT_VEHTYPE" speed="13.13" pos="88.01" lane="1/2to1/3_0" slope="0.00"/>
        <vehicle id="7" x="398.35" y="769.56" angle="0.00" type="DEFAULT_VEHTYPE" speed="13.03" pos="30.44" lane="2/4to2/3_0" slope="0.00"/>
        <vehicle id="8" x="601.65" y="386.72" angle="180.00" type="DEFAULT_VEHTYPE" speed="5.44" pos="181.97" lane="3/1to3/2_0" slope="0.00"/>
        <vehicle id="9" x="448.59" y="198.35" angle="90.00" type="DEFAULT_VEHTYPE" speed="13.25" pos="43.84" lane="2/1to3/1_0" slope="0.00"/>
    </timestep>
    <timestep time="97.00">
        <vehicle id="0" x="601.65" y="371.58" angle="180.00" type="DEFAULT_VEHTYPE" speed="10.02" pos="166.83" lane="3/1to3/2_0" slope="0.00"/>
        <vehicle id="10" x="404.75" y="401.65" angle="-90.00" type="DEFAULT_VEHTYPE" speed="4.00" pos="190.50" lane="3/2to2/2_0" slope="0.00"/>
        <vehicle id="11" x="206.21" y="401.65" angle="-90.00" type="DEFAULT_VEHTYPE" speed="1.04" pos="189.04" lane="2/2to1/2_0" slope="0.00"/>
        <vehicle id="15" x="401.83" y="196.51" angle="177.98" type="DEFAULT_VEHTYPE" speed="12.76" pos="1.27" lane=":2/1_8_0" slope="0.00"/>
        <vehicle id="16" x="214.76" y="401.65" angle="-90.00" type="DEFAULT_VEHTYPE" speed="0.00" pos="180.49" lane="2/2to1/2_0" slope="0.00"/>
        <vehicle id="17" x="259.43" y="401.65" angle="-90.00" type="DEFAULT_VEHTYPE" speed="13.29" pos="135.82" lane="2/2to1/2_0" slope="0.00"/>
        <vehicle id="18" x="601.65" y="294.02" angle="180.00" type="DEFAULT_VEHTYPE" speed="13.14" pos="89.27" lane="3/1to3/2_0" slope="0.00"/>
        <vehicle id="19" x="94.77" y="201.65" angle="-90.00" type="DEFAULT_VEHTYPE" speed="13.87" pos="100.48" lane="1/1to0/1_0" slope="0.00"/>
        <vehicle id="2" x="321.14" y="401.65" angle="-90.00" type="DEFAULT_VEHTYPE" speed="13.50" pos="74.11" lane="2/2to1/2_0" slope="0.00"/>
        <vehicle id="21" x="737.71" y="601.65" angle="-90.00" type="DEFAULT_VEHTYPE" speed="13.86" pos="62.29" lane="4/3to3/3_0" slope="0.00"/>
        <vehicle id="24" x="401.65" y="635.37" angle="180.00" type="DEFAULT_VEHTYPE" speed="12.90" pos="30.62" lane="2/3to2/4_0" slope="0.00"/>
        <vehicle id="25" x="201.65" y="647.34" angle="180.00" type="DEFAULT_VEHTYPE" speed="12.65" pos="42.59" lane="1/3to1/4_0" slope="0.00"/>
        <vehicle id="28" x="515.44" y="198.35" angle="90.00" type="DEFAULT_VEHTYPE" speed="13.56" pos="110.69" lane="2/1to3/1_0" slope="0.00"/>
        <vehicle id="29" x="398.35" y="349.76" angle="0.00" type="DEFAULT_VEHTYPE" speed="13.47" pos="45.49" lane="2/2to2/1_0" slope="0.00"/>
        <vehicle id="3" x="601.65" y="331.61" angle="180.00" type="DEFAULT_VEHTYPE" speed="13.69" pos="126.86" lane="3/1to3/2_0" slope="0.00"/>
        <vehicle id="30" x="433.23" y="601.65" angle="-90.00" type="DEFAULT_VEHTYPE" speed="13.39" pos="162.02" lane="3/3to2/3_0" slope="0.00"/>
        <vehicle id="33" x="222.26" y="401.65" angle="-90.00" type="DEFAULT_VEHTYPE" speed="0.00" pos="172.99" lane="2/2to1/2_0" slope="0.00"/>
        <vehicle id="34" x="398.35" y="112.29" angle="0.00" type="DEFAULT_VEHTYPE" speed="12.99" pos="82.96" lane="2/1to2/0_0" slope="0.00"/>
        <vehicle id="35" x="516.22" y="398.35" angle="90.00" type="DEFAULT_VEHTYPE" speed="12.70" pos="111.47" lane="2/2to3/2_0" slope="0.00"/>
        <vehicle id="36" x="274.81" y="601.65" angle="-90.00" type="DEFAULT_VEHTYPE" speed="13.59" pos="120.44" lane="2/3to1/3_0" slope="0.00"/>
        <vehicle id="37" x="201.65" y="409.41" angle="180.00" type="DEFAULT_VEHTYPE" speed="13.88" pos="4.66" lane="1/2to1/3_0" slope="0.00"/>
        <vehicle id="39" x="229.77" y="401.65" angle="-90.00" type="DEFAULT_VEHTYPE" speed="0.00" pos="165.48" lane="2/2to1/2_0" slope="0.00"/>
        <vehicle id="4" x="598.35" y="267.58" angle="0.00" type="DEFAULT_VEHTYPE" speed="13.62" pos="127.67" lane="3/2to3/1_0" slope="0.00"/>
        <vehicle id="40" x="583.14" y="198.35" angle="90.00" type="DEFAULT_VEHTYPE" speed="7.50" pos="178.39" lane="2/1to3/1_0" slope="0.00"/>
        <vehicle id="42" x="401.65" y="796.72" angle="180.00" type="DEFAULT_VEHTYPE" speed="13.20" pos="191.97" lane="2/3to2/4_0" slope="0.00"/>
        <vehicle id="43" x="201.65" y="455.40" angle="180.00" type="DEFAULT_VEHTYPE" speed="12.88" pos="50.65" lane="1/2to1/3_0" slope="0.00"/>
        <vehicle id="44" x="543.57" y="198.35" angle="90.00" type="DEFAULT_VEHTYPE" speed="13.24" pos="138.82" lane="2/1to3/1_0" slope="0.00"/>
        <vehicle id="45" x="247.65" y="201.65" angle="-90.00" type="DEFAULT_VEHTYPE" speed="13.05" pos="147.60" lane="2/1to1/1_0" slope="0.00"/>
        <vehicle id="46" x="476.44" y="601.65" angle="-90.00" type="DEFAULT_VEHTYPE" speed="13.50" pos="118.81" lane="3/3to2/3_0" slope="0.00"/>
        <vehicle id="47" x="401.65" y="425.41" angle="180.00" type="DEFAULT_VEHTYPE" speed="13.85" pos="20.66" lane="2/2to2/3_0" slope="0.00"/>
        <vehicle id="48" x="398.35" y="197.88" angle="0.00" type="DEFAULT_VEHTYPE" speed="13.05" pos="6.87" lane=":2/1_1_0" slope="0.00"/>
        <vehicle id="49" x="192.74" y="398.35" angle="90.00" type="DEFAULT_VEHTYPE" speed="0.00" pos="192.74" lane="0/2to1/2_0" slope="0.00"/>
        <vehicle id="5" x="201.65" y="542.38" angle="180.00" type="DEFAULT_VEHTYPE" speed="13.12" pos="137.63" lane="1/2to1/3_0" slope="0.00"/>
        <vehicle id="6" x="201.65" y="505.84" angle="180.00" type="DEFAULT_VEHTYPE" speed="13.08" pos="101.09" lane="1/2to1/3_0" slope="0.00"/>
        <vehicle id="7" x="398.35" y="756.36" angle="0.00" type="DEFAULT_VEHTYPE" speed="13.20" pos="43.64" lane="2/4to2/3_0" slope="0.00"/>
        <vehicle id="8" x="601.65" y="390.19" angle="180.00" type="DEFAULT_VEHTYPE" speed="3.47" pos="185.44" lane="3/1to3/2_0" slope="0.00"/>
        <vehicle id="9" x="461.74" y="198.35" angle="90.00" type="DEFAULT_VEHTYPE" speed="13.15" pos="56.99" lane="2/1to3/1_0" slope="0.00"/>
    </timestep>
    <timestep time="98.00">
        <vehicle id="0" x="601.65" y="377.27" angle="180.00" type="DEFAULT_VEHTYPE" speed="5.70" pos="172.52" lane="3/1to3/2_0" slope="0.00"/>
        <vehicle id="10" x="399.39" y="399.11" angle="-60.19" type="DEFAULT_VEHTYPE" speed="6.26" pos="6.26" lane=":2/2_6_0" slope="0.00"/>
        <vehicle id="11" x="203.37" y="401.65" angle="-90.00" type="DEFAULT_VEHTYPE" speed="2.84" pos="1.38" lane=":1/2_5_0" slope="0.00"/>
        <vehicle id="15" x="414.86" y="198.35" angle="90.00" type="DEFAULT_VEHTYPE" speed="13.84" pos="10.11" lane="2/1to3/1_0" slope="0.00"/>
        <vehicle id="16" x="214.10" y="401.65" angle="-90.00" type="DEFAULT_VEHTYPE" speed="0.66" pos="181.15" lane="2/2to1/2_0" slope="0.00"/>
        <vehicle id="17" x="250.30" y="401.65" angle="-90.00" type="DEFAULT_VEHTYPE" speed="9.13" pos="144.95" lane="2/2to1/2_0" slope="0.00"/>
        <vehicle id="18" x="601.65" y="307.42" angle="180.00" type="DEFAULT_VEHTYPE" speed="13.40" pos="102.67" lane="3/1to3/2_0" slope="0.00"/>
        <vehicle id="19" x="80.98" y="201.65" angle="-90.00" type="DEFAULT_VEHTYPE" speed="13.79" pos="114.27" lane="1/1to0/1_0" slope="0.00"/>
        <vehicle id="2" x="307.87" y="401.65" angle="-90.00" type="DEFAULT_VEHTYPE" speed="13.28" pos="87.38" lane="2/2to1/2_0" slope="0.00"/>
        <vehicle id="21" x="724.42" y="601.65" angle="-90.00" type="DEFAULT_VEHTYPE" speed="13.29" pos="75.58" lane="4/3to3/3_0" slope="0.00"/>
        <vehicle id="24" x="401.65" y="648.79" angle="180.00" type="DEFAULT_VEHTYPE" speed="13.42" pos="44.04" lane="2/3to2/4_0" slope="0.00"/>
        <vehicle id="25" x="201.65" y="660.13" angle="180.00" type="DEFAULT_VEHTYPE" speed="12.80" pos="55.38" lane="1/3to1/4_0" slope="0.00"/>
        <vehicle id="28" x="528.52" y="198.35" angle="90.00" type="DEFAULT_VEHTYPE" speed="13.08" pos="123.77" lane="2/1to3/1_0" slope="0.00"/>
        <vehicle id="29" x="398.35" y="337.07" angle="0.00" type="DEFAULT_VEHTYPE" speed="12.70" pos="58.18" lane="2/2to2/1_0" slope="0.00"/>
        <vehicle id="3" x="601.65" y="345.35" angle="180.00" type="DEFAULT_VEHTYPE" speed="13.74" pos="140.60" lane="3/1to3/2_0" slope="0.00"/>
        <vehicle id="30" x="420.26" y="601.65" angle="-90.00" type="DEFAULT_VEHTYPE" speed="12.97" pos="174.99" lane="3/3to2/3_0" slope="0.00"/>
        <vehicle id="33" x="222.26" y="401.65" angle="-90.00" type="DEFAULT_VEHTYPE" speed="0.00" pos="172.99" lane="2/2to1/2_0" slope="0.00"/>
        <vehicle id="34" x="398.35" y="99.44" angle="0.00" type="DEFAULT_VEHTYPE" speed="12.85" pos="95.81" lane="2/1to2/0_0" slope="0.00"/>
        <vehicle id="35" x="529.87" y="398.35" angle="90.00" type="DEFAULT_VEHTYPE" speed="13.65" pos="125.12" lane="2/2to3/2_0" slope="0.00"/>
        <vehicle id="36" x="262.18" y="601.65" angle="-90.00" type="DEFAULT_VEHTYPE" speed="12.63" pos="133.07" lane="2/3to1/3_0" slope="0.00"/>
        <vehicle id="37" x="201.65" y="422.93" angle="180.00" type="DEFAULT_VEHTYPE" speed="13.52" pos="18.18" lane="1/2to1/3_0" slope="0.00"/>
        <vehicle id="39" x="229.77" y="401.65" angle="-90.00" type="DEFAULT_VEHTYPE" speed="0.00" pos="165.48" lane="2/2to1/2_0" slope="0.00"/>
        <vehicle id="4" x="598.35" y="253.73" angle="0.00" type="DEFAULT_VEHTYPE" speed="13.85" pos="141.52" lane="3/2to3/1_0" slope="0.00"/>
        <vehicle id="40" x="587.94" y="198.35" angle="90.00" type="DEFAULT_VEHTYPE" speed="4.80" pos="183.19" lane="2/1to3/1_0" slope="0.00"/>
        <vehicle id="42" x="398.35" y="795.18" angle="-1.16" type="DEFAULT_VEHTYPE" speed="12.92" pos="4.82" lane="2/4to2/3_0" slope="0.00"/>
        <vehicle id="43" x="201.65" y="469.14" angle="180.00" type="DEFAULT_VEHTYPE" speed="13.74" pos="64.39" lane="1/2to1/3_0" slope="0.00"/>
        <vehicle id="44" x="556.81" y="198.35" angle="90.00" type="DEFAULT_VEHTYPE" speed="13.25" pos="152.06" lane="2/1to3/1_0" slope="0.00"/>
        <vehicle id="45" x="234.51" y="201.65" angle="-90.00" type="DEFAULT_VEHTYPE" speed="13.13" pos="160.74" lane="2/1to1/1_0" slope="0.00"/>
        <vehicle id="46" x="463.00" y="601.65" angle="-90.00" type="DEFAULT_VEHTYPE" speed="13.44" pos="132.25" lane="3/3to2/3_0" slope="0.00"/>
        <vehicle id="47" x="401.65" y="438.30" angle="180.00" type="DEFAULT_VEHTYPE" speed="12.89" pos="33.55" lane="2/2to2/3_0" slope="0.00"/>
        <vehicle id="48" x="398.35" y="185.25" angle="0.00" type="DEFAULT_VEHTYPE" speed="12.63" pos="10.00" lane="2/1to2/0_0" slope="0.00"/>
        <vehicle id="49" x="192.74" y="398.35" angle="90.00" type="DEFAULT_VEHTYPE" speed="0.00" pos="192.74" lane="0/2to1/2_0" slope="0.00"/>
        <vehicle id="5" x="201.65" y="555.77" angle="180.00" type="DEFAULT_VEHTYPE" speed="13.39" pos="151.02" lane="1/2to1/3_0" slope="0.00"/>
        <vehicle id="6" x="201.65" y="519.28" angle="180.00" type="DEFAULT_VEHTYPE" speed="13.44" pos="114.53" lane="1/2to1/3_0" slope="0.00"/>
        <vehicle id="7" x="398.35" y="742.86" angle="0.00" type="DEFAULT_VEHTYPE" speed="13.50" pos="57.14" lane="2/4to2/3_0" slope="0.00"/>
        <vehicle id="8" x="601.65" y="395.22" angle="180.00" type="DEFAULT_VEHTYPE" speed="5.03" pos="190.47" lane="3/1to3/2_0" slope="0.00"/>
        <vehicle id="9" x="475.14" y="198.35" angle="90.00" type="DEFAULT_VEHTYPE" speed="13.39" pos="70.39" lane="2/1to3/1_0" slope="0.00"/>
    </timestep>
    <timestep time="99.00">
        <vehicle id="0" x="601.65" y="384.53" angle="180.00" type="DEFAULT_VEHTYPE" speed="7.26" pos="179.78" lane="3/1to3/2_0" slope="0.00"/>
        <vehicle id="10" x="398.35" y="391.55" angle="-2.11" type="DEFAULT_VEHTYPE" speed="7.76" pos="3.70" lane="2/2to2/1_0" slope="0.00"/>
        <vehicle id="11" x="199.17" y="401.65" angle="-90.00" type="DEFAULT_VEHTYPE" speed="4.20" pos="5.58" lane=":1/2_5_0" slope="0.00"/>
        <vehicle id="15" x="428.47" y="198.35" angle="90.00" type="DEFAULT_VEHTYPE" speed="13.61" pos="23.72" lane="2/1to3/1_0" slope="0.00"/>
        <vehicle id="16" x="212.61" y="401.65" angle="-90.00" type="DEFAULT_VEHTYPE" speed="1.49" pos="182.64" lane="2/2to1/2_0" slope="0.00"/>
        <vehicle id="17" x="243.31" y="401.65" angle="-90.00" type="DEFAULT_VEHTYPE" speed="6.98" pos="151.94" lane="2/2to1/2_0" slope="0.00"/>
        <vehicle id="18" x="601.65" y="320.79" angle="180.00" type="DEFAULT_VEHTYPE" speed="13.37" pos="116.04" lane="3/1to3/2_0" slope="0.00"/>
        <vehicle id="19" x="68.13" y="201.65" angle="-90.00" type="DEFAULT_VEHTYPE" speed="12.84" pos="127.12" lane="1/1to0/1_0" slope="0.00"/>
        <vehicle id="2" x="293.99" y="401.65" angle="-90.00" type="DEFAULT_VEHTYPE" speed="13.87" pos="101.26" lane="2/2to1/2_0" slope="0.00"/>
        <vehicle id="21" x="710.57" y="601.65" angle="-90.00" type="DEFAULT_VEHTYPE" speed="13.85" pos="89.43" lane="4/3to3/3_0" slope="0.00"/>
        <vehicle id="24" x="401.65" y="661.88" angle="180.00" type="DEFAULT_VEHTYPE" speed="13.09" pos="57.13" lane="2/3to2/4_0" slope="0.00"/>
        <vehicle id="25" x="201.65" y="673.24" angle="180.00" type="DEFAULT_VEHTYPE" speed="13.11" pos="68.49" lane="1/3to1/4_0" slope="0.00"/>
        <vehicle id="28" x="541.61" y="198.35" angle="90.00" type="DEFAULT_VEHTYPE" speed="13.09" pos="136.86" lane="2/1to3/1_0" slope="0.00"/>
        <vehicle id="29" x="398.35" y="323.44" angle="0.00" type="DEFAULT_VEHTYPE" speed="13.63" pos="71.81" lane="2/2to2/1_0" slope="0.00"/>
        <vehicle id="3" x="601.65" y="357.28" angle="180.00" type="DEFAULT_VEHTYPE" speed="11.93" pos="152.53" lane="3/1to3/2_0" slope="0.00"/>
        <vehicle id="30" x="406.86" y="601.65" angle="-90.00" type="DEFAULT_VEHTYPE" speed="13.40" pos="188.39" lane="3/3to2/3_0" slope="0.00"/>
        <vehicle id="33" x="221.88" y="401.65" angle="-90.00" type="DEFAULT_VEHTYPE" speed="0.39" pos="173.37" lane="2/2to1/2_0" slope="0.00"/>
        <vehicle id="34" x="398.35" y="86.81" angle="0.00" type="DEFAULT_VEHTYPE" speed="12.63" pos="108.44" lane="2/1to2/0_0" slope="0.00"/>
        <vehicle id="35" x="542.68" y="398.35" angle="90.00" type="DEFAULT_VEHTYPE" speed="12.81" pos="137.93" lane="2/2to3/2_0" slope="0.00"/>
        <vehicle id="36" x="249.45" y="601.65" angle="-90.00" type="DEFAULT_VEHTYPE" speed="12.73" pos="145.80" lane="2/3to1/3_0" slope="0.00"/>
        <vehicle id="37" x="201.65" y="436.29" angle="180.00" type="DEFAULT_VEHTYPE" speed="13.36" pos="31.54" lane="1/2to1/3_0" slope="0.00"/>
        <vehicle id="39" x="229.77" y="401.65" angle="-90.00" type="DEFAULT_VEHTYPE" speed="0.00" pos="165.48" lane="2/2to1/2_0" slope="0.00"/>
        <vehicle id="4" x="598.35" y="240.85" angle="0.00" type="DEFAULT_VEHTYPE" speed="12.88" pos="154.40" lane="3/2to3/1_0" slope="0.00"/>
        <vehicle id="40" x="590.29" y="198.35" angle="90.00" type="DEFAULT_VEHTYPE" speed="2.35" pos="185.54" lane="2/1to3/1_0" slope="0.00"/>
        <vehicle id="42" x="398.35" y="781.44" angle="0.00" type="DEFAULT_VEHTYPE" speed="13.74" pos="18.56" lane="2/4to2/3_0" slope="0.00"/>
        <vehicle id="43" x="201.65" y="482.33" angle="180.00" type="DEFAULT_VEHTYPE" speed="13.19" pos="77.58" lane="1/2to1/3_0" slope="0.00"/>
        <vehicle id="44" x="568.69" y="198.35" angle="90.00" type="DEFAULT_VEHTYPE" speed="11.88" pos="163.94" lane="2/1to3/1_0" slope="0.00"/>
        <vehicle id="45" x="222.75" y="201.65" angle="-90.00" type="DEFAULT_VEHTYPE" speed="11.77" pos="172.50" lane="2/1to1/1_0" slope="0.00"/>
        <vehicle id="46" x="449.11" y="601.65" angle="-90.00" type="DEFAULT_VEHTYPE" speed="13.88" pos="146.14" lane="3/3to2/3_0" slope="0.00"/>
        <vehicle id="47" x="401.65" y="451.50" angle="180.00" type="DEFAULT_VEHTYPE" speed="13.20" pos="46.75" lane="2/2to2/3_0" slope="0.00"/>
        <vehicle id="48" x="398.35" y="171.75" angle="0.00" type="DEFAULT_VEHTYPE" speed="13.50" pos="23.50" lane="2/1to2/0_0" slope="0.00"/>
        <vehicle id="49" x="192.74" y="398.35" angle="90.00" type="DEFAULT_VEHTYPE" speed="0.00" pos="192.74" lane="0/2to1/2_0" slope="0.00"/>
        <vehicle id="5" x="201.65" y="568.43" angle="180.00" type="DEFAULT_VEHTYPE" speed="12.66" pos="163.68" lane="1/2to1/3_0" slope="0.00"/>
        <vehicle id="6" x="201.65" y="532.99" angle="180.00" type="DEFAULT_VEHTYPE" speed="13.71" pos="128.24" lane="1/2to1/3_0" slope="0.00"/>
        <vehicle id="7" x="398.35" y="729.51" angle="0.00" type="DEFAULT_VEHTYPE" speed="13.35" pos="70.49" lane="2/4to2/3_0" slope="0.00"/>
        <vehicle id="8" x="597.97" y="401.26" angle="-136.25" type="DEFAULT_VEHTYPE" speed="7.61" pos="0.43" lane=":3/2_18_0" slope="0.00"/>
        <vehicle id="9" x="488.63" y="198.35" angle="90.00" type="DEFAULT_VEHTYPE" speed="13.49" pos="83.88" lane="2/1to3/1_0" slope="0.00"/>
    </timestep>
    <timestep time="100.00">
        <vehicle id="0" x="601.65" y="393.27" angle="180.00" type="DEFAULT_VEHTYPE" speed="8.74" pos="188.52" lane="3/1to3/2_0" slope="0.00"/>
        <vehicle id="10" x="398.35" y="381.99" angle="0.00" type="DEFAULT_VEHTYPE" speed="9.56" pos="13.26" lane="2/2to2/1_0" slope="0.00"/>
        <vehicle id="11" x="192.85" y="401.65" angle="-90.00" type="DEFAULT_VEHTYPE" speed="6.32" pos="2.40" lane="1/2to0/2_0" slope="0.00"/>
        <vehicle id="15" x="442.32" y="198.35" angle="90.00" type="DEFAULT_VEHTYPE" speed="13.85" pos="37.57" lane="2/1to3/1_0" slope="0.00"/>
        <vehicle id="16" x="209.94" y="401.65" angle="-90.00" type="DEFAULT_VEHTYPE" speed="2.68" pos="185.31" lane="2/2to1/2_0" slope="0.00"/>
        <vehicle id="17" x="239.49" y="401.65" angle="-90.00" type="DEFAULT_VEHTYPE" speed="3.83" pos="155.76" lane="2/2to1/2_0" slope="0.00"/>
        <vehicle id="18" x="601.65" y="334.18" angle="180.00" type="DEFAULT_VEHTYPE" speed="13.39" pos="129.43" lane="3/1to3/2_0" slope="0.00"/>
        <vehicle id="19" x="54.81" y="201.65" angle="-90.00" type="DEFAULT_VEHTYPE" speed="13.32" pos="140.44" lane="1/1to0/1_0" slope="0.00"/>
        <vehicle id="2" x="280.65" y="401.65" angle="-90.00" type="DEFAULT_VEHTYPE" speed="13.35" pos="114.60" lane="2/2to1/2_0" slope="0.00"/>
        <vehicle id="21" x="697.36" y="601.65" angle="-90.00" type="DEFAULT_VEHTYPE" speed="13.21" pos="102.64" lane="4/3to3/3_0" slope="0.00"/>
        <vehicle id="24" x="401.65" y="674.97" angle="180.00" type="DEFAULT_VEHTYPE" speed="13.09" pos="70.22" lane="2/3to2/4_0" slope="0.00"/>
        <vehicle id="25" x="201.65" y="685.92" angle="180.00" type="DEFAULT_VEHTYPE" speed="12.68" pos="81.17" lane="1/3to1/4_0" slope="0.00"/>
        <vehicle id="28" x="554.58" y="198.35" angle="90.00" type="DEFAULT_VEHTYPE" speed="12.98" pos="149.83" lane="2/1to3/1_0" slope="0.00"/>
        <vehicle id="29" x="398.35" y="310.08" angle="0.00" type="DEFAULT_VEHTYPE" speed="13.36" pos="85.17" lane="2/2to2/1_0" slope="0.00"/>
        <vehicle id="3" x="601.65" y="368.16" angle="180.00" type="DEFAULT_VEHTYPE" speed="10.88" pos="163.41" lane="3/1to3/2_0" slope="0.00"/>
        <vehicle id="33" x="220.88" y="401.65" angle="-90.00" type="DEFAULT_VEHTYPE" speed="1.00" pos="174.37" lane="2/2to1/2_0" slope="0.00"/>
        <vehicle id="34" x="398.35" y="73.58" angle="0.00" type="DEFAULT_VEHTYPE" speed="13.23" pos="121.67" lane="2/1to2/0_0" slope="0.00"/>
        <vehicle id="35" x="555.48" y="398.35" angle="90.00" type="DEFAULT_VEHTYPE" speed="12.81" pos="150.73" lane="2/2to3/2_0" slope="0.00"/>
        <vehicle id="36" x="236.55" y="601.65" angle="-90.00" type="DEFAULT_VEHTYPE" speed="12.90" pos="158.70" lane="2/3to1/3_0" slope="0.00"/>
        <vehicle id="37" x="201.65" y="450.11" angle="180.00" type="DEFAULT_VEHTYPE" speed="13.83" pos="45.36" lane="1/2to1/3_0" slope="0.00"/>
        <vehicle id="39" x="229.53" y="401.65" angle="-90.00" type="DEFAULT_VEHTYPE" speed="0.24" pos="165.72" lane="2/2to1/2_0" slope="0.00"/>
        <vehicle id="4" x="598.35" y="227.21" angle="0.00" type="DEFAULT_VEHTYPE" speed="13.64" pos="168.04" lane="3/2to3/1_0" slope="0.00"/>
        <vehicle id="40" x="595.08" y="198.35" angle="90.00" type="DEFAULT_VEHTYPE" speed="4.79" pos="190.33" lane="2/1to3/1_0" slope="0.00"/>
        <vehicle id="42" x="398.35" y="768.44" angle="0.00" type="DEFAULT_VEHTYPE" speed="13.00" pos="31.56" lane="2/4to2/3_0" slope="0.00"/>
        <vehicle id="43" x="201.65" y="495.08" angle="180.00" type="DEFAULT_VEHTYPE" speed="12.74" pos="90.33" lane="1/2to1/3_0" slope="0.00"/>
        <vehicle id="44" x="576.07" y="198.35" angle="90.00" type="DEFAULT_VEHTYPE" speed="7.38" pos="171.32" lane="2/1to3/1_0" slope="0.00"/>
        <vehicle id="45" x="215.48" y="201.65" angle="-90.00" type="DEFAULT_VEHTYPE" speed="7.27" pos="179.77" lane="2/1to1/1_0" slope="0.00"/>
        <vehicle id="46" x="435.33" y="601.65" angle="-90.00" type="DEFAULT_VEHTYPE" speed="13.79" pos="159.92" lane="3/3to2/3_0" slope="0.00"/>
        <vehicle id="47" x="401.65" y="464.71" angle="180.00" type="DEFAULT_VEHTYPE" speed="13.21" pos="59.96" lane="2/2to2/3_0" slope="0.00"/>
        <vehicle id="48" x="398.35" y="158.29" angle="0.00" type="DEFAULT_VEHTYPE" speed="13.46" pos="36.96" lane="2/1to2/0_0" slope="0.00"/>
        <vehicle id="49" x="192.74" y="398.35" angle="90.00" type="DEFAULT_VEHTYPE" speed="0.00" pos="192.74" lane="0/2to1/2_0" slope="0.00"/>
        <vehicle id="5" x="201.65" y="581.82" angle="180.00" type="DEFAULT_VEHTYPE" speed="13.39" pos="177.07" lane="1/2to1/3_0" slope="0.00"/>
        <vehicle id="6" x="201.65" y="546.51" angle="180.00" type="DEFAULT_VEHTYPE" speed="13.52" pos="141.76" lane="1/2to1/3_0" slope="0.00"/>
        <vehicle id="7" x="398.35" y="715.86" angle="0.00" type="DEFAULT_VEHTYPE" speed="13.66" pos="84.14" lane="2/4to2/3_0" slope="0.00"/>
        <vehicle id="8" x="588.59" y="401.65" angle="-90.00" type="DEFAULT_VEHTYPE" speed="9.41" pos="6.66" lane="3/2to2/2_0" slope="0.00"/>
        <vehicle id="9" x="501.84" y="198.35" angle="90.00" type="DEFAULT_VEHTYPE" speed="13.21" pos="97.09" lane="2/1to3/1_0" slope="0.00"/>
    </timestep>
    <timestep time="101.00">
        <vehicle id="0" x="601.65" y="404.03" angle="180.00" type="DEFAULT_VEHTYPE" speed="10.77" pos="8.78" lane=":3/2_9_0" slope="0.00"/>
        <vehicle id="10" x="398.35" y="370.45" angle="0.00" type="DEFAULT_VEHTYPE" speed="11.55" pos="24.80" lane="2/2to2/1_0" slope="0.00"/>
        <vehicle id="11" x="184.78" y="401.65" angle="-90.00" type="DEFAULT_VEHTYPE" speed="8.07" pos="10.47" lane="1/2to0/2_0" slope="0.00"/>
        <vehicle id="15" x="456.14" y="198.35" angle="90.00" type="DEFAULT_VEHTYPE" speed="13.82" pos="51.39" lane="2/1to3/1_0" slope="0.00"/>
        <vehicle id="16" x="205.02" y="401.65" angle="-90.00" type="DEFAULT_VEHTYPE" speed="4.92" pos="190.23" lane="2/2to1/2_0" slope="0.00"/>
        <vehicle id="17" x="238.07" y="401.65" angle="-90.00" type="DEFAULT_VEHTYPE" speed="1.42" pos="157.18" lane="2/2to1/2_0" slope="0.00"/>
        <vehicle id="18" x="601.65" y="346.99" angle="180.00" type="DEFAULT_VEHTYPE" speed="12.81" pos="142.24" lane="3/1to3/2_0" slope="0.00"/>
        <vehicle id="19" x="41.68" y="201.65" angle="-90.00" type="DEFAULT_VEHTYPE" speed="13.12" pos="153.57" lane="1/1to0/1_0" slope="0.00"/>
        <vehicle id="2" x="268.20" y="401.65" angle="-90.00" type="DEFAULT_VEHTYPE" speed="12.45" pos="127.05" lane="2/2to1/2_0" slope="0.00"/>
        <vehicle id="21" x="683.58" y="601.65" angle="-90.00" type="DEFAULT_VEHTYPE" speed="13.78" pos="116.42" lane="4/3to3/3_0" slope="0.00"/>
        <vehicle id="24" x="401.65" y="688.11" angle="180.00" type="DEFAULT_VEHTYPE" speed="13.15" pos="83.36" lane="2/3to2/4_0" slope="0.00"/>
        <vehicle id="25" x="201.65" y="699.61" angle="180.00" type="DEFAULT_VEHTYPE" speed="13.70" pos="94.86" lane="1/3to1/4_0" slope="0.00"/>
        <vehicle id="28" x="564.30" y="198.35" angle="90.00" type="DEFAULT_VEHTYPE" speed="9.72" pos="159.55" lane="2/1to3/1_0" slope="0.00"/>
        <vehicle id="29" x="398.35" y="296.19" angle="0.00" type="DEFAULT_VEHTYPE" speed="13.88" pos="99.06" lane="2/2to2/1_0" slope="0.00"/>
        <vehicle id="3" x="601.65" y="378.77" angle="180.00" type="DEFAULT_VEHTYPE" speed="10.61" pos="174.02" lane="3/1to3/2_0" slope="0.00"/>
        <vehicle id="33" x="218.25" y="401.65" angle="-90.00" type="DEFAULT_VEHTYPE" speed="2.63" pos="177.00" lane="2/2to1/2_0" slope="0.00"/>
        <vehicle id="34" x="398.35" y="60.57" angle="0.00" type="DEFAULT_VEHTYPE" speed="13.01" pos="134.68" lane="2/1to2/0_0" slope="0.00"/>
        <vehicle id="35" x="568.49" y="398.35" angle="90.00" type="DEFAULT_VEHTYPE" speed="13.01" pos="163.74" lane="2/2to3/2_0" slope="0.00"/>
        <vehicle id="36" x="222.82" y="601.65" angle="-90.00" type="DEFAULT_VEHTYPE" speed="13.73" pos="172.43" lane="2/3to1/3_0" slope="0.00"/>
        <vehicle id="37" x="201.65" y="463.58" angle="180.00" type="DEFAULT_VEHTYPE" speed="13.47" pos="58.83" lane="1/2to1/3_0" slope="0.00"/>
        <vehicle id="39" x="228.50" y="401.65" angle="-90.00" type="DEFAULT_VEHTYPE" speed="1.03" pos="166.75" lane="2/2to1/2_0" slope="0.00"/>
        <vehicle id="4" x="598.35" y="214.60" angle="0.00" type="DEFAULT_VEHTYPE" speed="12.61" pos="180.65" lane="3/2to3/1_0" slope="0.00"/>
        <vehicle id="40" x="602.25" y="198.35" angle="90.00" type="DEFAULT_VEHTYPE" speed="7.17" pos="7.00" lane=":3/1_13_0" slope="0.00"/>
        <vehicle id="42" x="398.35" y="755.04" angle="0.00" type="DEFAULT_VEHTYPE" speed="13.40" pos="44.96" lane="2/4to2/3_0" slope="0.00"/>
        <vehicle id="43" x="201.65" y="507.91" angle="180.00" type="DEFAULT_VEHTYPE" speed="12.83" pos="103.16" lane="1/2to1/3_0" slope="0.00"/>
        <vehicle id="44" x="583.36" y="198.35" angle="90.00" type="DEFAULT_VEHTYPE" speed="7.29" pos="178.61" lane="2/1to3/1_0" slope="0.00"/>
        <vehicle id="45" x="211.54" y="201.65" angle="-90.00" type="DEFAULT_VEHTYPE" speed="3.94" pos="183.71" lane="2/1to1/1_0" slope="0.00"/>
        <vehicle id="46" x="424.51" y="601.65" angle="-90.00" type="DEFAULT_VEHTYPE" speed="10.82" pos="170.74" lane="3/3to2/3_0" slope="0.00"/>
        <vehicle id="47" x="401.65" y="477.64" angle="180.00" type="DEFAULT_VEHTYPE" speed="12.93" pos="72.89" lane="2/2to2/3_0" slope="0.00"/>
        <vehicle id="48" x="398.35" y="144.67" angle="0.00" type="DEFAULT_VEHTYPE" speed="13.62" pos="50.58" lane="2/1to2/0_0" slope="0.00"/>
        <vehicle id="49" x="192.74" y="398.35" angle="90.00" type="DEFAULT_VEHTYPE" speed="0.00" pos="192.74" lane="0/2to1/2_0" slope="0.00"/>
        <vehicle id="5" x="201.65" y="595.12" angle="180.00" type="DEFAULT_VEHTYPE" speed="13.30" pos="190.37" lane="1/2to1/3_0" slope="0.00"/>
        <vehicle id="6" x="201.65" y="559.70" angle="180.00" type="DEFAULT_VEHTYPE" speed="13.20" pos="154.95" lane="1/2to1/3_0" slope="0.00"/>
        <vehicle id="7" x="398.35" y="702.27" angle="0.00" type="DEFAULT_VEHTYPE" speed="13.59" pos="97.73" lane="2/4to2/3_0" slope="0.00"/>
        <vehicle id="8" x="576.72" y="401.65" angle="-90.00" type="DEFAULT_VEHTYPE" speed="11.87" pos="18.53" lane="3/2to2/2_0" slope="0.00"/>
        <vehicle id="9" x="514.46" y="198.35" angle="90.00" type="DEFAULT_VEHTYPE" speed="12.62" pos="109.71" lane="2/1to3/1_0" slope="0.00"/>
    </timestep>
    <timestep time="102.00">
        <vehicle id="0" x="601.65" y="416.73" angle="180.00" type="DEFAULT_VEHTYPE" speed="12.70" pos="11.98" lane="3/2to3/3_0" slope="0.00"/>
        <vehicle id="10" x="398.35" y="357.37" angle="0.00" type="DEFAULT_VEHTYPE" speed="13.07" pos="37.88" lane="2/2to2/1_0" slope="0.00"/>
        <vehicle id="11" x="175.30" y="401.65" angle="-90.00" type="DEFAULT_VEHTYPE" speed="9.48" pos="19.95" lane="1/2to0/2_0" slope="0.00"/>
        <vehicle id="15" x="469.90" y="198.35" angle="90.00" type="DEFAULT_VEHTYPE" speed="13.75" pos="65.15" lane="2/1to3/1_0" slope="0.00"/>
        <vehicle id="16" x="198.45" y="401.65" angle="-90.00" type="DEFAULT_VEHTYPE" speed="6.57" pos="6.30" lane=":1/2_5_0" slope="0.00"/>
        <vehicle id="17" x="237.19" y="401.65" angle="-90.00" type="DEFAULT_VEHTYPE" speed="0.88" pos="158.06" lane="2/2to1/2_0" slope="0.00"/>
        <vehicle id="18" x="601.65" y="360.00" angle="180.00" type="DEFAULT_VEHTYPE" speed="13.01" pos="155.25" lane="3/1to3/2_0" slope="0.00"/>
        <vehicle id="19" x="29.01" y="201.65" angle="-90.00" type="DEFAULT_VEHTYPE" speed="12.68" pos="166.24" lane="1/1to0/1_0" slope="0.00"/>
        <vehicle id="2" x="258.53" y="401.65" angle="-90.00" type="DEFAULT_VEHTYPE" speed="9.67" pos="136.72" lane="2/2to1/2_0" slope="0.00"/>
        <vehicle id="21" x="670.85" y="601.65" angle="-90.00" type="DEFAULT_VEHTYPE" speed="12.72" pos="129.15" lane="4/3to3/3_0" slope="0.00"/>
        <vehicle id="24" x="401.65" y="701.00" angle="180.00" type="DEFAULT_VEHTYPE" speed="12.88" pos="96.25" lane="2/3to2/4_0" slope="0.00"/>
        <vehicle id="25" x="201.65" y="713.32" angle="180.00" type="DEFAULT_VEHTYPE" speed="13.71" pos="108.57" lane="1/3to1/4_0" slope="0.00"/>
        <vehicle id="28" x="572.38" y="198.35" angle="90.00" type="DEFAULT_VEHTYPE" speed="8.07" pos="167.63" lane="2/1to3/1_0" slope="0.00"/>
        <vehicle id="29" x="398.35" y="282.77" angle="0.00" type="DEFAULT_VEHTYPE" speed="13.43" pos="112.48" lane="2/2to2/1_0" slope="0.00"/>
        <vehicle id="3" x="601.65" y="390.81" angle="180.00" type="DEFAULT_VEHTYPE" speed="12.05" pos="186.06" lane="3/1to3/2_0" slope="0.00"/>
        <vehicle id="33" x="213.31" y="401.65" angle="-90.00" type="DEFAULT_VEHTYPE" speed="4.94" pos="181.94" lane="2/2to1/2_0" slope="0.00"/>
        <vehicle id="34" x="398.35" y="47.51" angle="0.00" type="DEFAULT_VEHTYPE" speed="13.06" pos="147.74" lane="2/1to2/0_0" slope="0.00"/>
        <vehicle id="35" x="578.52" y="398.35" angle="90.00" type="DEFAULT_VEHTYPE" speed="10.03" pos="173.77" lane="2/2to3/2_0" slope="0.00"/>
        <vehicle id="36" x="209.01" y="601.65" angle="-90.00" type="DEFAULT_VEHTYPE" speed="13.81" pos="186.24" lane="2/3to1/3_0" slope="0.00"/>
        <vehicle id="37" x="201.65" y="477.01" angle="180.00" type="DEFAULT_VEHTYPE" speed="13.43" pos="72.26" lane="1/2to1/3_0" slope="0.00"/>
        <vehicle id="39" x="227.02" y="401.65" angle="-90.00" type="DEFAULT_VEHTYPE" speed="1.48" pos="168.23" lane="2/2to1/2_0" slope="0.00"/>
        <vehicle id="40" x="611.81" y="198.35" angle="90.00" type="DEFAULT_VEHTYPE" speed="9.56" pos="7.06" lane="3/1to4/1_0" slope="0.00"/>
        <vehicle id="42" x="398.35" y="741.28" angle="0.00" type="DEFAULT_VEHTYPE" speed="13.76" pos="58.72" lane="2/4to2/3_0" slope="0.00"/>
        <vehicle id="43" x="201.65" y="521.58" angle="180.00" type="DEFAULT_VEHTYPE" speed="13.68" pos="116.83" lane="1/2to1/3_0" slope="0.00"/>
        <vehicle id="44" x="587.92" y="198.35" angle="90.00" type="DEFAULT_VEHTYPE" speed="4.56" pos="183.17" lane="2/1to3/1_0" slope="0.00"/>
        <vehicle id="45" x="206.17" y="201.65" angle="-90.00" type="DEFAULT_VEHTYPE" speed="5.37" pos="189.08" lane="2/1to1/1_0" slope="0.00"/>
        <vehicle id="46" x="416.18" y="601.65" angle="-90.00" type="DEFAULT_VEHTYPE" speed="8.32" pos="179.07" lane="3/3to2/3_0" slope="0.00"/>
        <vehicle id="47" x="401.65" y="490.32" angle="180.00" type="DEFAULT_VEHTYPE" speed="12.67" pos="85.57" lane="2/2to2/3_0" slope="0.00"/>
        <vehicle id="48" x="398.35" y="131.34" angle="0.00" type="DEFAULT_VEHTYPE" speed="13.33" pos="63.91" lane="2/1to2/0_0" slope="0.00"/>
        <vehicle id="49" x="192.74" y="398.35" angle="90.00" type="DEFAULT_VEHTYPE" speed="0.00" pos="192.74" lane="0/2to1/2_0" slope="0.00"/>
        <vehicle id="5" x="212.74" y="598.35" angle="90.00" type="DEFAULT_VEHTYPE" speed="13.12" pos="7.99" lane="1/3to2/3_0" slope="0.00"/>
        <vehicle id="6" x="201.65" y="573.28" angle="180.00" type="DEFAULT_VEHTYPE" speed="13.58" pos="168.53" lane="1/2to1/3_0" slope="0.00"/>
        <vehicle id="7" x="398.35" y="689.27" angle="0.00" type="DEFAULT_VEHTYPE" speed="13.00" pos="110.73" lane="2/4to2/3_0" slope="0.00"/>
        <vehicle id="8" x="563.04" y="401.65" angle="-90.00" type="DEFAULT_VEHTYPE" speed="13.68" pos="32.21" lane="3/2to2/2_0" slope="0.00"/>
        <vehicle id="9" x="527.08" y="198.35" angle="90.00" type="DEFAULT_VEHTYPE" speed="12.62" pos="122.33" lane="2/1to3/1_0" slope="0.00"/>
    </timestep>
    <timestep time="103.00">
        <vehicle id="0" x="601.65" y="429.93" angle="180.00" type="DEFAULT_VEHTYPE" speed="13.19" pos="25.18" lane="3/2to3/3_0" slope="0.00"/>
        <vehicle id="10" x="398.35" y="344.24" angle="0.00" type="DEFAULT_VEHTYPE" speed="13.14" pos="51.01" lane="2/2to2/1_0" slope="0.00"/>
        <vehicle id="11" x="163.52" y="401.65" angle="-90.00" type="DEFAULT_VEHTYPE" speed="11.78" pos="31.73" lane="1/2to0/2_0" slope="0.00"/>
        <vehicle id="15" x="482.64" y="198.35" angle="90.00" type="DEFAULT_VEHTYPE" speed="12.74" pos="77.89" lane="2/1to3/1_0" slope="0.00"/>
        <vehicle id="16" x="189.79" y="401.65" angle="-90.00" type="DEFAULT_VEHTYPE" speed="8.66" pos="5.46" lane="1/2to0/2_0" slope="0.00"/>
        <vehicle id="17" x="235.92" y="401.65" angle="-90.00" type="DEFAULT_VEHTYPE" speed="1.27" pos="159.33" lane="2/2to1/2_0" slope="0.00"/>
        <vehicle id="18" x="601.65" y="373.89" angle="180.00" type="DEFAULT_VEHTYPE" speed="13.89" pos="169.14" lane="3/1to3/2_0" slope="0.00"/>
        <vehicle id="19" x="15.42" y="201.65" angle="-90.00" type="DEFAULT_VEHTYPE" speed="13.59" pos="179.83" lane="1/1to0/1_0" slope="0.00"/>
        <vehicle id="2" x="251.53" y="401.65" angle="-90.00" type="DEFAULT_VEHTYPE" speed="6.99" pos="143.72" lane="2/2to1/2_0" slope="0.00"/>
        <vehicle id="21" x="657.97" y="601.65" angle="-90.00" type="DEFAULT_VEHTYPE" speed="12.88" pos="142.03" lane="4/3to3/3_0" slope="0.00"/>
        <vehicle id="24" x="401.65" y="714.11" angle="180.00" type="DEFAULT_VEHTYPE" speed="13.11" pos="109.36" lane="2/3to2/4_0" slope="0.00"/>
        <vehicle id="25" x="201.65" y="726.75" angle="180.00" type="DEFAULT_VEHTYPE" speed="13.42" pos="122.00" lane="1/3to1/4_0" slope="0.00"/>
        <vehicle id="28" x="578.60" y="198.35" angle="90.00" type="DEFAULT_VEHTYPE" speed="6.22" pos="173.85" lane="2/1to3/1_0" slope="0.00"/>
        <vehicle id="29" x="398.35" y="269.58" angle="0.00" type="DEFAULT_VEHTYPE" speed="13.19" pos="125.67" lane="2/2to2/1_0" slope="0.00"/>
        <vehicle id="3" x="601.65" y="403.59" angle="180.00" type="DEFAULT_VEHTYPE" speed="12.78" pos="8.34" lane=":3/2_9_0" slope="0.00"/>
        <vehicle id="33" x="210.23" y="401.65" angle="-90.00" type="DEFAULT_VEHTYPE" speed="3.08" pos="185.02" lane="2/2to1/2_0" slope="0.00"/>
        <vehicle id="34" x="398.35" y="34.35" angle="0.00" type="DEFAULT_VEHTYPE" speed="13.16" pos="160.90" lane="2/1to2/0_0" slope="0.00"/>
        <vehicle id="35" x="585.24" y="398.35" angle="90.00" type="DEFAULT_VEHTYPE" speed="6.72" pos="180.49" lane="2/2to3/2_0" slope="0.00"/>
        <vehicle id="37" x="201.65" y="489.93" angle="180.00" type="DEFAULT_VEHTYPE" speed="12.92" pos="85.18" lane="1/2to1/3_0" slope="0.00"/>
        <vehicle id="39" x="223.74" y="401.65" angle="-90.00" type="DEFAULT_VEHTYPE" speed="3.29" pos="171.51" lane="2/2to1/2_0" slope="0.00"/>
        <vehicle id="40" x="623.48" y="198.35" angle="90.00" type="DEFAULT_VEHTYPE" speed="11.67" pos="18.73" lane="3/1to4/1_0" slope="0.00"/>
        <vehicle id="42" x="398.35" y="728.50" angle="0.00" type="DEFAULT_VEHTYPE" speed="12.78" pos="71.50" lane="2/4to2/3_0" slope="0.00"/>
        <vehicle id="43" x="201.65" y="534.48" angle="180.00" type="DEFAULT_VEHTYPE" speed="12.90" pos="129.73" lane="1/2to1/3_0" slope="0.00"/>
        <vehicle id="44" x="590.72" y="198.35" angle="90.00" type="DEFAULT_VEHTYPE" speed="2.80" pos="185.97" lane="2/1to3/1_0" slope="0.00"/>
        <vehicle id="45" x="201.65" y="205.01" angle="-139.54" type="DEFAULT_VEHTYPE" speed="6.68" pos="0.26" lane="1/1to1/2_0" slope="0.00"/>
        <vehicle id="46" x="411.16" y="601.65" angle="-90.00" type="DEFAULT_VEHTYPE" speed="5.02" pos="184.09" lane="3/3to2/3_0" slope="0.00"/>
        <vehicle id="47" x="401.65" y="504.18" angle="180.00" type="DEFAULT_VEHTYPE" speed="13.86" pos="99.43" lane="2/2to2/3_0" slope="0.00"/>
        <vehicle id="48" x="398.35" y="118.69" angle="0.00" type="DEFAULT_VEHTYPE" speed="12.65" pos="76.56" lane="2/1to2/0_0" slope="0.00"/>
        <vehicle id="49" x="192.74" y="398.35" angle="90.00" type="DEFAULT_VEHTYPE" speed="0.00" pos="192.74" lane="0/2to1/2_0" slope="0.00"/>
        <vehicle id="5" x="226.17" y="598.35" angle="90.00" type="DEFAULT_VEHTYPE" speed="13.43" pos="21.42" lane="1/3to2/3_0" slope="0.00"/>
        <vehicle id="6" x="201.65" y="586.66" angle="180.00" type="DEFAULT_VEHTYPE" speed="13.38" pos="181.91" lane="1/2to1/3_0" slope="0.00"/>
        <vehicle id="7" x="398.35" y="675.95" angle="0.00" type="DEFAULT_VEHTYPE" speed="13.32" pos="124.05" lane="2/4to2/3_0" slope="0.00"/>
        <vehicle id="8" x="549.53" y="401.65" angle="-90.00" type="DEFAULT_VEHTYPE" speed="13.51" pos="45.72" lane="3/2to2/2_0" slope="0.00"/>
        <vehicle id="9" x="539.97" y="198.35" angle="90.00" type="DEFAULT_VEHTYPE" speed="12.89" pos="135.22" lane="2/1to3/1_0" slope="0.00"/>
    </timestep>
    <timestep time="104.00">
        <vehicle id="0" x="601.65" y="443.02" angle="180.00" type="DEFAULT_VEHTYPE" speed="13.10" pos="38.27" lane="3/2to3/3_0" slope="0.00"/>
        <vehicle id="10" x="398.35" y="331.54" angle="0.00" type="DEFAULT_VEHTYPE" speed="12.70" pos="63.71" lane="2/2to2/1_0" slope="0.00"/>
        <vehicle id="11" x="149.90" y="401.65" angle="-90.00" type="DEFAULT_VEHTYPE" speed="13.62" pos="45.35" lane="1/2to0/2_0" slope="0.00"/>
        <vehicle id="15" x="495.64" y="198.35" angle="90.00" type="DEFAULT_VEHTYPE" speed="13.00" pos="90.89" lane="2/1to3/1_0" slope="0.00"/>
        <vehicle id="16" x="179.27" y="401.65" angle="-90.00" type="DEFAULT_VEHTYPE" speed="10.52" pos="15.98" lane="1/2to0/2_0" slope="0.00"/>
        <vehicle id="17" x="233.16" y="401.65" angle="-90.00" type="DEFAULT_VEHTYPE" speed="2.75" pos="162.09" lane="2/2to1/2_0" slope="0.00"/>
        <vehicle id="18" x="601.65" y="387.02" angle="180.00" type="DEFAULT_VEHTYPE" speed="13.13" pos="182.27" lane="3/1to3/2_0" slope="0.00"/>
        <vehicle id="19" x="1.99" y="201.65" angle="-90.00" type="DEFAULT_VEHTYPE" speed="13.43" pos="193.26" lane="1/1to0/1_0" slope="0.00"/>
        <vehicle id="2" x="246.42" y="401.65" angle="-90.00" type="DEFAULT_VEHTYPE" speed="5.11" pos="148.83" lane="2/2to1/2_0" slope="0.00"/>
        <vehicle id="21" x="644.27" y="601.65" angle="-90.00" type="DEFAULT_VEHTYPE" speed="13.70" pos="155.73" lane="4/3to3/3_0" slope="0.00"/>
        <vehicle id="24" x="401.65" y="726.86" angle="180.00" type="DEFAULT_VEHTYPE" speed="12.75" pos="122.11" lane="2/3to2/4_0" slope="0.00"/>
        <vehicle id="25" x="201.65" y="739.46" angle="180.00" type="DEFAULT_VEHTYPE" speed="12.71" pos="134.71" lane="1/3to1/4_0" slope="0.00"/>
        <vehicle id="28" x="581.81" y="198.35" angle="90.00" type="DEFAULT_VEHTYPE" speed="3.21" pos="177.06" lane="2/1to3/1_0" slope="0.00"/>
        <vehicle id="29" x="398.35" y="256.43" angle="0.00" type="DEFAULT_VEHTYPE" speed="13.15" pos="138.82" lane="2/2to2/1_0" slope="0.00"/>
        <vehicle id="3" x="601.65" y="416.86" angle="180.00" type="DEFAULT_VEHTYPE" speed="13.27" pos="12.11" lane="3/2to3/3_0" slope="0.00"/>
        <vehicle id="33" x="205.38" y="401.65" angle="-90.00" type="DEFAULT_VEHTYPE" speed="4.85" pos="189.87" lane="2/2to1/2_0" slope="0.00"/>
        <vehicle id="34" x="398.35" y="21.36" angle="0.00" type="DEFAULT_VEHTYPE" speed="12.99" pos="173.89" lane="2/1to2/0_0" slope="0.00"/>
        <vehicle id="35" x="589.28" y="398.35" angle="90.00" type="DEFAULT_VEHTYPE" speed="4.04" pos="184.53" lane="2/2to3/2_0" slope="0.00"/>
        <vehicle id="37" x="201.65" y="503.21" angle="180.00" type="DEFAULT_VEHTYPE" speed="13.27" pos="98.46" lane="1/2to1/3_0" slope="0.00"/>
        <vehicle id="39" x="220.09" y="401.65" angle="-90.00" type="DEFAULT_VEHTYPE" speed="3.65" pos="175.16" lane="2/2to1/2_0" slope="0.00"/>
        <vehicle id="40" x="636.23" y="198.35" angle="90.00" type="DEFAULT_VEHTYPE" speed="12.75" pos="31.48" lane="3/1to4/1_0" slope="0.00"/>
        <vehicle id="42" x="398.35" y="714.95" angle="0.00" type="DEFAULT_VEHTYPE" speed="13.54" pos="85.05" lane="2/4to2/3_0" slope="0.00"/>
        <vehicle id="43" x="201.65" y="547.90" angle="180.00" type="DEFAULT_VEHTYPE" speed="13.42" pos="143.15" lane="1/2to1/3_0" slope="0.00"/>
        <vehicle id="44" x="596.01" y="198.35" angle="90.00" type="DEFAULT_VEHTYPE" speed="5.29" pos="0.76" lane=":3/1_13_0" slope="0.00"/>
        <vehicle id="45" x="201.65" y="213.63" angle="180.00" type="DEFAULT_VEHTYPE" speed="8.62" pos="8.88" lane="1/1to1/2_0" slope="0.00"/>
        <vehicle id="46" x="404.15" y="601.65" angle="-90.00" type="DEFAULT_VEHTYPE" speed="7.01" pos="0.60" lane=":2/3_5_0" slope="0.00"/>
        <vehicle id="47" x="401.65" y="518.07" angle="180.00" type="DEFAULT_VEHTYPE" speed="13.89" pos="113.32" lane="2/2to2/3_0" slope="0.00"/>
        <vehicle id="48" x="398.35" y="105.39" angle="0.00" type="DEFAULT_VEHTYPE" speed="13.30" pos="89.86" lane="2/1to2/0_0" slope="0.00"/>
        <vehicle id="49" x="194.10" y="398.35" angle="90.00" type="DEFAULT_VEHTYPE" speed="1.35" pos="194.10" lane="0/2to1/2_0" slope="0.00"/>
        <vehicle id="5" x="239.29" y="598.35" angle="90.00" type="DEFAULT_VEHTYPE" speed="13.13" pos="34.54" lane="1/3to2/3_0" slope="0.00"/>
        <vehicle id="6" x="204.59" y="598.33" angle="137.83" type="DEFAULT_VEHTYPE" speed="13.42" pos="4.84" lane=":1/3_8_0" slope="0.00"/>
        <vehicle id="7" x="398.35" y="663.33" angle="0.00" type="DEFAULT_VEHTYPE" speed="12.61" pos="136.67" lane="2/4to2/3_0" slope="0.00"/>
        <vehicle id="8" x="536.39" y="401.65" angle="-90.00" type="DEFAULT_VEHTYPE" speed="13.14" pos="58.86" lane="3/2to2/2_0" slope="0.00"/>
        <vehicle id="9" x="553.75" y="198.35" angle="90.00" type="DEFAULT_VEHTYPE" speed="13.77" pos="149.00" lane="2/1to3/1_0" slope="0.00"/>
    </timestep>
    <timestep time="105.00">
        <vehicle id="0" x="601.65" y="455.71" angle="180.00" type="DEFAULT_VEHTYPE" speed="12.69" pos="50.96" lane="3/2to3/3_0" slope="0.00"/>
        <vehicle id="10" x="398.35" y="317.76" angle="0.00" type="DEFAULT_VEHTYPE" speed="13.78" pos="77.49" lane="2/2to2/1_0" slope="0.00"/>
        <vehicle id="11" x="136.21" y="401.65" angle="-90.00" type="DEFAULT_VEHTYPE" speed="13.69" pos="59.04" lane="1/2to0/2_0" slope="0.00"/>
        <vehicle id="15" x="508.34" y="198.35" angle="90.00" type="DEFAULT_VEHTYPE" speed="12.69" pos="103.59" lane="2/1to3/1_0" slope="0.00"/>
        <vehicle id="16" x="166.41" y="401.65" angle="-90.00" type="DEFAULT_VEHTYPE" speed="12.87" pos="28.84" lane="1/2to0/2_0" slope="0.00"/>
        <vehicle id="17" x="230.31" y="401.65" angle="-90.00" type="DEFAULT_VEHTYPE" speed="2.85" pos="164.94" lane="2/2to1/2_0" slope="0.00"/>
        <vehicle id="18" x="601.65" y="400.90" angle="180.00" type="DEFAULT_VEHTYPE" speed="13.88" pos="5.65" lane=":3/2_9_0" slope="0.00"/>
        <vehicle id="2" x="243.56" y="401.65" angle="-90.00" type="DEFAULT_VEHTYPE" speed="2.86" pos="151.69" lane="2/2to1/2_0" slope="0.00"/>
        <vehicle id="21" x="630.71" y="601.65" angle="-90.00" type="DEFAULT_VEHTYPE" speed="13.56" pos="169.29" lane="4/3to3/3_0" slope="0.00"/>
        <vehicle id="24" x="401.65" y="740.55" angle="180.00" type="DEFAULT_VEHTYPE" speed="13.69" pos="135.80" lane="2/3to2/4_0" slope="0.00"/>
        <vehicle id="25" x="201.65" y="752.70" angle="180.00" type="DEFAULT_VEHTYPE" speed="13.24" pos="147.95" lane="1/3to1/4_0" slope="0.00"/>
        <vehicle id="28" x="587.49" y="198.35" angle="90.00" type="DEFAULT_VEHTYPE" speed="5.68" pos="182.74" lane="2/1to3/1_0" slope="0.00"/>
        <vehicle id="29" x="398.35" y="242.80" angle="0.00" type="DEFAULT_VEHTYPE" speed="13.64" pos="152.45" lane="2/2to2/1_0" slope="0.00"/>
        <vehicle id="3" x="601.65" y="430.36" angle="180.00" type="DEFAULT_VEHTYPE" speed="13.50" pos="25.61" lane="3/2to3/3_0" slope="0.00"/>
        <vehicle id="33" x="199.66" y="399.57" angle="-65.73" type="DEFAULT_VEHTYPE" speed="6.34" pos="5.71" lane=":1/2_6_0" slope="0.00"/>
        <vehicle id="34" x="398.35" y="8.10" angle="0.00" type="DEFAULT_VEHTYPE" speed="13.26" pos="187.15" lane="2/1to2/0_0" slope="0.00"/>
        <vehicle id="35" x="591.52" y="398.35" angle="90.00" type="DEFAULT_VEHTYPE" speed="2.25" pos="186.77" lane="2/2to3/2_0" slope="0.00"/>
        <vehicle id="37" x="201.65" y="516.15" angle="180.00" type="DEFAULT_VEHTYPE" speed="12.95" pos="111.40" lane="1/2to1/3_0" slope="0.00"/>
        <vehicle id="39" x="214.93" y="401.65" angle="-90.00" type="DEFAULT_VEHTYPE" speed="5.16" pos="180.32" lane="2/2to1/2_0" slope="0.00"/>
        <vehicle id="40" x="649.27" y="198.35" angle="90.00" type="DEFAULT_VEHTYPE" speed="13.03" pos="44.52" lane="3/1to4/1_0" slope="0.00"/>
        <vehicle id="42" x="398.35" y="701.11" angle="0.00" type="DEFAULT_VEHTYPE" speed="13.84" pos="98.89" lane="2/4to2/3_0" slope="0.00"/>
        <vehicle id="43" x="201.65" y="561.13" angle="180.00" type="DEFAULT_VEHTYPE" speed="13.22" pos="156.38" lane="1/2to1/3_0" slope="0.00"/>
        <vehicle id="44" x="602.86" y="198.35" angle="90.00" type="DEFAULT_VEHTYPE" speed="6.84" pos="7.61" lane=":3/1_13_0" slope="0.00"/>
        <vehicle id="45" x="201.65" y="224.64" angle="180.00" type="DEFAULT_VEHTYPE" speed="11.01" pos="19.89" lane="1/1to1/2_0" slope="0.00"/>
        <vehicle id="46" x="394.98" y="601.65" angle="-90.00" type="DEFAULT_VEHTYPE" speed="9.17" pos="0.27" lane="2/3to1/3_0" slope="0.00"/>
        <vehicle id="47" x="401.65" y="531.89" angle="180.00" type="DEFAULT_VEHTYPE" speed="13.82" pos="127.14" lane="2/2to2/3_0" slope="0.00"/>
        <vehicle id="48" x="398.35" y="92.04" angle="0.00" type="DEFAULT_VEHTYPE" speed="13.35" pos="103.21" lane="2/1to2/0_0" slope="0.00"/>
        <vehicle id="49" x="197.10" y="398.61" angle="93.04" type="DEFAULT_VEHTYPE" speed="3.02" pos="1.87" lane=":1/2_14_0" slope="0.00"/>
        <vehicle id="5" x="252.15" y="598.35" angle="90.00" type="DEFAULT_VEHTYPE" speed="12.86" pos="47.40" lane="1/3to2/3_0" slope="0.00"/>
        <vehicle id="6" x="217.40" y="598.35" angle="90.00" type="DEFAULT_VEHTYPE" speed="12.82" pos="12.65" lane="1/3to2/3_0" slope="0.00"/>
        <vehicle id="7" x="398.35" y="650.44" angle="0.00" type="DEFAULT_VEHTYPE" speed="12.89" pos="149.56" lane="2/4to2/3_0" slope="0.00"/>
        <vehicle id="8" x="523.60" y="401.65" angle="-90.00" type="DEFAULT_VEHTYPE" speed="12.79" pos="71.65" lane="3/2to2/2_0" slope="0.00"/>
        <vehicle id="9" x="563.02" y="198.35" angle="90.00" type="DEFAULT_VEHTYPE" speed="9.27" pos="158.27" lane="2/1to3/1_0" slope="0.00"/>
    </timestep>
    <timestep time="106.00">
        <vehicle id="0" x="601.65" y="468.35" angle="180.00" type="DEFAULT_VEHTYPE" speed="12.64" pos="63.60" lane="3/2to3/3_0" slope="0.00"/>
        <vehicle id="10" x="398.35" y="304.84" angle="0.00" type="DEFAULT_VEHTYPE" speed="12.92" pos="90.41" lane="2/2to2/1_0" slope="0.00"/>
        <vehicle id="11" x="123.25" y="401.65" angle="-90.00" type="DEFAULT_VEHTYPE" speed="12.96" pos="72.00" lane="1/2to0/2_0" slope="0.00"/>
        <vehicle id="15" x="522.16" y="198.35" angle="90.00" type="DEFAULT_VEHTYPE" speed="13.82" pos="117.41" lane="2/1to3/1_0" slope="0.00"/>
        <vehicle id="16" x="152.90" y="401.65" angle="-90.00" type="DEFAULT_VEHTYPE" speed="13.51" pos="42.35" lane="1/2to0/2_0" slope="0.00"/>
        <vehicle id="17" x="225.95" y="401.65" angle="-90.00" type="DEFAULT_VEHTYPE" speed="4.36" pos="169.30" lane="2/2to1/2_0" slope="0.00"/>
        <vehicle id="18" x="601.65" y="414.00" angle="180.00" type="DEFAULT_VEHTYPE" speed="13.10" pos="9.25" lane="3/2to3/3_0" slope="0.00"/>
        <vehicle id="2" x="239.82" y="401.65" angle="-90.00" type="DEFAULT_VEHTYPE" speed="3.74" pos="155.43" lane="2/2to1/2_0" slope="0.00"/>
        <vehicle id="21" x="617.04" y="601.65" angle="-90.00" type="DEFAULT_VEHTYPE" speed="13.66" pos="182.96" lane="4/3to3/3_0" slope="0.00"/>
        <vehicle id="24" x="401.65" y="753.35" angle="180.00" type="DEFAULT_VEHTYPE" speed="12.81" pos="148.60" lane="2/3to2/4_0" slope="0.00"/>
        <vehicle id="25" x="201.65" y="766.28" angle="180.00" type="DEFAULT_VEHTYPE" speed="13.58" pos="161.53" lane="1/3to1/4_0" slope="0.00"/>
        <vehicle id="28" x="590.02" y="198.35" angle="90.00" type="DEFAULT_VEHTYPE" speed="2.54" pos="185.27" lane="2/1to3/1_0" slope="0.00"/>
        <vehicle id="29" x="398.35" y="229.87" angle="0.00" type="DEFAULT_VEHTYPE" speed="12.93" pos="165.38" lane="2/2to2/1_0" slope="0.00"/>
        <vehicle id="3" x="601.65" y="443.17" angle="180.00" type="DEFAULT_VEHTYPE" speed="12.81" pos="38.42" lane="3/2to3/3_0" slope="0.00"/>
        <vehicle id="33" x="198.35" y="391.08" angle="-1.35" type="DEFAULT_VEHTYPE" speed="8.77" pos="4.17" lane="1/2to1/1_0" slope="0.00"/>
        <vehicle id="35" x="592.59" y="398.35" angle="90.00" type="DEFAULT_VEHTYPE" speed="1.07" pos="187.84" lane="2/2to3/2_0" slope="0.00"/>
        <vehicle id="37" x="201.65" y="529.20" angle="180.00" type="DEFAULT_VEHTYPE" speed="13.04" pos="124.45" lane="1/2to1/3_0" slope="0.00"/>
        <vehicle id="39" x="210.89" y="401.65" angle="-90.00" type="DEFAULT_VEHTYPE" speed="4.04" pos="184.36" lane="2/2to1/2_0" slope="0.00"/>
        <vehicle id="40" x="662.97" y="198.35" angle="90.00" type="DEFAULT_VEHTYPE" speed="13.71" pos="58.22" lane="3/1to4/1_0" slope="0.00"/>
        <vehicle id="42" x="398.35" y="688.03" angle="0.00" type="DEFAULT_VEHTYPE" speed="13.08" pos="111.97" lane="2/4to2/3_0" slope="0.00"/>
        <vehicle id="43" x="201.65" y="574.16" angle="180.00" type="DEFAULT_VEHTYPE" speed="13.04" pos="169.41" lane="1/2to1/3_0" slope="0.00"/>
        <vehicle id="44" x="611.39" y="198.35" angle="90.00" type="DEFAULT_VEHTYPE" speed="8.53" pos="6.64" lane="3/1to4/1_0" slope="0.00"/>
        <vehicle id="45" x="201.65" y="237.74" angle="180.00" type="DEFAULT_VEHTYPE" speed="13.10" pos="32.99" lane="1/1to1/2_0" slope="0.00"/>
        <vehicle id="46" x="384.40" y="601.65" angle="-90.00" type="DEFAULT_VEHTYPE" speed="10.58" pos="10.85" lane="2/3to1/3_0" slope="0.00"/>
        <vehicle id="47" x="401.65" y="544.86" angle="180.00" type="DEFAULT_VEHTYPE" speed="12.97" pos="140.11" lane="2/2to2/3_0" slope="0.00"/>
        <vehicle id="48" x="398.35" y="78.71" angle="0.00" type="DEFAULT_VEHTYPE" speed="13.33" pos="116.54" lane="2/1to2/0_0" slope="0.00"/>
        <vehicle id="49" x="201.08" y="401.67" angle="129.27" type="DEFAULT_VEHTYPE" speed="5.30" pos="7.17" lane=":1/2_14_0" slope="0.00"/>
        <vehicle id="5" x="265.36" y="598.35" angle="90.00" type="DEFAULT_VEHTYPE" speed="13.22" pos="60.61" lane="1/3to2/3_0" slope="0.00"/>
        <vehicle id="6" x="231.21" y="598.35" angle="90.00" type="DEFAULT_VEHTYPE" speed="13.80" pos="26.46" lane="1/3to2/3_0" slope="0.00"/>
        <vehicle id="7" x="398.35" y="637.74" angle="0.00" type="DEFAULT_VEHTYPE" speed="12.70" pos="162.26" lane="2/4to2/3_0" slope="0.00"/>
        <vehicle id="8" x="510.58" y="401.65" angle="-90.00" type="DEFAULT_VEHTYPE" speed="13.01" pos="84.67" lane="3/2to2/2_0" slope="0.00"/>
        <vehicle id="9" x="572.89" y="198.35" angle="90.00" type="DEFAULT_VEHTYPE" speed="9.87" pos="168.14" lane="2/1to3/1_0" slope="0.00"/>
    </timestep>
    <timestep time="107.00">
        <vehicle id="0" x="601.65" y="482.22" angle="180.00" type="DEFAULT_VEHTYPE" speed="13.86" pos="77.47" lane="3/2to3/3_0" slope="0.00"/>
        <vehicle id="10" x="398.35" y="290.96" angle="0.00" type="DEFAULT_VEHTYPE" speed="13.88" pos="104.29" lane="2/2to2/1_0" slope="0.00"/>
        <vehicle id="11" x="109.73" y="401.65" angle="-90.00" type="DEFAULT_VEHTYPE" speed="13.52" pos="85.52" lane="1/2to0/2_0" slope="0.00"/>
        <vehicle id="15" x="534.82" y="198.35" angle="90.00" type="DEFAULT_VEHTYPE" speed="12.66" pos="130.07" lane="2/1to3/1_0" slope="0.00"/>
        <vehicle id="16" x="139.68" y="401.65" angle="-90.00" type="DEFAULT_VEHTYPE" speed="13.22" pos="55.57" lane="1/2to0/2_0" slope="0.00"/>
        <vehicle id="17" x="221.06" y="401.65" angle="-90.00" type="DEFAULT_VEHTYPE" speed="4.89" pos="174.19" lane="2/2to1/2_0" slope="0.00"/>
        <vehicle id="18" x="601.65" y="426.95" angle="180.00" type="DEFAULT_VEHTYPE" speed="12.96" pos="22.20" lane="3/2to3/3_0" slope="0.00"/>
        <vehicle id="2" x="235.68" y="401.65" angle="-90.00" type="DEFAULT_VEHTYPE" speed="4.14" pos="159.57" lane="2/2to1/2_0" slope="0.00"/>
        <vehicle id="24" x="401.65" y="766.13" angle="180.00" type="DEFAULT_VEHTYPE" speed="12.78" pos="161.38" lane="2/3to2/4_0" slope="0.00"/>
        <vehicle id="25" x="201.65" y="779.50" angle="180.00" type="DEFAULT_VEHTYPE" speed="13.23" pos="174.75" lane="1/3to1/4_0" slope="0.00"/>
        <vehicle id="28" x="594.58" y="198.35" angle="90.00" type="DEFAULT_VEHTYPE" speed="4.56" pos="189.83" lane="2/1to3/1_0" slope="0.00"/>
        <vehicle id="29" x="398.35" y="216.10" angle="0.00" type="DEFAULT_VEHTYPE" speed="13.76" pos="179.15" lane="2/2to2/1_0" slope="0.00"/>
        <vehicle id="3" x="601.65" y="456.80" angle="180.00" type="DEFAULT_VEHTYPE" speed="13.63" pos="52.05" lane="3/2to3/3_0" slope="0.00"/>
        <vehicle id="33" x="198.35" y="380.67" angle="0.00" type="DEFAULT_VEHTYPE" speed="10.41" pos="14.58" lane="1/2to1/1_0" slope="0.00"/>
        <vehicle id="35" x="595.25" y="398.35" angle="90.00" type="DEFAULT_VEHTYPE" speed="2.66" pos="0.00" lane=":3/2_14_0" slope="0.00"/>
        <vehicle id="37" x="201.65" y="542.83" angle="180.00" type="DEFAULT_VEHTYPE" speed="13.63" pos="138.08" lane="1/2to1/3_0" slope="0.00"/>
        <vehicle id="39" x="204.71" y="401.64" angle="-89.93" type="DEFAULT_VEHTYPE" speed="6.19" pos="0.04" lane=":1/2_6_0" slope="0.00"/>
        <vehicle id="40" x="675.98" y="198.35" angle="90.00" type="DEFAULT_VEHTYPE" speed="13.00" pos="71.23" lane="3/1to4/1_0" slope="0.00"/>
        <vehicle id="42" x="398.35" y="674.98" angle="0.00" type="DEFAULT_VEHTYPE" speed="13.05" pos="125.02" lane="2/4to2/3_0" slope="0.00"/>
        <vehicle id="43" x="201.65" y="587.18" angle="180.00" type="DEFAULT_VEHTYPE" speed="13.01" pos="182.43" lane="1/2to1/3_0" slope="0.00"/>
        <vehicle id="44" x="622.30" y="198.35" angle="90.00" type="DEFAULT_VEHTYPE" speed="10.91" pos="17.55" lane="3/1to4/1_0" slope="0.00"/>
        <vehicle id="45" x="201.65" y="250.44" angle="180.00" type="DEFAULT_VEHTYPE" speed="12.70" pos="45.69" lane="1/1to1/2_0" slope="0.00"/>
        <vehicle id="46" x="371.48" y="601.65" angle="-90.00" type="DEFAULT_VEHTYPE" speed="12.92" pos="23.77" lane="2/3to1/3_0" slope="0.00"/>
        <vehicle id="47" x="401.65" y="558.06" angle="180.00" type="DEFAULT_VEHTYPE" speed="13.20" pos="153.31" lane="2/2to2/3_0" slope="0.00"/>
        <vehicle id="48" x="398.35" y="65.22" angle="0.00" type="DEFAULT_VEHTYPE" speed="13.48" pos="130.03" lane="2/1to2/0_0" slope="0.00"/>
        <vehicle id="49" x="201.65" y="408.36" angle="177.74" type="DEFAULT_VEHTYPE" speed="6.76" pos="3.61" lane="1/2to1/3_0" slope="0.00"/>
        <vehicle id="5" x="278.84" y="598.35" angle="90.00" type="DEFAULT_VEHTYPE" speed="13.48" pos="74.09" lane="1/3to2/3_0" slope="0.00"/>
        <vehicle id="6" x="244.90" y="598.35" angle="90.00" type="DEFAULT_VEHTYPE" speed="13.69" pos="40.15" lane="1/3to2/3_0" slope="0.00"/>
        <vehicle id="7" x="398.35" y="624.81" angle="0.00" type="DEFAULT_VEHTYPE" speed="12.93" pos="175.19" lane="2/4to2/3_0" slope="0.00"/>
        <vehicle id="8" x="497.09" y="401.65" angle="-90.00" type="DEFAULT_VEHTYPE" speed="13.50" pos="98.16" lane="3/2to2/2_0" slope="0.00"/>
        <vehicle id="9" x="578.27" y="198.35" angle="90.00" type="DEFAULT_VEHTYPE" speed="5.37" pos="173.52" lane="2/1to3/1_0" slope="0.00"/>
    </timestep>
    <timestep time="108.00">
        <vehicle id="0" x="601.65" y="495.75" angle="180.00" type="DEFAULT_VEHTYPE" speed="13.54" pos="91.00" lane="3/2to3/3_0" slope="0.00"/>
        <vehicle id="10" x="398.35" y="278.29" angle="0.00" type="DEFAULT_VEHTYPE" speed="12.68" pos="116.96" lane="2/2to2/1_0" slope="0.00"/>
        <vehicle id="11" x="96.09" y="401.65" angle="-90.00" type="DEFAULT_VEHTYPE" speed="13.63" pos="99.16" lane="1/2to0/2_0" slope="0.00"/>
        <vehicle id="15" x="548.03" y="198.35" angle="90.00" type="DEFAULT_VEHTYPE" speed="13.22" pos="143.28" lane="2/1to3/1_0" slope="0.00"/>
        <vehicle id="16" x="126.42" y="401.65" angle="-90.00" type="DEFAULT_VEHTYPE" speed="13.26" pos="68.83" lane="1/2to0/2_0" slope="0.00"/>
        <vehicle id="17" x="214.76" y="401.65" angle="-90.00" type="DEFAULT_VEHTYPE" speed="6.29" pos="180.49" lane="2/2to1/2_0" slope="0.00"/>
        <vehicle id="18" x="601.65" y="440.32" angle="180.00" type="DEFAULT_VEHTYPE" speed="13.37" pos="35.57" lane="3/2to3/3_0" slope="0.00"/>
        <vehicle id="2" x="230.09" y="401.65" angle="-90.00" type="DEFAULT_VEHTYPE" speed="5.59" pos="165.16" lane="2/2to1/2_0" slope="0.00"/>
        <vehicle id="24" x="401.65" y="779.77" angle="180.00" type="DEFAULT_VEHTYPE" speed="13.64" pos="175.02" lane="2/3to2/4_0" slope="0.00"/>
        <vehicle id="25" x="201.65" y="792.64" angle="180.00" type="DEFAULT_VEHTYPE" speed="13.14" pos="187.89" lane="1/3to1/4_0" slope="0.00"/>
        <vehicle id="28" x="601.06" y="198.35" angle="90.00" type="DEFAULT_VEHTYPE" speed="6.48" pos="5.81" lane=":3/1_13_0" slope="0.00"/>
        <vehicle id="29" x="398.35" y="202.79" angle="0.00" type="DEFAULT_VEHTYPE" speed="13.31" pos="1.96" lane=":2/1_1_0" slope="0.00"/>
        <vehicle id="3" x="601.65" y="470.04" angle="180.00" type="DEFAULT_VEHTYPE" speed="13.23" pos="65.29" lane="3/2to3/3_0" slope="0.00"/>
        <vehicle id="33" x="198.35" y="368.69" angle="0.00" type="DEFAULT_VEHTYPE" speed="11.98" pos="26.56" lane="1/2to1/1_0" slope="0.00"/>
        <vehicle id="35" x="599.52" y="399.63" angle="105.17" type="DEFAULT_VEHTYPE" speed="4.54" pos="4.54" lane=":3/2_14_0" slope="0.00"/>
        <vehicle id="37" x="201.65" y="556.67" angle="180.00" type="DEFAULT_VEHTYPE" speed="13.85" pos="151.92" lane="1/2to1/3_0" slope="0.00"/>
        <vehicle id="39" x="198.59" y="396.96" angle="-34.73" type="DEFAULT_VEHTYPE" speed="8.55" pos="8.59" lane=":1/2_6_0" slope="0.00"/>
        <vehicle id="40" x="688.87" y="198.35" angle="90.00" type="DEFAULT_VEHTYPE" speed="12.89" pos="84.12" lane="3/1to4/1_0" slope="0.00"/>
        <vehicle id="42" x="398.35" y="661.98" angle="0.00" type="DEFAULT_VEHTYPE" speed="13.01" pos="138.02" lane="2/4to2/3_0" slope="0.00"/>
        <vehicle id="43" x="205.19" y="598.35" angle="127.36" type="DEFAULT_VEHTYPE" speed="13.52" pos="0.44" lane="1/3to2/3_0" slope="0.00"/>
        <vehicle id="44" x="635.67" y="198.35" angle="90.00" type="DEFAULT_VEHTYPE" speed="13.38" pos="30.92" lane="3/1to4/1_0" slope="0.00"/>
        <vehicle id="45" x="201.65" y="263.21" angle="180.00" type="DEFAULT_VEHTYPE" speed="12.77" pos="58.46" lane="1/1to1/2_0" slope="0.00"/>
        <vehicle id="46" x="358.69" y="601.65" angle="-90.00" type="DEFAULT_VEHTYPE" speed="12.78" pos="36.56" lane="2/3to1/3_0" slope="0.00"/>
        <vehicle id="47" x="401.65" y="571.75" angle="180.00" type="DEFAULT_VEHTYPE" speed="13.69" pos="167.00" lane="2/2to2/3_0" slope="0.00"/>
        <vehicle id="48" x="398.35" y="52.50" angle="0.00" type="DEFAULT_VEHTYPE" speed="12.72" pos="142.75" lane="2/1to2/0_0" slope="0.00"/>
        <vehicle id="49" x="201.65" y="416.69" angle="180.00" type="DEFAULT_VEHTYPE" speed="8.33" pos="11.94" lane="1/2to1/3_0" slope="0.00"/>
        <vehicle id="5" x="291.44" y="598.35" angle="90.00" type="DEFAULT_VEHTYPE" speed="12.60" pos="86.69" lane="1/3to2/3_0" slope="0.00"/>
        <vehicle id="6" x="258.62" y="598.35" angle="90.00" type="DEFAULT_VEHTYPE" speed="13.73" pos="53.87" lane="1/3to2/3_0" slope="0.00"/>
        <vehicle id="7" x="398.35" y="611.65" angle="0.00" type="DEFAULT_VEHTYPE" speed="13.15" pos="188.35" lane="2/4to2/3_0" slope="0.00"/>
        <vehicle id="8" x="483.27" y="401.65" angle="-90.00" type="DEFAULT_VEHTYPE" speed="13.82" pos="111.98" lane="3/2to2/2_0" slope="0.00"/>
        <vehicle id="9" x="583.72" y="198.35" angle="90.00" type="DEFAULT_VEHTYPE" speed="5.45" pos="178.97" lane="2/1to3/1_0" slope="0.00"/>
    </timestep>
    <timestep time="109.00">
        <vehicle id="0" x="601.65" y="508.65" angle="180.00" type="DEFAULT_VEHTYPE" speed="12.90" pos="103.90" lane="3/2to3/3_0" slope="0.00"/>
        <vehicle id="10" x="398.35" y="264.89" angle="0.00" type="DEFAULT_VEHTYPE" speed="13.40" pos="130.36" lane="2/2to2/1_0" slope="0.00"/>
        <vehicle id="11" x="83.10" y="401.65" angle="-90.00" type="DEFAULT_VEHTYPE" speed="12.99" pos="112.15" lane="1/2to0/2_0" slope="0.00"/>
        <vehicle id="15" x="560.71" y="198.35" angle="90.00" type="DEFAULT_VEHTYPE" speed="12.67" pos="155.96" lane="2/1to3/1_0" slope="0.00"/>
        <vehicle id="16" x="113.53" y="401.65" angle="-90.00" type="DEFAULT_VEHTYPE" speed="12.89" pos="81.72" lane="1/2to0/2_0" slope="0.00"/>
        <vehicle id="17" x="210.00" y="401.65" angle="-90.00" type="DEFAULT_VEHTYPE" speed="4.76" pos="185.25" lane="2/2to1/2_0" slope="0.00"/>
        <vehicle id="18" x="601.65" y="452.96" angle="180.00" type="DEFAULT_VEHTYPE" speed="12.64" pos="48.21" lane="3/2to3/3_0" slope="0.00"/>
        <vehicle id="2" x="224.51" y="401.65" angle="-90.00" type="DEFAULT_VEHTYPE" speed="5.58" pos="170.74" lane="2/2to1/2_0" slope="0.00"/>
        <vehicle id="24" x="401.65" y="793.12" angle="180.00" type="DEFAULT_VEHTYPE" speed="13.35" pos="188.37" lane="2/3to2/4_0" slope="0.00"/>
        <vehicle id="25" x="198.35" y="799.40" angle="-72.77" type="DEFAULT_VEHTYPE" speed="12.78" pos="0.60" lane="1/4to1/3_0" slope="0.00"/>
        <vehicle id="28" x="609.73" y="198.35" angle="90.00" type="DEFAULT_VEHTYPE" speed="8.67" pos="4.98" lane="3/1to4/1_0" slope="0.00"/>
        <vehicle id="29" x="398.35" y="189.20" angle="0.00" type="DEFAULT_VEHTYPE" speed="13.59" pos="6.05" lane="2/1to2/0_0" slope="0.00"/>
        <vehicle id="3" x="601.65" y="483.54" angle="180.00" type="DEFAULT_VEHTYPE" speed="13.50" pos="78.79" lane="3/2to3/3_0" slope="0.00"/>
        <vehicle id="33" x="198.35" y="355.17" angle="0.00" type="DEFAULT_VEHTYPE" speed="13.53" pos="40.08" lane="1/2to1/1_0" slope="0.00"/>
        <vehicle id="35" x="601.65" y="405.37" angle="165.86" type="DEFAULT_VEHTYPE" speed="6.40" pos="0.62" lane="3/2to3/3_0" slope="0.00"/>
        <vehicle id="37" x="201.65" y="569.74" angle="180.00" type="DEFAULT_VEHTYPE" speed="13.06" pos="164.99" lane="1/2to1/3_0" slope="0.00"/>
        <vehicle id="39" x="198.35" y="386.82" angle="0.00" type="DEFAULT_VEHTYPE" speed="10.15" pos="8.43" lane="1/2to1/1_0" slope="0.00"/>
        <vehicle id="40" x="702.45" y="198.35" angle="90.00" type="DEFAULT_VEHTYPE" speed="13.58" pos="97.70" lane="3/1to4/1_0" slope="0.00"/>
        <vehicle id="42" x="398.35" y="648.48" angle="0.00" type="DEFAULT_VEHTYPE" speed="13.49" pos="151.52" lane="2/4to2/3_0" slope="0.00"/>
        <vehicle id="43" x="217.98" y="598.35" angle="90.00" type="DEFAULT_VEHTYPE" speed="12.78" pos="13.23" lane="1/3to2/3_0" slope="0.00"/>
        <vehicle id="44" x="648.88" y="198.35" angle="90.00" type="DEFAULT_VEHTYPE" speed="13.21" pos="44.13" lane="3/1to4/1_0" slope="0.00"/>
        <vehicle id="45" x="201.65" y="276.28" angle="180.00" type="DEFAULT_VEHTYPE" speed="13.07" pos="71.53" lane="1/1to1/2_0" slope="0.00"/>
        <vehicle id="46" x="346.07" y="601.65" angle="-90.00" type="DEFAULT_VEHTYPE" speed="12.62" pos="49.18" lane="2/3to1/3_0" slope="0.00"/>
        <vehicle id="47" x="401.65" y="584.59" angle="180.00" type="DEFAULT_VEHTYPE" speed="12.83" pos="179.84" lane="2/2to2/3_0" slope="0.00"/>
        <vehicle id="48" x="398.35" y="39.59" angle="0.00" type="DEFAULT_VEHTYPE" speed="12.91" pos="155.66" lane="2/1to2/0_0" slope="0.00"/>
        <vehicle id="49" x="201.65" y="427.12" angle="180.00" type="DEFAULT_VEHTYPE" speed="10.43" pos="22.37" lane="1/2to1/3_0" slope="0.00"/>
        <vehicle id="5" x="304.64" y="598.35" angle="90.00" type="DEFAULT_VEHTYPE" speed="13.20" pos="99.89" lane="1/3to2/3_0" slope="0.00"/>
        <vehicle id="6" x="272.51" y="598.35" angle="90.00" type="DEFAULT_VEHTYPE" speed="13.89" pos="67.76" lane="1/3to2/3_0" slope="0.00"/>
        <vehicle id="7" x="398.35" y="597.88" angle="0.00" type="DEFAULT_VEHTYPE" speed="13.77" pos="6.87" lane=":2/3_1_0" slope="0.00"/>
        <vehicle id="8" x="470.56" y="401.65" angle="-90.00" type="DEFAULT_VEHTYPE" speed="12.71" pos="124.69" lane="3/2to2/2_0" slope="0.00"/>
        <vehicle id="9" x="589.12" y="198.35" angle="90.00" type="DEFAULT_VEHTYPE" speed="5.40" pos="184.37" lane="2/1to3/1_0" slope="0.00"/>
    </timestep>
    <timestep time="110.00">
        <vehicle id="0" x="601.65" y="522.10" angle="180.00" type="DEFAULT_VEHTYPE" speed="13.45" pos="117.35" lane="3/2to3/3_0" slope="0.00"/>
        <vehicle id="10" x="398.35" y="251.88" angle="0.00" type="DEFAULT_VEHTYPE" speed="13.01" pos="143.37" lane="2/2to2/1_0" slope="0.00"/>
        <vehicle id="11" x="70.48" y="401.65" angle="-90.00" type="DEFAULT_VEHTYPE" speed="12.62" pos="124.77" lane="1/2to0/2_0" slope="0.00"/>
        <vehicle id="15" x="572.02" y="198.35" angle="90.00" type="DEFAULT_VEHTYPE" speed="11.31" pos="167.27" lane="2/1to3/1_0" slope="0.00"/>
        <vehicle id="16" x="100.36" y="401.65" angle="-90.00" type="DEFAULT_VEHTYPE" speed="13.17" pos="94.89" lane="1/2to0/2_0" slope="0.00"/>
        <vehicle id="17" x="202.67" y="401.65" angle="-90.00" type="DEFAULT_VEHTYPE" speed="7.33" pos="2.08" lane=":1/2_5_0" slope="0.00"/>
        <vehicle id="18" x="601.65" y="465.65" angle="180.00" type="DEFAULT_VEHTYPE" speed="12.69" pos="60.90" lane="3/2to3/3_0" slope="0.00"/>
        <vehicle id="2" x="218.72" y="401.65" angle="-90.00" type="DEFAULT_VEHTYPE" speed="5.79" pos="176.53" lane="2/2to1/2_0" slope="0.00"/>
        <vehicle id="24" x="398.35" y="798.24" angle="-38.19" type="DEFAULT_VEHTYPE" speed="13.47" pos="1.76" lane="2/4to2/3_0" slope="0.00"/>
        <vehicle id="25" x="198.35" y="785.75" angle="0.00" type="DEFAULT_VEHTYPE" speed="13.65" pos="14.25" lane="1/4to1/3_0" slope="0.00"/>
        <vehicle id="28" x="620.11" y="198.35" angle="90.00" type="DEFAULT_VEHTYPE" speed="10.37" pos="15.36" lane="3/1to4/1_0" slope="0.00"/>
        <vehicle id="29" x="398.35" y="176.40" angle="0.00" type="DEFAULT_VEHTYPE" speed="12.81" pos="18.85" lane="2/1to2/0_0" slope="0.00"/>
        <vehicle id="3" x="601.65" y="496.34" angle="180.00" type="DEFAULT_VEHTYPE" speed="12.80" pos="91.59" lane="3/2to3/3_0" slope="0.00"/>
        <vehicle id="33" x="198.35" y="341.58" angle="0.00" type="DEFAULT_VEHTYPE" speed="13.59" pos="53.67" lane="1/2to1/1_0" slope="0.00"/>
        <vehicle id="35" x="601.65" y="413.43" angle="180.00" type="DEFAULT_VEHTYPE" speed="8.06" pos="8.68" lane="3/2to3/3_0" slope="0.00"/>
        <vehicle id="37" x="201.65" y="583.28" angle="180.00" type="DEFAULT_VEHTYPE" speed="13.54" pos="178.53" lane="1/2to1/3_0" slope="0.00"/>
        <vehicle id="39" x="198.35" y="374.62" angle="0.00" type="DEFAULT_VEHTYPE" speed="12.20" pos="20.63" lane="1/2to1/1_0" slope="0.00"/>
        <vehicle id="40" x="715.23" y="198.35" angle="90.00" type="DEFAULT_VEHTYPE" speed="12.78" pos="110.48" lane="3/1to4/1_0" slope="0.00"/>
        <vehicle id="42" x="398.35" y="635.53" angle="0.00" type="DEFAULT_VEHTYPE" speed="12.96" pos="164.47" lane="2/4to2/3_0" slope="0.00"/>
        <vehicle id="43" x="230.69" y="598.35" angle="90.00" type="DEFAULT_VEHTYPE" speed="12.71" pos="25.94" lane="1/3to2/3_0" slope="0.00"/>
        <vehicle id="44" x="662.53" y="198.35" angle="90.00" type="DEFAULT_VEHTYPE" speed="13.64" pos="57.78" lane="3/1to4/1_0" slope="0.00"/>
        <vehicle id="45" x="201.65" y="289.22" angle="180.00" type="DEFAULT_VEHTYPE" speed="12.94" pos="84.47" lane="1/1to1/2_0" slope="0.00"/>
        <vehicle id="46" x="333.42" y="601.65" angle="-90.00" type="DEFAULT_VEHTYPE" speed="12.65" pos="61.83" lane="2/3to1/3_0" slope="0.00"/>
        <vehicle id="47" x="402.62" y="597.70" angle="168.39" type="DEFAULT_VEHTYPE" speed="13.40" pos="2.73" lane=":2/3_8_0" slope="0.00"/>
        <vehicle id="48" x="398.35" y="26.77" angle="0.00" type="DEFAULT_VEHTYPE" speed="12.82" pos="168.48" lane="2/1to2/0_0" slope="0.00"/>
        <vehicle id="49" x="201.65" y="439.45" angle="180.00" type="DEFAULT_VEHTYPE" speed="12.33" pos="34.70" lane="1/2to1/3_0" slope="0.00"/>
        <vehicle id="5" x="317.64" y="598.35" angle="90.00" type="DEFAULT_VEHTYPE" speed="13.01" pos="112.89" lane="1/3to2/3_0" slope="0.00"/>
        <vehicle id="6" x="285.76" y="598.35" angle="90.00" type="DEFAULT_VEHTYPE" speed="13.25" pos="81.01" lane="1/3to2/3_0" slope="0.00"/>
        <vehicle id="7" x="398.35" y="584.11" angle="0.00" type="DEFAULT_VEHTYPE" speed="13.78" pos="11.14" lane="2/3to2/2_0" slope="0.00"/>
        <vehicle id="8" x="457.66" y="401.65" angle="-90.00" type="DEFAULT_VEHTYPE" speed="12.90" pos="137.59" lane="3/2to2/2_0" slope="0.00"/>
        <vehicle id="9" x="595.98" y="198.35" angle="90.00" type="DEFAULT_VEHTYPE" speed="6.86" pos="0.73" lane=":3/1_13_0" slope="0.00"/>
    </timestep>
    <timestep time="111.00">
        <vehicle id="0" x="601.65" y="535.19" angle="180.00" type="DEFAULT_VEHTYPE" speed="13.09" pos="130.44" lane="3/2to3/3_0" slope="0.00"/>
        <vehicle id="10" x="398.35" y="238.41" angle="0.00" type="DEFAULT_VEHTYPE" speed="13.47" pos="156.84" lane="2/2to2/1_0" slope="0.00"/>
        <vehicle id="11" x="56.64" y="401.65" angle="-90.00" type="DEFAULT_VEHTYPE" speed="13.84" pos="138.61" lane="1/2to0/2_0" slope="0.00"/>
        <vehicle id="15" x="581.23" y="198.35" angle="90.00" type="DEFAULT_VEHTYPE" speed="9.21" pos="176.48" lane="2/1to3/1_0" slope="0.00"/>
        <vehicle id="16" x="87.60" y="401.65" angle="-90.00" type="DEFAULT_VEHTYPE" speed="12.76" pos="107.65" lane="1/2to0/2_0" slope="0.00"/>
        <vehicle id="17" x="192.82" y="401.65" angle="-90.00" type="DEFAULT_VEHTYPE" speed="9.85" pos="2.43" lane="1/2to0/2_0" slope="0.00"/>
        <vehicle id="18" x="601.65" y="478.66" angle="180.00" type="DEFAULT_VEHTYPE" speed="13.01" pos="73.91" lane="3/2to3/3_0" slope="0.00"/>
        <vehicle id="2" x="213.07" y="401.65" angle="-90.00" type="DEFAULT_VEHTYPE" speed="5.65" pos="182.18" lane="2/2to1/2_0" slope="0.00"/>
        <vehicle id="24" x="398.35" y="785.25" angle="0.00" type="DEFAULT_VEHTYPE" speed="12.98" pos="14.75" lane="2/4to2/3_0" slope="0.00"/>
        <vehicle id="25" x="198.35" y="772.05" angle="0.00" type="DEFAULT_VEHTYPE" speed="13.70" pos="27.95" lane="1/4to1/3_0" slope="0.00"/>
        <vehicle id="28" x="632.97" y="198.35" angle="90.00" type="DEFAULT_VEHTYPE" speed="12.86" pos="28.22" lane="3/1to4/1_0" slope="0.00"/>
        <vehicle id="29" x="398.35" y="162.52" angle="0.00" type="DEFAULT_VEHTYPE" speed="13.87" pos="32.73" lane="2/1to2/0_0" slope="0.00"/>
        <vehicle id="3" x="601.65" y="509.91" angle="180.00" type="DEFAULT_VEHTYPE" speed="13.58" pos="105.16" lane="3/2to3/3_0" slope="0.00"/>
        <vehicle id="33" x="198.35" y="328.37" angle="0.00" type="DEFAULT_VEHTYPE" speed="13.21" pos="66.88" lane="1/2to1/1_0" slope="0.00"/>
        <vehicle id="35" x="601.65" y="423.10" angle="180.00" type="DEFAULT_VEHTYPE" speed="9.67" pos="18.35" lane="3/2to3/3_0" slope="0.00"/>
        <vehicle id="37" x="201.93" y="596.75" angle="176.81" type="DEFAULT_VEHTYPE" speed="13.51" pos="1.54" lane=":1/3_8_0" slope="0.00"/>
        <vehicle id="39" x="198.35" y="360.97" angle="0.00" type="DEFAULT_VEHTYPE" speed="13.66" pos="34.28" lane="1/2to1/1_0" slope="0.00"/>
        <vehicle id="40" x="728.18" y="198.35" angle="90.00" type="DEFAULT_VEHTYPE" speed="12.95" pos="123.43" lane="3/1to4/1_0" slope="0.00"/>
        <vehicle id="42" x="398.35" y="621.90" angle="0.00" type="DEFAULT_VEHTYPE" speed="13.63" pos="178.10" lane="2/4to2/3_0" slope="0.00"/>
        <vehicle id="43" x="244.31" y="598.35" angle="90.00" type="DEFAULT_VEHTYPE" speed="13.62" pos="39.56" lane="1/3to2/3_0" slope="0.00"/>
        <vehicle id="44" x="675.21" y="198.35" angle="90.00" type="DEFAULT_VEHTYPE" speed="12.69" pos="70.46" lane="3/1to4/1_0" slope="0.00"/>
        <vehicle id="45" x="201.65" y="302.15" angle="180.00" type="DEFAULT_VEHTYPE" speed="12.94" pos="97.40" lane="1/1to1/2_0" slope="0.00"/>
        <vehicle id="46" x="319.62" y="601.65" angle="-90.00" type="DEFAULT_VEHTYPE" speed="13.80" pos="75.63" lane="2/3to1/3_0" slope="0.00"/>
        <vehicle id="47" x="415.10" y="598.35" angle="90.00" type="DEFAULT_VEHTYPE" speed="12.62" pos="10.35" lane="2/3to3/3_0" slope="0.00"/>
        <vehicle id="48" x="398.35" y="13.04" angle="0.00" type="DEFAULT_VEHTYPE" speed="13.74" pos="182.21" lane="2/1to2/0_0" slope="0.00"/>
        <vehicle id="49" x="201.65" y="453.20" angle="180.00" type="DEFAULT_VEHTYPE" speed="13.75" pos="48.45" lane="1/2to1/3_0" slope="0.00"/>
        <vehicle id="5" x="330.54" y="598.35" angle="90.00" type="DEFAULT_VEHTYPE" speed="12.89" pos="125.79" lane="1/3to2/3_0" slope="0.00"/>
        <vehicle id="6" x="299.64" y="598.35" angle="90.00" type="DEFAULT_VEHTYPE" speed="13.88" pos="94.89" lane="1/3to2/3_0" slope="0.00"/>
        <vehicle id="7" x="398.35" y="571.04" angle="0.00" type="DEFAULT_VEHTYPE" speed="13.07" pos="24.21" lane="2/3to2/2_0" slope="0.00"/>
        <vehicle id="8" x="444.52" y="401.65" angle="-90.00" type="DEFAULT_VEHTYPE" speed="13.14" pos="150.73" lane="3/2to2/2_0" slope="0.00"/>
        <vehicle id="9" x="605.01" y="198.35" angle="90.00" type="DEFAULT_VEHTYPE" speed="9.03" pos="0.26" lane="3/1to4/1_0" slope="0.00"/>
    </timestep>
    <timestep time="112.00">
        <vehicle id="0" x="601.65" y="549.05" angle="180.00" type="DEFAULT_VEHTYPE" speed="13.86" pos="144.30" lane="3/2to3/3_0" slope="0.00"/>
        <vehicle id="10" x="398.35" y="225.59" angle="0.00" type="DEFAULT_VEHTYPE" speed="12.82" pos="169.66" lane="2/2to2/1_0" slope="0.00"/>
        <vehicle id="11" x="43.61" y="401.65" angle="-90.00" type="DEFAULT_VEHTYPE" speed="13.03" pos="151.64" lane="1/2to0/2_0" slope="0.00"/>
        <vehicle id="15" x="587.74" y="198.35" angle="90.00" type="DEFAULT_VEHTYPE" speed="6.52" pos="182.99" lane="2/1to3/1_0" slope="0.00"/>
        <vehicle id="16" x="74.29" y="401.65" angle="-90.00" type="DEFAULT_VEHTYPE" speed="13.32" pos="120.96" lane="1/2to0/2_0" slope="0.00"/>
        <vehicle id="17" x="181.61" y="401.65" angle="-90.00" type="DEFAULT_VEHTYPE" speed="11.20" pos="13.64" lane="1/2to0/2_0" slope="0.00"/>
        <vehicle id="18" x="601.65" y="492.12" angle="180.00" type="DEFAULT_VEHTYPE" speed="13.46" pos="87.37" lane="3/2to3/3_0" slope="0.00"/>
        <vehicle id="2" x="209.58" y="401.65" angle="-90.00" type="DEFAULT_VEHTYPE" speed="3.49" pos="185.67" lane="2/2to1/2_0" slope="0.00"/>
        <vehicle id="24" x="398.35" y="771.46" angle="0.00" type="DEFAULT_VEHTYPE" speed="13.79" pos="28.54" lane="2/4to2/3_0" slope="0.00"/>
        <vehicle id="25" x="198.35" y="758.21" angle="0.00" type="DEFAULT_VEHTYPE" speed="13.84" pos="41.79" lane="1/4to1/3_0" slope="0.00"/>
        <vehicle id="28" x="645.72" y="198.35" angle="90.00" type="DEFAULT_VEHTYPE" speed="12.75" pos="40.97" lane="3/1to4/1_0" slope="0.00"/>
        <vehicle id="29" x="398.35" y="149.16" angle="0.00" type="DEFAULT_VEHTYPE" speed="13.37" pos="46.09" lane="2/1to2/0_0" slope="0.00"/>
        <vehicle id="3" x="601.65" y="522.54" angle="180.00" type="DEFAULT_VEHTYPE" speed="12.63" pos="117.79" lane="3/2to3/3_0" slope="0.00"/>
        <vehicle id="33" x="198.35" y="315.49" angle="0.00" type="DEFAULT_VEHTYPE" speed="12.88" pos="79.76" lane="1/2to1/1_0" slope="0.00"/>
        <vehicle id="35" x="601.65" y="434.25" angle="180.00" type="DEFAULT_VEHTYPE" speed="11.15" pos="29.50" lane="3/2to3/3_0" slope="0.00"/>
        <vehicle id="37" x="214.18" y="598.35" angle="90.00" type="DEFAULT_VEHTYPE" speed="12.89" pos="9.43" lane="1/3to2/3_0" slope="0.00"/>
        <vehicle id="39" x="198.35" y="347.60" angle="0.00" type="DEFAULT_VEHTYPE" speed="13.36" pos="47.65" lane="1/2to1/1_0" slope="0.00"/>
        <vehicle id="40" x="741.25" y="198.35" angle="90.00" type="DEFAULT_VEHTYPE" speed="13.07" pos="136.50" lane="3/1to4/1_0" slope="0.00"/>
        <vehicle id="42" x="398.35" y="608.66" angle="0.00" type="DEFAULT_VEHTYPE" speed="13.24" pos="191.34" lane="2/4to2/3_0" slope="0.00"/>
        <vehicle id="43" x="256.93" y="598.35" angle="90.00" type="DEFAULT_VEHTYPE" speed="12.61" pos="52.18" lane="1/3to2/3_0" slope="0.00"/>
        <vehicle id="44" x="688.48" y="198.35" angle="90.00" type="DEFAULT_VEHTYPE" speed="13.27" pos="83.73" lane="3/1to4/1_0" slope="0.00"/>
        <vehicle id="45" x="201.65" y="315.30" angle="180.00" type="DEFAULT_VEHTYPE" speed="13.15" pos="110.55" lane="1/1to1/2_0" slope="0.00"/>
        <vehicle id="46" x="306.93" y="601.65" angle="-90.00" type="DEFAULT_VEHTYPE" speed="12.69" pos="88.32" lane="2/3to1/3_0" slope="0.00"/>
        <vehicle id="47" x="428.57" y="598.35" angle="90.00" type="DEFAULT_VEHTYPE" speed="13.47" pos="23.82" lane="2/3to3/3_0" slope="0.00"/>
        <vehicle id="48" x="398.59" y="-0.36" angle="2.80" type="DEFAULT_VEHTYPE" speed="13.47" pos="0.44" lane=":2/0_0_0" slope="0.00"/>
        <vehicle id="49" x="201.65" y="466.92" angle="180.00" type="DEFAULT_VEHTYPE" speed="13.72" pos="62.17" lane="1/2to1/3_0" slope="0.00"/>
        <vehicle id="5" x="344.36" y="598.35" angle="90.00" type="DEFAULT_VEHTYPE" speed="13.82" pos="139.61" lane="1/3to2/3_0" slope="0.00"/>
        <vehicle id="6" x="313.34" y="598.35" angle="90.00" type="DEFAULT_VEHTYPE" speed="13.70" pos="108.59" lane="1/3to2/3_0" slope="0.00"/>
        <vehicle id="7" x="398.35" y="557.51" angle="0.00" type="DEFAULT_VEHTYPE" speed="13.53" pos="37.74" lane="2/3to2/2_0" slope="0.00"/>
        <vehicle id="8" x="431.23" y="401.65" angle="-90.00" type="DEFAULT_VEHTYPE" speed="13.29" pos="164.02" lane="3/2to2/2_0" slope="0.00"/>
        <vehicle id="9" x="615.46" y="198.35" angle="90.00" type="DEFAULT_VEHTYPE" speed="10.45" pos="10.71" lane="3/1to4/1_0" slope="0.00"/>
    </timestep>
    <timestep time="113.00">
        <vehicle id="0" x="601.65" y="562.40" angle="180.00" type="DEFAULT_VEHTYPE" speed="13.35" pos="157.65" lane="3/2to3/3_0" slope="0.00"/>
        <vehicle id="10" x="398.35" y="212.04" angle="0.00" type="DEFAULT_VEHTYPE" speed="13.55" pos="183.21" lane="2/2to2/1_0" slope="0.00"/>
        <vehicle id="11" x="30.88" y="401.65" angle="-90.00" type="DEFAULT_VEHTYPE" speed="12.73" pos="164.37" lane="1/2to0/2_0" slope="0.00"/>
        <vehicle id="15" x="590.15" y="198.35" angle="90.00" type="DEFAULT_VEHTYPE" speed="2.41" pos="185.40" lane="2/1to3/1_0" slope="0.00"/>
        <vehicle id="16" x="61.05" y="401.65" angle="-90.00" type="DEFAULT_VEHTYPE" speed="13.24" pos="134.20" lane="1/2to0/2_0" slope="0.00"/>
        <vehicle id="17" x="168.46" y="401.65" angle="-90.00" type="DEFAULT_VEHTYPE" speed="13.15" pos="26.79" lane="1/2to0/2_0" slope="0.00"/>
        <vehicle id="18" x="601.65" y="505.72" angle="180.00" type="DEFAULT_VEHTYPE" speed="13.59" pos="100.97" lane="3/2to3/3_0" slope="0.00"/>
        <vehicle id="2" x="203.50" y="401.47" angle="-87.96" type="DEFAULT_VEHTYPE" speed="6.09" pos="1.26" lane=":1/2_6_0" slope="0.00"/>
        <vehicle id="24" x="398.35" y="758.31" angle="0.00" type="DEFAULT_VEHTYPE" speed="13.15" pos="41.69" lane="2/4to2/3_0" slope="0.00"/>
        <vehicle id="25" x="198.35" y="744.48" angle="0.00" type="DEFAULT_VEHTYPE" speed="13.73" pos="55.52" lane="1/4to1/3_0" slope="0.00"/>
        <vehicle id="28" x="658.63" y="198.35" angle="90.00" type="DEFAULT_VEHTYPE" speed="12.90" pos="53.88" lane="3/1to4/1_0" slope="0.00"/>
        <vehicle id="29" x="398.35" y="135.53" angle="0.00" type="DEFAULT_VEHTYPE" speed="13.62" pos="59.72" lane="2/1to2/0_0" slope="0.00"/>
        <vehicle id="3" x="601.65" y="536.13" angle="180.00" type="DEFAULT_VEHTYPE" speed="13.59" pos="131.38" lane="3/2to3/3_0" slope="0.00"/>
        <vehicle id="33" x="198.35" y="302.66" angle="0.00" type="DEFAULT_VEHTYPE" speed="12.83" pos="92.59" lane="1/2to1/1_0" slope="0.00"/>
        <vehicle id="35" x="601.65" y="446.74" angle="180.00" type="DEFAULT_VEHTYPE" speed="12.49" pos="41.99" lane="3/2to3/3_0" slope="0.00"/>
        <vehicle id="37" x="227.29" y="598.35" angle="90.00" type="DEFAULT_VEHTYPE" speed="13.11" pos="22.54" lane="1/3to2/3_0" slope="0.00"/>
        <vehicle id="39" x="198.35" y="333.77" angle="0.00" type="DEFAULT_VEHTYPE" speed="13.83" pos="61.48" lane="1/2to1/1_0" slope="0.00"/>
        <vehicle id="40" x="754.53" y="198.35" angle="90.00" type="DEFAULT_VEHTYPE" speed="13.29" pos="149.78" lane="3/1to4/1_0" slope="0.00"/>
        <vehicle id="42" x="398.35" y="594.89" angle="0.00" type="DEFAULT_VEHTYPE" speed="13.78" pos="0.36" lane="2/3to2/2_0" slope="0.00"/>
        <vehicle id="43" x="270.52" y="598.35" angle="90.00" type="DEFAULT_VEHTYPE" speed="13.60" pos="65.77" lane="1/3to2/3_0" slope="0.00"/>
        <vehicle id="44" x="701.33" y="198.35" angle="90.00" type="DEFAULT_VEHTYPE" speed="12.85" pos="96.58" lane="3/1to4/1_0" slope="0.00"/>
        <vehicle id="45" x="201.65" y="328.77" angle="180.00" type="DEFAULT_VEHTYPE" speed="13.46" pos="124.02" lane="1/1to1/2_0" slope="0.00"/>
        <vehicle id="46" x="293.18" y="601.65" angle="-90.00" type="DEFAULT_VEHTYPE" speed="13.76" pos="102.07" lane="2/3to1/3_0" slope="0.00"/>
        <vehicle id="47" x="441.20" y="598.35" angle="90.00" type="DEFAULT_VEHTYPE" speed="12.63" pos="36.45" lane="2/3to3/3_0" slope="0.00"/>
        <vehicle id="48" x="401.65" y="8.28" angle="180.00" type="DEFAULT_VEHTYPE" speed="12.66" pos="8.28" lane="2/0to2/1_0" slope="0.00"/>
        <vehicle id="49" x="201.65" y="479.74" angle="180.00" type="DEFAULT_VEHTYPE" speed="12.81" pos="74.99" lane="1/2to1/3_0" slope="0.00"/>
        <vehicle id="5" x="358.18" y="598.35" angle="90.00" type="DEFAULT_VEHTYPE" speed="13.82" pos="153.43" lane="1/3to2/3_0" slope="0.00"/>
        <vehicle id="6" x="326.10" y="598.35" angle="90.00" type="DEFAULT_VEHTYPE" speed="12.76" pos="121.35" lane="1/3to2/3_0" slope="0.00"/>
        <vehicle id="7" x="398.35" y="543.75" angle="0.00" type="DEFAULT_VEHTYPE" speed="13.76" pos="51.50" lane="2/3to2/2_0" slope="0.00"/>
        <vehicle id="8" x="420.81" y="401.65" angle="-90.00" type="DEFAULT_VEHTYPE" speed="10.42" pos="174.44" lane="3/2to2/2_0" slope="0.00"/>
        <vehicle id="9" x="627.47" y="198.35" angle="90.00" type="DEFAULT_VEHTYPE" speed="12.01" pos="22.72" lane="3/1to4/1_0" slope="0.00"/>
    </timestep>
    <timestep time="114.00">
        <vehicle id="0" x="601.65" y="576.20" angle="180.00" type="DEFAULT_VEHTYPE" speed="13.80" pos="171.45" lane="3/2to3/3_0" slope="0.00"/>
        <vehicle id="10" x="398.35" y="198.19" angle="0.00" type="DEFAULT_VEHTYPE" speed="13.85" pos="6.56" lane=":2/1_1_0" slope="0.00"/>
        <vehicle id="11" x="17.25" y="401.65" angle="-90.00" type="DEFAULT_VEHTYPE" speed="13.62" pos="178.00" lane="1/2to0/2_0" slope="0.00"/>
        <vehicle id="15" x="595.04" y="198.35" angle="90.00" type="DEFAULT_VEHTYPE" speed="4.89" pos="190.29" lane="2/1to3/1_0" slope="0.00"/>
        <vehicle id="16" x="47.87" y="401.65" angle="-90.00" type="DEFAULT_VEHTYPE" speed="13.18" pos="147.38" lane="1/2to0/2_0" slope="0.00"/>
        <vehicle id="17" x="155.14" y="401.65" angle="-90.00" type="DEFAULT_VEHTYPE" speed="13.33" pos="40.11" lane="1/2to0/2_0" slope="0.00"/>
        <vehicle id="18" x="601.65" y="518.83" angle="180.00" type="DEFAULT_VEHTYPE" speed="13.11" pos="114.08" lane="3/2to3/3_0" slope="0.00"/>
        <vehicle id="2" x="198.52" y="396.43" angle="-29.18" type="DEFAULT_VEHTYPE" speed="7.87" pos="9.13" lane=":1/2_6_0" slope="0.00"/>
        <vehicle id="24" x="398.35" y="744.95" angle="0.00" type="DEFAULT_VEHTYPE" speed="13.36" pos="55.05" lane="2/4to2/3_0" slope="0.00"/>
        <vehicle id="25" x="198.35" y="731.42" angle="0.00" type="DEFAULT_VEHTYPE" speed="13.05" pos="68.58" lane="1/4to1/3_0" slope="0.00"/>
        <vehicle id="28" x="671.55" y="198.35" angle="90.00" type="DEFAULT_VEHTYPE" speed="12.92" pos="66.80" lane="3/1to4/1_0" slope="0.00"/>
        <vehicle id="29" x="398.35" y="122.79" angle="0.00" type="DEFAULT_VEHTYPE" speed="12.74" pos="72.46" lane="2/1to2/0_0" slope="0.00"/>
        <vehicle id="3" x="601.65" y="548.86" angle="180.00" type="DEFAULT_VEHTYPE" speed="12.73" pos="144.11" lane="3/2to3/3_0" slope="0.00"/>
        <vehicle id="33" x="198.35" y="289.26" angle="0.00" type="DEFAULT_VEHTYPE" speed="13.40" pos="105.99" lane="1/2to1/1_0" slope="0.00"/>
        <vehicle id="35" x="601.65" y="460.54" angle="180.00" type="DEFAULT_VEHTYPE" speed="13.79" pos="55.79" lane="3/2to3/3_0" slope="0.00"/>
        <vehicle id="37" x="240.18" y="598.35" angle="90.00" type="DEFAULT_VEHTYPE" speed="12.90" pos="35.43" lane="1/3to2/3_0" slope="0.00"/>
        <vehicle id="39" x="198.35" y="321.17" angle="0.00" type="DEFAULT_VEHTYPE" speed="12.61" pos="74.08" lane="1/2to1/1_0" slope="0.00"/>
        <vehicle id="40" x="767.85" y="198.35" angle="90.00" type="DEFAULT_VEHTYPE" speed="13.31" pos="163.10" lane="3/1to4/1_0" slope="0.00"/>
        <vehicle id="42" x="398.35" y="582.12" angle="0.00" type="DEFAULT_VEHTYPE" speed="12.77" pos="13.13" lane="2/3to2/2_0" slope="0.00"/>
        <vehicle id="43" x="284.27" y="598.35" angle="90.00" type="DEFAULT_VEHTYPE" speed="13.74" pos="79.52" lane="1/3to2/3_0" slope="0.00"/>
        <vehicle id="44" x="714.42" y="198.35" angle="90.00" type="DEFAULT_VEHTYPE" speed="13.09" pos="109.67" lane="3/1to4/1_0" slope="0.00"/>
        <vehicle id="45" x="201.65" y="342.56" angle="180.00" type="DEFAULT_VEHTYPE" speed="13.79" pos="137.81" lane="1/1to1/2_0" slope="0.00"/>
        <vehicle id="46" x="280.00" y="601.65" angle="-90.00" type="DEFAULT_VEHTYPE" speed="13.18" pos="115.25" lane="2/3to1/3_0" slope="0.00"/>
        <vehicle id="47" x="454.34" y="598.35" angle="90.00" type="DEFAULT_VEHTYPE" speed="13.14" pos="49.59" lane="2/3to3/3_0" slope="0.00"/>
        <vehicle id="48" x="401.65" y="21.29" angle="180.00" type="DEFAULT_VEHTYPE" speed="13.02" pos="21.29" lane="2/0to2/1_0" slope="0.00"/>
        <vehicle id="49" x="201.65" y="493.15" angle="180.00" type="DEFAULT_VEHTYPE" speed="13.41" pos="88.40" lane="1/2to1/3_0" slope="0.00"/>
        <vehicle id="5" x="370.58" y="598.35" angle="90.00" type="DEFAULT_VEHTYPE" speed="12.41" pos="165.83" lane="1/3to2/3_0" slope="0.00"/>
        <vehicle id="6" x="339.52" y="598.35" angle="90.00" type="DEFAULT_VEHTYPE" speed="13.42" pos="134.77" lane="1/3to2/3_0" slope="0.00"/>
        <vehicle id="7" x="398.35" y="530.02" angle="0.00" type="DEFAULT_VEHTYPE" speed="13.74" pos="65.23" lane="2/3to2/2_0" slope="0.00"/>
        <vehicle id="8" x="413.51" y="401.65" angle="-90.00" type="DEFAULT_VEHTYPE" speed="7.30" pos="181.74" lane="3/2to2/2_0" slope="0.00"/>
        <vehicle id="9" x="640.70" y="198.35" angle="90.00" type="DEFAULT_VEHTYPE" speed="13.24" pos="35.95" lane="3/1to4/1_0" slope="0.00"/>
    </timestep>
    <timestep time="115.00">
        <vehicle id="0" x="601.65" y="588.88" angle="180.00" type="DEFAULT_VEHTYPE" speed="12.68" pos="184.13" lane="3/2to3/3_0" slope="0.00"/>
        <vehicle id="10" x="398.35" y="185.45" angle="0.00" type="DEFAULT_VEHTYPE" speed="12.74" pos="9.80" lane="2/1to2/0_0" slope="0.00"/>
        <vehicle id="11" x="4.14" y="401.65" angle="-90.00" type="DEFAULT_VEHTYPE" speed="13.11" pos="191.11" lane="1/2to0/2_0" slope="0.00"/>
        <vehicle id="15" x="600.84" y="201.27" angle="124.47" type="DEFAULT_VEHTYPE" speed="6.91" pos="6.70" lane=":3/1_14_0" slope="0.00"/>
        <vehicle id="16" x="34.32" y="401.65" angle="-90.00" type="DEFAULT_VEHTYPE" speed="13.55" pos="160.93" lane="1/2to0/2_0" slope="0.00"/>
        <vehicle id="17" x="141.66" y="401.65" angle="-90.00" type="DEFAULT_VEHTYPE" speed="13.48" pos="53.59" lane="1/2to0/2_0" slope="0.00"/>
        <vehicle id="18" x="601.65" y="532.26" angle="180.00" type="DEFAULT_VEHTYPE" speed="13.43" pos="127.51" lane="3/2to3/3_0" slope="0.00"/>
        <vehicle id="2" x="198.35" y="386.58" angle="0.00" type="DEFAULT_VEHTYPE" speed="9.86" pos="8.67" lane="1/2to1/1_0" slope="0.00"/>
        <vehicle id="24" x="398.35" y="731.60" angle="0.00" type="DEFAULT_VEHTYPE" speed="13.35" pos="68.40" lane="2/4to2/3_0" slope="0.00"/>
        <vehicle id="25" x="198.35" y="718.11" angle="0.00" type="DEFAULT_VEHTYPE" speed="13.32" pos="81.89" lane="1/4to1/3_0" slope="0.00"/>
        <vehicle id="28" x="684.93" y="198.35" angle="90.00" type="DEFAULT_VEHTYPE" speed="13.38" pos="80.18" lane="3/1to4/1_0" slope="0.00"/>
        <vehicle id="29" x="398.35" y="109.93" angle="0.00" type="DEFAULT_VEHTYPE" speed="12.86" pos="85.32" lane="2/1to2/0_0" slope="0.00"/>
        <vehicle id="3" x="601.65" y="561.78" angle="180.00" type="DEFAULT_VEHTYPE" speed="12.92" pos="157.03" lane="3/2to3/3_0" slope="0.00"/>
        <vehicle id="33" x="198.35" y="276.60" angle="0.00" type="DEFAULT_VEHTYPE" speed="12.66" pos="118.65" lane="1/2to1/1_0" slope="0.00"/>
        <vehicle id="35" x="601.65" y="473.56" angle="180.00" type="DEFAULT_VEHTYPE" speed="13.03" pos="68.81" lane="3/2to3/3_0" slope="0.00"/>
        <vehicle id="37" x="253.02" y="598.35" angle="90.00" type="DEFAULT_VEHTYPE" speed="12.84" pos="48.27" lane="1/3to2/3_0" slope="0.00"/>
        <vehicle id="39" x="198.35" y="307.58" angle="0.00" type="DEFAULT_VEHTYPE" speed="13.59" pos="87.67" lane="1/2to1/1_0" slope="0.00"/>
        <vehicle id="40" x="781.18" y="198.35" angle="90.00" type="DEFAULT_VEHTYPE" speed="13.33" pos="176.43" lane="3/1to4/1_0" slope="0.00"/>
        <vehicle id="42" x="398.35" y="569.50" angle="0.00" type="DEFAULT_VEHTYPE" speed="12.62" pos="25.75" lane="2/3to2/2_0" slope="0.00"/>
        <vehicle id="43" x="297.12" y="598.35" angle="90.00" type="DEFAULT_VEHTYPE" speed="12.85" pos="92.37" lane="1/3to2/3_0" slope="0.00"/>
        <vehicle id="44" x="727.36" y="198.35" angle="90.00" type="DEFAULT_VEHTYPE" speed="12.94" pos="122.61" lane="3/1to4/1_0" slope="0.00"/>
        <vehicle id="45" x="201.65" y="355.90" angle="180.00" type="DEFAULT_VEHTYPE" speed="13.34" pos="151.15" lane="1/1to1/2_0" slope="0.00"/>
        <vehicle id="46" x="266.45" y="601.65" angle="-90.00" type="DEFAULT_VEHTYPE" speed="13.55" pos="128.80" lane="2/3to1/3_0" slope="0.00"/>
        <vehicle id="47" x="467.54" y="598.35" angle="90.00" type="DEFAULT_VEHTYPE" speed="13.20" pos="62.79" lane="2/3to3/3_0" slope="0.00"/>
        <vehicle id="48" x="401.65" y="34.62" angle="180.00" type="DEFAULT_VEHTYPE" speed="13.33" pos="34.62" lane="2/0to2/1_0" slope="0.00"/>
        <vehicle id="49" x="201.65" y="506.07" angle="180.00" type="DEFAULT_VEHTYPE" speed="12.92" pos="101.32" lane="1/2to1/3_0" slope="0.00"/>
        <vehicle id="5" x="380.79" y="598.35" angle="90.00" type="DEFAULT_VEHTYPE" speed="10.21" pos="176.04" lane="1/3to2/3_0" slope="0.00"/>
        <vehicle id="6" x="353.22" y="598.35" angle="90.00" type="DEFAULT_VEHTYPE" speed="13.70" pos="148.47" lane="1/3to2/3_0" slope="0.00"/>
        <vehicle id="7" x="398.35" y="516.41" angle="0.00" type="DEFAULT_VEHTYPE" speed="13.61" pos="78.84" lane="2/3to2/2_0" slope="0.00"/>
        <vehicle id="8" x="410.04" y="401.65" angle="-90.00" type="DEFAULT_VEHTYPE" speed="3.47" pos="185.21" lane="3/2to2/2_0" slope="0.00"/>
        <vehicle id="9" x="654.44" y="198.35" angle="90.00" type="DEFAULT_VEHTYPE" speed="13.73" pos="49.69" lane="3/1to4/1_0" slope="0.00"/>
    </timestep>
    <timestep time="116.00">
        <vehicle id="0" x="606.45" y="598.35" angle="108.21" type="DEFAULT_VEHTYPE" speed="13.07" pos="1.70" lane="3/3to4/3_0" slope="0.00"/>
        <vehicle id="10" x="398.35" y="172.79" angle="0.00" type="DEFAULT_VEHTYPE" speed="12.66" pos="22.46" lane="2/1to2/0_0" slope="0.00"/>
        <vehicle id="11" x="3.77" y="398.35" angle="81.88" type="DEFAULT_VEHTYPE" speed="12.73" pos="3.77" lane="0/2to1/2_0" slope="0.00"/>
        <vehicle id="15" x="601.65" y="209.53" angle="179.64" type="DEFAULT_VEHTYPE" speed="8.40" pos="4.78" lane="3/1to3/2_0" slope="0.00"/>
        <vehicle id="16" x="21.04" y="401.65" angle="-90.00" type="DEFAULT_VEHTYPE" speed="13.28" pos="174.21" lane="1/2to0/2_0" slope="0.00"/>
        <vehicle id="17" x="128.80" y="401.65" angle="-90.00" type="DEFAULT_VEHTYPE" speed="12.86" pos="66.45" lane="1/2to0/2_0" slope="0.00"/>
        <vehicle id="18" x="601.65" y="546.04" angle="180.00" type="DEFAULT_VEHTYPE" speed="13.78" pos="141.29" lane="3/2to3/3_0" slope="0.00"/>
        <vehicle id="2" x="198.35" y="375.02" angle="0.00" type="DEFAULT_VEHTYPE" speed="11.56" pos="20.23" lane="1/2to1/1_0" slope="0.00"/>
        <vehicle id="24" x="398.35" y="718.05" angle="0.00" type="DEFAULT_VEHTYPE" speed="13.55" pos="81.95" lane="2/4to2/3_0" slope="0.00"/>
        <vehicle id="25" x="198.35" y="704.83" angle="0.00" type="DEFAULT_VEHTYPE" speed="13.28" pos="95.17" lane="1/4to1/3_0" slope="0.00"/>
        <vehicle id="28" x="698.42" y="198.35" angle="90.00" type="DEFAULT_VEHTYPE" speed="13.49" pos="93.67" lane="3/1to4/1_0" slope="0.00"/>
        <vehicle id="29" x="398.35" y="97.01" angle="0.00" type="DEFAULT_VEHTYPE" speed="12.92" pos="98.24" lane="2/1to2/0_0" slope="0.00"/>
        <vehicle id="3" x="601.65" y="574.60" angle="180.00" type="DEFAULT_VEHTYPE" speed="12.81" pos="169.85" lane="3/2to3/3_0" slope="0.00"/>
        <vehicle id="33" x="198.35" y="263.70" angle="0.00" type="DEFAULT_VEHTYPE" speed="12.91" pos="131.55" lane="1/2to1/1_0" slope="0.00"/>
        <vehicle id="35" x="601.65" y="487.01" angle="180.00" type="DEFAULT_VEHTYPE" speed="13.45" pos="82.26" lane="3/2to3/3_0" slope="0.00"/>
        <vehicle id="37" x="266.14" y="598.35" angle="90.00" type="DEFAULT_VEHTYPE" speed="13.11" pos="61.39" lane="1/3to2/3_0" slope="0.00"/>
        <vehicle id="39" x="198.35" y="294.95" angle="0.00" type="DEFAULT_VEHTYPE" speed="12.63" pos="100.30" lane="1/2to1/1_0" slope="0.00"/>
        <vehicle id="40" x="794.40" y="198.35" angle="90.00" type="DEFAULT_VEHTYPE" speed="13.22" pos="189.65" lane="3/1to4/1_0" slope="0.00"/>
        <vehicle id="42" x="398.35" y="556.77" angle="0.00" type="DEFAULT_VEHTYPE" speed="12.73" pos="38.48" lane="2/3to2/2_0" slope="0.00"/>
        <vehicle id="43" x="310.57" y="598.35" angle="90.00" type="DEFAULT_VEHTYPE" speed="13.45" pos="105.82" lane="1/3to2/3_0" slope="0.00"/>
        <vehicle id="44" x="740.38" y="198.35" angle="90.00" type="DEFAULT_VEHTYPE" speed="13.03" pos="135.63" lane="3/1to4/1_0" slope="0.00"/>
        <vehicle id="45" x="201.65" y="369.63" angle="180.00" type="DEFAULT_VEHTYPE" speed="13.73" pos="164.88" lane="1/1to1/2_0" slope="0.00"/>
        <vehicle id="46" x="252.55" y="601.65" angle="-90.00" type="DEFAULT_VEHTYPE" speed="13.89" pos="142.70" lane="2/3to1/3_0" slope="0.00"/>
        <vehicle id="47" x="480.20" y="598.35" angle="90.00" type="DEFAULT_VEHTYPE" speed="12.66" pos="75.45" lane="2/3to3/3_0" slope="0.00"/>
        <vehicle id="48" x="401.65" y="47.96" angle="180.00" type="DEFAULT_VEHTYPE" speed="13.34" pos="47.96" lane="2/0to2/1_0" slope="0.00"/>
        <vehicle id="49" x="201.65" y="519.15" angle="180.00" type="DEFAULT_VEHTYPE" speed="13.07" pos="114.40" lane="1/2to1/3_0" slope="0.00"/>
        <vehicle id="5" x="387.49" y="598.35" angle="90.00" type="DEFAULT_VEHTYPE" speed="6.70" pos="182.74" lane="1/3to2/3_0" slope="0.00"/>
        <vehicle id="6" x="365.59" y="598.35" angle="90.00" type="DEFAULT_VEHTYPE" speed="12.37" pos="160.84" lane="1/3to2/3_0" slope="0.00"/>
        <vehicle id="7" x="398.35" y="502.85" angle="0.00" type="DEFAULT_VEHTYPE" speed="13.56" pos="92.40" lane="2/3to2/2_0" slope="0.00"/>
        <vehicle id="8" x="404.87" y="401.65" angle="-90.00" type="DEFAULT_VEHTYPE" speed="5.17" pos="190.38" lane="3/2to2/2_0" slope="0.00"/>
        <vehicle id="9" x="668.07" y="198.35" angle="90.00" type="DEFAULT_VEHTYPE" speed="13.64" pos="63.32" lane="3/1to4/1_0" slope="0.00"/>
    </timestep>
    <timestep time="117.00">
        <vehicle id="0" x="619.83" y="598.35" angle="90.00" type="DEFAULT_VEHTYPE" speed="13.38" pos="15.08" lane="3/3to4/3_0" slope="0.00"/>
        <vehicle id="10" x="398.35" y="159.36" angle="0.00" type="DEFAULT_VEHTYPE" speed="13.43" pos="35.89" lane="2/1to2/0_0" slope="0.00"/>
        <vehicle id="11" x="17.60" y="398.35" angle="90.00" type="DEFAULT_VEHTYPE" speed="13.83" pos="17.60" lane="0/2to1/2_0" slope="0.00"/>
        <vehicle id="15" x="601.65" y="220.09" angle="180.00" type="DEFAULT_VEHTYPE" speed="10.56" pos="15.34" lane="3/1to3/2_0" slope="0.00"/>
        <vehicle id="16" x="7.25" y="401.65" angle="-90.00" type="DEFAULT_VEHTYPE" speed="13.79" pos="188.00" lane="1/2to0/2_0" slope="0.00"/>
        <vehicle id="17" x="116.15" y="401.65" angle="-90.00" type="DEFAULT_VEHTYPE" speed="12.65" pos="79.10" lane="1/2to0/2_0" slope="0.00"/>
        <vehicle id="18" x="601.65" y="558.77" angle="180.00" type="DEFAULT_VEHTYPE" speed="12.73" pos="154.02" lane="3/2to3/3_0" slope="0.00"/>
        <vehicle id="2" x="198.35" y="362.28" angle="0.00" type="DEFAULT_VEHTYPE" speed="12.74" pos="32.97" lane="1/2to1/1_0" slope="0.00"/>
        <vehicle id="24" x="398.35" y="704.31" angle="0.00" type="DEFAULT_VEHTYPE" speed="13.74" pos="95.69" lane="2/4to2/3_0" slope="0.00"/>
        <vehicle id="25" x="198.35" y="691.33" angle="0.00" type="DEFAULT_VEHTYPE" speed="13.50" pos="108.67" lane="1/4to1/3_0" slope="0.00"/>
        <vehicle id="28" x="711.75" y="198.35" angle="90.00" type="DEFAULT_VEHTYPE" speed="13.33" pos="107.00" lane="3/1to4/1_0" slope="0.00"/>
        <vehicle id="29" x="398.35" y="84.19" angle="0.00" type="DEFAULT_VEHTYPE" speed="12.82" pos="111.06" lane="2/1to2/0_0" slope="0.00"/>
        <vehicle id="3" x="601.65" y="588.22" angle="180.00" type="DEFAULT_VEHTYPE" speed="13.63" pos="183.47" lane="3/2to3/3_0" slope="0.00"/>
        <vehicle id="33" x="198.35" y="250.40" angle="0.00" type="DEFAULT_VEHTYPE" speed="13.30" pos="144.85" lane="1/2to1/1_0" slope="0.00"/>
        <vehicle id="35" x="601.65" y="500.17" angle="180.00" type="DEFAULT_VEHTYPE" speed="13.15" pos="95.42" lane="3/2to3/3_0" slope="0.00"/>
        <vehicle id="37" x="278.84" y="598.35" angle="90.00" type="DEFAULT_VEHTYPE" speed="12.71" pos="74.09" lane="1/3to2/3_0" slope="0.00"/>
        <vehicle id="39" x="198.35" y="281.13" angle="0.00" type="DEFAULT_VEHTYPE" speed="13.82" pos="114.12" lane="1/2to1/1_0" slope="0.00"/>
        <vehicle id="40" x="796.52" y="201.65" angle="-100.31" type="DEFAULT_VEHTYPE" speed="13.89" pos="3.48" lane="4/1to3/1_0" slope="0.00"/>
        <vehicle id="42" x="398.35" y="544.00" angle="0.00" type="DEFAULT_VEHTYPE" speed="12.77" pos="51.25" lane="2/3to2/2_0" slope="0.00"/>
        <vehicle id="43" x="324.15" y="598.35" angle="90.00" type="DEFAULT_VEHTYPE" speed="13.58" pos="119.40" lane="1/3to2/3_0" slope="0.00"/>
        <vehicle id="44" x="753.36" y="198.35" angle="90.00" type="DEFAULT_VEHTYPE" speed="12.98" pos="148.61" lane="3/1to4/1_0" slope="0.00"/>
        <vehicle id="45" x="201.65" y="380.03" angle="180.00" type="DEFAULT_VEHTYPE" speed="10.40" pos="175.28" lane="1/1to1/2_0" slope="0.00"/>
        <vehicle id="46" x="238.85" y="601.65" angle="-90.00" type="DEFAULT_VEHTYPE" speed="13.70" pos="156.40" lane="2/3to1/3_0" slope="0.00"/>
        <vehicle id="47" x="493.12" y="598.35" angle="90.00" type="DEFAULT_VEHTYPE" speed="12.91" pos="88.37" lane="2/3to3/3_0" slope="0.00"/>
        <vehicle id="48" x="401.65" y="60.92" angle="180.00" type="DEFAULT_VEHTYPE" speed="12.96" pos="60.92" lane="2/0to2/1_0" slope="0.00"/>
        <vehicle id="49" x="201.65" y="532.61" angle="180.00" type="DEFAULT_VEHTYPE" speed="13.46" pos="127.86" lane="1/2to1/3_0" slope="0.00"/>
        <vehicle id="5" x="390.78" y="598.35" angle="90.00" type="DEFAULT_VEHTYPE" speed="3.28" pos="186.03" lane="1/3to2/3_0" slope="0.00"/>
        <vehicle id="6" x="374.81" y="598.35" angle="90.00" type="DEFAULT_VEHTYPE" speed="9.21" pos="170.06" lane="1/3to2/3_0" slope="0.00"/>
        <vehicle id="7" x="398.35" y="489.21" angle="0.00" type="DEFAULT_VEHTYPE" speed="13.63" pos="106.04" lane="2/3to2/2_0" slope="0.00"/>
        <vehicle id="8" x="398.74" y="397.98" angle="-46.35" type="DEFAULT_VEHTYPE" speed="7.68" pos="7.57" lane=":2/2_6_0" slope="0.00"/>
        <vehicle id="9" x="680.79" y="198.35" angle="90.00" type="DEFAULT_VEHTYPE" speed="12.72" pos="76.04" lane="3/1to4/1_0" slope="0.00"/>
    </timestep>
    <timestep time="118.00">
        <vehicle id="0" x="632.67" y="598.35" angle="90.00" type="DEFAULT_VEHTYPE" speed="12.84" pos="27.92" lane="3/3to4/3_0" slope="0.00"/>
        <vehicle id="10" x="398.35" y="146.26" angle="0.00" type="DEFAULT_VEHTYPE" speed="13.10" pos="48.99" lane="2/1to2/0_0" slope="0.00"/>
        <vehicle id="11" x="31.08" y="398.35" angle="90.00" type="DEFAULT_VEHTYPE" speed="13.48" pos="31.08" lane="0/2to1/2_0" slope="0.00"/>
        <vehicle id="15" x="601.65" y="232.06" angle="180.00" type="DEFAULT_VEHTYPE" speed="11.97" pos="27.31" lane="3/1to3/2_0" slope="0.00"/>
        <vehicle id="16" x="1.31" y="398.35" angle="40.09" type="DEFAULT_VEHTYPE" speed="13.38" pos="1.31" lane="0/2to1/2_0" slope="0.00"/>
        <vehicle id="17" x="102.34" y="401.65" angle="-90.00" type="DEFAULT_VEHTYPE" speed="13.81" pos="92.91" lane="1/2to0/2_0" slope="0.00"/>
        <vehicle id="18" x="601.65" y="572.52" angle="180.00" type="DEFAULT_VEHTYPE" speed="13.75" pos="167.77" lane="3/2to3/3_0" slope="0.00"/>
        <vehicle id="2" x="198.35" y="348.77" angle="0.00" type="DEFAULT_VEHTYPE" speed="13.51" pos="46.48" lane="1/2to1/1_0" slope="0.00"/>
        <vehicle id="24" x="398.35" y="690.51" angle="0.00" type="DEFAULT_VEHTYPE" speed="13.80" pos="109.49" lane="2/4to2/3_0" slope="0.00"/>
        <vehicle id="25" x="198.35" y="678.36" angle="0.00" type="DEFAULT_VEHTYPE" speed="12.97" pos="121.64" lane="1/4to1/3_0" slope="0.00"/>
        <vehicle id="28" x="725.11" y="198.35" angle="90.00" type="DEFAULT_VEHTYPE" speed="13.36" pos="120.36" lane="3/1to4/1_0" slope="0.00"/>
        <vehicle id="29" x="398.35" y="71.59" angle="0.00" type="DEFAULT_VEHTYPE" speed="12.61" pos="123.66" lane="2/1to2/0_0" slope="0.00"/>
        <vehicle id="3" x="605.79" y="598.35" angle="117.37" type="DEFAULT_VEHTYPE" speed="13.07" pos="1.04" lane="3/3to4/3_0" slope="0.00"/>
        <vehicle id="33" x="198.35" y="237.50" angle="0.00" type="DEFAULT_VEHTYPE" speed="12.90" pos="157.75" lane="1/2to1/1_0" slope="0.00"/>
        <vehicle id="35" x="601.65" y="513.50" angle="180.00" type="DEFAULT_VEHTYPE" speed="13.33" pos="108.75" lane="3/2to3/3_0" slope="0.00"/>
        <vehicle id="37" x="291.52" y="598.35" angle="90.00" type="DEFAULT_VEHTYPE" speed="12.67" pos="86.77" lane="1/3to2/3_0" slope="0.00"/>
        <vehicle id="39" x="198.35" y="268.43" angle="0.00" type="DEFAULT_VEHTYPE" speed="12.70" pos="126.82" lane="1/2to1/1_0" slope="0.00"/>
        <vehicle id="40" x="783.33" y="201.65" angle="-90.00" type="DEFAULT_VEHTYPE" speed="13.19" pos="16.67" lane="4/1to3/1_0" slope="0.00"/>
        <vehicle id="42" x="398.35" y="530.69" angle="0.00" type="DEFAULT_VEHTYPE" speed="13.30" pos="64.56" lane="2/3to2/2_0" slope="0.00"/>
        <vehicle id="43" x="336.77" y="598.35" angle="90.00" type="DEFAULT_VEHTYPE" speed="12.62" pos="132.02" lane="1/3to2/3_0" slope="0.00"/>
        <vehicle id="44" x="766.11" y="198.35" angle="90.00" type="DEFAULT_VEHTYPE" speed="12.75" pos="161.36" lane="3/1to4/1_0" slope="0.00"/>
        <vehicle id="45" x="201.65" y="386.10" angle="180.00" type="DEFAULT_VEHTYPE" speed="6.07" pos="181.35" lane="1/1to1/2_0" slope="0.00"/>
        <vehicle id="46" x="226.73" y="601.65" angle="-90.00" type="DEFAULT_VEHTYPE" speed="12.12" pos="168.52" lane="2/3to1/3_0" slope="0.00"/>
        <vehicle id="47" x="506.15" y="598.35" angle="90.00" type="DEFAULT_VEHTYPE" speed="13.04" pos="101.40" lane="2/3to3/3_0" slope="0.00"/>
        <vehicle id="48" x="401.65" y="73.98" angle="180.00" type="DEFAULT_VEHTYPE" speed="13.06" pos="73.98" lane="2/0to2/1_0" slope="0.00"/>
        <vehicle id="49" x="201.65" y="545.87" angle="180.00" type="DEFAULT_VEHTYPE" speed="13.26" pos="141.12" lane="1/2to1/3_0" slope="0.00"/>
        <vehicle id="5" x="396.24" y="598.49" angle="91.62" type="DEFAULT_VEHTYPE" speed="5.47" pos="1.00" lane=":2/3_14_0" slope="0.00"/>
        <vehicle id="6" x="379.52" y="598.35" angle="90.00" type="DEFAULT_VEHTYPE" speed="4.71" pos="174.77" lane="1/3to2/3_0" slope="0.00"/>
        <vehicle id="7" x="398.35" y="476.41" angle="0.00" type="DEFAULT_VEHTYPE" speed="12.81" pos="118.84" lane="2/3to2/2_0" slope="0.00"/>
        <vehicle id="8" x="398.35" y="388.02" angle="0.00" type="DEFAULT_VEHTYPE" speed="9.99" pos="7.23" lane="2/2to2/1_0" slope="0.00"/>
        <vehicle id="9" x="693.42" y="198.35" angle="90.00" type="DEFAULT_VEHTYPE" speed="12.62" pos="88.67" lane="3/1to4/1_0" slope="0.00"/>
    </timestep>
    <timestep time="119.00">
        <vehicle id="0" x="646.53" y="598.35" angle="90.00" type="DEFAULT_VEHTYPE" speed="13.86" pos="41.78" lane="3/3to4/3_0" slope="0.00"/>
        <vehicle id="10" x="398.35" y="133.21" angle="0.00" type="DEFAULT_VEHTYPE" speed="13.05" pos="62.04" lane="2/1to2/0_0" slope="0.00"/>
        <vehicle id="11" x="44.84" y="398.35" angle="90.00" type="DEFAULT_VEHTYPE" speed="13.75" pos="44.84" lane="0/2to1/2_0" slope="0.00"/>
        <vehicle id="15" x="601.65" y="245.13" angle="180.00" type="DEFAULT_VEHTYPE" speed="13.08" pos="40.38" lane="3/1to3/2_0" slope="0.00"/>
        <vehicle id="16" x="14.84" y="398.35" angle="90.00" type="DEFAULT_VEHTYPE" speed="13.53" pos="14.84" lane="0/2to1/2_0" slope="0.00"/>
        <vehicle id="17" x="89.59" y="401.65" angle="-90.00" type="DEFAULT_VEHTYPE" speed="12.75" pos="105.66" lane="1/2to0/2_0" slope="0.00"/>
        <vehicle id="18" x="601.65" y="585.56" angle="180.00" type="DEFAULT_VEHTYPE" speed="13.04" pos="180.81" lane="3/2to3/3_0" slope="0.00"/>
        <vehicle id="2" x="198.35" y="336.02" angle="0.00" type="DEFAULT_VEHTYPE" speed="12.74" pos="59.23" lane="1/2to1/1_0" slope="0.00"/>
        <vehicle id="24" x="398.35" y="677.59" angle="0.00" type="DEFAULT_VEHTYPE" speed="12.92" pos="122.41" lane="2/4to2/3_0" slope="0.00"/>
        <vehicle id="25" x="198.35" y="664.51" angle="0.00" type="DEFAULT_VEHTYPE" speed="13.85" pos="135.49" lane="1/4to1/3_0" slope="0.00"/>
        <vehicle id="28" x="738.20" y="198.35" angle="90.00" type="DEFAULT_VEHTYPE" speed="13.09" pos="133.45" lane="3/1to4/1_0" slope="0.00"/>
        <vehicle id="29" x="398.35" y="57.79" angle="0.00" type="DEFAULT_VEHTYPE" speed="13.80" pos="137.46" lane="2/1to2/0_0" slope="0.00"/>
        <vehicle id="3" x="618.58" y="598.35" angle="90.00" type="DEFAULT_VEHTYPE" speed="12.78" pos="13.83" lane="3/3to4/3_0" slope="0.00"/>
        <vehicle id="33" x="198.35" y="224.51" angle="0.00" type="DEFAULT_VEHTYPE" speed="12.99" pos="170.74" lane="1/2to1/1_0" slope="0.00"/>
        <vehicle id="35" x="601.65" y="527.07" angle="180.00" type="DEFAULT_VEHTYPE" speed="13.57" pos="122.32" lane="3/2to3/3_0" slope="0.00"/>
        <vehicle id="37" x="304.52" y="598.35" angle="90.00" type="DEFAULT_VEHTYPE" speed="13.01" pos="99.77" lane="1/3to2/3_0" slope="0.00"/>
        <vehicle id="39" x="198.35" y="255.52" angle="0.00" type="DEFAULT_VEHTYPE" speed="12.90" pos="139.73" lane="1/2to1/1_0" slope="0.00"/>
        <vehicle id="40" x="770.11" y="201.65" angle="-90.00" type="DEFAULT_VEHTYPE" speed="13.22" pos="29.89" lane="4/1to3/1_0" slope="0.00"/>
        <vehicle id="42" x="398.35" y="516.94" angle="0.00" type="DEFAULT_VEHTYPE" speed="13.75" pos="78.31" lane="2/3to2/2_0" slope="0.00"/>
        <vehicle id="43" x="350.41" y="598.35" angle="90.00" type="DEFAULT_VEHTYPE" speed="13.64" pos="145.66" lane="1/3to2/3_0" slope="0.00"/>
        <vehicle id="44" x="779.91" y="198.35" angle="90.00" type="DEFAULT_VEHTYPE" speed="13.80" pos="175.16" lane="3/1to4/1_0" slope="0.00"/>
        <vehicle id="45" x="201.65" y="390.33" angle="180.00" type="DEFAULT_VEHTYPE" speed="4.23" pos="185.58" lane="1/1to1/2_0" slope="0.00"/>
        <vehicle id="46" x="218.04" y="601.65" angle="-90.00" type="DEFAULT_VEHTYPE" speed="8.69" pos="177.21" lane="2/3to1/3_0" slope="0.00"/>
        <vehicle id="47" x="519.30" y="598.35" angle="90.00" type="DEFAULT_VEHTYPE" speed="13.14" pos="114.55" lane="2/3to3/3_0" slope="0.00"/>
        <vehicle id="48" x="401.65" y="86.97" angle="180.00" type="DEFAULT_VEHTYPE" speed="12.98" pos="86.97" lane="2/0to2/1_0" slope="0.00"/>
        <vehicle id="49" x="201.65" y="559.20" angle="180.00" type="DEFAULT_VEHTYPE" speed="13.34" pos="154.45" lane="1/2to1/3_0" slope="0.00"/>
        <vehicle id="5" x="401.43" y="603.20" angle="146.96" type="DEFAULT_VEHTYPE" speed="7.75" pos="8.75" lane=":2/3_14_0" slope="0.00"/>
        <vehicle id="6" x="386.69" y="598.35" angle="90.00" type="DEFAULT_VEHTYPE" speed="7.17" pos="181.94" lane="1/3to2/3_0" slope="0.00"/>
        <vehicle id="7" x="398.35" y="463.02" angle="0.00" type="DEFAULT_VEHTYPE" speed="13.39" pos="132.23" lane="2/3to2/2_0" slope="0.00"/>
        <vehicle id="8" x="398.35" y="376.12" angle="0.00" type="DEFAULT_VEHTYPE" speed="11.90" pos="19.13" lane="2/2to2/1_0" slope="0.00"/>
        <vehicle id="9" x="707.15" y="198.35" angle="90.00" type="DEFAULT_VEHTYPE" speed="13.73" pos="102.40" lane="3/1to4/1_0" slope="0.00"/>
    </timestep>
    <timestep time="120.00">
        <vehicle id="0" x="659.36" y="598.35" angle="90.00" type="DEFAULT_VEHTYPE" speed="12.83" pos="54.61" lane="3/3to4/3_0" slope="0.00"/>
        <vehicle id="10" x="398.35" y="119.79" angle="0.00" type="DEFAULT_VEHTYPE" speed="13.42" pos="75.46" lane="2/1to2/0_0" slope="0.00"/>
        <vehicle id="11" x="57.46" y="398.35" angle="90.00" type="DEFAULT_VEHTYPE" speed="12.62" pos="57.46" lane="0/2to1/2_0" slope="0.00"/>
        <vehicle id="15" x="601.65" y="258.21" angle="180.00" type="DEFAULT_VEHTYPE" speed="13.08" pos="53.46" lane="3/1to3/2_0" slope="0.00"/>
        <vehicle id="16" x="28.05" y="398.35" angle="90.00" type="DEFAULT_VEHTYPE" speed="13.21" pos="28.05" lane="0/2to1/2_0" slope="0.00"/>
        <vehicle id="17" x="75.91" y="401.65" angle="-90.00" type="DEFAULT_VEHTYPE" speed="13.68" pos="119.34" lane="1/2to0/2_0" slope="0.00"/>
        <vehicle id="18" x="603.92" y="598.23" angle="149.39" type="DEFAULT_VEHTYPE" speed="13.85" pos="4.16" lane=":3/3_8_0" slope="0.00"/>
        <vehicle id="2" x="198.35" y="323.22" angle="0.00" type="DEFAULT_VEHTYPE" speed="12.80" pos="72.03" lane="1/2to1/1_0" slope="0.00"/>
        <vehicle id="24" x="398.35" y="663.91" angle="0.00" type="DEFAULT_VEHTYPE" speed="13.68" pos="136.09" lane="2/4to2/3_0" slope="0.00"/>
        <vehicle id="25" x="198.35" y="651.12" angle="0.00" type="DEFAULT_VEHTYPE" speed="13.39" pos="148.88" lane="1/4to1/3_0" slope="0.00"/>
        <vehicle id="28" x="752.05" y="198.35" angle="90.00" type="DEFAULT_VEHTYPE" speed="13.85" pos="147.30" lane="3/1to4/1_0" slope="0.00"/>
        <vehicle id="29" x="398.35" y="44.62" angle="0.00" type="DEFAULT_VEHTYPE" speed="13.17" pos="150.63" lane="2/1to2/0_0" slope="0.00"/>
        <vehicle id="3" x="631.27" y="598.35" angle="90.00" type="DEFAULT_VEHTYPE" speed="12.70" pos="26.52" lane="3/3to4/3_0" slope="0.00"/>
        <vehicle id="33" x="198.35" y="211.84" angle="0.00" type="DEFAULT_VEHTYPE" speed="12.67" pos="183.41" lane="1/2to1/1_0" slope="0.00"/>
        <vehicle id="35" x="601.65" y="540.63" angle="180.00" type="DEFAULT_VEHTYPE" speed="13.57" pos="135.88" lane="3/2to3/3_0" slope="0.00"/>
        <vehicle id="37" x="317.21" y="598.35" angle="90.00" type="DEFAULT_VEHTYPE" speed="12.69" pos="112.46" lane="1/3to2/3_0" slope="0.00"/>
        <vehicle id="39" x="198.35" y="242.58" angle="0.00" type="DEFAULT_VEHTYPE" speed="12.94" pos="152.67" lane="1/2to1/1_0" slope="0.00"/>
        <vehicle id="40" x="757.16" y="201.65" angle="-90.00" type="DEFAULT_VEHTYPE" speed="12.95" pos="42.84" lane="4/1to3/1_0" slope="0.00"/>
        <vehicle id="42" x="398.35" y="504.18" angle="0.00" type="DEFAULT_VEHTYPE" speed="12.76" pos="91.07" lane="2/3to2/2_0" slope="0.00"/>
        <vehicle id="43" x="364.29" y="598.35" angle="90.00" type="DEFAULT_VEHTYPE" speed="13.89" pos="159.54" lane="1/3to2/3_0" slope="0.00"/>
        <vehicle id="44" x="792.59" y="198.35" angle="90.00" type="DEFAULT_VEHTYPE" speed="12.68" pos="187.84" lane="3/1to4/1_0" slope="0.00"/>
        <vehicle id="45" x="201.46" y="396.56" angle="-177.85" type="DEFAULT_VEHTYPE" speed="6.24" pos="1.32" lane=":1/2_10_0" slope="0.00"/>
        <vehicle id="46" x="212.28" y="601.65" angle="-90.00" type="DEFAULT_VEHTYPE" speed="5.77" pos="182.97" lane="2/3to1/3_0" slope="0.00"/>
        <vehicle id="47" x="532.33" y="598.35" angle="90.00" type="DEFAULT_VEHTYPE" speed="13.03" pos="127.58" lane="2/3to3/3_0" slope="0.00"/>
        <vehicle id="48" x="401.65" y="100.82" angle="180.00" type="DEFAULT_VEHTYPE" speed="13.85" pos="100.82" lane="2/0to2/1_0" slope="0.00"/>
        <vehicle id="49" x="201.65" y="571.99" angle="180.00" type="DEFAULT_VEHTYPE" speed="12.79" pos="167.24" lane="1/2to1/3_0" slope="0.00"/>
        <vehicle id="5" x="401.65" y="613.01" angle="180.00" type="DEFAULT_VEHTYPE" speed="9.82" pos="8.26" lane="2/3to2/4_0" slope="0.00"/>
        <vehicle id="6" x="390.00" y="598.35" angle="90.00" type="DEFAULT_VEHTYPE" speed="3.31" pos="185.25" lane="1/3to2/3_0" slope="0.00"/>
        <vehicle id="7" x="398.35" y="450.03" angle="0.00" type="DEFAULT_VEHTYPE" speed="12.99" pos="145.22" lane="2/3to2/2_0" slope="0.00"/>
        <vehicle id="8" x="398.35" y="362.73" angle="0.00" type="DEFAULT_VEHTYPE" speed="13.38" pos="32.52" lane="2/2to2/1_0" slope="0.00"/>
        <vehicle id="9" x="720.94" y="198.35" angle="90.00" type="DEFAULT_VEHTYPE" speed="13.80" pos="116.19" lane="3/1to4/1_0" slope="0.00"/>
    </timestep>
    <timestep time="121.00">
        <vehicle id="0" x="671.97" y="598.35" angle="90.00" type="DEFAULT_VEHTYPE" speed="12.61" pos="67.22" lane="3/3to4/3_0" slope="0.00"/>
        <vehicle id="10" x="398.35" y="106.08" angle="0.00" type="DEFAULT_VEHTYPE" speed="13.71" pos="89.17" lane="2/1to2/0_0" slope="0.00"/>
        <vehicle id="11" x="70.64" y="398.35" angle="90.00" type="DEFAULT_VEHTYPE" speed="13.18" pos="70.64" lane="0/2to1/2_0" slope="0.00"/>
        <vehicle id="15" x="601.65" y="271.99" angle="180.00" type="DEFAULT_VEHTYPE" speed="13.78" pos="67.24" lane="3/1to3/2_0" slope="0.00"/>
        <vehicle id="16" x="41.89" y="398.35" angle="90.00" type="DEFAULT_VEHTYPE" speed="13.84" pos="41.89" lane="0/2to1/2_0" slope="0.00"/>
        <vehicle id="17" x="63.21" y="401.65" angle="-90.00" type="DEFAULT_VEHTYPE" speed="12.70" pos="132.04" lane="1/2to0/2_0" slope="0.00"/>
        <vehicle id="18" x="616.57" y="598.35" angle="90.00" type="DEFAULT_VEHTYPE" speed="12.66" pos="11.82" lane="3/3to4/3_0" slope="0.00"/>
        <vehicle id="2" x="198.35" y="309.89" angle="0.00" type="DEFAULT_VEHTYPE" speed="13.33" pos="85.36" lane="1/2to1/1_0" slope="0.00"/>
        <vehicle id="24" x="398.35" y="651.20" angle="0.00" type="DEFAULT_VEHTYPE" speed="12.70" pos="148.80" lane="2/4to2/3_0" slope="0.00"/>
        <vehicle id="25" x="198.35" y="638.48" angle="0.00" type="DEFAULT_VEHTYPE" speed="12.64" pos="161.52" lane="1/4to1/3_0" slope="0.00"/>
        <vehicle id="28" x="764.98" y="198.35" angle="90.00" type="DEFAULT_VEHTYPE" speed="12.93" pos="160.23" lane="3/1to4/1_0" slope="0.00"/>
        <vehicle id="29" x="398.35" y="30.75" angle="0.00" type="DEFAULT_VEHTYPE" speed="13.87" pos="164.50" lane="2/1to2/0_0" slope="0.00"/>
        <vehicle id="3" x="644.06" y="598.35" angle="90.00" type="DEFAULT_VEHTYPE" speed="12.79" pos="39.31" lane="3/3to4/3_0" slope="0.00"/>
        <vehicle id="33" x="194.41" y="201.65" angle="-59.36" type="DEFAULT_VEHTYPE" speed="12.93" pos="0.84" lane="1/1to0/1_0" slope="0.00"/>
        <vehicle id="35" x="601.65" y="553.50" angle="180.00" type="DEFAULT_VEHTYPE" speed="12.86" pos="148.75" lane="3/2to3/3_0" slope="0.00"/>
        <vehicle id="37" x="330.81" y="598.35" angle="90.00" type="DEFAULT_VEHTYPE" speed="13.60" pos="126.06" lane="1/3to2/3_0" slope="0.00"/>
        <vehicle id="39" x="198.35" y="228.95" angle="0.00" type="DEFAULT_VEHTYPE" speed="13.63" pos="166.30" lane="1/2to1/1_0" slope="0.00"/>
        <vehicle id="40" x="743.60" y="201.65" angle="-90.00" type="DEFAULT_VEHTYPE" speed="13.56" pos="56.40" lane="4/1to3/1_0" slope="0.00"/>
        <vehicle id="42" x="398.35" y="491.43" angle="0.00" type="DEFAULT_VEHTYPE" speed="12.75" pos="103.82" lane="2/3to2/2_0" slope="0.00"/>
        <vehicle id="43" x="373.68" y="598.35" angle="90.00" type="DEFAULT_VEHTYPE" speed="9.39" pos="168.93" lane="1/3to2/3_0" slope="0.00"/>
        <vehicle id="44" x="798.55" y="201.65" angle="-136.07" type="DEFAULT_VEHTYPE" speed="13.68" pos="1.45" lane="4/1to3/1_0" slope="0.00"/>
        <vehicle id="45" x="196.03" y="401.54" angle="-115.02" type="DEFAULT_VEHTYPE" speed="8.21" pos="2.39" lane=":1/2_18_0" slope="0.00"/>
        <vehicle id="46" x="209.01" y="601.65" angle="-90.00" type="DEFAULT_VEHTYPE" speed="3.26" pos="186.24" lane="2/3to1/3_0" slope="0.00"/>
        <vehicle id="47" x="546.01" y="598.35" angle="90.00" type="DEFAULT_VEHTYPE" speed="13.69" pos="141.26" lane="2/3to3/3_0" slope="0.00"/>
        <vehicle id="48" x="401.65" y="113.96" angle="180.00" type="DEFAULT_VEHTYPE" speed="13.14" pos="113.96" lane="2/0to2/1_0" slope="0.00"/>
        <vehicle id="49" x="201.65" y="585.21" angle="180.00" type="DEFAULT_VEHTYPE" speed="13.21" pos="180.46" lane="1/2to1/3_0" slope="0.00"/>
        <vehicle id="5" x="401.65" y="624.74" angle="180.00" type="DEFAULT_VEHTYPE" speed="11.74" pos="19.99" lane="2/3to2/4_0" slope="0.00"/>
        <vehicle id="6" x="395.87" y="598.44" angle="91.01" type="DEFAULT_VEHTYPE" speed="5.87" pos="0.62" lane=":2/3_14_0" slope="0.00"/>
        <vehicle id="7" x="398.35" y="436.64" angle="0.00" type="DEFAULT_VEHTYPE" speed="13.40" pos="158.61" lane="2/3to2/2_0" slope="0.00"/>
        <vehicle id="8" x="398.35" y="349.25" angle="0.00" type="DEFAULT_VEHTYPE" speed="13.48" pos="46.00" lane="2/2to2/1_0" slope="0.00"/>
        <vehicle id="9" x="734.81" y="198.35" angle="90.00" type="DEFAULT_VEHTYPE" speed="13.87" pos="130.06" lane="3/1to4/1_0" slope="0.00"/>
    </timestep>
    <timestep time="122.00">
        <vehicle id="0" x="685.00" y="598.35" angle="90.00" type="DEFAULT_VEHTYPE" speed="13.03" pos="80.25" lane="3/3to4/3_0" slope="0.00"/>
        <vehicle id="10" x="398.35" y="92.72" angle="0.00" type="DEFAULT_VEHTYPE" speed="13.36" pos="102.53" lane="2/1to2/0_0" slope="0.00"/>
        <vehicle id="11" x="83.93" y="398.35" angle="90.00" type="DEFAULT_VEHTYPE" speed="13.29" pos="83.93" lane="0/2to1/2_0" slope="0.00"/>
        <vehicle id="15" x="601.65" y="284.93" angle="180.00" type="DEFAULT_VEHTYPE" speed="12.94" pos="80.18" lane="3/1to3/2_0" slope="0.00"/>
        <vehicle id="16" x="54.64" y="398.35" angle="90.00" type="DEFAULT_VEHTYPE" speed="12.75" pos="54.64" lane="0/2to1/2_0" slope="0.00"/>
        <vehicle id="17" x="50.19" y="401.65" angle="-90.00" type="DEFAULT_VEHTYPE" speed="13.02" pos="145.06" lane="1/2to0/2_0" slope="0.00"/>
        <vehicle id="18" x="629.65" y="598.35" angle="90.00" type="DEFAULT_VEHTYPE" speed="13.08" pos="24.90" lane="3/3to4/3_0" slope="0.00"/>
        <vehicle id="2" x="198.35" y="296.80" angle="0.00" type="DEFAULT_VEHTYPE" speed="13.08" pos="98.45" lane="1/2to1/1_0" slope="0.00"/>
        <vehicle id="24" x="398.35" y="637.81" angle="0.00" type="DEFAULT_VEHTYPE" speed="13.39" pos="162.19" lane="2/4to2/3_0" slope="0.00"/>
        <vehicle id="25" x="198.35" y="625.54" angle="0.00" type="DEFAULT_VEHTYPE" speed="12.94" pos="174.46" lane="1/4to1/3_0" slope="0.00"/>
        <vehicle id="28" x="778.60" y="198.35" angle="90.00" type="DEFAULT_VEHTYPE" speed="13.62" pos="173.85" lane="3/1to4/1_0" slope="0.00"/>
        <vehicle id="29" x="398.35" y="17.17" angle="0.00" type="DEFAULT_VEHTYPE" speed="13.58" pos="178.08" lane="2/1to2/0_0" slope="0.00"/>
        <vehicle id="3" x="657.67" y="598.35" angle="90.00" type="DEFAULT_VEHTYPE" speed="13.61" pos="52.92" lane="3/3to4/3_0" slope="0.00"/>
        <vehicle id="33" x="180.84" y="201.65" angle="-90.00" type="DEFAULT_VEHTYPE" speed="13.57" pos="14.41" lane="1/1to0/1_0" slope="0.00"/>
        <vehicle id="35" x="601.65" y="566.30" angle="180.00" type="DEFAULT_VEHTYPE" speed="12.81" pos="161.55" lane="3/2to3/3_0" slope="0.00"/>
        <vehicle id="37" x="343.99" y="598.35" angle="90.00" type="DEFAULT_VEHTYPE" speed="13.19" pos="139.24" lane="1/3to2/3_0" slope="0.00"/>
        <vehicle id="39" x="198.35" y="216.13" angle="0.00" type="DEFAULT_VEHTYPE" speed="12.82" pos="179.12" lane="1/2to1/1_0" slope="0.00"/>
        <vehicle id="40" x="729.83" y="201.65" angle="-90.00" type="DEFAULT_VEHTYPE" speed="13.77" pos="70.17" lane="4/1to3/1_0" slope="0.00"/>
        <vehicle id="42" x="398.35" y="478.54" angle="0.00" type="DEFAULT_VEHTYPE" speed="12.90" pos="116.71" lane="2/3to2/2_0" slope="0.00"/>
        <vehicle id="43" x="382.72" y="598.35" angle="90.00" type="DEFAULT_VEHTYPE" speed="9.04" pos="177.97" lane="1/3to2/3_0" slope="0.00"/>
        <vehicle id="44" x="785.37" y="201.65" angle="-90.00" type="DEFAULT_VEHTYPE" speed="13.18" pos="14.63" lane="4/1to3/1_0" slope="0.00"/>
        <vehicle id="45" x="185.85" y="401.65" angle="-90.00" type="DEFAULT_VEHTYPE" speed="10.19" pos="9.40" lane="1/2to0/2_0" slope="0.00"/>
        <vehicle id="46" x="204.34" y="601.59" angle="-89.32" type="DEFAULT_VEHTYPE" speed="4.68" pos="0.42" lane=":1/3_6_0" slope="0.00"/>
        <vehicle id="47" x="559.77" y="598.35" angle="90.00" type="DEFAULT_VEHTYPE" speed="13.76" pos="155.02" lane="2/3to3/3_0" slope="0.00"/>
        <vehicle id="48" x="401.65" y="127.76" angle="180.00" type="DEFAULT_VEHTYPE" speed="13.81" pos="127.76" lane="2/0to2/1_0" slope="0.00"/>
        <vehicle id="49" x="203.11" y="597.99" angle="161.87" type="DEFAULT_VEHTYPE" speed="13.34" pos="3.30" lane=":1/3_8_0" slope="0.00"/>
        <vehicle id="5" x="401.65" y="638.02" angle="180.00" type="DEFAULT_VEHTYPE" speed="13.28" pos="33.27" lane="2/3to2/4_0" slope="0.00"/>
        <vehicle id="6" x="401.34" y="602.60" angle="140.62" type="DEFAULT_VEHTYPE" speed="7.52" pos="8.14" lane=":2/3_14_0" slope="0.00"/>
        <vehicle id="7" x="398.35" y="423.74" angle="0.00" type="DEFAULT_VEHTYPE" speed="12.89" pos="171.51" lane="2/3to2/2_0" slope="0.00"/>
        <vehicle id="8" x="398.35" y="336.43" angle="0.00" type="DEFAULT_VEHTYPE" speed="12.82" pos="58.82" lane="2/2to2/1_0" slope="0.00"/>
        <vehicle id="9" x="748.04" y="198.35" angle="90.00" type="DEFAULT_VEHTYPE" speed="13.23" pos="143.29" lane="3/1to4/1_0" slope="0.00"/>
    </timestep>
    <timestep time="123.00">
        <vehicle id="0" x="698.90" y="598.35" angle="90.00" type="DEFAULT_VEHTYPE" speed="13.90" pos="94.15" lane="3/3to4/3_0" slope="0.00"/>
        <vehicle id="10" x="398.35" y="79.19" angle="0.00" type="DEFAULT_VEHTYPE" speed="13.53" pos="116.06" lane="2/1to2/0_0" slope="0.00"/>
        <vehicle id="11" x="97.34" y="398.35" angle="90.00" type="DEFAULT_VEHTYPE" speed="13.42" pos="97.34" lane="0/2to1/2_0" slope="0.00"/>
        <vehicle id="15" x="601.65" y="297.58" angle="180.00" type="DEFAULT_VEHTYPE" speed="12.65" pos="92.83" lane="3/1to3/2_0" slope="0.00"/>
        <vehicle id="16" x="67.88" y="398.35" angle="90.00" type="DEFAULT_VEHTYPE" speed="13.24" pos="67.88" lane="0/2to1/2_0" slope="0.00"/>
        <vehicle id="17" x="36.43" y="401.65" angle="-90.00" type="DEFAULT_VEHTYPE" speed="13.76" pos="158.82" lane="1/2to0/2_0" slope="0.00"/>
        <vehicle id="18" x="643.40" y="598.35" angle="90.00" type="DEFAULT_VEHTYPE" speed="13.75" pos="38.65" lane="3/3to4/3_0" slope="0.00"/>
        <vehicle id="2" x="198.35" y="283.40" angle="0.00" type="DEFAULT_VEHTYPE" speed="13.41" pos="111.85" lane="1/2to1/1_0" slope="0.00"/>
        <vehicle id="24" x="398.35" y="624.46" angle="0.00" type="DEFAULT_VEHTYPE" speed="13.35" pos="175.54" lane="2/4to2/3_0" slope="0.00"/>
        <vehicle id="25" x="198.35" y="612.30" angle="0.00" type="DEFAULT_VEHTYPE" speed="13.24" pos="187.70" lane="1/4to1/3_0" slope="0.00"/>
        <vehicle id="28" x="791.91" y="198.35" angle="90.00" type="DEFAULT_VEHTYPE" speed="13.31" pos="187.16" lane="3/1to4/1_0" slope="0.00"/>
        <vehicle id="29" x="398.35" y="3.64" angle="0.00" type="DEFAULT_VEHTYPE" speed="13.53" pos="191.61" lane="2/1to2/0_0" slope="0.00"/>
        <vehicle id="3" x="671.49" y="598.35" angle="90.00" type="DEFAULT_VEHTYPE" speed="13.82" pos="66.74" lane="3/3to4/3_0" slope="0.00"/>
        <vehicle id="33" x="167.27" y="201.65" angle="-90.00" type="DEFAULT_VEHTYPE" speed="13.57" pos="27.98" lane="1/1to0/1_0" slope="0.00"/>
        <vehicle id="35" x="601.65" y="579.50" angle="180.00" type="DEFAULT_VEHTYPE" speed="13.19" pos="174.75" lane="3/2to3/3_0" slope="0.00"/>
        <vehicle id="37" x="357.57" y="598.35" angle="90.00" type="DEFAULT_VEHTYPE" speed="13.58" pos="152.82" lane="1/3to2/3_0" slope="0.00"/>
        <vehicle id="39" x="198.17" y="203.50" angle="-2.01" type="DEFAULT_VEHTYPE" speed="12.65" pos="1.26" lane=":1/1_0_0" slope="0.00"/>
        <vehicle id="40" x="716.87" y="201.65" angle="-90.00" type="DEFAULT_VEHTYPE" speed="12.97" pos="83.13" lane="4/1to3/1_0" slope="0.00"/>
        <vehicle id="42" x="398.35" y="465.64" angle="0.00" type="DEFAULT_VEHTYPE" speed="12.90" pos="129.61" lane="2/3to2/2_0" slope="0.00"/>
        <vehicle id="43" x="388.39" y="598.35" angle="90.00" type="DEFAULT_VEHTYPE" speed="5.67" pos="183.64" lane="1/3to2/3_0" slope="0.00"/>
        <vehicle id="44" x="772.49" y="201.65" angle="-90.00" type="DEFAULT_VEHTYPE" speed="12.88" pos="27.51" lane="4/1to3/1_0" slope="0.00"/>
        <vehicle id="45" x="173.90" y="401.65" angle="-90.00" type="DEFAULT_VEHTYPE" speed="11.95" pos="21.35" lane="1/2to0/2_0" slope="0.00"/>
        <vehicle id="46" x="199.22" y="598.84" angle="-56.92" type="DEFAULT_VEHTYPE" speed="6.15" pos="6.57" lane=":1/3_6_0" slope="0.00"/>
        <vehicle id="47" x="572.82" y="598.35" angle="90.00" type="DEFAULT_VEHTYPE" speed="13.06" pos="168.07" lane="2/3to3/3_0" slope="0.00"/>
        <vehicle id="48" x="401.65" y="141.32" angle="180.00" type="DEFAULT_VEHTYPE" speed="13.55" pos="141.32" lane="2/0to2/1_0" slope="0.00"/>
        <vehicle id="49" x="215.90" y="598.35" angle="90.00" type="DEFAULT_VEHTYPE" speed="12.86" pos="11.15" lane="1/3to2/3_0" slope="0.00"/>
        <vehicle id="5" x="401.65" y="651.43" angle="180.00" type="DEFAULT_VEHTYPE" speed="13.41" pos="46.68" lane="2/3to2/4_0" slope="0.00"/>
        <vehicle id="6" x="401.65" y="611.50" angle="180.00" type="DEFAULT_VEHTYPE" speed="8.93" pos="6.75" lane="2/3to2/4_0" slope="0.00"/>
        <vehicle id="7" x="398.35" y="409.93" angle="0.00" type="DEFAULT_VEHTYPE" speed="13.82" pos="185.32" lane="2/3to2/2_0" slope="0.00"/>
        <vehicle id="8" x="398.35" y="323.67" angle="0.00" type="DEFAULT_VEHTYPE" speed="12.76" pos="71.58" lane="2/2to2/1_0" slope="0.00"/>
        <vehicle id="9" x="761.90" y="198.35" angle="90.00" type="DEFAULT_VEHTYPE" speed="13.86" pos="157.15" lane="3/1to4/1_0" slope="0.00"/>
    </timestep>
    <timestep time="124.00">
        <vehicle id="0" x="712.77" y="598.35" angle="90.00" type="DEFAULT_VEHTYPE" speed="13.87" pos="108.02" lane="3/3to4/3_0" slope="0.00"/>
        <vehicle id="10" x="398.35" y="66.00" angle="0.00" type="DEFAULT_VEHTYPE" speed="13.18" pos="129.25" lane="2/1to2/0_0" slope="0.00"/>
        <vehicle id="11" x="110.88" y="398.35" angle="90.00" type="DEFAULT_VEHTYPE" speed="13.53" pos="110.88" lane="0/2to1/2_0" slope="0.00"/>
        <vehicle id="15" x="601.65" y="310.59" angle="180.00" type="DEFAULT_VEHTYPE" speed="13.00" pos="105.84" lane="3/1to3/2_0" slope="0.00"/>
        <vehicle id="16" x="80.50" y="398.35" angle="90.00" type="DEFAULT_VEHTYPE" speed="12.62" pos="80.50" lane="0/2to1/2_0" slope="0.00"/>
        <vehicle id="17" x="23.41" y="401.65" angle="-90.00" type="DEFAULT_VEHTYPE" speed="13.02" pos="171.84" lane="1/2to0/2_0" slope="0.00"/>
        <vehicle id="18" x="656.01" y="598.35" angle="90.00" type="DEFAULT_VEHTYPE" speed="12.61" pos="51.26" lane="3/3to4/3_0" slope="0.00"/>
        <vehicle id="2" x="198.35" y="269.59" angle="0.00" type="DEFAULT_VEHTYPE" speed="13.81" pos="125.66" lane="1/2to1/1_0" slope="0.00"/>
        <vehicle id="24" x="398.35" y="611.50" angle="0.00" type="DEFAULT_VEHTYPE" speed="12.96" pos="188.50" lane="2/4to2/3_0" slope="0.00"/>
        <vehicle id="28" x="799.64" y="201.65" angle="-171.07" type="DEFAULT_VEHTYPE" speed="13.26" pos="0.36" lane="4/1to3/1_0" slope="0.00"/>
        <vehicle id="29" x="401.65" y="5.35" angle="180.00" type="DEFAULT_VEHTYPE" speed="13.82" pos="5.35" lane="2/0to2/1_0" slope="0.00"/>
        <vehicle id="3" x="684.96" y="598.35" angle="90.00" type="DEFAULT_VEHTYPE" speed="13.47" pos="80.21" lane="3/3to4/3_0" slope="0.00"/>
        <vehicle id="33" x="154.58" y="201.65" angle="-90.00" type="DEFAULT_VEHTYPE" speed="12.69" pos="40.67" lane="1/1to0/1_0" slope="0.00"/>
        <vehicle id="35" x="601.65" y="593.10" angle="180.00" type="DEFAULT_VEHTYPE" speed="13.61" pos="188.35" lane="3/2to3/3_0" slope="0.00"/>
        <vehicle id="37" x="369.18" y="598.35" angle="90.00" type="DEFAULT_VEHTYPE" speed="11.61" pos="164.43" lane="1/3to2/3_0" slope="0.00"/>
        <vehicle id="39" x="186.21" y="201.65" angle="-90.00" type="DEFAULT_VEHTYPE" speed="12.78" pos="9.04" lane="1/1to0/1_0" slope="0.00"/>
        <vehicle id="40" x="703.04" y="201.65" angle="-90.00" type="DEFAULT_VEHTYPE" speed="13.83" pos="96.96" lane="4/1to3/1_0" slope="0.00"/>
        <vehicle id="42" x="398.35" y="452.58" angle="0.00" type="DEFAULT_VEHTYPE" speed="13.05" pos="142.67" lane="2/3to2/2_0" slope="0.00"/>
        <vehicle id="43" x="390.82" y="598.35" angle="90.00" type="DEFAULT_VEHTYPE" speed="2.43" pos="186.07" lane="1/3to2/3_0" slope="0.00"/>
        <vehicle id="44" x="758.78" y="201.65" angle="-90.00" type="DEFAULT_VEHTYPE" speed="13.71" pos="41.22" lane="4/1to3/1_0" slope="0.00"/>
        <vehicle id="45" x="161.28" y="401.65" angle="-90.00" type="DEFAULT_VEHTYPE" speed="12.62" pos="33.97" lane="1/2to0/2_0" slope="0.00"/>
        <vehicle id="46" x="198.35" y="591.24" angle="-1.61" type="DEFAULT_VEHTYPE" speed="7.76" pos="4.01" lane="1/3to1/2_0" slope="0.00"/>
        <vehicle id="47" x="581.51" y="598.35" angle="90.00" type="DEFAULT_VEHTYPE" speed="8.69" pos="176.76" lane="2/3to3/3_0" slope="0.00"/>
        <vehicle id="48" x="401.65" y="154.93" angle="180.00" type="DEFAULT_VEHTYPE" speed="13.61" pos="154.93" lane="2/0to2/1_0" slope="0.00"/>
        <vehicle id="49" x="229.35" y="598.35" angle="90.00" type="DEFAULT_VEHTYPE" speed="13.44" pos="24.60" lane="1/3to2/3_0" slope="0.00"/>
        <vehicle id="5" x="401.65" y="664.69" angle="180.00" type="DEFAULT_VEHTYPE" speed="13.25" pos="59.94" lane="2/3to2/4_0" slope="0.00"/>
        <vehicle id="6" x="401.65" y="622.68" angle="180.00" type="DEFAULT_VEHTYPE" speed="11.18" pos="17.93" lane="2/3to2/4_0" slope="0.00"/>
        <vehicle id="7" x="391.96" y="401.65" angle="-85.77" type="DEFAULT_VEHTYPE" speed="13.47" pos="3.29" lane="2/2to1/2_0" slope="0.00"/>
        <vehicle id="8" x="398.35" y="311.04" angle="0.00" type="DEFAULT_VEHTYPE" speed="12.63" pos="84.21" lane="2/2to2/1_0" slope="0.00"/>
        <vehicle id="9" x="774.71" y="198.35" angle="90.00" type="DEFAULT_VEHTYPE" speed="12.81" pos="169.96" lane="3/1to4/1_0" slope="0.00"/>
    </timestep>
    <timestep time="125.00">
        <vehicle id="0" x="725.93" y="598.35" angle="90.00" type="DEFAULT_VEHTYPE" speed="13.16" pos="121.18" lane="3/3to4/3_0" slope="0.00"/>
        <vehicle id="10" x="398.35" y="52.91" angle="0.00" type="DEFAULT_VEHTYPE" speed="13.10" pos="142.34" lane="2/1to2/0_0" slope="0.00"/>
        <vehicle id="11" x="124.72" y="398.35" angle="90.00" type="DEFAULT_VEHTYPE" speed="13.84" pos="124.72" lane="0/2to1/2_0" slope="0.00"/>
        <vehicle id="15" x="601.65" y="323.90" angle="180.00" type="DEFAULT_VEHTYPE" speed="13.32" pos="119.15" lane="3/1to3/2_0" slope="0.00"/>
        <vehicle id="16" x="93.69" y="398.35" angle="90.00" type="DEFAULT_VEHTYPE" speed="13.18" pos="93.69" lane="0/2to1/2_0" slope="0.00"/>
        <vehicle id="17" x="9.70" y="401.65" angle="-90.00" type="DEFAULT_VEHTYPE" speed="13.71" pos="185.55" lane="1/2to0/2_0" slope="0.00"/>
        <vehicle id="18" x="669.25" y="598.35" angle="90.00" type="DEFAULT_VEHTYPE" speed="13.24" pos="64.50" lane="3/3to4/3_0" slope="0.00"/>
        <vehicle id="2" x="198.35" y="256.81" angle="0.00" type="DEFAULT_VEHTYPE" speed="12.77" pos="138.44" lane="1/2to1/1_0" slope="0.00"/>
        <vehicle id="24" x="398.35" y="597.98" angle="0.00" type="DEFAULT_VEHTYPE" speed="13.52" pos="6.77" lane=":2/3_1_0" slope="0.00"/>
        <vehicle id="28" x="786.98" y="201.65" angle="-90.00" type="DEFAULT_VEHTYPE" speed="12.66" pos="13.02" lane="4/1to3/1_0" slope="0.00"/>
        <vehicle id="29" x="401.65" y="18.93" angle="180.00" type="DEFAULT_VEHTYPE" speed="13.57" pos="18.93" lane="2/0to2/1_0" slope="0.00"/>
        <vehicle id="3" x="697.86" y="598.35" angle="90.00" type="DEFAULT_VEHTYPE" speed="12.90" pos="93.11" lane="3/3to4/3_0" slope="0.00"/>
        <vehicle id="33" x="140.97" y="201.65" angle="-90.00" type="DEFAULT_VEHTYPE" speed="13.61" pos="54.28" lane="1/1to0/1_0" slope="0.00"/>
        <vehicle id="37" x="376.28" y="598.35" angle="90.00" type="DEFAULT_VEHTYPE" speed="7.11" pos="171.53" lane="1/3to2/3_0" slope="0.00"/>
        <vehicle id="39" x="172.46" y="201.65" angle="-90.00" type="DEFAULT_VEHTYPE" speed="13.75" pos="22.79" lane="1/1to0/1_0" slope="0.00"/>
        <vehicle id="40" x="690.07" y="201.65" angle="-90.00" type="DEFAULT_VEHTYPE" speed="12.96" pos="109.93" lane="4/1to3/1_0" slope="0.00"/>
        <vehicle id="42" x="398.35" y="439.22" angle="0.00" type="DEFAULT_VEHTYPE" speed="13.36" pos="156.03" lane="2/3to2/2_0" slope="0.00"/>
        <vehicle id="43" x="391.82" y="598.35" angle="90.00" type="DEFAULT_VEHTYPE" speed="1.00" pos="187.07" lane="1/3to2/3_0" slope="0.00"/>
        <vehicle id="44" x="745.17" y="201.65" angle="-90.00" type="DEFAULT_VEHTYPE" speed="13.61" pos="54.83" lane="4/1to3/1_0" slope="0.00"/>
        <vehicle id="45" x="148.56" y="401.65" angle="-90.00" type="DEFAULT_VEHTYPE" speed="12.72" pos="46.69" lane="1/2to0/2_0" slope="0.00"/>
        <vehicle id="46" x="198.35" y="581.40" angle="0.00" type="DEFAULT_VEHTYPE" speed="9.84" pos="13.85" lane="1/3to1/2_0" slope="0.00"/>
        <vehicle id="47" x="587.36" y="598.35" angle="90.00" type="DEFAULT_VEHTYPE" speed="5.84" pos="182.61" lane="2/3to3/3_0" slope="0.00"/>
        <vehicle id="48" x="401.65" y="168.61" angle="180.00" type="DEFAULT_VEHTYPE" speed="13.68" pos="168.61" lane="2/0to2/1_0" slope="0.00"/>
        <vehicle id="49" x="242.52" y="598.35" angle="90.00" type="DEFAULT_VEHTYPE" speed="13.17" pos="37.77" lane="1/3to2/3_0" slope="0.00"/>
        <vehicle id="5" x="401.65" y="677.96" angle="180.00" type="DEFAULT_VEHTYPE" speed="13.27" pos="73.21" lane="2/3to2/4_0" slope="0.00"/>
        <vehicle id="6" x="401.65" y="636.19" angle="180.00" type="DEFAULT_VEHTYPE" speed="13.51" pos="31.44" lane="2/3to2/4_0" slope="0.00"/>
        <vehicle id="7" x="379.08" y="401.65" angle="-90.00" type="DEFAULT_VEHTYPE" speed="12.88" pos="16.17" lane="2/2to1/2_0" slope="0.00"/>
        <vehicle id="8" x="398.35" y="297.55" angle="0.00" type="DEFAULT_VEHTYPE" speed="13.49" pos="97.70" lane="2/2to2/1_0" slope="0.00"/>
        <vehicle id="9" x="787.80" y="198.35" angle="90.00" type="DEFAULT_VEHTYPE" speed="13.09" pos="183.05" lane="3/1to4/1_0" slope="0.00"/>
    </timestep>
    <timestep time="126.00">
        <vehicle id="0" x="739.69" y="598.35" angle="90.00" type="DEFAULT_VEHTYPE" speed="13.77" pos="134.94" lane="3/3to4/3_0" slope="0.00"/>
        <vehicle id="10" x="398.35" y="39.55" angle="0.00" type="DEFAULT_VEHTYPE" speed="13.36" pos="155.70" lane="2/1to2/0_0" slope="0.00"/>
        <vehicle id="11" x="137.93" y="398.35" angle="90.00" type="DEFAULT_VEHTYPE" speed="13.21" pos="137.93" lane="0/2to1/2_0" slope="0.00"/>
        <vehicle id="15" x="601.65" y="337.71" angle="180.00" type="DEFAULT_VEHTYPE" speed="13.81" pos="132.96" lane="3/1to3/2_0" slope="0.00"/>
        <vehicle id="16" x="107.39" y="398.35" angle="90.00" type="DEFAULT_VEHTYPE" speed="13.70" pos="107.39" lane="0/2to1/2_0" slope="0.00"/>
        <vehicle id="17" x="-1.27" y="399.24" angle="-51.45" type="DEFAULT_VEHTYPE" speed="12.96" pos="3.26" lane=":0/2_0_0" slope="0.00"/>
        <vehicle id="18" x="682.64" y="598.35" angle="90.00" type="DEFAULT_VEHTYPE" speed="13.39" pos="77.89" lane="3/3to4/3_0" slope="0.00"/>
        <vehicle id="2" x="198.35" y="243.86" angle="0.00" type="DEFAULT_VEHTYPE" speed="12.96" pos="151.39" lane="1/2to1/1_0" slope="0.00"/>
        <vehicle id="24" x="398.35" y="584.87" angle="0.00" type="DEFAULT_VEHTYPE" speed="13.11" pos="10.38" lane="2/3to2/2_0" slope="0.00"/>
        <vehicle id="28" x="774.28" y="201.65" angle="-90.00" type="DEFAULT_VEHTYPE" speed="12.70" pos="25.72" lane="4/1to3/1_0" slope="0.00"/>
        <vehicle id="29" x="401.65" y="31.81" angle="180.00" type="DEFAULT_VEHTYPE" speed="12.88" pos="31.81" lane="2/0to2/1_0" slope="0.00"/>
        <vehicle id="3" x="711.37" y="598.35" angle="90.00" type="DEFAULT_VEHTYPE" speed="13.51" pos="106.62" lane="3/3to4/3_0" slope="0.00"/>
        <vehicle id="33" x="127.51" y="201.65" angle="-90.00" type="DEFAULT_VEHTYPE" speed="13.45" pos="67.74" lane="1/1to0/1_0" slope="0.00"/>
        <vehicle id="37" x="380.72" y="598.35" angle="90.00" type="DEFAULT_VEHTYPE" speed="4.44" pos="175.97" lane="1/3to2/3_0" slope="0.00"/>
        <vehicle id="39" x="159.76" y="201.65" angle="-90.00" type="DEFAULT_VEHTYPE" speed="12.71" pos="35.49" lane="1/1to0/1_0" slope="0.00"/>
        <vehicle id="40" x="676.96" y="201.65" angle="-90.00" type="DEFAULT_VEHTYPE" speed="13.11" pos="123.04" lane="4/1to3/1_0" slope="0.00"/>
        <vehicle id="42" x="398.35" y="426.44" angle="0.00" type="DEFAULT_VEHTYPE" speed="12.79" pos="168.81" lane="2/3to2/2_0" slope="0.00"/>
        <vehicle id="43" x="394.36" y="598.35" angle="90.00" type="DEFAULT_VEHTYPE" speed="2.54" pos="189.61" lane="1/3to2/3_0" slope="0.00"/>
        <vehicle id="44" x="732.55" y="201.65" angle="-90.00" type="DEFAULT_VEHTYPE" speed="12.62" pos="67.45" lane="4/1to3/1_0" slope="0.00"/>
        <vehicle id="45" x="134.82" y="401.65" angle="-90.00" type="DEFAULT_VEHTYPE" speed="13.74" pos="60.43" lane="1/2to0/2_0" slope="0.00"/>
        <vehicle id="46" x="198.35" y="569.24" angle="0.00" type="DEFAULT_VEHTYPE" speed="12.17" pos="26.01" lane="1/3to1/2_0" slope="0.00"/>
        <vehicle id="47" x="590.05" y="598.35" angle="90.00" type="DEFAULT_VEHTYPE" speed="2.69" pos="185.30" lane="2/3to3/3_0" slope="0.00"/>
        <vehicle id="48" x="401.65" y="182.43" angle="180.00" type="DEFAULT_VEHTYPE" speed="13.82" pos="182.43" lane="2/0to2/1_0" slope="0.00"/>
        <vehicle id="49" x="255.85" y="598.35" angle="90.00" type="DEFAULT_VEHTYPE" speed="13.34" pos="51.10" lane="1/3to2/3_0" slope="0.00"/>
        <vehicle id="5" x="401.65" y="691.74" angle="180.00" type="DEFAULT_VEHTYPE" speed="13.78" pos="86.99" lane="2/3to2/4_0" slope="0.00"/>
        <vehicle id="6" x="401.65" y="648.96" angle="180.00" type="DEFAULT_VEHTYPE" speed="12.77" pos="44.21" lane="2/3to2/4_0" slope="0.00"/>
        <vehicle id="7" x="365.28" y="401.65" angle="-90.00" type="DEFAULT_VEHTYPE" speed="13.80" pos="29.97" lane="2/2to1/2_0" slope="0.00"/>
        <vehicle id="8" x="398.35" y="283.80" angle="0.00" type="DEFAULT_VEHTYPE" speed="13.76" pos="111.45" lane="2/2to2/1_0" slope="0.00"/>
        <vehicle id="9" x="800.76" y="198.85" angle="95.90" type="DEFAULT_VEHTYPE" speed="13.11" pos="0.91" lane=":4/1_0_0" slope="0.00"/>
    </timestep>
    <timestep time="127.00">
        <vehicle id="0" x="753.47" y="598.35" angle="90.00" type="DEFAULT_VEHTYPE" speed="13.77" pos="148.72" lane="3/3to4/3_0" slope="0.00"/>
        <vehicle id="10" x="398.35" y="25.90" angle="0.00" type="DEFAULT_VEHTYPE" speed="13.65" pos="169.35" lane="2/1to2/0_0" slope="0.00"/>
        <vehicle id="11" x="150.67" y="398.35" angle="90.00" type="DEFAULT_VEHTYPE" speed="12.74" pos="150.67" lane="0/2to1/2_0" slope="0.00"/>
        <vehicle id="15" x="601.65" y="350.90" angle="180.00" type="DEFAULT_VEHTYPE" speed="13.18" pos="146.15" lane="3/1to3/2_0" slope="0.00"/>
        <vehicle id="16" x="120.57" y="398.35" angle="90.00" type="DEFAULT_VEHTYPE" speed="13.18" pos="120.57" lane="0/2to1/2_0" slope="0.00"/>
        <vehicle id="17" x="11.33" y="398.35" angle="90.00" type="DEFAULT_VEHTYPE" speed="12.90" pos="11.33" lane="0/2to1/2_0" slope="0.00"/>
        <vehicle id="18" x="696.38" y="598.35" angle="90.00" type="DEFAULT_VEHTYPE" speed="13.74" pos="91.63" lane="3/3to4/3_0" slope="0.00"/>
        <vehicle id="2" x="198.35" y="231.06" angle="0.00" type="DEFAULT_VEHTYPE" speed="12.80" pos="164.19" lane="1/2to1/1_0" slope="0.00"/>
        <vehicle id="24" x="398.35" y="571.62" angle="0.00" type="DEFAULT_VEHTYPE" speed="13.25" pos="23.63" lane="2/3to2/2_0" slope="0.00"/>
        <vehicle id="28" x="760.69" y="201.65" angle="-90.00" type="DEFAULT_VEHTYPE" speed="13.59" pos="39.31" lane="4/1to3/1_0" slope="0.00"/>
        <vehicle id="29" x="401.65" y="45.08" angle="180.00" type="DEFAULT_VEHTYPE" speed="13.27" pos="45.08" lane="2/0to2/1_0" slope="0.00"/>
        <vehicle id="3" x="724.88" y="598.35" angle="90.00" type="DEFAULT_VEHTYPE" speed="13.51" pos="120.13" lane="3/3to4/3_0" slope="0.00"/>
        <vehicle id="33" x="114.54" y="201.65" angle="-90.00" type="DEFAULT_VEHTYPE" speed="12.97" pos="80.71" lane="1/1to0/1_0" slope="0.00"/>
        <vehicle id="37" x="384.80" y="598.35" angle="90.00" type="DEFAULT_VEHTYPE" speed="4.08" pos="180.05" lane="1/3to2/3_0" slope="0.00"/>
        <vehicle id="39" x="146.82" y="201.65" angle="-90.00" type="DEFAULT_VEHTYPE" speed="12.94" pos="48.43" lane="1/1to0/1_0" slope="0.00"/>
        <vehicle id="40" x="663.14" y="201.65" angle="-90.00" type="DEFAULT_VEHTYPE" speed="13.82" pos="136.86" lane="4/1to3/1_0" slope="0.00"/>
        <vehicle id="42" x="398.35" y="413.12" angle="0.00" type="DEFAULT_VEHTYPE" speed="13.32" pos="182.13" lane="2/3to2/2_0" slope="0.00"/>
        <vehicle id="43" x="398.99" y="599.31" angle="101.31" type="DEFAULT_VEHTYPE" speed="4.81" pos="3.92" lane=":2/3_14_0" slope="0.00"/>
        <vehicle id="44" x="718.71" y="201.65" angle="-90.00" type="DEFAULT_VEHTYPE" speed="13.84" pos="81.29" lane="4/1to3/1_0" slope="0.00"/>
        <vehicle id="45" x="121.98" y="401.65" angle="-90.00" type="DEFAULT_VEHTYPE" speed="12.84" pos="73.27" lane="1/2to0/2_0" slope="0.00"/>
        <vehicle id="46" x="198.35" y="555.42" angle="0.00" type="DEFAULT_VEHTYPE" speed="13.82" pos="39.83" lane="1/3to1/2_0" slope="0.00"/>
        <vehicle id="47" x="595.26" y="598.35" angle="90.01" type="DEFAULT_VEHTYPE" speed="5.21" pos="0.01" lane=":3/3_14_0" slope="0.00"/>
        <vehicle id="48" x="401.73" y="195.84" angle="179.05" type="DEFAULT_VEHTYPE" speed="13.42" pos="0.60" lane=":2/1_8_0" slope="0.00"/>
        <vehicle id="49" x="269.67" y="598.35" angle="90.00" type="DEFAULT_VEHTYPE" speed="13.81" pos="64.92" lane="1/3to2/3_0" slope="0.00"/>
        <vehicle id="5" x="401.65" y="705.00" angle="180.00" type="DEFAULT_VEHTYPE" speed="13.27" pos="100.25" lane="2/3to2/4_0" slope="0.00"/>
        <vehicle id="6" x="401.65" y="661.64" angle="180.00" type="DEFAULT_VEHTYPE" speed="12.68" pos="56.89" lane="2/3to2/4_0" slope="0.00"/>
        <vehicle id="7" x="351.70" y="401.65" angle="-90.00" type="DEFAULT_VEHTYPE" speed="13.58" pos="43.55" lane="2/2to1/2_0" slope="0.00"/>
        <vehicle id="8" x="398.35" y="270.23" angle="0.00" type="DEFAULT_VEHTYPE" speed="13.57" pos="125.02" lane="2/2to2/1_0" slope="0.00"/>
        <vehicle id="9" x="791.13" y="201.65" angle="-90.00" type="DEFAULT_VEHTYPE" speed="12.78" pos="8.87" lane="4/1to3/1_0" slope="0.00"/>
    </timestep>
    <timestep time="128.00">
        <vehicle id="0" x="766.50" y="598.35" angle="90.00" type="DEFAULT_VEHTYPE" speed="13.04" pos="161.75" lane="3/3to4/3_0" slope="0.00"/>
        <vehicle id="10" x="398.35" y="13.25" angle="0.00" type="DEFAULT_VEHTYPE" speed="12.65" pos="182.00" lane="2/1to2/0_0" slope="0.00"/>
        <vehicle id="11" x="164.46" y="398.35" angle="90.00" type="DEFAULT_VEHTYPE" speed="13.79" pos="164.46" lane="0/2to1/2_0" slope="0.00"/>
        <vehicle id="15" x="601.65" y="364.15" angle="180.00" type="DEFAULT_VEHTYPE" speed="13.25" pos="159.40" lane="3/1to3/2_0" slope="0.00"/>
        <vehicle id="16" x="134.15" y="398.35" angle="90.00" type="DEFAULT_VEHTYPE" speed="13.58" pos="134.15" lane="0/2to1/2_0" slope="0.00"/>
        <vehicle id="17" x="25.04" y="398.35" angle="90.00" type="DEFAULT_VEHTYPE" speed="13.70" pos="25.04" lane="0/2to1/2_0" slope="0.00"/>
        <vehicle id="18" x="709.15" y="598.35" angle="90.00" type="DEFAULT_VEHTYPE" speed="12.78" pos="104.40" lane="3/3to4/3_0" slope="0.00"/>
        <vehicle id="2" x="198.35" y="218.11" angle="0.00" type="DEFAULT_VEHTYPE" speed="12.95" pos="177.14" lane="1/2to1/1_0" slope="0.00"/>
        <vehicle id="24" x="398.35" y="559.01" angle="0.00" type="DEFAULT_VEHTYPE" speed="12.60" pos="36.24" lane="2/3to2/2_0" slope="0.00"/>
        <vehicle id="28" x="747.32" y="201.65" angle="-90.00" type="DEFAULT_VEHTYPE" speed="13.37" pos="52.68" lane="4/1to3/1_0" slope="0.00"/>
        <vehicle id="29" x="401.65" y="58.89" angle="180.00" type="DEFAULT_VEHTYPE" speed="13.81" pos="58.89" lane="2/0to2/1_0" slope="0.00"/>
        <vehicle id="3" x="738.04" y="598.35" angle="90.00" type="DEFAULT_VEHTYPE" speed="13.16" pos="133.29" lane="3/3to4/3_0" slope="0.00"/>
        <vehicle id="33" x="100.98" y="201.65" angle="-90.00" type="DEFAULT_VEHTYPE" speed="13.57" pos="94.27" lane="1/1to0/1_0" slope="0.00"/>
        <vehicle id="37" x="389.29" y="598.35" angle="90.00" type="DEFAULT_VEHTYPE" speed="4.48" pos="184.54" lane="1/3to2/3_0" slope="0.00"/>
        <vehicle id="39" x="134.10" y="201.65" angle="-90.00" type="DEFAULT_VEHTYPE" speed="12.71" pos="61.15" lane="1/1to0/1_0" slope="0.00"/>
        <vehicle id="40" x="650.08" y="201.65" angle="-90.00" type="DEFAULT_VEHTYPE" speed="13.06" pos="149.92" lane="4/1to3/1_0" slope="0.00"/>
        <vehicle id="42" x="395.98" y="401.75" angle="-32.34" type="DEFAULT_VEHTYPE" speed="12.63" pos="4.26" lane=":2/2_0_0" slope="0.00"/>
        <vehicle id="43" x="401.65" y="605.67" angle="167.70" type="DEFAULT_VEHTYPE" speed="7.31" pos="0.92" lane="2/3to2/4_0" slope="0.00"/>
        <vehicle id="44" x="705.79" y="201.65" angle="-90.00" type="DEFAULT_VEHTYPE" speed="12.92" pos="94.21" lane="4/1to3/1_0" slope="0.00"/>
        <vehicle id="45" x="109.19" y="401.65" angle="-90.00" type="DEFAULT_VEHTYPE" speed="12.79" pos="86.06" lane="1/2to0/2_0" slope="0.00"/>
        <vehicle id="46" x="198.35" y="542.01" angle="0.00" type="DEFAULT_VEHTYPE" speed="13.41" pos="53.24" lane="1/3to1/2_0" slope="0.00"/>
        <vehicle id="47" x="600.88" y="601.33" angle="125.19" type="DEFAULT_VEHTYPE" speed="6.77" pos="6.77" lane=":3/3_14_0" slope="0.00"/>
        <vehicle id="48" x="413.87" y="198.35" angle="90.00" type="DEFAULT_VEHTYPE" speed="13.52" pos="9.12" lane="2/1to3/1_0" slope="0.00"/>
        <vehicle id="49" x="283.32" y="598.35" angle="90.00" type="DEFAULT_VEHTYPE" speed="13.65" pos="78.57" lane="1/3to2/3_0" slope="0.00"/>
        <vehicle id="5" x="401.65" y="717.72" angle="180.00" type="DEFAULT_VEHTYPE" speed="12.72" pos="112.97" lane="2/3to2/4_0" slope="0.00"/>
        <vehicle id="6" x="401.65" y="675.09" angle="180.00" type="DEFAULT_VEHTYPE" speed="13.44" pos="70.34" lane="2/3to2/4_0" slope="0.00"/>
        <vehicle id="7" x="339.01" y="401.65" angle="-90.00" type="DEFAULT_VEHTYPE" speed="12.69" pos="56.24" lane="2/2to1/2_0" slope="0.00"/>
        <vehicle id="8" x="398.35" y="256.84" angle="0.00" type="DEFAULT_VEHTYPE" speed="13.39" pos="138.41" lane="2/2to2/1_0" slope="0.00"/>
        <vehicle id="9" x="777.40" y="201.65" angle="-90.00" type="DEFAULT_VEHTYPE" speed="13.72" pos="22.60" lane="4/1to3/1_0" slope="0.00"/>
    </timestep>
    <timestep time="129.00">
        <vehicle id="0" x="779.38" y="598.35" angle="90.00" type="DEFAULT_VEHTYPE" speed="12.88" pos="174.63" lane="3/3to4/3_0" slope="0.00"/>
        <vehicle id="10" x="398.35" y="0.28" angle="0.00" type="DEFAULT_VEHTYPE" speed="12.98" pos="194.97" lane="2/1to2/0_0" slope="0.00"/>
        <vehicle id="11" x="175.33" y="398.35" angle="90.00" type="DEFAULT_VEHTYPE" speed="10.86" pos="175.33" lane="0/2to1/2_0" slope="0.00"/>
        <vehicle id="15" x="601.65" y="377.18" angle="180.00" type="DEFAULT_VEHTYPE" speed="13.04" pos="172.43" lane="3/1to3/2_0" slope="0.00"/>
        <vehicle id="16" x="146.92" y="398.35" angle="90.00" type="DEFAULT_VEHTYPE" speed="12.77" pos="146.92" lane="0/2to1/2_0" slope="0.00"/>
        <vehicle id="17" x="38.75" y="398.35" angle="90.00" type="DEFAULT_VEHTYPE" speed="13.71" pos="38.75" lane="0/2to1/2_0" slope="0.00"/>
        <vehicle id="18" x="722.29" y="598.35" angle="90.00" type="DEFAULT_VEHTYPE" speed="13.13" pos="117.54" lane="3/3to4/3_0" slope="0.00"/>
        <vehicle id="2" x="198.31" y="204.50" angle="-0.40" type="DEFAULT_VEHTYPE" speed="13.62" pos="0.25" lane=":1/1_0_0" slope="0.00"/>
        <vehicle id="24" x="398.35" y="545.96" angle="0.00" type="DEFAULT_VEHTYPE" speed="13.05" pos="49.29" lane="2/3to2/2_0" slope="0.00"/>
        <vehicle id="28" x="733.87" y="201.65" angle="-90.00" type="DEFAULT_VEHTYPE" speed="13.46" pos="66.13" lane="4/1to3/1_0" slope="0.00"/>
        <vehicle id="29" x="401.65" y="72.35" angle="180.00" type="DEFAULT_VEHTYPE" speed="13.46" pos="72.35" lane="2/0to2/1_0" slope="0.00"/>
        <vehicle id="3" x="750.94" y="598.35" angle="90.00" type="DEFAULT_VEHTYPE" speed="12.90" pos="146.19" lane="3/3to4/3_0" slope="0.00"/>
        <vehicle id="33" x="88.09" y="201.65" angle="-90.00" type="DEFAULT_VEHTYPE" speed="12.89" pos="107.16" lane="1/1to0/1_0" slope="0.00"/>
        <vehicle id="37" x="395.76" y="598.42" angle="90.84" type="DEFAULT_VEHTYPE" speed="6.48" pos="0.52" lane=":2/3_14_0" slope="0.00"/>
        <vehicle id="39" x="120.23" y="201.65" angle="-90.00" type="DEFAULT_VEHTYPE" speed="13.88" pos="75.02" lane="1/1to0/1_0" slope="0.00"/>
        <vehicle id="40" x="636.97" y="201.65" angle="-90.00" type="DEFAULT_VEHTYPE" speed="13.11" pos="163.03" lane="4/1to3/1_0" slope="0.00"/>
        <vehicle id="42" x="382.73" y="401.65" angle="-90.00" type="DEFAULT_VEHTYPE" speed="13.26" pos="12.52" lane="2/2to1/2_0" slope="0.00"/>
        <vehicle id="43" x="401.65" y="615.15" angle="180.00" type="DEFAULT_VEHTYPE" speed="9.48" pos="10.40" lane="2/3to2/4_0" slope="0.00"/>
        <vehicle id="44" x="692.22" y="201.65" angle="-90.00" type="DEFAULT_VEHTYPE" speed="13.57" pos="107.78" lane="4/1to3/1_0" slope="0.00"/>
        <vehicle id="45" x="95.75" y="401.65" angle="-90.00" type="DEFAULT_VEHTYPE" speed="13.44" pos="99.50" lane="1/2to0/2_0" slope="0.00"/>
        <vehicle id="46" x="198.35" y="529.23" angle="0.00" type="DEFAULT_VEHTYPE" speed="12.78" pos="66.02" lane="1/3to1/2_0" slope="0.00"/>
        <vehicle id="47" x="601.65" y="610.46" angle="180.00" type="DEFAULT_VEHTYPE" speed="9.26" pos="5.71" lane="3/3to3/4_0" slope="0.00"/>
        <vehicle id="48" x="427.72" y="198.35" angle="90.00" type="DEFAULT_VEHTYPE" speed="13.85" pos="22.97" lane="2/1to3/1_0" slope="0.00"/>
        <vehicle id="49" x="296.05" y="598.35" angle="90.00" type="DEFAULT_VEHTYPE" speed="12.73" pos="91.30" lane="1/3to2/3_0" slope="0.00"/>
        <vehicle id="5" x="401.65" y="730.36" angle="180.00" type="DEFAULT_VEHTYPE" speed="12.64" pos="125.61" lane="2/3to2/4_0" slope="0.00"/>
        <vehicle id="6" x="401.65" y="688.84" angle="180.00" type="DEFAULT_VEHTYPE" speed="13.75" pos="84.09" lane="2/3to2/4_0" slope="0.00"/>
        <vehicle id="7" x="325.83" y="401.65" angle="-90.00" type="DEFAULT_VEHTYPE" speed="13.18" pos="69.42" lane="2/2to1/2_0" slope="0.00"/>
        <vehicle id="8" x="398.35" y="243.32" angle="0.00" type="DEFAULT_VEHTYPE" speed="13.52" pos="151.93" lane="2/2to2/1_0" slope="0.00"/>
        <vehicle id="9" x="763.68" y="201.65" angle="-90.00" type="DEFAULT_VEHTYPE" speed="13.72" pos="36.32" lane="4/1to3/1_0" slope="0.00"/>
    </timestep>
    <timestep time="130.00">
        <vehicle id="0" x="792.75" y="598.35" angle="90.00" type="DEFAULT_VEHTYPE" speed="13.36" pos="188.00" lane="3/3to4/3_0" slope="0.00"/>
        <vehicle id="10" x="401.65" y="8.36" angle="180.00" type="DEFAULT_VEHTYPE" speed="13.46" pos="8.36" lane="2/0to2/1_0" slope="0.00"/>
        <vehicle id="11" x="183.90" y="398.35" angle="90.00" type="DEFAULT_VEHTYPE" speed="8.57" pos="183.90" lane="0/2to1/2_0" slope="0.00"/>
        <vehicle id="15" x="601.65" y="390.81" angle="180.00" type="DEFAULT_VEHTYPE" speed="13.62" pos="186.06" lane="3/1to3/2_0" slope="0.00"/>
        <vehicle id="16" x="159.87" y="398.35" angle="90.00" type="DEFAULT_VEHTYPE" speed="12.94" pos="159.87" lane="0/2to1/2_0" slope="0.00"/>
        <vehicle id="17" x="51.68" y="398.35" angle="90.00" type="DEFAULT_VEHTYPE" speed="12.93" pos="51.68" lane="0/2to1/2_0" slope="0.00"/>
        <vehicle id="18" x="735.05" y="598.35" angle="90.00" type="DEFAULT_VEHTYPE" speed="12.76" pos="130.30" lane="3/3to4/3_0" slope="0.00"/>
        <vehicle id="2" x="186.51" y="201.65" angle="-90.00" type="DEFAULT_VEHTYPE" speed="13.49" pos="8.74" lane="1/1to0/1_0" slope="0.00"/>
        <vehicle id="24" x="398.35" y="533.04" angle="0.00" type="DEFAULT_VEHTYPE" speed="12.92" pos="62.21" lane="2/3to2/2_0" slope="0.00"/>
        <vehicle id="28" x="720.78" y="201.65" angle="-90.00" type="DEFAULT_VEHTYPE" speed="13.09" pos="79.22" lane="4/1to3/1_0" slope="0.00"/>
        <vehicle id="29" x="401.65" y="85.09" angle="180.00" type="DEFAULT_VEHTYPE" speed="12.74" pos="85.09" lane="2/0to2/1_0" slope="0.00"/>
        <vehicle id="3" x="763.97" y="598.35" angle="90.00" type="DEFAULT_VEHTYPE" speed="13.03" pos="159.22" lane="3/3to4/3_0" slope="0.00"/>
        <vehicle id="33" x="74.22" y="201.65" angle="-90.00" type="DEFAULT_VEHTYPE" speed="13.86" pos="121.03" lane="1/1to0/1_0" slope="0.00"/>
        <vehicle id="37" x="401.44" y="603.25" angle="147.47" type="DEFAULT_VEHTYPE" speed="8.28" pos="8.80" lane=":2/3_14_0" slope="0.00"/>
        <vehicle id="39" x="107.30" y="201.65" angle="-90.00" type="DEFAULT_VEHTYPE" speed="12.93" pos="87.95" lane="1/1to0/1_0" slope="0.00"/>
        <vehicle id="40" x="625.20" y="201.65" angle="-90.00" type="DEFAULT_VEHTYPE" speed="11.78" pos="174.80" lane="4/1to3/1_0" slope="0.00"/>
        <vehicle id="42" x="369.64" y="401.65" angle="-90.00" type="DEFAULT_VEHTYPE" speed="13.09" pos="25.61" lane="2/2to1/2_0" slope="0.00"/>
        <vehicle id="43" x="401.65" y="626.08" angle="180.00" type="DEFAULT_VEHTYPE" speed="10.93" pos="21.33" lane="2/3to2/4_0" slope="0.00"/>
        <vehicle id="44" x="679.59" y="201.65" angle="-90.00" type="DEFAULT_VEHTYPE" speed="12.63" pos="120.41" lane="4/1to3/1_0" slope="0.00"/>
        <vehicle id="45" x="82.76" y="401.65" angle="-90.00" type="DEFAULT_VEHTYPE" speed="12.99" pos="112.49" lane="1/2to0/2_0" slope="0.00"/>
        <vehicle id="46" x="198.35" y="516.27" angle="0.00" type="DEFAULT_VEHTYPE" speed="12.96" pos="78.98" lane="1/3to1/2_0" slope="0.00"/>
        <vehicle id="47" x="601.65" y="622.22" angle="180.00" type="DEFAULT_VEHTYPE" speed="11.75" pos="17.47" lane="3/3to3/4_0" slope="0.00"/>
        <vehicle id="48" x="440.53" y="198.35" angle="90.00" type="DEFAULT_VEHTYPE" speed="12.82" pos="35.78" lane="2/1to3/1_0" slope="0.00"/>
        <vehicle id="49" x="309.86" y="598.35" angle="90.00" type="DEFAULT_VEHTYPE" speed="13.81" pos="105.11" lane="1/3to2/3_0" slope="0.00"/>
        <vehicle id="5" x="401.65" y="743.86" angle="180.00" type="DEFAULT_VEHTYPE" speed="13.50" pos="139.11" lane="2/3to2/4_0" slope="0.00"/>
        <vehicle id="6" x="401.65" y="702.26" angle="180.00" type="DEFAULT_VEHTYPE" speed="13.42" pos="97.51" lane="2/3to2/4_0" slope="0.00"/>
        <vehicle id="7" x="312.85" y="401.65" angle="-90.00" type="DEFAULT_VEHTYPE" speed="12.98" pos="82.40" lane="2/2to1/2_0" slope="0.00"/>
        <vehicle id="8" x="398.35" y="229.63" angle="0.00" type="DEFAULT_VEHTYPE" speed="13.69" pos="165.62" lane="2/2to2/1_0" slope="0.00"/>
        <vehicle id="9" x="749.82" y="201.65" angle="-90.00" type="DEFAULT_VEHTYPE" speed="13.87" pos="50.18" lane="4/1to3/1_0" slope="0.00"/>
    </timestep>
    <timestep time="131.00">
        <vehicle id="0" x="799.10" y="601.65" angle="-152.68" type="DEFAULT_VEHTYPE" speed="12.97" pos="0.90" lane="4/3to3/3_0" slope="0.00"/>
        <vehicle id="10" x="401.65" y="22.01" angle="180.00" type="DEFAULT_VEHTYPE" speed="13.65" pos="22.01" lane="2/0to2/1_0" slope="0.00"/>
        <vehicle id="11" x="189.39" y="398.35" angle="90.00" type="DEFAULT_VEHTYPE" speed="5.49" pos="189.39" lane="0/2to1/2_0" slope="0.00"/>
        <vehicle id="15" x="601.65" y="403.97" angle="180.00" type="DEFAULT_VEHTYPE" speed="13.17" pos="8.72" lane=":3/2_9_0" slope="0.00"/>
        <vehicle id="16" x="169.99" y="398.35" angle="90.00" type="DEFAULT_VEHTYPE" speed="10.12" pos="169.99" lane="0/2to1/2_0" slope="0.00"/>
        <vehicle id="17" x="64.97" y="398.35" angle="90.00" type="DEFAULT_VEHTYPE" speed="13.29" pos="64.97" lane="0/2to1/2_0" slope="0.00"/>
        <vehicle id="18" x="747.95" y="598.35" angle="90.00" type="DEFAULT_VEHTYPE" speed="12.90" pos="143.20" lane="3/3to4/3_0" slope="0.00"/>
        <vehicle id="2" x="173.72" y="201.65" angle="-90.00" type="DEFAULT_VEHTYPE" speed="12.79" pos="21.53" lane="1/1to0/1_0" slope="0.00"/>
        <vehicle id="24" x="398.35" y="519.65" angle="0.00" type="DEFAULT_VEHTYPE" speed="13.39" pos="75.60" lane="2/3to2/2_0" slope="0.00"/>
        <vehicle id="28" x="707.17" y="201.65" angle="-90.00" type="DEFAULT_VEHTYPE" speed="13.61" pos="92.83" lane="4/1to3/1_0" slope="0.00"/>
        <vehicle id="29" x="401.65" y="98.65" angle="180.00" type="DEFAULT_VEHTYPE" speed="13.56" pos="98.65" lane="2/0to2/1_0" slope="0.00"/>
        <vehicle id="3" x="777.69" y="598.35" angle="90.00" type="DEFAULT_VEHTYPE" speed="13.72" pos="172.94" lane="3/3to4/3_0" slope="0.00"/>
        <vehicle id="33" x="61.56" y="201.65" angle="-90.00" type="DEFAULT_VEHTYPE" speed="12.66" pos="133.69" lane="1/1to0/1_0" slope="0.00"/>
        <vehicle id="37" x="401.65" y="613.34" angle="180.00" type="DEFAULT_VEHTYPE" speed="10.10" pos="8.59" lane="2/3to2/4_0" slope="0.00"/>
        <vehicle id="39" x="94.54" y="201.65" angle="-90.00" type="DEFAULT_VEHTYPE" speed="12.76" pos="100.71" lane="1/1to0/1_0" slope="0.00"/>
        <vehicle id="40" x="617.19" y="201.65" angle="-90.00" type="DEFAULT_VEHTYPE" speed="8.01" pos="182.81" lane="4/1to3/1_0" slope="0.00"/>
        <vehicle id="42" x="355.91" y="401.65" angle="-90.00" type="DEFAULT_VEHTYPE" speed="13.73" pos="39.34" lane="2/2to1/2_0" slope="0.00"/>
        <vehicle id="43" x="401.65" y="639.28" angle="180.00" type="DEFAULT_VEHTYPE" speed="13.20" pos="34.53" lane="2/3to2/4_0" slope="0.00"/>
        <vehicle id="44" x="666.76" y="201.65" angle="-90.00" type="DEFAULT_VEHTYPE" speed="12.83" pos="133.24" lane="4/1to3/1_0" slope="0.00"/>
        <vehicle id="45" x="69.05" y="401.65" angle="-90.00" type="DEFAULT_VEHTYPE" speed="13.71" pos="126.20" lane="1/2to0/2_0" slope="0.00"/>
        <vehicle id="46" x="198.35" y="502.58" angle="0.00" type="DEFAULT_VEHTYPE" speed="13.69" pos="92.67" lane="1/3to1/2_0" slope="0.00"/>
        <vehicle id="47" x="601.65" y="635.25" angle="180.00" type="DEFAULT_VEHTYPE" speed="13.03" pos="30.50" lane="3/3to3/4_0" slope="0.00"/>
        <vehicle id="48" x="453.53" y="198.35" angle="90.00" type="DEFAULT_VEHTYPE" speed="13.00" pos="48.78" lane="2/1to3/1_0" slope="0.00"/>
        <vehicle id="49" x="322.62" y="598.35" angle="90.00" type="DEFAULT_VEHTYPE" speed="12.76" pos="117.87" lane="1/3to2/3_0" slope="0.00"/>
        <vehicle id="5" x="401.65" y="756.80" angle="180.00" type="DEFAULT_VEHTYPE" speed="12.93" pos="152.05" lane="2/3to2/4_0" slope="0.00"/>
        <vehicle id="6" x="401.65" y="715.50" angle="180.00" type="DEFAULT_VEHTYPE" speed="13.24" pos="110.75" lane="2/3to2/4_0" slope="0.00"/>
        <vehicle id="7" x="299.09" y="401.65" angle="-90.00" type="DEFAULT_VEHTYPE" speed="13.76" pos="96.16" lane="2/2to1/2_0" slope="0.00"/>
        <vehicle id="8" x="398.35" y="216.74" angle="0.00" type="DEFAULT_VEHTYPE" speed="12.89" pos="178.51" lane="2/2to2/1_0" slope="0.00"/>
        <vehicle id="9" x="736.02" y="201.65" angle="-90.00" type="DEFAULT_VEHTYPE" speed="13.79" pos="63.98" lane="4/1to3/1_0" slope="0.00"/>
    </timestep>
    <timestep time="132.00">
        <vehicle id="0" x="785.43" y="601.65" angle="-90.00" type="DEFAULT_VEHTYPE" speed="13.67" pos="14.57" lane="4/3to3/3_0" slope="0.00"/>
        <vehicle id="10" x="401.65" y="35.58" angle="180.00" type="DEFAULT_VEHTYPE" speed="13.57" pos="35.58" lane="2/0to2/1_0" slope="0.00"/>
        <vehicle id="11" x="197.37" y="398.65" angle="93.48" type="DEFAULT_VEHTYPE" speed="8.00" pos="2.14" lane=":1/2_14_0" slope="0.00"/>
        <vehicle id="15" x="601.65" y="416.81" angle="180.00" type="DEFAULT_VEHTYPE" speed="12.83" pos="12.06" lane="3/2to3/3_0" slope="0.00"/>
        <vehicle id="16" x="177.61" y="398.35" angle="90.00" type="DEFAULT_VEHTYPE" speed="7.63" pos="177.61" lane="0/2to1/2_0" slope="0.00"/>
        <vehicle id="17" x="78.58" y="398.35" angle="90.00" type="DEFAULT_VEHTYPE" speed="13.61" pos="78.58" lane="0/2to1/2_0" slope="0.00"/>
        <vehicle id="18" x="761.37" y="598.35" angle="90.00" type="DEFAULT_VEHTYPE" speed="13.42" pos="156.62" lane="3/3to4/3_0" slope="0.00"/>
        <vehicle id="2" x="160.62" y="201.65" angle="-90.00" type="DEFAULT_VEHTYPE" speed="13.10" pos="34.63" lane="1/1to0/1_0" slope="0.00"/>
        <vehicle id="24" x="398.35" y="506.23" angle="0.00" type="DEFAULT_VEHTYPE" speed="13.42" pos="89.02" lane="2/3to2/2_0" slope="0.00"/>
        <vehicle id="28" x="693.75" y="201.65" angle="-90.00" type="DEFAULT_VEHTYPE" speed="13.42" pos="106.25" lane="4/1to3/1_0" slope="0.00"/>
        <vehicle id="29" x="401.65" y="111.49" angle="180.00" type="DEFAULT_VEHTYPE" speed="12.83" pos="111.49" lane="2/0to2/1_0" slope="0.00"/>
        <vehicle id="3" x="790.52" y="598.35" angle="90.00" type="DEFAULT_VEHTYPE" speed="12.83" pos="185.77" lane="3/3to4/3_0" slope="0.00"/>
        <vehicle id="33" x="48.29" y="201.65" angle="-90.00" type="DEFAULT_VEHTYPE" speed="13.27" pos="146.96" lane="1/1to0/1_0" slope="0.00"/>
        <vehicle id="37" x="401.65" y="625.03" angle="180.00" type="DEFAULT_VEHTYPE" speed="11.69" pos="20.28" lane="2/3to2/4_0" slope="0.00"/>
        <vehicle id="39" x="81.50" y="201.65" angle="-90.00" type="DEFAULT_VEHTYPE" speed="13.03" pos="113.75" lane="1/1to0/1_0" slope="0.00"/>
        <vehicle id="40" x="611.33" y="201.65" angle="-90.00" type="DEFAULT_VEHTYPE" speed="5.86" pos="188.67" lane="4/1to3/1_0" slope="0.00"/>
        <vehicle id="42" x="342.33" y="401.65" angle="-90.00" type="DEFAULT_VEHTYPE" speed="13.58" pos="52.92" lane="2/2to1/2_0" slope="0.00"/>
        <vehicle id="43" x="401.65" y="652.82" angle="180.00" type="DEFAULT_VEHTYPE" speed="13.54" pos="48.07" lane="2/3to2/4_0" slope="0.00"/>
        <vehicle id="44" x="653.05" y="201.65" angle="-90.00" type="DEFAULT_VEHTYPE" speed="13.71" pos="146.95" lane="4/1to3/1_0" slope="0.00"/>
        <vehicle id="45" x="55.44" y="401.65" angle="-90.00" type="DEFAULT_VEHTYPE" speed="13.61" pos="139.81" lane="1/2to0/2_0" slope="0.00"/>
        <vehicle id="46" x="198.35" y="488.74" angle="0.00" type="DEFAULT_VEHTYPE" speed="13.85" pos="106.51" lane="1/3to1/2_0" slope="0.00"/>
        <vehicle id="47" x="601.65" y="648.79" angle="180.00" type="DEFAULT_VEHTYPE" speed="13.54" pos="44.04" lane="3/3to3/4_0" slope="0.00"/>
        <vehicle id="48" x="466.75" y="198.35" angle="90.00" type="DEFAULT_VEHTYPE" speed="13.21" pos="62.00" lane="2/1to3/1_0" slope="0.00"/>
        <vehicle id="49" x="336.40" y="598.35" angle="90.00" type="DEFAULT_VEHTYPE" speed="13.78" pos="131.65" lane="1/3to2/3_0" slope="0.00"/>
        <vehicle id="5" x="401.65" y="769.55" angle="180.00" type="DEFAULT_VEHTYPE" speed="12.75" pos="164.80" lane="2/3to2/4_0" slope="0.00"/>
        <vehicle id="6" x="401.65" y="728.77" angle="180.00" type="DEFAULT_VEHTYPE" speed="13.27" pos="124.02" lane="2/3to2/4_0" slope="0.00"/>
        <vehicle id="7" x="285.98" y="401.65" angle="-90.00" type="DEFAULT_VEHTYPE" speed="13.11" pos="109.27" lane="2/2to1/2_0" slope="0.00"/>
        <vehicle id="8" x="398.35" y="203.61" angle="0.00" type="DEFAULT_VEHTYPE" speed="13.13" pos="1.14" lane=":2/1_1_0" slope="0.00"/>
        <vehicle id="9" x="722.30" y="201.65" angle="-90.00" type="DEFAULT_VEHTYPE" speed="13.72" pos="77.70" lane="4/1to3/1_0" slope="0.00"/>
    </timestep>
    <timestep time="133.00">
        <vehicle id="0" x="771.72" y="601.65" angle="-90.00" type="DEFAULT_VEHTYPE" speed="13.71" pos="28.28" lane="4/3to3/3_0" slope="0.00"/>
        <vehicle id="10" x="401.65" y="48.52" angle="180.00" type="DEFAULT_VEHTYPE" speed="12.94" pos="48.52" lane="2/0to2/1_0" slope="0.00"/>
        <vehicle id="11" x="201.65" y="406.99" angle="175.51" type="DEFAULT_VEHTYPE" speed="10.42" pos="2.24" lane="1/2to1/3_0" slope="0.00"/>
        <vehicle id="15" x="601.65" y="430.30" angle="180.00" type="DEFAULT_VEHTYPE" speed="13.49" pos="25.55" lane="3/2to3/3_0" slope="0.00"/>
        <vehicle id="16" x="185.50" y="398.35" angle="90.00" type="DEFAULT_VEHTYPE" speed="7.88" pos="185.50" lane="0/2to1/2_0" slope="0.00"/>
        <vehicle id="17" x="92.08" y="398.35" angle="90.00" type="DEFAULT_VEHTYPE" speed="13.49" pos="92.08" lane="0/2to1/2_0" slope="0.00"/>
        <vehicle id="18" x="774.24" y="598.35" angle="90.00" type="DEFAULT_VEHTYPE" speed="12.87" pos="169.49" lane="3/3to4/3_0" slope="0.00"/>
        <vehicle id="2" x="147.49" y="201.65" angle="-90.00" type="DEFAULT_VEHTYPE" speed="13.13" pos="47.76" lane="1/1to0/1_0" slope="0.00"/>
        <vehicle id="24" x="398.35" y="492.79" angle="0.00" type="DEFAULT_VEHTYPE" speed="13.44" pos="102.46" lane="2/3to2/2_0" slope="0.00"/>
        <vehicle id="28" x="680.81" y="201.65" angle="-90.00" type="DEFAULT_VEHTYPE" speed="12.95" pos="119.19" lane="4/1to3/1_0" slope="0.00"/>
        <vehicle id="29" x="401.65" y="124.83" angle="180.00" type="DEFAULT_VEHTYPE" speed="13.34" pos="124.83" lane="2/0to2/1_0" slope="0.00"/>
        <vehicle id="3" x="800.73" y="601.16" angle="147.49" type="DEFAULT_VEHTYPE" speed="13.42" pos="3.94" lane=":4/3_0_0" slope="0.00"/>
        <vehicle id="33" x="35.43" y="201.65" angle="-90.00" type="DEFAULT_VEHTYPE" speed="12.86" pos="159.82" lane="1/1to0/1_0" slope="0.00"/>
        <vehicle id="37" x="401.65" y="638.71" angle="180.00" type="DEFAULT_VEHTYPE" speed="13.68" pos="33.96" lane="2/3to2/4_0" slope="0.00"/>
        <vehicle id="39" x="68.36" y="201.65" angle="-90.00" type="DEFAULT_VEHTYPE" speed="13.14" pos="126.89" lane="1/1to0/1_0" slope="0.00"/>
        <vehicle id="40" x="603.40" y="201.84" angle="-92.16" type="DEFAULT_VEHTYPE" speed="7.94" pos="1.36" lane=":3/1_4_0" slope="0.00"/>
        <vehicle id="42" x="329.09" y="401.65" angle="-90.00" type="DEFAULT_VEHTYPE" speed="13.24" pos="66.16" lane="2/2to1/2_0" slope="0.00"/>
        <vehicle id="43" x="401.65" y="665.87" angle="180.00" type="DEFAULT_VEHTYPE" speed="13.05" pos="61.12" lane="2/3to2/4_0" slope="0.00"/>
        <vehicle id="44" x="640.26" y="201.65" angle="-90.00" type="DEFAULT_VEHTYPE" speed="12.79" pos="159.74" lane="4/1to3/1_0" slope="0.00"/>
        <vehicle id="45" x="42.83" y="401.65" angle="-90.00" type="DEFAULT_VEHTYPE" speed="12.61" pos="152.42" lane="1/2to0/2_0" slope="0.00"/>
        <vehicle id="46" x="198.35" y="475.93" angle="0.00" type="DEFAULT_VEHTYPE" speed="12.80" pos="119.32" lane="1/3to1/2_0" slope="0.00"/>
        <vehicle id="47" x="601.65" y="661.58" angle="180.00" type="DEFAULT_VEHTYPE" speed="12.78" pos="56.83" lane="3/3to3/4_0" slope="0.00"/>
        <vehicle id="48" x="479.65" y="198.35" angle="90.00" type="DEFAULT_VEHTYPE" speed="12.90" pos="74.90" lane="2/1to3/1_0" slope="0.00"/>
        <vehicle id="49" x="350.18" y="598.35" angle="90.00" type="DEFAULT_VEHTYPE" speed="13.78" pos="145.43" lane="1/3to2/3_0" slope="0.00"/>
        <vehicle id="5" x="401.65" y="782.96" angle="180.00" type="DEFAULT_VEHTYPE" speed="13.42" pos="178.21" lane="2/3to2/4_0" slope="0.00"/>
        <vehicle id="6" x="401.65" y="742.32" angle="180.00" type="DEFAULT_VEHTYPE" speed="13.55" pos="137.57" lane="2/3to2/4_0" slope="0.00"/>
        <vehicle id="7" x="272.63" y="401.65" angle="-90.00" type="DEFAULT_VEHTYPE" speed="13.35" pos="122.62" lane="2/2to1/2_0" slope="0.00"/>
        <vehicle id="8" x="398.35" y="190.78" angle="0.00" type="DEFAULT_VEHTYPE" speed="12.83" pos="4.47" lane="2/1to2/0_0" slope="0.00"/>
        <vehicle id="9" x="709.49" y="201.65" angle="-90.00" type="DEFAULT_VEHTYPE" speed="12.81" pos="90.51" lane="4/1to3/1_0" slope="0.00"/>
    </timestep>
    <timestep time="134.00">
        <vehicle id="0" x="758.41" y="601.65" angle="-90.00" type="DEFAULT_VEHTYPE" speed="13.32" pos="41.59" lane="4/3to3/3_0" slope="0.00"/>
        <vehicle id="10" x="401.65" y="62.08" angle="180.00" type="DEFAULT_VEHTYPE" speed="13.56" pos="62.08" lane="2/0to2/1_0" slope="0.00"/>
        <vehicle id="11" x="201.65" y="419.31" angle="180.00" type="DEFAULT_VEHTYPE" speed="12.32" pos="14.56" lane="1/2to1/3_0" slope="0.00"/>
        <vehicle id="15" x="601.65" y="443.90" angle="180.00" type="DEFAULT_VEHTYPE" speed="13.61" pos="39.15" lane="3/2to3/3_0" slope="0.00"/>
        <vehicle id="16" x="189.52" y="398.35" angle="90.00" type="DEFAULT_VEHTYPE" speed="4.03" pos="189.52" lane="0/2to1/2_0" slope="0.00"/>
        <vehicle id="17" x="105.28" y="398.35" angle="90.00" type="DEFAULT_VEHTYPE" speed="13.21" pos="105.28" lane="0/2to1/2_0" slope="0.00"/>
        <vehicle id="18" x="787.07" y="598.35" angle="90.00" type="DEFAULT_VEHTYPE" speed="12.83" pos="182.32" lane="3/3to4/3_0" slope="0.00"/>
        <vehicle id="2" x="133.80" y="201.65" angle="-90.00" type="DEFAULT_VEHTYPE" speed="13.69" pos="61.45" lane="1/1to0/1_0" slope="0.00"/>
        <vehicle id="24" x="398.35" y="478.99" angle="0.00" type="DEFAULT_VEHTYPE" speed="13.80" pos="116.26" lane="2/3to2/2_0" slope="0.00"/>
        <vehicle id="28" x="667.16" y="201.65" angle="-90.00" type="DEFAULT_VEHTYPE" speed="13.65" pos="132.84" lane="4/1to3/1_0" slope="0.00"/>
        <vehicle id="29" x="401.65" y="138.58" angle="180.00" type="DEFAULT_VEHTYPE" speed="13.75" pos="138.58" lane="2/0to2/1_0" slope="0.00"/>
        <vehicle id="3" x="787.87" y="601.65" angle="-90.00" type="DEFAULT_VEHTYPE" speed="13.01" pos="12.13" lane="4/3to3/3_0" slope="0.00"/>
        <vehicle id="33" x="21.53" y="201.65" angle="-90.00" type="DEFAULT_VEHTYPE" speed="13.89" pos="173.72" lane="1/1to0/1_0" slope="0.00"/>
        <vehicle id="37" x="401.65" y="651.89" angle="180.00" type="DEFAULT_VEHTYPE" speed="13.19" pos="47.14" lane="2/3to2/4_0" slope="0.00"/>
        <vehicle id="39" x="55.40" y="201.65" angle="-90.00" type="DEFAULT_VEHTYPE" speed="12.96" pos="139.85" lane="1/1to0/1_0" slope="0.00"/>
        <vehicle id="40" x="601.65" y="210.41" angle="180.00" type="DEFAULT_VEHTYPE" speed="9.31" pos="5.66" lane="3/1to3/2_0" slope="0.00"/>
        <vehicle id="42" x="316.12" y="401.65" angle="-90.00" type="DEFAULT_VEHTYPE" speed="12.97" pos="79.13" lane="2/2to1/2_0" slope="0.00"/>
        <vehicle id="43" x="401.65" y="679.55" angle="180.00" type="DEFAULT_VEHTYPE" speed="13.69" pos="74.80" lane="2/3to2/4_0" slope="0.00"/>
        <vehicle id="44" x="627.58" y="201.65" angle="-90.00" type="DEFAULT_VEHTYPE" speed="12.68" pos="172.42" lane="4/1to3/1_0" slope="0.00"/>
        <vehicle id="45" x="29.92" y="401.65" angle="-90.00" type="DEFAULT_VEHTYPE" speed="12.91" pos="165.33" lane="1/2to0/2_0" slope="0.00"/>
        <vehicle id="46" x="198.35" y="462.27" angle="0.00" type="DEFAULT_VEHTYPE" speed="13.66" pos="132.98" lane="1/3to1/2_0" slope="0.00"/>
        <vehicle id="47" x="601.65" y="674.76" angle="180.00" type="DEFAULT_VEHTYPE" speed="13.18" pos="70.01" lane="3/3to3/4_0" slope="0.00"/>
        <vehicle id="48" x="493.35" y="198.35" angle="90.00" type="DEFAULT_VEHTYPE" speed="13.70" pos="88.60" lane="2/1to3/1_0" slope="0.00"/>
        <vehicle id="49" x="363.33" y="598.35" angle="90.00" type="DEFAULT_VEHTYPE" speed="13.15" pos="158.58" lane="1/3to2/3_0" slope="0.00"/>
        <vehicle id="5" x="401.65" y="796.43" angle="180.00" type="DEFAULT_VEHTYPE" speed="13.47" pos="191.68" lane="2/3to2/4_0" slope="0.00"/>
        <vehicle id="6" x="401.65" y="755.21" angle="180.00" type="DEFAULT_VEHTYPE" speed="12.89" pos="150.46" lane="2/3to2/4_0" slope="0.00"/>
        <vehicle id="7" x="259.95" y="401.65" angle="-90.00" type="DEFAULT_VEHTYPE" speed="12.68" pos="135.30" lane="2/2to1/2_0" slope="0.00"/>
        <vehicle id="8" x="398.35" y="177.91" angle="0.00" type="DEFAULT_VEHTYPE" speed="12.87" pos="17.34" lane="2/1to2/0_0" slope="0.00"/>
        <vehicle id="9" x="696.58" y="201.65" angle="-90.00" type="DEFAULT_VEHTYPE" speed="12.91" pos="103.42" lane="4/1to3/1_0" slope="0.00"/>
    </timestep>
    <timestep time="135.00">
        <vehicle id="0" x="744.73" y="601.65" angle="-90.00" type="DEFAULT_VEHTYPE" speed="13.68" pos="55.27" lane="4/3to3/3_0" slope="0.00"/>
        <vehicle id="10" x="401.65" y="75.25" angle="180.00" type="DEFAULT_VEHTYPE" speed="13.17" pos="75.25" lane="2/0to2/1_0" slope="0.00"/>
        <vehicle id="11" x="201.65" y="433.14" angle="180.00" type="DEFAULT_VEHTYPE" speed="13.82" pos="28.39" lane="1/2to1/3_0" slope="0.00"/>
        <vehicle id="15" x="601.65" y="457.75" angle="180.00" type="DEFAULT_VEHTYPE" speed="13.84" pos="53.00" lane="3/2to3/3_0" slope="0.00"/>
        <vehicle id="16" x="194.87" y="398.35" angle="90.00" type="DEFAULT_VEHTYPE" speed="5.34" pos="194.87" lane="0/2to1/2_0" slope="0.00"/>
        <vehicle id="17" x="119.11" y="398.35" angle="90.00" type="DEFAULT_VEHTYPE" speed="13.83" pos="119.11" lane="0/2to1/2_0" slope="0.00"/>
        <vehicle id="18" x="799.77" y="598.35" angle="90.00" type="DEFAULT_VEHTYPE" speed="12.70" pos="195.02" lane="3/3to4/3_0" slope="0.00"/>
        <vehicle id="2" x="120.28" y="201.65" angle="-90.00" type="DEFAULT_VEHTYPE" speed="13.51" pos="74.97" lane="1/1to0/1_0" slope="0.00"/>
        <vehicle id="24" x="398.35" y="465.49" angle="0.00" type="DEFAULT_VEHTYPE" speed="13.50" pos="129.76" lane="2/3to2/2_0" slope="0.00"/>
        <vehicle id="28" x="654.39" y="201.65" angle="-90.00" type="DEFAULT_VEHTYPE" speed="12.77" pos="145.61" lane="4/1to3/1_0" slope="0.00"/>
        <vehicle id="29" x="401.65" y="151.99" angle="180.00" type="DEFAULT_VEHTYPE" speed="13.41" pos="151.99" lane="2/0to2/1_0" slope="0.00"/>
        <vehicle id="3" x="774.85" y="601.65" angle="-90.00" type="DEFAULT_VEHTYPE" speed="13.02" pos="25.15" lane="4/3to3/3_0" slope="0.00"/>
        <vehicle id="33" x="8.74" y="201.65" angle="-90.00" type="DEFAULT_VEHTYPE" speed="12.79" pos="186.51" lane="1/1to0/1_0" slope="0.00"/>
        <vehicle id="37" x="401.65" y="665.41" angle="180.00" type="DEFAULT_VEHTYPE" speed="13.52" pos="60.66" lane="2/3to2/4_0" slope="0.00"/>
        <vehicle id="39" x="42.28" y="201.65" angle="-90.00" type="DEFAULT_VEHTYPE" speed="13.12" pos="152.97" lane="1/1to0/1_0" slope="0.00"/>
        <vehicle id="40" x="601.65" y="221.33" angle="180.00" type="DEFAULT_VEHTYPE" speed="10.92" pos="16.58" lane="3/1to3/2_0" slope="0.00"/>
        <vehicle id="42" x="302.38" y="401.65" angle="-90.00" type="DEFAULT_VEHTYPE" speed="13.74" pos="92.87" lane="2/2to1/2_0" slope="0.00"/>
        <vehicle id="43" x="401.65" y="692.26" angle="180.00" type="DEFAULT_VEHTYPE" speed="12.71" pos="87.51" lane="2/3to2/4_0" slope="0.00"/>
        <vehicle id="44" x="617.84" y="201.65" angle="-90.00" type="DEFAULT_VEHTYPE" speed="9.74" pos="182.16" lane="4/1to3/1_0" slope="0.00"/>
        <vehicle id="45" x="16.30" y="401.65" angle="-90.00" type="DEFAULT_VEHTYPE" speed="13.63" pos="178.95" lane="1/2to0/2_0" slope="0.00"/>
        <vehicle id="46" x="198.35" y="448.90" angle="0.00" type="DEFAULT_VEHTYPE" speed="13.37" pos="146.35" lane="1/3to1/2_0" slope="0.00"/>
        <vehicle id="47" x="601.65" y="688.11" angle="180.00" type="DEFAULT_VEHTYPE" speed="13.36" pos="83.36" lane="3/3to3/4_0" slope="0.00"/>
        <vehicle id="48" x="506.70" y="198.35" angle="90.00" type="DEFAULT_VEHTYPE" speed="13.35" pos="101.95" lane="2/1to3/1_0" slope="0.00"/>
        <vehicle id="49" x="375.47" y="598.35" angle="90.00" type="DEFAULT_VEHTYPE" speed="12.14" pos="170.72" lane="1/3to2/3_0" slope="0.00"/>
        <vehicle id="5" x="398.35" y="795.09" angle="-0.58" type="DEFAULT_VEHTYPE" speed="13.30" pos="4.91" lane="2/4to2/3_0" slope="0.00"/>
        <vehicle id="6" x="401.65" y="768.57" angle="180.00" type="DEFAULT_VEHTYPE" speed="13.36" pos="163.82" lane="2/3to2/4_0" slope="0.00"/>
        <vehicle id="7" x="247.03" y="401.65" angle="-90.00" type="DEFAULT_VEHTYPE" speed="12.92" pos="148.22" lane="2/2to1/2_0" slope="0.00"/>
        <vehicle id="8" x="398.35" y="164.56" angle="0.00" type="DEFAULT_VEHTYPE" speed="13.35" pos="30.69" lane="2/1to2/0_0" slope="0.00"/>
        <vehicle id="9" x="683.24" y="201.65" angle="-90.00" type="DEFAULT_VEHTYPE" speed="13.34" pos="116.76" lane="4/1to3/1_0" slope="0.00"/>
    </timestep>
    <timestep time="136.00">
        <vehicle id="0" x="731.34" y="601.65" angle="-90.00" type="DEFAULT_VEHTYPE" speed="13.38" pos="68.66" lane="4/3to3/3_0" slope="0.00"/>
        <vehicle id="10" x="401.65" y="88.02" angle="180.00" type="DEFAULT_VEHTYPE" speed="12.77" pos="88.02" lane="2/0to2/1_0" slope="0.00"/>
        <vehicle id="11" x="201.65" y="445.84" angle="180.00" type="DEFAULT_VEHTYPE" speed="12.71" pos="41.09" lane="1/2to1/3_0" slope="0.00"/>
        <vehicle id="15" x="601.65" y="470.48" angle="180.00" type="DEFAULT_VEHTYPE" speed="12.73" pos="65.73" lane="3/2to3/3_0" slope="0.00"/>
        <vehicle id="16" x="201.25" y="401.95" angle="132.62" type="DEFAULT_VEHTYPE" speed="7.88" pos="7.49" lane=":1/2_14_0" slope="0.00"/>
        <vehicle id="17" x="132.72" y="398.35" angle="90.00" type="DEFAULT_VEHTYPE" speed="13.60" pos="132.72" lane="0/2to1/2_0" slope="0.00"/>
        <vehicle id="18" x="791.56" y="601.65" angle="-90.00" type="DEFAULT_VEHTYPE" speed="13.49" pos="8.44" lane="4/3to3/3_0" slope="0.00"/>
        <vehicle id="2" x="107.60" y="201.65" angle="-90.00" type="DEFAULT_VEHTYPE" speed="12.68" pos="87.65" lane="1/1to0/1_0" slope="0.00"/>
        <vehicle id="24" x="398.35" y="452.11" angle="0.00" type="DEFAULT_VEHTYPE" speed="13.38" pos="143.14" lane="2/3to2/2_0" slope="0.00"/>
        <vehicle id="28" x="641.17" y="201.65" angle="-90.00" type="DEFAULT_VEHTYPE" speed="13.22" pos="158.83" lane="4/1to3/1_0" slope="0.00"/>
        <vehicle id="29" x="401.65" y="165.46" angle="180.00" type="DEFAULT_VEHTYPE" speed="13.48" pos="165.46" lane="2/0to2/1_0" slope="0.00"/>
        <vehicle id="3" x="761.55" y="601.65" angle="-90.00" type="DEFAULT_VEHTYPE" speed="13.30" pos="38.45" lane="4/3to3/3_0" slope="0.00"/>
        <vehicle id="33" x="-0.76" y="198.86" angle="-33.60" type="DEFAULT_VEHTYPE" speed="12.65" pos="3.91" lane=":0/1_0_0" slope="0.00"/>
        <vehicle id="37" x="401.65" y="679.10" angle="180.00" type="DEFAULT_VEHTYPE" speed="13.69" pos="74.35" lane="2/3to2/4_0" slope="0.00"/>
        <vehicle id="39" x="28.90" y="201.65" angle="-90.00" type="DEFAULT_VEHTYPE" speed="13.38" pos="166.35" lane="1/1to0/1_0" slope="0.00"/>
        <vehicle id="40" x="601.65" y="233.94" angle="180.00" type="DEFAULT_VEHTYPE" speed="12.60" pos="29.19" lane="3/1to3/2_0" slope="0.00"/>
        <vehicle id="42" x="289.25" y="401.65" angle="-90.00" type="DEFAULT_VEHTYPE" speed="13.13" pos="106.00" lane="2/2to1/2_0" slope="0.00"/>
        <vehicle id="43" x="401.65" y="705.09" angle="180.00" type="DEFAULT_VEHTYPE" speed="12.83" pos="100.34" lane="2/3to2/4_0" slope="0.00"/>
        <vehicle id="44" x="611.94" y="201.65" angle="-90.00" type="DEFAULT_VEHTYPE" speed="5.89" pos="188.06" lane="4/1to3/1_0" slope="0.00"/>
        <vehicle id="45" x="2.55" y="401.65" angle="-90.00" type="DEFAULT_VEHTYPE" speed="13.74" pos="192.70" lane="1/2to0/2_0" slope="0.00"/>
        <vehicle id="46" x="198.35" y="435.81" angle="0.00" type="DEFAULT_VEHTYPE" speed="13.09" pos="159.44" lane="1/3to1/2_0" slope="0.00"/>
        <vehicle id="47" x="601.65" y="701.73" angle="180.00" type="DEFAULT_VEHTYPE" speed="13.62" pos="96.98" lane="3/3to3/4_0" slope="0.00"/>
        <vehicle id="48" x="520.53" y="198.35" angle="90.00" type="DEFAULT_VEHTYPE" speed="13.83" pos="115.78" lane="2/1to3/1_0" slope="0.00"/>
        <vehicle id="49" x="384.01" y="598.35" angle="90.00" type="DEFAULT_VEHTYPE" speed="8.54" pos="179.26" lane="1/3to2/3_0" slope="0.00"/>
        <vehicle id="5" x="398.35" y="781.94" angle="0.00" type="DEFAULT_VEHTYPE" speed="13.15" pos="18.06" lane="2/4to2/3_0" slope="0.00"/>
        <vehicle id="6" x="401.65" y="781.40" angle="180.00" type="DEFAULT_VEHTYPE" speed="12.83" pos="176.65" lane="2/3to2/4_0" slope="0.00"/>
        <vehicle id="7" x="234.05" y="401.65" angle="-90.00" type="DEFAULT_VEHTYPE" speed="12.97" pos="161.20" lane="2/2to1/2_0" slope="0.00"/>
        <vehicle id="8" x="398.35" y="151.84" angle="0.00" type="DEFAULT_VEHTYPE" speed="12.71" pos="43.41" lane="2/1to2/0_0" slope="0.00"/>
        <vehicle id="9" x="669.94" y="201.65" angle="-90.00" type="DEFAULT_VEHTYPE" speed="13.31" pos="130.06" lane="4/1to3/1_0" slope="0.00"/>
    </timestep>
    <timestep time="137.00">
        <vehicle id="0" x="718.39" y="601.65" angle="-90.00" type="DEFAULT_VEHTYPE" speed="12.95" pos="81.61" lane="4/3to3/3_0" slope="0.00"/>
        <vehicle id="10" x="401.65" y="100.82" angle="180.00" type="DEFAULT_VEHTYPE" speed="12.81" pos="100.82" lane="2/0to2/1_0" slope="0.00"/>
        <vehicle id="11" x="201.65" y="458.44" angle="180.00" type="DEFAULT_VEHTYPE" speed="12.60" pos="53.69" lane="1/2to1/3_0" slope="0.00"/>
        <vehicle id="15" x="601.65" y="483.89" angle="180.00" type="DEFAULT_VEHTYPE" speed="13.41" pos="79.14" lane="3/2to3/3_0" slope="0.00"/>
        <vehicle id="16" x="201.65" y="411.43" angle="180.00" type="DEFAULT_VEHTYPE" speed="9.50" pos="6.68" lane="1/2to1/3_0" slope="0.00"/>
        <vehicle id="17" x="145.74" y="398.35" angle="90.00" type="DEFAULT_VEHTYPE" speed="13.03" pos="145.74" lane="0/2to1/2_0" slope="0.00"/>
        <vehicle id="18" x="778.87" y="601.65" angle="-90.00" type="DEFAULT_VEHTYPE" speed="12.69" pos="21.13" lane="4/3to3/3_0" slope="0.00"/>
        <vehicle id="2" x="94.44" y="201.65" angle="-90.00" type="DEFAULT_VEHTYPE" speed="13.16" pos="100.81" lane="1/1to0/1_0" slope="0.00"/>
        <vehicle id="24" x="398.35" y="438.55" angle="0.00" type="DEFAULT_VEHTYPE" speed="13.56" pos="156.70" lane="2/3to2/2_0" slope="0.00"/>
        <vehicle id="28" x="630.30" y="201.65" angle="-90.00" type="DEFAULT_VEHTYPE" speed="10.87" pos="169.70" lane="4/1to3/1_0" slope="0.00"/>
        <vehicle id="29" x="401.65" y="179.14" angle="180.00" type="DEFAULT_VEHTYPE" speed="13.68" pos="179.14" lane="2/0to2/1_0" slope="0.00"/>
        <vehicle id="3" x="748.81" y="601.65" angle="-90.00" type="DEFAULT_VEHTYPE" speed="12.74" pos="51.19" lane="4/3to3/3_0" slope="0.00"/>
        <vehicle id="33" x="12.18" y="198.35" angle="90.00" type="DEFAULT_VEHTYPE" speed="13.09" pos="12.18" lane="0/1to1/1_0" slope="0.00"/>
        <vehicle id="37" x="401.65" y="692.73" angle="180.00" type="DEFAULT_VEHTYPE" speed="13.63" pos="87.98" lane="2/3to2/4_0" slope="0.00"/>
        <vehicle id="39" x="15.11" y="201.65" angle="-90.00" type="DEFAULT_VEHTYPE" speed="13.79" pos="180.14" lane="1/1to0/1_0" slope="0.00"/>
        <vehicle id="40" x="601.65" y="247.20" angle="180.00" type="DEFAULT_VEHTYPE" speed="13.27" pos="42.45" lane="3/1to3/2_0" slope="0.00"/>
        <vehicle id="42" x="276.01" y="401.65" angle="-90.00" type="DEFAULT_VEHTYPE" speed="13.23" pos="119.24" lane="2/2to1/2_0" slope="0.00"/>
        <vehicle id="43" x="401.65" y="717.85" angle="180.00" type="DEFAULT_VEHTYPE" speed="12.76" pos="113.10" lane="2/3to2/4_0" slope="0.00"/>
        <vehicle id="44" x="609.81" y="201.65" angle="-90.00" type="DEFAULT_VEHTYPE" speed="2.14" pos="190.19" lane="4/1to3/1_0" slope="0.00"/>
        <vehicle id="45" x="5.23" y="398.35" angle="90.00" type="DEFAULT_VEHTYPE" speed="12.60" pos="5.23" lane="0/2to1/2_0" slope="0.00"/>
        <vehicle id="46" x="198.35" y="423.10" angle="0.00" type="DEFAULT_VEHTYPE" speed="12.72" pos="172.15" lane="1/3to1/2_0" slope="0.00"/>
        <vehicle id="47" x="601.65" y="715.55" angle="180.00" type="DEFAULT_VEHTYPE" speed="13.82" pos="110.80" lane="3/3to3/4_0" slope="0.00"/>
        <vehicle id="48" x="533.86" y="198.35" angle="90.00" type="DEFAULT_VEHTYPE" speed="13.33" pos="129.11" lane="2/1to3/1_0" slope="0.00"/>
        <vehicle id="49" x="388.81" y="598.35" angle="90.00" type="DEFAULT_VEHTYPE" speed="4.80" pos="184.06" lane="1/3to2/3_0" slope="0.00"/>
        <vehicle id="5" x="398.35" y="768.31" angle="0.00" type="DEFAULT_VEHTYPE" speed="13.63" pos="31.69" lane="2/4to2/3_0" slope="0.00"/>
        <vehicle id="6" x="401.65" y="794.61" angle="180.00" type="DEFAULT_VEHTYPE" speed="13.21" pos="189.86" lane="2/3to2/4_0" slope="0.00"/>
        <vehicle id="7" x="222.42" y="401.65" angle="-90.00" type="DEFAULT_VEHTYPE" speed="11.63" pos="172.83" lane="2/2to1/2_0" slope="0.00"/>
        <vehicle id="8" x="398.35" y="138.36" angle="0.00" type="DEFAULT_VEHTYPE" speed="13.48" pos="56.89" lane="2/1to2/0_0" slope="0.00"/>
        <vehicle id="9" x="656.69" y="201.65" angle="-90.00" type="DEFAULT_VEHTYPE" speed="13.25" pos="143.31" lane="4/1to3/1_0" slope="0.00"/>
    </timestep>
    <timestep time="138.00">
        <vehicle id="0" x="705.00" y="601.65" angle="-90.00" type="DEFAULT_VEHTYPE" speed="13.39" pos="95.00" lane="4/3to3/3_0" slope="0.00"/>
        <vehicle id="10" x="401.65" y="114.19" angle="180.00" type="DEFAULT_VEHTYPE" speed="13.37" pos="114.19" lane="2/0to2/1_0" slope="0.00"/>
        <vehicle id="11" x="201.65" y="471.43" angle="180.00" type="DEFAULT_VEHTYPE" speed="12.98" pos="66.68" lane="1/2to1/3_0" slope="0.00"/>
        <vehicle id="15" x="601.65" y="497.73" angle="180.00" type="DEFAULT_VEHTYPE" speed="13.84" pos="92.98" lane="3/2to3/3_0" slope="0.00"/>
        <vehicle id="16" x="201.65" y="423.19" angle="180.00" type="DEFAULT_VEHTYPE" speed="11.76" pos="18.44" lane="1/2to1/3_0" slope="0.00"/>
        <vehicle id="17" x="159.54" y="398.35" angle="90.00" type="DEFAULT_VEHTYPE" speed="13.80" pos="159.54" lane="0/2to1/2_0" slope="0.00"/>
        <vehicle id="18" x="765.36" y="601.65" angle="-90.00" type="DEFAULT_VEHTYPE" speed="13.52" pos="34.64" lane="4/3to3/3_0" slope="0.00"/>
        <vehicle id="2" x="81.50" y="201.65" angle="-90.00" type="DEFAULT_VEHTYPE" speed="12.94" pos="113.75" lane="1/1to0/1_0" slope="0.00"/>
        <vehicle id="24" x="398.35" y="424.73" angle="0.00" type="DEFAULT_VEHTYPE" speed="13.82" pos="170.52" lane="2/3to2/2_0" slope="0.00"/>
        <vehicle id="28" x="623.89" y="201.65" angle="-90.00" type="DEFAULT_VEHTYPE" speed="6.42" pos="176.11" lane="4/1to3/1_0" slope="0.00"/>
        <vehicle id="29" x="401.65" y="192.82" angle="180.00" type="DEFAULT_VEHTYPE" speed="13.68" pos="192.82" lane="2/0to2/1_0" slope="0.00"/>
        <vehicle id="3" x="734.95" y="601.65" angle="-90.00" type="DEFAULT_VEHTYPE" speed="13.86" pos="65.05" lane="4/3to3/3_0" slope="0.00"/>
        <vehicle id="33" x="25.78" y="198.35" angle="90.00" type="DEFAULT_VEHTYPE" speed="13.60" pos="25.78" lane="0/1to1/1_0" slope="0.00"/>
        <vehicle id="37" x="401.65" y="705.47" angle="180.00" type="DEFAULT_VEHTYPE" speed="12.74" pos="100.72" lane="2/3to2/4_0" slope="0.00"/>
        <vehicle id="39" x="1.94" y="201.65" angle="-90.00" type="DEFAULT_VEHTYPE" speed="13.16" pos="193.31" lane="1/1to0/1_0" slope="0.00"/>
        <vehicle id="40" x="601.65" y="260.64" angle="180.00" type="DEFAULT_VEHTYPE" speed="13.43" pos="55.89" lane="3/1to3/2_0" slope="0.00"/>
        <vehicle id="42" x="263.33" y="401.65" angle="-90.00" type="DEFAULT_VEHTYPE" speed="12.68" pos="131.92" lane="2/2to1/2_0" slope="0.00"/>
        <vehicle id="43" x="401.65" y="731.63" angle="180.00" type="DEFAULT_VEHTYPE" speed="13.77" pos="126.88" lane="2/3to2/4_0" slope="0.00"/>
        <vehicle id="44" x="605.21" y="201.65" angle="-90.00" type="DEFAULT_VEHTYPE" speed="4.60" pos="194.79" lane="4/1to3/1_0" slope="0.00"/>
        <vehicle id="45" x="18.60" y="398.35" angle="90.00" type="DEFAULT_VEHTYPE" speed="13.36" pos="18.60" lane="0/2to1/2_0" slope="0.00"/>
        <vehicle id="46" x="198.35" y="409.39" angle="0.00" type="DEFAULT_VEHTYPE" speed="13.71" pos="185.86" lane="1/3to1/2_0" slope="0.00"/>
        <vehicle id="47" x="601.65" y="729.17" angle="180.00" type="DEFAULT_VEHTYPE" speed="13.62" pos="124.42" lane="3/3to3/4_0" slope="0.00"/>
        <vehicle id="48" x="547.37" y="198.35" angle="90.00" type="DEFAULT_VEHTYPE" speed="13.51" pos="142.62" lane="2/1to3/1_0" slope="0.00"/>
        <vehicle id="49" x="395.68" y="598.41" angle="90.70" type="DEFAULT_VEHTYPE" speed="6.87" pos="0.43" lane=":2/3_14_0" slope="0.00"/>
        <vehicle id="5" x="398.35" y="754.42" angle="0.00" type="DEFAULT_VEHTYPE" speed="13.88" pos="45.58" lane="2/4to2/3_0" slope="0.00"/>
        <vehicle id="6" x="398.35" y="796.59" angle="-11.08" type="DEFAULT_VEHTYPE" speed="13.62" pos="3.41" lane="2/4to2/3_0" slope="0.00"/>
        <vehicle id="7" x="215.06" y="401.65" angle="-90.00" type="DEFAULT_VEHTYPE" speed="7.36" pos="180.19" lane="2/2to1/2_0" slope="0.00"/>
        <vehicle id="8" x="398.35" y="125.70" angle="0.00" type="DEFAULT_VEHTYPE" speed="12.66" pos="69.55" lane="2/1to2/0_0" slope="0.00"/>
        <vehicle id="9" x="644.23" y="201.65" angle="-90.00" type="DEFAULT_VEHTYPE" speed="12.46" pos="155.77" lane="4/1to3/1_0" slope="0.00"/>
    </timestep>
    <timestep time="139.00">
        <vehicle id="0" x="692.05" y="601.65" angle="-90.00" type="DEFAULT_VEHTYPE" speed="12.95" pos="107.95" lane="4/3to3/3_0" slope="0.00"/>
        <vehicle id="10" x="401.65" y="128.02" angle="180.00" type="DEFAULT_VEHTYPE" speed="13.83" pos="128.02" lane="2/0to2/1_0" slope="0.00"/>
        <vehicle id="11" x="201.65" y="484.44" angle="180.00" type="DEFAULT_VEHTYPE" speed="13.01" pos="79.69" lane="1/2to1/3_0" slope="0.00"/>
        <vehicle id="15" x="601.65" y="510.83" angle="180.00" type="DEFAULT_VEHTYPE" speed="13.10" pos="106.08" lane="3/2to3/3_0" slope="0.00"/>
        <vehicle id="16" x="201.65" y="436.83" angle="180.00" type="DEFAULT_VEHTYPE" speed="13.64" pos="32.08" lane="1/2to1/3_0" slope="0.00"/>
        <vehicle id="17" x="172.21" y="398.35" angle="90.00" type="DEFAULT_VEHTYPE" speed="12.67" pos="172.21" lane="0/2to1/2_0" slope="0.00"/>
        <vehicle id="18" x="751.66" y="601.65" angle="-90.00" type="DEFAULT_VEHTYPE" speed="13.69" pos="48.34" lane="4/3to3/3_0" slope="0.00"/>
        <vehicle id="2" x="68.37" y="201.65" angle="-90.00" type="DEFAULT_VEHTYPE" speed="13.14" pos="126.88" lane="1/1to0/1_0" slope="0.00"/>
        <vehicle id="24" x="398.35" y="411.41" angle="0.00" type="DEFAULT_VEHTYPE" speed="13.32" pos="183.84" lane="2/3to2/2_0" slope="0.00"/>
        <vehicle id="28" x="616.07" y="201.65" angle="-90.00" type="DEFAULT_VEHTYPE" speed="7.82" pos="183.93" lane="4/1to3/1_0" slope="0.00"/>
        <vehicle id="29" x="410.15" y="198.35" angle="90.00" type="DEFAULT_VEHTYPE" speed="12.83" pos="5.40" lane="2/1to3/1_0" slope="0.00"/>
        <vehicle id="3" x="722.35" y="601.65" angle="-90.00" type="DEFAULT_VEHTYPE" speed="12.61" pos="77.65" lane="4/3to3/3_0" slope="0.00"/>
        <vehicle id="33" x="39.42" y="198.35" angle="90.00" type="DEFAULT_VEHTYPE" speed="13.65" pos="39.42" lane="0/1to1/1_0" slope="0.00"/>
        <vehicle id="37" x="401.65" y="718.36" angle="180.00" type="DEFAULT_VEHTYPE" speed="12.89" pos="113.61" lane="2/3to2/4_0" slope="0.00"/>
        <vehicle id="39" x="5.86" y="198.35" angle="90.00" type="DEFAULT_VEHTYPE" speed="12.62" pos="5.86" lane="0/1to1/1_0" slope="0.00"/>
        <vehicle id="40" x="601.65" y="274.51" angle="180.00" type="DEFAULT_VEHTYPE" speed="13.87" pos="69.76" lane="3/1to3/2_0" slope="0.00"/>
        <vehicle id="42" x="250.12" y="401.65" angle="-90.00" type="DEFAULT_VEHTYPE" speed="13.20" pos="145.13" lane="2/2to1/2_0" slope="0.00"/>
        <vehicle id="43" x="401.65" y="744.76" angle="180.00" type="DEFAULT_VEHTYPE" speed="13.14" pos="140.01" lane="2/3to2/4_0" slope="0.00"/>
        <vehicle id="44" x="601.65" y="205.73" angle="-151.56" type="DEFAULT_VEHTYPE" speed="6.44" pos="0.98" lane="3/1to3/2_0" slope="0.00"/>
        <vehicle id="45" x="32.05" y="398.35" angle="90.00" type="DEFAULT_VEHTYPE" speed="13.46" pos="32.05" lane="0/2to1/2_0" slope="0.00"/>
        <vehicle id="46" x="191.50" y="401.65" angle="-88.02" type="DEFAULT_VEHTYPE" speed="13.39" pos="3.75" lane="1/2to0/2_0" slope="0.00"/>
        <vehicle id="47" x="601.65" y="741.82" angle="180.00" type="DEFAULT_VEHTYPE" speed="12.65" pos="137.07" lane="3/3to3/4_0" slope="0.00"/>
        <vehicle id="48" x="560.20" y="198.35" angle="90.00" type="DEFAULT_VEHTYPE" speed="12.83" pos="155.45" lane="2/1to3/1_0" slope="0.00"/>
        <vehicle id="49" x="401.50" y="603.68" angle="151.97" type="DEFAULT_VEHTYPE" speed="8.81" pos="9.24" lane=":2/3_14_0" slope="0.00"/>
        <vehicle id="5" x="398.35" y="740.60" angle="0.00" type="DEFAULT_VEHTYPE" speed="13.83" pos="59.40" lane="2/4to2/3_0" slope="0.00"/>
        <vehicle id="6" x="398.35" y="783.32" angle="0.00" type="DEFAULT_VEHTYPE" speed="13.27" pos="16.68" lane="2/4to2/3_0" slope="0.00"/>
        <vehicle id="7" x="210.58" y="401.65" angle="-90.00" type="DEFAULT_VEHTYPE" speed="4.48" pos="184.67" lane="2/2to1/2_0" slope="0.00"/>
        <vehicle id="8" x="398.35" y="111.85" angle="0.00" type="DEFAULT_VEHTYPE" speed="13.85" pos="83.40" lane="2/1to2/0_0" slope="0.00"/>
        <vehicle id="9" x="635.60" y="201.65" angle="-90.00" type="DEFAULT_VEHTYPE" speed="8.63" pos="164.40" lane="4/1to3/1_0" slope="0.00"/>
    </timestep>
    <timestep time="140.00">
        <vehicle id="0" x="679.42" y="601.65" angle="-90.00" type="DEFAULT_VEHTYPE" speed="12.63" pos="120.58" lane="4/3to3/3_0" slope="0.00"/>
        <vehicle id="10" x="401.65" y="141.40" angle="180.00" type="DEFAULT_VEHTYPE" speed="13.37" pos="141.40" lane="2/0to2/1_0" slope="0.00"/>
        <vehicle id="11" x="201.65" y="497.94" angle="180.00" type="DEFAULT_VEHTYPE" speed="13.50" pos="93.19" lane="1/2to1/3_0" slope="0.00"/>
        <vehicle id="15" x="601.65" y="524.02" angle="180.00" type="DEFAULT_VEHTYPE" speed="13.19" pos="119.27" lane="3/2to3/3_0" slope="0.00"/>
        <vehicle id="16" x="201.65" y="449.43" angle="180.00" type="DEFAULT_VEHTYPE" speed="12.60" pos="44.68" lane="1/2to1/3_0" slope="0.00"/>
        <vehicle id="17" x="181.62" y="398.35" angle="90.00" type="DEFAULT_VEHTYPE" speed="9.40" pos="181.62" lane="0/2to1/2_0" slope="0.00"/>
        <vehicle id="18" x="738.64" y="601.65" angle="-90.00" type="DEFAULT_VEHTYPE" speed="13.02" pos="61.36" lane="4/3to3/3_0" slope="0.00"/>
        <vehicle id="2" x="55.14" y="201.65" angle="-90.00" type="DEFAULT_VEHTYPE" speed="13.23" pos="140.11" lane="1/1to0/1_0" slope="0.00"/>
        <vehicle id="24" x="398.35" y="398.36" angle="0.00" type="DEFAULT_VEHTYPE" speed="13.06" pos="6.39" lane=":2/2_1_0" slope="0.00"/>
        <vehicle id="28" x="611.83" y="201.65" angle="-90.00" type="DEFAULT_VEHTYPE" speed="4.23" pos="188.17" lane="4/1to3/1_0" slope="0.00"/>
        <vehicle id="29" x="424.04" y="198.35" angle="90.00" type="DEFAULT_VEHTYPE" speed="13.89" pos="19.29" lane="2/1to3/1_0" slope="0.00"/>
        <vehicle id="3" x="708.91" y="601.65" angle="-90.00" type="DEFAULT_VEHTYPE" speed="13.44" pos="91.09" lane="4/3to3/3_0" slope="0.00"/>
        <vehicle id="33" x="52.74" y="198.35" angle="90.00" type="DEFAULT_VEHTYPE" speed="13.31" pos="52.74" lane="0/1to1/1_0" slope="0.00"/>
        <vehicle id="37" x="401.65" y="731.42" angle="180.00" type="DEFAULT_VEHTYPE" speed="13.06" pos="126.67" lane="2/3to2/4_0" slope="0.00"/>
        <vehicle id="39" x="18.58" y="198.35" angle="90.00" type="DEFAULT_VEHTYPE" speed="12.72" pos="18.58" lane="0/1to1/1_0" slope="0.00"/>
        <vehicle id="40" x="601.65" y="288.27" angle="180.00" type="DEFAULT_VEHTYPE" speed="13.76" pos="83.52" lane="3/1to3/2_0" slope="0.00"/>
        <vehicle id="42" x="238.18" y="401.65" angle="-90.00" type="DEFAULT_VEHTYPE" speed="11.94" pos="157.07" lane="2/2to1/2_0" slope="0.00"/>
        <vehicle id="43" x="401.65" y="757.87" angle="180.00" type="DEFAULT_VEHTYPE" speed="13.11" pos="153.12" lane="2/3to2/4_0" slope="0.00"/>
        <vehicle id="44" x="601.65" y="213.53" angle="180.00" type="DEFAULT_VEHTYPE" speed="7.80" pos="8.78" lane="3/1to3/2_0" slope="0.00"/>
        <vehicle id="45" x="45.55" y="398.35" angle="90.00" type="DEFAULT_VEHTYPE" speed="13.49" pos="45.55" lane="0/2to1/2_0" slope="0.00"/>
        <vehicle id="46" x="178.64" y="401.65" angle="-90.00" type="DEFAULT_VEHTYPE" speed="12.86" pos="16.61" lane="1/2to0/2_0" slope="0.00"/>
        <vehicle id="47" x="601.65" y="754.78" angle="180.00" type="DEFAULT_VEHTYPE" speed="12.96" pos="150.03" lane="3/3to3/4_0" slope="0.00"/>
        <vehicle id="48" x="573.20" y="198.35" angle="90.00" type="DEFAULT_VEHTYPE" speed="13.00" pos="168.45" lane="2/1to3/1_0" slope="0.00"/>
        <vehicle id="49" x="401.65" y="614.66" angle="180.00" type="DEFAULT_VEHTYPE" speed="10.99" pos="9.91" lane="2/3to2/4_0" slope="0.00"/>
        <vehicle id="5" x="398.35" y="727.80" angle="0.00" type="DEFAULT_VEHTYPE" speed="12.80" pos="72.20" lane="2/4to2/3_0" slope="0.00"/>
        <vehicle id="6" x="398.35" y="769.94" angle="0.00" type="DEFAULT_VEHTYPE" speed="13.37" pos="30.06" lane="2/4to2/3_0" slope="0.00"/>
        <vehicle id="7" x="208.54" y="401.65" angle="-90.00" type="DEFAULT_VEHTYPE" speed="2.04" pos="186.71" lane="2/2to1/2_0" slope="0.00"/>
        <vehicle id="8" x="398.35" y="98.27" angle="0.00" type="DEFAULT_VEHTYPE" speed="13.58" pos="96.98" lane="2/1to2/0_0" slope="0.00"/>
        <vehicle id="9" x="626.87" y="201.65" angle="-90.00" type="DEFAULT_VEHTYPE" speed="8.73" pos="173.13" lane="4/1to3/1_0" slope="0.00"/>
    </timestep>
    <timestep time="141.00">
        <vehicle id="0" x="666.33" y="601.65" angle="-90.00" type="DEFAULT_VEHTYPE" speed="13.09" pos="133.67" lane="4/3to3/3_0" slope="0.00"/>
        <vehicle id="10" x="401.65" y="155.29" angle="180.00" type="DEFAULT_VEHTYPE" speed="13.89" pos="155.29" lane="2/0to2/1_0" slope="0.00"/>
        <vehicle id="11" x="201.65" y="511.64" angle="180.00" type="DEFAULT_VEHTYPE" speed="13.70" pos="106.89" lane="1/2to1/3_0" slope="0.00"/>
        <vehicle id="15" x="601.65" y="537.79" angle="180.00" type="DEFAULT_VEHTYPE" speed="13.77" pos="133.04" lane="3/2to3/3_0" slope="0.00"/>
        <vehicle id="16" x="201.65" y="462.09" angle="180.00" type="DEFAULT_VEHTYPE" speed="12.66" pos="57.34" lane="1/2to1/3_0" slope="0.00"/>
        <vehicle id="17" x="187.46" y="398.35" angle="90.00" type="DEFAULT_VEHTYPE" speed="5.84" pos="187.46" lane="0/2to1/2_0" slope="0.00"/>
        <vehicle id="18" x="724.95" y="601.65" angle="-90.00" type="DEFAULT_VEHTYPE" speed="13.69" pos="75.05" lane="4/3to3/3_0" slope="0.00"/>
        <vehicle id="2" x="41.93" y="201.65" angle="-90.00" type="DEFAULT_VEHTYPE" speed="13.21" pos="153.32" lane="1/1to0/1_0" slope="0.00"/>
        <vehicle id="24" x="398.35" y="384.88" angle="0.00" type="DEFAULT_VEHTYPE" speed="13.48" pos="10.37" lane="2/2to2/1_0" slope="0.00"/>
        <vehicle id="28" x="609.22" y="201.65" angle="-90.00" type="DEFAULT_VEHTYPE" speed="2.61" pos="190.78" lane="4/1to3/1_0" slope="0.00"/>
        <vehicle id="29" x="437.46" y="198.35" angle="90.00" type="DEFAULT_VEHTYPE" speed="13.42" pos="32.71" lane="2/1to3/1_0" slope="0.00"/>
        <vehicle id="3" x="695.98" y="601.65" angle="-90.00" type="DEFAULT_VEHTYPE" speed="12.92" pos="104.02" lane="4/3to3/3_0" slope="0.00"/>
        <vehicle id="33" x="65.44" y="198.35" angle="90.00" type="DEFAULT_VEHTYPE" speed="12.70" pos="65.44" lane="0/1to1/1_0" slope="0.00"/>
        <vehicle id="37" x="401.65" y="744.17" angle="180.00" type="DEFAULT_VEHTYPE" speed="12.75" pos="139.42" lane="2/3to2/4_0" slope="0.00"/>
        <vehicle id="39" x="32.00" y="198.35" angle="90.00" type="DEFAULT_VEHTYPE" speed="13.42" pos="32.00" lane="0/1to1/1_0" slope="0.00"/>
        <vehicle id="40" x="601.65" y="301.78" angle="180.00" type="DEFAULT_VEHTYPE" speed="13.51" pos="97.03" lane="3/1to3/2_0" slope="0.00"/>
        <vehicle id="42" x="228.73" y="401.65" angle="-90.00" type="DEFAULT_VEHTYPE" speed="9.45" pos="166.52" lane="2/2to1/2_0" slope="0.00"/>
        <vehicle id="43" x="401.65" y="771.72" angle="180.00" type="DEFAULT_VEHTYPE" speed="13.85" pos="166.97" lane="2/3to2/4_0" slope="0.00"/>
        <vehicle id="44" x="601.65" y="222.66" angle="180.00" type="DEFAULT_VEHTYPE" speed="9.13" pos="17.91" lane="3/1to3/2_0" slope="0.00"/>
        <vehicle id="45" x="58.70" y="398.35" angle="90.00" type="DEFAULT_VEHTYPE" speed="13.15" pos="58.70" lane="0/2to1/2_0" slope="0.00"/>
        <vehicle id="46" x="164.74" y="401.65" angle="-90.00" type="DEFAULT_VEHTYPE" speed="13.89" pos="30.51" lane="1/2to0/2_0" slope="0.00"/>
        <vehicle id="47" x="601.65" y="768.36" angle="180.00" type="DEFAULT_VEHTYPE" speed="13.58" pos="163.61" lane="3/3to3/4_0" slope="0.00"/>
        <vehicle id="48" x="581.76" y="198.35" angle="90.00" type="DEFAULT_VEHTYPE" speed="8.56" pos="177.01" lane="2/1to3/1_0" slope="0.00"/>
        <vehicle id="49" x="401.65" y="628.07" angle="180.00" type="DEFAULT_VEHTYPE" speed="13.42" pos="23.32" lane="2/3to2/4_0" slope="0.00"/>
        <vehicle id="5" x="398.35" y="714.23" angle="0.00" type="DEFAULT_VEHTYPE" speed="13.57" pos="85.77" lane="2/4to2/3_0" slope="0.00"/>
        <vehicle id="6" x="398.35" y="756.53" angle="0.00" type="DEFAULT_VEHTYPE" speed="13.41" pos="43.47" lane="2/4to2/3_0" slope="0.00"/>
        <vehicle id="7" x="204.81" y="401.65" angle="-90.00" type="DEFAULT_VEHTYPE" speed="3.73" pos="190.44" lane="2/2to1/2_0" slope="0.00"/>
        <vehicle id="8" x="398.35" y="84.95" angle="0.00" type="DEFAULT_VEHTYPE" speed="13.32" pos="110.30" lane="2/1to2/0_0" slope="0.00"/>
        <vehicle id="9" x="622.19" y="201.65" angle="-90.00" type="DEFAULT_VEHTYPE" speed="4.68" pos="177.81" lane="4/1to3/1_0" slope="0.00"/>
    </timestep>
    <timestep time="142.00">
        <vehicle id="0" x="653.33" y="601.65" angle="-90.00" type="DEFAULT_VEHTYPE" speed="13.00" pos="146.67" lane="4/3to3/3_0" slope="0.00"/>
        <vehicle id="10" x="401.65" y="168.77" angle="180.00" type="DEFAULT_VEHTYPE" speed="13.48" pos="168.77" lane="2/0to2/1_0" slope="0.00"/>
        <vehicle id="11" x="201.65" y="525.12" angle="180.00" type="DEFAULT_VEHTYPE" speed="13.48" pos="120.37" lane="1/2to1/3_0" slope="0.00"/>
        <vehicle id="15" x="601.65" y="551.52" angle="180.00" type="DEFAULT_VEHTYPE" speed="13.73" pos="146.77" lane="3/2to3/3_0" slope="0.00"/>
        <vehicle id="16" x="201.65" y="474.90" angle="180.00" type="DEFAULT_VEHTYPE" speed="12.82" pos="70.15" lane="1/2to1/3_0" slope="0.00"/>
        <vehicle id="17" x="191.09" y="398.35" angle="90.00" type="DEFAULT_VEHTYPE" speed="3.63" pos="191.09" lane="0/2to1/2_0" slope="0.00"/>
        <vehicle id="18" x="711.68" y="601.65" angle="-90.00" type="DEFAULT_VEHTYPE" speed="13.28" pos="88.32" lane="4/3to3/3_0" slope="0.00"/>
        <vehicle id="2" x="28.16" y="201.65" angle="-90.00" type="DEFAULT_VEHTYPE" speed="13.77" pos="167.09" lane="1/1to0/1_0" slope="0.00"/>
        <vehicle id="24" x="398.35" y="371.30" angle="0.00" type="DEFAULT_VEHTYPE" speed="13.58" pos="23.95" lane="2/2to2/1_0" slope="0.00"/>
        <vehicle id="28" x="604.97" y="201.65" angle="-90.00" type="DEFAULT_VEHTYPE" speed="4.25" pos="195.03" lane="4/1to3/1_0" slope="0.00"/>
        <vehicle id="29" x="450.96" y="198.35" angle="90.00" type="DEFAULT_VEHTYPE" speed="13.50" pos="46.21" lane="2/1to3/1_0" slope="0.00"/>
        <vehicle id="3" x="683.04" y="601.65" angle="-90.00" type="DEFAULT_VEHTYPE" speed="12.94" pos="116.96" lane="4/3to3/3_0" slope="0.00"/>
        <vehicle id="33" x="78.10" y="198.35" angle="90.00" type="DEFAULT_VEHTYPE" speed="12.66" pos="78.10" lane="0/1to1/1_0" slope="0.00"/>
        <vehicle id="37" x="401.65" y="757.23" angle="180.00" type="DEFAULT_VEHTYPE" speed="13.06" pos="152.48" lane="2/3to2/4_0" slope="0.00"/>
        <vehicle id="39" x="44.85" y="198.35" angle="90.00" type="DEFAULT_VEHTYPE" speed="12.85" pos="44.85" lane="0/1to1/1_0" slope="0.00"/>
        <vehicle id="40" x="601.65" y="315.13" angle="180.00" type="DEFAULT_VEHTYPE" speed="13.34" pos="110.38" lane="3/1to3/2_0" slope="0.00"/>
        <vehicle id="42" x="220.76" y="401.65" angle="-90.00" type="DEFAULT_VEHTYPE" speed="7.97" pos="174.49" lane="2/2to1/2_0" slope="0.00"/>
        <vehicle id="43" x="401.65" y="785.28" angle="180.00" type="DEFAULT_VEHTYPE" speed="13.56" pos="180.53" lane="2/3to2/4_0" slope="0.00"/>
        <vehicle id="44" x="601.65" y="233.47" angle="180.00" type="DEFAULT_VEHTYPE" speed="10.81" pos="28.72" lane="3/1to3/2_0" slope="0.00"/>
        <vehicle id="45" x="72.11" y="398.35" angle="90.00" type="DEFAULT_VEHTYPE" speed="13.41" pos="72.11" lane="0/2to1/2_0" slope="0.00"/>
        <vehicle id="46" x="151.61" y="401.65" angle="-90.00" type="DEFAULT_VEHTYPE" speed="13.14" pos="43.64" lane="1/2to0/2_0" slope="0.00"/>
        <vehicle id="47" x="601.65" y="781.90" angle="180.00" type="DEFAULT_VEHTYPE" speed="13.54" pos="177.15" lane="3/3to3/4_0" slope="0.00"/>
        <vehicle id="48" x="587.30" y="198.35" angle="90.00" type="DEFAULT_VEHTYPE" speed="5.54" pos="182.55" lane="2/1to3/1_0" slope="0.00"/>
        <vehicle id="49" x="401.65" y="640.70" angle="180.00" type="DEFAULT_VEHTYPE" speed="12.63" pos="35.95" lane="2/3to2/4_0" slope="0.00"/>
        <vehicle id="5" x="398.35" y="701.35" angle="0.00" type="DEFAULT_VEHTYPE" speed="12.88" pos="98.65" lane="2/4to2/3_0" slope="0.00"/>
        <vehicle id="6" x="398.35" y="743.51" angle="0.00" type="DEFAULT_VEHTYPE" speed="13.02" pos="56.49" lane="2/4to2/3_0" slope="0.00"/>
        <vehicle id="7" x="199.41" y="401.65" angle="-90.00" type="DEFAULT_VEHTYPE" speed="5.39" pos="5.34" lane=":1/2_5_0" slope="0.00"/>
        <vehicle id="8" x="398.35" y="71.21" angle="0.00" type="DEFAULT_VEHTYPE" speed="13.74" pos="124.04" lane="2/1to2/0_0" slope="0.00"/>
        <vehicle id="9" x="619.50" y="201.65" angle="-90.00" type="DEFAULT_VEHTYPE" speed="2.70" pos="180.50" lane="4/1to3/1_0" slope="0.00"/>
    </timestep>
    <timestep time="143.00">
        <vehicle id="0" x="639.52" y="601.65" angle="-90.00" type="DEFAULT_VEHTYPE" speed="13.80" pos="160.48" lane="4/3to3/3_0" slope="0.00"/>
        <vehicle id="10" x="401.65" y="181.95" angle="180.00" type="DEFAULT_VEHTYPE" speed="13.17" pos="181.95" lane="2/0to2/1_0" slope="0.00"/>
        <vehicle id="11" x="201.65" y="538.91" angle="180.00" type="DEFAULT_VEHTYPE" speed="13.80" pos="134.16" lane="1/2to1/3_0" slope="0.00"/>
        <vehicle id="15" x="601.65" y="564.78" angle="180.00" type="DEFAULT_VEHTYPE" speed="13.26" pos="160.03" lane="3/2to3/3_0" slope="0.00"/>
        <vehicle id="16" x="201.65" y="488.49" angle="180.00" type="DEFAULT_VEHTYPE" speed="13.58" pos="83.74" lane="1/2to1/3_0" slope="0.00"/>
        <vehicle id="17" x="192.13" y="398.35" angle="90.00" type="DEFAULT_VEHTYPE" speed="1.03" pos="192.13" lane="0/2to1/2_0" slope="0.00"/>
        <vehicle id="18" x="699.08" y="601.65" angle="-90.00" type="DEFAULT_VEHTYPE" speed="12.60" pos="100.92" lane="4/3to3/3_0" slope="0.00"/>
        <vehicle id="2" x="15.28" y="201.65" angle="-90.00" type="DEFAULT_VEHTYPE" speed="12.88" pos="179.97" lane="1/1to0/1_0" slope="0.00"/>
        <vehicle id="24" x="398.35" y="357.40" angle="0.00" type="DEFAULT_VEHTYPE" speed="13.90" pos="37.85" lane="2/2to2/1_0" slope="0.00"/>
        <vehicle id="28" x="601.65" y="205.98" angle="-155.69" type="DEFAULT_VEHTYPE" speed="6.46" pos="1.23" lane="3/1to3/2_0" slope="0.00"/>
        <vehicle id="29" x="464.29" y="198.35" angle="90.00" type="DEFAULT_VEHTYPE" speed="13.33" pos="59.54" lane="2/1to3/1_0" slope="0.00"/>
        <vehicle id="3" x="669.20" y="601.65" angle="-90.00" type="DEFAULT_VEHTYPE" speed="13.84" pos="130.80" lane="4/3to3/3_0" slope="0.00"/>
        <vehicle id="33" x="91.28" y="198.35" angle="90.00" type="DEFAULT_VEHTYPE" speed="13.18" pos="91.28" lane="0/1to1/1_0" slope="0.00"/>
        <vehicle id="37" x="401.65" y="770.06" angle="180.00" type="DEFAULT_VEHTYPE" speed="12.83" pos="165.31" lane="2/3to2/4_0" slope="0.00"/>
        <vehicle id="39" x="58.31" y="198.35" angle="90.00" type="DEFAULT_VEHTYPE" speed="13.46" pos="58.31" lane="0/1to1/1_0" slope="0.00"/>
        <vehicle id="40" x="601.65" y="327.76" angle="180.00" type="DEFAULT_VEHTYPE" speed="12.63" pos="123.01" lane="3/1to3/2_0" slope="0.00"/>
        <vehicle id="42" x="214.44" y="401.65" angle="-90.00" type="DEFAULT_VEHTYPE" speed="6.32" pos="180.81" lane="2/2to1/2_0" slope="0.00"/>
        <vehicle id="43" x="401.65" y="798.14" angle="180.00" type="DEFAULT_VEHTYPE" speed="12.86" pos="193.39" lane="2/3to2/4_0" slope="0.00"/>
        <vehicle id="44" x="601.65" y="246.28" angle="180.00" type="DEFAULT_VEHTYPE" speed="12.81" pos="41.53" lane="3/1to3/2_0" slope="0.00"/>
        <vehicle id="45" x="85.35" y="398.35" angle="90.00" type="DEFAULT_VEHTYPE" speed="13.23" pos="85.35" lane="0/2to1/2_0" slope="0.00"/>
        <vehicle id="46" x="138.61" y="401.65" angle="-90.00" type="DEFAULT_VEHTYPE" speed="12.99" pos="56.64" lane="1/2to0/2_0" slope="0.00"/>
        <vehicle id="47" x="601.65" y="794.71" angle="180.00" type="DEFAULT_VEHTYPE" speed="12.82" pos="189.96" lane="3/3to3/4_0" slope="0.00"/>
        <vehicle id="48" x="589.90" y="198.35" angle="90.00" type="DEFAULT_VEHTYPE" speed="2.59" pos="185.15" lane="2/1to3/1_0" slope="0.00"/>
        <vehicle id="49" x="401.65" y="654.32" angle="180.00" type="DEFAULT_VEHTYPE" speed="13.62" pos="49.57" lane="2/3to2/4_0" slope="0.00"/>
        <vehicle id="5" x="398.35" y="687.99" angle="0.00" type="DEFAULT_VEHTYPE" speed="13.37" pos="112.01" lane="2/4to2/3_0" slope="0.00"/>
        <vehicle id="6" x="398.35" y="730.49" angle="0.00" type="DEFAULT_VEHTYPE" speed="13.02" pos="69.51" lane="2/4to2/3_0" slope="0.00"/>
        <vehicle id="7" x="192.69" y="401.65" angle="-90.00" type="DEFAULT_VEHTYPE" speed="6.73" pos="2.56" lane="1/2to0/2_0" slope="0.00"/>
        <vehicle id="8" x="398.35" y="57.47" angle="0.00" type="DEFAULT_VEHTYPE" speed="13.74" pos="137.78" lane="2/1to2/0_0" slope="0.00"/>
        <vehicle id="9" x="615.26" y="201.65" angle="-90.00" type="DEFAULT_VEHTYPE" speed="4.24" pos="184.74" lane="4/1to3/1_0" slope="0.00"/>
    </timestep>
    <timestep time="144.00">
        <vehicle id="0" x="627.13" y="601.65" angle="-90.00" type="DEFAULT_VEHTYPE" speed="12.39" pos="172.87" lane="4/3to3/3_0" slope="0.00"/>
        <vehicle id="10" x="401.65" y="195.24" angle="180.00" type="DEFAULT_VEHTYPE" speed="13.30" pos="195.24" lane="2/0to2/1_0" slope="0.00"/>
        <vehicle id="11" x="201.65" y="552.42" angle="180.00" type="DEFAULT_VEHTYPE" speed="13.51" pos="147.67" lane="1/2to1/3_0" slope="0.00"/>
        <vehicle id="15" x="601.65" y="577.64" angle="180.00" type="DEFAULT_VEHTYPE" speed="12.86" pos="172.89" lane="3/2to3/3_0" slope="0.00"/>
        <vehicle id="16" x="201.65" y="501.26" angle="180.00" type="DEFAULT_VEHTYPE" speed="12.77" pos="96.51" lane="1/2to1/3_0" slope="0.00"/>
        <vehicle id="17" x="192.62" y="398.35" angle="90.00" type="DEFAULT_VEHTYPE" speed="0.50" pos="192.62" lane="0/2to1/2_0" slope="0.00"/>
        <vehicle id="18" x="685.52" y="601.65" angle="-90.00" type="DEFAULT_VEHTYPE" speed="13.55" pos="114.48" lane="4/3to3/3_0" slope="0.00"/>
        <vehicle id="2" x="1.86" y="201.65" angle="-90.00" type="DEFAULT_VEHTYPE" speed="13.42" pos="193.39" lane="1/1to0/1_0" slope="0.00"/>
        <vehicle id="24" x="398.35" y="344.33" angle="0.00" type="DEFAULT_VEHTYPE" speed="13.06" pos="50.92" lane="2/2to2/1_0" slope="0.00"/>
        <vehicle id="28" x="601.65" y="214.04" angle="180.00" type="DEFAULT_VEHTYPE" speed="8.05" pos="9.29" lane="3/1to3/2_0" slope="0.00"/>
        <vehicle id="29" x="477.42" y="198.35" angle="90.00" type="DEFAULT_VEHTYPE" speed="13.13" pos="72.67" lane="2/1to3/1_0" slope="0.00"/>
        <vehicle id="3" x="656.36" y="601.65" angle="-90.00" type="DEFAULT_VEHTYPE" speed="12.84" pos="143.64" lane="4/3to3/3_0" slope="0.00"/>
        <vehicle id="33" x="104.09" y="198.35" angle="90.00" type="DEFAULT_VEHTYPE" speed="12.82" pos="104.09" lane="0/1to1/1_0" slope="0.00"/>
        <vehicle id="37" x="401.65" y="783.34" angle="180.00" type="DEFAULT_VEHTYPE" speed="13.28" pos="178.59" lane="2/3to2/4_0" slope="0.00"/>
        <vehicle id="39" x="71.82" y="198.35" angle="90.00" type="DEFAULT_VEHTYPE" speed="13.51" pos="71.82" lane="0/1to1/1_0" slope="0.00"/>
        <vehicle id="40" x="601.65" y="341.36" angle="180.00" type="DEFAULT_VEHTYPE" speed="13.61" pos="136.61" lane="3/1to3/2_0" slope="0.00"/>
        <vehicle id="42" x="210.77" y="401.65" angle="-90.00" type="DEFAULT_VEHTYPE" speed="3.67" pos="184.48" lane="2/2to1/2_0" slope="0.00"/>
        <vehicle id="43" x="398.35" y="793.00" angle="0.00" type="DEFAULT_VEHTYPE" speed="13.69" pos="7.00" lane="2/4to2/3_0" slope="0.00"/>
        <vehicle id="44" x="601.65" y="259.87" angle="180.00" type="DEFAULT_VEHTYPE" speed="13.59" pos="55.12" lane="3/1to3/2_0" slope="0.00"/>
        <vehicle id="45" x="99.03" y="398.35" angle="90.00" type="DEFAULT_VEHTYPE" speed="13.68" pos="99.03" lane="0/2to1/2_0" slope="0.00"/>
        <vehicle id="46" x="125.88" y="401.65" angle="-90.00" type="DEFAULT_VEHTYPE" speed="12.73" pos="69.37" lane="1/2to0/2_0" slope="0.00"/>
        <vehicle id="47" x="598.35" y="796.68" angle="-12.09" type="DEFAULT_VEHTYPE" speed="13.43" pos="3.32" lane="3/4to3/3_0" slope="0.00"/>
        <vehicle id="48" x="591.63" y="198.35" angle="90.00" type="DEFAULT_VEHTYPE" speed="1.73" pos="186.88" lane="2/1to3/1_0" slope="0.00"/>
        <vehicle id="49" x="401.65" y="667.18" angle="180.00" type="DEFAULT_VEHTYPE" speed="12.85" pos="62.43" lane="2/3to2/4_0" slope="0.00"/>
        <vehicle id="5" x="398.35" y="674.53" angle="0.00" type="DEFAULT_VEHTYPE" speed="13.45" pos="125.47" lane="2/4to2/3_0" slope="0.00"/>
        <vehicle id="6" x="398.35" y="717.64" angle="0.00" type="DEFAULT_VEHTYPE" speed="12.85" pos="82.36" lane="2/4to2/3_0" slope="0.00"/>
        <vehicle id="7" x="183.76" y="401.65" angle="-90.00" type="DEFAULT_VEHTYPE" speed="8.93" pos="11.49" lane="1/2to0/2_0" slope="0.00"/>
        <vehicle id="8" x="398.35" y="44.07" angle="0.00" type="DEFAULT_VEHTYPE" speed="13.40" pos="151.18" lane="2/1to2/0_0" slope="0.00"/>
        <vehicle id="9" x="611.35" y="201.65" angle="-90.00" type="DEFAULT_VEHTYPE" speed="3.90" pos="188.65" lane="4/1to3/1_0" slope="0.00"/>
    </timestep>
    <timestep time="145.00">
        <vehicle id="0" x="618.48" y="601.65" angle="-90.00" type="DEFAULT_VEHTYPE" speed="8.66" pos="181.52" lane="4/3to3/3_0" slope="0.00"/>
        <vehicle id="10" x="413.12" y="198.35" angle="90.00" type="DEFAULT_VEHTYPE" speed="13.38" pos="8.37" lane="2/1to3/1_0" slope="0.00"/>
        <vehicle id="11" x="201.65" y="565.43" angle="180.00" type="DEFAULT_VEHTYPE" speed="13.01" pos="160.68" lane="1/2to1/3_0" slope="0.00"/>
        <vehicle id="15" x="601.65" y="590.60" angle="180.00" type="DEFAULT_VEHTYPE" speed="12.96" pos="185.85" lane="3/2to3/3_0" slope="0.00"/>
        <vehicle id="16" x="201.65" y="513.97" angle="180.00" type="DEFAULT_VEHTYPE" speed="12.71" pos="109.22" lane="1/2to1/3_0" slope="0.00"/>
        <vehicle id="17" x="192.73" y="398.35" angle="90.00" type="DEFAULT_VEHTYPE" speed="0.10" pos="192.73" lane="0/2to1/2_0" slope="0.00"/>
        <vehicle id="18" x="671.89" y="601.65" angle="-90.00" type="DEFAULT_VEHTYPE" speed="13.63" pos="128.11" lane="4/3to3/3_0" slope="0.00"/>
        <vehicle id="2" x="6.95" y="198.35" angle="90.00" type="DEFAULT_VEHTYPE" speed="13.63" pos="6.95" lane="0/1to1/1_0" slope="0.00"/>
        <vehicle id="24" x="398.35" y="330.56" angle="0.00" type="DEFAULT_VEHTYPE" speed="13.78" pos="64.69" lane="2/2to2/1_0" slope="0.00"/>
        <vehicle id="28" x="601.65" y="223.60" angle="180.00" type="DEFAULT_VEHTYPE" speed="9.57" pos="18.85" lane="3/1to3/2_0" slope="0.00"/>
        <vehicle id="29" x="490.64" y="198.35" angle="90.00" type="DEFAULT_VEHTYPE" speed="13.22" pos="85.89" lane="2/1to3/1_0" slope="0.00"/>
        <vehicle id="3" x="642.69" y="601.65" angle="-90.00" type="DEFAULT_VEHTYPE" speed="13.67" pos="157.31" lane="4/3to3/3_0" slope="0.00"/>
        <vehicle id="33" x="116.81" y="198.35" angle="90.00" type="DEFAULT_VEHTYPE" speed="12.72" pos="116.81" lane="0/1to1/1_0" slope="0.00"/>
        <vehicle id="37" x="401.65" y="796.14" angle="180.00" type="DEFAULT_VEHTYPE" speed="12.80" pos="191.39" lane="2/3to2/4_0" slope="0.00"/>
        <vehicle id="39" x="85.31" y="198.35" angle="90.00" type="DEFAULT_VEHTYPE" speed="13.49" pos="85.31" lane="0/1to1/1_0" slope="0.00"/>
        <vehicle id="40" x="601.65" y="355.13" angle="180.00" type="DEFAULT_VEHTYPE" speed="13.76" pos="150.38" lane="3/1to3/2_0" slope="0.00"/>
        <vehicle id="42" x="204.82" y="401.65" angle="-90.00" type="DEFAULT_VEHTYPE" speed="5.95" pos="190.43" lane="2/2to1/2_0" slope="0.00"/>
        <vehicle id="43" x="398.35" y="780.17" angle="0.00" type="DEFAULT_VEHTYPE" speed="12.82" pos="19.83" lane="2/4to2/3_0" slope="0.00"/>
        <vehicle id="44" x="601.65" y="272.68" angle="180.00" type="DEFAULT_VEHTYPE" speed="12.81" pos="67.93" lane="3/1to3/2_0" slope="0.00"/>
        <vehicle id="45" x="111.80" y="398.35" angle="90.00" type="DEFAULT_VEHTYPE" speed="12.77" pos="111.80" lane="0/2to1/2_0" slope="0.00"/>
        <vehicle id="46" x="112.30" y="401.65" angle="-90.00" type="DEFAULT_VEHTYPE" speed="13.58" pos="82.95" lane="1/2to0/2_0" slope="0.00"/>
        <vehicle id="47" x="598.35" y="784.03" angle="0.00" type="DEFAULT_VEHTYPE" speed="12.65" pos="15.97" lane="3/4to3/3_0" slope="0.00"/>
        <vehicle id="48" x="592.34" y="198.35" angle="90.00" type="DEFAULT_VEHTYPE" speed="0.71" pos="187.59" lane="2/1to3/1_0" slope="0.00"/>
        <vehicle id="49" x="401.65" y="679.94" angle="180.00" type="DEFAULT_VEHTYPE" speed="12.76" pos="75.19" lane="2/3to2/4_0" slope="0.00"/>
        <vehicle id="5" x="398.35" y="661.93" angle="0.00" type="DEFAULT_VEHTYPE" speed="12.61" pos="138.07" lane="2/4to2/3_0" slope="0.00"/>
        <vehicle id="6" x="398.35" y="704.01" angle="0.00" type="DEFAULT_VEHTYPE" speed="13.63" pos="95.99" lane="2/4to2/3_0" slope="0.00"/>
        <vehicle id="7" x="172.59" y="401.65" angle="-90.00" type="DEFAULT_VEHTYPE" speed="11.17" pos="22.66" lane="1/2to0/2_0" slope="0.00"/>
        <vehicle id="8" x="398.35" y="30.28" angle="0.00" type="DEFAULT_VEHTYPE" speed="13.79" pos="164.97" lane="2/1to2/0_0" slope="0.00"/>
        <vehicle id="9" x="605.09" y="201.65" angle="-90.00" type="DEFAULT_VEHTYPE" speed="6.26" pos="194.91" lane="4/1to3/1_0" slope="0.00"/>
    </timestep>
    <timestep time="146.00">
        <vehicle id="0" x="612.54" y="601.65" angle="-90.00" type="DEFAULT_VEHTYPE" speed="5.93" pos="187.46" lane="4/3to3/3_0" slope="0.00"/>
        <vehicle id="10" x="426.34" y="198.35" angle="90.00" type="DEFAULT_VEHTYPE" speed="13.22" pos="21.59" lane="2/1to3/1_0" slope="0.00"/>
        <vehicle id="11" x="201.65" y="579.01" angle="180.00" type="DEFAULT_VEHTYPE" speed="13.58" pos="174.26" lane="1/2to1/3_0" slope="0.00"/>
        <vehicle id="15" x="608.03" y="598.35" angle="94.27" type="DEFAULT_VEHTYPE" speed="12.94" pos="3.28" lane="3/3to4/3_0" slope="0.00"/>
        <vehicle id="16" x="201.65" y="527.71" angle="180.00" type="DEFAULT_VEHTYPE" speed="13.74" pos="122.96" lane="1/2to1/3_0" slope="0.00"/>
        <vehicle id="17" x="192.75" y="398.35" angle="90.00" type="DEFAULT_VEHTYPE" speed="0.02" pos="192.75" lane="0/2to1/2_0" slope="0.00"/>
        <vehicle id="18" x="658.68" y="601.65" angle="-90.00" type="DEFAULT_VEHTYPE" speed="13.21" pos="141.32" lane="4/3to3/3_0" slope="0.00"/>
        <vehicle id="2" x="20.08" y="198.35" angle="90.00" type="DEFAULT_VEHTYPE" speed="13.13" pos="20.08" lane="0/1to1/1_0" slope="0.00"/>
        <vehicle id="24" x="398.35" y="316.94" angle="0.00" type="DEFAULT_VEHTYPE" speed="13.62" pos="78.31" lane="2/2to2/1_0" slope="0.00"/>
        <vehicle id="28" x="601.65" y="234.77" angle="180.00" type="DEFAULT_VEHTYPE" speed="11.17" pos="30.02" lane="3/1to3/2_0" slope="0.00"/>
        <vehicle id="29" x="503.32" y="198.35" angle="90.00" type="DEFAULT_VEHTYPE" speed="12.68" pos="98.57" lane="2/1to3/1_0" slope="0.00"/>
        <vehicle id="3" x="632.04" y="601.65" angle="-90.00" type="DEFAULT_VEHTYPE" speed="10.65" pos="167.96" lane="4/3to3/3_0" slope="0.00"/>
        <vehicle id="33" x="129.99" y="198.35" angle="90.00" type="DEFAULT_VEHTYPE" speed="13.18" pos="129.99" lane="0/1to1/1_0" slope="0.00"/>
        <vehicle id="37" x="398.35" y="794.95" angle="0.00" type="DEFAULT_VEHTYPE" speed="13.72" pos="5.05" lane="2/4to2/3_0" slope="0.00"/>
        <vehicle id="39" x="99.13" y="198.35" angle="90.00" type="DEFAULT_VEHTYPE" speed="13.82" pos="99.13" lane="0/1to1/1_0" slope="0.00"/>
        <vehicle id="40" x="601.65" y="368.54" angle="180.00" type="DEFAULT_VEHTYPE" speed="13.41" pos="163.79" lane="3/1to3/2_0" slope="0.00"/>
        <vehicle id="42" x="196.71" y="401.65" angle="-90.00" type="DEFAULT_VEHTYPE" speed="8.11" pos="8.04" lane=":1/2_5_0" slope="0.00"/>
        <vehicle id="43" x="398.35" y="766.49" angle="0.00" type="DEFAULT_VEHTYPE" speed="13.68" pos="33.51" lane="2/4to2/3_0" slope="0.00"/>
        <vehicle id="44" x="601.65" y="286.19" angle="180.00" type="DEFAULT_VEHTYPE" speed="13.51" pos="81.44" lane="3/1to3/2_0" slope="0.00"/>
        <vehicle id="45" x="124.90" y="398.35" angle="90.00" type="DEFAULT_VEHTYPE" speed="13.10" pos="124.90" lane="0/2to1/2_0" slope="0.00"/>
        <vehicle id="46" x="98.76" y="401.65" angle="-90.00" type="DEFAULT_VEHTYPE" speed="13.54" pos="96.49" lane="1/2to0/2_0" slope="0.00"/>
        <vehicle id="47" x="598.35" y="770.33" angle="0.00" type="DEFAULT_VEHTYPE" speed="13.69" pos="29.67" lane="3/4to3/3_0" slope="0.00"/>
        <vehicle id="48" x="592.62" y="198.35" angle="90.00" type="DEFAULT_VEHTYPE" speed="0.28" pos="187.87" lane="2/1to3/1_0" slope="0.00"/>
        <vehicle id="49" x="401.65" y="692.55" angle="180.00" type="DEFAULT_VEHTYPE" speed="12.61" pos="87.80" lane="2/3to2/4_0" slope="0.00"/>
        <vehicle id="5" x="398.35" y="648.68" angle="0.00" type="DEFAULT_VEHTYPE" speed="13.24" pos="151.32" lane="2/4to2/3_0" slope="0.00"/>
        <vehicle id="6" x="398.35" y="690.49" angle="0.00" type="DEFAULT_VEHTYPE" speed="13.52" pos="109.51" lane="2/4to2/3_0" slope="0.00"/>
        <vehicle id="7" x="158.91" y="401.65" angle="-90.00" type="DEFAULT_VEHTYPE" speed="13.68" pos="36.34" lane="1/2to0/2_0" slope="0.00"/>
        <vehicle id="8" x="398.35" y="17.44" angle="0.00" type="DEFAULT_VEHTYPE" speed="12.84" pos="177.81" lane="2/1to2/0_0" slope="0.00"/>
        <vehicle id="9" x="601.65" y="208.01" angle="-175.55" type="DEFAULT_VEHTYPE" speed="8.60" pos="3.26" lane="3/1to3/2_0" slope="0.00"/>
    </timestep>
    <timestep time="147.00">
        <vehicle id="0" x="609.79" y="601.65" angle="-90.00" type="DEFAULT_VEHTYPE" speed="2.75" pos="190.21" lane="4/3to3/3_0" slope="0.00"/>
        <vehicle id="10" x="440.08" y="198.35" angle="90.00" type="DEFAULT_VEHTYPE" speed="13.74" pos="35.33" lane="2/1to3/1_0" slope="0.00"/>
        <vehicle id="11" x="201.65" y="592.76" angle="180.00" type="DEFAULT_VEHTYPE" speed="13.75" pos="188.01" lane="1/2to1/3_0" slope="0.00"/>
        <vehicle id="15" x="621.49" y="598.35" angle="90.00" type="DEFAULT_VEHTYPE" speed="13.45" pos="16.74" lane="3/3to4/3_0" slope="0.00"/>
        <vehicle id="16" x="201.65" y="540.95" angle="180.00" type="DEFAULT_VEHTYPE" speed="13.24" pos="136.20" lane="1/2to1/3_0" slope="0.00"/>
        <vehicle id="17" x="192.75" y="398.35" angle="90.00" type="DEFAULT_VEHTYPE" speed="0.00" pos="192.75" lane="0/2to1/2_0" slope="0.00"/>
        <vehicle id="18" x="646.29" y="601.65" angle="-90.00" type="DEFAULT_VEHTYPE" speed="12.39" pos="153.71" lane="4/3to3/3_0" slope="0.00"/>
        <vehicle id="2" x="33.40" y="198.35" angle="90.00" type="DEFAULT_VEHTYPE" speed="13.32" pos="33.40" lane="0/1to1/1_0" slope="0.00"/>
        <vehicle id="24" x="398.35" y="303.26" angle="0.00" type="DEFAULT_VEHTYPE" speed="13.68" pos="91.99" lane="2/2to2/1_0" slope="0.00"/>
        <vehicle id="28" x="601.65" y="247.36" angle="180.00" type="DEFAULT_VEHTYPE" speed="12.59" pos="42.61" lane="3/1to3/2_0" slope="0.00"/>
        <vehicle id="29" x="517.11" y="198.35" angle="90.00" type="DEFAULT_VEHTYPE" speed="13.79" pos="112.36" lane="2/1to3/1_0" slope="0.00"/>
        <vehicle id="3" x="624.23" y="601.65" angle="-90.00" type="DEFAULT_VEHTYPE" speed="7.81" pos="175.77" lane="4/3to3/3_0" slope="0.00"/>
        <vehicle id="33" x="143.78" y="198.35" angle="90.00" type="DEFAULT_VEHTYPE" speed="13.79" pos="143.78" lane="0/1to1/1_0" slope="0.00"/>
        <vehicle id="37" x="398.35" y="782.32" angle="0.00" type="DEFAULT_VEHTYPE" speed="12.63" pos="17.68" lane="2/4to2/3_0" slope="0.00"/>
        <vehicle id="39" x="112.28" y="198.35" angle="90.00" type="DEFAULT_VEHTYPE" speed="13.15" pos="112.28" lane="0/1to1/1_0" slope="0.00"/>
        <vehicle id="40" x="601.65" y="378.26" angle="180.00" type="DEFAULT_VEHTYPE" speed="9.72" pos="173.51" lane="3/1to3/2_0" slope="0.00"/>
        <vehicle id="42" x="186.93" y="401.65" angle="-90.00" type="DEFAULT_VEHTYPE" speed="9.79" pos="8.32" lane="1/2to0/2_0" slope="0.00"/>
        <vehicle id="43" x="398.35" y="753.05" angle="0.00" type="DEFAULT_VEHTYPE" speed="13.45" pos="46.95" lane="2/4to2/3_0" slope="0.00"/>
        <vehicle id="44" x="601.65" y="299.38" angle="180.00" type="DEFAULT_VEHTYPE" speed="13.19" pos="94.63" lane="3/1to3/2_0" slope="0.00"/>
        <vehicle id="45" x="137.77" y="398.35" angle="90.00" type="DEFAULT_VEHTYPE" speed="12.87" pos="137.77" lane="0/2to1/2_0" slope="0.00"/>
        <vehicle id="46" x="85.29" y="401.65" angle="-90.00" type="DEFAULT_VEHTYPE" speed="13.47" pos="109.96" lane="1/2to0/2_0" slope="0.00"/>
        <vehicle id="47" x="598.35" y="756.62" angle="0.00" type="DEFAULT_VEHTYPE" speed="13.71" pos="43.38" lane="3/4to3/3_0" slope="0.00"/>
        <vehicle id="48" x="592.71" y="198.35" angle="90.00" type="DEFAULT_VEHTYPE" speed="0.09" pos="187.96" lane="2/1to3/1_0" slope="0.00"/>
        <vehicle id="49" x="401.65" y="705.34" angle="180.00" type="DEFAULT_VEHTYPE" speed="12.79" pos="100.59" lane="2/3to2/4_0" slope="0.00"/>
        <vehicle id="5" x="398.35" y="635.88" angle="0.00" type="DEFAULT_VEHTYPE" speed="12.80" pos="164.12" lane="2/4to2/3_0" slope="0.00"/>
        <vehicle id="6" x="398.35" y="677.59" angle="0.00" type="DEFAULT_VEHTYPE" speed="12.90" pos="122.41" lane="2/4to2/3_0" slope="0.00"/>
        <vehicle id="7" x="145.21" y="401.65" angle="-90.00" type="DEFAULT_VEHTYPE" speed="13.70" pos="50.04" lane="1/2to0/2_0" slope="0.00"/>
        <vehicle id="8" x="398.35" y="3.74" angle="0.00" type="DEFAULT_VEHTYPE" speed="13.70" pos="191.51" lane="2/1to2/0_0" slope="0.00"/>
        <vehicle id="9" x="601.65" y="219.00" angle="180.00" type="DEFAULT_VEHTYPE" speed="11.00" pos="14.25" lane="3/1to3/2_0" slope="0.00"/>
    </timestep>
    <timestep time="148.00">
        <vehicle id="0" x="605.47" y="601.65" angle="-90.00" type="DEFAULT_VEHTYPE" speed="4.32" pos="194.53" lane="4/3to3/3_0" slope="0.00"/>
        <vehicle id="10" x="453.40" y="198.35" angle="90.00" type="DEFAULT_VEHTYPE" speed="13.32" pos="48.65" lane="2/1to3/1_0" slope="0.00"/>
        <vehicle id="11" x="211.06" y="598.35" angle="90.00" type="DEFAULT_VEHTYPE" speed="13.81" pos="6.31" lane="1/3to2/3_0" slope="0.00"/>
        <vehicle id="15" x="634.71" y="598.35" angle="90.00" type="DEFAULT_VEHTYPE" speed="13.22" pos="29.96" lane="3/3to4/3_0" slope="0.00"/>
        <vehicle id="16" x="201.65" y="554.81" angle="180.00" type="DEFAULT_VEHTYPE" speed="13.86" pos="150.06" lane="1/2to1/3_0" slope="0.00"/>
        <vehicle id="17" x="195.22" y="398.35" angle="90.00" type="DEFAULT_VEHTYPE" speed="2.47" pos="195.22" lane="0/2to1/2_0" slope="0.00"/>
        <vehicle id="18" x="636.00" y="601.65" angle="-90.00" type="DEFAULT_VEHTYPE" speed="10.30" pos="164.00" lane="4/3to3/3_0" slope="0.00"/>
        <vehicle id="2" x="46.11" y="198.35" angle="90.00" type="DEFAULT_VEHTYPE" speed="12.71" pos="46.11" lane="0/1to1/1_0" slope="0.00"/>
        <vehicle id="24" x="398.35" y="290.35" angle="0.00" type="DEFAULT_VEHTYPE" speed="12.91" pos="104.90" lane="2/2to2/1_0" slope="0.00"/>
        <vehicle id="28" x="601.65" y="261.18" angle="180.00" type="DEFAULT_VEHTYPE" speed="13.82" pos="56.43" lane="3/1to3/2_0" slope="0.00"/>
        <vehicle id="29" x="530.09" y="198.35" angle="90.00" type="DEFAULT_VEHTYPE" speed="12.98" pos="125.34" lane="2/1to3/1_0" slope="0.00"/>
        <vehicle id="3" x="620.07" y="601.65" angle="-90.00" type="DEFAULT_VEHTYPE" speed="4.16" pos="179.93" lane="4/3to3/3_0" slope="0.00"/>
        <vehicle id="33" x="157.36" y="198.35" angle="90.00" type="DEFAULT_VEHTYPE" speed="13.58" pos="157.36" lane="0/1to1/1_0" slope="0.00"/>
        <vehicle id="37" x="398.35" y="769.65" angle="0.00" type="DEFAULT_VEHTYPE" speed="12.68" pos="30.35" lane="2/4to2/3_0" slope="0.00"/>
        <vehicle id="39" x="125.63" y="198.35" angle="90.00" type="DEFAULT_VEHTYPE" speed="13.35" pos="125.63" lane="0/1to1/1_0" slope="0.00"/>
        <vehicle id="40" x="601.65" y="385.49" angle="180.00" type="DEFAULT_VEHTYPE" speed="7.23" pos="180.74" lane="3/1to3/2_0" slope="0.00"/>
        <vehicle id="42" x="174.73" y="401.65" angle="-90.00" type="DEFAULT_VEHTYPE" speed="12.20" pos="20.52" lane="1/2to0/2_0" slope="0.00"/>
        <vehicle id="43" x="398.35" y="739.26" angle="0.00" type="DEFAULT_VEHTYPE" speed="13.78" pos="60.74" lane="2/4to2/3_0" slope="0.00"/>
        <vehicle id="44" x="601.65" y="312.90" angle="180.00" type="DEFAULT_VEHTYPE" speed="13.53" pos="108.15" lane="3/1to3/2_0" slope="0.00"/>
        <vehicle id="45" x="150.94" y="398.35" angle="90.00" type="DEFAULT_VEHTYPE" speed="13.17" pos="150.94" lane="0/2to1/2_0" slope="0.00"/>
        <vehicle id="46" x="71.88" y="401.65" angle="-90.00" type="DEFAULT_VEHTYPE" speed="13.41" pos="123.37" lane="1/2to0/2_0" slope="0.00"/>
        <vehicle id="47" x="598.35" y="743.74" angle="0.00" type="DEFAULT_VEHTYPE" speed="12.88" pos="56.26" lane="3/4to3/3_0" slope="0.00"/>
        <vehicle id="48" x="594.22" y="198.35" angle="90.00" type="DEFAULT_VEHTYPE" speed="1.51" pos="189.47" lane="2/1to3/1_0" slope="0.00"/>
        <vehicle id="49" x="401.65" y="719.05" angle="180.00" type="DEFAULT_VEHTYPE" speed="13.70" pos="114.30" lane="2/3to2/4_0" slope="0.00"/>
        <vehicle id="5" x="398.35" y="622.64" angle="0.00" type="DEFAULT_VEHTYPE" speed="13.24" pos="177.36" lane="2/4to2/3_0" slope="0.00"/>
        <vehicle id="6" x="398.35" y="664.63" angle="0.00" type="DEFAULT_VEHTYPE" speed="12.97" pos="135.37" lane="2/4to2/3_0" slope="0.00"/>
        <vehicle id="7" x="132.31" y="401.65" angle="-90.00" type="DEFAULT_VEHTYPE" speed="12.90" pos="62.94" lane="1/2to0/2_0" slope="0.00"/>
        <vehicle id="8" x="401.65" y="4.25" angle="175.07" type="DEFAULT_VEHTYPE" speed="12.81" pos="4.25" lane="2/0to2/1_0" slope="0.00"/>
        <vehicle id="9" x="601.65" y="232.00" angle="180.00" type="DEFAULT_VEHTYPE" speed="12.99" pos="27.25" lane="3/1to3/2_0" slope="0.00"/>
    </timestep>
    <timestep time="149.00">
        <vehicle id="0" x="600.13" y="600.16" angle="-72.27" type="DEFAULT_VEHTYPE" speed="5.68" pos="4.95" lane=":3/3_6_0" slope="0.00"/>
        <vehicle id="10" x="467.02" y="198.35" angle="90.00" type="DEFAULT_VEHTYPE" speed="13.62" pos="62.27" lane="2/1to3/1_0" slope="0.00"/>
        <vehicle id="11" x="223.93" y="598.35" angle="90.00" type="DEFAULT_VEHTYPE" speed="12.87" pos="19.18" lane="1/3to2/3_0" slope="0.00"/>
        <vehicle id="15" x="648.48" y="598.35" angle="90.00" type="DEFAULT_VEHTYPE" speed="13.78" pos="43.73" lane="3/3to4/3_0" slope="0.00"/>
        <vehicle id="16" x="201.65" y="568.54" angle="180.00" type="DEFAULT_VEHTYPE" speed="13.74" pos="163.79" lane="1/2to1/3_0" slope="0.00"/>
        <vehicle id="17" x="199.54" y="399.65" angle="105.33" type="DEFAULT_VEHTYPE" speed="4.60" pos="4.57" lane=":1/2_14_0" slope="0.00"/>
        <vehicle id="18" x="630.20" y="601.65" angle="-90.00" type="DEFAULT_VEHTYPE" speed="5.80" pos="169.80" lane="4/3to3/3_0" slope="0.00"/>
        <vehicle id="2" x="59.18" y="198.35" angle="90.00" type="DEFAULT_VEHTYPE" speed="13.07" pos="59.18" lane="0/1to1/1_0" slope="0.00"/>
        <vehicle id="24" x="398.35" y="277.29" angle="0.00" type="DEFAULT_VEHTYPE" speed="13.06" pos="117.96" lane="2/2to2/1_0" slope="0.00"/>
        <vehicle id="28" x="601.65" y="273.83" angle="180.00" type="DEFAULT_VEHTYPE" speed="12.66" pos="69.08" lane="3/1to3/2_0" slope="0.00"/>
        <vehicle id="29" x="543.38" y="198.35" angle="90.00" type="DEFAULT_VEHTYPE" speed="13.30" pos="138.63" lane="2/1to3/1_0" slope="0.00"/>
        <vehicle id="3" x="615.99" y="601.65" angle="-90.00" type="DEFAULT_VEHTYPE" speed="4.08" pos="184.01" lane="4/3to3/3_0" slope="0.00"/>
        <vehicle id="33" x="170.56" y="198.35" angle="90.00" type="DEFAULT_VEHTYPE" speed="13.20" pos="170.56" lane="0/1to1/1_0" slope="0.00"/>
        <vehicle id="37" x="398.35" y="756.98" angle="0.00" type="DEFAULT_VEHTYPE" speed="12.67" pos="43.02" lane="2/4to2/3_0" slope="0.00"/>
        <vehicle id="39" x="139.24" y="198.35" angle="90.00" type="DEFAULT_VEHTYPE" speed="13.61" pos="139.24" lane="0/1to1/1_0" slope="0.00"/>
        <vehicle id="40" x="601.65" y="389.97" angle="180.00" type="DEFAULT_VEHTYPE" speed="4.48" pos="185.22" lane="3/1to3/2_0" slope="0.00"/>
        <vehicle id="42" x="160.91" y="401.65" angle="-90.00" type="DEFAULT_VEHTYPE" speed="13.82" pos="34.34" lane="1/2to0/2_0" slope="0.00"/>
        <vehicle id="43" x="398.35" y="726.20" angle="0.00" type="DEFAULT_VEHTYPE" speed="13.07" pos="73.80" lane="2/4to2/3_0" slope="0.00"/>
        <vehicle id="44" x="601.65" y="326.30" angle="180.00" type="DEFAULT_VEHTYPE" speed="13.40" pos="121.55" lane="3/1to3/2_0" slope="0.00"/>
        <vehicle id="45" x="164.05" y="398.35" angle="90.00" type="DEFAULT_VEHTYPE" speed="13.11" pos="164.05" lane="0/2to1/2_0" slope="0.00"/>
        <vehicle id="46" x="58.61" y="401.65" angle="-90.00" type="DEFAULT_VEHTYPE" speed="13.28" pos="136.64" lane="1/2to0/2_0" slope="0.00"/>
        <vehicle id="47" x="598.35" y="730.01" angle="0.00" type="DEFAULT_VEHTYPE" speed="13.73" pos="69.99" lane="3/4to3/3_0" slope="0.00"/>
        <vehicle id="48" x="598.23" y="198.86" angle="95.88" type="DEFAULT_VEHTYPE" speed="4.07" pos="3.04" lane=":3/1_14_0" slope="0.00"/>
        <vehicle id="49" x="401.65" y="732.61" angle="180.00" type="DEFAULT_VEHTYPE" speed="13.56" pos="127.86" lane="2/3to2/4_0" slope="0.00"/>
        <vehicle id="5" x="398.35" y="609.62" angle="0.00" type="DEFAULT_VEHTYPE" speed="13.02" pos="190.38" lane="2/4to2/3_0" slope="0.00"/>
        <vehicle id="6" x="398.35" y="651.47" angle="0.00" type="DEFAULT_VEHTYPE" speed="13.16" pos="148.53" lane="2/4to2/3_0" slope="0.00"/>
        <vehicle id="7" x="118.69" y="401.65" angle="-90.00" type="DEFAULT_VEHTYPE" speed="13.62" pos="76.56" lane="1/2to0/2_0" slope="0.00"/>
        <vehicle id="8" x="401.65" y="17.19" angle="180.00" type="DEFAULT_VEHTYPE" speed="12.95" pos="17.19" lane="2/0to2/1_0" slope="0.00"/>
        <vehicle id="9" x="601.65" y="245.39" angle="180.00" type="DEFAULT_VEHTYPE" speed="13.39" pos="40.64" lane="3/1to3/2_0" slope="0.00"/>
    </timestep>
    <timestep time="150.00">
        <vehicle id="0" x="598.35" y="592.96" angle="-4.40" type="DEFAULT_VEHTYPE" speed="7.66" pos="2.29" lane="3/3to3/2_0" slope="0.00"/>
        <vehicle id="10" x="479.90" y="198.35" angle="90.00" type="DEFAULT_VEHTYPE" speed="12.88" pos="75.15" lane="2/1to3/1_0" slope="0.00"/>
        <vehicle id="11" x="237.18" y="598.35" angle="90.00" type="DEFAULT_VEHTYPE" speed="13.25" pos="32.43" lane="1/3to2/3_0" slope="0.00"/>
        <vehicle id="15" x="661.79" y="598.35" angle="90.00" type="DEFAULT_VEHTYPE" speed="13.30" pos="57.04" lane="3/3to4/3_0" slope="0.00"/>
        <vehicle id="16" x="201.65" y="582.06" angle="180.00" type="DEFAULT_VEHTYPE" speed="13.52" pos="177.31" lane="1/2to1/3_0" slope="0.00"/>
        <vehicle id="17" x="201.65" y="406.10" angle="170.37" type="DEFAULT_VEHTYPE" speed="7.10" pos="1.35" lane="1/2to1/3_0" slope="0.00"/>
        <vehicle id="18" x="626.33" y="601.65" angle="-90.00" type="DEFAULT_VEHTYPE" speed="3.87" pos="173.67" lane="4/3to3/3_0" slope="0.00"/>
        <vehicle id="2" x="72.69" y="198.35" angle="90.00" type="DEFAULT_VEHTYPE" speed="13.51" pos="72.69" lane="0/1to1/1_0" slope="0.00"/>
        <vehicle id="24" x="398.35" y="264.17" angle="0.00" type="DEFAULT_VEHTYPE" speed="13.11" pos="131.08" lane="2/2to2/1_0" slope="0.00"/>
        <vehicle id="28" x="601.65" y="286.86" angle="180.00" type="DEFAULT_VEHTYPE" speed="13.03" pos="82.11" lane="3/1to3/2_0" slope="0.00"/>
        <vehicle id="29" x="556.73" y="198.35" angle="90.00" type="DEFAULT_VEHTYPE" speed="13.34" pos="151.98" lane="2/1to3/1_0" slope="0.00"/>
        <vehicle id="3" x="611.66" y="601.65" angle="-90.00" type="DEFAULT_VEHTYPE" speed="4.33" pos="188.34" lane="4/3to3/3_0" slope="0.00"/>
        <vehicle id="33" x="180.08" y="198.35" angle="90.00" type="DEFAULT_VEHTYPE" speed="9.52" pos="180.08" lane="0/1to1/1_0" slope="0.00"/>
        <vehicle id="37" x="398.35" y="744.04" angle="0.00" type="DEFAULT_VEHTYPE" speed="12.94" pos="55.96" lane="2/4to2/3_0" slope="0.00"/>
        <vehicle id="39" x="152.25" y="198.35" angle="90.00" type="DEFAULT_VEHTYPE" speed="13.01" pos="152.25" lane="0/1to1/1_0" slope="0.00"/>
        <vehicle id="40" x="601.55" y="395.94" angle="-178.87" type="DEFAULT_VEHTYPE" speed="5.97" pos="0.70" lane=":3/2_10_0" slope="0.00"/>
        <vehicle id="42" x="147.51" y="401.65" angle="-90.00" type="DEFAULT_VEHTYPE" speed="13.40" pos="47.74" lane="1/2to0/2_0" slope="0.00"/>
        <vehicle id="43" x="398.35" y="712.76" angle="0.00" type="DEFAULT_VEHTYPE" speed="13.44" pos="87.24" lane="2/4to2/3_0" slope="0.00"/>
        <vehicle id="44" x="601.65" y="339.21" angle="180.00" type="DEFAULT_VEHTYPE" speed="12.90" pos="134.46" lane="3/1to3/2_0" slope="0.00"/>
        <vehicle id="45" x="177.11" y="398.35" angle="90.00" type="DEFAULT_VEHTYPE" speed="13.06" pos="177.11" lane="0/2to1/2_0" slope="0.00"/>
        <vehicle id="46" x="45.33" y="401.65" angle="-90.00" type="DEFAULT_VEHTYPE" speed="13.27" pos="149.92" lane="1/2to0/2_0" slope="0.00"/>
        <vehicle id="47" x="598.35" y="716.28" angle="0.00" type="DEFAULT_VEHTYPE" speed="13.74" pos="83.72" lane="3/4to3/3_0" slope="0.00"/>
        <vehicle id="48" x="601.55" y="204.06" angle="155.92" type="DEFAULT_VEHTYPE" speed="6.58" pos="9.63" lane=":3/1_14_0" slope="0.00"/>
        <vehicle id="49" x="401.65" y="746.29" angle="180.00" type="DEFAULT_VEHTYPE" speed="13.68" pos="141.54" lane="2/3to2/4_0" slope="0.00"/>
        <vehicle id="5" x="398.35" y="596.80" angle="0.00" type="DEFAULT_VEHTYPE" speed="12.82" pos="7.95" lane=":2/3_1_0" slope="0.00"/>
        <vehicle id="6" x="398.35" y="638.14" angle="0.00" type="DEFAULT_VEHTYPE" speed="13.32" pos="161.86" lane="2/4to2/3_0" slope="0.00"/>
        <vehicle id="7" x="104.96" y="401.65" angle="-90.00" type="DEFAULT_VEHTYPE" speed="13.72" pos="90.29" lane="1/2to0/2_0" slope="0.00"/>
        <vehicle id="8" x="401.65" y="30.40" angle="180.00" type="DEFAULT_VEHTYPE" speed="13.21" pos="30.40" lane="2/0to2/1_0" slope="0.00"/>
        <vehicle id="9" x="601.65" y="258.47" angle="180.00" type="DEFAULT_VEHTYPE" speed="13.08" pos="53.72" lane="3/1to3/2_0" slope="0.00"/>
    </timestep>
    <timestep time="151.00">
        <vehicle id="0" x="598.35" y="583.24" angle="0.00" type="DEFAULT_VEHTYPE" speed="9.72" pos="12.01" lane="3/3to3/2_0" slope="0.00"/>
        <vehicle id="10" x="493.31" y="198.35" angle="90.00" type="DEFAULT_VEHTYPE" speed="13.40" pos="88.56" lane="2/1to3/1_0" slope="0.00"/>
        <vehicle id="11" x="250.63" y="598.35" angle="90.00" type="DEFAULT_VEHTYPE" speed="13.46" pos="45.88" lane="1/3to2/3_0" slope="0.00"/>
        <vehicle id="15" x="675.21" y="598.35" angle="90.00" type="DEFAULT_VEHTYPE" speed="13.43" pos="70.46" lane="3/3to4/3_0" slope="0.00"/>
        <vehicle id="16" x="201.69" y="595.51" angle="179.59" type="DEFAULT_VEHTYPE" speed="13.45" pos="0.26" lane=":1/3_8_0" slope="0.00"/>
        <vehicle id="17" x="201.65" y="415.28" angle="180.00" type="DEFAULT_VEHTYPE" speed="9.18" pos="10.53" lane="1/2to1/3_0" slope="0.00"/>
        <vehicle id="18" x="622.89" y="601.65" angle="-90.00" type="DEFAULT_VEHTYPE" speed="3.44" pos="177.11" lane="4/3to3/3_0" slope="0.00"/>
        <vehicle id="2" x="86.56" y="198.35" angle="90.00" type="DEFAULT_VEHTYPE" speed="13.87" pos="86.56" lane="0/1to1/1_0" slope="0.00"/>
        <vehicle id="24" x="398.35" y="251.08" angle="0.00" type="DEFAULT_VEHTYPE" speed="13.09" pos="144.17" lane="2/2to2/1_0" slope="0.00"/>
        <vehicle id="28" x="601.65" y="300.00" angle="180.00" type="DEFAULT_VEHTYPE" speed="13.14" pos="95.25" lane="3/1to3/2_0" slope="0.00"/>
        <vehicle id="29" x="570.54" y="198.35" angle="90.00" type="DEFAULT_VEHTYPE" speed="13.81" pos="165.79" lane="2/1to3/1_0" slope="0.00"/>
        <vehicle id="3" x="605.17" y="601.65" angle="-90.00" type="DEFAULT_VEHTYPE" speed="6.49" pos="194.83" lane="4/3to3/3_0" slope="0.00"/>
        <vehicle id="33" x="186.52" y="198.35" angle="90.00" type="DEFAULT_VEHTYPE" speed="6.44" pos="186.52" lane="0/1to1/1_0" slope="0.00"/>
        <vehicle id="37" x="398.35" y="731.38" angle="0.00" type="DEFAULT_VEHTYPE" speed="12.66" pos="68.62" lane="2/4to2/3_0" slope="0.00"/>
        <vehicle id="39" x="164.71" y="198.35" angle="90.00" type="DEFAULT_VEHTYPE" speed="12.46" pos="164.71" lane="0/1to1/1_0" slope="0.00"/>
        <vehicle id="40" x="596.41" y="401.48" angle="-119.00" type="DEFAULT_VEHTYPE" speed="8.45" pos="2.00" lane=":3/2_18_0" slope="0.00"/>
        <vehicle id="42" x="134.40" y="401.65" angle="-90.00" type="DEFAULT_VEHTYPE" speed="13.11" pos="60.85" lane="1/2to0/2_0" slope="0.00"/>
        <vehicle id="43" x="398.35" y="699.45" angle="0.00" type="DEFAULT_VEHTYPE" speed="13.31" pos="100.55" lane="2/4to2/3_0" slope="0.00"/>
        <vehicle id="44" x="601.65" y="351.93" angle="180.00" type="DEFAULT_VEHTYPE" speed="12.72" pos="147.18" lane="3/1to3/2_0" slope="0.00"/>
        <vehicle id="45" x="190.01" y="398.35" angle="90.00" type="DEFAULT_VEHTYPE" speed="12.90" pos="190.01" lane="0/2to1/2_0" slope="0.00"/>
        <vehicle id="46" x="32.40" y="401.65" angle="-90.00" type="DEFAULT_VEHTYPE" speed="12.93" pos="162.85" lane="1/2to0/2_0" slope="0.00"/>
        <vehicle id="47" x="598.35" y="702.69" angle="0.00" type="DEFAULT_VEHTYPE" speed="13.58" pos="97.31" lane="3/4to3/3_0" slope="0.00"/>
        <vehicle id="48" x="601.65" y="212.92" angle="180.00" type="DEFAULT_VEHTYPE" speed="8.86" pos="8.17" lane="3/1to3/2_0" slope="0.00"/>
        <vehicle id="49" x="401.65" y="759.68" angle="180.00" type="DEFAULT_VEHTYPE" speed="13.39" pos="154.93" lane="2/3to2/4_0" slope="0.00"/>
        <vehicle id="5" x="398.35" y="583.56" angle="0.00" type="DEFAULT_VEHTYPE" speed="13.23" pos="11.69" lane="2/3to2/2_0" slope="0.00"/>
        <vehicle id="6" x="398.35" y="625.07" angle="0.00" type="DEFAULT_VEHTYPE" speed="13.07" pos="174.93" lane="2/4to2/3_0" slope="0.00"/>
        <vehicle id="7" x="92.32" y="401.65" angle="-90.00" type="DEFAULT_VEHTYPE" speed="12.64" pos="102.93" lane="1/2to0/2_0" slope="0.00"/>
        <vehicle id="8" x="401.65" y="43.77" angle="180.00" type="DEFAULT_VEHTYPE" speed="13.37" pos="43.77" lane="2/0to2/1_0" slope="0.00"/>
        <vehicle id="9" x="601.65" y="271.99" angle="180.00" type="DEFAULT_VEHTYPE" speed="13.52" pos="67.24" lane="3/1to3/2_0" slope="0.00"/>
    </timestep>
    <timestep time="152.00">
        <vehicle id="0" x="598.35" y="571.49" angle="0.00" type="DEFAULT_VEHTYPE" speed="11.75" pos="23.76" lane="3/3to3/2_0" slope="0.00"/>
        <vehicle id="10" x="506.08" y="198.35" angle="90.00" type="DEFAULT_VEHTYPE" speed="12.78" pos="101.33" lane="2/1to3/1_0" slope="0.00"/>
        <vehicle id="11" x="263.82" y="598.35" angle="90.00" type="DEFAULT_VEHTYPE" speed="13.19" pos="59.07" lane="1/3to2/3_0" slope="0.00"/>
        <vehicle id="15" x="688.06" y="598.35" angle="90.00" type="DEFAULT_VEHTYPE" speed="12.85" pos="83.31" lane="3/3to4/3_0" slope="0.00"/>
        <vehicle id="16" x="213.22" y="598.35" angle="90.00" type="DEFAULT_VEHTYPE" speed="13.21" pos="8.47" lane="1/3to2/3_0" slope="0.00"/>
        <vehicle id="17" x="201.65" y="426.75" angle="180.00" type="DEFAULT_VEHTYPE" speed="11.47" pos="22.00" lane="1/2to1/3_0" slope="0.00"/>
        <vehicle id="18" x="617.42" y="601.65" angle="-90.00" type="DEFAULT_VEHTYPE" speed="5.47" pos="182.58" lane="4/3to3/3_0" slope="0.00"/>
        <vehicle id="2" x="100.31" y="198.35" angle="90.00" type="DEFAULT_VEHTYPE" speed="13.75" pos="100.31" lane="0/1to1/1_0" slope="0.00"/>
        <vehicle id="24" x="398.35" y="237.89" angle="0.00" type="DEFAULT_VEHTYPE" speed="13.19" pos="157.36" lane="2/2to2/1_0" slope="0.00"/>
        <vehicle id="28" x="601.65" y="313.10" angle="180.00" type="DEFAULT_VEHTYPE" speed="13.10" pos="108.35" lane="3/1to3/2_0" slope="0.00"/>
        <vehicle id="29" x="580.31" y="198.35" angle="90.00" type="DEFAULT_VEHTYPE" speed="9.78" pos="175.56" lane="2/1to3/1_0" slope="0.00"/>
        <vehicle id="3" x="598.65" y="597.32" angle="-38.46" type="DEFAULT_VEHTYPE" speed="8.65" pos="8.23" lane=":3/3_6_0" slope="0.00"/>
        <vehicle id="33" x="190.17" y="198.35" angle="90.00" type="DEFAULT_VEHTYPE" speed="3.65" pos="190.17" lane="0/1to1/1_0" slope="0.00"/>
        <vehicle id="37" x="398.35" y="717.76" angle="0.00" type="DEFAULT_VEHTYPE" speed="13.62" pos="82.24" lane="2/4to2/3_0" slope="0.00"/>
        <vehicle id="39" x="174.13" y="198.35" angle="90.00" type="DEFAULT_VEHTYPE" speed="9.42" pos="174.13" lane="0/1to1/1_0" slope="0.00"/>
        <vehicle id="40" x="586.03" y="401.65" angle="-90.00" type="DEFAULT_VEHTYPE" speed="10.40" pos="9.22" lane="3/2to2/2_0" slope="0.00"/>
        <vehicle id="42" x="121.65" y="401.65" angle="-90.00" type="DEFAULT_VEHTYPE" speed="12.75" pos="73.60" lane="1/2to0/2_0" slope="0.00"/>
        <vehicle id="43" x="398.35" y="685.83" angle="0.00" type="DEFAULT_VEHTYPE" speed="13.62" pos="114.17" lane="2/4to2/3_0" slope="0.00"/>
        <vehicle id="44" x="601.65" y="365.44" angle="180.00" type="DEFAULT_VEHTYPE" speed="13.51" pos="160.69" lane="3/1to3/2_0" slope="0.00"/>
        <vehicle id="46" x="19.43" y="401.65" angle="-90.00" type="DEFAULT_VEHTYPE" speed="12.97" pos="175.82" lane="1/2to0/2_0" slope="0.00"/>
        <vehicle id="47" x="598.35" y="689.57" angle="0.00" type="DEFAULT_VEHTYPE" speed="13.12" pos="110.43" lane="3/4to3/3_0" slope="0.00"/>
        <vehicle id="48" x="601.65" y="224.17" angle="180.00" type="DEFAULT_VEHTYPE" speed="11.26" pos="19.42" lane="3/1to3/2_0" slope="0.00"/>
        <vehicle id="49" x="401.65" y="772.52" angle="180.00" type="DEFAULT_VEHTYPE" speed="12.84" pos="167.77" lane="2/3to2/4_0" slope="0.00"/>
        <vehicle id="5" x="398.35" y="569.97" angle="0.00" type="DEFAULT_VEHTYPE" speed="13.59" pos="25.28" lane="2/3to2/2_0" slope="0.00"/>
        <vehicle id="6" x="398.35" y="611.37" angle="0.00" type="DEFAULT_VEHTYPE" speed="13.71" pos="188.63" lane="2/4to2/3_0" slope="0.00"/>
        <vehicle id="7" x="78.69" y="401.65" angle="-90.00" type="DEFAULT_VEHTYPE" speed="13.63" pos="116.56" lane="1/2to0/2_0" slope="0.00"/>
        <vehicle id="8" x="401.65" y="56.78" angle="180.00" type="DEFAULT_VEHTYPE" speed="13.01" pos="56.78" lane="2/0to2/1_0" slope="0.00"/>
        <vehicle id="9" x="601.65" y="285.24" angle="180.00" type="DEFAULT_VEHTYPE" speed="13.25" pos="80.49" lane="3/1to3/2_0" slope="0.00"/>
    </timestep>
    <timestep time="153.00">
        <vehicle id="0" x="598.35" y="558.13" angle="0.00" type="DEFAULT_VEHTYPE" speed="13.36" pos="37.12" lane="3/3to3/2_0" slope="0.00"/>
        <vehicle id="10" x="518.91" y="198.35" angle="90.00" type="DEFAULT_VEHTYPE" speed="12.83" pos="114.16" lane="2/1to3/1_0" slope="0.00"/>
        <vehicle id="11" x="276.91" y="598.35" angle="90.00" type="DEFAULT_VEHTYPE" speed="13.08" pos="72.16" lane="1/3to2/3_0" slope="0.00"/>
        <vehicle id="15" x="701.66" y="598.35" angle="90.00" type="DEFAULT_VEHTYPE" speed="13.60" pos="96.91" lane="3/3to4/3_0" slope="0.00"/>
        <vehicle id="16" x="226.56" y="598.35" angle="90.00" type="DEFAULT_VEHTYPE" speed="13.34" pos="21.81" lane="1/3to2/3_0" slope="0.00"/>
        <vehicle id="17" x="201.65" y="440.07" angle="180.00" type="DEFAULT_VEHTYPE" speed="13.31" pos="35.32" lane="1/2to1/3_0" slope="0.00"/>
        <vehicle id="18" x="612.17" y="601.65" angle="-90.00" type="DEFAULT_VEHTYPE" speed="5.25" pos="187.83" lane="4/3to3/3_0" slope="0.00"/>
        <vehicle id="2" x="114.16" y="198.35" angle="90.00" type="DEFAULT_VEHTYPE" speed="13.84" pos="114.16" lane="0/1to1/1_0" slope="0.00"/>
        <vehicle id="24" x="398.35" y="224.32" angle="0.00" type="DEFAULT_VEHTYPE" speed="13.57" pos="170.93" lane="2/2to2/1_0" slope="0.00"/>
        <vehicle id="28" x="601.65" y="326.34" angle="180.00" type="DEFAULT_VEHTYPE" speed="13.24" pos="121.59" lane="3/1to3/2_0" slope="0.00"/>
        <vehicle id="29" x="586.91" y="198.35" angle="90.00" type="DEFAULT_VEHTYPE" speed="6.59" pos="182.16" lane="2/1to3/1_0" slope="0.00"/>
        <vehicle id="3" x="598.35" y="587.18" angle="0.00" type="DEFAULT_VEHTYPE" speed="10.16" pos="8.07" lane="3/3to3/2_0" slope="0.00"/>
        <vehicle id="33" x="195.24" y="198.35" angle="90.00" type="DEFAULT_VEHTYPE" speed="5.07" pos="195.24" lane="0/1to1/1_0" slope="0.00"/>
        <vehicle id="37" x="398.35" y="704.59" angle="0.00" type="DEFAULT_VEHTYPE" speed="13.17" pos="95.41" lane="2/4to2/3_0" slope="0.00"/>
        <vehicle id="39" x="179.06" y="198.35" angle="90.00" type="DEFAULT_VEHTYPE" speed="4.92" pos="179.06" lane="0/1to1/1_0" slope="0.00"/>
        <vehicle id="40" x="573.84" y="401.65" angle="-90.00" type="DEFAULT_VEHTYPE" speed="12.18" pos="21.41" lane="3/2to2/2_0" slope="0.00"/>
        <vehicle id="42" x="108.88" y="401.65" angle="-90.00" type="DEFAULT_VEHTYPE" speed="12.77" pos="86.37" lane="1/2to0/2_0" slope="0.00"/>
        <vehicle id="43" x="398.35" y="671.93" angle="0.00" type="DEFAULT_VEHTYPE" speed="13.90" pos="128.07" lane="2/4to2/3_0" slope="0.00"/>
        <vehicle id="44" x="601.65" y="376.97" angle="180.00" type="DEFAULT_VEHTYPE" speed="11.53" pos="172.22" lane="3/1to3/2_0" slope="0.00"/>
        <vehicle id="46" x="6.32" y="401.65" angle="-90.00" type="DEFAULT_VEHTYPE" speed="13.12" pos="188.93" lane="1/2to0/2_0" slope="0.00"/>
        <vehicle id="47" x="598.35" y="676.30" angle="0.00" type="DEFAULT_VEHTYPE" speed="13.28" pos="123.70" lane="3/4to3/3_0" slope="0.00"/>
        <vehicle id="48" x="601.65" y="237.81" angle="180.00" type="DEFAULT_VEHTYPE" speed="13.64" pos="33.06" lane="3/1to3/2_0" slope="0.00"/>
        <vehicle id="49" x="401.65" y="786.41" angle="180.00" type="DEFAULT_VEHTYPE" speed="13.89" pos="181.66" lane="2/3to2/4_0" slope="0.00"/>
        <vehicle id="5" x="398.35" y="556.28" angle="0.00" type="DEFAULT_VEHTYPE" speed="13.70" pos="38.97" lane="2/3to2/2_0" slope="0.00"/>
        <vehicle id="6" x="398.35" y="597.72" angle="0.00" type="DEFAULT_VEHTYPE" speed="13.65" pos="7.03" lane=":2/3_1_0" slope="0.00"/>
        <vehicle id="7" x="65.54" y="401.65" angle="-90.00" type="DEFAULT_VEHTYPE" speed="13.16" pos="129.71" lane="1/2to0/2_0" slope="0.00"/>
        <vehicle id="8" x="401.65" y="69.81" angle="180.00" type="DEFAULT_VEHTYPE" speed="13.02" pos="69.81" lane="2/0to2/1_0" slope="0.00"/>
        <vehicle id="9" x="601.65" y="298.91" angle="180.00" type="DEFAULT_VEHTYPE" speed="13.66" pos="94.16" lane="3/1to3/2_0" slope="0.00"/>
    </timestep>
    <timestep time="154.00">
        <vehicle id="0" x="598.35" y="544.35" angle="0.00" type="DEFAULT_VEHTYPE" speed="13.78" pos="50.90" lane="3/3to3/2_0" slope="0.00"/>
        <vehicle id="10" x="531.96" y="198.35" angle="90.00" type="DEFAULT_VEHTYPE" speed="13.05" pos="127.21" lane="2/1to3/1_0" slope="0.00"/>
        <vehicle id="11" x="289.61" y="598.35" angle="90.00" type="DEFAULT_VEHTYPE" speed="12.70" pos="84.86" lane="1/3to2/3_0" slope="0.00"/>
        <vehicle id="15" x="714.80" y="598.35" angle="90.00" type="DEFAULT_VEHTYPE" speed="13.15" pos="110.05" lane="3/3to4/3_0" slope="0.00"/>
        <vehicle id="16" x="240.28" y="598.35" angle="90.00" type="DEFAULT_VEHTYPE" speed="13.72" pos="35.53" lane="1/3to2/3_0" slope="0.00"/>
        <vehicle id="17" x="201.65" y="452.85" angle="180.00" type="DEFAULT_VEHTYPE" speed="12.78" pos="48.10" lane="1/2to1/3_0" slope="0.00"/>
        <vehicle id="18" x="609.16" y="601.65" angle="-90.00" type="DEFAULT_VEHTYPE" speed="3.01" pos="190.84" lane="4/3to3/3_0" slope="0.00"/>
        <vehicle id="2" x="127.25" y="198.35" angle="90.00" type="DEFAULT_VEHTYPE" speed="13.09" pos="127.25" lane="0/1to1/1_0" slope="0.00"/>
        <vehicle id="24" x="398.35" y="211.54" angle="0.00" type="DEFAULT_VEHTYPE" speed="12.78" pos="183.71" lane="2/2to2/1_0" slope="0.00"/>
        <vehicle id="28" x="601.65" y="340.07" angle="180.00" type="DEFAULT_VEHTYPE" speed="13.72" pos="135.32" lane="3/1to3/2_0" slope="0.00"/>
        <vehicle id="29" x="590.27" y="198.35" angle="90.00" type="DEFAULT_VEHTYPE" speed="3.37" pos="185.52" lane="2/1to3/1_0" slope="0.00"/>
        <vehicle id="3" x="598.35" y="574.86" angle="0.00" type="DEFAULT_VEHTYPE" speed="12.32" pos="20.39" lane="3/3to3/2_0" slope="0.00"/>
        <vehicle id="33" x="198.35" y="193.36" angle="15.95" type="DEFAULT_VEHTYPE" speed="6.90" pos="1.89" lane="1/1to1/0_0" slope="0.00"/>
        <vehicle id="37" x="398.35" y="691.02" angle="0.00" type="DEFAULT_VEHTYPE" speed="13.57" pos="108.98" lane="2/4to2/3_0" slope="0.00"/>
        <vehicle id="39" x="185.02" y="198.35" angle="90.00" type="DEFAULT_VEHTYPE" speed="5.97" pos="185.02" lane="0/1to1/1_0" slope="0.00"/>
        <vehicle id="40" x="561.22" y="401.65" angle="-90.00" type="DEFAULT_VEHTYPE" speed="12.62" pos="34.03" lane="3/2to2/2_0" slope="0.00"/>
        <vehicle id="42" x="95.84" y="401.65" angle="-90.00" type="DEFAULT_VEHTYPE" speed="13.04" pos="99.41" lane="1/2to0/2_0" slope="0.00"/>
        <vehicle id="43" x="398.35" y="658.30" angle="0.00" type="DEFAULT_VEHTYPE" speed="13.64" pos="141.70" lane="2/4to2/3_0" slope="0.00"/>
        <vehicle id="44" x="601.65" y="384.00" angle="180.00" type="DEFAULT_VEHTYPE" speed="7.03" pos="179.25" lane="3/1to3/2_0" slope="0.00"/>
        <vehicle id="47" x="598.35" y="662.67" angle="0.00" type="DEFAULT_VEHTYPE" speed="13.63" pos="137.33" lane="3/4to3/3_0" slope="0.00"/>
        <vehicle id="48" x="601.65" y="251.68" angle="180.00" type="DEFAULT_VEHTYPE" speed="13.87" pos="46.93" lane="3/1to3/2_0" slope="0.00"/>
        <vehicle id="49" x="401.65" y="799.98" angle="180.00" type="DEFAULT_VEHTYPE" speed="13.57" pos="195.23" lane="2/3to2/4_0" slope="0.00"/>
        <vehicle id="5" x="398.35" y="543.42" angle="0.00" type="DEFAULT_VEHTYPE" speed="12.85" pos="51.83" lane="2/3to2/2_0" slope="0.00"/>
        <vehicle id="6" x="398.35" y="584.29" angle="0.00" type="DEFAULT_VEHTYPE" speed="13.43" pos="10.96" lane="2/3to2/2_0" slope="0.00"/>
        <vehicle id="7" x="52.86" y="401.65" angle="-90.00" type="DEFAULT_VEHTYPE" speed="12.68" pos="142.39" lane="1/2to0/2_0" slope="0.00"/>
        <vehicle id="8" x="401.65" y="82.79" angle="180.00" type="DEFAULT_VEHTYPE" speed="12.98" pos="82.79" lane="2/0to2/1_0" slope="0.00"/>
        <vehicle id="9" x="601.65" y="312.59" angle="180.00" type="DEFAULT_VEHTYPE" speed="13.68" pos="107.84" lane="3/1to3/2_0" slope="0.00"/>
    </timestep>
    <timestep time="155.00">
        <vehicle id="0" x="598.35" y="530.80" angle="0.00" type="DEFAULT_VEHTYPE" speed="13.55" pos="64.45" lane="3/3to3/2_0" slope="0.00"/>
        <vehicle id="10" x="545.62" y="198.35" angle="90.00" type="DEFAULT_VEHTYPE" speed="13.66" pos="140.87" lane="2/1to3/1_0" slope="0.00"/>
        <vehicle id="11" x="302.65" y="598.35" angle="90.00" type="DEFAULT_VEHTYPE" speed="13.04" pos="97.90" lane="1/3to2/3_0" slope="0.00"/>
        <vehicle id="15" x="728.04" y="598.35" angle="90.00" type="DEFAULT_VEHTYPE" speed="13.24" pos="123.29" lane="3/3to4/3_0" slope="0.00"/>
        <vehicle id="16" x="253.47" y="598.35" angle="90.00" type="DEFAULT_VEHTYPE" speed="13.19" pos="48.72" lane="1/3to2/3_0" slope="0.00"/>
        <vehicle id="17" x="201.65" y="465.70" angle="180.00" type="DEFAULT_VEHTYPE" speed="12.85" pos="60.95" lane="1/2to1/3_0" slope="0.00"/>
        <vehicle id="18" x="603.65" y="601.49" angle="-88.20" type="DEFAULT_VEHTYPE" speed="5.52" pos="1.11" lane=":3/3_6_0" slope="0.00"/>
        <vehicle id="2" x="140.56" y="198.35" angle="90.00" type="DEFAULT_VEHTYPE" speed="13.31" pos="140.56" lane="0/1to1/1_0" slope="0.00"/>
        <vehicle id="24" x="394.44" y="201.65" angle="-58.85" type="DEFAULT_VEHTYPE" speed="12.60" pos="0.81" lane="2/1to1/1_0" slope="0.00"/>
        <vehicle id="28" x="601.65" y="353.79" angle="180.00" type="DEFAULT_VEHTYPE" speed="13.73" pos="149.04" lane="3/1to3/2_0" slope="0.00"/>
        <vehicle id="29" x="595.58" y="198.35" angle="90.00" type="DEFAULT_VEHTYPE" speed="5.30" pos="0.33" lane=":3/1_13_0" slope="0.00"/>
        <vehicle id="3" x="598.35" y="562.12" angle="0.00" type="DEFAULT_VEHTYPE" speed="12.75" pos="33.13" lane="3/3to3/2_0" slope="0.00"/>
        <vehicle id="33" x="198.35" y="184.88" angle="0.00" type="DEFAULT_VEHTYPE" speed="8.48" pos="10.37" lane="1/1to1/0_0" slope="0.00"/>
        <vehicle id="37" x="398.35" y="678.00" angle="0.00" type="DEFAULT_VEHTYPE" speed="13.03" pos="122.00" lane="2/4to2/3_0" slope="0.00"/>
        <vehicle id="39" x="189.39" y="198.35" angle="90.00" type="DEFAULT_VEHTYPE" speed="4.36" pos="189.39" lane="0/1to1/1_0" slope="0.00"/>
        <vehicle id="40" x="548.50" y="401.65" angle="-90.00" type="DEFAULT_VEHTYPE" speed="12.73" pos="46.75" lane="3/2to2/2_0" slope="0.00"/>
        <vehicle id="42" x="82.84" y="401.65" angle="-90.00" type="DEFAULT_VEHTYPE" speed="13.00" pos="112.41" lane="1/2to0/2_0" slope="0.00"/>
        <vehicle id="43" x="398.35" y="644.63" angle="0.00" type="DEFAULT_VEHTYPE" speed="13.66" pos="155.37" lane="2/4to2/3_0" slope="0.00"/>
        <vehicle id="44" x="601.65" y="388.91" angle="180.00" type="DEFAULT_VEHTYPE" speed="4.92" pos="184.16" lane="3/1to3/2_0" slope="0.00"/>
        <vehicle id="47" x="598.35" y="649.00" angle="0.00" type="DEFAULT_VEHTYPE" speed="13.67" pos="151.00" lane="3/4to3/3_0" slope="0.00"/>
        <vehicle id="48" x="601.65" y="264.83" angle="180.00" type="DEFAULT_VEHTYPE" speed="13.14" pos="60.08" lane="3/1to3/2_0" slope="0.00"/>
        <vehicle id="49" x="398.35" y="792.20" angle="0.00" type="DEFAULT_VEHTYPE" speed="12.64" pos="7.80" lane="2/4to2/3_0" slope="0.00"/>
        <vehicle id="5" x="398.35" y="530.75" angle="0.00" type="DEFAULT_VEHTYPE" speed="12.68" pos="64.50" lane="2/3to2/2_0" slope="0.00"/>
        <vehicle id="6" x="398.35" y="570.68" angle="0.00" type="DEFAULT_VEHTYPE" speed="13.61" pos="24.57" lane="2/3to2/2_0" slope="0.00"/>
        <vehicle id="7" x="40.11" y="401.65" angle="-90.00" type="DEFAULT_VEHTYPE" speed="12.74" pos="155.14" lane="1/2to0/2_0" slope="0.00"/>
        <vehicle id="8" x="401.65" y="95.39" angle="180.00" type="DEFAULT_VEHTYPE" speed="12.60" pos="95.39" lane="2/0to2/1_0" slope="0.00"/>
        <vehicle id="9" x="601.65" y="325.99" angle="180.00" type="DEFAULT_VEHTYPE" speed="13.40" pos="121.24" lane="3/1to3/2_0" slope="0.00"/>
    </timestep>
    <timestep time="156.00">
        <vehicle id="0" x="598.35" y="517.40" angle="0.00" type="DEFAULT_VEHTYPE" speed="13.40" pos="77.85" lane="3/3to3/2_0" slope="0.00"/>
        <vehicle id="10" x="559.32" y="198.35" angle="90.00" type="DEFAULT_VEHTYPE" speed="13.70" pos="154.57" lane="2/1to3/1_0" slope="0.00"/>
        <vehicle id="11" x="315.77" y="598.35" angle="90.00" type="DEFAULT_VEHTYPE" speed="13.12" pos="111.02" lane="1/3to2/3_0" slope="0.00"/>
        <vehicle id="15" x="741.79" y="598.35" angle="90.00" type="DEFAULT_VEHTYPE" speed="13.75" pos="137.04" lane="3/3to4/3_0" slope="0.00"/>
        <vehicle id="16" x="266.83" y="598.35" angle="90.00" type="DEFAULT_VEHTYPE" speed="13.36" pos="62.08" lane="1/3to2/3_0" slope="0.00"/>
        <vehicle id="17" x="201.65" y="478.41" angle="180.00" type="DEFAULT_VEHTYPE" speed="12.71" pos="73.66" lane="1/2to1/3_0" slope="0.00"/>
        <vehicle id="18" x="598.67" y="597.50" angle="-40.38" type="DEFAULT_VEHTYPE" speed="6.94" pos="8.05" lane=":3/3_6_0" slope="0.00"/>
        <vehicle id="2" x="154.30" y="198.35" angle="90.00" type="DEFAULT_VEHTYPE" speed="13.75" pos="154.30" lane="0/1to1/1_0" slope="0.00"/>
        <vehicle id="24" x="380.95" y="201.65" angle="-90.00" type="DEFAULT_VEHTYPE" speed="13.49" pos="14.30" lane="2/1to1/1_0" slope="0.00"/>
        <vehicle id="28" x="601.65" y="367.16" angle="180.00" type="DEFAULT_VEHTYPE" speed="13.36" pos="162.41" lane="3/1to3/2_0" slope="0.00"/>
        <vehicle id="29" x="602.64" y="198.35" angle="90.00" type="DEFAULT_VEHTYPE" speed="7.06" pos="7.39" lane=":3/1_13_0" slope="0.00"/>
        <vehicle id="3" x="598.35" y="549.05" angle="0.00" type="DEFAULT_VEHTYPE" speed="13.07" pos="46.20" lane="3/3to3/2_0" slope="0.00"/>
        <vehicle id="33" x="198.35" y="174.22" angle="0.00" type="DEFAULT_VEHTYPE" speed="10.66" pos="21.03" lane="1/1to1/0_0" slope="0.00"/>
        <vehicle id="37" x="398.35" y="664.84" angle="0.00" type="DEFAULT_VEHTYPE" speed="13.16" pos="135.16" lane="2/4to2/3_0" slope="0.00"/>
        <vehicle id="39" x="195.17" y="198.35" angle="90.00" type="DEFAULT_VEHTYPE" speed="5.79" pos="195.17" lane="0/1to1/1_0" slope="0.00"/>
        <vehicle id="40" x="534.87" y="401.65" angle="-90.00" type="DEFAULT_VEHTYPE" speed="13.63" pos="60.38" lane="3/2to2/2_0" slope="0.00"/>
        <vehicle id="42" x="69.35" y="401.65" angle="-90.00" type="DEFAULT_VEHTYPE" speed="13.50" pos="125.90" lane="1/2to0/2_0" slope="0.00"/>
        <vehicle id="43" x="398.35" y="631.14" angle="0.00" type="DEFAULT_VEHTYPE" speed="13.49" pos="168.86" lane="2/4to2/3_0" slope="0.00"/>
        <vehicle id="44" x="601.53" y="396.07" angle="-178.65" type="DEFAULT_VEHTYPE" speed="7.17" pos="0.83" lane=":3/2_10_0" slope="0.00"/>
        <vehicle id="47" x="598.35" y="635.93" angle="0.00" type="DEFAULT_VEHTYPE" speed="13.07" pos="164.07" lane="3/4to3/3_0" slope="0.00"/>
        <vehicle id="48" x="601.65" y="278.53" angle="180.00" type="DEFAULT_VEHTYPE" speed="13.71" pos="73.78" lane="3/1to3/2_0" slope="0.00"/>
        <vehicle id="49" x="398.35" y="778.45" angle="0.00" type="DEFAULT_VEHTYPE" speed="13.76" pos="21.55" lane="2/4to2/3_0" slope="0.00"/>
        <vehicle id="5" x="398.35" y="517.52" angle="0.00" type="DEFAULT_VEHTYPE" speed="13.23" pos="77.73" lane="2/3to2/2_0" slope="0.00"/>
        <vehicle id="6" x="398.35" y="557.38" angle="0.00" type="DEFAULT_VEHTYPE" speed="13.29" pos="37.87" lane="2/3to2/2_0" slope="0.00"/>
        <vehicle id="7" x="27.29" y="401.65" angle="-90.00" type="DEFAULT_VEHTYPE" speed="12.82" pos="167.96" lane="1/2to0/2_0" slope="0.00"/>
        <vehicle id="8" x="401.65" y="108.55" angle="180.00" type="DEFAULT_VEHTYPE" speed="13.15" pos="108.55" lane="2/0to2/1_0" slope="0.00"/>
        <vehicle id="9" x="601.65" y="338.77" angle="180.00" type="DEFAULT_VEHTYPE" speed="12.78" pos="134.02" lane="3/1to3/2_0" slope="0.00"/>
    </timestep>
    <timestep time="157.00">
        <vehicle id="0" x="598.35" y="504.38" angle="0.00" type="DEFAULT_VEHTYPE" speed="13.02" pos="90.87" lane="3/3to3/2_0" slope="0.00"/>
        <vehicle id="10" x="572.54" y="198.35" angle="90.00" type="DEFAULT_VEHTYPE" speed="13.22" pos="167.79" lane="2/1to3/1_0" slope="0.00"/>
        <vehicle id="11" x="328.43" y="598.35" angle="90.00" type="DEFAULT_VEHTYPE" speed="12.66" pos="123.68" lane="1/3to2/3_0" slope="0.00"/>
        <vehicle id="15" x="755.44" y="598.35" angle="90.00" type="DEFAULT_VEHTYPE" speed="13.65" pos="150.69" lane="3/3to4/3_0" slope="0.00"/>
        <vehicle id="16" x="280.38" y="598.35" angle="90.00" type="DEFAULT_VEHTYPE" speed="13.55" pos="75.63" lane="1/3to2/3_0" slope="0.00"/>
        <vehicle id="17" x="201.65" y="492.01" angle="180.00" type="DEFAULT_VEHTYPE" speed="13.60" pos="87.26" lane="1/2to1/3_0" slope="0.00"/>
        <vehicle id="18" x="598.35" y="588.38" angle="0.00" type="DEFAULT_VEHTYPE" speed="9.14" pos="6.87" lane="3/3to3/2_0" slope="0.00"/>
        <vehicle id="2" x="167.25" y="198.35" angle="90.00" type="DEFAULT_VEHTYPE" speed="12.95" pos="167.25" lane="0/1to1/1_0" slope="0.00"/>
        <vehicle id="24" x="367.44" y="201.65" angle="-90.00" type="DEFAULT_VEHTYPE" speed="13.51" pos="27.81" lane="2/1to1/1_0" slope="0.00"/>
        <vehicle id="28" x="601.65" y="377.59" angle="180.00" type="DEFAULT_VEHTYPE" speed="10.43" pos="172.84" lane="3/1to3/2_0" slope="0.00"/>
        <vehicle id="29" x="611.15" y="198.35" angle="90.00" type="DEFAULT_VEHTYPE" speed="8.51" pos="6.40" lane="3/1to4/1_0" slope="0.00"/>
        <vehicle id="3" x="598.35" y="535.30" angle="0.00" type="DEFAULT_VEHTYPE" speed="13.75" pos="59.95" lane="3/3to3/2_0" slope="0.00"/>
        <vehicle id="33" x="198.35" y="161.29" angle="0.00" type="DEFAULT_VEHTYPE" speed="12.93" pos="33.96" lane="1/1to1/0_0" slope="0.00"/>
        <vehicle id="37" x="398.35" y="652.08" angle="0.00" type="DEFAULT_VEHTYPE" speed="12.76" pos="147.92" lane="2/4to2/3_0" slope="0.00"/>
        <vehicle id="39" x="198.35" y="193.09" angle="12.86" type="DEFAULT_VEHTYPE" speed="7.24" pos="2.16" lane="1/1to1/0_0" slope="0.00"/>
        <vehicle id="40" x="521.00" y="401.65" angle="-90.00" type="DEFAULT_VEHTYPE" speed="13.87" pos="74.25" lane="3/2to2/2_0" slope="0.00"/>
        <vehicle id="42" x="56.38" y="401.65" angle="-90.00" type="DEFAULT_VEHTYPE" speed="12.97" pos="138.87" lane="1/2to0/2_0" slope="0.00"/>
        <vehicle id="43" x="398.35" y="618.48" angle="0.00" type="DEFAULT_VEHTYPE" speed="12.66" pos="181.52" lane="2/4to2/3_0" slope="0.00"/>
        <vehicle id="44" x="595.22" y="401.65" angle="-107.87" type="DEFAULT_VEHTYPE" speed="9.51" pos="0.03" lane="3/2to2/2_0" slope="0.00"/>
        <vehicle id="47" x="598.35" y="622.26" angle="0.00" type="DEFAULT_VEHTYPE" speed="13.66" pos="177.74" lane="3/4to3/3_0" slope="0.00"/>
        <vehicle id="48" x="601.65" y="291.77" angle="180.00" type="DEFAULT_VEHTYPE" speed="13.24" pos="87.02" lane="3/1to3/2_0" slope="0.00"/>
        <vehicle id="49" x="398.35" y="765.74" angle="0.00" type="DEFAULT_VEHTYPE" speed="12.71" pos="34.26" lane="2/4to2/3_0" slope="0.00"/>
        <vehicle id="5" x="398.35" y="503.67" angle="0.00" type="DEFAULT_VEHTYPE" speed="13.85" pos="91.58" lane="2/3to2/2_0" slope="0.00"/>
        <vehicle id="6" x="398.35" y="544.25" angle="0.00" type="DEFAULT_VEHTYPE" speed="13.14" pos="51.00" lane="2/3to2/2_0" slope="0.00"/>
        <vehicle id="7" x="13.57" y="401.65" angle="-90.00" type="DEFAULT_VEHTYPE" speed="13.72" pos="181.68" lane="1/2to0/2_0" slope="0.00"/>
        <vehicle id="8" x="401.65" y="121.38" angle="180.00" type="DEFAULT_VEHTYPE" speed="12.84" pos="121.38" lane="2/0to2/1_0" slope="0.00"/>
        <vehicle id="9" x="601.65" y="352.01" angle="180.00" type="DEFAULT_VEHTYPE" speed="13.24" pos="147.26" lane="3/1to3/2_0" slope="0.00"/>
    </timestep>
    <timestep time="158.00">
        <vehicle id="0" x="598.35" y="491.39" angle="0.00" type="DEFAULT_VEHTYPE" speed="12.99" pos="103.86" lane="3/3to3/2_0" slope="0.00"/>
        <vehicle id="10" x="582.09" y="198.35" angle="90.00" type="DEFAULT_VEHTYPE" speed="9.56" pos="177.34" lane="2/1to3/1_0" slope="0.00"/>
        <vehicle id="11" x="341.85" y="598.35" angle="90.00" type="DEFAULT_VEHTYPE" speed="13.42" pos="137.10" lane="1/3to2/3_0" slope="0.00"/>
        <vehicle id="15" x="768.49" y="598.35" angle="90.00" type="DEFAULT_VEHTYPE" speed="13.04" pos="163.74" lane="3/3to4/3_0" slope="0.00"/>
        <vehicle id="16" x="293.58" y="598.35" angle="90.00" type="DEFAULT_VEHTYPE" speed="13.19" pos="88.83" lane="1/3to2/3_0" slope="0.00"/>
        <vehicle id="17" x="201.65" y="504.71" angle="180.00" type="DEFAULT_VEHTYPE" speed="12.70" pos="99.96" lane="1/2to1/3_0" slope="0.00"/>
        <vehicle id="18" x="598.35" y="576.69" angle="0.00" type="DEFAULT_VEHTYPE" speed="11.70" pos="18.56" lane="3/3to3/2_0" slope="0.00"/>
        <vehicle id="2" x="178.17" y="198.35" angle="90.00" type="DEFAULT_VEHTYPE" speed="10.92" pos="178.17" lane="0/1to1/1_0" slope="0.00"/>
        <vehicle id="24" x="354.11" y="201.65" angle="-90.00" type="DEFAULT_VEHTYPE" speed="13.34" pos="41.14" lane="2/1to1/1_0" slope="0.00"/>
        <vehicle id="28" x="601.65" y="384.52" angle="180.00" type="DEFAULT_VEHTYPE" speed="6.93" pos="179.77" lane="3/1to3/2_0" slope="0.00"/>
        <vehicle id="29" x="622.16" y="198.35" angle="90.00" type="DEFAULT_VEHTYPE" speed="11.01" pos="17.41" lane="3/1to4/1_0" slope="0.00"/>
        <vehicle id="3" x="598.35" y="522.01" angle="0.00" type="DEFAULT_VEHTYPE" speed="13.29" pos="73.24" lane="3/3to3/2_0" slope="0.00"/>
        <vehicle id="33" x="198.35" y="148.64" angle="0.00" type="DEFAULT_VEHTYPE" speed="12.65" pos="46.61" lane="1/1to1/0_0" slope="0.00"/>
        <vehicle id="37" x="398.35" y="639.38" angle="0.00" type="DEFAULT_VEHTYPE" speed="12.70" pos="160.62" lane="2/4to2/3_0" slope="0.00"/>
        <vehicle id="39" x="198.35" y="183.53" angle="0.00" type="DEFAULT_VEHTYPE" speed="9.55" pos="11.72" lane="1/1to1/0_0" slope="0.00"/>
        <vehicle id="40" x="507.30" y="401.65" angle="-90.00" type="DEFAULT_VEHTYPE" speed="13.70" pos="87.95" lane="3/2to2/2_0" slope="0.00"/>
        <vehicle id="42" x="42.87" y="401.65" angle="-90.00" type="DEFAULT_VEHTYPE" speed="13.50" pos="152.38" lane="1/2to0/2_0" slope="0.00"/>
        <vehicle id="43" x="398.35" y="605.77" angle="0.00" type="DEFAULT_VEHTYPE" speed="12.71" pos="194.23" lane="2/4to2/3_0" slope="0.00"/>
        <vehicle id="44" x="584.19" y="401.65" angle="-90.00" type="DEFAULT_VEHTYPE" speed="11.04" pos="11.06" lane="3/2to2/2_0" slope="0.00"/>
        <vehicle id="47" x="598.35" y="609.03" angle="0.00" type="DEFAULT_VEHTYPE" speed="13.23" pos="190.97" lane="3/4to3/3_0" slope="0.00"/>
        <vehicle id="48" x="601.65" y="304.93" angle="180.00" type="DEFAULT_VEHTYPE" speed="13.16" pos="100.18" lane="3/1to3/2_0" slope="0.00"/>
        <vehicle id="49" x="398.35" y="753.06" angle="0.00" type="DEFAULT_VEHTYPE" speed="12.68" pos="46.94" lane="2/4to2/3_0" slope="0.00"/>
        <vehicle id="5" x="398.35" y="490.20" angle="0.00" type="DEFAULT_VEHTYPE" speed="13.47" pos="105.05" lane="2/3to2/2_0" slope="0.00"/>
        <vehicle id="6" x="398.35" y="530.45" angle="0.00" type="DEFAULT_VEHTYPE" speed="13.79" pos="64.80" lane="2/3to2/2_0" slope="0.00"/>
        <vehicle id="7" x="0.84" y="401.65" angle="-90.00" type="DEFAULT_VEHTYPE" speed="12.72" pos="194.41" lane="1/2to0/2_0" slope="0.00"/>
        <vehicle id="8" x="401.65" y="134.49" angle="180.00" type="DEFAULT_VEHTYPE" speed="13.10" pos="134.49" lane="2/0to2/1_0" slope="0.00"/>
        <vehicle id="9" x="601.65" y="364.28" angle="180.00" type="DEFAULT_VEHTYPE" speed="12.27" pos="159.53" lane="3/1to3/2_0" slope="0.00"/>
    </timestep>
    <timestep time="159.00">
        <vehicle id="0" x="598.35" y="478.41" angle="0.00" type="DEFAULT_VEHTYPE" speed="12.98" pos="116.84" lane="3/3to3/2_0" slope="0.00"/>
        <vehicle id="10" x="587.21" y="198.35" angle="90.00" type="DEFAULT_VEHTYPE" speed="5.12" pos="182.46" lane="2/1to3/1_0" slope="0.00"/>
        <vehicle id="11" x="355.34" y="598.35" angle="90.00" type="DEFAULT_VEHTYPE" speed="13.50" pos="150.59" lane="1/3to2/3_0" slope="0.00"/>
        <vehicle id="15" x="782.02" y="598.35" angle="90.00" type="DEFAULT_VEHTYPE" speed="13.53" pos="177.27" lane="3/3to4/3_0" slope="0.00"/>
        <vehicle id="16" x="306.39" y="598.35" angle="90.00" type="DEFAULT_VEHTYPE" speed="12.81" pos="101.64" lane="1/3to2/3_0" slope="0.00"/>
        <vehicle id="17" x="201.65" y="517.85" angle="180.00" type="DEFAULT_VEHTYPE" speed="13.14" pos="113.10" lane="1/2to1/3_0" slope="0.00"/>
        <vehicle id="18" x="598.35" y="563.62" angle="0.00" type="DEFAULT_VEHTYPE" speed="13.07" pos="31.63" lane="3/3to3/2_0" slope="0.00"/>
        <vehicle id="2" x="185.92" y="198.35" angle="90.00" type="DEFAULT_VEHTYPE" speed="7.74" pos="185.92" lane="0/1to1/1_0" slope="0.00"/>
        <vehicle id="24" x="340.24" y="201.65" angle="-90.00" type="DEFAULT_VEHTYPE" speed="13.87" pos="55.01" lane="2/1to1/1_0" slope="0.00"/>
        <vehicle id="28" x="601.65" y="389.29" angle="180.00" type="DEFAULT_VEHTYPE" speed="4.77" pos="184.54" lane="3/1to3/2_0" slope="0.00"/>
        <vehicle id="29" x="635.62" y="198.35" angle="90.00" type="DEFAULT_VEHTYPE" speed="13.45" pos="30.87" lane="3/1to4/1_0" slope="0.00"/>
        <vehicle id="3" x="598.35" y="508.96" angle="0.00" type="DEFAULT_VEHTYPE" speed="13.05" pos="86.29" lane="3/3to3/2_0" slope="0.00"/>
        <vehicle id="33" x="198.35" y="135.27" angle="0.00" type="DEFAULT_VEHTYPE" speed="13.37" pos="59.98" lane="1/1to1/0_0" slope="0.00"/>
        <vehicle id="37" x="398.35" y="625.83" angle="0.00" type="DEFAULT_VEHTYPE" speed="13.56" pos="174.17" lane="2/4to2/3_0" slope="0.00"/>
        <vehicle id="39" x="198.35" y="172.43" angle="0.00" type="DEFAULT_VEHTYPE" speed="11.10" pos="22.82" lane="1/1to1/0_0" slope="0.00"/>
        <vehicle id="40" x="493.41" y="401.65" angle="-90.00" type="DEFAULT_VEHTYPE" speed="13.88" pos="101.84" lane="3/2to2/2_0" slope="0.00"/>
        <vehicle id="42" x="29.07" y="401.65" angle="-90.00" type="DEFAULT_VEHTYPE" speed="13.81" pos="166.18" lane="1/2to0/2_0" slope="0.00"/>
        <vehicle id="43" x="398.35" y="592.32" angle="0.00" type="DEFAULT_VEHTYPE" speed="13.45" pos="2.93" lane="2/3to2/2_0" slope="0.00"/>
        <vehicle id="44" x="570.74" y="401.65" angle="-90.00" type="DEFAULT_VEHTYPE" speed="13.45" pos="24.51" lane="3/2to2/2_0" slope="0.00"/>
        <vehicle id="48" x="601.65" y="318.34" angle="180.00" type="DEFAULT_VEHTYPE" speed="13.41" pos="113.59" lane="3/1to3/2_0" slope="0.00"/>
        <vehicle id="49" x="398.35" y="740.21" angle="0.00" type="DEFAULT_VEHTYPE" speed="12.85" pos="59.79" lane="2/4to2/3_0" slope="0.00"/>
        <vehicle id="5" x="398.35" y="477.34" angle="0.00" type="DEFAULT_VEHTYPE" speed="12.86" pos="117.91" lane="2/3to2/2_0" slope="0.00"/>
        <vehicle id="6" x="398.35" y="516.90" angle="0.00" type="DEFAULT_VEHTYPE" speed="13.55" pos="78.35" lane="2/3to2/2_0" slope="0.00"/>
        <vehicle id="7" x="7.06" y="398.35" angle="90.00" type="DEFAULT_VEHTYPE" speed="12.72" pos="7.06" lane="0/2to1/2_0" slope="0.00"/>
        <vehicle id="8" x="401.65" y="148.26" angle="180.00" type="DEFAULT_VEHTYPE" speed="13.78" pos="148.26" lane="2/0to2/1_0" slope="0.00"/>
        <vehicle id="9" x="601.65" y="373.11" angle="180.00" type="DEFAULT_VEHTYPE" speed="8.83" pos="168.36" lane="3/1to3/2_0" slope="0.00"/>
    </timestep>
    <timestep time="160.00">
        <vehicle id="0" x="598.35" y="465.02" angle="0.00" type="DEFAULT_VEHTYPE" speed="13.39" pos="130.23" lane="3/3to3/2_0" slope="0.00"/>
        <vehicle id="10" x="590.77" y="198.35" angle="90.00" type="DEFAULT_VEHTYPE" speed="3.56" pos="186.02" lane="2/1to3/1_0" slope="0.00"/>
        <vehicle id="11" x="368.38" y="598.35" angle="90.00" type="DEFAULT_VEHTYPE" speed="13.04" pos="163.63" lane="1/3to2/3_0" slope="0.00"/>
        <vehicle id="15" x="795.86" y="598.35" angle="90.00" type="DEFAULT_VEHTYPE" speed="13.84" pos="191.11" lane="3/3to4/3_0" slope="0.00"/>
        <vehicle id="16" x="319.18" y="598.35" angle="90.00" type="DEFAULT_VEHTYPE" speed="12.79" pos="114.43" lane="1/3to2/3_0" slope="0.00"/>
        <vehicle id="17" x="201.65" y="530.65" angle="180.00" type="DEFAULT_VEHTYPE" speed="12.80" pos="125.90" lane="1/2to1/3_0" slope="0.00"/>
        <vehicle id="18" x="598.35" y="549.73" angle="0.00" type="DEFAULT_VEHTYPE" speed="13.88" pos="45.52" lane="3/3to3/2_0" slope="0.00"/>
        <vehicle id="2" x="190.12" y="198.35" angle="90.00" type="DEFAULT_VEHTYPE" speed="4.20" pos="190.12" lane="0/1to1/1_0" slope="0.00"/>
        <vehicle id="24" x="326.55" y="201.65" angle="-90.00" type="DEFAULT_VEHTYPE" speed="13.69" pos="68.70" lane="2/1to1/1_0" slope="0.00"/>
        <vehicle id="28" x="601.48" y="396.46" angle="-178.02" type="DEFAULT_VEHTYPE" speed="7.18" pos="1.22" lane=":3/2_10_0" slope="0.00"/>
        <vehicle id="29" x="649.27" y="198.35" angle="90.00" type="DEFAULT_VEHTYPE" speed="13.65" pos="44.52" lane="3/1to4/1_0" slope="0.00"/>
        <vehicle id="3" x="598.35" y="495.71" angle="0.00" type="DEFAULT_VEHTYPE" speed="13.24" pos="99.54" lane="3/3to3/2_0" slope="0.00"/>
        <vehicle id="33" x="198.35" y="121.72" angle="0.00" type="DEFAULT_VEHTYPE" speed="13.54" pos="73.53" lane="1/1to1/0_0" slope="0.00"/>
        <vehicle id="37" x="398.35" y="612.25" angle="0.00" type="DEFAULT_VEHTYPE" speed="13.58" pos="187.75" lane="2/4to2/3_0" slope="0.00"/>
        <vehicle id="39" x="198.35" y="159.01" angle="0.00" type="DEFAULT_VEHTYPE" speed="13.43" pos="36.24" lane="1/1to1/0_0" slope="0.00"/>
        <vehicle id="40" x="479.71" y="401.65" angle="-90.00" type="DEFAULT_VEHTYPE" speed="13.70" pos="115.54" lane="3/2to2/2_0" slope="0.00"/>
        <vehicle id="42" x="15.88" y="401.65" angle="-90.00" type="DEFAULT_VEHTYPE" speed="13.19" pos="179.37" lane="1/2to0/2_0" slope="0.00"/>
        <vehicle id="43" x="398.35" y="578.79" angle="0.00" type="DEFAULT_VEHTYPE" speed="13.53" pos="16.46" lane="2/3to2/2_0" slope="0.00"/>
        <vehicle id="44" x="557.73" y="401.65" angle="-90.00" type="DEFAULT_VEHTYPE" speed="13.01" pos="37.52" lane="3/2to2/2_0" slope="0.00"/>
        <vehicle id="48" x="601.65" y="331.87" angle="180.00" type="DEFAULT_VEHTYPE" speed="13.53" pos="127.12" lane="3/1to3/2_0" slope="0.00"/>
        <vehicle id="49" x="398.35" y="726.51" angle="0.00" type="DEFAULT_VEHTYPE" speed="13.70" pos="73.49" lane="2/4to2/3_0" slope="0.00"/>
        <vehicle id="5" x="398.35" y="463.60" angle="0.00" type="DEFAULT_VEHTYPE" speed="13.74" pos="131.65" lane="2/3to2/2_0" slope="0.00"/>
        <vehicle id="6" x="398.35" y="503.64" angle="0.00" type="DEFAULT_VEHTYPE" speed="13.27" pos="91.61" lane="2/3to2/2_0" slope="0.00"/>
        <vehicle id="7" x="20.33" y="398.35" angle="90.00" type="DEFAULT_VEHTYPE" speed="13.27" pos="20.33" lane="0/2to1/2_0" slope="0.00"/>
        <vehicle id="8" x="401.65" y="161.41" angle="180.00" type="DEFAULT_VEHTYPE" speed="13.15" pos="161.41" lane="2/0to2/1_0" slope="0.00"/>
        <vehicle id="9" x="601.65" y="378.87" angle="180.00" type="DEFAULT_VEHTYPE" speed="5.76" pos="174.12" lane="3/1to3/2_0" slope="0.00"/>
    </timestep>
    <timestep time="161.00">
        <vehicle id="0" x="598.35" y="451.86" angle="0.00" type="DEFAULT_VEHTYPE" speed="13.16" pos="143.39" lane="3/3to3/2_0" slope="0.00"/>
        <vehicle id="10" x="596.32" y="198.50" angle="91.76" type="DEFAULT_VEHTYPE" speed="5.56" pos="1.08" lane=":3/1_14_0" slope="0.00"/>
        <vehicle id="11" x="378.79" y="598.35" angle="90.00" type="DEFAULT_VEHTYPE" speed="10.41" pos="174.04" lane="1/3to2/3_0" slope="0.00"/>
        <vehicle id="15" x="795.23" y="601.65" angle="-91.48" type="DEFAULT_VEHTYPE" speed="13.73" pos="4.77" lane="4/3to3/3_0" slope="0.00"/>
        <vehicle id="16" x="332.96" y="598.35" angle="90.00" type="DEFAULT_VEHTYPE" speed="13.79" pos="128.21" lane="1/3to2/3_0" slope="0.00"/>
        <vehicle id="17" x="201.65" y="543.30" angle="180.00" type="DEFAULT_VEHTYPE" speed="12.66" pos="138.55" lane="1/2to1/3_0" slope="0.00"/>
        <vehicle id="18" x="598.35" y="536.71" angle="0.00" type="DEFAULT_VEHTYPE" speed="13.03" pos="58.54" lane="3/3to3/2_0" slope="0.00"/>
        <vehicle id="2" x="195.96" y="198.25" angle="88.86" type="DEFAULT_VEHTYPE" speed="5.85" pos="0.72" lane=":1/1_12_0" slope="0.00"/>
        <vehicle id="24" x="313.80" y="201.65" angle="-90.00" type="DEFAULT_VEHTYPE" speed="12.75" pos="81.45" lane="2/1to1/1_0" slope="0.00"/>
        <vehicle id="28" x="594.91" y="401.65" angle="-105.92" type="DEFAULT_VEHTYPE" speed="9.44" pos="0.34" lane="3/2to2/2_0" slope="0.00"/>
        <vehicle id="29" x="663.10" y="198.35" angle="90.00" type="DEFAULT_VEHTYPE" speed="13.83" pos="58.35" lane="3/1to4/1_0" slope="0.00"/>
        <vehicle id="3" x="598.35" y="483.07" angle="0.00" type="DEFAULT_VEHTYPE" speed="12.64" pos="112.18" lane="3/3to3/2_0" slope="0.00"/>
        <vehicle id="33" x="198.35" y="108.75" angle="0.00" type="DEFAULT_VEHTYPE" speed="12.97" pos="86.50" lane="1/1to1/0_0" slope="0.00"/>
        <vehicle id="37" x="398.35" y="598.77" angle="0.00" type="DEFAULT_VEHTYPE" speed="13.47" pos="5.98" lane=":2/3_1_0" slope="0.00"/>
        <vehicle id="39" x="198.35" y="146.00" angle="0.00" type="DEFAULT_VEHTYPE" speed="13.01" pos="49.25" lane="1/1to1/0_0" slope="0.00"/>
        <vehicle id="40" x="466.57" y="401.65" angle="-90.00" type="DEFAULT_VEHTYPE" speed="13.14" pos="128.68" lane="3/2to2/2_0" slope="0.00"/>
        <vehicle id="42" x="2.98" y="401.65" angle="-90.00" type="DEFAULT_VEHTYPE" speed="12.90" pos="192.27" lane="1/2to0/2_0" slope="0.00"/>
        <vehicle id="43" x="398.35" y="566.04" angle="0.00" type="DEFAULT_VEHTYPE" speed="12.75" pos="29.21" lane="2/3to2/2_0" slope="0.00"/>
        <vehicle id="44" x="544.72" y="401.65" angle="-90.00" type="DEFAULT_VEHTYPE" speed="13.01" pos="50.53" lane="3/2to2/2_0" slope="0.00"/>
        <vehicle id="48" x="601.65" y="344.96" angle="180.00" type="DEFAULT_VEHTYPE" speed="13.09" pos="140.21" lane="3/1to3/2_0" slope="0.00"/>
        <vehicle id="49" x="398.35" y="713.84" angle="0.00" type="DEFAULT_VEHTYPE" speed="12.67" pos="86.16" lane="2/4to2/3_0" slope="0.00"/>
        <vehicle id="5" x="398.35" y="450.17" angle="0.00" type="DEFAULT_VEHTYPE" speed="13.43" pos="145.08" lane="2/3to2/2_0" slope="0.00"/>
        <vehicle id="6" x="398.35" y="490.72" angle="0.00" type="DEFAULT_VEHTYPE" speed="12.92" pos="104.53" lane="2/3to2/2_0" slope="0.00"/>
        <vehicle id="7" x="34.17" y="398.35" angle="90.00" type="DEFAULT_VEHTYPE" speed="13.84" pos="34.17" lane="0/2to1/2_0" slope="0.00"/>
        <vehicle id="8" x="401.65" y="174.12" angle="180.00" type="DEFAULT_VEHTYPE" speed="12.71" pos="174.12" lane="2/0to2/1_0" slope="0.00"/>
        <vehicle id="9" x="601.65" y="385.80" angle="180.00" type="DEFAULT_VEHTYPE" speed="6.93" pos="181.05" lane="3/1to3/2_0" slope="0.00"/>
    </timestep>
    <timestep time="162.00">
        <vehicle id="0" x="598.35" y="439.21" angle="0.00" type="DEFAULT_VEHTYPE" speed="12.65" pos="156.04" lane="3/3to3/2_0" slope="0.00"/>
        <vehicle id="10" x="601.38" y="202.84" angle="143.21" type="DEFAULT_VEHTYPE" speed="7.31" pos="8.39" lane=":3/1_14_0" slope="0.00"/>
        <vehicle id="11" x="385.34" y="598.35" angle="90.00" type="DEFAULT_VEHTYPE" speed="6.55" pos="180.59" lane="1/3to2/3_0" slope="0.00"/>
        <vehicle id="15" x="782.00" y="601.65" angle="-90.00" type="DEFAULT_VEHTYPE" speed="13.23" pos="18.00" lane="4/3to3/3_0" slope="0.00"/>
        <vehicle id="16" x="345.93" y="598.35" angle="90.00" type="DEFAULT_VEHTYPE" speed="12.97" pos="141.18" lane="1/3to2/3_0" slope="0.00"/>
        <vehicle id="17" x="201.65" y="556.22" angle="180.00" type="DEFAULT_VEHTYPE" speed="12.92" pos="151.47" lane="1/2to1/3_0" slope="0.00"/>
        <vehicle id="18" x="598.35" y="523.62" angle="0.00" type="DEFAULT_VEHTYPE" speed="13.08" pos="71.63" lane="3/3to3/2_0" slope="0.00"/>
        <vehicle id="2" x="198.35" y="191.75" angle="2.95" type="DEFAULT_VEHTYPE" speed="7.79" pos="3.50" lane="1/1to1/0_0" slope="0.00"/>
        <vehicle id="24" x="299.97" y="201.65" angle="-90.00" type="DEFAULT_VEHTYPE" speed="13.83" pos="95.28" lane="2/1to1/1_0" slope="0.00"/>
        <vehicle id="28" x="582.91" y="401.65" angle="-90.00" type="DEFAULT_VEHTYPE" speed="12.00" pos="12.34" lane="3/2to2/2_0" slope="0.00"/>
        <vehicle id="29" x="676.77" y="198.35" angle="90.00" type="DEFAULT_VEHTYPE" speed="13.68" pos="72.02" lane="3/1to4/1_0" slope="0.00"/>
        <vehicle id="3" x="598.35" y="469.84" angle="0.00" type="DEFAULT_VEHTYPE" speed="13.23" pos="125.41" lane="3/3to3/2_0" slope="0.00"/>
        <vehicle id="33" x="198.35" y="95.24" angle="0.00" type="DEFAULT_VEHTYPE" speed="13.52" pos="100.01" lane="1/1to1/0_0" slope="0.00"/>
        <vehicle id="37" x="398.35" y="585.34" angle="0.00" type="DEFAULT_VEHTYPE" speed="13.43" pos="9.91" lane="2/3to2/2_0" slope="0.00"/>
        <vehicle id="39" x="198.35" y="132.48" angle="0.00" type="DEFAULT_VEHTYPE" speed="13.52" pos="62.77" lane="1/1to1/0_0" slope="0.00"/>
        <vehicle id="40" x="453.60" y="401.65" angle="-90.00" type="DEFAULT_VEHTYPE" speed="12.97" pos="141.65" lane="3/2to2/2_0" slope="0.00"/>
        <vehicle id="42" x="5.26" y="398.35" angle="90.00" type="DEFAULT_VEHTYPE" speed="13.05" pos="5.26" lane="0/2to1/2_0" slope="0.00"/>
        <vehicle id="43" x="398.35" y="552.97" angle="0.00" type="DEFAULT_VEHTYPE" speed="13.08" pos="42.28" lane="2/3to2/2_0" slope="0.00"/>
        <vehicle id="44" x="531.31" y="401.65" angle="-90.00" type="DEFAULT_VEHTYPE" speed="13.41" pos="63.94" lane="3/2to2/2_0" slope="0.00"/>
        <vehicle id="48" x="601.65" y="357.98" angle="180.00" type="DEFAULT_VEHTYPE" speed="13.02" pos="153.23" lane="3/1to3/2_0" slope="0.00"/>
        <vehicle id="49" x="398.35" y="700.77" angle="0.00" type="DEFAULT_VEHTYPE" speed="13.07" pos="99.23" lane="2/4to2/3_0" slope="0.00"/>
        <vehicle id="5" x="398.35" y="437.03" angle="0.00" type="DEFAULT_VEHTYPE" speed="13.14" pos="158.22" lane="2/3to2/2_0" slope="0.00"/>
        <vehicle id="6" x="398.35" y="476.83" angle="0.00" type="DEFAULT_VEHTYPE" speed="13.89" pos="118.42" lane="2/3to2/2_0" slope="0.00"/>
        <vehicle id="7" x="46.82" y="398.35" angle="90.00" type="DEFAULT_VEHTYPE" speed="12.66" pos="46.82" lane="0/2to1/2_0" slope="0.00"/>
        <vehicle id="8" x="401.65" y="187.52" angle="180.00" type="DEFAULT_VEHTYPE" speed="13.40" pos="187.52" lane="2/0to2/1_0" slope="0.00"/>
        <vehicle id="9" x="601.65" y="389.27" angle="180.00" type="DEFAULT_VEHTYPE" speed="3.47" pos="184.52" lane="3/1to3/2_0" slope="0.00"/>
    </timestep>
    <timestep time="163.00">
        <vehicle id="0" x="598.35" y="425.52" angle="0.00" type="DEFAULT_VEHTYPE" speed="13.69" pos="169.73" lane="3/3to3/2_0" slope="0.00"/>
        <vehicle id="10" x="601.65" y="212.65" angle="180.00" type="DEFAULT_VEHTYPE" speed="9.83" pos="7.90" lane="3/1to3/2_0" slope="0.00"/>
        <vehicle id="11" x="389.22" y="598.35" angle="90.00" type="DEFAULT_VEHTYPE" speed="3.87" pos="184.47" lane="1/3to2/3_0" slope="0.00"/>
        <vehicle id="15" x="769.30" y="601.65" angle="-90.00" type="DEFAULT_VEHTYPE" speed="12.70" pos="30.70" lane="4/3to3/3_0" slope="0.00"/>
        <vehicle id="16" x="359.18" y="598.35" angle="90.00" type="DEFAULT_VEHTYPE" speed="13.25" pos="154.43" lane="1/3to2/3_0" slope="0.00"/>
        <vehicle id="17" x="201.65" y="569.99" angle="180.00" type="DEFAULT_VEHTYPE" speed="13.77" pos="165.24" lane="1/2to1/3_0" slope="0.00"/>
        <vehicle id="18" x="598.35" y="511.02" angle="0.00" type="DEFAULT_VEHTYPE" speed="12.60" pos="84.23" lane="3/3to3/2_0" slope="0.00"/>
        <vehicle id="2" x="198.35" y="181.77" angle="0.00" type="DEFAULT_VEHTYPE" speed="9.98" pos="13.48" lane="1/1to1/0_0" slope="0.00"/>
        <vehicle id="24" x="287.19" y="201.65" angle="-90.00" type="DEFAULT_VEHTYPE" speed="12.77" pos="108.06" lane="2/1to1/1_0" slope="0.00"/>
        <vehicle id="28" x="569.16" y="401.65" angle="-90.00" type="DEFAULT_VEHTYPE" speed="13.75" pos="26.09" lane="3/2to2/2_0" slope="0.00"/>
        <vehicle id="29" x="690.20" y="198.35" angle="90.00" type="DEFAULT_VEHTYPE" speed="13.42" pos="85.45" lane="3/1to4/1_0" slope="0.00"/>
        <vehicle id="3" x="598.35" y="457.09" angle="0.00" type="DEFAULT_VEHTYPE" speed="12.75" pos="138.16" lane="3/3to3/2_0" slope="0.00"/>
        <vehicle id="33" x="198.35" y="81.77" angle="0.00" type="DEFAULT_VEHTYPE" speed="13.47" pos="113.48" lane="1/1to1/0_0" slope="0.00"/>
        <vehicle id="37" x="398.35" y="572.58" angle="0.00" type="DEFAULT_VEHTYPE" speed="12.76" pos="22.67" lane="2/3to2/2_0" slope="0.00"/>
        <vehicle id="39" x="198.35" y="119.61" angle="0.00" type="DEFAULT_VEHTYPE" speed="12.87" pos="75.64" lane="1/1to1/0_0" slope="0.00"/>
        <vehicle id="40" x="440.61" y="401.65" angle="-90.00" type="DEFAULT_VEHTYPE" speed="12.99" pos="154.64" lane="3/2to2/2_0" slope="0.00"/>
        <vehicle id="42" x="18.41" y="398.35" angle="90.00" type="DEFAULT_VEHTYPE" speed="13.15" pos="18.41" lane="0/2to1/2_0" slope="0.00"/>
        <vehicle id="43" x="398.35" y="540.13" angle="0.00" type="DEFAULT_VEHTYPE" speed="12.84" pos="55.12" lane="2/3to2/2_0" slope="0.00"/>
        <vehicle id="44" x="518.47" y="401.65" angle="-90.00" type="DEFAULT_VEHTYPE" speed="12.84" pos="76.78" lane="3/2to2/2_0" slope="0.00"/>
        <vehicle id="48" x="601.65" y="368.73" angle="180.00" type="DEFAULT_VEHTYPE" speed="10.75" pos="163.98" lane="3/1to3/2_0" slope="0.00"/>
        <vehicle id="49" x="398.35" y="687.71" angle="0.00" type="DEFAULT_VEHTYPE" speed="13.06" pos="112.29" lane="2/4to2/3_0" slope="0.00"/>
        <vehicle id="5" x="398.35" y="423.68" angle="0.00" type="DEFAULT_VEHTYPE" speed="13.35" pos="171.57" lane="2/3to2/2_0" slope="0.00"/>
        <vehicle id="6" x="398.35" y="463.47" angle="0.00" type="DEFAULT_VEHTYPE" speed="13.37" pos="131.78" lane="2/3to2/2_0" slope="0.00"/>
        <vehicle id="7" x="59.49" y="398.35" angle="90.00" type="DEFAULT_VEHTYPE" speed="12.66" pos="59.49" lane="0/2to1/2_0" slope="0.00"/>
        <vehicle id="8" x="405.32" y="198.35" angle="125.26" type="DEFAULT_VEHTYPE" speed="13.30" pos="0.57" lane="2/1to3/1_0" slope="0.00"/>
        <vehicle id="9" x="601.65" y="394.10" angle="180.00" type="DEFAULT_VEHTYPE" speed="4.82" pos="189.35" lane="3/1to3/2_0" slope="0.00"/>
    </timestep>
    <timestep time="164.00">
        <vehicle id="0" x="598.35" y="411.88" angle="0.00" type="DEFAULT_VEHTYPE" speed="13.64" pos="183.37" lane="3/3to3/2_0" slope="0.00"/>
        <vehicle id="10" x="601.65" y="224.05" angle="180.00" type="DEFAULT_VEHTYPE" speed="11.40" pos="19.30" lane="3/1to3/2_0" slope="0.00"/>
        <vehicle id="11" x="394.83" y="598.35" angle="90.00" type="DEFAULT_VEHTYPE" speed="5.61" pos="190.08" lane="1/3to2/3_0" slope="0.00"/>
        <vehicle id="15" x="755.73" y="601.65" angle="-90.00" type="DEFAULT_VEHTYPE" speed="13.57" pos="44.27" lane="4/3to3/3_0" slope="0.00"/>
        <vehicle id="16" x="368.73" y="598.35" angle="90.00" type="DEFAULT_VEHTYPE" speed="9.55" pos="163.98" lane="1/3to2/3_0" slope="0.00"/>
        <vehicle id="17" x="201.65" y="583.59" angle="180.00" type="DEFAULT_VEHTYPE" speed="13.60" pos="178.84" lane="1/2to1/3_0" slope="0.00"/>
        <vehicle id="18" x="598.35" y="498.02" angle="0.00" type="DEFAULT_VEHTYPE" speed="13.00" pos="97.23" lane="3/3to3/2_0" slope="0.00"/>
        <vehicle id="2" x="198.35" y="170.16" angle="0.00" type="DEFAULT_VEHTYPE" speed="11.61" pos="25.09" lane="1/1to1/0_0" slope="0.00"/>
        <vehicle id="24" x="273.77" y="201.65" angle="-90.00" type="DEFAULT_VEHTYPE" speed="13.42" pos="121.48" lane="2/1to1/1_0" slope="0.00"/>
        <vehicle id="28" x="556.32" y="401.65" angle="-90.00" type="DEFAULT_VEHTYPE" speed="12.84" pos="38.93" lane="3/2to2/2_0" slope="0.00"/>
        <vehicle id="29" x="703.84" y="198.35" angle="90.00" type="DEFAULT_VEHTYPE" speed="13.64" pos="99.09" lane="3/1to4/1_0" slope="0.00"/>
        <vehicle id="3" x="598.35" y="443.34" angle="0.00" type="DEFAULT_VEHTYPE" speed="13.75" pos="151.91" lane="3/3to3/2_0" slope="0.00"/>
        <vehicle id="33" x="198.35" y="68.94" angle="0.00" type="DEFAULT_VEHTYPE" speed="12.83" pos="126.31" lane="1/1to1/0_0" slope="0.00"/>
        <vehicle id="37" x="398.35" y="559.91" angle="0.00" type="DEFAULT_VEHTYPE" speed="12.68" pos="35.34" lane="2/3to2/2_0" slope="0.00"/>
        <vehicle id="39" x="198.35" y="106.07" angle="0.00" type="DEFAULT_VEHTYPE" speed="13.55" pos="89.18" lane="1/1to1/0_0" slope="0.00"/>
        <vehicle id="40" x="427.43" y="401.65" angle="-90.00" type="DEFAULT_VEHTYPE" speed="13.18" pos="167.82" lane="3/2to2/2_0" slope="0.00"/>
        <vehicle id="42" x="32.19" y="398.35" angle="90.00" type="DEFAULT_VEHTYPE" speed="13.78" pos="32.19" lane="0/2to1/2_0" slope="0.00"/>
        <vehicle id="43" x="398.35" y="527.14" angle="0.00" type="DEFAULT_VEHTYPE" speed="12.99" pos="68.11" lane="2/3to2/2_0" slope="0.00"/>
        <vehicle id="44" x="505.76" y="401.65" angle="-90.00" type="DEFAULT_VEHTYPE" speed="12.71" pos="89.49" lane="3/2to2/2_0" slope="0.00"/>
        <vehicle id="48" x="601.65" y="378.23" angle="180.00" type="DEFAULT_VEHTYPE" speed="9.50" pos="173.48" lane="3/1to3/2_0" slope="0.00"/>
        <vehicle id="49" x="398.35" y="675.00" angle="0.00" type="DEFAULT_VEHTYPE" speed="12.71" pos="125.00" lane="2/4to2/3_0" slope="0.00"/>
        <vehicle id="5" x="398.35" y="410.67" angle="0.00" type="DEFAULT_VEHTYPE" speed="13.01" pos="184.58" lane="2/3to2/2_0" slope="0.00"/>
        <vehicle id="6" x="398.35" y="449.79" angle="0.00" type="DEFAULT_VEHTYPE" speed="13.68" pos="145.46" lane="2/3to2/2_0" slope="0.00"/>
        <vehicle id="7" x="72.92" y="398.35" angle="90.00" type="DEFAULT_VEHTYPE" speed="13.43" pos="72.92" lane="0/2to1/2_0" slope="0.00"/>
        <vehicle id="8" x="418.69" y="198.35" angle="90.00" type="DEFAULT_VEHTYPE" speed="13.38" pos="13.94" lane="2/1to3/1_0" slope="0.00"/>
        <vehicle id="9" x="601.31" y="397.66" angle="-176.05" type="DEFAULT_VEHTYPE" speed="3.59" pos="2.43" lane=":3/2_10_0" slope="0.00"/>
    </timestep>
    <timestep time="165.00">
        <vehicle id="0" x="594.05" y="401.65" angle="-65.12" type="DEFAULT_VEHTYPE" speed="13.33" pos="1.20" lane="3/2to2/2_0" slope="0.00"/>
        <vehicle id="10" x="601.65" y="237.69" angle="180.00" type="DEFAULT_VEHTYPE" speed="13.63" pos="32.94" lane="3/1to3/2_0" slope="0.00"/>
        <vehicle id="11" x="400.84" y="601.27" angle="124.47" type="DEFAULT_VEHTYPE" speed="7.12" pos="6.70" lane=":2/3_14_0" slope="0.00"/>
        <vehicle id="15" x="742.17" y="601.65" angle="-90.00" type="DEFAULT_VEHTYPE" speed="13.56" pos="57.83" lane="4/3to3/3_0" slope="0.00"/>
        <vehicle id="16" x="379.11" y="598.35" angle="90.00" type="DEFAULT_VEHTYPE" speed="10.38" pos="174.36" lane="1/3to2/3_0" slope="0.00"/>
        <vehicle id="17" x="201.78" y="596.20" angle="178.49" type="DEFAULT_VEHTYPE" speed="12.62" pos="0.95" lane=":1/3_8_0" slope="0.00"/>
        <vehicle id="18" x="598.35" y="485.05" angle="0.00" type="DEFAULT_VEHTYPE" speed="12.97" pos="110.20" lane="3/3to3/2_0" slope="0.00"/>
        <vehicle id="2" x="198.35" y="156.32" angle="0.00" type="DEFAULT_VEHTYPE" speed="13.84" pos="38.93" lane="1/1to1/0_0" slope="0.00"/>
        <vehicle id="24" x="260.86" y="201.65" angle="-90.00" type="DEFAULT_VEHTYPE" speed="12.91" pos="134.39" lane="2/1to1/1_0" slope="0.00"/>
        <vehicle id="28" x="542.75" y="401.65" angle="-90.00" type="DEFAULT_VEHTYPE" speed="13.57" pos="52.50" lane="3/2to2/2_0" slope="0.00"/>
        <vehicle id="29" x="717.65" y="198.35" angle="90.00" type="DEFAULT_VEHTYPE" speed="13.81" pos="112.90" lane="3/1to4/1_0" slope="0.00"/>
        <vehicle id="3" x="598.35" y="430.61" angle="0.00" type="DEFAULT_VEHTYPE" speed="12.73" pos="164.64" lane="3/3to3/2_0" slope="0.00"/>
        <vehicle id="33" x="198.35" y="55.58" angle="0.00" type="DEFAULT_VEHTYPE" speed="13.36" pos="139.67" lane="1/1to1/0_0" slope="0.00"/>
        <vehicle id="37" x="398.35" y="546.05" angle="0.00" type="DEFAULT_VEHTYPE" speed="13.85" pos="49.20" lane="2/3to2/2_0" slope="0.00"/>
        <vehicle id="39" x="198.35" y="93.01" angle="0.00" type="DEFAULT_VEHTYPE" speed="13.06" pos="102.24" lane="1/1to1/0_0" slope="0.00"/>
        <vehicle id="40" x="418.75" y="401.65" angle="-90.00" type="DEFAULT_VEHTYPE" speed="8.68" pos="176.50" lane="3/2to2/2_0" slope="0.00"/>
        <vehicle id="42" x="44.84" y="398.35" angle="90.00" type="DEFAULT_VEHTYPE" speed="12.65" pos="44.84" lane="0/2to1/2_0" slope="0.00"/>
        <vehicle id="43" x="398.35" y="513.82" angle="0.00" type="DEFAULT_VEHTYPE" speed="13.32" pos="81.43" lane="2/3to2/2_0" slope="0.00"/>
        <vehicle id="44" x="492.34" y="401.65" angle="-90.00" type="DEFAULT_VEHTYPE" speed="13.42" pos="102.91" lane="3/2to2/2_0" slope="0.00"/>
        <vehicle id="48" x="601.65" y="384.94" angle="180.00" type="DEFAULT_VEHTYPE" speed="6.71" pos="180.19" lane="3/1to3/2_0" slope="0.00"/>
        <vehicle id="49" x="398.35" y="661.25" angle="0.00" type="DEFAULT_VEHTYPE" speed="13.76" pos="138.75" lane="2/4to2/3_0" slope="0.00"/>
        <vehicle id="5" x="392.61" y="401.65" angle="-81.81" type="DEFAULT_VEHTYPE" speed="13.56" pos="2.64" lane="2/2to1/2_0" slope="0.00"/>
        <vehicle id="6" x="398.35" y="436.81" angle="0.00" type="DEFAULT_VEHTYPE" speed="12.97" pos="158.44" lane="2/3to2/2_0" slope="0.00"/>
        <vehicle id="7" x="85.52" y="398.35" angle="90.00" type="DEFAULT_VEHTYPE" speed="12.60" pos="85.52" lane="0/2to1/2_0" slope="0.00"/>
        <vehicle id="8" x="431.49" y="198.35" angle="90.00" type="DEFAULT_VEHTYPE" speed="12.80" pos="26.74" lane="2/1to3/1_0" slope="0.00"/>
        <vehicle id="9" x="600.62" y="399.10" angle="-167.89" type="DEFAULT_VEHTYPE" speed="1.62" pos="4.05" lane=":3/2_10_0" slope="0.00"/>
    </timestep>
    <timestep time="166.00">
        <vehicle id="0" x="580.62" y="401.65" angle="-90.00" type="DEFAULT_VEHTYPE" speed="13.43" pos="14.63" lane="3/2to2/2_0" slope="0.00"/>
        <vehicle id="10" x="601.65" y="251.05" angle="180.00" type="DEFAULT_VEHTYPE" speed="13.37" pos="46.30" lane="3/1to3/2_0" slope="0.00"/>
        <vehicle id="11" x="401.65" y="610.09" angle="180.00" type="DEFAULT_VEHTYPE" speed="8.95" pos="5.34" lane="2/3to2/4_0" slope="0.00"/>
        <vehicle id="15" x="728.39" y="601.65" angle="-90.00" type="DEFAULT_VEHTYPE" speed="13.78" pos="71.61" lane="4/3to3/3_0" slope="0.00"/>
        <vehicle id="16" x="385.83" y="598.35" angle="90.00" type="DEFAULT_VEHTYPE" speed="6.72" pos="181.08" lane="1/3to2/3_0" slope="0.00"/>
        <vehicle id="17" x="214.15" y="598.35" angle="90.00" type="DEFAULT_VEHTYPE" speed="13.45" pos="9.40" lane="1/3to2/3_0" slope="0.00"/>
        <vehicle id="18" x="598.35" y="471.53" angle="0.00" type="DEFAULT_VEHTYPE" speed="13.52" pos="123.72" lane="3/3to3/2_0" slope="0.00"/>
        <vehicle id="2" x="198.35" y="142.82" angle="0.00" type="DEFAULT_VEHTYPE" speed="13.50" pos="52.43" lane="1/1to1/0_0" slope="0.00"/>
        <vehicle id="24" x="247.53" y="201.65" angle="-90.00" type="DEFAULT_VEHTYPE" speed="13.33" pos="147.72" lane="2/1to1/1_0" slope="0.00"/>
        <vehicle id="28" x="529.08" y="401.65" angle="-90.00" type="DEFAULT_VEHTYPE" speed="13.67" pos="66.17" lane="3/2to2/2_0" slope="0.00"/>
        <vehicle id="29" x="730.79" y="198.35" angle="90.00" type="DEFAULT_VEHTYPE" speed="13.14" pos="126.04" lane="3/1to4/1_0" slope="0.00"/>
        <vehicle id="3" x="598.35" y="416.76" angle="0.00" type="DEFAULT_VEHTYPE" speed="13.85" pos="178.49" lane="3/3to3/2_0" slope="0.00"/>
        <vehicle id="33" x="198.35" y="42.05" angle="0.00" type="DEFAULT_VEHTYPE" speed="13.53" pos="153.20" lane="1/1to1/0_0" slope="0.00"/>
        <vehicle id="37" x="398.35" y="532.97" angle="0.00" type="DEFAULT_VEHTYPE" speed="13.08" pos="62.28" lane="2/3to2/2_0" slope="0.00"/>
        <vehicle id="39" x="198.35" y="80.20" angle="0.00" type="DEFAULT_VEHTYPE" speed="12.80" pos="115.05" lane="1/1to1/0_0" slope="0.00"/>
        <vehicle id="40" x="412.66" y="401.65" angle="-90.00" type="DEFAULT_VEHTYPE" speed="6.09" pos="182.59" lane="3/2to2/2_0" slope="0.00"/>
        <vehicle id="42" x="58.08" y="398.35" angle="90.00" type="DEFAULT_VEHTYPE" speed="13.24" pos="58.08" lane="0/2to1/2_0" slope="0.00"/>
        <vehicle id="43" x="398.35" y="500.71" angle="0.00" type="DEFAULT_VEHTYPE" speed="13.11" pos="94.54" lane="2/3to2/2_0" slope="0.00"/>
        <vehicle id="44" x="479.52" y="401.65" angle="-90.00" type="DEFAULT_VEHTYPE" speed="12.82" pos="115.73" lane="3/2to2/2_0" slope="0.00"/>
        <vehicle id="48" x="601.65" y="388.33" angle="180.00" type="DEFAULT_VEHTYPE" speed="3.39" pos="183.58" lane="3/1to3/2_0" slope="0.00"/>
        <vehicle id="49" x="398.35" y="648.60" angle="0.00" type="DEFAULT_VEHTYPE" speed="12.64" pos="151.40" lane="2/4to2/3_0" slope="0.00"/>
        <vehicle id="5" x="379.51" y="401.65" angle="-90.00" type="DEFAULT_VEHTYPE" speed="13.10" pos="15.74" lane="2/2to1/2_0" slope="0.00"/>
        <vehicle id="6" x="398.35" y="423.96" angle="0.00" type="DEFAULT_VEHTYPE" speed="12.85" pos="171.29" lane="2/3to2/2_0" slope="0.00"/>
        <vehicle id="7" x="99.13" y="398.35" angle="90.00" type="DEFAULT_VEHTYPE" speed="13.61" pos="99.13" lane="0/2to1/2_0" slope="0.00"/>
        <vehicle id="8" x="444.27" y="198.35" angle="90.00" type="DEFAULT_VEHTYPE" speed="12.78" pos="39.52" lane="2/1to3/1_0" slope="0.00"/>
        <vehicle id="9" x="600.46" y="399.37" angle="-165.93" type="DEFAULT_VEHTYPE" speed="0.31" pos="4.37" lane=":3/2_10_0" slope="0.00"/>
    </timestep>
    <timestep time="167.00">
        <vehicle id="0" x="567.86" y="401.65" angle="-90.00" type="DEFAULT_VEHTYPE" speed="12.76" pos="27.39" lane="3/2to2/2_0" slope="0.00"/>
        <vehicle id="10" x="601.65" y="263.66" angle="180.00" type="DEFAULT_VEHTYPE" speed="12.60" pos="58.91" lane="3/1to3/2_0" slope="0.00"/>
        <vehicle id="11" x="401.65" y="620.42" angle="180.00" type="DEFAULT_VEHTYPE" speed="10.33" pos="15.67" lane="2/3to2/4_0" slope="0.00"/>
        <vehicle id="15" x="715.21" y="601.65" angle="-90.00" type="DEFAULT_VEHTYPE" speed="13.18" pos="84.79" lane="4/3to3/3_0" slope="0.00"/>
        <vehicle id="16" x="389.23" y="598.35" angle="90.00" type="DEFAULT_VEHTYPE" speed="3.41" pos="184.48" lane="1/3to2/3_0" slope="0.00"/>
        <vehicle id="17" x="227.11" y="598.35" angle="90.00" type="DEFAULT_VEHTYPE" speed="12.96" pos="22.36" lane="1/3to2/3_0" slope="0.00"/>
        <vehicle id="18" x="598.35" y="458.06" angle="0.00" type="DEFAULT_VEHTYPE" speed="13.47" pos="137.19" lane="3/3to3/2_0" slope="0.00"/>
        <vehicle id="2" x="198.35" y="129.83" angle="0.00" type="DEFAULT_VEHTYPE" speed="13.00" pos="65.42" lane="1/1to1/0_0" slope="0.00"/>
        <vehicle id="24" x="233.92" y="201.65" angle="-90.00" type="DEFAULT_VEHTYPE" speed="13.61" pos="161.33" lane="2/1to1/1_0" slope="0.00"/>
        <vehicle id="28" x="515.28" y="401.65" angle="-90.00" type="DEFAULT_VEHTYPE" speed="13.80" pos="79.97" lane="3/2to2/2_0" slope="0.00"/>
        <vehicle id="29" x="743.72" y="198.35" angle="90.00" type="DEFAULT_VEHTYPE" speed="12.93" pos="138.97" lane="3/1to4/1_0" slope="0.00"/>
        <vehicle id="3" x="598.02" y="403.16" angle="-3.76" type="DEFAULT_VEHTYPE" speed="13.65" pos="1.64" lane=":3/2_0_0" slope="0.00"/>
        <vehicle id="33" x="198.35" y="28.99" angle="0.00" type="DEFAULT_VEHTYPE" speed="13.06" pos="166.26" lane="1/1to1/0_0" slope="0.00"/>
        <vehicle id="37" x="398.35" y="519.51" angle="0.00" type="DEFAULT_VEHTYPE" speed="13.46" pos="75.74" lane="2/3to2/2_0" slope="0.00"/>
        <vehicle id="39" x="198.35" y="67.43" angle="0.00" type="DEFAULT_VEHTYPE" speed="12.77" pos="127.82" lane="1/1to1/0_0" slope="0.00"/>
        <vehicle id="40" x="409.46" y="401.65" angle="-90.00" type="DEFAULT_VEHTYPE" speed="3.20" pos="185.79" lane="3/2to2/2_0" slope="0.00"/>
        <vehicle id="42" x="70.85" y="398.35" angle="90.00" type="DEFAULT_VEHTYPE" speed="12.77" pos="70.85" lane="0/2to1/2_0" slope="0.00"/>
        <vehicle id="43" x="398.35" y="487.47" angle="0.00" type="DEFAULT_VEHTYPE" speed="13.24" pos="107.78" lane="2/3to2/2_0" slope="0.00"/>
        <vehicle id="44" x="466.38" y="401.65" angle="-90.00" type="DEFAULT_VEHTYPE" speed="13.13" pos="128.87" lane="3/2to2/2_0" slope="0.00"/>
        <vehicle id="48" x="601.65" y="389.94" angle="180.00" type="DEFAULT_VEHTYPE" speed="1.61" pos="185.19" lane="3/1to3/2_0" slope="0.00"/>
        <vehicle id="49" x="398.35" y="635.18" angle="0.00" type="DEFAULT_VEHTYPE" speed="13.42" pos="164.82" lane="2/4to2/3_0" slope="0.00"/>
        <vehicle id="5" x="365.93" y="401.65" angle="-90.00" type="DEFAULT_VEHTYPE" speed="13.58" pos="29.32" lane="2/2to1/2_0" slope="0.00"/>
        <vehicle id="6" x="398.35" y="410.20" angle="0.00" type="DEFAULT_VEHTYPE" speed="13.77" pos="185.05" lane="2/3to2/2_0" slope="0.00"/>
        <vehicle id="7" x="112.82" y="398.35" angle="90.00" type="DEFAULT_VEHTYPE" speed="13.69" pos="112.82" lane="0/2to1/2_0" slope="0.00"/>
        <vehicle id="8" x="457.85" y="198.35" angle="90.00" type="DEFAULT_VEHTYPE" speed="13.58" pos="53.10" lane="2/1to3/1_0" slope="0.00"/>
        <vehicle id="9" x="600.34" y="399.56" angle="-164.55" type="DEFAULT_VEHTYPE" speed="0.22" pos="4.59" lane=":3/2_10_0" slope="0.00"/>
    </timestep>
    <timestep time="168.00">
        <vehicle id="0" x="554.91" y="401.65" angle="-90.00" type="DEFAULT_VEHTYPE" speed="12.96" pos="40.34" lane="3/2to2/2_0" slope="0.00"/>
        <vehicle id="10" x="601.65" y="276.98" angle="180.00" type="DEFAULT_VEHTYPE" speed="13.32" pos="72.23" lane="3/1to3/2_0" slope="0.00"/>
        <vehicle id="11" x="401.65" y="632.29" angle="180.00" type="DEFAULT_VEHTYPE" speed="11.88" pos="27.54" lane="2/3to2/4_0" slope="0.00"/>
        <vehicle id="15" x="701.79" y="601.65" angle="-90.00" type="DEFAULT_VEHTYPE" speed="13.42" pos="98.21" lane="4/3to3/3_0" slope="0.00"/>
        <vehicle id="16" x="391.58" y="598.35" angle="90.00" type="DEFAULT_VEHTYPE" speed="2.35" pos="186.83" lane="1/3to2/3_0" slope="0.00"/>
        <vehicle id="17" x="240.93" y="598.35" angle="90.00" type="DEFAULT_VEHTYPE" speed="13.82" pos="36.18" lane="1/3to2/3_0" slope="0.00"/>
        <vehicle id="18" x="598.35" y="444.96" angle="0.00" type="DEFAULT_VEHTYPE" speed="13.09" pos="150.29" lane="3/3to3/2_0" slope="0.00"/>
        <vehicle id="2" x="198.35" y="117.19" angle="0.00" type="DEFAULT_VEHTYPE" speed="12.64" pos="78.06" lane="1/1to1/0_0" slope="0.00"/>
        <vehicle id="24" x="223.02" y="201.65" angle="-90.00" type="DEFAULT_VEHTYPE" speed="10.90" pos="172.23" lane="2/1to1/1_0" slope="0.00"/>
        <vehicle id="28" x="501.78" y="401.65" angle="-90.00" type="DEFAULT_VEHTYPE" speed="13.50" pos="93.47" lane="3/2to2/2_0" slope="0.00"/>
        <vehicle id="29" x="756.75" y="198.35" angle="90.00" type="DEFAULT_VEHTYPE" speed="13.03" pos="152.00" lane="3/1to4/1_0" slope="0.00"/>
        <vehicle id="3" x="585.63" y="401.65" angle="-90.00" type="DEFAULT_VEHTYPE" speed="12.99" pos="9.62" lane="3/2to2/2_0" slope="0.00"/>
        <vehicle id="33" x="198.35" y="15.45" angle="0.00" type="DEFAULT_VEHTYPE" speed="13.54" pos="179.80" lane="1/1to1/0_0" slope="0.00"/>
        <vehicle id="37" x="398.35" y="506.20" angle="0.00" type="DEFAULT_VEHTYPE" speed="13.31" pos="89.05" lane="2/3to2/2_0" slope="0.00"/>
        <vehicle id="39" x="198.35" y="53.62" angle="0.00" type="DEFAULT_VEHTYPE" speed="13.81" pos="141.63" lane="1/1to1/0_0" slope="0.00"/>
        <vehicle id="40" x="407.97" y="401.65" angle="-90.00" type="DEFAULT_VEHTYPE" speed="1.49" pos="187.28" lane="3/2to2/2_0" slope="0.00"/>
        <vehicle id="42" x="84.21" y="398.35" angle="90.00" type="DEFAULT_VEHTYPE" speed="13.36" pos="84.21" lane="0/2to1/2_0" slope="0.00"/>
        <vehicle id="43" x="398.35" y="474.87" angle="0.00" type="DEFAULT_VEHTYPE" speed="12.61" pos="120.38" lane="2/3to2/2_0" slope="0.00"/>
        <vehicle id="44" x="453.52" y="401.65" angle="-90.00" type="DEFAULT_VEHTYPE" speed="12.86" pos="141.73" lane="3/2to2/2_0" slope="0.00"/>
        <vehicle id="48" x="601.65" y="391.01" angle="180.00" type="DEFAULT_VEHTYPE" speed="1.07" pos="186.26" lane="3/1to3/2_0" slope="0.00"/>
        <vehicle id="49" x="398.35" y="622.01" angle="0.00" type="DEFAULT_VEHTYPE" speed="13.16" pos="177.99" lane="2/4to2/3_0" slope="0.00"/>
        <vehicle id="5" x="352.44" y="401.65" angle="-90.00" type="DEFAULT_VEHTYPE" speed="13.49" pos="42.81" lane="2/2to1/2_0" slope="0.00"/>
        <vehicle id="6" x="391.81" y="401.65" angle="-86.66" type="DEFAULT_VEHTYPE" speed="13.89" pos="3.44" lane="2/2to1/2_0" slope="0.00"/>
        <vehicle id="7" x="125.70" y="398.35" angle="90.00" type="DEFAULT_VEHTYPE" speed="12.88" pos="125.70" lane="0/2to1/2_0" slope="0.00"/>
        <vehicle id="8" x="471.61" y="198.35" angle="90.00" type="DEFAULT_VEHTYPE" speed="13.76" pos="66.86" lane="2/1to3/1_0" slope="0.00"/>
        <vehicle id="9" x="600.32" y="399.60" angle="-164.28" type="DEFAULT_VEHTYPE" speed="0.04" pos="4.63" lane=":3/2_10_0" slope="0.00"/>
    </timestep>
    <timestep time="169.00">
        <vehicle id="0" x="541.30" y="401.65" angle="-90.00" type="DEFAULT_VEHTYPE" speed="13.61" pos="53.95" lane="3/2to2/2_0" slope="0.00"/>
        <vehicle id="10" x="601.65" y="290.61" angle="180.00" type="DEFAULT_VEHTYPE" speed="13.62" pos="85.86" lane="3/1to3/2_0" slope="0.00"/>
        <vehicle id="11" x="401.65" y="645.88" angle="180.00" type="DEFAULT_VEHTYPE" speed="13.58" pos="41.13" lane="2/3to2/4_0" slope="0.00"/>
        <vehicle id="15" x="688.09" y="601.65" angle="-90.00" type="DEFAULT_VEHTYPE" speed="13.69" pos="111.91" lane="4/3to3/3_0" slope="0.00"/>
        <vehicle id="16" x="392.36" y="598.35" angle="90.00" type="DEFAULT_VEHTYPE" speed="0.78" pos="187.61" lane="1/3to2/3_0" slope="0.00"/>
        <vehicle id="17" x="254.05" y="598.35" angle="90.00" type="DEFAULT_VEHTYPE" speed="13.12" pos="49.30" lane="1/3to2/3_0" slope="0.00"/>
        <vehicle id="18" x="598.35" y="432.28" angle="0.00" type="DEFAULT_VEHTYPE" speed="12.69" pos="162.97" lane="3/3to3/2_0" slope="0.00"/>
        <vehicle id="2" x="198.35" y="104.45" angle="0.00" type="DEFAULT_VEHTYPE" speed="12.74" pos="90.80" lane="1/1to1/0_0" slope="0.00"/>
        <vehicle id="24" x="215.91" y="201.65" angle="-90.00" type="DEFAULT_VEHTYPE" speed="7.11" pos="179.34" lane="2/1to1/1_0" slope="0.00"/>
        <vehicle id="28" x="488.14" y="401.65" angle="-90.00" type="DEFAULT_VEHTYPE" speed="13.64" pos="107.11" lane="3/2to2/2_0" slope="0.00"/>
        <vehicle id="29" x="770.19" y="198.35" angle="90.00" type="DEFAULT_VEHTYPE" speed="13.44" pos="165.44" lane="3/1to4/1_0" slope="0.00"/>
        <vehicle id="3" x="572.23" y="401.65" angle="-90.00" type="DEFAULT_VEHTYPE" speed="13.39" pos="23.02" lane="3/2to2/2_0" slope="0.00"/>
        <vehicle id="33" x="198.35" y="1.79" angle="0.00" type="DEFAULT_VEHTYPE" speed="13.66" pos="193.46" lane="1/1to1/0_0" slope="0.00"/>
        <vehicle id="37" x="398.35" y="492.71" angle="0.00" type="DEFAULT_VEHTYPE" speed="13.49" pos="102.54" lane="2/3to2/2_0" slope="0.00"/>
        <vehicle id="39" x="198.35" y="40.15" angle="0.00" type="DEFAULT_VEHTYPE" speed="13.47" pos="155.10" lane="1/1to1/0_0" slope="0.00"/>
        <vehicle id="40" x="407.39" y="401.65" angle="-90.00" type="DEFAULT_VEHTYPE" speed="0.57" pos="187.86" lane="3/2to2/2_0" slope="0.00"/>
        <vehicle id="42" x="96.96" y="398.35" angle="90.00" type="DEFAULT_VEHTYPE" speed="12.75" pos="96.96" lane="0/2to1/2_0" slope="0.00"/>
        <vehicle id="43" x="398.35" y="461.15" angle="0.00" type="DEFAULT_VEHTYPE" speed="13.72" pos="134.10" lane="2/3to2/2_0" slope="0.00"/>
        <vehicle id="44" x="439.95" y="401.65" angle="-90.00" type="DEFAULT_VEHTYPE" speed="13.58" pos="155.30" lane="3/2to2/2_0" slope="0.00"/>
        <vehicle id="48" x="601.65" y="391.76" angle="180.00" type="DEFAULT_VEHTYPE" speed="0.75" pos="187.01" lane="3/1to3/2_0" slope="0.00"/>
        <vehicle id="49" x="398.35" y="609.26" angle="0.00" type="DEFAULT_VEHTYPE" speed="12.76" pos="190.74" lane="2/4to2/3_0" slope="0.00"/>
        <vehicle id="5" x="339.47" y="401.65" angle="-90.00" type="DEFAULT_VEHTYPE" speed="12.97" pos="55.78" lane="2/2to1/2_0" slope="0.00"/>
        <vehicle id="6" x="378.58" y="401.65" angle="-90.00" type="DEFAULT_VEHTYPE" speed="13.23" pos="16.67" lane="2/2to1/2_0" slope="0.00"/>
        <vehicle id="7" x="138.91" y="398.35" angle="90.00" type="DEFAULT_VEHTYPE" speed="13.20" pos="138.91" lane="0/2to1/2_0" slope="0.00"/>
        <vehicle id="8" x="484.38" y="198.35" angle="90.00" type="DEFAULT_VEHTYPE" speed="12.77" pos="79.63" lane="2/1to3/1_0" slope="0.00"/>
        <vehicle id="9" x="600.32" y="399.60" angle="-164.28" type="DEFAULT_VEHTYPE" speed="0.00" pos="4.63" lane=":3/2_10_0" slope="0.00"/>
    </timestep>
    <timestep time="170.00">
        <vehicle id="0" x="528.59" y="401.65" angle="-90.00" type="DEFAULT_VEHTYPE" speed="12.71" pos="66.66" lane="3/2to2/2_0" slope="0.00"/>
        <vehicle id="10" x="601.65" y="303.53" angle="180.00" type="DEFAULT_VEHTYPE" speed="12.92" pos="98.78" lane="3/1to3/2_0" slope="0.00"/>
        <vehicle id="11" x="401.65" y="658.64" angle="180.00" type="DEFAULT_VEHTYPE" speed="12.77" pos="53.89" lane="2/3to2/4_0" slope="0.00"/>
        <vehicle id="15" x="674.84" y="601.65" angle="-90.00" type="DEFAULT_VEHTYPE" speed="13.26" pos="125.16" lane="4/3to3/3_0" slope="0.00"/>
        <vehicle id="16" x="392.61" y="598.35" angle="90.00" type="DEFAULT_VEHTYPE" speed="0.24" pos="187.86" lane="1/3to2/3_0" slope="0.00"/>
        <vehicle id="17" x="266.81" y="598.35" angle="90.00" type="DEFAULT_VEHTYPE" speed="12.77" pos="62.06" lane="1/3to2/3_0" slope="0.00"/>
        <vehicle id="18" x="598.35" y="419.01" angle="0.00" type="DEFAULT_VEHTYPE" speed="13.27" pos="176.24" lane="3/3to3/2_0" slope="0.00"/>
        <vehicle id="2" x="198.35" y="91.24" angle="0.00" type="DEFAULT_VEHTYPE" speed="13.21" pos="104.01" lane="1/1to1/0_0" slope="0.00"/>
        <vehicle id="24" x="210.92" y="201.65" angle="-90.00" type="DEFAULT_VEHTYPE" speed="4.99" pos="184.33" lane="2/1to1/1_0" slope="0.00"/>
        <vehicle id="28" x="475.52" y="401.65" angle="-90.00" type="DEFAULT_VEHTYPE" speed="12.62" pos="119.73" lane="3/2to2/2_0" slope="0.00"/>
        <vehicle id="29" x="783.40" y="198.35" angle="90.00" type="DEFAULT_VEHTYPE" speed="13.21" pos="178.65" lane="3/1to4/1_0" slope="0.00"/>
        <vehicle id="3" x="559.47" y="401.65" angle="-90.00" type="DEFAULT_VEHTYPE" speed="12.76" pos="35.78" lane="3/2to2/2_0" slope="0.00"/>
        <vehicle id="33" x="201.65" y="6.27" angle="180.00" type="DEFAULT_VEHTYPE" speed="12.88" pos="6.27" lane="1/0to1/1_0" slope="0.00"/>
        <vehicle id="37" x="398.35" y="479.73" angle="0.00" type="DEFAULT_VEHTYPE" speed="12.98" pos="115.52" lane="2/3to2/2_0" slope="0.00"/>
        <vehicle id="39" x="198.35" y="26.31" angle="0.00" type="DEFAULT_VEHTYPE" speed="13.84" pos="168.94" lane="1/1to1/0_0" slope="0.00"/>
        <vehicle id="40" x="404.23" y="401.65" angle="-90.00" type="DEFAULT_VEHTYPE" speed="3.17" pos="0.52" lane=":2/2_5_0" slope="0.00"/>
        <vehicle id="42" x="110.47" y="398.35" angle="90.00" type="DEFAULT_VEHTYPE" speed="13.50" pos="110.47" lane="0/2to1/2_0" slope="0.00"/>
        <vehicle id="43" x="398.35" y="447.54" angle="0.00" type="DEFAULT_VEHTYPE" speed="13.61" pos="147.71" lane="2/3to2/2_0" slope="0.00"/>
        <vehicle id="44" x="429.30" y="401.65" angle="-90.00" type="DEFAULT_VEHTYPE" speed="10.65" pos="165.95" lane="3/2to2/2_0" slope="0.00"/>
        <vehicle id="48" x="601.65" y="392.28" angle="180.00" type="DEFAULT_VEHTYPE" speed="0.53" pos="187.53" lane="3/1to3/2_0" slope="0.00"/>
        <vehicle id="49" x="398.35" y="595.65" angle="0.00" type="DEFAULT_VEHTYPE" speed="13.61" pos="9.10" lane=":2/3_1_0" slope="0.00"/>
        <vehicle id="5" x="325.90" y="401.65" angle="-90.00" type="DEFAULT_VEHTYPE" speed="13.57" pos="69.35" lane="2/2to1/2_0" slope="0.00"/>
        <vehicle id="6" x="365.54" y="401.65" angle="-90.00" type="DEFAULT_VEHTYPE" speed="13.04" pos="29.71" lane="2/2to1/2_0" slope="0.00"/>
        <vehicle id="7" x="152.36" y="398.35" angle="90.00" type="DEFAULT_VEHTYPE" speed="13.45" pos="152.36" lane="0/2to1/2_0" slope="0.00"/>
        <vehicle id="8" x="497.68" y="198.35" angle="90.00" type="DEFAULT_VEHTYPE" speed="13.31" pos="92.93" lane="2/1to3/1_0" slope="0.00"/>
        <vehicle id="9" x="600.32" y="399.60" angle="-164.28" type="DEFAULT_VEHTYPE" speed="0.00" pos="4.63" lane=":3/2_10_0" slope="0.00"/>
    </timestep>
    <timestep time="171.00">
        <vehicle id="0" x="515.37" y="401.65" angle="-90.00" type="DEFAULT_VEHTYPE" speed="13.21" pos="79.88" lane="3/2to2/2_0" slope="0.00"/>
        <vehicle id="10" x="601.65" y="317.12" angle="180.00" type="DEFAULT_VEHTYPE" speed="13.59" pos="112.37" lane="3/1to3/2_0" slope="0.00"/>
        <vehicle id="11" x="401.65" y="671.34" angle="180.00" type="DEFAULT_VEHTYPE" speed="12.70" pos="66.59" lane="2/3to2/4_0" slope="0.00"/>
        <vehicle id="15" x="661.62" y="601.65" angle="-90.00" type="DEFAULT_VEHTYPE" speed="13.22" pos="138.38" lane="4/3to3/3_0" slope="0.00"/>
        <vehicle id="16" x="395.26" y="598.35" angle="90.02" type="DEFAULT_VEHTYPE" speed="2.65" pos="0.01" lane=":2/3_14_0" slope="0.00"/>
        <vehicle id="17" x="279.83" y="598.35" angle="90.00" type="DEFAULT_VEHTYPE" speed="13.01" pos="75.08" lane="1/3to2/3_0" slope="0.00"/>
        <vehicle id="18" x="598.35" y="405.87" angle="0.00" type="DEFAULT_VEHTYPE" speed="13.14" pos="189.38" lane="3/3to3/2_0" slope="0.00"/>
        <vehicle id="2" x="198.35" y="78.39" angle="0.00" type="DEFAULT_VEHTYPE" speed="12.85" pos="116.86" lane="1/1to1/0_0" slope="0.00"/>
        <vehicle id="24" x="204.15" y="201.73" angle="-90.97" type="DEFAULT_VEHTYPE" speed="6.78" pos="0.61" lane=":1/1_4_0" slope="0.00"/>
        <vehicle id="28" x="462.88" y="401.65" angle="-90.00" type="DEFAULT_VEHTYPE" speed="12.64" pos="132.37" lane="3/2to2/2_0" slope="0.00"/>
        <vehicle id="29" x="796.85" y="198.35" angle="90.00" type="DEFAULT_VEHTYPE" speed="13.45" pos="192.10" lane="3/1to4/1_0" slope="0.00"/>
        <vehicle id="3" x="545.91" y="401.65" angle="-90.00" type="DEFAULT_VEHTYPE" speed="13.56" pos="49.34" lane="3/2to2/2_0" slope="0.00"/>
        <vehicle id="33" x="201.65" y="19.46" angle="180.00" type="DEFAULT_VEHTYPE" speed="13.19" pos="19.46" lane="1/0to1/1_0" slope="0.00"/>
        <vehicle id="37" x="398.35" y="466.61" angle="0.00" type="DEFAULT_VEHTYPE" speed="13.12" pos="128.64" lane="2/3to2/2_0" slope="0.00"/>
        <vehicle id="39" x="198.35" y="12.70" angle="0.00" type="DEFAULT_VEHTYPE" speed="13.61" pos="182.55" lane="1/1to1/0_0" slope="0.00"/>
        <vehicle id="40" x="399.06" y="401.65" angle="-90.00" type="DEFAULT_VEHTYPE" speed="5.17" pos="5.69" lane=":2/2_5_0" slope="0.00"/>
        <vehicle id="42" x="123.11" y="398.35" angle="90.00" type="DEFAULT_VEHTYPE" speed="12.65" pos="123.11" lane="0/2to1/2_0" slope="0.00"/>
        <vehicle id="43" x="398.35" y="434.00" angle="0.00" type="DEFAULT_VEHTYPE" speed="13.54" pos="161.25" lane="2/3to2/2_0" slope="0.00"/>
        <vehicle id="44" x="421.64" y="401.65" angle="-90.00" type="DEFAULT_VEHTYPE" speed="7.66" pos="173.61" lane="3/2to2/2_0" slope="0.00"/>
        <vehicle id="48" x="601.65" y="392.33" angle="180.00" type="DEFAULT_VEHTYPE" speed="0.05" pos="187.58" lane="3/1to3/2_0" slope="0.00"/>
        <vehicle id="49" x="398.35" y="582.00" angle="0.00" type="DEFAULT_VEHTYPE" speed="13.65" pos="13.25" lane="2/3to2/2_0" slope="0.00"/>
        <vehicle id="5" x="312.12" y="401.65" angle="-90.00" type="DEFAULT_VEHTYPE" speed="13.78" pos="83.13" lane="2/2to1/2_0" slope="0.00"/>
        <vehicle id="6" x="351.78" y="401.65" angle="-90.00" type="DEFAULT_VEHTYPE" speed="13.76" pos="43.47" lane="2/2to1/2_0" slope="0.00"/>
        <vehicle id="7" x="165.51" y="398.35" angle="90.00" type="DEFAULT_VEHTYPE" speed="13.15" pos="165.51" lane="0/2to1/2_0" slope="0.00"/>
        <vehicle id="8" x="510.31" y="198.35" angle="90.00" type="DEFAULT_VEHTYPE" speed="12.62" pos="105.56" lane="2/1to3/1_0" slope="0.00"/>
        <vehicle id="9" x="600.32" y="399.60" angle="-164.28" type="DEFAULT_VEHTYPE" speed="0.00" pos="4.63" lane=":3/2_10_0" slope="0.00"/>
    </timestep>
    <timestep time="172.00">
        <vehicle id="0" x="502.01" y="401.65" angle="-90.00" type="DEFAULT_VEHTYPE" speed="13.37" pos="93.24" lane="3/2to2/2_0" slope="0.00"/>
        <vehicle id="10" x="601.65" y="329.90" angle="180.00" type="DEFAULT_VEHTYPE" speed="12.78" pos="125.15" lane="3/1to3/2_0" slope="0.00"/>
        <vehicle id="11" x="401.65" y="684.01" angle="180.00" type="DEFAULT_VEHTYPE" speed="12.67" pos="79.26" lane="2/3to2/4_0" slope="0.00"/>
        <vehicle id="15" x="648.17" y="601.65" angle="-90.00" type="DEFAULT_VEHTYPE" speed="13.45" pos="151.83" lane="4/3to3/3_0" slope="0.00"/>
        <vehicle id="16" x="399.80" y="599.80" angle="107.22" type="DEFAULT_VEHTYPE" speed="4.86" pos="4.87" lane=":2/3_14_0" slope="0.00"/>
        <vehicle id="17" x="293.03" y="598.35" angle="90.00" type="DEFAULT_VEHTYPE" speed="13.21" pos="88.28" lane="1/3to2/3_0" slope="0.00"/>
        <vehicle id="18" x="588.12" y="401.65" angle="-90.00" type="DEFAULT_VEHTYPE" speed="13.25" pos="7.13" lane="3/2to2/2_0" slope="0.00"/>
        <vehicle id="2" x="198.35" y="64.65" angle="0.00" type="DEFAULT_VEHTYPE" speed="13.74" pos="130.60" lane="1/1to1/0_0" slope="0.00"/>
        <vehicle id="24" x="201.65" y="208.85" angle="-178.57" type="DEFAULT_VEHTYPE" speed="8.49" pos="4.10" lane="1/1to1/2_0" slope="0.00"/>
        <vehicle id="28" x="449.92" y="401.65" angle="-90.00" type="DEFAULT_VEHTYPE" speed="12.96" pos="145.33" lane="3/2to2/2_0" slope="0.00"/>
        <vehicle id="29" x="794.93" y="201.65" angle="-90.00" type="DEFAULT_VEHTYPE" speed="13.04" pos="5.07" lane="4/1to3/1_0" slope="0.00"/>
        <vehicle id="3" x="532.77" y="401.65" angle="-90.00" type="DEFAULT_VEHTYPE" speed="13.14" pos="62.48" lane="3/2to2/2_0" slope="0.00"/>
        <vehicle id="33" x="201.65" y="32.57" angle="180.00" type="DEFAULT_VEHTYPE" speed="13.11" pos="32.57" lane="1/0to1/1_0" slope="0.00"/>
        <vehicle id="37" x="398.35" y="453.18" angle="0.00" type="DEFAULT_VEHTYPE" speed="13.43" pos="142.07" lane="2/3to2/2_0" slope="0.00"/>
        <vehicle id="39" x="198.92" y="-0.87" angle="6.79" type="DEFAULT_VEHTYPE" speed="13.74" pos="1.04" lane=":1/0_0_0" slope="0.00"/>
        <vehicle id="40" x="391.80" y="401.65" angle="-90.00" type="DEFAULT_VEHTYPE" speed="7.26" pos="3.45" lane="2/2to1/2_0" slope="0.00"/>
        <vehicle id="42" x="136.30" y="398.35" angle="90.00" type="DEFAULT_VEHTYPE" speed="13.19" pos="136.30" lane="0/2to1/2_0" slope="0.00"/>
        <vehicle id="43" x="398.35" y="421.37" angle="0.00" type="DEFAULT_VEHTYPE" speed="12.63" pos="173.88" lane="2/3to2/2_0" slope="0.00"/>
        <vehicle id="44" x="414.90" y="401.65" angle="-90.00" type="DEFAULT_VEHTYPE" speed="6.74" pos="180.35" lane="3/2to2/2_0" slope="0.00"/>
        <vehicle id="48" x="601.65" y="392.37" angle="180.00" type="DEFAULT_VEHTYPE" speed="0.03" pos="187.62" lane="3/1to3/2_0" slope="0.00"/>
        <vehicle id="49" x="398.35" y="568.99" angle="0.00" type="DEFAULT_VEHTYPE" speed="13.01" pos="26.26" lane="2/3to2/2_0" slope="0.00"/>
        <vehicle id="5" x="298.81" y="401.65" angle="-90.00" type="DEFAULT_VEHTYPE" speed="13.31" pos="96.44" lane="2/2to1/2_0" slope="0.00"/>
        <vehicle id="6" x="339.10" y="401.65" angle="-90.00" type="DEFAULT_VEHTYPE" speed="12.68" pos="56.15" lane="2/2to1/2_0" slope="0.00"/>
        <vehicle id="7" x="176.14" y="398.35" angle="90.00" type="DEFAULT_VEHTYPE" speed="10.63" pos="176.14" lane="0/2to1/2_0" slope="0.00"/>
        <vehicle id="8" x="523.69" y="198.35" angle="90.00" type="DEFAULT_VEHTYPE" speed="13.38" pos="118.94" lane="2/1to3/1_0" slope="0.00"/>
        <vehicle id="9" x="600.32" y="399.60" angle="-164.28" type="DEFAULT_VEHTYPE" speed="0.00" pos="4.63" lane=":3/2_10_0" slope="0.00"/>
    </timestep>
    <timestep time="173.00">
        <vehicle id="0" x="488.48" y="401.65" angle="-90.00" type="DEFAULT_VEHTYPE" speed="13.53" pos="106.77" lane="3/2to2/2_0" slope="0.00"/>
        <vehicle id="10" x="601.65" y="342.51" angle="180.00" type="DEFAULT_VEHTYPE" speed="12.61" pos="137.76" lane="3/1to3/2_0" slope="0.00"/>
        <vehicle id="11" x="401.65" y="697.24" angle="180.00" type="DEFAULT_VEHTYPE" speed="13.23" pos="92.49" lane="2/3to2/4_0" slope="0.00"/>
        <vehicle id="15" x="634.74" y="601.65" angle="-90.00" type="DEFAULT_VEHTYPE" speed="13.42" pos="165.26" lane="4/3to3/3_0" slope="0.00"/>
        <vehicle id="16" x="401.65" y="606.58" angle="173.31" type="DEFAULT_VEHTYPE" speed="7.28" pos="1.83" lane="2/3to2/4_0" slope="0.00"/>
        <vehicle id="17" x="306.67" y="598.35" angle="90.00" type="DEFAULT_VEHTYPE" speed="13.64" pos="101.92" lane="1/3to2/3_0" slope="0.00"/>
        <vehicle id="18" x="574.95" y="401.65" angle="-90.00" type="DEFAULT_VEHTYPE" speed="13.17" pos="20.30" lane="3/2to2/2_0" slope="0.00"/>
        <vehicle id="2" x="198.35" y="51.74" angle="0.00" type="DEFAULT_VEHTYPE" speed="12.91" pos="143.51" lane="1/1to1/0_0" slope="0.00"/>
        <vehicle id="24" x="201.65" y="219.79" angle="180.00" type="DEFAULT_VEHTYPE" speed="10.94" pos="15.04" lane="1/1to1/2_0" slope="0.00"/>
        <vehicle id="28" x="436.02" y="401.65" angle="-90.00" type="DEFAULT_VEHTYPE" speed="13.90" pos="159.23" lane="3/2to2/2_0" slope="0.00"/>
        <vehicle id="29" x="781.60" y="201.65" angle="-90.00" type="DEFAULT_VEHTYPE" speed="13.34" pos="18.40" lane="4/1to3/1_0" slope="0.00"/>
        <vehicle id="3" x="519.57" y="401.65" angle="-90.00" type="DEFAULT_VEHTYPE" speed="13.20" pos="75.68" lane="3/2to2/2_0" slope="0.00"/>
        <vehicle id="33" x="201.65" y="45.93" angle="180.00" type="DEFAULT_VEHTYPE" speed="13.37" pos="45.93" lane="1/0to1/1_0" slope="0.00"/>
        <vehicle id="37" x="398.35" y="440.22" angle="0.00" type="DEFAULT_VEHTYPE" speed="12.95" pos="155.03" lane="2/3to2/2_0" slope="0.00"/>
        <vehicle id="39" x="201.65" y="9.55" angle="180.00" type="DEFAULT_VEHTYPE" speed="13.33" pos="9.55" lane="1/0to1/1_0" slope="0.00"/>
        <vehicle id="40" x="383.01" y="401.65" angle="-90.00" type="DEFAULT_VEHTYPE" speed="8.79" pos="12.24" lane="2/2to1/2_0" slope="0.00"/>
        <vehicle id="42" x="149.48" y="398.35" angle="90.00" type="DEFAULT_VEHTYPE" speed="13.18" pos="149.48" lane="0/2to1/2_0" slope="0.00"/>
        <vehicle id="43" x="398.35" y="408.87" angle="0.00" type="DEFAULT_VEHTYPE" speed="12.50" pos="186.38" lane="2/3to2/2_0" slope="0.00"/>
        <vehicle id="44" x="410.59" y="401.65" angle="-90.00" type="DEFAULT_VEHTYPE" speed="4.31" pos="184.66" lane="3/2to2/2_0" slope="0.00"/>
        <vehicle id="48" x="601.65" y="392.38" angle="180.00" type="DEFAULT_VEHTYPE" speed="0.01" pos="187.63" lane="3/1to3/2_0" slope="0.00"/>
        <vehicle id="49" x="398.35" y="555.92" angle="0.00" type="DEFAULT_VEHTYPE" speed="13.06" pos="39.33" lane="2/3to2/2_0" slope="0.00"/>
        <vehicle id="5" x="285.49" y="401.65" angle="-90.00" type="DEFAULT_VEHTYPE" speed="13.32" pos="109.76" lane="2/2to1/2_0" slope="0.00"/>
        <vehicle id="6" x="326.01" y="401.65" angle="-90.00" type="DEFAULT_VEHTYPE" speed="13.09" pos="69.24" lane="2/2to1/2_0" slope="0.00"/>
        <vehicle id="7" x="184.26" y="398.35" angle="90.00" type="DEFAULT_VEHTYPE" speed="8.12" pos="184.26" lane="0/2to1/2_0" slope="0.00"/>
        <vehicle id="8" x="537.31" y="198.35" angle="90.00" type="DEFAULT_VEHTYPE" speed="13.62" pos="132.56" lane="2/1to3/1_0" slope="0.00"/>
        <vehicle id="9" x="598.67" y="400.88" angle="-144.94" type="DEFAULT_VEHTYPE" speed="2.13" pos="6.76" lane=":3/2_10_0" slope="0.00"/>
    </timestep>
    <timestep time="174.00">
        <vehicle id="0" x="475.68" y="401.65" angle="-90.00" type="DEFAULT_VEHTYPE" speed="12.80" pos="119.57" lane="3/2to2/2_0" slope="0.00"/>
        <vehicle id="10" x="601.65" y="355.94" angle="180.00" type="DEFAULT_VEHTYPE" speed="13.43" pos="151.19" lane="3/1to3/2_0" slope="0.00"/>
        <vehicle id="11" x="401.65" y="710.95" angle="180.00" type="DEFAULT_VEHTYPE" speed="13.71" pos="106.20" lane="2/3to2/4_0" slope="0.00"/>
        <vehicle id="15" x="623.22" y="601.65" angle="-90.00" type="DEFAULT_VEHTYPE" speed="11.52" pos="176.78" lane="4/3to3/3_0" slope="0.00"/>
        <vehicle id="16" x="401.65" y="616.07" angle="180.00" type="DEFAULT_VEHTYPE" speed="9.50" pos="11.32" lane="2/3to2/4_0" slope="0.00"/>
        <vehicle id="17" x="320.01" y="598.35" angle="90.00" type="DEFAULT_VEHTYPE" speed="13.34" pos="115.26" lane="1/3to2/3_0" slope="0.00"/>
        <vehicle id="18" x="561.31" y="401.65" angle="-90.00" type="DEFAULT_VEHTYPE" speed="13.64" pos="33.94" lane="3/2to2/2_0" slope="0.00"/>
        <vehicle id="2" x="198.35" y="37.87" angle="0.00" type="DEFAULT_VEHTYPE" speed="13.86" pos="157.38" lane="1/1to1/0_0" slope="0.00"/>
        <vehicle id="24" x="201.65" y="233.27" angle="180.00" type="DEFAULT_VEHTYPE" speed="13.48" pos="28.52" lane="1/1to1/2_0" slope="0.00"/>
        <vehicle id="28" x="426.62" y="401.65" angle="-90.00" type="DEFAULT_VEHTYPE" speed="9.40" pos="168.63" lane="3/2to2/2_0" slope="0.00"/>
        <vehicle id="29" x="768.96" y="201.65" angle="-90.00" type="DEFAULT_VEHTYPE" speed="12.64" pos="31.04" lane="4/1to3/1_0" slope="0.00"/>
        <vehicle id="3" x="506.30" y="401.65" angle="-90.00" type="DEFAULT_VEHTYPE" speed="13.27" pos="88.95" lane="3/2to2/2_0" slope="0.00"/>
        <vehicle id="33" x="201.65" y="59.26" angle="180.00" type="DEFAULT_VEHTYPE" speed="13.32" pos="59.26" lane="1/0to1/1_0" slope="0.00"/>
        <vehicle id="37" x="398.35" y="426.91" angle="0.00" type="DEFAULT_VEHTYPE" speed="13.31" pos="168.34" lane="2/3to2/2_0" slope="0.00"/>
        <vehicle id="39" x="201.65" y="23.27" angle="180.00" type="DEFAULT_VEHTYPE" speed="13.72" pos="23.27" lane="1/0to1/1_0" slope="0.00"/>
        <vehicle id="40" x="371.99" y="401.65" angle="-90.00" type="DEFAULT_VEHTYPE" speed="11.02" pos="23.26" lane="2/2to1/2_0" slope="0.00"/>
        <vehicle id="42" x="162.34" y="398.35" angle="90.00" type="DEFAULT_VEHTYPE" speed="12.86" pos="162.34" lane="0/2to1/2_0" slope="0.00"/>
        <vehicle id="43" x="398.35" y="395.86" angle="0.00" type="DEFAULT_VEHTYPE" speed="13.01" pos="8.89" lane=":2/2_1_0" slope="0.00"/>
        <vehicle id="44" x="408.06" y="401.65" angle="-90.00" type="DEFAULT_VEHTYPE" speed="2.53" pos="187.19" lane="3/2to2/2_0" slope="0.00"/>
        <vehicle id="48" x="601.65" y="394.74" angle="180.00" type="DEFAULT_VEHTYPE" speed="2.36" pos="189.99" lane="3/1to3/2_0" slope="0.00"/>
        <vehicle id="49" x="398.35" y="542.68" angle="0.00" type="DEFAULT_VEHTYPE" speed="13.25" pos="52.57" lane="2/3to2/2_0" slope="0.00"/>
        <vehicle id="5" x="272.63" y="401.65" angle="-90.00" type="DEFAULT_VEHTYPE" speed="12.86" pos="122.62" lane="2/2to1/2_0" slope="0.00"/>
        <vehicle id="6" x="312.60" y="401.65" angle="-90.00" type="DEFAULT_VEHTYPE" speed="13.41" pos="82.65" lane="2/2to1/2_0" slope="0.00"/>
        <vehicle id="7" x="188.94" y="398.35" angle="90.00" type="DEFAULT_VEHTYPE" speed="4.68" pos="188.94" lane="0/2to1/2_0" slope="0.00"/>
        <vehicle id="8" x="549.98" y="198.35" angle="90.00" type="DEFAULT_VEHTYPE" speed="12.67" pos="145.23" lane="2/1to3/1_0" slope="0.00"/>
        <vehicle id="9" x="595.02" y="401.65" angle="-106.62" type="DEFAULT_VEHTYPE" speed="3.78" pos="0.23" lane="3/2to2/2_0" slope="0.00"/>
    </timestep>
    <timestep time="175.00">
        <vehicle id="0" x="462.69" y="401.65" angle="-90.00" type="DEFAULT_VEHTYPE" speed="12.99" pos="132.56" lane="3/2to2/2_0" slope="0.00"/>
        <vehicle id="10" x="601.65" y="368.01" angle="180.00" type="DEFAULT_VEHTYPE" speed="12.07" pos="163.26" lane="3/1to3/2_0" slope="0.00"/>
        <vehicle id="11" x="401.65" y="723.83" angle="180.00" type="DEFAULT_VEHTYPE" speed="12.88" pos="119.08" lane="2/3to2/4_0" slope="0.00"/>
        <vehicle id="15" x="615.42" y="601.65" angle="-90.00" type="DEFAULT_VEHTYPE" speed="7.80" pos="184.58" lane="4/3to3/3_0" slope="0.00"/>
        <vehicle id="16" x="401.65" y="627.37" angle="180.00" type="DEFAULT_VEHTYPE" speed="11.30" pos="22.62" lane="2/3to2/4_0" slope="0.00"/>
        <vehicle id="17" x="333.79" y="598.35" angle="90.00" type="DEFAULT_VEHTYPE" speed="13.78" pos="129.04" lane="1/3to2/3_0" slope="0.00"/>
        <vehicle id="18" x="548.40" y="401.65" angle="-90.00" type="DEFAULT_VEHTYPE" speed="12.91" pos="46.85" lane="3/2to2/2_0" slope="0.00"/>
        <vehicle id="2" x="198.35" y="24.81" angle="0.00" type="DEFAULT_VEHTYPE" speed="13.06" pos="170.44" lane="1/1to1/0_0" slope="0.00"/>
        <vehicle id="24" x="201.65" y="246.02" angle="180.00" type="DEFAULT_VEHTYPE" speed="12.75" pos="41.27" lane="1/1to1/2_0" slope="0.00"/>
        <vehicle id="28" x="420.29" y="401.65" angle="-90.00" type="DEFAULT_VEHTYPE" speed="6.33" pos="174.96" lane="3/2to2/2_0" slope="0.00"/>
        <vehicle id="29" x="756.25" y="201.65" angle="-90.00" type="DEFAULT_VEHTYPE" speed="12.70" pos="43.75" lane="4/1to3/1_0" slope="0.00"/>
        <vehicle id="3" x="493.41" y="401.65" angle="-90.00" type="DEFAULT_VEHTYPE" speed="12.89" pos="101.84" lane="3/2to2/2_0" slope="0.00"/>
        <vehicle id="33" x="201.65" y="72.20" angle="180.00" type="DEFAULT_VEHTYPE" speed="12.94" pos="72.20" lane="1/0to1/1_0" slope="0.00"/>
        <vehicle id="37" x="398.35" y="413.60" angle="0.00" type="DEFAULT_VEHTYPE" speed="13.32" pos="181.65" lane="2/3to2/2_0" slope="0.00"/>
        <vehicle id="39" x="201.65" y="35.93" angle="180.00" type="DEFAULT_VEHTYPE" speed="12.66" pos="35.93" lane="1/0to1/1_0" slope="0.00"/>
        <vehicle id="40" x="359.32" y="401.65" angle="-90.00" type="DEFAULT_VEHTYPE" speed="12.67" pos="35.93" lane="2/2to1/2_0" slope="0.00"/>
        <vehicle id="42" x="172.97" y="398.35" angle="90.00" type="DEFAULT_VEHTYPE" speed="10.63" pos="172.97" lane="0/2to1/2_0" slope="0.00"/>
        <vehicle id="43" x="398.35" y="382.22" angle="0.00" type="DEFAULT_VEHTYPE" speed="13.64" pos="13.03" lane="2/2to2/1_0" slope="0.00"/>
        <vehicle id="44" x="407.64" y="401.65" angle="-90.00" type="DEFAULT_VEHTYPE" speed="0.42" pos="187.61" lane="3/2to2/2_0" slope="0.00"/>
        <vehicle id="48" x="601.65" y="398.81" angle="180.00" type="DEFAULT_VEHTYPE" speed="4.07" pos="3.56" lane=":3/2_9_0" slope="0.00"/>
        <vehicle id="49" x="398.35" y="529.40" angle="0.00" type="DEFAULT_VEHTYPE" speed="13.28" pos="65.85" lane="2/3to2/2_0" slope="0.00"/>
        <vehicle id="5" x="259.03" y="401.65" angle="-90.00" type="DEFAULT_VEHTYPE" speed="13.59" pos="136.22" lane="2/2to1/2_0" slope="0.00"/>
        <vehicle id="6" x="299.90" y="401.65" angle="-90.00" type="DEFAULT_VEHTYPE" speed="12.70" pos="95.35" lane="2/2to1/2_0" slope="0.00"/>
        <vehicle id="7" x="195.34" y="398.36" angle="90.15" type="DEFAULT_VEHTYPE" speed="6.40" pos="0.09" lane=":1/2_14_0" slope="0.00"/>
        <vehicle id="8" x="563.04" y="198.35" angle="90.00" type="DEFAULT_VEHTYPE" speed="13.06" pos="158.29" lane="2/1to3/1_0" slope="0.00"/>
        <vehicle id="9" x="589.83" y="401.65" angle="-90.00" type="DEFAULT_VEHTYPE" speed="5.20" pos="5.42" lane="3/2to2/2_0" slope="0.00"/>
    </timestep>
    <timestep time="176.00">
        <vehicle id="0" x="449.89" y="401.65" angle="-90.00" type="DEFAULT_VEHTYPE" speed="12.80" pos="145.36" lane="3/2to2/2_0" slope="0.00"/>
        <vehicle id="10" x="601.65" y="378.66" angle="180.00" type="DEFAULT_VEHTYPE" speed="10.65" pos="173.91" lane="3/1to3/2_0" slope="0.00"/>
        <vehicle id="11" x="401.65" y="737.04" angle="180.00" type="DEFAULT_VEHTYPE" speed="13.21" pos="132.29" lane="2/3to2/4_0" slope="0.00"/>
        <vehicle id="15" x="611.22" y="601.65" angle="-90.00" type="DEFAULT_VEHTYPE" speed="4.20" pos="188.78" lane="4/3to3/3_0" slope="0.00"/>
        <vehicle id="16" x="401.65" y="640.11" angle="180.00" type="DEFAULT_VEHTYPE" speed="12.75" pos="35.36" lane="2/3to2/4_0" slope="0.00"/>
        <vehicle id="17" x="347.50" y="598.35" angle="90.00" type="DEFAULT_VEHTYPE" speed="13.71" pos="142.75" lane="1/3to2/3_0" slope="0.00"/>
        <vehicle id="18" x="534.71" y="401.65" angle="-90.00" type="DEFAULT_VEHTYPE" speed="13.68" pos="60.54" lane="3/2to2/2_0" slope="0.00"/>
        <vehicle id="2" x="198.35" y="11.26" angle="0.00" type="DEFAULT_VEHTYPE" speed="13.56" pos="183.99" lane="1/1to1/0_0" slope="0.00"/>
        <vehicle id="24" x="201.65" y="258.77" angle="180.00" type="DEFAULT_VEHTYPE" speed="12.75" pos="54.02" lane="1/1to1/2_0" slope="0.00"/>
        <vehicle id="28" x="416.79" y="401.65" angle="-90.00" type="DEFAULT_VEHTYPE" speed="3.50" pos="178.46" lane="3/2to2/2_0" slope="0.00"/>
        <vehicle id="29" x="742.98" y="201.65" angle="-90.00" type="DEFAULT_VEHTYPE" speed="13.27" pos="57.02" lane="4/1to3/1_0" slope="0.00"/>
        <vehicle id="3" x="480.26" y="401.65" angle="-90.00" type="DEFAULT_VEHTYPE" speed="13.15" pos="114.99" lane="3/2to2/2_0" slope="0.00"/>
        <vehicle id="33" x="201.65" y="85.52" angle="180.00" type="DEFAULT_VEHTYPE" speed="13.32" pos="85.52" lane="1/0to1/1_0" slope="0.00"/>
        <vehicle id="37" x="398.35" y="400.75" angle="0.00" type="DEFAULT_VEHTYPE" speed="12.84" pos="4.00" lane=":2/2_1_0" slope="0.00"/>
        <vehicle id="39" x="201.65" y="48.74" angle="180.00" type="DEFAULT_VEHTYPE" speed="12.81" pos="48.74" lane="1/0to1/1_0" slope="0.00"/>
        <vehicle id="40" x="345.42" y="401.65" angle="-90.00" type="DEFAULT_VEHTYPE" speed="13.90" pos="49.83" lane="2/2to1/2_0" slope="0.00"/>
        <vehicle id="42" x="182.19" y="398.35" angle="90.00" type="DEFAULT_VEHTYPE" speed="9.23" pos="182.19" lane="0/2to1/2_0" slope="0.00"/>
        <vehicle id="43" x="398.35" y="368.76" angle="0.00" type="DEFAULT_VEHTYPE" speed="13.47" pos="26.49" lane="2/2to2/1_0" slope="0.00"/>
        <vehicle id="44" x="407.43" y="401.65" angle="-90.00" type="DEFAULT_VEHTYPE" speed="0.20" pos="187.82" lane="3/2to2/2_0" slope="0.00"/>
        <vehicle id="48" x="601.65" y="404.95" angle="180.00" type="DEFAULT_VEHTYPE" speed="6.14" pos="0.20" lane="3/2to3/3_0" slope="0.00"/>
        <vehicle id="49" x="398.35" y="516.23" angle="0.00" type="DEFAULT_VEHTYPE" speed="13.17" pos="79.02" lane="2/3to2/2_0" slope="0.00"/>
        <vehicle id="5" x="245.33" y="401.65" angle="-90.00" type="DEFAULT_VEHTYPE" speed="13.70" pos="149.92" lane="2/2to1/2_0" slope="0.00"/>
        <vehicle id="6" x="287.12" y="401.65" angle="-90.00" type="DEFAULT_VEHTYPE" speed="12.78" pos="108.13" lane="2/2to1/2_0" slope="0.00"/>
        <vehicle id="7" x="201.42" y="403.13" angle="146.21" type="DEFAULT_VEHTYPE" speed="8.59" pos="8.68" lane=":1/2_14_0" slope="0.00"/>
        <vehicle id="8" x="575.19" y="198.35" angle="90.00" type="DEFAULT_VEHTYPE" speed="12.15" pos="170.44" lane="2/1to3/1_0" slope="0.00"/>
        <vehicle id="9" x="582.30" y="401.65" angle="-90.00" type="DEFAULT_VEHTYPE" speed="7.53" pos="12.95" lane="3/2to2/2_0" slope="0.00"/>
    </timestep>
    <timestep time="177.00">
        <vehicle id="0" x="439.55" y="401.65" angle="-90.00" type="DEFAULT_VEHTYPE" speed="10.34" pos="155.70" lane="3/2to2/2_0" slope="0.00"/>
        <vehicle id="10" x="601.65" y="389.00" angle="180.00" type="DEFAULT_VEHTYPE" speed="10.35" pos="184.25" lane="3/1to3/2_0" slope="0.00"/>
        <vehicle id="11" x="401.65" y="750.55" angle="180.00" type="DEFAULT_VEHTYPE" speed="13.51" pos="145.80" lane="2/3to2/4_0" slope="0.00"/>
        <vehicle id="15" x="605.14" y="601.65" angle="-90.00" type="DEFAULT_VEHTYPE" speed="6.08" pos="194.86" lane="4/3to3/3_0" slope="0.00"/>
        <vehicle id="16" x="401.65" y="653.62" angle="180.00" type="DEFAULT_VEHTYPE" speed="13.51" pos="48.87" lane="2/3to2/4_0" slope="0.00"/>
        <vehicle id="17" x="360.67" y="598.35" angle="90.00" type="DEFAULT_VEHTYPE" speed="13.18" pos="155.92" lane="1/3to2/3_0" slope="0.00"/>
        <vehicle id="18" x="520.82" y="401.65" angle="-90.00" type="DEFAULT_VEHTYPE" speed="13.90" pos="74.43" lane="3/2to2/2_0" slope="0.00"/>
        <vehicle id="2" x="199.95" y="-1.63" angle="20.55" type="DEFAULT_VEHTYPE" speed="13.61" pos="2.36" lane=":1/0_0_0" slope="0.00"/>
        <vehicle id="24" x="201.65" y="272.22" angle="180.00" type="DEFAULT_VEHTYPE" speed="13.45" pos="67.47" lane="1/1to1/2_0" slope="0.00"/>
        <vehicle id="28" x="415.46" y="401.65" angle="-90.00" type="DEFAULT_VEHTYPE" speed="1.33" pos="179.79" lane="3/2to2/2_0" slope="0.00"/>
        <vehicle id="29" x="729.19" y="201.65" angle="-90.00" type="DEFAULT_VEHTYPE" speed="13.78" pos="70.81" lane="4/1to3/1_0" slope="0.00"/>
        <vehicle id="3" x="466.80" y="401.65" angle="-90.00" type="DEFAULT_VEHTYPE" speed="13.46" pos="128.45" lane="3/2to2/2_0" slope="0.00"/>
        <vehicle id="33" x="201.65" y="98.94" angle="180.00" type="DEFAULT_VEHTYPE" speed="13.41" pos="98.94" lane="1/0to1/1_0" slope="0.00"/>
        <vehicle id="37" x="398.35" y="386.89" angle="0.00" type="DEFAULT_VEHTYPE" speed="13.87" pos="8.36" lane="2/2to2/1_0" slope="0.00"/>
        <vehicle id="39" x="201.65" y="62.44" angle="180.00" type="DEFAULT_VEHTYPE" speed="13.70" pos="62.44" lane="1/0to1/1_0" slope="0.00"/>
        <vehicle id="40" x="332.12" y="401.65" angle="-90.00" type="DEFAULT_VEHTYPE" speed="13.30" pos="63.13" lane="2/2to1/2_0" slope="0.00"/>
        <vehicle id="42" x="187.77" y="398.35" angle="90.00" type="DEFAULT_VEHTYPE" speed="5.58" pos="187.77" lane="0/2to1/2_0" slope="0.00"/>
        <vehicle id="43" x="398.35" y="355.79" angle="0.00" type="DEFAULT_VEHTYPE" speed="12.97" pos="39.46" lane="2/2to2/1_0" slope="0.00"/>
        <vehicle id="44" x="407.32" y="401.65" angle="-90.00" type="DEFAULT_VEHTYPE" speed="0.11" pos="187.93" lane="3/2to2/2_0" slope="0.00"/>
        <vehicle id="48" x="601.65" y="412.54" angle="180.00" type="DEFAULT_VEHTYPE" speed="7.59" pos="7.79" lane="3/2to3/3_0" slope="0.00"/>
        <vehicle id="49" x="398.35" y="503.35" angle="0.00" type="DEFAULT_VEHTYPE" speed="12.88" pos="91.90" lane="2/3to2/2_0" slope="0.00"/>
        <vehicle id="5" x="232.25" y="401.65" angle="-90.00" type="DEFAULT_VEHTYPE" speed="13.08" pos="163.00" lane="2/2to1/2_0" slope="0.00"/>
        <vehicle id="6" x="273.53" y="401.65" angle="-90.00" type="DEFAULT_VEHTYPE" speed="13.59" pos="121.72" lane="2/2to1/2_0" slope="0.00"/>
        <vehicle id="7" x="201.65" y="414.12" angle="180.00" type="DEFAULT_VEHTYPE" speed="11.01" pos="9.37" lane="1/2to1/3_0" slope="0.00"/>
        <vehicle id="8" x="583.04" y="198.35" angle="90.00" type="DEFAULT_VEHTYPE" speed="7.85" pos="178.29" lane="2/1to3/1_0" slope="0.00"/>
        <vehicle id="9" x="573.22" y="401.65" angle="-90.00" type="DEFAULT_VEHTYPE" speed="9.09" pos="22.03" lane="3/2to2/2_0" slope="0.00"/>
    </timestep>
    <timestep time="178.00">
        <vehicle id="0" x="431.11" y="401.65" angle="-90.00" type="DEFAULT_VEHTYPE" speed="8.45" pos="164.14" lane="3/2to2/2_0" slope="0.00"/>
        <vehicle id="10" x="601.65" y="399.44" angle="180.00" type="DEFAULT_VEHTYPE" speed="10.43" pos="4.19" lane=":3/2_9_0" slope="0.00"/>
        <vehicle id="11" x="401.65" y="763.27" angle="180.00" type="DEFAULT_VEHTYPE" speed="12.72" pos="158.52" lane="2/3to2/4_0" slope="0.00"/>
        <vehicle id="15" x="598.94" y="598.37" angle="-51.26" type="DEFAULT_VEHTYPE" speed="7.50" pos="7.12" lane=":3/3_6_0" slope="0.00"/>
        <vehicle id="16" x="401.65" y="667.23" angle="180.00" type="DEFAULT_VEHTYPE" speed="13.61" pos="62.48" lane="2/3to2/4_0" slope="0.00"/>
        <vehicle id="17" x="372.70" y="598.35" angle="90.00" type="DEFAULT_VEHTYPE" speed="12.03" pos="167.95" lane="1/3to2/3_0" slope="0.00"/>
        <vehicle id="18" x="507.69" y="401.65" angle="-90.00" type="DEFAULT_VEHTYPE" speed="13.13" pos="87.56" lane="3/2to2/2_0" slope="0.00"/>
        <vehicle id="2" x="201.65" y="11.29" angle="180.00" type="DEFAULT_VEHTYPE" speed="13.76" pos="11.29" lane="1/0to1/1_0" slope="0.00"/>
        <vehicle id="24" x="201.65" y="285.27" angle="180.00" type="DEFAULT_VEHTYPE" speed="13.05" pos="80.52" lane="1/1to1/2_0" slope="0.00"/>
        <vehicle id="28" x="414.90" y="401.65" angle="-90.00" type="DEFAULT_VEHTYPE" speed="0.56" pos="180.35" lane="3/2to2/2_0" slope="0.00"/>
        <vehicle id="29" x="715.69" y="201.65" angle="-90.00" type="DEFAULT_VEHTYPE" speed="13.51" pos="84.31" lane="4/1to3/1_0" slope="0.00"/>
        <vehicle id="3" x="454.51" y="401.65" angle="-90.00" type="DEFAULT_VEHTYPE" speed="12.29" pos="140.74" lane="3/2to2/2_0" slope="0.00"/>
        <vehicle id="33" x="201.65" y="112.25" angle="180.00" type="DEFAULT_VEHTYPE" speed="13.31" pos="112.25" lane="1/0to1/1_0" slope="0.00"/>
        <vehicle id="37" x="398.35" y="373.70" angle="0.00" type="DEFAULT_VEHTYPE" speed="13.18" pos="21.55" lane="2/2to2/1_0" slope="0.00"/>
        <vehicle id="39" x="201.65" y="75.78" angle="180.00" type="DEFAULT_VEHTYPE" speed="13.34" pos="75.78" lane="1/0to1/1_0" slope="0.00"/>
        <vehicle id="40" x="318.23" y="401.65" angle="-90.00" type="DEFAULT_VEHTYPE" speed="13.90" pos="77.02" lane="2/2to1/2_0" slope="0.00"/>
        <vehicle id="42" x="190.29" y="398.35" angle="90.00" type="DEFAULT_VEHTYPE" speed="2.52" pos="190.29" lane="0/2to1/2_0" slope="0.00"/>
        <vehicle id="43" x="398.35" y="342.55" angle="0.00" type="DEFAULT_VEHTYPE" speed="13.24" pos="52.70" lane="2/2to2/1_0" slope="0.00"/>
        <vehicle id="44" x="404.63" y="401.63" angle="-89.81" type="DEFAULT_VEHTYPE" speed="2.69" pos="0.12" lane=":2/2_6_0" slope="0.00"/>
        <vehicle id="48" x="601.65" y="421.79" angle="180.00" type="DEFAULT_VEHTYPE" speed="9.25" pos="17.04" lane="3/2to3/3_0" slope="0.00"/>
        <vehicle id="49" x="398.35" y="489.75" angle="0.00" type="DEFAULT_VEHTYPE" speed="13.60" pos="105.50" lane="2/3to2/2_0" slope="0.00"/>
        <vehicle id="5" x="222.29" y="401.65" angle="-90.00" type="DEFAULT_VEHTYPE" speed="9.96" pos="172.96" lane="2/2to1/2_0" slope="0.00"/>
        <vehicle id="6" x="259.74" y="401.65" angle="-90.00" type="DEFAULT_VEHTYPE" speed="13.79" pos="135.51" lane="2/2to1/2_0" slope="0.00"/>
        <vehicle id="7" x="201.65" y="426.66" angle="180.00" type="DEFAULT_VEHTYPE" speed="12.54" pos="21.91" lane="1/2to1/3_0" slope="0.00"/>
        <vehicle id="8" x="587.62" y="198.35" angle="90.00" type="DEFAULT_VEHTYPE" speed="4.58" pos="182.87" lane="2/1to3/1_0" slope="0.00"/>
        <vehicle id="9" x="561.80" y="401.65" angle="-90.00" type="DEFAULT_VEHTYPE" speed="11.42" pos="33.45" lane="3/2to2/2_0" slope="0.00"/>
    </timestep>
    <timestep time="179.00">
        <vehicle id="0" x="425.93" y="401.65" angle="-90.00" type="DEFAULT_VEHTYPE" speed="5.18" pos="169.32" lane="3/2to2/2_0" slope="0.00"/>
        <vehicle id="10" x="601.65" y="409.26" angle="180.00" type="DEFAULT_VEHTYPE" speed="9.83" pos="4.51" lane="3/2to3/3_0" slope="0.00"/>
        <vehicle id="11" x="401.65" y="776.71" angle="180.00" type="DEFAULT_VEHTYPE" speed="13.44" pos="171.96" lane="2/3to2/4_0" slope="0.00"/>
        <vehicle id="15" x="598.35" y="589.14" angle="0.00" type="DEFAULT_VEHTYPE" speed="9.32" pos="6.11" lane="3/3to3/2_0" slope="0.00"/>
        <vehicle id="16" x="401.65" y="680.70" angle="180.00" type="DEFAULT_VEHTYPE" speed="13.46" pos="75.95" lane="2/3to2/4_0" slope="0.00"/>
        <vehicle id="17" x="381.49" y="598.35" angle="90.00" type="DEFAULT_VEHTYPE" speed="8.79" pos="176.74" lane="1/3to2/3_0" slope="0.00"/>
        <vehicle id="18" x="494.19" y="401.65" angle="-90.00" type="DEFAULT_VEHTYPE" speed="13.50" pos="101.06" lane="3/2to2/2_0" slope="0.00"/>
        <vehicle id="2" x="201.65" y="24.02" angle="180.00" type="DEFAULT_VEHTYPE" speed="12.73" pos="24.02" lane="1/0to1/1_0" slope="0.00"/>
        <vehicle id="24" x="201.65" y="298.81" angle="180.00" type="DEFAULT_VEHTYPE" speed="13.54" pos="94.06" lane="1/1to1/2_0" slope="0.00"/>
        <vehicle id="28" x="413.31" y="401.65" angle="-90.00" type="DEFAULT_VEHTYPE" speed="1.59" pos="181.94" lane="3/2to2/2_0" slope="0.00"/>
        <vehicle id="29" x="702.26" y="201.65" angle="-90.00" type="DEFAULT_VEHTYPE" speed="13.43" pos="97.74" lane="4/1to3/1_0" slope="0.00"/>
        <vehicle id="3" x="444.71" y="401.65" angle="-90.00" type="DEFAULT_VEHTYPE" speed="9.80" pos="150.54" lane="3/2to2/2_0" slope="0.00"/>
        <vehicle id="33" x="201.65" y="125.34" angle="180.00" type="DEFAULT_VEHTYPE" speed="13.10" pos="125.34" lane="1/0to1/1_0" slope="0.00"/>
        <vehicle id="37" x="398.35" y="361.08" angle="0.00" type="DEFAULT_VEHTYPE" speed="12.62" pos="34.17" lane="2/2to2/1_0" slope="0.00"/>
        <vehicle id="39" x="201.65" y="89.27" angle="180.00" type="DEFAULT_VEHTYPE" speed="13.49" pos="89.27" lane="1/0to1/1_0" slope="0.00"/>
        <vehicle id="40" x="304.40" y="401.65" angle="-90.00" type="DEFAULT_VEHTYPE" speed="13.83" pos="90.85" lane="2/2to1/2_0" slope="0.00"/>
        <vehicle id="42" x="191.58" y="398.35" angle="90.00" type="DEFAULT_VEHTYPE" speed="1.29" pos="191.58" lane="0/2to1/2_0" slope="0.00"/>
        <vehicle id="43" x="398.35" y="329.91" angle="0.00" type="DEFAULT_VEHTYPE" speed="12.64" pos="65.34" lane="2/2to2/1_0" slope="0.00"/>
        <vehicle id="44" x="400.53" y="400.40" angle="-75.17" type="DEFAULT_VEHTYPE" speed="4.37" pos="4.49" lane=":2/2_6_0" slope="0.00"/>
        <vehicle id="48" x="601.65" y="433.24" angle="180.00" type="DEFAULT_VEHTYPE" speed="11.45" pos="28.49" lane="3/2to3/3_0" slope="0.00"/>
        <vehicle id="49" x="398.35" y="476.22" angle="0.00" type="DEFAULT_VEHTYPE" speed="13.53" pos="119.03" lane="2/3to2/2_0" slope="0.00"/>
        <vehicle id="5" x="215.61" y="401.65" angle="-90.00" type="DEFAULT_VEHTYPE" speed="6.68" pos="179.64" lane="2/2to1/2_0" slope="0.00"/>
        <vehicle id="6" x="246.16" y="401.65" angle="-90.00" type="DEFAULT_VEHTYPE" speed="13.58" pos="149.09" lane="2/2to1/2_0" slope="0.00"/>
        <vehicle id="7" x="201.65" y="440.41" angle="180.00" type="DEFAULT_VEHTYPE" speed="13.75" pos="35.66" lane="1/2to1/3_0" slope="0.00"/>
        <vehicle id="8" x="590.73" y="198.35" angle="90.00" type="DEFAULT_VEHTYPE" speed="3.11" pos="185.98" lane="2/1to3/1_0" slope="0.00"/>
        <vehicle id="9" x="548.38" y="401.65" angle="-90.00" type="DEFAULT_VEHTYPE" speed="13.42" pos="46.87" lane="3/2to2/2_0" slope="0.00"/>
    </timestep>
    <timestep time="180.00">
        <vehicle id="0" x="423.37" y="401.65" angle="-90.00" type="DEFAULT_VEHTYPE" speed="2.56" pos="171.88" lane="3/2to2/2_0" slope="0.00"/>
        <vehicle id="10" x="601.65" y="421.32" angle="180.00" type="DEFAULT_VEHTYPE" speed="12.05" pos="16.57" lane="3/2to3/3_0" slope="0.00"/>
        <vehicle id="11" x="401.65" y="790.16" angle="180.00" type="DEFAULT_VEHTYPE" speed="13.45" pos="185.41" lane="2/3to2/4_0" slope="0.00"/>
        <vehicle id="15" x="598.35" y="577.92" angle="0.00" type="DEFAULT_VEHTYPE" speed="11.21" pos="17.33" lane="3/3to3/2_0" slope="0.00"/>
        <vehicle id="16" x="401.65" y="694.32" angle="180.00" type="DEFAULT_VEHTYPE" speed="13.62" pos="89.57" lane="2/3to2/4_0" slope="0.00"/>
        <vehicle id="17" x="386.90" y="598.35" angle="90.00" type="DEFAULT_VEHTYPE" speed="5.42" pos="182.15" lane="1/3to2/3_0" slope="0.00"/>
        <vehicle id="18" x="481.22" y="401.65" angle="-90.00" type="DEFAULT_VEHTYPE" speed="12.97" pos="114.03" lane="3/2to2/2_0" slope="0.00"/>
        <vehicle id="2" x="201.65" y="36.89" angle="180.00" type="DEFAULT_VEHTYPE" speed="12.87" pos="36.89" lane="1/0to1/1_0" slope="0.00"/>
        <vehicle id="24" x="201.65" y="312.63" angle="180.00" type="DEFAULT_VEHTYPE" speed="13.82" pos="107.88" lane="1/1to1/2_0" slope="0.00"/>
        <vehicle id="28" x="409.63" y="401.65" angle="-90.00" type="DEFAULT_VEHTYPE" speed="3.68" pos="185.62" lane="3/2to2/2_0" slope="0.00"/>
        <vehicle id="29" x="688.67" y="201.65" angle="-90.00" type="DEFAULT_VEHTYPE" speed="13.59" pos="111.33" lane="4/1to3/1_0" slope="0.00"/>
        <vehicle id="3" x="437.67" y="401.65" angle="-90.00" type="DEFAULT_VEHTYPE" speed="7.04" pos="157.58" lane="3/2to2/2_0" slope="0.00"/>
        <vehicle id="33" x="201.65" y="138.52" angle="180.00" type="DEFAULT_VEHTYPE" speed="13.18" pos="138.52" lane="1/0to1/1_0" slope="0.00"/>
        <vehicle id="37" x="398.35" y="348.23" angle="0.00" type="DEFAULT_VEHTYPE" speed="12.85" pos="47.02" lane="2/2to2/1_0" slope="0.00"/>
        <vehicle id="39" x="201.65" y="102.22" angle="180.00" type="DEFAULT_VEHTYPE" speed="12.94" pos="102.22" lane="1/0to1/1_0" slope="0.00"/>
        <vehicle id="40" x="291.58" y="401.65" angle="-90.00" type="DEFAULT_VEHTYPE" speed="12.82" pos="103.67" lane="2/2to1/2_0" slope="0.00"/>
        <vehicle id="42" x="192.19" y="398.35" angle="90.00" type="DEFAULT_VEHTYPE" speed="0.61" pos="192.19" lane="0/2to1/2_0" slope="0.00"/>
        <vehicle id="43" x="398.35" y="316.67" angle="0.00" type="DEFAULT_VEHTYPE" speed="13.24" pos="78.58" lane="2/2to2/1_0" slope="0.00"/>
        <vehicle id="44" x="398.35" y="394.13" angle="-11.02" type="DEFAULT_VEHTYPE" speed="6.96" pos="1.12" lane="2/2to2/1_0" slope="0.00"/>
        <vehicle id="48" x="601.65" y="446.13" angle="180.00" type="DEFAULT_VEHTYPE" speed="12.89" pos="41.38" lane="3/2to3/3_0" slope="0.00"/>
        <vehicle id="49" x="398.35" y="463.17" angle="0.00" type="DEFAULT_VEHTYPE" speed="13.04" pos="132.08" lane="2/3to2/2_0" slope="0.00"/>
        <vehicle id="5" x="211.58" y="401.65" angle="-90.00" type="DEFAULT_VEHTYPE" speed="4.03" pos="183.67" lane="2/2to1/2_0" slope="0.00"/>
        <vehicle id="6" x="234.51" y="401.65" angle="-90.00" type="DEFAULT_VEHTYPE" speed="11.65" pos="160.74" lane="2/2to1/2_0" slope="0.00"/>
        <vehicle id="7" x="201.65" y="454.00" angle="180.00" type="DEFAULT_VEHTYPE" speed="13.60" pos="49.25" lane="1/2to1/3_0" slope="0.00"/>
        <vehicle id="8" x="595.42" y="198.35" angle="90.00" type="DEFAULT_VEHTYPE" speed="4.69" pos="0.17" lane=":3/1_13_0" slope="0.00"/>
        <vehicle id="9" x="535.68" y="401.65" angle="-90.00" type="DEFAULT_VEHTYPE" speed="12.70" pos="59.57" lane="3/2to2/2_0" slope="0.00"/>
    </timestep>
    <timestep time="181.00">
        <vehicle id="0" x="419.55" y="401.65" angle="-90.00" type="DEFAULT_VEHTYPE" speed="3.82" pos="175.70" lane="3/2to2/2_0" slope="0.00"/>
        <vehicle id="10" x="601.65" y="434.35" angle="180.00" type="DEFAULT_VEHTYPE" speed="13.03" pos="29.60" lane="3/2to3/3_0" slope="0.00"/>
        <vehicle id="11" x="398.94" y="800.88" angle="-128.16" type="DEFAULT_VEHTYPE" speed="13.60" pos="3.76" lane=":2/4_0_0" slope="0.00"/>
        <vehicle id="15" x="598.35" y="564.48" angle="0.00" type="DEFAULT_VEHTYPE" speed="13.44" pos="30.77" lane="3/3to3/2_0" slope="0.00"/>
        <vehicle id="16" x="401.65" y="707.31" angle="180.00" type="DEFAULT_VEHTYPE" speed="12.99" pos="102.56" lane="2/3to2/4_0" slope="0.00"/>
        <vehicle id="17" x="390.13" y="598.35" angle="90.00" type="DEFAULT_VEHTYPE" speed="3.23" pos="185.38" lane="1/3to2/3_0" slope="0.00"/>
        <vehicle id="18" x="468.24" y="401.65" angle="-90.00" type="DEFAULT_VEHTYPE" speed="12.98" pos="127.01" lane="3/2to2/2_0" slope="0.00"/>
        <vehicle id="2" x="201.65" y="49.93" angle="180.00" type="DEFAULT_VEHTYPE" speed="13.04" pos="49.93" lane="1/0to1/1_0" slope="0.00"/>
        <vehicle id="24" x="201.65" y="325.58" angle="180.00" type="DEFAULT_VEHTYPE" speed="12.96" pos="120.83" lane="1/1to1/2_0" slope="0.00"/>
        <vehicle id="28" x="403.54" y="401.65" angle="-90.00" type="DEFAULT_VEHTYPE" speed="6.09" pos="1.21" lane=":2/2_5_0" slope="0.00"/>
        <vehicle id="29" x="675.70" y="201.65" angle="-90.00" type="DEFAULT_VEHTYPE" speed="12.96" pos="124.30" lane="4/1to3/1_0" slope="0.00"/>
        <vehicle id="3" x="433.90" y="401.65" angle="-90.00" type="DEFAULT_VEHTYPE" speed="3.77" pos="161.35" lane="3/2to2/2_0" slope="0.00"/>
        <vehicle id="33" x="201.65" y="151.93" angle="180.00" type="DEFAULT_VEHTYPE" speed="13.41" pos="151.93" lane="1/0to1/1_0" slope="0.00"/>
        <vehicle id="37" x="398.35" y="335.48" angle="0.00" type="DEFAULT_VEHTYPE" speed="12.75" pos="59.77" lane="2/2to2/1_0" slope="0.00"/>
        <vehicle id="39" x="201.65" y="115.03" angle="180.00" type="DEFAULT_VEHTYPE" speed="12.81" pos="115.03" lane="1/0to1/1_0" slope="0.00"/>
        <vehicle id="40" x="277.91" y="401.65" angle="-90.00" type="DEFAULT_VEHTYPE" speed="13.67" pos="117.34" lane="2/2to1/2_0" slope="0.00"/>
        <vehicle id="42" x="192.55" y="398.35" angle="90.00" type="DEFAULT_VEHTYPE" speed="0.36" pos="192.55" lane="0/2to1/2_0" slope="0.00"/>
        <vehicle id="43" x="398.35" y="303.08" angle="0.00" type="DEFAULT_VEHTYPE" speed="13.59" pos="92.17" lane="2/2to2/1_0" slope="0.00"/>
        <vehicle id="44" x="398.35" y="384.73" angle="0.00" type="DEFAULT_VEHTYPE" speed="9.39" pos="10.52" lane="2/2to2/1_0" slope="0.00"/>
        <vehicle id="48" x="601.65" y="459.81" angle="180.00" type="DEFAULT_VEHTYPE" speed="13.68" pos="55.06" lane="3/2to3/3_0" slope="0.00"/>
        <vehicle id="49" x="398.35" y="449.58" angle="0.00" type="DEFAULT_VEHTYPE" speed="13.60" pos="145.67" lane="2/3to2/2_0" slope="0.00"/>
        <vehicle id="5" x="205.61" y="401.65" angle="-90.00" type="DEFAULT_VEHTYPE" speed="5.97" pos="189.64" lane="2/2to1/2_0" slope="0.00"/>
        <vehicle id="6" x="226.91" y="401.65" angle="-90.00" type="DEFAULT_VEHTYPE" speed="7.60" pos="168.34" lane="2/2to1/2_0" slope="0.00"/>
        <vehicle id="7" x="201.65" y="466.99" angle="180.00" type="DEFAULT_VEHTYPE" speed="12.99" pos="62.24" lane="1/2to1/3_0" slope="0.00"/>
        <vehicle id="8" x="602.31" y="198.35" angle="90.00" type="DEFAULT_VEHTYPE" speed="6.89" pos="7.06" lane=":3/1_13_0" slope="0.00"/>
        <vehicle id="9" x="522.42" y="401.65" angle="-90.00" type="DEFAULT_VEHTYPE" speed="13.26" pos="72.83" lane="3/2to2/2_0" slope="0.00"/>
    </timestep>
    <timestep time="182.00">
        <vehicle id="0" x="414.36" y="401.65" angle="-90.00" type="DEFAULT_VEHTYPE" speed="5.20" pos="180.89" lane="3/2to2/2_0" slope="0.00"/>
        <vehicle id="10" x="601.65" y="447.84" angle="180.00" type="DEFAULT_VEHTYPE" speed="13.49" pos="43.09" lane="3/2to3/3_0" slope="0.00"/>
        <vehicle id="11" x="398.35" y="787.39" angle="0.00" type="DEFAULT_VEHTYPE" speed="13.68" pos="12.61" lane="2/4to2/3_0" slope="0.00"/>
        <vehicle id="15" x="598.35" y="551.44" angle="0.00" type="DEFAULT_VEHTYPE" speed="13.04" pos="43.81" lane="3/3to3/2_0" slope="0.00"/>
        <vehicle id="16" x="401.65" y="720.00" angle="180.00" type="DEFAULT_VEHTYPE" speed="12.69" pos="115.25" lane="2/3to2/4_0" slope="0.00"/>
        <vehicle id="17" x="395.62" y="598.40" angle="90.61" type="DEFAULT_VEHTYPE" speed="5.50" pos="0.38" lane=":2/3_14_0" slope="0.00"/>
        <vehicle id="18" x="456.79" y="401.65" angle="-90.00" type="DEFAULT_VEHTYPE" speed="11.45" pos="138.46" lane="3/2to2/2_0" slope="0.00"/>
        <vehicle id="2" x="201.65" y="63.55" angle="180.00" type="DEFAULT_VEHTYPE" speed="13.63" pos="63.55" lane="1/0to1/1_0" slope="0.00"/>
        <vehicle id="24" x="201.65" y="339.38" angle="180.00" type="DEFAULT_VEHTYPE" speed="13.80" pos="134.63" lane="1/1to1/2_0" slope="0.00"/>
        <vehicle id="28" x="395.30" y="401.65" angle="-90.00" type="DEFAULT_VEHTYPE" speed="8.23" pos="9.45" lane=":2/2_5_0" slope="0.00"/>
        <vehicle id="29" x="662.20" y="201.65" angle="-90.00" type="DEFAULT_VEHTYPE" speed="13.50" pos="137.80" lane="4/1to3/1_0" slope="0.00"/>
        <vehicle id="3" x="429.90" y="401.65" angle="-90.00" type="DEFAULT_VEHTYPE" speed="4.00" pos="165.35" lane="3/2to2/2_0" slope="0.00"/>
        <vehicle id="33" x="201.65" y="165.78" angle="180.00" type="DEFAULT_VEHTYPE" speed="13.85" pos="165.78" lane="1/0to1/1_0" slope="0.00"/>
        <vehicle id="37" x="398.35" y="322.14" angle="0.00" type="DEFAULT_VEHTYPE" speed="13.34" pos="73.11" lane="2/2to2/1_0" slope="0.00"/>
        <vehicle id="39" x="201.65" y="128.09" angle="180.00" type="DEFAULT_VEHTYPE" speed="13.06" pos="128.09" lane="1/0to1/1_0" slope="0.00"/>
        <vehicle id="40" x="264.83" y="401.65" angle="-90.00" type="DEFAULT_VEHTYPE" speed="13.08" pos="130.42" lane="2/2to1/2_0" slope="0.00"/>
        <vehicle id="42" x="192.70" y="398.35" angle="90.00" type="DEFAULT_VEHTYPE" speed="0.16" pos="192.70" lane="0/2to1/2_0" slope="0.00"/>
        <vehicle id="43" x="398.35" y="289.48" angle="0.00" type="DEFAULT_VEHTYPE" speed="13.59" pos="105.77" lane="2/2to2/1_0" slope="0.00"/>
        <vehicle id="44" x="398.35" y="373.28" angle="0.00" type="DEFAULT_VEHTYPE" speed="11.45" pos="21.97" lane="2/2to2/1_0" slope="0.00"/>
        <vehicle id="48" x="601.65" y="472.84" angle="180.00" type="DEFAULT_VEHTYPE" speed="13.04" pos="68.09" lane="3/2to3/3_0" slope="0.00"/>
        <vehicle id="49" x="398.35" y="436.54" angle="0.00" type="DEFAULT_VEHTYPE" speed="13.04" pos="158.71" lane="2/3to2/2_0" slope="0.00"/>
        <vehicle id="5" x="197.89" y="401.65" angle="-90.00" type="DEFAULT_VEHTYPE" speed="7.72" pos="6.86" lane=":1/2_5_0" slope="0.00"/>
        <vehicle id="6" x="218.64" y="401.65" angle="-90.00" type="DEFAULT_VEHTYPE" speed="8.27" pos="176.61" lane="2/2to1/2_0" slope="0.00"/>
        <vehicle id="7" x="201.65" y="480.87" angle="180.00" type="DEFAULT_VEHTYPE" speed="13.88" pos="76.12" lane="1/2to1/3_0" slope="0.00"/>
        <vehicle id="8" x="610.78" y="198.35" angle="90.00" type="DEFAULT_VEHTYPE" speed="8.46" pos="6.03" lane="3/1to4/1_0" slope="0.00"/>
        <vehicle id="9" x="508.73" y="401.65" angle="-90.00" type="DEFAULT_VEHTYPE" speed="13.69" pos="86.52" lane="3/2to2/2_0" slope="0.00"/>
    </timestep>
    <timestep time="183.00">
        <vehicle id="0" x="410.89" y="401.65" angle="-90.00" type="DEFAULT_VEHTYPE" speed="3.46" pos="184.36" lane="3/2to2/2_0" slope="0.00"/>
        <vehicle id="10" x="601.65" y="461.44" angle="180.00" type="DEFAULT_VEHTYPE" speed="13.61" pos="56.69" lane="3/2to3/3_0" slope="0.00"/>
        <vehicle id="11" x="398.35" y="773.71" angle="0.00" type="DEFAULT_VEHTYPE" speed="13.68" pos="26.29" lane="2/4to2/3_0" slope="0.00"/>
        <vehicle id="15" x="598.35" y="537.88" angle="0.00" type="DEFAULT_VEHTYPE" speed="13.56" pos="57.37" lane="3/3to3/2_0" slope="0.00"/>
        <vehicle id="16" x="401.65" y="733.67" angle="180.00" type="DEFAULT_VEHTYPE" speed="13.67" pos="128.92" lane="2/3to2/4_0" slope="0.00"/>
        <vehicle id="17" x="401.36" y="602.70" angle="141.69" type="DEFAULT_VEHTYPE" speed="7.87" pos="8.25" lane=":2/3_14_0" slope="0.00"/>
        <vehicle id="18" x="448.63" y="401.65" angle="-90.00" type="DEFAULT_VEHTYPE" speed="8.16" pos="146.62" lane="3/2to2/2_0" slope="0.00"/>
        <vehicle id="2" x="201.65" y="76.97" angle="180.00" type="DEFAULT_VEHTYPE" speed="13.41" pos="76.97" lane="1/0to1/1_0" slope="0.00"/>
        <vehicle id="24" x="201.65" y="353.15" angle="180.00" type="DEFAULT_VEHTYPE" speed="13.77" pos="148.40" lane="1/1to1/2_0" slope="0.00"/>
        <vehicle id="28" x="384.88" y="401.65" angle="-90.00" type="DEFAULT_VEHTYPE" speed="10.43" pos="10.37" lane="2/2to1/2_0" slope="0.00"/>
        <vehicle id="29" x="648.79" y="201.65" angle="-90.00" type="DEFAULT_VEHTYPE" speed="13.41" pos="151.21" lane="4/1to3/1_0" slope="0.00"/>
        <vehicle id="3" x="424.20" y="401.65" angle="-90.00" type="DEFAULT_VEHTYPE" speed="5.69" pos="171.05" lane="3/2to2/2_0" slope="0.00"/>
        <vehicle id="33" x="201.65" y="178.79" angle="180.00" type="DEFAULT_VEHTYPE" speed="13.01" pos="178.79" lane="1/0to1/1_0" slope="0.00"/>
        <vehicle id="37" x="398.35" y="308.28" angle="0.00" type="DEFAULT_VEHTYPE" speed="13.87" pos="86.97" lane="2/2to2/1_0" slope="0.00"/>
        <vehicle id="39" x="201.65" y="141.78" angle="180.00" type="DEFAULT_VEHTYPE" speed="13.69" pos="141.78" lane="1/0to1/1_0" slope="0.00"/>
        <vehicle id="40" x="251.13" y="401.65" angle="-90.00" type="DEFAULT_VEHTYPE" speed="13.70" pos="144.12" lane="2/2to1/2_0" slope="0.00"/>
        <vehicle id="42" x="192.73" y="398.35" angle="90.00" type="DEFAULT_VEHTYPE" speed="0.02" pos="192.73" lane="0/2to1/2_0" slope="0.00"/>
        <vehicle id="43" x="398.35" y="276.79" angle="0.00" type="DEFAULT_VEHTYPE" speed="12.69" pos="118.46" lane="2/2to2/1_0" slope="0.00"/>
        <vehicle id="44" x="398.35" y="360.04" angle="0.00" type="DEFAULT_VEHTYPE" speed="13.24" pos="35.21" lane="2/2to2/1_0" slope="0.00"/>
        <vehicle id="48" x="601.65" y="486.40" angle="180.00" type="DEFAULT_VEHTYPE" speed="13.56" pos="81.65" lane="3/2to3/3_0" slope="0.00"/>
        <vehicle id="49" x="398.35" y="423.04" angle="0.00" type="DEFAULT_VEHTYPE" speed="13.50" pos="172.21" lane="2/3to2/2_0" slope="0.00"/>
        <vehicle id="5" x="188.67" y="401.65" angle="-90.00" type="DEFAULT_VEHTYPE" speed="9.22" pos="6.58" lane="1/2to0/2_0" slope="0.00"/>
        <vehicle id="6" x="212.20" y="401.65" angle="-90.00" type="DEFAULT_VEHTYPE" speed="6.44" pos="183.05" lane="2/2to1/2_0" slope="0.00"/>
        <vehicle id="7" x="201.65" y="494.30" angle="180.00" type="DEFAULT_VEHTYPE" speed="13.43" pos="89.55" lane="1/2to1/3_0" slope="0.00"/>
        <vehicle id="8" x="620.76" y="198.35" angle="90.00" type="DEFAULT_VEHTYPE" speed="9.98" pos="16.01" lane="3/1to4/1_0" slope="0.00"/>
        <vehicle id="9" x="495.83" y="401.65" angle="-90.00" type="DEFAULT_VEHTYPE" speed="12.89" pos="99.42" lane="3/2to2/2_0" slope="0.00"/>
    </timestep>
    <timestep time="184.00">
        <vehicle id="0" x="408.44" y="401.65" angle="-90.00" type="DEFAULT_VEHTYPE" speed="2.45" pos="186.81" lane="3/2to2/2_0" slope="0.00"/>
        <vehicle id="10" x="601.65" y="474.17" angle="180.00" type="DEFAULT_VEHTYPE" speed="12.72" pos="69.42" lane="3/2to3/3_0" slope="0.00"/>
        <vehicle id="11" x="398.35" y="760.81" angle="0.00" type="DEFAULT_VEHTYPE" speed="12.90" pos="39.19" lane="2/4to2/3_0" slope="0.00"/>
        <vehicle id="15" x="598.35" y="524.98" angle="0.00" type="DEFAULT_VEHTYPE" speed="12.90" pos="70.27" lane="3/3to3/2_0" slope="0.00"/>
        <vehicle id="16" x="401.65" y="747.27" angle="180.00" type="DEFAULT_VEHTYPE" speed="13.60" pos="142.52" lane="2/3to2/4_0" slope="0.00"/>
        <vehicle id="17" x="401.65" y="612.06" angle="180.00" type="DEFAULT_VEHTYPE" speed="9.38" pos="7.31" lane="2/3to2/4_0" slope="0.00"/>
        <vehicle id="18" x="439.03" y="401.65" angle="-90.00" type="DEFAULT_VEHTYPE" speed="9.60" pos="156.22" lane="3/2to2/2_0" slope="0.00"/>
        <vehicle id="2" x="201.65" y="90.35" angle="180.00" type="DEFAULT_VEHTYPE" speed="13.38" pos="90.35" lane="1/0to1/1_0" slope="0.00"/>
        <vehicle id="24" x="201.65" y="365.89" angle="180.00" type="DEFAULT_VEHTYPE" speed="12.74" pos="161.14" lane="1/1to1/2_0" slope="0.00"/>
        <vehicle id="28" x="372.52" y="401.65" angle="-90.00" type="DEFAULT_VEHTYPE" speed="12.35" pos="22.73" lane="2/2to1/2_0" slope="0.00"/>
        <vehicle id="29" x="635.23" y="201.65" angle="-90.00" type="DEFAULT_VEHTYPE" speed="13.56" pos="164.77" lane="4/1to3/1_0" slope="0.00"/>
        <vehicle id="3" x="420.64" y="401.65" angle="-90.00" type="DEFAULT_VEHTYPE" speed="3.57" pos="174.61" lane="3/2to2/2_0" slope="0.00"/>
        <vehicle id="33" x="201.65" y="192.66" angle="180.00" type="DEFAULT_VEHTYPE" speed="13.87" pos="192.66" lane="1/0to1/1_0" slope="0.00"/>
        <vehicle id="37" x="398.35" y="294.93" angle="0.00" type="DEFAULT_VEHTYPE" speed="13.35" pos="100.32" lane="2/2to2/1_0" slope="0.00"/>
        <vehicle id="39" x="201.65" y="154.92" angle="180.00" type="DEFAULT_VEHTYPE" speed="13.14" pos="154.92" lane="1/0to1/1_0" slope="0.00"/>
        <vehicle id="40" x="237.40" y="401.65" angle="-90.00" type="DEFAULT_VEHTYPE" speed="13.73" pos="157.85" lane="2/2to1/2_0" slope="0.00"/>
        <vehicle id="42" x="192.74" y="398.35" angle="90.00" type="DEFAULT_VEHTYPE" speed="0.01" pos="192.74" lane="0/2to1/2_0" slope="0.00"/>
        <vehicle id="43" x="398.35" y="264.00" angle="0.00" type="DEFAULT_VEHTYPE" speed="12.80" pos="131.25" lane="2/2to2/1_0" slope="0.00"/>
        <vehicle id="44" x="398.35" y="346.39" angle="0.00" type="DEFAULT_VEHTYPE" speed="13.65" pos="48.86" lane="2/2to2/1_0" slope="0.00"/>
        <vehicle id="48" x="601.65" y="499.23" angle="180.00" type="DEFAULT_VEHTYPE" speed="12.83" pos="94.48" lane="3/2to3/3_0" slope="0.00"/>
        <vehicle id="49" x="398.35" y="409.78" angle="0.00" type="DEFAULT_VEHTYPE" speed="13.26" pos="185.47" lane="2/3to2/2_0" slope="0.00"/>
        <vehicle id="5" x="178.12" y="401.65" angle="-90.00" type="DEFAULT_VEHTYPE" speed="10.55" pos="17.13" lane="1/2to0/2_0" slope="0.00"/>
        <vehicle id="6" x="208.87" y="401.65" angle="-90.00" type="DEFAULT_VEHTYPE" speed="3.33" pos="186.38" lane="2/2to1/2_0" slope="0.00"/>
        <vehicle id="7" x="201.65" y="507.23" angle="180.00" type="DEFAULT_VEHTYPE" speed="12.93" pos="102.48" lane="1/2to1/3_0" slope="0.00"/>
        <vehicle id="8" x="632.79" y="198.35" angle="90.00" type="DEFAULT_VEHTYPE" speed="12.03" pos="28.04" lane="3/1to4/1_0" slope="0.00"/>
        <vehicle id="9" x="482.00" y="401.65" angle="-90.00" type="DEFAULT_VEHTYPE" speed="13.84" pos="113.25" lane="3/2to2/2_0" slope="0.00"/>
    </timestep>
    <timestep time="185.00">
        <vehicle id="0" x="407.83" y="401.65" angle="-90.00" type="DEFAULT_VEHTYPE" speed="0.61" pos="187.42" lane="3/2to2/2_0" slope="0.00"/>
        <vehicle id="10" x="601.65" y="487.86" angle="180.00" type="DEFAULT_VEHTYPE" speed="13.70" pos="83.11" lane="3/2to3/3_0" slope="0.00"/>
        <vehicle id="11" x="398.35" y="747.10" angle="0.00" type="DEFAULT_VEHTYPE" speed="13.71" pos="52.90" lane="2/4to2/3_0" slope="0.00"/>
        <vehicle id="15" x="598.35" y="511.59" angle="0.00" type="DEFAULT_VEHTYPE" speed="13.39" pos="83.66" lane="3/3to3/2_0" slope="0.00"/>
        <vehicle id="16" x="401.65" y="760.63" angle="180.00" type="DEFAULT_VEHTYPE" speed="13.36" pos="155.88" lane="2/3to2/4_0" slope="0.00"/>
        <vehicle id="17" x="401.65" y="624.00" angle="180.00" type="DEFAULT_VEHTYPE" speed="11.94" pos="19.25" lane="2/3to2/4_0" slope="0.00"/>
        <vehicle id="18" x="433.60" y="401.65" angle="-90.00" type="DEFAULT_VEHTYPE" speed="5.43" pos="161.65" lane="3/2to2/2_0" slope="0.00"/>
        <vehicle id="2" x="201.65" y="103.25" angle="180.00" type="DEFAULT_VEHTYPE" speed="12.90" pos="103.25" lane="1/0to1/1_0" slope="0.00"/>
        <vehicle id="24" x="201.65" y="379.18" angle="180.00" type="DEFAULT_VEHTYPE" speed="13.29" pos="174.43" lane="1/1to1/2_0" slope="0.00"/>
        <vehicle id="28" x="359.38" y="401.65" angle="-90.00" type="DEFAULT_VEHTYPE" speed="13.15" pos="35.87" lane="2/2to1/2_0" slope="0.00"/>
        <vehicle id="29" x="623.31" y="201.65" angle="-90.00" type="DEFAULT_VEHTYPE" speed="11.92" pos="176.69" lane="4/1to3/1_0" slope="0.00"/>
        <vehicle id="3" x="417.47" y="401.65" angle="-90.00" type="DEFAULT_VEHTYPE" speed="3.16" pos="177.78" lane="3/2to2/2_0" slope="0.00"/>
        <vehicle id="33" x="210.63" y="198.35" angle="90.00" type="DEFAULT_VEHTYPE" speed="13.47" pos="5.88" lane="1/1to2/1_0" slope="0.00"/>
        <vehicle id="37" x="398.35" y="281.17" angle="0.00" type="DEFAULT_VEHTYPE" speed="13.76" pos="114.08" lane="2/2to2/1_0" slope="0.00"/>
        <vehicle id="39" x="201.65" y="168.36" angle="180.00" type="DEFAULT_VEHTYPE" speed="13.44" pos="168.36" lane="1/0to1/1_0" slope="0.00"/>
        <vehicle id="40" x="228.17" y="401.65" angle="-90.00" type="DEFAULT_VEHTYPE" speed="9.23" pos="167.08" lane="2/2to1/2_0" slope="0.00"/>
        <vehicle id="42" x="192.74" y="398.35" angle="90.00" type="DEFAULT_VEHTYPE" speed="0.00" pos="192.74" lane="0/2to1/2_0" slope="0.00"/>
        <vehicle id="43" x="398.35" y="250.32" angle="0.00" type="DEFAULT_VEHTYPE" speed="13.68" pos="144.93" lane="2/2to2/1_0" slope="0.00"/>
        <vehicle id="44" x="398.35" y="332.72" angle="0.00" type="DEFAULT_VEHTYPE" speed="13.68" pos="62.53" lane="2/2to2/1_0" slope="0.00"/>
        <vehicle id="48" x="601.65" y="512.56" angle="180.00" type="DEFAULT_VEHTYPE" speed="13.33" pos="107.81" lane="3/2to3/3_0" slope="0.00"/>
        <vehicle id="49" x="398.35" y="396.97" angle="0.00" type="DEFAULT_VEHTYPE" speed="12.81" pos="7.78" lane=":2/2_1_0" slope="0.00"/>
        <vehicle id="5" x="166.16" y="401.65" angle="-90.00" type="DEFAULT_VEHTYPE" speed="11.96" pos="29.09" lane="1/2to0/2_0" slope="0.00"/>
        <vehicle id="6" x="207.48" y="401.65" angle="-90.00" type="DEFAULT_VEHTYPE" speed="1.39" pos="187.77" lane="2/2to1/2_0" slope="0.00"/>
        <vehicle id="7" x="201.65" y="520.33" angle="180.00" type="DEFAULT_VEHTYPE" speed="13.10" pos="115.58" lane="1/2to1/3_0" slope="0.00"/>
        <vehicle id="8" x="645.52" y="198.35" angle="90.00" type="DEFAULT_VEHTYPE" speed="12.74" pos="40.77" lane="3/1to4/1_0" slope="0.00"/>
        <vehicle id="9" x="468.77" y="401.65" angle="-90.00" type="DEFAULT_VEHTYPE" speed="13.22" pos="126.48" lane="3/2to2/2_0" slope="0.00"/>
    </timestep>
    <timestep time="186.00">
        <vehicle id="0" x="405.65" y="401.65" angle="-90.00" type="DEFAULT_VEHTYPE" speed="2.18" pos="189.60" lane="3/2to2/2_0" slope="0.00"/>
        <vehicle id="10" x="601.65" y="500.82" angle="180.00" type="DEFAULT_VEHTYPE" speed="12.96" pos="96.07" lane="3/2to3/3_0" slope="0.00"/>
        <vehicle id="11" x="398.35" y="733.20" angle="0.00" type="DEFAULT_VEHTYPE" speed="13.90" pos="66.80" lane="2/4to2/3_0" slope="0.00"/>
        <vehicle id="15" x="598.35" y="498.68" angle="0.00" type="DEFAULT_VEHTYPE" speed="12.91" pos="96.57" lane="3/3to3/2_0" slope="0.00"/>
        <vehicle id="16" x="401.65" y="774.35" angle="180.00" type="DEFAULT_VEHTYPE" speed="13.73" pos="169.60" lane="2/3to2/4_0" slope="0.00"/>
        <vehicle id="17" x="401.65" y="636.64" angle="180.00" type="DEFAULT_VEHTYPE" speed="12.64" pos="31.89" lane="2/3to2/4_0" slope="0.00"/>
        <vehicle id="18" x="428.65" y="401.65" angle="-90.00" type="DEFAULT_VEHTYPE" speed="4.95" pos="166.60" lane="3/2to2/2_0" slope="0.00"/>
        <vehicle id="2" x="201.65" y="116.70" angle="180.00" type="DEFAULT_VEHTYPE" speed="13.46" pos="116.70" lane="1/0to1/1_0" slope="0.00"/>
        <vehicle id="24" x="201.65" y="392.38" angle="180.00" type="DEFAULT_VEHTYPE" speed="13.19" pos="187.63" lane="1/1to1/2_0" slope="0.00"/>
        <vehicle id="28" x="346.00" y="401.65" angle="-90.00" type="DEFAULT_VEHTYPE" speed="13.38" pos="49.25" lane="2/2to1/2_0" slope="0.00"/>
        <vehicle id="29" x="615.89" y="201.65" angle="-90.00" type="DEFAULT_VEHTYPE" speed="7.42" pos="184.11" lane="4/1to3/1_0" slope="0.00"/>
        <vehicle id="3" x="416.49" y="401.65" angle="-90.00" type="DEFAULT_VEHTYPE" speed="0.99" pos="178.76" lane="3/2to2/2_0" slope="0.00"/>
        <vehicle id="33" x="224.45" y="198.35" angle="90.00" type="DEFAULT_VEHTYPE" speed="13.83" pos="19.70" lane="1/1to2/1_0" slope="0.00"/>
        <vehicle id="37" x="398.35" y="268.13" angle="0.00" type="DEFAULT_VEHTYPE" speed="13.03" pos="127.12" lane="2/2to2/1_0" slope="0.00"/>
        <vehicle id="39" x="201.65" y="181.62" angle="180.00" type="DEFAULT_VEHTYPE" speed="13.26" pos="181.62" lane="1/0to1/1_0" slope="0.00"/>
        <vehicle id="40" x="222.17" y="401.65" angle="-90.00" type="DEFAULT_VEHTYPE" speed="6.01" pos="173.08" lane="2/2to1/2_0" slope="0.00"/>
        <vehicle id="42" x="192.74" y="398.35" angle="90.00" type="DEFAULT_VEHTYPE" speed="0.00" pos="192.74" lane="0/2to1/2_0" slope="0.00"/>
        <vehicle id="43" x="398.35" y="236.69" angle="0.00" type="DEFAULT_VEHTYPE" speed="13.63" pos="158.56" lane="2/2to2/1_0" slope="0.00"/>
        <vehicle id="44" x="398.35" y="319.41" angle="0.00" type="DEFAULT_VEHTYPE" speed="13.31" pos="75.84" lane="2/2to2/1_0" slope="0.00"/>
        <vehicle id="48" x="601.65" y="526.28" angle="180.00" type="DEFAULT_VEHTYPE" speed="13.72" pos="121.53" lane="3/2to3/3_0" slope="0.00"/>
        <vehicle id="49" x="398.35" y="383.86" angle="0.00" type="DEFAULT_VEHTYPE" speed="13.11" pos="11.39" lane="2/2to2/1_0" slope="0.00"/>
        <vehicle id="5" x="152.54" y="401.65" angle="-90.00" type="DEFAULT_VEHTYPE" speed="13.62" pos="42.71" lane="1/2to0/2_0" slope="0.00"/>
        <vehicle id="6" x="207.30" y="401.65" angle="-90.00" type="DEFAULT_VEHTYPE" speed="0.18" pos="187.95" lane="2/2to1/2_0" slope="0.00"/>
        <vehicle id="7" x="201.65" y="532.96" angle="180.00" type="DEFAULT_VEHTYPE" speed="12.63" pos="128.21" lane="1/2to1/3_0" slope="0.00"/>
        <vehicle id="8" x="658.90" y="198.35" angle="90.00" type="DEFAULT_VEHTYPE" speed="13.38" pos="54.15" lane="3/1to4/1_0" slope="0.00"/>
        <vehicle id="9" x="455.79" y="401.65" angle="-90.00" type="DEFAULT_VEHTYPE" speed="12.99" pos="139.46" lane="3/2to2/2_0" slope="0.00"/>
    </timestep>
    <timestep time="187.00">
        <vehicle id="0" x="401.60" y="401.65" angle="-90.00" type="DEFAULT_VEHTYPE" speed="4.05" pos="3.15" lane=":2/2_5_0" slope="0.00"/>
        <vehicle id="10" x="601.65" y="513.75" angle="180.00" type="DEFAULT_VEHTYPE" speed="12.92" pos="109.00" lane="3/2to3/3_0" slope="0.00"/>
        <vehicle id="11" x="398.35" y="720.54" angle="0.00" type="DEFAULT_VEHTYPE" speed="12.66" pos="79.46" lane="2/4to2/3_0" slope="0.00"/>
        <vehicle id="15" x="598.35" y="485.55" angle="0.00" type="DEFAULT_VEHTYPE" speed="13.13" pos="109.70" lane="3/3to3/2_0" slope="0.00"/>
        <vehicle id="16" x="401.65" y="787.24" angle="180.00" type="DEFAULT_VEHTYPE" speed="12.89" pos="182.49" lane="2/3to2/4_0" slope="0.00"/>
        <vehicle id="17" x="401.65" y="649.78" angle="180.00" type="DEFAULT_VEHTYPE" speed="13.14" pos="45.03" lane="2/3to2/4_0" slope="0.00"/>
        <vehicle id="18" x="425.66" y="401.65" angle="-90.00" type="DEFAULT_VEHTYPE" speed="2.99" pos="169.59" lane="3/2to2/2_0" slope="0.00"/>
        <vehicle id="2" x="201.65" y="130.02" angle="180.00" type="DEFAULT_VEHTYPE" speed="13.31" pos="130.02" lane="1/0to1/1_0" slope="0.00"/>
        <vehicle id="24" x="201.65" y="406.26" angle="180.00" type="DEFAULT_VEHTYPE" speed="13.88" pos="1.51" lane="1/2to1/3_0" slope="0.00"/>
        <vehicle id="28" x="332.70" y="401.65" angle="-90.00" type="DEFAULT_VEHTYPE" speed="13.29" pos="62.55" lane="2/2to1/2_0" slope="0.00"/>
        <vehicle id="29" x="610.51" y="201.65" angle="-90.00" type="DEFAULT_VEHTYPE" speed="5.38" pos="189.49" lane="4/1to3/1_0" slope="0.00"/>
        <vehicle id="3" x="414.58" y="401.65" angle="-90.00" type="DEFAULT_VEHTYPE" speed="1.90" pos="180.67" lane="3/2to2/2_0" slope="0.00"/>
        <vehicle id="33" x="237.10" y="198.35" angle="90.00" type="DEFAULT_VEHTYPE" speed="12.65" pos="32.35" lane="1/1to2/1_0" slope="0.00"/>
        <vehicle id="37" x="398.35" y="254.32" angle="0.00" type="DEFAULT_VEHTYPE" speed="13.81" pos="140.93" lane="2/2to2/1_0" slope="0.00"/>
        <vehicle id="39" x="201.66" y="195.29" angle="179.94" type="DEFAULT_VEHTYPE" speed="13.67" pos="0.04" lane=":1/1_8_0" slope="0.00"/>
        <vehicle id="40" x="218.12" y="401.65" angle="-90.00" type="DEFAULT_VEHTYPE" speed="4.05" pos="177.13" lane="2/2to1/2_0" slope="0.00"/>
        <vehicle id="42" x="192.74" y="398.35" angle="90.00" type="DEFAULT_VEHTYPE" speed="0.00" pos="192.74" lane="0/2to1/2_0" slope="0.00"/>
        <vehicle id="43" x="398.35" y="223.71" angle="0.00" type="DEFAULT_VEHTYPE" speed="12.98" pos="171.54" lane="2/2to2/1_0" slope="0.00"/>
        <vehicle id="44" x="398.35" y="306.21" angle="0.00" type="DEFAULT_VEHTYPE" speed="13.20" pos="89.04" lane="2/2to2/1_0" slope="0.00"/>
        <vehicle id="48" x="601.65" y="539.30" angle="180.00" type="DEFAULT_VEHTYPE" speed="13.02" pos="134.55" lane="3/2to3/3_0" slope="0.00"/>
        <vehicle id="49" x="398.35" y="370.27" angle="0.00" type="DEFAULT_VEHTYPE" speed="13.58" pos="24.98" lane="2/2to2/1_0" slope="0.00"/>
        <vehicle id="5" x="139.78" y="401.65" angle="-90.00" type="DEFAULT_VEHTYPE" speed="12.76" pos="55.47" lane="1/2to0/2_0" slope="0.00"/>
        <vehicle id="6" x="207.27" y="401.65" angle="-90.00" type="DEFAULT_VEHTYPE" speed="0.03" pos="187.98" lane="2/2to1/2_0" slope="0.00"/>
        <vehicle id="7" x="201.65" y="546.01" angle="180.00" type="DEFAULT_VEHTYPE" speed="13.05" pos="141.26" lane="1/2to1/3_0" slope="0.00"/>
        <vehicle id="8" x="671.98" y="198.35" angle="90.00" type="DEFAULT_VEHTYPE" speed="13.07" pos="67.23" lane="3/1to4/1_0" slope="0.00"/>
        <vehicle id="9" x="444.96" y="401.65" angle="-90.00" type="DEFAULT_VEHTYPE" speed="10.83" pos="150.29" lane="3/2to2/2_0" slope="0.00"/>
    </timestep>
    <timestep time="188.00">
        <vehicle id="0" x="395.83" y="401.65" angle="-90.00" type="DEFAULT_VEHTYPE" speed="5.77" pos="8.92" lane=":2/2_5_0" slope="0.00"/>
        <vehicle id="10" x="601.65" y="527.28" angle="180.00" type="DEFAULT_VEHTYPE" speed="13.53" pos="122.53" lane="3/2to3/3_0" slope="0.00"/>
        <vehicle id="11" x="398.35" y="707.53" angle="0.00" type="DEFAULT_VEHTYPE" speed="13.01" pos="92.47" lane="2/4to2/3_0" slope="0.00"/>
        <vehicle id="15" x="598.35" y="471.71" angle="0.00" type="DEFAULT_VEHTYPE" speed="13.84" pos="123.54" lane="3/3to3/2_0" slope="0.00"/>
        <vehicle id="16" x="401.65" y="799.87" angle="180.00" type="DEFAULT_VEHTYPE" speed="12.63" pos="195.12" lane="2/3to2/4_0" slope="0.00"/>
        <vehicle id="17" x="401.65" y="662.75" angle="180.00" type="DEFAULT_VEHTYPE" speed="12.97" pos="58.00" lane="2/3to2/4_0" slope="0.00"/>
        <vehicle id="18" x="423.07" y="401.65" angle="-90.00" type="DEFAULT_VEHTYPE" speed="2.59" pos="172.18" lane="3/2to2/2_0" slope="0.00"/>
        <vehicle id="2" x="201.65" y="143.26" angle="180.00" type="DEFAULT_VEHTYPE" speed="13.24" pos="143.26" lane="1/0to1/1_0" slope="0.00"/>
        <vehicle id="24" x="201.65" y="419.62" angle="180.00" type="DEFAULT_VEHTYPE" speed="13.37" pos="14.87" lane="1/2to1/3_0" slope="0.00"/>
        <vehicle id="28" x="319.99" y="401.65" angle="-90.00" type="DEFAULT_VEHTYPE" speed="12.71" pos="75.26" lane="2/2to1/2_0" slope="0.00"/>
        <vehicle id="29" x="603.74" y="201.79" angle="-91.62" type="DEFAULT_VEHTYPE" speed="6.79" pos="1.02" lane=":3/1_4_0" slope="0.00"/>
        <vehicle id="3" x="411.90" y="401.65" angle="-90.00" type="DEFAULT_VEHTYPE" speed="2.68" pos="183.35" lane="3/2to2/2_0" slope="0.00"/>
        <vehicle id="33" x="249.71" y="198.35" angle="90.00" type="DEFAULT_VEHTYPE" speed="12.61" pos="44.96" lane="1/1to2/1_0" slope="0.00"/>
        <vehicle id="37" x="398.35" y="241.69" angle="0.00" type="DEFAULT_VEHTYPE" speed="12.63" pos="153.56" lane="2/2to2/1_0" slope="0.00"/>
        <vehicle id="39" x="213.49" y="198.35" angle="90.00" type="DEFAULT_VEHTYPE" speed="13.70" pos="8.74" lane="1/1to2/1_0" slope="0.00"/>
        <vehicle id="40" x="216.13" y="401.65" angle="-90.00" type="DEFAULT_VEHTYPE" speed="1.99" pos="179.12" lane="2/2to1/2_0" slope="0.00"/>
        <vehicle id="42" x="192.74" y="398.35" angle="90.00" type="DEFAULT_VEHTYPE" speed="0.00" pos="192.74" lane="0/2to1/2_0" slope="0.00"/>
        <vehicle id="43" x="398.35" y="210.19" angle="0.00" type="DEFAULT_VEHTYPE" speed="13.51" pos="185.06" lane="2/2to2/1_0" slope="0.00"/>
        <vehicle id="44" x="398.35" y="292.40" angle="0.00" type="DEFAULT_VEHTYPE" speed="13.81" pos="102.85" lane="2/2to2/1_0" slope="0.00"/>
        <vehicle id="48" x="601.65" y="552.87" angle="180.00" type="DEFAULT_VEHTYPE" speed="13.57" pos="148.12" lane="3/2to3/3_0" slope="0.00"/>
        <vehicle id="49" x="398.35" y="357.04" angle="0.00" type="DEFAULT_VEHTYPE" speed="13.23" pos="38.21" lane="2/2to2/1_0" slope="0.00"/>
        <vehicle id="5" x="126.37" y="401.65" angle="-90.00" type="DEFAULT_VEHTYPE" speed="13.41" pos="68.88" lane="1/2to0/2_0" slope="0.00"/>
        <vehicle id="6" x="205.49" y="401.65" angle="-90.00" type="DEFAULT_VEHTYPE" speed="1.78" pos="189.76" lane="2/2to1/2_0" slope="0.00"/>
        <vehicle id="7" x="201.65" y="559.42" angle="180.00" type="DEFAULT_VEHTYPE" speed="13.41" pos="154.67" lane="1/2to1/3_0" slope="0.00"/>
        <vehicle id="8" x="685.62" y="198.35" angle="90.00" type="DEFAULT_VEHTYPE" speed="13.64" pos="80.87" lane="3/1to4/1_0" slope="0.00"/>
        <vehicle id="9" x="438.63" y="401.65" angle="-90.00" type="DEFAULT_VEHTYPE" speed="6.33" pos="156.62" lane="3/2to2/2_0" slope="0.00"/>
    </timestep>
    <timestep time="189.00">
        <vehicle id="0" x="388.39" y="401.65" angle="-90.00" type="DEFAULT_VEHTYPE" speed="7.44" pos="6.86" lane="2/2to1/2_0" slope="0.00"/>
        <vehicle id="10" x="601.65" y="540.06" angle="180.00" type="DEFAULT_VEHTYPE" speed="12.78" pos="135.31" lane="3/2to3/3_0" slope="0.00"/>
        <vehicle id="11" x="398.35" y="694.35" angle="0.00" type="DEFAULT_VEHTYPE" speed="13.18" pos="105.65" lane="2/4to2/3_0" slope="0.00"/>
        <vehicle id="15" x="598.35" y="458.43" angle="0.00" type="DEFAULT_VEHTYPE" speed="13.29" pos="136.82" lane="3/3to3/2_0" slope="0.00"/>
        <vehicle id="16" x="398.35" y="791.67" angle="0.00" type="DEFAULT_VEHTYPE" speed="13.28" pos="8.33" lane="2/4to2/3_0" slope="0.00"/>
        <vehicle id="17" x="401.65" y="675.36" angle="180.00" type="DEFAULT_VEHTYPE" speed="12.61" pos="70.61" lane="2/3to2/4_0" slope="0.00"/>
        <vehicle id="18" x="420.54" y="401.65" angle="-90.00" type="DEFAULT_VEHTYPE" speed="2.53" pos="174.71" lane="3/2to2/2_0" slope="0.00"/>
        <vehicle id="2" x="201.65" y="156.21" angle="180.00" type="DEFAULT_VEHTYPE" speed="12.95" pos="156.21" lane="1/0to1/1_0" slope="0.00"/>
        <vehicle id="24" x="201.65" y="433.41" angle="180.00" type="DEFAULT_VEHTYPE" speed="13.79" pos="28.66" lane="1/2to1/3_0" slope="0.00"/>
        <vehicle id="28" x="306.88" y="401.65" angle="-90.00" type="DEFAULT_VEHTYPE" speed="13.11" pos="88.37" lane="2/2to1/2_0" slope="0.00"/>
        <vehicle id="29" x="601.65" y="209.00" angle="-178.80" type="DEFAULT_VEHTYPE" speed="8.22" pos="4.25" lane="3/1to3/2_0" slope="0.00"/>
        <vehicle id="3" x="409.58" y="401.65" angle="-90.00" type="DEFAULT_VEHTYPE" speed="2.32" pos="185.67" lane="3/2to2/2_0" slope="0.00"/>
        <vehicle id="33" x="262.91" y="198.35" angle="90.00" type="DEFAULT_VEHTYPE" speed="13.20" pos="58.16" lane="1/1to2/1_0" slope="0.00"/>
        <vehicle id="37" x="398.35" y="228.37" angle="0.00" type="DEFAULT_VEHTYPE" speed="13.32" pos="166.88" lane="2/2to2/1_0" slope="0.00"/>
        <vehicle id="39" x="227.16" y="198.35" angle="90.00" type="DEFAULT_VEHTYPE" speed="13.67" pos="22.41" lane="1/1to2/1_0" slope="0.00"/>
        <vehicle id="40" x="213.68" y="401.65" angle="-90.00" type="DEFAULT_VEHTYPE" speed="2.45" pos="181.57" lane="2/2to1/2_0" slope="0.00"/>
        <vehicle id="42" x="192.74" y="398.35" angle="90.00" type="DEFAULT_VEHTYPE" speed="0.00" pos="192.74" lane="0/2to1/2_0" slope="0.00"/>
        <vehicle id="43" x="392.49" y="201.65" angle="-82.51" type="DEFAULT_VEHTYPE" speed="13.20" pos="2.76" lane="2/1to1/1_0" slope="0.00"/>
        <vehicle id="44" x="398.35" y="279.31" angle="0.00" type="DEFAULT_VEHTYPE" speed="13.09" pos="115.94" lane="2/2to2/1_0" slope="0.00"/>
        <vehicle id="48" x="601.65" y="565.64" angle="180.00" type="DEFAULT_VEHTYPE" speed="12.77" pos="160.89" lane="3/2to3/3_0" slope="0.00"/>
        <vehicle id="49" x="398.35" y="343.70" angle="0.00" type="DEFAULT_VEHTYPE" speed="13.34" pos="51.55" lane="2/2to2/1_0" slope="0.00"/>
        <vehicle id="5" x="113.43" y="401.65" angle="-90.00" type="DEFAULT_VEHTYPE" speed="12.94" pos="81.82" lane="1/2to0/2_0" slope="0.00"/>
        <vehicle id="6" x="201.30" y="401.65" angle="-90.00" type="DEFAULT_VEHTYPE" speed="4.19" pos="3.45" lane=":1/2_5_0" slope="0.00"/>
        <vehicle id="7" x="201.65" y="572.30" angle="180.00" type="DEFAULT_VEHTYPE" speed="12.88" pos="167.55" lane="1/2to1/3_0" slope="0.00"/>
        <vehicle id="8" x="698.83" y="198.35" angle="90.00" type="DEFAULT_VEHTYPE" speed="13.21" pos="94.08" lane="3/1to4/1_0" slope="0.00"/>
        <vehicle id="9" x="434.38" y="401.65" angle="-90.00" type="DEFAULT_VEHTYPE" speed="4.25" pos="160.87" lane="3/2to2/2_0" slope="0.00"/>
    </timestep>
    <timestep time="190.00">
        <vehicle id="0" x="378.68" y="401.65" angle="-90.00" type="DEFAULT_VEHTYPE" speed="9.72" pos="16.57" lane="2/2to1/2_0" slope="0.00"/>
        <vehicle id="10" x="601.65" y="553.38" angle="180.00" type="DEFAULT_VEHTYPE" speed="13.32" pos="148.63" lane="3/2to3/3_0" slope="0.00"/>
        <vehicle id="11" x="398.35" y="680.85" angle="0.00" type="DEFAULT_VEHTYPE" speed="13.50" pos="119.15" lane="2/4to2/3_0" slope="0.00"/>
        <vehicle id="15" x="598.35" y="445.52" angle="0.00" type="DEFAULT_VEHTYPE" speed="12.91" pos="149.73" lane="3/3to3/2_0" slope="0.00"/>
        <vehicle id="16" x="398.35" y="779.05" angle="0.00" type="DEFAULT_VEHTYPE" speed="12.62" pos="20.95" lane="2/4to2/3_0" slope="0.00"/>
        <vehicle id="17" x="401.65" y="688.73" angle="180.00" type="DEFAULT_VEHTYPE" speed="13.37" pos="83.98" lane="2/3to2/4_0" slope="0.00"/>
        <vehicle id="18" x="418.58" y="401.65" angle="-90.00" type="DEFAULT_VEHTYPE" speed="1.96" pos="176.67" lane="3/2to2/2_0" slope="0.00"/>
        <vehicle id="2" x="201.65" y="169.80" angle="180.00" type="DEFAULT_VEHTYPE" speed="13.59" pos="169.80" lane="1/0to1/1_0" slope="0.00"/>
        <vehicle id="24" x="201.65" y="446.54" angle="180.00" type="DEFAULT_VEHTYPE" speed="13.13" pos="41.79" lane="1/2to1/3_0" slope="0.00"/>
        <vehicle id="28" x="294.24" y="401.65" angle="-90.00" type="DEFAULT_VEHTYPE" speed="12.65" pos="101.01" lane="2/2to1/2_0" slope="0.00"/>
        <vehicle id="29" x="601.65" y="219.26" angle="180.00" type="DEFAULT_VEHTYPE" speed="10.27" pos="14.51" lane="3/1to3/2_0" slope="0.00"/>
        <vehicle id="3" x="405.86" y="401.65" angle="-90.00" type="DEFAULT_VEHTYPE" speed="3.72" pos="189.39" lane="3/2to2/2_0" slope="0.00"/>
        <vehicle id="33" x="276.04" y="198.35" angle="90.00" type="DEFAULT_VEHTYPE" speed="13.13" pos="71.29" lane="1/1to2/1_0" slope="0.00"/>
        <vehicle id="37" x="398.35" y="215.14" angle="0.00" type="DEFAULT_VEHTYPE" speed="13.24" pos="180.11" lane="2/2to2/1_0" slope="0.00"/>
        <vehicle id="39" x="240.90" y="198.35" angle="90.00" type="DEFAULT_VEHTYPE" speed="13.74" pos="36.15" lane="1/1to2/1_0" slope="0.00"/>
        <vehicle id="40" x="210.33" y="401.65" angle="-90.00" type="DEFAULT_VEHTYPE" speed="3.35" pos="184.92" lane="2/2to1/2_0" slope="0.00"/>
        <vehicle id="42" x="192.74" y="398.35" angle="90.00" type="DEFAULT_VEHTYPE" speed="0.00" pos="192.74" lane="0/2to1/2_0" slope="0.00"/>
        <vehicle id="43" x="378.69" y="201.65" angle="-90.00" type="DEFAULT_VEHTYPE" speed="13.80" pos="16.56" lane="2/1to1/1_0" slope="0.00"/>
        <vehicle id="44" x="398.35" y="266.02" angle="0.00" type="DEFAULT_VEHTYPE" speed="13.29" pos="129.23" lane="2/2to2/1_0" slope="0.00"/>
        <vehicle id="48" x="601.65" y="578.57" angle="180.00" type="DEFAULT_VEHTYPE" speed="12.92" pos="173.82" lane="3/2to3/3_0" slope="0.00"/>
        <vehicle id="49" x="398.35" y="331.05" angle="0.00" type="DEFAULT_VEHTYPE" speed="12.65" pos="64.20" lane="2/2to2/1_0" slope="0.00"/>
        <vehicle id="5" x="99.74" y="401.65" angle="-90.00" type="DEFAULT_VEHTYPE" speed="13.68" pos="95.51" lane="1/2to0/2_0" slope="0.00"/>
        <vehicle id="6" x="195.70" y="401.65" angle="-90.00" type="DEFAULT_VEHTYPE" speed="5.60" pos="9.05" lane=":1/2_5_0" slope="0.00"/>
        <vehicle id="7" x="201.65" y="585.51" angle="180.00" type="DEFAULT_VEHTYPE" speed="13.21" pos="180.76" lane="1/2to1/3_0" slope="0.00"/>
        <vehicle id="8" x="712.24" y="198.35" angle="90.00" type="DEFAULT_VEHTYPE" speed="13.41" pos="107.49" lane="3/1to4/1_0" slope="0.00"/>
        <vehicle id="9" x="431.38" y="401.65" angle="-90.00" type="DEFAULT_VEHTYPE" speed="3.00" pos="163.87" lane="3/2to2/2_0" slope="0.00"/>
    </timestep>
    <timestep time="191.00">
        <vehicle id="0" x="366.40" y="401.65" angle="-90.00" type="DEFAULT_VEHTYPE" speed="12.28" pos="28.85" lane="2/2to1/2_0" slope="0.00"/>
        <vehicle id="10" x="601.65" y="566.13" angle="180.00" type="DEFAULT_VEHTYPE" speed="12.75" pos="161.38" lane="3/2to3/3_0" slope="0.00"/>
        <vehicle id="11" x="398.35" y="668.00" angle="0.00" type="DEFAULT_VEHTYPE" speed="12.85" pos="132.00" lane="2/4to2/3_0" slope="0.00"/>
        <vehicle id="15" x="598.35" y="431.90" angle="0.00" type="DEFAULT_VEHTYPE" speed="13.62" pos="163.35" lane="3/3to3/2_0" slope="0.00"/>
        <vehicle id="16" x="398.35" y="765.40" angle="0.00" type="DEFAULT_VEHTYPE" speed="13.65" pos="34.60" lane="2/4to2/3_0" slope="0.00"/>
        <vehicle id="17" x="401.65" y="701.41" angle="180.00" type="DEFAULT_VEHTYPE" speed="12.68" pos="96.66" lane="2/3to2/4_0" slope="0.00"/>
        <vehicle id="18" x="415.89" y="401.65" angle="-90.00" type="DEFAULT_VEHTYPE" speed="2.69" pos="179.36" lane="3/2to2/2_0" slope="0.00"/>
        <vehicle id="2" x="201.65" y="183.11" angle="180.00" type="DEFAULT_VEHTYPE" speed="13.31" pos="183.11" lane="1/0to1/1_0" slope="0.00"/>
        <vehicle id="24" x="201.65" y="459.27" angle="180.00" type="DEFAULT_VEHTYPE" speed="12.73" pos="54.52" lane="1/2to1/3_0" slope="0.00"/>
        <vehicle id="28" x="280.54" y="401.65" angle="-90.00" type="DEFAULT_VEHTYPE" speed="13.70" pos="114.71" lane="2/2to1/2_0" slope="0.00"/>
        <vehicle id="29" x="601.65" y="231.55" angle="180.00" type="DEFAULT_VEHTYPE" speed="12.28" pos="26.80" lane="3/1to3/2_0" slope="0.00"/>
        <vehicle id="3" x="399.93" y="401.65" angle="-90.00" type="DEFAULT_VEHTYPE" speed="5.92" pos="4.82" lane=":2/2_5_0" slope="0.00"/>
        <vehicle id="33" x="288.78" y="198.35" angle="90.00" type="DEFAULT_VEHTYPE" speed="12.74" pos="84.03" lane="1/1to2/1_0" slope="0.00"/>
        <vehicle id="37" x="396.99" y="202.07" angle="-16.76" type="DEFAULT_VEHTYPE" speed="13.57" pos="3.18" lane=":2/1_0_0" slope="0.00"/>
        <vehicle id="39" x="253.74" y="198.35" angle="90.00" type="DEFAULT_VEHTYPE" speed="12.84" pos="48.99" lane="1/1to2/1_0" slope="0.00"/>
        <vehicle id="40" x="204.57" y="401.62" angle="-89.70" type="DEFAULT_VEHTYPE" speed="5.76" pos="0.18" lane=":1/2_6_0" slope="0.00"/>
        <vehicle id="42" x="194.20" y="398.35" angle="90.00" type="DEFAULT_VEHTYPE" speed="1.46" pos="194.20" lane="0/2to1/2_0" slope="0.00"/>
        <vehicle id="43" x="365.46" y="201.65" angle="-90.00" type="DEFAULT_VEHTYPE" speed="13.24" pos="29.79" lane="2/1to1/1_0" slope="0.00"/>
        <vehicle id="44" x="398.35" y="253.06" angle="0.00" type="DEFAULT_VEHTYPE" speed="12.95" pos="142.19" lane="2/2to2/1_0" slope="0.00"/>
        <vehicle id="48" x="601.65" y="591.31" angle="180.00" type="DEFAULT_VEHTYPE" speed="12.75" pos="186.56" lane="3/2to3/3_0" slope="0.00"/>
        <vehicle id="49" x="398.35" y="317.62" angle="0.00" type="DEFAULT_VEHTYPE" speed="13.43" pos="77.63" lane="2/2to2/1_0" slope="0.00"/>
        <vehicle id="5" x="86.13" y="401.65" angle="-90.00" type="DEFAULT_VEHTYPE" speed="13.61" pos="109.12" lane="1/2to0/2_0" slope="0.00"/>
        <vehicle id="6" x="188.28" y="401.65" angle="-90.00" type="DEFAULT_VEHTYPE" speed="7.42" pos="6.97" lane="1/2to0/2_0" slope="0.00"/>
        <vehicle id="7" x="203.10" y="597.98" angle="161.97" type="DEFAULT_VEHTYPE" speed="13.03" pos="3.29" lane=":1/3_8_0" slope="0.00"/>
        <vehicle id="8" x="725.48" y="198.35" angle="90.00" type="DEFAULT_VEHTYPE" speed="13.23" pos="120.73" lane="3/1to4/1_0" slope="0.00"/>
        <vehicle id="9" x="428.60" y="401.65" angle="-90.00" type="DEFAULT_VEHTYPE" speed="2.78" pos="166.65" lane="3/2to2/2_0" slope="0.00"/>
    </timestep>
    <timestep time="192.00">
        <vehicle id="0" x="353.02" y="401.65" angle="-90.00" type="DEFAULT_VEHTYPE" speed="13.38" pos="42.23" lane="2/2to1/2_0" slope="0.00"/>
        <vehicle id="10" x="601.65" y="578.95" angle="180.00" type="DEFAULT_VEHTYPE" speed="12.82" pos="174.20" lane="3/2to3/3_0" slope="0.00"/>
        <vehicle id="11" x="398.35" y="655.37" angle="0.00" type="DEFAULT_VEHTYPE" speed="12.63" pos="144.63" lane="2/4to2/3_0" slope="0.00"/>
        <vehicle id="15" x="598.35" y="418.72" angle="0.00" type="DEFAULT_VEHTYPE" speed="13.18" pos="176.53" lane="3/3to3/2_0" slope="0.00"/>
        <vehicle id="16" x="398.35" y="752.02" angle="0.00" type="DEFAULT_VEHTYPE" speed="13.38" pos="47.98" lane="2/4to2/3_0" slope="0.00"/>
        <vehicle id="17" x="401.65" y="714.22" angle="180.00" type="DEFAULT_VEHTYPE" speed="12.81" pos="109.47" lane="2/3to2/4_0" slope="0.00"/>
        <vehicle id="18" x="410.84" y="401.65" angle="-90.00" type="DEFAULT_VEHTYPE" speed="5.06" pos="184.41" lane="3/2to2/2_0" slope="0.00"/>
        <vehicle id="2" x="201.83" y="196.53" angle="177.95" type="DEFAULT_VEHTYPE" speed="13.43" pos="1.29" lane=":1/1_8_0" slope="0.00"/>
        <vehicle id="24" x="201.65" y="472.31" angle="180.00" type="DEFAULT_VEHTYPE" speed="13.04" pos="67.56" lane="1/2to1/3_0" slope="0.00"/>
        <vehicle id="28" x="267.59" y="401.65" angle="-90.00" type="DEFAULT_VEHTYPE" speed="12.94" pos="127.66" lane="2/2to1/2_0" slope="0.00"/>
        <vehicle id="29" x="601.65" y="245.38" angle="180.00" type="DEFAULT_VEHTYPE" speed="13.83" pos="40.63" lane="3/1to3/2_0" slope="0.00"/>
        <vehicle id="3" x="392.65" y="401.65" angle="-90.00" type="DEFAULT_VEHTYPE" speed="7.29" pos="2.60" lane="2/2to1/2_0" slope="0.00"/>
        <vehicle id="33" x="301.46" y="198.35" angle="90.00" type="DEFAULT_VEHTYPE" speed="12.68" pos="96.71" lane="1/1to2/1_0" slope="0.00"/>
        <vehicle id="37" x="383.61" y="201.65" angle="-90.00" type="DEFAULT_VEHTYPE" speed="13.45" pos="11.64" lane="2/1to1/1_0" slope="0.00"/>
        <vehicle id="39" x="267.55" y="198.35" angle="90.00" type="DEFAULT_VEHTYPE" speed="13.81" pos="62.80" lane="1/1to2/1_0" slope="0.00"/>
        <vehicle id="40" x="198.73" y="397.91" angle="-45.36" type="DEFAULT_VEHTYPE" speed="7.45" pos="7.64" lane=":1/2_6_0" slope="0.00"/>
        <vehicle id="42" x="197.36" y="398.65" angle="93.46" type="DEFAULT_VEHTYPE" speed="3.18" pos="2.13" lane=":1/2_14_0" slope="0.00"/>
        <vehicle id="43" x="351.73" y="201.65" angle="-90.00" type="DEFAULT_VEHTYPE" speed="13.73" pos="43.52" lane="2/1to1/1_0" slope="0.00"/>
        <vehicle id="44" x="398.35" y="239.67" angle="0.00" type="DEFAULT_VEHTYPE" speed="13.39" pos="155.58" lane="2/2to2/1_0" slope="0.00"/>
        <vehicle id="48" x="608.97" y="598.35" angle="91.25" type="DEFAULT_VEHTYPE" speed="13.15" pos="4.22" lane="3/3to4/3_0" slope="0.00"/>
        <vehicle id="49" x="398.35" y="304.99" angle="0.00" type="DEFAULT_VEHTYPE" speed="12.63" pos="90.26" lane="2/2to2/1_0" slope="0.00"/>
        <vehicle id="5" x="73.47" y="401.65" angle="-90.00" type="DEFAULT_VEHTYPE" speed="12.66" pos="121.78" lane="1/2to0/2_0" slope="0.00"/>
        <vehicle id="6" x="178.74" y="401.65" angle="-90.00" type="DEFAULT_VEHTYPE" speed="9.54" pos="16.51" lane="1/2to0/2_0" slope="0.00"/>
        <vehicle id="7" x="215.98" y="598.35" angle="90.00" type="DEFAULT_VEHTYPE" speed="12.94" pos="11.23" lane="1/3to2/3_0" slope="0.00"/>
        <vehicle id="8" x="739.27" y="198.35" angle="90.00" type="DEFAULT_VEHTYPE" speed="13.79" pos="134.52" lane="3/1to4/1_0" slope="0.00"/>
        <vehicle id="9" x="425.72" y="401.65" angle="-90.00" type="DEFAULT_VEHTYPE" speed="2.88" pos="169.53" lane="3/2to2/2_0" slope="0.00"/>
    </timestep>
    <timestep time="193.00">
        <vehicle id="0" x="339.35" y="401.65" angle="-90.00" type="DEFAULT_VEHTYPE" speed="13.66" pos="55.90" lane="2/2to1/2_0" slope="0.00"/>
        <vehicle id="10" x="601.65" y="592.08" angle="180.00" type="DEFAULT_VEHTYPE" speed="13.13" pos="187.33" lane="3/2to3/3_0" slope="0.00"/>
        <vehicle id="11" x="398.35" y="642.49" angle="0.00" type="DEFAULT_VEHTYPE" speed="12.88" pos="157.51" lane="2/4to2/3_0" slope="0.00"/>
        <vehicle id="15" x="598.35" y="404.92" angle="0.00" type="DEFAULT_VEHTYPE" speed="13.80" pos="190.33" lane="3/3to3/2_0" slope="0.00"/>
        <vehicle id="16" x="398.35" y="739.37" angle="0.00" type="DEFAULT_VEHTYPE" speed="12.65" pos="60.63" lane="2/4to2/3_0" slope="0.00"/>
        <vehicle id="17" x="401.65" y="727.99" angle="180.00" type="DEFAULT_VEHTYPE" speed="13.78" pos="123.24" lane="2/3to2/4_0" slope="0.00"/>
        <vehicle id="18" x="404.23" y="401.58" angle="-89.15" type="DEFAULT_VEHTYPE" speed="6.61" pos="0.53" lane=":2/2_6_0" slope="0.00"/>
        <vehicle id="2" x="214.22" y="198.35" angle="90.00" type="DEFAULT_VEHTYPE" speed="13.18" pos="9.47" lane="1/1to2/1_0" slope="0.00"/>
        <vehicle id="24" x="201.65" y="485.44" angle="180.00" type="DEFAULT_VEHTYPE" speed="13.13" pos="80.69" lane="1/2to1/3_0" slope="0.00"/>
        <vehicle id="28" x="254.40" y="401.65" angle="-90.00" type="DEFAULT_VEHTYPE" speed="13.19" pos="140.85" lane="2/2to1/2_0" slope="0.00"/>
        <vehicle id="29" x="601.65" y="258.09" angle="180.00" type="DEFAULT_VEHTYPE" speed="12.72" pos="53.34" lane="3/1to3/2_0" slope="0.00"/>
        <vehicle id="3" x="383.04" y="401.65" angle="-90.00" type="DEFAULT_VEHTYPE" speed="9.60" pos="12.21" lane="2/2to1/2_0" slope="0.00"/>
        <vehicle id="33" x="314.96" y="198.35" angle="90.00" type="DEFAULT_VEHTYPE" speed="13.50" pos="110.21" lane="1/1to2/1_0" slope="0.00"/>
        <vehicle id="37" x="370.91" y="201.65" angle="-90.00" type="DEFAULT_VEHTYPE" speed="12.70" pos="24.34" lane="2/1to1/1_0" slope="0.00"/>
        <vehicle id="39" x="280.41" y="198.35" angle="90.00" type="DEFAULT_VEHTYPE" speed="12.87" pos="75.66" lane="1/1to2/1_0" slope="0.00"/>
        <vehicle id="40" x="198.35" y="388.23" angle="0.00" type="DEFAULT_VEHTYPE" speed="9.70" pos="7.02" lane="1/2to1/1_0" slope="0.00"/>
        <vehicle id="42" x="200.96" y="401.46" angle="126.71" type="DEFAULT_VEHTYPE" speed="4.79" pos="6.92" lane=":1/2_14_0" slope="0.00"/>
        <vehicle id="43" x="338.07" y="201.65" angle="-90.00" type="DEFAULT_VEHTYPE" speed="13.66" pos="57.18" lane="2/1to1/1_0" slope="0.00"/>
        <vehicle id="44" x="398.35" y="226.44" angle="0.00" type="DEFAULT_VEHTYPE" speed="13.23" pos="168.81" lane="2/2to2/1_0" slope="0.00"/>
        <vehicle id="48" x="621.96" y="598.35" angle="90.00" type="DEFAULT_VEHTYPE" speed="12.99" pos="17.21" lane="3/3to4/3_0" slope="0.00"/>
        <vehicle id="49" x="398.35" y="291.22" angle="0.00" type="DEFAULT_VEHTYPE" speed="13.77" pos="104.03" lane="2/2to2/1_0" slope="0.00"/>
        <vehicle id="5" x="60.25" y="401.65" angle="-90.00" type="DEFAULT_VEHTYPE" speed="13.22" pos="135.00" lane="1/2to0/2_0" slope="0.00"/>
        <vehicle id="6" x="167.02" y="401.65" angle="-90.00" type="DEFAULT_VEHTYPE" speed="11.71" pos="28.23" lane="1/2to0/2_0" slope="0.00"/>
        <vehicle id="7" x="229.26" y="598.35" angle="90.00" type="DEFAULT_VEHTYPE" speed="13.29" pos="24.51" lane="1/3to2/3_0" slope="0.00"/>
        <vehicle id="8" x="752.39" y="198.35" angle="90.00" type="DEFAULT_VEHTYPE" speed="13.11" pos="147.64" lane="3/1to4/1_0" slope="0.00"/>
        <vehicle id="9" x="421.12" y="401.65" angle="-90.00" type="DEFAULT_VEHTYPE" speed="4.60" pos="174.13" lane="3/2to2/2_0" slope="0.00"/>
    </timestep>
    <timestep time="194.00">
        <vehicle id="0" x="326.47" y="401.65" angle="-90.00" type="DEFAULT_VEHTYPE" speed="12.88" pos="68.78" lane="2/2to1/2_0" slope="0.00"/>
        <vehicle id="10" x="609.26" y="598.35" angle="90.79" type="DEFAULT_VEHTYPE" speed="12.68" pos="4.51" lane="3/3to4/3_0" slope="0.00"/>
        <vehicle id="11" x="398.35" y="628.90" angle="0.00" type="DEFAULT_VEHTYPE" speed="13.58" pos="171.10" lane="2/4to2/3_0" slope="0.00"/>
        <vehicle id="15" x="587.49" y="401.65" angle="-90.00" type="DEFAULT_VEHTYPE" speed="12.93" pos="7.76" lane="3/2to2/2_0" slope="0.00"/>
        <vehicle id="16" x="398.35" y="726.30" angle="0.00" type="DEFAULT_VEHTYPE" speed="13.07" pos="73.70" lane="2/4to2/3_0" slope="0.00"/>
        <vehicle id="17" x="401.65" y="740.75" angle="180.00" type="DEFAULT_VEHTYPE" speed="12.76" pos="136.00" lane="2/3to2/4_0" slope="0.00"/>
        <vehicle id="18" x="398.57" y="396.76" angle="-32.66" type="DEFAULT_VEHTYPE" speed="8.27" pos="8.79" lane=":2/2_6_0" slope="0.00"/>
        <vehicle id="2" x="227.92" y="198.35" angle="90.00" type="DEFAULT_VEHTYPE" speed="13.71" pos="23.17" lane="1/1to2/1_0" slope="0.00"/>
        <vehicle id="24" x="201.65" y="499.30" angle="180.00" type="DEFAULT_VEHTYPE" speed="13.86" pos="94.55" lane="1/2to1/3_0" slope="0.00"/>
        <vehicle id="28" x="241.26" y="401.65" angle="-90.00" type="DEFAULT_VEHTYPE" speed="13.14" pos="153.99" lane="2/2to1/2_0" slope="0.00"/>
        <vehicle id="29" x="601.65" y="271.96" angle="180.00" type="DEFAULT_VEHTYPE" speed="13.86" pos="67.21" lane="3/1to3/2_0" slope="0.00"/>
        <vehicle id="3" x="371.46" y="401.65" angle="-90.00" type="DEFAULT_VEHTYPE" speed="11.58" pos="23.79" lane="2/2to1/2_0" slope="0.00"/>
        <vehicle id="33" x="328.51" y="198.35" angle="90.00" type="DEFAULT_VEHTYPE" speed="13.55" pos="123.76" lane="1/1to2/1_0" slope="0.00"/>
        <vehicle id="37" x="357.43" y="201.65" angle="-90.00" type="DEFAULT_VEHTYPE" speed="13.48" pos="37.82" lane="2/1to1/1_0" slope="0.00"/>
        <vehicle id="39" x="293.63" y="198.35" angle="90.00" type="DEFAULT_VEHTYPE" speed="13.22" pos="88.88" lane="1/1to2/1_0" slope="0.00"/>
        <vehicle id="40" x="198.35" y="376.11" angle="0.00" type="DEFAULT_VEHTYPE" speed="12.13" pos="19.14" lane="1/2to1/1_0" slope="0.00"/>
        <vehicle id="42" x="201.65" y="408.35" angle="177.72" type="DEFAULT_VEHTYPE" speed="7.00" pos="3.60" lane="1/2to1/3_0" slope="0.00"/>
        <vehicle id="43" x="324.17" y="201.65" angle="-90.00" type="DEFAULT_VEHTYPE" speed="13.90" pos="71.08" lane="2/1to1/1_0" slope="0.00"/>
        <vehicle id="44" x="398.35" y="213.24" angle="0.00" type="DEFAULT_VEHTYPE" speed="13.21" pos="182.01" lane="2/2to2/1_0" slope="0.00"/>
        <vehicle id="48" x="634.99" y="598.35" angle="90.00" type="DEFAULT_VEHTYPE" speed="13.04" pos="30.24" lane="3/3to4/3_0" slope="0.00"/>
        <vehicle id="49" x="398.35" y="278.28" angle="0.00" type="DEFAULT_VEHTYPE" speed="12.95" pos="116.97" lane="2/2to2/1_0" slope="0.00"/>
        <vehicle id="5" x="47.28" y="401.65" angle="-90.00" type="DEFAULT_VEHTYPE" speed="12.97" pos="147.97" lane="1/2to0/2_0" slope="0.00"/>
        <vehicle id="6" x="153.33" y="401.65" angle="-90.00" type="DEFAULT_VEHTYPE" speed="13.69" pos="41.92" lane="1/2to0/2_0" slope="0.00"/>
        <vehicle id="7" x="242.06" y="598.35" angle="90.00" type="DEFAULT_VEHTYPE" speed="12.80" pos="37.31" lane="1/3to2/3_0" slope="0.00"/>
        <vehicle id="8" x="766.21" y="198.35" angle="90.00" type="DEFAULT_VEHTYPE" speed="13.82" pos="161.46" lane="3/1to4/1_0" slope="0.00"/>
        <vehicle id="9" x="413.95" y="401.65" angle="-90.00" type="DEFAULT_VEHTYPE" speed="7.17" pos="181.30" lane="3/2to2/2_0" slope="0.00"/>
    </timestep>
    <timestep time="195.00">
        <vehicle id="0" x="313.62" y="401.65" angle="-90.00" type="DEFAULT_VEHTYPE" speed="12.85" pos="81.63" lane="2/2to1/2_0" slope="0.00"/>
        <vehicle id="10" x="621.97" y="598.35" angle="90.00" type="DEFAULT_VEHTYPE" speed="12.71" pos="17.22" lane="3/3to4/3_0" slope="0.00"/>
        <vehicle id="11" x="398.35" y="615.64" angle="0.00" type="DEFAULT_VEHTYPE" speed="13.26" pos="184.36" lane="2/4to2/3_0" slope="0.00"/>
        <vehicle id="15" x="573.93" y="401.65" angle="-90.00" type="DEFAULT_VEHTYPE" speed="13.56" pos="21.32" lane="3/2to2/2_0" slope="0.00"/>
        <vehicle id="16" x="398.35" y="712.64" angle="0.00" type="DEFAULT_VEHTYPE" speed="13.66" pos="87.36" lane="2/4to2/3_0" slope="0.00"/>
        <vehicle id="17" x="401.65" y="753.98" angle="180.00" type="DEFAULT_VEHTYPE" speed="13.23" pos="149.23" lane="2/3to2/4_0" slope="0.00"/>
        <vehicle id="18" x="398.35" y="387.18" angle="0.00" type="DEFAULT_VEHTYPE" speed="9.59" pos="8.07" lane="2/2to2/1_0" slope="0.00"/>
        <vehicle id="2" x="241.33" y="198.35" angle="90.00" type="DEFAULT_VEHTYPE" speed="13.40" pos="36.58" lane="1/1to2/1_0" slope="0.00"/>
        <vehicle id="24" x="201.65" y="512.57" angle="180.00" type="DEFAULT_VEHTYPE" speed="13.28" pos="107.82" lane="1/2to1/3_0" slope="0.00"/>
        <vehicle id="28" x="227.87" y="401.65" angle="-90.00" type="DEFAULT_VEHTYPE" speed="13.38" pos="167.38" lane="2/2to1/2_0" slope="0.00"/>
        <vehicle id="29" x="601.65" y="285.45" angle="180.00" type="DEFAULT_VEHTYPE" speed="13.50" pos="80.70" lane="3/1to3/2_0" slope="0.00"/>
        <vehicle id="3" x="358.36" y="401.65" angle="-90.00" type="DEFAULT_VEHTYPE" speed="13.10" pos="36.89" lane="2/2to1/2_0" slope="0.00"/>
        <vehicle id="33" x="341.79" y="198.35" angle="90.00" type="DEFAULT_VEHTYPE" speed="13.28" pos="137.04" lane="1/1to2/1_0" slope="0.00"/>
        <vehicle id="37" x="344.05" y="201.65" angle="-90.00" type="DEFAULT_VEHTYPE" speed="13.38" pos="51.20" lane="2/1to1/1_0" slope="0.00"/>
        <vehicle id="39" x="307.10" y="198.35" angle="90.00" type="DEFAULT_VEHTYPE" speed="13.47" pos="102.35" lane="1/1to2/1_0" slope="0.00"/>
        <vehicle id="40" x="198.35" y="363.19" angle="0.00" type="DEFAULT_VEHTYPE" speed="12.92" pos="32.06" lane="1/2to1/1_0" slope="0.00"/>
        <vehicle id="42" x="201.65" y="416.90" angle="180.00" type="DEFAULT_VEHTYPE" speed="8.55" pos="12.15" lane="1/2to1/3_0" slope="0.00"/>
        <vehicle id="43" x="311.32" y="201.65" angle="-90.00" type="DEFAULT_VEHTYPE" speed="12.85" pos="83.93" lane="2/1to1/1_0" slope="0.00"/>
        <vehicle id="44" x="398.35" y="199.65" angle="0.00" type="DEFAULT_VEHTYPE" speed="13.58" pos="5.10" lane=":2/1_1_0" slope="0.00"/>
        <vehicle id="48" x="647.65" y="598.35" angle="90.00" type="DEFAULT_VEHTYPE" speed="12.66" pos="42.90" lane="3/3to4/3_0" slope="0.00"/>
        <vehicle id="49" x="398.35" y="265.36" angle="0.00" type="DEFAULT_VEHTYPE" speed="12.92" pos="129.89" lane="2/2to2/1_0" slope="0.00"/>
        <vehicle id="5" x="34.35" y="401.65" angle="-90.00" type="DEFAULT_VEHTYPE" speed="12.93" pos="160.90" lane="1/2to0/2_0" slope="0.00"/>
        <vehicle id="6" x="140.18" y="401.65" angle="-90.00" type="DEFAULT_VEHTYPE" speed="13.14" pos="55.07" lane="1/2to0/2_0" slope="0.00"/>
        <vehicle id="7" x="254.88" y="598.35" angle="90.00" type="DEFAULT_VEHTYPE" speed="12.82" pos="50.13" lane="1/3to2/3_0" slope="0.00"/>
        <vehicle id="8" x="779.03" y="198.35" angle="90.00" type="DEFAULT_VEHTYPE" speed="12.82" pos="174.28" lane="3/1to4/1_0" slope="0.00"/>
        <vehicle id="9" x="410.59" y="401.65" angle="-90.00" type="DEFAULT_VEHTYPE" speed="3.37" pos="184.66" lane="3/2to2/2_0" slope="0.00"/>
    </timestep>
    <timestep time="196.00">
        <vehicle id="0" x="300.05" y="401.65" angle="-90.00" type="DEFAULT_VEHTYPE" speed="13.58" pos="95.20" lane="2/2to1/2_0" slope="0.00"/>
        <vehicle id="10" x="635.30" y="598.35" angle="90.00" type="DEFAULT_VEHTYPE" speed="13.33" pos="30.55" lane="3/3to4/3_0" slope="0.00"/>
        <vehicle id="11" x="398.35" y="602.57" angle="0.00" type="DEFAULT_VEHTYPE" speed="13.08" pos="2.18" lane=":2/3_1_0" slope="0.00"/>
        <vehicle id="15" x="560.06" y="401.65" angle="-90.00" type="DEFAULT_VEHTYPE" speed="13.87" pos="35.19" lane="3/2to2/2_0" slope="0.00"/>
        <vehicle id="16" x="398.35" y="699.32" angle="0.00" type="DEFAULT_VEHTYPE" speed="13.32" pos="100.68" lane="2/4to2/3_0" slope="0.00"/>
        <vehicle id="17" x="401.65" y="767.58" angle="180.00" type="DEFAULT_VEHTYPE" speed="13.60" pos="162.83" lane="2/3to2/4_0" slope="0.00"/>
        <vehicle id="18" x="398.35" y="376.12" angle="0.00" type="DEFAULT_VEHTYPE" speed="11.06" pos="19.13" lane="2/2to2/1_0" slope="0.00"/>
        <vehicle id="2" x="254.71" y="198.35" angle="90.00" type="DEFAULT_VEHTYPE" speed="13.38" pos="49.96" lane="1/1to2/1_0" slope="0.00"/>
        <vehicle id="24" x="201.65" y="525.33" angle="180.00" type="DEFAULT_VEHTYPE" speed="12.76" pos="120.58" lane="1/2to1/3_0" slope="0.00"/>
        <vehicle id="28" x="218.42" y="401.65" angle="-90.00" type="DEFAULT_VEHTYPE" speed="9.46" pos="176.83" lane="2/2to1/2_0" slope="0.00"/>
        <vehicle id="29" x="601.65" y="298.66" angle="180.00" type="DEFAULT_VEHTYPE" speed="13.21" pos="93.91" lane="3/1to3/2_0" slope="0.00"/>
        <vehicle id="3" x="345.35" y="401.65" angle="-90.00" type="DEFAULT_VEHTYPE" speed="13.00" pos="49.90" lane="2/2to1/2_0" slope="0.00"/>
        <vehicle id="33" x="355.43" y="198.35" angle="90.00" type="DEFAULT_VEHTYPE" speed="13.64" pos="150.68" lane="1/1to2/1_0" slope="0.00"/>
        <vehicle id="37" x="330.21" y="201.65" angle="-90.00" type="DEFAULT_VEHTYPE" speed="13.84" pos="65.04" lane="2/1to1/1_0" slope="0.00"/>
        <vehicle id="39" x="320.36" y="198.35" angle="90.00" type="DEFAULT_VEHTYPE" speed="13.26" pos="115.61" lane="1/1to2/1_0" slope="0.00"/>
        <vehicle id="40" x="198.35" y="349.74" angle="0.00" type="DEFAULT_VEHTYPE" speed="13.44" pos="45.51" lane="1/2to1/1_0" slope="0.00"/>
        <vehicle id="42" x="201.65" y="426.92" angle="180.00" type="DEFAULT_VEHTYPE" speed="10.03" pos="22.17" lane="1/2to1/3_0" slope="0.00"/>
        <vehicle id="43" x="297.59" y="201.65" angle="-90.00" type="DEFAULT_VEHTYPE" speed="13.74" pos="97.66" lane="2/1to1/1_0" slope="0.00"/>
        <vehicle id="44" x="398.35" y="186.65" angle="0.00" type="DEFAULT_VEHTYPE" speed="13.00" pos="8.60" lane="2/1to2/0_0" slope="0.00"/>
        <vehicle id="48" x="660.35" y="598.35" angle="90.00" type="DEFAULT_VEHTYPE" speed="12.69" pos="55.60" lane="3/3to4/3_0" slope="0.00"/>
        <vehicle id="49" x="398.35" y="251.48" angle="0.00" type="DEFAULT_VEHTYPE" speed="13.88" pos="143.77" lane="2/2to2/1_0" slope="0.00"/>
        <vehicle id="5" x="21.03" y="401.65" angle="-90.00" type="DEFAULT_VEHTYPE" speed="13.32" pos="174.22" lane="1/2to0/2_0" slope="0.00"/>
        <vehicle id="6" x="126.49" y="401.65" angle="-90.00" type="DEFAULT_VEHTYPE" speed="13.70" pos="68.76" lane="1/2to0/2_0" slope="0.00"/>
        <vehicle id="7" x="268.61" y="598.35" angle="90.00" type="DEFAULT_VEHTYPE" speed="13.73" pos="63.86" lane="1/3to2/3_0" slope="0.00"/>
        <vehicle id="8" x="792.30" y="198.35" angle="90.00" type="DEFAULT_VEHTYPE" speed="13.27" pos="187.55" lane="3/1to4/1_0" slope="0.00"/>
        <vehicle id="9" x="405.86" y="401.65" angle="-90.00" type="DEFAULT_VEHTYPE" speed="4.72" pos="189.39" lane="3/2to2/2_0" slope="0.00"/>
    </timestep>
    <timestep time="197.00">
        <vehicle id="0" x="287.24" y="401.65" angle="-90.00" type="DEFAULT_VEHTYPE" speed="12.81" pos="108.01" lane="2/2to1/2_0" slope="0.00"/>
        <vehicle id="10" x="648.08" y="598.35" angle="90.00" type="DEFAULT_VEHTYPE" speed="12.78" pos="43.33" lane="3/3to4/3_0" slope="0.00"/>
        <vehicle id="11" x="398.35" y="588.72" angle="0.00" type="DEFAULT_VEHTYPE" speed="13.85" pos="6.53" lane="2/3to2/2_0" slope="0.00"/>
        <vehicle id="15" x="546.60" y="401.65" angle="-90.00" type="DEFAULT_VEHTYPE" speed="13.46" pos="48.65" lane="3/2to2/2_0" slope="0.00"/>
        <vehicle id="16" x="398.35" y="686.14" angle="0.00" type="DEFAULT_VEHTYPE" speed="13.18" pos="113.86" lane="2/4to2/3_0" slope="0.00"/>
        <vehicle id="17" x="401.65" y="781.33" angle="180.00" type="DEFAULT_VEHTYPE" speed="13.76" pos="176.58" lane="2/3to2/4_0" slope="0.00"/>
        <vehicle id="18" x="398.35" y="362.99" angle="0.00" type="DEFAULT_VEHTYPE" speed="13.13" pos="32.26" lane="2/2to2/1_0" slope="0.00"/>
        <vehicle id="2" x="268.05" y="198.35" angle="90.00" type="DEFAULT_VEHTYPE" speed="13.34" pos="63.30" lane="1/1to2/1_0" slope="0.00"/>
        <vehicle id="24" x="201.65" y="538.58" angle="180.00" type="DEFAULT_VEHTYPE" speed="13.25" pos="133.83" lane="1/2to1/3_0" slope="0.00"/>
        <vehicle id="28" x="213.11" y="401.65" angle="-90.00" type="DEFAULT_VEHTYPE" speed="5.30" pos="182.14" lane="2/2to1/2_0" slope="0.00"/>
        <vehicle id="29" x="601.65" y="311.92" angle="180.00" type="DEFAULT_VEHTYPE" speed="13.26" pos="107.17" lane="3/1to3/2_0" slope="0.00"/>
        <vehicle id="3" x="332.43" y="401.65" angle="-90.00" type="DEFAULT_VEHTYPE" speed="12.93" pos="62.82" lane="2/2to1/2_0" slope="0.00"/>
        <vehicle id="33" x="368.59" y="198.35" angle="90.00" type="DEFAULT_VEHTYPE" speed="13.15" pos="163.84" lane="1/1to2/1_0" slope="0.00"/>
        <vehicle id="37" x="317.15" y="201.65" angle="-90.00" type="DEFAULT_VEHTYPE" speed="13.06" pos="78.10" lane="2/1to1/1_0" slope="0.00"/>
        <vehicle id="39" x="333.64" y="198.35" angle="90.00" type="DEFAULT_VEHTYPE" speed="13.28" pos="128.89" lane="1/1to2/1_0" slope="0.00"/>
        <vehicle id="40" x="198.35" y="336.06" angle="0.00" type="DEFAULT_VEHTYPE" speed="13.68" pos="59.19" lane="1/2to1/1_0" slope="0.00"/>
        <vehicle id="42" x="201.65" y="439.35" angle="180.00" type="DEFAULT_VEHTYPE" speed="12.43" pos="34.60" lane="1/2to1/3_0" slope="0.00"/>
        <vehicle id="43" x="284.62" y="201.65" angle="-90.00" type="DEFAULT_VEHTYPE" speed="12.96" pos="110.63" lane="2/1to1/1_0" slope="0.00"/>
        <vehicle id="44" x="398.35" y="173.96" angle="0.00" type="DEFAULT_VEHTYPE" speed="12.69" pos="21.29" lane="2/1to2/0_0" slope="0.00"/>
        <vehicle id="48" x="673.91" y="598.35" angle="90.00" type="DEFAULT_VEHTYPE" speed="13.56" pos="69.16" lane="3/3to4/3_0" slope="0.00"/>
        <vehicle id="49" x="398.35" y="238.64" angle="0.00" type="DEFAULT_VEHTYPE" speed="12.84" pos="156.61" lane="2/2to2/1_0" slope="0.00"/>
        <vehicle id="5" x="8.17" y="401.65" angle="-90.00" type="DEFAULT_VEHTYPE" speed="12.85" pos="187.08" lane="1/2to0/2_0" slope="0.00"/>
        <vehicle id="6" x="113.49" y="401.65" angle="-90.00" type="DEFAULT_VEHTYPE" speed="12.99" pos="81.76" lane="1/2to0/2_0" slope="0.00"/>
        <vehicle id="7" x="281.96" y="598.35" angle="90.00" type="DEFAULT_VEHTYPE" speed="13.35" pos="77.21" lane="1/3to2/3_0" slope="0.00"/>
        <vehicle id="8" x="799.42" y="201.65" angle="-163.40" type="DEFAULT_VEHTYPE" speed="13.10" pos="0.58" lane="4/1to3/1_0" slope="0.00"/>
        <vehicle id="9" x="399.56" y="401.65" angle="-90.00" type="DEFAULT_VEHTYPE" speed="6.30" pos="5.19" lane=":2/2_5_0" slope="0.00"/>
    </timestep>
    <timestep time="198.00">
        <vehicle id="0" x="274.39" y="401.65" angle="-90.00" type="DEFAULT_VEHTYPE" speed="12.85" pos="120.86" lane="2/2to1/2_0" slope="0.00"/>
        <vehicle id="10" x="661.96" y="598.35" angle="90.00" type="DEFAULT_VEHTYPE" speed="13.88" pos="57.21" lane="3/3to4/3_0" slope="0.00"/>
        <vehicle id="11" x="398.35" y="575.91" angle="0.00" type="DEFAULT_VEHTYPE" speed="12.81" pos="19.34" lane="2/3to2/2_0" slope="0.00"/>
        <vehicle id="15" x="533.22" y="401.65" angle="-90.00" type="DEFAULT_VEHTYPE" speed="13.39" pos="62.03" lane="3/2to2/2_0" slope="0.00"/>
        <vehicle id="16" x="398.35" y="672.78" angle="0.00" type="DEFAULT_VEHTYPE" speed="13.36" pos="127.22" lane="2/4to2/3_0" slope="0.00"/>
        <vehicle id="17" x="401.65" y="794.52" angle="180.00" type="DEFAULT_VEHTYPE" speed="13.19" pos="189.77" lane="2/3to2/4_0" slope="0.00"/>
        <vehicle id="18" x="398.35" y="349.70" angle="0.00" type="DEFAULT_VEHTYPE" speed="13.29" pos="45.55" lane="2/2to2/1_0" slope="0.00"/>
        <vehicle id="2" x="280.92" y="198.35" angle="90.00" type="DEFAULT_VEHTYPE" speed="12.88" pos="76.17" lane="1/1to2/1_0" slope="0.00"/>
        <vehicle id="24" x="201.65" y="551.93" angle="180.00" type="DEFAULT_VEHTYPE" speed="13.35" pos="147.18" lane="1/2to1/3_0" slope="0.00"/>
        <vehicle id="28" x="209.26" y="401.65" angle="-90.00" type="DEFAULT_VEHTYPE" speed="3.85" pos="185.99" lane="2/2to1/2_0" slope="0.00"/>
        <vehicle id="29" x="601.65" y="325.71" angle="180.00" type="DEFAULT_VEHTYPE" speed="13.79" pos="120.96" lane="3/1to3/2_0" slope="0.00"/>
        <vehicle id="3" x="319.38" y="401.65" angle="-90.00" type="DEFAULT_VEHTYPE" speed="13.05" pos="75.87" lane="2/2to1/2_0" slope="0.00"/>
        <vehicle id="33" x="378.75" y="198.35" angle="90.00" type="DEFAULT_VEHTYPE" speed="10.16" pos="174.00" lane="1/1to2/1_0" slope="0.00"/>
        <vehicle id="37" x="304.13" y="201.65" angle="-90.00" type="DEFAULT_VEHTYPE" speed="13.03" pos="91.12" lane="2/1to1/1_0" slope="0.00"/>
        <vehicle id="39" x="346.54" y="198.35" angle="90.00" type="DEFAULT_VEHTYPE" speed="12.90" pos="141.79" lane="1/1to2/1_0" slope="0.00"/>
        <vehicle id="40" x="198.35" y="323.02" angle="0.00" type="DEFAULT_VEHTYPE" speed="13.04" pos="72.23" lane="1/2to1/1_0" slope="0.00"/>
        <vehicle id="42" x="201.65" y="452.81" angle="180.00" type="DEFAULT_VEHTYPE" speed="13.45" pos="48.06" lane="1/2to1/3_0" slope="0.00"/>
        <vehicle id="43" x="270.90" y="201.65" angle="-90.00" type="DEFAULT_VEHTYPE" speed="13.72" pos="124.35" lane="2/1to1/1_0" slope="0.00"/>
        <vehicle id="44" x="398.35" y="160.83" angle="0.00" type="DEFAULT_VEHTYPE" speed="13.12" pos="34.42" lane="2/1to2/0_0" slope="0.00"/>
        <vehicle id="48" x="686.95" y="598.35" angle="90.00" type="DEFAULT_VEHTYPE" speed="13.04" pos="82.20" lane="3/3to4/3_0" slope="0.00"/>
        <vehicle id="49" x="398.35" y="225.99" angle="0.00" type="DEFAULT_VEHTYPE" speed="12.64" pos="169.26" lane="2/2to2/1_0" slope="0.00"/>
        <vehicle id="5" x="0.00" y="398.35" angle="-3.12" type="DEFAULT_VEHTYPE" speed="12.99" pos="0.00" lane="0/2to1/2_0" slope="0.00"/>
        <vehicle id="6" x="100.10" y="401.65" angle="-90.00" type="DEFAULT_VEHTYPE" speed="13.40" pos="95.15" lane="1/2to0/2_0" slope="0.00"/>
        <vehicle id="7" x="295.60" y="598.35" angle="90.00" type="DEFAULT_VEHTYPE" speed="13.63" pos="90.85" lane="1/3to2/3_0" slope="0.00"/>
        <vehicle id="8" x="785.68" y="201.65" angle="-90.00" type="DEFAULT_VEHTYPE" speed="13.74" pos="14.32" lane="4/1to3/1_0" slope="0.00"/>
        <vehicle id="9" x="390.78" y="401.65" angle="-90.00" type="DEFAULT_VEHTYPE" speed="8.79" pos="4.47" lane="2/2to1/2_0" slope="0.00"/>
    </timestep>
    <timestep time="199.00">
        <vehicle id="0" x="260.85" y="401.65" angle="-90.00" type="DEFAULT_VEHTYPE" speed="13.54" pos="134.40" lane="2/2to1/2_0" slope="0.00"/>
        <vehicle id="10" x="675.36" y="598.35" angle="90.00" type="DEFAULT_VEHTYPE" speed="13.40" pos="70.61" lane="3/3to4/3_0" slope="0.00"/>
        <vehicle id="11" x="398.35" y="562.28" angle="0.00" type="DEFAULT_VEHTYPE" speed="13.63" pos="32.97" lane="2/3to2/2_0" slope="0.00"/>
        <vehicle id="15" x="520.38" y="401.65" angle="-90.00" type="DEFAULT_VEHTYPE" speed="12.83" pos="74.87" lane="3/2to2/2_0" slope="0.00"/>
        <vehicle id="16" x="398.35" y="659.75" angle="0.00" type="DEFAULT_VEHTYPE" speed="13.04" pos="140.25" lane="2/4to2/3_0" slope="0.00"/>
        <vehicle id="17" x="398.35" y="796.93" angle="-15.22" type="DEFAULT_VEHTYPE" speed="13.37" pos="3.07" lane="2/4to2/3_0" slope="0.00"/>
        <vehicle id="18" x="398.35" y="336.99" angle="0.00" type="DEFAULT_VEHTYPE" speed="12.70" pos="58.26" lane="2/2to2/1_0" slope="0.00"/>
        <vehicle id="2" x="294.49" y="198.35" angle="90.00" type="DEFAULT_VEHTYPE" speed="13.57" pos="89.74" lane="1/1to2/1_0" slope="0.00"/>
        <vehicle id="24" x="201.65" y="564.80" angle="180.00" type="DEFAULT_VEHTYPE" speed="12.86" pos="160.05" lane="1/2to1/3_0" slope="0.00"/>
        <vehicle id="28" x="203.21" y="401.43" angle="-87.47" type="DEFAULT_VEHTYPE" speed="6.07" pos="1.56" lane=":1/2_6_0" slope="0.00"/>
        <vehicle id="29" x="601.65" y="339.54" angle="180.00" type="DEFAULT_VEHTYPE" speed="13.83" pos="134.79" lane="3/1to3/2_0" slope="0.00"/>
        <vehicle id="3" x="306.34" y="401.65" angle="-90.00" type="DEFAULT_VEHTYPE" speed="13.04" pos="88.91" lane="2/2to1/2_0" slope="0.00"/>
        <vehicle id="33" x="385.20" y="198.35" angle="90.00" type="DEFAULT_VEHTYPE" speed="6.45" pos="180.45" lane="1/1to2/1_0" slope="0.00"/>
        <vehicle id="37" x="291.25" y="201.65" angle="-90.00" type="DEFAULT_VEHTYPE" speed="12.88" pos="104.00" lane="2/1to1/1_0" slope="0.00"/>
        <vehicle id="39" x="359.67" y="198.35" angle="90.00" type="DEFAULT_VEHTYPE" speed="13.13" pos="154.92" lane="1/1to2/1_0" slope="0.00"/>
        <vehicle id="40" x="198.35" y="310.11" angle="0.00" type="DEFAULT_VEHTYPE" speed="12.91" pos="85.14" lane="1/2to1/1_0" slope="0.00"/>
        <vehicle id="42" x="201.65" y="465.82" angle="180.00" type="DEFAULT_VEHTYPE" speed="13.02" pos="61.07" lane="1/2to1/3_0" slope="0.00"/>
        <vehicle id="43" x="257.98" y="201.65" angle="-90.00" type="DEFAULT_VEHTYPE" speed="12.92" pos="137.27" lane="2/1to1/1_0" slope="0.00"/>
        <vehicle id="44" x="398.35" y="147.44" angle="0.00" type="DEFAULT_VEHTYPE" speed="13.40" pos="47.81" lane="2/1to2/0_0" slope="0.00"/>
        <vehicle id="48" x="700.67" y="598.35" angle="90.00" type="DEFAULT_VEHTYPE" speed="13.73" pos="95.92" lane="3/3to4/3_0" slope="0.00"/>
        <vehicle id="49" x="398.35" y="212.35" angle="0.00" type="DEFAULT_VEHTYPE" speed="13.65" pos="182.90" lane="2/2to2/1_0" slope="0.00"/>
        <vehicle id="5" x="12.62" y="398.35" angle="90.00" type="DEFAULT_VEHTYPE" speed="12.62" pos="12.62" lane="0/2to1/2_0" slope="0.00"/>
        <vehicle id="6" x="87.03" y="401.65" angle="-90.00" type="DEFAULT_VEHTYPE" speed="13.07" pos="108.22" lane="1/2to0/2_0" slope="0.00"/>
        <vehicle id="7" x="309.21" y="598.35" angle="90.00" type="DEFAULT_VEHTYPE" speed="13.61" pos="104.46" lane="1/3to2/3_0" slope="0.00"/>
        <vehicle id="8" x="772.77" y="201.65" angle="-90.00" type="DEFAULT_VEHTYPE" speed="12.91" pos="27.23" lane="4/1to3/1_0" slope="0.00"/>
        <vehicle id="9" x="379.42" y="401.65" angle="-90.00" type="DEFAULT_VEHTYPE" speed="11.36" pos="15.83" lane="2/2to1/2_0" slope="0.00"/>
    </timestep>
    <timestep time="200.00">
        <vehicle id="0" x="248.01" y="401.65" angle="-90.00" type="DEFAULT_VEHTYPE" speed="12.84" pos="147.24" lane="2/2to1/2_0" slope="0.00"/>
        <vehicle id="10" x="689.16" y="598.35" angle="90.00" type="DEFAULT_VEHTYPE" speed="13.80" pos="84.41" lane="3/3to4/3_0" slope="0.00"/>
        <vehicle id="11" x="398.35" y="548.53" angle="0.00" type="DEFAULT_VEHTYPE" speed="13.75" pos="46.72" lane="2/3to2/2_0" slope="0.00"/>
        <vehicle id="15" x="506.58" y="401.65" angle="-90.00" type="DEFAULT_VEHTYPE" speed="13.80" pos="88.67" lane="3/2to2/2_0" slope="0.00"/>
        <vehicle id="16" x="398.35" y="646.31" angle="0.00" type="DEFAULT_VEHTYPE" speed="13.44" pos="153.69" lane="2/4to2/3_0" slope="0.00"/>
        <vehicle id="17" x="398.35" y="783.17" angle="0.00" type="DEFAULT_VEHTYPE" speed="13.76" pos="16.83" lane="2/4to2/3_0" slope="0.00"/>
        <vehicle id="18" x="398.35" y="324.28" angle="0.00" type="DEFAULT_VEHTYPE" speed="12.72" pos="70.97" lane="2/2to2/1_0" slope="0.00"/>
        <vehicle id="2" x="307.17" y="198.35" angle="90.00" type="DEFAULT_VEHTYPE" speed="12.67" pos="102.42" lane="1/1to2/1_0" slope="0.00"/>
        <vehicle id="24" x="201.65" y="578.49" angle="180.00" type="DEFAULT_VEHTYPE" speed="13.70" pos="173.74" lane="1/2to1/3_0" slope="0.00"/>
        <vehicle id="28" x="198.54" y="396.55" angle="-30.42" type="DEFAULT_VEHTYPE" speed="7.45" pos="9.01" lane=":1/2_6_0" slope="0.00"/>
        <vehicle id="29" x="601.65" y="352.24" angle="180.00" type="DEFAULT_VEHTYPE" speed="12.70" pos="147.49" lane="3/1to3/2_0" slope="0.00"/>
        <vehicle id="3" x="293.44" y="401.65" angle="-90.00" type="DEFAULT_VEHTYPE" speed="12.90" pos="101.81" lane="2/2to1/2_0" slope="0.00"/>
        <vehicle id="33" x="389.66" y="198.35" angle="90.00" type="DEFAULT_VEHTYPE" speed="4.46" pos="184.91" lane="1/1to2/1_0" slope="0.00"/>
        <vehicle id="37" x="277.41" y="201.65" angle="-90.00" type="DEFAULT_VEHTYPE" speed="13.84" pos="117.84" lane="2/1to1/1_0" slope="0.00"/>
        <vehicle id="39" x="370.30" y="198.35" angle="90.00" type="DEFAULT_VEHTYPE" speed="10.63" pos="165.55" lane="1/1to2/1_0" slope="0.00"/>
        <vehicle id="40" x="198.35" y="296.60" angle="0.00" type="DEFAULT_VEHTYPE" speed="13.50" pos="98.65" lane="1/2to1/1_0" slope="0.00"/>
        <vehicle id="42" x="201.65" y="479.07" angle="180.00" type="DEFAULT_VEHTYPE" speed="13.25" pos="74.32" lane="1/2to1/3_0" slope="0.00"/>
        <vehicle id="43" x="244.37" y="201.65" angle="-90.00" type="DEFAULT_VEHTYPE" speed="13.61" pos="150.88" lane="2/1to1/1_0" slope="0.00"/>
        <vehicle id="44" x="398.35" y="134.58" angle="0.00" type="DEFAULT_VEHTYPE" speed="12.86" pos="60.67" lane="2/1to2/0_0" slope="0.00"/>
        <vehicle id="48" x="714.55" y="598.35" angle="90.00" type="DEFAULT_VEHTYPE" speed="13.87" pos="109.80" lane="3/3to4/3_0" slope="0.00"/>
        <vehicle id="49" x="395.22" y="201.65" angle="-45.43" type="DEFAULT_VEHTYPE" speed="12.62" pos="0.03" lane="2/1to1/1_0" slope="0.00"/>
        <vehicle id="5" x="26.37" y="398.35" angle="90.00" type="DEFAULT_VEHTYPE" speed="13.74" pos="26.37" lane="0/2to1/2_0" slope="0.00"/>
        <vehicle id="6" x="74.04" y="401.65" angle="-90.00" type="DEFAULT_VEHTYPE" speed="12.99" pos="121.21" lane="1/2to0/2_0" slope="0.00"/>
        <vehicle id="7" x="322.29" y="598.35" angle="90.00" type="DEFAULT_VEHTYPE" speed="13.09" pos="117.54" lane="1/3to2/3_0" slope="0.00"/>
        <vehicle id="8" x="759.70" y="201.65" angle="-90.00" type="DEFAULT_VEHTYPE" speed="13.06" pos="40.30" lane="4/1to3/1_0" slope="0.00"/>
        <vehicle id="9" x="365.75" y="401.65" angle="-90.00" type="DEFAULT_VEHTYPE" speed="13.66" pos="29.50" lane="2/2to1/2_0" slope="0.00"/>
    </timestep>
    <timestep time="201.00">
        <vehicle id="0" x="234.98" y="401.65" angle="-90.00" type="DEFAULT_VEHTYPE" speed="13.03" pos="160.27" lane="2/2to1/2_0" slope="0.00"/>
        <vehicle id="10" x="701.90" y="598.35" angle="90.00" type="DEFAULT_VEHTYPE" speed="12.75" pos="97.15" lane="3/3to4/3_0" slope="0.00"/>
        <vehicle id="11" x="398.35" y="535.16" angle="0.00" type="DEFAULT_VEHTYPE" speed="13.37" pos="60.09" lane="2/3to2/2_0" slope="0.00"/>
        <vehicle id="15" x="493.48" y="401.65" angle="-90.00" type="DEFAULT_VEHTYPE" speed="13.10" pos="101.77" lane="3/2to2/2_0" slope="0.00"/>
        <vehicle id="16" x="398.35" y="633.65" angle="0.00" type="DEFAULT_VEHTYPE" speed="12.66" pos="166.35" lane="2/4to2/3_0" slope="0.00"/>
        <vehicle id="17" x="398.35" y="770.56" angle="0.00" type="DEFAULT_VEHTYPE" speed="12.61" pos="29.44" lane="2/4to2/3_0" slope="0.00"/>
        <vehicle id="18" x="398.35" y="311.43" angle="0.00" type="DEFAULT_VEHTYPE" speed="12.85" pos="83.82" lane="2/2to2/1_0" slope="0.00"/>
        <vehicle id="2" x="320.86" y="198.35" angle="90.00" type="DEFAULT_VEHTYPE" speed="13.69" pos="116.11" lane="1/1to2/1_0" slope="0.00"/>
        <vehicle id="24" x="201.65" y="591.39" angle="180.00" type="DEFAULT_VEHTYPE" speed="12.90" pos="186.64" lane="1/2to1/3_0" slope="0.00"/>
        <vehicle id="28" x="198.35" y="387.40" angle="0.00" type="DEFAULT_VEHTYPE" speed="9.16" pos="7.85" lane="1/2to1/1_0" slope="0.00"/>
        <vehicle id="29" x="601.65" y="365.49" angle="180.00" type="DEFAULT_VEHTYPE" speed="13.25" pos="160.74" lane="3/1to3/2_0" slope="0.00"/>
        <vehicle id="3" x="280.41" y="401.65" angle="-90.00" type="DEFAULT_VEHTYPE" speed="13.03" pos="114.84" lane="2/2to1/2_0" slope="0.00"/>
        <vehicle id="33" x="395.85" y="198.35" angle="90.00" type="DEFAULT_VEHTYPE" speed="6.18" pos="0.60" lane=":2/1_13_0" slope="0.00"/>
        <vehicle id="37" x="264.65" y="201.65" angle="-90.00" type="DEFAULT_VEHTYPE" speed="12.76" pos="130.60" lane="2/1to1/1_0" slope="0.00"/>
        <vehicle id="39" x="376.43" y="198.35" angle="90.00" type="DEFAULT_VEHTYPE" speed="6.13" pos="171.68" lane="1/1to2/1_0" slope="0.00"/>
        <vehicle id="40" x="198.35" y="283.33" angle="0.00" type="DEFAULT_VEHTYPE" speed="13.27" pos="111.92" lane="1/2to1/1_0" slope="0.00"/>
        <vehicle id="42" x="201.65" y="491.85" angle="180.00" type="DEFAULT_VEHTYPE" speed="12.78" pos="87.10" lane="1/2to1/3_0" slope="0.00"/>
        <vehicle id="43" x="231.33" y="201.65" angle="-90.00" type="DEFAULT_VEHTYPE" speed="13.03" pos="163.92" lane="2/1to1/1_0" slope="0.00"/>
        <vehicle id="44" x="398.35" y="121.91" angle="0.00" type="DEFAULT_VEHTYPE" speed="12.67" pos="73.34" lane="2/1to2/0_0" slope="0.00"/>
        <vehicle id="48" x="727.96" y="598.35" angle="90.00" type="DEFAULT_VEHTYPE" speed="13.42" pos="123.21" lane="3/3to4/3_0" slope="0.00"/>
        <vehicle id="49" x="381.53" y="201.65" angle="-90.00" type="DEFAULT_VEHTYPE" speed="13.70" pos="13.72" lane="2/1to1/1_0" slope="0.00"/>
        <vehicle id="5" x="39.16" y="398.35" angle="90.00" type="DEFAULT_VEHTYPE" speed="12.79" pos="39.16" lane="0/2to1/2_0" slope="0.00"/>
        <vehicle id="6" x="61.38" y="401.65" angle="-90.00" type="DEFAULT_VEHTYPE" speed="12.65" pos="133.87" lane="1/2to0/2_0" slope="0.00"/>
        <vehicle id="7" x="335.31" y="598.35" angle="90.00" type="DEFAULT_VEHTYPE" speed="13.02" pos="130.56" lane="1/3to2/3_0" slope="0.00"/>
        <vehicle id="8" x="746.95" y="201.65" angle="-90.00" type="DEFAULT_VEHTYPE" speed="12.75" pos="53.05" lane="4/1to3/1_0" slope="0.00"/>
        <vehicle id="9" x="352.84" y="401.65" angle="-90.00" type="DEFAULT_VEHTYPE" speed="12.92" pos="42.41" lane="2/2to1/2_0" slope="0.00"/>
    </timestep>
    <timestep time="202.00">
        <vehicle id="0" x="223.54" y="401.65" angle="-90.00" type="DEFAULT_VEHTYPE" speed="11.44" pos="171.71" lane="2/2to1/2_0" slope="0.00"/>
        <vehicle id="10" x="715.43" y="598.35" angle="90.00" type="DEFAULT_VEHTYPE" speed="13.53" pos="110.68" lane="3/3to4/3_0" slope="0.00"/>
        <vehicle id="11" x="398.35" y="522.17" angle="0.00" type="DEFAULT_VEHTYPE" speed="12.99" pos="73.08" lane="2/3to2/2_0" slope="0.00"/>
        <vehicle id="15" x="480.28" y="401.65" angle="-90.00" type="DEFAULT_VEHTYPE" speed="13.21" pos="114.97" lane="3/2to2/2_0" slope="0.00"/>
        <vehicle id="16" x="398.35" y="620.79" angle="0.00" type="DEFAULT_VEHTYPE" speed="12.86" pos="179.21" lane="2/4to2/3_0" slope="0.00"/>
        <vehicle id="17" x="398.35" y="756.83" angle="0.00" type="DEFAULT_VEHTYPE" speed="13.73" pos="43.17" lane="2/4to2/3_0" slope="0.00"/>
        <vehicle id="18" x="398.35" y="298.70" angle="0.00" type="DEFAULT_VEHTYPE" speed="12.73" pos="96.55" lane="2/2to2/1_0" slope="0.00"/>
        <vehicle id="2" x="334.12" y="198.35" angle="90.00" type="DEFAULT_VEHTYPE" speed="13.26" pos="129.37" lane="1/1to2/1_0" slope="0.00"/>
        <vehicle id="24" x="209.23" y="598.35" angle="90.83" type="DEFAULT_VEHTYPE" speed="13.34" pos="4.48" lane="1/3to2/3_0" slope="0.00"/>
        <vehicle id="28" x="198.35" y="376.39" angle="0.00" type="DEFAULT_VEHTYPE" speed="11.01" pos="18.86" lane="1/2to1/1_0" slope="0.00"/>
        <vehicle id="29" x="601.65" y="376.00" angle="180.00" type="DEFAULT_VEHTYPE" speed="10.51" pos="171.25" lane="3/1to3/2_0" slope="0.00"/>
        <vehicle id="3" x="266.52" y="401.65" angle="-90.00" type="DEFAULT_VEHTYPE" speed="13.89" pos="128.73" lane="2/2to1/2_0" slope="0.00"/>
        <vehicle id="33" x="404.13" y="198.35" angle="90.00" type="DEFAULT_VEHTYPE" speed="8.29" pos="8.88" lane=":2/1_13_0" slope="0.00"/>
        <vehicle id="37" x="251.04" y="201.65" angle="-90.00" type="DEFAULT_VEHTYPE" speed="13.61" pos="144.21" lane="2/1to1/1_0" slope="0.00"/>
        <vehicle id="39" x="384.31" y="198.35" angle="90.00" type="DEFAULT_VEHTYPE" speed="7.88" pos="179.56" lane="1/1to2/1_0" slope="0.00"/>
        <vehicle id="40" x="198.35" y="270.27" angle="0.00" type="DEFAULT_VEHTYPE" speed="13.06" pos="124.98" lane="1/2to1/1_0" slope="0.00"/>
        <vehicle id="42" x="201.65" y="505.08" angle="180.00" type="DEFAULT_VEHTYPE" speed="13.23" pos="100.33" lane="1/2to1/3_0" slope="0.00"/>
        <vehicle id="43" x="220.62" y="201.65" angle="-90.00" type="DEFAULT_VEHTYPE" speed="10.71" pos="174.63" lane="2/1to1/1_0" slope="0.00"/>
        <vehicle id="44" x="398.35" y="108.65" angle="0.00" type="DEFAULT_VEHTYPE" speed="13.26" pos="86.60" lane="2/1to2/0_0" slope="0.00"/>
        <vehicle id="48" x="740.94" y="598.35" angle="90.00" type="DEFAULT_VEHTYPE" speed="12.97" pos="136.19" lane="3/3to4/3_0" slope="0.00"/>
        <vehicle id="49" x="368.21" y="201.65" angle="-90.00" type="DEFAULT_VEHTYPE" speed="13.32" pos="27.04" lane="2/1to1/1_0" slope="0.00"/>
        <vehicle id="5" x="52.64" y="398.35" angle="90.00" type="DEFAULT_VEHTYPE" speed="13.48" pos="52.64" lane="0/2to1/2_0" slope="0.00"/>
        <vehicle id="6" x="47.71" y="401.65" angle="-90.00" type="DEFAULT_VEHTYPE" speed="13.68" pos="147.54" lane="1/2to0/2_0" slope="0.00"/>
        <vehicle id="7" x="348.64" y="598.35" angle="90.00" type="DEFAULT_VEHTYPE" speed="13.33" pos="143.89" lane="1/3to2/3_0" slope="0.00"/>
        <vehicle id="8" x="733.84" y="201.65" angle="-90.00" type="DEFAULT_VEHTYPE" speed="13.11" pos="66.16" lane="4/1to3/1_0" slope="0.00"/>
        <vehicle id="9" x="339.79" y="401.65" angle="-90.00" type="DEFAULT_VEHTYPE" speed="13.05" pos="55.46" lane="2/2to1/2_0" slope="0.00"/>
    </timestep>
    <timestep time="203.00">
        <vehicle id="0" x="215.95" y="401.65" angle="-90.00" type="DEFAULT_VEHTYPE" speed="7.59" pos="179.30" lane="2/2to1/2_0" slope="0.00"/>
        <vehicle id="10" x="729.13" y="598.35" angle="90.00" type="DEFAULT_VEHTYPE" speed="13.70" pos="124.38" lane="3/3to4/3_0" slope="0.00"/>
        <vehicle id="11" x="398.35" y="509.10" angle="0.00" type="DEFAULT_VEHTYPE" speed="13.06" pos="86.15" lane="2/3to2/2_0" slope="0.00"/>
        <vehicle id="15" x="467.38" y="401.65" angle="-90.00" type="DEFAULT_VEHTYPE" speed="12.90" pos="127.87" lane="3/2to2/2_0" slope="0.00"/>
        <vehicle id="16" x="398.35" y="607.21" angle="0.00" type="DEFAULT_VEHTYPE" speed="13.59" pos="192.79" lane="2/4to2/3_0" slope="0.00"/>
        <vehicle id="17" x="398.35" y="743.49" angle="0.00" type="DEFAULT_VEHTYPE" speed="13.34" pos="56.51" lane="2/4to2/3_0" slope="0.00"/>
        <vehicle id="18" x="398.35" y="286.07" angle="0.00" type="DEFAULT_VEHTYPE" speed="12.63" pos="109.18" lane="2/2to2/1_0" slope="0.00"/>
        <vehicle id="2" x="347.03" y="198.35" angle="90.00" type="DEFAULT_VEHTYPE" speed="12.90" pos="142.28" lane="1/1to2/1_0" slope="0.00"/>
        <vehicle id="24" x="222.19" y="598.35" angle="90.00" type="DEFAULT_VEHTYPE" speed="12.95" pos="17.44" lane="1/3to2/3_0" slope="0.00"/>
        <vehicle id="28" x="198.35" y="363.83" angle="0.00" type="DEFAULT_VEHTYPE" speed="12.56" pos="31.42" lane="1/2to1/1_0" slope="0.00"/>
        <vehicle id="29" x="601.65" y="384.11" angle="180.00" type="DEFAULT_VEHTYPE" speed="8.11" pos="179.36" lane="3/1to3/2_0" slope="0.00"/>
        <vehicle id="3" x="252.63" y="401.65" angle="-90.00" type="DEFAULT_VEHTYPE" speed="13.89" pos="142.62" lane="2/2to1/2_0" slope="0.00"/>
        <vehicle id="33" x="414.77" y="198.35" angle="90.00" type="DEFAULT_VEHTYPE" speed="10.64" pos="10.02" lane="2/1to3/1_0" slope="0.00"/>
        <vehicle id="37" x="237.89" y="201.65" angle="-90.00" type="DEFAULT_VEHTYPE" speed="13.15" pos="157.36" lane="2/1to1/1_0" slope="0.00"/>
        <vehicle id="39" x="389.58" y="198.35" angle="90.00" type="DEFAULT_VEHTYPE" speed="5.27" pos="184.83" lane="1/1to2/1_0" slope="0.00"/>
        <vehicle id="40" x="198.35" y="256.45" angle="0.00" type="DEFAULT_VEHTYPE" speed="13.82" pos="138.80" lane="1/2to1/1_0" slope="0.00"/>
        <vehicle id="42" x="201.65" y="518.95" angle="180.00" type="DEFAULT_VEHTYPE" speed="13.87" pos="114.20" lane="1/2to1/3_0" slope="0.00"/>
        <vehicle id="43" x="214.18" y="201.65" angle="-90.00" type="DEFAULT_VEHTYPE" speed="6.45" pos="181.07" lane="2/1to1/1_0" slope="0.00"/>
        <vehicle id="44" x="398.35" y="95.69" angle="0.00" type="DEFAULT_VEHTYPE" speed="12.96" pos="99.56" lane="2/1to2/0_0" slope="0.00"/>
        <vehicle id="48" x="754.80" y="598.35" angle="90.00" type="DEFAULT_VEHTYPE" speed="13.86" pos="150.05" lane="3/3to4/3_0" slope="0.00"/>
        <vehicle id="49" x="354.52" y="201.65" angle="-90.00" type="DEFAULT_VEHTYPE" speed="13.69" pos="40.73" lane="2/1to1/1_0" slope="0.00"/>
        <vehicle id="5" x="66.22" y="398.35" angle="90.00" type="DEFAULT_VEHTYPE" speed="13.59" pos="66.22" lane="0/2to1/2_0" slope="0.00"/>
        <vehicle id="6" x="34.75" y="401.65" angle="-90.00" type="DEFAULT_VEHTYPE" speed="12.96" pos="160.50" lane="1/2to0/2_0" slope="0.00"/>
        <vehicle id="7" x="362.31" y="598.35" angle="90.00" type="DEFAULT_VEHTYPE" speed="13.67" pos="157.56" lane="1/3to2/3_0" slope="0.00"/>
        <vehicle id="8" x="719.95" y="201.65" angle="-90.00" type="DEFAULT_VEHTYPE" speed="13.89" pos="80.05" lane="4/1to3/1_0" slope="0.00"/>
        <vehicle id="9" x="325.92" y="401.65" angle="-90.00" type="DEFAULT_VEHTYPE" speed="13.86" pos="69.33" lane="2/2to1/2_0" slope="0.00"/>
    </timestep>
    <timestep time="204.00">
        <vehicle id="0" x="211.10" y="401.65" angle="-90.00" type="DEFAULT_VEHTYPE" speed="4.85" pos="184.15" lane="2/2to1/2_0" slope="0.00"/>
        <vehicle id="10" x="742.39" y="598.35" angle="90.00" type="DEFAULT_VEHTYPE" speed="13.25" pos="137.64" lane="3/3to4/3_0" slope="0.00"/>
        <vehicle id="11" x="398.35" y="495.81" angle="0.00" type="DEFAULT_VEHTYPE" speed="13.29" pos="99.44" lane="2/3to2/2_0" slope="0.00"/>
        <vehicle id="15" x="454.57" y="401.65" angle="-90.00" type="DEFAULT_VEHTYPE" speed="12.81" pos="140.68" lane="3/2to2/2_0" slope="0.00"/>
        <vehicle id="16" x="398.35" y="594.58" angle="0.00" type="DEFAULT_VEHTYPE" speed="12.62" pos="0.67" lane="2/3to2/2_0" slope="0.00"/>
        <vehicle id="17" x="398.35" y="729.64" angle="0.00" type="DEFAULT_VEHTYPE" speed="13.85" pos="70.36" lane="2/4to2/3_0" slope="0.00"/>
        <vehicle id="18" x="398.35" y="272.73" angle="0.00" type="DEFAULT_VEHTYPE" speed="13.34" pos="122.52" lane="2/2to2/1_0" slope="0.00"/>
        <vehicle id="2" x="359.71" y="198.35" angle="90.00" type="DEFAULT_VEHTYPE" speed="12.68" pos="154.96" lane="1/1to2/1_0" slope="0.00"/>
        <vehicle id="24" x="236.06" y="598.35" angle="90.00" type="DEFAULT_VEHTYPE" speed="13.87" pos="31.31" lane="1/3to2/3_0" slope="0.00"/>
        <vehicle id="28" x="198.35" y="350.05" angle="0.00" type="DEFAULT_VEHTYPE" speed="13.77" pos="45.20" lane="1/2to1/1_0" slope="0.00"/>
        <vehicle id="29" x="601.65" y="389.34" angle="180.00" type="DEFAULT_VEHTYPE" speed="5.23" pos="184.59" lane="3/1to3/2_0" slope="0.00"/>
        <vehicle id="3" x="239.93" y="401.65" angle="-90.00" type="DEFAULT_VEHTYPE" speed="12.70" pos="155.32" lane="2/2to1/2_0" slope="0.00"/>
        <vehicle id="33" x="427.09" y="198.35" angle="90.00" type="DEFAULT_VEHTYPE" speed="12.32" pos="22.34" lane="2/1to3/1_0" slope="0.00"/>
        <vehicle id="37" x="227.66" y="201.65" angle="-90.00" type="DEFAULT_VEHTYPE" speed="10.23" pos="167.59" lane="2/1to1/1_0" slope="0.00"/>
        <vehicle id="39" x="397.24" y="198.35" angle="90.00" type="DEFAULT_VEHTYPE" speed="7.66" pos="1.99" lane=":2/1_13_0" slope="0.00"/>
        <vehicle id="40" x="198.35" y="242.75" angle="0.00" type="DEFAULT_VEHTYPE" speed="13.70" pos="152.50" lane="1/2to1/1_0" slope="0.00"/>
        <vehicle id="42" x="201.65" y="532.52" angle="180.00" type="DEFAULT_VEHTYPE" speed="13.57" pos="127.77" lane="1/2to1/3_0" slope="0.00"/>
        <vehicle id="43" x="210.81" y="201.65" angle="-90.00" type="DEFAULT_VEHTYPE" speed="3.37" pos="184.44" lane="2/1to1/1_0" slope="0.00"/>
        <vehicle id="44" x="398.35" y="81.87" angle="0.00" type="DEFAULT_VEHTYPE" speed="13.82" pos="113.38" lane="2/1to2/0_0" slope="0.00"/>
        <vehicle id="48" x="768.56" y="598.35" angle="90.00" type="DEFAULT_VEHTYPE" speed="13.76" pos="163.81" lane="3/3to4/3_0" slope="0.00"/>
        <vehicle id="49" x="340.82" y="201.65" angle="-90.00" type="DEFAULT_VEHTYPE" speed="13.71" pos="54.43" lane="2/1to1/1_0" slope="0.00"/>
        <vehicle id="5" x="79.79" y="398.35" angle="90.00" type="DEFAULT_VEHTYPE" speed="13.57" pos="79.79" lane="0/2to1/2_0" slope="0.00"/>
        <vehicle id="6" x="20.85" y="401.65" angle="-90.00" type="DEFAULT_VEHTYPE" speed="13.90" pos="174.40" lane="1/2to0/2_0" slope="0.00"/>
        <vehicle id="7" x="373.67" y="598.35" angle="90.00" type="DEFAULT_VEHTYPE" speed="11.35" pos="168.92" lane="1/3to2/3_0" slope="0.00"/>
        <vehicle id="8" x="706.48" y="201.65" angle="-90.00" type="DEFAULT_VEHTYPE" speed="13.47" pos="93.52" lane="4/1to3/1_0" slope="0.00"/>
        <vehicle id="9" x="312.07" y="401.65" angle="-90.00" type="DEFAULT_VEHTYPE" speed="13.85" pos="83.18" lane="2/2to1/2_0" slope="0.00"/>
    </timestep>
    <timestep time="205.00">
        <vehicle id="0" x="204.19" y="401.57" angle="-89.09" type="DEFAULT_VEHTYPE" speed="6.91" pos="0.56" lane=":1/2_6_0" slope="0.00"/>
        <vehicle id="10" x="755.31" y="598.35" angle="90.00" type="DEFAULT_VEHTYPE" speed="12.92" pos="150.56" lane="3/3to4/3_0" slope="0.00"/>
        <vehicle id="11" x="398.35" y="482.92" angle="0.00" type="DEFAULT_VEHTYPE" speed="12.89" pos="112.33" lane="2/3to2/2_0" slope="0.00"/>
        <vehicle id="15" x="441.28" y="401.65" angle="-90.00" type="DEFAULT_VEHTYPE" speed="13.29" pos="153.97" lane="3/2to2/2_0" slope="0.00"/>
        <vehicle id="16" x="398.35" y="580.74" angle="0.00" type="DEFAULT_VEHTYPE" speed="13.84" pos="14.51" lane="2/3to2/2_0" slope="0.00"/>
        <vehicle id="17" x="398.35" y="716.02" angle="0.00" type="DEFAULT_VEHTYPE" speed="13.63" pos="83.98" lane="2/4to2/3_0" slope="0.00"/>
        <vehicle id="18" x="398.35" y="259.69" angle="0.00" type="DEFAULT_VEHTYPE" speed="13.04" pos="135.56" lane="2/2to2/1_0" slope="0.00"/>
        <vehicle id="2" x="372.68" y="198.35" angle="90.00" type="DEFAULT_VEHTYPE" speed="12.97" pos="167.93" lane="1/1to2/1_0" slope="0.00"/>
        <vehicle id="24" x="249.76" y="598.35" angle="90.00" type="DEFAULT_VEHTYPE" speed="13.70" pos="45.01" lane="1/3to2/3_0" slope="0.00"/>
        <vehicle id="28" x="198.35" y="336.44" angle="0.00" type="DEFAULT_VEHTYPE" speed="13.62" pos="58.81" lane="1/2to1/1_0" slope="0.00"/>
        <vehicle id="29" x="601.45" y="396.67" angle="-177.67" type="DEFAULT_VEHTYPE" speed="7.35" pos="1.44" lane=":3/2_10_0" slope="0.00"/>
        <vehicle id="3" x="229.32" y="401.65" angle="-90.00" type="DEFAULT_VEHTYPE" speed="10.61" pos="165.93" lane="2/2to1/2_0" slope="0.00"/>
        <vehicle id="33" x="439.90" y="198.35" angle="90.00" type="DEFAULT_VEHTYPE" speed="12.81" pos="35.15" lane="2/1to3/1_0" slope="0.00"/>
        <vehicle id="37" x="221.92" y="201.65" angle="-90.00" type="DEFAULT_VEHTYPE" speed="5.73" pos="173.33" lane="2/1to1/1_0" slope="0.00"/>
        <vehicle id="39" x="406.76" y="198.35" angle="90.00" type="DEFAULT_VEHTYPE" speed="9.52" pos="2.01" lane="2/1to3/1_0" slope="0.00"/>
        <vehicle id="40" x="198.35" y="228.98" angle="0.00" type="DEFAULT_VEHTYPE" speed="13.77" pos="166.27" lane="1/2to1/1_0" slope="0.00"/>
        <vehicle id="42" x="201.65" y="545.86" angle="180.00" type="DEFAULT_VEHTYPE" speed="13.34" pos="141.11" lane="1/2to1/3_0" slope="0.00"/>
        <vehicle id="43" x="205.32" y="201.65" angle="-90.00" type="DEFAULT_VEHTYPE" speed="5.49" pos="189.93" lane="2/1to1/1_0" slope="0.00"/>
        <vehicle id="44" x="398.35" y="68.32" angle="0.00" type="DEFAULT_VEHTYPE" speed="13.56" pos="126.93" lane="2/1to2/0_0" slope="0.00"/>
        <vehicle id="48" x="781.72" y="598.35" angle="90.00" type="DEFAULT_VEHTYPE" speed="13.16" pos="176.97" lane="3/3to4/3_0" slope="0.00"/>
        <vehicle id="49" x="328.18" y="201.65" angle="-90.00" type="DEFAULT_VEHTYPE" speed="12.64" pos="67.07" lane="2/1to1/1_0" slope="0.00"/>
        <vehicle id="5" x="93.48" y="398.35" angle="90.00" type="DEFAULT_VEHTYPE" speed="13.69" pos="93.48" lane="0/2to1/2_0" slope="0.00"/>
        <vehicle id="6" x="7.91" y="401.65" angle="-90.00" type="DEFAULT_VEHTYPE" speed="12.93" pos="187.34" lane="1/2to0/2_0" slope="0.00"/>
        <vehicle id="7" x="382.05" y="598.35" angle="90.00" type="DEFAULT_VEHTYPE" speed="8.38" pos="177.30" lane="1/3to2/3_0" slope="0.00"/>
        <vehicle id="8" x="693.77" y="201.65" angle="-90.00" type="DEFAULT_VEHTYPE" speed="12.71" pos="106.23" lane="4/1to3/1_0" slope="0.00"/>
        <vehicle id="9" x="299.06" y="401.65" angle="-90.00" type="DEFAULT_VEHTYPE" speed="13.01" pos="96.19" lane="2/2to1/2_0" slope="0.00"/>
    </timestep>
    <timestep time="206.00">
        <vehicle id="0" x="198.53" y="396.50" angle="-29.94" type="DEFAULT_VEHTYPE" speed="8.49" pos="9.05" lane=":1/2_6_0" slope="0.00"/>
        <vehicle id="10" x="769.09" y="598.35" angle="90.00" type="DEFAULT_VEHTYPE" speed="13.78" pos="164.34" lane="3/3to4/3_0" slope="0.00"/>
        <vehicle id="11" x="398.35" y="469.03" angle="0.00" type="DEFAULT_VEHTYPE" speed="13.90" pos="126.22" lane="2/3to2/2_0" slope="0.00"/>
        <vehicle id="15" x="427.76" y="401.65" angle="-90.00" type="DEFAULT_VEHTYPE" speed="13.52" pos="167.49" lane="3/2to2/2_0" slope="0.00"/>
        <vehicle id="16" x="398.35" y="567.42" angle="0.00" type="DEFAULT_VEHTYPE" speed="13.32" pos="27.83" lane="2/3to2/2_0" slope="0.00"/>
        <vehicle id="17" x="398.35" y="702.17" angle="0.00" type="DEFAULT_VEHTYPE" speed="13.85" pos="97.83" lane="2/4to2/3_0" slope="0.00"/>
        <vehicle id="18" x="398.35" y="246.35" angle="0.00" type="DEFAULT_VEHTYPE" speed="13.34" pos="148.90" lane="2/2to2/1_0" slope="0.00"/>
        <vehicle id="2" x="382.23" y="198.35" angle="90.00" type="DEFAULT_VEHTYPE" speed="9.56" pos="177.48" lane="1/1to2/1_0" slope="0.00"/>
        <vehicle id="24" x="262.91" y="598.35" angle="90.00" type="DEFAULT_VEHTYPE" speed="13.15" pos="58.16" lane="1/3to2/3_0" slope="0.00"/>
        <vehicle id="28" x="198.35" y="323.25" angle="0.00" type="DEFAULT_VEHTYPE" speed="13.19" pos="72.00" lane="1/2to1/1_0" slope="0.00"/>
        <vehicle id="29" x="594.93" y="401.65" angle="-106.07" type="DEFAULT_VEHTYPE" speed="9.20" pos="0.32" lane="3/2to2/2_0" slope="0.00"/>
        <vehicle id="3" x="219.96" y="401.65" angle="-90.00" type="DEFAULT_VEHTYPE" speed="9.36" pos="175.29" lane="2/2to1/2_0" slope="0.00"/>
        <vehicle id="33" x="452.99" y="198.35" angle="90.00" type="DEFAULT_VEHTYPE" speed="13.09" pos="48.24" lane="2/1to3/1_0" slope="0.00"/>
        <vehicle id="37" x="215.00" y="201.65" angle="-90.00" type="DEFAULT_VEHTYPE" speed="6.92" pos="180.25" lane="2/1to1/1_0" slope="0.00"/>
        <vehicle id="39" x="418.80" y="198.35" angle="90.00" type="DEFAULT_VEHTYPE" speed="12.04" pos="14.05" lane="2/1to3/1_0" slope="0.00"/>
        <vehicle id="40" x="198.35" y="215.78" angle="0.00" type="DEFAULT_VEHTYPE" speed="13.20" pos="179.47" lane="1/2to1/1_0" slope="0.00"/>
        <vehicle id="42" x="201.65" y="559.26" angle="180.00" type="DEFAULT_VEHTYPE" speed="13.40" pos="154.51" lane="1/2to1/3_0" slope="0.00"/>
        <vehicle id="43" x="201.65" y="206.21" angle="-158.99" type="DEFAULT_VEHTYPE" speed="7.03" pos="1.46" lane="1/1to1/2_0" slope="0.00"/>
        <vehicle id="44" x="398.35" y="54.89" angle="0.00" type="DEFAULT_VEHTYPE" speed="13.43" pos="140.36" lane="2/1to2/0_0" slope="0.00"/>
        <vehicle id="48" x="795.33" y="598.35" angle="90.00" type="DEFAULT_VEHTYPE" speed="13.60" pos="190.58" lane="3/3to4/3_0" slope="0.00"/>
        <vehicle id="49" x="315.08" y="201.65" angle="-90.00" type="DEFAULT_VEHTYPE" speed="13.10" pos="80.17" lane="2/1to1/1_0" slope="0.00"/>
        <vehicle id="5" x="107.37" y="398.35" angle="90.00" type="DEFAULT_VEHTYPE" speed="13.90" pos="107.37" lane="0/2to1/2_0" slope="0.00"/>
        <vehicle id="6" x="0.79" y="398.35" angle="23.65" type="DEFAULT_VEHTYPE" speed="13.52" pos="0.79" lane="0/2to1/2_0" slope="0.00"/>
        <vehicle id="7" x="387.70" y="598.35" angle="90.00" type="DEFAULT_VEHTYPE" speed="5.65" pos="182.95" lane="1/3to2/3_0" slope="0.00"/>
        <vehicle id="8" x="680.78" y="201.65" angle="-90.00" type="DEFAULT_VEHTYPE" speed="12.98" pos="119.22" lane="4/1to3/1_0" slope="0.00"/>
        <vehicle id="9" x="286.00" y="401.65" angle="-90.00" type="DEFAULT_VEHTYPE" speed="13.06" pos="109.25" lane="2/2to1/2_0" slope="0.00"/>
    </timestep>
    <timestep time="207.00">
        <vehicle id="0" x="198.35" y="385.90" angle="0.00" type="DEFAULT_VEHTYPE" speed="10.62" pos="9.35" lane="1/2to1/1_0" slope="0.00"/>
        <vehicle id="10" x="782.39" y="598.35" angle="90.00" type="DEFAULT_VEHTYPE" speed="13.29" pos="177.64" lane="3/3to4/3_0" slope="0.00"/>
        <vehicle id="11" x="398.35" y="455.51" angle="0.00" type="DEFAULT_VEHTYPE" speed="13.52" pos="139.74" lane="2/3to2/2_0" slope="0.00"/>
        <vehicle id="15" x="418.74" y="401.65" angle="-90.00" type="DEFAULT_VEHTYPE" speed="9.02" pos="176.51" lane="3/2to2/2_0" slope="0.00"/>
        <vehicle id="16" x="398.35" y="554.73" angle="0.00" type="DEFAULT_VEHTYPE" speed="12.69" pos="40.52" lane="2/3to2/2_0" slope="0.00"/>
        <vehicle id="17" x="398.35" y="689.46" angle="0.00" type="DEFAULT_VEHTYPE" speed="12.71" pos="110.54" lane="2/4to2/3_0" slope="0.00"/>
        <vehicle id="18" x="398.35" y="233.12" angle="0.00" type="DEFAULT_VEHTYPE" speed="13.23" pos="162.13" lane="2/2to2/1_0" slope="0.00"/>
        <vehicle id="2" x="387.65" y="198.35" angle="90.00" type="DEFAULT_VEHTYPE" speed="5.42" pos="182.90" lane="1/1to2/1_0" slope="0.00"/>
        <vehicle id="24" x="276.35" y="598.35" angle="90.00" type="DEFAULT_VEHTYPE" speed="13.44" pos="71.60" lane="1/3to2/3_0" slope="0.00"/>
        <vehicle id="28" x="198.35" y="310.01" angle="0.00" type="DEFAULT_VEHTYPE" speed="13.24" pos="85.24" lane="1/2to1/1_0" slope="0.00"/>
        <vehicle id="29" x="583.79" y="401.65" angle="-90.00" type="DEFAULT_VEHTYPE" speed="11.15" pos="11.46" lane="3/2to2/2_0" slope="0.00"/>
        <vehicle id="3" x="213.26" y="401.65" angle="-90.00" type="DEFAULT_VEHTYPE" speed="6.71" pos="181.99" lane="2/2to1/2_0" slope="0.00"/>
        <vehicle id="33" x="465.62" y="198.35" angle="90.00" type="DEFAULT_VEHTYPE" speed="12.63" pos="60.87" lane="2/1to3/1_0" slope="0.00"/>
        <vehicle id="37" x="211.03" y="201.65" angle="-90.00" type="DEFAULT_VEHTYPE" speed="3.97" pos="184.22" lane="2/1to1/1_0" slope="0.00"/>
        <vehicle id="39" x="432.30" y="198.35" angle="90.00" type="DEFAULT_VEHTYPE" speed="13.50" pos="27.55" lane="2/1to3/1_0" slope="0.00"/>
        <vehicle id="40" x="197.90" y="202.97" angle="-5.17" type="DEFAULT_VEHTYPE" speed="12.89" pos="1.86" lane=":1/1_0_0" slope="0.00"/>
        <vehicle id="42" x="201.65" y="572.49" angle="180.00" type="DEFAULT_VEHTYPE" speed="13.23" pos="167.74" lane="1/2to1/3_0" slope="0.00"/>
        <vehicle id="43" x="201.65" y="215.16" angle="180.00" type="DEFAULT_VEHTYPE" speed="8.95" pos="10.41" lane="1/1to1/2_0" slope="0.00"/>
        <vehicle id="44" x="398.35" y="41.31" angle="0.00" type="DEFAULT_VEHTYPE" speed="13.57" pos="153.94" lane="2/1to2/0_0" slope="0.00"/>
        <vehicle id="48" x="796.36" y="601.65" angle="-98.92" type="DEFAULT_VEHTYPE" speed="13.14" pos="3.64" lane="4/3to3/3_0" slope="0.00"/>
        <vehicle id="49" x="301.81" y="201.65" angle="-90.00" type="DEFAULT_VEHTYPE" speed="13.26" pos="93.44" lane="2/1to1/1_0" slope="0.00"/>
        <vehicle id="5" x="120.49" y="398.35" angle="90.00" type="DEFAULT_VEHTYPE" speed="13.11" pos="120.49" lane="0/2to1/2_0" slope="0.00"/>
        <vehicle id="6" x="14.67" y="398.35" angle="90.00" type="DEFAULT_VEHTYPE" speed="13.88" pos="14.67" lane="0/2to1/2_0" slope="0.00"/>
        <vehicle id="7" x="390.12" y="598.35" angle="90.00" type="DEFAULT_VEHTYPE" speed="2.42" pos="185.37" lane="1/3to2/3_0" slope="0.00"/>
        <vehicle id="8" x="667.11" y="201.65" angle="-90.00" type="DEFAULT_VEHTYPE" speed="13.67" pos="132.89" lane="4/1to3/1_0" slope="0.00"/>
        <vehicle id="9" x="273.06" y="401.65" angle="-90.00" type="DEFAULT_VEHTYPE" speed="12.93" pos="122.19" lane="2/2to1/2_0" slope="0.00"/>
    </timestep>
    <timestep time="208.00">
        <vehicle id="0" x="198.35" y="373.85" angle="0.00" type="DEFAULT_VEHTYPE" speed="12.04" pos="21.40" lane="1/2to1/1_0" slope="0.00"/>
        <vehicle id="10" x="795.02" y="598.35" angle="90.00" type="DEFAULT_VEHTYPE" speed="12.63" pos="190.27" lane="3/3to4/3_0" slope="0.00"/>
        <vehicle id="11" x="398.35" y="441.94" angle="0.00" type="DEFAULT_VEHTYPE" speed="13.57" pos="153.31" lane="2/3to2/2_0" slope="0.00"/>
        <vehicle id="15" x="412.49" y="401.65" angle="-90.00" type="DEFAULT_VEHTYPE" speed="6.24" pos="182.76" lane="3/2to2/2_0" slope="0.00"/>
        <vehicle id="16" x="398.35" y="541.50" angle="0.00" type="DEFAULT_VEHTYPE" speed="13.23" pos="53.75" lane="2/3to2/2_0" slope="0.00"/>
        <vehicle id="17" x="398.35" y="675.80" angle="0.00" type="DEFAULT_VEHTYPE" speed="13.66" pos="124.20" lane="2/4to2/3_0" slope="0.00"/>
        <vehicle id="18" x="398.35" y="219.97" angle="0.00" type="DEFAULT_VEHTYPE" speed="13.15" pos="175.28" lane="2/2to2/1_0" slope="0.00"/>
        <vehicle id="2" x="390.53" y="198.35" angle="90.00" type="DEFAULT_VEHTYPE" speed="2.87" pos="185.78" lane="1/1to2/1_0" slope="0.00"/>
        <vehicle id="24" x="289.96" y="598.35" angle="90.00" type="DEFAULT_VEHTYPE" speed="13.61" pos="85.21" lane="1/3to2/3_0" slope="0.00"/>
        <vehicle id="28" x="198.35" y="297.28" angle="0.00" type="DEFAULT_VEHTYPE" speed="12.73" pos="97.97" lane="1/2to1/1_0" slope="0.00"/>
        <vehicle id="29" x="571.03" y="401.65" angle="-90.00" type="DEFAULT_VEHTYPE" speed="12.76" pos="24.22" lane="3/2to2/2_0" slope="0.00"/>
        <vehicle id="3" x="209.83" y="401.65" angle="-90.00" type="DEFAULT_VEHTYPE" speed="3.43" pos="185.42" lane="2/2to1/2_0" slope="0.00"/>
        <vehicle id="33" x="479.43" y="198.35" angle="90.00" type="DEFAULT_VEHTYPE" speed="13.81" pos="74.68" lane="2/1to3/1_0" slope="0.00"/>
        <vehicle id="37" x="204.97" y="201.65" angle="-90.00" type="DEFAULT_VEHTYPE" speed="6.06" pos="190.28" lane="2/1to1/1_0" slope="0.00"/>
        <vehicle id="39" x="445.37" y="198.35" angle="90.00" type="DEFAULT_VEHTYPE" speed="13.07" pos="40.62" lane="2/1to3/1_0" slope="0.00"/>
        <vehicle id="40" x="185.09" y="201.65" angle="-90.00" type="DEFAULT_VEHTYPE" speed="13.30" pos="10.16" lane="1/1to0/1_0" slope="0.00"/>
        <vehicle id="42" x="201.65" y="585.25" angle="180.00" type="DEFAULT_VEHTYPE" speed="12.76" pos="180.50" lane="1/2to1/3_0" slope="0.00"/>
        <vehicle id="43" x="201.65" y="225.90" angle="180.00" type="DEFAULT_VEHTYPE" speed="10.73" pos="21.15" lane="1/1to1/2_0" slope="0.00"/>
        <vehicle id="44" x="398.35" y="27.93" angle="0.00" type="DEFAULT_VEHTYPE" speed="13.38" pos="167.32" lane="2/1to2/0_0" slope="0.00"/>
        <vehicle id="48" x="782.92" y="601.65" angle="-90.00" type="DEFAULT_VEHTYPE" speed="13.44" pos="17.08" lane="4/3to3/3_0" slope="0.00"/>
        <vehicle id="49" x="289.20" y="201.65" angle="-90.00" type="DEFAULT_VEHTYPE" speed="12.61" pos="106.05" lane="2/1to1/1_0" slope="0.00"/>
        <vehicle id="5" x="133.92" y="398.35" angle="90.00" type="DEFAULT_VEHTYPE" speed="13.43" pos="133.92" lane="0/2to1/2_0" slope="0.00"/>
        <vehicle id="6" x="28.08" y="398.35" angle="90.00" type="DEFAULT_VEHTYPE" speed="13.41" pos="28.08" lane="0/2to1/2_0" slope="0.00"/>
        <vehicle id="7" x="394.09" y="598.35" angle="90.00" type="DEFAULT_VEHTYPE" speed="3.96" pos="189.34" lane="1/3to2/3_0" slope="0.00"/>
        <vehicle id="8" x="653.61" y="201.65" angle="-90.00" type="DEFAULT_VEHTYPE" speed="13.50" pos="146.39" lane="4/1to3/1_0" slope="0.00"/>
        <vehicle id="9" x="260.40" y="401.65" angle="-90.00" type="DEFAULT_VEHTYPE" speed="12.67" pos="134.85" lane="2/2to1/2_0" slope="0.00"/>
    </timestep>
    <timestep time="209.00">
        <vehicle id="0" x="198.35" y="361.09" angle="0.00" type="DEFAULT_VEHTYPE" speed="12.76" pos="34.16" lane="1/2to1/1_0" slope="0.00"/>
        <vehicle id="10" x="795.99" y="601.65" angle="-96.42" type="DEFAULT_VEHTYPE" speed="13.82" pos="4.01" lane="4/3to3/3_0" slope="0.00"/>
        <vehicle id="11" x="398.35" y="428.95" angle="0.00" type="DEFAULT_VEHTYPE" speed="12.99" pos="166.30" lane="2/3to2/2_0" slope="0.00"/>
        <vehicle id="15" x="409.17" y="401.65" angle="-90.00" type="DEFAULT_VEHTYPE" speed="3.33" pos="186.08" lane="3/2to2/2_0" slope="0.00"/>
        <vehicle id="16" x="398.35" y="528.47" angle="0.00" type="DEFAULT_VEHTYPE" speed="13.02" pos="66.78" lane="2/3to2/2_0" slope="0.00"/>
        <vehicle id="17" x="398.35" y="662.36" angle="0.00" type="DEFAULT_VEHTYPE" speed="13.44" pos="137.64" lane="2/4to2/3_0" slope="0.00"/>
        <vehicle id="18" x="398.35" y="206.99" angle="0.00" type="DEFAULT_VEHTYPE" speed="12.98" pos="188.26" lane="2/2to2/1_0" slope="0.00"/>
        <vehicle id="2" x="392.02" y="198.35" angle="90.00" type="DEFAULT_VEHTYPE" speed="1.50" pos="187.27" lane="1/1to2/1_0" slope="0.00"/>
        <vehicle id="24" x="303.69" y="598.35" angle="90.00" type="DEFAULT_VEHTYPE" speed="13.73" pos="98.94" lane="1/3to2/3_0" slope="0.00"/>
        <vehicle id="28" x="198.35" y="284.12" angle="0.00" type="DEFAULT_VEHTYPE" speed="13.16" pos="111.13" lane="1/2to1/1_0" slope="0.00"/>
        <vehicle id="29" x="557.51" y="401.65" angle="-90.00" type="DEFAULT_VEHTYPE" speed="13.53" pos="37.74" lane="3/2to2/2_0" slope="0.00"/>
        <vehicle id="3" x="204.68" y="401.64" angle="-89.89" type="DEFAULT_VEHTYPE" speed="5.15" pos="0.07" lane=":1/2_6_0" slope="0.00"/>
        <vehicle id="33" x="492.10" y="198.35" angle="90.00" type="DEFAULT_VEHTYPE" speed="12.67" pos="87.35" lane="2/1to3/1_0" slope="0.00"/>
        <vehicle id="37" x="201.65" y="207.12" angle="-169.44" type="DEFAULT_VEHTYPE" speed="7.59" pos="2.37" lane="1/1to1/2_0" slope="0.00"/>
        <vehicle id="39" x="458.76" y="198.35" angle="90.00" type="DEFAULT_VEHTYPE" speed="13.39" pos="54.01" lane="2/1to3/1_0" slope="0.00"/>
        <vehicle id="40" x="171.72" y="201.65" angle="-90.00" type="DEFAULT_VEHTYPE" speed="13.37" pos="23.53" lane="1/1to0/1_0" slope="0.00"/>
        <vehicle id="42" x="202.95" y="597.90" angle="163.95" type="DEFAULT_VEHTYPE" speed="13.12" pos="3.12" lane=":1/3_8_0" slope="0.00"/>
        <vehicle id="43" x="201.65" y="238.44" angle="180.00" type="DEFAULT_VEHTYPE" speed="12.54" pos="33.69" lane="1/1to1/2_0" slope="0.00"/>
        <vehicle id="44" x="398.35" y="14.92" angle="0.00" type="DEFAULT_VEHTYPE" speed="13.01" pos="180.33" lane="2/1to2/0_0" slope="0.00"/>
        <vehicle id="48" x="769.40" y="601.65" angle="-90.00" type="DEFAULT_VEHTYPE" speed="13.52" pos="30.60" lane="4/3to3/3_0" slope="0.00"/>
        <vehicle id="49" x="276.17" y="201.65" angle="-90.00" type="DEFAULT_VEHTYPE" speed="13.03" pos="119.08" lane="2/1to1/1_0" slope="0.00"/>
        <vehicle id="5" x="146.72" y="398.35" angle="90.00" type="DEFAULT_VEHTYPE" speed="12.80" pos="146.72" lane="0/2to1/2_0" slope="0.00"/>
        <vehicle id="6" x="41.15" y="398.35" angle="90.00" type="DEFAULT_VEHTYPE" speed="13.07" pos="41.15" lane="0/2to1/2_0" slope="0.00"/>
        <vehicle id="7" x="399.71" y="599.75" angle="106.58" type="DEFAULT_VEHTYPE" speed="5.93" pos="4.77" lane=":2/3_14_0" slope="0.00"/>
        <vehicle id="8" x="640.22" y="201.65" angle="-90.00" type="DEFAULT_VEHTYPE" speed="13.39" pos="159.78" lane="4/1to3/1_0" slope="0.00"/>
        <vehicle id="9" x="247.68" y="401.65" angle="-90.00" type="DEFAULT_VEHTYPE" speed="12.72" pos="147.57" lane="2/2to1/2_0" slope="0.00"/>
    </timestep>
    <timestep time="210.00">
        <vehicle id="0" x="198.35" y="348.00" angle="0.00" type="DEFAULT_VEHTYPE" speed="13.10" pos="47.25" lane="1/2to1/1_0" slope="0.00"/>
        <vehicle id="10" x="782.92" y="601.65" angle="-90.00" type="DEFAULT_VEHTYPE" speed="13.06" pos="17.08" lane="4/3to3/3_0" slope="0.00"/>
        <vehicle id="11" x="398.35" y="415.79" angle="0.00" type="DEFAULT_VEHTYPE" speed="13.16" pos="179.46" lane="2/3to2/2_0" slope="0.00"/>
        <vehicle id="15" x="403.73" y="401.50" angle="-88.32" type="DEFAULT_VEHTYPE" speed="5.45" pos="1.04" lane=":2/2_6_0" slope="0.00"/>
        <vehicle id="16" x="398.35" y="515.81" angle="0.00" type="DEFAULT_VEHTYPE" speed="12.67" pos="79.44" lane="2/3to2/2_0" slope="0.00"/>
        <vehicle id="17" x="398.35" y="648.80" angle="0.00" type="DEFAULT_VEHTYPE" speed="13.55" pos="151.20" lane="2/4to2/3_0" slope="0.00"/>
        <vehicle id="18" x="398.35" y="193.61" angle="0.00" type="DEFAULT_VEHTYPE" speed="13.38" pos="1.64" lane="2/1to2/0_0" slope="0.00"/>
        <vehicle id="2" x="392.52" y="198.35" angle="90.00" type="DEFAULT_VEHTYPE" speed="0.50" pos="187.77" lane="1/1to2/1_0" slope="0.00"/>
        <vehicle id="24" x="316.69" y="598.35" angle="90.00" type="DEFAULT_VEHTYPE" speed="13.00" pos="111.94" lane="1/3to2/3_0" slope="0.00"/>
        <vehicle id="28" x="198.35" y="270.28" angle="0.00" type="DEFAULT_VEHTYPE" speed="13.84" pos="124.97" lane="1/2to1/1_0" slope="0.00"/>
        <vehicle id="29" x="544.46" y="401.65" angle="-90.00" type="DEFAULT_VEHTYPE" speed="13.05" pos="50.79" lane="3/2to2/2_0" slope="0.00"/>
        <vehicle id="3" x="199.23" y="398.85" angle="-57.09" type="DEFAULT_VEHTYPE" speed="6.48" pos="6.55" lane=":1/2_6_0" slope="0.00"/>
        <vehicle id="33" x="505.97" y="198.35" angle="90.00" type="DEFAULT_VEHTYPE" speed="13.87" pos="101.22" lane="2/1to3/1_0" slope="0.00"/>
        <vehicle id="37" x="201.65" y="216.85" angle="180.00" type="DEFAULT_VEHTYPE" speed="9.73" pos="12.10" lane="1/1to1/2_0" slope="0.00"/>
        <vehicle id="39" x="472.07" y="198.35" angle="90.00" type="DEFAULT_VEHTYPE" speed="13.32" pos="67.32" lane="2/1to3/1_0" slope="0.00"/>
        <vehicle id="40" x="158.73" y="201.65" angle="-90.00" type="DEFAULT_VEHTYPE" speed="13.00" pos="36.52" lane="1/1to0/1_0" slope="0.00"/>
        <vehicle id="42" x="216.64" y="598.35" angle="90.00" type="DEFAULT_VEHTYPE" speed="13.77" pos="11.89" lane="1/3to2/3_0" slope="0.00"/>
        <vehicle id="43" x="201.65" y="251.52" angle="180.00" type="DEFAULT_VEHTYPE" speed="13.08" pos="46.77" lane="1/1to1/2_0" slope="0.00"/>
        <vehicle id="44" x="398.35" y="1.50" angle="0.00" type="DEFAULT_VEHTYPE" speed="13.42" pos="193.75" lane="2/1to2/0_0" slope="0.00"/>
        <vehicle id="48" x="756.29" y="601.65" angle="-90.00" type="DEFAULT_VEHTYPE" speed="13.10" pos="43.71" lane="4/3to3/3_0" slope="0.00"/>
        <vehicle id="49" x="262.84" y="201.65" angle="-90.00" type="DEFAULT_VEHTYPE" speed="13.33" pos="132.41" lane="2/1to1/1_0" slope="0.00"/>
        <vehicle id="5" x="160.07" y="398.35" angle="90.00" type="DEFAULT_VEHTYPE" speed="13.35" pos="160.07" lane="0/2to1/2_0" slope="0.00"/>
        <vehicle id="6" x="53.86" y="398.35" angle="90.00" type="DEFAULT_VEHTYPE" speed="12.71" pos="53.86" lane="0/2to1/2_0" slope="0.00"/>
        <vehicle id="7" x="401.65" y="606.49" angle="172.80" type="DEFAULT_VEHTYPE" speed="7.30" pos="1.74" lane="2/3to2/4_0" slope="0.00"/>
        <vehicle id="8" x="627.27" y="201.65" angle="-90.00" type="DEFAULT_VEHTYPE" speed="12.95" pos="172.73" lane="4/1to3/1_0" slope="0.00"/>
        <vehicle id="9" x="233.90" y="401.65" angle="-90.00" type="DEFAULT_VEHTYPE" speed="13.77" pos="161.35" lane="2/2to1/2_0" slope="0.00"/>
    </timestep>
    <timestep time="211.00">
        <vehicle id="0" x="198.35" y="335.35" angle="0.00" type="DEFAULT_VEHTYPE" speed="12.65" pos="59.90" lane="1/2to1/1_0" slope="0.00"/>
        <vehicle id="10" x="770.04" y="601.65" angle="-90.00" type="DEFAULT_VEHTYPE" speed="12.88" pos="29.96" lane="4/3to3/3_0" slope="0.00"/>
        <vehicle id="11" x="397.68" y="402.58" angle="-7.88" type="DEFAULT_VEHTYPE" speed="13.35" pos="2.31" lane=":2/2_0_0" slope="0.00"/>
        <vehicle id="15" x="398.55" y="396.67" angle="-31.67" type="DEFAULT_VEHTYPE" speed="7.85" pos="8.89" lane=":2/2_6_0" slope="0.00"/>
        <vehicle id="16" x="398.35" y="503.13" angle="0.00" type="DEFAULT_VEHTYPE" speed="12.68" pos="92.12" lane="2/3to2/2_0" slope="0.00"/>
        <vehicle id="17" x="398.35" y="635.22" angle="0.00" type="DEFAULT_VEHTYPE" speed="13.58" pos="164.78" lane="2/4to2/3_0" slope="0.00"/>
        <vehicle id="18" x="398.35" y="179.72" angle="0.00" type="DEFAULT_VEHTYPE" speed="13.89" pos="15.53" lane="2/1to2/0_0" slope="0.00"/>
        <vehicle id="2" x="394.82" y="198.35" angle="90.00" type="DEFAULT_VEHTYPE" speed="2.30" pos="190.07" lane="1/1to2/1_0" slope="0.00"/>
        <vehicle id="24" x="329.33" y="598.35" angle="90.00" type="DEFAULT_VEHTYPE" speed="12.63" pos="124.58" lane="1/3to2/3_0" slope="0.00"/>
        <vehicle id="28" x="198.35" y="256.52" angle="0.00" type="DEFAULT_VEHTYPE" speed="13.76" pos="138.73" lane="1/2to1/1_0" slope="0.00"/>
        <vehicle id="29" x="530.92" y="401.65" angle="-90.00" type="DEFAULT_VEHTYPE" speed="13.54" pos="64.33" lane="3/2to2/2_0" slope="0.00"/>
        <vehicle id="3" x="198.35" y="390.57" angle="-0.53" type="DEFAULT_VEHTYPE" speed="8.44" pos="4.68" lane="1/2to1/1_0" slope="0.00"/>
        <vehicle id="33" x="518.98" y="198.35" angle="90.00" type="DEFAULT_VEHTYPE" speed="13.01" pos="114.23" lane="2/1to3/1_0" slope="0.00"/>
        <vehicle id="37" x="201.65" y="228.69" angle="180.00" type="DEFAULT_VEHTYPE" speed="11.84" pos="23.94" lane="1/1to1/2_0" slope="0.00"/>
        <vehicle id="39" x="484.78" y="198.35" angle="90.00" type="DEFAULT_VEHTYPE" speed="12.71" pos="80.03" lane="2/1to3/1_0" slope="0.00"/>
        <vehicle id="40" x="146.12" y="201.65" angle="-90.00" type="DEFAULT_VEHTYPE" speed="12.61" pos="49.13" lane="1/1to0/1_0" slope="0.00"/>
        <vehicle id="42" x="230.46" y="598.35" angle="90.00" type="DEFAULT_VEHTYPE" speed="13.82" pos="25.71" lane="1/3to2/3_0" slope="0.00"/>
        <vehicle id="43" x="201.65" y="264.16" angle="180.00" type="DEFAULT_VEHTYPE" speed="12.64" pos="59.41" lane="1/1to1/2_0" slope="0.00"/>
        <vehicle id="44" x="401.65" y="6.87" angle="180.00" type="DEFAULT_VEHTYPE" speed="13.18" pos="6.87" lane="2/0to2/1_0" slope="0.00"/>
        <vehicle id="48" x="742.59" y="601.65" angle="-90.00" type="DEFAULT_VEHTYPE" speed="13.70" pos="57.41" lane="4/3to3/3_0" slope="0.00"/>
        <vehicle id="49" x="250.12" y="201.65" angle="-90.00" type="DEFAULT_VEHTYPE" speed="12.72" pos="145.13" lane="2/1to1/1_0" slope="0.00"/>
        <vehicle id="5" x="172.78" y="398.35" angle="90.00" type="DEFAULT_VEHTYPE" speed="12.71" pos="172.78" lane="0/2to1/2_0" slope="0.00"/>
        <vehicle id="6" x="66.49" y="398.35" angle="90.00" type="DEFAULT_VEHTYPE" speed="12.64" pos="66.49" lane="0/2to1/2_0" slope="0.00"/>
        <vehicle id="7" x="401.65" y="615.18" angle="180.00" type="DEFAULT_VEHTYPE" speed="8.69" pos="10.43" lane="2/3to2/4_0" slope="0.00"/>
        <vehicle id="8" x="618.26" y="201.65" angle="-90.00" type="DEFAULT_VEHTYPE" speed="9.01" pos="181.74" lane="4/1to3/1_0" slope="0.00"/>
        <vehicle id="9" x="223.31" y="401.65" angle="-90.00" type="DEFAULT_VEHTYPE" speed="10.60" pos="171.94" lane="2/2to1/2_0" slope="0.00"/>
    </timestep>
    <timestep time="212.00">
        <vehicle id="0" x="198.35" y="322.57" angle="0.00" type="DEFAULT_VEHTYPE" speed="12.78" pos="72.68" lane="1/2to1/1_0" slope="0.00"/>
        <vehicle id="10" x="757.22" y="601.65" angle="-90.00" type="DEFAULT_VEHTYPE" speed="12.82" pos="42.78" lane="4/3to3/3_0" slope="0.00"/>
        <vehicle id="11" x="385.01" y="401.65" angle="-90.00" type="DEFAULT_VEHTYPE" speed="12.93" pos="10.24" lane="2/2to1/2_0" slope="0.00"/>
        <vehicle id="15" x="398.35" y="386.37" angle="0.00" type="DEFAULT_VEHTYPE" speed="10.32" pos="8.88" lane="2/2to2/1_0" slope="0.00"/>
        <vehicle id="16" x="398.35" y="489.56" angle="0.00" type="DEFAULT_VEHTYPE" speed="13.57" pos="105.69" lane="2/3to2/2_0" slope="0.00"/>
        <vehicle id="17" x="398.35" y="622.26" angle="0.00" type="DEFAULT_VEHTYPE" speed="12.97" pos="177.74" lane="2/4to2/3_0" slope="0.00"/>
        <vehicle id="18" x="398.35" y="166.75" angle="0.00" type="DEFAULT_VEHTYPE" speed="12.97" pos="28.50" lane="2/1to2/0_0" slope="0.00"/>
        <vehicle id="2" x="399.26" y="198.35" angle="90.00" type="DEFAULT_VEHTYPE" speed="4.43" pos="4.01" lane=":2/1_13_0" slope="0.00"/>
        <vehicle id="24" x="342.65" y="598.35" angle="90.00" type="DEFAULT_VEHTYPE" speed="13.32" pos="137.90" lane="1/3to2/3_0" slope="0.00"/>
        <vehicle id="28" x="198.35" y="242.94" angle="0.00" type="DEFAULT_VEHTYPE" speed="13.58" pos="152.31" lane="1/2to1/1_0" slope="0.00"/>
        <vehicle id="29" x="518.18" y="401.65" angle="-90.00" type="DEFAULT_VEHTYPE" speed="12.74" pos="77.07" lane="3/2to2/2_0" slope="0.00"/>
        <vehicle id="3" x="198.35" y="380.54" angle="0.00" type="DEFAULT_VEHTYPE" speed="10.03" pos="14.71" lane="1/2to1/1_0" slope="0.00"/>
        <vehicle id="33" x="532.09" y="198.35" angle="90.00" type="DEFAULT_VEHTYPE" speed="13.11" pos="127.34" lane="2/1to3/1_0" slope="0.00"/>
        <vehicle id="37" x="201.65" y="242.20" angle="180.00" type="DEFAULT_VEHTYPE" speed="13.51" pos="37.45" lane="1/1to1/2_0" slope="0.00"/>
        <vehicle id="39" x="498.59" y="198.35" angle="90.00" type="DEFAULT_VEHTYPE" speed="13.81" pos="93.84" lane="2/1to3/1_0" slope="0.00"/>
        <vehicle id="40" x="132.27" y="201.65" angle="-90.00" type="DEFAULT_VEHTYPE" speed="13.85" pos="62.98" lane="1/1to0/1_0" slope="0.00"/>
        <vehicle id="42" x="243.25" y="598.35" angle="90.00" type="DEFAULT_VEHTYPE" speed="12.79" pos="38.50" lane="1/3to2/3_0" slope="0.00"/>
        <vehicle id="43" x="201.65" y="277.47" angle="180.00" type="DEFAULT_VEHTYPE" speed="13.32" pos="72.72" lane="1/1to1/2_0" slope="0.00"/>
        <vehicle id="44" x="401.65" y="19.60" angle="180.00" type="DEFAULT_VEHTYPE" speed="12.74" pos="19.60" lane="2/0to2/1_0" slope="0.00"/>
        <vehicle id="48" x="728.97" y="601.65" angle="-90.00" type="DEFAULT_VEHTYPE" speed="13.62" pos="71.03" lane="4/3to3/3_0" slope="0.00"/>
        <vehicle id="49" x="237.24" y="201.65" angle="-90.00" type="DEFAULT_VEHTYPE" speed="12.88" pos="158.01" lane="2/1to1/1_0" slope="0.00"/>
        <vehicle id="5" x="181.20" y="398.35" angle="90.00" type="DEFAULT_VEHTYPE" speed="8.41" pos="181.20" lane="0/2to1/2_0" slope="0.00"/>
        <vehicle id="6" x="79.73" y="398.35" angle="90.00" type="DEFAULT_VEHTYPE" speed="13.23" pos="79.73" lane="0/2to1/2_0" slope="0.00"/>
        <vehicle id="7" x="401.65" y="625.27" angle="180.00" type="DEFAULT_VEHTYPE" speed="10.09" pos="20.52" lane="2/3to2/4_0" slope="0.00"/>
        <vehicle id="8" x="612.93" y="201.65" angle="-90.00" type="DEFAULT_VEHTYPE" speed="5.32" pos="187.07" lane="4/1to3/1_0" slope="0.00"/>
        <vehicle id="9" x="215.21" y="401.65" angle="-90.00" type="DEFAULT_VEHTYPE" speed="8.10" pos="180.04" lane="2/2to1/2_0" slope="0.00"/>
    </timestep>
    <timestep time="213.00">
        <vehicle id="0" x="198.35" y="308.84" angle="0.00" type="DEFAULT_VEHTYPE" speed="13.74" pos="86.41" lane="1/2to1/1_0" slope="0.00"/>
        <vehicle id="10" x="744.03" y="601.65" angle="-90.00" type="DEFAULT_VEHTYPE" speed="13.20" pos="55.97" lane="4/3to3/3_0" slope="0.00"/>
        <vehicle id="11" x="371.19" y="401.65" angle="-90.00" type="DEFAULT_VEHTYPE" speed="13.82" pos="24.06" lane="2/2to1/2_0" slope="0.00"/>
        <vehicle id="15" x="398.35" y="373.45" angle="0.00" type="DEFAULT_VEHTYPE" speed="12.91" pos="21.80" lane="2/2to2/1_0" slope="0.00"/>
        <vehicle id="16" x="398.35" y="476.55" angle="0.00" type="DEFAULT_VEHTYPE" speed="13.00" pos="118.70" lane="2/3to2/2_0" slope="0.00"/>
        <vehicle id="17" x="398.35" y="609.20" angle="0.00" type="DEFAULT_VEHTYPE" speed="13.06" pos="190.80" lane="2/4to2/3_0" slope="0.00"/>
        <vehicle id="18" x="398.35" y="153.25" angle="0.00" type="DEFAULT_VEHTYPE" speed="13.50" pos="42.00" lane="2/1to2/0_0" slope="0.00"/>
        <vehicle id="2" x="405.26" y="198.35" angle="90.00" type="DEFAULT_VEHTYPE" speed="6.00" pos="0.51" lane="2/1to3/1_0" slope="0.00"/>
        <vehicle id="24" x="355.42" y="598.35" angle="90.00" type="DEFAULT_VEHTYPE" speed="12.77" pos="150.67" lane="1/3to2/3_0" slope="0.00"/>
        <vehicle id="28" x="198.35" y="230.00" angle="0.00" type="DEFAULT_VEHTYPE" speed="12.94" pos="165.25" lane="1/2to1/1_0" slope="0.00"/>
        <vehicle id="29" x="505.02" y="401.65" angle="-90.00" type="DEFAULT_VEHTYPE" speed="13.16" pos="90.23" lane="3/2to2/2_0" slope="0.00"/>
        <vehicle id="3" x="198.35" y="368.51" angle="0.00" type="DEFAULT_VEHTYPE" speed="12.04" pos="26.74" lane="1/2to1/1_0" slope="0.00"/>
        <vehicle id="33" x="545.56" y="198.35" angle="90.00" type="DEFAULT_VEHTYPE" speed="13.47" pos="140.81" lane="2/1to3/1_0" slope="0.00"/>
        <vehicle id="37" x="201.65" y="255.68" angle="180.00" type="DEFAULT_VEHTYPE" speed="13.48" pos="50.93" lane="1/1to1/2_0" slope="0.00"/>
        <vehicle id="39" x="511.89" y="198.35" angle="90.00" type="DEFAULT_VEHTYPE" speed="13.30" pos="107.14" lane="2/1to3/1_0" slope="0.00"/>
        <vehicle id="40" x="118.77" y="201.65" angle="-90.00" type="DEFAULT_VEHTYPE" speed="13.50" pos="76.48" lane="1/1to0/1_0" slope="0.00"/>
        <vehicle id="42" x="256.57" y="598.35" angle="90.00" type="DEFAULT_VEHTYPE" speed="13.32" pos="51.82" lane="1/3to2/3_0" slope="0.00"/>
        <vehicle id="43" x="201.65" y="290.13" angle="180.00" type="DEFAULT_VEHTYPE" speed="12.66" pos="85.38" lane="1/1to1/2_0" slope="0.00"/>
        <vehicle id="44" x="401.65" y="32.60" angle="180.00" type="DEFAULT_VEHTYPE" speed="13.00" pos="32.60" lane="2/0to2/1_0" slope="0.00"/>
        <vehicle id="48" x="715.19" y="601.65" angle="-90.00" type="DEFAULT_VEHTYPE" speed="13.78" pos="84.81" lane="4/3to3/3_0" slope="0.00"/>
        <vehicle id="49" x="225.35" y="201.65" angle="-90.00" type="DEFAULT_VEHTYPE" speed="11.89" pos="169.90" lane="2/1to1/1_0" slope="0.00"/>
        <vehicle id="5" x="187.03" y="398.35" angle="90.00" type="DEFAULT_VEHTYPE" speed="5.84" pos="187.03" lane="0/2to1/2_0" slope="0.00"/>
        <vehicle id="6" x="92.56" y="398.35" angle="90.00" type="DEFAULT_VEHTYPE" speed="12.83" pos="92.56" lane="0/2to1/2_0" slope="0.00"/>
        <vehicle id="7" x="401.65" y="637.27" angle="180.00" type="DEFAULT_VEHTYPE" speed="12.00" pos="32.52" lane="2/3to2/4_0" slope="0.00"/>
        <vehicle id="8" x="609.18" y="201.65" angle="-90.00" type="DEFAULT_VEHTYPE" speed="3.75" pos="190.82" lane="4/1to3/1_0" slope="0.00"/>
        <vehicle id="9" x="211.36" y="401.65" angle="-90.00" type="DEFAULT_VEHTYPE" speed="3.84" pos="183.89" lane="2/2to1/2_0" slope="0.00"/>
    </timestep>
    <timestep time="214.00">
        <vehicle id="0" x="198.35" y="296.12" angle="0.00" type="DEFAULT_VEHTYPE" speed="12.72" pos="99.13" lane="1/2to1/1_0" slope="0.00"/>
        <vehicle id="10" x="730.25" y="601.65" angle="-90.00" type="DEFAULT_VEHTYPE" speed="13.78" pos="69.75" lane="4/3to3/3_0" slope="0.00"/>
        <vehicle id="11" x="357.71" y="401.65" angle="-90.00" type="DEFAULT_VEHTYPE" speed="13.48" pos="37.54" lane="2/2to1/2_0" slope="0.00"/>
        <vehicle id="15" x="398.35" y="360.78" angle="0.00" type="DEFAULT_VEHTYPE" speed="12.67" pos="34.47" lane="2/2to2/1_0" slope="0.00"/>
        <vehicle id="16" x="398.35" y="463.23" angle="0.00" type="DEFAULT_VEHTYPE" speed="13.33" pos="132.02" lane="2/3to2/2_0" slope="0.00"/>
        <vehicle id="17" x="398.35" y="596.08" angle="0.00" type="DEFAULT_VEHTYPE" speed="13.12" pos="8.67" lane=":2/3_1_0" slope="0.00"/>
        <vehicle id="18" x="398.35" y="139.40" angle="0.00" type="DEFAULT_VEHTYPE" speed="13.85" pos="55.85" lane="2/1to2/0_0" slope="0.00"/>
        <vehicle id="2" x="413.85" y="198.35" angle="90.00" type="DEFAULT_VEHTYPE" speed="8.59" pos="9.10" lane="2/1to3/1_0" slope="0.00"/>
        <vehicle id="24" x="369.13" y="598.35" angle="90.00" type="DEFAULT_VEHTYPE" speed="13.71" pos="164.38" lane="1/3to2/3_0" slope="0.00"/>
        <vehicle id="28" x="198.35" y="216.34" angle="0.00" type="DEFAULT_VEHTYPE" speed="13.66" pos="178.91" lane="1/2to1/1_0" slope="0.00"/>
        <vehicle id="29" x="492.41" y="401.65" angle="-90.00" type="DEFAULT_VEHTYPE" speed="12.60" pos="102.84" lane="3/2to2/2_0" slope="0.00"/>
        <vehicle id="3" x="198.35" y="355.10" angle="0.00" type="DEFAULT_VEHTYPE" speed="13.41" pos="40.15" lane="1/2to1/1_0" slope="0.00"/>
        <vehicle id="33" x="558.68" y="198.35" angle="90.00" type="DEFAULT_VEHTYPE" speed="13.13" pos="153.93" lane="2/1to3/1_0" slope="0.00"/>
        <vehicle id="37" x="201.65" y="268.58" angle="180.00" type="DEFAULT_VEHTYPE" speed="12.90" pos="63.83" lane="1/1to1/2_0" slope="0.00"/>
        <vehicle id="39" x="525.29" y="198.35" angle="90.00" type="DEFAULT_VEHTYPE" speed="13.40" pos="120.54" lane="2/1to3/1_0" slope="0.00"/>
        <vehicle id="40" x="105.45" y="201.65" angle="-90.00" type="DEFAULT_VEHTYPE" speed="13.32" pos="89.80" lane="1/1to0/1_0" slope="0.00"/>
        <vehicle id="42" x="270.35" y="598.35" angle="90.00" type="DEFAULT_VEHTYPE" speed="13.78" pos="65.60" lane="1/3to2/3_0" slope="0.00"/>
        <vehicle id="43" x="201.65" y="303.23" angle="180.00" type="DEFAULT_VEHTYPE" speed="13.10" pos="98.48" lane="1/1to1/2_0" slope="0.00"/>
        <vehicle id="44" x="401.65" y="45.92" angle="180.00" type="DEFAULT_VEHTYPE" speed="13.31" pos="45.92" lane="2/0to2/1_0" slope="0.00"/>
        <vehicle id="48" x="701.96" y="601.65" angle="-90.00" type="DEFAULT_VEHTYPE" speed="13.23" pos="98.04" lane="4/3to3/3_0" slope="0.00"/>
        <vehicle id="49" x="217.53" y="201.65" angle="-90.00" type="DEFAULT_VEHTYPE" speed="7.82" pos="177.72" lane="2/1to1/1_0" slope="0.00"/>
        <vehicle id="5" x="190.85" y="398.35" angle="90.00" type="DEFAULT_VEHTYPE" speed="3.82" pos="190.85" lane="0/2to1/2_0" slope="0.00"/>
        <vehicle id="6" x="105.44" y="398.35" angle="90.00" type="DEFAULT_VEHTYPE" speed="12.88" pos="105.44" lane="0/2to1/2_0" slope="0.00"/>
        <vehicle id="7" x="401.65" y="650.08" angle="180.00" type="DEFAULT_VEHTYPE" speed="12.81" pos="45.33" lane="2/3to2/4_0" slope="0.00"/>
        <vehicle id="8" x="604.08" y="201.74" angle="-91.07" type="DEFAULT_VEHTYPE" speed="5.11" pos="0.68" lane=":3/1_4_0" slope="0.00"/>
        <vehicle id="9" x="205.51" y="401.65" angle="-90.00" type="DEFAULT_VEHTYPE" speed="5.86" pos="189.74" lane="2/2to1/2_0" slope="0.00"/>
    </timestep>
    <timestep time="215.00">
        <vehicle id="0" x="198.35" y="283.19" angle="0.00" type="DEFAULT_VEHTYPE" speed="12.93" pos="112.06" lane="1/2to1/1_0" slope="0.00"/>
        <vehicle id="10" x="717.35" y="601.65" angle="-90.00" type="DEFAULT_VEHTYPE" speed="12.90" pos="82.65" lane="4/3to3/3_0" slope="0.00"/>
        <vehicle id="11" x="344.00" y="401.65" angle="-90.00" type="DEFAULT_VEHTYPE" speed="13.70" pos="51.25" lane="2/2to1/2_0" slope="0.00"/>
        <vehicle id="15" x="398.35" y="347.12" angle="0.00" type="DEFAULT_VEHTYPE" speed="13.66" pos="48.13" lane="2/2to2/1_0" slope="0.00"/>
        <vehicle id="16" x="398.35" y="450.51" angle="0.00" type="DEFAULT_VEHTYPE" speed="12.72" pos="144.74" lane="2/3to2/2_0" slope="0.00"/>
        <vehicle id="17" x="398.35" y="582.42" angle="0.00" type="DEFAULT_VEHTYPE" speed="13.66" pos="12.83" lane="2/3to2/2_0" slope="0.00"/>
        <vehicle id="18" x="398.35" y="126.30" angle="0.00" type="DEFAULT_VEHTYPE" speed="13.10" pos="68.95" lane="2/1to2/0_0" slope="0.00"/>
        <vehicle id="2" x="424.60" y="198.35" angle="90.00" type="DEFAULT_VEHTYPE" speed="10.75" pos="19.85" lane="2/1to3/1_0" slope="0.00"/>
        <vehicle id="24" x="378.91" y="598.35" angle="90.00" type="DEFAULT_VEHTYPE" speed="9.78" pos="174.16" lane="1/3to2/3_0" slope="0.00"/>
        <vehicle id="28" x="198.08" y="203.27" angle="-3.05" type="DEFAULT_VEHTYPE" speed="13.11" pos="1.52" lane=":1/1_0_0" slope="0.00"/>
        <vehicle id="29" x="479.17" y="401.65" angle="-90.00" type="DEFAULT_VEHTYPE" speed="13.24" pos="116.08" lane="3/2to2/2_0" slope="0.00"/>
        <vehicle id="3" x="198.35" y="341.56" angle="0.00" type="DEFAULT_VEHTYPE" speed="13.53" pos="53.69" lane="1/2to1/1_0" slope="0.00"/>
        <vehicle id="33" x="571.55" y="198.35" angle="90.00" type="DEFAULT_VEHTYPE" speed="12.87" pos="166.80" lane="2/1to3/1_0" slope="0.00"/>
        <vehicle id="37" x="201.65" y="281.70" angle="180.00" type="DEFAULT_VEHTYPE" speed="13.13" pos="76.95" lane="1/1to1/2_0" slope="0.00"/>
        <vehicle id="39" x="538.63" y="198.35" angle="90.00" type="DEFAULT_VEHTYPE" speed="13.34" pos="133.88" lane="2/1to3/1_0" slope="0.00"/>
        <vehicle id="40" x="92.77" y="201.65" angle="-90.00" type="DEFAULT_VEHTYPE" speed="12.68" pos="102.48" lane="1/1to0/1_0" slope="0.00"/>
        <vehicle id="42" x="283.71" y="598.35" angle="90.00" type="DEFAULT_VEHTYPE" speed="13.36" pos="78.96" lane="1/3to2/3_0" slope="0.00"/>
        <vehicle id="43" x="201.65" y="316.13" angle="180.00" type="DEFAULT_VEHTYPE" speed="12.89" pos="111.38" lane="1/1to1/2_0" slope="0.00"/>
        <vehicle id="44" x="401.65" y="59.44" angle="180.00" type="DEFAULT_VEHTYPE" speed="13.52" pos="59.44" lane="2/0to2/1_0" slope="0.00"/>
        <vehicle id="48" x="688.19" y="601.65" angle="-90.00" type="DEFAULT_VEHTYPE" speed="13.77" pos="111.81" lane="4/3to3/3_0" slope="0.00"/>
        <vehicle id="49" x="212.07" y="201.65" angle="-90.00" type="DEFAULT_VEHTYPE" speed="5.45" pos="183.18" lane="2/1to1/1_0" slope="0.00"/>
        <vehicle id="5" x="196.58" y="398.54" angle="92.19" type="DEFAULT_VEHTYPE" speed="5.74" pos="1.35" lane=":1/2_14_0" slope="0.00"/>
        <vehicle id="6" x="118.50" y="398.35" angle="90.00" type="DEFAULT_VEHTYPE" speed="13.06" pos="118.50" lane="0/2to1/2_0" slope="0.00"/>
        <vehicle id="7" x="401.65" y="663.45" angle="180.00" type="DEFAULT_VEHTYPE" speed="13.37" pos="58.70" lane="2/3to2/4_0" slope="0.00"/>
        <vehicle id="8" x="601.65" y="206.92" angle="-167.17" type="DEFAULT_VEHTYPE" speed="6.49" pos="2.17" lane="3/1to3/2_0" slope="0.00"/>
        <vehicle id="9" x="198.87" y="398.26" angle="-49.89" type="DEFAULT_VEHTYPE" speed="8.01" pos="7.25" lane=":1/2_6_0" slope="0.00"/>
    </timestep>
    <timestep time="216.00">
        <vehicle id="0" x="198.35" y="270.35" angle="0.00" type="DEFAULT_VEHTYPE" speed="12.84" pos="124.90" lane="1/2to1/1_0" slope="0.00"/>
        <vehicle id="10" x="704.39" y="601.65" angle="-90.00" type="DEFAULT_VEHTYPE" speed="12.96" pos="95.61" lane="4/3to3/3_0" slope="0.00"/>
        <vehicle id="11" x="330.35" y="401.65" angle="-90.00" type="DEFAULT_VEHTYPE" speed="13.65" pos="64.90" lane="2/2to1/2_0" slope="0.00"/>
        <vehicle id="15" x="398.35" y="333.89" angle="0.00" type="DEFAULT_VEHTYPE" speed="13.23" pos="61.36" lane="2/2to2/1_0" slope="0.00"/>
        <vehicle id="16" x="398.35" y="437.48" angle="0.00" type="DEFAULT_VEHTYPE" speed="13.03" pos="157.77" lane="2/3to2/2_0" slope="0.00"/>
        <vehicle id="17" x="398.35" y="569.28" angle="0.00" type="DEFAULT_VEHTYPE" speed="13.14" pos="25.97" lane="2/3to2/2_0" slope="0.00"/>
        <vehicle id="18" x="398.35" y="113.49" angle="0.00" type="DEFAULT_VEHTYPE" speed="12.81" pos="81.76" lane="2/1to2/0_0" slope="0.00"/>
        <vehicle id="2" x="436.76" y="198.35" angle="90.00" type="DEFAULT_VEHTYPE" speed="12.16" pos="32.01" lane="2/1to3/1_0" slope="0.00"/>
        <vehicle id="24" x="385.67" y="598.35" angle="90.00" type="DEFAULT_VEHTYPE" speed="6.76" pos="180.92" lane="1/3to2/3_0" slope="0.00"/>
        <vehicle id="28" x="185.36" y="201.65" angle="-90.00" type="DEFAULT_VEHTYPE" speed="13.37" pos="9.89" lane="1/1to0/1_0" slope="0.00"/>
        <vehicle id="29" x="465.61" y="401.65" angle="-90.00" type="DEFAULT_VEHTYPE" speed="13.57" pos="129.64" lane="3/2to2/2_0" slope="0.00"/>
        <vehicle id="3" x="198.35" y="328.43" angle="0.00" type="DEFAULT_VEHTYPE" speed="13.13" pos="66.82" lane="1/2to1/1_0" slope="0.00"/>
        <vehicle id="33" x="581.46" y="198.35" angle="90.00" type="DEFAULT_VEHTYPE" speed="9.91" pos="176.71" lane="2/1to3/1_0" slope="0.00"/>
        <vehicle id="37" x="201.65" y="294.74" angle="180.00" type="DEFAULT_VEHTYPE" speed="13.04" pos="89.99" lane="1/1to1/2_0" slope="0.00"/>
        <vehicle id="39" x="551.68" y="198.35" angle="90.00" type="DEFAULT_VEHTYPE" speed="13.05" pos="146.93" lane="2/1to3/1_0" slope="0.00"/>
        <vehicle id="40" x="79.36" y="201.65" angle="-90.00" type="DEFAULT_VEHTYPE" speed="13.41" pos="115.89" lane="1/1to0/1_0" slope="0.00"/>
        <vehicle id="42" x="296.75" y="598.35" angle="90.00" type="DEFAULT_VEHTYPE" speed="13.04" pos="92.00" lane="1/3to2/3_0" slope="0.00"/>
        <vehicle id="43" x="201.65" y="328.80" angle="180.00" type="DEFAULT_VEHTYPE" speed="12.67" pos="124.05" lane="1/1to1/2_0" slope="0.00"/>
        <vehicle id="44" x="401.65" y="72.97" angle="180.00" type="DEFAULT_VEHTYPE" speed="13.53" pos="72.97" lane="2/0to2/1_0" slope="0.00"/>
        <vehicle id="48" x="675.27" y="601.65" angle="-90.00" type="DEFAULT_VEHTYPE" speed="12.92" pos="124.73" lane="4/3to3/3_0" slope="0.00"/>
        <vehicle id="49" x="208.92" y="201.65" angle="-90.00" type="DEFAULT_VEHTYPE" speed="3.15" pos="186.33" lane="2/1to1/1_0" slope="0.00"/>
        <vehicle id="5" x="201.53" y="403.88" angle="154.07" type="DEFAULT_VEHTYPE" speed="8.10" pos="9.44" lane=":1/2_14_0" slope="0.00"/>
        <vehicle id="6" x="131.75" y="398.35" angle="90.00" type="DEFAULT_VEHTYPE" speed="13.26" pos="131.75" lane="0/2to1/2_0" slope="0.00"/>
        <vehicle id="7" x="401.65" y="677.29" angle="180.00" type="DEFAULT_VEHTYPE" speed="13.84" pos="72.54" lane="2/3to2/4_0" slope="0.00"/>
        <vehicle id="8" x="601.65" y="215.04" angle="180.00" type="DEFAULT_VEHTYPE" speed="8.13" pos="10.29" lane="3/1to3/2_0" slope="0.00"/>
        <vehicle id="9" x="198.35" y="387.79" angle="0.00" type="DEFAULT_VEHTYPE" speed="10.53" pos="7.46" lane="1/2to1/1_0" slope="0.00"/>
    </timestep>
    <timestep time="217.00">
        <vehicle id="0" x="198.35" y="257.71" angle="0.00" type="DEFAULT_VEHTYPE" speed="12.63" pos="137.54" lane="1/2to1/1_0" slope="0.00"/>
        <vehicle id="10" x="691.17" y="601.65" angle="-90.00" type="DEFAULT_VEHTYPE" speed="13.22" pos="108.83" lane="4/3to3/3_0" slope="0.00"/>
        <vehicle id="11" x="317.64" y="401.65" angle="-90.00" type="DEFAULT_VEHTYPE" speed="12.72" pos="77.61" lane="2/2to1/2_0" slope="0.00"/>
        <vehicle id="15" x="398.35" y="320.66" angle="0.00" type="DEFAULT_VEHTYPE" speed="13.23" pos="74.59" lane="2/2to2/1_0" slope="0.00"/>
        <vehicle id="16" x="398.35" y="424.43" angle="0.00" type="DEFAULT_VEHTYPE" speed="13.04" pos="170.82" lane="2/3to2/2_0" slope="0.00"/>
        <vehicle id="17" x="398.35" y="555.46" angle="0.00" type="DEFAULT_VEHTYPE" speed="13.83" pos="39.79" lane="2/3to2/2_0" slope="0.00"/>
        <vehicle id="18" x="398.35" y="100.23" angle="0.00" type="DEFAULT_VEHTYPE" speed="13.25" pos="95.02" lane="2/1to2/0_0" slope="0.00"/>
        <vehicle id="2" x="450.03" y="198.35" angle="90.00" type="DEFAULT_VEHTYPE" speed="13.27" pos="45.28" lane="2/1to3/1_0" slope="0.00"/>
        <vehicle id="24" x="389.55" y="598.35" angle="90.00" type="DEFAULT_VEHTYPE" speed="3.88" pos="184.80" lane="1/3to2/3_0" slope="0.00"/>
        <vehicle id="28" x="171.84" y="201.65" angle="-90.00" type="DEFAULT_VEHTYPE" speed="13.53" pos="23.41" lane="1/1to0/1_0" slope="0.00"/>
        <vehicle id="29" x="452.89" y="401.65" angle="-90.00" type="DEFAULT_VEHTYPE" speed="12.71" pos="142.36" lane="3/2to2/2_0" slope="0.00"/>
        <vehicle id="3" x="198.35" y="315.04" angle="0.00" type="DEFAULT_VEHTYPE" speed="13.38" pos="80.21" lane="1/2to1/1_0" slope="0.00"/>
        <vehicle id="33" x="587.71" y="198.35" angle="90.00" type="DEFAULT_VEHTYPE" speed="6.24" pos="182.96" lane="2/1to3/1_0" slope="0.00"/>
        <vehicle id="37" x="201.65" y="307.52" angle="180.00" type="DEFAULT_VEHTYPE" speed="12.77" pos="102.77" lane="1/1to1/2_0" slope="0.00"/>
        <vehicle id="39" x="564.77" y="198.35" angle="90.00" type="DEFAULT_VEHTYPE" speed="13.09" pos="160.02" lane="2/1to3/1_0" slope="0.00"/>
        <vehicle id="40" x="66.40" y="201.65" angle="-90.00" type="DEFAULT_VEHTYPE" speed="12.96" pos="128.85" lane="1/1to0/1_0" slope="0.00"/>
        <vehicle id="42" x="310.11" y="598.35" angle="90.00" type="DEFAULT_VEHTYPE" speed="13.36" pos="105.36" lane="1/3to2/3_0" slope="0.00"/>
        <vehicle id="43" x="201.65" y="342.60" angle="180.00" type="DEFAULT_VEHTYPE" speed="13.80" pos="137.85" lane="1/1to1/2_0" slope="0.00"/>
        <vehicle id="44" x="401.65" y="86.81" angle="180.00" type="DEFAULT_VEHTYPE" speed="13.85" pos="86.81" lane="2/0to2/1_0" slope="0.00"/>
        <vehicle id="48" x="661.71" y="601.65" angle="-90.00" type="DEFAULT_VEHTYPE" speed="13.56" pos="138.29" lane="4/3to3/3_0" slope="0.00"/>
        <vehicle id="49" x="204.46" y="201.69" angle="-90.46" type="DEFAULT_VEHTYPE" speed="4.46" pos="0.29" lane=":1/1_4_0" slope="0.00"/>
        <vehicle id="5" x="201.65" y="414.44" angle="180.00" type="DEFAULT_VEHTYPE" speed="10.57" pos="9.69" lane="1/2to1/3_0" slope="0.00"/>
        <vehicle id="6" x="145.10" y="398.35" angle="90.00" type="DEFAULT_VEHTYPE" speed="13.34" pos="145.10" lane="0/2to1/2_0" slope="0.00"/>
        <vehicle id="7" x="401.65" y="690.01" angle="180.00" type="DEFAULT_VEHTYPE" speed="12.71" pos="85.26" lane="2/3to2/4_0" slope="0.00"/>
        <vehicle id="8" x="601.65" y="225.77" angle="180.00" type="DEFAULT_VEHTYPE" speed="10.72" pos="21.02" lane="3/1to3/2_0" slope="0.00"/>
        <vehicle id="9" x="198.35" y="374.99" angle="0.00" type="DEFAULT_VEHTYPE" speed="12.80" pos="20.26" lane="1/2to1/1_0" slope="0.00"/>
    </timestep>
    <timestep time="218.00">
        <vehicle id="0" x="198.35" y="243.96" angle="0.00" type="DEFAULT_VEHTYPE" speed="13.75" pos="151.29" lane="1/2to1/1_0" slope="0.00"/>
        <vehicle id="10" x="677.53" y="601.65" angle="-90.00" type="DEFAULT_VEHTYPE" speed="13.64" pos="122.47" lane="4/3to3/3_0" slope="0.00"/>
        <vehicle id="11" x="304.41" y="401.65" angle="-90.00" type="DEFAULT_VEHTYPE" speed="13.22" pos="90.84" lane="2/2to1/2_0" slope="0.00"/>
        <vehicle id="15" x="398.35" y="307.07" angle="0.00" type="DEFAULT_VEHTYPE" speed="13.59" pos="88.18" lane="2/2to2/1_0" slope="0.00"/>
        <vehicle id="16" x="398.35" y="411.52" angle="0.00" type="DEFAULT_VEHTYPE" speed="12.91" pos="183.73" lane="2/3to2/2_0" slope="0.00"/>
        <vehicle id="17" x="398.35" y="541.72" angle="0.00" type="DEFAULT_VEHTYPE" speed="13.74" pos="53.53" lane="2/3to2/2_0" slope="0.00"/>
        <vehicle id="18" x="398.35" y="87.32" angle="0.00" type="DEFAULT_VEHTYPE" speed="12.91" pos="107.93" lane="2/1to2/0_0" slope="0.00"/>
        <vehicle id="2" x="462.69" y="198.35" angle="90.00" type="DEFAULT_VEHTYPE" speed="12.66" pos="57.94" lane="2/1to3/1_0" slope="0.00"/>
        <vehicle id="24" x="395.35" y="598.36" angle="90.17" type="DEFAULT_VEHTYPE" speed="5.81" pos="0.10" lane=":2/3_14_0" slope="0.00"/>
        <vehicle id="28" x="158.93" y="201.65" angle="-90.00" type="DEFAULT_VEHTYPE" speed="12.90" pos="36.32" lane="1/1to0/1_0" slope="0.00"/>
        <vehicle id="29" x="439.21" y="401.65" angle="-90.00" type="DEFAULT_VEHTYPE" speed="13.69" pos="156.04" lane="3/2to2/2_0" slope="0.00"/>
        <vehicle id="3" x="198.35" y="301.38" angle="0.00" type="DEFAULT_VEHTYPE" speed="13.66" pos="93.87" lane="1/2to1/1_0" slope="0.00"/>
        <vehicle id="33" x="590.40" y="198.35" angle="90.00" type="DEFAULT_VEHTYPE" speed="2.69" pos="185.65" lane="2/1to3/1_0" slope="0.00"/>
        <vehicle id="37" x="201.65" y="321.36" angle="180.00" type="DEFAULT_VEHTYPE" speed="13.85" pos="116.61" lane="1/1to1/2_0" slope="0.00"/>
        <vehicle id="39" x="574.34" y="198.35" angle="90.00" type="DEFAULT_VEHTYPE" speed="9.57" pos="169.59" lane="2/1to3/1_0" slope="0.00"/>
        <vehicle id="40" x="53.59" y="201.65" angle="-90.00" type="DEFAULT_VEHTYPE" speed="12.80" pos="141.66" lane="1/1to0/1_0" slope="0.00"/>
        <vehicle id="42" x="323.15" y="598.35" angle="90.00" type="DEFAULT_VEHTYPE" speed="13.04" pos="118.40" lane="1/3to2/3_0" slope="0.00"/>
        <vehicle id="43" x="201.65" y="356.38" angle="180.00" type="DEFAULT_VEHTYPE" speed="13.79" pos="151.63" lane="1/1to1/2_0" slope="0.00"/>
        <vehicle id="44" x="401.65" y="100.00" angle="180.00" type="DEFAULT_VEHTYPE" speed="13.19" pos="100.00" lane="2/0to2/1_0" slope="0.00"/>
        <vehicle id="48" x="648.24" y="601.65" angle="-90.00" type="DEFAULT_VEHTYPE" speed="13.48" pos="151.76" lane="4/3to3/3_0" slope="0.00"/>
        <vehicle id="49" x="201.65" y="206.47" angle="-162.08" type="DEFAULT_VEHTYPE" speed="6.43" pos="1.72" lane="1/1to1/2_0" slope="0.00"/>
        <vehicle id="5" x="201.65" y="426.85" angle="180.00" type="DEFAULT_VEHTYPE" speed="12.41" pos="22.10" lane="1/2to1/3_0" slope="0.00"/>
        <vehicle id="6" x="158.75" y="398.35" angle="90.00" type="DEFAULT_VEHTYPE" speed="13.66" pos="158.75" lane="0/2to1/2_0" slope="0.00"/>
        <vehicle id="7" x="401.65" y="702.87" angle="180.00" type="DEFAULT_VEHTYPE" speed="12.87" pos="98.12" lane="2/3to2/4_0" slope="0.00"/>
        <vehicle id="8" x="601.65" y="238.05" angle="180.00" type="DEFAULT_VEHTYPE" speed="12.28" pos="33.30" lane="3/1to3/2_0" slope="0.00"/>
        <vehicle id="9" x="198.35" y="361.98" angle="0.00" type="DEFAULT_VEHTYPE" speed="13.02" pos="33.27" lane="1/2to1/1_0" slope="0.00"/>
    </timestep>
    <timestep time="219.00">
        <vehicle id="0" x="198.35" y="231.33" angle="0.00" type="DEFAULT_VEHTYPE" speed="12.63" pos="163.92" lane="1/2to1/1_0" slope="0.00"/>
        <vehicle id="10" x="664.62" y="601.65" angle="-90.00" type="DEFAULT_VEHTYPE" speed="12.91" pos="135.38" lane="4/3to3/3_0" slope="0.00"/>
        <vehicle id="11" x="290.58" y="401.65" angle="-90.00" type="DEFAULT_VEHTYPE" speed="13.83" pos="104.67" lane="2/2to1/2_0" slope="0.00"/>
        <vehicle id="15" x="398.35" y="293.88" angle="0.00" type="DEFAULT_VEHTYPE" speed="13.18" pos="101.37" lane="2/2to2/1_0" slope="0.00"/>
        <vehicle id="16" x="398.35" y="398.63" angle="0.00" type="DEFAULT_VEHTYPE" speed="12.90" pos="6.12" lane=":2/2_1_0" slope="0.00"/>
        <vehicle id="17" x="398.35" y="528.55" angle="0.00" type="DEFAULT_VEHTYPE" speed="13.17" pos="66.70" lane="2/3to2/2_0" slope="0.00"/>
        <vehicle id="18" x="398.35" y="74.13" angle="0.00" type="DEFAULT_VEHTYPE" speed="13.19" pos="121.12" lane="2/1to2/0_0" slope="0.00"/>
        <vehicle id="2" x="475.65" y="198.35" angle="90.00" type="DEFAULT_VEHTYPE" speed="12.96" pos="70.90" lane="2/1to3/1_0" slope="0.00"/>
        <vehicle id="24" x="401.34" y="602.59" angle="140.55" type="DEFAULT_VEHTYPE" speed="8.03" pos="8.14" lane=":2/3_14_0" slope="0.00"/>
        <vehicle id="28" x="146.31" y="201.65" angle="-90.00" type="DEFAULT_VEHTYPE" speed="12.63" pos="48.94" lane="1/1to0/1_0" slope="0.00"/>
        <vehicle id="29" x="426.94" y="401.65" angle="-90.00" type="DEFAULT_VEHTYPE" speed="12.27" pos="168.31" lane="3/2to2/2_0" slope="0.00"/>
        <vehicle id="3" x="198.35" y="288.70" angle="0.00" type="DEFAULT_VEHTYPE" speed="12.68" pos="106.55" lane="1/2to1/1_0" slope="0.00"/>
        <vehicle id="33" x="594.75" y="198.35" angle="90.00" type="DEFAULT_VEHTYPE" speed="4.35" pos="190.00" lane="2/1to3/1_0" slope="0.00"/>
        <vehicle id="37" x="201.65" y="334.99" angle="180.00" type="DEFAULT_VEHTYPE" speed="13.63" pos="130.24" lane="1/1to1/2_0" slope="0.00"/>
        <vehicle id="39" x="579.41" y="198.35" angle="90.00" type="DEFAULT_VEHTYPE" speed="5.07" pos="174.66" lane="2/1to3/1_0" slope="0.00"/>
        <vehicle id="40" x="40.10" y="201.65" angle="-90.00" type="DEFAULT_VEHTYPE" speed="13.49" pos="155.15" lane="1/1to0/1_0" slope="0.00"/>
        <vehicle id="42" x="336.20" y="598.35" angle="90.00" type="DEFAULT_VEHTYPE" speed="13.04" pos="131.45" lane="1/3to2/3_0" slope="0.00"/>
        <vehicle id="43" x="201.65" y="369.62" angle="180.00" type="DEFAULT_VEHTYPE" speed="13.24" pos="164.87" lane="1/1to1/2_0" slope="0.00"/>
        <vehicle id="44" x="401.65" y="113.16" angle="180.00" type="DEFAULT_VEHTYPE" speed="13.16" pos="113.16" lane="2/0to2/1_0" slope="0.00"/>
        <vehicle id="48" x="635.40" y="601.65" angle="-90.00" type="DEFAULT_VEHTYPE" speed="12.84" pos="164.60" lane="4/3to3/3_0" slope="0.00"/>
        <vehicle id="49" x="201.65" y="214.69" angle="180.00" type="DEFAULT_VEHTYPE" speed="8.21" pos="9.94" lane="1/1to1/2_0" slope="0.00"/>
        <vehicle id="5" x="201.65" y="440.72" angle="180.00" type="DEFAULT_VEHTYPE" speed="13.87" pos="35.97" lane="1/2to1/3_0" slope="0.00"/>
        <vehicle id="6" x="171.09" y="398.35" angle="90.00" type="DEFAULT_VEHTYPE" speed="12.34" pos="171.09" lane="0/2to1/2_0" slope="0.00"/>
        <vehicle id="7" x="401.65" y="716.53" angle="180.00" type="DEFAULT_VEHTYPE" speed="13.66" pos="111.78" lane="2/3to2/4_0" slope="0.00"/>
        <vehicle id="8" x="601.65" y="251.20" angle="180.00" type="DEFAULT_VEHTYPE" speed="13.16" pos="46.45" lane="3/1to3/2_0" slope="0.00"/>
        <vehicle id="9" x="198.35" y="349.37" angle="0.00" type="DEFAULT_VEHTYPE" speed="12.61" pos="45.88" lane="1/2to1/1_0" slope="0.00"/>
    </timestep>
    <timestep time="220.00">
        <vehicle id="0" x="198.35" y="218.55" angle="0.00" type="DEFAULT_VEHTYPE" speed="12.78" pos="176.70" lane="1/2to1/1_0" slope="0.00"/>
        <vehicle id="10" x="650.99" y="601.65" angle="-90.00" type="DEFAULT_VEHTYPE" speed="13.63" pos="149.01" lane="4/3to3/3_0" slope="0.00"/>
        <vehicle id="11" x="276.95" y="401.65" angle="-90.00" type="DEFAULT_VEHTYPE" speed="13.64" pos="118.30" lane="2/2to1/2_0" slope="0.00"/>
        <vehicle id="15" x="398.35" y="280.33" angle="0.00" type="DEFAULT_VEHTYPE" speed="13.56" pos="114.92" lane="2/2to2/1_0" slope="0.00"/>
        <vehicle id="16" x="398.35" y="385.53" angle="0.00" type="DEFAULT_VEHTYPE" speed="13.09" pos="9.72" lane="2/2to2/1_0" slope="0.00"/>
        <vehicle id="17" x="398.35" y="515.52" angle="0.00" type="DEFAULT_VEHTYPE" speed="13.03" pos="79.73" lane="2/3to2/2_0" slope="0.00"/>
        <vehicle id="18" x="398.35" y="61.15" angle="0.00" type="DEFAULT_VEHTYPE" speed="12.99" pos="134.10" lane="2/1to2/0_0" slope="0.00"/>
        <vehicle id="2" x="488.63" y="198.35" angle="90.00" type="DEFAULT_VEHTYPE" speed="12.98" pos="83.88" lane="2/1to3/1_0" slope="0.00"/>
        <vehicle id="24" x="401.65" y="612.89" angle="180.00" type="DEFAULT_VEHTYPE" speed="10.33" pos="8.14" lane="2/3to2/4_0" slope="0.00"/>
        <vehicle id="28" x="132.71" y="201.65" angle="-90.00" type="DEFAULT_VEHTYPE" speed="13.60" pos="62.54" lane="1/1to0/1_0" slope="0.00"/>
        <vehicle id="29" x="418.12" y="401.65" angle="-90.00" type="DEFAULT_VEHTYPE" speed="8.82" pos="177.13" lane="3/2to2/2_0" slope="0.00"/>
        <vehicle id="3" x="198.35" y="275.12" angle="0.00" type="DEFAULT_VEHTYPE" speed="13.58" pos="120.13" lane="1/2to1/1_0" slope="0.00"/>
        <vehicle id="33" x="600.21" y="200.21" angle="111.76" type="DEFAULT_VEHTYPE" speed="5.96" pos="5.46" lane=":3/1_14_0" slope="0.00"/>
        <vehicle id="37" x="201.65" y="348.53" angle="180.00" type="DEFAULT_VEHTYPE" speed="13.54" pos="143.78" lane="1/1to1/2_0" slope="0.00"/>
        <vehicle id="39" x="583.18" y="198.35" angle="90.00" type="DEFAULT_VEHTYPE" speed="3.78" pos="178.43" lane="2/1to3/1_0" slope="0.00"/>
        <vehicle id="40" x="26.75" y="201.65" angle="-90.00" type="DEFAULT_VEHTYPE" speed="13.35" pos="168.50" lane="1/1to0/1_0" slope="0.00"/>
        <vehicle id="42" x="349.36" y="598.35" angle="90.00" type="DEFAULT_VEHTYPE" speed="13.17" pos="144.61" lane="1/3to2/3_0" slope="0.00"/>
        <vehicle id="43" x="201.65" y="382.35" angle="180.00" type="DEFAULT_VEHTYPE" speed="12.73" pos="177.60" lane="1/1to1/2_0" slope="0.00"/>
        <vehicle id="44" x="401.65" y="126.96" angle="180.00" type="DEFAULT_VEHTYPE" speed="13.80" pos="126.96" lane="2/0to2/1_0" slope="0.00"/>
        <vehicle id="48" x="624.10" y="601.65" angle="-90.00" type="DEFAULT_VEHTYPE" speed="11.30" pos="175.90" lane="4/3to3/3_0" slope="0.00"/>
        <vehicle id="49" x="201.65" y="224.97" angle="180.00" type="DEFAULT_VEHTYPE" speed="10.28" pos="20.22" lane="1/1to1/2_0" slope="0.00"/>
        <vehicle id="5" x="201.65" y="453.47" angle="180.00" type="DEFAULT_VEHTYPE" speed="12.76" pos="48.72" lane="1/2to1/3_0" slope="0.00"/>
        <vehicle id="6" x="180.38" y="398.35" angle="90.00" type="DEFAULT_VEHTYPE" speed="9.29" pos="180.38" lane="0/2to1/2_0" slope="0.00"/>
        <vehicle id="7" x="401.65" y="730.37" angle="180.00" type="DEFAULT_VEHTYPE" speed="13.84" pos="125.62" lane="2/3to2/4_0" slope="0.00"/>
        <vehicle id="8" x="601.65" y="264.98" angle="180.00" type="DEFAULT_VEHTYPE" speed="13.78" pos="60.23" lane="3/1to3/2_0" slope="0.00"/>
        <vehicle id="9" x="198.35" y="335.55" angle="0.00" type="DEFAULT_VEHTYPE" speed="13.82" pos="59.70" lane="1/2to1/1_0" slope="0.00"/>
    </timestep>
    <timestep time="221.00">
        <vehicle id="0" x="198.35" y="205.08" angle="0.00" type="DEFAULT_VEHTYPE" speed="13.47" pos="190.17" lane="1/2to1/1_0" slope="0.00"/>
        <vehicle id="10" x="638.27" y="601.65" angle="-90.00" type="DEFAULT_VEHTYPE" speed="12.72" pos="161.73" lane="4/3to3/3_0" slope="0.00"/>
        <vehicle id="11" x="263.43" y="401.65" angle="-90.00" type="DEFAULT_VEHTYPE" speed="13.52" pos="131.82" lane="2/2to1/2_0" slope="0.00"/>
        <vehicle id="15" x="398.35" y="267.57" angle="0.00" type="DEFAULT_VEHTYPE" speed="12.75" pos="127.68" lane="2/2to2/1_0" slope="0.00"/>
        <vehicle id="16" x="398.35" y="372.37" angle="0.00" type="DEFAULT_VEHTYPE" speed="13.16" pos="22.88" lane="2/2to2/1_0" slope="0.00"/>
        <vehicle id="17" x="398.35" y="501.69" angle="0.00" type="DEFAULT_VEHTYPE" speed="13.82" pos="93.56" lane="2/3to2/2_0" slope="0.00"/>
        <vehicle id="18" x="398.35" y="47.52" angle="0.00" type="DEFAULT_VEHTYPE" speed="13.62" pos="147.73" lane="2/1to2/0_0" slope="0.00"/>
        <vehicle id="2" x="501.76" y="198.35" angle="90.00" type="DEFAULT_VEHTYPE" speed="13.13" pos="97.01" lane="2/1to3/1_0" slope="0.00"/>
        <vehicle id="24" x="401.65" y="625.55" angle="180.00" type="DEFAULT_VEHTYPE" speed="12.66" pos="20.80" lane="2/3to2/4_0" slope="0.00"/>
        <vehicle id="28" x="119.25" y="201.65" angle="-90.00" type="DEFAULT_VEHTYPE" speed="13.46" pos="76.00" lane="1/1to0/1_0" slope="0.00"/>
        <vehicle id="29" x="411.98" y="401.65" angle="-90.00" type="DEFAULT_VEHTYPE" speed="6.14" pos="183.27" lane="3/2to2/2_0" slope="0.00"/>
        <vehicle id="3" x="198.35" y="261.50" angle="0.00" type="DEFAULT_VEHTYPE" speed="13.62" pos="133.75" lane="1/2to1/1_0" slope="0.00"/>
        <vehicle id="33" x="601.65" y="207.30" angle="176.01" type="DEFAULT_VEHTYPE" speed="7.40" pos="2.55" lane="3/1to3/2_0" slope="0.00"/>
        <vehicle id="37" x="201.65" y="361.56" angle="180.00" type="DEFAULT_VEHTYPE" speed="13.03" pos="156.81" lane="1/1to1/2_0" slope="0.00"/>
        <vehicle id="39" x="587.80" y="198.35" angle="90.00" type="DEFAULT_VEHTYPE" speed="4.61" pos="183.05" lane="2/1to3/1_0" slope="0.00"/>
        <vehicle id="40" x="12.88" y="201.65" angle="-90.00" type="DEFAULT_VEHTYPE" speed="13.86" pos="182.37" lane="1/1to0/1_0" slope="0.00"/>
        <vehicle id="42" x="362.25" y="598.35" angle="90.00" type="DEFAULT_VEHTYPE" speed="12.89" pos="157.50" lane="1/3to2/3_0" slope="0.00"/>
        <vehicle id="43" x="201.65" y="396.14" angle="180.00" type="DEFAULT_VEHTYPE" speed="13.78" pos="0.89" lane=":1/2_9_0" slope="0.00"/>
        <vehicle id="44" x="401.65" y="140.11" angle="180.00" type="DEFAULT_VEHTYPE" speed="13.15" pos="140.11" lane="2/0to2/1_0" slope="0.00"/>
        <vehicle id="48" x="616.32" y="601.65" angle="-90.00" type="DEFAULT_VEHTYPE" speed="7.78" pos="183.68" lane="4/3to3/3_0" slope="0.00"/>
        <vehicle id="49" x="201.65" y="236.85" angle="180.00" type="DEFAULT_VEHTYPE" speed="11.88" pos="32.10" lane="1/1to1/2_0" slope="0.00"/>
        <vehicle id="5" x="201.65" y="466.96" angle="180.00" type="DEFAULT_VEHTYPE" speed="13.49" pos="62.21" lane="1/2to1/3_0" slope="0.00"/>
        <vehicle id="6" x="186.10" y="398.35" angle="90.00" type="DEFAULT_VEHTYPE" speed="5.72" pos="186.10" lane="0/2to1/2_0" slope="0.00"/>
        <vehicle id="7" x="401.65" y="743.97" angle="180.00" type="DEFAULT_VEHTYPE" speed="13.60" pos="139.22" lane="2/3to2/4_0" slope="0.00"/>
        <vehicle id="8" x="601.65" y="278.74" angle="180.00" type="DEFAULT_VEHTYPE" speed="13.76" pos="73.99" lane="3/1to3/2_0" slope="0.00"/>
        <vehicle id="9" x="198.35" y="322.49" angle="0.00" type="DEFAULT_VEHTYPE" speed="13.06" pos="72.76" lane="1/2to1/1_0" slope="0.00"/>
    </timestep>
    <timestep time="222.00">
        <vehicle id="0" x="186.95" y="201.65" angle="-90.00" type="DEFAULT_VEHTYPE" speed="13.63" pos="8.30" lane="1/1to0/1_0" slope="0.00"/>
        <vehicle id="10" x="628.53" y="601.65" angle="-90.00" type="DEFAULT_VEHTYPE" speed="9.74" pos="171.47" lane="4/3to3/3_0" slope="0.00"/>
        <vehicle id="11" x="250.38" y="401.65" angle="-90.00" type="DEFAULT_VEHTYPE" speed="13.05" pos="144.87" lane="2/2to1/2_0" slope="0.00"/>
        <vehicle id="15" x="398.35" y="253.95" angle="0.00" type="DEFAULT_VEHTYPE" speed="13.62" pos="141.30" lane="2/2to2/1_0" slope="0.00"/>
        <vehicle id="16" x="398.35" y="359.22" angle="0.00" type="DEFAULT_VEHTYPE" speed="13.15" pos="36.03" lane="2/2to2/1_0" slope="0.00"/>
        <vehicle id="17" x="398.35" y="488.55" angle="0.00" type="DEFAULT_VEHTYPE" speed="13.15" pos="106.70" lane="2/3to2/2_0" slope="0.00"/>
        <vehicle id="18" x="398.35" y="33.78" angle="0.00" type="DEFAULT_VEHTYPE" speed="13.75" pos="161.47" lane="2/1to2/0_0" slope="0.00"/>
        <vehicle id="2" x="514.47" y="198.35" angle="90.00" type="DEFAULT_VEHTYPE" speed="12.71" pos="109.72" lane="2/1to3/1_0" slope="0.00"/>
        <vehicle id="24" x="401.65" y="639.20" angle="180.00" type="DEFAULT_VEHTYPE" speed="13.65" pos="34.45" lane="2/3to2/4_0" slope="0.00"/>
        <vehicle id="28" x="106.14" y="201.65" angle="-90.00" type="DEFAULT_VEHTYPE" speed="13.11" pos="89.11" lane="1/1to0/1_0" slope="0.00"/>
        <vehicle id="29" x="409.50" y="401.65" angle="-90.00" type="DEFAULT_VEHTYPE" speed="2.47" pos="185.75" lane="3/2to2/2_0" slope="0.00"/>
        <vehicle id="3" x="198.35" y="248.15" angle="0.00" type="DEFAULT_VEHTYPE" speed="13.36" pos="147.10" lane="1/2to1/1_0" slope="0.00"/>
        <vehicle id="33" x="601.65" y="217.14" angle="180.00" type="DEFAULT_VEHTYPE" speed="9.85" pos="12.39" lane="3/1to3/2_0" slope="0.00"/>
        <vehicle id="37" x="201.65" y="375.23" angle="180.00" type="DEFAULT_VEHTYPE" speed="13.67" pos="170.48" lane="1/1to1/2_0" slope="0.00"/>
        <vehicle id="39" x="590.35" y="198.35" angle="90.00" type="DEFAULT_VEHTYPE" speed="2.55" pos="185.60" lane="2/1to3/1_0" slope="0.00"/>
        <vehicle id="40" x="-0.38" y="201.40" angle="-87.07" type="DEFAULT_VEHTYPE" speed="13.34" pos="0.46" lane=":0/1_0_0" slope="0.00"/>
        <vehicle id="42" x="373.86" y="598.35" angle="90.00" type="DEFAULT_VEHTYPE" speed="11.61" pos="169.11" lane="1/3to2/3_0" slope="0.00"/>
        <vehicle id="43" x="201.65" y="409.31" angle="180.00" type="DEFAULT_VEHTYPE" speed="13.17" pos="4.56" lane="1/2to1/3_0" slope="0.00"/>
        <vehicle id="44" x="401.65" y="153.46" angle="180.00" type="DEFAULT_VEHTYPE" speed="13.35" pos="153.46" lane="2/0to2/1_0" slope="0.00"/>
        <vehicle id="48" x="611.03" y="601.65" angle="-90.00" type="DEFAULT_VEHTYPE" speed="5.29" pos="188.97" lane="4/3to3/3_0" slope="0.00"/>
        <vehicle id="49" x="201.65" y="250.53" angle="180.00" type="DEFAULT_VEHTYPE" speed="13.68" pos="45.78" lane="1/1to1/2_0" slope="0.00"/>
        <vehicle id="5" x="201.65" y="479.95" angle="180.00" type="DEFAULT_VEHTYPE" speed="12.99" pos="75.20" lane="1/2to1/3_0" slope="0.00"/>
        <vehicle id="6" x="189.43" y="398.35" angle="90.00" type="DEFAULT_VEHTYPE" speed="3.33" pos="189.43" lane="0/2to1/2_0" slope="0.00"/>
        <vehicle id="7" x="401.65" y="757.43" angle="180.00" type="DEFAULT_VEHTYPE" speed="13.46" pos="152.68" lane="2/3to2/4_0" slope="0.00"/>
        <vehicle id="8" x="601.65" y="291.95" angle="180.00" type="DEFAULT_VEHTYPE" speed="13.21" pos="87.20" lane="3/1to3/2_0" slope="0.00"/>
        <vehicle id="9" x="198.35" y="309.37" angle="0.00" type="DEFAULT_VEHTYPE" speed="13.12" pos="85.88" lane="1/2to1/1_0" slope="0.00"/>
    </timestep>
    <timestep time="223.00">
        <vehicle id="0" x="173.45" y="201.65" angle="-90.00" type="DEFAULT_VEHTYPE" speed="13.50" pos="21.80" lane="1/1to0/1_0" slope="0.00"/>
        <vehicle id="10" x="621.93" y="601.65" angle="-90.00" type="DEFAULT_VEHTYPE" speed="6.60" pos="178.07" lane="4/3to3/3_0" slope="0.00"/>
        <vehicle id="11" x="236.80" y="401.65" angle="-90.00" type="DEFAULT_VEHTYPE" speed="13.59" pos="158.45" lane="2/2to1/2_0" slope="0.00"/>
        <vehicle id="15" x="398.35" y="240.86" angle="0.00" type="DEFAULT_VEHTYPE" speed="13.09" pos="154.39" lane="2/2to2/1_0" slope="0.00"/>
        <vehicle id="16" x="398.35" y="345.34" angle="0.00" type="DEFAULT_VEHTYPE" speed="13.88" pos="49.91" lane="2/2to2/1_0" slope="0.00"/>
        <vehicle id="17" x="398.35" y="475.61" angle="0.00" type="DEFAULT_VEHTYPE" speed="12.94" pos="119.64" lane="2/3to2/2_0" slope="0.00"/>
        <vehicle id="18" x="398.35" y="20.99" angle="0.00" type="DEFAULT_VEHTYPE" speed="12.79" pos="174.26" lane="2/1to2/0_0" slope="0.00"/>
        <vehicle id="2" x="528.34" y="198.35" angle="90.00" type="DEFAULT_VEHTYPE" speed="13.88" pos="123.59" lane="2/1to3/1_0" slope="0.00"/>
        <vehicle id="24" x="401.65" y="653.04" angle="180.00" type="DEFAULT_VEHTYPE" speed="13.84" pos="48.29" lane="2/3to2/4_0" slope="0.00"/>
        <vehicle id="28" x="92.27" y="201.65" angle="-90.00" type="DEFAULT_VEHTYPE" speed="13.87" pos="102.98" lane="1/1to0/1_0" slope="0.00"/>
        <vehicle id="29" x="404.90" y="401.65" angle="-90.00" type="DEFAULT_VEHTYPE" speed="4.60" pos="190.35" lane="3/2to2/2_0" slope="0.00"/>
        <vehicle id="3" x="198.35" y="235.45" angle="0.00" type="DEFAULT_VEHTYPE" speed="12.70" pos="159.80" lane="1/2to1/1_0" slope="0.00"/>
        <vehicle id="33" x="601.65" y="229.52" angle="180.00" type="DEFAULT_VEHTYPE" speed="12.38" pos="24.77" lane="3/1to3/2_0" slope="0.00"/>
        <vehicle id="37" x="201.65" y="388.00" angle="180.00" type="DEFAULT_VEHTYPE" speed="12.77" pos="183.25" lane="1/1to1/2_0" slope="0.00"/>
        <vehicle id="39" x="594.30" y="198.35" angle="90.00" type="DEFAULT_VEHTYPE" speed="3.95" pos="189.55" lane="2/1to3/1_0" slope="0.00"/>
        <vehicle id="40" x="8.31" y="198.35" angle="90.00" type="DEFAULT_VEHTYPE" speed="12.67" pos="8.31" lane="0/1to1/1_0" slope="0.00"/>
        <vehicle id="42" x="382.36" y="598.35" angle="90.00" type="DEFAULT_VEHTYPE" speed="8.49" pos="177.61" lane="1/3to2/3_0" slope="0.00"/>
        <vehicle id="43" x="201.65" y="423.17" angle="180.00" type="DEFAULT_VEHTYPE" speed="13.86" pos="18.42" lane="1/2to1/3_0" slope="0.00"/>
        <vehicle id="44" x="401.65" y="166.24" angle="180.00" type="DEFAULT_VEHTYPE" speed="12.78" pos="166.24" lane="2/0to2/1_0" slope="0.00"/>
        <vehicle id="48" x="603.65" y="601.49" angle="-88.20" type="DEFAULT_VEHTYPE" speed="7.39" pos="1.11" lane=":3/3_6_0" slope="0.00"/>
        <vehicle id="49" x="201.65" y="263.26" angle="180.00" type="DEFAULT_VEHTYPE" speed="12.74" pos="58.51" lane="1/1to1/2_0" slope="0.00"/>
        <vehicle id="5" x="201.65" y="493.82" angle="180.00" type="DEFAULT_VEHTYPE" speed="13.87" pos="89.07" lane="1/2to1/3_0" slope="0.00"/>
        <vehicle id="6" x="191.87" y="398.35" angle="90.00" type="DEFAULT_VEHTYPE" speed="2.44" pos="191.87" lane="0/2to1/2_0" slope="0.00"/>
        <vehicle id="7" x="401.65" y="770.85" angle="180.00" type="DEFAULT_VEHTYPE" speed="13.42" pos="166.10" lane="2/3to2/4_0" slope="0.00"/>
        <vehicle id="8" x="601.65" y="304.71" angle="180.00" type="DEFAULT_VEHTYPE" speed="12.76" pos="99.96" lane="3/1to3/2_0" slope="0.00"/>
        <vehicle id="9" x="198.35" y="296.03" angle="0.00" type="DEFAULT_VEHTYPE" speed="13.34" pos="99.22" lane="1/2to1/1_0" slope="0.00"/>
    </timestep>
    <timestep time="224.00">
        <vehicle id="0" x="160.47" y="201.65" angle="-90.00" type="DEFAULT_VEHTYPE" speed="12.98" pos="34.78" lane="1/1to0/1_0" slope="0.00"/>
        <vehicle id="10" x="614.23" y="601.65" angle="-90.00" type="DEFAULT_VEHTYPE" speed="7.70" pos="185.77" lane="4/3to3/3_0" slope="0.00"/>
        <vehicle id="11" x="224.50" y="401.65" angle="-90.00" type="DEFAULT_VEHTYPE" speed="12.30" pos="170.75" lane="2/2to1/2_0" slope="0.00"/>
        <vehicle id="15" x="398.35" y="227.58" angle="0.00" type="DEFAULT_VEHTYPE" speed="13.29" pos="167.67" lane="2/2to2/1_0" slope="0.00"/>
        <vehicle id="16" x="398.35" y="331.53" angle="0.00" type="DEFAULT_VEHTYPE" speed="13.81" pos="63.72" lane="2/2to2/1_0" slope="0.00"/>
        <vehicle id="17" x="398.35" y="462.06" angle="0.00" type="DEFAULT_VEHTYPE" speed="13.55" pos="133.19" lane="2/3to2/2_0" slope="0.00"/>
        <vehicle id="18" x="398.35" y="7.18" angle="0.00" type="DEFAULT_VEHTYPE" speed="13.81" pos="188.07" lane="2/1to2/0_0" slope="0.00"/>
        <vehicle id="2" x="542.06" y="198.35" angle="90.00" type="DEFAULT_VEHTYPE" speed="13.72" pos="137.31" lane="2/1to3/1_0" slope="0.00"/>
        <vehicle id="24" x="401.65" y="666.16" angle="180.00" type="DEFAULT_VEHTYPE" speed="13.11" pos="61.41" lane="2/3to2/4_0" slope="0.00"/>
        <vehicle id="28" x="78.85" y="201.65" angle="-90.00" type="DEFAULT_VEHTYPE" speed="13.42" pos="116.40" lane="1/1to0/1_0" slope="0.00"/>
        <vehicle id="29" x="399.59" y="399.45" angle="-64.31" type="DEFAULT_VEHTYPE" speed="6.01" pos="5.85" lane=":2/2_6_0" slope="0.00"/>
        <vehicle id="3" x="198.35" y="221.87" angle="0.00" type="DEFAULT_VEHTYPE" speed="13.58" pos="173.38" lane="1/2to1/1_0" slope="0.00"/>
        <vehicle id="33" x="601.65" y="242.68" angle="180.00" type="DEFAULT_VEHTYPE" speed="13.16" pos="37.93" lane="3/1to3/2_0" slope="0.00"/>
        <vehicle id="37" x="201.65" y="400.67" angle="180.00" type="DEFAULT_VEHTYPE" speed="12.66" pos="5.42" lane=":1/2_9_0" slope="0.00"/>
        <vehicle id="39" x="599.36" y="199.53" angle="103.98" type="DEFAULT_VEHTYPE" speed="5.30" pos="4.35" lane=":3/1_14_0" slope="0.00"/>
        <vehicle id="40" x="21.08" y="198.35" angle="90.00" type="DEFAULT_VEHTYPE" speed="12.77" pos="21.08" lane="0/1to1/1_0" slope="0.00"/>
        <vehicle id="42" x="388.27" y="598.35" angle="90.00" type="DEFAULT_VEHTYPE" speed="5.91" pos="183.52" lane="1/3to2/3_0" slope="0.00"/>
        <vehicle id="43" x="201.65" y="435.95" angle="180.00" type="DEFAULT_VEHTYPE" speed="12.78" pos="31.20" lane="1/2to1/3_0" slope="0.00"/>
        <vehicle id="44" x="401.65" y="179.68" angle="180.00" type="DEFAULT_VEHTYPE" speed="13.44" pos="179.68" lane="2/0to2/1_0" slope="0.00"/>
        <vehicle id="48" x="598.41" y="595.67" angle="-21.36" type="DEFAULT_VEHTYPE" speed="8.79" pos="9.90" lane=":3/3_6_0" slope="0.00"/>
        <vehicle id="49" x="201.65" y="276.08" angle="180.00" type="DEFAULT_VEHTYPE" speed="12.81" pos="71.33" lane="1/1to1/2_0" slope="0.00"/>
        <vehicle id="5" x="201.65" y="507.13" angle="180.00" type="DEFAULT_VEHTYPE" speed="13.31" pos="102.38" lane="1/2to1/3_0" slope="0.00"/>
        <vehicle id="6" x="192.28" y="398.35" angle="90.00" type="DEFAULT_VEHTYPE" speed="0.41" pos="192.28" lane="0/2to1/2_0" slope="0.00"/>
        <vehicle id="7" x="401.65" y="784.33" angle="180.00" type="DEFAULT_VEHTYPE" speed="13.48" pos="179.58" lane="2/3to2/4_0" slope="0.00"/>
        <vehicle id="8" x="601.65" y="318.38" angle="180.00" type="DEFAULT_VEHTYPE" speed="13.67" pos="113.63" lane="3/1to3/2_0" slope="0.00"/>
        <vehicle id="9" x="198.35" y="282.77" angle="0.00" type="DEFAULT_VEHTYPE" speed="13.25" pos="112.48" lane="1/2to1/1_0" slope="0.00"/>
    </timestep>
    <timestep time="225.00">
        <vehicle id="0" x="147.20" y="201.65" angle="-90.00" type="DEFAULT_VEHTYPE" speed="13.27" pos="48.05" lane="1/1to0/1_0" slope="0.00"/>
        <vehicle id="10" x="610.64" y="601.65" angle="-90.00" type="DEFAULT_VEHTYPE" speed="3.59" pos="189.36" lane="4/3to3/3_0" slope="0.00"/>
        <vehicle id="11" x="216.65" y="401.65" angle="-90.00" type="DEFAULT_VEHTYPE" speed="7.85" pos="178.60" lane="2/2to1/2_0" slope="0.00"/>
        <vehicle id="15" x="398.35" y="214.41" angle="0.00" type="DEFAULT_VEHTYPE" speed="13.17" pos="180.84" lane="2/2to2/1_0" slope="0.00"/>
        <vehicle id="16" x="398.35" y="317.76" angle="0.00" type="DEFAULT_VEHTYPE" speed="13.77" pos="77.49" lane="2/2to2/1_0" slope="0.00"/>
        <vehicle id="17" x="398.35" y="448.21" angle="0.00" type="DEFAULT_VEHTYPE" speed="13.84" pos="147.04" lane="2/3to2/2_0" slope="0.00"/>
        <vehicle id="18" x="401.65" y="1.15" angle="125.27" type="DEFAULT_VEHTYPE" speed="13.15" pos="1.15" lane="2/0to2/1_0" slope="0.00"/>
        <vehicle id="2" x="554.92" y="198.35" angle="90.00" type="DEFAULT_VEHTYPE" speed="12.86" pos="150.17" lane="2/1to3/1_0" slope="0.00"/>
        <vehicle id="24" x="401.65" y="679.36" angle="180.00" type="DEFAULT_VEHTYPE" speed="13.21" pos="74.61" lane="2/3to2/4_0" slope="0.00"/>
        <vehicle id="28" x="65.78" y="201.65" angle="-90.00" type="DEFAULT_VEHTYPE" speed="13.06" pos="129.47" lane="1/1to0/1_0" slope="0.00"/>
        <vehicle id="29" x="398.35" y="392.29" angle="-3.32" type="DEFAULT_VEHTYPE" speed="7.43" pos="2.96" lane="2/2to2/1_0" slope="0.00"/>
        <vehicle id="3" x="198.35" y="208.13" angle="0.00" type="DEFAULT_VEHTYPE" speed="13.74" pos="187.12" lane="1/2to1/1_0" slope="0.00"/>
        <vehicle id="33" x="601.65" y="255.57" angle="180.00" type="DEFAULT_VEHTYPE" speed="12.89" pos="50.82" lane="3/1to3/2_0" slope="0.00"/>
        <vehicle id="37" x="201.65" y="414.25" angle="180.00" type="DEFAULT_VEHTYPE" speed="13.59" pos="9.50" lane="1/2to1/3_0" slope="0.00"/>
        <vehicle id="39" x="601.65" y="205.69" angle="167.81" type="DEFAULT_VEHTYPE" speed="6.91" pos="0.94" lane="3/1to3/2_0" slope="0.00"/>
        <vehicle id="40" x="33.87" y="198.35" angle="90.00" type="DEFAULT_VEHTYPE" speed="12.79" pos="33.87" lane="0/1to1/1_0" slope="0.00"/>
        <vehicle id="42" x="396.02" y="598.46" angle="91.26" type="DEFAULT_VEHTYPE" speed="7.76" pos="0.78" lane=":2/3_14_0" slope="0.00"/>
        <vehicle id="43" x="201.65" y="449.59" angle="180.00" type="DEFAULT_VEHTYPE" speed="13.64" pos="44.84" lane="1/2to1/3_0" slope="0.00"/>
        <vehicle id="44" x="401.65" y="192.69" angle="180.00" type="DEFAULT_VEHTYPE" speed="13.02" pos="192.69" lane="2/0to2/1_0" slope="0.00"/>
        <vehicle id="48" x="598.35" y="585.38" angle="0.00" type="DEFAULT_VEHTYPE" speed="10.29" pos="9.87" lane="3/3to3/2_0" slope="0.00"/>
        <vehicle id="49" x="201.65" y="289.83" angle="180.00" type="DEFAULT_VEHTYPE" speed="13.75" pos="85.08" lane="1/1to1/2_0" slope="0.00"/>
        <vehicle id="5" x="201.65" y="519.81" angle="180.00" type="DEFAULT_VEHTYPE" speed="12.68" pos="115.06" lane="1/2to1/3_0" slope="0.00"/>
        <vehicle id="6" x="192.61" y="398.35" angle="90.00" type="DEFAULT_VEHTYPE" speed="0.33" pos="192.61" lane="0/2to1/2_0" slope="0.00"/>
        <vehicle id="7" x="401.65" y="797.91" angle="180.00" type="DEFAULT_VEHTYPE" speed="13.58" pos="193.16" lane="2/3to2/4_0" slope="0.00"/>
        <vehicle id="8" x="601.65" y="331.48" angle="180.00" type="DEFAULT_VEHTYPE" speed="13.10" pos="126.73" lane="3/1to3/2_0" slope="0.00"/>
        <vehicle id="9" x="198.35" y="269.34" angle="0.00" type="DEFAULT_VEHTYPE" speed="13.43" pos="125.91" lane="1/2to1/1_0" slope="0.00"/>
    </timestep>
    <timestep time="226.00">
        <vehicle id="0" x="134.43" y="201.65" angle="-90.00" type="DEFAULT_VEHTYPE" speed="12.77" pos="60.82" lane="1/1to0/1_0" slope="0.00"/>
        <vehicle id="10" x="604.59" y="601.63" angle="-89.73" type="DEFAULT_VEHTYPE" speed="6.06" pos="0.16" lane=":3/3_6_0" slope="0.00"/>
        <vehicle id="11" x="211.97" y="401.65" angle="-90.00" type="DEFAULT_VEHTYPE" speed="4.68" pos="183.28" lane="2/2to1/2_0" slope="0.00"/>
        <vehicle id="15" x="398.35" y="201.53" angle="0.00" type="DEFAULT_VEHTYPE" speed="12.88" pos="3.22" lane=":2/1_1_0" slope="0.00"/>
        <vehicle id="16" x="398.35" y="303.97" angle="0.00" type="DEFAULT_VEHTYPE" speed="13.79" pos="91.28" lane="2/2to2/1_0" slope="0.00"/>
        <vehicle id="17" x="398.35" y="435.17" angle="0.00" type="DEFAULT_VEHTYPE" speed="13.04" pos="160.08" lane="2/3to2/2_0" slope="0.00"/>
        <vehicle id="18" x="401.65" y="14.22" angle="180.00" type="DEFAULT_VEHTYPE" speed="13.08" pos="14.22" lane="2/0to2/1_0" slope="0.00"/>
        <vehicle id="2" x="568.02" y="198.35" angle="90.00" type="DEFAULT_VEHTYPE" speed="13.10" pos="163.27" lane="2/1to3/1_0" slope="0.00"/>
        <vehicle id="24" x="401.65" y="692.66" angle="180.00" type="DEFAULT_VEHTYPE" speed="13.30" pos="87.91" lane="2/3to2/4_0" slope="0.00"/>
        <vehicle id="28" x="52.82" y="201.65" angle="-90.00" type="DEFAULT_VEHTYPE" speed="12.97" pos="142.43" lane="1/1to0/1_0" slope="0.00"/>
        <vehicle id="29" x="398.35" y="383.06" angle="0.00" type="DEFAULT_VEHTYPE" speed="9.22" pos="12.19" lane="2/2to2/1_0" slope="0.00"/>
        <vehicle id="3" x="190.03" y="201.65" angle="-90.00" type="DEFAULT_VEHTYPE" speed="13.60" pos="5.22" lane="1/1to0/1_0" slope="0.00"/>
        <vehicle id="33" x="601.65" y="268.20" angle="180.00" type="DEFAULT_VEHTYPE" speed="12.64" pos="63.45" lane="3/1to3/2_0" slope="0.00"/>
        <vehicle id="37" x="201.65" y="427.58" angle="180.00" type="DEFAULT_VEHTYPE" speed="13.33" pos="22.83" lane="1/2to1/3_0" slope="0.00"/>
        <vehicle id="39" x="601.65" y="214.95" angle="180.00" type="DEFAULT_VEHTYPE" speed="9.26" pos="10.20" lane="3/1to3/2_0" slope="0.00"/>
        <vehicle id="40" x="47.50" y="198.35" angle="90.00" type="DEFAULT_VEHTYPE" speed="13.64" pos="47.50" lane="0/1to1/1_0" slope="0.00"/>
        <vehicle id="42" x="401.65" y="605.02" angle="163.64" type="DEFAULT_VEHTYPE" speed="9.81" pos="0.27" lane="2/3to2/4_0" slope="0.00"/>
        <vehicle id="43" x="201.65" y="462.81" angle="180.00" type="DEFAULT_VEHTYPE" speed="13.23" pos="58.06" lane="1/2to1/3_0" slope="0.00"/>
        <vehicle id="44" x="410.46" y="198.35" angle="90.00" type="DEFAULT_VEHTYPE" speed="13.27" pos="5.71" lane="2/1to3/1_0" slope="0.00"/>
        <vehicle id="48" x="598.35" y="573.10" angle="0.00" type="DEFAULT_VEHTYPE" speed="12.28" pos="22.15" lane="3/3to3/2_0" slope="0.00"/>
        <vehicle id="49" x="201.65" y="302.48" angle="180.00" type="DEFAULT_VEHTYPE" speed="12.65" pos="97.73" lane="1/1to1/2_0" slope="0.00"/>
        <vehicle id="5" x="201.65" y="533.43" angle="180.00" type="DEFAULT_VEHTYPE" speed="13.62" pos="128.68" lane="1/2to1/3_0" slope="0.00"/>
        <vehicle id="6" x="192.75" y="398.35" angle="90.00" type="DEFAULT_VEHTYPE" speed="0.13" pos="192.75" lane="0/2to1/2_0" slope="0.00"/>
        <vehicle id="7" x="398.35" y="793.10" angle="0.00" type="DEFAULT_VEHTYPE" speed="13.80" pos="6.90" lane="2/4to2/3_0" slope="0.00"/>
        <vehicle id="8" x="601.65" y="344.57" angle="180.00" type="DEFAULT_VEHTYPE" speed="13.09" pos="139.82" lane="3/1to3/2_0" slope="0.00"/>
        <vehicle id="9" x="198.35" y="256.38" angle="0.00" type="DEFAULT_VEHTYPE" speed="12.97" pos="138.87" lane="1/2to1/1_0" slope="0.00"/>
    </timestep>
    <timestep time="227.00">
        <vehicle id="0" x="121.32" y="201.65" angle="-90.00" type="DEFAULT_VEHTYPE" speed="13.11" pos="73.93" lane="1/1to0/1_0" slope="0.00"/>
        <vehicle id="10" x="598.70" y="597.68" angle="-42.25" type="DEFAULT_VEHTYPE" speed="7.70" pos="7.86" lane=":3/3_6_0" slope="0.00"/>
        <vehicle id="11" x="208.93" y="401.65" angle="-90.00" type="DEFAULT_VEHTYPE" speed="3.04" pos="186.32" lane="2/2to1/2_0" slope="0.00"/>
        <vehicle id="15" x="398.35" y="188.38" angle="0.00" type="DEFAULT_VEHTYPE" speed="13.15" pos="6.87" lane="2/1to2/0_0" slope="0.00"/>
        <vehicle id="16" x="398.35" y="290.94" angle="0.00" type="DEFAULT_VEHTYPE" speed="13.03" pos="104.31" lane="2/2to2/1_0" slope="0.00"/>
        <vehicle id="17" x="398.35" y="422.54" angle="0.00" type="DEFAULT_VEHTYPE" speed="12.63" pos="172.71" lane="2/3to2/2_0" slope="0.00"/>
        <vehicle id="18" x="401.65" y="27.48" angle="180.00" type="DEFAULT_VEHTYPE" speed="13.26" pos="27.48" lane="2/0to2/1_0" slope="0.00"/>
        <vehicle id="2" x="579.05" y="198.35" angle="90.00" type="DEFAULT_VEHTYPE" speed="11.03" pos="174.30" lane="2/1to3/1_0" slope="0.00"/>
        <vehicle id="24" x="401.65" y="706.19" angle="180.00" type="DEFAULT_VEHTYPE" speed="13.53" pos="101.44" lane="2/3to2/4_0" slope="0.00"/>
        <vehicle id="28" x="39.52" y="201.65" angle="-90.00" type="DEFAULT_VEHTYPE" speed="13.30" pos="155.73" lane="1/1to0/1_0" slope="0.00"/>
        <vehicle id="29" x="398.35" y="372.17" angle="0.00" type="DEFAULT_VEHTYPE" speed="10.90" pos="23.08" lane="2/2to2/1_0" slope="0.00"/>
        <vehicle id="3" x="177.04" y="201.65" angle="-90.00" type="DEFAULT_VEHTYPE" speed="12.99" pos="18.21" lane="1/1to0/1_0" slope="0.00"/>
        <vehicle id="33" x="601.65" y="280.86" angle="180.00" type="DEFAULT_VEHTYPE" speed="12.65" pos="76.11" lane="3/1to3/2_0" slope="0.00"/>
        <vehicle id="37" x="201.65" y="440.42" angle="180.00" type="DEFAULT_VEHTYPE" speed="12.84" pos="35.67" lane="1/2to1/3_0" slope="0.00"/>
        <vehicle id="39" x="601.65" y="226.57" angle="180.00" type="DEFAULT_VEHTYPE" speed="11.62" pos="21.82" lane="3/1to3/2_0" slope="0.00"/>
        <vehicle id="40" x="61.31" y="198.35" angle="90.00" type="DEFAULT_VEHTYPE" speed="13.81" pos="61.31" lane="0/1to1/1_0" slope="0.00"/>
        <vehicle id="42" x="401.65" y="616.59" angle="180.00" type="DEFAULT_VEHTYPE" speed="11.57" pos="11.84" lane="2/3to2/4_0" slope="0.00"/>
        <vehicle id="43" x="201.65" y="476.53" angle="180.00" type="DEFAULT_VEHTYPE" speed="13.72" pos="71.78" lane="1/2to1/3_0" slope="0.00"/>
        <vehicle id="44" x="423.38" y="198.35" angle="90.00" type="DEFAULT_VEHTYPE" speed="12.92" pos="18.63" lane="2/1to3/1_0" slope="0.00"/>
        <vehicle id="48" x="598.35" y="559.27" angle="0.00" type="DEFAULT_VEHTYPE" speed="13.83" pos="35.98" lane="3/3to3/2_0" slope="0.00"/>
        <vehicle id="49" x="201.65" y="316.18" angle="180.00" type="DEFAULT_VEHTYPE" speed="13.69" pos="111.43" lane="1/1to1/2_0" slope="0.00"/>
        <vehicle id="5" x="201.65" y="546.12" angle="180.00" type="DEFAULT_VEHTYPE" speed="12.70" pos="141.37" lane="1/2to1/3_0" slope="0.00"/>
        <vehicle id="6" x="192.75" y="398.35" angle="90.00" type="DEFAULT_VEHTYPE" speed="0.00" pos="192.75" lane="0/2to1/2_0" slope="0.00"/>
        <vehicle id="7" x="398.35" y="780.30" angle="0.00" type="DEFAULT_VEHTYPE" speed="12.80" pos="19.70" lane="2/4to2/3_0" slope="0.00"/>
        <vehicle id="8" x="601.65" y="357.31" angle="180.00" type="DEFAULT_VEHTYPE" speed="12.73" pos="152.56" lane="3/1to3/2_0" slope="0.00"/>
        <vehicle id="9" x="198.35" y="242.88" angle="0.00" type="DEFAULT_VEHTYPE" speed="13.50" pos="152.37" lane="1/2to1/1_0" slope="0.00"/>
    </timestep>
    <timestep time="228.00">
        <vehicle id="0" x="107.82" y="201.65" angle="-90.00" type="DEFAULT_VEHTYPE" speed="13.50" pos="87.43" lane="1/1to0/1_0" slope="0.00"/>
        <vehicle id="10" x="598.35" y="588.29" angle="0.00" type="DEFAULT_VEHTYPE" speed="9.41" pos="6.96" lane="3/3to3/2_0" slope="0.00"/>
        <vehicle id="11" x="204.27" y="401.65" angle="-90.00" type="DEFAULT_VEHTYPE" speed="4.66" pos="0.48" lane=":1/2_5_0" slope="0.00"/>
        <vehicle id="15" x="398.35" y="175.68" angle="0.00" type="DEFAULT_VEHTYPE" speed="12.70" pos="19.57" lane="2/1to2/0_0" slope="0.00"/>
        <vehicle id="16" x="398.35" y="278.34" angle="0.00" type="DEFAULT_VEHTYPE" speed="12.60" pos="116.91" lane="2/2to2/1_0" slope="0.00"/>
        <vehicle id="17" x="398.35" y="408.71" angle="0.00" type="DEFAULT_VEHTYPE" speed="13.83" pos="186.54" lane="2/3to2/2_0" slope="0.00"/>
        <vehicle id="18" x="401.65" y="40.26" angle="180.00" type="DEFAULT_VEHTYPE" speed="12.78" pos="40.26" lane="2/0to2/1_0" slope="0.00"/>
        <vehicle id="2" x="585.84" y="198.35" angle="90.00" type="DEFAULT_VEHTYPE" speed="6.79" pos="181.09" lane="2/1to3/1_0" slope="0.00"/>
        <vehicle id="24" x="401.65" y="719.71" angle="180.00" type="DEFAULT_VEHTYPE" speed="13.52" pos="114.96" lane="2/3to2/4_0" slope="0.00"/>
        <vehicle id="28" x="25.83" y="201.65" angle="-90.00" type="DEFAULT_VEHTYPE" speed="13.69" pos="169.42" lane="1/1to0/1_0" slope="0.00"/>
        <vehicle id="29" x="398.35" y="359.29" angle="0.00" type="DEFAULT_VEHTYPE" speed="12.88" pos="35.96" lane="2/2to2/1_0" slope="0.00"/>
        <vehicle id="3" x="164.23" y="201.65" angle="-90.00" type="DEFAULT_VEHTYPE" speed="12.81" pos="31.02" lane="1/1to0/1_0" slope="0.00"/>
        <vehicle id="33" x="601.65" y="293.63" angle="180.00" type="DEFAULT_VEHTYPE" speed="12.77" pos="88.88" lane="3/1to3/2_0" slope="0.00"/>
        <vehicle id="37" x="201.65" y="453.68" angle="180.00" type="DEFAULT_VEHTYPE" speed="13.26" pos="48.93" lane="1/2to1/3_0" slope="0.00"/>
        <vehicle id="39" x="601.65" y="240.45" angle="180.00" type="DEFAULT_VEHTYPE" speed="13.87" pos="35.70" lane="3/1to3/2_0" slope="0.00"/>
        <vehicle id="40" x="74.01" y="198.35" angle="90.00" type="DEFAULT_VEHTYPE" speed="12.70" pos="74.01" lane="0/1to1/1_0" slope="0.00"/>
        <vehicle id="42" x="401.65" y="629.34" angle="180.00" type="DEFAULT_VEHTYPE" speed="12.76" pos="24.59" lane="2/3to2/4_0" slope="0.00"/>
        <vehicle id="43" x="201.65" y="489.91" angle="180.00" type="DEFAULT_VEHTYPE" speed="13.37" pos="85.16" lane="1/2to1/3_0" slope="0.00"/>
        <vehicle id="44" x="437.15" y="198.35" angle="90.00" type="DEFAULT_VEHTYPE" speed="13.77" pos="32.40" lane="2/1to3/1_0" slope="0.00"/>
        <vehicle id="48" x="598.35" y="546.40" angle="0.00" type="DEFAULT_VEHTYPE" speed="12.87" pos="48.85" lane="3/3to3/2_0" slope="0.00"/>
        <vehicle id="49" x="201.65" y="329.88" angle="180.00" type="DEFAULT_VEHTYPE" speed="13.70" pos="125.13" lane="1/1to1/2_0" slope="0.00"/>
        <vehicle id="5" x="201.65" y="559.32" angle="180.00" type="DEFAULT_VEHTYPE" speed="13.20" pos="154.57" lane="1/2to1/3_0" slope="0.00"/>
        <vehicle id="6" x="192.75" y="398.35" angle="90.00" type="DEFAULT_VEHTYPE" speed="0.00" pos="192.75" lane="0/2to1/2_0" slope="0.00"/>
        <vehicle id="7" x="398.35" y="766.79" angle="0.00" type="DEFAULT_VEHTYPE" speed="13.51" pos="33.21" lane="2/4to2/3_0" slope="0.00"/>
        <vehicle id="8" x="601.65" y="371.09" angle="180.00" type="DEFAULT_VEHTYPE" speed="13.78" pos="166.34" lane="3/1to3/2_0" slope="0.00"/>
        <vehicle id="9" x="198.35" y="229.65" angle="0.00" type="DEFAULT_VEHTYPE" speed="13.23" pos="165.60" lane="1/2to1/1_0" slope="0.00"/>
    </timestep>
    <timestep time="229.00">
        <vehicle id="0" x="95.16" y="201.65" angle="-90.00" type="DEFAULT_VEHTYPE" speed="12.66" pos="100.09" lane="1/1to0/1_0" slope="0.00"/>
        <vehicle id="10" x="598.35" y="576.95" angle="0.00" type="DEFAULT_VEHTYPE" speed="11.35" pos="18.30" lane="3/3to3/2_0" slope="0.00"/>
        <vehicle id="11" x="198.05" y="401.65" angle="-90.00" type="DEFAULT_VEHTYPE" speed="6.22" pos="6.70" lane=":1/2_5_0" slope="0.00"/>
        <vehicle id="15" x="398.35" y="162.43" angle="0.00" type="DEFAULT_VEHTYPE" speed="13.25" pos="32.82" lane="2/1to2/0_0" slope="0.00"/>
        <vehicle id="16" x="398.35" y="264.56" angle="0.00" type="DEFAULT_VEHTYPE" speed="13.78" pos="130.69" lane="2/2to2/1_0" slope="0.00"/>
        <vehicle id="17" x="391.50" y="401.65" angle="-88.00" type="DEFAULT_VEHTYPE" speed="12.70" pos="3.75" lane="2/2to1/2_0" slope="0.00"/>
        <vehicle id="18" x="401.65" y="52.99" angle="180.00" type="DEFAULT_VEHTYPE" speed="12.73" pos="52.99" lane="2/0to2/1_0" slope="0.00"/>
        <vehicle id="2" x="589.96" y="198.35" angle="90.00" type="DEFAULT_VEHTYPE" speed="4.12" pos="185.21" lane="2/1to3/1_0" slope="0.00"/>
        <vehicle id="24" x="401.65" y="732.93" angle="180.00" type="DEFAULT_VEHTYPE" speed="13.23" pos="128.18" lane="2/3to2/4_0" slope="0.00"/>
        <vehicle id="28" x="12.04" y="201.65" angle="-90.00" type="DEFAULT_VEHTYPE" speed="13.79" pos="183.21" lane="1/1to0/1_0" slope="0.00"/>
        <vehicle id="29" x="398.35" y="345.98" angle="0.00" type="DEFAULT_VEHTYPE" speed="13.30" pos="49.27" lane="2/2to2/1_0" slope="0.00"/>
        <vehicle id="3" x="150.50" y="201.65" angle="-90.00" type="DEFAULT_VEHTYPE" speed="13.73" pos="44.75" lane="1/1to0/1_0" slope="0.00"/>
        <vehicle id="33" x="601.65" y="307.32" angle="180.00" type="DEFAULT_VEHTYPE" speed="13.69" pos="102.57" lane="3/1to3/2_0" slope="0.00"/>
        <vehicle id="37" x="201.65" y="466.58" angle="180.00" type="DEFAULT_VEHTYPE" speed="12.90" pos="61.83" lane="1/2to1/3_0" slope="0.00"/>
        <vehicle id="39" x="601.65" y="254.21" angle="180.00" type="DEFAULT_VEHTYPE" speed="13.76" pos="49.46" lane="3/1to3/2_0" slope="0.00"/>
        <vehicle id="40" x="87.45" y="198.35" angle="90.00" type="DEFAULT_VEHTYPE" speed="13.44" pos="87.45" lane="0/1to1/1_0" slope="0.00"/>
        <vehicle id="42" x="401.65" y="642.28" angle="180.00" type="DEFAULT_VEHTYPE" speed="12.94" pos="37.53" lane="2/3to2/4_0" slope="0.00"/>
        <vehicle id="43" x="201.65" y="503.21" angle="180.00" type="DEFAULT_VEHTYPE" speed="13.31" pos="98.46" lane="1/2to1/3_0" slope="0.00"/>
        <vehicle id="44" x="449.86" y="198.35" angle="90.00" type="DEFAULT_VEHTYPE" speed="12.71" pos="45.11" lane="2/1to3/1_0" slope="0.00"/>
        <vehicle id="48" x="598.35" y="533.23" angle="0.00" type="DEFAULT_VEHTYPE" speed="13.17" pos="62.02" lane="3/3to3/2_0" slope="0.00"/>
        <vehicle id="49" x="201.65" y="343.73" angle="180.00" type="DEFAULT_VEHTYPE" speed="13.85" pos="138.98" lane="1/1to1/2_0" slope="0.00"/>
        <vehicle id="5" x="201.65" y="571.95" angle="180.00" type="DEFAULT_VEHTYPE" speed="12.63" pos="167.20" lane="1/2to1/3_0" slope="0.00"/>
        <vehicle id="6" x="192.75" y="398.35" angle="90.00" type="DEFAULT_VEHTYPE" speed="0.00" pos="192.75" lane="0/2to1/2_0" slope="0.00"/>
        <vehicle id="7" x="398.35" y="753.68" angle="0.00" type="DEFAULT_VEHTYPE" speed="13.12" pos="46.32" lane="2/4to2/3_0" slope="0.00"/>
        <vehicle id="8" x="601.65" y="381.02" angle="180.00" type="DEFAULT_VEHTYPE" speed="9.94" pos="176.27" lane="3/1to3/2_0" slope="0.00"/>
        <vehicle id="9" x="198.35" y="216.57" angle="0.00" type="DEFAULT_VEHTYPE" speed="13.08" pos="178.68" lane="1/2to1/1_0" slope="0.00"/>
    </timestep>
    <timestep time="230.00">
        <vehicle id="0" x="81.67" y="201.65" angle="-90.00" type="DEFAULT_VEHTYPE" speed="13.49" pos="113.58" lane="1/1to0/1_0" slope="0.00"/>
        <vehicle id="10" x="598.35" y="564.12" angle="0.00" type="DEFAULT_VEHTYPE" speed="12.82" pos="31.13" lane="3/3to3/2_0" slope="0.00"/>
        <vehicle id="11" x="189.48" y="401.65" angle="-90.00" type="DEFAULT_VEHTYPE" speed="8.56" pos="5.77" lane="1/2to0/2_0" slope="0.00"/>
        <vehicle id="15" x="398.35" y="149.78" angle="0.00" type="DEFAULT_VEHTYPE" speed="12.65" pos="45.47" lane="2/1to2/0_0" slope="0.00"/>
        <vehicle id="16" x="398.35" y="251.64" angle="0.00" type="DEFAULT_VEHTYPE" speed="12.92" pos="143.61" lane="2/2to2/1_0" slope="0.00"/>
        <vehicle id="17" x="377.94" y="401.65" angle="-90.00" type="DEFAULT_VEHTYPE" speed="13.56" pos="17.31" lane="2/2to1/2_0" slope="0.00"/>
        <vehicle id="18" x="401.65" y="66.17" angle="180.00" type="DEFAULT_VEHTYPE" speed="13.18" pos="66.17" lane="2/0to2/1_0" slope="0.00"/>
        <vehicle id="2" x="595.61" y="198.40" angle="90.60" type="DEFAULT_VEHTYPE" speed="5.66" pos="0.37" lane=":3/1_14_0" slope="0.00"/>
        <vehicle id="24" x="401.65" y="745.78" angle="180.00" type="DEFAULT_VEHTYPE" speed="12.84" pos="141.03" lane="2/3to2/4_0" slope="0.00"/>
        <vehicle id="28" x="-0.84" y="201.09" angle="-83.43" type="DEFAULT_VEHTYPE" speed="13.05" pos="1.01" lane=":0/1_0_0" slope="0.00"/>
        <vehicle id="29" x="398.35" y="332.46" angle="0.00" type="DEFAULT_VEHTYPE" speed="13.53" pos="62.79" lane="2/2to2/1_0" slope="0.00"/>
        <vehicle id="3" x="136.91" y="201.65" angle="-90.00" type="DEFAULT_VEHTYPE" speed="13.59" pos="58.34" lane="1/1to0/1_0" slope="0.00"/>
        <vehicle id="33" x="601.65" y="320.24" angle="180.00" type="DEFAULT_VEHTYPE" speed="12.92" pos="115.49" lane="3/1to3/2_0" slope="0.00"/>
        <vehicle id="37" x="201.65" y="479.77" angle="180.00" type="DEFAULT_VEHTYPE" speed="13.19" pos="75.02" lane="1/2to1/3_0" slope="0.00"/>
        <vehicle id="39" x="601.65" y="267.72" angle="180.00" type="DEFAULT_VEHTYPE" speed="13.51" pos="62.97" lane="3/1to3/2_0" slope="0.00"/>
        <vehicle id="40" x="101.14" y="198.35" angle="90.00" type="DEFAULT_VEHTYPE" speed="13.69" pos="101.14" lane="0/1to1/1_0" slope="0.00"/>
        <vehicle id="42" x="401.65" y="654.96" angle="180.00" type="DEFAULT_VEHTYPE" speed="12.68" pos="50.21" lane="2/3to2/4_0" slope="0.00"/>
        <vehicle id="43" x="201.65" y="516.48" angle="180.00" type="DEFAULT_VEHTYPE" speed="13.27" pos="111.73" lane="1/2to1/3_0" slope="0.00"/>
        <vehicle id="44" x="462.53" y="198.35" angle="90.00" type="DEFAULT_VEHTYPE" speed="12.68" pos="57.78" lane="2/1to3/1_0" slope="0.00"/>
        <vehicle id="48" x="598.35" y="520.32" angle="0.00" type="DEFAULT_VEHTYPE" speed="12.90" pos="74.93" lane="3/3to3/2_0" slope="0.00"/>
        <vehicle id="49" x="201.65" y="356.51" angle="180.00" type="DEFAULT_VEHTYPE" speed="12.78" pos="151.76" lane="1/1to1/2_0" slope="0.00"/>
        <vehicle id="5" x="201.65" y="585.11" angle="180.00" type="DEFAULT_VEHTYPE" speed="13.16" pos="180.36" lane="1/2to1/3_0" slope="0.00"/>
        <vehicle id="6" x="192.75" y="398.35" angle="90.00" type="DEFAULT_VEHTYPE" speed="0.00" pos="192.75" lane="0/2to1/2_0" slope="0.00"/>
        <vehicle id="7" x="398.35" y="740.52" angle="0.00" type="DEFAULT_VEHTYPE" speed="13.15" pos="59.48" lane="2/4to2/3_0" slope="0.00"/>
        <vehicle id="8" x="601.65" y="387.13" angle="180.00" type="DEFAULT_VEHTYPE" speed="6.11" pos="182.38" lane="3/1to3/2_0" slope="0.00"/>
        <vehicle id="9" x="198.03" y="203.18" angle="-3.67" type="DEFAULT_VEHTYPE" speed="13.44" pos="1.62" lane=":1/1_0_0" slope="0.00"/>
    </timestep>
    <timestep time="231.00">
        <vehicle id="0" x="68.37" y="201.65" angle="-90.00" type="DEFAULT_VEHTYPE" speed="13.30" pos="126.88" lane="1/1to0/1_0" slope="0.00"/>
        <vehicle id="10" x="598.35" y="550.55" angle="0.00" type="DEFAULT_VEHTYPE" speed="13.57" pos="44.70" lane="3/3to3/2_0" slope="0.00"/>
        <vehicle id="11" x="179.32" y="401.65" angle="-90.00" type="DEFAULT_VEHTYPE" speed="10.16" pos="15.93" lane="1/2to0/2_0" slope="0.00"/>
        <vehicle id="15" x="398.35" y="137.04" angle="0.00" type="DEFAULT_VEHTYPE" speed="12.75" pos="58.21" lane="2/1to2/0_0" slope="0.00"/>
        <vehicle id="16" x="398.35" y="238.87" angle="0.00" type="DEFAULT_VEHTYPE" speed="12.77" pos="156.38" lane="2/2to2/1_0" slope="0.00"/>
        <vehicle id="17" x="364.51" y="401.65" angle="-90.00" type="DEFAULT_VEHTYPE" speed="13.43" pos="30.74" lane="2/2to1/2_0" slope="0.00"/>
        <vehicle id="18" x="401.65" y="79.89" angle="180.00" type="DEFAULT_VEHTYPE" speed="13.72" pos="79.89" lane="2/0to2/1_0" slope="0.00"/>
        <vehicle id="2" x="601.39" y="202.93" angle="144.15" type="DEFAULT_VEHTYPE" speed="8.12" pos="8.48" lane=":3/1_14_0" slope="0.00"/>
        <vehicle id="24" x="401.65" y="759.42" angle="180.00" type="DEFAULT_VEHTYPE" speed="13.64" pos="154.67" lane="2/3to2/4_0" slope="0.00"/>
        <vehicle id="28" x="9.13" y="198.35" angle="90.00" type="DEFAULT_VEHTYPE" speed="12.94" pos="9.13" lane="0/1to1/1_0" slope="0.00"/>
        <vehicle id="29" x="398.35" y="319.38" angle="0.00" type="DEFAULT_VEHTYPE" speed="13.08" pos="75.87" lane="2/2to2/1_0" slope="0.00"/>
        <vehicle id="3" x="123.61" y="201.65" angle="-90.00" type="DEFAULT_VEHTYPE" speed="13.31" pos="71.64" lane="1/1to0/1_0" slope="0.00"/>
        <vehicle id="33" x="601.65" y="333.96" angle="180.00" type="DEFAULT_VEHTYPE" speed="13.72" pos="129.21" lane="3/1to3/2_0" slope="0.00"/>
        <vehicle id="37" x="201.65" y="492.41" angle="180.00" type="DEFAULT_VEHTYPE" speed="12.64" pos="87.66" lane="1/2to1/3_0" slope="0.00"/>
        <vehicle id="39" x="601.65" y="281.11" angle="180.00" type="DEFAULT_VEHTYPE" speed="13.39" pos="76.36" lane="3/1to3/2_0" slope="0.00"/>
        <vehicle id="40" x="114.61" y="198.35" angle="90.00" type="DEFAULT_VEHTYPE" speed="13.47" pos="114.61" lane="0/1to1/1_0" slope="0.00"/>
        <vehicle id="42" x="401.65" y="667.71" angle="180.00" type="DEFAULT_VEHTYPE" speed="12.75" pos="62.96" lane="2/3to2/4_0" slope="0.00"/>
        <vehicle id="43" x="201.65" y="530.20" angle="180.00" type="DEFAULT_VEHTYPE" speed="13.72" pos="125.45" lane="1/2to1/3_0" slope="0.00"/>
        <vehicle id="44" x="475.62" y="198.35" angle="90.00" type="DEFAULT_VEHTYPE" speed="13.08" pos="70.87" lane="2/1to3/1_0" slope="0.00"/>
        <vehicle id="48" x="598.35" y="506.68" angle="0.00" type="DEFAULT_VEHTYPE" speed="13.65" pos="88.57" lane="3/3to3/2_0" slope="0.00"/>
        <vehicle id="49" x="201.65" y="369.50" angle="180.00" type="DEFAULT_VEHTYPE" speed="12.99" pos="164.75" lane="1/1to1/2_0" slope="0.00"/>
        <vehicle id="5" x="203.16" y="598.02" angle="161.13" type="DEFAULT_VEHTYPE" speed="13.50" pos="3.36" lane=":1/3_8_0" slope="0.00"/>
        <vehicle id="6" x="192.75" y="398.35" angle="90.00" type="DEFAULT_VEHTYPE" speed="0.00" pos="192.75" lane="0/2to1/2_0" slope="0.00"/>
        <vehicle id="7" x="398.35" y="727.26" angle="0.00" type="DEFAULT_VEHTYPE" speed="13.26" pos="72.74" lane="2/4to2/3_0" slope="0.00"/>
        <vehicle id="8" x="601.65" y="390.56" angle="180.00" type="DEFAULT_VEHTYPE" speed="3.42" pos="185.81" lane="3/1to3/2_0" slope="0.00"/>
        <vehicle id="9" x="184.95" y="201.65" angle="-90.00" type="DEFAULT_VEHTYPE" speed="13.68" pos="10.30" lane="1/1to0/1_0" slope="0.00"/>
    </timestep>
    <timestep time="232.00">
        <vehicle id="0" x="54.88" y="201.65" angle="-90.00" type="DEFAULT_VEHTYPE" speed="13.49" pos="140.37" lane="1/1to0/1_0" slope="0.00"/>
        <vehicle id="10" x="598.35" y="537.02" angle="0.00" type="DEFAULT_VEHTYPE" speed="13.53" pos="58.23" lane="3/3to3/2_0" slope="0.00"/>
        <vehicle id="11" x="166.96" y="401.65" angle="-90.00" type="DEFAULT_VEHTYPE" speed="12.36" pos="28.29" lane="1/2to0/2_0" slope="0.00"/>
        <vehicle id="15" x="398.35" y="124.24" angle="0.00" type="DEFAULT_VEHTYPE" speed="12.80" pos="71.01" lane="2/1to2/0_0" slope="0.00"/>
        <vehicle id="16" x="398.35" y="226.00" angle="0.00" type="DEFAULT_VEHTYPE" speed="12.87" pos="169.25" lane="2/2to2/1_0" slope="0.00"/>
        <vehicle id="17" x="350.78" y="401.65" angle="-90.00" type="DEFAULT_VEHTYPE" speed="13.73" pos="44.47" lane="2/2to1/2_0" slope="0.00"/>
        <vehicle id="18" x="401.65" y="92.78" angle="180.00" type="DEFAULT_VEHTYPE" speed="12.89" pos="92.78" lane="2/0to2/1_0" slope="0.00"/>
        <vehicle id="2" x="601.65" y="212.91" angle="180.00" type="DEFAULT_VEHTYPE" speed="9.99" pos="8.16" lane="3/1to3/2_0" slope="0.00"/>
        <vehicle id="24" x="401.65" y="772.33" angle="180.00" type="DEFAULT_VEHTYPE" speed="12.91" pos="167.58" lane="2/3to2/4_0" slope="0.00"/>
        <vehicle id="28" x="22.58" y="198.35" angle="90.00" type="DEFAULT_VEHTYPE" speed="13.45" pos="22.58" lane="0/1to1/1_0" slope="0.00"/>
        <vehicle id="29" x="398.35" y="306.10" angle="0.00" type="DEFAULT_VEHTYPE" speed="13.28" pos="89.15" lane="2/2to2/1_0" slope="0.00"/>
        <vehicle id="3" x="109.84" y="201.65" angle="-90.00" type="DEFAULT_VEHTYPE" speed="13.76" pos="85.41" lane="1/1to0/1_0" slope="0.00"/>
        <vehicle id="33" x="601.65" y="347.25" angle="180.00" type="DEFAULT_VEHTYPE" speed="13.28" pos="142.50" lane="3/1to3/2_0" slope="0.00"/>
        <vehicle id="37" x="201.65" y="506.00" angle="180.00" type="DEFAULT_VEHTYPE" speed="13.59" pos="101.25" lane="1/2to1/3_0" slope="0.00"/>
        <vehicle id="39" x="601.65" y="294.26" angle="180.00" type="DEFAULT_VEHTYPE" speed="13.15" pos="89.51" lane="3/1to3/2_0" slope="0.00"/>
        <vehicle id="40" x="128.43" y="198.35" angle="90.00" type="DEFAULT_VEHTYPE" speed="13.83" pos="128.43" lane="0/1to1/1_0" slope="0.00"/>
        <vehicle id="42" x="401.65" y="680.63" angle="180.00" type="DEFAULT_VEHTYPE" speed="12.91" pos="75.88" lane="2/3to2/4_0" slope="0.00"/>
        <vehicle id="43" x="201.65" y="543.89" angle="180.00" type="DEFAULT_VEHTYPE" speed="13.68" pos="139.14" lane="1/2to1/3_0" slope="0.00"/>
        <vehicle id="44" x="489.33" y="198.35" angle="90.00" type="DEFAULT_VEHTYPE" speed="13.71" pos="84.58" lane="2/1to3/1_0" slope="0.00"/>
        <vehicle id="48" x="598.35" y="493.95" angle="0.00" type="DEFAULT_VEHTYPE" speed="12.73" pos="101.30" lane="3/3to3/2_0" slope="0.00"/>
        <vehicle id="49" x="201.65" y="382.72" angle="180.00" type="DEFAULT_VEHTYPE" speed="13.22" pos="177.97" lane="1/1to1/2_0" slope="0.00"/>
        <vehicle id="5" x="216.75" y="598.35" angle="90.00" type="DEFAULT_VEHTYPE" speed="13.64" pos="12.00" lane="1/3to2/3_0" slope="0.00"/>
        <vehicle id="6" x="192.75" y="398.35" angle="90.00" type="DEFAULT_VEHTYPE" speed="0.00" pos="192.75" lane="0/2to1/2_0" slope="0.00"/>
        <vehicle id="7" x="398.35" y="714.29" angle="0.00" type="DEFAULT_VEHTYPE" speed="12.97" pos="85.71" lane="2/4to2/3_0" slope="0.00"/>
        <vehicle id="8" x="601.56" y="395.86" angle="-179.01" type="DEFAULT_VEHTYPE" speed="5.31" pos="0.61" lane=":3/2_10_0" slope="0.00"/>
        <vehicle id="9" x="171.66" y="201.65" angle="-90.00" type="DEFAULT_VEHTYPE" speed="13.29" pos="23.59" lane="1/1to0/1_0" slope="0.00"/>
    </timestep>
    <timestep time="233.00">
        <vehicle id="0" x="41.56" y="201.65" angle="-90.00" type="DEFAULT_VEHTYPE" speed="13.32" pos="153.69" lane="1/1to0/1_0" slope="0.00"/>
        <vehicle id="10" x="598.35" y="524.19" angle="0.00" type="DEFAULT_VEHTYPE" speed="12.83" pos="71.06" lane="3/3to3/2_0" slope="0.00"/>
        <vehicle id="11" x="153.74" y="401.65" angle="-90.00" type="DEFAULT_VEHTYPE" speed="13.23" pos="41.51" lane="1/2to0/2_0" slope="0.00"/>
        <vehicle id="15" x="398.35" y="111.09" angle="0.00" type="DEFAULT_VEHTYPE" speed="13.14" pos="84.16" lane="2/1to2/0_0" slope="0.00"/>
        <vehicle id="16" x="398.35" y="212.71" angle="0.00" type="DEFAULT_VEHTYPE" speed="13.29" pos="182.54" lane="2/2to2/1_0" slope="0.00"/>
        <vehicle id="17" x="338.13" y="401.65" angle="-90.00" type="DEFAULT_VEHTYPE" speed="12.66" pos="57.12" lane="2/2to1/2_0" slope="0.00"/>
        <vehicle id="18" x="401.65" y="105.74" angle="180.00" type="DEFAULT_VEHTYPE" speed="12.95" pos="105.74" lane="2/0to2/1_0" slope="0.00"/>
        <vehicle id="2" x="601.65" y="224.44" angle="180.00" type="DEFAULT_VEHTYPE" speed="11.54" pos="19.69" lane="3/1to3/2_0" slope="0.00"/>
        <vehicle id="24" x="401.65" y="785.94" angle="180.00" type="DEFAULT_VEHTYPE" speed="13.62" pos="181.19" lane="2/3to2/4_0" slope="0.00"/>
        <vehicle id="28" x="35.35" y="198.35" angle="90.00" type="DEFAULT_VEHTYPE" speed="12.77" pos="35.35" lane="0/1to1/1_0" slope="0.00"/>
        <vehicle id="29" x="398.35" y="292.25" angle="0.00" type="DEFAULT_VEHTYPE" speed="13.85" pos="103.00" lane="2/2to2/1_0" slope="0.00"/>
        <vehicle id="3" x="96.30" y="201.65" angle="-90.00" type="DEFAULT_VEHTYPE" speed="13.55" pos="98.95" lane="1/1to0/1_0" slope="0.00"/>
        <vehicle id="33" x="601.65" y="360.94" angle="180.00" type="DEFAULT_VEHTYPE" speed="13.70" pos="156.19" lane="3/1to3/2_0" slope="0.00"/>
        <vehicle id="37" x="201.65" y="518.60" angle="180.00" type="DEFAULT_VEHTYPE" speed="12.60" pos="113.85" lane="1/2to1/3_0" slope="0.00"/>
        <vehicle id="39" x="601.65" y="307.11" angle="180.00" type="DEFAULT_VEHTYPE" speed="12.85" pos="102.36" lane="3/1to3/2_0" slope="0.00"/>
        <vehicle id="40" x="141.54" y="198.35" angle="90.00" type="DEFAULT_VEHTYPE" speed="13.10" pos="141.54" lane="0/1to1/1_0" slope="0.00"/>
        <vehicle id="42" x="401.65" y="693.33" angle="180.00" type="DEFAULT_VEHTYPE" speed="12.71" pos="88.58" lane="2/3to2/4_0" slope="0.00"/>
        <vehicle id="43" x="201.65" y="557.59" angle="180.00" type="DEFAULT_VEHTYPE" speed="13.70" pos="152.84" lane="1/2to1/3_0" slope="0.00"/>
        <vehicle id="44" x="502.01" y="198.35" angle="90.00" type="DEFAULT_VEHTYPE" speed="12.68" pos="97.26" lane="2/1to3/1_0" slope="0.00"/>
        <vehicle id="48" x="598.35" y="480.96" angle="0.00" type="DEFAULT_VEHTYPE" speed="12.99" pos="114.29" lane="3/3to3/2_0" slope="0.00"/>
        <vehicle id="49" x="201.65" y="396.50" angle="180.00" type="DEFAULT_VEHTYPE" speed="13.78" pos="1.25" lane=":1/2_9_0" slope="0.00"/>
        <vehicle id="5" x="229.49" y="598.35" angle="90.00" type="DEFAULT_VEHTYPE" speed="12.74" pos="24.74" lane="1/3to2/3_0" slope="0.00"/>
        <vehicle id="6" x="192.75" y="398.35" angle="90.00" type="DEFAULT_VEHTYPE" speed="0.00" pos="192.75" lane="0/2to1/2_0" slope="0.00"/>
        <vehicle id="7" x="398.35" y="700.65" angle="0.00" type="DEFAULT_VEHTYPE" speed="13.64" pos="99.35" lane="2/4to2/3_0" slope="0.00"/>
        <vehicle id="8" x="597.54" y="401.32" angle="-130.76" type="DEFAULT_VEHTYPE" speed="7.40" pos="0.87" lane=":3/2_18_0" slope="0.00"/>
        <vehicle id="9" x="158.67" y="201.65" angle="-90.00" type="DEFAULT_VEHTYPE" speed="12.98" pos="36.58" lane="1/1to0/1_0" slope="0.00"/>
    </timestep>
    <timestep time="234.00">
        <vehicle id="0" x="28.18" y="201.65" angle="-90.00" type="DEFAULT_VEHTYPE" speed="13.38" pos="167.07" lane="1/1to0/1_0" slope="0.00"/>
        <vehicle id="10" x="598.35" y="511.49" angle="0.00" type="DEFAULT_VEHTYPE" speed="12.70" pos="83.76" lane="3/3to3/2_0" slope="0.00"/>
        <vehicle id="11" x="140.69" y="401.65" angle="-90.00" type="DEFAULT_VEHTYPE" speed="13.04" pos="54.56" lane="1/2to0/2_0" slope="0.00"/>
        <vehicle id="15" x="398.35" y="97.90" angle="0.00" type="DEFAULT_VEHTYPE" speed="13.19" pos="97.35" lane="2/1to2/0_0" slope="0.00"/>
        <vehicle id="16" x="395.08" y="201.65" angle="-47.92" type="DEFAULT_VEHTYPE" speed="13.13" pos="0.17" lane="2/1to1/1_0" slope="0.00"/>
        <vehicle id="17" x="324.43" y="401.65" angle="-90.00" type="DEFAULT_VEHTYPE" speed="13.70" pos="70.82" lane="2/2to1/2_0" slope="0.00"/>
        <vehicle id="18" x="401.65" y="118.93" angle="180.00" type="DEFAULT_VEHTYPE" speed="13.19" pos="118.93" lane="2/0to2/1_0" slope="0.00"/>
        <vehicle id="2" x="601.65" y="237.47" angle="180.00" type="DEFAULT_VEHTYPE" speed="13.02" pos="32.72" lane="3/1to3/2_0" slope="0.00"/>
        <vehicle id="24" x="401.65" y="799.69" angle="180.00" type="DEFAULT_VEHTYPE" speed="13.75" pos="194.94" lane="2/3to2/4_0" slope="0.00"/>
        <vehicle id="28" x="49.13" y="198.35" angle="90.00" type="DEFAULT_VEHTYPE" speed="13.78" pos="49.13" lane="0/1to1/1_0" slope="0.00"/>
        <vehicle id="29" x="398.35" y="278.58" angle="0.00" type="DEFAULT_VEHTYPE" speed="13.67" pos="116.67" lane="2/2to2/1_0" slope="0.00"/>
        <vehicle id="3" x="82.87" y="201.65" angle="-90.00" type="DEFAULT_VEHTYPE" speed="13.43" pos="112.38" lane="1/1to0/1_0" slope="0.00"/>
        <vehicle id="33" x="601.65" y="373.69" angle="180.00" type="DEFAULT_VEHTYPE" speed="12.75" pos="168.94" lane="3/1to3/2_0" slope="0.00"/>
        <vehicle id="37" x="201.65" y="531.37" angle="180.00" type="DEFAULT_VEHTYPE" speed="12.77" pos="126.62" lane="1/2to1/3_0" slope="0.00"/>
        <vehicle id="39" x="601.65" y="320.56" angle="180.00" type="DEFAULT_VEHTYPE" speed="13.45" pos="115.81" lane="3/1to3/2_0" slope="0.00"/>
        <vehicle id="40" x="154.22" y="198.35" angle="90.00" type="DEFAULT_VEHTYPE" speed="12.68" pos="154.22" lane="0/1to1/1_0" slope="0.00"/>
        <vehicle id="42" x="401.65" y="706.99" angle="180.00" type="DEFAULT_VEHTYPE" speed="13.66" pos="102.24" lane="2/3to2/4_0" slope="0.00"/>
        <vehicle id="43" x="201.65" y="570.29" angle="180.00" type="DEFAULT_VEHTYPE" speed="12.70" pos="165.54" lane="1/2to1/3_0" slope="0.00"/>
        <vehicle id="44" x="515.19" y="198.35" angle="90.00" type="DEFAULT_VEHTYPE" speed="13.18" pos="110.44" lane="2/1to3/1_0" slope="0.00"/>
        <vehicle id="48" x="598.35" y="467.13" angle="0.00" type="DEFAULT_VEHTYPE" speed="13.83" pos="128.12" lane="3/3to3/2_0" slope="0.00"/>
        <vehicle id="49" x="201.65" y="409.94" angle="180.00" type="DEFAULT_VEHTYPE" speed="13.44" pos="5.19" lane="1/2to1/3_0" slope="0.00"/>
        <vehicle id="5" x="243.20" y="598.35" angle="90.00" type="DEFAULT_VEHTYPE" speed="13.71" pos="38.45" lane="1/3to2/3_0" slope="0.00"/>
        <vehicle id="6" x="192.75" y="398.35" angle="90.00" type="DEFAULT_VEHTYPE" speed="0.00" pos="192.75" lane="0/2to1/2_0" slope="0.00"/>
        <vehicle id="7" x="398.35" y="687.91" angle="0.00" type="DEFAULT_VEHTYPE" speed="12.74" pos="112.09" lane="2/4to2/3_0" slope="0.00"/>
        <vehicle id="8" x="588.05" y="401.65" angle="-90.00" type="DEFAULT_VEHTYPE" speed="9.51" pos="7.20" lane="3/2to2/2_0" slope="0.00"/>
        <vehicle id="9" x="145.13" y="201.65" angle="-90.00" type="DEFAULT_VEHTYPE" speed="13.54" pos="50.12" lane="1/1to0/1_0" slope="0.00"/>
    </timestep>
    <timestep time="235.00">
        <vehicle id="0" x="15.44" y="201.65" angle="-90.00" type="DEFAULT_VEHTYPE" speed="12.74" pos="179.81" lane="1/1to0/1_0" slope="0.00"/>
        <vehicle id="10" x="598.35" y="498.15" angle="0.00" type="DEFAULT_VEHTYPE" speed="13.34" pos="97.10" lane="3/3to3/2_0" slope="0.00"/>
        <vehicle id="11" x="126.97" y="401.65" angle="-90.00" type="DEFAULT_VEHTYPE" speed="13.73" pos="68.28" lane="1/2to0/2_0" slope="0.00"/>
        <vehicle id="15" x="398.35" y="85.24" angle="0.00" type="DEFAULT_VEHTYPE" speed="12.66" pos="110.01" lane="2/1to2/0_0" slope="0.00"/>
        <vehicle id="16" x="381.84" y="201.65" angle="-90.00" type="DEFAULT_VEHTYPE" speed="13.24" pos="13.41" lane="2/1to1/1_0" slope="0.00"/>
        <vehicle id="17" x="311.74" y="401.65" angle="-90.00" type="DEFAULT_VEHTYPE" speed="12.68" pos="83.51" lane="2/2to1/2_0" slope="0.00"/>
        <vehicle id="18" x="401.65" y="132.24" angle="180.00" type="DEFAULT_VEHTYPE" speed="13.31" pos="132.24" lane="2/0to2/1_0" slope="0.00"/>
        <vehicle id="2" x="601.65" y="250.74" angle="180.00" type="DEFAULT_VEHTYPE" speed="13.27" pos="45.99" lane="3/1to3/2_0" slope="0.00"/>
        <vehicle id="24" x="398.35" y="791.64" angle="0.00" type="DEFAULT_VEHTYPE" speed="13.49" pos="8.36" lane="2/4to2/3_0" slope="0.00"/>
        <vehicle id="28" x="62.33" y="198.35" angle="90.00" type="DEFAULT_VEHTYPE" speed="13.20" pos="62.33" lane="0/1to1/1_0" slope="0.00"/>
        <vehicle id="29" x="398.35" y="265.45" angle="0.00" type="DEFAULT_VEHTYPE" speed="13.13" pos="129.80" lane="2/2to2/1_0" slope="0.00"/>
        <vehicle id="3" x="70.08" y="201.65" angle="-90.00" type="DEFAULT_VEHTYPE" speed="12.78" pos="125.17" lane="1/1to0/1_0" slope="0.00"/>
        <vehicle id="33" x="601.65" y="387.59" angle="180.00" type="DEFAULT_VEHTYPE" speed="13.90" pos="182.84" lane="3/1to3/2_0" slope="0.00"/>
        <vehicle id="37" x="201.65" y="544.01" angle="180.00" type="DEFAULT_VEHTYPE" speed="12.64" pos="139.26" lane="1/2to1/3_0" slope="0.00"/>
        <vehicle id="39" x="601.65" y="333.95" angle="180.00" type="DEFAULT_VEHTYPE" speed="13.39" pos="129.20" lane="3/1to3/2_0" slope="0.00"/>
        <vehicle id="40" x="166.84" y="198.35" angle="90.00" type="DEFAULT_VEHTYPE" speed="12.62" pos="166.84" lane="0/1to1/1_0" slope="0.00"/>
        <vehicle id="42" x="401.65" y="720.46" angle="180.00" type="DEFAULT_VEHTYPE" speed="13.46" pos="115.71" lane="2/3to2/4_0" slope="0.00"/>
        <vehicle id="43" x="201.65" y="583.78" angle="180.00" type="DEFAULT_VEHTYPE" speed="13.49" pos="179.03" lane="1/2to1/3_0" slope="0.00"/>
        <vehicle id="44" x="527.91" y="198.35" angle="90.00" type="DEFAULT_VEHTYPE" speed="12.72" pos="123.16" lane="2/1to3/1_0" slope="0.00"/>
        <vehicle id="48" x="598.35" y="453.88" angle="0.00" type="DEFAULT_VEHTYPE" speed="13.24" pos="141.37" lane="3/3to3/2_0" slope="0.00"/>
        <vehicle id="49" x="201.65" y="423.67" angle="180.00" type="DEFAULT_VEHTYPE" speed="13.73" pos="18.92" lane="1/2to1/3_0" slope="0.00"/>
        <vehicle id="5" x="255.98" y="598.35" angle="90.00" type="DEFAULT_VEHTYPE" speed="12.78" pos="51.23" lane="1/3to2/3_0" slope="0.00"/>
        <vehicle id="6" x="194.89" y="398.35" angle="90.00" type="DEFAULT_VEHTYPE" speed="2.15" pos="194.89" lane="0/2to1/2_0" slope="0.00"/>
        <vehicle id="7" x="398.35" y="674.05" angle="0.00" type="DEFAULT_VEHTYPE" speed="13.86" pos="125.95" lane="2/4to2/3_0" slope="0.00"/>
        <vehicle id="8" x="576.23" y="401.65" angle="-90.00" type="DEFAULT_VEHTYPE" speed="11.83" pos="19.02" lane="3/2to2/2_0" slope="0.00"/>
        <vehicle id="9" x="132.15" y="201.65" angle="-90.00" type="DEFAULT_VEHTYPE" speed="12.98" pos="63.10" lane="1/1to0/1_0" slope="0.00"/>
    </timestep>
    <timestep time="236.00">
        <vehicle id="0" x="2.17" y="201.65" angle="-90.00" type="DEFAULT_VEHTYPE" speed="13.27" pos="193.08" lane="1/1to0/1_0" slope="0.00"/>
        <vehicle id="10" x="598.35" y="484.84" angle="0.00" type="DEFAULT_VEHTYPE" speed="13.31" pos="110.41" lane="3/3to3/2_0" slope="0.00"/>
        <vehicle id="11" x="113.98" y="401.65" angle="-90.00" type="DEFAULT_VEHTYPE" speed="12.99" pos="81.27" lane="1/2to0/2_0" slope="0.00"/>
        <vehicle id="15" x="398.35" y="72.49" angle="0.00" type="DEFAULT_VEHTYPE" speed="12.75" pos="122.76" lane="2/1to2/0_0" slope="0.00"/>
        <vehicle id="16" x="368.51" y="201.65" angle="-90.00" type="DEFAULT_VEHTYPE" speed="13.33" pos="26.74" lane="2/1to1/1_0" slope="0.00"/>
        <vehicle id="17" x="298.65" y="401.65" angle="-90.00" type="DEFAULT_VEHTYPE" speed="13.10" pos="96.60" lane="2/2to1/2_0" slope="0.00"/>
        <vehicle id="18" x="401.65" y="144.87" angle="180.00" type="DEFAULT_VEHTYPE" speed="12.63" pos="144.87" lane="2/0to2/1_0" slope="0.00"/>
        <vehicle id="2" x="601.65" y="264.26" angle="180.00" type="DEFAULT_VEHTYPE" speed="13.52" pos="59.51" lane="3/1to3/2_0" slope="0.00"/>
        <vehicle id="24" x="398.35" y="778.17" angle="0.00" type="DEFAULT_VEHTYPE" speed="13.47" pos="21.83" lane="2/4to2/3_0" slope="0.00"/>
        <vehicle id="28" x="75.84" y="198.35" angle="90.00" type="DEFAULT_VEHTYPE" speed="13.51" pos="75.84" lane="0/1to1/1_0" slope="0.00"/>
        <vehicle id="29" x="398.35" y="252.55" angle="0.00" type="DEFAULT_VEHTYPE" speed="12.90" pos="142.70" lane="2/2to2/1_0" slope="0.00"/>
        <vehicle id="3" x="57.16" y="201.65" angle="-90.00" type="DEFAULT_VEHTYPE" speed="12.92" pos="138.09" lane="1/1to0/1_0" slope="0.00"/>
        <vehicle id="33" x="601.65" y="401.46" angle="180.00" type="DEFAULT_VEHTYPE" speed="13.87" pos="6.21" lane=":3/2_9_0" slope="0.00"/>
        <vehicle id="37" x="201.65" y="557.44" angle="180.00" type="DEFAULT_VEHTYPE" speed="13.43" pos="152.69" lane="1/2to1/3_0" slope="0.00"/>
        <vehicle id="39" x="601.65" y="346.88" angle="180.00" type="DEFAULT_VEHTYPE" speed="12.93" pos="142.13" lane="3/1to3/2_0" slope="0.00"/>
        <vehicle id="40" x="177.11" y="198.35" angle="90.00" type="DEFAULT_VEHTYPE" speed="10.26" pos="177.11" lane="0/1to1/1_0" slope="0.00"/>
        <vehicle id="42" x="401.65" y="734.18" angle="180.00" type="DEFAULT_VEHTYPE" speed="13.72" pos="129.43" lane="2/3to2/4_0" slope="0.00"/>
        <vehicle id="43" x="201.91" y="596.72" angle="177.05" type="DEFAULT_VEHTYPE" speed="12.97" pos="1.50" lane=":1/3_8_0" slope="0.00"/>
        <vehicle id="44" x="540.57" y="198.35" angle="90.00" type="DEFAULT_VEHTYPE" speed="12.66" pos="135.82" lane="2/1to3/1_0" slope="0.00"/>
        <vehicle id="48" x="598.35" y="441.13" angle="0.00" type="DEFAULT_VEHTYPE" speed="12.76" pos="154.12" lane="3/3to3/2_0" slope="0.00"/>
        <vehicle id="49" x="201.65" y="436.38" angle="180.00" type="DEFAULT_VEHTYPE" speed="12.71" pos="31.63" lane="1/2to1/3_0" slope="0.00"/>
        <vehicle id="5" x="268.61" y="598.35" angle="90.00" type="DEFAULT_VEHTYPE" speed="12.64" pos="63.86" lane="1/3to2/3_0" slope="0.00"/>
        <vehicle id="6" x="198.82" y="399.21" angle="100.11" type="DEFAULT_VEHTYPE" speed="4.09" pos="3.73" lane=":1/2_14_0" slope="0.00"/>
        <vehicle id="7" x="398.35" y="661.38" angle="0.00" type="DEFAULT_VEHTYPE" speed="12.67" pos="138.62" lane="2/4to2/3_0" slope="0.00"/>
        <vehicle id="8" x="563.19" y="401.65" angle="-90.00" type="DEFAULT_VEHTYPE" speed="13.04" pos="32.06" lane="3/2to2/2_0" slope="0.00"/>
        <vehicle id="9" x="119.32" y="201.65" angle="-90.00" type="DEFAULT_VEHTYPE" speed="12.82" pos="75.93" lane="1/1to0/1_0" slope="0.00"/>
    </timestep>
    <timestep time="237.00">
        <vehicle id="0" x="6.08" y="198.35" angle="90.00" type="DEFAULT_VEHTYPE" speed="13.08" pos="6.08" lane="0/1to1/1_0" slope="0.00"/>
        <vehicle id="10" x="598.35" y="471.27" angle="0.00" type="DEFAULT_VEHTYPE" speed="13.58" pos="123.98" lane="3/3to3/2_0" slope="0.00"/>
        <vehicle id="11" x="100.80" y="401.65" angle="-90.00" type="DEFAULT_VEHTYPE" speed="13.18" pos="94.45" lane="1/2to0/2_0" slope="0.00"/>
        <vehicle id="15" x="398.35" y="58.80" angle="0.00" type="DEFAULT_VEHTYPE" speed="13.69" pos="136.45" lane="2/1to2/0_0" slope="0.00"/>
        <vehicle id="16" x="355.15" y="201.65" angle="-90.00" type="DEFAULT_VEHTYPE" speed="13.36" pos="40.10" lane="2/1to1/1_0" slope="0.00"/>
        <vehicle id="17" x="285.00" y="401.65" angle="-90.00" type="DEFAULT_VEHTYPE" speed="13.65" pos="110.25" lane="2/2to1/2_0" slope="0.00"/>
        <vehicle id="18" x="401.65" y="157.71" angle="180.00" type="DEFAULT_VEHTYPE" speed="12.84" pos="157.71" lane="2/0to2/1_0" slope="0.00"/>
        <vehicle id="2" x="601.65" y="277.43" angle="180.00" type="DEFAULT_VEHTYPE" speed="13.17" pos="72.68" lane="3/1to3/2_0" slope="0.00"/>
        <vehicle id="24" x="398.35" y="764.72" angle="0.00" type="DEFAULT_VEHTYPE" speed="13.45" pos="35.28" lane="2/4to2/3_0" slope="0.00"/>
        <vehicle id="28" x="89.64" y="198.35" angle="90.00" type="DEFAULT_VEHTYPE" speed="13.80" pos="89.64" lane="0/1to1/1_0" slope="0.00"/>
        <vehicle id="29" x="398.35" y="239.93" angle="0.00" type="DEFAULT_VEHTYPE" speed="12.61" pos="155.32" lane="2/2to2/1_0" slope="0.00"/>
        <vehicle id="3" x="44.23" y="201.65" angle="-90.00" type="DEFAULT_VEHTYPE" speed="12.93" pos="151.02" lane="1/1to0/1_0" slope="0.00"/>
        <vehicle id="33" x="601.65" y="414.37" angle="180.00" type="DEFAULT_VEHTYPE" speed="12.91" pos="9.62" lane="3/2to3/3_0" slope="0.00"/>
        <vehicle id="37" x="201.65" y="571.27" angle="180.00" type="DEFAULT_VEHTYPE" speed="13.83" pos="166.52" lane="1/2to1/3_0" slope="0.00"/>
        <vehicle id="39" x="601.65" y="359.95" angle="180.00" type="DEFAULT_VEHTYPE" speed="13.07" pos="155.20" lane="3/1to3/2_0" slope="0.00"/>
        <vehicle id="40" x="184.55" y="198.35" angle="90.00" type="DEFAULT_VEHTYPE" speed="7.44" pos="184.55" lane="0/1to1/1_0" slope="0.00"/>
        <vehicle id="42" x="401.65" y="747.96" angle="180.00" type="DEFAULT_VEHTYPE" speed="13.78" pos="143.21" lane="2/3to2/4_0" slope="0.00"/>
        <vehicle id="43" x="214.81" y="598.35" angle="90.00" type="DEFAULT_VEHTYPE" speed="13.56" pos="10.06" lane="1/3to2/3_0" slope="0.00"/>
        <vehicle id="44" x="554.29" y="198.35" angle="90.00" type="DEFAULT_VEHTYPE" speed="13.72" pos="149.54" lane="2/1to3/1_0" slope="0.00"/>
        <vehicle id="48" x="598.35" y="428.51" angle="0.00" type="DEFAULT_VEHTYPE" speed="12.62" pos="166.74" lane="3/3to3/2_0" slope="0.00"/>
        <vehicle id="49" x="201.65" y="449.26" angle="180.00" type="DEFAULT_VEHTYPE" speed="12.89" pos="44.51" lane="1/2to1/3_0" slope="0.00"/>
        <vehicle id="5" x="281.88" y="598.35" angle="90.00" type="DEFAULT_VEHTYPE" speed="13.27" pos="77.13" lane="1/3to2/3_0" slope="0.00"/>
        <vehicle id="6" x="201.51" y="403.80" angle="153.25" type="DEFAULT_VEHTYPE" speed="5.63" pos="9.36" lane=":1/2_14_0" slope="0.00"/>
        <vehicle id="7" x="398.35" y="648.27" angle="0.00" type="DEFAULT_VEHTYPE" speed="13.10" pos="151.73" lane="2/4to2/3_0" slope="0.00"/>
        <vehicle id="8" x="550.08" y="401.65" angle="-90.00" type="DEFAULT_VEHTYPE" speed="13.11" pos="45.17" lane="3/2to2/2_0" slope="0.00"/>
        <vehicle id="9" x="105.88" y="201.65" angle="-90.00" type="DEFAULT_VEHTYPE" speed="13.44" pos="89.37" lane="1/1to0/1_0" slope="0.00"/>
    </timestep>
    <timestep time="238.00">
        <vehicle id="0" x="18.91" y="198.35" angle="90.00" type="DEFAULT_VEHTYPE" speed="12.83" pos="18.91" lane="0/1to1/1_0" slope="0.00"/>
        <vehicle id="10" x="598.35" y="457.78" angle="0.00" type="DEFAULT_VEHTYPE" speed="13.49" pos="137.47" lane="3/3to3/2_0" slope="0.00"/>
        <vehicle id="11" x="87.92" y="401.65" angle="-90.00" type="DEFAULT_VEHTYPE" speed="12.88" pos="107.33" lane="1/2to0/2_0" slope="0.00"/>
        <vehicle id="15" x="398.35" y="46.10" angle="0.00" type="DEFAULT_VEHTYPE" speed="12.70" pos="149.15" lane="2/1to2/0_0" slope="0.00"/>
        <vehicle id="16" x="341.81" y="201.65" angle="-90.00" type="DEFAULT_VEHTYPE" speed="13.34" pos="53.44" lane="2/1to1/1_0" slope="0.00"/>
        <vehicle id="17" x="271.55" y="401.65" angle="-90.00" type="DEFAULT_VEHTYPE" speed="13.44" pos="123.70" lane="2/2to1/2_0" slope="0.00"/>
        <vehicle id="18" x="401.65" y="170.62" angle="180.00" type="DEFAULT_VEHTYPE" speed="12.91" pos="170.62" lane="2/0to2/1_0" slope="0.00"/>
        <vehicle id="2" x="601.65" y="290.98" angle="180.00" type="DEFAULT_VEHTYPE" speed="13.55" pos="86.23" lane="3/1to3/2_0" slope="0.00"/>
        <vehicle id="24" x="398.35" y="751.01" angle="0.00" type="DEFAULT_VEHTYPE" speed="13.71" pos="48.99" lane="2/4to2/3_0" slope="0.00"/>
        <vehicle id="28" x="103.36" y="198.35" angle="90.00" type="DEFAULT_VEHTYPE" speed="13.72" pos="103.36" lane="0/1to1/1_0" slope="0.00"/>
        <vehicle id="29" x="398.35" y="226.38" angle="0.00" type="DEFAULT_VEHTYPE" speed="13.55" pos="168.87" lane="2/2to2/1_0" slope="0.00"/>
        <vehicle id="3" x="31.00" y="201.65" angle="-90.00" type="DEFAULT_VEHTYPE" speed="13.23" pos="164.25" lane="1/1to0/1_0" slope="0.00"/>
        <vehicle id="33" x="601.65" y="427.01" angle="180.00" type="DEFAULT_VEHTYPE" speed="12.64" pos="22.26" lane="3/2to3/3_0" slope="0.00"/>
        <vehicle id="37" x="201.65" y="584.48" angle="180.00" type="DEFAULT_VEHTYPE" speed="13.20" pos="179.73" lane="1/2to1/3_0" slope="0.00"/>
        <vehicle id="39" x="601.65" y="372.95" angle="180.00" type="DEFAULT_VEHTYPE" speed="13.00" pos="168.20" lane="3/1to3/2_0" slope="0.00"/>
        <vehicle id="40" x="189.27" y="198.35" angle="90.00" type="DEFAULT_VEHTYPE" speed="4.73" pos="189.27" lane="0/1to1/1_0" slope="0.00"/>
        <vehicle id="42" x="401.65" y="761.69" angle="180.00" type="DEFAULT_VEHTYPE" speed="13.73" pos="156.94" lane="2/3to2/4_0" slope="0.00"/>
        <vehicle id="43" x="227.54" y="598.35" angle="90.00" type="DEFAULT_VEHTYPE" speed="12.73" pos="22.79" lane="1/3to2/3_0" slope="0.00"/>
        <vehicle id="44" x="567.74" y="198.35" angle="90.00" type="DEFAULT_VEHTYPE" speed="13.45" pos="162.99" lane="2/1to3/1_0" slope="0.00"/>
        <vehicle id="48" x="598.35" y="415.37" angle="0.00" type="DEFAULT_VEHTYPE" speed="13.13" pos="179.88" lane="3/3to3/2_0" slope="0.00"/>
        <vehicle id="49" x="201.65" y="461.94" angle="180.00" type="DEFAULT_VEHTYPE" speed="12.68" pos="57.19" lane="1/2to1/3_0" slope="0.00"/>
        <vehicle id="5" x="295.20" y="598.35" angle="90.00" type="DEFAULT_VEHTYPE" speed="13.32" pos="90.45" lane="1/3to2/3_0" slope="0.00"/>
        <vehicle id="6" x="201.65" y="411.51" angle="180.00" type="DEFAULT_VEHTYPE" speed="7.72" pos="6.76" lane="1/2to1/3_0" slope="0.00"/>
        <vehicle id="7" x="398.35" y="634.90" angle="0.00" type="DEFAULT_VEHTYPE" speed="13.37" pos="165.10" lane="2/4to2/3_0" slope="0.00"/>
        <vehicle id="8" x="536.56" y="401.65" angle="-90.00" type="DEFAULT_VEHTYPE" speed="13.52" pos="58.69" lane="3/2to2/2_0" slope="0.00"/>
        <vehicle id="9" x="92.50" y="201.65" angle="-90.00" type="DEFAULT_VEHTYPE" speed="13.38" pos="102.75" lane="1/1to0/1_0" slope="0.00"/>
    </timestep>
    <timestep time="239.00">
        <vehicle id="0" x="32.69" y="198.35" angle="90.00" type="DEFAULT_VEHTYPE" speed="13.78" pos="32.69" lane="0/1to1/1_0" slope="0.00"/>
        <vehicle id="10" x="598.35" y="444.20" angle="0.00" type="DEFAULT_VEHTYPE" speed="13.57" pos="151.05" lane="3/3to3/2_0" slope="0.00"/>
        <vehicle id="11" x="74.74" y="401.65" angle="-90.00" type="DEFAULT_VEHTYPE" speed="13.18" pos="120.51" lane="1/2to0/2_0" slope="0.00"/>
        <vehicle id="15" x="398.35" y="32.74" angle="0.00" type="DEFAULT_VEHTYPE" speed="13.36" pos="162.51" lane="2/1to2/0_0" slope="0.00"/>
        <vehicle id="16" x="328.33" y="201.65" angle="-90.00" type="DEFAULT_VEHTYPE" speed="13.47" pos="66.92" lane="2/1to1/1_0" slope="0.00"/>
        <vehicle id="17" x="257.93" y="401.65" angle="-90.00" type="DEFAULT_VEHTYPE" speed="13.62" pos="137.32" lane="2/2to1/2_0" slope="0.00"/>
        <vehicle id="18" x="401.65" y="183.88" angle="180.00" type="DEFAULT_VEHTYPE" speed="13.26" pos="183.88" lane="2/0to2/1_0" slope="0.00"/>
        <vehicle id="2" x="601.65" y="304.25" angle="180.00" type="DEFAULT_VEHTYPE" speed="13.27" pos="99.50" lane="3/1to3/2_0" slope="0.00"/>
        <vehicle id="24" x="398.35" y="738.31" angle="0.00" type="DEFAULT_VEHTYPE" speed="12.69" pos="61.69" lane="2/4to2/3_0" slope="0.00"/>
        <vehicle id="28" x="116.77" y="198.35" angle="90.00" type="DEFAULT_VEHTYPE" speed="13.42" pos="116.77" lane="0/1to1/1_0" slope="0.00"/>
        <vehicle id="29" x="398.35" y="212.90" angle="0.00" type="DEFAULT_VEHTYPE" speed="13.48" pos="182.35" lane="2/2to2/1_0" slope="0.00"/>
        <vehicle id="3" x="18.10" y="201.65" angle="-90.00" type="DEFAULT_VEHTYPE" speed="12.90" pos="177.15" lane="1/1to0/1_0" slope="0.00"/>
        <vehicle id="33" x="601.65" y="440.10" angle="180.00" type="DEFAULT_VEHTYPE" speed="13.09" pos="35.35" lane="3/2to3/3_0" slope="0.00"/>
        <vehicle id="37" x="202.65" y="597.71" angle="168.02" type="DEFAULT_VEHTYPE" speed="13.54" pos="2.76" lane=":1/3_8_0" slope="0.00"/>
        <vehicle id="39" x="601.65" y="385.82" angle="180.00" type="DEFAULT_VEHTYPE" speed="12.86" pos="181.07" lane="3/1to3/2_0" slope="0.00"/>
        <vehicle id="40" x="196.55" y="198.17" angle="87.91" type="DEFAULT_VEHTYPE" speed="7.29" pos="1.31" lane=":1/1_12_0" slope="0.00"/>
        <vehicle id="42" x="401.65" y="775.05" angle="180.00" type="DEFAULT_VEHTYPE" speed="13.36" pos="170.30" lane="2/3to2/4_0" slope="0.00"/>
        <vehicle id="43" x="240.95" y="598.35" angle="90.00" type="DEFAULT_VEHTYPE" speed="13.41" pos="36.20" lane="1/3to2/3_0" slope="0.00"/>
        <vehicle id="44" x="577.88" y="198.35" angle="90.00" type="DEFAULT_VEHTYPE" speed="10.13" pos="173.13" lane="2/1to3/1_0" slope="0.00"/>
        <vehicle id="48" x="597.72" y="402.65" angle="-7.39" type="DEFAULT_VEHTYPE" speed="12.85" pos="2.23" lane=":3/2_0_0" slope="0.00"/>
        <vehicle id="49" x="201.65" y="475.11" angle="180.00" type="DEFAULT_VEHTYPE" speed="13.17" pos="70.36" lane="1/2to1/3_0" slope="0.00"/>
        <vehicle id="5" x="308.12" y="598.35" angle="90.00" type="DEFAULT_VEHTYPE" speed="12.92" pos="103.37" lane="1/3to2/3_0" slope="0.00"/>
        <vehicle id="6" x="201.65" y="420.86" angle="180.00" type="DEFAULT_VEHTYPE" speed="9.35" pos="16.11" lane="1/2to1/3_0" slope="0.00"/>
        <vehicle id="7" x="398.35" y="622.25" angle="0.00" type="DEFAULT_VEHTYPE" speed="12.66" pos="177.75" lane="2/4to2/3_0" slope="0.00"/>
        <vehicle id="8" x="523.22" y="401.65" angle="-90.00" type="DEFAULT_VEHTYPE" speed="13.34" pos="72.03" lane="3/2to2/2_0" slope="0.00"/>
        <vehicle id="9" x="79.76" y="201.65" angle="-90.00" type="DEFAULT_VEHTYPE" speed="12.75" pos="115.49" lane="1/1to0/1_0" slope="0.00"/>
    </timestep>
    <timestep time="240.00">
        <vehicle id="0" x="46.11" y="198.35" angle="90.00" type="DEFAULT_VEHTYPE" speed="13.41" pos="46.11" lane="0/1to1/1_0" slope="0.00"/>
        <vehicle id="10" x="598.35" y="431.57" angle="0.00" type="DEFAULT_VEHTYPE" speed="12.64" pos="163.68" lane="3/3to3/2_0" slope="0.00"/>
        <vehicle id="11" x="62.02" y="401.65" angle="-90.00" type="DEFAULT_VEHTYPE" speed="12.72" pos="133.23" lane="1/2to0/2_0" slope="0.00"/>
        <vehicle id="15" x="398.35" y="19.29" angle="0.00" type="DEFAULT_VEHTYPE" speed="13.45" pos="175.96" lane="2/1to2/0_0" slope="0.00"/>
        <vehicle id="16" x="315.02" y="201.65" angle="-90.00" type="DEFAULT_VEHTYPE" speed="13.31" pos="80.23" lane="2/1to1/1_0" slope="0.00"/>
        <vehicle id="17" x="244.58" y="401.65" angle="-90.00" type="DEFAULT_VEHTYPE" speed="13.35" pos="150.67" lane="2/2to1/2_0" slope="0.00"/>
        <vehicle id="18" x="402.39" y="197.53" angle="171.34" type="DEFAULT_VEHTYPE" speed="13.81" pos="2.44" lane=":2/1_8_0" slope="0.00"/>
        <vehicle id="2" x="601.65" y="317.98" angle="180.00" type="DEFAULT_VEHTYPE" speed="13.73" pos="113.23" lane="3/1to3/2_0" slope="0.00"/>
        <vehicle id="24" x="398.35" y="724.54" angle="0.00" type="DEFAULT_VEHTYPE" speed="13.77" pos="75.46" lane="2/4to2/3_0" slope="0.00"/>
        <vehicle id="28" x="130.44" y="198.35" angle="90.00" type="DEFAULT_VEHTYPE" speed="13.67" pos="130.44" lane="0/1to1/1_0" slope="0.00"/>
        <vehicle id="29" x="398.35" y="199.98" angle="0.00" type="DEFAULT_VEHTYPE" speed="12.93" pos="4.77" lane=":2/1_1_0" slope="0.00"/>
        <vehicle id="3" x="4.57" y="201.65" angle="-90.00" type="DEFAULT_VEHTYPE" speed="13.53" pos="190.68" lane="1/1to0/1_0" slope="0.00"/>
        <vehicle id="33" x="601.65" y="453.35" angle="180.00" type="DEFAULT_VEHTYPE" speed="13.25" pos="48.60" lane="3/2to3/3_0" slope="0.00"/>
        <vehicle id="37" x="216.19" y="598.35" angle="90.00" type="DEFAULT_VEHTYPE" speed="13.67" pos="11.44" lane="1/3to2/3_0" slope="0.00"/>
        <vehicle id="39" x="601.65" y="399.15" angle="180.00" type="DEFAULT_VEHTYPE" speed="13.33" pos="3.90" lane=":3/2_9_0" slope="0.00"/>
        <vehicle id="40" x="198.35" y="189.14" angle="0.00" type="DEFAULT_VEHTYPE" speed="9.80" pos="6.11" lane="1/1to1/0_0" slope="0.00"/>
        <vehicle id="42" x="401.65" y="788.46" angle="180.00" type="DEFAULT_VEHTYPE" speed="13.41" pos="183.71" lane="2/3to2/4_0" slope="0.00"/>
        <vehicle id="43" x="254.00" y="598.35" angle="90.00" type="DEFAULT_VEHTYPE" speed="13.05" pos="49.25" lane="1/3to2/3_0" slope="0.00"/>
        <vehicle id="44" x="584.76" y="198.35" angle="90.00" type="DEFAULT_VEHTYPE" speed="6.88" pos="180.01" lane="2/1to3/1_0" slope="0.00"/>
        <vehicle id="48" x="585.24" y="401.65" angle="-90.00" type="DEFAULT_VEHTYPE" speed="12.78" pos="10.01" lane="3/2to2/2_0" slope="0.00"/>
        <vehicle id="49" x="201.65" y="488.55" angle="180.00" type="DEFAULT_VEHTYPE" speed="13.44" pos="83.80" lane="1/2to1/3_0" slope="0.00"/>
        <vehicle id="5" x="322.00" y="598.35" angle="90.00" type="DEFAULT_VEHTYPE" speed="13.88" pos="117.25" lane="1/3to2/3_0" slope="0.00"/>
        <vehicle id="6" x="201.65" y="431.58" angle="180.00" type="DEFAULT_VEHTYPE" speed="10.72" pos="26.83" lane="1/2to1/3_0" slope="0.00"/>
        <vehicle id="7" x="398.35" y="608.75" angle="0.00" type="DEFAULT_VEHTYPE" speed="13.50" pos="191.25" lane="2/4to2/3_0" slope="0.00"/>
        <vehicle id="8" x="510.00" y="401.65" angle="-90.00" type="DEFAULT_VEHTYPE" speed="13.22" pos="85.25" lane="3/2to2/2_0" slope="0.00"/>
        <vehicle id="9" x="65.86" y="201.65" angle="-90.00" type="DEFAULT_VEHTYPE" speed="13.90" pos="129.39" lane="1/1to0/1_0" slope="0.00"/>
    </timestep>
    <timestep time="241.00">
        <vehicle id="0" x="59.11" y="198.35" angle="90.00" type="DEFAULT_VEHTYPE" speed="13.01" pos="59.11" lane="0/1to1/1_0" slope="0.00"/>
        <vehicle id="10" x="598.35" y="418.10" angle="0.00" type="DEFAULT_VEHTYPE" speed="13.47" pos="177.15" lane="3/3to3/2_0" slope="0.00"/>
        <vehicle id="11" x="49.40" y="401.65" angle="-90.00" type="DEFAULT_VEHTYPE" speed="12.62" pos="145.85" lane="1/2to0/2_0" slope="0.00"/>
        <vehicle id="15" x="398.35" y="5.45" angle="0.00" type="DEFAULT_VEHTYPE" speed="13.84" pos="189.80" lane="2/1to2/0_0" slope="0.00"/>
        <vehicle id="16" x="301.37" y="201.65" angle="-90.00" type="DEFAULT_VEHTYPE" speed="13.65" pos="93.88" lane="2/1to1/1_0" slope="0.00"/>
        <vehicle id="17" x="231.34" y="401.65" angle="-90.00" type="DEFAULT_VEHTYPE" speed="13.25" pos="163.91" lane="2/2to1/2_0" slope="0.00"/>
        <vehicle id="18" x="415.15" y="198.35" angle="90.00" type="DEFAULT_VEHTYPE" speed="12.96" pos="10.40" lane="2/1to3/1_0" slope="0.00"/>
        <vehicle id="2" x="601.65" y="331.67" angle="180.00" type="DEFAULT_VEHTYPE" speed="13.68" pos="126.92" lane="3/1to3/2_0" slope="0.00"/>
        <vehicle id="24" x="398.35" y="711.71" angle="0.00" type="DEFAULT_VEHTYPE" speed="12.84" pos="88.29" lane="2/4to2/3_0" slope="0.00"/>
        <vehicle id="28" x="144.29" y="198.35" angle="90.00" type="DEFAULT_VEHTYPE" speed="13.85" pos="144.29" lane="0/1to1/1_0" slope="0.00"/>
        <vehicle id="29" x="398.35" y="186.47" angle="0.00" type="DEFAULT_VEHTYPE" speed="13.51" pos="8.78" lane="2/1to2/0_0" slope="0.00"/>
        <vehicle id="3" x="4.25" y="198.35" angle="85.10" type="DEFAULT_VEHTYPE" speed="13.64" pos="4.25" lane="0/1to1/1_0" slope="0.00"/>
        <vehicle id="33" x="601.65" y="466.78" angle="180.00" type="DEFAULT_VEHTYPE" speed="13.43" pos="62.03" lane="3/2to3/3_0" slope="0.00"/>
        <vehicle id="37" x="228.83" y="598.35" angle="90.00" type="DEFAULT_VEHTYPE" speed="12.64" pos="24.08" lane="1/3to2/3_0" slope="0.00"/>
        <vehicle id="39" x="601.65" y="412.46" angle="180.00" type="DEFAULT_VEHTYPE" speed="13.31" pos="7.71" lane="3/2to3/3_0" slope="0.00"/>
        <vehicle id="40" x="198.35" y="177.40" angle="0.00" type="DEFAULT_VEHTYPE" speed="11.73" pos="17.85" lane="1/1to1/0_0" slope="0.00"/>
        <vehicle id="42" x="400.53" y="801.39" angle="-166.19" type="DEFAULT_VEHTYPE" speed="13.36" pos="1.82" lane=":2/4_0_0" slope="0.00"/>
        <vehicle id="43" x="267.80" y="598.35" angle="90.00" type="DEFAULT_VEHTYPE" speed="13.80" pos="63.05" lane="1/3to2/3_0" slope="0.00"/>
        <vehicle id="44" x="588.59" y="198.35" angle="90.00" type="DEFAULT_VEHTYPE" speed="3.83" pos="183.84" lane="2/1to3/1_0" slope="0.00"/>
        <vehicle id="48" x="571.58" y="401.65" angle="-90.00" type="DEFAULT_VEHTYPE" speed="13.66" pos="23.67" lane="3/2to2/2_0" slope="0.00"/>
        <vehicle id="49" x="201.65" y="502.35" angle="180.00" type="DEFAULT_VEHTYPE" speed="13.80" pos="97.60" lane="1/2to1/3_0" slope="0.00"/>
        <vehicle id="5" x="335.38" y="598.35" angle="90.00" type="DEFAULT_VEHTYPE" speed="13.37" pos="130.63" lane="1/3to2/3_0" slope="0.00"/>
        <vehicle id="6" x="201.65" y="444.75" angle="180.00" type="DEFAULT_VEHTYPE" speed="13.17" pos="40.00" lane="1/2to1/3_0" slope="0.00"/>
        <vehicle id="7" x="398.35" y="595.84" angle="0.00" type="DEFAULT_VEHTYPE" speed="12.91" pos="8.91" lane=":2/3_1_0" slope="0.00"/>
        <vehicle id="8" x="496.22" y="401.65" angle="-90.00" type="DEFAULT_VEHTYPE" speed="13.78" pos="99.03" lane="3/2to2/2_0" slope="0.00"/>
        <vehicle id="9" x="52.53" y="201.65" angle="-90.00" type="DEFAULT_VEHTYPE" speed="13.33" pos="142.72" lane="1/1to0/1_0" slope="0.00"/>
    </timestep>
    <timestep time="242.00">
        <vehicle id="0" x="72.66" y="198.35" angle="90.00" type="DEFAULT_VEHTYPE" speed="13.54" pos="72.66" lane="0/1to1/1_0" slope="0.00"/>
        <vehicle id="10" x="598.35" y="405.30" angle="0.00" type="DEFAULT_VEHTYPE" speed="12.80" pos="189.95" lane="3/3to3/2_0" slope="0.00"/>
        <vehicle id="11" x="35.88" y="401.65" angle="-90.00" type="DEFAULT_VEHTYPE" speed="13.53" pos="159.37" lane="1/2to0/2_0" slope="0.00"/>
        <vehicle id="15" x="401.65" y="2.47" angle="156.52" type="DEFAULT_VEHTYPE" speed="12.74" pos="2.47" lane="2/0to2/1_0" slope="0.00"/>
        <vehicle id="16" x="288.15" y="201.65" angle="-90.00" type="DEFAULT_VEHTYPE" speed="13.22" pos="107.10" lane="2/1to1/1_0" slope="0.00"/>
        <vehicle id="17" x="221.65" y="401.65" angle="-90.00" type="DEFAULT_VEHTYPE" speed="9.68" pos="173.60" lane="2/2to1/2_0" slope="0.00"/>
        <vehicle id="18" x="428.21" y="198.35" angle="90.00" type="DEFAULT_VEHTYPE" speed="13.06" pos="23.46" lane="2/1to3/1_0" slope="0.00"/>
        <vehicle id="2" x="601.65" y="345.17" angle="180.00" type="DEFAULT_VEHTYPE" speed="13.50" pos="140.42" lane="3/1to3/2_0" slope="0.00"/>
        <vehicle id="24" x="398.35" y="698.90" angle="0.00" type="DEFAULT_VEHTYPE" speed="12.80" pos="101.10" lane="2/4to2/3_0" slope="0.00"/>
        <vehicle id="28" x="157.09" y="198.35" angle="90.00" type="DEFAULT_VEHTYPE" speed="12.80" pos="157.09" lane="0/1to1/1_0" slope="0.00"/>
        <vehicle id="29" x="398.35" y="173.00" angle="0.00" type="DEFAULT_VEHTYPE" speed="13.46" pos="22.25" lane="2/1to2/0_0" slope="0.00"/>
        <vehicle id="3" x="18.10" y="198.35" angle="90.00" type="DEFAULT_VEHTYPE" speed="13.85" pos="18.10" lane="0/1to1/1_0" slope="0.00"/>
        <vehicle id="33" x="601.65" y="480.51" angle="180.00" type="DEFAULT_VEHTYPE" speed="13.73" pos="75.76" lane="3/2to3/3_0" slope="0.00"/>
        <vehicle id="37" x="242.22" y="598.35" angle="90.00" type="DEFAULT_VEHTYPE" speed="13.39" pos="37.47" lane="1/3to2/3_0" slope="0.00"/>
        <vehicle id="39" x="601.65" y="426.13" angle="180.00" type="DEFAULT_VEHTYPE" speed="13.67" pos="21.38" lane="3/2to3/3_0" slope="0.00"/>
        <vehicle id="40" x="198.35" y="164.32" angle="0.00" type="DEFAULT_VEHTYPE" speed="13.08" pos="30.93" lane="1/1to1/0_0" slope="0.00"/>
        <vehicle id="42" x="398.35" y="789.78" angle="0.00" type="DEFAULT_VEHTYPE" speed="13.22" pos="10.22" lane="2/4to2/3_0" slope="0.00"/>
        <vehicle id="43" x="280.42" y="598.35" angle="90.00" type="DEFAULT_VEHTYPE" speed="12.62" pos="75.67" lane="1/3to2/3_0" slope="0.00"/>
        <vehicle id="44" x="593.90" y="198.35" angle="90.00" type="DEFAULT_VEHTYPE" speed="5.31" pos="189.15" lane="2/1to3/1_0" slope="0.00"/>
        <vehicle id="48" x="558.21" y="401.65" angle="-90.00" type="DEFAULT_VEHTYPE" speed="13.36" pos="37.04" lane="3/2to2/2_0" slope="0.00"/>
        <vehicle id="49" x="201.65" y="516.12" angle="180.00" type="DEFAULT_VEHTYPE" speed="13.77" pos="111.37" lane="1/2to1/3_0" slope="0.00"/>
        <vehicle id="5" x="348.76" y="598.35" angle="90.00" type="DEFAULT_VEHTYPE" speed="13.38" pos="144.01" lane="1/3to2/3_0" slope="0.00"/>
        <vehicle id="6" x="201.65" y="457.92" angle="180.00" type="DEFAULT_VEHTYPE" speed="13.17" pos="53.17" lane="1/2to1/3_0" slope="0.00"/>
        <vehicle id="7" x="398.35" y="582.97" angle="0.00" type="DEFAULT_VEHTYPE" speed="12.87" pos="12.28" lane="2/3to2/2_0" slope="0.00"/>
        <vehicle id="8" x="482.90" y="401.65" angle="-90.00" type="DEFAULT_VEHTYPE" speed="13.31" pos="112.35" lane="3/2to2/2_0" slope="0.00"/>
        <vehicle id="9" x="39.48" y="201.65" angle="-90.00" type="DEFAULT_VEHTYPE" speed="13.04" pos="155.77" lane="1/1to0/1_0" slope="0.00"/>
    </timestep>
    <timestep time="243.00">
        <vehicle id="0" x="85.95" y="198.35" angle="90.00" type="DEFAULT_VEHTYPE" speed="13.29" pos="85.95" lane="0/1to1/1_0" slope="0.00"/>
        <vehicle id="10" x="587.73" y="401.65" angle="-90.00" type="DEFAULT_VEHTYPE" speed="13.07" pos="7.52" lane="3/2to2/2_0" slope="0.00"/>
        <vehicle id="11" x="21.98" y="401.65" angle="-90.00" type="DEFAULT_VEHTYPE" speed="13.90" pos="173.27" lane="1/2to0/2_0" slope="0.00"/>
        <vehicle id="15" x="401.65" y="16.01" angle="180.00" type="DEFAULT_VEHTYPE" speed="13.55" pos="16.01" lane="2/0to2/1_0" slope="0.00"/>
        <vehicle id="16" x="274.63" y="201.65" angle="-90.00" type="DEFAULT_VEHTYPE" speed="13.52" pos="120.62" lane="2/1to1/1_0" slope="0.00"/>
        <vehicle id="17" x="214.13" y="401.65" angle="-90.00" type="DEFAULT_VEHTYPE" speed="7.52" pos="181.12" lane="2/2to1/2_0" slope="0.00"/>
        <vehicle id="18" x="441.82" y="198.35" angle="90.00" type="DEFAULT_VEHTYPE" speed="13.61" pos="37.07" lane="2/1to3/1_0" slope="0.00"/>
        <vehicle id="2" x="601.65" y="358.88" angle="180.00" type="DEFAULT_VEHTYPE" speed="13.71" pos="154.13" lane="3/1to3/2_0" slope="0.00"/>
        <vehicle id="24" x="398.35" y="686.23" angle="0.00" type="DEFAULT_VEHTYPE" speed="12.67" pos="113.77" lane="2/4to2/3_0" slope="0.00"/>
        <vehicle id="28" x="169.75" y="198.35" angle="90.00" type="DEFAULT_VEHTYPE" speed="12.65" pos="169.75" lane="0/1to1/1_0" slope="0.00"/>
        <vehicle id="29" x="398.35" y="159.96" angle="0.00" type="DEFAULT_VEHTYPE" speed="13.04" pos="35.29" lane="2/1to2/0_0" slope="0.00"/>
        <vehicle id="3" x="30.83" y="198.35" angle="90.00" type="DEFAULT_VEHTYPE" speed="12.73" pos="30.83" lane="0/1to1/1_0" slope="0.00"/>
        <vehicle id="33" x="601.65" y="493.78" angle="180.00" type="DEFAULT_VEHTYPE" speed="13.28" pos="89.03" lane="3/2to3/3_0" slope="0.00"/>
        <vehicle id="37" x="256.08" y="598.35" angle="90.00" type="DEFAULT_VEHTYPE" speed="13.86" pos="51.33" lane="1/3to2/3_0" slope="0.00"/>
        <vehicle id="39" x="601.65" y="440.01" angle="180.00" type="DEFAULT_VEHTYPE" speed="13.88" pos="35.26" lane="3/2to3/3_0" slope="0.00"/>
        <vehicle id="40" x="198.35" y="150.94" angle="0.00" type="DEFAULT_VEHTYPE" speed="13.38" pos="44.31" lane="1/1to1/0_0" slope="0.00"/>
        <vehicle id="42" x="398.35" y="776.80" angle="0.00" type="DEFAULT_VEHTYPE" speed="12.98" pos="23.20" lane="2/4to2/3_0" slope="0.00"/>
        <vehicle id="43" x="294.14" y="598.35" angle="90.00" type="DEFAULT_VEHTYPE" speed="13.72" pos="89.39" lane="1/3to2/3_0" slope="0.00"/>
        <vehicle id="44" x="600.56" y="200.81" angle="118.82" type="DEFAULT_VEHTYPE" speed="7.51" pos="6.16" lane=":3/1_14_0" slope="0.00"/>
        <vehicle id="48" x="545.48" y="401.65" angle="-90.00" type="DEFAULT_VEHTYPE" speed="12.74" pos="49.77" lane="3/2to2/2_0" slope="0.00"/>
        <vehicle id="49" x="201.65" y="529.30" angle="180.00" type="DEFAULT_VEHTYPE" speed="13.18" pos="124.55" lane="1/2to1/3_0" slope="0.00"/>
        <vehicle id="5" x="362.32" y="598.35" angle="90.00" type="DEFAULT_VEHTYPE" speed="13.56" pos="157.57" lane="1/3to2/3_0" slope="0.00"/>
        <vehicle id="6" x="201.65" y="471.81" angle="180.00" type="DEFAULT_VEHTYPE" speed="13.89" pos="67.06" lane="1/2to1/3_0" slope="0.00"/>
        <vehicle id="7" x="398.35" y="569.45" angle="0.00" type="DEFAULT_VEHTYPE" speed="13.52" pos="25.80" lane="2/3to2/2_0" slope="0.00"/>
        <vehicle id="8" x="469.26" y="401.65" angle="-90.00" type="DEFAULT_VEHTYPE" speed="13.64" pos="125.99" lane="3/2to2/2_0" slope="0.00"/>
        <vehicle id="9" x="26.61" y="201.65" angle="-90.00" type="DEFAULT_VEHTYPE" speed="12.87" pos="168.64" lane="1/1to0/1_0" slope="0.00"/>
    </timestep>
    <timestep time="244.00">
        <vehicle id="0" x="99.28" y="198.35" angle="90.00" type="DEFAULT_VEHTYPE" speed="13.33" pos="99.28" lane="0/1to1/1_0" slope="0.00"/>
        <vehicle id="10" x="574.93" y="401.65" angle="-90.00" type="DEFAULT_VEHTYPE" speed="12.80" pos="20.32" lane="3/2to2/2_0" slope="0.00"/>
        <vehicle id="11" x="9.05" y="401.65" angle="-90.00" type="DEFAULT_VEHTYPE" speed="12.93" pos="186.20" lane="1/2to0/2_0" slope="0.00"/>
        <vehicle id="15" x="401.65" y="28.98" angle="180.00" type="DEFAULT_VEHTYPE" speed="12.96" pos="28.98" lane="2/0to2/1_0" slope="0.00"/>
        <vehicle id="16" x="261.10" y="201.65" angle="-90.00" type="DEFAULT_VEHTYPE" speed="13.53" pos="134.15" lane="2/1to1/1_0" slope="0.00"/>
        <vehicle id="17" x="210.76" y="401.65" angle="-90.00" type="DEFAULT_VEHTYPE" speed="3.38" pos="184.49" lane="2/2to1/2_0" slope="0.00"/>
        <vehicle id="18" x="454.85" y="198.35" angle="90.00" type="DEFAULT_VEHTYPE" speed="13.03" pos="50.10" lane="2/1to3/1_0" slope="0.00"/>
        <vehicle id="2" x="601.65" y="372.37" angle="180.00" type="DEFAULT_VEHTYPE" speed="13.49" pos="167.62" lane="3/1to3/2_0" slope="0.00"/>
        <vehicle id="24" x="398.35" y="673.17" angle="0.00" type="DEFAULT_VEHTYPE" speed="13.06" pos="126.83" lane="2/4to2/3_0" slope="0.00"/>
        <vehicle id="28" x="180.23" y="198.35" angle="90.00" type="DEFAULT_VEHTYPE" speed="10.48" pos="180.23" lane="0/1to1/1_0" slope="0.00"/>
        <vehicle id="29" x="398.35" y="146.53" angle="0.00" type="DEFAULT_VEHTYPE" speed="13.43" pos="48.72" lane="2/1to2/0_0" slope="0.00"/>
        <vehicle id="3" x="44.59" y="198.35" angle="90.00" type="DEFAULT_VEHTYPE" speed="13.76" pos="44.59" lane="0/1to1/1_0" slope="0.00"/>
        <vehicle id="33" x="601.65" y="506.62" angle="180.00" type="DEFAULT_VEHTYPE" speed="12.83" pos="101.87" lane="3/2to3/3_0" slope="0.00"/>
        <vehicle id="37" x="269.55" y="598.35" angle="90.00" type="DEFAULT_VEHTYPE" speed="13.47" pos="64.80" lane="1/3to2/3_0" slope="0.00"/>
        <vehicle id="39" x="601.65" y="452.86" angle="180.00" type="DEFAULT_VEHTYPE" speed="12.85" pos="48.11" lane="3/2to3/3_0" slope="0.00"/>
        <vehicle id="40" x="198.35" y="138.21" angle="0.00" type="DEFAULT_VEHTYPE" speed="12.73" pos="57.04" lane="1/1to1/0_0" slope="0.00"/>
        <vehicle id="42" x="398.35" y="763.47" angle="0.00" type="DEFAULT_VEHTYPE" speed="13.33" pos="36.53" lane="2/4to2/3_0" slope="0.00"/>
        <vehicle id="43" x="307.54" y="598.35" angle="90.00" type="DEFAULT_VEHTYPE" speed="13.40" pos="102.79" lane="1/3to2/3_0" slope="0.00"/>
        <vehicle id="44" x="601.65" y="209.47" angle="179.54" type="DEFAULT_VEHTYPE" speed="8.88" pos="4.72" lane="3/1to3/2_0" slope="0.00"/>
        <vehicle id="48" x="532.14" y="401.65" angle="-90.00" type="DEFAULT_VEHTYPE" speed="13.34" pos="63.11" lane="3/2to2/2_0" slope="0.00"/>
        <vehicle id="49" x="201.65" y="542.35" angle="180.00" type="DEFAULT_VEHTYPE" speed="13.05" pos="137.60" lane="1/2to1/3_0" slope="0.00"/>
        <vehicle id="5" x="374.49" y="598.35" angle="90.00" type="DEFAULT_VEHTYPE" speed="12.18" pos="169.74" lane="1/3to2/3_0" slope="0.00"/>
        <vehicle id="6" x="201.65" y="484.85" angle="180.00" type="DEFAULT_VEHTYPE" speed="13.04" pos="80.10" lane="1/2to1/3_0" slope="0.00"/>
        <vehicle id="7" x="398.35" y="556.00" angle="0.00" type="DEFAULT_VEHTYPE" speed="13.45" pos="39.25" lane="2/3to2/2_0" slope="0.00"/>
        <vehicle id="8" x="456.60" y="401.65" angle="-90.00" type="DEFAULT_VEHTYPE" speed="12.66" pos="138.65" lane="3/2to2/2_0" slope="0.00"/>
        <vehicle id="9" x="12.81" y="201.65" angle="-90.00" type="DEFAULT_VEHTYPE" speed="13.81" pos="182.44" lane="1/1to0/1_0" slope="0.00"/>
    </timestep>
    <timestep time="245.00">
        <vehicle id="0" x="112.28" y="198.35" angle="90.00" type="DEFAULT_VEHTYPE" speed="13.00" pos="112.28" lane="0/1to1/1_0" slope="0.00"/>
        <vehicle id="10" x="561.66" y="401.65" angle="-90.00" type="DEFAULT_VEHTYPE" speed="13.27" pos="33.59" lane="3/2to2/2_0" slope="0.00"/>
        <vehicle id="11" x="-0.03" y="398.37" angle="-4.35" type="DEFAULT_VEHTYPE" speed="13.83" pos="4.78" lane=":0/2_0_0" slope="0.00"/>
        <vehicle id="15" x="401.65" y="42.13" angle="180.00" type="DEFAULT_VEHTYPE" speed="13.15" pos="42.13" lane="2/0to2/1_0" slope="0.00"/>
        <vehicle id="16" x="247.26" y="201.65" angle="-90.00" type="DEFAULT_VEHTYPE" speed="13.84" pos="147.99" lane="2/1to1/1_0" slope="0.00"/>
        <vehicle id="17" x="205.86" y="401.65" angle="-90.00" type="DEFAULT_VEHTYPE" speed="4.90" pos="189.39" lane="2/2to1/2_0" slope="0.00"/>
        <vehicle id="18" x="468.26" y="198.35" angle="90.00" type="DEFAULT_VEHTYPE" speed="13.41" pos="63.51" lane="2/1to3/1_0" slope="0.00"/>
        <vehicle id="2" x="601.65" y="385.35" angle="180.00" type="DEFAULT_VEHTYPE" speed="12.98" pos="180.60" lane="3/1to3/2_0" slope="0.00"/>
        <vehicle id="24" x="398.35" y="660.24" angle="0.00" type="DEFAULT_VEHTYPE" speed="12.93" pos="139.76" lane="2/4to2/3_0" slope="0.00"/>
        <vehicle id="28" x="186.97" y="198.35" angle="90.00" type="DEFAULT_VEHTYPE" speed="6.74" pos="186.97" lane="0/1to1/1_0" slope="0.00"/>
        <vehicle id="29" x="398.35" y="133.37" angle="0.00" type="DEFAULT_VEHTYPE" speed="13.17" pos="61.88" lane="2/1to2/0_0" slope="0.00"/>
        <vehicle id="3" x="58.11" y="198.35" angle="90.00" type="DEFAULT_VEHTYPE" speed="13.52" pos="58.11" lane="0/1to1/1_0" slope="0.00"/>
        <vehicle id="33" x="601.65" y="519.51" angle="180.00" type="DEFAULT_VEHTYPE" speed="12.89" pos="114.76" lane="3/2to3/3_0" slope="0.00"/>
        <vehicle id="37" x="282.80" y="598.35" angle="90.00" type="DEFAULT_VEHTYPE" speed="13.25" pos="78.05" lane="1/3to2/3_0" slope="0.00"/>
        <vehicle id="39" x="601.65" y="465.65" angle="180.00" type="DEFAULT_VEHTYPE" speed="12.79" pos="60.90" lane="3/2to3/3_0" slope="0.00"/>
        <vehicle id="40" x="198.35" y="125.38" angle="0.00" type="DEFAULT_VEHTYPE" speed="12.83" pos="69.87" lane="1/1to1/0_0" slope="0.00"/>
        <vehicle id="42" x="398.35" y="749.97" angle="0.00" type="DEFAULT_VEHTYPE" speed="13.50" pos="50.03" lane="2/4to2/3_0" slope="0.00"/>
        <vehicle id="43" x="320.20" y="598.35" angle="90.00" type="DEFAULT_VEHTYPE" speed="12.66" pos="115.45" lane="1/3to2/3_0" slope="0.00"/>
        <vehicle id="44" x="601.65" y="220.14" angle="180.00" type="DEFAULT_VEHTYPE" speed="10.68" pos="15.39" lane="3/1to3/2_0" slope="0.00"/>
        <vehicle id="48" x="519.20" y="401.65" angle="-90.00" type="DEFAULT_VEHTYPE" speed="12.94" pos="76.05" lane="3/2to2/2_0" slope="0.00"/>
        <vehicle id="49" x="201.65" y="555.13" angle="180.00" type="DEFAULT_VEHTYPE" speed="12.78" pos="150.38" lane="1/2to1/3_0" slope="0.00"/>
        <vehicle id="5" x="382.97" y="598.35" angle="90.00" type="DEFAULT_VEHTYPE" speed="8.48" pos="178.22" lane="1/3to2/3_0" slope="0.00"/>
        <vehicle id="6" x="201.65" y="498.10" angle="180.00" type="DEFAULT_VEHTYPE" speed="13.26" pos="93.35" lane="1/2to1/3_0" slope="0.00"/>
        <vehicle id="7" x="398.35" y="543.13" angle="0.00" type="DEFAULT_VEHTYPE" speed="12.88" pos="52.12" lane="2/3to2/2_0" slope="0.00"/>
        <vehicle id="8" x="442.87" y="401.65" angle="-90.00" type="DEFAULT_VEHTYPE" speed="13.73" pos="152.38" lane="3/2to2/2_0" slope="0.00"/>
        <vehicle id="9" x="-0.45" y="201.35" angle="-86.52" type="DEFAULT_VEHTYPE" speed="13.35" pos="0.54" lane=":0/1_0_0" slope="0.00"/>
    </timestep>
    <timestep time="246.00">
        <vehicle id="0" x="125.69" y="198.35" angle="90.00" type="DEFAULT_VEHTYPE" speed="13.41" pos="125.69" lane="0/1to1/1_0" slope="0.00"/>
        <vehicle id="10" x="548.03" y="401.65" angle="-90.00" type="DEFAULT_VEHTYPE" speed="13.63" pos="47.22" lane="3/2to2/2_0" slope="0.00"/>
        <vehicle id="11" x="13.33" y="398.35" angle="90.00" type="DEFAULT_VEHTYPE" speed="13.37" pos="13.33" lane="0/2to1/2_0" slope="0.00"/>
        <vehicle id="15" x="401.65" y="54.86" angle="180.00" type="DEFAULT_VEHTYPE" speed="12.74" pos="54.86" lane="2/0to2/1_0" slope="0.00"/>
        <vehicle id="16" x="233.56" y="201.65" angle="-90.00" type="DEFAULT_VEHTYPE" speed="13.69" pos="161.69" lane="2/1to1/1_0" slope="0.00"/>
        <vehicle id="17" x="198.72" y="401.65" angle="-90.00" type="DEFAULT_VEHTYPE" speed="7.13" pos="6.03" lane=":1/2_5_0" slope="0.00"/>
        <vehicle id="18" x="481.20" y="198.35" angle="90.00" type="DEFAULT_VEHTYPE" speed="12.93" pos="76.45" lane="2/1to3/1_0" slope="0.00"/>
        <vehicle id="2" x="601.65" y="398.55" angle="180.00" type="DEFAULT_VEHTYPE" speed="13.20" pos="3.30" lane=":3/2_9_0" slope="0.00"/>
        <vehicle id="24" x="398.35" y="647.20" angle="0.00" type="DEFAULT_VEHTYPE" speed="13.04" pos="152.80" lane="2/4to2/3_0" slope="0.00"/>
        <vehicle id="28" x="190.25" y="198.35" angle="90.00" type="DEFAULT_VEHTYPE" speed="3.28" pos="190.25" lane="0/1to1/1_0" slope="0.00"/>
        <vehicle id="29" x="398.35" y="119.50" angle="0.00" type="DEFAULT_VEHTYPE" speed="13.87" pos="75.75" lane="2/1to2/0_0" slope="0.00"/>
        <vehicle id="3" x="71.34" y="198.35" angle="90.00" type="DEFAULT_VEHTYPE" speed="13.23" pos="71.34" lane="0/1to1/1_0" slope="0.00"/>
        <vehicle id="33" x="601.65" y="533.03" angle="180.00" type="DEFAULT_VEHTYPE" speed="13.52" pos="128.28" lane="3/2to3/3_0" slope="0.00"/>
        <vehicle id="37" x="296.35" y="598.35" angle="90.00" type="DEFAULT_VEHTYPE" speed="13.55" pos="91.60" lane="1/3to2/3_0" slope="0.00"/>
        <vehicle id="39" x="601.65" y="479.41" angle="180.00" type="DEFAULT_VEHTYPE" speed="13.75" pos="74.66" lane="3/2to3/3_0" slope="0.00"/>
        <vehicle id="40" x="198.35" y="112.40" angle="0.00" type="DEFAULT_VEHTYPE" speed="12.98" pos="82.85" lane="1/1to1/0_0" slope="0.00"/>
        <vehicle id="42" x="398.35" y="737.04" angle="0.00" type="DEFAULT_VEHTYPE" speed="12.93" pos="62.96" lane="2/4to2/3_0" slope="0.00"/>
        <vehicle id="43" x="333.50" y="598.35" angle="90.00" type="DEFAULT_VEHTYPE" speed="13.31" pos="128.75" lane="1/3to2/3_0" slope="0.00"/>
        <vehicle id="44" x="601.65" y="232.52" angle="180.00" type="DEFAULT_VEHTYPE" speed="12.38" pos="27.77" lane="3/1to3/2_0" slope="0.00"/>
        <vehicle id="48" x="506.34" y="401.65" angle="-90.00" type="DEFAULT_VEHTYPE" speed="12.86" pos="88.91" lane="3/2to2/2_0" slope="0.00"/>
        <vehicle id="49" x="201.65" y="568.44" angle="180.00" type="DEFAULT_VEHTYPE" speed="13.31" pos="163.69" lane="1/2to1/3_0" slope="0.00"/>
        <vehicle id="5" x="388.73" y="598.35" angle="90.00" type="DEFAULT_VEHTYPE" speed="5.76" pos="183.98" lane="1/3to2/3_0" slope="0.00"/>
        <vehicle id="6" x="201.65" y="511.74" angle="180.00" type="DEFAULT_VEHTYPE" speed="13.64" pos="106.99" lane="1/2to1/3_0" slope="0.00"/>
        <vehicle id="7" x="398.35" y="530.25" angle="0.00" type="DEFAULT_VEHTYPE" speed="12.87" pos="65.00" lane="2/3to2/2_0" slope="0.00"/>
        <vehicle id="8" x="429.94" y="401.65" angle="-90.00" type="DEFAULT_VEHTYPE" speed="12.93" pos="165.31" lane="3/2to2/2_0" slope="0.00"/>
        <vehicle id="9" x="9.00" y="198.35" angle="90.00" type="DEFAULT_VEHTYPE" speed="13.27" pos="9.00" lane="0/1to1/1_0" slope="0.00"/>
    </timestep>
    <timestep time="247.00">
        <vehicle id="0" x="138.52" y="198.35" angle="90.00" type="DEFAULT_VEHTYPE" speed="12.82" pos="138.52" lane="0/1to1/1_0" slope="0.00"/>
        <vehicle id="10" x="535.14" y="401.65" angle="-90.00" type="DEFAULT_VEHTYPE" speed="12.89" pos="60.11" lane="3/2to2/2_0" slope="0.00"/>
        <vehicle id="11" x="26.61" y="398.35" angle="90.00" type="DEFAULT_VEHTYPE" speed="13.28" pos="26.61" lane="0/2to1/2_0" slope="0.00"/>
        <vehicle id="15" x="401.65" y="68.58" angle="180.00" type="DEFAULT_VEHTYPE" speed="13.71" pos="68.58" lane="2/0to2/1_0" slope="0.00"/>
        <vehicle id="16" x="222.12" y="201.65" angle="-90.00" type="DEFAULT_VEHTYPE" speed="11.44" pos="173.13" lane="2/1to1/1_0" slope="0.00"/>
        <vehicle id="17" x="189.84" y="401.65" angle="-90.00" type="DEFAULT_VEHTYPE" speed="8.88" pos="5.41" lane="1/2to0/2_0" slope="0.00"/>
        <vehicle id="18" x="494.79" y="198.35" angle="90.00" type="DEFAULT_VEHTYPE" speed="13.59" pos="90.04" lane="2/1to3/1_0" slope="0.00"/>
        <vehicle id="2" x="601.65" y="411.59" angle="180.00" type="DEFAULT_VEHTYPE" speed="13.04" pos="6.84" lane="3/2to3/3_0" slope="0.00"/>
        <vehicle id="24" x="398.35" y="634.43" angle="0.00" type="DEFAULT_VEHTYPE" speed="12.77" pos="165.57" lane="2/4to2/3_0" slope="0.00"/>
        <vehicle id="28" x="195.65" y="198.29" angle="89.36" type="DEFAULT_VEHTYPE" speed="5.40" pos="0.40" lane=":1/1_12_0" slope="0.00"/>
        <vehicle id="29" x="398.35" y="105.63" angle="0.00" type="DEFAULT_VEHTYPE" speed="13.86" pos="89.62" lane="2/1to2/0_0" slope="0.00"/>
        <vehicle id="3" x="84.04" y="198.35" angle="90.00" type="DEFAULT_VEHTYPE" speed="12.70" pos="84.04" lane="0/1to1/1_0" slope="0.00"/>
        <vehicle id="33" x="601.65" y="546.74" angle="180.00" type="DEFAULT_VEHTYPE" speed="13.71" pos="141.99" lane="3/2to3/3_0" slope="0.00"/>
        <vehicle id="37" x="309.26" y="598.35" angle="90.00" type="DEFAULT_VEHTYPE" speed="12.92" pos="104.51" lane="1/3to2/3_0" slope="0.00"/>
        <vehicle id="39" x="601.65" y="493.02" angle="180.00" type="DEFAULT_VEHTYPE" speed="13.61" pos="88.27" lane="3/2to3/3_0" slope="0.00"/>
        <vehicle id="40" x="198.35" y="99.07" angle="0.00" type="DEFAULT_VEHTYPE" speed="13.34" pos="96.18" lane="1/1to1/0_0" slope="0.00"/>
        <vehicle id="42" x="398.35" y="724.01" angle="0.00" type="DEFAULT_VEHTYPE" speed="13.03" pos="75.99" lane="2/4to2/3_0" slope="0.00"/>
        <vehicle id="43" x="346.62" y="598.35" angle="90.00" type="DEFAULT_VEHTYPE" speed="13.12" pos="141.87" lane="1/3to2/3_0" slope="0.00"/>
        <vehicle id="44" x="601.65" y="246.15" angle="180.00" type="DEFAULT_VEHTYPE" speed="13.63" pos="41.40" lane="3/1to3/2_0" slope="0.00"/>
        <vehicle id="48" x="492.99" y="401.65" angle="-90.00" type="DEFAULT_VEHTYPE" speed="13.35" pos="102.26" lane="3/2to2/2_0" slope="0.00"/>
        <vehicle id="49" x="201.65" y="582.17" angle="180.00" type="DEFAULT_VEHTYPE" speed="13.74" pos="177.42" lane="1/2to1/3_0" slope="0.00"/>
        <vehicle id="5" x="396.75" y="598.56" angle="92.46" type="DEFAULT_VEHTYPE" speed="8.03" pos="1.52" lane=":2/3_14_0" slope="0.00"/>
        <vehicle id="6" x="201.65" y="524.61" angle="180.00" type="DEFAULT_VEHTYPE" speed="12.86" pos="119.86" lane="1/2to1/3_0" slope="0.00"/>
        <vehicle id="7" x="398.35" y="517.46" angle="0.00" type="DEFAULT_VEHTYPE" speed="12.80" pos="77.79" lane="2/3to2/2_0" slope="0.00"/>
        <vehicle id="8" x="419.46" y="401.65" angle="-90.00" type="DEFAULT_VEHTYPE" speed="10.48" pos="175.79" lane="3/2to2/2_0" slope="0.00"/>
        <vehicle id="9" x="21.92" y="198.35" angle="90.00" type="DEFAULT_VEHTYPE" speed="12.92" pos="21.92" lane="0/1to1/1_0" slope="0.00"/>
    </timestep>
    <timestep time="248.00">
        <vehicle id="0" x="151.25" y="198.35" angle="90.00" type="DEFAULT_VEHTYPE" speed="12.73" pos="151.25" lane="0/1to1/1_0" slope="0.00"/>
        <vehicle id="10" x="522.15" y="401.65" angle="-90.00" type="DEFAULT_VEHTYPE" speed="12.99" pos="73.10" lane="3/2to2/2_0" slope="0.00"/>
        <vehicle id="11" x="39.55" y="398.35" angle="90.00" type="DEFAULT_VEHTYPE" speed="12.93" pos="39.55" lane="0/2to1/2_0" slope="0.00"/>
        <vehicle id="15" x="401.65" y="82.21" angle="180.00" type="DEFAULT_VEHTYPE" speed="13.64" pos="82.21" lane="2/0to2/1_0" slope="0.00"/>
        <vehicle id="16" x="214.46" y="201.65" angle="-90.00" type="DEFAULT_VEHTYPE" speed="7.67" pos="180.79" lane="2/1to1/1_0" slope="0.00"/>
        <vehicle id="17" x="178.83" y="401.65" angle="-90.00" type="DEFAULT_VEHTYPE" speed="11.01" pos="16.42" lane="1/2to0/2_0" slope="0.00"/>
        <vehicle id="18" x="508.30" y="198.35" angle="90.00" type="DEFAULT_VEHTYPE" speed="13.51" pos="103.55" lane="2/1to3/1_0" slope="0.00"/>
        <vehicle id="2" x="601.65" y="425.13" angle="180.00" type="DEFAULT_VEHTYPE" speed="13.54" pos="20.38" lane="3/2to3/3_0" slope="0.00"/>
        <vehicle id="24" x="398.35" y="622.42" angle="0.00" type="DEFAULT_VEHTYPE" speed="12.01" pos="177.58" lane="2/4to2/3_0" slope="0.00"/>
        <vehicle id="28" x="198.35" y="192.99" angle="11.84" type="DEFAULT_VEHTYPE" speed="6.85" pos="2.26" lane="1/1to1/0_0" slope="0.00"/>
        <vehicle id="29" x="398.35" y="92.78" angle="0.00" type="DEFAULT_VEHTYPE" speed="12.86" pos="102.47" lane="2/1to2/0_0" slope="0.00"/>
        <vehicle id="3" x="97.40" y="198.35" angle="90.00" type="DEFAULT_VEHTYPE" speed="13.37" pos="97.40" lane="0/1to1/1_0" slope="0.00"/>
        <vehicle id="33" x="601.65" y="560.24" angle="180.00" type="DEFAULT_VEHTYPE" speed="13.50" pos="155.49" lane="3/2to3/3_0" slope="0.00"/>
        <vehicle id="37" x="321.87" y="598.35" angle="90.00" type="DEFAULT_VEHTYPE" speed="12.60" pos="117.12" lane="1/3to2/3_0" slope="0.00"/>
        <vehicle id="39" x="601.65" y="506.18" angle="180.00" type="DEFAULT_VEHTYPE" speed="13.16" pos="101.43" lane="3/2to3/3_0" slope="0.00"/>
        <vehicle id="40" x="198.35" y="85.57" angle="0.00" type="DEFAULT_VEHTYPE" speed="13.49" pos="109.68" lane="1/1to1/0_0" slope="0.00"/>
        <vehicle id="42" x="398.35" y="711.17" angle="0.00" type="DEFAULT_VEHTYPE" speed="12.84" pos="88.83" lane="2/4to2/3_0" slope="0.00"/>
        <vehicle id="43" x="359.25" y="598.35" angle="90.00" type="DEFAULT_VEHTYPE" speed="12.62" pos="154.50" lane="1/3to2/3_0" slope="0.00"/>
        <vehicle id="44" x="601.65" y="259.85" angle="180.00" type="DEFAULT_VEHTYPE" speed="13.69" pos="55.10" lane="3/1to3/2_0" slope="0.00"/>
        <vehicle id="48" x="479.32" y="401.65" angle="-90.00" type="DEFAULT_VEHTYPE" speed="13.67" pos="115.93" lane="3/2to2/2_0" slope="0.00"/>
        <vehicle id="49" x="201.65" y="595.19" angle="180.00" type="DEFAULT_VEHTYPE" speed="13.01" pos="190.44" lane="1/2to1/3_0" slope="0.00"/>
        <vehicle id="5" x="401.65" y="606.02" angle="169.91" type="DEFAULT_VEHTYPE" speed="10.08" pos="1.27" lane="2/3to2/4_0" slope="0.00"/>
        <vehicle id="6" x="201.65" y="537.31" angle="180.00" type="DEFAULT_VEHTYPE" speed="12.71" pos="132.56" lane="1/2to1/3_0" slope="0.00"/>
        <vehicle id="7" x="398.35" y="503.85" angle="0.00" type="DEFAULT_VEHTYPE" speed="13.60" pos="91.40" lane="2/3to2/2_0" slope="0.00"/>
        <vehicle id="8" x="412.67" y="401.65" angle="-90.00" type="DEFAULT_VEHTYPE" speed="6.79" pos="182.58" lane="3/2to2/2_0" slope="0.00"/>
        <vehicle id="9" x="35.39" y="198.35" angle="90.00" type="DEFAULT_VEHTYPE" speed="13.47" pos="35.39" lane="0/1to1/1_0" slope="0.00"/>
    </timestep>
    <timestep time="249.00">
        <vehicle id="0" x="164.71" y="198.35" angle="90.00" type="DEFAULT_VEHTYPE" speed="13.45" pos="164.71" lane="0/1to1/1_0" slope="0.00"/>
        <vehicle id="10" x="509.40" y="401.65" angle="-90.00" type="DEFAULT_VEHTYPE" speed="12.75" pos="85.85" lane="3/2to2/2_0" slope="0.00"/>
        <vehicle id="11" x="52.63" y="398.35" angle="90.00" type="DEFAULT_VEHTYPE" speed="13.08" pos="52.63" lane="0/2to1/2_0" slope="0.00"/>
        <vehicle id="15" x="401.65" y="94.93" angle="180.00" type="DEFAULT_VEHTYPE" speed="12.71" pos="94.93" lane="2/0to2/1_0" slope="0.00"/>
        <vehicle id="16" x="210.56" y="201.65" angle="-90.00" type="DEFAULT_VEHTYPE" speed="3.90" pos="184.69" lane="2/1to1/1_0" slope="0.00"/>
        <vehicle id="17" x="165.74" y="401.65" angle="-90.00" type="DEFAULT_VEHTYPE" speed="13.09" pos="29.51" lane="1/2to0/2_0" slope="0.00"/>
        <vehicle id="18" x="521.35" y="198.35" angle="90.00" type="DEFAULT_VEHTYPE" speed="13.05" pos="116.60" lane="2/1to3/1_0" slope="0.00"/>
        <vehicle id="2" x="601.65" y="437.84" angle="180.00" type="DEFAULT_VEHTYPE" speed="12.71" pos="33.09" lane="3/2to3/3_0" slope="0.00"/>
        <vehicle id="24" x="398.35" y="609.40" angle="0.00" type="DEFAULT_VEHTYPE" speed="13.02" pos="190.60" lane="2/4to2/3_0" slope="0.00"/>
        <vehicle id="28" x="198.35" y="184.66" angle="0.00" type="DEFAULT_VEHTYPE" speed="8.33" pos="10.59" lane="1/1to1/0_0" slope="0.00"/>
        <vehicle id="29" x="398.35" y="80.16" angle="0.00" type="DEFAULT_VEHTYPE" speed="12.61" pos="115.09" lane="2/1to2/0_0" slope="0.00"/>
        <vehicle id="3" x="111.09" y="198.35" angle="90.00" type="DEFAULT_VEHTYPE" speed="13.69" pos="111.09" lane="0/1to1/1_0" slope="0.00"/>
        <vehicle id="33" x="601.65" y="573.83" angle="180.00" type="DEFAULT_VEHTYPE" speed="13.59" pos="169.08" lane="3/2to3/3_0" slope="0.00"/>
        <vehicle id="37" x="335.48" y="598.35" angle="90.00" type="DEFAULT_VEHTYPE" speed="13.62" pos="130.73" lane="1/3to2/3_0" slope="0.00"/>
        <vehicle id="39" x="601.65" y="519.36" angle="180.00" type="DEFAULT_VEHTYPE" speed="13.18" pos="114.61" lane="3/2to3/3_0" slope="0.00"/>
        <vehicle id="40" x="198.35" y="72.08" angle="0.00" type="DEFAULT_VEHTYPE" speed="13.50" pos="123.17" lane="1/1to1/0_0" slope="0.00"/>
        <vehicle id="42" x="398.35" y="697.33" angle="0.00" type="DEFAULT_VEHTYPE" speed="13.84" pos="102.67" lane="2/4to2/3_0" slope="0.00"/>
        <vehicle id="43" x="372.58" y="598.35" angle="90.00" type="DEFAULT_VEHTYPE" speed="13.33" pos="167.83" lane="1/3to2/3_0" slope="0.00"/>
        <vehicle id="44" x="601.65" y="273.16" angle="180.00" type="DEFAULT_VEHTYPE" speed="13.32" pos="68.41" lane="3/1to3/2_0" slope="0.00"/>
        <vehicle id="48" x="465.94" y="401.65" angle="-90.00" type="DEFAULT_VEHTYPE" speed="13.38" pos="129.31" lane="3/2to2/2_0" slope="0.00"/>
        <vehicle id="49" x="212.52" y="598.35" angle="90.00" type="DEFAULT_VEHTYPE" speed="12.84" pos="7.77" lane="1/3to2/3_0" slope="0.00"/>
        <vehicle id="5" x="401.65" y="617.98" angle="180.00" type="DEFAULT_VEHTYPE" speed="11.95" pos="13.23" lane="2/3to2/4_0" slope="0.00"/>
        <vehicle id="6" x="201.65" y="550.39" angle="180.00" type="DEFAULT_VEHTYPE" speed="13.08" pos="145.64" lane="1/2to1/3_0" slope="0.00"/>
        <vehicle id="7" x="398.35" y="491.24" angle="0.00" type="DEFAULT_VEHTYPE" speed="12.62" pos="104.01" lane="2/3to2/2_0" slope="0.00"/>
        <vehicle id="8" x="409.34" y="401.65" angle="-90.00" type="DEFAULT_VEHTYPE" speed="3.32" pos="185.91" lane="3/2to2/2_0" slope="0.00"/>
        <vehicle id="9" x="48.45" y="198.35" angle="90.00" type="DEFAULT_VEHTYPE" speed="13.07" pos="48.45" lane="0/1to1/1_0" slope="0.00"/>
    </timestep>
    <timestep time="250.00">
        <vehicle id="0" x="175.54" y="198.35" angle="90.00" type="DEFAULT_VEHTYPE" speed="10.83" pos="175.54" lane="0/1to1/1_0" slope="0.00"/>
        <vehicle id="10" x="495.75" y="401.65" angle="-90.00" type="DEFAULT_VEHTYPE" speed="13.66" pos="99.50" lane="3/2to2/2_0" slope="0.00"/>
        <vehicle id="11" x="65.96" y="398.35" angle="90.00" type="DEFAULT_VEHTYPE" speed="13.33" pos="65.96" lane="0/2to1/2_0" slope="0.00"/>
        <vehicle id="15" x="401.65" y="108.62" angle="180.00" type="DEFAULT_VEHTYPE" speed="13.70" pos="108.62" lane="2/0to2/1_0" slope="0.00"/>
        <vehicle id="16" x="205.06" y="201.65" angle="-90.00" type="DEFAULT_VEHTYPE" speed="5.49" pos="190.19" lane="2/1to1/1_0" slope="0.00"/>
        <vehicle id="17" x="152.66" y="401.65" angle="-90.00" type="DEFAULT_VEHTYPE" speed="13.08" pos="42.59" lane="1/2to0/2_0" slope="0.00"/>
        <vehicle id="18" x="534.79" y="198.35" angle="90.00" type="DEFAULT_VEHTYPE" speed="13.43" pos="130.04" lane="2/1to3/1_0" slope="0.00"/>
        <vehicle id="2" x="601.65" y="451.42" angle="180.00" type="DEFAULT_VEHTYPE" speed="13.57" pos="46.67" lane="3/2to3/3_0" slope="0.00"/>
        <vehicle id="24" x="398.35" y="595.61" angle="0.00" type="DEFAULT_VEHTYPE" speed="13.80" pos="9.14" lane=":2/3_1_0" slope="0.00"/>
        <vehicle id="28" x="198.35" y="174.15" angle="0.00" type="DEFAULT_VEHTYPE" speed="10.51" pos="21.10" lane="1/1to1/0_0" slope="0.00"/>
        <vehicle id="29" x="398.35" y="67.11" angle="0.00" type="DEFAULT_VEHTYPE" speed="13.05" pos="128.14" lane="2/1to2/0_0" slope="0.00"/>
        <vehicle id="3" x="124.24" y="198.35" angle="90.00" type="DEFAULT_VEHTYPE" speed="13.15" pos="124.24" lane="0/1to1/1_0" slope="0.00"/>
        <vehicle id="33" x="601.65" y="586.47" angle="180.00" type="DEFAULT_VEHTYPE" speed="12.64" pos="181.72" lane="3/2to3/3_0" slope="0.00"/>
        <vehicle id="37" x="348.20" y="598.35" angle="90.00" type="DEFAULT_VEHTYPE" speed="12.72" pos="143.45" lane="1/3to2/3_0" slope="0.00"/>
        <vehicle id="39" x="601.65" y="532.27" angle="180.00" type="DEFAULT_VEHTYPE" speed="12.91" pos="127.52" lane="3/2to3/3_0" slope="0.00"/>
        <vehicle id="40" x="198.35" y="59.46" angle="0.00" type="DEFAULT_VEHTYPE" speed="12.61" pos="135.79" lane="1/1to1/0_0" slope="0.00"/>
        <vehicle id="42" x="398.35" y="684.14" angle="0.00" type="DEFAULT_VEHTYPE" speed="13.20" pos="115.86" lane="2/4to2/3_0" slope="0.00"/>
        <vehicle id="43" x="381.41" y="598.35" angle="90.00" type="DEFAULT_VEHTYPE" speed="8.83" pos="176.66" lane="1/3to2/3_0" slope="0.00"/>
        <vehicle id="44" x="601.65" y="285.98" angle="180.00" type="DEFAULT_VEHTYPE" speed="12.82" pos="81.23" lane="3/1to3/2_0" slope="0.00"/>
        <vehicle id="48" x="452.96" y="401.65" angle="-90.00" type="DEFAULT_VEHTYPE" speed="12.98" pos="142.29" lane="3/2to2/2_0" slope="0.00"/>
        <vehicle id="49" x="225.25" y="598.35" angle="90.00" type="DEFAULT_VEHTYPE" speed="12.73" pos="20.50" lane="1/3to2/3_0" slope="0.00"/>
        <vehicle id="5" x="401.65" y="631.38" angle="180.00" type="DEFAULT_VEHTYPE" speed="13.41" pos="26.63" lane="2/3to2/4_0" slope="0.00"/>
        <vehicle id="6" x="201.65" y="564.04" angle="180.00" type="DEFAULT_VEHTYPE" speed="13.65" pos="159.29" lane="1/2to1/3_0" slope="0.00"/>
        <vehicle id="7" x="398.35" y="477.40" angle="0.00" type="DEFAULT_VEHTYPE" speed="13.84" pos="117.85" lane="2/3to2/2_0" slope="0.00"/>
        <vehicle id="8" x="403.57" y="401.65" angle="-90.00" type="DEFAULT_VEHTYPE" speed="5.77" pos="1.18" lane=":2/2_5_0" slope="0.00"/>
        <vehicle id="9" x="61.59" y="198.35" angle="90.00" type="DEFAULT_VEHTYPE" speed="13.13" pos="61.59" lane="0/1to1/1_0" slope="0.00"/>
    </timestep>
    <timestep time="251.00">
        <vehicle id="0" x="183.62" y="198.35" angle="90.00" type="DEFAULT_VEHTYPE" speed="8.08" pos="183.62" lane="0/1to1/1_0" slope="0.00"/>
        <vehicle id="10" x="483.07" y="401.65" angle="-90.00" type="DEFAULT_VEHTYPE" speed="12.67" pos="112.18" lane="3/2to2/2_0" slope="0.00"/>
        <vehicle id="11" x="78.90" y="398.35" angle="90.00" type="DEFAULT_VEHTYPE" speed="12.94" pos="78.90" lane="0/2to1/2_0" slope="0.00"/>
        <vehicle id="15" x="401.65" y="122.27" angle="180.00" type="DEFAULT_VEHTYPE" speed="13.65" pos="122.27" lane="2/0to2/1_0" slope="0.00"/>
        <vehicle id="16" x="201.65" y="207.32" angle="-171.33" type="DEFAULT_VEHTYPE" speed="7.88" pos="2.57" lane="1/1to1/2_0" slope="0.00"/>
        <vehicle id="17" x="139.46" y="401.65" angle="-90.00" type="DEFAULT_VEHTYPE" speed="13.19" pos="55.79" lane="1/2to0/2_0" slope="0.00"/>
        <vehicle id="18" x="548.49" y="198.35" angle="90.00" type="DEFAULT_VEHTYPE" speed="13.71" pos="143.74" lane="2/1to3/1_0" slope="0.00"/>
        <vehicle id="2" x="601.65" y="465.26" angle="180.00" type="DEFAULT_VEHTYPE" speed="13.84" pos="60.51" lane="3/2to3/3_0" slope="0.00"/>
        <vehicle id="24" x="398.35" y="582.50" angle="0.00" type="DEFAULT_VEHTYPE" speed="13.10" pos="12.75" lane="2/3to2/2_0" slope="0.00"/>
        <vehicle id="28" x="198.35" y="161.46" angle="0.00" type="DEFAULT_VEHTYPE" speed="12.69" pos="33.79" lane="1/1to1/0_0" slope="0.00"/>
        <vehicle id="29" x="398.35" y="53.34" angle="0.00" type="DEFAULT_VEHTYPE" speed="13.77" pos="141.91" lane="2/1to2/0_0" slope="0.00"/>
        <vehicle id="3" x="136.95" y="198.35" angle="90.00" type="DEFAULT_VEHTYPE" speed="12.70" pos="136.95" lane="0/1to1/1_0" slope="0.00"/>
        <vehicle id="33" x="604.11" y="598.26" angle="146.04" type="DEFAULT_VEHTYPE" speed="13.14" pos="4.36" lane=":3/3_8_0" slope="0.00"/>
        <vehicle id="37" x="361.76" y="598.35" angle="90.00" type="DEFAULT_VEHTYPE" speed="13.56" pos="157.01" lane="1/3to2/3_0" slope="0.00"/>
        <vehicle id="39" x="601.65" y="545.05" angle="180.00" type="DEFAULT_VEHTYPE" speed="12.78" pos="140.30" lane="3/2to3/3_0" slope="0.00"/>
        <vehicle id="40" x="198.35" y="46.71" angle="0.00" type="DEFAULT_VEHTYPE" speed="12.75" pos="148.54" lane="1/1to1/0_0" slope="0.00"/>
        <vehicle id="42" x="398.35" y="671.47" angle="0.00" type="DEFAULT_VEHTYPE" speed="12.67" pos="128.53" lane="2/4to2/3_0" slope="0.00"/>
        <vehicle id="43" x="386.79" y="598.35" angle="90.00" type="DEFAULT_VEHTYPE" speed="5.38" pos="182.04" lane="1/3to2/3_0" slope="0.00"/>
        <vehicle id="44" x="601.65" y="299.58" angle="180.00" type="DEFAULT_VEHTYPE" speed="13.60" pos="94.83" lane="3/1to3/2_0" slope="0.00"/>
        <vehicle id="48" x="439.52" y="401.65" angle="-90.00" type="DEFAULT_VEHTYPE" speed="13.43" pos="155.73" lane="3/2to2/2_0" slope="0.00"/>
        <vehicle id="49" x="239.13" y="598.35" angle="90.00" type="DEFAULT_VEHTYPE" speed="13.88" pos="34.38" lane="1/3to2/3_0" slope="0.00"/>
        <vehicle id="5" x="401.65" y="645.08" angle="180.00" type="DEFAULT_VEHTYPE" speed="13.70" pos="40.33" lane="2/3to2/4_0" slope="0.00"/>
        <vehicle id="6" x="201.65" y="577.54" angle="180.00" type="DEFAULT_VEHTYPE" speed="13.50" pos="172.79" lane="1/2to1/3_0" slope="0.00"/>
        <vehicle id="7" x="398.35" y="463.51" angle="0.00" type="DEFAULT_VEHTYPE" speed="13.89" pos="131.74" lane="2/3to2/2_0" slope="0.00"/>
        <vehicle id="8" x="395.55" y="401.65" angle="-90.00" type="DEFAULT_VEHTYPE" speed="8.02" pos="9.20" lane=":2/2_5_0" slope="0.00"/>
        <vehicle id="9" x="74.76" y="198.35" angle="90.00" type="DEFAULT_VEHTYPE" speed="13.17" pos="74.76" lane="0/1to1/1_0" slope="0.00"/>
    </timestep>
    <timestep time="252.00">
        <vehicle id="0" x="189.17" y="198.35" angle="90.00" type="DEFAULT_VEHTYPE" speed="5.55" pos="189.17" lane="0/1to1/1_0" slope="0.00"/>
        <vehicle id="10" x="470.42" y="401.65" angle="-90.00" type="DEFAULT_VEHTYPE" speed="12.66" pos="124.83" lane="3/2to2/2_0" slope="0.00"/>
        <vehicle id="11" x="92.64" y="398.35" angle="90.00" type="DEFAULT_VEHTYPE" speed="13.73" pos="92.64" lane="0/2to1/2_0" slope="0.00"/>
        <vehicle id="15" x="401.65" y="135.06" angle="180.00" type="DEFAULT_VEHTYPE" speed="12.79" pos="135.06" lane="2/0to2/1_0" slope="0.00"/>
        <vehicle id="16" x="201.65" y="217.43" angle="180.00" type="DEFAULT_VEHTYPE" speed="10.10" pos="12.68" lane="1/1to1/2_0" slope="0.00"/>
        <vehicle id="17" x="125.90" y="401.65" angle="-90.00" type="DEFAULT_VEHTYPE" speed="13.57" pos="69.35" lane="1/2to0/2_0" slope="0.00"/>
        <vehicle id="18" x="561.29" y="198.35" angle="90.00" type="DEFAULT_VEHTYPE" speed="12.80" pos="156.54" lane="2/1to3/1_0" slope="0.00"/>
        <vehicle id="2" x="601.65" y="478.96" angle="180.00" type="DEFAULT_VEHTYPE" speed="13.71" pos="74.21" lane="3/2to3/3_0" slope="0.00"/>
        <vehicle id="24" x="398.35" y="568.85" angle="0.00" type="DEFAULT_VEHTYPE" speed="13.65" pos="26.40" lane="2/3to2/2_0" slope="0.00"/>
        <vehicle id="28" x="198.35" y="148.04" angle="0.00" type="DEFAULT_VEHTYPE" speed="13.41" pos="47.21" lane="1/1to1/0_0" slope="0.00"/>
        <vehicle id="29" x="398.35" y="40.52" angle="0.00" type="DEFAULT_VEHTYPE" speed="12.82" pos="154.73" lane="2/1to2/0_0" slope="0.00"/>
        <vehicle id="3" x="150.61" y="198.35" angle="90.00" type="DEFAULT_VEHTYPE" speed="13.66" pos="150.61" lane="0/1to1/1_0" slope="0.00"/>
        <vehicle id="33" x="616.87" y="598.35" angle="90.00" type="DEFAULT_VEHTYPE" speed="12.76" pos="12.12" lane="3/3to4/3_0" slope="0.00"/>
        <vehicle id="37" x="371.19" y="598.35" angle="90.00" type="DEFAULT_VEHTYPE" speed="9.43" pos="166.44" lane="1/3to2/3_0" slope="0.00"/>
        <vehicle id="39" x="601.65" y="558.52" angle="180.00" type="DEFAULT_VEHTYPE" speed="13.47" pos="153.77" lane="3/2to3/3_0" slope="0.00"/>
        <vehicle id="40" x="198.35" y="33.91" angle="0.00" type="DEFAULT_VEHTYPE" speed="12.79" pos="161.34" lane="1/1to1/0_0" slope="0.00"/>
        <vehicle id="42" x="398.35" y="658.19" angle="0.00" type="DEFAULT_VEHTYPE" speed="13.28" pos="141.81" lane="2/4to2/3_0" slope="0.00"/>
        <vehicle id="43" x="390.37" y="598.35" angle="90.00" type="DEFAULT_VEHTYPE" speed="3.58" pos="185.62" lane="1/3to2/3_0" slope="0.00"/>
        <vehicle id="44" x="601.65" y="313.13" angle="180.00" type="DEFAULT_VEHTYPE" speed="13.55" pos="108.38" lane="3/1to3/2_0" slope="0.00"/>
        <vehicle id="48" x="426.91" y="401.65" angle="-90.00" type="DEFAULT_VEHTYPE" speed="12.61" pos="168.34" lane="3/2to2/2_0" slope="0.00"/>
        <vehicle id="49" x="252.78" y="598.35" angle="90.00" type="DEFAULT_VEHTYPE" speed="13.65" pos="48.03" lane="1/3to2/3_0" slope="0.00"/>
        <vehicle id="5" x="401.65" y="658.77" angle="180.00" type="DEFAULT_VEHTYPE" speed="13.70" pos="54.02" lane="2/3to2/4_0" slope="0.00"/>
        <vehicle id="6" x="201.65" y="590.36" angle="180.00" type="DEFAULT_VEHTYPE" speed="12.82" pos="185.61" lane="1/2to1/3_0" slope="0.00"/>
        <vehicle id="7" x="398.35" y="450.76" angle="0.00" type="DEFAULT_VEHTYPE" speed="12.74" pos="144.49" lane="2/3to2/2_0" slope="0.00"/>
        <vehicle id="8" x="385.04" y="401.65" angle="-90.00" type="DEFAULT_VEHTYPE" speed="10.51" pos="10.21" lane="2/2to1/2_0" slope="0.00"/>
        <vehicle id="9" x="88.06" y="198.35" angle="90.00" type="DEFAULT_VEHTYPE" speed="13.30" pos="88.06" lane="0/1to1/1_0" slope="0.00"/>
    </timestep>
    <timestep time="253.00">
        <vehicle id="0" x="196.84" y="198.02" angle="86.18" type="DEFAULT_VEHTYPE" speed="7.73" pos="1.64" lane=":1/1_12_0" slope="0.00"/>
        <vehicle id="10" x="456.85" y="401.65" angle="-90.00" type="DEFAULT_VEHTYPE" speed="13.57" pos="138.40" lane="3/2to2/2_0" slope="0.00"/>
        <vehicle id="11" x="106.26" y="398.35" angle="90.00" type="DEFAULT_VEHTYPE" speed="13.62" pos="106.26" lane="0/2to1/2_0" slope="0.00"/>
        <vehicle id="15" x="401.65" y="148.05" angle="180.00" type="DEFAULT_VEHTYPE" speed="12.99" pos="148.05" lane="2/0to2/1_0" slope="0.00"/>
        <vehicle id="16" x="201.65" y="229.03" angle="180.00" type="DEFAULT_VEHTYPE" speed="11.60" pos="24.28" lane="1/1to1/2_0" slope="0.00"/>
        <vehicle id="17" x="113.29" y="401.65" angle="-90.00" type="DEFAULT_VEHTYPE" speed="12.60" pos="81.96" lane="1/2to0/2_0" slope="0.00"/>
        <vehicle id="18" x="573.42" y="198.35" angle="90.00" type="DEFAULT_VEHTYPE" speed="12.13" pos="168.67" lane="2/1to3/1_0" slope="0.00"/>
        <vehicle id="2" x="601.65" y="492.78" angle="180.00" type="DEFAULT_VEHTYPE" speed="13.82" pos="88.03" lane="3/2to3/3_0" slope="0.00"/>
        <vehicle id="24" x="398.35" y="555.08" angle="0.00" type="DEFAULT_VEHTYPE" speed="13.78" pos="40.17" lane="2/3to2/2_0" slope="0.00"/>
        <vehicle id="28" x="198.35" y="134.80" angle="0.00" type="DEFAULT_VEHTYPE" speed="13.24" pos="60.45" lane="1/1to1/0_0" slope="0.00"/>
        <vehicle id="29" x="398.35" y="27.25" angle="0.00" type="DEFAULT_VEHTYPE" speed="13.28" pos="168.00" lane="2/1to2/0_0" slope="0.00"/>
        <vehicle id="3" x="164.23" y="198.35" angle="90.00" type="DEFAULT_VEHTYPE" speed="13.62" pos="164.23" lane="0/1to1/1_0" slope="0.00"/>
        <vehicle id="33" x="629.57" y="598.35" angle="90.00" type="DEFAULT_VEHTYPE" speed="12.70" pos="24.82" lane="3/3to4/3_0" slope="0.00"/>
        <vehicle id="37" x="377.65" y="598.35" angle="90.00" type="DEFAULT_VEHTYPE" speed="6.46" pos="172.90" lane="1/3to2/3_0" slope="0.00"/>
        <vehicle id="39" x="601.65" y="571.93" angle="180.00" type="DEFAULT_VEHTYPE" speed="13.42" pos="167.18" lane="3/2to3/3_0" slope="0.00"/>
        <vehicle id="40" x="198.35" y="21.01" angle="0.00" type="DEFAULT_VEHTYPE" speed="12.90" pos="174.24" lane="1/1to1/0_0" slope="0.00"/>
        <vehicle id="42" x="398.35" y="644.35" angle="0.00" type="DEFAULT_VEHTYPE" speed="13.84" pos="155.65" lane="2/4to2/3_0" slope="0.00"/>
        <vehicle id="43" x="395.26" y="598.35" angle="90.02" type="DEFAULT_VEHTYPE" speed="4.89" pos="0.01" lane=":2/3_14_0" slope="0.00"/>
        <vehicle id="44" x="601.65" y="326.27" angle="180.00" type="DEFAULT_VEHTYPE" speed="13.15" pos="121.52" lane="3/1to3/2_0" slope="0.00"/>
        <vehicle id="48" x="417.52" y="401.65" angle="-90.00" type="DEFAULT_VEHTYPE" speed="9.39" pos="177.73" lane="3/2to2/2_0" slope="0.00"/>
        <vehicle id="49" x="266.38" y="598.35" angle="90.00" type="DEFAULT_VEHTYPE" speed="13.59" pos="61.63" lane="1/3to2/3_0" slope="0.00"/>
        <vehicle id="5" x="401.65" y="672.55" angle="180.00" type="DEFAULT_VEHTYPE" speed="13.77" pos="67.80" lane="2/3to2/4_0" slope="0.00"/>
        <vehicle id="6" x="207.53" y="598.35" angle="97.37" type="DEFAULT_VEHTYPE" speed="12.67" pos="2.78" lane="1/3to2/3_0" slope="0.00"/>
        <vehicle id="7" x="398.35" y="436.87" angle="0.00" type="DEFAULT_VEHTYPE" speed="13.89" pos="158.38" lane="2/3to2/2_0" slope="0.00"/>
        <vehicle id="8" x="372.10" y="401.65" angle="-90.00" type="DEFAULT_VEHTYPE" speed="12.93" pos="23.15" lane="2/2to1/2_0" slope="0.00"/>
        <vehicle id="9" x="101.76" y="198.35" angle="90.00" type="DEFAULT_VEHTYPE" speed="13.70" pos="101.76" lane="0/1to1/1_0" slope="0.00"/>
    </timestep>
    <timestep time="254.00">
        <vehicle id="0" x="198.35" y="189.17" angle="0.00" type="DEFAULT_VEHTYPE" speed="9.44" pos="6.08" lane="1/1to1/0_0" slope="0.00"/>
        <vehicle id="10" x="443.06" y="401.65" angle="-90.00" type="DEFAULT_VEHTYPE" speed="13.79" pos="152.19" lane="3/2to2/2_0" slope="0.00"/>
        <vehicle id="11" x="119.22" y="398.35" angle="90.00" type="DEFAULT_VEHTYPE" speed="12.97" pos="119.22" lane="0/2to1/2_0" slope="0.00"/>
        <vehicle id="15" x="401.65" y="160.76" angle="180.00" type="DEFAULT_VEHTYPE" speed="12.71" pos="160.76" lane="2/0to2/1_0" slope="0.00"/>
        <vehicle id="16" x="201.65" y="242.50" angle="180.00" type="DEFAULT_VEHTYPE" speed="13.47" pos="37.75" lane="1/1to1/2_0" slope="0.00"/>
        <vehicle id="17" x="99.74" y="401.65" angle="-90.00" type="DEFAULT_VEHTYPE" speed="13.55" pos="95.51" lane="1/2to0/2_0" slope="0.00"/>
        <vehicle id="18" x="582.39" y="198.35" angle="90.00" type="DEFAULT_VEHTYPE" speed="8.96" pos="177.64" lane="2/1to3/1_0" slope="0.00"/>
        <vehicle id="2" x="601.65" y="506.03" angle="180.00" type="DEFAULT_VEHTYPE" speed="13.25" pos="101.28" lane="3/2to3/3_0" slope="0.00"/>
        <vehicle id="24" x="398.35" y="541.88" angle="0.00" type="DEFAULT_VEHTYPE" speed="13.20" pos="53.37" lane="2/3to2/2_0" slope="0.00"/>
        <vehicle id="28" x="198.35" y="121.42" angle="0.00" type="DEFAULT_VEHTYPE" speed="13.38" pos="73.83" lane="1/1to1/0_0" slope="0.00"/>
        <vehicle id="29" x="398.35" y="13.51" angle="0.00" type="DEFAULT_VEHTYPE" speed="13.74" pos="181.74" lane="2/1to2/0_0" slope="0.00"/>
        <vehicle id="3" x="176.22" y="198.35" angle="90.00" type="DEFAULT_VEHTYPE" speed="11.99" pos="176.22" lane="0/1to1/1_0" slope="0.00"/>
        <vehicle id="33" x="642.29" y="598.35" angle="90.00" type="DEFAULT_VEHTYPE" speed="12.73" pos="37.54" lane="3/3to4/3_0" slope="0.00"/>
        <vehicle id="37" x="384.27" y="598.35" angle="90.00" type="DEFAULT_VEHTYPE" speed="6.61" pos="179.52" lane="1/3to2/3_0" slope="0.00"/>
        <vehicle id="39" x="601.65" y="584.84" angle="180.00" type="DEFAULT_VEHTYPE" speed="12.91" pos="180.09" lane="3/2to3/3_0" slope="0.00"/>
        <vehicle id="40" x="198.35" y="7.56" angle="0.00" type="DEFAULT_VEHTYPE" speed="13.45" pos="187.69" lane="1/1to1/0_0" slope="0.00"/>
        <vehicle id="42" x="398.35" y="631.32" angle="0.00" type="DEFAULT_VEHTYPE" speed="13.03" pos="168.68" lane="2/4to2/3_0" slope="0.00"/>
        <vehicle id="43" x="400.94" y="601.43" angle="126.41" type="DEFAULT_VEHTYPE" speed="6.88" pos="6.89" lane=":2/3_14_0" slope="0.00"/>
        <vehicle id="44" x="601.65" y="339.00" angle="180.00" type="DEFAULT_VEHTYPE" speed="12.73" pos="134.25" lane="3/1to3/2_0" slope="0.00"/>
        <vehicle id="48" x="412.00" y="401.65" angle="-90.00" type="DEFAULT_VEHTYPE" speed="5.52" pos="183.25" lane="3/2to2/2_0" slope="0.00"/>
        <vehicle id="49" x="279.72" y="598.35" angle="90.00" type="DEFAULT_VEHTYPE" speed="13.34" pos="74.97" lane="1/3to2/3_0" slope="0.00"/>
        <vehicle id="5" x="401.65" y="685.20" angle="180.00" type="DEFAULT_VEHTYPE" speed="12.66" pos="80.45" lane="2/3to2/4_0" slope="0.00"/>
        <vehicle id="6" x="220.88" y="598.35" angle="90.00" type="DEFAULT_VEHTYPE" speed="13.35" pos="16.13" lane="1/3to2/3_0" slope="0.00"/>
        <vehicle id="7" x="398.35" y="423.12" angle="0.00" type="DEFAULT_VEHTYPE" speed="13.75" pos="172.13" lane="2/3to2/2_0" slope="0.00"/>
        <vehicle id="8" x="359.01" y="401.65" angle="-90.00" type="DEFAULT_VEHTYPE" speed="13.09" pos="36.24" lane="2/2to1/2_0" slope="0.00"/>
        <vehicle id="9" x="114.73" y="198.35" angle="90.00" type="DEFAULT_VEHTYPE" speed="12.97" pos="114.73" lane="0/1to1/1_0" slope="0.00"/>
    </timestep>
    <timestep time="255.00">
        <vehicle id="0" x="198.35" y="177.64" angle="0.00" type="DEFAULT_VEHTYPE" speed="11.52" pos="17.61" lane="1/1to1/0_0" slope="0.00"/>
        <vehicle id="10" x="431.45" y="401.65" angle="-90.00" type="DEFAULT_VEHTYPE" speed="11.61" pos="163.80" lane="3/2to2/2_0" slope="0.00"/>
        <vehicle id="11" x="132.35" y="398.35" angle="90.00" type="DEFAULT_VEHTYPE" speed="13.12" pos="132.35" lane="0/2to1/2_0" slope="0.00"/>
        <vehicle id="15" x="401.65" y="173.85" angle="180.00" type="DEFAULT_VEHTYPE" speed="13.09" pos="173.85" lane="2/0to2/1_0" slope="0.00"/>
        <vehicle id="16" x="201.65" y="256.20" angle="180.00" type="DEFAULT_VEHTYPE" speed="13.71" pos="51.45" lane="1/1to1/2_0" slope="0.00"/>
        <vehicle id="17" x="86.19" y="401.65" angle="-90.00" type="DEFAULT_VEHTYPE" speed="13.55" pos="109.06" lane="1/2to0/2_0" slope="0.00"/>
        <vehicle id="18" x="588.32" y="198.35" angle="90.00" type="DEFAULT_VEHTYPE" speed="5.94" pos="183.57" lane="2/1to3/1_0" slope="0.00"/>
        <vehicle id="2" x="601.65" y="519.05" angle="180.00" type="DEFAULT_VEHTYPE" speed="13.02" pos="114.30" lane="3/2to3/3_0" slope="0.00"/>
        <vehicle id="24" x="398.35" y="528.64" angle="0.00" type="DEFAULT_VEHTYPE" speed="13.24" pos="66.61" lane="2/3to2/2_0" slope="0.00"/>
        <vehicle id="28" x="198.35" y="108.04" angle="0.00" type="DEFAULT_VEHTYPE" speed="13.38" pos="87.21" lane="1/1to1/0_0" slope="0.00"/>
        <vehicle id="29" x="398.35" y="0.49" angle="0.00" type="DEFAULT_VEHTYPE" speed="13.02" pos="194.76" lane="2/1to2/0_0" slope="0.00"/>
        <vehicle id="3" x="183.88" y="198.35" angle="90.00" type="DEFAULT_VEHTYPE" speed="7.66" pos="183.88" lane="0/1to1/1_0" slope="0.00"/>
        <vehicle id="33" x="655.39" y="598.35" angle="90.00" type="DEFAULT_VEHTYPE" speed="13.10" pos="50.64" lane="3/3to4/3_0" slope="0.00"/>
        <vehicle id="37" x="389.15" y="598.35" angle="90.00" type="DEFAULT_VEHTYPE" speed="4.88" pos="184.40" lane="1/3to2/3_0" slope="0.00"/>
        <vehicle id="39" x="602.79" y="597.80" angle="166.14" type="DEFAULT_VEHTYPE" speed="13.34" pos="2.93" lane=":3/3_8_0" slope="0.00"/>
        <vehicle id="40" x="201.65" y="0.73" angle="111.75" type="DEFAULT_VEHTYPE" speed="13.11" pos="0.73" lane="1/0to1/1_0" slope="0.00"/>
        <vehicle id="42" x="398.35" y="618.30" angle="0.00" type="DEFAULT_VEHTYPE" speed="13.02" pos="181.70" lane="2/4to2/3_0" slope="0.00"/>
        <vehicle id="43" x="401.65" y="610.29" angle="180.00" type="DEFAULT_VEHTYPE" speed="8.97" pos="5.54" lane="2/3to2/4_0" slope="0.00"/>
        <vehicle id="44" x="601.65" y="352.10" angle="180.00" type="DEFAULT_VEHTYPE" speed="13.10" pos="147.35" lane="3/1to3/2_0" slope="0.00"/>
        <vehicle id="48" x="409.27" y="401.65" angle="-90.00" type="DEFAULT_VEHTYPE" speed="2.74" pos="185.98" lane="3/2to2/2_0" slope="0.00"/>
        <vehicle id="49" x="293.39" y="598.35" angle="90.00" type="DEFAULT_VEHTYPE" speed="13.67" pos="88.64" lane="1/3to2/3_0" slope="0.00"/>
        <vehicle id="5" x="401.65" y="698.00" angle="180.00" type="DEFAULT_VEHTYPE" speed="12.80" pos="93.25" lane="2/3to2/4_0" slope="0.00"/>
        <vehicle id="6" x="234.61" y="598.35" angle="90.00" type="DEFAULT_VEHTYPE" speed="13.73" pos="29.86" lane="1/3to2/3_0" slope="0.00"/>
        <vehicle id="7" x="398.35" y="410.49" angle="0.00" type="DEFAULT_VEHTYPE" speed="12.63" pos="184.76" lane="2/3to2/2_0" slope="0.00"/>
        <vehicle id="8" x="345.65" y="401.65" angle="-90.00" type="DEFAULT_VEHTYPE" speed="13.36" pos="49.60" lane="2/2to1/2_0" slope="0.00"/>
        <vehicle id="9" x="127.85" y="198.35" angle="90.00" type="DEFAULT_VEHTYPE" speed="13.12" pos="127.85" lane="0/1to1/1_0" slope="0.00"/>
    </timestep>
    <timestep time="256.00">
        <vehicle id="0" x="198.35" y="164.96" angle="0.00" type="DEFAULT_VEHTYPE" speed="12.68" pos="30.29" lane="1/1to1/0_0" slope="0.00"/>
        <vehicle id="10" x="424.34" y="401.65" angle="-90.00" type="DEFAULT_VEHTYPE" speed="7.11" pos="170.91" lane="3/2to2/2_0" slope="0.00"/>
        <vehicle id="11" x="145.97" y="398.35" angle="90.00" type="DEFAULT_VEHTYPE" speed="13.62" pos="145.97" lane="0/2to1/2_0" slope="0.00"/>
        <vehicle id="15" x="401.65" y="187.15" angle="180.00" type="DEFAULT_VEHTYPE" speed="13.30" pos="187.15" lane="2/0to2/1_0" slope="0.00"/>
        <vehicle id="16" x="201.65" y="269.72" angle="180.00" type="DEFAULT_VEHTYPE" speed="13.52" pos="64.97" lane="1/1to1/2_0" slope="0.00"/>
        <vehicle id="17" x="73.55" y="401.65" angle="-90.00" type="DEFAULT_VEHTYPE" speed="12.64" pos="121.70" lane="1/2to0/2_0" slope="0.00"/>
        <vehicle id="18" x="596.62" y="198.55" angle="92.24" type="DEFAULT_VEHTYPE" speed="8.31" pos="1.38" lane=":3/1_14_0" slope="0.00"/>
        <vehicle id="2" x="601.65" y="532.15" angle="180.00" type="DEFAULT_VEHTYPE" speed="13.10" pos="127.40" lane="3/2to3/3_0" slope="0.00"/>
        <vehicle id="24" x="398.35" y="515.62" angle="0.00" type="DEFAULT_VEHTYPE" speed="13.02" pos="79.63" lane="2/3to2/2_0" slope="0.00"/>
        <vehicle id="28" x="198.35" y="95.27" angle="0.00" type="DEFAULT_VEHTYPE" speed="12.77" pos="99.98" lane="1/1to1/0_0" slope="0.00"/>
        <vehicle id="29" x="401.65" y="8.14" angle="180.00" type="DEFAULT_VEHTYPE" speed="13.44" pos="8.14" lane="2/0to2/1_0" slope="0.00"/>
        <vehicle id="3" x="188.54" y="198.35" angle="90.00" type="DEFAULT_VEHTYPE" speed="4.66" pos="188.54" lane="0/1to1/1_0" slope="0.00"/>
        <vehicle id="33" x="668.76" y="598.35" angle="90.00" type="DEFAULT_VEHTYPE" speed="13.37" pos="64.01" lane="3/3to4/3_0" slope="0.00"/>
        <vehicle id="37" x="391.09" y="598.35" angle="90.00" type="DEFAULT_VEHTYPE" speed="1.93" pos="186.34" lane="1/3to2/3_0" slope="0.00"/>
        <vehicle id="39" x="615.55" y="598.35" angle="90.00" type="DEFAULT_VEHTYPE" speed="12.87" pos="10.80" lane="3/3to4/3_0" slope="0.00"/>
        <vehicle id="40" x="201.65" y="14.49" angle="180.00" type="DEFAULT_VEHTYPE" speed="13.75" pos="14.49" lane="1/0to1/1_0" slope="0.00"/>
        <vehicle id="42" x="398.35" y="604.46" angle="0.00" type="DEFAULT_VEHTYPE" speed="13.85" pos="0.29" lane=":2/3_1_0" slope="0.00"/>
        <vehicle id="43" x="401.65" y="621.25" angle="180.00" type="DEFAULT_VEHTYPE" speed="10.97" pos="16.50" lane="2/3to2/4_0" slope="0.00"/>
        <vehicle id="44" x="601.65" y="365.01" angle="180.00" type="DEFAULT_VEHTYPE" speed="12.91" pos="160.26" lane="3/1to3/2_0" slope="0.00"/>
        <vehicle id="48" x="408.36" y="401.65" angle="-90.00" type="DEFAULT_VEHTYPE" speed="0.90" pos="186.89" lane="3/2to2/2_0" slope="0.00"/>
        <vehicle id="49" x="306.47" y="598.35" angle="90.00" type="DEFAULT_VEHTYPE" speed="13.08" pos="101.72" lane="1/3to2/3_0" slope="0.00"/>
        <vehicle id="5" x="401.65" y="710.85" angle="180.00" type="DEFAULT_VEHTYPE" speed="12.85" pos="106.10" lane="2/3to2/4_0" slope="0.00"/>
        <vehicle id="6" x="248.36" y="598.35" angle="90.00" type="DEFAULT_VEHTYPE" speed="13.75" pos="43.61" lane="1/3to2/3_0" slope="0.00"/>
        <vehicle id="7" x="398.35" y="397.31" angle="0.00" type="DEFAULT_VEHTYPE" speed="13.18" pos="7.44" lane=":2/2_1_0" slope="0.00"/>
        <vehicle id="8" x="332.62" y="401.65" angle="-90.00" type="DEFAULT_VEHTYPE" speed="13.04" pos="62.63" lane="2/2to1/2_0" slope="0.00"/>
        <vehicle id="9" x="140.97" y="198.35" angle="90.00" type="DEFAULT_VEHTYPE" speed="13.12" pos="140.97" lane="0/1to1/1_0" slope="0.00"/>
    </timestep>
    <timestep time="257.00">
        <vehicle id="0" x="198.35" y="151.63" angle="0.00" type="DEFAULT_VEHTYPE" speed="13.33" pos="43.62" lane="1/1to1/0_0" slope="0.00"/>
        <vehicle id="10" x="420.09" y="401.65" angle="-90.00" type="DEFAULT_VEHTYPE" speed="4.25" pos="175.16" lane="3/2to2/2_0" slope="0.00"/>
        <vehicle id="11" x="159.84" y="398.35" angle="90.00" type="DEFAULT_VEHTYPE" speed="13.87" pos="159.84" lane="0/2to1/2_0" slope="0.00"/>
        <vehicle id="15" x="404.93" y="198.35" angle="131.94" type="DEFAULT_VEHTYPE" speed="13.28" pos="0.18" lane="2/1to3/1_0" slope="0.00"/>
        <vehicle id="16" x="201.65" y="283.47" angle="180.00" type="DEFAULT_VEHTYPE" speed="13.75" pos="78.72" lane="1/1to1/2_0" slope="0.00"/>
        <vehicle id="17" x="60.31" y="401.65" angle="-90.00" type="DEFAULT_VEHTYPE" speed="13.25" pos="134.94" lane="1/2to0/2_0" slope="0.00"/>
        <vehicle id="18" x="601.65" y="205.52" angle="166.77" type="DEFAULT_VEHTYPE" speed="9.71" pos="0.77" lane="3/1to3/2_0" slope="0.00"/>
        <vehicle id="2" x="601.65" y="545.73" angle="180.00" type="DEFAULT_VEHTYPE" speed="13.59" pos="140.98" lane="3/2to3/3_0" slope="0.00"/>
        <vehicle id="24" x="398.35" y="502.26" angle="0.00" type="DEFAULT_VEHTYPE" speed="13.35" pos="92.99" lane="2/3to2/2_0" slope="0.00"/>
        <vehicle id="28" x="198.35" y="82.39" angle="0.00" type="DEFAULT_VEHTYPE" speed="12.88" pos="112.86" lane="1/1to1/0_0" slope="0.00"/>
        <vehicle id="29" x="401.65" y="21.34" angle="180.00" type="DEFAULT_VEHTYPE" speed="13.20" pos="21.34" lane="2/0to2/1_0" slope="0.00"/>
        <vehicle id="3" x="195.33" y="198.34" angle="89.88" type="DEFAULT_VEHTYPE" speed="6.79" pos="0.08" lane=":1/1_12_0" slope="0.00"/>
        <vehicle id="33" x="681.41" y="598.35" angle="90.00" type="DEFAULT_VEHTYPE" speed="12.65" pos="76.66" lane="3/3to4/3_0" slope="0.00"/>
        <vehicle id="37" x="392.08" y="598.35" angle="90.00" type="DEFAULT_VEHTYPE" speed="0.99" pos="187.33" lane="1/3to2/3_0" slope="0.00"/>
        <vehicle id="39" x="629.40" y="598.35" angle="90.00" type="DEFAULT_VEHTYPE" speed="13.85" pos="24.65" lane="3/3to4/3_0" slope="0.00"/>
        <vehicle id="40" x="201.65" y="28.35" angle="180.00" type="DEFAULT_VEHTYPE" speed="13.86" pos="28.35" lane="1/0to1/1_0" slope="0.00"/>
        <vehicle id="42" x="398.35" y="590.65" angle="0.00" type="DEFAULT_VEHTYPE" speed="13.80" pos="4.60" lane="2/3to2/2_0" slope="0.00"/>
        <vehicle id="43" x="401.65" y="634.39" angle="180.00" type="DEFAULT_VEHTYPE" speed="13.13" pos="29.64" lane="2/3to2/4_0" slope="0.00"/>
        <vehicle id="44" x="601.65" y="378.72" angle="180.00" type="DEFAULT_VEHTYPE" speed="13.71" pos="173.97" lane="3/1to3/2_0" slope="0.00"/>
        <vehicle id="48" x="405.83" y="401.65" angle="-90.00" type="DEFAULT_VEHTYPE" speed="2.53" pos="189.42" lane="3/2to2/2_0" slope="0.00"/>
        <vehicle id="49" x="319.41" y="598.35" angle="90.00" type="DEFAULT_VEHTYPE" speed="12.94" pos="114.66" lane="1/3to2/3_0" slope="0.00"/>
        <vehicle id="5" x="401.65" y="723.72" angle="180.00" type="DEFAULT_VEHTYPE" speed="12.88" pos="118.97" lane="2/3to2/4_0" slope="0.00"/>
        <vehicle id="6" x="261.79" y="598.35" angle="90.00" type="DEFAULT_VEHTYPE" speed="13.43" pos="57.04" lane="1/3to2/3_0" slope="0.00"/>
        <vehicle id="7" x="398.35" y="384.01" angle="0.00" type="DEFAULT_VEHTYPE" speed="13.30" pos="11.24" lane="2/2to2/1_0" slope="0.00"/>
        <vehicle id="8" x="319.93" y="401.65" angle="-90.00" type="DEFAULT_VEHTYPE" speed="12.69" pos="75.32" lane="2/2to1/2_0" slope="0.00"/>
        <vehicle id="9" x="153.89" y="198.35" angle="90.00" type="DEFAULT_VEHTYPE" speed="12.92" pos="153.89" lane="0/1to1/1_0" slope="0.00"/>
    </timestep>
    <timestep time="258.00">
        <vehicle id="0" x="198.35" y="138.45" angle="0.00" type="DEFAULT_VEHTYPE" speed="13.18" pos="56.80" lane="1/1to1/0_0" slope="0.00"/>
        <vehicle id="10" x="416.23" y="401.65" angle="-90.00" type="DEFAULT_VEHTYPE" speed="3.86" pos="179.02" lane="3/2to2/2_0" slope="0.00"/>
        <vehicle id="11" x="172.86" y="398.35" angle="90.00" type="DEFAULT_VEHTYPE" speed="13.02" pos="172.86" lane="0/2to1/2_0" slope="0.00"/>
        <vehicle id="15" x="418.76" y="198.35" angle="90.00" type="DEFAULT_VEHTYPE" speed="13.83" pos="14.01" lane="2/1to3/1_0" slope="0.00"/>
        <vehicle id="16" x="201.65" y="297.06" angle="180.00" type="DEFAULT_VEHTYPE" speed="13.59" pos="92.31" lane="1/1to1/2_0" slope="0.00"/>
        <vehicle id="17" x="47.11" y="401.65" angle="-90.00" type="DEFAULT_VEHTYPE" speed="13.20" pos="148.14" lane="1/2to0/2_0" slope="0.00"/>
        <vehicle id="18" x="601.65" y="217.50" angle="180.00" type="DEFAULT_VEHTYPE" speed="11.98" pos="12.75" lane="3/1to3/2_0" slope="0.00"/>
        <vehicle id="2" x="601.65" y="559.39" angle="180.00" type="DEFAULT_VEHTYPE" speed="13.65" pos="154.64" lane="3/2to3/3_0" slope="0.00"/>
        <vehicle id="24" x="398.35" y="488.96" angle="0.00" type="DEFAULT_VEHTYPE" speed="13.30" pos="106.29" lane="2/3to2/2_0" slope="0.00"/>
        <vehicle id="28" x="198.35" y="69.62" angle="0.00" type="DEFAULT_VEHTYPE" speed="12.77" pos="125.63" lane="1/1to1/0_0" slope="0.00"/>
        <vehicle id="29" x="401.65" y="34.45" angle="180.00" type="DEFAULT_VEHTYPE" speed="13.11" pos="34.45" lane="2/0to2/1_0" slope="0.00"/>
        <vehicle id="3" x="198.35" y="191.43" angle="1.87" type="DEFAULT_VEHTYPE" speed="8.74" pos="3.82" lane="1/1to1/0_0" slope="0.00"/>
        <vehicle id="33" x="694.36" y="598.35" angle="90.00" type="DEFAULT_VEHTYPE" speed="12.94" pos="89.61" lane="3/3to4/3_0" slope="0.00"/>
        <vehicle id="37" x="394.53" y="598.35" angle="90.00" type="DEFAULT_VEHTYPE" speed="2.45" pos="189.78" lane="1/3to2/3_0" slope="0.00"/>
        <vehicle id="39" x="642.80" y="598.35" angle="90.00" type="DEFAULT_VEHTYPE" speed="13.40" pos="38.05" lane="3/3to4/3_0" slope="0.00"/>
        <vehicle id="40" x="201.65" y="41.35" angle="180.00" type="DEFAULT_VEHTYPE" speed="13.00" pos="41.35" lane="1/0to1/1_0" slope="0.00"/>
        <vehicle id="42" x="398.35" y="577.99" angle="0.00" type="DEFAULT_VEHTYPE" speed="12.67" pos="17.26" lane="2/3to2/2_0" slope="0.00"/>
        <vehicle id="43" x="401.65" y="647.70" angle="180.00" type="DEFAULT_VEHTYPE" speed="13.31" pos="42.95" lane="2/3to2/4_0" slope="0.00"/>
        <vehicle id="44" x="601.65" y="392.35" angle="180.00" type="DEFAULT_VEHTYPE" speed="13.63" pos="187.60" lane="3/1to3/2_0" slope="0.00"/>
        <vehicle id="48" x="401.78" y="401.15" angle="-84.22" type="DEFAULT_VEHTYPE" speed="4.11" pos="3.02" lane=":2/2_6_0" slope="0.00"/>
        <vehicle id="49" x="332.80" y="598.35" angle="90.00" type="DEFAULT_VEHTYPE" speed="13.38" pos="128.05" lane="1/3to2/3_0" slope="0.00"/>
        <vehicle id="5" x="401.65" y="736.95" angle="180.00" type="DEFAULT_VEHTYPE" speed="13.22" pos="132.20" lane="2/3to2/4_0" slope="0.00"/>
        <vehicle id="6" x="275.19" y="598.35" angle="90.00" type="DEFAULT_VEHTYPE" speed="13.40" pos="70.44" lane="1/3to2/3_0" slope="0.00"/>
        <vehicle id="7" x="398.35" y="370.89" angle="0.00" type="DEFAULT_VEHTYPE" speed="13.12" pos="24.36" lane="2/2to2/1_0" slope="0.00"/>
        <vehicle id="8" x="307.16" y="401.65" angle="-90.00" type="DEFAULT_VEHTYPE" speed="12.77" pos="88.09" lane="2/2to1/2_0" slope="0.00"/>
        <vehicle id="9" x="166.50" y="198.35" angle="90.00" type="DEFAULT_VEHTYPE" speed="12.61" pos="166.50" lane="0/1to1/1_0" slope="0.00"/>
    </timestep>
    <timestep time="259.00">
        <vehicle id="0" x="198.35" y="125.31" angle="0.00" type="DEFAULT_VEHTYPE" speed="13.14" pos="69.94" lane="1/1to1/0_0" slope="0.00"/>
        <vehicle id="10" x="411.77" y="401.65" angle="-90.00" type="DEFAULT_VEHTYPE" speed="4.46" pos="183.48" lane="3/2to2/2_0" slope="0.00"/>
        <vehicle id="11" x="181.82" y="398.35" angle="90.00" type="DEFAULT_VEHTYPE" speed="8.97" pos="181.82" lane="0/2to1/2_0" slope="0.00"/>
        <vehicle id="15" x="432.35" y="198.35" angle="90.00" type="DEFAULT_VEHTYPE" speed="13.59" pos="27.60" lane="2/1to3/1_0" slope="0.00"/>
        <vehicle id="16" x="201.65" y="310.81" angle="180.00" type="DEFAULT_VEHTYPE" speed="13.74" pos="106.06" lane="1/1to1/2_0" slope="0.00"/>
        <vehicle id="17" x="34.35" y="401.65" angle="-90.00" type="DEFAULT_VEHTYPE" speed="12.76" pos="160.90" lane="1/2to0/2_0" slope="0.00"/>
        <vehicle id="18" x="601.65" y="230.27" angle="180.00" type="DEFAULT_VEHTYPE" speed="12.77" pos="25.52" lane="3/1to3/2_0" slope="0.00"/>
        <vehicle id="2" x="601.65" y="572.96" angle="180.00" type="DEFAULT_VEHTYPE" speed="13.58" pos="168.21" lane="3/2to3/3_0" slope="0.00"/>
        <vehicle id="24" x="398.35" y="475.83" angle="0.00" type="DEFAULT_VEHTYPE" speed="13.13" pos="119.42" lane="2/3to2/2_0" slope="0.00"/>
        <vehicle id="28" x="198.35" y="55.77" angle="0.00" type="DEFAULT_VEHTYPE" speed="13.84" pos="139.48" lane="1/1to1/0_0" slope="0.00"/>
        <vehicle id="29" x="401.65" y="47.37" angle="180.00" type="DEFAULT_VEHTYPE" speed="12.91" pos="47.37" lane="2/0to2/1_0" slope="0.00"/>
        <vehicle id="3" x="198.35" y="180.33" angle="0.00" type="DEFAULT_VEHTYPE" speed="11.09" pos="14.92" lane="1/1to1/0_0" slope="0.00"/>
        <vehicle id="33" x="708.16" y="598.35" angle="90.00" type="DEFAULT_VEHTYPE" speed="13.80" pos="103.41" lane="3/3to4/3_0" slope="0.00"/>
        <vehicle id="37" x="399.23" y="599.46" angle="103.03" type="DEFAULT_VEHTYPE" speed="4.92" pos="4.20" lane=":2/3_14_0" slope="0.00"/>
        <vehicle id="39" x="656.56" y="598.35" angle="90.00" type="DEFAULT_VEHTYPE" speed="13.76" pos="51.81" lane="3/3to4/3_0" slope="0.00"/>
        <vehicle id="40" x="201.65" y="54.19" angle="180.00" type="DEFAULT_VEHTYPE" speed="12.84" pos="54.19" lane="1/0to1/1_0" slope="0.00"/>
        <vehicle id="42" x="398.35" y="565.32" angle="0.00" type="DEFAULT_VEHTYPE" speed="12.67" pos="29.93" lane="2/3to2/2_0" slope="0.00"/>
        <vehicle id="43" x="401.65" y="661.38" angle="180.00" type="DEFAULT_VEHTYPE" speed="13.68" pos="56.63" lane="2/3to2/4_0" slope="0.00"/>
        <vehicle id="44" x="601.65" y="405.94" angle="180.00" type="DEFAULT_VEHTYPE" speed="13.59" pos="1.19" lane="3/2to3/3_0" slope="0.00"/>
        <vehicle id="48" x="398.49" y="396.20" angle="-26.73" type="DEFAULT_VEHTYPE" speed="6.34" pos="9.37" lane=":2/2_6_0" slope="0.00"/>
        <vehicle id="49" x="346.53" y="598.35" angle="90.00" type="DEFAULT_VEHTYPE" speed="13.73" pos="141.78" lane="1/3to2/3_0" slope="0.00"/>
        <vehicle id="5" x="401.65" y="750.65" angle="180.00" type="DEFAULT_VEHTYPE" speed="13.70" pos="145.90" lane="2/3to2/4_0" slope="0.00"/>
        <vehicle id="6" x="288.78" y="598.35" angle="90.00" type="DEFAULT_VEHTYPE" speed="13.59" pos="84.03" lane="1/3to2/3_0" slope="0.00"/>
        <vehicle id="7" x="398.35" y="358.24" angle="0.00" type="DEFAULT_VEHTYPE" speed="12.65" pos="37.01" lane="2/2to2/1_0" slope="0.00"/>
        <vehicle id="8" x="293.80" y="401.65" angle="-90.00" type="DEFAULT_VEHTYPE" speed="13.35" pos="101.45" lane="2/2to1/2_0" slope="0.00"/>
        <vehicle id="9" x="177.05" y="198.35" angle="90.00" type="DEFAULT_VEHTYPE" speed="10.55" pos="177.05" lane="0/1to1/1_0" slope="0.00"/>
    </timestep>
    <timestep time="260.00">
        <vehicle id="0" x="198.35" y="112.34" angle="0.00" type="DEFAULT_VEHTYPE" speed="12.97" pos="82.91" lane="1/1to1/0_0" slope="0.00"/>
        <vehicle id="10" x="408.77" y="401.65" angle="-90.00" type="DEFAULT_VEHTYPE" speed="3.00" pos="186.48" lane="3/2to2/2_0" slope="0.00"/>
        <vehicle id="11" x="187.75" y="398.35" angle="90.00" type="DEFAULT_VEHTYPE" speed="5.92" pos="187.75" lane="0/2to1/2_0" slope="0.00"/>
        <vehicle id="15" x="445.44" y="198.35" angle="90.00" type="DEFAULT_VEHTYPE" speed="13.09" pos="40.69" lane="2/1to3/1_0" slope="0.00"/>
        <vehicle id="16" x="201.65" y="323.92" angle="180.00" type="DEFAULT_VEHTYPE" speed="13.11" pos="119.17" lane="1/1to1/2_0" slope="0.00"/>
        <vehicle id="17" x="21.26" y="401.65" angle="-90.00" type="DEFAULT_VEHTYPE" speed="13.09" pos="173.99" lane="1/2to0/2_0" slope="0.00"/>
        <vehicle id="18" x="601.65" y="242.91" angle="180.00" type="DEFAULT_VEHTYPE" speed="12.64" pos="38.16" lane="3/1to3/2_0" slope="0.00"/>
        <vehicle id="2" x="601.65" y="586.23" angle="180.00" type="DEFAULT_VEHTYPE" speed="13.27" pos="181.48" lane="3/2to3/3_0" slope="0.00"/>
        <vehicle id="24" x="398.35" y="462.97" angle="0.00" type="DEFAULT_VEHTYPE" speed="12.86" pos="132.28" lane="2/3to2/2_0" slope="0.00"/>
        <vehicle id="28" x="198.35" y="43.13" angle="0.00" type="DEFAULT_VEHTYPE" speed="12.64" pos="152.12" lane="1/1to1/0_0" slope="0.00"/>
        <vehicle id="29" x="401.65" y="60.14" angle="180.00" type="DEFAULT_VEHTYPE" speed="12.77" pos="60.14" lane="2/0to2/1_0" slope="0.00"/>
        <vehicle id="3" x="198.35" y="166.96" angle="0.00" type="DEFAULT_VEHTYPE" speed="13.37" pos="28.29" lane="1/1to1/0_0" slope="0.00"/>
        <vehicle id="33" x="721.34" y="598.35" angle="90.00" type="DEFAULT_VEHTYPE" speed="13.18" pos="116.59" lane="3/3to4/3_0" slope="0.00"/>
        <vehicle id="37" x="401.65" y="604.90" angle="162.87" type="DEFAULT_VEHTYPE" speed="6.27" pos="0.15" lane="2/3to2/4_0" slope="0.00"/>
        <vehicle id="39" x="669.95" y="598.35" angle="90.00" type="DEFAULT_VEHTYPE" speed="13.38" pos="65.20" lane="3/3to4/3_0" slope="0.00"/>
        <vehicle id="40" x="201.65" y="67.77" angle="180.00" type="DEFAULT_VEHTYPE" speed="13.58" pos="67.77" lane="1/0to1/1_0" slope="0.00"/>
        <vehicle id="42" x="398.35" y="551.97" angle="0.00" type="DEFAULT_VEHTYPE" speed="13.35" pos="43.28" lane="2/3to2/2_0" slope="0.00"/>
        <vehicle id="43" x="401.65" y="675.17" angle="180.00" type="DEFAULT_VEHTYPE" speed="13.79" pos="70.42" lane="2/3to2/4_0" slope="0.00"/>
        <vehicle id="44" x="601.65" y="419.42" angle="180.00" type="DEFAULT_VEHTYPE" speed="13.49" pos="14.67" lane="3/2to3/3_0" slope="0.00"/>
        <vehicle id="48" x="398.35" y="387.36" angle="0.00" type="DEFAULT_VEHTYPE" speed="8.85" pos="7.89" lane="2/2to2/1_0" slope="0.00"/>
        <vehicle id="49" x="359.22" y="598.35" angle="90.00" type="DEFAULT_VEHTYPE" speed="12.69" pos="154.47" lane="1/3to2/3_0" slope="0.00"/>
        <vehicle id="5" x="401.65" y="764.12" angle="180.00" type="DEFAULT_VEHTYPE" speed="13.47" pos="159.37" lane="2/3to2/4_0" slope="0.00"/>
        <vehicle id="6" x="301.78" y="598.35" angle="90.00" type="DEFAULT_VEHTYPE" speed="13.00" pos="97.03" lane="1/3to2/3_0" slope="0.00"/>
        <vehicle id="7" x="398.35" y="345.01" angle="0.00" type="DEFAULT_VEHTYPE" speed="13.23" pos="50.24" lane="2/2to2/1_0" slope="0.00"/>
        <vehicle id="8" x="280.67" y="401.65" angle="-90.00" type="DEFAULT_VEHTYPE" speed="13.14" pos="114.58" lane="2/2to1/2_0" slope="0.00"/>
        <vehicle id="9" x="184.58" y="198.35" angle="90.00" type="DEFAULT_VEHTYPE" speed="7.53" pos="184.58" lane="0/1to1/1_0" slope="0.00"/>
    </timestep>
    <timestep time="261.00">
        <vehicle id="0" x="198.35" y="98.75" angle="0.00" type="DEFAULT_VEHTYPE" speed="13.59" pos="96.50" lane="1/1to1/0_0" slope="0.00"/>
        <vehicle id="10" x="404.27" y="401.65" angle="-90.00" type="DEFAULT_VEHTYPE" speed="4.51" pos="0.48" lane=":2/2_5_0" slope="0.00"/>
        <vehicle id="11" x="190.54" y="398.35" angle="90.00" type="DEFAULT_VEHTYPE" speed="2.80" pos="190.54" lane="0/2to1/2_0" slope="0.00"/>
        <vehicle id="15" x="459.31" y="198.35" angle="90.00" type="DEFAULT_VEHTYPE" speed="13.87" pos="54.56" lane="2/1to3/1_0" slope="0.00"/>
        <vehicle id="16" x="201.65" y="337.54" angle="180.00" type="DEFAULT_VEHTYPE" speed="13.62" pos="132.79" lane="1/1to1/2_0" slope="0.00"/>
        <vehicle id="17" x="8.30" y="401.65" angle="-90.00" type="DEFAULT_VEHTYPE" speed="12.96" pos="186.95" lane="1/2to0/2_0" slope="0.00"/>
        <vehicle id="18" x="601.65" y="255.93" angle="180.00" type="DEFAULT_VEHTYPE" speed="13.03" pos="51.18" lane="3/1to3/2_0" slope="0.00"/>
        <vehicle id="2" x="603.44" y="598.17" angle="157.20" type="DEFAULT_VEHTYPE" speed="12.69" pos="3.68" lane=":3/3_8_0" slope="0.00"/>
        <vehicle id="24" x="398.35" y="450.26" angle="0.00" type="DEFAULT_VEHTYPE" speed="12.72" pos="144.99" lane="2/3to2/2_0" slope="0.00"/>
        <vehicle id="28" x="198.35" y="29.93" angle="0.00" type="DEFAULT_VEHTYPE" speed="13.20" pos="165.32" lane="1/1to1/0_0" slope="0.00"/>
        <vehicle id="29" x="401.65" y="73.09" angle="180.00" type="DEFAULT_VEHTYPE" speed="12.95" pos="73.09" lane="2/0to2/1_0" slope="0.00"/>
        <vehicle id="3" x="198.35" y="154.02" angle="0.00" type="DEFAULT_VEHTYPE" speed="12.94" pos="41.23" lane="1/1to1/0_0" slope="0.00"/>
        <vehicle id="33" x="735.16" y="598.35" angle="90.00" type="DEFAULT_VEHTYPE" speed="13.82" pos="130.41" lane="3/3to4/3_0" slope="0.00"/>
        <vehicle id="37" x="401.65" y="612.47" angle="180.00" type="DEFAULT_VEHTYPE" speed="7.57" pos="7.72" lane="2/3to2/4_0" slope="0.00"/>
        <vehicle id="39" x="682.58" y="598.35" angle="90.00" type="DEFAULT_VEHTYPE" speed="12.63" pos="77.83" lane="3/3to4/3_0" slope="0.00"/>
        <vehicle id="40" x="201.65" y="80.44" angle="180.00" type="DEFAULT_VEHTYPE" speed="12.67" pos="80.44" lane="1/0to1/1_0" slope="0.00"/>
        <vehicle id="42" x="398.35" y="538.38" angle="0.00" type="DEFAULT_VEHTYPE" speed="13.59" pos="56.87" lane="2/3to2/2_0" slope="0.00"/>
        <vehicle id="43" x="401.65" y="688.78" angle="180.00" type="DEFAULT_VEHTYPE" speed="13.61" pos="84.03" lane="2/3to2/4_0" slope="0.00"/>
        <vehicle id="44" x="601.65" y="433.01" angle="180.00" type="DEFAULT_VEHTYPE" speed="13.58" pos="28.26" lane="3/2to3/3_0" slope="0.00"/>
        <vehicle id="48" x="398.35" y="376.08" angle="0.00" type="DEFAULT_VEHTYPE" speed="11.28" pos="19.17" lane="2/2to2/1_0" slope="0.00"/>
        <vehicle id="49" x="372.18" y="598.35" angle="90.00" type="DEFAULT_VEHTYPE" speed="12.96" pos="167.43" lane="1/3to2/3_0" slope="0.00"/>
        <vehicle id="5" x="401.65" y="777.69" angle="180.00" type="DEFAULT_VEHTYPE" speed="13.57" pos="172.94" lane="2/3to2/4_0" slope="0.00"/>
        <vehicle id="6" x="314.63" y="598.35" angle="90.00" type="DEFAULT_VEHTYPE" speed="12.85" pos="109.88" lane="1/3to2/3_0" slope="0.00"/>
        <vehicle id="7" x="398.35" y="331.98" angle="0.00" type="DEFAULT_VEHTYPE" speed="13.03" pos="63.27" lane="2/2to2/1_0" slope="0.00"/>
        <vehicle id="8" x="267.47" y="401.65" angle="-90.00" type="DEFAULT_VEHTYPE" speed="13.19" pos="127.78" lane="2/2to1/2_0" slope="0.00"/>
        <vehicle id="9" x="188.95" y="198.35" angle="90.00" type="DEFAULT_VEHTYPE" speed="4.37" pos="188.95" lane="0/1to1/1_0" slope="0.00"/>
    </timestep>
    <timestep time="262.00">
        <vehicle id="0" x="198.35" y="85.88" angle="0.00" type="DEFAULT_VEHTYPE" speed="12.86" pos="109.37" lane="1/1to1/0_0" slope="0.00"/>
        <vehicle id="10" x="397.17" y="401.65" angle="-90.00" type="DEFAULT_VEHTYPE" speed="7.10" pos="7.58" lane=":2/2_5_0" slope="0.00"/>
        <vehicle id="11" x="195.77" y="398.42" angle="90.85" type="DEFAULT_VEHTYPE" speed="5.23" pos="0.52" lane=":1/2_14_0" slope="0.00"/>
        <vehicle id="15" x="472.52" y="198.35" angle="90.00" type="DEFAULT_VEHTYPE" speed="13.21" pos="67.77" lane="2/1to3/1_0" slope="0.00"/>
        <vehicle id="16" x="201.65" y="351.03" angle="180.00" type="DEFAULT_VEHTYPE" speed="13.49" pos="146.28" lane="1/1to1/2_0" slope="0.00"/>
        <vehicle id="17" x="0.10" y="398.35" angle="0.18" type="DEFAULT_VEHTYPE" speed="13.22" pos="0.10" lane="0/2to1/2_0" slope="0.00"/>
        <vehicle id="18" x="601.65" y="269.68" angle="180.00" type="DEFAULT_VEHTYPE" speed="13.75" pos="64.93" lane="3/1to3/2_0" slope="0.00"/>
        <vehicle id="2" x="616.76" y="598.35" angle="90.00" type="DEFAULT_VEHTYPE" speed="13.34" pos="12.01" lane="3/3to4/3_0" slope="0.00"/>
        <vehicle id="24" x="398.35" y="436.39" angle="0.00" type="DEFAULT_VEHTYPE" speed="13.87" pos="158.86" lane="2/3to2/2_0" slope="0.00"/>
        <vehicle id="28" x="198.35" y="17.28" angle="0.00" type="DEFAULT_VEHTYPE" speed="12.65" pos="177.97" lane="1/1to1/0_0" slope="0.00"/>
        <vehicle id="29" x="401.65" y="86.21" angle="180.00" type="DEFAULT_VEHTYPE" speed="13.13" pos="86.21" lane="2/0to2/1_0" slope="0.00"/>
        <vehicle id="3" x="198.35" y="140.87" angle="0.00" type="DEFAULT_VEHTYPE" speed="13.15" pos="54.38" lane="1/1to1/0_0" slope="0.00"/>
        <vehicle id="33" x="748.08" y="598.35" angle="90.00" type="DEFAULT_VEHTYPE" speed="12.92" pos="143.33" lane="3/3to4/3_0" slope="0.00"/>
        <vehicle id="37" x="401.65" y="621.54" angle="180.00" type="DEFAULT_VEHTYPE" speed="9.07" pos="16.79" lane="2/3to2/4_0" slope="0.00"/>
        <vehicle id="39" x="695.40" y="598.35" angle="90.00" type="DEFAULT_VEHTYPE" speed="12.83" pos="90.65" lane="3/3to4/3_0" slope="0.00"/>
        <vehicle id="40" x="201.65" y="94.05" angle="180.00" type="DEFAULT_VEHTYPE" speed="13.61" pos="94.05" lane="1/0to1/1_0" slope="0.00"/>
        <vehicle id="42" x="398.35" y="525.04" angle="0.00" type="DEFAULT_VEHTYPE" speed="13.34" pos="70.21" lane="2/3to2/2_0" slope="0.00"/>
        <vehicle id="43" x="401.65" y="702.28" angle="180.00" type="DEFAULT_VEHTYPE" speed="13.50" pos="97.53" lane="2/3to2/4_0" slope="0.00"/>
        <vehicle id="44" x="601.65" y="446.40" angle="180.00" type="DEFAULT_VEHTYPE" speed="13.39" pos="41.65" lane="3/2to3/3_0" slope="0.00"/>
        <vehicle id="48" x="398.35" y="362.87" angle="0.00" type="DEFAULT_VEHTYPE" speed="13.20" pos="32.38" lane="2/2to2/1_0" slope="0.00"/>
        <vehicle id="49" x="381.86" y="598.35" angle="90.00" type="DEFAULT_VEHTYPE" speed="9.68" pos="177.11" lane="1/3to2/3_0" slope="0.00"/>
        <vehicle id="5" x="401.65" y="790.61" angle="180.00" type="DEFAULT_VEHTYPE" speed="12.92" pos="185.86" lane="2/3to2/4_0" slope="0.00"/>
        <vehicle id="6" x="327.35" y="598.35" angle="90.00" type="DEFAULT_VEHTYPE" speed="12.71" pos="122.60" lane="1/3to2/3_0" slope="0.00"/>
        <vehicle id="7" x="398.35" y="318.40" angle="0.00" type="DEFAULT_VEHTYPE" speed="13.58" pos="76.85" lane="2/2to2/1_0" slope="0.00"/>
        <vehicle id="8" x="253.69" y="401.65" angle="-90.00" type="DEFAULT_VEHTYPE" speed="13.78" pos="141.56" lane="2/2to1/2_0" slope="0.00"/>
        <vehicle id="9" x="195.25" y="198.35" angle="90.00" type="DEFAULT_VEHTYPE" speed="6.30" pos="195.25" lane="0/1to1/1_0" slope="0.00"/>
    </timestep>
    <timestep time="263.00">
        <vehicle id="0" x="198.35" y="72.88" angle="0.00" type="DEFAULT_VEHTYPE" speed="13.01" pos="122.37" lane="1/1to1/0_0" slope="0.00"/>
        <vehicle id="10" x="388.72" y="401.65" angle="-90.00" type="DEFAULT_VEHTYPE" speed="8.45" pos="6.53" lane="2/2to1/2_0" slope="0.00"/>
        <vehicle id="11" x="201.24" y="401.94" angle="132.45" type="DEFAULT_VEHTYPE" speed="6.96" pos="7.48" lane=":1/2_14_0" slope="0.00"/>
        <vehicle id="15" x="485.40" y="198.35" angle="90.00" type="DEFAULT_VEHTYPE" speed="12.88" pos="80.65" lane="2/1to3/1_0" slope="0.00"/>
        <vehicle id="16" x="201.65" y="364.37" angle="180.00" type="DEFAULT_VEHTYPE" speed="13.34" pos="159.62" lane="1/1to1/2_0" slope="0.00"/>
        <vehicle id="17" x="12.89" y="398.35" angle="90.00" type="DEFAULT_VEHTYPE" speed="12.79" pos="12.89" lane="0/2to1/2_0" slope="0.00"/>
        <vehicle id="18" x="601.65" y="282.46" angle="180.00" type="DEFAULT_VEHTYPE" speed="12.78" pos="77.71" lane="3/1to3/2_0" slope="0.00"/>
        <vehicle id="2" x="629.44" y="598.35" angle="90.00" type="DEFAULT_VEHTYPE" speed="12.68" pos="24.69" lane="3/3to4/3_0" slope="0.00"/>
        <vehicle id="24" x="398.35" y="423.52" angle="0.00" type="DEFAULT_VEHTYPE" speed="12.87" pos="171.73" lane="2/3to2/2_0" slope="0.00"/>
        <vehicle id="28" x="198.35" y="4.54" angle="0.00" type="DEFAULT_VEHTYPE" speed="12.74" pos="190.71" lane="1/1to1/0_0" slope="0.00"/>
        <vehicle id="29" x="401.65" y="99.42" angle="180.00" type="DEFAULT_VEHTYPE" speed="13.21" pos="99.42" lane="2/0to2/1_0" slope="0.00"/>
        <vehicle id="3" x="198.35" y="127.35" angle="0.00" type="DEFAULT_VEHTYPE" speed="13.52" pos="67.90" lane="1/1to1/0_0" slope="0.00"/>
        <vehicle id="33" x="761.21" y="598.35" angle="90.00" type="DEFAULT_VEHTYPE" speed="13.13" pos="156.46" lane="3/3to4/3_0" slope="0.00"/>
        <vehicle id="37" x="401.65" y="632.47" angle="180.00" type="DEFAULT_VEHTYPE" speed="10.93" pos="27.72" lane="2/3to2/4_0" slope="0.00"/>
        <vehicle id="39" x="709.20" y="598.35" angle="90.00" type="DEFAULT_VEHTYPE" speed="13.80" pos="104.45" lane="3/3to4/3_0" slope="0.00"/>
        <vehicle id="40" x="201.65" y="107.86" angle="180.00" type="DEFAULT_VEHTYPE" speed="13.82" pos="107.86" lane="1/0to1/1_0" slope="0.00"/>
        <vehicle id="42" x="398.35" y="512.43" angle="0.00" type="DEFAULT_VEHTYPE" speed="12.61" pos="82.82" lane="2/3to2/2_0" slope="0.00"/>
        <vehicle id="43" x="401.65" y="714.91" angle="180.00" type="DEFAULT_VEHTYPE" speed="12.63" pos="110.16" lane="2/3to2/4_0" slope="0.00"/>
        <vehicle id="44" x="601.65" y="459.39" angle="180.00" type="DEFAULT_VEHTYPE" speed="12.99" pos="54.64" lane="3/2to3/3_0" slope="0.00"/>
        <vehicle id="48" x="398.35" y="350.20" angle="0.00" type="DEFAULT_VEHTYPE" speed="12.67" pos="45.05" lane="2/2to2/1_0" slope="0.00"/>
        <vehicle id="49" x="387.10" y="598.35" angle="90.00" type="DEFAULT_VEHTYPE" speed="5.23" pos="182.35" lane="1/3to2/3_0" slope="0.00"/>
        <vehicle id="5" x="399.12" y="801.15" angle="-137.10" type="DEFAULT_VEHTYPE" speed="12.82" pos="3.43" lane=":2/4_0_0" slope="0.00"/>
        <vehicle id="6" x="340.62" y="598.35" angle="90.00" type="DEFAULT_VEHTYPE" speed="13.27" pos="135.87" lane="1/3to2/3_0" slope="0.00"/>
        <vehicle id="7" x="398.35" y="305.39" angle="0.00" type="DEFAULT_VEHTYPE" speed="13.01" pos="89.86" lane="2/2to2/1_0" slope="0.00"/>
        <vehicle id="8" x="240.60" y="401.65" angle="-90.00" type="DEFAULT_VEHTYPE" speed="13.09" pos="154.65" lane="2/2to1/2_0" slope="0.00"/>
        <vehicle id="9" x="198.35" y="191.71" angle="2.73" type="DEFAULT_VEHTYPE" speed="8.54" pos="3.54" lane="1/1to1/0_0" slope="0.00"/>
    </timestep>
    <timestep time="264.00">
        <vehicle id="0" x="198.35" y="59.69" angle="0.00" type="DEFAULT_VEHTYPE" speed="13.19" pos="135.56" lane="1/1to1/0_0" slope="0.00"/>
        <vehicle id="10" x="378.55" y="401.65" angle="-90.00" type="DEFAULT_VEHTYPE" speed="10.16" pos="16.70" lane="2/2to1/2_0" slope="0.00"/>
        <vehicle id="11" x="201.65" y="410.99" angle="180.00" type="DEFAULT_VEHTYPE" speed="9.08" pos="6.24" lane="1/2to1/3_0" slope="0.00"/>
        <vehicle id="15" x="499.07" y="198.35" angle="90.00" type="DEFAULT_VEHTYPE" speed="13.67" pos="94.32" lane="2/1to3/1_0" slope="0.00"/>
        <vehicle id="16" x="201.65" y="377.52" angle="180.00" type="DEFAULT_VEHTYPE" speed="13.15" pos="172.77" lane="1/1to1/2_0" slope="0.00"/>
        <vehicle id="17" x="25.88" y="398.35" angle="90.00" type="DEFAULT_VEHTYPE" speed="13.00" pos="25.88" lane="0/2to1/2_0" slope="0.00"/>
        <vehicle id="18" x="601.65" y="295.95" angle="180.00" type="DEFAULT_VEHTYPE" speed="13.49" pos="91.20" lane="3/1to3/2_0" slope="0.00"/>
        <vehicle id="2" x="642.83" y="598.35" angle="90.00" type="DEFAULT_VEHTYPE" speed="13.39" pos="38.08" lane="3/3to4/3_0" slope="0.00"/>
        <vehicle id="24" x="398.35" y="410.90" angle="0.00" type="DEFAULT_VEHTYPE" speed="12.63" pos="184.35" lane="2/3to2/2_0" slope="0.00"/>
        <vehicle id="28" x="201.65" y="4.46" angle="176.47" type="DEFAULT_VEHTYPE" speed="13.82" pos="4.46" lane="1/0to1/1_0" slope="0.00"/>
        <vehicle id="29" x="401.65" y="112.18" angle="180.00" type="DEFAULT_VEHTYPE" speed="12.76" pos="112.18" lane="2/0to2/1_0" slope="0.00"/>
        <vehicle id="3" x="198.35" y="113.46" angle="0.00" type="DEFAULT_VEHTYPE" speed="13.90" pos="81.79" lane="1/1to1/0_0" slope="0.00"/>
        <vehicle id="33" x="773.86" y="598.35" angle="90.00" type="DEFAULT_VEHTYPE" speed="12.64" pos="169.11" lane="3/3to4/3_0" slope="0.00"/>
        <vehicle id="37" x="401.65" y="644.94" angle="180.00" type="DEFAULT_VEHTYPE" speed="12.47" pos="40.19" lane="2/3to2/4_0" slope="0.00"/>
        <vehicle id="39" x="722.93" y="598.35" angle="90.00" type="DEFAULT_VEHTYPE" speed="13.73" pos="118.18" lane="3/3to4/3_0" slope="0.00"/>
        <vehicle id="40" x="201.65" y="121.46" angle="180.00" type="DEFAULT_VEHTYPE" speed="13.60" pos="121.46" lane="1/0to1/1_0" slope="0.00"/>
        <vehicle id="42" x="398.35" y="498.63" angle="0.00" type="DEFAULT_VEHTYPE" speed="13.80" pos="96.62" lane="2/3to2/2_0" slope="0.00"/>
        <vehicle id="43" x="401.65" y="727.72" angle="180.00" type="DEFAULT_VEHTYPE" speed="12.81" pos="122.97" lane="2/3to2/4_0" slope="0.00"/>
        <vehicle id="44" x="601.65" y="472.56" angle="180.00" type="DEFAULT_VEHTYPE" speed="13.17" pos="67.81" lane="3/2to3/3_0" slope="0.00"/>
        <vehicle id="48" x="398.35" y="336.46" angle="0.00" type="DEFAULT_VEHTYPE" speed="13.75" pos="58.79" lane="2/2to2/1_0" slope="0.00"/>
        <vehicle id="49" x="390.01" y="598.35" angle="90.00" type="DEFAULT_VEHTYPE" speed="2.92" pos="185.26" lane="1/3to2/3_0" slope="0.00"/>
        <vehicle id="5" x="398.35" y="787.54" angle="0.00" type="DEFAULT_VEHTYPE" speed="13.85" pos="12.46" lane="2/4to2/3_0" slope="0.00"/>
        <vehicle id="6" x="354.05" y="598.35" angle="90.00" type="DEFAULT_VEHTYPE" speed="13.44" pos="149.30" lane="1/3to2/3_0" slope="0.00"/>
        <vehicle id="7" x="398.35" y="292.10" angle="0.00" type="DEFAULT_VEHTYPE" speed="13.29" pos="103.15" lane="2/2to2/1_0" slope="0.00"/>
        <vehicle id="8" x="227.40" y="401.65" angle="-90.00" type="DEFAULT_VEHTYPE" speed="13.19" pos="167.85" lane="2/2to1/2_0" slope="0.00"/>
        <vehicle id="9" x="198.35" y="181.21" angle="0.00" type="DEFAULT_VEHTYPE" speed="10.50" pos="14.04" lane="1/1to1/0_0" slope="0.00"/>
    </timestep>
    <timestep time="265.00">
        <vehicle id="0" x="198.35" y="46.12" angle="0.00" type="DEFAULT_VEHTYPE" speed="13.58" pos="149.13" lane="1/1to1/0_0" slope="0.00"/>
        <vehicle id="10" x="366.06" y="401.65" angle="-90.00" type="DEFAULT_VEHTYPE" speed="12.49" pos="29.19" lane="2/2to1/2_0" slope="0.00"/>
        <vehicle id="11" x="201.65" y="422.18" angle="180.00" type="DEFAULT_VEHTYPE" speed="11.19" pos="17.43" lane="1/2to1/3_0" slope="0.00"/>
        <vehicle id="15" x="512.03" y="198.35" angle="90.00" type="DEFAULT_VEHTYPE" speed="12.96" pos="107.28" lane="2/1to3/1_0" slope="0.00"/>
        <vehicle id="16" x="201.65" y="391.21" angle="180.00" type="DEFAULT_VEHTYPE" speed="13.69" pos="186.46" lane="1/1to1/2_0" slope="0.00"/>
        <vehicle id="17" x="39.17" y="398.35" angle="90.00" type="DEFAULT_VEHTYPE" speed="13.29" pos="39.17" lane="0/2to1/2_0" slope="0.00"/>
        <vehicle id="18" x="601.65" y="309.58" angle="180.00" type="DEFAULT_VEHTYPE" speed="13.63" pos="104.83" lane="3/1to3/2_0" slope="0.00"/>
        <vehicle id="2" x="655.45" y="598.35" angle="90.00" type="DEFAULT_VEHTYPE" speed="12.62" pos="50.70" lane="3/3to4/3_0" slope="0.00"/>
        <vehicle id="24" x="393.95" y="401.65" angle="-66.79" type="DEFAULT_VEHTYPE" speed="12.45" pos="1.30" lane="2/2to1/2_0" slope="0.00"/>
        <vehicle id="28" x="201.65" y="17.86" angle="180.00" type="DEFAULT_VEHTYPE" speed="13.40" pos="17.86" lane="1/0to1/1_0" slope="0.00"/>
        <vehicle id="29" x="401.65" y="126.05" angle="180.00" type="DEFAULT_VEHTYPE" speed="13.87" pos="126.05" lane="2/0to2/1_0" slope="0.00"/>
        <vehicle id="3" x="198.35" y="100.15" angle="0.00" type="DEFAULT_VEHTYPE" speed="13.30" pos="95.10" lane="1/1to1/0_0" slope="0.00"/>
        <vehicle id="33" x="787.01" y="598.35" angle="90.00" type="DEFAULT_VEHTYPE" speed="13.15" pos="182.26" lane="3/3to4/3_0" slope="0.00"/>
        <vehicle id="37" x="401.65" y="658.35" angle="180.00" type="DEFAULT_VEHTYPE" speed="13.41" pos="53.60" lane="2/3to2/4_0" slope="0.00"/>
        <vehicle id="39" x="736.05" y="598.35" angle="90.00" type="DEFAULT_VEHTYPE" speed="13.13" pos="131.30" lane="3/3to4/3_0" slope="0.00"/>
        <vehicle id="40" x="201.65" y="135.16" angle="180.00" type="DEFAULT_VEHTYPE" speed="13.70" pos="135.16" lane="1/0to1/1_0" slope="0.00"/>
        <vehicle id="42" x="398.35" y="485.05" angle="0.00" type="DEFAULT_VEHTYPE" speed="13.58" pos="110.20" lane="2/3to2/2_0" slope="0.00"/>
        <vehicle id="43" x="401.65" y="740.79" angle="180.00" type="DEFAULT_VEHTYPE" speed="13.07" pos="136.04" lane="2/3to2/4_0" slope="0.00"/>
        <vehicle id="44" x="601.65" y="485.92" angle="180.00" type="DEFAULT_VEHTYPE" speed="13.36" pos="81.17" lane="3/2to3/3_0" slope="0.00"/>
        <vehicle id="48" x="398.35" y="322.85" angle="0.00" type="DEFAULT_VEHTYPE" speed="13.61" pos="72.40" lane="2/2to2/1_0" slope="0.00"/>
        <vehicle id="49" x="395.11" y="598.35" angle="90.00" type="DEFAULT_VEHTYPE" speed="5.10" pos="190.36" lane="1/3to2/3_0" slope="0.00"/>
        <vehicle id="5" x="398.35" y="773.96" angle="0.00" type="DEFAULT_VEHTYPE" speed="13.58" pos="26.04" lane="2/4to2/3_0" slope="0.00"/>
        <vehicle id="6" x="365.74" y="598.35" angle="90.00" type="DEFAULT_VEHTYPE" speed="11.68" pos="160.99" lane="1/3to2/3_0" slope="0.00"/>
        <vehicle id="7" x="398.35" y="278.66" angle="0.00" type="DEFAULT_VEHTYPE" speed="13.44" pos="116.59" lane="2/2to2/1_0" slope="0.00"/>
        <vehicle id="8" x="218.27" y="401.65" angle="-90.00" type="DEFAULT_VEHTYPE" speed="9.13" pos="176.98" lane="2/2to1/2_0" slope="0.00"/>
        <vehicle id="9" x="198.35" y="168.68" angle="0.00" type="DEFAULT_VEHTYPE" speed="12.54" pos="26.57" lane="1/1to1/0_0" slope="0.00"/>
    </timestep>
    <timestep time="266.00">
        <vehicle id="0" x="198.35" y="32.84" angle="0.00" type="DEFAULT_VEHTYPE" speed="13.27" pos="162.41" lane="1/1to1/0_0" slope="0.00"/>
        <vehicle id="10" x="352.35" y="401.65" angle="-90.00" type="DEFAULT_VEHTYPE" speed="13.71" pos="42.90" lane="2/2to1/2_0" slope="0.00"/>
        <vehicle id="11" x="201.65" y="435.15" angle="180.00" type="DEFAULT_VEHTYPE" speed="12.97" pos="30.40" lane="1/2to1/3_0" slope="0.00"/>
        <vehicle id="15" x="524.73" y="198.35" angle="90.00" type="DEFAULT_VEHTYPE" speed="12.70" pos="119.98" lane="2/1to3/1_0" slope="0.00"/>
        <vehicle id="16" x="201.65" y="404.67" angle="180.00" type="DEFAULT_VEHTYPE" speed="13.46" pos="9.42" lane=":1/2_9_0" slope="0.00"/>
        <vehicle id="17" x="53.03" y="398.35" angle="90.00" type="DEFAULT_VEHTYPE" speed="13.86" pos="53.03" lane="0/2to1/2_0" slope="0.00"/>
        <vehicle id="18" x="601.65" y="322.66" angle="180.00" type="DEFAULT_VEHTYPE" speed="13.07" pos="117.91" lane="3/1to3/2_0" slope="0.00"/>
        <vehicle id="2" x="668.85" y="598.35" angle="90.00" type="DEFAULT_VEHTYPE" speed="13.40" pos="64.10" lane="3/3to4/3_0" slope="0.00"/>
        <vehicle id="24" x="380.90" y="401.65" angle="-90.00" type="DEFAULT_VEHTYPE" speed="13.05" pos="14.35" lane="2/2to1/2_0" slope="0.00"/>
        <vehicle id="28" x="201.65" y="30.55" angle="180.00" type="DEFAULT_VEHTYPE" speed="12.69" pos="30.55" lane="1/0to1/1_0" slope="0.00"/>
        <vehicle id="29" x="401.65" y="139.70" angle="180.00" type="DEFAULT_VEHTYPE" speed="13.64" pos="139.70" lane="2/0to2/1_0" slope="0.00"/>
        <vehicle id="3" x="198.35" y="86.84" angle="0.00" type="DEFAULT_VEHTYPE" speed="13.31" pos="108.41" lane="1/1to1/0_0" slope="0.00"/>
        <vehicle id="33" x="800.22" y="598.50" angle="91.73" type="DEFAULT_VEHTYPE" speed="13.26" pos="0.27" lane=":4/3_0_0" slope="0.00"/>
        <vehicle id="37" x="401.65" y="671.35" angle="180.00" type="DEFAULT_VEHTYPE" speed="12.99" pos="66.60" lane="2/3to2/4_0" slope="0.00"/>
        <vehicle id="39" x="749.86" y="598.35" angle="90.00" type="DEFAULT_VEHTYPE" speed="13.80" pos="145.11" lane="3/3to4/3_0" slope="0.00"/>
        <vehicle id="40" x="201.65" y="148.52" angle="180.00" type="DEFAULT_VEHTYPE" speed="13.36" pos="148.52" lane="1/0to1/1_0" slope="0.00"/>
        <vehicle id="42" x="398.35" y="472.11" angle="0.00" type="DEFAULT_VEHTYPE" speed="12.94" pos="123.14" lane="2/3to2/2_0" slope="0.00"/>
        <vehicle id="43" x="401.65" y="753.94" angle="180.00" type="DEFAULT_VEHTYPE" speed="13.15" pos="149.19" lane="2/3to2/4_0" slope="0.00"/>
        <vehicle id="44" x="601.65" y="499.43" angle="180.00" type="DEFAULT_VEHTYPE" speed="13.51" pos="94.68" lane="3/2to3/3_0" slope="0.00"/>
        <vehicle id="48" x="398.35" y="310.24" angle="0.00" type="DEFAULT_VEHTYPE" speed="12.61" pos="85.01" lane="2/2to2/1_0" slope="0.00"/>
        <vehicle id="49" x="401.25" y="601.97" angle="132.83" type="DEFAULT_VEHTYPE" speed="7.65" pos="7.51" lane=":2/3_14_0" slope="0.00"/>
        <vehicle id="5" x="398.35" y="760.35" angle="0.00" type="DEFAULT_VEHTYPE" speed="13.61" pos="39.65" lane="2/4to2/3_0" slope="0.00"/>
        <vehicle id="6" x="377.37" y="598.35" angle="90.00" type="DEFAULT_VEHTYPE" speed="11.64" pos="172.62" lane="1/3to2/3_0" slope="0.00"/>
        <vehicle id="7" x="398.35" y="265.31" angle="0.00" type="DEFAULT_VEHTYPE" speed="13.35" pos="129.94" lane="2/2to2/1_0" slope="0.00"/>
        <vehicle id="8" x="212.99" y="401.65" angle="-90.00" type="DEFAULT_VEHTYPE" speed="5.28" pos="182.26" lane="2/2to1/2_0" slope="0.00"/>
        <vehicle id="9" x="198.35" y="155.03" angle="0.00" type="DEFAULT_VEHTYPE" speed="13.65" pos="40.22" lane="1/1to1/0_0" slope="0.00"/>
    </timestep>
    <timestep time="267.00">
        <vehicle id="0" x="198.35" y="19.38" angle="0.00" type="DEFAULT_VEHTYPE" speed="13.47" pos="175.87" lane="1/1to1/0_0" slope="0.00"/>
        <vehicle id="10" x="338.98" y="401.65" angle="-90.00" type="DEFAULT_VEHTYPE" speed="13.37" pos="56.27" lane="2/2to1/2_0" slope="0.00"/>
        <vehicle id="11" x="201.65" y="448.66" angle="180.00" type="DEFAULT_VEHTYPE" speed="13.50" pos="43.91" lane="1/2to1/3_0" slope="0.00"/>
        <vehicle id="15" x="537.77" y="198.35" angle="90.00" type="DEFAULT_VEHTYPE" speed="13.04" pos="133.02" lane="2/1to3/1_0" slope="0.00"/>
        <vehicle id="16" x="201.65" y="418.21" angle="180.00" type="DEFAULT_VEHTYPE" speed="13.54" pos="13.46" lane="1/2to1/3_0" slope="0.00"/>
        <vehicle id="17" x="66.06" y="398.35" angle="90.00" type="DEFAULT_VEHTYPE" speed="13.03" pos="66.06" lane="0/2to1/2_0" slope="0.00"/>
        <vehicle id="18" x="601.65" y="335.45" angle="180.00" type="DEFAULT_VEHTYPE" speed="12.80" pos="130.70" lane="3/1to3/2_0" slope="0.00"/>
        <vehicle id="2" x="682.50" y="598.35" angle="90.00" type="DEFAULT_VEHTYPE" speed="13.65" pos="77.75" lane="3/3to4/3_0" slope="0.00"/>
        <vehicle id="24" x="367.29" y="401.65" angle="-90.00" type="DEFAULT_VEHTYPE" speed="13.61" pos="27.96" lane="2/2to1/2_0" slope="0.00"/>
        <vehicle id="28" x="201.65" y="43.58" angle="180.00" type="DEFAULT_VEHTYPE" speed="13.03" pos="43.58" lane="1/0to1/1_0" slope="0.00"/>
        <vehicle id="29" x="401.65" y="152.66" angle="180.00" type="DEFAULT_VEHTYPE" speed="12.97" pos="152.66" lane="2/0to2/1_0" slope="0.00"/>
        <vehicle id="3" x="198.35" y="73.67" angle="0.00" type="DEFAULT_VEHTYPE" speed="13.17" pos="121.58" lane="1/1to1/0_0" slope="0.00"/>
        <vehicle id="33" x="790.75" y="601.65" angle="-90.00" type="DEFAULT_VEHTYPE" speed="13.80" pos="9.25" lane="4/3to3/3_0" slope="0.00"/>
        <vehicle id="37" x="401.65" y="685.07" angle="180.00" type="DEFAULT_VEHTYPE" speed="13.72" pos="80.32" lane="2/3to2/4_0" slope="0.00"/>
        <vehicle id="39" x="762.82" y="598.35" angle="90.00" type="DEFAULT_VEHTYPE" speed="12.96" pos="158.07" lane="3/3to4/3_0" slope="0.00"/>
        <vehicle id="40" x="201.65" y="161.91" angle="180.00" type="DEFAULT_VEHTYPE" speed="13.40" pos="161.91" lane="1/0to1/1_0" slope="0.00"/>
        <vehicle id="42" x="398.35" y="458.46" angle="0.00" type="DEFAULT_VEHTYPE" speed="13.65" pos="136.79" lane="2/3to2/2_0" slope="0.00"/>
        <vehicle id="43" x="401.65" y="766.87" angle="180.00" type="DEFAULT_VEHTYPE" speed="12.92" pos="162.12" lane="2/3to2/4_0" slope="0.00"/>
        <vehicle id="44" x="601.65" y="512.21" angle="180.00" type="DEFAULT_VEHTYPE" speed="12.78" pos="107.46" lane="3/2to3/3_0" slope="0.00"/>
        <vehicle id="48" x="398.35" y="296.99" angle="0.00" type="DEFAULT_VEHTYPE" speed="13.25" pos="98.26" lane="2/2to2/1_0" slope="0.00"/>
        <vehicle id="49" x="401.65" y="612.10" angle="180.00" type="DEFAULT_VEHTYPE" speed="10.16" pos="7.35" lane="2/3to2/4_0" slope="0.00"/>
        <vehicle id="5" x="398.35" y="746.66" angle="0.00" type="DEFAULT_VEHTYPE" speed="13.69" pos="53.34" lane="2/4to2/3_0" slope="0.00"/>
        <vehicle id="6" x="384.53" y="598.35" angle="90.00" type="DEFAULT_VEHTYPE" speed="7.16" pos="179.78" lane="1/3to2/3_0" slope="0.00"/>
        <vehicle id="7" x="398.35" y="252.21" angle="0.00" type="DEFAULT_VEHTYPE" speed="13.10" pos="143.04" lane="2/2to2/1_0" slope="0.00"/>
        <vehicle id="8" x="209.79" y="401.65" angle="-90.00" type="DEFAULT_VEHTYPE" speed="3.20" pos="185.46" lane="2/2to1/2_0" slope="0.00"/>
        <vehicle id="9" x="198.35" y="141.99" angle="0.00" type="DEFAULT_VEHTYPE" speed="13.04" pos="53.26" lane="1/1to1/0_0" slope="0.00"/>
    </timestep>
    <timestep time="268.00">
        <vehicle id="0" x="198.35" y="5.93" angle="0.00" type="DEFAULT_VEHTYPE" speed="13.45" pos="189.32" lane="1/1to1/0_0" slope="0.00"/>
        <vehicle id="10" x="325.47" y="401.65" angle="-90.00" type="DEFAULT_VEHTYPE" speed="13.51" pos="69.78" lane="2/2to1/2_0" slope="0.00"/>
        <vehicle id="11" x="201.65" y="461.38" angle="180.00" type="DEFAULT_VEHTYPE" speed="12.72" pos="56.63" lane="1/2to1/3_0" slope="0.00"/>
        <vehicle id="15" x="551.11" y="198.35" angle="90.00" type="DEFAULT_VEHTYPE" speed="13.33" pos="146.36" lane="2/1to3/1_0" slope="0.00"/>
        <vehicle id="16" x="201.65" y="431.45" angle="180.00" type="DEFAULT_VEHTYPE" speed="13.24" pos="26.70" lane="1/2to1/3_0" slope="0.00"/>
        <vehicle id="17" x="78.97" y="398.35" angle="90.00" type="DEFAULT_VEHTYPE" speed="12.90" pos="78.97" lane="0/2to1/2_0" slope="0.00"/>
        <vehicle id="18" x="601.65" y="348.77" angle="180.00" type="DEFAULT_VEHTYPE" speed="13.32" pos="144.02" lane="3/1to3/2_0" slope="0.00"/>
        <vehicle id="2" x="695.40" y="598.35" angle="90.00" type="DEFAULT_VEHTYPE" speed="12.90" pos="90.65" lane="3/3to4/3_0" slope="0.00"/>
        <vehicle id="24" x="353.78" y="401.65" angle="-90.00" type="DEFAULT_VEHTYPE" speed="13.51" pos="41.47" lane="2/2to1/2_0" slope="0.00"/>
        <vehicle id="28" x="201.65" y="57.34" angle="180.00" type="DEFAULT_VEHTYPE" speed="13.76" pos="57.34" lane="1/0to1/1_0" slope="0.00"/>
        <vehicle id="29" x="401.65" y="166.01" angle="180.00" type="DEFAULT_VEHTYPE" speed="13.35" pos="166.01" lane="2/0to2/1_0" slope="0.00"/>
        <vehicle id="3" x="198.35" y="60.19" angle="0.00" type="DEFAULT_VEHTYPE" speed="13.48" pos="135.06" lane="1/1to1/0_0" slope="0.00"/>
        <vehicle id="33" x="777.31" y="601.65" angle="-90.00" type="DEFAULT_VEHTYPE" speed="13.45" pos="22.69" lane="4/3to3/3_0" slope="0.00"/>
        <vehicle id="37" x="401.65" y="697.72" angle="180.00" type="DEFAULT_VEHTYPE" speed="12.65" pos="92.97" lane="2/3to2/4_0" slope="0.00"/>
        <vehicle id="39" x="776.50" y="598.35" angle="90.00" type="DEFAULT_VEHTYPE" speed="13.68" pos="171.75" lane="3/3to4/3_0" slope="0.00"/>
        <vehicle id="40" x="201.65" y="174.84" angle="180.00" type="DEFAULT_VEHTYPE" speed="12.92" pos="174.84" lane="1/0to1/1_0" slope="0.00"/>
        <vehicle id="42" x="398.35" y="445.85" angle="0.00" type="DEFAULT_VEHTYPE" speed="12.61" pos="149.40" lane="2/3to2/2_0" slope="0.00"/>
        <vehicle id="43" x="401.65" y="780.53" angle="180.00" type="DEFAULT_VEHTYPE" speed="13.67" pos="175.78" lane="2/3to2/4_0" slope="0.00"/>
        <vehicle id="44" x="601.65" y="525.19" angle="180.00" type="DEFAULT_VEHTYPE" speed="12.98" pos="120.44" lane="3/2to3/3_0" slope="0.00"/>
        <vehicle id="48" x="398.35" y="283.51" angle="0.00" type="DEFAULT_VEHTYPE" speed="13.48" pos="111.74" lane="2/2to2/1_0" slope="0.00"/>
        <vehicle id="49" x="401.65" y="623.63" angle="180.00" type="DEFAULT_VEHTYPE" speed="11.53" pos="18.88" lane="2/3to2/4_0" slope="0.00"/>
        <vehicle id="5" x="398.35" y="733.29" angle="0.00" type="DEFAULT_VEHTYPE" speed="13.37" pos="66.71" lane="2/4to2/3_0" slope="0.00"/>
        <vehicle id="6" x="388.60" y="598.35" angle="90.00" type="DEFAULT_VEHTYPE" speed="4.07" pos="183.85" lane="1/3to2/3_0" slope="0.00"/>
        <vehicle id="7" x="398.35" y="239.37" angle="0.00" type="DEFAULT_VEHTYPE" speed="12.84" pos="155.88" lane="2/2to2/1_0" slope="0.00"/>
        <vehicle id="8" x="204.36" y="401.59" angle="-89.36" type="DEFAULT_VEHTYPE" speed="5.44" pos="0.40" lane=":1/2_6_0" slope="0.00"/>
        <vehicle id="9" x="198.35" y="128.50" angle="0.00" type="DEFAULT_VEHTYPE" speed="13.49" pos="66.75" lane="1/1to1/0_0" slope="0.00"/>
    </timestep>
    <timestep time="269.00">
        <vehicle id="0" x="201.65" y="2.68" angle="159.84" type="DEFAULT_VEHTYPE" speed="13.43" pos="2.68" lane="1/0to1/1_0" slope="0.00"/>
        <vehicle id="10" x="312.23" y="401.65" angle="-90.00" type="DEFAULT_VEHTYPE" speed="13.24" pos="83.02" lane="2/2to1/2_0" slope="0.00"/>
        <vehicle id="11" x="201.65" y="474.14" angle="180.00" type="DEFAULT_VEHTYPE" speed="12.76" pos="69.39" lane="1/2to1/3_0" slope="0.00"/>
        <vehicle id="15" x="563.84" y="198.35" angle="90.00" type="DEFAULT_VEHTYPE" speed="12.74" pos="159.09" lane="2/1to3/1_0" slope="0.00"/>
        <vehicle id="16" x="201.65" y="444.78" angle="180.00" type="DEFAULT_VEHTYPE" speed="13.33" pos="40.03" lane="1/2to1/3_0" slope="0.00"/>
        <vehicle id="17" x="92.02" y="398.35" angle="90.00" type="DEFAULT_VEHTYPE" speed="13.05" pos="92.02" lane="0/2to1/2_0" slope="0.00"/>
        <vehicle id="18" x="601.65" y="361.78" angle="180.00" type="DEFAULT_VEHTYPE" speed="13.01" pos="157.03" lane="3/1to3/2_0" slope="0.00"/>
        <vehicle id="2" x="708.82" y="598.35" angle="90.00" type="DEFAULT_VEHTYPE" speed="13.42" pos="104.07" lane="3/3to4/3_0" slope="0.00"/>
        <vehicle id="24" x="341.14" y="401.65" angle="-90.00" type="DEFAULT_VEHTYPE" speed="12.64" pos="54.11" lane="2/2to1/2_0" slope="0.00"/>
        <vehicle id="28" x="201.65" y="70.34" angle="180.00" type="DEFAULT_VEHTYPE" speed="13.00" pos="70.34" lane="1/0to1/1_0" slope="0.00"/>
        <vehicle id="29" x="401.65" y="179.05" angle="180.00" type="DEFAULT_VEHTYPE" speed="13.04" pos="179.05" lane="2/0to2/1_0" slope="0.00"/>
        <vehicle id="3" x="198.35" y="46.87" angle="0.00" type="DEFAULT_VEHTYPE" speed="13.32" pos="148.38" lane="1/1to1/0_0" slope="0.00"/>
        <vehicle id="33" x="764.24" y="601.65" angle="-90.00" type="DEFAULT_VEHTYPE" speed="13.06" pos="35.76" lane="4/3to3/3_0" slope="0.00"/>
        <vehicle id="37" x="401.65" y="711.37" angle="180.00" type="DEFAULT_VEHTYPE" speed="13.65" pos="106.62" lane="2/3to2/4_0" slope="0.00"/>
        <vehicle id="39" x="789.82" y="598.35" angle="90.00" type="DEFAULT_VEHTYPE" speed="13.32" pos="185.07" lane="3/3to4/3_0" slope="0.00"/>
        <vehicle id="40" x="201.65" y="188.73" angle="180.00" type="DEFAULT_VEHTYPE" speed="13.89" pos="188.73" lane="1/0to1/1_0" slope="0.00"/>
        <vehicle id="42" x="398.35" y="432.46" angle="0.00" type="DEFAULT_VEHTYPE" speed="13.39" pos="162.79" lane="2/3to2/2_0" slope="0.00"/>
        <vehicle id="43" x="401.65" y="794.05" angle="180.00" type="DEFAULT_VEHTYPE" speed="13.52" pos="189.30" lane="2/3to2/4_0" slope="0.00"/>
        <vehicle id="44" x="601.65" y="538.73" angle="180.00" type="DEFAULT_VEHTYPE" speed="13.54" pos="133.98" lane="3/2to3/3_0" slope="0.00"/>
        <vehicle id="48" x="398.35" y="270.60" angle="0.00" type="DEFAULT_VEHTYPE" speed="12.90" pos="124.65" lane="2/2to2/1_0" slope="0.00"/>
        <vehicle id="49" x="401.65" y="637.31" angle="180.00" type="DEFAULT_VEHTYPE" speed="13.68" pos="32.56" lane="2/3to2/4_0" slope="0.00"/>
        <vehicle id="5" x="398.35" y="720.31" angle="0.00" type="DEFAULT_VEHTYPE" speed="12.98" pos="79.69" lane="2/4to2/3_0" slope="0.00"/>
        <vehicle id="6" x="394.01" y="598.35" angle="90.00" type="DEFAULT_VEHTYPE" speed="5.41" pos="189.26" lane="1/3to2/3_0" slope="0.00"/>
        <vehicle id="7" x="398.35" y="226.76" angle="0.00" type="DEFAULT_VEHTYPE" speed="12.62" pos="168.49" lane="2/2to2/1_0" slope="0.00"/>
        <vehicle id="8" x="198.88" y="398.27" angle="-50.09" type="DEFAULT_VEHTYPE" speed="6.83" pos="7.23" lane=":1/2_6_0" slope="0.00"/>
        <vehicle id="9" x="198.35" y="115.52" angle="0.00" type="DEFAULT_VEHTYPE" speed="12.99" pos="79.73" lane="1/1to1/0_0" slope="0.00"/>
    </timestep>
    <timestep time="270.00">
        <vehicle id="0" x="201.65" y="15.64" angle="180.00" type="DEFAULT_VEHTYPE" speed="12.96" pos="15.64" lane="1/0to1/1_0" slope="0.00"/>
        <vehicle id="10" x="299.62" y="401.65" angle="-90.00" type="DEFAULT_VEHTYPE" speed="12.61" pos="95.63" lane="2/2to1/2_0" slope="0.00"/>
        <vehicle id="11" x="201.65" y="487.85" angle="180.00" type="DEFAULT_VEHTYPE" speed="13.71" pos="83.10" lane="1/2to1/3_0" slope="0.00"/>
        <vehicle id="15" x="575.98" y="198.35" angle="90.00" type="DEFAULT_VEHTYPE" speed="12.14" pos="171.23" lane="2/1to3/1_0" slope="0.00"/>
        <vehicle id="16" x="201.65" y="457.43" angle="180.00" type="DEFAULT_VEHTYPE" speed="12.65" pos="52.68" lane="1/2to1/3_0" slope="0.00"/>
        <vehicle id="17" x="105.73" y="398.35" angle="90.00" type="DEFAULT_VEHTYPE" speed="13.71" pos="105.73" lane="0/2to1/2_0" slope="0.00"/>
        <vehicle id="18" x="601.65" y="374.79" angle="180.00" type="DEFAULT_VEHTYPE" speed="13.01" pos="170.04" lane="3/1to3/2_0" slope="0.00"/>
        <vehicle id="2" x="721.95" y="598.35" angle="90.00" type="DEFAULT_VEHTYPE" speed="13.13" pos="117.20" lane="3/3to4/3_0" slope="0.00"/>
        <vehicle id="24" x="328.21" y="401.65" angle="-90.00" type="DEFAULT_VEHTYPE" speed="12.93" pos="67.04" lane="2/2to1/2_0" slope="0.00"/>
        <vehicle id="28" x="201.65" y="83.35" angle="180.00" type="DEFAULT_VEHTYPE" speed="13.02" pos="83.35" lane="1/0to1/1_0" slope="0.00"/>
        <vehicle id="29" x="401.65" y="192.17" angle="180.00" type="DEFAULT_VEHTYPE" speed="13.12" pos="192.17" lane="2/0to2/1_0" slope="0.00"/>
        <vehicle id="3" x="198.35" y="33.14" angle="0.00" type="DEFAULT_VEHTYPE" speed="13.72" pos="162.11" lane="1/1to1/0_0" slope="0.00"/>
        <vehicle id="33" x="750.86" y="601.65" angle="-90.00" type="DEFAULT_VEHTYPE" speed="13.38" pos="49.14" lane="4/3to3/3_0" slope="0.00"/>
        <vehicle id="37" x="401.65" y="724.52" angle="180.00" type="DEFAULT_VEHTYPE" speed="13.16" pos="119.77" lane="2/3to2/4_0" slope="0.00"/>
        <vehicle id="39" x="801.64" y="600.03" angle="111.83" type="DEFAULT_VEHTYPE" speed="12.62" pos="2.44" lane=":4/3_0_0" slope="0.00"/>
        <vehicle id="40" x="206.15" y="198.35" angle="111.73" type="DEFAULT_VEHTYPE" speed="12.93" pos="1.40" lane="1/1to2/1_0" slope="0.00"/>
        <vehicle id="42" x="398.35" y="419.27" angle="0.00" type="DEFAULT_VEHTYPE" speed="13.19" pos="175.98" lane="2/3to2/2_0" slope="0.00"/>
        <vehicle id="43" x="398.35" y="797.95" angle="-31.76" type="DEFAULT_VEHTYPE" speed="12.82" pos="2.05" lane="2/4to2/3_0" slope="0.00"/>
        <vehicle id="44" x="601.65" y="551.78" angle="180.00" type="DEFAULT_VEHTYPE" speed="13.05" pos="147.03" lane="3/2to3/3_0" slope="0.00"/>
        <vehicle id="48" x="398.35" y="257.08" angle="0.00" type="DEFAULT_VEHTYPE" speed="13.52" pos="138.17" lane="2/2to2/1_0" slope="0.00"/>
        <vehicle id="49" x="401.65" y="650.77" angle="180.00" type="DEFAULT_VEHTYPE" speed="13.46" pos="46.02" lane="2/3to2/4_0" slope="0.00"/>
        <vehicle id="5" x="398.35" y="707.56" angle="0.00" type="DEFAULT_VEHTYPE" speed="12.75" pos="92.44" lane="2/4to2/3_0" slope="0.00"/>
        <vehicle id="6" x="400.35" y="600.45" angle="114.50" type="DEFAULT_VEHTYPE" speed="6.98" pos="5.74" lane=":2/3_14_0" slope="0.00"/>
        <vehicle id="7" x="398.35" y="213.59" angle="0.00" type="DEFAULT_VEHTYPE" speed="13.17" pos="181.66" lane="2/2to2/1_0" slope="0.00"/>
        <vehicle id="8" x="198.35" y="389.90" angle="0.00" type="DEFAULT_VEHTYPE" speed="8.44" pos="5.35" lane="1/2to1/1_0" slope="0.00"/>
        <vehicle id="9" x="198.35" y="102.13" angle="0.00" type="DEFAULT_VEHTYPE" speed="13.39" pos="93.12" lane="1/1to1/0_0" slope="0.00"/>
    </timestep>
    <timestep time="271.00">
        <vehicle id="0" x="201.65" y="28.67" angle="180.00" type="DEFAULT_VEHTYPE" speed="13.03" pos="28.67" lane="1/0to1/1_0" slope="0.00"/>
        <vehicle id="10" x="286.75" y="401.65" angle="-90.00" type="DEFAULT_VEHTYPE" speed="12.87" pos="108.50" lane="2/2to1/2_0" slope="0.00"/>
        <vehicle id="11" x="201.65" y="501.15" angle="180.00" type="DEFAULT_VEHTYPE" speed="13.30" pos="96.40" lane="1/2to1/3_0" slope="0.00"/>
        <vehicle id="15" x="584.41" y="198.35" angle="90.00" type="DEFAULT_VEHTYPE" speed="8.42" pos="179.66" lane="2/1to3/1_0" slope="0.00"/>
        <vehicle id="16" x="201.65" y="470.71" angle="180.00" type="DEFAULT_VEHTYPE" speed="13.28" pos="65.96" lane="1/2to1/3_0" slope="0.00"/>
        <vehicle id="17" x="118.92" y="398.35" angle="90.00" type="DEFAULT_VEHTYPE" speed="13.19" pos="118.92" lane="0/2to1/2_0" slope="0.00"/>
        <vehicle id="18" x="601.65" y="388.12" angle="180.00" type="DEFAULT_VEHTYPE" speed="13.33" pos="183.37" lane="3/1to3/2_0" slope="0.00"/>
        <vehicle id="2" x="734.64" y="598.35" angle="90.00" type="DEFAULT_VEHTYPE" speed="12.70" pos="129.89" lane="3/3to4/3_0" slope="0.00"/>
        <vehicle id="24" x="314.35" y="401.65" angle="-90.00" type="DEFAULT_VEHTYPE" speed="13.86" pos="80.90" lane="2/2to1/2_0" slope="0.00"/>
        <vehicle id="28" x="201.65" y="96.80" angle="180.00" type="DEFAULT_VEHTYPE" speed="13.45" pos="96.80" lane="1/0to1/1_0" slope="0.00"/>
        <vehicle id="29" x="409.68" y="198.35" angle="90.13" type="DEFAULT_VEHTYPE" speed="13.01" pos="4.93" lane="2/1to3/1_0" slope="0.00"/>
        <vehicle id="3" x="198.35" y="19.33" angle="0.00" type="DEFAULT_VEHTYPE" speed="13.81" pos="175.92" lane="1/1to1/0_0" slope="0.00"/>
        <vehicle id="33" x="737.60" y="601.65" angle="-90.00" type="DEFAULT_VEHTYPE" speed="13.26" pos="62.40" lane="4/3to3/3_0" slope="0.00"/>
        <vehicle id="37" x="401.65" y="737.49" angle="180.00" type="DEFAULT_VEHTYPE" speed="12.97" pos="132.74" lane="2/3to2/4_0" slope="0.00"/>
        <vehicle id="39" x="789.47" y="601.65" angle="-90.00" type="DEFAULT_VEHTYPE" speed="12.91" pos="10.53" lane="4/3to3/3_0" slope="0.00"/>
        <vehicle id="40" x="219.77" y="198.35" angle="90.00" type="DEFAULT_VEHTYPE" speed="13.61" pos="15.02" lane="1/1to2/1_0" slope="0.00"/>
        <vehicle id="42" x="398.35" y="405.97" angle="0.00" type="DEFAULT_VEHTYPE" speed="13.30" pos="189.28" lane="2/3to2/2_0" slope="0.00"/>
        <vehicle id="43" x="398.35" y="784.38" angle="0.00" type="DEFAULT_VEHTYPE" speed="13.57" pos="15.62" lane="2/4to2/3_0" slope="0.00"/>
        <vehicle id="44" x="601.65" y="565.54" angle="180.00" type="DEFAULT_VEHTYPE" speed="13.76" pos="160.79" lane="3/2to3/3_0" slope="0.00"/>
        <vehicle id="48" x="398.35" y="243.70" angle="0.00" type="DEFAULT_VEHTYPE" speed="13.38" pos="151.55" lane="2/2to2/1_0" slope="0.00"/>
        <vehicle id="49" x="401.65" y="663.56" angle="180.00" type="DEFAULT_VEHTYPE" speed="12.79" pos="58.81" lane="2/3to2/4_0" slope="0.00"/>
        <vehicle id="5" x="398.35" y="693.93" angle="0.00" type="DEFAULT_VEHTYPE" speed="13.63" pos="106.07" lane="2/4to2/3_0" slope="0.00"/>
        <vehicle id="6" x="401.65" y="609.34" angle="179.33" type="DEFAULT_VEHTYPE" speed="9.17" pos="4.59" lane="2/3to2/4_0" slope="0.00"/>
        <vehicle id="7" x="395.55" y="201.69" angle="-39.72" type="DEFAULT_VEHTYPE" speed="13.53" pos="4.70" lane=":2/1_0_0" slope="0.00"/>
        <vehicle id="8" x="198.35" y="379.95" angle="0.00" type="DEFAULT_VEHTYPE" speed="9.96" pos="15.30" lane="1/2to1/1_0" slope="0.00"/>
        <vehicle id="9" x="198.35" y="89.45" angle="0.00" type="DEFAULT_VEHTYPE" speed="12.67" pos="105.80" lane="1/1to1/0_0" slope="0.00"/>
    </timestep>
    <timestep time="272.00">
        <vehicle id="0" x="201.65" y="42.06" angle="180.00" type="DEFAULT_VEHTYPE" speed="13.39" pos="42.06" lane="1/0to1/1_0" slope="0.00"/>
        <vehicle id="10" x="273.27" y="401.65" angle="-90.00" type="DEFAULT_VEHTYPE" speed="13.48" pos="121.98" lane="2/2to1/2_0" slope="0.00"/>
        <vehicle id="11" x="201.65" y="513.98" angle="180.00" type="DEFAULT_VEHTYPE" speed="12.83" pos="109.23" lane="1/2to1/3_0" slope="0.00"/>
        <vehicle id="15" x="589.41" y="198.35" angle="90.00" type="DEFAULT_VEHTYPE" speed="5.00" pos="184.66" lane="2/1to3/1_0" slope="0.00"/>
        <vehicle id="16" x="201.65" y="483.95" angle="180.00" type="DEFAULT_VEHTYPE" speed="13.25" pos="79.20" lane="1/2to1/3_0" slope="0.00"/>
        <vehicle id="17" x="131.59" y="398.35" angle="90.00" type="DEFAULT_VEHTYPE" speed="12.68" pos="131.59" lane="0/2to1/2_0" slope="0.00"/>
        <vehicle id="18" x="601.65" y="400.87" angle="180.00" type="DEFAULT_VEHTYPE" speed="12.75" pos="5.62" lane=":3/2_9_0" slope="0.00"/>
        <vehicle id="2" x="748.49" y="598.35" angle="90.00" type="DEFAULT_VEHTYPE" speed="13.85" pos="143.74" lane="3/3to4/3_0" slope="0.00"/>
        <vehicle id="24" x="301.11" y="401.65" angle="-90.00" type="DEFAULT_VEHTYPE" speed="13.24" pos="94.14" lane="2/2to1/2_0" slope="0.00"/>
        <vehicle id="28" x="201.65" y="110.11" angle="180.00" type="DEFAULT_VEHTYPE" speed="13.30" pos="110.11" lane="1/0to1/1_0" slope="0.00"/>
        <vehicle id="29" x="422.55" y="198.35" angle="90.00" type="DEFAULT_VEHTYPE" speed="12.87" pos="17.80" lane="2/1to3/1_0" slope="0.00"/>
        <vehicle id="3" x="198.35" y="6.35" angle="0.00" type="DEFAULT_VEHTYPE" speed="12.98" pos="188.90" lane="1/1to1/0_0" slope="0.00"/>
        <vehicle id="33" x="724.49" y="601.65" angle="-90.00" type="DEFAULT_VEHTYPE" speed="13.11" pos="75.51" lane="4/3to3/3_0" slope="0.00"/>
        <vehicle id="37" x="401.65" y="750.28" angle="180.00" type="DEFAULT_VEHTYPE" speed="12.79" pos="145.53" lane="2/3to2/4_0" slope="0.00"/>
        <vehicle id="39" x="776.79" y="601.65" angle="-90.00" type="DEFAULT_VEHTYPE" speed="12.67" pos="23.21" lane="4/3to3/3_0" slope="0.00"/>
        <vehicle id="40" x="233.34" y="198.35" angle="90.00" type="DEFAULT_VEHTYPE" speed="13.58" pos="28.59" lane="1/1to2/1_0" slope="0.00"/>
        <vehicle id="42" x="398.35" y="392.10" angle="0.00" type="DEFAULT_VEHTYPE" speed="13.88" pos="3.15" lane="2/2to2/1_0" slope="0.00"/>
        <vehicle id="43" x="398.35" y="771.59" angle="0.00" type="DEFAULT_VEHTYPE" speed="12.79" pos="28.41" lane="2/4to2/3_0" slope="0.00"/>
        <vehicle id="44" x="601.65" y="579.21" angle="180.00" type="DEFAULT_VEHTYPE" speed="13.67" pos="174.46" lane="3/2to3/3_0" slope="0.00"/>
        <vehicle id="48" x="398.35" y="230.56" angle="0.00" type="DEFAULT_VEHTYPE" speed="13.14" pos="164.69" lane="2/2to2/1_0" slope="0.00"/>
        <vehicle id="49" x="401.65" y="676.72" angle="180.00" type="DEFAULT_VEHTYPE" speed="13.16" pos="71.97" lane="2/3to2/4_0" slope="0.00"/>
        <vehicle id="5" x="398.35" y="680.93" angle="0.00" type="DEFAULT_VEHTYPE" speed="13.00" pos="119.07" lane="2/4to2/3_0" slope="0.00"/>
        <vehicle id="6" x="401.65" y="620.66" angle="180.00" type="DEFAULT_VEHTYPE" speed="11.32" pos="15.91" lane="2/3to2/4_0" slope="0.00"/>
        <vehicle id="7" x="382.80" y="201.65" angle="-90.00" type="DEFAULT_VEHTYPE" speed="12.75" pos="12.45" lane="2/1to1/1_0" slope="0.00"/>
        <vehicle id="8" x="198.35" y="367.60" angle="0.00" type="DEFAULT_VEHTYPE" speed="12.34" pos="27.65" lane="1/2to1/1_0" slope="0.00"/>
        <vehicle id="9" x="198.35" y="75.60" angle="0.00" type="DEFAULT_VEHTYPE" speed="13.85" pos="119.65" lane="1/1to1/0_0" slope="0.00"/>
    </timestep>
    <timestep time="273.00">
        <vehicle id="0" x="201.65" y="55.37" angle="180.00" type="DEFAULT_VEHTYPE" speed="13.31" pos="55.37" lane="1/0to1/1_0" slope="0.00"/>
        <vehicle id="10" x="259.76" y="401.65" angle="-90.00" type="DEFAULT_VEHTYPE" speed="13.51" pos="135.49" lane="2/2to1/2_0" slope="0.00"/>
        <vehicle id="11" x="201.65" y="527.81" angle="180.00" type="DEFAULT_VEHTYPE" speed="13.84" pos="123.06" lane="1/2to1/3_0" slope="0.00"/>
        <vehicle id="15" x="596.71" y="198.35" angle="90.00" type="DEFAULT_VEHTYPE" speed="7.31" pos="1.46" lane=":3/1_13_0" slope="0.00"/>
        <vehicle id="16" x="201.65" y="496.57" angle="180.00" type="DEFAULT_VEHTYPE" speed="12.62" pos="91.82" lane="1/2to1/3_0" slope="0.00"/>
        <vehicle id="17" x="144.91" y="398.35" angle="90.00" type="DEFAULT_VEHTYPE" speed="13.32" pos="144.91" lane="0/2to1/2_0" slope="0.00"/>
        <vehicle id="18" x="601.65" y="414.04" angle="180.00" type="DEFAULT_VEHTYPE" speed="13.18" pos="9.29" lane="3/2to3/3_0" slope="0.00"/>
        <vehicle id="2" x="762.38" y="598.35" angle="90.00" type="DEFAULT_VEHTYPE" speed="13.89" pos="157.63" lane="3/3to4/3_0" slope="0.00"/>
        <vehicle id="24" x="287.50" y="401.65" angle="-90.00" type="DEFAULT_VEHTYPE" speed="13.61" pos="107.75" lane="2/2to1/2_0" slope="0.00"/>
        <vehicle id="28" x="201.65" y="123.28" angle="180.00" type="DEFAULT_VEHTYPE" speed="13.17" pos="123.28" lane="1/0to1/1_0" slope="0.00"/>
        <vehicle id="29" x="435.99" y="198.35" angle="90.00" type="DEFAULT_VEHTYPE" speed="13.44" pos="31.24" lane="2/1to3/1_0" slope="0.00"/>
        <vehicle id="3" x="201.65" y="1.70" angle="140.25" type="DEFAULT_VEHTYPE" speed="12.86" pos="1.70" lane="1/0to1/1_0" slope="0.00"/>
        <vehicle id="33" x="710.75" y="601.65" angle="-90.00" type="DEFAULT_VEHTYPE" speed="13.74" pos="89.25" lane="4/3to3/3_0" slope="0.00"/>
        <vehicle id="37" x="401.65" y="763.56" angle="180.00" type="DEFAULT_VEHTYPE" speed="13.28" pos="158.81" lane="2/3to2/4_0" slope="0.00"/>
        <vehicle id="39" x="763.19" y="601.65" angle="-90.00" type="DEFAULT_VEHTYPE" speed="13.61" pos="36.81" lane="4/3to3/3_0" slope="0.00"/>
        <vehicle id="40" x="246.07" y="198.35" angle="90.00" type="DEFAULT_VEHTYPE" speed="12.72" pos="41.32" lane="1/1to2/1_0" slope="0.00"/>
        <vehicle id="42" x="398.35" y="379.32" angle="0.00" type="DEFAULT_VEHTYPE" speed="12.78" pos="15.93" lane="2/2to2/1_0" slope="0.00"/>
        <vehicle id="43" x="398.35" y="758.27" angle="0.00" type="DEFAULT_VEHTYPE" speed="13.32" pos="41.73" lane="2/4to2/3_0" slope="0.00"/>
        <vehicle id="44" x="601.65" y="592.34" angle="180.00" type="DEFAULT_VEHTYPE" speed="13.13" pos="187.59" lane="3/2to3/3_0" slope="0.00"/>
        <vehicle id="48" x="398.35" y="217.62" angle="0.00" type="DEFAULT_VEHTYPE" speed="12.94" pos="177.63" lane="2/2to2/1_0" slope="0.00"/>
        <vehicle id="49" x="401.65" y="689.46" angle="180.00" type="DEFAULT_VEHTYPE" speed="12.75" pos="84.71" lane="2/3to2/4_0" slope="0.00"/>
        <vehicle id="5" x="398.35" y="667.24" angle="0.00" type="DEFAULT_VEHTYPE" speed="13.69" pos="132.76" lane="2/4to2/3_0" slope="0.00"/>
        <vehicle id="6" x="401.65" y="633.35" angle="180.00" type="DEFAULT_VEHTYPE" speed="12.69" pos="28.60" lane="2/3to2/4_0" slope="0.00"/>
        <vehicle id="7" x="370.10" y="201.65" angle="-90.00" type="DEFAULT_VEHTYPE" speed="12.71" pos="25.15" lane="2/1to1/1_0" slope="0.00"/>
        <vehicle id="8" x="198.35" y="354.23" angle="0.00" type="DEFAULT_VEHTYPE" speed="13.38" pos="41.02" lane="1/2to1/1_0" slope="0.00"/>
        <vehicle id="9" x="198.35" y="61.89" angle="0.00" type="DEFAULT_VEHTYPE" speed="13.71" pos="133.36" lane="1/1to1/0_0" slope="0.00"/>
    </timestep>
    <timestep time="274.00">
        <vehicle id="0" x="201.65" y="69.05" angle="180.00" type="DEFAULT_VEHTYPE" speed="13.68" pos="69.05" lane="1/0to1/1_0" slope="0.00"/>
        <vehicle id="10" x="246.50" y="401.65" angle="-90.00" type="DEFAULT_VEHTYPE" speed="13.26" pos="148.75" lane="2/2to1/2_0" slope="0.00"/>
        <vehicle id="11" x="201.65" y="541.36" angle="180.00" type="DEFAULT_VEHTYPE" speed="13.54" pos="136.61" lane="1/2to1/3_0" slope="0.00"/>
        <vehicle id="15" x="606.31" y="198.35" angle="90.00" type="DEFAULT_VEHTYPE" speed="9.59" pos="1.56" lane="3/1to4/1_0" slope="0.00"/>
        <vehicle id="16" x="201.65" y="509.53" angle="180.00" type="DEFAULT_VEHTYPE" speed="12.95" pos="104.78" lane="1/2to1/3_0" slope="0.00"/>
        <vehicle id="17" x="157.68" y="398.35" angle="90.00" type="DEFAULT_VEHTYPE" speed="12.77" pos="157.68" lane="0/2to1/2_0" slope="0.00"/>
        <vehicle id="18" x="601.65" y="426.85" angle="180.00" type="DEFAULT_VEHTYPE" speed="12.80" pos="22.10" lane="3/2to3/3_0" slope="0.00"/>
        <vehicle id="2" x="775.75" y="598.35" angle="90.00" type="DEFAULT_VEHTYPE" speed="13.37" pos="171.00" lane="3/3to4/3_0" slope="0.00"/>
        <vehicle id="24" x="274.62" y="401.65" angle="-90.00" type="DEFAULT_VEHTYPE" speed="12.88" pos="120.63" lane="2/2to1/2_0" slope="0.00"/>
        <vehicle id="28" x="201.65" y="136.48" angle="180.00" type="DEFAULT_VEHTYPE" speed="13.20" pos="136.48" lane="1/0to1/1_0" slope="0.00"/>
        <vehicle id="29" x="449.51" y="198.35" angle="90.00" type="DEFAULT_VEHTYPE" speed="13.52" pos="44.76" lane="2/1to3/1_0" slope="0.00"/>
        <vehicle id="3" x="201.65" y="15.42" angle="180.00" type="DEFAULT_VEHTYPE" speed="13.72" pos="15.42" lane="1/0to1/1_0" slope="0.00"/>
        <vehicle id="33" x="697.22" y="601.65" angle="-90.00" type="DEFAULT_VEHTYPE" speed="13.53" pos="102.78" lane="4/3to3/3_0" slope="0.00"/>
        <vehicle id="37" x="401.65" y="777.36" angle="180.00" type="DEFAULT_VEHTYPE" speed="13.81" pos="172.61" lane="2/3to2/4_0" slope="0.00"/>
        <vehicle id="39" x="750.46" y="601.65" angle="-90.00" type="DEFAULT_VEHTYPE" speed="12.73" pos="49.54" lane="4/3to3/3_0" slope="0.00"/>
        <vehicle id="40" x="258.73" y="198.35" angle="90.00" type="DEFAULT_VEHTYPE" speed="12.66" pos="53.98" lane="1/1to2/1_0" slope="0.00"/>
        <vehicle id="42" x="398.35" y="366.21" angle="0.00" type="DEFAULT_VEHTYPE" speed="13.11" pos="29.04" lane="2/2to2/1_0" slope="0.00"/>
        <vehicle id="43" x="398.35" y="744.63" angle="0.00" type="DEFAULT_VEHTYPE" speed="13.64" pos="55.37" lane="2/4to2/3_0" slope="0.00"/>
        <vehicle id="44" x="610.38" y="598.35" angle="90.00" type="DEFAULT_VEHTYPE" speed="13.55" pos="5.63" lane="3/3to4/3_0" slope="0.00"/>
        <vehicle id="48" x="398.35" y="204.10" angle="0.00" type="DEFAULT_VEHTYPE" speed="13.52" pos="0.65" lane=":2/1_1_0" slope="0.00"/>
        <vehicle id="49" x="401.65" y="702.56" angle="180.00" type="DEFAULT_VEHTYPE" speed="13.09" pos="97.81" lane="2/3to2/4_0" slope="0.00"/>
        <vehicle id="5" x="398.35" y="653.42" angle="0.00" type="DEFAULT_VEHTYPE" speed="13.83" pos="146.58" lane="2/4to2/3_0" slope="0.00"/>
        <vehicle id="6" x="401.65" y="646.56" angle="180.00" type="DEFAULT_VEHTYPE" speed="13.21" pos="41.81" lane="2/3to2/4_0" slope="0.00"/>
        <vehicle id="7" x="357.14" y="201.65" angle="-90.00" type="DEFAULT_VEHTYPE" speed="12.95" pos="38.11" lane="2/1to1/1_0" slope="0.00"/>
        <vehicle id="8" x="198.35" y="340.47" angle="0.00" type="DEFAULT_VEHTYPE" speed="13.76" pos="54.78" lane="1/2to1/1_0" slope="0.00"/>
        <vehicle id="9" x="198.35" y="48.46" angle="0.00" type="DEFAULT_VEHTYPE" speed="13.44" pos="146.79" lane="1/1to1/0_0" slope="0.00"/>
    </timestep>
    <timestep time="275.00">
        <vehicle id="0" x="201.65" y="82.59" angle="180.00" type="DEFAULT_VEHTYPE" speed="13.54" pos="82.59" lane="1/0to1/1_0" slope="0.00"/>
        <vehicle id="10" x="233.53" y="401.65" angle="-90.00" type="DEFAULT_VEHTYPE" speed="12.98" pos="161.72" lane="2/2to1/2_0" slope="0.00"/>
        <vehicle id="11" x="201.65" y="554.68" angle="180.00" type="DEFAULT_VEHTYPE" speed="13.32" pos="149.93" lane="1/2to1/3_0" slope="0.00"/>
        <vehicle id="15" x="617.93" y="198.35" angle="90.00" type="DEFAULT_VEHTYPE" speed="11.62" pos="13.18" lane="3/1to4/1_0" slope="0.00"/>
        <vehicle id="16" x="201.65" y="523.10" angle="180.00" type="DEFAULT_VEHTYPE" speed="13.57" pos="118.35" lane="1/2to1/3_0" slope="0.00"/>
        <vehicle id="17" x="171.39" y="398.35" angle="90.00" type="DEFAULT_VEHTYPE" speed="13.71" pos="171.39" lane="0/2to1/2_0" slope="0.00"/>
        <vehicle id="18" x="601.65" y="440.54" angle="180.00" type="DEFAULT_VEHTYPE" speed="13.69" pos="35.79" lane="3/2to3/3_0" slope="0.00"/>
        <vehicle id="2" x="789.60" y="598.35" angle="90.00" type="DEFAULT_VEHTYPE" speed="13.86" pos="184.85" lane="3/3to4/3_0" slope="0.00"/>
        <vehicle id="24" x="262.00" y="401.65" angle="-90.00" type="DEFAULT_VEHTYPE" speed="12.62" pos="133.25" lane="2/2to1/2_0" slope="0.00"/>
        <vehicle id="28" x="201.65" y="149.27" angle="180.00" type="DEFAULT_VEHTYPE" speed="12.79" pos="149.27" lane="1/0to1/1_0" slope="0.00"/>
        <vehicle id="29" x="462.13" y="198.35" angle="90.00" type="DEFAULT_VEHTYPE" speed="12.62" pos="57.38" lane="2/1to3/1_0" slope="0.00"/>
        <vehicle id="3" x="201.65" y="28.88" angle="180.00" type="DEFAULT_VEHTYPE" speed="13.46" pos="28.88" lane="1/0to1/1_0" slope="0.00"/>
        <vehicle id="33" x="684.42" y="601.65" angle="-90.00" type="DEFAULT_VEHTYPE" speed="12.80" pos="115.58" lane="4/3to3/3_0" slope="0.00"/>
        <vehicle id="37" x="401.65" y="790.25" angle="180.00" type="DEFAULT_VEHTYPE" speed="12.89" pos="185.50" lane="2/3to2/4_0" slope="0.00"/>
        <vehicle id="39" x="737.33" y="601.65" angle="-90.00" type="DEFAULT_VEHTYPE" speed="13.12" pos="62.67" lane="4/3to3/3_0" slope="0.00"/>
        <vehicle id="40" x="272.38" y="198.35" angle="90.00" type="DEFAULT_VEHTYPE" speed="13.65" pos="67.63" lane="1/1to2/1_0" slope="0.00"/>
        <vehicle id="42" x="398.35" y="353.43" angle="0.00" type="DEFAULT_VEHTYPE" speed="12.78" pos="41.82" lane="2/2to2/1_0" slope="0.00"/>
        <vehicle id="43" x="398.35" y="730.76" angle="0.00" type="DEFAULT_VEHTYPE" speed="13.87" pos="69.24" lane="2/4to2/3_0" slope="0.00"/>
        <vehicle id="44" x="623.14" y="598.35" angle="90.00" type="DEFAULT_VEHTYPE" speed="12.76" pos="18.39" lane="3/3to4/3_0" slope="0.00"/>
        <vehicle id="48" x="398.35" y="190.86" angle="0.00" type="DEFAULT_VEHTYPE" speed="13.23" pos="4.39" lane="2/1to2/0_0" slope="0.00"/>
        <vehicle id="49" x="401.65" y="716.42" angle="180.00" type="DEFAULT_VEHTYPE" speed="13.86" pos="111.67" lane="2/3to2/4_0" slope="0.00"/>
        <vehicle id="5" x="398.35" y="639.79" angle="0.00" type="DEFAULT_VEHTYPE" speed="13.63" pos="160.21" lane="2/4to2/3_0" slope="0.00"/>
        <vehicle id="6" x="401.65" y="659.94" angle="180.00" type="DEFAULT_VEHTYPE" speed="13.38" pos="55.19" lane="2/3to2/4_0" slope="0.00"/>
        <vehicle id="7" x="344.20" y="201.65" angle="-90.00" type="DEFAULT_VEHTYPE" speed="12.94" pos="51.05" lane="2/1to1/1_0" slope="0.00"/>
        <vehicle id="8" x="198.35" y="326.95" angle="0.00" type="DEFAULT_VEHTYPE" speed="13.52" pos="68.30" lane="1/2to1/1_0" slope="0.00"/>
        <vehicle id="9" x="198.35" y="34.66" angle="0.00" type="DEFAULT_VEHTYPE" speed="13.79" pos="160.59" lane="1/1to1/0_0" slope="0.00"/>
    </timestep>
    <timestep time="276.00">
        <vehicle id="0" x="201.65" y="95.79" angle="180.00" type="DEFAULT_VEHTYPE" speed="13.20" pos="95.79" lane="1/0to1/1_0" slope="0.00"/>
        <vehicle id="10" x="223.15" y="401.65" angle="-90.00" type="DEFAULT_VEHTYPE" speed="10.38" pos="172.10" lane="2/2to1/2_0" slope="0.00"/>
        <vehicle id="11" x="201.65" y="568.50" angle="180.00" type="DEFAULT_VEHTYPE" speed="13.82" pos="163.75" lane="1/2to1/3_0" slope="0.00"/>
        <vehicle id="15" x="631.29" y="198.35" angle="90.00" type="DEFAULT_VEHTYPE" speed="13.36" pos="26.54" lane="3/1to4/1_0" slope="0.00"/>
        <vehicle id="16" x="201.65" y="535.73" angle="180.00" type="DEFAULT_VEHTYPE" speed="12.63" pos="130.98" lane="1/2to1/3_0" slope="0.00"/>
        <vehicle id="17" x="180.78" y="398.35" angle="90.00" type="DEFAULT_VEHTYPE" speed="9.39" pos="180.78" lane="0/2to1/2_0" slope="0.00"/>
        <vehicle id="18" x="601.65" y="453.77" angle="180.00" type="DEFAULT_VEHTYPE" speed="13.23" pos="49.02" lane="3/2to3/3_0" slope="0.00"/>
        <vehicle id="2" x="801.56" y="599.83" angle="108.73" type="DEFAULT_VEHTYPE" speed="12.61" pos="2.21" lane=":4/3_0_0" slope="0.00"/>
        <vehicle id="24" x="248.67" y="401.65" angle="-90.00" type="DEFAULT_VEHTYPE" speed="13.34" pos="146.58" lane="2/2to1/2_0" slope="0.00"/>
        <vehicle id="28" x="201.65" y="162.91" angle="180.00" type="DEFAULT_VEHTYPE" speed="13.64" pos="162.91" lane="1/0to1/1_0" slope="0.00"/>
        <vehicle id="29" x="475.01" y="198.35" angle="90.00" type="DEFAULT_VEHTYPE" speed="12.88" pos="70.26" lane="2/1to3/1_0" slope="0.00"/>
        <vehicle id="3" x="201.65" y="42.33" angle="180.00" type="DEFAULT_VEHTYPE" speed="13.46" pos="42.33" lane="1/0to1/1_0" slope="0.00"/>
        <vehicle id="33" x="671.41" y="601.65" angle="-90.00" type="DEFAULT_VEHTYPE" speed="13.01" pos="128.59" lane="4/3to3/3_0" slope="0.00"/>
        <vehicle id="37" x="399.47" y="801.39" angle="-147.25" type="DEFAULT_VEHTYPE" speed="12.75" pos="3.00" lane=":2/4_0_0" slope="0.00"/>
        <vehicle id="39" x="724.47" y="601.65" angle="-90.00" type="DEFAULT_VEHTYPE" speed="12.87" pos="75.53" lane="4/3to3/3_0" slope="0.00"/>
        <vehicle id="40" x="285.21" y="198.35" angle="90.00" type="DEFAULT_VEHTYPE" speed="12.83" pos="80.46" lane="1/1to2/1_0" slope="0.00"/>
        <vehicle id="42" x="398.35" y="339.72" angle="0.00" type="DEFAULT_VEHTYPE" speed="13.71" pos="55.53" lane="2/2to2/1_0" slope="0.00"/>
        <vehicle id="43" x="398.35" y="717.41" angle="0.00" type="DEFAULT_VEHTYPE" speed="13.35" pos="82.59" lane="2/4to2/3_0" slope="0.00"/>
        <vehicle id="44" x="636.89" y="598.35" angle="90.00" type="DEFAULT_VEHTYPE" speed="13.75" pos="32.14" lane="3/3to4/3_0" slope="0.00"/>
        <vehicle id="48" x="398.35" y="176.98" angle="0.00" type="DEFAULT_VEHTYPE" speed="13.88" pos="18.27" lane="2/1to2/0_0" slope="0.00"/>
        <vehicle id="49" x="401.65" y="729.03" angle="180.00" type="DEFAULT_VEHTYPE" speed="12.61" pos="124.28" lane="2/3to2/4_0" slope="0.00"/>
        <vehicle id="5" x="398.35" y="626.32" angle="0.00" type="DEFAULT_VEHTYPE" speed="13.47" pos="173.68" lane="2/4to2/3_0" slope="0.00"/>
        <vehicle id="6" x="401.65" y="673.15" angle="180.00" type="DEFAULT_VEHTYPE" speed="13.21" pos="68.40" lane="2/3to2/4_0" slope="0.00"/>
        <vehicle id="7" x="330.37" y="201.65" angle="-90.00" type="DEFAULT_VEHTYPE" speed="13.84" pos="64.88" lane="2/1to1/1_0" slope="0.00"/>
        <vehicle id="8" x="198.35" y="313.88" angle="0.00" type="DEFAULT_VEHTYPE" speed="13.08" pos="81.37" lane="1/2to1/1_0" slope="0.00"/>
        <vehicle id="9" x="198.35" y="21.13" angle="0.00" type="DEFAULT_VEHTYPE" speed="13.53" pos="174.12" lane="1/1to1/0_0" slope="0.00"/>
    </timestep>
    <timestep time="277.00">
        <vehicle id="0" x="201.65" y="108.44" angle="180.00" type="DEFAULT_VEHTYPE" speed="12.65" pos="108.44" lane="1/0to1/1_0" slope="0.00"/>
        <vehicle id="10" x="215.23" y="401.65" angle="-90.00" type="DEFAULT_VEHTYPE" speed="7.91" pos="180.02" lane="2/2to1/2_0" slope="0.00"/>
        <vehicle id="11" x="201.65" y="581.15" angle="180.00" type="DEFAULT_VEHTYPE" speed="12.65" pos="176.40" lane="1/2to1/3_0" slope="0.00"/>
        <vehicle id="15" x="644.84" y="198.35" angle="90.00" type="DEFAULT_VEHTYPE" speed="13.55" pos="40.09" lane="3/1to4/1_0" slope="0.00"/>
        <vehicle id="16" x="201.65" y="548.39" angle="180.00" type="DEFAULT_VEHTYPE" speed="12.66" pos="143.64" lane="1/2to1/3_0" slope="0.00"/>
        <vehicle id="17" x="187.03" y="398.35" angle="90.00" type="DEFAULT_VEHTYPE" speed="6.25" pos="187.03" lane="0/2to1/2_0" slope="0.00"/>
        <vehicle id="18" x="601.65" y="467.30" angle="180.00" type="DEFAULT_VEHTYPE" speed="13.54" pos="62.55" lane="3/2to3/3_0" slope="0.00"/>
        <vehicle id="2" x="789.49" y="601.65" angle="-90.00" type="DEFAULT_VEHTYPE" speed="13.12" pos="10.51" lane="4/3to3/3_0" slope="0.00"/>
        <vehicle id="24" x="237.16" y="401.65" angle="-90.00" type="DEFAULT_VEHTYPE" speed="11.51" pos="158.09" lane="2/2to1/2_0" slope="0.00"/>
        <vehicle id="28" x="201.65" y="176.58" angle="180.00" type="DEFAULT_VEHTYPE" speed="13.67" pos="176.58" lane="1/0to1/1_0" slope="0.00"/>
        <vehicle id="29" x="488.10" y="198.35" angle="90.00" type="DEFAULT_VEHTYPE" speed="13.09" pos="83.35" lane="2/1to3/1_0" slope="0.00"/>
        <vehicle id="3" x="201.65" y="56.03" angle="180.00" type="DEFAULT_VEHTYPE" speed="13.70" pos="56.03" lane="1/0to1/1_0" slope="0.00"/>
        <vehicle id="33" x="658.52" y="601.65" angle="-90.00" type="DEFAULT_VEHTYPE" speed="12.90" pos="141.48" lane="4/3to3/3_0" slope="0.00"/>
        <vehicle id="37" x="398.35" y="789.02" angle="0.00" type="DEFAULT_VEHTYPE" speed="12.80" pos="10.98" lane="2/4to2/3_0" slope="0.00"/>
        <vehicle id="39" x="711.04" y="601.65" angle="-90.00" type="DEFAULT_VEHTYPE" speed="13.42" pos="88.96" lane="4/3to3/3_0" slope="0.00"/>
        <vehicle id="40" x="299.11" y="198.35" angle="90.00" type="DEFAULT_VEHTYPE" speed="13.89" pos="94.36" lane="1/1to2/1_0" slope="0.00"/>
        <vehicle id="42" x="398.35" y="326.29" angle="0.00" type="DEFAULT_VEHTYPE" speed="13.43" pos="68.96" lane="2/2to2/1_0" slope="0.00"/>
        <vehicle id="43" x="398.35" y="704.26" angle="0.00" type="DEFAULT_VEHTYPE" speed="13.15" pos="95.74" lane="2/4to2/3_0" slope="0.00"/>
        <vehicle id="44" x="650.63" y="598.35" angle="90.00" type="DEFAULT_VEHTYPE" speed="13.75" pos="45.88" lane="3/3to4/3_0" slope="0.00"/>
        <vehicle id="48" x="398.35" y="163.28" angle="0.00" type="DEFAULT_VEHTYPE" speed="13.70" pos="31.97" lane="2/1to2/0_0" slope="0.00"/>
        <vehicle id="49" x="401.65" y="742.59" angle="180.00" type="DEFAULT_VEHTYPE" speed="13.56" pos="137.84" lane="2/3to2/4_0" slope="0.00"/>
        <vehicle id="5" x="398.35" y="612.54" angle="0.00" type="DEFAULT_VEHTYPE" speed="13.77" pos="187.46" lane="2/4to2/3_0" slope="0.00"/>
        <vehicle id="6" x="401.65" y="686.89" angle="180.00" type="DEFAULT_VEHTYPE" speed="13.74" pos="82.14" lane="2/3to2/4_0" slope="0.00"/>
        <vehicle id="7" x="316.91" y="201.65" angle="-90.00" type="DEFAULT_VEHTYPE" speed="13.45" pos="78.34" lane="2/1to1/1_0" slope="0.00"/>
        <vehicle id="8" x="198.35" y="300.33" angle="0.00" type="DEFAULT_VEHTYPE" speed="13.54" pos="94.92" lane="1/2to1/1_0" slope="0.00"/>
        <vehicle id="9" x="198.35" y="7.90" angle="0.00" type="DEFAULT_VEHTYPE" speed="13.23" pos="187.35" lane="1/1to1/0_0" slope="0.00"/>
    </timestep>
    <timestep time="278.00">
        <vehicle id="0" x="201.65" y="121.04" angle="180.00" type="DEFAULT_VEHTYPE" speed="12.60" pos="121.04" lane="1/0to1/1_0" slope="0.00"/>
        <vehicle id="10" x="210.59" y="401.65" angle="-90.00" type="DEFAULT_VEHTYPE" speed="4.64" pos="184.66" lane="2/2to1/2_0" slope="0.00"/>
        <vehicle id="11" x="201.65" y="594.90" angle="180.00" type="DEFAULT_VEHTYPE" speed="13.75" pos="190.15" lane="1/2to1/3_0" slope="0.00"/>
        <vehicle id="15" x="657.84" y="198.35" angle="90.00" type="DEFAULT_VEHTYPE" speed="13.00" pos="53.09" lane="3/1to4/1_0" slope="0.00"/>
        <vehicle id="16" x="201.65" y="561.24" angle="180.00" type="DEFAULT_VEHTYPE" speed="12.85" pos="156.49" lane="1/2to1/3_0" slope="0.00"/>
        <vehicle id="17" x="190.16" y="398.35" angle="90.00" type="DEFAULT_VEHTYPE" speed="3.13" pos="190.16" lane="0/2to1/2_0" slope="0.00"/>
        <vehicle id="18" x="601.65" y="480.32" angle="180.00" type="DEFAULT_VEHTYPE" speed="13.02" pos="75.57" lane="3/2to3/3_0" slope="0.00"/>
        <vehicle id="2" x="775.78" y="601.65" angle="-90.00" type="DEFAULT_VEHTYPE" speed="13.71" pos="24.22" lane="4/3to3/3_0" slope="0.00"/>
        <vehicle id="24" x="227.97" y="401.65" angle="-90.00" type="DEFAULT_VEHTYPE" speed="9.19" pos="167.28" lane="2/2to1/2_0" slope="0.00"/>
        <vehicle id="28" x="201.65" y="190.37" angle="180.00" type="DEFAULT_VEHTYPE" speed="13.79" pos="190.37" lane="1/0to1/1_0" slope="0.00"/>
        <vehicle id="29" x="500.70" y="198.35" angle="90.00" type="DEFAULT_VEHTYPE" speed="12.60" pos="95.95" lane="2/1to3/1_0" slope="0.00"/>
        <vehicle id="3" x="201.65" y="69.50" angle="180.00" type="DEFAULT_VEHTYPE" speed="13.46" pos="69.50" lane="1/0to1/1_0" slope="0.00"/>
        <vehicle id="33" x="644.98" y="601.65" angle="-90.00" type="DEFAULT_VEHTYPE" speed="13.53" pos="155.02" lane="4/3to3/3_0" slope="0.00"/>
        <vehicle id="37" x="398.35" y="775.68" angle="0.00" type="DEFAULT_VEHTYPE" speed="13.34" pos="24.32" lane="2/4to2/3_0" slope="0.00"/>
        <vehicle id="39" x="697.27" y="601.65" angle="-90.00" type="DEFAULT_VEHTYPE" speed="13.77" pos="102.73" lane="4/3to3/3_0" slope="0.00"/>
        <vehicle id="40" x="311.95" y="198.35" angle="90.00" type="DEFAULT_VEHTYPE" speed="12.85" pos="107.20" lane="1/1to2/1_0" slope="0.00"/>
        <vehicle id="42" x="398.35" y="312.55" angle="0.00" type="DEFAULT_VEHTYPE" speed="13.75" pos="82.70" lane="2/2to2/1_0" slope="0.00"/>
        <vehicle id="43" x="398.35" y="691.38" angle="0.00" type="DEFAULT_VEHTYPE" speed="12.88" pos="108.62" lane="2/4to2/3_0" slope="0.00"/>
        <vehicle id="44" x="664.06" y="598.35" angle="90.00" type="DEFAULT_VEHTYPE" speed="13.42" pos="59.31" lane="3/3to4/3_0" slope="0.00"/>
        <vehicle id="48" x="398.35" y="149.59" angle="0.00" type="DEFAULT_VEHTYPE" speed="13.69" pos="45.66" lane="2/1to2/0_0" slope="0.00"/>
        <vehicle id="49" x="401.65" y="755.93" angle="180.00" type="DEFAULT_VEHTYPE" speed="13.35" pos="151.18" lane="2/3to2/4_0" slope="0.00"/>
        <vehicle id="5" x="398.35" y="598.89" angle="0.00" type="DEFAULT_VEHTYPE" speed="13.66" pos="5.86" lane=":2/3_1_0" slope="0.00"/>
        <vehicle id="6" x="401.65" y="700.28" angle="180.00" type="DEFAULT_VEHTYPE" speed="13.39" pos="95.53" lane="2/3to2/4_0" slope="0.00"/>
        <vehicle id="7" x="303.80" y="201.65" angle="-90.00" type="DEFAULT_VEHTYPE" speed="13.11" pos="91.45" lane="2/1to1/1_0" slope="0.00"/>
        <vehicle id="8" x="198.35" y="287.30" angle="0.00" type="DEFAULT_VEHTYPE" speed="13.03" pos="107.95" lane="1/2to1/1_0" slope="0.00"/>
        <vehicle id="9" x="201.65" y="0.16" angle="92.31" type="DEFAULT_VEHTYPE" speed="12.87" pos="0.16" lane="1/0to1/1_0" slope="0.00"/>
    </timestep>
    <timestep time="279.00">
        <vehicle id="0" x="201.65" y="134.80" angle="180.00" type="DEFAULT_VEHTYPE" speed="13.76" pos="134.80" lane="1/0to1/1_0" slope="0.00"/>
        <vehicle id="10" x="203.80" y="401.51" angle="-88.45" type="DEFAULT_VEHTYPE" speed="6.80" pos="0.96" lane=":1/2_6_0" slope="0.00"/>
        <vehicle id="11" x="212.32" y="598.35" angle="90.00" type="DEFAULT_VEHTYPE" speed="12.91" pos="7.57" lane="1/3to2/3_0" slope="0.00"/>
        <vehicle id="15" x="670.49" y="198.35" angle="90.00" type="DEFAULT_VEHTYPE" speed="12.64" pos="65.74" lane="3/1to4/1_0" slope="0.00"/>
        <vehicle id="16" x="201.65" y="574.49" angle="180.00" type="DEFAULT_VEHTYPE" speed="13.25" pos="169.74" lane="1/2to1/3_0" slope="0.00"/>
        <vehicle id="17" x="195.32" y="398.36" angle="90.12" type="DEFAULT_VEHTYPE" speed="5.16" pos="0.07" lane=":1/2_14_0" slope="0.00"/>
        <vehicle id="18" x="601.65" y="493.48" angle="180.00" type="DEFAULT_VEHTYPE" speed="13.16" pos="88.73" lane="3/2to3/3_0" slope="0.00"/>
        <vehicle id="2" x="762.74" y="601.65" angle="-90.00" type="DEFAULT_VEHTYPE" speed="13.04" pos="37.26" lane="4/3to3/3_0" slope="0.00"/>
        <vehicle id="24" x="221.18" y="401.65" angle="-90.00" type="DEFAULT_VEHTYPE" speed="6.79" pos="174.07" lane="2/2to1/2_0" slope="0.00"/>
        <vehicle id="28" x="208.38" y="198.35" angle="92.20" type="DEFAULT_VEHTYPE" speed="13.51" pos="3.63" lane="1/1to2/1_0" slope="0.00"/>
        <vehicle id="29" x="514.52" y="198.35" angle="90.00" type="DEFAULT_VEHTYPE" speed="13.82" pos="109.77" lane="2/1to3/1_0" slope="0.00"/>
        <vehicle id="3" x="201.65" y="82.91" angle="180.00" type="DEFAULT_VEHTYPE" speed="13.41" pos="82.91" lane="1/0to1/1_0" slope="0.00"/>
        <vehicle id="33" x="632.22" y="601.65" angle="-90.00" type="DEFAULT_VEHTYPE" speed="12.76" pos="167.78" lane="4/3to3/3_0" slope="0.00"/>
        <vehicle id="37" x="398.35" y="762.71" angle="0.00" type="DEFAULT_VEHTYPE" speed="12.96" pos="37.29" lane="2/4to2/3_0" slope="0.00"/>
        <vehicle id="39" x="683.63" y="601.65" angle="-90.00" type="DEFAULT_VEHTYPE" speed="13.64" pos="116.37" lane="4/3to3/3_0" slope="0.00"/>
        <vehicle id="40" x="324.67" y="198.35" angle="90.00" type="DEFAULT_VEHTYPE" speed="12.72" pos="119.92" lane="1/1to2/1_0" slope="0.00"/>
        <vehicle id="42" x="398.35" y="299.44" angle="0.00" type="DEFAULT_VEHTYPE" speed="13.10" pos="95.81" lane="2/2to2/1_0" slope="0.00"/>
        <vehicle id="43" x="398.35" y="678.62" angle="0.00" type="DEFAULT_VEHTYPE" speed="12.76" pos="121.38" lane="2/4to2/3_0" slope="0.00"/>
        <vehicle id="44" x="677.13" y="598.35" angle="90.00" type="DEFAULT_VEHTYPE" speed="13.07" pos="72.38" lane="3/3to4/3_0" slope="0.00"/>
        <vehicle id="48" x="398.35" y="136.64" angle="0.00" type="DEFAULT_VEHTYPE" speed="12.95" pos="58.61" lane="2/1to2/0_0" slope="0.00"/>
        <vehicle id="49" x="401.65" y="769.63" angle="180.00" type="DEFAULT_VEHTYPE" speed="13.70" pos="164.88" lane="2/3to2/4_0" slope="0.00"/>
        <vehicle id="5" x="398.35" y="585.06" angle="0.00" type="DEFAULT_VEHTYPE" speed="13.83" pos="10.19" lane="2/3to2/2_0" slope="0.00"/>
        <vehicle id="6" x="401.65" y="714.03" angle="180.00" type="DEFAULT_VEHTYPE" speed="13.75" pos="109.28" lane="2/3to2/4_0" slope="0.00"/>
        <vehicle id="7" x="290.98" y="201.65" angle="-90.00" type="DEFAULT_VEHTYPE" speed="12.82" pos="104.27" lane="2/1to1/1_0" slope="0.00"/>
        <vehicle id="8" x="198.35" y="274.59" angle="0.00" type="DEFAULT_VEHTYPE" speed="12.71" pos="120.66" lane="1/2to1/1_0" slope="0.00"/>
        <vehicle id="9" x="201.65" y="13.18" angle="180.00" type="DEFAULT_VEHTYPE" speed="13.02" pos="13.18" lane="1/0to1/1_0" slope="0.00"/>
    </timestep>
    <timestep time="280.00">
        <vehicle id="0" x="201.65" y="148.28" angle="180.00" type="DEFAULT_VEHTYPE" speed="13.48" pos="148.28" lane="1/0to1/1_0" slope="0.00"/>
        <vehicle id="10" x="198.38" y="395.45" angle="-19.21" type="DEFAULT_VEHTYPE" speed="9.16" pos="10.12" lane=":1/2_6_0" slope="0.00"/>
        <vehicle id="11" x="225.15" y="598.35" angle="90.00" type="DEFAULT_VEHTYPE" speed="12.83" pos="20.40" lane="1/3to2/3_0" slope="0.00"/>
        <vehicle id="15" x="683.87" y="198.35" angle="90.00" type="DEFAULT_VEHTYPE" speed="13.39" pos="79.12" lane="3/1to4/1_0" slope="0.00"/>
        <vehicle id="16" x="201.65" y="587.10" angle="180.00" type="DEFAULT_VEHTYPE" speed="12.61" pos="182.35" lane="1/2to1/3_0" slope="0.00"/>
        <vehicle id="17" x="201.29" y="402.21" angle="136.42" type="DEFAULT_VEHTYPE" speed="7.69" pos="7.76" lane=":1/2_14_0" slope="0.00"/>
        <vehicle id="18" x="601.65" y="506.27" angle="180.00" type="DEFAULT_VEHTYPE" speed="12.78" pos="101.52" lane="3/2to3/3_0" slope="0.00"/>
        <vehicle id="2" x="749.26" y="601.65" angle="-90.00" type="DEFAULT_VEHTYPE" speed="13.48" pos="50.74" lane="4/3to3/3_0" slope="0.00"/>
        <vehicle id="24" x="214.31" y="401.65" angle="-90.00" type="DEFAULT_VEHTYPE" speed="6.87" pos="180.94" lane="2/2to1/2_0" slope="0.00"/>
        <vehicle id="28" x="221.70" y="198.35" angle="90.00" type="DEFAULT_VEHTYPE" speed="13.32" pos="16.95" lane="1/1to2/1_0" slope="0.00"/>
        <vehicle id="29" x="527.40" y="198.35" angle="90.00" type="DEFAULT_VEHTYPE" speed="12.88" pos="122.65" lane="2/1to3/1_0" slope="0.00"/>
        <vehicle id="3" x="201.65" y="96.09" angle="180.00" type="DEFAULT_VEHTYPE" speed="13.18" pos="96.09" lane="1/0to1/1_0" slope="0.00"/>
        <vehicle id="33" x="621.74" y="601.65" angle="-90.00" type="DEFAULT_VEHTYPE" speed="10.48" pos="178.26" lane="4/3to3/3_0" slope="0.00"/>
        <vehicle id="37" x="398.35" y="749.55" angle="0.00" type="DEFAULT_VEHTYPE" speed="13.17" pos="50.45" lane="2/4to2/3_0" slope="0.00"/>
        <vehicle id="39" x="670.54" y="601.65" angle="-90.00" type="DEFAULT_VEHTYPE" speed="13.08" pos="129.46" lane="4/3to3/3_0" slope="0.00"/>
        <vehicle id="40" x="338.10" y="198.35" angle="90.00" type="DEFAULT_VEHTYPE" speed="13.43" pos="133.35" lane="1/1to2/1_0" slope="0.00"/>
        <vehicle id="42" x="398.35" y="286.58" angle="0.00" type="DEFAULT_VEHTYPE" speed="12.86" pos="108.67" lane="2/2to2/1_0" slope="0.00"/>
        <vehicle id="43" x="398.35" y="665.13" angle="0.00" type="DEFAULT_VEHTYPE" speed="13.50" pos="134.87" lane="2/4to2/3_0" slope="0.00"/>
        <vehicle id="44" x="690.95" y="598.35" angle="90.00" type="DEFAULT_VEHTYPE" speed="13.82" pos="86.20" lane="3/3to4/3_0" slope="0.00"/>
        <vehicle id="48" x="398.35" y="122.81" angle="0.00" type="DEFAULT_VEHTYPE" speed="13.82" pos="72.44" lane="2/1to2/0_0" slope="0.00"/>
        <vehicle id="49" x="401.65" y="783.52" angle="180.00" type="DEFAULT_VEHTYPE" speed="13.88" pos="178.77" lane="2/3to2/4_0" slope="0.00"/>
        <vehicle id="5" x="398.35" y="571.74" angle="0.00" type="DEFAULT_VEHTYPE" speed="13.32" pos="23.51" lane="2/3to2/2_0" slope="0.00"/>
        <vehicle id="6" x="401.65" y="727.09" angle="180.00" type="DEFAULT_VEHTYPE" speed="13.06" pos="122.34" lane="2/3to2/4_0" slope="0.00"/>
        <vehicle id="7" x="277.58" y="201.65" angle="-90.00" type="DEFAULT_VEHTYPE" speed="13.40" pos="117.67" lane="2/1to1/1_0" slope="0.00"/>
        <vehicle id="8" x="198.35" y="260.78" angle="0.00" type="DEFAULT_VEHTYPE" speed="13.81" pos="134.47" lane="1/2to1/1_0" slope="0.00"/>
        <vehicle id="9" x="201.65" y="25.83" angle="180.00" type="DEFAULT_VEHTYPE" speed="12.65" pos="25.83" lane="1/0to1/1_0" slope="0.00"/>
    </timestep>
    <timestep time="281.00">
        <vehicle id="0" x="201.65" y="161.53" angle="180.00" type="DEFAULT_VEHTYPE" speed="13.25" pos="161.53" lane="1/0to1/1_0" slope="0.00"/>
        <vehicle id="10" x="198.35" y="384.61" angle="0.00" type="DEFAULT_VEHTYPE" speed="10.84" pos="10.64" lane="1/2to1/1_0" slope="0.00"/>
        <vehicle id="11" x="237.81" y="598.35" angle="90.00" type="DEFAULT_VEHTYPE" speed="12.66" pos="33.06" lane="1/3to2/3_0" slope="0.00"/>
        <vehicle id="15" x="696.66" y="198.35" angle="90.00" type="DEFAULT_VEHTYPE" speed="12.79" pos="91.91" lane="3/1to4/1_0" slope="0.00"/>
        <vehicle id="16" x="204.45" y="598.31" angle="140.15" type="DEFAULT_VEHTYPE" speed="12.85" pos="4.70" lane=":1/3_8_0" slope="0.00"/>
        <vehicle id="17" x="201.65" y="411.45" angle="180.00" type="DEFAULT_VEHTYPE" speed="9.26" pos="6.70" lane="1/2to1/3_0" slope="0.00"/>
        <vehicle id="18" x="601.65" y="519.23" angle="180.00" type="DEFAULT_VEHTYPE" speed="12.96" pos="114.48" lane="3/2to3/3_0" slope="0.00"/>
        <vehicle id="2" x="736.61" y="601.65" angle="-90.00" type="DEFAULT_VEHTYPE" speed="12.66" pos="63.39" lane="4/3to3/3_0" slope="0.00"/>
        <vehicle id="24" x="210.92" y="401.65" angle="-90.00" type="DEFAULT_VEHTYPE" speed="3.39" pos="184.33" lane="2/2to1/2_0" slope="0.00"/>
        <vehicle id="28" x="235.06" y="198.35" angle="90.00" type="DEFAULT_VEHTYPE" speed="13.36" pos="30.31" lane="1/1to2/1_0" slope="0.00"/>
        <vehicle id="29" x="540.08" y="198.35" angle="90.00" type="DEFAULT_VEHTYPE" speed="12.68" pos="135.33" lane="2/1to3/1_0" slope="0.00"/>
        <vehicle id="3" x="201.65" y="108.99" angle="180.00" type="DEFAULT_VEHTYPE" speed="12.90" pos="108.99" lane="1/0to1/1_0" slope="0.00"/>
        <vehicle id="33" x="614.44" y="601.65" angle="-90.00" type="DEFAULT_VEHTYPE" speed="7.30" pos="185.56" lane="4/3to3/3_0" slope="0.00"/>
        <vehicle id="37" x="398.35" y="735.97" angle="0.00" type="DEFAULT_VEHTYPE" speed="13.57" pos="64.03" lane="2/4to2/3_0" slope="0.00"/>
        <vehicle id="39" x="657.59" y="601.65" angle="-90.00" type="DEFAULT_VEHTYPE" speed="12.96" pos="142.41" lane="4/3to3/3_0" slope="0.00"/>
        <vehicle id="40" x="351.41" y="198.35" angle="90.00" type="DEFAULT_VEHTYPE" speed="13.31" pos="146.66" lane="1/1to2/1_0" slope="0.00"/>
        <vehicle id="42" x="398.35" y="273.08" angle="0.00" type="DEFAULT_VEHTYPE" speed="13.51" pos="122.17" lane="2/2to2/1_0" slope="0.00"/>
        <vehicle id="43" x="398.35" y="652.09" angle="0.00" type="DEFAULT_VEHTYPE" speed="13.04" pos="147.91" lane="2/4to2/3_0" slope="0.00"/>
        <vehicle id="44" x="704.20" y="598.35" angle="90.00" type="DEFAULT_VEHTYPE" speed="13.25" pos="99.45" lane="3/3to4/3_0" slope="0.00"/>
        <vehicle id="48" x="398.35" y="109.94" angle="0.00" type="DEFAULT_VEHTYPE" speed="12.87" pos="85.31" lane="2/1to2/0_0" slope="0.00"/>
        <vehicle id="49" x="401.65" y="797.15" angle="180.00" type="DEFAULT_VEHTYPE" speed="13.63" pos="192.40" lane="2/3to2/4_0" slope="0.00"/>
        <vehicle id="5" x="398.35" y="558.59" angle="0.00" type="DEFAULT_VEHTYPE" speed="13.15" pos="36.66" lane="2/3to2/2_0" slope="0.00"/>
        <vehicle id="6" x="401.65" y="740.15" angle="180.00" type="DEFAULT_VEHTYPE" speed="13.06" pos="135.40" lane="2/3to2/4_0" slope="0.00"/>
        <vehicle id="7" x="264.87" y="201.65" angle="-90.00" type="DEFAULT_VEHTYPE" speed="12.71" pos="130.38" lane="2/1to1/1_0" slope="0.00"/>
        <vehicle id="8" x="198.35" y="248.07" angle="0.00" type="DEFAULT_VEHTYPE" speed="12.71" pos="147.18" lane="1/2to1/1_0" slope="0.00"/>
        <vehicle id="9" x="201.65" y="39.44" angle="180.00" type="DEFAULT_VEHTYPE" speed="13.61" pos="39.44" lane="1/0to1/1_0" slope="0.00"/>
    </timestep>
    <timestep time="282.00">
        <vehicle id="0" x="201.65" y="174.88" angle="180.00" type="DEFAULT_VEHTYPE" speed="13.35" pos="174.88" lane="1/0to1/1_0" slope="0.00"/>
        <vehicle id="10" x="198.35" y="372.06" angle="0.00" type="DEFAULT_VEHTYPE" speed="12.55" pos="23.19" lane="1/2to1/1_0" slope="0.00"/>
        <vehicle id="11" x="250.75" y="598.35" angle="90.00" type="DEFAULT_VEHTYPE" speed="12.94" pos="46.00" lane="1/3to2/3_0" slope="0.00"/>
        <vehicle id="15" x="709.62" y="198.35" angle="90.00" type="DEFAULT_VEHTYPE" speed="12.96" pos="104.87" lane="3/1to4/1_0" slope="0.00"/>
        <vehicle id="16" x="217.50" y="598.35" angle="90.00" type="DEFAULT_VEHTYPE" speed="13.04" pos="12.75" lane="1/3to2/3_0" slope="0.00"/>
        <vehicle id="17" x="201.65" y="423.27" angle="180.00" type="DEFAULT_VEHTYPE" speed="11.83" pos="18.52" lane="1/2to1/3_0" slope="0.00"/>
        <vehicle id="18" x="601.65" y="532.95" angle="180.00" type="DEFAULT_VEHTYPE" speed="13.72" pos="128.20" lane="3/2to3/3_0" slope="0.00"/>
        <vehicle id="2" x="723.79" y="601.65" angle="-90.00" type="DEFAULT_VEHTYPE" speed="12.81" pos="76.21" lane="4/3to3/3_0" slope="0.00"/>
        <vehicle id="24" x="205.05" y="401.65" angle="-90.00" type="DEFAULT_VEHTYPE" speed="5.87" pos="190.20" lane="2/2to1/2_0" slope="0.00"/>
        <vehicle id="28" x="247.91" y="198.35" angle="90.00" type="DEFAULT_VEHTYPE" speed="12.85" pos="43.16" lane="1/1to2/1_0" slope="0.00"/>
        <vehicle id="29" x="553.95" y="198.35" angle="90.00" type="DEFAULT_VEHTYPE" speed="13.87" pos="149.20" lane="2/1to3/1_0" slope="0.00"/>
        <vehicle id="3" x="201.65" y="121.99" angle="180.00" type="DEFAULT_VEHTYPE" speed="13.00" pos="121.99" lane="1/0to1/1_0" slope="0.00"/>
        <vehicle id="33" x="610.88" y="601.65" angle="-90.00" type="DEFAULT_VEHTYPE" speed="3.57" pos="189.12" lane="4/3to3/3_0" slope="0.00"/>
        <vehicle id="37" x="398.35" y="723.08" angle="0.00" type="DEFAULT_VEHTYPE" speed="12.90" pos="76.92" lane="2/4to2/3_0" slope="0.00"/>
        <vehicle id="39" x="644.35" y="601.65" angle="-90.00" type="DEFAULT_VEHTYPE" speed="13.24" pos="155.65" lane="4/3to3/3_0" slope="0.00"/>
        <vehicle id="40" x="364.41" y="198.35" angle="90.00" type="DEFAULT_VEHTYPE" speed="13.00" pos="159.66" lane="1/1to2/1_0" slope="0.00"/>
        <vehicle id="42" x="398.35" y="259.51" angle="0.00" type="DEFAULT_VEHTYPE" speed="13.57" pos="135.74" lane="2/2to2/1_0" slope="0.00"/>
        <vehicle id="43" x="398.35" y="638.56" angle="0.00" type="DEFAULT_VEHTYPE" speed="13.52" pos="161.44" lane="2/4to2/3_0" slope="0.00"/>
        <vehicle id="44" x="717.24" y="598.35" angle="90.00" type="DEFAULT_VEHTYPE" speed="13.04" pos="112.49" lane="3/3to4/3_0" slope="0.00"/>
        <vehicle id="48" x="398.35" y="97.28" angle="0.00" type="DEFAULT_VEHTYPE" speed="12.66" pos="97.97" lane="2/1to2/0_0" slope="0.00"/>
        <vehicle id="49" x="398.35" y="794.64" angle="0.00" type="DEFAULT_VEHTYPE" speed="13.03" pos="5.36" lane="2/4to2/3_0" slope="0.00"/>
        <vehicle id="5" x="398.35" y="545.38" angle="0.00" type="DEFAULT_VEHTYPE" speed="13.22" pos="49.87" lane="2/3to2/2_0" slope="0.00"/>
        <vehicle id="6" x="401.65" y="753.26" angle="180.00" type="DEFAULT_VEHTYPE" speed="13.11" pos="148.51" lane="2/3to2/4_0" slope="0.00"/>
        <vehicle id="7" x="252.20" y="201.65" angle="-90.00" type="DEFAULT_VEHTYPE" speed="12.67" pos="143.05" lane="2/1to1/1_0" slope="0.00"/>
        <vehicle id="8" x="198.35" y="235.00" angle="0.00" type="DEFAULT_VEHTYPE" speed="13.07" pos="160.25" lane="1/2to1/1_0" slope="0.00"/>
        <vehicle id="9" x="201.65" y="52.84" angle="180.00" type="DEFAULT_VEHTYPE" speed="13.40" pos="52.84" lane="1/0to1/1_0" slope="0.00"/>
    </timestep>
    <timestep time="283.00">
        <vehicle id="0" x="201.65" y="187.86" angle="180.00" type="DEFAULT_VEHTYPE" speed="12.98" pos="187.86" lane="1/0to1/1_0" slope="0.00"/>
        <vehicle id="10" x="198.35" y="358.39" angle="0.00" type="DEFAULT_VEHTYPE" speed="13.67" pos="36.86" lane="1/2to1/1_0" slope="0.00"/>
        <vehicle id="11" x="263.45" y="598.35" angle="90.00" type="DEFAULT_VEHTYPE" speed="12.70" pos="58.70" lane="1/3to2/3_0" slope="0.00"/>
        <vehicle id="15" x="722.86" y="198.35" angle="90.00" type="DEFAULT_VEHTYPE" speed="13.23" pos="118.11" lane="3/1to4/1_0" slope="0.00"/>
        <vehicle id="16" x="230.55" y="598.35" angle="90.00" type="DEFAULT_VEHTYPE" speed="13.05" pos="25.80" lane="1/3to2/3_0" slope="0.00"/>
        <vehicle id="17" x="201.65" y="436.23" angle="180.00" type="DEFAULT_VEHTYPE" speed="12.96" pos="31.48" lane="1/2to1/3_0" slope="0.00"/>
        <vehicle id="18" x="601.65" y="545.68" angle="180.00" type="DEFAULT_VEHTYPE" speed="12.73" pos="140.93" lane="3/2to3/3_0" slope="0.00"/>
        <vehicle id="2" x="711.03" y="601.65" angle="-90.00" type="DEFAULT_VEHTYPE" speed="12.76" pos="88.97" lane="4/3to3/3_0" slope="0.00"/>
        <vehicle id="24" x="196.79" y="401.65" angle="-90.00" type="DEFAULT_VEHTYPE" speed="8.26" pos="7.96" lane=":1/2_5_0" slope="0.00"/>
        <vehicle id="28" x="260.86" y="198.35" angle="90.00" type="DEFAULT_VEHTYPE" speed="12.95" pos="56.11" lane="1/1to2/1_0" slope="0.00"/>
        <vehicle id="29" x="567.21" y="198.35" angle="90.00" type="DEFAULT_VEHTYPE" speed="13.26" pos="162.46" lane="2/1to3/1_0" slope="0.00"/>
        <vehicle id="3" x="201.65" y="134.72" angle="180.00" type="DEFAULT_VEHTYPE" speed="12.74" pos="134.72" lane="1/0to1/1_0" slope="0.00"/>
        <vehicle id="33" x="605.73" y="601.65" angle="-90.00" type="DEFAULT_VEHTYPE" speed="5.15" pos="194.27" lane="4/3to3/3_0" slope="0.00"/>
        <vehicle id="37" x="398.35" y="709.83" angle="0.00" type="DEFAULT_VEHTYPE" speed="13.25" pos="90.17" lane="2/4to2/3_0" slope="0.00"/>
        <vehicle id="39" x="633.33" y="601.65" angle="-90.00" type="DEFAULT_VEHTYPE" speed="11.02" pos="166.67" lane="4/3to3/3_0" slope="0.00"/>
        <vehicle id="40" x="376.40" y="198.35" angle="90.00" type="DEFAULT_VEHTYPE" speed="11.99" pos="171.65" lane="1/1to2/1_0" slope="0.00"/>
        <vehicle id="42" x="398.35" y="246.25" angle="0.00" type="DEFAULT_VEHTYPE" speed="13.26" pos="149.00" lane="2/2to2/1_0" slope="0.00"/>
        <vehicle id="43" x="398.35" y="625.50" angle="0.00" type="DEFAULT_VEHTYPE" speed="13.07" pos="174.50" lane="2/4to2/3_0" slope="0.00"/>
        <vehicle id="44" x="730.25" y="598.35" angle="90.00" type="DEFAULT_VEHTYPE" speed="13.01" pos="125.50" lane="3/3to4/3_0" slope="0.00"/>
        <vehicle id="48" x="398.35" y="83.42" angle="0.00" type="DEFAULT_VEHTYPE" speed="13.86" pos="111.83" lane="2/1to2/0_0" slope="0.00"/>
        <vehicle id="49" x="398.35" y="781.08" angle="0.00" type="DEFAULT_VEHTYPE" speed="13.56" pos="18.92" lane="2/4to2/3_0" slope="0.00"/>
        <vehicle id="5" x="398.35" y="531.98" angle="0.00" type="DEFAULT_VEHTYPE" speed="13.40" pos="63.27" lane="2/3to2/2_0" slope="0.00"/>
        <vehicle id="6" x="401.65" y="766.48" angle="180.00" type="DEFAULT_VEHTYPE" speed="13.22" pos="161.73" lane="2/3to2/4_0" slope="0.00"/>
        <vehicle id="7" x="238.38" y="201.65" angle="-90.00" type="DEFAULT_VEHTYPE" speed="13.82" pos="156.87" lane="2/1to1/1_0" slope="0.00"/>
        <vehicle id="8" x="198.35" y="221.46" angle="0.00" type="DEFAULT_VEHTYPE" speed="13.54" pos="173.79" lane="1/2to1/1_0" slope="0.00"/>
        <vehicle id="9" x="201.65" y="65.82" angle="180.00" type="DEFAULT_VEHTYPE" speed="12.98" pos="65.82" lane="1/0to1/1_0" slope="0.00"/>
    </timestep>
    <timestep time="284.00">
        <vehicle id="0" x="206.04" y="198.35" angle="113.39" type="DEFAULT_VEHTYPE" speed="13.68" pos="1.29" lane="1/1to2/1_0" slope="0.00"/>
        <vehicle id="10" x="198.35" y="344.54" angle="0.00" type="DEFAULT_VEHTYPE" speed="13.85" pos="50.71" lane="1/2to1/1_0" slope="0.00"/>
        <vehicle id="11" x="276.97" y="598.35" angle="90.00" type="DEFAULT_VEHTYPE" speed="13.53" pos="72.22" lane="1/3to2/3_0" slope="0.00"/>
        <vehicle id="15" x="736.62" y="198.35" angle="90.00" type="DEFAULT_VEHTYPE" speed="13.76" pos="131.87" lane="3/1to4/1_0" slope="0.00"/>
        <vehicle id="16" x="243.89" y="598.35" angle="90.00" type="DEFAULT_VEHTYPE" speed="13.34" pos="39.14" lane="1/3to2/3_0" slope="0.00"/>
        <vehicle id="17" x="201.65" y="448.84" angle="180.00" type="DEFAULT_VEHTYPE" speed="12.61" pos="44.09" lane="1/2to1/3_0" slope="0.00"/>
        <vehicle id="18" x="601.65" y="559.29" angle="180.00" type="DEFAULT_VEHTYPE" speed="13.61" pos="154.54" lane="3/2to3/3_0" slope="0.00"/>
        <vehicle id="2" x="697.27" y="601.65" angle="-90.00" type="DEFAULT_VEHTYPE" speed="13.77" pos="102.73" lane="4/3to3/3_0" slope="0.00"/>
        <vehicle id="24" x="186.80" y="401.65" angle="-90.00" type="DEFAULT_VEHTYPE" speed="9.99" pos="8.45" lane="1/2to0/2_0" slope="0.00"/>
        <vehicle id="28" x="274.02" y="198.35" angle="90.00" type="DEFAULT_VEHTYPE" speed="13.16" pos="69.27" lane="1/1to2/1_0" slope="0.00"/>
        <vehicle id="29" x="577.38" y="198.35" angle="90.00" type="DEFAULT_VEHTYPE" speed="10.17" pos="172.63" lane="2/1to3/1_0" slope="0.00"/>
        <vehicle id="3" x="201.65" y="147.87" angle="180.00" type="DEFAULT_VEHTYPE" speed="13.15" pos="147.87" lane="1/0to1/1_0" slope="0.00"/>
        <vehicle id="33" x="599.34" y="599.03" angle="-59.26" type="DEFAULT_VEHTYPE" speed="7.33" pos="6.34" lane=":3/3_6_0" slope="0.00"/>
        <vehicle id="37" x="398.35" y="696.35" angle="0.00" type="DEFAULT_VEHTYPE" speed="13.48" pos="103.65" lane="2/4to2/3_0" slope="0.00"/>
        <vehicle id="39" x="622.32" y="601.65" angle="-90.00" type="DEFAULT_VEHTYPE" speed="11.02" pos="177.68" lane="4/3to3/3_0" slope="0.00"/>
        <vehicle id="40" x="383.95" y="198.35" angle="90.00" type="DEFAULT_VEHTYPE" speed="7.55" pos="179.20" lane="1/1to2/1_0" slope="0.00"/>
        <vehicle id="42" x="398.35" y="232.91" angle="0.00" type="DEFAULT_VEHTYPE" speed="13.34" pos="162.34" lane="2/2to2/1_0" slope="0.00"/>
        <vehicle id="43" x="398.35" y="612.12" angle="0.00" type="DEFAULT_VEHTYPE" speed="13.38" pos="187.88" lane="2/4to2/3_0" slope="0.00"/>
        <vehicle id="44" x="743.40" y="598.35" angle="90.00" type="DEFAULT_VEHTYPE" speed="13.15" pos="138.65" lane="3/3to4/3_0" slope="0.00"/>
        <vehicle id="48" x="398.35" y="69.59" angle="0.00" type="DEFAULT_VEHTYPE" speed="13.83" pos="125.66" lane="2/1to2/0_0" slope="0.00"/>
        <vehicle id="49" x="398.35" y="767.68" angle="0.00" type="DEFAULT_VEHTYPE" speed="13.40" pos="32.32" lane="2/4to2/3_0" slope="0.00"/>
        <vehicle id="5" x="398.35" y="518.46" angle="0.00" type="DEFAULT_VEHTYPE" speed="13.52" pos="76.79" lane="2/3to2/2_0" slope="0.00"/>
        <vehicle id="6" x="401.65" y="779.29" angle="180.00" type="DEFAULT_VEHTYPE" speed="12.80" pos="174.54" lane="2/3to2/4_0" slope="0.00"/>
        <vehicle id="7" x="226.37" y="201.65" angle="-90.00" type="DEFAULT_VEHTYPE" speed="12.02" pos="168.88" lane="2/1to1/1_0" slope="0.00"/>
        <vehicle id="8" x="198.35" y="208.84" angle="0.00" type="DEFAULT_VEHTYPE" speed="12.62" pos="186.41" lane="1/2to1/1_0" slope="0.00"/>
        <vehicle id="9" x="201.65" y="79.17" angle="180.00" type="DEFAULT_VEHTYPE" speed="13.34" pos="79.17" lane="1/0to1/1_0" slope="0.00"/>
    </timestep>
    <timestep time="285.00">
        <vehicle id="0" x="219.58" y="198.35" angle="90.00" type="DEFAULT_VEHTYPE" speed="13.54" pos="14.83" lane="1/1to2/1_0" slope="0.00"/>
        <vehicle id="10" x="198.35" y="331.45" angle="0.00" type="DEFAULT_VEHTYPE" speed="13.10" pos="63.80" lane="1/2to1/1_0" slope="0.00"/>
        <vehicle id="11" x="290.59" y="598.35" angle="90.00" type="DEFAULT_VEHTYPE" speed="13.62" pos="85.84" lane="1/3to2/3_0" slope="0.00"/>
        <vehicle id="15" x="749.79" y="198.35" angle="90.00" type="DEFAULT_VEHTYPE" speed="13.17" pos="145.04" lane="3/1to4/1_0" slope="0.00"/>
        <vehicle id="16" x="257.55" y="598.35" angle="90.00" type="DEFAULT_VEHTYPE" speed="13.67" pos="52.80" lane="1/3to2/3_0" slope="0.00"/>
        <vehicle id="17" x="201.65" y="462.00" angle="180.00" type="DEFAULT_VEHTYPE" speed="13.16" pos="57.25" lane="1/2to1/3_0" slope="0.00"/>
        <vehicle id="18" x="601.65" y="572.62" angle="180.00" type="DEFAULT_VEHTYPE" speed="13.34" pos="167.87" lane="3/2to3/3_0" slope="0.00"/>
        <vehicle id="2" x="683.94" y="601.65" angle="-90.00" type="DEFAULT_VEHTYPE" speed="13.33" pos="116.06" lane="4/3to3/3_0" slope="0.00"/>
        <vehicle id="24" x="174.44" y="401.65" angle="-90.00" type="DEFAULT_VEHTYPE" speed="12.35" pos="20.81" lane="1/2to0/2_0" slope="0.00"/>
        <vehicle id="28" x="286.67" y="198.35" angle="90.00" type="DEFAULT_VEHTYPE" speed="12.65" pos="81.92" lane="1/1to2/1_0" slope="0.00"/>
        <vehicle id="29" x="584.41" y="198.35" angle="90.00" type="DEFAULT_VEHTYPE" speed="7.03" pos="179.66" lane="2/1to3/1_0" slope="0.00"/>
        <vehicle id="3" x="201.65" y="161.59" angle="180.00" type="DEFAULT_VEHTYPE" speed="13.72" pos="161.59" lane="1/0to1/1_0" slope="0.00"/>
        <vehicle id="33" x="598.35" y="589.76" angle="0.00" type="DEFAULT_VEHTYPE" speed="9.47" pos="5.49" lane="3/3to3/2_0" slope="0.00"/>
        <vehicle id="37" x="398.35" y="682.53" angle="0.00" type="DEFAULT_VEHTYPE" speed="13.82" pos="117.47" lane="2/4to2/3_0" slope="0.00"/>
        <vehicle id="39" x="614.69" y="601.65" angle="-90.00" type="DEFAULT_VEHTYPE" speed="7.63" pos="185.31" lane="4/3to3/3_0" slope="0.00"/>
        <vehicle id="40" x="388.18" y="198.35" angle="90.00" type="DEFAULT_VEHTYPE" speed="4.22" pos="183.43" lane="1/1to2/1_0" slope="0.00"/>
        <vehicle id="42" x="398.35" y="219.19" angle="0.00" type="DEFAULT_VEHTYPE" speed="13.72" pos="176.06" lane="2/2to2/1_0" slope="0.00"/>
        <vehicle id="43" x="398.35" y="598.64" angle="0.00" type="DEFAULT_VEHTYPE" speed="13.47" pos="6.11" lane=":2/3_1_0" slope="0.00"/>
        <vehicle id="44" x="756.23" y="598.35" angle="90.00" type="DEFAULT_VEHTYPE" speed="12.83" pos="151.48" lane="3/3to4/3_0" slope="0.00"/>
        <vehicle id="48" x="398.35" y="56.26" angle="0.00" type="DEFAULT_VEHTYPE" speed="13.33" pos="138.99" lane="2/1to2/0_0" slope="0.00"/>
        <vehicle id="49" x="398.35" y="753.95" angle="0.00" type="DEFAULT_VEHTYPE" speed="13.72" pos="46.05" lane="2/4to2/3_0" slope="0.00"/>
        <vehicle id="5" x="398.35" y="505.58" angle="0.00" type="DEFAULT_VEHTYPE" speed="12.88" pos="89.67" lane="2/3to2/2_0" slope="0.00"/>
        <vehicle id="6" x="401.65" y="792.70" angle="180.00" type="DEFAULT_VEHTYPE" speed="13.41" pos="187.95" lane="2/3to2/4_0" slope="0.00"/>
        <vehicle id="7" x="218.16" y="201.65" angle="-90.00" type="DEFAULT_VEHTYPE" speed="8.21" pos="177.09" lane="2/1to1/1_0" slope="0.00"/>
        <vehicle id="8" x="190.76" y="201.65" angle="-89.19" type="DEFAULT_VEHTYPE" speed="13.58" pos="4.49" lane="1/1to0/1_0" slope="0.00"/>
        <vehicle id="9" x="201.65" y="92.97" angle="180.00" type="DEFAULT_VEHTYPE" speed="13.80" pos="92.97" lane="1/0to1/1_0" slope="0.00"/>
    </timestep>
    <timestep time="286.00">
        <vehicle id="0" x="232.78" y="198.35" angle="90.00" type="DEFAULT_VEHTYPE" speed="13.20" pos="28.03" lane="1/1to2/1_0" slope="0.00"/>
        <vehicle id="10" x="198.35" y="318.26" angle="0.00" type="DEFAULT_VEHTYPE" speed="13.18" pos="76.99" lane="1/2to1/1_0" slope="0.00"/>
        <vehicle id="11" x="303.70" y="598.35" angle="90.00" type="DEFAULT_VEHTYPE" speed="13.11" pos="98.95" lane="1/3to2/3_0" slope="0.00"/>
        <vehicle id="15" x="763.36" y="198.35" angle="90.00" type="DEFAULT_VEHTYPE" speed="13.57" pos="158.61" lane="3/1to4/1_0" slope="0.00"/>
        <vehicle id="16" x="271.08" y="598.35" angle="90.00" type="DEFAULT_VEHTYPE" speed="13.53" pos="66.33" lane="1/3to2/3_0" slope="0.00"/>
        <vehicle id="17" x="201.65" y="474.63" angle="180.00" type="DEFAULT_VEHTYPE" speed="12.63" pos="69.88" lane="1/2to1/3_0" slope="0.00"/>
        <vehicle id="18" x="601.65" y="586.31" angle="180.00" type="DEFAULT_VEHTYPE" speed="13.68" pos="181.56" lane="3/2to3/3_0" slope="0.00"/>
        <vehicle id="2" x="670.33" y="601.65" angle="-90.00" type="DEFAULT_VEHTYPE" speed="13.60" pos="129.67" lane="4/3to3/3_0" slope="0.00"/>
        <vehicle id="24" x="160.81" y="401.65" angle="-90.00" type="DEFAULT_VEHTYPE" speed="13.63" pos="34.44" lane="1/2to0/2_0" slope="0.00"/>
        <vehicle id="28" x="299.46" y="198.35" angle="90.00" type="DEFAULT_VEHTYPE" speed="12.79" pos="94.71" lane="1/1to2/1_0" slope="0.00"/>
        <vehicle id="29" x="588.55" y="198.35" angle="90.00" type="DEFAULT_VEHTYPE" speed="4.14" pos="183.80" lane="2/1to3/1_0" slope="0.00"/>
        <vehicle id="3" x="201.65" y="175.13" angle="180.00" type="DEFAULT_VEHTYPE" speed="13.54" pos="175.13" lane="1/0to1/1_0" slope="0.00"/>
        <vehicle id="33" x="598.35" y="578.81" angle="0.00" type="DEFAULT_VEHTYPE" speed="10.95" pos="16.44" lane="3/3to3/2_0" slope="0.00"/>
        <vehicle id="37" x="398.35" y="669.39" angle="0.00" type="DEFAULT_VEHTYPE" speed="13.15" pos="130.61" lane="2/4to2/3_0" slope="0.00"/>
        <vehicle id="39" x="610.43" y="601.65" angle="-90.00" type="DEFAULT_VEHTYPE" speed="4.26" pos="189.57" lane="4/3to3/3_0" slope="0.00"/>
        <vehicle id="40" x="391.12" y="198.35" angle="90.00" type="DEFAULT_VEHTYPE" speed="2.94" pos="186.37" lane="1/1to2/1_0" slope="0.00"/>
        <vehicle id="42" x="398.35" y="206.48" angle="0.00" type="DEFAULT_VEHTYPE" speed="12.71" pos="188.77" lane="2/2to2/1_0" slope="0.00"/>
        <vehicle id="43" x="398.35" y="585.08" angle="0.00" type="DEFAULT_VEHTYPE" speed="13.56" pos="10.17" lane="2/3to2/2_0" slope="0.00"/>
        <vehicle id="44" x="769.72" y="598.35" angle="90.00" type="DEFAULT_VEHTYPE" speed="13.49" pos="164.97" lane="3/3to4/3_0" slope="0.00"/>
        <vehicle id="48" x="398.35" y="43.29" angle="0.00" type="DEFAULT_VEHTYPE" speed="12.96" pos="151.96" lane="2/1to2/0_0" slope="0.00"/>
        <vehicle id="49" x="398.35" y="741.17" angle="0.00" type="DEFAULT_VEHTYPE" speed="12.78" pos="58.83" lane="2/4to2/3_0" slope="0.00"/>
        <vehicle id="5" x="398.35" y="492.52" angle="0.00" type="DEFAULT_VEHTYPE" speed="13.07" pos="102.73" lane="2/3to2/2_0" slope="0.00"/>
        <vehicle id="6" x="398.35" y="798.81" angle="-53.35" type="DEFAULT_VEHTYPE" speed="13.31" pos="1.19" lane="2/4to2/3_0" slope="0.00"/>
        <vehicle id="7" x="212.46" y="201.65" angle="-90.00" type="DEFAULT_VEHTYPE" speed="5.70" pos="182.79" lane="2/1to1/1_0" slope="0.00"/>
        <vehicle id="8" x="177.03" y="201.65" angle="-90.00" type="DEFAULT_VEHTYPE" speed="13.73" pos="18.22" lane="1/1to0/1_0" slope="0.00"/>
        <vehicle id="9" x="201.65" y="106.82" angle="180.00" type="DEFAULT_VEHTYPE" speed="13.85" pos="106.82" lane="1/0to1/1_0" slope="0.00"/>
    </timestep>
    <timestep time="287.00">
        <vehicle id="0" x="245.49" y="198.35" angle="90.00" type="DEFAULT_VEHTYPE" speed="12.71" pos="40.74" lane="1/1to2/1_0" slope="0.00"/>
        <vehicle id="10" x="198.35" y="305.41" angle="0.00" type="DEFAULT_VEHTYPE" speed="12.85" pos="89.84" lane="1/2to1/1_0" slope="0.00"/>
        <vehicle id="11" x="316.55" y="598.35" angle="90.00" type="DEFAULT_VEHTYPE" speed="12.84" pos="111.80" lane="1/3to2/3_0" slope="0.00"/>
        <vehicle id="15" x="776.43" y="198.35" angle="90.00" type="DEFAULT_VEHTYPE" speed="13.07" pos="171.68" lane="3/1to4/1_0" slope="0.00"/>
        <vehicle id="16" x="284.41" y="598.35" angle="90.00" type="DEFAULT_VEHTYPE" speed="13.33" pos="79.66" lane="1/3to2/3_0" slope="0.00"/>
        <vehicle id="17" x="201.65" y="488.02" angle="180.00" type="DEFAULT_VEHTYPE" speed="13.39" pos="83.27" lane="1/2to1/3_0" slope="0.00"/>
        <vehicle id="18" x="603.59" y="598.19" angle="154.82" type="DEFAULT_VEHTYPE" speed="12.77" pos="3.83" lane=":3/3_8_0" slope="0.00"/>
        <vehicle id="2" x="657.60" y="601.65" angle="-90.00" type="DEFAULT_VEHTYPE" speed="12.73" pos="142.40" lane="4/3to3/3_0" slope="0.00"/>
        <vehicle id="24" x="147.67" y="401.65" angle="-90.00" type="DEFAULT_VEHTYPE" speed="13.14" pos="47.58" lane="1/2to0/2_0" slope="0.00"/>
        <vehicle id="28" x="312.36" y="198.35" angle="90.00" type="DEFAULT_VEHTYPE" speed="12.89" pos="107.61" lane="1/1to2/1_0" slope="0.00"/>
        <vehicle id="29" x="594.30" y="198.35" angle="90.00" type="DEFAULT_VEHTYPE" speed="5.75" pos="189.55" lane="2/1to3/1_0" slope="0.00"/>
        <vehicle id="3" x="201.65" y="188.59" angle="180.00" type="DEFAULT_VEHTYPE" speed="13.46" pos="188.59" lane="1/0to1/1_0" slope="0.00"/>
        <vehicle id="33" x="598.35" y="565.41" angle="0.00" type="DEFAULT_VEHTYPE" speed="13.41" pos="29.84" lane="3/3to3/2_0" slope="0.00"/>
        <vehicle id="37" x="398.35" y="656.70" angle="0.00" type="DEFAULT_VEHTYPE" speed="12.68" pos="143.30" lane="2/4to2/3_0" slope="0.00"/>
        <vehicle id="39" x="604.77" y="601.65" angle="-90.00" type="DEFAULT_VEHTYPE" speed="5.66" pos="195.23" lane="4/3to3/3_0" slope="0.00"/>
        <vehicle id="40" x="396.30" y="198.35" angle="90.00" type="DEFAULT_VEHTYPE" speed="5.19" pos="1.05" lane=":2/1_13_0" slope="0.00"/>
        <vehicle id="42" x="388.83" y="201.65" angle="-90.00" type="DEFAULT_VEHTYPE" speed="13.15" pos="6.42" lane="2/1to1/1_0" slope="0.00"/>
        <vehicle id="43" x="398.35" y="572.24" angle="0.00" type="DEFAULT_VEHTYPE" speed="12.85" pos="23.01" lane="2/3to2/2_0" slope="0.00"/>
        <vehicle id="44" x="782.51" y="598.35" angle="90.00" type="DEFAULT_VEHTYPE" speed="12.79" pos="177.76" lane="3/3to4/3_0" slope="0.00"/>
        <vehicle id="48" x="398.35" y="30.30" angle="0.00" type="DEFAULT_VEHTYPE" speed="13.00" pos="164.95" lane="2/1to2/0_0" slope="0.00"/>
        <vehicle id="49" x="398.35" y="728.37" angle="0.00" type="DEFAULT_VEHTYPE" speed="12.81" pos="71.63" lane="2/4to2/3_0" slope="0.00"/>
        <vehicle id="5" x="398.35" y="478.85" angle="0.00" type="DEFAULT_VEHTYPE" speed="13.67" pos="116.40" lane="2/3to2/2_0" slope="0.00"/>
        <vehicle id="6" x="398.35" y="785.46" angle="0.00" type="DEFAULT_VEHTYPE" speed="13.35" pos="14.54" lane="2/4to2/3_0" slope="0.00"/>
        <vehicle id="7" x="209.16" y="201.65" angle="-90.00" type="DEFAULT_VEHTYPE" speed="3.30" pos="186.09" lane="2/1to1/1_0" slope="0.00"/>
        <vehicle id="8" x="163.16" y="201.65" angle="-90.00" type="DEFAULT_VEHTYPE" speed="13.86" pos="32.09" lane="1/1to0/1_0" slope="0.00"/>
        <vehicle id="9" x="201.65" y="119.73" angle="180.00" type="DEFAULT_VEHTYPE" speed="12.91" pos="119.73" lane="1/0to1/1_0" slope="0.00"/>
    </timestep>
    <timestep time="288.00">
        <vehicle id="0" x="259.08" y="198.35" angle="90.00" type="DEFAULT_VEHTYPE" speed="13.59" pos="54.33" lane="1/1to2/1_0" slope="0.00"/>
        <vehicle id="10" x="198.35" y="291.63" angle="0.00" type="DEFAULT_VEHTYPE" speed="13.78" pos="103.62" lane="1/2to1/1_0" slope="0.00"/>
        <vehicle id="11" x="330.25" y="598.35" angle="90.00" type="DEFAULT_VEHTYPE" speed="13.70" pos="125.50" lane="1/3to2/3_0" slope="0.00"/>
        <vehicle id="15" x="789.30" y="198.35" angle="90.00" type="DEFAULT_VEHTYPE" speed="12.87" pos="184.55" lane="3/1to4/1_0" slope="0.00"/>
        <vehicle id="16" x="297.59" y="598.35" angle="90.00" type="DEFAULT_VEHTYPE" speed="13.18" pos="92.84" lane="1/3to2/3_0" slope="0.00"/>
        <vehicle id="17" x="201.65" y="501.74" angle="180.00" type="DEFAULT_VEHTYPE" speed="13.72" pos="96.99" lane="1/2to1/3_0" slope="0.00"/>
        <vehicle id="18" x="617.16" y="598.35" angle="90.00" type="DEFAULT_VEHTYPE" speed="13.58" pos="12.41" lane="3/3to4/3_0" slope="0.00"/>
        <vehicle id="2" x="644.60" y="601.65" angle="-90.00" type="DEFAULT_VEHTYPE" speed="13.00" pos="155.40" lane="4/3to3/3_0" slope="0.00"/>
        <vehicle id="24" x="133.89" y="401.65" angle="-90.00" type="DEFAULT_VEHTYPE" speed="13.78" pos="61.36" lane="1/2to0/2_0" slope="0.00"/>
        <vehicle id="28" x="325.89" y="198.35" angle="90.00" type="DEFAULT_VEHTYPE" speed="13.53" pos="121.14" lane="1/1to2/1_0" slope="0.00"/>
        <vehicle id="29" x="601.11" y="201.72" angle="129.89" type="DEFAULT_VEHTYPE" speed="8.18" pos="7.23" lane=":3/1_14_0" slope="0.00"/>
        <vehicle id="3" x="206.19" y="198.35" angle="111.28" type="DEFAULT_VEHTYPE" speed="13.10" pos="1.44" lane="1/1to2/1_0" slope="0.00"/>
        <vehicle id="33" x="598.35" y="552.45" angle="0.00" type="DEFAULT_VEHTYPE" speed="12.96" pos="42.80" lane="3/3to3/2_0" slope="0.00"/>
        <vehicle id="37" x="398.35" y="644.04" angle="0.00" type="DEFAULT_VEHTYPE" speed="12.67" pos="155.96" lane="2/4to2/3_0" slope="0.00"/>
        <vehicle id="39" x="598.66" y="597.45" angle="-39.90" type="DEFAULT_VEHTYPE" speed="8.11" pos="8.09" lane=":3/3_6_0" slope="0.00"/>
        <vehicle id="40" x="403.12" y="198.35" angle="90.00" type="DEFAULT_VEHTYPE" speed="6.82" pos="7.87" lane=":2/1_13_0" slope="0.00"/>
        <vehicle id="42" x="376.22" y="201.65" angle="-90.00" type="DEFAULT_VEHTYPE" speed="12.61" pos="19.03" lane="2/1to1/1_0" slope="0.00"/>
        <vehicle id="43" x="398.35" y="558.64" angle="0.00" type="DEFAULT_VEHTYPE" speed="13.60" pos="36.61" lane="2/3to2/2_0" slope="0.00"/>
        <vehicle id="44" x="796.37" y="598.35" angle="90.00" type="DEFAULT_VEHTYPE" speed="13.86" pos="191.62" lane="3/3to4/3_0" slope="0.00"/>
        <vehicle id="48" x="398.35" y="17.58" angle="0.00" type="DEFAULT_VEHTYPE" speed="12.71" pos="177.67" lane="2/1to2/0_0" slope="0.00"/>
        <vehicle id="49" x="398.35" y="714.91" angle="0.00" type="DEFAULT_VEHTYPE" speed="13.45" pos="85.09" lane="2/4to2/3_0" slope="0.00"/>
        <vehicle id="5" x="398.35" y="465.96" angle="0.00" type="DEFAULT_VEHTYPE" speed="12.89" pos="129.29" lane="2/3to2/2_0" slope="0.00"/>
        <vehicle id="6" x="398.35" y="772.77" angle="0.00" type="DEFAULT_VEHTYPE" speed="12.69" pos="27.23" lane="2/4to2/3_0" slope="0.00"/>
        <vehicle id="7" x="204.54" y="201.68" angle="-90.34" type="DEFAULT_VEHTYPE" speed="4.62" pos="0.22" lane=":1/1_4_0" slope="0.00"/>
        <vehicle id="8" x="149.56" y="201.65" angle="-90.00" type="DEFAULT_VEHTYPE" speed="13.60" pos="45.69" lane="1/1to0/1_0" slope="0.00"/>
        <vehicle id="9" x="201.65" y="132.54" angle="180.00" type="DEFAULT_VEHTYPE" speed="12.81" pos="132.54" lane="1/0to1/1_0" slope="0.00"/>
    </timestep>
    <timestep time="289.00">
        <vehicle id="0" x="272.33" y="198.35" angle="90.00" type="DEFAULT_VEHTYPE" speed="13.25" pos="67.58" lane="1/1to2/1_0" slope="0.00"/>
        <vehicle id="10" x="198.35" y="278.29" angle="0.00" type="DEFAULT_VEHTYPE" speed="13.35" pos="116.96" lane="1/2to1/1_0" slope="0.00"/>
        <vehicle id="11" x="343.06" y="598.35" angle="90.00" type="DEFAULT_VEHTYPE" speed="12.81" pos="138.31" lane="1/3to2/3_0" slope="0.00"/>
        <vehicle id="15" x="801.37" y="200.57" angle="123.72" type="DEFAULT_VEHTYPE" speed="13.75" pos="3.05" lane=":4/1_0_0" slope="0.00"/>
        <vehicle id="16" x="310.96" y="598.35" angle="90.00" type="DEFAULT_VEHTYPE" speed="13.37" pos="106.21" lane="1/3to2/3_0" slope="0.00"/>
        <vehicle id="17" x="201.65" y="514.87" angle="180.00" type="DEFAULT_VEHTYPE" speed="13.14" pos="110.12" lane="1/2to1/3_0" slope="0.00"/>
        <vehicle id="18" x="630.67" y="598.35" angle="90.00" type="DEFAULT_VEHTYPE" speed="13.52" pos="25.92" lane="3/3to4/3_0" slope="0.00"/>
        <vehicle id="2" x="631.54" y="601.65" angle="-90.00" type="DEFAULT_VEHTYPE" speed="13.07" pos="168.46" lane="4/3to3/3_0" slope="0.00"/>
        <vehicle id="24" x="121.14" y="401.65" angle="-90.00" type="DEFAULT_VEHTYPE" speed="12.75" pos="74.11" lane="1/2to0/2_0" slope="0.00"/>
        <vehicle id="28" x="339.14" y="198.35" angle="90.00" type="DEFAULT_VEHTYPE" speed="13.26" pos="134.39" lane="1/1to2/1_0" slope="0.00"/>
        <vehicle id="29" x="601.65" y="211.78" angle="180.00" type="DEFAULT_VEHTYPE" speed="10.12" pos="7.03" lane="3/1to3/2_0" slope="0.00"/>
        <vehicle id="3" x="218.92" y="198.35" angle="90.00" type="DEFAULT_VEHTYPE" speed="12.73" pos="14.17" lane="1/1to2/1_0" slope="0.00"/>
        <vehicle id="33" x="598.35" y="539.09" angle="0.00" type="DEFAULT_VEHTYPE" speed="13.35" pos="56.16" lane="3/3to3/2_0" slope="0.00"/>
        <vehicle id="37" x="398.35" y="631.05" angle="0.00" type="DEFAULT_VEHTYPE" speed="12.99" pos="168.95" lane="2/4to2/3_0" slope="0.00"/>
        <vehicle id="39" x="598.35" y="588.01" angle="0.00" type="DEFAULT_VEHTYPE" speed="9.47" pos="7.24" lane="3/3to3/2_0" slope="0.00"/>
        <vehicle id="40" x="411.89" y="198.35" angle="90.00" type="DEFAULT_VEHTYPE" speed="8.77" pos="7.14" lane="2/1to3/1_0" slope="0.00"/>
        <vehicle id="42" x="362.61" y="201.65" angle="-90.00" type="DEFAULT_VEHTYPE" speed="13.61" pos="32.64" lane="2/1to1/1_0" slope="0.00"/>
        <vehicle id="43" x="398.35" y="545.17" angle="0.00" type="DEFAULT_VEHTYPE" speed="13.47" pos="50.08" lane="2/3to2/2_0" slope="0.00"/>
        <vehicle id="44" x="795.61" y="601.65" angle="-93.93" type="DEFAULT_VEHTYPE" speed="12.84" pos="4.39" lane="4/3to3/3_0" slope="0.00"/>
        <vehicle id="48" x="398.35" y="4.36" angle="0.00" type="DEFAULT_VEHTYPE" speed="13.22" pos="190.89" lane="2/1to2/0_0" slope="0.00"/>
        <vehicle id="49" x="398.35" y="701.38" angle="0.00" type="DEFAULT_VEHTYPE" speed="13.53" pos="98.62" lane="2/4to2/3_0" slope="0.00"/>
        <vehicle id="5" x="398.35" y="452.32" angle="0.00" type="DEFAULT_VEHTYPE" speed="13.64" pos="142.93" lane="2/3to2/2_0" slope="0.00"/>
        <vehicle id="6" x="398.35" y="759.28" angle="0.00" type="DEFAULT_VEHTYPE" speed="13.49" pos="40.72" lane="2/4to2/3_0" slope="0.00"/>
        <vehicle id="7" x="201.65" y="206.09" angle="-157.45" type="DEFAULT_VEHTYPE" speed="6.13" pos="1.34" lane="1/1to1/2_0" slope="0.00"/>
        <vehicle id="8" x="136.54" y="201.65" angle="-90.00" type="DEFAULT_VEHTYPE" speed="13.02" pos="58.71" lane="1/1to0/1_0" slope="0.00"/>
        <vehicle id="9" x="201.65" y="145.81" angle="180.00" type="DEFAULT_VEHTYPE" speed="13.27" pos="145.81" lane="1/0to1/1_0" slope="0.00"/>
    </timestep>
    <timestep time="290.00">
        <vehicle id="0" x="286.22" y="198.35" angle="90.00" type="DEFAULT_VEHTYPE" speed="13.89" pos="81.47" lane="1/1to2/1_0" slope="0.00"/>
        <vehicle id="10" x="198.35" y="265.28" angle="0.00" type="DEFAULT_VEHTYPE" speed="13.01" pos="129.97" lane="1/2to1/1_0" slope="0.00"/>
        <vehicle id="11" x="356.27" y="598.35" angle="90.00" type="DEFAULT_VEHTYPE" speed="13.21" pos="151.52" lane="1/3to2/3_0" slope="0.00"/>
        <vehicle id="15" x="788.29" y="201.65" angle="-90.00" type="DEFAULT_VEHTYPE" speed="13.48" pos="11.71" lane="4/1to3/1_0" slope="0.00"/>
        <vehicle id="16" x="324.23" y="598.35" angle="90.00" type="DEFAULT_VEHTYPE" speed="13.27" pos="119.48" lane="1/3to2/3_0" slope="0.00"/>
        <vehicle id="17" x="201.65" y="527.55" angle="180.00" type="DEFAULT_VEHTYPE" speed="12.67" pos="122.80" lane="1/2to1/3_0" slope="0.00"/>
        <vehicle id="18" x="643.41" y="598.35" angle="90.00" type="DEFAULT_VEHTYPE" speed="12.74" pos="38.66" lane="3/3to4/3_0" slope="0.00"/>
        <vehicle id="2" x="621.19" y="601.65" angle="-90.00" type="DEFAULT_VEHTYPE" speed="10.35" pos="178.81" lane="4/3to3/3_0" slope="0.00"/>
        <vehicle id="24" x="108.30" y="401.65" angle="-90.00" type="DEFAULT_VEHTYPE" speed="12.84" pos="86.95" lane="1/2to0/2_0" slope="0.00"/>
        <vehicle id="28" x="351.83" y="198.35" angle="90.00" type="DEFAULT_VEHTYPE" speed="12.69" pos="147.08" lane="1/1to2/1_0" slope="0.00"/>
        <vehicle id="29" x="601.65" y="223.64" angle="180.00" type="DEFAULT_VEHTYPE" speed="11.86" pos="18.89" lane="3/1to3/2_0" slope="0.00"/>
        <vehicle id="3" x="231.86" y="198.35" angle="90.00" type="DEFAULT_VEHTYPE" speed="12.93" pos="27.11" lane="1/1to2/1_0" slope="0.00"/>
        <vehicle id="33" x="598.35" y="525.26" angle="0.00" type="DEFAULT_VEHTYPE" speed="13.83" pos="69.99" lane="3/3to3/2_0" slope="0.00"/>
        <vehicle id="37" x="398.35" y="617.72" angle="0.00" type="DEFAULT_VEHTYPE" speed="13.33" pos="182.28" lane="2/4to2/3_0" slope="0.00"/>
        <vehicle id="39" x="598.35" y="577.07" angle="0.00" type="DEFAULT_VEHTYPE" speed="10.93" pos="18.18" lane="3/3to3/2_0" slope="0.00"/>
        <vehicle id="40" x="423.07" y="198.35" angle="90.00" type="DEFAULT_VEHTYPE" speed="11.18" pos="18.32" lane="2/1to3/1_0" slope="0.00"/>
        <vehicle id="42" x="349.02" y="201.65" angle="-90.00" type="DEFAULT_VEHTYPE" speed="13.59" pos="46.23" lane="2/1to1/1_0" slope="0.00"/>
        <vehicle id="43" x="398.35" y="531.47" angle="0.00" type="DEFAULT_VEHTYPE" speed="13.70" pos="63.78" lane="2/3to2/2_0" slope="0.00"/>
        <vehicle id="44" x="782.10" y="601.65" angle="-90.00" type="DEFAULT_VEHTYPE" speed="13.51" pos="17.90" lane="4/3to3/3_0" slope="0.00"/>
        <vehicle id="48" x="401.65" y="4.08" angle="173.96" type="DEFAULT_VEHTYPE" speed="13.26" pos="4.08" lane="2/0to2/1_0" slope="0.00"/>
        <vehicle id="49" x="398.35" y="688.69" angle="0.00" type="DEFAULT_VEHTYPE" speed="12.69" pos="111.31" lane="2/4to2/3_0" slope="0.00"/>
        <vehicle id="5" x="398.35" y="439.01" angle="0.00" type="DEFAULT_VEHTYPE" speed="13.31" pos="156.24" lane="2/3to2/2_0" slope="0.00"/>
        <vehicle id="6" x="398.35" y="745.45" angle="0.00" type="DEFAULT_VEHTYPE" speed="13.83" pos="54.55" lane="2/4to2/3_0" slope="0.00"/>
        <vehicle id="7" x="201.65" y="213.82" angle="180.00" type="DEFAULT_VEHTYPE" speed="7.73" pos="9.07" lane="1/1to1/2_0" slope="0.00"/>
        <vehicle id="8" x="123.10" y="201.65" angle="-90.00" type="DEFAULT_VEHTYPE" speed="13.44" pos="72.15" lane="1/1to0/1_0" slope="0.00"/>
        <vehicle id="9" x="201.65" y="158.99" angle="180.00" type="DEFAULT_VEHTYPE" speed="13.18" pos="158.99" lane="1/0to1/1_0" slope="0.00"/>
    </timestep>
    <timestep time="291.00">
        <vehicle id="0" x="299.12" y="198.35" angle="90.00" type="DEFAULT_VEHTYPE" speed="12.90" pos="94.37" lane="1/1to2/1_0" slope="0.00"/>
        <vehicle id="10" x="198.35" y="252.55" angle="0.00" type="DEFAULT_VEHTYPE" speed="12.73" pos="142.70" lane="1/2to1/1_0" slope="0.00"/>
        <vehicle id="11" x="369.83" y="598.35" angle="90.00" type="DEFAULT_VEHTYPE" speed="13.57" pos="165.08" lane="1/3to2/3_0" slope="0.00"/>
        <vehicle id="15" x="775.51" y="201.65" angle="-90.00" type="DEFAULT_VEHTYPE" speed="12.78" pos="24.49" lane="4/1to3/1_0" slope="0.00"/>
        <vehicle id="16" x="337.02" y="598.35" angle="90.00" type="DEFAULT_VEHTYPE" speed="12.78" pos="132.27" lane="1/3to2/3_0" slope="0.00"/>
        <vehicle id="17" x="201.65" y="540.37" angle="180.00" type="DEFAULT_VEHTYPE" speed="12.83" pos="135.62" lane="1/2to1/3_0" slope="0.00"/>
        <vehicle id="18" x="656.14" y="598.35" angle="90.00" type="DEFAULT_VEHTYPE" speed="12.73" pos="51.39" lane="3/3to4/3_0" slope="0.00"/>
        <vehicle id="2" x="614.52" y="601.65" angle="-90.00" type="DEFAULT_VEHTYPE" speed="6.67" pos="185.48" lane="4/3to3/3_0" slope="0.00"/>
        <vehicle id="24" x="95.17" y="401.65" angle="-90.00" type="DEFAULT_VEHTYPE" speed="13.13" pos="100.08" lane="1/2to0/2_0" slope="0.00"/>
        <vehicle id="28" x="364.51" y="198.35" angle="90.00" type="DEFAULT_VEHTYPE" speed="12.68" pos="159.76" lane="1/1to2/1_0" slope="0.00"/>
        <vehicle id="29" x="601.65" y="236.37" angle="180.00" type="DEFAULT_VEHTYPE" speed="12.72" pos="31.62" lane="3/1to3/2_0" slope="0.00"/>
        <vehicle id="3" x="245.20" y="198.35" angle="90.00" type="DEFAULT_VEHTYPE" speed="13.35" pos="40.45" lane="1/1to2/1_0" slope="0.00"/>
        <vehicle id="33" x="598.35" y="512.05" angle="0.00" type="DEFAULT_VEHTYPE" speed="13.21" pos="83.20" lane="3/3to3/2_0" slope="0.00"/>
        <vehicle id="37" x="398.35" y="604.10" angle="0.00" type="DEFAULT_VEHTYPE" speed="13.62" pos="0.65" lane=":2/3_1_0" slope="0.00"/>
        <vehicle id="39" x="598.35" y="564.65" angle="0.00" type="DEFAULT_VEHTYPE" speed="12.42" pos="30.60" lane="3/3to3/2_0" slope="0.00"/>
        <vehicle id="40" x="436.13" y="198.35" angle="90.00" type="DEFAULT_VEHTYPE" speed="13.06" pos="31.38" lane="2/1to3/1_0" slope="0.00"/>
        <vehicle id="42" x="336.32" y="201.65" angle="-90.00" type="DEFAULT_VEHTYPE" speed="12.70" pos="58.93" lane="2/1to1/1_0" slope="0.00"/>
        <vehicle id="43" x="398.35" y="518.45" angle="0.00" type="DEFAULT_VEHTYPE" speed="13.02" pos="76.80" lane="2/3to2/2_0" slope="0.00"/>
        <vehicle id="44" x="768.44" y="601.65" angle="-90.00" type="DEFAULT_VEHTYPE" speed="13.67" pos="31.56" lane="4/3to3/3_0" slope="0.00"/>
        <vehicle id="48" x="401.65" y="16.95" angle="180.00" type="DEFAULT_VEHTYPE" speed="12.87" pos="16.95" lane="2/0to2/1_0" slope="0.00"/>
        <vehicle id="49" x="398.35" y="676.08" angle="0.00" type="DEFAULT_VEHTYPE" speed="12.61" pos="123.92" lane="2/4to2/3_0" slope="0.00"/>
        <vehicle id="5" x="398.35" y="426.01" angle="0.00" type="DEFAULT_VEHTYPE" speed="13.00" pos="169.24" lane="2/3to2/2_0" slope="0.00"/>
        <vehicle id="6" x="398.35" y="732.25" angle="0.00" type="DEFAULT_VEHTYPE" speed="13.20" pos="67.75" lane="2/4to2/3_0" slope="0.00"/>
        <vehicle id="7" x="201.65" y="223.20" angle="180.00" type="DEFAULT_VEHTYPE" speed="9.38" pos="18.45" lane="1/1to1/2_0" slope="0.00"/>
        <vehicle id="8" x="109.67" y="201.65" angle="-90.00" type="DEFAULT_VEHTYPE" speed="13.43" pos="85.58" lane="1/1to0/1_0" slope="0.00"/>
        <vehicle id="9" x="201.65" y="171.84" angle="180.00" type="DEFAULT_VEHTYPE" speed="12.85" pos="171.84" lane="1/0to1/1_0" slope="0.00"/>
    </timestep>
    <timestep time="292.00">
        <vehicle id="0" x="311.95" y="198.35" angle="90.00" type="DEFAULT_VEHTYPE" speed="12.84" pos="107.20" lane="1/1to2/1_0" slope="0.00"/>
        <vehicle id="10" x="198.35" y="238.71" angle="0.00" type="DEFAULT_VEHTYPE" speed="13.85" pos="156.54" lane="1/2to1/1_0" slope="0.00"/>
        <vehicle id="11" x="379.60" y="598.35" angle="90.00" type="DEFAULT_VEHTYPE" speed="9.77" pos="174.85" lane="1/3to2/3_0" slope="0.00"/>
        <vehicle id="15" x="761.61" y="201.65" angle="-90.00" type="DEFAULT_VEHTYPE" speed="13.89" pos="38.39" lane="4/1to3/1_0" slope="0.00"/>
        <vehicle id="16" x="350.74" y="598.35" angle="90.00" type="DEFAULT_VEHTYPE" speed="13.73" pos="145.99" lane="1/3to2/3_0" slope="0.00"/>
        <vehicle id="17" x="201.65" y="553.16" angle="180.00" type="DEFAULT_VEHTYPE" speed="12.78" pos="148.41" lane="1/2to1/3_0" slope="0.00"/>
        <vehicle id="18" x="669.98" y="598.35" angle="90.00" type="DEFAULT_VEHTYPE" speed="13.85" pos="65.23" lane="3/3to4/3_0" slope="0.00"/>
        <vehicle id="2" x="610.90" y="601.65" angle="-90.00" type="DEFAULT_VEHTYPE" speed="3.62" pos="189.10" lane="4/3to3/3_0" slope="0.00"/>
        <vehicle id="24" x="82.55" y="401.65" angle="-90.00" type="DEFAULT_VEHTYPE" speed="12.62" pos="112.70" lane="1/2to0/2_0" slope="0.00"/>
        <vehicle id="28" x="376.21" y="198.35" angle="90.00" type="DEFAULT_VEHTYPE" speed="11.70" pos="171.46" lane="1/1to2/1_0" slope="0.00"/>
        <vehicle id="29" x="601.65" y="250.00" angle="180.00" type="DEFAULT_VEHTYPE" speed="13.63" pos="45.25" lane="3/1to3/2_0" slope="0.00"/>
        <vehicle id="3" x="258.09" y="198.35" angle="90.00" type="DEFAULT_VEHTYPE" speed="12.89" pos="53.34" lane="1/1to2/1_0" slope="0.00"/>
        <vehicle id="33" x="598.35" y="499.08" angle="0.00" type="DEFAULT_VEHTYPE" speed="12.98" pos="96.17" lane="3/3to3/2_0" slope="0.00"/>
        <vehicle id="37" x="398.35" y="590.38" angle="0.00" type="DEFAULT_VEHTYPE" speed="13.72" pos="4.87" lane="2/3to2/2_0" slope="0.00"/>
        <vehicle id="39" x="598.35" y="551.21" angle="0.00" type="DEFAULT_VEHTYPE" speed="13.44" pos="44.04" lane="3/3to3/2_0" slope="0.00"/>
        <vehicle id="40" x="449.44" y="198.35" angle="90.00" type="DEFAULT_VEHTYPE" speed="13.31" pos="44.69" lane="2/1to3/1_0" slope="0.00"/>
        <vehicle id="42" x="322.69" y="201.65" angle="-90.00" type="DEFAULT_VEHTYPE" speed="13.63" pos="72.56" lane="2/1to1/1_0" slope="0.00"/>
        <vehicle id="43" x="398.35" y="505.22" angle="0.00" type="DEFAULT_VEHTYPE" speed="13.23" pos="90.03" lane="2/3to2/2_0" slope="0.00"/>
        <vehicle id="44" x="754.62" y="601.65" angle="-90.00" type="DEFAULT_VEHTYPE" speed="13.82" pos="45.38" lane="4/3to3/3_0" slope="0.00"/>
        <vehicle id="48" x="401.65" y="30.14" angle="180.00" type="DEFAULT_VEHTYPE" speed="13.19" pos="30.14" lane="2/0to2/1_0" slope="0.00"/>
        <vehicle id="49" x="398.35" y="662.62" angle="0.00" type="DEFAULT_VEHTYPE" speed="13.46" pos="137.38" lane="2/4to2/3_0" slope="0.00"/>
        <vehicle id="5" x="398.35" y="413.06" angle="0.00" type="DEFAULT_VEHTYPE" speed="12.94" pos="182.19" lane="2/3to2/2_0" slope="0.00"/>
        <vehicle id="6" x="398.35" y="718.69" angle="0.00" type="DEFAULT_VEHTYPE" speed="13.56" pos="81.31" lane="2/4to2/3_0" slope="0.00"/>
        <vehicle id="7" x="201.65" y="234.27" angle="180.00" type="DEFAULT_VEHTYPE" speed="11.07" pos="29.52" lane="1/1to1/2_0" slope="0.00"/>
        <vehicle id="8" x="96.11" y="201.65" angle="-90.00" type="DEFAULT_VEHTYPE" speed="13.57" pos="99.14" lane="1/1to0/1_0" slope="0.00"/>
        <vehicle id="9" x="201.65" y="184.76" angle="180.00" type="DEFAULT_VEHTYPE" speed="12.92" pos="184.76" lane="1/0to1/1_0" slope="0.00"/>
    </timestep>
    <timestep time="293.00">
        <vehicle id="0" x="325.26" y="198.35" angle="90.00" type="DEFAULT_VEHTYPE" speed="13.31" pos="120.51" lane="1/1to2/1_0" slope="0.00"/>
        <vehicle id="10" x="198.35" y="224.98" angle="0.00" type="DEFAULT_VEHTYPE" speed="13.72" pos="170.27" lane="1/2to1/1_0" slope="0.00"/>
        <vehicle id="11" x="386.56" y="598.35" angle="90.00" type="DEFAULT_VEHTYPE" speed="6.96" pos="181.81" lane="1/3to2/3_0" slope="0.00"/>
        <vehicle id="15" x="748.07" y="201.65" angle="-90.00" type="DEFAULT_VEHTYPE" speed="13.54" pos="51.93" lane="4/1to3/1_0" slope="0.00"/>
        <vehicle id="16" x="363.71" y="598.35" angle="90.00" type="DEFAULT_VEHTYPE" speed="12.97" pos="158.96" lane="1/3to2/3_0" slope="0.00"/>
        <vehicle id="17" x="201.65" y="567.05" angle="180.00" type="DEFAULT_VEHTYPE" speed="13.89" pos="162.30" lane="1/2to1/3_0" slope="0.00"/>
        <vehicle id="18" x="682.87" y="598.35" angle="90.00" type="DEFAULT_VEHTYPE" speed="12.89" pos="78.12" lane="3/3to4/3_0" slope="0.00"/>
        <vehicle id="2" x="604.85" y="601.65" angle="-90.00" type="DEFAULT_VEHTYPE" speed="6.05" pos="195.15" lane="4/3to3/3_0" slope="0.00"/>
        <vehicle id="24" x="69.33" y="401.65" angle="-90.00" type="DEFAULT_VEHTYPE" speed="13.21" pos="125.92" lane="1/2to0/2_0" slope="0.00"/>
        <vehicle id="28" x="383.73" y="198.35" angle="90.00" type="DEFAULT_VEHTYPE" speed="7.52" pos="178.98" lane="1/1to2/1_0" slope="0.00"/>
        <vehicle id="29" x="601.65" y="262.67" angle="180.00" type="DEFAULT_VEHTYPE" speed="12.67" pos="57.92" lane="3/1to3/2_0" slope="0.00"/>
        <vehicle id="3" x="271.82" y="198.35" angle="90.00" type="DEFAULT_VEHTYPE" speed="13.73" pos="67.07" lane="1/1to2/1_0" slope="0.00"/>
        <vehicle id="33" x="598.35" y="485.28" angle="0.00" type="DEFAULT_VEHTYPE" speed="13.80" pos="109.97" lane="3/3to3/2_0" slope="0.00"/>
        <vehicle id="37" x="398.35" y="577.23" angle="0.00" type="DEFAULT_VEHTYPE" speed="13.15" pos="18.02" lane="2/3to2/2_0" slope="0.00"/>
        <vehicle id="39" x="598.35" y="537.95" angle="0.00" type="DEFAULT_VEHTYPE" speed="13.27" pos="57.30" lane="3/3to3/2_0" slope="0.00"/>
        <vehicle id="40" x="463.31" y="198.35" angle="90.00" type="DEFAULT_VEHTYPE" speed="13.88" pos="58.56" lane="2/1to3/1_0" slope="0.00"/>
        <vehicle id="42" x="309.72" y="201.65" angle="-90.00" type="DEFAULT_VEHTYPE" speed="12.97" pos="85.53" lane="2/1to1/1_0" slope="0.00"/>
        <vehicle id="43" x="398.35" y="491.38" angle="0.00" type="DEFAULT_VEHTYPE" speed="13.84" pos="103.87" lane="2/3to2/2_0" slope="0.00"/>
        <vehicle id="44" x="740.74" y="601.65" angle="-90.00" type="DEFAULT_VEHTYPE" speed="13.88" pos="59.26" lane="4/3to3/3_0" slope="0.00"/>
        <vehicle id="48" x="401.65" y="43.93" angle="180.00" type="DEFAULT_VEHTYPE" speed="13.79" pos="43.93" lane="2/0to2/1_0" slope="0.00"/>
        <vehicle id="49" x="398.35" y="649.77" angle="0.00" type="DEFAULT_VEHTYPE" speed="12.85" pos="150.23" lane="2/4to2/3_0" slope="0.00"/>
        <vehicle id="5" x="395.37" y="401.67" angle="-42.90" type="DEFAULT_VEHTYPE" speed="13.20" pos="4.88" lane=":2/2_0_0" slope="0.00"/>
        <vehicle id="6" x="398.35" y="705.64" angle="0.00" type="DEFAULT_VEHTYPE" speed="13.06" pos="94.36" lane="2/4to2/3_0" slope="0.00"/>
        <vehicle id="7" x="201.65" y="247.58" angle="180.00" type="DEFAULT_VEHTYPE" speed="13.31" pos="42.83" lane="1/1to1/2_0" slope="0.00"/>
        <vehicle id="8" x="82.22" y="201.65" angle="-90.00" type="DEFAULT_VEHTYPE" speed="13.89" pos="113.03" lane="1/1to0/1_0" slope="0.00"/>
        <vehicle id="9" x="203.11" y="197.99" angle="161.75" type="DEFAULT_VEHTYPE" speed="13.80" pos="3.31" lane=":1/1_8_0" slope="0.00"/>
    </timestep>
    <timestep time="294.00">
        <vehicle id="0" x="338.70" y="198.35" angle="90.00" type="DEFAULT_VEHTYPE" speed="13.45" pos="133.95" lane="1/1to2/1_0" slope="0.00"/>
        <vehicle id="10" x="198.35" y="212.18" angle="0.00" type="DEFAULT_VEHTYPE" speed="12.80" pos="183.07" lane="1/2to1/1_0" slope="0.00"/>
        <vehicle id="11" x="389.88" y="598.35" angle="90.00" type="DEFAULT_VEHTYPE" speed="3.32" pos="185.13" lane="1/3to2/3_0" slope="0.00"/>
        <vehicle id="15" x="734.66" y="201.65" angle="-90.00" type="DEFAULT_VEHTYPE" speed="13.41" pos="65.34" lane="4/1to3/1_0" slope="0.00"/>
        <vehicle id="16" x="373.29" y="598.35" angle="90.00" type="DEFAULT_VEHTYPE" speed="9.58" pos="168.54" lane="1/3to2/3_0" slope="0.00"/>
        <vehicle id="17" x="201.65" y="579.77" angle="180.00" type="DEFAULT_VEHTYPE" speed="12.72" pos="175.02" lane="1/2to1/3_0" slope="0.00"/>
        <vehicle id="18" x="696.01" y="598.35" angle="90.00" type="DEFAULT_VEHTYPE" speed="13.13" pos="91.26" lane="3/3to4/3_0" slope="0.00"/>
        <vehicle id="2" x="598.87" y="598.24" angle="-49.70" type="DEFAULT_VEHTYPE" speed="7.37" pos="7.27" lane=":3/3_6_0" slope="0.00"/>
        <vehicle id="24" x="56.69" y="401.65" angle="-90.00" type="DEFAULT_VEHTYPE" speed="12.64" pos="138.56" lane="1/2to0/2_0" slope="0.00"/>
        <vehicle id="28" x="389.28" y="198.35" angle="90.00" type="DEFAULT_VEHTYPE" speed="5.54" pos="184.53" lane="1/1to2/1_0" slope="0.00"/>
        <vehicle id="29" x="601.65" y="275.35" angle="180.00" type="DEFAULT_VEHTYPE" speed="12.68" pos="70.60" lane="3/1to3/2_0" slope="0.00"/>
        <vehicle id="3" x="285.67" y="198.35" angle="90.00" type="DEFAULT_VEHTYPE" speed="13.85" pos="80.92" lane="1/1to2/1_0" slope="0.00"/>
        <vehicle id="33" x="598.35" y="471.75" angle="0.00" type="DEFAULT_VEHTYPE" speed="13.53" pos="123.50" lane="3/3to3/2_0" slope="0.00"/>
        <vehicle id="37" x="398.35" y="564.19" angle="0.00" type="DEFAULT_VEHTYPE" speed="13.05" pos="31.06" lane="2/3to2/2_0" slope="0.00"/>
        <vehicle id="39" x="598.35" y="524.85" angle="0.00" type="DEFAULT_VEHTYPE" speed="13.10" pos="70.40" lane="3/3to3/2_0" slope="0.00"/>
        <vehicle id="40" x="476.99" y="198.35" angle="90.00" type="DEFAULT_VEHTYPE" speed="13.68" pos="72.24" lane="2/1to3/1_0" slope="0.00"/>
        <vehicle id="42" x="296.31" y="201.65" angle="-90.00" type="DEFAULT_VEHTYPE" speed="13.42" pos="98.94" lane="2/1to1/1_0" slope="0.00"/>
        <vehicle id="43" x="398.35" y="477.57" angle="0.00" type="DEFAULT_VEHTYPE" speed="13.81" pos="117.68" lane="2/3to2/2_0" slope="0.00"/>
        <vehicle id="44" x="727.13" y="601.65" angle="-90.00" type="DEFAULT_VEHTYPE" speed="13.61" pos="72.87" lane="4/3to3/3_0" slope="0.00"/>
        <vehicle id="48" x="401.65" y="57.76" angle="180.00" type="DEFAULT_VEHTYPE" speed="13.82" pos="57.76" lane="2/0to2/1_0" slope="0.00"/>
        <vehicle id="49" x="398.35" y="635.91" angle="0.00" type="DEFAULT_VEHTYPE" speed="13.85" pos="164.09" lane="2/4to2/3_0" slope="0.00"/>
        <vehicle id="5" x="382.41" y="401.65" angle="-90.00" type="DEFAULT_VEHTYPE" speed="12.96" pos="12.84" lane="2/2to1/2_0" slope="0.00"/>
        <vehicle id="6" x="398.35" y="692.71" angle="0.00" type="DEFAULT_VEHTYPE" speed="12.93" pos="107.29" lane="2/4to2/3_0" slope="0.00"/>
        <vehicle id="7" x="201.65" y="261.41" angle="180.00" type="DEFAULT_VEHTYPE" speed="13.83" pos="56.66" lane="1/1to1/2_0" slope="0.00"/>
        <vehicle id="8" x="68.88" y="201.65" angle="-90.00" type="DEFAULT_VEHTYPE" speed="13.34" pos="126.37" lane="1/1to0/1_0" slope="0.00"/>
        <vehicle id="9" x="215.69" y="198.35" angle="90.00" type="DEFAULT_VEHTYPE" speed="12.64" pos="10.94" lane="1/1to2/1_0" slope="0.00"/>
    </timestep>
    <timestep time="295.00">
        <vehicle id="0" x="352.33" y="198.35" angle="90.00" type="DEFAULT_VEHTYPE" speed="13.62" pos="147.58" lane="1/1to2/1_0" slope="0.00"/>
        <vehicle id="10" x="194.48" y="201.65" angle="-58.23" type="DEFAULT_VEHTYPE" speed="13.21" pos="0.77" lane="1/1to0/1_0" slope="0.00"/>
        <vehicle id="11" x="391.39" y="598.35" angle="90.00" type="DEFAULT_VEHTYPE" speed="1.50" pos="186.64" lane="1/3to2/3_0" slope="0.00"/>
        <vehicle id="15" x="721.67" y="201.65" angle="-90.00" type="DEFAULT_VEHTYPE" speed="12.99" pos="78.33" lane="4/1to3/1_0" slope="0.00"/>
        <vehicle id="16" x="378.37" y="598.35" angle="90.00" type="DEFAULT_VEHTYPE" speed="5.08" pos="173.62" lane="1/3to2/3_0" slope="0.00"/>
        <vehicle id="17" x="201.65" y="592.71" angle="180.00" type="DEFAULT_VEHTYPE" speed="12.95" pos="187.96" lane="1/2to1/3_0" slope="0.00"/>
        <vehicle id="18" x="709.71" y="598.35" angle="90.00" type="DEFAULT_VEHTYPE" speed="13.70" pos="104.96" lane="3/3to4/3_0" slope="0.00"/>
        <vehicle id="2" x="598.35" y="588.49" angle="0.00" type="DEFAULT_VEHTYPE" speed="9.81" pos="6.76" lane="3/3to3/2_0" slope="0.00"/>
        <vehicle id="24" x="43.31" y="401.65" angle="-90.00" type="DEFAULT_VEHTYPE" speed="13.38" pos="151.94" lane="1/2to0/2_0" slope="0.00"/>
        <vehicle id="28" x="397.06" y="198.35" angle="90.00" type="DEFAULT_VEHTYPE" speed="7.78" pos="1.81" lane=":2/1_13_0" slope="0.00"/>
        <vehicle id="29" x="601.65" y="288.46" angle="180.00" type="DEFAULT_VEHTYPE" speed="13.11" pos="83.71" lane="3/1to3/2_0" slope="0.00"/>
        <vehicle id="3" x="298.89" y="198.35" angle="90.00" type="DEFAULT_VEHTYPE" speed="13.23" pos="94.14" lane="1/1to2/1_0" slope="0.00"/>
        <vehicle id="33" x="598.35" y="458.57" angle="0.00" type="DEFAULT_VEHTYPE" speed="13.18" pos="136.68" lane="3/3to3/2_0" slope="0.00"/>
        <vehicle id="37" x="398.35" y="550.48" angle="0.00" type="DEFAULT_VEHTYPE" speed="13.71" pos="44.77" lane="2/3to2/2_0" slope="0.00"/>
        <vehicle id="39" x="598.35" y="512.03" angle="0.00" type="DEFAULT_VEHTYPE" speed="12.82" pos="83.22" lane="3/3to3/2_0" slope="0.00"/>
        <vehicle id="40" x="489.99" y="198.35" angle="90.00" type="DEFAULT_VEHTYPE" speed="12.99" pos="85.24" lane="2/1to3/1_0" slope="0.00"/>
        <vehicle id="42" x="282.69" y="201.65" angle="-90.00" type="DEFAULT_VEHTYPE" speed="13.62" pos="112.56" lane="2/1to1/1_0" slope="0.00"/>
        <vehicle id="43" x="398.35" y="464.84" angle="0.00" type="DEFAULT_VEHTYPE" speed="12.73" pos="130.41" lane="2/3to2/2_0" slope="0.00"/>
        <vehicle id="44" x="714.25" y="601.65" angle="-90.00" type="DEFAULT_VEHTYPE" speed="12.88" pos="85.75" lane="4/3to3/3_0" slope="0.00"/>
        <vehicle id="48" x="401.65" y="70.98" angle="180.00" type="DEFAULT_VEHTYPE" speed="13.23" pos="70.98" lane="2/0to2/1_0" slope="0.00"/>
        <vehicle id="49" x="398.35" y="622.81" angle="0.00" type="DEFAULT_VEHTYPE" speed="13.11" pos="177.19" lane="2/4to2/3_0" slope="0.00"/>
        <vehicle id="5" x="369.14" y="401.65" angle="-90.00" type="DEFAULT_VEHTYPE" speed="13.27" pos="26.11" lane="2/2to1/2_0" slope="0.00"/>
        <vehicle id="6" x="398.35" y="679.62" angle="0.00" type="DEFAULT_VEHTYPE" speed="13.09" pos="120.38" lane="2/4to2/3_0" slope="0.00"/>
        <vehicle id="7" x="201.65" y="274.03" angle="180.00" type="DEFAULT_VEHTYPE" speed="12.62" pos="69.28" lane="1/1to1/2_0" slope="0.00"/>
        <vehicle id="8" x="55.60" y="201.65" angle="-90.00" type="DEFAULT_VEHTYPE" speed="13.28" pos="139.65" lane="1/1to0/1_0" slope="0.00"/>
        <vehicle id="9" x="228.95" y="198.35" angle="90.00" type="DEFAULT_VEHTYPE" speed="13.26" pos="24.20" lane="1/1to2/1_0" slope="0.00"/>
    </timestep>
    <timestep time="296.00">
        <vehicle id="0" x="364.94" y="198.35" angle="90.00" type="DEFAULT_VEHTYPE" speed="12.61" pos="160.19" lane="1/1to2/1_0" slope="0.00"/>
        <vehicle id="10" x="181.48" y="201.65" angle="-90.00" type="DEFAULT_VEHTYPE" speed="13.00" pos="13.77" lane="1/1to0/1_0" slope="0.00"/>
        <vehicle id="11" x="392.16" y="598.35" angle="90.00" type="DEFAULT_VEHTYPE" speed="0.77" pos="187.41" lane="1/3to2/3_0" slope="0.00"/>
        <vehicle id="15" x="708.15" y="201.65" angle="-90.00" type="DEFAULT_VEHTYPE" speed="13.52" pos="91.85" lane="4/1to3/1_0" slope="0.00"/>
        <vehicle id="16" x="381.01" y="598.35" angle="90.00" type="DEFAULT_VEHTYPE" speed="2.64" pos="176.26" lane="1/3to2/3_0" slope="0.00"/>
        <vehicle id="17" x="210.34" y="598.35" angle="90.00" type="DEFAULT_VEHTYPE" speed="13.13" pos="5.59" lane="1/3to2/3_0" slope="0.00"/>
        <vehicle id="18" x="723.58" y="598.35" angle="90.00" type="DEFAULT_VEHTYPE" speed="13.87" pos="118.83" lane="3/3to4/3_0" slope="0.00"/>
        <vehicle id="2" x="598.35" y="576.67" angle="0.00" type="DEFAULT_VEHTYPE" speed="11.82" pos="18.58" lane="3/3to3/2_0" slope="0.00"/>
        <vehicle id="24" x="30.22" y="401.65" angle="-90.00" type="DEFAULT_VEHTYPE" speed="13.09" pos="165.03" lane="1/2to0/2_0" slope="0.00"/>
        <vehicle id="28" x="407.36" y="198.35" angle="90.00" type="DEFAULT_VEHTYPE" speed="10.30" pos="2.61" lane="2/1to3/1_0" slope="0.00"/>
        <vehicle id="29" x="601.65" y="302.36" angle="180.00" type="DEFAULT_VEHTYPE" speed="13.90" pos="97.61" lane="3/1to3/2_0" slope="0.00"/>
        <vehicle id="3" x="312.31" y="198.35" angle="90.00" type="DEFAULT_VEHTYPE" speed="13.41" pos="107.56" lane="1/1to2/1_0" slope="0.00"/>
        <vehicle id="33" x="598.35" y="444.89" angle="0.00" type="DEFAULT_VEHTYPE" speed="13.67" pos="150.36" lane="3/3to3/2_0" slope="0.00"/>
        <vehicle id="37" x="398.35" y="536.73" angle="0.00" type="DEFAULT_VEHTYPE" speed="13.75" pos="58.52" lane="2/3to2/2_0" slope="0.00"/>
        <vehicle id="39" x="598.35" y="499.05" angle="0.00" type="DEFAULT_VEHTYPE" speed="12.98" pos="96.20" lane="3/3to3/2_0" slope="0.00"/>
        <vehicle id="40" x="503.85" y="198.35" angle="90.00" type="DEFAULT_VEHTYPE" speed="13.86" pos="99.10" lane="2/1to3/1_0" slope="0.00"/>
        <vehicle id="42" x="269.90" y="201.65" angle="-90.00" type="DEFAULT_VEHTYPE" speed="12.78" pos="125.35" lane="2/1to1/1_0" slope="0.00"/>
        <vehicle id="43" x="398.35" y="452.00" angle="0.00" type="DEFAULT_VEHTYPE" speed="12.84" pos="143.25" lane="2/3to2/2_0" slope="0.00"/>
        <vehicle id="44" x="701.29" y="601.65" angle="-90.00" type="DEFAULT_VEHTYPE" speed="12.97" pos="98.71" lane="4/3to3/3_0" slope="0.00"/>
        <vehicle id="48" x="401.65" y="83.78" angle="180.00" type="DEFAULT_VEHTYPE" speed="12.80" pos="83.78" lane="2/0to2/1_0" slope="0.00"/>
        <vehicle id="49" x="398.35" y="609.02" angle="0.00" type="DEFAULT_VEHTYPE" speed="13.79" pos="190.98" lane="2/4to2/3_0" slope="0.00"/>
        <vehicle id="5" x="355.70" y="401.65" angle="-90.00" type="DEFAULT_VEHTYPE" speed="13.44" pos="39.55" lane="2/2to1/2_0" slope="0.00"/>
        <vehicle id="6" x="398.35" y="666.61" angle="0.00" type="DEFAULT_VEHTYPE" speed="13.01" pos="133.39" lane="2/4to2/3_0" slope="0.00"/>
        <vehicle id="7" x="201.65" y="287.89" angle="180.00" type="DEFAULT_VEHTYPE" speed="13.86" pos="83.14" lane="1/1to1/2_0" slope="0.00"/>
        <vehicle id="8" x="42.70" y="201.65" angle="-90.00" type="DEFAULT_VEHTYPE" speed="12.90" pos="152.55" lane="1/1to0/1_0" slope="0.00"/>
        <vehicle id="9" x="242.21" y="198.35" angle="90.00" type="DEFAULT_VEHTYPE" speed="13.26" pos="37.46" lane="1/1to2/1_0" slope="0.00"/>
    </timestep>
    <timestep time="297.00">
        <vehicle id="0" x="376.42" y="198.35" angle="90.00" type="DEFAULT_VEHTYPE" speed="11.48" pos="171.67" lane="1/1to2/1_0" slope="0.00"/>
        <vehicle id="10" x="167.71" y="201.65" angle="-90.00" type="DEFAULT_VEHTYPE" speed="13.77" pos="27.54" lane="1/1to0/1_0" slope="0.00"/>
        <vehicle id="11" x="392.70" y="598.35" angle="90.00" type="DEFAULT_VEHTYPE" speed="0.54" pos="187.95" lane="1/3to2/3_0" slope="0.00"/>
        <vehicle id="15" x="695.10" y="201.65" angle="-90.00" type="DEFAULT_VEHTYPE" speed="13.05" pos="104.90" lane="4/1to3/1_0" slope="0.00"/>
        <vehicle id="16" x="383.53" y="598.35" angle="90.00" type="DEFAULT_VEHTYPE" speed="2.51" pos="178.78" lane="1/3to2/3_0" slope="0.00"/>
        <vehicle id="17" x="223.41" y="598.35" angle="90.00" type="DEFAULT_VEHTYPE" speed="13.07" pos="18.66" lane="1/3to2/3_0" slope="0.00"/>
        <vehicle id="18" x="737.10" y="598.35" angle="90.00" type="DEFAULT_VEHTYPE" speed="13.52" pos="132.35" lane="3/3to4/3_0" slope="0.00"/>
        <vehicle id="2" x="598.35" y="563.85" angle="0.00" type="DEFAULT_VEHTYPE" speed="12.82" pos="31.40" lane="3/3to3/2_0" slope="0.00"/>
        <vehicle id="24" x="16.39" y="401.65" angle="-90.00" type="DEFAULT_VEHTYPE" speed="13.83" pos="178.86" lane="1/2to0/2_0" slope="0.00"/>
        <vehicle id="28" x="420.01" y="198.35" angle="90.00" type="DEFAULT_VEHTYPE" speed="12.65" pos="15.26" lane="2/1to3/1_0" slope="0.00"/>
        <vehicle id="29" x="601.65" y="315.83" angle="180.00" type="DEFAULT_VEHTYPE" speed="13.47" pos="111.08" lane="3/1to3/2_0" slope="0.00"/>
        <vehicle id="3" x="325.38" y="198.35" angle="90.00" type="DEFAULT_VEHTYPE" speed="13.07" pos="120.63" lane="1/1to2/1_0" slope="0.00"/>
        <vehicle id="33" x="598.35" y="431.54" angle="0.00" type="DEFAULT_VEHTYPE" speed="13.35" pos="163.71" lane="3/3to3/2_0" slope="0.00"/>
        <vehicle id="37" x="398.35" y="523.45" angle="0.00" type="DEFAULT_VEHTYPE" speed="13.28" pos="71.80" lane="2/3to2/2_0" slope="0.00"/>
        <vehicle id="39" x="598.35" y="485.16" angle="0.00" type="DEFAULT_VEHTYPE" speed="13.89" pos="110.09" lane="3/3to3/2_0" slope="0.00"/>
        <vehicle id="40" x="516.89" y="198.35" angle="90.00" type="DEFAULT_VEHTYPE" speed="13.05" pos="112.14" lane="2/1to3/1_0" slope="0.00"/>
        <vehicle id="42" x="256.45" y="201.65" angle="-90.00" type="DEFAULT_VEHTYPE" speed="13.46" pos="138.80" lane="2/1to1/1_0" slope="0.00"/>
        <vehicle id="43" x="398.35" y="438.68" angle="0.00" type="DEFAULT_VEHTYPE" speed="13.32" pos="156.57" lane="2/3to2/2_0" slope="0.00"/>
        <vehicle id="44" x="688.08" y="601.65" angle="-90.00" type="DEFAULT_VEHTYPE" speed="13.20" pos="111.92" lane="4/3to3/3_0" slope="0.00"/>
        <vehicle id="48" x="401.65" y="97.48" angle="180.00" type="DEFAULT_VEHTYPE" speed="13.70" pos="97.48" lane="2/0to2/1_0" slope="0.00"/>
        <vehicle id="49" x="398.35" y="595.31" angle="0.00" type="DEFAULT_VEHTYPE" speed="13.71" pos="9.44" lane=":2/3_1_0" slope="0.00"/>
        <vehicle id="5" x="342.03" y="401.65" angle="-90.00" type="DEFAULT_VEHTYPE" speed="13.67" pos="53.22" lane="2/2to1/2_0" slope="0.00"/>
        <vehicle id="6" x="398.35" y="653.02" angle="0.00" type="DEFAULT_VEHTYPE" speed="13.59" pos="146.98" lane="2/4to2/3_0" slope="0.00"/>
        <vehicle id="7" x="201.65" y="301.04" angle="180.00" type="DEFAULT_VEHTYPE" speed="13.15" pos="96.29" lane="1/1to1/2_0" slope="0.00"/>
        <vehicle id="8" x="29.68" y="201.65" angle="-90.00" type="DEFAULT_VEHTYPE" speed="13.02" pos="165.57" lane="1/1to0/1_0" slope="0.00"/>
        <vehicle id="9" x="255.33" y="198.35" angle="90.00" type="DEFAULT_VEHTYPE" speed="13.12" pos="50.58" lane="1/1to2/1_0" slope="0.00"/>
    </timestep>
    <timestep time="298.00">
        <vehicle id="0" x="384.01" y="198.35" angle="90.00" type="DEFAULT_VEHTYPE" speed="7.59" pos="179.26" lane="1/1to2/1_0" slope="0.00"/>
        <vehicle id="10" x="154.79" y="201.65" angle="-90.00" type="DEFAULT_VEHTYPE" speed="12.92" pos="40.46" lane="1/1to0/1_0" slope="0.00"/>
        <vehicle id="11" x="392.74" y="598.35" angle="90.00" type="DEFAULT_VEHTYPE" speed="0.05" pos="187.99" lane="1/3to2/3_0" slope="0.00"/>
        <vehicle id="15" x="682.42" y="201.65" angle="-90.00" type="DEFAULT_VEHTYPE" speed="12.68" pos="117.58" lane="4/1to3/1_0" slope="0.00"/>
        <vehicle id="16" x="384.26" y="598.35" angle="90.00" type="DEFAULT_VEHTYPE" speed="0.73" pos="179.51" lane="1/3to2/3_0" slope="0.00"/>
        <vehicle id="17" x="236.76" y="598.35" angle="90.00" type="DEFAULT_VEHTYPE" speed="13.35" pos="32.01" lane="1/3to2/3_0" slope="0.00"/>
        <vehicle id="18" x="750.30" y="598.35" angle="90.00" type="DEFAULT_VEHTYPE" speed="13.20" pos="145.55" lane="3/3to4/3_0" slope="0.00"/>
        <vehicle id="2" x="598.35" y="550.38" angle="0.00" type="DEFAULT_VEHTYPE" speed="13.47" pos="44.87" lane="3/3to3/2_0" slope="0.00"/>
        <vehicle id="24" x="2.66" y="401.65" angle="-90.00" type="DEFAULT_VEHTYPE" speed="13.73" pos="192.59" lane="1/2to0/2_0" slope="0.00"/>
        <vehicle id="28" x="432.76" y="198.35" angle="90.00" type="DEFAULT_VEHTYPE" speed="12.75" pos="28.01" lane="2/1to3/1_0" slope="0.00"/>
        <vehicle id="29" x="601.65" y="329.67" angle="180.00" type="DEFAULT_VEHTYPE" speed="13.84" pos="124.92" lane="3/1to3/2_0" slope="0.00"/>
        <vehicle id="3" x="338.31" y="198.35" angle="90.00" type="DEFAULT_VEHTYPE" speed="12.93" pos="133.56" lane="1/1to2/1_0" slope="0.00"/>
        <vehicle id="33" x="598.35" y="418.77" angle="0.00" type="DEFAULT_VEHTYPE" speed="12.77" pos="176.48" lane="3/3to3/2_0" slope="0.00"/>
        <vehicle id="37" x="398.35" y="510.41" angle="0.00" type="DEFAULT_VEHTYPE" speed="13.04" pos="84.84" lane="2/3to2/2_0" slope="0.00"/>
        <vehicle id="39" x="598.35" y="472.44" angle="0.00" type="DEFAULT_VEHTYPE" speed="12.72" pos="122.81" lane="3/3to3/2_0" slope="0.00"/>
        <vehicle id="40" x="530.33" y="198.35" angle="90.00" type="DEFAULT_VEHTYPE" speed="13.43" pos="125.58" lane="2/1to3/1_0" slope="0.00"/>
        <vehicle id="42" x="243.70" y="201.65" angle="-90.00" type="DEFAULT_VEHTYPE" speed="12.75" pos="151.55" lane="2/1to1/1_0" slope="0.00"/>
        <vehicle id="43" x="398.35" y="425.81" angle="0.00" type="DEFAULT_VEHTYPE" speed="12.87" pos="169.44" lane="2/3to2/2_0" slope="0.00"/>
        <vehicle id="44" x="674.20" y="601.65" angle="-90.00" type="DEFAULT_VEHTYPE" speed="13.89" pos="125.80" lane="4/3to3/3_0" slope="0.00"/>
        <vehicle id="48" x="401.65" y="110.44" angle="180.00" type="DEFAULT_VEHTYPE" speed="12.95" pos="110.44" lane="2/0to2/1_0" slope="0.00"/>
        <vehicle id="49" x="398.35" y="582.00" angle="0.00" type="DEFAULT_VEHTYPE" speed="13.30" pos="13.25" lane="2/3to2/2_0" slope="0.00"/>
        <vehicle id="5" x="328.21" y="401.65" angle="-90.00" type="DEFAULT_VEHTYPE" speed="13.82" pos="67.04" lane="2/2to1/2_0" slope="0.00"/>
        <vehicle id="6" x="398.35" y="640.05" angle="0.00" type="DEFAULT_VEHTYPE" speed="12.98" pos="159.95" lane="2/4to2/3_0" slope="0.00"/>
        <vehicle id="7" x="201.65" y="314.23" angle="180.00" type="DEFAULT_VEHTYPE" speed="13.19" pos="109.48" lane="1/1to1/2_0" slope="0.00"/>
        <vehicle id="8" x="15.87" y="201.65" angle="-90.00" type="DEFAULT_VEHTYPE" speed="13.81" pos="179.38" lane="1/1to0/1_0" slope="0.00"/>
        <vehicle id="9" x="268.04" y="198.35" angle="90.00" type="DEFAULT_VEHTYPE" speed="12.71" pos="63.29" lane="1/1to2/1_0" slope="0.00"/>
    </timestep>
    <timestep time="299.00">
        <vehicle id="0" x="389.19" y="198.35" angle="90.00" type="DEFAULT_VEHTYPE" speed="5.18" pos="184.44" lane="1/1to2/1_0" slope="0.00"/>
        <vehicle id="10" x="141.46" y="201.65" angle="-90.00" type="DEFAULT_VEHTYPE" speed="13.32" pos="53.79" lane="1/1to0/1_0" slope="0.00"/>
        <vehicle id="11" x="392.74" y="598.35" angle="90.00" type="DEFAULT_VEHTYPE" speed="0.00" pos="187.99" lane="1/3to2/3_0" slope="0.00"/>
        <vehicle id="15" x="669.19" y="201.65" angle="-90.00" type="DEFAULT_VEHTYPE" speed="13.23" pos="130.81" lane="4/1to3/1_0" slope="0.00"/>
        <vehicle id="16" x="384.97" y="598.35" angle="90.00" type="DEFAULT_VEHTYPE" speed="0.71" pos="180.22" lane="1/3to2/3_0" slope="0.00"/>
        <vehicle id="17" x="250.60" y="598.35" angle="90.00" type="DEFAULT_VEHTYPE" speed="13.84" pos="45.85" lane="1/3to2/3_0" slope="0.00"/>
        <vehicle id="18" x="763.26" y="598.35" angle="90.00" type="DEFAULT_VEHTYPE" speed="12.96" pos="158.51" lane="3/3to4/3_0" slope="0.00"/>
        <vehicle id="2" x="598.35" y="537.29" angle="0.00" type="DEFAULT_VEHTYPE" speed="13.09" pos="57.96" lane="3/3to3/2_0" slope="0.00"/>
        <vehicle id="24" x="5.89" y="398.35" angle="90.00" type="DEFAULT_VEHTYPE" speed="13.37" pos="5.89" lane="0/2to1/2_0" slope="0.00"/>
        <vehicle id="28" x="445.52" y="198.35" angle="90.00" type="DEFAULT_VEHTYPE" speed="12.76" pos="40.77" lane="2/1to3/1_0" slope="0.00"/>
        <vehicle id="29" x="601.65" y="342.93" angle="180.00" type="DEFAULT_VEHTYPE" speed="13.26" pos="138.18" lane="3/1to3/2_0" slope="0.00"/>
        <vehicle id="3" x="350.94" y="198.35" angle="90.00" type="DEFAULT_VEHTYPE" speed="12.63" pos="146.19" lane="1/1to2/1_0" slope="0.00"/>
        <vehicle id="33" x="598.35" y="404.92" angle="0.00" type="DEFAULT_VEHTYPE" speed="13.85" pos="190.33" lane="3/3to3/2_0" slope="0.00"/>
        <vehicle id="37" x="398.35" y="497.79" angle="0.00" type="DEFAULT_VEHTYPE" speed="12.61" pos="97.46" lane="2/3to2/2_0" slope="0.00"/>
        <vehicle id="39" x="598.35" y="459.30" angle="0.00" type="DEFAULT_VEHTYPE" speed="13.14" pos="135.95" lane="3/3to3/2_0" slope="0.00"/>
        <vehicle id="40" x="543.92" y="198.35" angle="90.00" type="DEFAULT_VEHTYPE" speed="13.59" pos="139.17" lane="2/1to3/1_0" slope="0.00"/>
        <vehicle id="42" x="230.49" y="201.65" angle="-90.00" type="DEFAULT_VEHTYPE" speed="13.21" pos="164.76" lane="2/1to1/1_0" slope="0.00"/>
        <vehicle id="43" x="398.35" y="412.93" angle="0.00" type="DEFAULT_VEHTYPE" speed="12.88" pos="182.32" lane="2/3to2/2_0" slope="0.00"/>
        <vehicle id="44" x="660.56" y="601.65" angle="-90.00" type="DEFAULT_VEHTYPE" speed="13.64" pos="139.44" lane="4/3to3/3_0" slope="0.00"/>
        <vehicle id="48" x="401.65" y="123.67" angle="180.00" type="DEFAULT_VEHTYPE" speed="13.23" pos="123.67" lane="2/0to2/1_0" slope="0.00"/>
        <vehicle id="49" x="398.35" y="569.21" angle="0.00" type="DEFAULT_VEHTYPE" speed="12.79" pos="26.04" lane="2/3to2/2_0" slope="0.00"/>
        <vehicle id="5" x="315.55" y="401.65" angle="-90.00" type="DEFAULT_VEHTYPE" speed="12.66" pos="79.70" lane="2/2to1/2_0" slope="0.00"/>
        <vehicle id="6" x="398.35" y="627.20" angle="0.00" type="DEFAULT_VEHTYPE" speed="12.85" pos="172.80" lane="2/4to2/3_0" slope="0.00"/>
        <vehicle id="7" x="201.65" y="327.61" angle="180.00" type="DEFAULT_VEHTYPE" speed="13.38" pos="122.86" lane="1/1to1/2_0" slope="0.00"/>
        <vehicle id="8" x="2.05" y="201.65" angle="-90.00" type="DEFAULT_VEHTYPE" speed="13.82" pos="193.20" lane="1/1to0/1_0" slope="0.00"/>
        <vehicle id="9" x="281.74" y="198.35" angle="90.00" type="DEFAULT_VEHTYPE" speed="13.70" pos="76.99" lane="1/1to2/1_0" slope="0.00"/>
    </timestep>
    <timestep time="300.00">
        <vehicle id="0" x="396.08" y="198.35" angle="90.00" type="DEFAULT_VEHTYPE" speed="6.89" pos="0.83" lane=":2/1_13_0" slope="0.00"/>
        <vehicle id="10" x="128.78" y="201.65" angle="-90.00" type="DEFAULT_VEHTYPE" speed="12.68" pos="66.47" lane="1/1to0/1_0" slope="0.00"/>
        <vehicle id="11" x="392.74" y="598.35" angle="90.00" type="DEFAULT_VEHTYPE" speed="0.00" pos="187.99" lane="1/3to2/3_0" slope="0.00"/>
        <vehicle id="15" x="655.72" y="201.65" angle="-90.00" type="DEFAULT_VEHTYPE" speed="13.47" pos="144.28" lane="4/1to3/1_0" slope="0.00"/>
        <vehicle id="16" x="385.15" y="598.35" angle="90.00" type="DEFAULT_VEHTYPE" speed="0.19" pos="180.40" lane="1/3to2/3_0" slope="0.00"/>
        <vehicle id="17" x="264.22" y="598.35" angle="90.00" type="DEFAULT_VEHTYPE" speed="13.62" pos="59.47" lane="1/3to2/3_0" slope="0.00"/>
        <vehicle id="18" x="776.14" y="598.35" angle="90.00" type="DEFAULT_VEHTYPE" speed="12.88" pos="171.39" lane="3/3to4/3_0" slope="0.00"/>
        <vehicle id="2" x="598.35" y="524.36" angle="0.00" type="DEFAULT_VEHTYPE" speed="12.92" pos="70.89" lane="3/3to3/2_0" slope="0.00"/>
        <vehicle id="24" x="18.99" y="398.35" angle="90.00" type="DEFAULT_VEHTYPE" speed="13.10" pos="18.99" lane="0/2to1/2_0" slope="0.00"/>
        <vehicle id="28" x="458.64" y="198.35" angle="90.00" type="DEFAULT_VEHTYPE" speed="13.12" pos="53.89" lane="2/1to3/1_0" slope="0.00"/>
        <vehicle id="29" x="601.65" y="356.78" angle="180.00" type="DEFAULT_VEHTYPE" speed="13.85" pos="152.03" lane="3/1to3/2_0" slope="0.00"/>
        <vehicle id="3" x="364.00" y="198.35" angle="90.00" type="DEFAULT_VEHTYPE" speed="13.06" pos="159.25" lane="1/1to2/1_0" slope="0.00"/>
        <vehicle id="33" x="586.90" y="401.65" angle="-90.00" type="DEFAULT_VEHTYPE" speed="13.52" pos="8.35" lane="3/2to2/2_0" slope="0.00"/>
        <vehicle id="37" x="398.35" y="484.73" angle="0.00" type="DEFAULT_VEHTYPE" speed="13.07" pos="110.52" lane="2/3to2/2_0" slope="0.00"/>
        <vehicle id="39" x="598.35" y="446.53" angle="0.00" type="DEFAULT_VEHTYPE" speed="12.77" pos="148.72" lane="3/3to3/2_0" slope="0.00"/>
        <vehicle id="40" x="556.72" y="198.35" angle="90.00" type="DEFAULT_VEHTYPE" speed="12.80" pos="151.97" lane="2/1to3/1_0" slope="0.00"/>
        <vehicle id="42" x="220.65" y="201.65" angle="-90.00" type="DEFAULT_VEHTYPE" speed="9.84" pos="174.60" lane="2/1to1/1_0" slope="0.00"/>
        <vehicle id="43" x="395.26" y="401.65" angle="-44.70" type="DEFAULT_VEHTYPE" speed="13.17" pos="4.99" lane=":2/2_0_0" slope="0.00"/>
        <vehicle id="44" x="647.84" y="601.65" angle="-90.00" type="DEFAULT_VEHTYPE" speed="12.72" pos="152.16" lane="4/3to3/3_0" slope="0.00"/>
        <vehicle id="48" x="401.65" y="137.48" angle="180.00" type="DEFAULT_VEHTYPE" speed="13.81" pos="137.48" lane="2/0to2/1_0" slope="0.00"/>
        <vehicle id="49" x="398.35" y="556.33" angle="0.00" type="DEFAULT_VEHTYPE" speed="12.89" pos="38.92" lane="2/3to2/2_0" slope="0.00"/>
        <vehicle id="5" x="302.74" y="401.65" angle="-90.00" type="DEFAULT_VEHTYPE" speed="12.81" pos="92.51" lane="2/2to1/2_0" slope="0.00"/>
        <vehicle id="6" x="398.35" y="613.75" angle="0.00" type="DEFAULT_VEHTYPE" speed="13.45" pos="186.25" lane="2/4to2/3_0" slope="0.00"/>
        <vehicle id="7" x="201.65" y="340.36" angle="180.00" type="DEFAULT_VEHTYPE" speed="12.75" pos="135.61" lane="1/1to1/2_0" slope="0.00"/>
        <vehicle id="8" x="6.61" y="198.35" angle="90.00" type="DEFAULT_VEHTYPE" speed="13.49" pos="6.61" lane="0/1to1/1_0" slope="0.00"/>
        <vehicle id="9" x="294.54" y="198.35" angle="90.00" type="DEFAULT_VEHTYPE" speed="12.80" pos="89.79" lane="1/1to2/1_0" slope="0.00"/>
    </timestep>
    <timestep time="301.00">
        <vehicle id="0" x="404.48" y="198.35" angle="90.00" type="DEFAULT_VEHTYPE" speed="8.40" pos="9.23" lane=":2/1_13_0" slope="0.00"/>
        <vehicle id="10" x="115.06" y="201.65" angle="-90.00" type="DEFAULT_VEHTYPE" speed="13.72" pos="80.19" lane="1/1to0/1_0" slope="0.00"/>
        <vehicle id="11" x="392.74" y="598.35" angle="90.00" type="DEFAULT_VEHTYPE" speed="0.00" pos="187.99" lane="1/3to2/3_0" slope="0.00"/>
        <vehicle id="15" x="642.39" y="201.65" angle="-90.00" type="DEFAULT_VEHTYPE" speed="13.33" pos="157.61" lane="4/1to3/1_0" slope="0.00"/>
        <vehicle id="16" x="385.22" y="598.35" angle="90.00" type="DEFAULT_VEHTYPE" speed="0.06" pos="180.47" lane="1/3to2/3_0" slope="0.00"/>
        <vehicle id="17" x="277.07" y="598.35" angle="90.00" type="DEFAULT_VEHTYPE" speed="12.85" pos="72.32" lane="1/3to2/3_0" slope="0.00"/>
        <vehicle id="18" x="788.88" y="598.35" angle="90.00" type="DEFAULT_VEHTYPE" speed="12.74" pos="184.13" lane="3/3to4/3_0" slope="0.00"/>
        <vehicle id="2" x="598.35" y="511.35" angle="0.00" type="DEFAULT_VEHTYPE" speed="13.01" pos="83.90" lane="3/3to3/2_0" slope="0.00"/>
        <vehicle id="24" x="32.25" y="398.35" angle="90.00" type="DEFAULT_VEHTYPE" speed="13.26" pos="32.25" lane="0/2to1/2_0" slope="0.00"/>
        <vehicle id="28" x="471.95" y="198.35" angle="90.00" type="DEFAULT_VEHTYPE" speed="13.31" pos="67.20" lane="2/1to3/1_0" slope="0.00"/>
        <vehicle id="29" x="601.65" y="369.42" angle="180.00" type="DEFAULT_VEHTYPE" speed="12.65" pos="164.67" lane="3/1to3/2_0" slope="0.00"/>
        <vehicle id="3" x="375.43" y="198.35" angle="90.00" type="DEFAULT_VEHTYPE" speed="11.43" pos="170.68" lane="1/1to2/1_0" slope="0.00"/>
        <vehicle id="33" x="573.14" y="401.65" angle="-90.00" type="DEFAULT_VEHTYPE" speed="13.76" pos="22.11" lane="3/2to2/2_0" slope="0.00"/>
        <vehicle id="37" x="398.35" y="470.83" angle="0.00" type="DEFAULT_VEHTYPE" speed="13.90" pos="124.42" lane="2/3to2/2_0" slope="0.00"/>
        <vehicle id="39" x="598.35" y="433.36" angle="0.00" type="DEFAULT_VEHTYPE" speed="13.17" pos="161.89" lane="3/3to3/2_0" slope="0.00"/>
        <vehicle id="40" x="570.51" y="198.35" angle="90.00" type="DEFAULT_VEHTYPE" speed="13.79" pos="165.76" lane="2/1to3/1_0" slope="0.00"/>
        <vehicle id="42" x="213.78" y="201.65" angle="-90.00" type="DEFAULT_VEHTYPE" speed="6.87" pos="181.47" lane="2/1to1/1_0" slope="0.00"/>
        <vehicle id="43" x="382.16" y="401.65" angle="-90.00" type="DEFAULT_VEHTYPE" speed="13.10" pos="13.09" lane="2/2to1/2_0" slope="0.00"/>
        <vehicle id="44" x="635.14" y="601.65" angle="-90.00" type="DEFAULT_VEHTYPE" speed="12.70" pos="164.86" lane="4/3to3/3_0" slope="0.00"/>
        <vehicle id="48" x="401.65" y="151.10" angle="180.00" type="DEFAULT_VEHTYPE" speed="13.62" pos="151.10" lane="2/0to2/1_0" slope="0.00"/>
        <vehicle id="49" x="398.35" y="543.26" angle="0.00" type="DEFAULT_VEHTYPE" speed="13.07" pos="51.99" lane="2/3to2/2_0" slope="0.00"/>
        <vehicle id="5" x="289.57" y="401.65" angle="-90.00" type="DEFAULT_VEHTYPE" speed="13.18" pos="105.68" lane="2/2to1/2_0" slope="0.00"/>
        <vehicle id="6" x="398.35" y="600.08" angle="0.00" type="DEFAULT_VEHTYPE" speed="13.67" pos="4.67" lane=":2/3_1_0" slope="0.00"/>
        <vehicle id="7" x="201.65" y="353.64" angle="180.00" type="DEFAULT_VEHTYPE" speed="13.29" pos="148.89" lane="1/1to1/2_0" slope="0.00"/>
        <vehicle id="8" x="20.08" y="198.35" angle="90.00" type="DEFAULT_VEHTYPE" speed="13.46" pos="20.08" lane="0/1to1/1_0" slope="0.00"/>
        <vehicle id="9" x="307.27" y="198.35" angle="90.00" type="DEFAULT_VEHTYPE" speed="12.72" pos="102.52" lane="1/1to2/1_0" slope="0.00"/>
    </timestep>
    <timestep time="302.00">
        <vehicle id="0" x="414.87" y="198.35" angle="90.00" type="DEFAULT_VEHTYPE" speed="10.39" pos="10.12" lane="2/1to3/1_0" slope="0.00"/>
        <vehicle id="10" x="102.07" y="201.65" angle="-90.00" type="DEFAULT_VEHTYPE" speed="12.99" pos="93.18" lane="1/1to0/1_0" slope="0.00"/>
        <vehicle id="11" x="394.23" y="598.35" angle="90.00" type="DEFAULT_VEHTYPE" speed="1.49" pos="189.48" lane="1/3to2/3_0" slope="0.00"/>
        <vehicle id="15" x="629.71" y="201.65" angle="-90.00" type="DEFAULT_VEHTYPE" speed="12.69" pos="170.29" lane="4/1to3/1_0" slope="0.00"/>
        <vehicle id="16" x="385.24" y="598.35" angle="90.00" type="DEFAULT_VEHTYPE" speed="0.02" pos="180.49" lane="1/3to2/3_0" slope="0.00"/>
        <vehicle id="17" x="289.91" y="598.35" angle="90.00" type="DEFAULT_VEHTYPE" speed="12.84" pos="85.16" lane="1/3to2/3_0" slope="0.00"/>
        <vehicle id="18" x="801.55" y="600.21" angle="115.37" type="DEFAULT_VEHTYPE" speed="13.75" pos="2.64" lane=":4/3_0_0" slope="0.00"/>
        <vehicle id="2" x="598.35" y="498.29" angle="0.00" type="DEFAULT_VEHTYPE" speed="13.06" pos="96.96" lane="3/3to3/2_0" slope="0.00"/>
        <vehicle id="24" x="45.35" y="398.35" angle="90.00" type="DEFAULT_VEHTYPE" speed="13.10" pos="45.35" lane="0/2to1/2_0" slope="0.00"/>
        <vehicle id="28" x="484.85" y="198.35" angle="90.00" type="DEFAULT_VEHTYPE" speed="12.91" pos="80.10" lane="2/1to3/1_0" slope="0.00"/>
        <vehicle id="29" x="601.65" y="382.14" angle="180.00" type="DEFAULT_VEHTYPE" speed="12.72" pos="177.39" lane="3/1to3/2_0" slope="0.00"/>
        <vehicle id="3" x="383.56" y="198.35" angle="90.00" type="DEFAULT_VEHTYPE" speed="8.13" pos="178.81" lane="1/1to2/1_0" slope="0.00"/>
        <vehicle id="33" x="559.97" y="401.65" angle="-90.00" type="DEFAULT_VEHTYPE" speed="13.18" pos="35.28" lane="3/2to2/2_0" slope="0.00"/>
        <vehicle id="37" x="398.35" y="457.44" angle="0.00" type="DEFAULT_VEHTYPE" speed="13.39" pos="137.81" lane="2/3to2/2_0" slope="0.00"/>
        <vehicle id="39" x="598.35" y="419.73" angle="0.00" type="DEFAULT_VEHTYPE" speed="13.64" pos="175.52" lane="3/3to3/2_0" slope="0.00"/>
        <vehicle id="40" x="580.43" y="198.35" angle="90.00" type="DEFAULT_VEHTYPE" speed="9.92" pos="175.68" lane="2/1to3/1_0" slope="0.00"/>
        <vehicle id="42" x="209.51" y="201.65" angle="-90.00" type="DEFAULT_VEHTYPE" speed="4.26" pos="185.74" lane="2/1to1/1_0" slope="0.00"/>
        <vehicle id="43" x="369.04" y="401.65" angle="-90.00" type="DEFAULT_VEHTYPE" speed="13.12" pos="26.21" lane="2/2to1/2_0" slope="0.00"/>
        <vehicle id="44" x="623.88" y="601.65" angle="-90.00" type="DEFAULT_VEHTYPE" speed="11.25" pos="176.12" lane="4/3to3/3_0" slope="0.00"/>
        <vehicle id="48" x="401.65" y="163.75" angle="180.00" type="DEFAULT_VEHTYPE" speed="12.65" pos="163.75" lane="2/0to2/1_0" slope="0.00"/>
        <vehicle id="49" x="398.35" y="530.63" angle="0.00" type="DEFAULT_VEHTYPE" speed="12.63" pos="64.62" lane="2/3to2/2_0" slope="0.00"/>
        <vehicle id="5" x="276.15" y="401.65" angle="-90.00" type="DEFAULT_VEHTYPE" speed="13.42" pos="119.10" lane="2/2to1/2_0" slope="0.00"/>
        <vehicle id="6" x="398.35" y="587.38" angle="0.00" type="DEFAULT_VEHTYPE" speed="12.70" pos="7.87" lane="2/3to2/2_0" slope="0.00"/>
        <vehicle id="7" x="201.65" y="366.88" angle="180.00" type="DEFAULT_VEHTYPE" speed="13.24" pos="162.13" lane="1/1to1/2_0" slope="0.00"/>
        <vehicle id="8" x="33.67" y="198.35" angle="90.00" type="DEFAULT_VEHTYPE" speed="13.59" pos="33.67" lane="0/1to1/1_0" slope="0.00"/>
        <vehicle id="9" x="320.70" y="198.35" angle="90.00" type="DEFAULT_VEHTYPE" speed="13.44" pos="115.95" lane="1/1to2/1_0" slope="0.00"/>
    </timestep>
    <timestep time="303.00">
        <vehicle id="0" x="426.88" y="198.35" angle="90.00" type="DEFAULT_VEHTYPE" speed="12.01" pos="22.13" lane="2/1to3/1_0" slope="0.00"/>
        <vehicle id="10" x="89.15" y="201.65" angle="-90.00" type="DEFAULT_VEHTYPE" speed="12.92" pos="106.10" lane="1/1to0/1_0" slope="0.00"/>
        <vehicle id="11" x="398.08" y="598.77" angle="94.81" type="DEFAULT_VEHTYPE" speed="3.88" pos="2.86" lane=":2/3_14_0" slope="0.00"/>
        <vehicle id="15" x="619.75" y="201.65" angle="-90.00" type="DEFAULT_VEHTYPE" speed="9.95" pos="180.25" lane="4/1to3/1_0" slope="0.00"/>
        <vehicle id="16" x="386.36" y="598.35" angle="90.00" type="DEFAULT_VEHTYPE" speed="1.12" pos="181.61" lane="1/3to2/3_0" slope="0.00"/>
        <vehicle id="17" x="302.85" y="598.35" angle="90.00" type="DEFAULT_VEHTYPE" speed="12.94" pos="98.10" lane="1/3to2/3_0" slope="0.00"/>
        <vehicle id="18" x="789.41" y="601.65" angle="-90.00" type="DEFAULT_VEHTYPE" speed="12.77" pos="10.59" lane="4/3to3/3_0" slope="0.00"/>
        <vehicle id="2" x="598.35" y="484.52" angle="0.00" type="DEFAULT_VEHTYPE" speed="13.77" pos="110.73" lane="3/3to3/2_0" slope="0.00"/>
        <vehicle id="24" x="58.37" y="398.35" angle="90.00" type="DEFAULT_VEHTYPE" speed="13.03" pos="58.37" lane="0/2to1/2_0" slope="0.00"/>
        <vehicle id="28" x="498.58" y="198.35" angle="90.00" type="DEFAULT_VEHTYPE" speed="13.73" pos="93.83" lane="2/1to3/1_0" slope="0.00"/>
        <vehicle id="29" x="601.65" y="394.77" angle="180.00" type="DEFAULT_VEHTYPE" speed="12.63" pos="190.02" lane="3/1to3/2_0" slope="0.00"/>
        <vehicle id="3" x="389.03" y="198.35" angle="90.00" type="DEFAULT_VEHTYPE" speed="5.47" pos="184.28" lane="1/1to2/1_0" slope="0.00"/>
        <vehicle id="33" x="547.08" y="401.65" angle="-90.00" type="DEFAULT_VEHTYPE" speed="12.89" pos="48.17" lane="3/2to2/2_0" slope="0.00"/>
        <vehicle id="37" x="398.35" y="443.98" angle="0.00" type="DEFAULT_VEHTYPE" speed="13.46" pos="151.27" lane="2/3to2/2_0" slope="0.00"/>
        <vehicle id="39" x="598.35" y="406.25" angle="0.00" type="DEFAULT_VEHTYPE" speed="13.48" pos="189.00" lane="3/3to3/2_0" slope="0.00"/>
        <vehicle id="40" x="586.30" y="198.35" angle="90.00" type="DEFAULT_VEHTYPE" speed="5.88" pos="181.55" lane="2/1to3/1_0" slope="0.00"/>
        <vehicle id="42" x="202.79" y="202.20" angle="-96.45" type="DEFAULT_VEHTYPE" speed="6.83" pos="2.07" lane=":1/1_4_0" slope="0.00"/>
        <vehicle id="43" x="356.09" y="401.65" angle="-90.00" type="DEFAULT_VEHTYPE" speed="12.95" pos="39.16" lane="2/2to1/2_0" slope="0.00"/>
        <vehicle id="44" x="615.85" y="601.65" angle="-90.00" type="DEFAULT_VEHTYPE" speed="8.03" pos="184.15" lane="4/3to3/3_0" slope="0.00"/>
        <vehicle id="48" x="401.65" y="176.82" angle="180.00" type="DEFAULT_VEHTYPE" speed="13.08" pos="176.82" lane="2/0to2/1_0" slope="0.00"/>
        <vehicle id="49" x="398.35" y="517.79" angle="0.00" type="DEFAULT_VEHTYPE" speed="12.84" pos="77.46" lane="2/3to2/2_0" slope="0.00"/>
        <vehicle id="5" x="262.55" y="401.65" angle="-90.00" type="DEFAULT_VEHTYPE" speed="13.59" pos="132.70" lane="2/2to1/2_0" slope="0.00"/>
        <vehicle id="6" x="398.35" y="573.65" angle="0.00" type="DEFAULT_VEHTYPE" speed="13.73" pos="21.60" lane="2/3to2/2_0" slope="0.00"/>
        <vehicle id="7" x="201.65" y="379.82" angle="180.00" type="DEFAULT_VEHTYPE" speed="12.93" pos="175.07" lane="1/1to1/2_0" slope="0.00"/>
        <vehicle id="8" x="46.32" y="198.35" angle="90.00" type="DEFAULT_VEHTYPE" speed="12.65" pos="46.32" lane="0/1to1/1_0" slope="0.00"/>
        <vehicle id="9" x="333.65" y="198.35" angle="90.00" type="DEFAULT_VEHTYPE" speed="12.94" pos="128.90" lane="1/1to2/1_0" slope="0.00"/>
    </timestep>
    <timestep time="304.00">
        <vehicle id="0" x="439.49" y="198.35" angle="90.00" type="DEFAULT_VEHTYPE" speed="12.61" pos="34.74" lane="2/1to3/1_0" slope="0.00"/>
        <vehicle id="10" x="75.86" y="201.65" angle="-90.00" type="DEFAULT_VEHTYPE" speed="13.30" pos="119.39" lane="1/1to0/1_0" slope="0.00"/>
        <vehicle id="11" x="401.45" y="603.37" angle="148.71" type="DEFAULT_VEHTYPE" speed="6.06" pos="8.92" lane=":2/3_14_0" slope="0.00"/>
        <vehicle id="15" x="613.24" y="201.65" angle="-90.00" type="DEFAULT_VEHTYPE" speed="6.52" pos="186.76" lane="4/1to3/1_0" slope="0.00"/>
        <vehicle id="16" x="388.74" y="598.35" angle="90.00" type="DEFAULT_VEHTYPE" speed="2.39" pos="183.99" lane="1/3to2/3_0" slope="0.00"/>
        <vehicle id="17" x="316.62" y="598.35" angle="90.00" type="DEFAULT_VEHTYPE" speed="13.77" pos="111.87" lane="1/3to2/3_0" slope="0.00"/>
        <vehicle id="18" x="776.35" y="601.65" angle="-90.00" type="DEFAULT_VEHTYPE" speed="13.06" pos="23.65" lane="4/3to3/3_0" slope="0.00"/>
        <vehicle id="2" x="598.35" y="470.86" angle="0.00" type="DEFAULT_VEHTYPE" speed="13.66" pos="124.39" lane="3/3to3/2_0" slope="0.00"/>
        <vehicle id="24" x="71.79" y="398.35" angle="90.00" type="DEFAULT_VEHTYPE" speed="13.42" pos="71.79" lane="0/2to1/2_0" slope="0.00"/>
        <vehicle id="28" x="512.09" y="198.35" angle="90.00" type="DEFAULT_VEHTYPE" speed="13.51" pos="107.34" lane="2/1to3/1_0" slope="0.00"/>
        <vehicle id="29" x="601.65" y="408.27" angle="180.00" type="DEFAULT_VEHTYPE" speed="13.50" pos="3.52" lane="3/2to3/3_0" slope="0.00"/>
        <vehicle id="3" x="391.47" y="198.35" angle="90.00" type="DEFAULT_VEHTYPE" speed="2.44" pos="186.72" lane="1/1to2/1_0" slope="0.00"/>
        <vehicle id="33" x="534.35" y="401.65" angle="-90.00" type="DEFAULT_VEHTYPE" speed="12.73" pos="60.90" lane="3/2to2/2_0" slope="0.00"/>
        <vehicle id="37" x="398.35" y="431.03" angle="0.00" type="DEFAULT_VEHTYPE" speed="12.95" pos="164.22" lane="2/3to2/2_0" slope="0.00"/>
        <vehicle id="39" x="588.15" y="401.65" angle="-90.00" type="DEFAULT_VEHTYPE" speed="13.60" pos="7.10" lane="3/2to2/2_0" slope="0.00"/>
        <vehicle id="40" x="589.63" y="198.35" angle="90.00" type="DEFAULT_VEHTYPE" speed="3.33" pos="184.88" lane="2/1to3/1_0" slope="0.00"/>
        <vehicle id="42" x="201.65" y="210.12" angle="180.00" type="DEFAULT_VEHTYPE" speed="8.30" pos="5.37" lane="1/1to1/2_0" slope="0.00"/>
        <vehicle id="43" x="342.27" y="401.65" angle="-90.00" type="DEFAULT_VEHTYPE" speed="13.83" pos="52.98" lane="2/2to1/2_0" slope="0.00"/>
        <vehicle id="44" x="611.51" y="601.65" angle="-90.00" type="DEFAULT_VEHTYPE" speed="4.34" pos="188.49" lane="4/3to3/3_0" slope="0.00"/>
        <vehicle id="48" x="401.65" y="190.60" angle="180.00" type="DEFAULT_VEHTYPE" speed="13.77" pos="190.60" lane="2/0to2/1_0" slope="0.00"/>
        <vehicle id="49" x="398.35" y="504.13" angle="0.00" type="DEFAULT_VEHTYPE" speed="13.66" pos="91.12" lane="2/3to2/2_0" slope="0.00"/>
        <vehicle id="5" x="249.16" y="401.65" angle="-90.00" type="DEFAULT_VEHTYPE" speed="13.39" pos="146.09" lane="2/2to1/2_0" slope="0.00"/>
        <vehicle id="6" x="398.35" y="560.78" angle="0.00" type="DEFAULT_VEHTYPE" speed="12.86" pos="34.47" lane="2/3to2/2_0" slope="0.00"/>
        <vehicle id="7" x="201.65" y="393.32" angle="180.00" type="DEFAULT_VEHTYPE" speed="13.51" pos="188.57" lane="1/1to1/2_0" slope="0.00"/>
        <vehicle id="8" x="59.82" y="198.35" angle="90.00" type="DEFAULT_VEHTYPE" speed="13.50" pos="59.82" lane="0/1to1/1_0" slope="0.00"/>
        <vehicle id="9" x="346.80" y="198.35" angle="90.00" type="DEFAULT_VEHTYPE" speed="13.15" pos="142.05" lane="1/1to2/1_0" slope="0.00"/>
    </timestep>
    <timestep time="305.00">
        <vehicle id="0" x="452.13" y="198.35" angle="90.00" type="DEFAULT_VEHTYPE" speed="12.64" pos="47.38" lane="2/1to3/1_0" slope="0.00"/>
        <vehicle id="10" x="62.21" y="201.65" angle="-90.00" type="DEFAULT_VEHTYPE" speed="13.65" pos="133.04" lane="1/1to0/1_0" slope="0.00"/>
        <vehicle id="11" x="401.65" y="611.26" angle="180.00" type="DEFAULT_VEHTYPE" speed="7.91" pos="6.51" lane="2/3to2/4_0" slope="0.00"/>
        <vehicle id="15" x="609.71" y="201.65" angle="-90.00" type="DEFAULT_VEHTYPE" speed="3.52" pos="190.29" lane="4/1to3/1_0" slope="0.00"/>
        <vehicle id="16" x="392.55" y="598.35" angle="90.00" type="DEFAULT_VEHTYPE" speed="3.80" pos="187.80" lane="1/3to2/3_0" slope="0.00"/>
        <vehicle id="17" x="329.35" y="598.35" angle="90.00" type="DEFAULT_VEHTYPE" speed="12.72" pos="124.60" lane="1/3to2/3_0" slope="0.00"/>
        <vehicle id="18" x="762.99" y="601.65" angle="-90.00" type="DEFAULT_VEHTYPE" speed="13.36" pos="37.01" lane="4/3to3/3_0" slope="0.00"/>
        <vehicle id="2" x="598.35" y="458.16" angle="0.00" type="DEFAULT_VEHTYPE" speed="12.70" pos="137.09" lane="3/3to3/2_0" slope="0.00"/>
        <vehicle id="24" x="84.41" y="398.35" angle="90.00" type="DEFAULT_VEHTYPE" speed="12.62" pos="84.41" lane="0/2to1/2_0" slope="0.00"/>
        <vehicle id="28" x="525.23" y="198.35" angle="90.00" type="DEFAULT_VEHTYPE" speed="13.14" pos="120.48" lane="2/1to3/1_0" slope="0.00"/>
        <vehicle id="29" x="601.65" y="421.82" angle="180.00" type="DEFAULT_VEHTYPE" speed="13.55" pos="17.07" lane="3/2to3/3_0" slope="0.00"/>
        <vehicle id="3" x="392.22" y="198.35" angle="90.00" type="DEFAULT_VEHTYPE" speed="0.75" pos="187.47" lane="1/1to2/1_0" slope="0.00"/>
        <vehicle id="33" x="521.18" y="401.65" angle="-90.00" type="DEFAULT_VEHTYPE" speed="13.17" pos="74.07" lane="3/2to2/2_0" slope="0.00"/>
        <vehicle id="37" x="398.35" y="417.62" angle="0.00" type="DEFAULT_VEHTYPE" speed="13.41" pos="177.63" lane="2/3to2/2_0" slope="0.00"/>
        <vehicle id="39" x="574.68" y="401.65" angle="-90.00" type="DEFAULT_VEHTYPE" speed="13.47" pos="20.57" lane="3/2to2/2_0" slope="0.00"/>
        <vehicle id="40" x="591.77" y="198.35" angle="90.00" type="DEFAULT_VEHTYPE" speed="2.14" pos="187.02" lane="2/1to3/1_0" slope="0.00"/>
        <vehicle id="42" x="201.65" y="220.05" angle="180.00" type="DEFAULT_VEHTYPE" speed="9.93" pos="15.30" lane="1/1to1/2_0" slope="0.00"/>
        <vehicle id="43" x="328.73" y="401.65" angle="-90.00" type="DEFAULT_VEHTYPE" speed="13.53" pos="66.52" lane="2/2to1/2_0" slope="0.00"/>
        <vehicle id="44" x="605.30" y="601.65" angle="-90.00" type="DEFAULT_VEHTYPE" speed="6.21" pos="194.70" lane="4/3to3/3_0" slope="0.00"/>
        <vehicle id="48" x="407.80" y="198.35" angle="95.72" type="DEFAULT_VEHTYPE" speed="12.70" pos="3.05" lane="2/1to3/1_0" slope="0.00"/>
        <vehicle id="49" x="398.35" y="490.73" angle="0.00" type="DEFAULT_VEHTYPE" speed="13.40" pos="104.52" lane="2/3to2/2_0" slope="0.00"/>
        <vehicle id="5" x="236.30" y="401.65" angle="-90.00" type="DEFAULT_VEHTYPE" speed="12.86" pos="158.95" lane="2/2to1/2_0" slope="0.00"/>
        <vehicle id="6" x="398.35" y="547.72" angle="0.00" type="DEFAULT_VEHTYPE" speed="13.06" pos="47.53" lane="2/3to2/2_0" slope="0.00"/>
        <vehicle id="7" x="201.65" y="407.11" angle="180.00" type="DEFAULT_VEHTYPE" speed="13.79" pos="2.36" lane="1/2to1/3_0" slope="0.00"/>
        <vehicle id="8" x="72.77" y="198.35" angle="90.00" type="DEFAULT_VEHTYPE" speed="12.95" pos="72.77" lane="0/1to1/1_0" slope="0.00"/>
        <vehicle id="9" x="360.49" y="198.35" angle="90.00" type="DEFAULT_VEHTYPE" speed="13.69" pos="155.74" lane="1/1to2/1_0" slope="0.00"/>
    </timestep>
    <timestep time="306.00">
        <vehicle id="0" x="464.96" y="198.35" angle="90.00" type="DEFAULT_VEHTYPE" speed="12.83" pos="60.21" lane="2/1to3/1_0" slope="0.00"/>
        <vehicle id="10" x="48.67" y="201.65" angle="-90.00" type="DEFAULT_VEHTYPE" speed="13.54" pos="146.58" lane="1/1to0/1_0" slope="0.00"/>
        <vehicle id="11" x="401.65" y="621.25" angle="180.00" type="DEFAULT_VEHTYPE" speed="9.99" pos="16.50" lane="2/3to2/4_0" slope="0.00"/>
        <vehicle id="15" x="604.82" y="201.65" angle="-90.00" type="DEFAULT_VEHTYPE" speed="4.89" pos="195.18" lane="4/1to3/1_0" slope="0.00"/>
        <vehicle id="16" x="398.78" y="599.19" angle="99.82" type="DEFAULT_VEHTYPE" speed="6.39" pos="3.68" lane=":2/3_14_0" slope="0.00"/>
        <vehicle id="17" x="342.02" y="598.35" angle="90.00" type="DEFAULT_VEHTYPE" speed="12.68" pos="137.27" lane="1/3to2/3_0" slope="0.00"/>
        <vehicle id="18" x="749.92" y="601.65" angle="-90.00" type="DEFAULT_VEHTYPE" speed="13.07" pos="50.08" lane="4/3to3/3_0" slope="0.00"/>
        <vehicle id="2" x="598.35" y="444.73" angle="0.00" type="DEFAULT_VEHTYPE" speed="13.43" pos="150.52" lane="3/3to3/2_0" slope="0.00"/>
        <vehicle id="24" x="97.33" y="398.35" angle="90.00" type="DEFAULT_VEHTYPE" speed="12.92" pos="97.33" lane="0/2to1/2_0" slope="0.00"/>
        <vehicle id="28" x="539.07" y="198.35" angle="90.00" type="DEFAULT_VEHTYPE" speed="13.84" pos="134.32" lane="2/1to3/1_0" slope="0.00"/>
        <vehicle id="29" x="601.65" y="434.69" angle="180.00" type="DEFAULT_VEHTYPE" speed="12.87" pos="29.94" lane="3/2to3/3_0" slope="0.00"/>
        <vehicle id="3" x="392.55" y="198.35" angle="90.00" type="DEFAULT_VEHTYPE" speed="0.33" pos="187.80" lane="1/1to2/1_0" slope="0.00"/>
        <vehicle id="33" x="507.81" y="401.65" angle="-90.00" type="DEFAULT_VEHTYPE" speed="13.37" pos="87.44" lane="3/2to2/2_0" slope="0.00"/>
        <vehicle id="37" x="398.35" y="404.99" angle="0.00" type="DEFAULT_VEHTYPE" speed="12.62" pos="190.26" lane="2/3to2/2_0" slope="0.00"/>
        <vehicle id="39" x="561.23" y="401.65" angle="-90.00" type="DEFAULT_VEHTYPE" speed="13.45" pos="34.02" lane="3/2to2/2_0" slope="0.00"/>
        <vehicle id="40" x="592.42" y="198.35" angle="90.00" type="DEFAULT_VEHTYPE" speed="0.65" pos="187.67" lane="2/1to3/1_0" slope="0.00"/>
        <vehicle id="42" x="201.65" y="231.83" angle="180.00" type="DEFAULT_VEHTYPE" speed="11.78" pos="27.08" lane="1/1to1/2_0" slope="0.00"/>
        <vehicle id="43" x="315.38" y="401.65" angle="-90.00" type="DEFAULT_VEHTYPE" speed="13.35" pos="79.87" lane="2/2to1/2_0" slope="0.00"/>
        <vehicle id="44" x="598.67" y="597.52" angle="-40.59" type="DEFAULT_VEHTYPE" speed="8.58" pos="8.03" lane=":3/3_6_0" slope="0.00"/>
        <vehicle id="48" x="420.96" y="198.35" angle="90.00" type="DEFAULT_VEHTYPE" speed="13.16" pos="16.21" lane="2/1to3/1_0" slope="0.00"/>
        <vehicle id="49" x="398.35" y="477.81" angle="0.00" type="DEFAULT_VEHTYPE" speed="12.92" pos="117.44" lane="2/3to2/2_0" slope="0.00"/>
        <vehicle id="5" x="224.17" y="401.65" angle="-90.00" type="DEFAULT_VEHTYPE" speed="12.13" pos="171.08" lane="2/2to1/2_0" slope="0.00"/>
        <vehicle id="6" x="398.35" y="534.42" angle="0.00" type="DEFAULT_VEHTYPE" speed="13.30" pos="60.83" lane="2/3to2/2_0" slope="0.00"/>
        <vehicle id="7" x="201.65" y="420.37" angle="180.00" type="DEFAULT_VEHTYPE" speed="13.26" pos="15.62" lane="1/2to1/3_0" slope="0.00"/>
        <vehicle id="8" x="85.57" y="198.35" angle="90.00" type="DEFAULT_VEHTYPE" speed="12.81" pos="85.57" lane="0/1to1/1_0" slope="0.00"/>
        <vehicle id="9" x="371.02" y="198.35" angle="90.00" type="DEFAULT_VEHTYPE" speed="10.53" pos="166.27" lane="1/1to2/1_0" slope="0.00"/>
    </timestep>
    <timestep time="307.00">
        <vehicle id="0" x="477.83" y="198.35" angle="90.00" type="DEFAULT_VEHTYPE" speed="12.87" pos="73.08" lane="2/1to3/1_0" slope="0.00"/>
        <vehicle id="10" x="35.50" y="201.65" angle="-90.00" type="DEFAULT_VEHTYPE" speed="13.17" pos="159.75" lane="1/1to0/1_0" slope="0.00"/>
        <vehicle id="11" x="401.65" y="632.63" angle="180.00" type="DEFAULT_VEHTYPE" speed="11.38" pos="27.88" lane="2/3to2/4_0" slope="0.00"/>
        <vehicle id="15" x="601.65" y="206.45" angle="-161.78" type="DEFAULT_VEHTYPE" speed="6.77" pos="1.70" lane="3/1to3/2_0" slope="0.00"/>
        <vehicle id="16" x="401.65" y="606.82" angle="174.77" type="DEFAULT_VEHTYPE" speed="8.71" pos="2.07" lane="2/3to2/4_0" slope="0.00"/>
        <vehicle id="17" x="354.79" y="598.35" angle="90.00" type="DEFAULT_VEHTYPE" speed="12.77" pos="150.04" lane="1/3to2/3_0" slope="0.00"/>
        <vehicle id="18" x="737.30" y="601.65" angle="-90.00" type="DEFAULT_VEHTYPE" speed="12.62" pos="62.70" lane="4/3to3/3_0" slope="0.00"/>
        <vehicle id="2" x="598.35" y="431.48" angle="0.00" type="DEFAULT_VEHTYPE" speed="13.25" pos="163.77" lane="3/3to3/2_0" slope="0.00"/>
        <vehicle id="24" x="110.31" y="398.35" angle="90.00" type="DEFAULT_VEHTYPE" speed="12.97" pos="110.31" lane="0/2to1/2_0" slope="0.00"/>
        <vehicle id="28" x="552.09" y="198.35" angle="90.00" type="DEFAULT_VEHTYPE" speed="13.02" pos="147.34" lane="2/1to3/1_0" slope="0.00"/>
        <vehicle id="29" x="601.65" y="448.41" angle="180.00" type="DEFAULT_VEHTYPE" speed="13.72" pos="43.66" lane="3/2to3/3_0" slope="0.00"/>
        <vehicle id="3" x="394.99" y="198.35" angle="90.00" type="DEFAULT_VEHTYPE" speed="2.44" pos="190.24" lane="1/1to2/1_0" slope="0.00"/>
        <vehicle id="33" x="494.33" y="401.65" angle="-90.00" type="DEFAULT_VEHTYPE" speed="13.47" pos="100.92" lane="3/2to2/2_0" slope="0.00"/>
        <vehicle id="37" x="398.35" y="391.51" angle="0.00" type="DEFAULT_VEHTYPE" speed="13.48" pos="3.74" lane="2/2to2/1_0" slope="0.00"/>
        <vehicle id="39" x="547.41" y="401.65" angle="-90.00" type="DEFAULT_VEHTYPE" speed="13.82" pos="47.84" lane="3/2to2/2_0" slope="0.00"/>
        <vehicle id="40" x="592.68" y="198.35" angle="90.00" type="DEFAULT_VEHTYPE" speed="0.26" pos="187.93" lane="2/1to3/1_0" slope="0.00"/>
        <vehicle id="42" x="201.65" y="244.66" angle="180.00" type="DEFAULT_VEHTYPE" speed="12.84" pos="39.91" lane="1/1to1/2_0" slope="0.00"/>
        <vehicle id="43" x="301.74" y="401.65" angle="-90.00" type="DEFAULT_VEHTYPE" speed="13.64" pos="93.51" lane="2/2to1/2_0" slope="0.00"/>
        <vehicle id="44" x="598.35" y="586.74" angle="0.00" type="DEFAULT_VEHTYPE" speed="10.80" pos="8.51" lane="3/3to3/2_0" slope="0.00"/>
        <vehicle id="48" x="434.39" y="198.35" angle="90.00" type="DEFAULT_VEHTYPE" speed="13.44" pos="29.64" lane="2/1to3/1_0" slope="0.00"/>
        <vehicle id="49" x="398.35" y="464.94" angle="0.00" type="DEFAULT_VEHTYPE" speed="12.87" pos="130.31" lane="2/3to2/2_0" slope="0.00"/>
        <vehicle id="5" x="215.68" y="401.65" angle="-90.00" type="DEFAULT_VEHTYPE" speed="8.49" pos="179.57" lane="2/2to1/2_0" slope="0.00"/>
        <vehicle id="6" x="398.35" y="520.78" angle="0.00" type="DEFAULT_VEHTYPE" speed="13.64" pos="74.47" lane="2/3to2/2_0" slope="0.00"/>
        <vehicle id="7" x="201.65" y="433.56" angle="180.00" type="DEFAULT_VEHTYPE" speed="13.19" pos="28.81" lane="1/2to1/3_0" slope="0.00"/>
        <vehicle id="8" x="99.38" y="198.35" angle="90.00" type="DEFAULT_VEHTYPE" speed="13.80" pos="99.38" lane="0/1to1/1_0" slope="0.00"/>
        <vehicle id="9" x="377.36" y="198.35" angle="90.00" type="DEFAULT_VEHTYPE" speed="6.34" pos="172.61" lane="1/1to2/1_0" slope="0.00"/>
    </timestep>
    <timestep time="308.00">
        <vehicle id="0" x="490.51" y="198.35" angle="90.00" type="DEFAULT_VEHTYPE" speed="12.67" pos="85.76" lane="2/1to3/1_0" slope="0.00"/>
        <vehicle id="10" x="22.60" y="201.65" angle="-90.00" type="DEFAULT_VEHTYPE" speed="12.90" pos="172.65" lane="1/1to0/1_0" slope="0.00"/>
        <vehicle id="11" x="401.65" y="645.94" angle="180.00" type="DEFAULT_VEHTYPE" speed="13.31" pos="41.19" lane="2/3to2/4_0" slope="0.00"/>
        <vehicle id="15" x="601.65" y="215.60" angle="180.00" type="DEFAULT_VEHTYPE" speed="9.15" pos="10.85" lane="3/1to3/2_0" slope="0.00"/>
        <vehicle id="16" x="401.65" y="618.00" angle="180.00" type="DEFAULT_VEHTYPE" speed="11.18" pos="13.25" lane="2/3to2/4_0" slope="0.00"/>
        <vehicle id="17" x="368.27" y="598.35" angle="90.00" type="DEFAULT_VEHTYPE" speed="13.48" pos="163.52" lane="1/3to2/3_0" slope="0.00"/>
        <vehicle id="18" x="724.53" y="601.65" angle="-90.00" type="DEFAULT_VEHTYPE" speed="12.77" pos="75.47" lane="4/3to3/3_0" slope="0.00"/>
        <vehicle id="2" x="598.35" y="417.79" angle="0.00" type="DEFAULT_VEHTYPE" speed="13.69" pos="177.46" lane="3/3to3/2_0" slope="0.00"/>
        <vehicle id="24" x="123.20" y="398.35" angle="90.00" type="DEFAULT_VEHTYPE" speed="12.89" pos="123.20" lane="0/2to1/2_0" slope="0.00"/>
        <vehicle id="28" x="564.30" y="198.35" angle="90.00" type="DEFAULT_VEHTYPE" speed="12.21" pos="159.55" lane="2/1to3/1_0" slope="0.00"/>
        <vehicle id="29" x="601.65" y="461.16" angle="180.00" type="DEFAULT_VEHTYPE" speed="12.75" pos="56.41" lane="3/2to3/3_0" slope="0.00"/>
        <vehicle id="3" x="399.79" y="198.35" angle="90.00" type="DEFAULT_VEHTYPE" speed="4.80" pos="4.54" lane=":2/1_13_0" slope="0.00"/>
        <vehicle id="33" x="480.57" y="401.65" angle="-90.00" type="DEFAULT_VEHTYPE" speed="13.76" pos="114.68" lane="3/2to2/2_0" slope="0.00"/>
        <vehicle id="37" x="398.35" y="378.68" angle="0.00" type="DEFAULT_VEHTYPE" speed="12.83" pos="16.57" lane="2/2to2/1_0" slope="0.00"/>
        <vehicle id="39" x="534.65" y="401.65" angle="-90.00" type="DEFAULT_VEHTYPE" speed="12.76" pos="60.60" lane="3/2to2/2_0" slope="0.00"/>
        <vehicle id="40" x="592.74" y="198.35" angle="90.00" type="DEFAULT_VEHTYPE" speed="0.06" pos="187.99" lane="2/1to3/1_0" slope="0.00"/>
        <vehicle id="42" x="201.65" y="257.50" angle="180.00" type="DEFAULT_VEHTYPE" speed="12.83" pos="52.75" lane="1/1to1/2_0" slope="0.00"/>
        <vehicle id="43" x="287.88" y="401.65" angle="-90.00" type="DEFAULT_VEHTYPE" speed="13.86" pos="107.37" lane="2/2to1/2_0" slope="0.00"/>
        <vehicle id="44" x="598.35" y="574.25" angle="0.00" type="DEFAULT_VEHTYPE" speed="12.49" pos="21.00" lane="3/3to3/2_0" slope="0.00"/>
        <vehicle id="48" x="447.80" y="198.35" angle="90.00" type="DEFAULT_VEHTYPE" speed="13.41" pos="43.05" lane="2/1to3/1_0" slope="0.00"/>
        <vehicle id="49" x="398.35" y="452.01" angle="0.00" type="DEFAULT_VEHTYPE" speed="12.94" pos="143.24" lane="2/3to2/2_0" slope="0.00"/>
        <vehicle id="5" x="210.59" y="401.65" angle="-90.00" type="DEFAULT_VEHTYPE" speed="5.08" pos="184.66" lane="2/2to1/2_0" slope="0.00"/>
        <vehicle id="6" x="398.35" y="507.81" angle="0.00" type="DEFAULT_VEHTYPE" speed="12.97" pos="87.44" lane="2/3to2/2_0" slope="0.00"/>
        <vehicle id="7" x="201.65" y="446.20" angle="180.00" type="DEFAULT_VEHTYPE" speed="12.64" pos="41.45" lane="1/2to1/3_0" slope="0.00"/>
        <vehicle id="8" x="112.58" y="198.35" angle="90.00" type="DEFAULT_VEHTYPE" speed="13.20" pos="112.58" lane="0/1to1/1_0" slope="0.00"/>
        <vehicle id="9" x="382.58" y="198.35" angle="90.00" type="DEFAULT_VEHTYPE" speed="5.21" pos="177.83" lane="1/1to2/1_0" slope="0.00"/>
    </timestep>
    <timestep time="309.00">
        <vehicle id="0" x="503.88" y="198.35" angle="90.00" type="DEFAULT_VEHTYPE" speed="13.37" pos="99.13" lane="2/1to3/1_0" slope="0.00"/>
        <vehicle id="10" x="9.41" y="201.65" angle="-90.00" type="DEFAULT_VEHTYPE" speed="13.19" pos="185.84" lane="1/1to0/1_0" slope="0.00"/>
        <vehicle id="11" x="401.65" y="659.20" angle="180.00" type="DEFAULT_VEHTYPE" speed="13.26" pos="54.45" lane="2/3to2/4_0" slope="0.00"/>
        <vehicle id="15" x="601.65" y="226.60" angle="180.00" type="DEFAULT_VEHTYPE" speed="11.00" pos="21.85" lane="3/1to3/2_0" slope="0.00"/>
        <vehicle id="16" x="401.65" y="631.00" angle="180.00" type="DEFAULT_VEHTYPE" speed="13.01" pos="26.25" lane="2/3to2/4_0" slope="0.00"/>
        <vehicle id="17" x="379.26" y="598.35" angle="90.00" type="DEFAULT_VEHTYPE" speed="10.99" pos="174.51" lane="1/3to2/3_0" slope="0.00"/>
        <vehicle id="18" x="710.74" y="601.65" angle="-90.00" type="DEFAULT_VEHTYPE" speed="13.79" pos="89.26" lane="4/3to3/3_0" slope="0.00"/>
        <vehicle id="2" x="598.25" y="404.06" angle="-1.10" type="DEFAULT_VEHTYPE" speed="13.74" pos="0.70" lane=":3/2_0_0" slope="0.00"/>
        <vehicle id="24" x="136.58" y="398.35" angle="90.00" type="DEFAULT_VEHTYPE" speed="13.39" pos="136.58" lane="0/2to1/2_0" slope="0.00"/>
        <vehicle id="28" x="574.19" y="198.35" angle="90.00" type="DEFAULT_VEHTYPE" speed="9.89" pos="169.44" lane="2/1to3/1_0" slope="0.00"/>
        <vehicle id="29" x="601.65" y="473.92" angle="180.00" type="DEFAULT_VEHTYPE" speed="12.76" pos="69.17" lane="3/2to3/3_0" slope="0.00"/>
        <vehicle id="3" x="406.76" y="198.35" angle="90.00" type="DEFAULT_VEHTYPE" speed="6.97" pos="2.01" lane="2/1to3/1_0" slope="0.00"/>
        <vehicle id="33" x="466.93" y="401.65" angle="-90.00" type="DEFAULT_VEHTYPE" speed="13.64" pos="128.32" lane="3/2to2/2_0" slope="0.00"/>
        <vehicle id="37" x="398.35" y="365.74" angle="0.00" type="DEFAULT_VEHTYPE" speed="12.94" pos="29.51" lane="2/2to2/1_0" slope="0.00"/>
        <vehicle id="39" x="521.43" y="401.65" angle="-90.00" type="DEFAULT_VEHTYPE" speed="13.22" pos="73.82" lane="3/2to2/2_0" slope="0.00"/>
        <vehicle id="40" x="595.13" y="198.35" angle="90.00" type="DEFAULT_VEHTYPE" speed="2.39" pos="190.38" lane="2/1to3/1_0" slope="0.00"/>
        <vehicle id="42" x="201.65" y="270.64" angle="180.00" type="DEFAULT_VEHTYPE" speed="13.14" pos="65.89" lane="1/1to1/2_0" slope="0.00"/>
        <vehicle id="43" x="274.81" y="401.65" angle="-90.00" type="DEFAULT_VEHTYPE" speed="13.07" pos="120.44" lane="2/2to1/2_0" slope="0.00"/>
        <vehicle id="44" x="598.35" y="561.08" angle="0.00" type="DEFAULT_VEHTYPE" speed="13.17" pos="34.17" lane="3/3to3/2_0" slope="0.00"/>
        <vehicle id="48" x="461.46" y="198.35" angle="90.00" type="DEFAULT_VEHTYPE" speed="13.66" pos="56.71" lane="2/1to3/1_0" slope="0.00"/>
        <vehicle id="49" x="398.35" y="438.89" angle="0.00" type="DEFAULT_VEHTYPE" speed="13.12" pos="156.36" lane="2/3to2/2_0" slope="0.00"/>
        <vehicle id="5" x="203.84" y="401.65" angle="-90.00" type="DEFAULT_VEHTYPE" speed="6.76" pos="0.91" lane=":1/2_5_0" slope="0.00"/>
        <vehicle id="6" x="398.35" y="494.58" angle="0.00" type="DEFAULT_VEHTYPE" speed="13.22" pos="100.67" lane="2/3to2/2_0" slope="0.00"/>
        <vehicle id="7" x="201.65" y="459.86" angle="180.00" type="DEFAULT_VEHTYPE" speed="13.66" pos="55.11" lane="1/2to1/3_0" slope="0.00"/>
        <vehicle id="8" x="125.96" y="198.35" angle="90.00" type="DEFAULT_VEHTYPE" speed="13.38" pos="125.96" lane="0/1to1/1_0" slope="0.00"/>
        <vehicle id="9" x="387.46" y="198.35" angle="90.00" type="DEFAULT_VEHTYPE" speed="4.89" pos="182.71" lane="1/1to2/1_0" slope="0.00"/>
    </timestep>
    <timestep time="310.00">
        <vehicle id="0" x="517.74" y="198.35" angle="90.00" type="DEFAULT_VEHTYPE" speed="13.86" pos="112.99" lane="2/1to3/1_0" slope="0.00"/>
        <vehicle id="10" x="-0.66" y="198.79" angle="-29.63" type="DEFAULT_VEHTYPE" speed="13.44" pos="4.03" lane=":0/1_0_0" slope="0.00"/>
        <vehicle id="11" x="401.65" y="672.69" angle="180.00" type="DEFAULT_VEHTYPE" speed="13.49" pos="67.94" lane="2/3to2/4_0" slope="0.00"/>
        <vehicle id="15" x="601.65" y="239.24" angle="180.00" type="DEFAULT_VEHTYPE" speed="12.64" pos="34.49" lane="3/1to3/2_0" slope="0.00"/>
        <vehicle id="16" x="401.65" y="643.75" angle="180.00" type="DEFAULT_VEHTYPE" speed="12.75" pos="39.00" lane="2/3to2/4_0" slope="0.00"/>
        <vehicle id="17" x="386.65" y="598.35" angle="90.00" type="DEFAULT_VEHTYPE" speed="7.39" pos="181.90" lane="1/3to2/3_0" slope="0.00"/>
        <vehicle id="18" x="696.94" y="601.65" angle="-90.00" type="DEFAULT_VEHTYPE" speed="13.80" pos="103.06" lane="4/3to3/3_0" slope="0.00"/>
        <vehicle id="2" x="586.63" y="401.65" angle="-90.00" type="DEFAULT_VEHTYPE" speed="12.92" pos="8.62" lane="3/2to2/2_0" slope="0.00"/>
        <vehicle id="24" x="150.26" y="398.35" angle="90.00" type="DEFAULT_VEHTYPE" speed="13.68" pos="150.26" lane="0/2to1/2_0" slope="0.00"/>
        <vehicle id="28" x="581.21" y="198.35" angle="90.00" type="DEFAULT_VEHTYPE" speed="7.02" pos="176.46" lane="2/1to3/1_0" slope="0.00"/>
        <vehicle id="29" x="601.65" y="487.09" angle="180.00" type="DEFAULT_VEHTYPE" speed="13.17" pos="82.34" lane="3/2to3/3_0" slope="0.00"/>
        <vehicle id="3" x="416.10" y="198.35" angle="90.00" type="DEFAULT_VEHTYPE" speed="9.34" pos="11.35" lane="2/1to3/1_0" slope="0.00"/>
        <vehicle id="33" x="453.65" y="401.65" angle="-90.00" type="DEFAULT_VEHTYPE" speed="13.28" pos="141.60" lane="3/2to2/2_0" slope="0.00"/>
        <vehicle id="37" x="398.35" y="352.45" angle="0.00" type="DEFAULT_VEHTYPE" speed="13.29" pos="42.80" lane="2/2to2/1_0" slope="0.00"/>
        <vehicle id="39" x="507.76" y="401.65" angle="-90.00" type="DEFAULT_VEHTYPE" speed="13.67" pos="87.49" lane="3/2to2/2_0" slope="0.00"/>
        <vehicle id="40" x="598.94" y="199.29" angle="100.97" type="DEFAULT_VEHTYPE" speed="3.99" pos="3.87" lane=":3/1_14_0" slope="0.00"/>
        <vehicle id="42" x="201.65" y="284.35" angle="180.00" type="DEFAULT_VEHTYPE" speed="13.72" pos="79.60" lane="1/1to1/2_0" slope="0.00"/>
        <vehicle id="43" x="261.58" y="401.65" angle="-90.00" type="DEFAULT_VEHTYPE" speed="13.24" pos="133.67" lane="2/2to1/2_0" slope="0.00"/>
        <vehicle id="44" x="598.35" y="547.39" angle="0.00" type="DEFAULT_VEHTYPE" speed="13.69" pos="47.86" lane="3/3to3/2_0" slope="0.00"/>
        <vehicle id="48" x="474.30" y="198.35" angle="90.00" type="DEFAULT_VEHTYPE" speed="12.84" pos="69.55" lane="2/1to3/1_0" slope="0.00"/>
        <vehicle id="49" x="398.35" y="425.62" angle="0.00" type="DEFAULT_VEHTYPE" speed="13.26" pos="169.63" lane="2/3to2/2_0" slope="0.00"/>
        <vehicle id="5" x="195.59" y="401.65" angle="-90.00" type="DEFAULT_VEHTYPE" speed="8.24" pos="9.16" lane=":1/2_5_0" slope="0.00"/>
        <vehicle id="6" x="398.35" y="481.02" angle="0.00" type="DEFAULT_VEHTYPE" speed="13.57" pos="114.23" lane="2/3to2/2_0" slope="0.00"/>
        <vehicle id="7" x="201.65" y="472.71" angle="180.00" type="DEFAULT_VEHTYPE" speed="12.85" pos="67.96" lane="1/2to1/3_0" slope="0.00"/>
        <vehicle id="8" x="139.61" y="198.35" angle="90.00" type="DEFAULT_VEHTYPE" speed="13.65" pos="139.61" lane="0/1to1/1_0" slope="0.00"/>
        <vehicle id="9" x="390.10" y="198.35" angle="90.00" type="DEFAULT_VEHTYPE" speed="2.63" pos="185.35" lane="1/1to2/1_0" slope="0.00"/>
    </timestep>
    <timestep time="311.00">
        <vehicle id="0" x="531.58" y="198.35" angle="90.00" type="DEFAULT_VEHTYPE" speed="13.84" pos="126.83" lane="2/1to3/1_0" slope="0.00"/>
        <vehicle id="10" x="12.23" y="198.35" angle="90.00" type="DEFAULT_VEHTYPE" speed="13.01" pos="12.23" lane="0/1to1/1_0" slope="0.00"/>
        <vehicle id="11" x="401.65" y="685.38" angle="180.00" type="DEFAULT_VEHTYPE" speed="12.70" pos="80.63" lane="2/3to2/4_0" slope="0.00"/>
        <vehicle id="15" x="601.65" y="252.31" angle="180.00" type="DEFAULT_VEHTYPE" speed="13.07" pos="47.56" lane="3/1to3/2_0" slope="0.00"/>
        <vehicle id="16" x="401.65" y="656.81" angle="180.00" type="DEFAULT_VEHTYPE" speed="13.06" pos="52.06" lane="2/3to2/4_0" slope="0.00"/>
        <vehicle id="17" x="390.50" y="598.35" angle="90.00" type="DEFAULT_VEHTYPE" speed="3.85" pos="185.75" lane="1/3to2/3_0" slope="0.00"/>
        <vehicle id="18" x="684.22" y="601.65" angle="-90.00" type="DEFAULT_VEHTYPE" speed="12.72" pos="115.78" lane="4/3to3/3_0" slope="0.00"/>
        <vehicle id="2" x="572.99" y="401.65" angle="-90.00" type="DEFAULT_VEHTYPE" speed="13.64" pos="22.26" lane="3/2to2/2_0" slope="0.00"/>
        <vehicle id="24" x="164.05" y="398.35" angle="90.00" type="DEFAULT_VEHTYPE" speed="13.79" pos="164.05" lane="0/2to1/2_0" slope="0.00"/>
        <vehicle id="28" x="586.64" y="198.35" angle="90.00" type="DEFAULT_VEHTYPE" speed="5.42" pos="181.89" lane="2/1to3/1_0" slope="0.00"/>
        <vehicle id="29" x="601.65" y="500.63" angle="180.00" type="DEFAULT_VEHTYPE" speed="13.54" pos="95.88" lane="3/2to3/3_0" slope="0.00"/>
        <vehicle id="3" x="427.41" y="198.35" angle="90.00" type="DEFAULT_VEHTYPE" speed="11.31" pos="22.66" lane="2/1to3/1_0" slope="0.00"/>
        <vehicle id="33" x="440.21" y="401.65" angle="-90.00" type="DEFAULT_VEHTYPE" speed="13.44" pos="155.04" lane="3/2to2/2_0" slope="0.00"/>
        <vehicle id="37" x="398.35" y="339.32" angle="0.00" type="DEFAULT_VEHTYPE" speed="13.13" pos="55.93" lane="2/2to2/1_0" slope="0.00"/>
        <vehicle id="39" x="494.21" y="401.65" angle="-90.00" type="DEFAULT_VEHTYPE" speed="13.55" pos="101.04" lane="3/2to2/2_0" slope="0.00"/>
        <vehicle id="40" x="601.52" y="203.85" angle="153.74" type="DEFAULT_VEHTYPE" speed="5.54" pos="9.41" lane=":3/1_14_0" slope="0.00"/>
        <vehicle id="42" x="201.65" y="297.01" angle="180.00" type="DEFAULT_VEHTYPE" speed="12.66" pos="92.26" lane="1/1to1/2_0" slope="0.00"/>
        <vehicle id="43" x="248.04" y="401.65" angle="-90.00" type="DEFAULT_VEHTYPE" speed="13.54" pos="147.21" lane="2/2to1/2_0" slope="0.00"/>
        <vehicle id="44" x="598.35" y="533.63" angle="0.00" type="DEFAULT_VEHTYPE" speed="13.76" pos="61.62" lane="3/3to3/2_0" slope="0.00"/>
        <vehicle id="48" x="487.31" y="198.35" angle="90.00" type="DEFAULT_VEHTYPE" speed="13.02" pos="82.56" lane="2/1to3/1_0" slope="0.00"/>
        <vehicle id="49" x="398.35" y="412.02" angle="0.00" type="DEFAULT_VEHTYPE" speed="13.60" pos="183.23" lane="2/3to2/2_0" slope="0.00"/>
        <vehicle id="5" x="185.43" y="401.65" angle="-90.00" type="DEFAULT_VEHTYPE" speed="10.17" pos="9.82" lane="1/2to0/2_0" slope="0.00"/>
        <vehicle id="6" x="398.35" y="468.39" angle="0.00" type="DEFAULT_VEHTYPE" speed="12.63" pos="126.86" lane="2/3to2/2_0" slope="0.00"/>
        <vehicle id="7" x="201.65" y="485.52" angle="180.00" type="DEFAULT_VEHTYPE" speed="12.81" pos="80.77" lane="1/2to1/3_0" slope="0.00"/>
        <vehicle id="8" x="152.83" y="198.35" angle="90.00" type="DEFAULT_VEHTYPE" speed="13.22" pos="152.83" lane="0/1to1/1_0" slope="0.00"/>
        <vehicle id="9" x="394.22" y="198.35" angle="90.00" type="DEFAULT_VEHTYPE" speed="4.12" pos="189.47" lane="1/1to2/1_0" slope="0.00"/>
    </timestep>
    <timestep time="312.00">
        <vehicle id="0" x="544.25" y="198.35" angle="90.00" type="DEFAULT_VEHTYPE" speed="12.67" pos="139.50" lane="2/1to3/1_0" slope="0.00"/>
        <vehicle id="10" x="25.31" y="198.35" angle="90.00" type="DEFAULT_VEHTYPE" speed="13.09" pos="25.31" lane="0/1to1/1_0" slope="0.00"/>
        <vehicle id="11" x="401.65" y="698.16" angle="180.00" type="DEFAULT_VEHTYPE" speed="12.78" pos="93.41" lane="2/3to2/4_0" slope="0.00"/>
        <vehicle id="15" x="601.65" y="265.93" angle="180.00" type="DEFAULT_VEHTYPE" speed="13.62" pos="61.18" lane="3/1to3/2_0" slope="0.00"/>
        <vehicle id="16" x="401.65" y="669.77" angle="180.00" type="DEFAULT_VEHTYPE" speed="12.96" pos="65.02" lane="2/3to2/4_0" slope="0.00"/>
        <vehicle id="17" x="396.59" y="598.54" angle="92.19" type="DEFAULT_VEHTYPE" speed="6.10" pos="1.35" lane=":2/3_14_0" slope="0.00"/>
        <vehicle id="18" x="671.32" y="601.65" angle="-90.00" type="DEFAULT_VEHTYPE" speed="12.90" pos="128.68" lane="4/3to3/3_0" slope="0.00"/>
        <vehicle id="2" x="560.21" y="401.65" angle="-90.00" type="DEFAULT_VEHTYPE" speed="12.79" pos="35.04" lane="3/2to2/2_0" slope="0.00"/>
        <vehicle id="24" x="176.22" y="398.35" angle="90.00" type="DEFAULT_VEHTYPE" speed="12.17" pos="176.22" lane="0/2to1/2_0" slope="0.00"/>
        <vehicle id="28" x="589.91" y="198.35" angle="90.00" type="DEFAULT_VEHTYPE" speed="3.27" pos="185.16" lane="2/1to3/1_0" slope="0.00"/>
        <vehicle id="29" x="601.65" y="514.15" angle="180.00" type="DEFAULT_VEHTYPE" speed="13.52" pos="109.40" lane="3/2to3/3_0" slope="0.00"/>
        <vehicle id="3" x="440.58" y="198.35" angle="90.00" type="DEFAULT_VEHTYPE" speed="13.17" pos="35.83" lane="2/1to3/1_0" slope="0.00"/>
        <vehicle id="33" x="428.16" y="401.65" angle="-90.00" type="DEFAULT_VEHTYPE" speed="12.04" pos="167.09" lane="3/2to2/2_0" slope="0.00"/>
        <vehicle id="37" x="398.35" y="325.99" angle="0.00" type="DEFAULT_VEHTYPE" speed="13.33" pos="69.26" lane="2/2to2/1_0" slope="0.00"/>
        <vehicle id="39" x="480.80" y="401.65" angle="-90.00" type="DEFAULT_VEHTYPE" speed="13.41" pos="114.45" lane="3/2to2/2_0" slope="0.00"/>
        <vehicle id="40" x="601.65" y="211.59" angle="180.00" type="DEFAULT_VEHTYPE" speed="7.75" pos="6.84" lane="3/1to3/2_0" slope="0.00"/>
        <vehicle id="42" x="201.65" y="309.78" angle="180.00" type="DEFAULT_VEHTYPE" speed="12.77" pos="105.03" lane="1/1to1/2_0" slope="0.00"/>
        <vehicle id="43" x="234.48" y="401.65" angle="-90.00" type="DEFAULT_VEHTYPE" speed="13.57" pos="160.77" lane="2/2to1/2_0" slope="0.00"/>
        <vehicle id="44" x="598.35" y="520.29" angle="0.00" type="DEFAULT_VEHTYPE" speed="13.34" pos="74.96" lane="3/3to3/2_0" slope="0.00"/>
        <vehicle id="48" x="499.94" y="198.35" angle="90.00" type="DEFAULT_VEHTYPE" speed="12.63" pos="95.19" lane="2/1to3/1_0" slope="0.00"/>
        <vehicle id="49" x="398.35" y="398.97" angle="0.00" type="DEFAULT_VEHTYPE" speed="13.05" pos="5.78" lane=":2/2_1_0" slope="0.00"/>
        <vehicle id="5" x="173.18" y="401.65" angle="-90.00" type="DEFAULT_VEHTYPE" speed="12.25" pos="22.07" lane="1/2to0/2_0" slope="0.00"/>
        <vehicle id="6" x="398.35" y="455.00" angle="0.00" type="DEFAULT_VEHTYPE" speed="13.39" pos="140.25" lane="2/3to2/2_0" slope="0.00"/>
        <vehicle id="7" x="201.65" y="498.13" angle="180.00" type="DEFAULT_VEHTYPE" speed="12.60" pos="93.38" lane="1/2to1/3_0" slope="0.00"/>
        <vehicle id="8" x="166.03" y="198.35" angle="90.00" type="DEFAULT_VEHTYPE" speed="13.20" pos="166.03" lane="0/1to1/1_0" slope="0.00"/>
        <vehicle id="9" x="400.20" y="198.35" angle="90.00" type="DEFAULT_VEHTYPE" speed="5.98" pos="4.95" lane=":2/1_13_0" slope="0.00"/>
    </timestep>
    <timestep time="313.00">
        <vehicle id="0" x="557.55" y="198.35" angle="90.00" type="DEFAULT_VEHTYPE" speed="13.30" pos="152.80" lane="2/1to3/1_0" slope="0.00"/>
        <vehicle id="10" x="38.33" y="198.35" angle="90.00" type="DEFAULT_VEHTYPE" speed="13.02" pos="38.33" lane="0/1to1/1_0" slope="0.00"/>
        <vehicle id="11" x="401.65" y="711.90" angle="180.00" type="DEFAULT_VEHTYPE" speed="13.74" pos="107.15" lane="2/3to2/4_0" slope="0.00"/>
        <vehicle id="15" x="601.65" y="278.56" angle="180.00" type="DEFAULT_VEHTYPE" speed="12.64" pos="73.81" lane="3/1to3/2_0" slope="0.00"/>
        <vehicle id="16" x="401.65" y="682.53" angle="180.00" type="DEFAULT_VEHTYPE" speed="12.75" pos="77.78" lane="2/3to2/4_0" slope="0.00"/>
        <vehicle id="17" x="401.59" y="604.34" angle="158.74" type="DEFAULT_VEHTYPE" speed="8.56" pos="9.91" lane=":2/3_14_0" slope="0.00"/>
        <vehicle id="18" x="658.22" y="601.65" angle="-90.00" type="DEFAULT_VEHTYPE" speed="13.11" pos="141.78" lane="4/3to3/3_0" slope="0.00"/>
        <vehicle id="2" x="547.45" y="401.65" angle="-90.00" type="DEFAULT_VEHTYPE" speed="12.75" pos="47.80" lane="3/2to2/2_0" slope="0.00"/>
        <vehicle id="24" x="183.89" y="398.35" angle="90.00" type="DEFAULT_VEHTYPE" speed="7.67" pos="183.89" lane="0/2to1/2_0" slope="0.00"/>
        <vehicle id="28" x="594.50" y="198.35" angle="90.00" type="DEFAULT_VEHTYPE" speed="4.59" pos="189.75" lane="2/1to3/1_0" slope="0.00"/>
        <vehicle id="29" x="601.65" y="527.96" angle="180.00" type="DEFAULT_VEHTYPE" speed="13.80" pos="123.21" lane="3/2to3/3_0" slope="0.00"/>
        <vehicle id="3" x="453.45" y="198.35" angle="90.00" type="DEFAULT_VEHTYPE" speed="12.88" pos="48.70" lane="2/1to3/1_0" slope="0.00"/>
        <vehicle id="33" x="419.10" y="401.65" angle="-90.00" type="DEFAULT_VEHTYPE" speed="9.07" pos="176.15" lane="3/2to2/2_0" slope="0.00"/>
        <vehicle id="37" x="398.35" y="312.98" angle="0.00" type="DEFAULT_VEHTYPE" speed="13.01" pos="82.27" lane="2/2to2/1_0" slope="0.00"/>
        <vehicle id="39" x="467.34" y="401.65" angle="-90.00" type="DEFAULT_VEHTYPE" speed="13.47" pos="127.91" lane="3/2to2/2_0" slope="0.00"/>
        <vehicle id="40" x="601.65" y="221.30" angle="180.00" type="DEFAULT_VEHTYPE" speed="9.71" pos="16.55" lane="3/1to3/2_0" slope="0.00"/>
        <vehicle id="42" x="201.65" y="322.63" angle="180.00" type="DEFAULT_VEHTYPE" speed="12.85" pos="117.88" lane="1/1to1/2_0" slope="0.00"/>
        <vehicle id="43" x="223.74" y="401.65" angle="-90.00" type="DEFAULT_VEHTYPE" speed="10.74" pos="171.51" lane="2/2to1/2_0" slope="0.00"/>
        <vehicle id="44" x="598.35" y="507.17" angle="0.00" type="DEFAULT_VEHTYPE" speed="13.12" pos="88.08" lane="3/3to3/2_0" slope="0.00"/>
        <vehicle id="48" x="513.60" y="198.35" angle="90.00" type="DEFAULT_VEHTYPE" speed="13.66" pos="108.85" lane="2/1to3/1_0" slope="0.00"/>
        <vehicle id="49" x="398.35" y="385.58" angle="0.00" type="DEFAULT_VEHTYPE" speed="13.39" pos="9.67" lane="2/2to2/1_0" slope="0.00"/>
        <vehicle id="5" x="159.60" y="401.65" angle="-90.00" type="DEFAULT_VEHTYPE" speed="13.58" pos="35.65" lane="1/2to0/2_0" slope="0.00"/>
        <vehicle id="6" x="398.35" y="441.67" angle="0.00" type="DEFAULT_VEHTYPE" speed="13.33" pos="153.58" lane="2/3to2/2_0" slope="0.00"/>
        <vehicle id="7" x="201.65" y="510.96" angle="180.00" type="DEFAULT_VEHTYPE" speed="12.83" pos="106.21" lane="1/2to1/3_0" slope="0.00"/>
        <vehicle id="8" x="176.67" y="198.35" angle="90.00" type="DEFAULT_VEHTYPE" speed="10.65" pos="176.67" lane="0/1to1/1_0" slope="0.00"/>
        <vehicle id="9" x="407.52" y="198.35" angle="90.00" type="DEFAULT_VEHTYPE" speed="7.32" pos="2.77" lane="2/1to3/1_0" slope="0.00"/>
    </timestep>
    <timestep time="314.00">
        <vehicle id="0" x="571.12" y="198.35" angle="90.00" type="DEFAULT_VEHTYPE" speed="13.57" pos="166.37" lane="2/1to3/1_0" slope="0.00"/>
        <vehicle id="10" x="52.09" y="198.35" angle="90.00" type="DEFAULT_VEHTYPE" speed="13.76" pos="52.09" lane="0/1to1/1_0" slope="0.00"/>
        <vehicle id="11" x="401.65" y="725.38" angle="180.00" type="DEFAULT_VEHTYPE" speed="13.48" pos="120.63" lane="2/3to2/4_0" slope="0.00"/>
        <vehicle id="15" x="601.65" y="291.88" angle="180.00" type="DEFAULT_VEHTYPE" speed="13.31" pos="87.13" lane="3/1to3/2_0" slope="0.00"/>
        <vehicle id="16" x="401.65" y="696.15" angle="180.00" type="DEFAULT_VEHTYPE" speed="13.62" pos="91.40" lane="2/3to2/4_0" slope="0.00"/>
        <vehicle id="17" x="401.65" y="615.09" angle="180.00" type="DEFAULT_VEHTYPE" speed="10.75" pos="10.34" lane="2/3to2/4_0" slope="0.00"/>
        <vehicle id="18" x="645.26" y="601.65" angle="-90.00" type="DEFAULT_VEHTYPE" speed="12.95" pos="154.74" lane="4/3to3/3_0" slope="0.00"/>
        <vehicle id="2" x="533.96" y="401.65" angle="-90.00" type="DEFAULT_VEHTYPE" speed="13.49" pos="61.29" lane="3/2to2/2_0" slope="0.00"/>
        <vehicle id="24" x="188.78" y="398.35" angle="90.00" type="DEFAULT_VEHTYPE" speed="4.89" pos="188.78" lane="0/2to1/2_0" slope="0.00"/>
        <vehicle id="28" x="600.31" y="200.39" angle="113.86" type="DEFAULT_VEHTYPE" speed="6.42" pos="5.67" lane=":3/1_14_0" slope="0.00"/>
        <vehicle id="29" x="601.65" y="540.78" angle="180.00" type="DEFAULT_VEHTYPE" speed="12.83" pos="136.03" lane="3/2to3/3_0" slope="0.00"/>
        <vehicle id="3" x="466.61" y="198.35" angle="90.00" type="DEFAULT_VEHTYPE" speed="13.15" pos="61.86" lane="2/1to3/1_0" slope="0.00"/>
        <vehicle id="33" x="412.46" y="401.65" angle="-90.00" type="DEFAULT_VEHTYPE" speed="6.63" pos="182.79" lane="3/2to2/2_0" slope="0.00"/>
        <vehicle id="37" x="398.35" y="300.11" angle="0.00" type="DEFAULT_VEHTYPE" speed="12.87" pos="95.14" lane="2/2to2/1_0" slope="0.00"/>
        <vehicle id="39" x="454.24" y="401.65" angle="-90.00" type="DEFAULT_VEHTYPE" speed="13.10" pos="141.01" lane="3/2to2/2_0" slope="0.00"/>
        <vehicle id="40" x="601.65" y="233.43" angle="180.00" type="DEFAULT_VEHTYPE" speed="12.13" pos="28.68" lane="3/1to3/2_0" slope="0.00"/>
        <vehicle id="42" x="201.65" y="335.24" angle="180.00" type="DEFAULT_VEHTYPE" speed="12.61" pos="130.49" lane="1/1to1/2_0" slope="0.00"/>
        <vehicle id="43" x="215.57" y="401.65" angle="-90.00" type="DEFAULT_VEHTYPE" speed="8.17" pos="179.68" lane="2/2to1/2_0" slope="0.00"/>
        <vehicle id="44" x="598.35" y="493.75" angle="0.00" type="DEFAULT_VEHTYPE" speed="13.42" pos="101.50" lane="3/3to3/2_0" slope="0.00"/>
        <vehicle id="48" x="526.77" y="198.35" angle="90.00" type="DEFAULT_VEHTYPE" speed="13.17" pos="122.02" lane="2/1to3/1_0" slope="0.00"/>
        <vehicle id="49" x="398.35" y="371.93" angle="0.00" type="DEFAULT_VEHTYPE" speed="13.65" pos="23.32" lane="2/2to2/1_0" slope="0.00"/>
        <vehicle id="5" x="146.45" y="401.65" angle="-90.00" type="DEFAULT_VEHTYPE" speed="13.15" pos="48.80" lane="1/2to0/2_0" slope="0.00"/>
        <vehicle id="6" x="398.35" y="429.03" angle="0.00" type="DEFAULT_VEHTYPE" speed="12.64" pos="166.22" lane="2/3to2/2_0" slope="0.00"/>
        <vehicle id="7" x="201.65" y="523.94" angle="180.00" type="DEFAULT_VEHTYPE" speed="12.99" pos="119.19" lane="1/2to1/3_0" slope="0.00"/>
        <vehicle id="8" x="184.65" y="198.35" angle="90.00" type="DEFAULT_VEHTYPE" speed="7.97" pos="184.65" lane="0/1to1/1_0" slope="0.00"/>
        <vehicle id="9" x="416.82" y="198.35" angle="90.00" type="DEFAULT_VEHTYPE" speed="9.30" pos="12.07" lane="2/1to3/1_0" slope="0.00"/>
    </timestep>
    <timestep time="315.00">
        <vehicle id="0" x="581.11" y="198.35" angle="90.00" type="DEFAULT_VEHTYPE" speed="10.00" pos="176.36" lane="2/1to3/1_0" slope="0.00"/>
        <vehicle id="10" x="65.14" y="198.35" angle="90.00" type="DEFAULT_VEHTYPE" speed="13.05" pos="65.14" lane="0/1to1/1_0" slope="0.00"/>
        <vehicle id="11" x="401.65" y="738.08" angle="180.00" type="DEFAULT_VEHTYPE" speed="12.69" pos="133.33" lane="2/3to2/4_0" slope="0.00"/>
        <vehicle id="15" x="601.65" y="304.61" angle="180.00" type="DEFAULT_VEHTYPE" speed="12.73" pos="99.86" lane="3/1to3/2_0" slope="0.00"/>
        <vehicle id="16" x="401.65" y="709.51" angle="180.00" type="DEFAULT_VEHTYPE" speed="13.36" pos="104.76" lane="2/3to2/4_0" slope="0.00"/>
        <vehicle id="17" x="401.65" y="627.44" angle="180.00" type="DEFAULT_VEHTYPE" speed="12.35" pos="22.69" lane="2/3to2/4_0" slope="0.00"/>
        <vehicle id="18" x="632.59" y="601.65" angle="-90.00" type="DEFAULT_VEHTYPE" speed="12.68" pos="167.41" lane="4/3to3/3_0" slope="0.00"/>
        <vehicle id="2" x="520.63" y="401.65" angle="-90.00" type="DEFAULT_VEHTYPE" speed="13.33" pos="74.62" lane="3/2to2/2_0" slope="0.00"/>
        <vehicle id="24" x="191.54" y="398.35" angle="90.00" type="DEFAULT_VEHTYPE" speed="2.76" pos="191.54" lane="0/2to1/2_0" slope="0.00"/>
        <vehicle id="28" x="601.65" y="208.85" angle="178.54" type="DEFAULT_VEHTYPE" speed="8.75" pos="4.10" lane="3/1to3/2_0" slope="0.00"/>
        <vehicle id="29" x="601.65" y="553.76" angle="180.00" type="DEFAULT_VEHTYPE" speed="12.98" pos="149.01" lane="3/2to3/3_0" slope="0.00"/>
        <vehicle id="3" x="479.76" y="198.35" angle="90.00" type="DEFAULT_VEHTYPE" speed="13.15" pos="75.01" lane="2/1to3/1_0" slope="0.00"/>
        <vehicle id="33" x="409.35" y="401.65" angle="-90.00" type="DEFAULT_VEHTYPE" speed="3.12" pos="185.90" lane="3/2to2/2_0" slope="0.00"/>
        <vehicle id="37" x="398.35" y="287.14" angle="0.00" type="DEFAULT_VEHTYPE" speed="12.97" pos="108.11" lane="2/2to2/1_0" slope="0.00"/>
        <vehicle id="39" x="440.91" y="401.65" angle="-90.00" type="DEFAULT_VEHTYPE" speed="13.32" pos="154.34" lane="3/2to2/2_0" slope="0.00"/>
        <vehicle id="40" x="601.65" y="247.14" angle="180.00" type="DEFAULT_VEHTYPE" speed="13.70" pos="42.39" lane="3/1to3/2_0" slope="0.00"/>
        <vehicle id="42" x="201.65" y="348.86" angle="180.00" type="DEFAULT_VEHTYPE" speed="13.62" pos="144.11" lane="1/1to1/2_0" slope="0.00"/>
        <vehicle id="43" x="210.61" y="401.65" angle="-90.00" type="DEFAULT_VEHTYPE" speed="4.96" pos="184.64" lane="2/2to1/2_0" slope="0.00"/>
        <vehicle id="44" x="598.35" y="480.46" angle="0.00" type="DEFAULT_VEHTYPE" speed="13.30" pos="114.79" lane="3/3to3/2_0" slope="0.00"/>
        <vehicle id="48" x="539.60" y="198.35" angle="90.00" type="DEFAULT_VEHTYPE" speed="12.83" pos="134.85" lane="2/1to3/1_0" slope="0.00"/>
        <vehicle id="49" x="398.35" y="358.69" angle="0.00" type="DEFAULT_VEHTYPE" speed="13.24" pos="36.56" lane="2/2to2/1_0" slope="0.00"/>
        <vehicle id="5" x="132.81" y="401.65" angle="-90.00" type="DEFAULT_VEHTYPE" speed="13.64" pos="62.44" lane="1/2to0/2_0" slope="0.00"/>
        <vehicle id="6" x="398.35" y="415.87" angle="0.00" type="DEFAULT_VEHTYPE" speed="13.16" pos="179.38" lane="2/3to2/2_0" slope="0.00"/>
        <vehicle id="7" x="201.65" y="537.75" angle="180.00" type="DEFAULT_VEHTYPE" speed="13.81" pos="133.00" lane="1/2to1/3_0" slope="0.00"/>
        <vehicle id="8" x="189.65" y="198.35" angle="90.00" type="DEFAULT_VEHTYPE" speed="5.00" pos="189.65" lane="0/1to1/1_0" slope="0.00"/>
        <vehicle id="9" x="427.83" y="198.35" angle="90.00" type="DEFAULT_VEHTYPE" speed="11.01" pos="23.08" lane="2/1to3/1_0" slope="0.00"/>
    </timestep>
    <timestep time="316.00">
        <vehicle id="0" x="586.61" y="198.35" angle="90.00" type="DEFAULT_VEHTYPE" speed="5.50" pos="181.86" lane="2/1to3/1_0" slope="0.00"/>
        <vehicle id="10" x="78.15" y="198.35" angle="90.00" type="DEFAULT_VEHTYPE" speed="13.01" pos="78.15" lane="0/1to1/1_0" slope="0.00"/>
        <vehicle id="11" x="401.65" y="751.32" angle="180.00" type="DEFAULT_VEHTYPE" speed="13.24" pos="146.57" lane="2/3to2/4_0" slope="0.00"/>
        <vehicle id="15" x="601.65" y="318.29" angle="180.00" type="DEFAULT_VEHTYPE" speed="13.68" pos="113.54" lane="3/1to3/2_0" slope="0.00"/>
        <vehicle id="16" x="401.65" y="723.11" angle="180.00" type="DEFAULT_VEHTYPE" speed="13.60" pos="118.36" lane="2/3to2/4_0" slope="0.00"/>
        <vehicle id="17" x="401.65" y="641.10" angle="180.00" type="DEFAULT_VEHTYPE" speed="13.66" pos="36.35" lane="2/3to2/4_0" slope="0.00"/>
        <vehicle id="18" x="621.53" y="601.65" angle="-90.00" type="DEFAULT_VEHTYPE" speed="11.06" pos="178.47" lane="4/3to3/3_0" slope="0.00"/>
        <vehicle id="2" x="507.61" y="401.65" angle="-90.00" type="DEFAULT_VEHTYPE" speed="13.02" pos="87.64" lane="3/2to2/2_0" slope="0.00"/>
        <vehicle id="24" x="192.28" y="398.35" angle="90.00" type="DEFAULT_VEHTYPE" speed="0.74" pos="192.28" lane="0/2to1/2_0" slope="0.00"/>
        <vehicle id="28" x="601.65" y="220.06" angle="180.00" type="DEFAULT_VEHTYPE" speed="11.21" pos="15.31" lane="3/1to3/2_0" slope="0.00"/>
        <vehicle id="29" x="601.65" y="566.87" angle="180.00" type="DEFAULT_VEHTYPE" speed="13.11" pos="162.12" lane="3/2to3/3_0" slope="0.00"/>
        <vehicle id="3" x="493.43" y="198.35" angle="90.00" type="DEFAULT_VEHTYPE" speed="13.67" pos="88.68" lane="2/1to3/1_0" slope="0.00"/>
        <vehicle id="33" x="408.41" y="401.65" angle="-90.00" type="DEFAULT_VEHTYPE" speed="0.94" pos="186.84" lane="3/2to2/2_0" slope="0.00"/>
        <vehicle id="37" x="398.35" y="274.24" angle="0.00" type="DEFAULT_VEHTYPE" speed="12.91" pos="121.01" lane="2/2to2/1_0" slope="0.00"/>
        <vehicle id="39" x="430.34" y="401.65" angle="-90.00" type="DEFAULT_VEHTYPE" speed="10.57" pos="164.91" lane="3/2to2/2_0" slope="0.00"/>
        <vehicle id="40" x="601.65" y="260.29" angle="180.00" type="DEFAULT_VEHTYPE" speed="13.15" pos="55.54" lane="3/1to3/2_0" slope="0.00"/>
        <vehicle id="42" x="201.65" y="361.53" angle="180.00" type="DEFAULT_VEHTYPE" speed="12.67" pos="156.78" lane="1/1to1/2_0" slope="0.00"/>
        <vehicle id="43" x="203.92" y="401.65" angle="-90.00" type="DEFAULT_VEHTYPE" speed="6.69" pos="0.83" lane=":1/2_5_0" slope="0.00"/>
        <vehicle id="44" x="598.35" y="466.74" angle="0.00" type="DEFAULT_VEHTYPE" speed="13.71" pos="128.51" lane="3/3to3/2_0" slope="0.00"/>
        <vehicle id="48" x="552.34" y="198.35" angle="90.00" type="DEFAULT_VEHTYPE" speed="12.74" pos="147.59" lane="2/1to3/1_0" slope="0.00"/>
        <vehicle id="49" x="398.35" y="344.89" angle="0.00" type="DEFAULT_VEHTYPE" speed="13.80" pos="50.36" lane="2/2to2/1_0" slope="0.00"/>
        <vehicle id="5" x="119.27" y="401.65" angle="-90.00" type="DEFAULT_VEHTYPE" speed="13.55" pos="75.98" lane="1/2to0/2_0" slope="0.00"/>
        <vehicle id="6" x="398.35" y="402.60" angle="0.00" type="DEFAULT_VEHTYPE" speed="13.28" pos="2.15" lane=":2/2_1_0" slope="0.00"/>
        <vehicle id="7" x="201.65" y="551.46" angle="180.00" type="DEFAULT_VEHTYPE" speed="13.71" pos="146.71" lane="1/2to1/3_0" slope="0.00"/>
        <vehicle id="8" x="196.51" y="198.17" angle="87.98" type="DEFAULT_VEHTYPE" speed="6.87" pos="1.27" lane=":1/1_12_0" slope="0.00"/>
        <vehicle id="9" x="440.24" y="198.35" angle="90.00" type="DEFAULT_VEHTYPE" speed="12.41" pos="35.49" lane="2/1to3/1_0" slope="0.00"/>
    </timestep>
    <timestep time="317.00">
        <vehicle id="0" x="590.18" y="198.35" angle="90.00" type="DEFAULT_VEHTYPE" speed="3.57" pos="185.43" lane="2/1to3/1_0" slope="0.00"/>
        <vehicle id="10" x="91.97" y="198.35" angle="90.00" type="DEFAULT_VEHTYPE" speed="13.82" pos="91.97" lane="0/1to1/1_0" slope="0.00"/>
        <vehicle id="11" x="401.65" y="764.34" angle="180.00" type="DEFAULT_VEHTYPE" speed="13.02" pos="159.59" lane="2/3to2/4_0" slope="0.00"/>
        <vehicle id="15" x="601.65" y="330.98" angle="180.00" type="DEFAULT_VEHTYPE" speed="12.68" pos="126.23" lane="3/1to3/2_0" slope="0.00"/>
        <vehicle id="16" x="401.65" y="736.72" angle="180.00" type="DEFAULT_VEHTYPE" speed="13.61" pos="131.97" lane="2/3to2/4_0" slope="0.00"/>
        <vehicle id="17" x="401.65" y="654.97" angle="180.00" type="DEFAULT_VEHTYPE" speed="13.87" pos="50.22" lane="2/3to2/4_0" slope="0.00"/>
        <vehicle id="18" x="614.93" y="601.65" angle="-90.00" type="DEFAULT_VEHTYPE" speed="6.60" pos="185.07" lane="4/3to3/3_0" slope="0.00"/>
        <vehicle id="2" x="493.94" y="401.65" angle="-90.00" type="DEFAULT_VEHTYPE" speed="13.67" pos="101.31" lane="3/2to2/2_0" slope="0.00"/>
        <vehicle id="24" x="192.51" y="398.35" angle="90.00" type="DEFAULT_VEHTYPE" speed="0.23" pos="192.51" lane="0/2to1/2_0" slope="0.00"/>
        <vehicle id="28" x="601.65" y="233.22" angle="180.00" type="DEFAULT_VEHTYPE" speed="13.16" pos="28.47" lane="3/1to3/2_0" slope="0.00"/>
        <vehicle id="29" x="601.65" y="580.20" angle="180.00" type="DEFAULT_VEHTYPE" speed="13.33" pos="175.45" lane="3/2to3/3_0" slope="0.00"/>
        <vehicle id="3" x="506.45" y="198.35" angle="90.00" type="DEFAULT_VEHTYPE" speed="13.01" pos="101.70" lane="2/1to3/1_0" slope="0.00"/>
        <vehicle id="33" x="407.50" y="401.65" angle="-90.00" type="DEFAULT_VEHTYPE" speed="0.90" pos="187.75" lane="3/2to2/2_0" slope="0.00"/>
        <vehicle id="37" x="398.35" y="260.68" angle="0.00" type="DEFAULT_VEHTYPE" speed="13.56" pos="134.57" lane="2/2to2/1_0" slope="0.00"/>
        <vehicle id="39" x="423.79" y="401.65" angle="-90.00" type="DEFAULT_VEHTYPE" speed="6.55" pos="171.46" lane="3/2to2/2_0" slope="0.00"/>
        <vehicle id="40" x="601.65" y="273.95" angle="180.00" type="DEFAULT_VEHTYPE" speed="13.66" pos="69.20" lane="3/1to3/2_0" slope="0.00"/>
        <vehicle id="42" x="201.65" y="374.65" angle="180.00" type="DEFAULT_VEHTYPE" speed="13.12" pos="169.90" lane="1/1to1/2_0" slope="0.00"/>
        <vehicle id="43" x="195.79" y="401.65" angle="-90.00" type="DEFAULT_VEHTYPE" speed="8.13" pos="8.96" lane=":1/2_5_0" slope="0.00"/>
        <vehicle id="44" x="598.35" y="453.76" angle="0.00" type="DEFAULT_VEHTYPE" speed="12.99" pos="141.49" lane="3/3to3/2_0" slope="0.00"/>
        <vehicle id="48" x="565.14" y="198.35" angle="90.00" type="DEFAULT_VEHTYPE" speed="12.80" pos="160.39" lane="2/1to3/1_0" slope="0.00"/>
        <vehicle id="49" x="398.35" y="332.28" angle="0.00" type="DEFAULT_VEHTYPE" speed="12.60" pos="62.97" lane="2/2to2/1_0" slope="0.00"/>
        <vehicle id="5" x="105.82" y="401.65" angle="-90.00" type="DEFAULT_VEHTYPE" speed="13.44" pos="89.43" lane="1/2to0/2_0" slope="0.00"/>
        <vehicle id="6" x="398.35" y="389.78" angle="0.00" type="DEFAULT_VEHTYPE" speed="12.81" pos="5.47" lane="2/2to2/1_0" slope="0.00"/>
        <vehicle id="7" x="201.65" y="565.31" angle="180.00" type="DEFAULT_VEHTYPE" speed="13.85" pos="160.56" lane="1/2to1/3_0" slope="0.00"/>
        <vehicle id="8" x="198.35" y="189.65" angle="0.00" type="DEFAULT_VEHTYPE" speed="9.33" pos="5.60" lane="1/1to1/0_0" slope="0.00"/>
        <vehicle id="9" x="453.01" y="198.35" angle="90.00" type="DEFAULT_VEHTYPE" speed="12.77" pos="48.26" lane="2/1to3/1_0" slope="0.00"/>
    </timestep>
    <timestep time="318.00">
        <vehicle id="0" x="595.39" y="198.37" angle="90.24" type="DEFAULT_VEHTYPE" speed="5.22" pos="0.15" lane=":3/1_14_0" slope="0.00"/>
        <vehicle id="10" x="105.86" y="198.35" angle="90.00" type="DEFAULT_VEHTYPE" speed="13.90" pos="105.86" lane="0/1to1/1_0" slope="0.00"/>
        <vehicle id="11" x="401.65" y="778.02" angle="180.00" type="DEFAULT_VEHTYPE" speed="13.68" pos="173.27" lane="2/3to2/4_0" slope="0.00"/>
        <vehicle id="15" x="601.65" y="344.00" angle="180.00" type="DEFAULT_VEHTYPE" speed="13.02" pos="139.25" lane="3/1to3/2_0" slope="0.00"/>
        <vehicle id="16" x="401.65" y="749.66" angle="180.00" type="DEFAULT_VEHTYPE" speed="12.94" pos="144.91" lane="2/3to2/4_0" slope="0.00"/>
        <vehicle id="17" x="401.65" y="668.66" angle="180.00" type="DEFAULT_VEHTYPE" speed="13.69" pos="63.91" lane="2/3to2/4_0" slope="0.00"/>
        <vehicle id="18" x="610.00" y="601.65" angle="-90.00" type="DEFAULT_VEHTYPE" speed="4.93" pos="190.00" lane="4/3to3/3_0" slope="0.00"/>
        <vehicle id="2" x="480.28" y="401.65" angle="-90.00" type="DEFAULT_VEHTYPE" speed="13.66" pos="114.97" lane="3/2to2/2_0" slope="0.00"/>
        <vehicle id="24" x="192.67" y="398.35" angle="90.00" type="DEFAULT_VEHTYPE" speed="0.16" pos="192.67" lane="0/2to1/2_0" slope="0.00"/>
        <vehicle id="28" x="601.65" y="245.88" angle="180.00" type="DEFAULT_VEHTYPE" speed="12.66" pos="41.13" lane="3/1to3/2_0" slope="0.00"/>
        <vehicle id="29" x="601.65" y="593.39" angle="180.00" type="DEFAULT_VEHTYPE" speed="13.18" pos="188.64" lane="3/2to3/3_0" slope="0.00"/>
        <vehicle id="3" x="520.19" y="198.35" angle="90.00" type="DEFAULT_VEHTYPE" speed="13.74" pos="115.44" lane="2/1to3/1_0" slope="0.00"/>
        <vehicle id="33" x="405.26" y="401.65" angle="-90.00" type="DEFAULT_VEHTYPE" speed="2.24" pos="189.99" lane="3/2to2/2_0" slope="0.00"/>
        <vehicle id="37" x="398.35" y="248.05" angle="0.00" type="DEFAULT_VEHTYPE" speed="12.62" pos="147.20" lane="2/2to2/1_0" slope="0.00"/>
        <vehicle id="39" x="418.74" y="401.65" angle="-90.00" type="DEFAULT_VEHTYPE" speed="5.05" pos="176.51" lane="3/2to2/2_0" slope="0.00"/>
        <vehicle id="40" x="601.65" y="287.01" angle="180.00" type="DEFAULT_VEHTYPE" speed="13.05" pos="82.26" lane="3/1to3/2_0" slope="0.00"/>
        <vehicle id="42" x="201.65" y="387.32" angle="180.00" type="DEFAULT_VEHTYPE" speed="12.66" pos="182.57" lane="1/1to1/2_0" slope="0.00"/>
        <vehicle id="43" x="185.13" y="401.65" angle="-90.00" type="DEFAULT_VEHTYPE" speed="10.66" pos="10.12" lane="1/2to0/2_0" slope="0.00"/>
        <vehicle id="44" x="598.35" y="440.27" angle="0.00" type="DEFAULT_VEHTYPE" speed="13.49" pos="154.98" lane="3/3to3/2_0" slope="0.00"/>
        <vehicle id="48" x="573.66" y="198.35" angle="90.00" type="DEFAULT_VEHTYPE" speed="8.52" pos="168.91" lane="2/1to3/1_0" slope="0.00"/>
        <vehicle id="49" x="398.35" y="318.54" angle="0.00" type="DEFAULT_VEHTYPE" speed="13.74" pos="76.71" lane="2/2to2/1_0" slope="0.00"/>
        <vehicle id="5" x="93.02" y="401.65" angle="-90.00" type="DEFAULT_VEHTYPE" speed="12.80" pos="102.23" lane="1/2to0/2_0" slope="0.00"/>
        <vehicle id="6" x="398.35" y="376.91" angle="0.00" type="DEFAULT_VEHTYPE" speed="12.88" pos="18.34" lane="2/2to2/1_0" slope="0.00"/>
        <vehicle id="7" x="201.65" y="578.98" angle="180.00" type="DEFAULT_VEHTYPE" speed="13.67" pos="174.23" lane="1/2to1/3_0" slope="0.00"/>
        <vehicle id="8" x="198.35" y="178.43" angle="0.00" type="DEFAULT_VEHTYPE" speed="11.22" pos="16.82" lane="1/1to1/0_0" slope="0.00"/>
        <vehicle id="9" x="465.91" y="198.35" angle="90.00" type="DEFAULT_VEHTYPE" speed="12.90" pos="61.16" lane="2/1to3/1_0" slope="0.00"/>
    </timestep>
    <timestep time="319.00">
        <vehicle id="0" x="601.13" y="201.75" angle="130.19" type="DEFAULT_VEHTYPE" speed="7.11" pos="7.26" lane=":3/1_14_0" slope="0.00"/>
        <vehicle id="10" x="119.48" y="198.35" angle="90.00" type="DEFAULT_VEHTYPE" speed="13.61" pos="119.48" lane="0/1to1/1_0" slope="0.00"/>
        <vehicle id="11" x="401.65" y="791.82" angle="180.00" type="DEFAULT_VEHTYPE" speed="13.80" pos="187.07" lane="2/3to2/4_0" slope="0.00"/>
        <vehicle id="15" x="601.65" y="356.90" angle="180.00" type="DEFAULT_VEHTYPE" speed="12.90" pos="152.15" lane="3/1to3/2_0" slope="0.00"/>
        <vehicle id="16" x="401.65" y="763.18" angle="180.00" type="DEFAULT_VEHTYPE" speed="13.53" pos="158.43" lane="2/3to2/4_0" slope="0.00"/>
        <vehicle id="17" x="401.65" y="681.85" angle="180.00" type="DEFAULT_VEHTYPE" speed="13.19" pos="77.10" lane="2/3to2/4_0" slope="0.00"/>
        <vehicle id="18" x="603.07" y="601.41" angle="-87.25" type="DEFAULT_VEHTYPE" speed="6.94" pos="1.69" lane=":3/3_6_0" slope="0.00"/>
        <vehicle id="2" x="467.20" y="401.65" angle="-90.00" type="DEFAULT_VEHTYPE" speed="13.08" pos="128.05" lane="3/2to2/2_0" slope="0.00"/>
        <vehicle id="24" x="192.74" y="398.35" angle="90.00" type="DEFAULT_VEHTYPE" speed="0.06" pos="192.74" lane="0/2to1/2_0" slope="0.00"/>
        <vehicle id="28" x="601.65" y="259.05" angle="180.00" type="DEFAULT_VEHTYPE" speed="13.16" pos="54.30" lane="3/1to3/2_0" slope="0.00"/>
        <vehicle id="29" x="611.61" y="598.35" angle="90.00" type="DEFAULT_VEHTYPE" speed="13.72" pos="6.86" lane="3/3to4/3_0" slope="0.00"/>
        <vehicle id="3" x="532.82" y="198.35" angle="90.00" type="DEFAULT_VEHTYPE" speed="12.63" pos="128.07" lane="2/1to3/1_0" slope="0.00"/>
        <vehicle id="33" x="401.31" y="400.87" angle="-80.85" type="DEFAULT_VEHTYPE" speed="4.08" pos="3.57" lane=":2/2_6_0" slope="0.00"/>
        <vehicle id="37" x="398.35" y="234.84" angle="0.00" type="DEFAULT_VEHTYPE" speed="13.22" pos="160.41" lane="2/2to2/1_0" slope="0.00"/>
        <vehicle id="39" x="415.49" y="401.65" angle="-90.00" type="DEFAULT_VEHTYPE" speed="3.26" pos="179.76" lane="3/2to2/2_0" slope="0.00"/>
        <vehicle id="40" x="601.65" y="300.35" angle="180.00" type="DEFAULT_VEHTYPE" speed="13.35" pos="95.60" lane="3/1to3/2_0" slope="0.00"/>
        <vehicle id="42" x="201.65" y="400.84" angle="180.00" type="DEFAULT_VEHTYPE" speed="13.52" pos="5.59" lane=":1/2_9_0" slope="0.00"/>
        <vehicle id="43" x="172.53" y="401.65" angle="-90.00" type="DEFAULT_VEHTYPE" speed="12.60" pos="22.72" lane="1/2to0/2_0" slope="0.00"/>
        <vehicle id="44" x="598.35" y="426.44" angle="0.00" type="DEFAULT_VEHTYPE" speed="13.83" pos="168.81" lane="3/3to3/2_0" slope="0.00"/>
        <vehicle id="48" x="582.36" y="198.35" angle="90.00" type="DEFAULT_VEHTYPE" speed="8.70" pos="177.61" lane="2/1to3/1_0" slope="0.00"/>
        <vehicle id="49" x="398.35" y="305.87" angle="0.00" type="DEFAULT_VEHTYPE" speed="12.67" pos="89.38" lane="2/2to2/1_0" slope="0.00"/>
        <vehicle id="5" x="79.29" y="401.65" angle="-90.00" type="DEFAULT_VEHTYPE" speed="13.74" pos="115.96" lane="1/2to0/2_0" slope="0.00"/>
        <vehicle id="6" x="398.35" y="364.11" angle="0.00" type="DEFAULT_VEHTYPE" speed="12.80" pos="31.14" lane="2/2to2/1_0" slope="0.00"/>
        <vehicle id="7" x="201.65" y="592.61" angle="180.00" type="DEFAULT_VEHTYPE" speed="13.63" pos="187.86" lane="1/2to1/3_0" slope="0.00"/>
        <vehicle id="8" x="198.35" y="164.64" angle="0.00" type="DEFAULT_VEHTYPE" speed="13.79" pos="30.61" lane="1/1to1/0_0" slope="0.00"/>
        <vehicle id="9" x="479.23" y="198.35" angle="90.00" type="DEFAULT_VEHTYPE" speed="13.31" pos="74.48" lane="2/1to3/1_0" slope="0.00"/>
    </timestep>
    <timestep time="320.00">
        <vehicle id="0" x="601.65" y="210.58" angle="180.00" type="DEFAULT_VEHTYPE" speed="8.89" pos="5.83" lane="3/1to3/2_0" slope="0.00"/>
        <vehicle id="10" x="132.70" y="198.35" angle="90.00" type="DEFAULT_VEHTYPE" speed="13.22" pos="132.70" lane="0/1to1/1_0" slope="0.00"/>
        <vehicle id="11" x="398.37" y="800.03" angle="-94.17" type="DEFAULT_VEHTYPE" speed="12.96" pos="4.79" lane=":2/4_0_0" slope="0.00"/>
        <vehicle id="15" x="601.65" y="369.56" angle="180.00" type="DEFAULT_VEHTYPE" speed="12.66" pos="164.81" lane="3/1to3/2_0" slope="0.00"/>
        <vehicle id="16" x="401.65" y="776.31" angle="180.00" type="DEFAULT_VEHTYPE" speed="13.13" pos="171.56" lane="2/3to2/4_0" slope="0.00"/>
        <vehicle id="17" x="401.65" y="695.37" angle="180.00" type="DEFAULT_VEHTYPE" speed="13.53" pos="90.62" lane="2/3to2/4_0" slope="0.00"/>
        <vehicle id="18" x="598.39" y="595.55" angle="-20.20" type="DEFAULT_VEHTYPE" speed="8.32" pos="10.01" lane=":3/3_6_0" slope="0.00"/>
        <vehicle id="2" x="453.37" y="401.65" angle="-90.00" type="DEFAULT_VEHTYPE" speed="13.83" pos="141.88" lane="3/2to2/2_0" slope="0.00"/>
        <vehicle id="24" x="192.75" y="398.35" angle="90.00" type="DEFAULT_VEHTYPE" speed="0.01" pos="192.75" lane="0/2to1/2_0" slope="0.00"/>
        <vehicle id="28" x="601.65" y="272.21" angle="180.00" type="DEFAULT_VEHTYPE" speed="13.16" pos="67.46" lane="3/1to3/2_0" slope="0.00"/>
        <vehicle id="29" x="625.15" y="598.35" angle="90.00" type="DEFAULT_VEHTYPE" speed="13.54" pos="20.40" lane="3/3to4/3_0" slope="0.00"/>
        <vehicle id="3" x="545.50" y="198.35" angle="90.00" type="DEFAULT_VEHTYPE" speed="12.68" pos="140.75" lane="2/1to3/1_0" slope="0.00"/>
        <vehicle id="33" x="398.40" y="395.62" angle="-20.90" type="DEFAULT_VEHTYPE" speed="6.37" pos="9.94" lane=":2/2_6_0" slope="0.00"/>
        <vehicle id="37" x="398.35" y="221.49" angle="0.00" type="DEFAULT_VEHTYPE" speed="13.35" pos="173.76" lane="2/2to2/1_0" slope="0.00"/>
        <vehicle id="39" x="412.14" y="401.65" angle="-90.00" type="DEFAULT_VEHTYPE" speed="3.34" pos="183.11" lane="3/2to2/2_0" slope="0.00"/>
        <vehicle id="40" x="601.65" y="313.29" angle="180.00" type="DEFAULT_VEHTYPE" speed="12.93" pos="108.54" lane="3/1to3/2_0" slope="0.00"/>
        <vehicle id="42" x="201.65" y="413.91" angle="180.00" type="DEFAULT_VEHTYPE" speed="13.07" pos="9.16" lane="1/2to1/3_0" slope="0.00"/>
        <vehicle id="43" x="159.33" y="401.65" angle="-90.00" type="DEFAULT_VEHTYPE" speed="13.21" pos="35.92" lane="1/2to0/2_0" slope="0.00"/>
        <vehicle id="44" x="598.35" y="412.77" angle="0.00" type="DEFAULT_VEHTYPE" speed="13.66" pos="182.48" lane="3/3to3/2_0" slope="0.00"/>
        <vehicle id="48" x="587.35" y="198.35" angle="90.00" type="DEFAULT_VEHTYPE" speed="4.99" pos="182.60" lane="2/1to3/1_0" slope="0.00"/>
        <vehicle id="49" x="398.35" y="292.44" angle="0.00" type="DEFAULT_VEHTYPE" speed="13.43" pos="102.81" lane="2/2to2/1_0" slope="0.00"/>
        <vehicle id="5" x="65.57" y="401.65" angle="-90.00" type="DEFAULT_VEHTYPE" speed="13.71" pos="129.68" lane="1/2to0/2_0" slope="0.00"/>
        <vehicle id="6" x="398.35" y="350.88" angle="0.00" type="DEFAULT_VEHTYPE" speed="13.23" pos="44.37" lane="2/2to2/1_0" slope="0.00"/>
        <vehicle id="7" x="210.37" y="598.35" angle="90.00" type="DEFAULT_VEHTYPE" speed="13.26" pos="5.62" lane="1/3to2/3_0" slope="0.00"/>
        <vehicle id="8" x="198.35" y="151.94" angle="0.00" type="DEFAULT_VEHTYPE" speed="12.69" pos="43.31" lane="1/1to1/0_0" slope="0.00"/>
        <vehicle id="9" x="492.22" y="198.35" angle="90.00" type="DEFAULT_VEHTYPE" speed="13.00" pos="87.47" lane="2/1to3/1_0" slope="0.00"/>
    </timestep>
    <timestep time="321.00">
        <vehicle id="0" x="601.65" y="221.78" angle="180.00" type="DEFAULT_VEHTYPE" speed="11.21" pos="17.03" lane="3/1to3/2_0" slope="0.00"/>
        <vehicle id="10" x="145.32" y="198.35" angle="90.00" type="DEFAULT_VEHTYPE" speed="12.62" pos="145.32" lane="0/1to1/1_0" slope="0.00"/>
        <vehicle id="11" x="398.35" y="786.79" angle="0.00" type="DEFAULT_VEHTYPE" speed="13.24" pos="13.21" lane="2/4to2/3_0" slope="0.00"/>
        <vehicle id="15" x="601.65" y="379.31" angle="180.00" type="DEFAULT_VEHTYPE" speed="9.75" pos="174.56" lane="3/1to3/2_0" slope="0.00"/>
        <vehicle id="16" x="401.65" y="790.01" angle="180.00" type="DEFAULT_VEHTYPE" speed="13.70" pos="185.26" lane="2/3to2/4_0" slope="0.00"/>
        <vehicle id="17" x="401.65" y="708.16" angle="180.00" type="DEFAULT_VEHTYPE" speed="12.78" pos="103.41" lane="2/3to2/4_0" slope="0.00"/>
        <vehicle id="18" x="598.35" y="585.23" angle="0.00" type="DEFAULT_VEHTYPE" speed="10.33" pos="10.02" lane="3/3to3/2_0" slope="0.00"/>
        <vehicle id="2" x="441.02" y="401.65" angle="-90.00" type="DEFAULT_VEHTYPE" speed="12.35" pos="154.23" lane="3/2to2/2_0" slope="0.00"/>
        <vehicle id="24" x="194.11" y="398.35" angle="90.00" type="DEFAULT_VEHTYPE" speed="1.36" pos="194.11" lane="0/2to1/2_0" slope="0.00"/>
        <vehicle id="28" x="601.65" y="285.91" angle="180.00" type="DEFAULT_VEHTYPE" speed="13.71" pos="81.16" lane="3/1to3/2_0" slope="0.00"/>
        <vehicle id="29" x="638.44" y="598.35" angle="90.00" type="DEFAULT_VEHTYPE" speed="13.29" pos="33.69" lane="3/3to4/3_0" slope="0.00"/>
        <vehicle id="3" x="558.76" y="198.35" angle="90.00" type="DEFAULT_VEHTYPE" speed="13.26" pos="154.01" lane="2/1to3/1_0" slope="0.00"/>
        <vehicle id="33" x="398.35" y="387.18" angle="0.00" type="DEFAULT_VEHTYPE" speed="8.45" pos="8.07" lane="2/2to2/1_0" slope="0.00"/>
        <vehicle id="37" x="398.35" y="208.74" angle="0.00" type="DEFAULT_VEHTYPE" speed="12.75" pos="186.51" lane="2/2to2/1_0" slope="0.00"/>
        <vehicle id="39" x="409.23" y="401.65" angle="-90.00" type="DEFAULT_VEHTYPE" speed="2.92" pos="186.02" lane="3/2to2/2_0" slope="0.00"/>
        <vehicle id="40" x="601.65" y="326.26" angle="180.00" type="DEFAULT_VEHTYPE" speed="12.97" pos="121.51" lane="3/1to3/2_0" slope="0.00"/>
        <vehicle id="42" x="201.65" y="427.47" angle="180.00" type="DEFAULT_VEHTYPE" speed="13.56" pos="22.72" lane="1/2to1/3_0" slope="0.00"/>
        <vehicle id="43" x="145.51" y="401.65" angle="-90.00" type="DEFAULT_VEHTYPE" speed="13.82" pos="49.74" lane="1/2to0/2_0" slope="0.00"/>
        <vehicle id="44" x="594.83" y="401.65" angle="-52.20" type="DEFAULT_VEHTYPE" speed="13.44" pos="0.42" lane="3/2to2/2_0" slope="0.00"/>
        <vehicle id="48" x="590.55" y="198.35" angle="90.00" type="DEFAULT_VEHTYPE" speed="3.20" pos="185.80" lane="2/1to3/1_0" slope="0.00"/>
        <vehicle id="49" x="398.35" y="279.56" angle="0.00" type="DEFAULT_VEHTYPE" speed="12.88" pos="115.69" lane="2/2to2/1_0" slope="0.00"/>
        <vehicle id="5" x="52.47" y="401.65" angle="-90.00" type="DEFAULT_VEHTYPE" speed="13.10" pos="142.78" lane="1/2to0/2_0" slope="0.00"/>
        <vehicle id="6" x="398.35" y="337.82" angle="0.00" type="DEFAULT_VEHTYPE" speed="13.06" pos="57.43" lane="2/2to2/1_0" slope="0.00"/>
        <vehicle id="7" x="223.80" y="598.35" angle="90.00" type="DEFAULT_VEHTYPE" speed="13.43" pos="19.05" lane="1/3to2/3_0" slope="0.00"/>
        <vehicle id="8" x="198.35" y="138.65" angle="0.00" type="DEFAULT_VEHTYPE" speed="13.30" pos="56.60" lane="1/1to1/0_0" slope="0.00"/>
        <vehicle id="9" x="505.81" y="198.35" angle="90.00" type="DEFAULT_VEHTYPE" speed="13.59" pos="101.06" lane="2/1to3/1_0" slope="0.00"/>
    </timestep>
    <timestep time="322.00">
        <vehicle id="0" x="601.65" y="234.84" angle="180.00" type="DEFAULT_VEHTYPE" speed="13.06" pos="30.09" lane="3/1to3/2_0" slope="0.00"/>
        <vehicle id="10" x="158.38" y="198.35" angle="90.00" type="DEFAULT_VEHTYPE" speed="13.06" pos="158.38" lane="0/1to1/1_0" slope="0.00"/>
        <vehicle id="11" x="398.35" y="773.95" angle="0.00" type="DEFAULT_VEHTYPE" speed="12.84" pos="26.05" lane="2/4to2/3_0" slope="0.00"/>
        <vehicle id="15" x="601.65" y="386.09" angle="180.00" type="DEFAULT_VEHTYPE" speed="6.78" pos="181.34" lane="3/1to3/2_0" slope="0.00"/>
        <vehicle id="16" x="399.32" y="801.31" angle="-143.52" type="DEFAULT_VEHTYPE" speed="13.15" pos="3.17" lane=":2/4_0_0" slope="0.00"/>
        <vehicle id="17" x="401.65" y="721.79" angle="180.00" type="DEFAULT_VEHTYPE" speed="13.64" pos="117.04" lane="2/3to2/4_0" slope="0.00"/>
        <vehicle id="18" x="598.35" y="572.36" angle="0.00" type="DEFAULT_VEHTYPE" speed="12.87" pos="22.89" lane="3/3to3/2_0" slope="0.00"/>
        <vehicle id="2" x="430.17" y="401.65" angle="-90.00" type="DEFAULT_VEHTYPE" speed="10.85" pos="165.08" lane="3/2to2/2_0" slope="0.00"/>
        <vehicle id="24" x="196.77" y="398.57" angle="92.49" type="DEFAULT_VEHTYPE" speed="2.67" pos="1.53" lane=":1/2_14_0" slope="0.00"/>
        <vehicle id="28" x="601.65" y="298.76" angle="180.00" type="DEFAULT_VEHTYPE" speed="12.84" pos="94.01" lane="3/1to3/2_0" slope="0.00"/>
        <vehicle id="29" x="651.87" y="598.35" angle="90.00" type="DEFAULT_VEHTYPE" speed="13.43" pos="47.12" lane="3/3to4/3_0" slope="0.00"/>
        <vehicle id="3" x="569.05" y="198.35" angle="90.00" type="DEFAULT_VEHTYPE" speed="10.30" pos="164.30" lane="2/1to3/1_0" slope="0.00"/>
        <vehicle id="33" x="398.35" y="377.35" angle="0.00" type="DEFAULT_VEHTYPE" speed="9.83" pos="17.90" lane="2/2to2/1_0" slope="0.00"/>
        <vehicle id="37" x="391.61" y="201.65" angle="-87.83" type="DEFAULT_VEHTYPE" speed="12.63" pos="3.64" lane="2/1to1/1_0" slope="0.00"/>
        <vehicle id="39" x="404.86" y="401.65" angle="-90.00" type="DEFAULT_VEHTYPE" speed="4.37" pos="190.39" lane="3/2to2/2_0" slope="0.00"/>
        <vehicle id="40" x="601.65" y="339.06" angle="180.00" type="DEFAULT_VEHTYPE" speed="12.80" pos="134.31" lane="3/1to3/2_0" slope="0.00"/>
        <vehicle id="42" x="201.65" y="440.82" angle="180.00" type="DEFAULT_VEHTYPE" speed="13.35" pos="36.07" lane="1/2to1/3_0" slope="0.00"/>
        <vehicle id="43" x="132.04" y="401.65" angle="-90.00" type="DEFAULT_VEHTYPE" speed="13.46" pos="63.21" lane="1/2to0/2_0" slope="0.00"/>
        <vehicle id="44" x="581.77" y="401.65" angle="-90.00" type="DEFAULT_VEHTYPE" speed="13.06" pos="13.48" lane="3/2to2/2_0" slope="0.00"/>
        <vehicle id="48" x="595.04" y="198.35" angle="90.00" type="DEFAULT_VEHTYPE" speed="4.50" pos="190.29" lane="2/1to3/1_0" slope="0.00"/>
        <vehicle id="49" x="398.35" y="266.13" angle="0.00" type="DEFAULT_VEHTYPE" speed="13.43" pos="129.12" lane="2/2to2/1_0" slope="0.00"/>
        <vehicle id="5" x="38.81" y="401.65" angle="-90.00" type="DEFAULT_VEHTYPE" speed="13.66" pos="156.44" lane="1/2to0/2_0" slope="0.00"/>
        <vehicle id="6" x="398.35" y="323.99" angle="0.00" type="DEFAULT_VEHTYPE" speed="13.83" pos="71.26" lane="2/2to2/1_0" slope="0.00"/>
        <vehicle id="7" x="236.73" y="598.35" angle="90.00" type="DEFAULT_VEHTYPE" speed="12.93" pos="31.98" lane="1/3to2/3_0" slope="0.00"/>
        <vehicle id="8" x="198.35" y="125.54" angle="0.00" type="DEFAULT_VEHTYPE" speed="13.11" pos="69.71" lane="1/1to1/0_0" slope="0.00"/>
        <vehicle id="9" x="518.43" y="198.35" angle="90.00" type="DEFAULT_VEHTYPE" speed="12.62" pos="113.68" lane="2/1to3/1_0" slope="0.00"/>
    </timestep>
    <timestep time="323.00">
        <vehicle id="0" x="601.65" y="247.62" angle="180.00" type="DEFAULT_VEHTYPE" speed="12.78" pos="42.87" lane="3/1to3/2_0" slope="0.00"/>
        <vehicle id="10" x="171.97" y="198.35" angle="90.00" type="DEFAULT_VEHTYPE" speed="13.59" pos="171.97" lane="0/1to1/1_0" slope="0.00"/>
        <vehicle id="11" x="398.35" y="760.95" angle="0.00" type="DEFAULT_VEHTYPE" speed="13.00" pos="39.05" lane="2/4to2/3_0" slope="0.00"/>
        <vehicle id="15" x="601.65" y="390.27" angle="180.00" type="DEFAULT_VEHTYPE" speed="4.18" pos="185.52" lane="3/1to3/2_0" slope="0.00"/>
        <vehicle id="16" x="398.35" y="788.36" angle="0.00" type="DEFAULT_VEHTYPE" speed="13.29" pos="11.64" lane="2/4to2/3_0" slope="0.00"/>
        <vehicle id="17" x="401.65" y="735.05" angle="180.00" type="DEFAULT_VEHTYPE" speed="13.25" pos="130.30" lane="2/3to2/4_0" slope="0.00"/>
        <vehicle id="18" x="598.35" y="558.79" angle="0.00" type="DEFAULT_VEHTYPE" speed="13.57" pos="36.46" lane="3/3to3/2_0" slope="0.00"/>
        <vehicle id="2" x="421.71" y="401.65" angle="-90.00" type="DEFAULT_VEHTYPE" speed="8.46" pos="173.54" lane="3/2to2/2_0" slope="0.00"/>
        <vehicle id="24" x="200.63" y="400.92" angle="120.19" type="DEFAULT_VEHTYPE" speed="4.76" pos="6.29" lane=":1/2_14_0" slope="0.00"/>
        <vehicle id="28" x="601.65" y="311.70" angle="180.00" type="DEFAULT_VEHTYPE" speed="12.94" pos="106.95" lane="3/1to3/2_0" slope="0.00"/>
        <vehicle id="29" x="665.51" y="598.35" angle="90.00" type="DEFAULT_VEHTYPE" speed="13.64" pos="60.76" lane="3/3to4/3_0" slope="0.00"/>
        <vehicle id="3" x="578.20" y="198.35" angle="90.00" type="DEFAULT_VEHTYPE" speed="9.14" pos="173.45" lane="2/1to3/1_0" slope="0.00"/>
        <vehicle id="33" x="398.35" y="365.84" angle="0.00" type="DEFAULT_VEHTYPE" speed="11.50" pos="29.41" lane="2/2to2/1_0" slope="0.00"/>
        <vehicle id="37" x="377.85" y="201.65" angle="-90.00" type="DEFAULT_VEHTYPE" speed="13.77" pos="17.40" lane="2/1to1/1_0" slope="0.00"/>
        <vehicle id="39" x="399.71" y="399.65" angle="-66.66" type="DEFAULT_VEHTYPE" speed="5.73" pos="5.62" lane=":2/2_6_0" slope="0.00"/>
        <vehicle id="40" x="601.65" y="352.65" angle="180.00" type="DEFAULT_VEHTYPE" speed="13.59" pos="147.90" lane="3/1to3/2_0" slope="0.00"/>
        <vehicle id="42" x="201.65" y="454.38" angle="180.00" type="DEFAULT_VEHTYPE" speed="13.56" pos="49.63" lane="1/2to1/3_0" slope="0.00"/>
        <vehicle id="43" x="118.88" y="401.65" angle="-90.00" type="DEFAULT_VEHTYPE" speed="13.16" pos="76.37" lane="1/2to0/2_0" slope="0.00"/>
        <vehicle id="44" x="569.08" y="401.65" angle="-90.00" type="DEFAULT_VEHTYPE" speed="12.69" pos="26.17" lane="3/2to2/2_0" slope="0.00"/>
        <vehicle id="48" x="600.85" y="198.35" angle="90.00" type="DEFAULT_VEHTYPE" speed="5.81" pos="5.60" lane=":3/1_13_0" slope="0.00"/>
        <vehicle id="49" x="398.35" y="253.14" angle="0.00" type="DEFAULT_VEHTYPE" speed="12.99" pos="142.11" lane="2/2to2/1_0" slope="0.00"/>
        <vehicle id="5" x="25.23" y="401.65" angle="-90.00" type="DEFAULT_VEHTYPE" speed="13.58" pos="170.02" lane="1/2to0/2_0" slope="0.00"/>
        <vehicle id="6" x="398.35" y="310.14" angle="0.00" type="DEFAULT_VEHTYPE" speed="13.86" pos="85.11" lane="2/2to2/1_0" slope="0.00"/>
        <vehicle id="7" x="249.84" y="598.35" angle="90.00" type="DEFAULT_VEHTYPE" speed="13.11" pos="45.09" lane="1/3to2/3_0" slope="0.00"/>
        <vehicle id="8" x="198.35" y="112.04" angle="0.00" type="DEFAULT_VEHTYPE" speed="13.50" pos="83.21" lane="1/1to1/0_0" slope="0.00"/>
        <vehicle id="9" x="531.86" y="198.35" angle="90.00" type="DEFAULT_VEHTYPE" speed="13.43" pos="127.11" lane="2/1to3/1_0" slope="0.00"/>
    </timestep>
    <timestep time="324.00">
        <vehicle id="0" x="601.65" y="260.72" angle="180.00" type="DEFAULT_VEHTYPE" speed="13.10" pos="55.97" lane="3/1to3/2_0" slope="0.00"/>
        <vehicle id="10" x="181.56" y="198.35" angle="90.00" type="DEFAULT_VEHTYPE" speed="9.59" pos="181.56" lane="0/1to1/1_0" slope="0.00"/>
        <vehicle id="11" x="398.35" y="747.96" angle="0.00" type="DEFAULT_VEHTYPE" speed="12.99" pos="52.04" lane="2/4to2/3_0" slope="0.00"/>
        <vehicle id="15" x="601.50" y="396.33" angle="-178.22" type="DEFAULT_VEHTYPE" speed="6.07" pos="1.09" lane=":3/2_10_0" slope="0.00"/>
        <vehicle id="16" x="398.35" y="774.90" angle="0.00" type="DEFAULT_VEHTYPE" speed="13.46" pos="25.10" lane="2/4to2/3_0" slope="0.00"/>
        <vehicle id="17" x="401.65" y="748.04" angle="180.00" type="DEFAULT_VEHTYPE" speed="13.00" pos="143.29" lane="2/3to2/4_0" slope="0.00"/>
        <vehicle id="18" x="598.35" y="546.18" angle="0.00" type="DEFAULT_VEHTYPE" speed="12.61" pos="49.07" lane="3/3to3/2_0" slope="0.00"/>
        <vehicle id="2" x="415.13" y="401.65" angle="-90.00" type="DEFAULT_VEHTYPE" speed="6.57" pos="180.12" lane="3/2to2/2_0" slope="0.00"/>
        <vehicle id="24" x="201.65" y="407.89" angle="176.97" type="DEFAULT_VEHTYPE" speed="7.16" pos="3.14" lane="1/2to1/3_0" slope="0.00"/>
        <vehicle id="28" x="601.65" y="325.30" angle="180.00" type="DEFAULT_VEHTYPE" speed="13.60" pos="120.55" lane="3/1to3/2_0" slope="0.00"/>
        <vehicle id="29" x="678.37" y="598.35" angle="90.00" type="DEFAULT_VEHTYPE" speed="12.86" pos="73.62" lane="3/3to4/3_0" slope="0.00"/>
        <vehicle id="3" x="585.92" y="198.35" angle="90.00" type="DEFAULT_VEHTYPE" speed="7.72" pos="181.17" lane="2/1to3/1_0" slope="0.00"/>
        <vehicle id="33" x="398.35" y="353.22" angle="0.00" type="DEFAULT_VEHTYPE" speed="12.62" pos="42.03" lane="2/2to2/1_0" slope="0.00"/>
        <vehicle id="37" x="364.20" y="201.65" angle="-90.00" type="DEFAULT_VEHTYPE" speed="13.65" pos="31.05" lane="2/1to1/1_0" slope="0.00"/>
        <vehicle id="39" x="398.35" y="392.79" angle="-4.13" type="DEFAULT_VEHTYPE" speed="7.16" pos="2.46" lane="2/2to2/1_0" slope="0.00"/>
        <vehicle id="40" x="601.65" y="363.94" angle="180.00" type="DEFAULT_VEHTYPE" speed="11.28" pos="159.19" lane="3/1to3/2_0" slope="0.00"/>
        <vehicle id="42" x="201.65" y="467.26" angle="180.00" type="DEFAULT_VEHTYPE" speed="12.88" pos="62.51" lane="1/2to1/3_0" slope="0.00"/>
        <vehicle id="43" x="106.10" y="401.65" angle="-90.00" type="DEFAULT_VEHTYPE" speed="12.78" pos="89.15" lane="1/2to0/2_0" slope="0.00"/>
        <vehicle id="44" x="556.27" y="401.65" angle="-90.00" type="DEFAULT_VEHTYPE" speed="12.81" pos="38.98" lane="3/2to2/2_0" slope="0.00"/>
        <vehicle id="48" x="608.06" y="198.35" angle="90.00" type="DEFAULT_VEHTYPE" speed="7.21" pos="3.31" lane="3/1to4/1_0" slope="0.00"/>
        <vehicle id="49" x="398.35" y="240.50" angle="0.00" type="DEFAULT_VEHTYPE" speed="12.65" pos="154.75" lane="2/2to2/1_0" slope="0.00"/>
        <vehicle id="5" x="12.35" y="401.65" angle="-90.00" type="DEFAULT_VEHTYPE" speed="12.88" pos="182.90" lane="1/2to0/2_0" slope="0.00"/>
        <vehicle id="6" x="398.35" y="297.44" angle="0.00" type="DEFAULT_VEHTYPE" speed="12.70" pos="97.81" lane="2/2to2/1_0" slope="0.00"/>
        <vehicle id="7" x="263.46" y="598.35" angle="90.00" type="DEFAULT_VEHTYPE" speed="13.62" pos="58.71" lane="1/3to2/3_0" slope="0.00"/>
        <vehicle id="8" x="198.35" y="98.93" angle="0.00" type="DEFAULT_VEHTYPE" speed="13.11" pos="96.32" lane="1/1to1/0_0" slope="0.00"/>
        <vehicle id="9" x="545.68" y="198.35" angle="90.00" type="DEFAULT_VEHTYPE" speed="13.82" pos="140.93" lane="2/1to3/1_0" slope="0.00"/>
    </timestep>
    <timestep time="325.00">
        <vehicle id="0" x="601.65" y="274.09" angle="180.00" type="DEFAULT_VEHTYPE" speed="13.37" pos="69.34" lane="3/1to3/2_0" slope="0.00"/>
        <vehicle id="10" x="187.41" y="198.35" angle="90.00" type="DEFAULT_VEHTYPE" speed="5.86" pos="187.41" lane="0/1to1/1_0" slope="0.00"/>
        <vehicle id="11" x="398.35" y="734.60" angle="0.00" type="DEFAULT_VEHTYPE" speed="13.37" pos="65.40" lane="2/4to2/3_0" slope="0.00"/>
        <vehicle id="15" x="596.50" y="401.47" angle="-119.87" type="DEFAULT_VEHTYPE" speed="7.97" pos="1.92" lane=":3/2_18_0" slope="0.00"/>
        <vehicle id="16" x="398.35" y="762.22" angle="0.00" type="DEFAULT_VEHTYPE" speed="12.68" pos="37.78" lane="2/4to2/3_0" slope="0.00"/>
        <vehicle id="17" x="401.65" y="760.86" angle="180.00" type="DEFAULT_VEHTYPE" speed="12.82" pos="156.11" lane="2/3to2/4_0" slope="0.00"/>
        <vehicle id="18" x="598.35" y="533.20" angle="0.00" type="DEFAULT_VEHTYPE" speed="12.98" pos="62.05" lane="3/3to3/2_0" slope="0.00"/>
        <vehicle id="2" x="410.89" y="401.65" angle="-90.00" type="DEFAULT_VEHTYPE" speed="4.25" pos="184.36" lane="3/2to2/2_0" slope="0.00"/>
        <vehicle id="24" x="201.65" y="416.65" angle="180.00" type="DEFAULT_VEHTYPE" speed="8.77" pos="11.90" lane="1/2to1/3_0" slope="0.00"/>
        <vehicle id="28" x="601.65" y="339.11" angle="180.00" type="DEFAULT_VEHTYPE" speed="13.81" pos="134.36" lane="3/1to3/2_0" slope="0.00"/>
        <vehicle id="29" x="692.22" y="598.35" angle="90.00" type="DEFAULT_VEHTYPE" speed="13.86" pos="87.47" lane="3/3to4/3_0" slope="0.00"/>
        <vehicle id="3" x="590.22" y="198.35" angle="90.00" type="DEFAULT_VEHTYPE" speed="4.31" pos="185.47" lane="2/1to3/1_0" slope="0.00"/>
        <vehicle id="33" x="398.35" y="340.32" angle="0.00" type="DEFAULT_VEHTYPE" speed="12.90" pos="54.93" lane="2/2to2/1_0" slope="0.00"/>
        <vehicle id="37" x="351.52" y="201.65" angle="-90.00" type="DEFAULT_VEHTYPE" speed="12.68" pos="43.73" lane="2/1to1/1_0" slope="0.00"/>
        <vehicle id="39" x="398.35" y="384.17" angle="0.00" type="DEFAULT_VEHTYPE" speed="8.62" pos="11.08" lane="2/2to2/1_0" slope="0.00"/>
        <vehicle id="40" x="601.65" y="376.31" angle="180.00" type="DEFAULT_VEHTYPE" speed="12.37" pos="171.56" lane="3/1to3/2_0" slope="0.00"/>
        <vehicle id="42" x="201.65" y="480.11" angle="180.00" type="DEFAULT_VEHTYPE" speed="12.85" pos="75.36" lane="1/2to1/3_0" slope="0.00"/>
        <vehicle id="43" x="92.49" y="401.65" angle="-90.00" type="DEFAULT_VEHTYPE" speed="13.62" pos="102.76" lane="1/2to0/2_0" slope="0.00"/>
        <vehicle id="44" x="543.19" y="401.65" angle="-90.00" type="DEFAULT_VEHTYPE" speed="13.08" pos="52.06" lane="3/2to2/2_0" slope="0.00"/>
        <vehicle id="48" x="616.95" y="198.35" angle="90.00" type="DEFAULT_VEHTYPE" speed="8.89" pos="12.20" lane="3/1to4/1_0" slope="0.00"/>
        <vehicle id="49" x="398.35" y="227.57" angle="0.00" type="DEFAULT_VEHTYPE" speed="12.93" pos="167.68" lane="2/2to2/1_0" slope="0.00"/>
        <vehicle id="5" x="-0.90" y="401.06" angle="-83.00" type="DEFAULT_VEHTYPE" speed="13.42" pos="1.07" lane=":0/2_0_0" slope="0.00"/>
        <vehicle id="6" x="398.35" y="284.51" angle="0.00" type="DEFAULT_VEHTYPE" speed="12.92" pos="110.74" lane="2/2to2/1_0" slope="0.00"/>
        <vehicle id="7" x="276.94" y="598.35" angle="90.00" type="DEFAULT_VEHTYPE" speed="13.48" pos="72.19" lane="1/3to2/3_0" slope="0.00"/>
        <vehicle id="8" x="198.35" y="86.05" angle="0.00" type="DEFAULT_VEHTYPE" speed="12.88" pos="109.20" lane="1/1to1/0_0" slope="0.00"/>
        <vehicle id="9" x="559.31" y="198.35" angle="90.00" type="DEFAULT_VEHTYPE" speed="13.63" pos="154.56" lane="2/1to3/1_0" slope="0.00"/>
    </timestep>
    <timestep time="326.00">
        <vehicle id="0" x="601.65" y="287.90" angle="180.00" type="DEFAULT_VEHTYPE" speed="13.80" pos="83.15" lane="3/1to3/2_0" slope="0.00"/>
        <vehicle id="10" x="190.02" y="198.35" angle="90.00" type="DEFAULT_VEHTYPE" speed="2.61" pos="190.02" lane="0/1to1/1_0" slope="0.00"/>
        <vehicle id="11" x="398.35" y="720.91" angle="0.00" type="DEFAULT_VEHTYPE" speed="13.68" pos="79.09" lane="2/4to2/3_0" slope="0.00"/>
        <vehicle id="15" x="586.54" y="401.65" angle="-90.00" type="DEFAULT_VEHTYPE" speed="9.97" pos="8.71" lane="3/2to2/2_0" slope="0.00"/>
        <vehicle id="16" x="398.35" y="749.52" angle="0.00" type="DEFAULT_VEHTYPE" speed="12.71" pos="50.48" lane="2/4to2/3_0" slope="0.00"/>
        <vehicle id="17" x="401.65" y="773.77" angle="180.00" type="DEFAULT_VEHTYPE" speed="12.91" pos="169.02" lane="2/3to2/4_0" slope="0.00"/>
        <vehicle id="18" x="598.35" y="519.31" angle="0.00" type="DEFAULT_VEHTYPE" speed="13.89" pos="75.94" lane="3/3to3/2_0" slope="0.00"/>
        <vehicle id="2" x="405.33" y="401.65" angle="-90.00" type="DEFAULT_VEHTYPE" speed="5.55" pos="189.92" lane="3/2to2/2_0" slope="0.00"/>
        <vehicle id="24" x="201.65" y="427.09" angle="180.00" type="DEFAULT_VEHTYPE" speed="10.44" pos="22.34" lane="1/2to1/3_0" slope="0.00"/>
        <vehicle id="28" x="601.65" y="352.33" angle="180.00" type="DEFAULT_VEHTYPE" speed="13.22" pos="147.58" lane="3/1to3/2_0" slope="0.00"/>
        <vehicle id="29" x="706.11" y="598.35" angle="90.00" type="DEFAULT_VEHTYPE" speed="13.89" pos="101.36" lane="3/3to4/3_0" slope="0.00"/>
        <vehicle id="3" x="596.36" y="198.51" angle="91.82" type="DEFAULT_VEHTYPE" speed="6.15" pos="1.12" lane=":3/1_14_0" slope="0.00"/>
        <vehicle id="33" x="398.35" y="327.42" angle="0.00" type="DEFAULT_VEHTYPE" speed="12.90" pos="67.83" lane="2/2to2/1_0" slope="0.00"/>
        <vehicle id="37" x="337.74" y="201.65" angle="-90.00" type="DEFAULT_VEHTYPE" speed="13.79" pos="57.51" lane="2/1to1/1_0" slope="0.00"/>
        <vehicle id="39" x="398.35" y="373.88" angle="0.00" type="DEFAULT_VEHTYPE" speed="10.28" pos="21.37" lane="2/2to2/1_0" slope="0.00"/>
        <vehicle id="40" x="601.65" y="390.08" angle="180.00" type="DEFAULT_VEHTYPE" speed="13.77" pos="185.33" lane="3/1to3/2_0" slope="0.00"/>
        <vehicle id="42" x="201.65" y="493.45" angle="180.00" type="DEFAULT_VEHTYPE" speed="13.34" pos="88.70" lane="1/2to1/3_0" slope="0.00"/>
        <vehicle id="43" x="79.87" y="401.65" angle="-90.00" type="DEFAULT_VEHTYPE" speed="12.62" pos="115.38" lane="1/2to0/2_0" slope="0.00"/>
        <vehicle id="44" x="530.11" y="401.65" angle="-90.00" type="DEFAULT_VEHTYPE" speed="13.08" pos="65.14" lane="3/2to2/2_0" slope="0.00"/>
        <vehicle id="48" x="627.66" y="198.35" angle="90.00" type="DEFAULT_VEHTYPE" speed="10.70" pos="22.91" lane="3/1to4/1_0" slope="0.00"/>
        <vehicle id="49" x="398.35" y="214.92" angle="0.00" type="DEFAULT_VEHTYPE" speed="12.65" pos="180.33" lane="2/2to2/1_0" slope="0.00"/>
        <vehicle id="5" x="8.97" y="398.35" angle="90.00" type="DEFAULT_VEHTYPE" speed="12.72" pos="8.97" lane="0/2to1/2_0" slope="0.00"/>
        <vehicle id="6" x="398.35" y="270.67" angle="0.00" type="DEFAULT_VEHTYPE" speed="13.84" pos="124.58" lane="2/2to2/1_0" slope="0.00"/>
        <vehicle id="7" x="289.59" y="598.35" angle="90.00" type="DEFAULT_VEHTYPE" speed="12.65" pos="84.84" lane="1/3to2/3_0" slope="0.00"/>
        <vehicle id="8" x="198.35" y="72.78" angle="0.00" type="DEFAULT_VEHTYPE" speed="13.26" pos="122.47" lane="1/1to1/0_0" slope="0.00"/>
        <vehicle id="9" x="569.57" y="198.35" angle="90.00" type="DEFAULT_VEHTYPE" speed="10.25" pos="164.82" lane="2/1to3/1_0" slope="0.00"/>
    </timestep>
    <timestep time="327.00">
        <vehicle id="0" x="601.65" y="301.11" angle="180.00" type="DEFAULT_VEHTYPE" speed="13.22" pos="96.36" lane="3/1to3/2_0" slope="0.00"/>
        <vehicle id="10" x="194.93" y="198.35" angle="90.00" type="DEFAULT_VEHTYPE" speed="4.91" pos="194.93" lane="0/1to1/1_0" slope="0.00"/>
        <vehicle id="11" x="398.35" y="707.54" angle="0.00" type="DEFAULT_VEHTYPE" speed="13.37" pos="92.46" lane="2/4to2/3_0" slope="0.00"/>
        <vehicle id="15" x="575.14" y="401.65" angle="-90.00" type="DEFAULT_VEHTYPE" speed="11.40" pos="20.11" lane="3/2to2/2_0" slope="0.00"/>
        <vehicle id="16" x="398.35" y="736.36" angle="0.00" type="DEFAULT_VEHTYPE" speed="13.16" pos="63.64" lane="2/4to2/3_0" slope="0.00"/>
        <vehicle id="17" x="401.65" y="787.24" angle="180.00" type="DEFAULT_VEHTYPE" speed="13.47" pos="182.49" lane="2/3to2/4_0" slope="0.00"/>
        <vehicle id="18" x="598.35" y="506.04" angle="0.00" type="DEFAULT_VEHTYPE" speed="13.27" pos="89.21" lane="3/3to3/2_0" slope="0.00"/>
        <vehicle id="2" x="397.19" y="401.65" angle="-90.00" type="DEFAULT_VEHTYPE" speed="8.14" pos="7.56" lane=":2/2_5_0" slope="0.00"/>
        <vehicle id="24" x="201.65" y="439.35" angle="180.00" type="DEFAULT_VEHTYPE" speed="12.26" pos="34.60" lane="1/2to1/3_0" slope="0.00"/>
        <vehicle id="28" x="601.65" y="365.09" angle="180.00" type="DEFAULT_VEHTYPE" speed="12.76" pos="160.34" lane="3/1to3/2_0" slope="0.00"/>
        <vehicle id="29" x="719.88" y="598.35" angle="90.00" type="DEFAULT_VEHTYPE" speed="13.77" pos="115.13" lane="3/3to4/3_0" slope="0.00"/>
        <vehicle id="3" x="601.44" y="203.29" angle="147.85" type="DEFAULT_VEHTYPE" speed="7.72" pos="8.84" lane=":3/1_14_0" slope="0.00"/>
        <vehicle id="33" x="398.35" y="314.03" angle="0.00" type="DEFAULT_VEHTYPE" speed="13.39" pos="81.22" lane="2/2to2/1_0" slope="0.00"/>
        <vehicle id="37" x="324.90" y="201.65" angle="-90.00" type="DEFAULT_VEHTYPE" speed="12.84" pos="70.35" lane="2/1to1/1_0" slope="0.00"/>
        <vehicle id="39" x="398.35" y="361.19" angle="0.00" type="DEFAULT_VEHTYPE" speed="12.69" pos="34.06" lane="2/2to2/1_0" slope="0.00"/>
        <vehicle id="40" x="601.65" y="403.18" angle="180.00" type="DEFAULT_VEHTYPE" speed="13.10" pos="7.93" lane=":3/2_9_0" slope="0.00"/>
        <vehicle id="42" x="201.65" y="507.08" angle="180.00" type="DEFAULT_VEHTYPE" speed="13.63" pos="102.33" lane="1/2to1/3_0" slope="0.00"/>
        <vehicle id="43" x="66.66" y="401.65" angle="-90.00" type="DEFAULT_VEHTYPE" speed="13.21" pos="128.59" lane="1/2to0/2_0" slope="0.00"/>
        <vehicle id="44" x="517.37" y="401.65" angle="-90.00" type="DEFAULT_VEHTYPE" speed="12.75" pos="77.88" lane="3/2to2/2_0" slope="0.00"/>
        <vehicle id="48" x="640.81" y="198.35" angle="90.00" type="DEFAULT_VEHTYPE" speed="13.15" pos="36.06" lane="3/1to4/1_0" slope="0.00"/>
        <vehicle id="49" x="397.43" y="202.33" angle="-10.99" type="DEFAULT_VEHTYPE" speed="12.85" pos="2.68" lane=":2/1_0_0" slope="0.00"/>
        <vehicle id="5" x="22.50" y="398.35" angle="90.00" type="DEFAULT_VEHTYPE" speed="13.52" pos="22.50" lane="0/2to1/2_0" slope="0.00"/>
        <vehicle id="6" x="398.35" y="257.05" angle="0.00" type="DEFAULT_VEHTYPE" speed="13.62" pos="138.20" lane="2/2to2/1_0" slope="0.00"/>
        <vehicle id="7" x="302.51" y="598.35" angle="90.00" type="DEFAULT_VEHTYPE" speed="12.92" pos="97.76" lane="1/3to2/3_0" slope="0.00"/>
        <vehicle id="8" x="198.35" y="59.29" angle="0.00" type="DEFAULT_VEHTYPE" speed="13.49" pos="135.96" lane="1/1to1/0_0" slope="0.00"/>
        <vehicle id="9" x="579.90" y="198.35" angle="90.00" type="DEFAULT_VEHTYPE" speed="10.33" pos="175.15" lane="2/1to3/1_0" slope="0.00"/>
    </timestep>
    <timestep time="328.00">
        <vehicle id="0" x="601.65" y="313.91" angle="180.00" type="DEFAULT_VEHTYPE" speed="12.79" pos="109.16" lane="3/1to3/2_0" slope="0.00"/>
        <vehicle id="10" x="198.35" y="193.17" angle="13.75" type="DEFAULT_VEHTYPE" speed="7.40" pos="2.08" lane="1/1to1/0_0" slope="0.00"/>
        <vehicle id="11" x="398.35" y="693.98" angle="0.00" type="DEFAULT_VEHTYPE" speed="13.56" pos="106.02" lane="2/4to2/3_0" slope="0.00"/>
        <vehicle id="15" x="562.15" y="401.65" angle="-90.00" type="DEFAULT_VEHTYPE" speed="13.00" pos="33.10" lane="3/2to2/2_0" slope="0.00"/>
        <vehicle id="16" x="398.35" y="722.99" angle="0.00" type="DEFAULT_VEHTYPE" speed="13.36" pos="77.01" lane="2/4to2/3_0" slope="0.00"/>
        <vehicle id="17" x="401.53" y="800.18" angle="-178.65" type="DEFAULT_VEHTYPE" speed="12.97" pos="0.21" lane=":2/4_0_0" slope="0.00"/>
        <vehicle id="18" x="598.35" y="492.75" angle="0.00" type="DEFAULT_VEHTYPE" speed="13.29" pos="102.50" lane="3/3to3/2_0" slope="0.00"/>
        <vehicle id="2" x="386.75" y="401.65" angle="-90.00" type="DEFAULT_VEHTYPE" speed="10.44" pos="8.50" lane="2/2to1/2_0" slope="0.00"/>
        <vehicle id="24" x="201.65" y="452.31" angle="180.00" type="DEFAULT_VEHTYPE" speed="12.96" pos="47.56" lane="1/2to1/3_0" slope="0.00"/>
        <vehicle id="28" x="601.65" y="378.77" angle="180.00" type="DEFAULT_VEHTYPE" speed="13.68" pos="174.02" lane="3/1to3/2_0" slope="0.00"/>
        <vehicle id="29" x="733.74" y="598.35" angle="90.00" type="DEFAULT_VEHTYPE" speed="13.85" pos="128.99" lane="3/3to4/3_0" slope="0.00"/>
        <vehicle id="3" x="601.65" y="212.88" angle="180.00" type="DEFAULT_VEHTYPE" speed="9.61" pos="8.13" lane="3/1to3/2_0" slope="0.00"/>
        <vehicle id="33" x="398.35" y="301.16" angle="0.00" type="DEFAULT_VEHTYPE" speed="12.87" pos="94.09" lane="2/2to2/1_0" slope="0.00"/>
        <vehicle id="37" x="311.15" y="201.65" angle="-90.00" type="DEFAULT_VEHTYPE" speed="13.75" pos="84.10" lane="2/1to1/1_0" slope="0.00"/>
        <vehicle id="39" x="398.35" y="347.65" angle="0.00" type="DEFAULT_VEHTYPE" speed="13.54" pos="47.60" lane="2/2to2/1_0" slope="0.00"/>
        <vehicle id="40" x="601.65" y="416.27" angle="180.00" type="DEFAULT_VEHTYPE" speed="13.09" pos="11.52" lane="3/2to3/3_0" slope="0.00"/>
        <vehicle id="42" x="201.65" y="519.70" angle="180.00" type="DEFAULT_VEHTYPE" speed="12.63" pos="114.95" lane="1/2to1/3_0" slope="0.00"/>
        <vehicle id="43" x="53.96" y="401.65" angle="-90.00" type="DEFAULT_VEHTYPE" speed="12.70" pos="141.29" lane="1/2to0/2_0" slope="0.00"/>
        <vehicle id="44" x="504.18" y="401.65" angle="-90.00" type="DEFAULT_VEHTYPE" speed="13.19" pos="91.07" lane="3/2to2/2_0" slope="0.00"/>
        <vehicle id="48" x="654.48" y="198.35" angle="90.00" type="DEFAULT_VEHTYPE" speed="13.68" pos="49.73" lane="3/1to4/1_0" slope="0.00"/>
        <vehicle id="49" x="384.22" y="201.65" angle="-90.00" type="DEFAULT_VEHTYPE" speed="13.35" pos="11.03" lane="2/1to1/1_0" slope="0.00"/>
        <vehicle id="5" x="35.41" y="398.35" angle="90.00" type="DEFAULT_VEHTYPE" speed="12.92" pos="35.41" lane="0/2to1/2_0" slope="0.00"/>
        <vehicle id="6" x="398.35" y="244.21" angle="0.00" type="DEFAULT_VEHTYPE" speed="12.84" pos="151.04" lane="2/2to2/1_0" slope="0.00"/>
        <vehicle id="7" x="315.50" y="598.35" angle="90.00" type="DEFAULT_VEHTYPE" speed="12.99" pos="110.75" lane="1/3to2/3_0" slope="0.00"/>
        <vehicle id="8" x="198.35" y="46.68" angle="0.00" type="DEFAULT_VEHTYPE" speed="12.61" pos="148.57" lane="1/1to1/0_0" slope="0.00"/>
        <vehicle id="9" x="586.35" y="198.35" angle="90.00" type="DEFAULT_VEHTYPE" speed="6.45" pos="181.60" lane="2/1to3/1_0" slope="0.00"/>
    </timestep>
    <timestep time="329.00">
        <vehicle id="0" x="601.65" y="326.96" angle="180.00" type="DEFAULT_VEHTYPE" speed="13.06" pos="122.21" lane="3/1to3/2_0" slope="0.00"/>
        <vehicle id="10" x="198.35" y="184.36" angle="0.00" type="DEFAULT_VEHTYPE" speed="8.80" pos="10.89" lane="1/1to1/0_0" slope="0.00"/>
        <vehicle id="11" x="398.35" y="680.98" angle="0.00" type="DEFAULT_VEHTYPE" speed="13.00" pos="119.02" lane="2/4to2/3_0" slope="0.00"/>
        <vehicle id="15" x="549.41" y="401.65" angle="-90.00" type="DEFAULT_VEHTYPE" speed="12.74" pos="45.84" lane="3/2to2/2_0" slope="0.00"/>
        <vehicle id="16" x="398.35" y="709.64" angle="0.00" type="DEFAULT_VEHTYPE" speed="13.36" pos="90.36" lane="2/4to2/3_0" slope="0.00"/>
        <vehicle id="17" x="398.35" y="791.71" angle="0.00" type="DEFAULT_VEHTYPE" speed="12.89" pos="8.29" lane="2/4to2/3_0" slope="0.00"/>
        <vehicle id="18" x="598.35" y="479.77" angle="0.00" type="DEFAULT_VEHTYPE" speed="12.97" pos="115.48" lane="3/3to3/2_0" slope="0.00"/>
        <vehicle id="2" x="374.50" y="401.65" angle="-90.00" type="DEFAULT_VEHTYPE" speed="12.25" pos="20.75" lane="2/2to1/2_0" slope="0.00"/>
        <vehicle id="24" x="201.65" y="465.18" angle="180.00" type="DEFAULT_VEHTYPE" speed="12.87" pos="60.43" lane="1/2to1/3_0" slope="0.00"/>
        <vehicle id="28" x="601.65" y="391.60" angle="180.00" type="DEFAULT_VEHTYPE" speed="12.83" pos="186.85" lane="3/1to3/2_0" slope="0.00"/>
        <vehicle id="29" x="746.74" y="598.35" angle="90.00" type="DEFAULT_VEHTYPE" speed="13.00" pos="141.99" lane="3/3to4/3_0" slope="0.00"/>
        <vehicle id="3" x="601.65" y="224.56" angle="180.00" type="DEFAULT_VEHTYPE" speed="11.68" pos="19.81" lane="3/1to3/2_0" slope="0.00"/>
        <vehicle id="33" x="398.35" y="287.96" angle="0.00" type="DEFAULT_VEHTYPE" speed="13.21" pos="107.29" lane="2/2to2/1_0" slope="0.00"/>
        <vehicle id="37" x="298.54" y="201.65" angle="-90.00" type="DEFAULT_VEHTYPE" speed="12.61" pos="96.71" lane="2/1to1/1_0" slope="0.00"/>
        <vehicle id="39" x="398.35" y="334.23" angle="0.00" type="DEFAULT_VEHTYPE" speed="13.42" pos="61.02" lane="2/2to2/1_0" slope="0.00"/>
        <vehicle id="40" x="601.65" y="430.05" angle="180.00" type="DEFAULT_VEHTYPE" speed="13.78" pos="25.30" lane="3/2to3/3_0" slope="0.00"/>
        <vehicle id="42" x="201.65" y="532.87" angle="180.00" type="DEFAULT_VEHTYPE" speed="13.16" pos="128.12" lane="1/2to1/3_0" slope="0.00"/>
        <vehicle id="43" x="41.23" y="401.65" angle="-90.00" type="DEFAULT_VEHTYPE" speed="12.73" pos="154.02" lane="1/2to0/2_0" slope="0.00"/>
        <vehicle id="44" x="491.53" y="401.65" angle="-90.00" type="DEFAULT_VEHTYPE" speed="12.65" pos="103.72" lane="3/2to2/2_0" slope="0.00"/>
        <vehicle id="48" x="667.73" y="198.35" angle="90.00" type="DEFAULT_VEHTYPE" speed="13.25" pos="62.98" lane="3/1to4/1_0" slope="0.00"/>
        <vehicle id="49" x="371.59" y="201.65" angle="-90.00" type="DEFAULT_VEHTYPE" speed="12.63" pos="23.66" lane="2/1to1/1_0" slope="0.00"/>
        <vehicle id="5" x="48.56" y="398.35" angle="90.00" type="DEFAULT_VEHTYPE" speed="13.15" pos="48.56" lane="0/2to1/2_0" slope="0.00"/>
        <vehicle id="6" x="398.35" y="230.42" angle="0.00" type="DEFAULT_VEHTYPE" speed="13.79" pos="164.83" lane="2/2to2/1_0" slope="0.00"/>
        <vehicle id="7" x="329.05" y="598.35" angle="90.00" type="DEFAULT_VEHTYPE" speed="13.55" pos="124.30" lane="1/3to2/3_0" slope="0.00"/>
        <vehicle id="8" x="198.35" y="33.28" angle="0.00" type="DEFAULT_VEHTYPE" speed="13.39" pos="161.97" lane="1/1to1/0_0" slope="0.00"/>
        <vehicle id="9" x="590.33" y="198.35" angle="90.00" type="DEFAULT_VEHTYPE" speed="3.98" pos="185.58" lane="2/1to3/1_0" slope="0.00"/>
    </timestep>
    <timestep time="330.00">
        <vehicle id="0" x="601.65" y="339.64" angle="180.00" type="DEFAULT_VEHTYPE" speed="12.68" pos="134.89" lane="3/1to3/2_0" slope="0.00"/>
        <vehicle id="10" x="198.35" y="173.03" angle="0.00" type="DEFAULT_VEHTYPE" speed="11.34" pos="22.22" lane="1/1to1/0_0" slope="0.00"/>
        <vehicle id="11" x="398.35" y="668.15" angle="0.00" type="DEFAULT_VEHTYPE" speed="12.83" pos="131.85" lane="2/4to2/3_0" slope="0.00"/>
        <vehicle id="15" x="536.72" y="401.65" angle="-90.00" type="DEFAULT_VEHTYPE" speed="12.69" pos="58.53" lane="3/2to2/2_0" slope="0.00"/>
        <vehicle id="16" x="398.35" y="695.74" angle="0.00" type="DEFAULT_VEHTYPE" speed="13.89" pos="104.26" lane="2/4to2/3_0" slope="0.00"/>
        <vehicle id="17" x="398.35" y="778.47" angle="0.00" type="DEFAULT_VEHTYPE" speed="13.25" pos="21.53" lane="2/4to2/3_0" slope="0.00"/>
        <vehicle id="18" x="598.35" y="466.46" angle="0.00" type="DEFAULT_VEHTYPE" speed="13.32" pos="128.79" lane="3/3to3/2_0" slope="0.00"/>
        <vehicle id="2" x="361.88" y="401.65" angle="-90.00" type="DEFAULT_VEHTYPE" speed="12.62" pos="33.37" lane="2/2to1/2_0" slope="0.00"/>
        <vehicle id="24" x="201.65" y="477.83" angle="180.00" type="DEFAULT_VEHTYPE" speed="12.65" pos="73.08" lane="1/2to1/3_0" slope="0.00"/>
        <vehicle id="28" x="601.65" y="404.59" angle="180.00" type="DEFAULT_VEHTYPE" speed="12.98" pos="9.34" lane=":3/2_9_0" slope="0.00"/>
        <vehicle id="29" x="759.58" y="598.35" angle="90.00" type="DEFAULT_VEHTYPE" speed="12.84" pos="154.83" lane="3/3to4/3_0" slope="0.00"/>
        <vehicle id="3" x="601.65" y="237.43" angle="180.00" type="DEFAULT_VEHTYPE" speed="12.86" pos="32.68" lane="3/1to3/2_0" slope="0.00"/>
        <vehicle id="33" x="398.35" y="274.54" angle="0.00" type="DEFAULT_VEHTYPE" speed="13.41" pos="120.71" lane="2/2to2/1_0" slope="0.00"/>
        <vehicle id="37" x="284.74" y="201.65" angle="-90.00" type="DEFAULT_VEHTYPE" speed="13.80" pos="110.51" lane="2/1to1/1_0" slope="0.00"/>
        <vehicle id="39" x="398.35" y="321.46" angle="0.00" type="DEFAULT_VEHTYPE" speed="12.77" pos="73.79" lane="2/2to2/1_0" slope="0.00"/>
        <vehicle id="40" x="601.65" y="443.14" angle="180.00" type="DEFAULT_VEHTYPE" speed="13.10" pos="38.39" lane="3/2to3/3_0" slope="0.00"/>
        <vehicle id="42" x="201.65" y="546.77" angle="180.00" type="DEFAULT_VEHTYPE" speed="13.90" pos="142.02" lane="1/2to1/3_0" slope="0.00"/>
        <vehicle id="43" x="27.51" y="401.65" angle="-90.00" type="DEFAULT_VEHTYPE" speed="13.71" pos="167.74" lane="1/2to0/2_0" slope="0.00"/>
        <vehicle id="44" x="477.99" y="401.65" angle="-90.00" type="DEFAULT_VEHTYPE" speed="13.54" pos="117.26" lane="3/2to2/2_0" slope="0.00"/>
        <vehicle id="48" x="680.75" y="198.35" angle="90.00" type="DEFAULT_VEHTYPE" speed="13.02" pos="76.00" lane="3/1to4/1_0" slope="0.00"/>
        <vehicle id="49" x="358.69" y="201.65" angle="-90.00" type="DEFAULT_VEHTYPE" speed="12.90" pos="36.56" lane="2/1to1/1_0" slope="0.00"/>
        <vehicle id="5" x="61.47" y="398.35" angle="90.00" type="DEFAULT_VEHTYPE" speed="12.91" pos="61.47" lane="0/2to1/2_0" slope="0.00"/>
        <vehicle id="6" x="398.35" y="217.29" angle="0.00" type="DEFAULT_VEHTYPE" speed="13.13" pos="177.96" lane="2/2to2/1_0" slope="0.00"/>
        <vehicle id="7" x="341.65" y="598.35" angle="90.00" type="DEFAULT_VEHTYPE" speed="12.60" pos="136.90" lane="1/3to2/3_0" slope="0.00"/>
        <vehicle id="8" x="198.35" y="19.72" angle="0.00" type="DEFAULT_VEHTYPE" speed="13.56" pos="175.53" lane="1/1to1/0_0" slope="0.00"/>
        <vehicle id="9" x="596.23" y="198.49" angle="91.61" type="DEFAULT_VEHTYPE" speed="5.91" pos="0.99" lane=":3/1_14_0" slope="0.00"/>
    </timestep>
    <timestep time="331.00">
        <vehicle id="0" x="601.65" y="353.02" angle="180.00" type="DEFAULT_VEHTYPE" speed="13.38" pos="148.27" lane="3/1to3/2_0" slope="0.00"/>
        <vehicle id="10" x="198.35" y="160.01" angle="0.00" type="DEFAULT_VEHTYPE" speed="13.02" pos="35.24" lane="1/1to1/0_0" slope="0.00"/>
        <vehicle id="11" x="398.35" y="654.62" angle="0.00" type="DEFAULT_VEHTYPE" speed="13.53" pos="145.38" lane="2/4to2/3_0" slope="0.00"/>
        <vehicle id="15" x="523.39" y="401.65" angle="-90.00" type="DEFAULT_VEHTYPE" speed="13.33" pos="71.86" lane="3/2to2/2_0" slope="0.00"/>
        <vehicle id="16" x="398.35" y="682.09" angle="0.00" type="DEFAULT_VEHTYPE" speed="13.65" pos="117.91" lane="2/4to2/3_0" slope="0.00"/>
        <vehicle id="17" x="398.35" y="765.53" angle="0.00" type="DEFAULT_VEHTYPE" speed="12.94" pos="34.47" lane="2/4to2/3_0" slope="0.00"/>
        <vehicle id="18" x="598.35" y="453.23" angle="0.00" type="DEFAULT_VEHTYPE" speed="13.22" pos="142.02" lane="3/3to3/2_0" slope="0.00"/>
        <vehicle id="2" x="348.25" y="401.65" angle="-90.00" type="DEFAULT_VEHTYPE" speed="13.63" pos="47.00" lane="2/2to1/2_0" slope="0.00"/>
        <vehicle id="24" x="201.65" y="490.74" angle="180.00" type="DEFAULT_VEHTYPE" speed="12.92" pos="85.99" lane="1/2to1/3_0" slope="0.00"/>
        <vehicle id="28" x="601.65" y="417.60" angle="180.00" type="DEFAULT_VEHTYPE" speed="13.01" pos="12.85" lane="3/2to3/3_0" slope="0.00"/>
        <vehicle id="29" x="772.77" y="598.35" angle="90.00" type="DEFAULT_VEHTYPE" speed="13.18" pos="168.02" lane="3/3to4/3_0" slope="0.00"/>
        <vehicle id="3" x="601.65" y="250.54" angle="180.00" type="DEFAULT_VEHTYPE" speed="13.11" pos="45.79" lane="3/1to3/2_0" slope="0.00"/>
        <vehicle id="33" x="398.35" y="261.50" angle="0.00" type="DEFAULT_VEHTYPE" speed="13.04" pos="133.75" lane="2/2to2/1_0" slope="0.00"/>
        <vehicle id="37" x="271.21" y="201.65" angle="-90.00" type="DEFAULT_VEHTYPE" speed="13.53" pos="124.04" lane="2/1to1/1_0" slope="0.00"/>
        <vehicle id="39" x="398.35" y="307.82" angle="0.00" type="DEFAULT_VEHTYPE" speed="13.64" pos="87.43" lane="2/2to2/1_0" slope="0.00"/>
        <vehicle id="40" x="601.65" y="455.80" angle="180.00" type="DEFAULT_VEHTYPE" speed="12.65" pos="51.05" lane="3/2to3/3_0" slope="0.00"/>
        <vehicle id="42" x="201.65" y="560.32" angle="180.00" type="DEFAULT_VEHTYPE" speed="13.56" pos="155.57" lane="1/2to1/3_0" slope="0.00"/>
        <vehicle id="43" x="14.31" y="401.65" angle="-90.00" type="DEFAULT_VEHTYPE" speed="13.20" pos="180.94" lane="1/2to0/2_0" slope="0.00"/>
        <vehicle id="44" x="464.33" y="401.65" angle="-90.00" type="DEFAULT_VEHTYPE" speed="13.66" pos="130.92" lane="3/2to2/2_0" slope="0.00"/>
        <vehicle id="48" x="693.67" y="198.35" angle="90.00" type="DEFAULT_VEHTYPE" speed="12.92" pos="88.92" lane="3/1to4/1_0" slope="0.00"/>
        <vehicle id="49" x="345.69" y="201.65" angle="-90.00" type="DEFAULT_VEHTYPE" speed="13.00" pos="49.56" lane="2/1to1/1_0" slope="0.00"/>
        <vehicle id="5" x="75.13" y="398.35" angle="90.00" type="DEFAULT_VEHTYPE" speed="13.66" pos="75.13" lane="0/2to1/2_0" slope="0.00"/>
        <vehicle id="6" x="398.20" y="203.68" angle="-1.71" type="DEFAULT_VEHTYPE" speed="13.62" pos="1.08" lane=":2/1_0_0" slope="0.00"/>
        <vehicle id="7" x="354.80" y="598.35" angle="90.00" type="DEFAULT_VEHTYPE" speed="13.14" pos="150.05" lane="1/3to2/3_0" slope="0.00"/>
        <vehicle id="8" x="198.35" y="6.97" angle="0.00" type="DEFAULT_VEHTYPE" speed="12.75" pos="188.28" lane="1/1to1/0_0" slope="0.00"/>
        <vehicle id="9" x="601.41" y="203.06" angle="145.45" type="DEFAULT_VEHTYPE" speed="7.62" pos="8.61" lane=":3/1_14_0" slope="0.00"/>
    </timestep>
    <timestep time="332.00">
        <vehicle id="0" x="601.65" y="366.28" angle="180.00" type="DEFAULT_VEHTYPE" speed="13.26" pos="161.53" lane="3/1to3/2_0" slope="0.00"/>
        <vehicle id="10" x="198.35" y="146.41" angle="0.00" type="DEFAULT_VEHTYPE" speed="13.60" pos="48.84" lane="1/1to1/0_0" slope="0.00"/>
        <vehicle id="11" x="398.35" y="640.93" angle="0.00" type="DEFAULT_VEHTYPE" speed="13.69" pos="159.07" lane="2/4to2/3_0" slope="0.00"/>
        <vehicle id="15" x="510.15" y="401.65" angle="-90.00" type="DEFAULT_VEHTYPE" speed="13.24" pos="85.10" lane="3/2to2/2_0" slope="0.00"/>
        <vehicle id="16" x="398.35" y="668.70" angle="0.00" type="DEFAULT_VEHTYPE" speed="13.39" pos="131.30" lane="2/4to2/3_0" slope="0.00"/>
        <vehicle id="17" x="398.35" y="751.84" angle="0.00" type="DEFAULT_VEHTYPE" speed="13.69" pos="48.16" lane="2/4to2/3_0" slope="0.00"/>
        <vehicle id="18" x="598.35" y="440.36" angle="0.00" type="DEFAULT_VEHTYPE" speed="12.87" pos="154.89" lane="3/3to3/2_0" slope="0.00"/>
        <vehicle id="2" x="335.01" y="401.65" angle="-90.00" type="DEFAULT_VEHTYPE" speed="13.25" pos="60.24" lane="2/2to1/2_0" slope="0.00"/>
        <vehicle id="24" x="201.65" y="503.35" angle="180.00" type="DEFAULT_VEHTYPE" speed="12.61" pos="98.60" lane="1/2to1/3_0" slope="0.00"/>
        <vehicle id="28" x="601.65" y="431.13" angle="180.00" type="DEFAULT_VEHTYPE" speed="13.53" pos="26.38" lane="3/2to3/3_0" slope="0.00"/>
        <vehicle id="29" x="786.53" y="598.35" angle="90.00" type="DEFAULT_VEHTYPE" speed="13.76" pos="181.78" lane="3/3to4/3_0" slope="0.00"/>
        <vehicle id="3" x="601.65" y="264.24" angle="180.00" type="DEFAULT_VEHTYPE" speed="13.70" pos="59.49" lane="3/1to3/2_0" slope="0.00"/>
        <vehicle id="33" x="398.35" y="248.15" angle="0.00" type="DEFAULT_VEHTYPE" speed="13.35" pos="147.10" lane="2/2to2/1_0" slope="0.00"/>
        <vehicle id="37" x="258.25" y="201.65" angle="-90.00" type="DEFAULT_VEHTYPE" speed="12.96" pos="137.00" lane="2/1to1/1_0" slope="0.00"/>
        <vehicle id="39" x="398.35" y="294.82" angle="0.00" type="DEFAULT_VEHTYPE" speed="13.00" pos="100.43" lane="2/2to2/1_0" slope="0.00"/>
        <vehicle id="40" x="601.65" y="469.35" angle="180.00" type="DEFAULT_VEHTYPE" speed="13.55" pos="64.60" lane="3/2to3/3_0" slope="0.00"/>
        <vehicle id="42" x="201.65" y="573.01" angle="180.00" type="DEFAULT_VEHTYPE" speed="12.68" pos="168.26" lane="1/2to1/3_0" slope="0.00"/>
        <vehicle id="43" x="0.58" y="401.65" angle="-90.00" type="DEFAULT_VEHTYPE" speed="13.73" pos="194.67" lane="1/2to0/2_0" slope="0.00"/>
        <vehicle id="44" x="451.15" y="401.65" angle="-90.00" type="DEFAULT_VEHTYPE" speed="13.18" pos="144.10" lane="3/2to2/2_0" slope="0.00"/>
        <vehicle id="48" x="706.82" y="198.35" angle="90.00" type="DEFAULT_VEHTYPE" speed="13.15" pos="102.07" lane="3/1to4/1_0" slope="0.00"/>
        <vehicle id="49" x="332.68" y="201.65" angle="-90.00" type="DEFAULT_VEHTYPE" speed="13.01" pos="62.57" lane="2/1to1/1_0" slope="0.00"/>
        <vehicle id="5" x="88.08" y="398.35" angle="90.00" type="DEFAULT_VEHTYPE" speed="12.95" pos="88.08" lane="0/2to1/2_0" slope="0.00"/>
        <vehicle id="6" x="386.35" y="201.65" angle="-90.00" type="DEFAULT_VEHTYPE" speed="12.83" pos="8.90" lane="2/1to1/1_0" slope="0.00"/>
        <vehicle id="7" x="367.97" y="598.35" angle="90.00" type="DEFAULT_VEHTYPE" speed="13.18" pos="163.22" lane="1/3to2/3_0" slope="0.00"/>
        <vehicle id="8" x="201.65" y="1.57" angle="137.22" type="DEFAULT_VEHTYPE" speed="13.37" pos="1.57" lane="1/0to1/1_0" slope="0.00"/>
        <vehicle id="9" x="601.65" y="212.84" angle="180.00" type="DEFAULT_VEHTYPE" speed="9.80" pos="8.09" lane="3/1to3/2_0" slope="0.00"/>
    </timestep>
    <timestep time="333.00">
        <vehicle id="0" x="601.65" y="379.16" angle="180.00" type="DEFAULT_VEHTYPE" speed="12.88" pos="174.41" lane="3/1to3/2_0" slope="0.00"/>
        <vehicle id="10" x="198.35" y="132.77" angle="0.00" type="DEFAULT_VEHTYPE" speed="13.64" pos="62.48" lane="1/1to1/0_0" slope="0.00"/>
        <vehicle id="11" x="398.35" y="627.27" angle="0.00" type="DEFAULT_VEHTYPE" speed="13.66" pos="172.73" lane="2/4to2/3_0" slope="0.00"/>
        <vehicle id="15" x="497.45" y="401.65" angle="-90.00" type="DEFAULT_VEHTYPE" speed="12.70" pos="97.80" lane="3/2to2/2_0" slope="0.00"/>
        <vehicle id="16" x="398.35" y="656.02" angle="0.00" type="DEFAULT_VEHTYPE" speed="12.68" pos="143.98" lane="2/4to2/3_0" slope="0.00"/>
        <vehicle id="17" x="398.35" y="738.07" angle="0.00" type="DEFAULT_VEHTYPE" speed="13.77" pos="61.93" lane="2/4to2/3_0" slope="0.00"/>
        <vehicle id="18" x="598.35" y="427.42" angle="0.00" type="DEFAULT_VEHTYPE" speed="12.93" pos="167.83" lane="3/3to3/2_0" slope="0.00"/>
        <vehicle id="2" x="321.55" y="401.65" angle="-90.00" type="DEFAULT_VEHTYPE" speed="13.46" pos="73.70" lane="2/2to1/2_0" slope="0.00"/>
        <vehicle id="24" x="201.65" y="516.96" angle="180.00" type="DEFAULT_VEHTYPE" speed="13.61" pos="112.21" lane="1/2to1/3_0" slope="0.00"/>
        <vehicle id="28" x="601.65" y="444.65" angle="180.00" type="DEFAULT_VEHTYPE" speed="13.52" pos="39.90" lane="3/2to3/3_0" slope="0.00"/>
        <vehicle id="29" x="799.35" y="598.35" angle="90.00" type="DEFAULT_VEHTYPE" speed="12.81" pos="194.60" lane="3/3to4/3_0" slope="0.00"/>
        <vehicle id="3" x="601.65" y="277.26" angle="180.00" type="DEFAULT_VEHTYPE" speed="13.02" pos="72.51" lane="3/1to3/2_0" slope="0.00"/>
        <vehicle id="33" x="398.35" y="235.11" angle="0.00" type="DEFAULT_VEHTYPE" speed="13.04" pos="160.14" lane="2/2to2/1_0" slope="0.00"/>
        <vehicle id="37" x="244.72" y="201.65" angle="-90.00" type="DEFAULT_VEHTYPE" speed="13.52" pos="150.53" lane="2/1to1/1_0" slope="0.00"/>
        <vehicle id="39" x="398.35" y="281.26" angle="0.00" type="DEFAULT_VEHTYPE" speed="13.56" pos="113.99" lane="2/2to2/1_0" slope="0.00"/>
        <vehicle id="40" x="601.65" y="482.10" angle="180.00" type="DEFAULT_VEHTYPE" speed="12.76" pos="77.35" lane="3/2to3/3_0" slope="0.00"/>
        <vehicle id="42" x="201.65" y="585.99" angle="180.00" type="DEFAULT_VEHTYPE" speed="12.98" pos="181.24" lane="1/2to1/3_0" slope="0.00"/>
        <vehicle id="43" x="8.11" y="398.35" angle="90.00" type="DEFAULT_VEHTYPE" speed="13.52" pos="8.11" lane="0/2to1/2_0" slope="0.00"/>
        <vehicle id="44" x="437.77" y="401.65" angle="-90.00" type="DEFAULT_VEHTYPE" speed="13.38" pos="157.48" lane="3/2to2/2_0" slope="0.00"/>
        <vehicle id="48" x="719.88" y="198.35" angle="90.00" type="DEFAULT_VEHTYPE" speed="13.05" pos="115.13" lane="3/1to4/1_0" slope="0.00"/>
        <vehicle id="49" x="318.96" y="201.65" angle="-90.00" type="DEFAULT_VEHTYPE" speed="13.72" pos="76.29" lane="2/1to1/1_0" slope="0.00"/>
        <vehicle id="5" x="101.36" y="398.35" angle="90.00" type="DEFAULT_VEHTYPE" speed="13.28" pos="101.36" lane="0/2to1/2_0" slope="0.00"/>
        <vehicle id="6" x="372.98" y="201.65" angle="-90.00" type="DEFAULT_VEHTYPE" speed="13.37" pos="22.27" lane="2/1to1/1_0" slope="0.00"/>
        <vehicle id="7" x="378.83" y="598.35" angle="90.00" type="DEFAULT_VEHTYPE" speed="10.86" pos="174.08" lane="1/3to2/3_0" slope="0.00"/>
        <vehicle id="8" x="201.65" y="14.30" angle="180.00" type="DEFAULT_VEHTYPE" speed="12.73" pos="14.30" lane="1/0to1/1_0" slope="0.00"/>
        <vehicle id="9" x="601.65" y="224.23" angle="180.00" type="DEFAULT_VEHTYPE" speed="11.39" pos="19.48" lane="3/1to3/2_0" slope="0.00"/>
    </timestep>
    <timestep time="334.00">
        <vehicle id="0" x="601.65" y="392.89" angle="180.00" type="DEFAULT_VEHTYPE" speed="13.73" pos="188.14" lane="3/1to3/2_0" slope="0.00"/>
        <vehicle id="10" x="198.35" y="119.89" angle="0.00" type="DEFAULT_VEHTYPE" speed="12.88" pos="75.36" lane="1/1to1/0_0" slope="0.00"/>
        <vehicle id="11" x="398.35" y="613.94" angle="0.00" type="DEFAULT_VEHTYPE" speed="13.33" pos="186.06" lane="2/4to2/3_0" slope="0.00"/>
        <vehicle id="15" x="483.95" y="401.65" angle="-90.00" type="DEFAULT_VEHTYPE" speed="13.50" pos="111.30" lane="3/2to2/2_0" slope="0.00"/>
        <vehicle id="16" x="398.35" y="642.35" angle="0.00" type="DEFAULT_VEHTYPE" speed="13.66" pos="157.65" lane="2/4to2/3_0" slope="0.00"/>
        <vehicle id="17" x="398.35" y="725.33" angle="0.00" type="DEFAULT_VEHTYPE" speed="12.74" pos="74.67" lane="2/4to2/3_0" slope="0.00"/>
        <vehicle id="18" x="598.35" y="414.66" angle="0.00" type="DEFAULT_VEHTYPE" speed="12.76" pos="180.59" lane="3/3to3/2_0" slope="0.00"/>
        <vehicle id="2" x="307.74" y="401.65" angle="-90.00" type="DEFAULT_VEHTYPE" speed="13.82" pos="87.51" lane="2/2to1/2_0" slope="0.00"/>
        <vehicle id="24" x="201.65" y="530.70" angle="180.00" type="DEFAULT_VEHTYPE" speed="13.74" pos="125.95" lane="1/2to1/3_0" slope="0.00"/>
        <vehicle id="28" x="601.65" y="457.26" angle="180.00" type="DEFAULT_VEHTYPE" speed="12.61" pos="52.51" lane="3/2to3/3_0" slope="0.00"/>
        <vehicle id="29" x="792.84" y="601.65" angle="-90.00" type="DEFAULT_VEHTYPE" speed="12.64" pos="7.16" lane="4/3to3/3_0" slope="0.00"/>
        <vehicle id="3" x="601.65" y="290.74" angle="180.00" type="DEFAULT_VEHTYPE" speed="13.48" pos="85.99" lane="3/1to3/2_0" slope="0.00"/>
        <vehicle id="33" x="398.35" y="222.21" angle="0.00" type="DEFAULT_VEHTYPE" speed="12.90" pos="173.04" lane="2/2to2/1_0" slope="0.00"/>
        <vehicle id="37" x="231.33" y="201.65" angle="-90.00" type="DEFAULT_VEHTYPE" speed="13.39" pos="163.92" lane="2/1to1/1_0" slope="0.00"/>
        <vehicle id="39" x="398.35" y="267.96" angle="0.00" type="DEFAULT_VEHTYPE" speed="13.30" pos="127.29" lane="2/2to2/1_0" slope="0.00"/>
        <vehicle id="40" x="601.65" y="495.54" angle="180.00" type="DEFAULT_VEHTYPE" speed="13.44" pos="90.79" lane="3/2to3/3_0" slope="0.00"/>
        <vehicle id="42" x="203.80" y="598.22" angle="151.26" type="DEFAULT_VEHTYPE" speed="13.31" pos="4.05" lane=":1/3_8_0" slope="0.00"/>
        <vehicle id="43" x="21.27" y="398.35" angle="90.00" type="DEFAULT_VEHTYPE" speed="13.15" pos="21.27" lane="0/2to1/2_0" slope="0.00"/>
        <vehicle id="44" x="425.55" y="401.65" angle="-90.00" type="DEFAULT_VEHTYPE" speed="12.22" pos="169.70" lane="3/2to2/2_0" slope="0.00"/>
        <vehicle id="48" x="733.31" y="198.35" angle="90.00" type="DEFAULT_VEHTYPE" speed="13.44" pos="128.56" lane="3/1to4/1_0" slope="0.00"/>
        <vehicle id="49" x="305.65" y="201.65" angle="-90.00" type="DEFAULT_VEHTYPE" speed="13.31" pos="89.60" lane="2/1to1/1_0" slope="0.00"/>
        <vehicle id="5" x="114.54" y="398.35" angle="90.00" type="DEFAULT_VEHTYPE" speed="13.18" pos="114.54" lane="0/2to1/2_0" slope="0.00"/>
        <vehicle id="6" x="360.23" y="201.65" angle="-90.00" type="DEFAULT_VEHTYPE" speed="12.74" pos="35.02" lane="2/1to1/1_0" slope="0.00"/>
        <vehicle id="7" x="386.29" y="598.35" angle="90.00" type="DEFAULT_VEHTYPE" speed="7.45" pos="181.54" lane="1/3to2/3_0" slope="0.00"/>
        <vehicle id="8" x="201.65" y="27.24" angle="180.00" type="DEFAULT_VEHTYPE" speed="12.93" pos="27.24" lane="1/0to1/1_0" slope="0.00"/>
        <vehicle id="9" x="601.65" y="236.84" angle="180.00" type="DEFAULT_VEHTYPE" speed="12.61" pos="32.09" lane="3/1to3/2_0" slope="0.00"/>
    </timestep>
    <timestep time="335.00">
        <vehicle id="0" x="601.65" y="406.29" angle="180.00" type="DEFAULT_VEHTYPE" speed="13.40" pos="1.54" lane="3/2to3/3_0" slope="0.00"/>
        <vehicle id="10" x="198.35" y="106.59" angle="0.00" type="DEFAULT_VEHTYPE" speed="13.30" pos="88.66" lane="1/1to1/0_0" slope="0.00"/>
        <vehicle id="11" x="398.35" y="600.40" angle="0.00" type="DEFAULT_VEHTYPE" speed="13.54" pos="4.35" lane=":2/3_1_0" slope="0.00"/>
        <vehicle id="15" x="471.04" y="401.65" angle="-90.00" type="DEFAULT_VEHTYPE" speed="12.92" pos="124.21" lane="3/2to2/2_0" slope="0.00"/>
        <vehicle id="16" x="398.35" y="628.79" angle="0.00" type="DEFAULT_VEHTYPE" speed="13.56" pos="171.21" lane="2/4to2/3_0" slope="0.00"/>
        <vehicle id="17" x="398.35" y="712.50" angle="0.00" type="DEFAULT_VEHTYPE" speed="12.82" pos="87.50" lane="2/4to2/3_0" slope="0.00"/>
        <vehicle id="18" x="597.33" y="402.27" angle="-12.28" type="DEFAULT_VEHTYPE" speed="12.71" pos="2.79" lane=":3/2_0_0" slope="0.00"/>
        <vehicle id="2" x="294.72" y="401.65" angle="-90.00" type="DEFAULT_VEHTYPE" speed="13.02" pos="100.53" lane="2/2to1/2_0" slope="0.00"/>
        <vehicle id="24" x="201.65" y="544.05" angle="180.00" type="DEFAULT_VEHTYPE" speed="13.36" pos="139.30" lane="1/2to1/3_0" slope="0.00"/>
        <vehicle id="28" x="601.65" y="470.13" angle="180.00" type="DEFAULT_VEHTYPE" speed="12.87" pos="65.38" lane="3/2to3/3_0" slope="0.00"/>
        <vehicle id="29" x="779.02" y="601.65" angle="-90.00" type="DEFAULT_VEHTYPE" speed="13.82" pos="20.98" lane="4/3to3/3_0" slope="0.00"/>
        <vehicle id="3" x="601.65" y="304.48" angle="180.00" type="DEFAULT_VEHTYPE" speed="13.74" pos="99.73" lane="3/1to3/2_0" slope="0.00"/>
        <vehicle id="33" x="398.35" y="208.58" angle="0.00" type="DEFAULT_VEHTYPE" speed="13.63" pos="186.67" lane="2/2to2/1_0" slope="0.00"/>
        <vehicle id="37" x="221.61" y="201.65" angle="-90.00" type="DEFAULT_VEHTYPE" speed="9.72" pos="173.64" lane="2/1to1/1_0" slope="0.00"/>
        <vehicle id="39" x="398.35" y="254.56" angle="0.00" type="DEFAULT_VEHTYPE" speed="13.40" pos="140.69" lane="2/2to2/1_0" slope="0.00"/>
        <vehicle id="40" x="601.65" y="508.96" angle="180.00" type="DEFAULT_VEHTYPE" speed="13.42" pos="104.21" lane="3/2to3/3_0" slope="0.00"/>
        <vehicle id="42" x="216.76" y="598.35" angle="90.00" type="DEFAULT_VEHTYPE" speed="12.97" pos="12.01" lane="1/3to2/3_0" slope="0.00"/>
        <vehicle id="43" x="34.67" y="398.35" angle="90.00" type="DEFAULT_VEHTYPE" speed="13.40" pos="34.67" lane="0/2to1/2_0" slope="0.00"/>
        <vehicle id="44" x="416.94" y="401.65" angle="-90.00" type="DEFAULT_VEHTYPE" speed="8.61" pos="178.31" lane="3/2to2/2_0" slope="0.00"/>
        <vehicle id="48" x="746.51" y="198.35" angle="90.00" type="DEFAULT_VEHTYPE" speed="13.20" pos="141.76" lane="3/1to4/1_0" slope="0.00"/>
        <vehicle id="49" x="292.58" y="201.65" angle="-90.00" type="DEFAULT_VEHTYPE" speed="13.07" pos="102.67" lane="2/1to1/1_0" slope="0.00"/>
        <vehicle id="5" x="128.06" y="398.35" angle="90.00" type="DEFAULT_VEHTYPE" speed="13.52" pos="128.06" lane="0/2to1/2_0" slope="0.00"/>
        <vehicle id="6" x="346.79" y="201.65" angle="-90.00" type="DEFAULT_VEHTYPE" speed="13.44" pos="48.46" lane="2/1to1/1_0" slope="0.00"/>
        <vehicle id="7" x="389.91" y="598.35" angle="90.00" type="DEFAULT_VEHTYPE" speed="3.62" pos="185.16" lane="1/3to2/3_0" slope="0.00"/>
        <vehicle id="8" x="201.65" y="41.10" angle="180.00" type="DEFAULT_VEHTYPE" speed="13.86" pos="41.10" lane="1/0to1/1_0" slope="0.00"/>
        <vehicle id="9" x="601.65" y="250.01" angle="180.00" type="DEFAULT_VEHTYPE" speed="13.17" pos="45.26" lane="3/1to3/2_0" slope="0.00"/>
    </timestep>
    <timestep time="336.00">
        <vehicle id="0" x="601.65" y="419.54" angle="180.00" type="DEFAULT_VEHTYPE" speed="13.25" pos="14.79" lane="3/2to3/3_0" slope="0.00"/>
        <vehicle id="10" x="198.35" y="93.47" angle="0.00" type="DEFAULT_VEHTYPE" speed="13.12" pos="101.78" lane="1/1to1/0_0" slope="0.00"/>
        <vehicle id="11" x="398.35" y="587.07" angle="0.00" type="DEFAULT_VEHTYPE" speed="13.33" pos="8.18" lane="2/3to2/2_0" slope="0.00"/>
        <vehicle id="15" x="457.78" y="401.65" angle="-90.00" type="DEFAULT_VEHTYPE" speed="13.25" pos="137.47" lane="3/2to2/2_0" slope="0.00"/>
        <vehicle id="16" x="398.35" y="616.06" angle="0.00" type="DEFAULT_VEHTYPE" speed="12.73" pos="183.94" lane="2/4to2/3_0" slope="0.00"/>
        <vehicle id="17" x="398.35" y="699.11" angle="0.00" type="DEFAULT_VEHTYPE" speed="13.39" pos="100.89" lane="2/4to2/3_0" slope="0.00"/>
        <vehicle id="18" x="584.68" y="401.65" angle="-90.00" type="DEFAULT_VEHTYPE" speed="12.77" pos="10.57" lane="3/2to2/2_0" slope="0.00"/>
        <vehicle id="2" x="281.27" y="401.65" angle="-90.00" type="DEFAULT_VEHTYPE" speed="13.45" pos="113.98" lane="2/2to1/2_0" slope="0.00"/>
        <vehicle id="24" x="201.65" y="557.74" angle="180.00" type="DEFAULT_VEHTYPE" speed="13.68" pos="152.99" lane="1/2to1/3_0" slope="0.00"/>
        <vehicle id="28" x="601.65" y="484.00" angle="180.00" type="DEFAULT_VEHTYPE" speed="13.87" pos="79.25" lane="3/2to3/3_0" slope="0.00"/>
        <vehicle id="29" x="765.64" y="601.65" angle="-90.00" type="DEFAULT_VEHTYPE" speed="13.38" pos="34.36" lane="4/3to3/3_0" slope="0.00"/>
        <vehicle id="3" x="601.65" y="317.10" angle="180.00" type="DEFAULT_VEHTYPE" speed="12.62" pos="112.35" lane="3/1to3/2_0" slope="0.00"/>
        <vehicle id="33" x="398.35" y="194.73" angle="0.00" type="DEFAULT_VEHTYPE" speed="13.85" pos="0.52" lane="2/1to2/0_0" slope="0.00"/>
        <vehicle id="37" x="215.04" y="201.65" angle="-90.00" type="DEFAULT_VEHTYPE" speed="6.58" pos="180.21" lane="2/1to1/1_0" slope="0.00"/>
        <vehicle id="39" x="398.35" y="240.88" angle="0.00" type="DEFAULT_VEHTYPE" speed="13.68" pos="154.37" lane="2/2to2/1_0" slope="0.00"/>
        <vehicle id="40" x="601.65" y="522.32" angle="180.00" type="DEFAULT_VEHTYPE" speed="13.36" pos="117.57" lane="3/2to3/3_0" slope="0.00"/>
        <vehicle id="42" x="230.21" y="598.35" angle="90.00" type="DEFAULT_VEHTYPE" speed="13.44" pos="25.46" lane="1/3to2/3_0" slope="0.00"/>
        <vehicle id="43" x="48.43" y="398.35" angle="90.00" type="DEFAULT_VEHTYPE" speed="13.76" pos="48.43" lane="0/2to1/2_0" slope="0.00"/>
        <vehicle id="44" x="412.35" y="401.65" angle="-90.00" type="DEFAULT_VEHTYPE" speed="4.59" pos="182.90" lane="3/2to2/2_0" slope="0.00"/>
        <vehicle id="48" x="760.27" y="198.35" angle="90.00" type="DEFAULT_VEHTYPE" speed="13.76" pos="155.52" lane="3/1to4/1_0" slope="0.00"/>
        <vehicle id="49" x="279.42" y="201.65" angle="-90.00" type="DEFAULT_VEHTYPE" speed="13.16" pos="115.83" lane="2/1to1/1_0" slope="0.00"/>
        <vehicle id="5" x="141.28" y="398.35" angle="90.00" type="DEFAULT_VEHTYPE" speed="13.21" pos="141.28" lane="0/2to1/2_0" slope="0.00"/>
        <vehicle id="6" x="333.07" y="201.65" angle="-90.00" type="DEFAULT_VEHTYPE" speed="13.73" pos="62.18" lane="2/1to1/1_0" slope="0.00"/>
        <vehicle id="7" x="391.25" y="598.35" angle="90.00" type="DEFAULT_VEHTYPE" speed="1.34" pos="186.50" lane="1/3to2/3_0" slope="0.00"/>
        <vehicle id="8" x="201.65" y="54.93" angle="180.00" type="DEFAULT_VEHTYPE" speed="13.83" pos="54.93" lane="1/0to1/1_0" slope="0.00"/>
        <vehicle id="9" x="601.65" y="263.53" angle="180.00" type="DEFAULT_VEHTYPE" speed="13.52" pos="58.78" lane="3/1to3/2_0" slope="0.00"/>
    </timestep>
    <timestep time="337.00">
        <vehicle id="0" x="601.65" y="432.28" angle="180.00" type="DEFAULT_VEHTYPE" speed="12.74" pos="27.53" lane="3/2to3/3_0" slope="0.00"/>
        <vehicle id="10" x="198.35" y="80.79" angle="0.00" type="DEFAULT_VEHTYPE" speed="12.68" pos="114.46" lane="1/1to1/0_0" slope="0.00"/>
        <vehicle id="11" x="398.35" y="573.53" angle="0.00" type="DEFAULT_VEHTYPE" speed="13.54" pos="21.72" lane="2/3to2/2_0" slope="0.00"/>
        <vehicle id="15" x="444.17" y="401.65" angle="-90.00" type="DEFAULT_VEHTYPE" speed="13.62" pos="151.08" lane="3/2to2/2_0" slope="0.00"/>
        <vehicle id="16" x="398.35" y="602.90" angle="0.00" type="DEFAULT_VEHTYPE" speed="13.16" pos="1.85" lane=":2/3_1_0" slope="0.00"/>
        <vehicle id="17" x="398.35" y="686.46" angle="0.00" type="DEFAULT_VEHTYPE" speed="12.65" pos="113.54" lane="2/4to2/3_0" slope="0.00"/>
        <vehicle id="18" x="571.23" y="401.65" angle="-90.00" type="DEFAULT_VEHTYPE" speed="13.45" pos="24.02" lane="3/2to2/2_0" slope="0.00"/>
        <vehicle id="2" x="267.48" y="401.65" angle="-90.00" type="DEFAULT_VEHTYPE" speed="13.79" pos="127.77" lane="2/2to1/2_0" slope="0.00"/>
        <vehicle id="24" x="201.65" y="571.14" angle="180.00" type="DEFAULT_VEHTYPE" speed="13.40" pos="166.39" lane="1/2to1/3_0" slope="0.00"/>
        <vehicle id="28" x="601.65" y="497.67" angle="180.00" type="DEFAULT_VEHTYPE" speed="13.66" pos="92.92" lane="3/2to3/3_0" slope="0.00"/>
        <vehicle id="29" x="752.72" y="601.65" angle="-90.00" type="DEFAULT_VEHTYPE" speed="12.91" pos="47.28" lane="4/3to3/3_0" slope="0.00"/>
        <vehicle id="3" x="601.65" y="329.94" angle="180.00" type="DEFAULT_VEHTYPE" speed="12.83" pos="125.19" lane="3/1to3/2_0" slope="0.00"/>
        <vehicle id="33" x="398.35" y="181.15" angle="0.00" type="DEFAULT_VEHTYPE" speed="13.58" pos="14.10" lane="2/1to2/0_0" slope="0.00"/>
        <vehicle id="37" x="210.98" y="201.65" angle="-90.00" type="DEFAULT_VEHTYPE" speed="4.05" pos="184.27" lane="2/1to1/1_0" slope="0.00"/>
        <vehicle id="39" x="398.35" y="227.96" angle="0.00" type="DEFAULT_VEHTYPE" speed="12.91" pos="167.29" lane="2/2to2/1_0" slope="0.00"/>
        <vehicle id="40" x="601.65" y="535.29" angle="180.00" type="DEFAULT_VEHTYPE" speed="12.97" pos="130.54" lane="3/2to3/3_0" slope="0.00"/>
        <vehicle id="42" x="243.10" y="598.35" angle="90.00" type="DEFAULT_VEHTYPE" speed="12.90" pos="38.35" lane="1/3to2/3_0" slope="0.00"/>
        <vehicle id="43" x="62.28" y="398.35" angle="90.00" type="DEFAULT_VEHTYPE" speed="13.85" pos="62.28" lane="0/2to1/2_0" slope="0.00"/>
        <vehicle id="44" x="409.22" y="401.65" angle="-90.00" type="DEFAULT_VEHTYPE" speed="3.14" pos="186.03" lane="3/2to2/2_0" slope="0.00"/>
        <vehicle id="48" x="773.29" y="198.35" angle="90.00" type="DEFAULT_VEHTYPE" speed="13.02" pos="168.54" lane="3/1to4/1_0" slope="0.00"/>
        <vehicle id="49" x="265.62" y="201.65" angle="-90.00" type="DEFAULT_VEHTYPE" speed="13.80" pos="129.63" lane="2/1to1/1_0" slope="0.00"/>
        <vehicle id="5" x="154.28" y="398.35" angle="90.00" type="DEFAULT_VEHTYPE" speed="13.01" pos="154.28" lane="0/2to1/2_0" slope="0.00"/>
        <vehicle id="6" x="319.99" y="201.65" angle="-90.00" type="DEFAULT_VEHTYPE" speed="13.08" pos="75.26" lane="2/1to1/1_0" slope="0.00"/>
        <vehicle id="7" x="392.03" y="598.35" angle="90.00" type="DEFAULT_VEHTYPE" speed="0.78" pos="187.28" lane="1/3to2/3_0" slope="0.00"/>
        <vehicle id="8" x="201.65" y="67.80" angle="180.00" type="DEFAULT_VEHTYPE" speed="12.87" pos="67.80" lane="1/0to1/1_0" slope="0.00"/>
        <vehicle id="9" x="601.65" y="277.14" angle="180.00" type="DEFAULT_VEHTYPE" speed="13.61" pos="72.39" lane="3/1to3/2_0" slope="0.00"/>
    </timestep>
    <timestep time="338.00">
        <vehicle id="0" x="601.65" y="445.86" angle="180.00" type="DEFAULT_VEHTYPE" speed="13.57" pos="41.11" lane="3/2to3/3_0" slope="0.00"/>
        <vehicle id="10" x="198.35" y="67.58" angle="0.00" type="DEFAULT_VEHTYPE" speed="13.21" pos="127.67" lane="1/1to1/0_0" slope="0.00"/>
        <vehicle id="11" x="398.35" y="560.92" angle="0.00" type="DEFAULT_VEHTYPE" speed="12.61" pos="34.33" lane="2/3to2/2_0" slope="0.00"/>
        <vehicle id="15" x="433.11" y="401.65" angle="-90.00" type="DEFAULT_VEHTYPE" speed="11.06" pos="162.14" lane="3/2to2/2_0" slope="0.00"/>
        <vehicle id="16" x="398.35" y="589.01" angle="0.00" type="DEFAULT_VEHTYPE" speed="13.90" pos="6.24" lane="2/3to2/2_0" slope="0.00"/>
        <vehicle id="17" x="398.35" y="672.86" angle="0.00" type="DEFAULT_VEHTYPE" speed="13.60" pos="127.14" lane="2/4to2/3_0" slope="0.00"/>
        <vehicle id="18" x="557.98" y="401.65" angle="-90.00" type="DEFAULT_VEHTYPE" speed="13.25" pos="37.27" lane="3/2to2/2_0" slope="0.00"/>
        <vehicle id="2" x="254.05" y="401.65" angle="-90.00" type="DEFAULT_VEHTYPE" speed="13.43" pos="141.20" lane="2/2to1/2_0" slope="0.00"/>
        <vehicle id="24" x="201.65" y="584.39" angle="180.00" type="DEFAULT_VEHTYPE" speed="13.24" pos="179.64" lane="1/2to1/3_0" slope="0.00"/>
        <vehicle id="28" x="601.65" y="511.08" angle="180.00" type="DEFAULT_VEHTYPE" speed="13.41" pos="106.33" lane="3/2to3/3_0" slope="0.00"/>
        <vehicle id="29" x="738.87" y="601.65" angle="-90.00" type="DEFAULT_VEHTYPE" speed="13.85" pos="61.13" lane="4/3to3/3_0" slope="0.00"/>
        <vehicle id="3" x="601.65" y="343.66" angle="180.00" type="DEFAULT_VEHTYPE" speed="13.73" pos="138.91" lane="3/1to3/2_0" slope="0.00"/>
        <vehicle id="33" x="398.35" y="167.36" angle="0.00" type="DEFAULT_VEHTYPE" speed="13.79" pos="27.89" lane="2/1to2/0_0" slope="0.00"/>
        <vehicle id="37" x="205.30" y="201.65" angle="-90.00" type="DEFAULT_VEHTYPE" speed="5.69" pos="189.95" lane="2/1to1/1_0" slope="0.00"/>
        <vehicle id="39" x="398.35" y="215.10" angle="0.00" type="DEFAULT_VEHTYPE" speed="12.86" pos="180.15" lane="2/2to2/1_0" slope="0.00"/>
        <vehicle id="40" x="601.65" y="548.90" angle="180.00" type="DEFAULT_VEHTYPE" speed="13.61" pos="144.15" lane="3/2to3/3_0" slope="0.00"/>
        <vehicle id="42" x="255.80" y="598.35" angle="90.00" type="DEFAULT_VEHTYPE" speed="12.70" pos="51.05" lane="1/3to2/3_0" slope="0.00"/>
        <vehicle id="43" x="75.58" y="398.35" angle="90.00" type="DEFAULT_VEHTYPE" speed="13.30" pos="75.58" lane="0/2to1/2_0" slope="0.00"/>
        <vehicle id="44" x="404.46" y="401.65" angle="-90.00" type="DEFAULT_VEHTYPE" speed="4.76" pos="0.29" lane=":2/2_5_0" slope="0.00"/>
        <vehicle id="48" x="786.52" y="198.35" angle="90.00" type="DEFAULT_VEHTYPE" speed="13.23" pos="181.77" lane="3/1to4/1_0" slope="0.00"/>
        <vehicle id="49" x="252.94" y="201.65" angle="-90.00" type="DEFAULT_VEHTYPE" speed="12.68" pos="142.31" lane="2/1to1/1_0" slope="0.00"/>
        <vehicle id="5" x="168.06" y="398.35" angle="90.00" type="DEFAULT_VEHTYPE" speed="13.77" pos="168.06" lane="0/2to1/2_0" slope="0.00"/>
        <vehicle id="6" x="307.07" y="201.65" angle="-90.00" type="DEFAULT_VEHTYPE" speed="12.91" pos="88.18" lane="2/1to1/1_0" slope="0.00"/>
        <vehicle id="7" x="394.39" y="598.35" angle="90.00" type="DEFAULT_VEHTYPE" speed="2.36" pos="189.64" lane="1/3to2/3_0" slope="0.00"/>
        <vehicle id="8" x="201.65" y="81.05" angle="180.00" type="DEFAULT_VEHTYPE" speed="13.25" pos="81.05" lane="1/0to1/1_0" slope="0.00"/>
        <vehicle id="9" x="601.65" y="290.18" angle="180.00" type="DEFAULT_VEHTYPE" speed="13.04" pos="85.43" lane="3/1to3/2_0" slope="0.00"/>
    </timestep>
    <timestep time="339.00">
        <vehicle id="0" x="601.65" y="458.91" angle="180.00" type="DEFAULT_VEHTYPE" speed="13.05" pos="54.16" lane="3/2to3/3_0" slope="0.00"/>
        <vehicle id="10" x="198.35" y="53.80" angle="0.00" type="DEFAULT_VEHTYPE" speed="13.78" pos="141.45" lane="1/1to1/0_0" slope="0.00"/>
        <vehicle id="11" x="398.35" y="547.11" angle="0.00" type="DEFAULT_VEHTYPE" speed="13.81" pos="48.14" lane="2/3to2/2_0" slope="0.00"/>
        <vehicle id="15" x="421.84" y="401.65" angle="-90.00" type="DEFAULT_VEHTYPE" speed="11.26" pos="173.41" lane="3/2to2/2_0" slope="0.00"/>
        <vehicle id="16" x="398.35" y="575.27" angle="0.00" type="DEFAULT_VEHTYPE" speed="13.73" pos="19.98" lane="2/3to2/2_0" slope="0.00"/>
        <vehicle id="17" x="398.35" y="660.19" angle="0.00" type="DEFAULT_VEHTYPE" speed="12.67" pos="139.81" lane="2/4to2/3_0" slope="0.00"/>
        <vehicle id="18" x="544.81" y="401.65" angle="-90.00" type="DEFAULT_VEHTYPE" speed="13.16" pos="50.44" lane="3/2to2/2_0" slope="0.00"/>
        <vehicle id="2" x="240.40" y="401.65" angle="-90.00" type="DEFAULT_VEHTYPE" speed="13.65" pos="154.85" lane="2/2to1/2_0" slope="0.00"/>
        <vehicle id="24" x="202.12" y="597.08" angle="174.49" type="DEFAULT_VEHTYPE" speed="12.78" pos="1.92" lane=":1/3_8_0" slope="0.00"/>
        <vehicle id="28" x="601.65" y="524.63" angle="180.00" type="DEFAULT_VEHTYPE" speed="13.55" pos="119.88" lane="3/2to3/3_0" slope="0.00"/>
        <vehicle id="29" x="725.39" y="601.65" angle="-90.00" type="DEFAULT_VEHTYPE" speed="13.48" pos="74.61" lane="4/3to3/3_0" slope="0.00"/>
        <vehicle id="3" x="601.65" y="357.51" angle="180.00" type="DEFAULT_VEHTYPE" speed="13.85" pos="152.76" lane="3/1to3/2_0" slope="0.00"/>
        <vehicle id="33" x="398.35" y="154.30" angle="0.00" type="DEFAULT_VEHTYPE" speed="13.06" pos="40.95" lane="2/1to2/0_0" slope="0.00"/>
        <vehicle id="37" x="201.65" y="206.57" angle="-163.22" type="DEFAULT_VEHTYPE" speed="7.37" pos="1.82" lane="1/1to1/2_0" slope="0.00"/>
        <vehicle id="39" x="398.35" y="201.49" angle="0.00" type="DEFAULT_VEHTYPE" speed="13.61" pos="3.26" lane=":2/1_1_0" slope="0.00"/>
        <vehicle id="40" x="601.65" y="562.79" angle="180.00" type="DEFAULT_VEHTYPE" speed="13.88" pos="158.04" lane="3/2to3/3_0" slope="0.00"/>
        <vehicle id="42" x="269.47" y="598.35" angle="90.00" type="DEFAULT_VEHTYPE" speed="13.67" pos="64.72" lane="1/3to2/3_0" slope="0.00"/>
        <vehicle id="43" x="88.96" y="398.35" angle="90.00" type="DEFAULT_VEHTYPE" speed="13.38" pos="88.96" lane="0/2to1/2_0" slope="0.00"/>
        <vehicle id="44" x="397.27" y="401.65" angle="-90.00" type="DEFAULT_VEHTYPE" speed="7.19" pos="7.48" lane=":2/2_5_0" slope="0.00"/>
        <vehicle id="48" x="800.33" y="198.57" angle="92.52" type="DEFAULT_VEHTYPE" speed="13.87" pos="0.39" lane=":4/1_0_0" slope="0.00"/>
        <vehicle id="49" x="240.26" y="201.65" angle="-90.00" type="DEFAULT_VEHTYPE" speed="12.68" pos="154.99" lane="2/1to1/1_0" slope="0.00"/>
        <vehicle id="5" x="178.72" y="398.35" angle="90.00" type="DEFAULT_VEHTYPE" speed="10.67" pos="178.72" lane="0/2to1/2_0" slope="0.00"/>
        <vehicle id="6" x="293.70" y="201.65" angle="-90.00" type="DEFAULT_VEHTYPE" speed="13.37" pos="101.55" lane="2/1to1/1_0" slope="0.00"/>
        <vehicle id="7" x="398.62" y="599.09" angle="98.63" type="DEFAULT_VEHTYPE" speed="4.35" pos="3.49" lane=":2/3_14_0" slope="0.00"/>
        <vehicle id="8" x="201.65" y="93.72" angle="180.00" type="DEFAULT_VEHTYPE" speed="12.67" pos="93.72" lane="1/0to1/1_0" slope="0.00"/>
        <vehicle id="9" x="601.65" y="303.84" angle="180.00" type="DEFAULT_VEHTYPE" speed="13.66" pos="99.09" lane="3/1to3/2_0" slope="0.00"/>
    </timestep>
    <timestep time="340.00">
        <vehicle id="0" x="601.65" y="471.77" angle="180.00" type="DEFAULT_VEHTYPE" speed="12.86" pos="67.02" lane="3/2to3/3_0" slope="0.00"/>
        <vehicle id="10" x="198.35" y="40.86" angle="0.00" type="DEFAULT_VEHTYPE" speed="12.94" pos="154.39" lane="1/1to1/0_0" slope="0.00"/>
        <vehicle id="11" x="398.35" y="534.49" angle="0.00" type="DEFAULT_VEHTYPE" speed="12.62" pos="60.76" lane="2/3to2/2_0" slope="0.00"/>
        <vehicle id="15" x="414.49" y="401.65" angle="-90.00" type="DEFAULT_VEHTYPE" speed="7.35" pos="180.76" lane="3/2to2/2_0" slope="0.00"/>
        <vehicle id="16" x="398.35" y="561.62" angle="0.00" type="DEFAULT_VEHTYPE" speed="13.65" pos="33.63" lane="2/3to2/2_0" slope="0.00"/>
        <vehicle id="17" x="398.35" y="647.36" angle="0.00" type="DEFAULT_VEHTYPE" speed="12.83" pos="152.64" lane="2/4to2/3_0" slope="0.00"/>
        <vehicle id="18" x="531.78" y="401.65" angle="-90.00" type="DEFAULT_VEHTYPE" speed="13.04" pos="63.47" lane="3/2to2/2_0" slope="0.00"/>
        <vehicle id="2" x="227.55" y="401.65" angle="-90.00" type="DEFAULT_VEHTYPE" speed="12.85" pos="167.70" lane="2/2to1/2_0" slope="0.00"/>
        <vehicle id="24" x="215.38" y="598.35" angle="90.00" type="DEFAULT_VEHTYPE" speed="13.72" pos="10.63" lane="1/3to2/3_0" slope="0.00"/>
        <vehicle id="28" x="601.65" y="538.23" angle="180.00" type="DEFAULT_VEHTYPE" speed="13.60" pos="133.48" lane="3/2to3/3_0" slope="0.00"/>
        <vehicle id="29" x="711.63" y="601.65" angle="-90.00" type="DEFAULT_VEHTYPE" speed="13.76" pos="88.37" lane="4/3to3/3_0" slope="0.00"/>
        <vehicle id="3" x="601.65" y="371.28" angle="180.00" type="DEFAULT_VEHTYPE" speed="13.77" pos="166.53" lane="3/1to3/2_0" slope="0.00"/>
        <vehicle id="33" x="398.35" y="140.82" angle="0.00" type="DEFAULT_VEHTYPE" speed="13.48" pos="54.43" lane="2/1to2/0_0" slope="0.00"/>
        <vehicle id="37" x="201.65" y="216.16" angle="180.00" type="DEFAULT_VEHTYPE" speed="9.59" pos="11.41" lane="1/1to1/2_0" slope="0.00"/>
        <vehicle id="39" x="398.35" y="188.08" angle="0.00" type="DEFAULT_VEHTYPE" speed="13.40" pos="7.17" lane="2/1to2/0_0" slope="0.00"/>
        <vehicle id="40" x="601.65" y="576.36" angle="180.00" type="DEFAULT_VEHTYPE" speed="13.57" pos="171.61" lane="3/2to3/3_0" slope="0.00"/>
        <vehicle id="42" x="282.86" y="598.35" angle="90.00" type="DEFAULT_VEHTYPE" speed="13.39" pos="78.11" lane="1/3to2/3_0" slope="0.00"/>
        <vehicle id="43" x="102.17" y="398.35" angle="90.00" type="DEFAULT_VEHTYPE" speed="13.21" pos="102.17" lane="0/2to1/2_0" slope="0.00"/>
        <vehicle id="44" x="388.56" y="401.65" angle="-90.00" type="DEFAULT_VEHTYPE" speed="8.71" pos="6.69" lane="2/2to1/2_0" slope="0.00"/>
        <vehicle id="48" x="791.11" y="201.65" angle="-90.00" type="DEFAULT_VEHTYPE" speed="13.32" pos="8.89" lane="4/1to3/1_0" slope="0.00"/>
        <vehicle id="49" x="227.40" y="201.65" angle="-90.00" type="DEFAULT_VEHTYPE" speed="12.86" pos="167.85" lane="2/1to1/1_0" slope="0.00"/>
        <vehicle id="5" x="185.52" y="398.35" angle="90.00" type="DEFAULT_VEHTYPE" speed="6.79" pos="185.52" lane="0/2to1/2_0" slope="0.00"/>
        <vehicle id="6" x="280.40" y="201.65" angle="-90.00" type="DEFAULT_VEHTYPE" speed="13.30" pos="114.85" lane="2/1to1/1_0" slope="0.00"/>
        <vehicle id="7" x="401.65" y="604.85" angle="162.57" type="DEFAULT_VEHTYPE" speed="6.93" pos="0.10" lane="2/3to2/4_0" slope="0.00"/>
        <vehicle id="8" x="201.65" y="107.29" angle="180.00" type="DEFAULT_VEHTYPE" speed="13.57" pos="107.29" lane="1/0to1/1_0" slope="0.00"/>
        <vehicle id="9" x="601.65" y="316.71" angle="180.00" type="DEFAULT_VEHTYPE" speed="12.87" pos="111.96" lane="3/1to3/2_0" slope="0.00"/>
    </timestep>
    <timestep time="341.00">
        <vehicle id="0" x="601.65" y="485.38" angle="180.00" type="DEFAULT_VEHTYPE" speed="13.61" pos="80.63" lane="3/2to3/3_0" slope="0.00"/>
        <vehicle id="10" x="198.35" y="28.16" angle="0.00" type="DEFAULT_VEHTYPE" speed="12.70" pos="167.09" lane="1/1to1/0_0" slope="0.00"/>
        <vehicle id="11" x="398.35" y="521.56" angle="0.00" type="DEFAULT_VEHTYPE" speed="12.93" pos="73.69" lane="2/3to2/2_0" slope="0.00"/>
        <vehicle id="15" x="410.24" y="401.65" angle="-90.00" type="DEFAULT_VEHTYPE" speed="4.25" pos="185.01" lane="3/2to2/2_0" slope="0.00"/>
        <vehicle id="16" x="398.35" y="548.84" angle="0.00" type="DEFAULT_VEHTYPE" speed="12.78" pos="46.41" lane="2/3to2/2_0" slope="0.00"/>
        <vehicle id="17" x="398.35" y="633.88" angle="0.00" type="DEFAULT_VEHTYPE" speed="13.48" pos="166.12" lane="2/4to2/3_0" slope="0.00"/>
        <vehicle id="18" x="518.10" y="401.65" angle="-90.00" type="DEFAULT_VEHTYPE" speed="13.68" pos="77.15" lane="3/2to2/2_0" slope="0.00"/>
        <vehicle id="2" x="217.96" y="401.65" angle="-90.00" type="DEFAULT_VEHTYPE" speed="9.59" pos="177.29" lane="2/2to1/2_0" slope="0.00"/>
        <vehicle id="24" x="228.51" y="598.35" angle="90.00" type="DEFAULT_VEHTYPE" speed="13.12" pos="23.76" lane="1/3to2/3_0" slope="0.00"/>
        <vehicle id="28" x="601.65" y="551.97" angle="180.00" type="DEFAULT_VEHTYPE" speed="13.74" pos="147.22" lane="3/2to3/3_0" slope="0.00"/>
        <vehicle id="29" x="698.91" y="601.65" angle="-90.00" type="DEFAULT_VEHTYPE" speed="12.73" pos="101.09" lane="4/3to3/3_0" slope="0.00"/>
        <vehicle id="3" x="601.65" y="384.34" angle="180.00" type="DEFAULT_VEHTYPE" speed="13.06" pos="179.59" lane="3/1to3/2_0" slope="0.00"/>
        <vehicle id="33" x="398.35" y="128.12" angle="0.00" type="DEFAULT_VEHTYPE" speed="12.69" pos="67.13" lane="2/1to2/0_0" slope="0.00"/>
        <vehicle id="37" x="201.65" y="228.10" angle="180.00" type="DEFAULT_VEHTYPE" speed="11.94" pos="23.35" lane="1/1to1/2_0" slope="0.00"/>
        <vehicle id="39" x="398.35" y="175.40" angle="0.00" type="DEFAULT_VEHTYPE" speed="12.68" pos="19.85" lane="2/1to2/0_0" slope="0.00"/>
        <vehicle id="40" x="601.65" y="589.38" angle="180.00" type="DEFAULT_VEHTYPE" speed="13.02" pos="184.63" lane="3/2to3/3_0" slope="0.00"/>
        <vehicle id="42" x="296.15" y="598.35" angle="90.00" type="DEFAULT_VEHTYPE" speed="13.29" pos="91.40" lane="1/3to2/3_0" slope="0.00"/>
        <vehicle id="43" x="115.77" y="398.35" angle="90.00" type="DEFAULT_VEHTYPE" speed="13.60" pos="115.77" lane="0/2to1/2_0" slope="0.00"/>
        <vehicle id="44" x="377.90" y="401.65" angle="-90.00" type="DEFAULT_VEHTYPE" speed="10.66" pos="17.35" lane="2/2to1/2_0" slope="0.00"/>
        <vehicle id="48" x="777.76" y="201.65" angle="-90.00" type="DEFAULT_VEHTYPE" speed="13.35" pos="22.24" lane="4/1to3/1_0" slope="0.00"/>
        <vehicle id="49" x="218.79" y="201.65" angle="-90.00" type="DEFAULT_VEHTYPE" speed="8.61" pos="176.46" lane="2/1to1/1_0" slope="0.00"/>
        <vehicle id="5" x="189.10" y="398.35" angle="90.00" type="DEFAULT_VEHTYPE" speed="3.59" pos="189.10" lane="0/2to1/2_0" slope="0.00"/>
        <vehicle id="6" x="267.09" y="201.65" angle="-90.00" type="DEFAULT_VEHTYPE" speed="13.31" pos="128.16" lane="2/1to1/1_0" slope="0.00"/>
        <vehicle id="7" x="401.65" y="613.89" angle="180.00" type="DEFAULT_VEHTYPE" speed="9.04" pos="9.14" lane="2/3to2/4_0" slope="0.00"/>
        <vehicle id="8" x="201.65" y="120.13" angle="180.00" type="DEFAULT_VEHTYPE" speed="12.84" pos="120.13" lane="1/0to1/1_0" slope="0.00"/>
        <vehicle id="9" x="601.65" y="330.20" angle="180.00" type="DEFAULT_VEHTYPE" speed="13.49" pos="125.45" lane="3/1to3/2_0" slope="0.00"/>
    </timestep>
    <timestep time="342.00">
        <vehicle id="0" x="601.65" y="498.95" angle="180.00" type="DEFAULT_VEHTYPE" speed="13.56" pos="94.20" lane="3/2to3/3_0" slope="0.00"/>
        <vehicle id="10" x="198.35" y="14.99" angle="0.00" type="DEFAULT_VEHTYPE" speed="13.17" pos="180.26" lane="1/1to1/0_0" slope="0.00"/>
        <vehicle id="11" x="398.35" y="508.35" angle="0.00" type="DEFAULT_VEHTYPE" speed="13.22" pos="86.90" lane="2/3to2/2_0" slope="0.00"/>
        <vehicle id="15" x="404.59" y="401.63" angle="-89.74" type="DEFAULT_VEHTYPE" speed="5.65" pos="0.16" lane=":2/2_6_0" slope="0.00"/>
        <vehicle id="16" x="398.35" y="535.80" angle="0.00" type="DEFAULT_VEHTYPE" speed="13.04" pos="59.45" lane="2/3to2/2_0" slope="0.00"/>
        <vehicle id="17" x="398.35" y="620.15" angle="0.00" type="DEFAULT_VEHTYPE" speed="13.73" pos="179.85" lane="2/4to2/3_0" slope="0.00"/>
        <vehicle id="18" x="504.76" y="401.65" angle="-90.00" type="DEFAULT_VEHTYPE" speed="13.34" pos="90.49" lane="3/2to2/2_0" slope="0.00"/>
        <vehicle id="2" x="212.01" y="401.65" angle="-90.00" type="DEFAULT_VEHTYPE" speed="5.95" pos="183.24" lane="2/2to1/2_0" slope="0.00"/>
        <vehicle id="24" x="241.93" y="598.35" angle="90.00" type="DEFAULT_VEHTYPE" speed="13.43" pos="37.18" lane="1/3to2/3_0" slope="0.00"/>
        <vehicle id="28" x="601.65" y="565.37" angle="180.00" type="DEFAULT_VEHTYPE" speed="13.40" pos="160.62" lane="3/2to3/3_0" slope="0.00"/>
        <vehicle id="29" x="685.32" y="601.65" angle="-90.00" type="DEFAULT_VEHTYPE" speed="13.59" pos="114.68" lane="4/3to3/3_0" slope="0.00"/>
        <vehicle id="3" x="601.65" y="396.95" angle="180.00" type="DEFAULT_VEHTYPE" speed="12.61" pos="1.70" lane=":3/2_9_0" slope="0.00"/>
        <vehicle id="33" x="398.35" y="114.28" angle="0.00" type="DEFAULT_VEHTYPE" speed="13.84" pos="80.97" lane="2/1to2/0_0" slope="0.00"/>
        <vehicle id="37" x="201.65" y="240.88" angle="180.00" type="DEFAULT_VEHTYPE" speed="12.78" pos="36.13" lane="1/1to1/2_0" slope="0.00"/>
        <vehicle id="39" x="398.35" y="162.68" angle="0.00" type="DEFAULT_VEHTYPE" speed="12.72" pos="32.57" lane="2/1to2/0_0" slope="0.00"/>
        <vehicle id="40" x="606.70" y="598.35" angle="105.22" type="DEFAULT_VEHTYPE" speed="12.82" pos="1.95" lane="3/3to4/3_0" slope="0.00"/>
        <vehicle id="42" x="309.21" y="598.35" angle="90.00" type="DEFAULT_VEHTYPE" speed="13.06" pos="104.46" lane="1/3to2/3_0" slope="0.00"/>
        <vehicle id="43" x="129.55" y="398.35" angle="90.00" type="DEFAULT_VEHTYPE" speed="13.78" pos="129.55" lane="0/2to1/2_0" slope="0.00"/>
        <vehicle id="44" x="364.65" y="401.65" angle="-90.00" type="DEFAULT_VEHTYPE" speed="13.25" pos="30.60" lane="2/2to1/2_0" slope="0.00"/>
        <vehicle id="48" x="764.79" y="201.65" angle="-90.00" type="DEFAULT_VEHTYPE" speed="12.97" pos="35.21" lane="4/1to3/1_0" slope="0.00"/>
        <vehicle id="49" x="213.37" y="201.65" angle="-90.00" type="DEFAULT_VEHTYPE" speed="5.42" pos="181.88" lane="2/1to1/1_0" slope="0.00"/>
        <vehicle id="5" x="195.04" y="398.35" angle="90.00" type="DEFAULT_VEHTYPE" speed="5.94" pos="195.04" lane="0/2to1/2_0" slope="0.00"/>
        <vehicle id="6" x="254.46" y="201.65" angle="-90.00" type="DEFAULT_VEHTYPE" speed="12.63" pos="140.79" lane="2/1to1/1_0" slope="0.00"/>
        <vehicle id="7" x="401.65" y="625.48" angle="180.00" type="DEFAULT_VEHTYPE" speed="11.59" pos="20.73" lane="2/3to2/4_0" slope="0.00"/>
        <vehicle id="8" x="201.65" y="133.89" angle="180.00" type="DEFAULT_VEHTYPE" speed="13.76" pos="133.89" lane="1/0to1/1_0" slope="0.00"/>
        <vehicle id="9" x="601.65" y="344.02" angle="180.00" type="DEFAULT_VEHTYPE" speed="13.81" pos="139.27" lane="3/1to3/2_0" slope="0.00"/>
    </timestep>
    <timestep time="343.00">
        <vehicle id="0" x="601.65" y="512.66" angle="180.00" type="DEFAULT_VEHTYPE" speed="13.72" pos="107.91" lane="3/2to3/3_0" slope="0.00"/>
        <vehicle id="10" x="198.35" y="1.62" angle="0.00" type="DEFAULT_VEHTYPE" speed="13.37" pos="193.63" lane="1/1to1/0_0" slope="0.00"/>
        <vehicle id="11" x="398.35" y="495.29" angle="0.00" type="DEFAULT_VEHTYPE" speed="13.06" pos="99.96" lane="2/3to2/2_0" slope="0.00"/>
        <vehicle id="15" x="398.93" y="398.34" angle="-50.93" type="DEFAULT_VEHTYPE" speed="6.99" pos="7.15" lane=":2/2_6_0" slope="0.00"/>
        <vehicle id="16" x="398.35" y="523.19" angle="0.00" type="DEFAULT_VEHTYPE" speed="12.61" pos="72.06" lane="2/3to2/2_0" slope="0.00"/>
        <vehicle id="17" x="398.35" y="607.03" angle="0.00" type="DEFAULT_VEHTYPE" speed="13.12" pos="192.97" lane="2/4to2/3_0" slope="0.00"/>
        <vehicle id="18" x="491.49" y="401.65" angle="-90.00" type="DEFAULT_VEHTYPE" speed="13.26" pos="103.76" lane="3/2to2/2_0" slope="0.00"/>
        <vehicle id="2" x="209.53" y="401.65" angle="-90.00" type="DEFAULT_VEHTYPE" speed="2.49" pos="185.72" lane="2/2to1/2_0" slope="0.00"/>
        <vehicle id="24" x="255.69" y="598.35" angle="90.00" type="DEFAULT_VEHTYPE" speed="13.76" pos="50.94" lane="1/3to2/3_0" slope="0.00"/>
        <vehicle id="28" x="601.65" y="578.87" angle="180.00" type="DEFAULT_VEHTYPE" speed="13.50" pos="174.12" lane="3/2to3/3_0" slope="0.00"/>
        <vehicle id="29" x="672.47" y="601.65" angle="-90.00" type="DEFAULT_VEHTYPE" speed="12.85" pos="127.53" lane="4/3to3/3_0" slope="0.00"/>
        <vehicle id="3" x="601.65" y="410.37" angle="180.00" type="DEFAULT_VEHTYPE" speed="13.42" pos="5.62" lane="3/2to3/3_0" slope="0.00"/>
        <vehicle id="33" x="398.35" y="101.29" angle="0.00" type="DEFAULT_VEHTYPE" speed="12.99" pos="93.96" lane="2/1to2/0_0" slope="0.00"/>
        <vehicle id="37" x="201.65" y="253.71" angle="180.00" type="DEFAULT_VEHTYPE" speed="12.83" pos="48.96" lane="1/1to1/2_0" slope="0.00"/>
        <vehicle id="39" x="398.35" y="149.50" angle="0.00" type="DEFAULT_VEHTYPE" speed="13.18" pos="45.75" lane="2/1to2/0_0" slope="0.00"/>
        <vehicle id="40" x="619.69" y="598.35" angle="90.00" type="DEFAULT_VEHTYPE" speed="12.99" pos="14.94" lane="3/3to4/3_0" slope="0.00"/>
        <vehicle id="42" x="322.93" y="598.35" angle="90.00" type="DEFAULT_VEHTYPE" speed="13.72" pos="118.18" lane="1/3to2/3_0" slope="0.00"/>
        <vehicle id="43" x="143.31" y="398.35" angle="90.00" type="DEFAULT_VEHTYPE" speed="13.76" pos="143.31" lane="0/2to1/2_0" slope="0.00"/>
        <vehicle id="44" x="351.25" y="401.65" angle="-90.00" type="DEFAULT_VEHTYPE" speed="13.40" pos="44.00" lane="2/2to1/2_0" slope="0.00"/>
        <vehicle id="48" x="751.14" y="201.65" angle="-90.00" type="DEFAULT_VEHTYPE" speed="13.66" pos="48.86" lane="4/1to3/1_0" slope="0.00"/>
        <vehicle id="49" x="209.51" y="201.65" angle="-90.00" type="DEFAULT_VEHTYPE" speed="3.86" pos="185.74" lane="2/1to1/1_0" slope="0.00"/>
        <vehicle id="5" x="201.24" y="401.94" angle="132.43" type="DEFAULT_VEHTYPE" speed="7.68" pos="7.48" lane=":1/2_14_0" slope="0.00"/>
        <vehicle id="6" x="241.45" y="201.65" angle="-90.00" type="DEFAULT_VEHTYPE" speed="13.01" pos="153.80" lane="2/1to1/1_0" slope="0.00"/>
        <vehicle id="7" x="401.65" y="639.31" angle="180.00" type="DEFAULT_VEHTYPE" speed="13.83" pos="34.56" lane="2/3to2/4_0" slope="0.00"/>
        <vehicle id="8" x="201.65" y="147.47" angle="180.00" type="DEFAULT_VEHTYPE" speed="13.58" pos="147.47" lane="1/0to1/1_0" slope="0.00"/>
        <vehicle id="9" x="601.65" y="357.72" angle="180.00" type="DEFAULT_VEHTYPE" speed="13.70" pos="152.97" lane="3/1to3/2_0" slope="0.00"/>
    </timestep>
    <timestep time="344.00">
        <vehicle id="0" x="601.65" y="526.13" angle="180.00" type="DEFAULT_VEHTYPE" speed="13.47" pos="121.38" lane="3/2to3/3_0" slope="0.00"/>
        <vehicle id="10" x="201.65" y="6.66" angle="180.00" type="DEFAULT_VEHTYPE" speed="13.10" pos="6.66" lane="1/0to1/1_0" slope="0.00"/>
        <vehicle id="11" x="398.35" y="482.22" angle="0.00" type="DEFAULT_VEHTYPE" speed="13.07" pos="113.03" lane="2/3to2/2_0" slope="0.00"/>
        <vehicle id="15" x="398.35" y="389.53" angle="0.00" type="DEFAULT_VEHTYPE" speed="8.89" pos="5.72" lane="2/2to2/1_0" slope="0.00"/>
        <vehicle id="16" x="398.35" y="509.59" angle="0.00" type="DEFAULT_VEHTYPE" speed="13.60" pos="85.66" lane="2/3to2/2_0" slope="0.00"/>
        <vehicle id="17" x="398.35" y="593.96" angle="0.00" type="DEFAULT_VEHTYPE" speed="13.07" pos="1.29" lane="2/3to2/2_0" slope="0.00"/>
        <vehicle id="18" x="477.67" y="401.65" angle="-90.00" type="DEFAULT_VEHTYPE" speed="13.82" pos="117.58" lane="3/2to2/2_0" slope="0.00"/>
        <vehicle id="2" x="205.34" y="401.65" angle="-90.00" type="DEFAULT_VEHTYPE" speed="4.18" pos="189.91" lane="2/2to1/2_0" slope="0.00"/>
        <vehicle id="24" x="268.88" y="598.35" angle="90.00" type="DEFAULT_VEHTYPE" speed="13.19" pos="64.13" lane="1/3to2/3_0" slope="0.00"/>
        <vehicle id="28" x="601.65" y="592.53" angle="180.00" type="DEFAULT_VEHTYPE" speed="13.66" pos="187.78" lane="3/2to3/3_0" slope="0.00"/>
        <vehicle id="29" x="659.42" y="601.65" angle="-90.00" type="DEFAULT_VEHTYPE" speed="13.05" pos="140.58" lane="4/3to3/3_0" slope="0.00"/>
        <vehicle id="3" x="601.65" y="424.07" angle="180.00" type="DEFAULT_VEHTYPE" speed="13.71" pos="19.32" lane="3/2to3/3_0" slope="0.00"/>
        <vehicle id="33" x="398.35" y="88.58" angle="0.00" type="DEFAULT_VEHTYPE" speed="12.71" pos="106.67" lane="2/1to2/0_0" slope="0.00"/>
        <vehicle id="37" x="201.65" y="266.77" angle="180.00" type="DEFAULT_VEHTYPE" speed="13.06" pos="62.02" lane="1/1to1/2_0" slope="0.00"/>
        <vehicle id="39" x="398.35" y="135.70" angle="0.00" type="DEFAULT_VEHTYPE" speed="13.80" pos="59.55" lane="2/1to2/0_0" slope="0.00"/>
        <vehicle id="40" x="633.38" y="598.35" angle="90.00" type="DEFAULT_VEHTYPE" speed="13.69" pos="28.63" lane="3/3to4/3_0" slope="0.00"/>
        <vehicle id="42" x="336.01" y="598.35" angle="90.00" type="DEFAULT_VEHTYPE" speed="13.08" pos="131.26" lane="1/3to2/3_0" slope="0.00"/>
        <vehicle id="43" x="156.74" y="398.35" angle="90.00" type="DEFAULT_VEHTYPE" speed="13.43" pos="156.74" lane="0/2to1/2_0" slope="0.00"/>
        <vehicle id="44" x="338.26" y="401.65" angle="-90.00" type="DEFAULT_VEHTYPE" speed="12.99" pos="56.99" lane="2/2to1/2_0" slope="0.00"/>
        <vehicle id="48" x="737.57" y="201.65" angle="-90.00" type="DEFAULT_VEHTYPE" speed="13.57" pos="62.43" lane="4/1to3/1_0" slope="0.00"/>
        <vehicle id="49" x="203.97" y="201.76" angle="-91.24" type="DEFAULT_VEHTYPE" speed="5.54" pos="0.78" lane=":1/1_4_0" slope="0.00"/>
        <vehicle id="5" x="201.65" y="411.22" angle="180.00" type="DEFAULT_VEHTYPE" speed="9.32" pos="6.47" lane="1/2to1/3_0" slope="0.00"/>
        <vehicle id="6" x="231.49" y="201.65" angle="-90.00" type="DEFAULT_VEHTYPE" speed="9.96" pos="163.76" lane="2/1to1/1_0" slope="0.00"/>
        <vehicle id="7" x="401.65" y="652.15" angle="180.00" type="DEFAULT_VEHTYPE" speed="12.83" pos="47.40" lane="2/3to2/4_0" slope="0.00"/>
        <vehicle id="8" x="201.65" y="160.46" angle="180.00" type="DEFAULT_VEHTYPE" speed="12.99" pos="160.46" lane="1/0to1/1_0" slope="0.00"/>
        <vehicle id="9" x="601.65" y="371.02" angle="180.00" type="DEFAULT_VEHTYPE" speed="13.30" pos="166.27" lane="3/1to3/2_0" slope="0.00"/>
    </timestep>
    <timestep time="345.00">
        <vehicle id="0" x="601.65" y="539.35" angle="180.00" type="DEFAULT_VEHTYPE" speed="13.22" pos="134.60" lane="3/2to3/3_0" slope="0.00"/>
        <vehicle id="10" x="201.65" y="20.03" angle="180.00" type="DEFAULT_VEHTYPE" speed="13.37" pos="20.03" lane="1/0to1/1_0" slope="0.00"/>
        <vehicle id="11" x="398.35" y="468.65" angle="0.00" type="DEFAULT_VEHTYPE" speed="13.58" pos="126.60" lane="2/3to2/2_0" slope="0.00"/>
        <vehicle id="15" x="398.35" y="378.29" angle="0.00" type="DEFAULT_VEHTYPE" speed="11.24" pos="16.96" lane="2/2to2/1_0" slope="0.00"/>
        <vehicle id="16" x="398.35" y="496.61" angle="0.00" type="DEFAULT_VEHTYPE" speed="12.98" pos="98.64" lane="2/3to2/2_0" slope="0.00"/>
        <vehicle id="17" x="398.35" y="580.58" angle="0.00" type="DEFAULT_VEHTYPE" speed="13.38" pos="14.67" lane="2/3to2/2_0" slope="0.00"/>
        <vehicle id="18" x="463.98" y="401.65" angle="-90.00" type="DEFAULT_VEHTYPE" speed="13.69" pos="131.27" lane="3/2to2/2_0" slope="0.00"/>
        <vehicle id="2" x="199.59" y="399.44" angle="-64.19" type="DEFAULT_VEHTYPE" speed="6.46" pos="5.87" lane=":1/2_6_0" slope="0.00"/>
        <vehicle id="24" x="282.24" y="598.35" angle="90.00" type="DEFAULT_VEHTYPE" speed="13.35" pos="77.49" lane="1/3to2/3_0" slope="0.00"/>
        <vehicle id="28" x="610.54" y="598.35" angle="90.00" type="DEFAULT_VEHTYPE" speed="13.51" pos="5.79" lane="3/3to4/3_0" slope="0.00"/>
        <vehicle id="29" x="646.51" y="601.65" angle="-90.00" type="DEFAULT_VEHTYPE" speed="12.91" pos="153.49" lane="4/3to3/3_0" slope="0.00"/>
        <vehicle id="3" x="601.65" y="437.61" angle="180.00" type="DEFAULT_VEHTYPE" speed="13.54" pos="32.86" lane="3/2to3/3_0" slope="0.00"/>
        <vehicle id="33" x="398.35" y="75.11" angle="0.00" type="DEFAULT_VEHTYPE" speed="13.47" pos="120.14" lane="2/1to2/0_0" slope="0.00"/>
        <vehicle id="37" x="201.65" y="279.98" angle="180.00" type="DEFAULT_VEHTYPE" speed="13.21" pos="75.23" lane="1/1to1/2_0" slope="0.00"/>
        <vehicle id="39" x="398.35" y="121.90" angle="0.00" type="DEFAULT_VEHTYPE" speed="13.80" pos="73.35" lane="2/1to2/0_0" slope="0.00"/>
        <vehicle id="40" x="646.63" y="598.35" angle="90.00" type="DEFAULT_VEHTYPE" speed="13.25" pos="41.88" lane="3/3to4/3_0" slope="0.00"/>
        <vehicle id="42" x="349.23" y="598.35" angle="90.00" type="DEFAULT_VEHTYPE" speed="13.22" pos="144.48" lane="1/3to2/3_0" slope="0.00"/>
        <vehicle id="43" x="169.38" y="398.35" angle="90.00" type="DEFAULT_VEHTYPE" speed="12.65" pos="169.38" lane="0/2to1/2_0" slope="0.00"/>
        <vehicle id="44" x="325.05" y="401.65" angle="-90.00" type="DEFAULT_VEHTYPE" speed="13.20" pos="70.20" lane="2/2to1/2_0" slope="0.00"/>
        <vehicle id="48" x="724.01" y="201.65" angle="-90.00" type="DEFAULT_VEHTYPE" speed="13.56" pos="75.99" lane="4/1to3/1_0" slope="0.00"/>
        <vehicle id="49" x="201.65" y="208.58" angle="-178.13" type="DEFAULT_VEHTYPE" speed="8.04" pos="3.83" lane="1/1to1/2_0" slope="0.00"/>
        <vehicle id="5" x="201.65" y="422.43" angle="180.00" type="DEFAULT_VEHTYPE" speed="11.21" pos="17.68" lane="1/2to1/3_0" slope="0.00"/>
        <vehicle id="6" x="220.72" y="201.65" angle="-90.00" type="DEFAULT_VEHTYPE" speed="10.77" pos="174.53" lane="2/1to1/1_0" slope="0.00"/>
        <vehicle id="7" x="401.65" y="665.07" angle="180.00" type="DEFAULT_VEHTYPE" speed="12.92" pos="60.32" lane="2/3to2/4_0" slope="0.00"/>
        <vehicle id="8" x="201.65" y="173.53" angle="180.00" type="DEFAULT_VEHTYPE" speed="13.07" pos="173.53" lane="1/0to1/1_0" slope="0.00"/>
        <vehicle id="9" x="601.65" y="383.88" angle="180.00" type="DEFAULT_VEHTYPE" speed="12.86" pos="179.13" lane="3/1to3/2_0" slope="0.00"/>
    </timestep>
    <timestep time="346.00">
        <vehicle id="0" x="601.65" y="553.02" angle="180.00" type="DEFAULT_VEHTYPE" speed="13.66" pos="148.27" lane="3/2to3/3_0" slope="0.00"/>
        <vehicle id="10" x="201.65" y="33.70" angle="180.00" type="DEFAULT_VEHTYPE" speed="13.67" pos="33.70" lane="1/0to1/1_0" slope="0.00"/>
        <vehicle id="11" x="398.35" y="455.39" angle="0.00" type="DEFAULT_VEHTYPE" speed="13.26" pos="139.86" lane="2/3to2/2_0" slope="0.00"/>
        <vehicle id="15" x="398.35" y="364.79" angle="0.00" type="DEFAULT_VEHTYPE" speed="13.51" pos="30.46" lane="2/2to2/1_0" slope="0.00"/>
        <vehicle id="16" x="398.35" y="482.92" angle="0.00" type="DEFAULT_VEHTYPE" speed="13.69" pos="112.33" lane="2/3to2/2_0" slope="0.00"/>
        <vehicle id="17" x="398.35" y="566.86" angle="0.00" type="DEFAULT_VEHTYPE" speed="13.72" pos="28.39" lane="2/3to2/2_0" slope="0.00"/>
        <vehicle id="18" x="451.37" y="401.65" angle="-90.00" type="DEFAULT_VEHTYPE" speed="12.61" pos="143.88" lane="3/2to2/2_0" slope="0.00"/>
        <vehicle id="2" x="198.35" y="391.87" angle="-2.63" type="DEFAULT_VEHTYPE" speed="7.84" pos="3.38" lane="1/2to1/1_0" slope="0.00"/>
        <vehicle id="24" x="295.05" y="598.35" angle="90.00" type="DEFAULT_VEHTYPE" speed="12.82" pos="90.30" lane="1/3to2/3_0" slope="0.00"/>
        <vehicle id="28" x="624.36" y="598.35" angle="90.00" type="DEFAULT_VEHTYPE" speed="13.82" pos="19.61" lane="3/3to4/3_0" slope="0.00"/>
        <vehicle id="29" x="633.76" y="601.65" angle="-90.00" type="DEFAULT_VEHTYPE" speed="12.75" pos="166.24" lane="4/3to3/3_0" slope="0.00"/>
        <vehicle id="3" x="601.65" y="451.07" angle="180.00" type="DEFAULT_VEHTYPE" speed="13.46" pos="46.32" lane="3/2to3/3_0" slope="0.00"/>
        <vehicle id="33" x="398.35" y="62.06" angle="0.00" type="DEFAULT_VEHTYPE" speed="13.05" pos="133.19" lane="2/1to2/0_0" slope="0.00"/>
        <vehicle id="37" x="201.65" y="293.21" angle="180.00" type="DEFAULT_VEHTYPE" speed="13.24" pos="88.46" lane="1/1to1/2_0" slope="0.00"/>
        <vehicle id="39" x="398.35" y="108.41" angle="0.00" type="DEFAULT_VEHTYPE" speed="13.49" pos="86.84" lane="2/1to2/0_0" slope="0.00"/>
        <vehicle id="40" x="659.82" y="598.35" angle="90.00" type="DEFAULT_VEHTYPE" speed="13.18" pos="55.07" lane="3/3to4/3_0" slope="0.00"/>
        <vehicle id="42" x="362.97" y="598.35" angle="90.00" type="DEFAULT_VEHTYPE" speed="13.74" pos="158.22" lane="1/3to2/3_0" slope="0.00"/>
        <vehicle id="43" x="179.88" y="398.35" angle="90.00" type="DEFAULT_VEHTYPE" speed="10.50" pos="179.88" lane="0/2to1/2_0" slope="0.00"/>
        <vehicle id="44" x="312.15" y="401.65" angle="-90.00" type="DEFAULT_VEHTYPE" speed="12.91" pos="83.10" lane="2/2to1/2_0" slope="0.00"/>
        <vehicle id="48" x="710.68" y="201.65" angle="-90.00" type="DEFAULT_VEHTYPE" speed="13.34" pos="89.32" lane="4/1to3/1_0" slope="0.00"/>
        <vehicle id="49" x="201.65" y="218.13" angle="180.00" type="DEFAULT_VEHTYPE" speed="9.55" pos="13.38" lane="1/1to1/2_0" slope="0.00"/>
        <vehicle id="5" x="201.65" y="435.42" angle="180.00" type="DEFAULT_VEHTYPE" speed="12.98" pos="30.67" lane="1/2to1/3_0" slope="0.00"/>
        <vehicle id="6" x="213.65" y="201.65" angle="-90.00" type="DEFAULT_VEHTYPE" speed="7.07" pos="181.60" lane="2/1to1/1_0" slope="0.00"/>
        <vehicle id="7" x="401.65" y="678.83" angle="180.00" type="DEFAULT_VEHTYPE" speed="13.76" pos="74.08" lane="2/3to2/4_0" slope="0.00"/>
        <vehicle id="8" x="201.65" y="186.90" angle="180.00" type="DEFAULT_VEHTYPE" speed="13.37" pos="186.90" lane="1/0to1/1_0" slope="0.00"/>
        <vehicle id="9" x="601.65" y="397.65" angle="180.00" type="DEFAULT_VEHTYPE" speed="13.77" pos="2.40" lane=":3/2_9_0" slope="0.00"/>
    </timestep>
    <timestep time="347.00">
        <vehicle id="0" x="601.65" y="565.83" angle="180.00" type="DEFAULT_VEHTYPE" speed="12.81" pos="161.08" lane="3/2to3/3_0" slope="0.00"/>
        <vehicle id="10" x="201.65" y="47.39" angle="180.00" type="DEFAULT_VEHTYPE" speed="13.69" pos="47.39" lane="1/0to1/1_0" slope="0.00"/>
        <vehicle id="11" x="398.35" y="441.54" angle="0.00" type="DEFAULT_VEHTYPE" speed="13.85" pos="153.71" lane="2/3to2/2_0" slope="0.00"/>
        <vehicle id="15" x="398.35" y="351.30" angle="0.00" type="DEFAULT_VEHTYPE" speed="13.48" pos="43.95" lane="2/2to2/1_0" slope="0.00"/>
        <vehicle id="16" x="398.35" y="470.00" angle="0.00" type="DEFAULT_VEHTYPE" speed="12.92" pos="125.25" lane="2/3to2/2_0" slope="0.00"/>
        <vehicle id="17" x="398.35" y="553.55" angle="0.00" type="DEFAULT_VEHTYPE" speed="13.32" pos="41.70" lane="2/3to2/2_0" slope="0.00"/>
        <vehicle id="18" x="437.73" y="401.65" angle="-90.00" type="DEFAULT_VEHTYPE" speed="13.64" pos="157.52" lane="3/2to2/2_0" slope="0.00"/>
        <vehicle id="2" x="198.35" y="382.00" angle="0.00" type="DEFAULT_VEHTYPE" speed="9.87" pos="13.25" lane="1/2to1/1_0" slope="0.00"/>
        <vehicle id="24" x="308.37" y="598.35" angle="90.00" type="DEFAULT_VEHTYPE" speed="13.32" pos="103.62" lane="1/3to2/3_0" slope="0.00"/>
        <vehicle id="28" x="637.23" y="598.35" angle="90.00" type="DEFAULT_VEHTYPE" speed="12.87" pos="32.48" lane="3/3to4/3_0" slope="0.00"/>
        <vehicle id="29" x="623.09" y="601.65" angle="-90.00" type="DEFAULT_VEHTYPE" speed="10.67" pos="176.91" lane="4/3to3/3_0" slope="0.00"/>
        <vehicle id="3" x="601.65" y="464.74" angle="180.00" type="DEFAULT_VEHTYPE" speed="13.68" pos="59.99" lane="3/2to3/3_0" slope="0.00"/>
        <vehicle id="33" x="398.35" y="49.26" angle="0.00" type="DEFAULT_VEHTYPE" speed="12.80" pos="145.99" lane="2/1to2/0_0" slope="0.00"/>
        <vehicle id="37" x="201.65" y="306.52" angle="180.00" type="DEFAULT_VEHTYPE" speed="13.30" pos="101.77" lane="1/1to1/2_0" slope="0.00"/>
        <vehicle id="39" x="398.35" y="95.26" angle="0.00" type="DEFAULT_VEHTYPE" speed="13.15" pos="99.99" lane="2/1to2/0_0" slope="0.00"/>
        <vehicle id="40" x="672.46" y="598.35" angle="90.00" type="DEFAULT_VEHTYPE" speed="12.64" pos="67.71" lane="3/3to4/3_0" slope="0.00"/>
        <vehicle id="42" x="375.41" y="598.35" angle="90.00" type="DEFAULT_VEHTYPE" speed="12.44" pos="170.66" lane="1/3to2/3_0" slope="0.00"/>
        <vehicle id="43" x="186.54" y="398.35" angle="90.00" type="DEFAULT_VEHTYPE" speed="6.66" pos="186.54" lane="0/2to1/2_0" slope="0.00"/>
        <vehicle id="44" x="298.80" y="401.65" angle="-90.00" type="DEFAULT_VEHTYPE" speed="13.35" pos="96.45" lane="2/2to1/2_0" slope="0.00"/>
        <vehicle id="48" x="697.95" y="201.65" angle="-90.00" type="DEFAULT_VEHTYPE" speed="12.72" pos="102.05" lane="4/1to3/1_0" slope="0.00"/>
        <vehicle id="49" x="201.65" y="229.20" angle="180.00" type="DEFAULT_VEHTYPE" speed="11.07" pos="24.45" lane="1/1to1/2_0" slope="0.00"/>
        <vehicle id="5" x="201.65" y="448.82" angle="180.00" type="DEFAULT_VEHTYPE" speed="13.40" pos="44.07" lane="1/2to1/3_0" slope="0.00"/>
        <vehicle id="6" x="210.26" y="201.65" angle="-90.00" type="DEFAULT_VEHTYPE" speed="3.39" pos="184.99" lane="2/1to1/1_0" slope="0.00"/>
        <vehicle id="7" x="401.65" y="691.71" angle="180.00" type="DEFAULT_VEHTYPE" speed="12.89" pos="86.96" lane="2/3to2/4_0" slope="0.00"/>
        <vehicle id="8" x="205.22" y="198.35" angle="126.94" type="DEFAULT_VEHTYPE" speed="13.82" pos="0.47" lane="1/1to2/1_0" slope="0.00"/>
        <vehicle id="9" x="601.65" y="410.50" angle="180.00" type="DEFAULT_VEHTYPE" speed="12.85" pos="5.75" lane="3/2to3/3_0" slope="0.00"/>
    </timestep>
    <timestep time="348.00">
        <vehicle id="0" x="601.65" y="579.28" angle="180.00" type="DEFAULT_VEHTYPE" speed="13.45" pos="174.53" lane="3/2to3/3_0" slope="0.00"/>
        <vehicle id="10" x="201.65" y="60.57" angle="180.00" type="DEFAULT_VEHTYPE" speed="13.19" pos="60.57" lane="1/0to1/1_0" slope="0.00"/>
        <vehicle id="11" x="398.35" y="427.78" angle="0.00" type="DEFAULT_VEHTYPE" speed="13.77" pos="167.47" lane="2/3to2/2_0" slope="0.00"/>
        <vehicle id="15" x="398.35" y="338.29" angle="0.00" type="DEFAULT_VEHTYPE" speed="13.02" pos="56.96" lane="2/2to2/1_0" slope="0.00"/>
        <vehicle id="16" x="398.35" y="456.84" angle="0.00" type="DEFAULT_VEHTYPE" speed="13.16" pos="138.41" lane="2/3to2/2_0" slope="0.00"/>
        <vehicle id="17" x="398.35" y="540.59" angle="0.00" type="DEFAULT_VEHTYPE" speed="12.96" pos="54.66" lane="2/3to2/2_0" slope="0.00"/>
        <vehicle id="18" x="425.32" y="401.65" angle="-90.00" type="DEFAULT_VEHTYPE" speed="12.41" pos="169.93" lane="3/2to2/2_0" slope="0.00"/>
        <vehicle id="2" x="198.35" y="369.88" angle="0.00" type="DEFAULT_VEHTYPE" speed="12.12" pos="25.37" lane="1/2to1/1_0" slope="0.00"/>
        <vehicle id="24" x="321.82" y="598.35" angle="90.00" type="DEFAULT_VEHTYPE" speed="13.45" pos="117.07" lane="1/3to2/3_0" slope="0.00"/>
        <vehicle id="28" x="649.92" y="598.35" angle="90.00" type="DEFAULT_VEHTYPE" speed="12.69" pos="45.17" lane="3/3to4/3_0" slope="0.00"/>
        <vehicle id="29" x="615.27" y="601.65" angle="-90.00" type="DEFAULT_VEHTYPE" speed="7.82" pos="184.73" lane="4/3to3/3_0" slope="0.00"/>
        <vehicle id="3" x="601.65" y="477.61" angle="180.00" type="DEFAULT_VEHTYPE" speed="12.86" pos="72.86" lane="3/2to3/3_0" slope="0.00"/>
        <vehicle id="33" x="398.35" y="35.63" angle="0.00" type="DEFAULT_VEHTYPE" speed="13.63" pos="159.62" lane="2/1to2/0_0" slope="0.00"/>
        <vehicle id="37" x="201.65" y="319.96" angle="180.00" type="DEFAULT_VEHTYPE" speed="13.45" pos="115.21" lane="1/1to1/2_0" slope="0.00"/>
        <vehicle id="39" x="398.35" y="81.52" angle="0.00" type="DEFAULT_VEHTYPE" speed="13.74" pos="113.73" lane="2/1to2/0_0" slope="0.00"/>
        <vehicle id="40" x="685.12" y="598.35" angle="90.00" type="DEFAULT_VEHTYPE" speed="12.66" pos="80.37" lane="3/3to4/3_0" slope="0.00"/>
        <vehicle id="42" x="383.94" y="598.35" angle="90.00" type="DEFAULT_VEHTYPE" speed="8.53" pos="179.19" lane="1/3to2/3_0" slope="0.00"/>
        <vehicle id="43" x="190.41" y="398.35" angle="90.00" type="DEFAULT_VEHTYPE" speed="3.87" pos="190.41" lane="0/2to1/2_0" slope="0.00"/>
        <vehicle id="44" x="285.52" y="401.65" angle="-90.00" type="DEFAULT_VEHTYPE" speed="13.27" pos="109.73" lane="2/2to1/2_0" slope="0.00"/>
        <vehicle id="48" x="685.34" y="201.65" angle="-90.00" type="DEFAULT_VEHTYPE" speed="12.61" pos="114.66" lane="4/1to3/1_0" slope="0.00"/>
        <vehicle id="49" x="201.65" y="242.60" angle="180.00" type="DEFAULT_VEHTYPE" speed="13.40" pos="37.85" lane="1/1to1/2_0" slope="0.00"/>
        <vehicle id="5" x="201.65" y="461.88" angle="180.00" type="DEFAULT_VEHTYPE" speed="13.06" pos="57.13" lane="1/2to1/3_0" slope="0.00"/>
        <vehicle id="6" x="205.27" y="201.65" angle="-90.00" type="DEFAULT_VEHTYPE" speed="4.99" pos="189.98" lane="2/1to1/1_0" slope="0.00"/>
        <vehicle id="7" x="401.65" y="705.02" angle="180.00" type="DEFAULT_VEHTYPE" speed="13.31" pos="100.27" lane="2/3to2/4_0" slope="0.00"/>
        <vehicle id="8" x="219.01" y="198.35" angle="90.00" type="DEFAULT_VEHTYPE" speed="13.79" pos="14.26" lane="1/1to2/1_0" slope="0.00"/>
        <vehicle id="9" x="601.65" y="423.70" angle="180.00" type="DEFAULT_VEHTYPE" speed="13.20" pos="18.95" lane="3/2to3/3_0" slope="0.00"/>
    </timestep>
    <timestep time="349.00">
        <vehicle id="0" x="601.65" y="592.55" angle="180.00" type="DEFAULT_VEHTYPE" speed="13.27" pos="187.80" lane="3/2to3/3_0" slope="0.00"/>
        <vehicle id="10" x="201.65" y="73.90" angle="180.00" type="DEFAULT_VEHTYPE" speed="13.32" pos="73.90" lane="1/0to1/1_0" slope="0.00"/>
        <vehicle id="11" x="398.35" y="413.95" angle="0.00" type="DEFAULT_VEHTYPE" speed="13.83" pos="181.30" lane="2/3to2/2_0" slope="0.00"/>
        <vehicle id="15" x="398.35" y="324.89" angle="0.00" type="DEFAULT_VEHTYPE" speed="13.40" pos="70.36" lane="2/2to2/1_0" slope="0.00"/>
        <vehicle id="16" x="398.35" y="443.20" angle="0.00" type="DEFAULT_VEHTYPE" speed="13.64" pos="152.05" lane="2/3to2/2_0" slope="0.00"/>
        <vehicle id="17" x="398.35" y="526.79" angle="0.00" type="DEFAULT_VEHTYPE" speed="13.80" pos="68.46" lane="2/3to2/2_0" slope="0.00"/>
        <vehicle id="18" x="417.10" y="401.65" angle="-90.00" type="DEFAULT_VEHTYPE" speed="8.23" pos="178.15" lane="3/2to2/2_0" slope="0.00"/>
        <vehicle id="2" x="198.35" y="356.26" angle="0.00" type="DEFAULT_VEHTYPE" speed="13.62" pos="38.99" lane="1/2to1/1_0" slope="0.00"/>
        <vehicle id="24" x="335.66" y="598.35" angle="90.00" type="DEFAULT_VEHTYPE" speed="13.84" pos="130.91" lane="1/3to2/3_0" slope="0.00"/>
        <vehicle id="28" x="662.72" y="598.35" angle="90.00" type="DEFAULT_VEHTYPE" speed="12.80" pos="57.97" lane="3/3to4/3_0" slope="0.00"/>
        <vehicle id="29" x="610.57" y="601.65" angle="-90.00" type="DEFAULT_VEHTYPE" speed="4.70" pos="189.43" lane="4/3to3/3_0" slope="0.00"/>
        <vehicle id="3" x="601.65" y="491.31" angle="180.00" type="DEFAULT_VEHTYPE" speed="13.70" pos="86.56" lane="3/2to3/3_0" slope="0.00"/>
        <vehicle id="33" x="398.35" y="22.93" angle="0.00" type="DEFAULT_VEHTYPE" speed="12.70" pos="172.32" lane="2/1to2/0_0" slope="0.00"/>
        <vehicle id="37" x="201.65" y="333.38" angle="180.00" type="DEFAULT_VEHTYPE" speed="13.41" pos="128.63" lane="1/1to1/2_0" slope="0.00"/>
        <vehicle id="39" x="398.35" y="68.47" angle="0.00" type="DEFAULT_VEHTYPE" speed="13.05" pos="126.78" lane="2/1to2/0_0" slope="0.00"/>
        <vehicle id="40" x="698.27" y="598.35" angle="90.00" type="DEFAULT_VEHTYPE" speed="13.15" pos="93.52" lane="3/3to4/3_0" slope="0.00"/>
        <vehicle id="42" x="388.81" y="598.35" angle="90.00" type="DEFAULT_VEHTYPE" speed="4.87" pos="184.06" lane="1/3to2/3_0" slope="0.00"/>
        <vehicle id="43" x="195.86" y="398.44" angle="91.00" type="DEFAULT_VEHTYPE" speed="5.46" pos="0.62" lane=":1/2_14_0" slope="0.00"/>
        <vehicle id="44" x="271.97" y="401.65" angle="-90.00" type="DEFAULT_VEHTYPE" speed="13.55" pos="123.28" lane="2/2to1/2_0" slope="0.00"/>
        <vehicle id="48" x="672.00" y="201.65" angle="-90.00" type="DEFAULT_VEHTYPE" speed="13.34" pos="128.00" lane="4/1to3/1_0" slope="0.00"/>
        <vehicle id="49" x="201.65" y="255.73" angle="180.00" type="DEFAULT_VEHTYPE" speed="13.13" pos="50.98" lane="1/1to1/2_0" slope="0.00"/>
        <vehicle id="5" x="201.65" y="474.65" angle="180.00" type="DEFAULT_VEHTYPE" speed="12.76" pos="69.90" lane="1/2to1/3_0" slope="0.00"/>
        <vehicle id="6" x="201.65" y="205.89" angle="-154.19" type="DEFAULT_VEHTYPE" speed="6.66" pos="1.14" lane="1/1to1/2_0" slope="0.00"/>
        <vehicle id="7" x="401.65" y="718.76" angle="180.00" type="DEFAULT_VEHTYPE" speed="13.74" pos="114.01" lane="2/3to2/4_0" slope="0.00"/>
        <vehicle id="8" x="231.84" y="198.35" angle="90.00" type="DEFAULT_VEHTYPE" speed="12.83" pos="27.09" lane="1/1to2/1_0" slope="0.00"/>
        <vehicle id="9" x="601.65" y="437.33" angle="180.00" type="DEFAULT_VEHTYPE" speed="13.63" pos="32.58" lane="3/2to3/3_0" slope="0.00"/>
    </timestep>
    <timestep time="350.00">
        <vehicle id="0" x="610.27" y="598.35" angle="90.00" type="DEFAULT_VEHTYPE" speed="13.22" pos="5.52" lane="3/3to4/3_0" slope="0.00"/>
        <vehicle id="10" x="201.65" y="87.62" angle="180.00" type="DEFAULT_VEHTYPE" speed="13.72" pos="87.62" lane="1/0to1/1_0" slope="0.00"/>
        <vehicle id="11" x="398.35" y="401.05" angle="0.00" type="DEFAULT_VEHTYPE" speed="12.90" pos="3.70" lane=":2/2_1_0" slope="0.00"/>
        <vehicle id="15" x="398.35" y="311.03" angle="0.00" type="DEFAULT_VEHTYPE" speed="13.86" pos="84.22" lane="2/2to2/1_0" slope="0.00"/>
        <vehicle id="16" x="398.35" y="430.13" angle="0.00" type="DEFAULT_VEHTYPE" speed="13.07" pos="165.12" lane="2/3to2/2_0" slope="0.00"/>
        <vehicle id="17" x="398.35" y="513.09" angle="0.00" type="DEFAULT_VEHTYPE" speed="13.70" pos="82.16" lane="2/3to2/2_0" slope="0.00"/>
        <vehicle id="18" x="412.26" y="401.65" angle="-90.00" type="DEFAULT_VEHTYPE" speed="4.83" pos="182.99" lane="3/2to2/2_0" slope="0.00"/>
        <vehicle id="2" x="198.35" y="342.85" angle="0.00" type="DEFAULT_VEHTYPE" speed="13.41" pos="52.40" lane="1/2to1/1_0" slope="0.00"/>
        <vehicle id="24" x="348.81" y="598.35" angle="90.00" type="DEFAULT_VEHTYPE" speed="13.14" pos="144.06" lane="1/3to2/3_0" slope="0.00"/>
        <vehicle id="28" x="676.18" y="598.35" angle="90.00" type="DEFAULT_VEHTYPE" speed="13.47" pos="71.43" lane="3/3to4/3_0" slope="0.00"/>
        <vehicle id="29" x="603.88" y="601.53" angle="-88.58" type="DEFAULT_VEHTYPE" speed="6.70" pos="0.88" lane=":3/3_6_0" slope="0.00"/>
        <vehicle id="3" x="601.65" y="504.80" angle="180.00" type="DEFAULT_VEHTYPE" speed="13.49" pos="100.05" lane="3/2to3/3_0" slope="0.00"/>
        <vehicle id="33" x="398.35" y="9.61" angle="0.00" type="DEFAULT_VEHTYPE" speed="13.32" pos="185.64" lane="2/1to2/0_0" slope="0.00"/>
        <vehicle id="37" x="201.65" y="346.98" angle="180.00" type="DEFAULT_VEHTYPE" speed="13.61" pos="142.23" lane="1/1to1/2_0" slope="0.00"/>
        <vehicle id="39" x="398.35" y="54.73" angle="0.00" type="DEFAULT_VEHTYPE" speed="13.74" pos="140.52" lane="2/1to2/0_0" slope="0.00"/>
        <vehicle id="40" x="712.07" y="598.35" angle="90.00" type="DEFAULT_VEHTYPE" speed="13.79" pos="107.32" lane="3/3to4/3_0" slope="0.00"/>
        <vehicle id="42" x="396.07" y="598.47" angle="91.34" type="DEFAULT_VEHTYPE" speed="7.27" pos="0.83" lane=":2/3_14_0" slope="0.00"/>
        <vehicle id="43" x="201.38" y="402.88" angle="143.57" type="DEFAULT_VEHTYPE" speed="7.81" pos="8.43" lane=":1/2_14_0" slope="0.00"/>
        <vehicle id="44" x="259.22" y="401.65" angle="-90.00" type="DEFAULT_VEHTYPE" speed="12.75" pos="136.03" lane="2/2to1/2_0" slope="0.00"/>
        <vehicle id="48" x="658.63" y="201.65" angle="-90.00" type="DEFAULT_VEHTYPE" speed="13.37" pos="141.37" lane="4/1to3/1_0" slope="0.00"/>
        <vehicle id="49" x="201.65" y="269.20" angle="180.00" type="DEFAULT_VEHTYPE" speed="13.47" pos="64.45" lane="1/1to1/2_0" slope="0.00"/>
        <vehicle id="5" x="201.65" y="487.45" angle="180.00" type="DEFAULT_VEHTYPE" speed="12.81" pos="82.70" lane="1/2to1/3_0" slope="0.00"/>
        <vehicle id="6" x="201.65" y="213.87" angle="180.00" type="DEFAULT_VEHTYPE" speed="7.99" pos="9.12" lane="1/1to1/2_0" slope="0.00"/>
        <vehicle id="7" x="401.65" y="732.51" angle="180.00" type="DEFAULT_VEHTYPE" speed="13.75" pos="127.76" lane="2/3to2/4_0" slope="0.00"/>
        <vehicle id="8" x="245.50" y="198.35" angle="90.00" type="DEFAULT_VEHTYPE" speed="13.66" pos="40.75" lane="1/1to2/1_0" slope="0.00"/>
        <vehicle id="9" x="601.65" y="451.01" angle="180.00" type="DEFAULT_VEHTYPE" speed="13.67" pos="46.26" lane="3/2to3/3_0" slope="0.00"/>
    </timestep>
    <timestep time="351.00">
        <vehicle id="0" x="623.62" y="598.35" angle="90.00" type="DEFAULT_VEHTYPE" speed="13.35" pos="18.87" lane="3/3to4/3_0" slope="0.00"/>
        <vehicle id="10" x="201.65" y="101.04" angle="180.00" type="DEFAULT_VEHTYPE" speed="13.42" pos="101.04" lane="1/0to1/1_0" slope="0.00"/>
        <vehicle id="11" x="398.35" y="387.24" angle="0.00" type="DEFAULT_VEHTYPE" speed="13.82" pos="8.01" lane="2/2to2/1_0" slope="0.00"/>
        <vehicle id="15" x="398.35" y="297.17" angle="0.00" type="DEFAULT_VEHTYPE" speed="13.86" pos="98.08" lane="2/2to2/1_0" slope="0.00"/>
        <vehicle id="16" x="398.35" y="417.50" angle="0.00" type="DEFAULT_VEHTYPE" speed="12.63" pos="177.75" lane="2/3to2/2_0" slope="0.00"/>
        <vehicle id="17" x="398.35" y="499.29" angle="0.00" type="DEFAULT_VEHTYPE" speed="13.81" pos="95.96" lane="2/3to2/2_0" slope="0.00"/>
        <vehicle id="18" x="409.30" y="401.65" angle="-90.00" type="DEFAULT_VEHTYPE" speed="2.96" pos="185.95" lane="3/2to2/2_0" slope="0.00"/>
        <vehicle id="2" x="198.35" y="328.96" angle="0.00" type="DEFAULT_VEHTYPE" speed="13.89" pos="66.29" lane="1/2to1/1_0" slope="0.00"/>
        <vehicle id="24" x="362.57" y="598.35" angle="90.00" type="DEFAULT_VEHTYPE" speed="13.76" pos="157.82" lane="1/3to2/3_0" slope="0.00"/>
        <vehicle id="28" x="689.40" y="598.35" angle="90.00" type="DEFAULT_VEHTYPE" speed="13.22" pos="84.65" lane="3/3to4/3_0" slope="0.00"/>
        <vehicle id="29" x="598.55" y="596.67" angle="-31.71" type="DEFAULT_VEHTYPE" speed="8.01" pos="8.88" lane=":3/3_6_0" slope="0.00"/>
        <vehicle id="3" x="601.65" y="518.52" angle="180.00" type="DEFAULT_VEHTYPE" speed="13.72" pos="113.77" lane="3/2to3/3_0" slope="0.00"/>
        <vehicle id="33" x="400.89" y="-1.14" angle="43.44" type="DEFAULT_VEHTYPE" speed="13.07" pos="3.45" lane=":2/0_0_0" slope="0.00"/>
        <vehicle id="37" x="201.65" y="360.28" angle="180.00" type="DEFAULT_VEHTYPE" speed="13.30" pos="155.53" lane="1/1to1/2_0" slope="0.00"/>
        <vehicle id="39" x="398.35" y="41.39" angle="0.00" type="DEFAULT_VEHTYPE" speed="13.34" pos="153.86" lane="2/1to2/0_0" slope="0.00"/>
        <vehicle id="40" x="724.79" y="598.35" angle="90.00" type="DEFAULT_VEHTYPE" speed="12.72" pos="120.04" lane="3/3to4/3_0" slope="0.00"/>
        <vehicle id="42" x="401.65" y="604.98" angle="163.40" type="DEFAULT_VEHTYPE" speed="9.72" pos="0.23" lane="2/3to2/4_0" slope="0.00"/>
        <vehicle id="43" x="201.65" y="411.97" angle="180.00" type="DEFAULT_VEHTYPE" speed="9.12" pos="7.22" lane="1/2to1/3_0" slope="0.00"/>
        <vehicle id="44" x="246.27" y="401.65" angle="-90.00" type="DEFAULT_VEHTYPE" speed="12.95" pos="148.98" lane="2/2to1/2_0" slope="0.00"/>
        <vehicle id="48" x="645.85" y="201.65" angle="-90.00" type="DEFAULT_VEHTYPE" speed="12.78" pos="154.15" lane="4/1to3/1_0" slope="0.00"/>
        <vehicle id="49" x="201.65" y="282.37" angle="180.00" type="DEFAULT_VEHTYPE" speed="13.16" pos="77.62" lane="1/1to1/2_0" slope="0.00"/>
        <vehicle id="5" x="201.65" y="500.75" angle="180.00" type="DEFAULT_VEHTYPE" speed="13.30" pos="96.00" lane="1/2to1/3_0" slope="0.00"/>
        <vehicle id="6" x="201.65" y="224.14" angle="180.00" type="DEFAULT_VEHTYPE" speed="10.27" pos="19.39" lane="1/1to1/2_0" slope="0.00"/>
        <vehicle id="7" x="401.65" y="746.00" angle="180.00" type="DEFAULT_VEHTYPE" speed="13.49" pos="141.25" lane="2/3to2/4_0" slope="0.00"/>
        <vehicle id="8" x="259.14" y="198.35" angle="90.00" type="DEFAULT_VEHTYPE" speed="13.64" pos="54.39" lane="1/1to2/1_0" slope="0.00"/>
        <vehicle id="9" x="601.65" y="464.82" angle="180.00" type="DEFAULT_VEHTYPE" speed="13.81" pos="60.07" lane="3/2to3/3_0" slope="0.00"/>
    </timestep>
    <timestep time="352.00">
        <vehicle id="0" x="637.30" y="598.35" angle="90.00" type="DEFAULT_VEHTYPE" speed="13.68" pos="32.55" lane="3/3to4/3_0" slope="0.00"/>
        <vehicle id="10" x="201.65" y="113.69" angle="180.00" type="DEFAULT_VEHTYPE" speed="12.66" pos="113.69" lane="1/0to1/1_0" slope="0.00"/>
        <vehicle id="11" x="398.35" y="373.93" angle="0.00" type="DEFAULT_VEHTYPE" speed="13.31" pos="21.32" lane="2/2to2/1_0" slope="0.00"/>
        <vehicle id="15" x="398.35" y="283.94" angle="0.00" type="DEFAULT_VEHTYPE" speed="13.22" pos="111.31" lane="2/2to2/1_0" slope="0.00"/>
        <vehicle id="16" x="398.30" y="404.37" angle="-0.61" type="DEFAULT_VEHTYPE" speed="13.14" pos="0.39" lane=":2/2_0_0" slope="0.00"/>
        <vehicle id="17" x="398.35" y="486.62" angle="0.00" type="DEFAULT_VEHTYPE" speed="12.66" pos="108.63" lane="2/3to2/2_0" slope="0.00"/>
        <vehicle id="18" x="408.24" y="401.65" angle="-90.00" type="DEFAULT_VEHTYPE" speed="1.06" pos="187.01" lane="3/2to2/2_0" slope="0.00"/>
        <vehicle id="2" x="198.35" y="316.15" angle="0.00" type="DEFAULT_VEHTYPE" speed="12.81" pos="79.10" lane="1/2to1/1_0" slope="0.00"/>
        <vehicle id="24" x="374.76" y="598.35" angle="90.00" type="DEFAULT_VEHTYPE" speed="12.19" pos="170.01" lane="1/3to2/3_0" slope="0.00"/>
        <vehicle id="28" x="702.73" y="598.35" angle="90.00" type="DEFAULT_VEHTYPE" speed="13.33" pos="97.98" lane="3/3to4/3_0" slope="0.00"/>
        <vehicle id="29" x="598.35" y="587.11" angle="0.00" type="DEFAULT_VEHTYPE" speed="9.57" pos="8.14" lane="3/3to3/2_0" slope="0.00"/>
        <vehicle id="3" x="601.65" y="531.68" angle="180.00" type="DEFAULT_VEHTYPE" speed="13.17" pos="126.93" lane="3/2to3/3_0" slope="0.00"/>
        <vehicle id="33" x="401.65" y="12.42" angle="180.00" type="DEFAULT_VEHTYPE" speed="13.78" pos="12.42" lane="2/0to2/1_0" slope="0.00"/>
        <vehicle id="37" x="201.65" y="373.07" angle="180.00" type="DEFAULT_VEHTYPE" speed="12.79" pos="168.32" lane="1/1to1/2_0" slope="0.00"/>
        <vehicle id="39" x="398.35" y="28.24" angle="0.00" type="DEFAULT_VEHTYPE" speed="13.15" pos="167.01" lane="2/1to2/0_0" slope="0.00"/>
        <vehicle id="40" x="737.94" y="598.35" angle="90.00" type="DEFAULT_VEHTYPE" speed="13.16" pos="133.19" lane="3/3to4/3_0" slope="0.00"/>
        <vehicle id="42" x="401.65" y="616.50" angle="180.00" type="DEFAULT_VEHTYPE" speed="11.52" pos="11.75" lane="2/3to2/4_0" slope="0.00"/>
        <vehicle id="43" x="201.65" y="422.50" angle="180.00" type="DEFAULT_VEHTYPE" speed="10.52" pos="17.75" lane="1/2to1/3_0" slope="0.00"/>
        <vehicle id="44" x="232.71" y="401.65" angle="-90.00" type="DEFAULT_VEHTYPE" speed="13.56" pos="162.54" lane="2/2to1/2_0" slope="0.00"/>
        <vehicle id="48" x="632.11" y="201.65" angle="-90.00" type="DEFAULT_VEHTYPE" speed="13.74" pos="167.89" lane="4/1to3/1_0" slope="0.00"/>
        <vehicle id="49" x="201.65" y="295.63" angle="180.00" type="DEFAULT_VEHTYPE" speed="13.27" pos="90.88" lane="1/1to1/2_0" slope="0.00"/>
        <vehicle id="5" x="201.65" y="514.28" angle="180.00" type="DEFAULT_VEHTYPE" speed="13.53" pos="109.53" lane="1/2to1/3_0" slope="0.00"/>
        <vehicle id="6" x="201.65" y="236.88" angle="180.00" type="DEFAULT_VEHTYPE" speed="12.74" pos="32.13" lane="1/1to1/2_0" slope="0.00"/>
        <vehicle id="7" x="401.65" y="759.39" angle="180.00" type="DEFAULT_VEHTYPE" speed="13.39" pos="154.64" lane="2/3to2/4_0" slope="0.00"/>
        <vehicle id="8" x="272.64" y="198.35" angle="90.00" type="DEFAULT_VEHTYPE" speed="13.50" pos="67.89" lane="1/1to2/1_0" slope="0.00"/>
        <vehicle id="9" x="601.65" y="477.80" angle="180.00" type="DEFAULT_VEHTYPE" speed="12.98" pos="73.05" lane="3/2to3/3_0" slope="0.00"/>
    </timestep>
    <timestep time="353.00">
        <vehicle id="0" x="650.56" y="598.35" angle="90.00" type="DEFAULT_VEHTYPE" speed="13.26" pos="45.81" lane="3/3to4/3_0" slope="0.00"/>
        <vehicle id="10" x="201.65" y="127.02" angle="180.00" type="DEFAULT_VEHTYPE" speed="13.33" pos="127.02" lane="1/0to1/1_0" slope="0.00"/>
        <vehicle id="11" x="398.35" y="360.38" angle="0.00" type="DEFAULT_VEHTYPE" speed="13.55" pos="34.87" lane="2/2to2/1_0" slope="0.00"/>
        <vehicle id="15" x="398.35" y="271.22" angle="0.00" type="DEFAULT_VEHTYPE" speed="12.73" pos="124.03" lane="2/2to2/1_0" slope="0.00"/>
        <vehicle id="16" x="386.50" y="401.65" angle="-90.00" type="DEFAULT_VEHTYPE" speed="13.37" pos="8.75" lane="2/2to1/2_0" slope="0.00"/>
        <vehicle id="17" x="398.35" y="472.73" angle="0.00" type="DEFAULT_VEHTYPE" speed="13.90" pos="122.52" lane="2/3to2/2_0" slope="0.00"/>
        <vehicle id="18" x="407.61" y="401.65" angle="-90.00" type="DEFAULT_VEHTYPE" speed="0.62" pos="187.64" lane="3/2to2/2_0" slope="0.00"/>
        <vehicle id="2" x="198.35" y="303.53" angle="0.00" type="DEFAULT_VEHTYPE" speed="12.62" pos="91.72" lane="1/2to1/1_0" slope="0.00"/>
        <vehicle id="24" x="383.62" y="598.35" angle="90.00" type="DEFAULT_VEHTYPE" speed="8.87" pos="178.87" lane="1/3to2/3_0" slope="0.00"/>
        <vehicle id="28" x="715.66" y="598.35" angle="90.00" type="DEFAULT_VEHTYPE" speed="12.93" pos="110.91" lane="3/3to4/3_0" slope="0.00"/>
        <vehicle id="29" x="598.35" y="576.01" angle="0.00" type="DEFAULT_VEHTYPE" speed="11.10" pos="19.24" lane="3/3to3/2_0" slope="0.00"/>
        <vehicle id="3" x="601.65" y="544.95" angle="180.00" type="DEFAULT_VEHTYPE" speed="13.27" pos="140.20" lane="3/2to3/3_0" slope="0.00"/>
        <vehicle id="33" x="401.65" y="25.84" angle="180.00" type="DEFAULT_VEHTYPE" speed="13.42" pos="25.84" lane="2/0to2/1_0" slope="0.00"/>
        <vehicle id="37" x="201.65" y="386.28" angle="180.00" type="DEFAULT_VEHTYPE" speed="13.21" pos="181.53" lane="1/1to1/2_0" slope="0.00"/>
        <vehicle id="39" x="398.35" y="15.40" angle="0.00" type="DEFAULT_VEHTYPE" speed="12.84" pos="179.85" lane="2/1to2/0_0" slope="0.00"/>
        <vehicle id="40" x="750.85" y="598.35" angle="90.00" type="DEFAULT_VEHTYPE" speed="12.90" pos="146.10" lane="3/3to4/3_0" slope="0.00"/>
        <vehicle id="42" x="401.65" y="629.73" angle="180.00" type="DEFAULT_VEHTYPE" speed="13.22" pos="24.98" lane="2/3to2/4_0" slope="0.00"/>
        <vehicle id="43" x="201.65" y="434.51" angle="180.00" type="DEFAULT_VEHTYPE" speed="12.01" pos="29.76" lane="1/2to1/3_0" slope="0.00"/>
        <vehicle id="44" x="222.22" y="401.65" angle="-90.00" type="DEFAULT_VEHTYPE" speed="10.49" pos="173.03" lane="2/2to1/2_0" slope="0.00"/>
        <vehicle id="48" x="621.14" y="201.65" angle="-90.00" type="DEFAULT_VEHTYPE" speed="10.97" pos="178.86" lane="4/1to3/1_0" slope="0.00"/>
        <vehicle id="49" x="201.65" y="309.35" angle="180.00" type="DEFAULT_VEHTYPE" speed="13.72" pos="104.60" lane="1/1to1/2_0" slope="0.00"/>
        <vehicle id="5" x="201.65" y="526.91" angle="180.00" type="DEFAULT_VEHTYPE" speed="12.63" pos="122.16" lane="1/2to1/3_0" slope="0.00"/>
        <vehicle id="6" x="201.65" y="250.22" angle="180.00" type="DEFAULT_VEHTYPE" speed="13.34" pos="45.47" lane="1/1to1/2_0" slope="0.00"/>
        <vehicle id="7" x="401.65" y="773.00" angle="180.00" type="DEFAULT_VEHTYPE" speed="13.62" pos="168.25" lane="2/3to2/4_0" slope="0.00"/>
        <vehicle id="8" x="285.80" y="198.35" angle="90.00" type="DEFAULT_VEHTYPE" speed="13.17" pos="81.05" lane="1/1to2/1_0" slope="0.00"/>
        <vehicle id="9" x="601.65" y="491.41" angle="180.00" type="DEFAULT_VEHTYPE" speed="13.61" pos="86.66" lane="3/2to3/3_0" slope="0.00"/>
    </timestep>
    <timestep time="354.00">
        <vehicle id="0" x="663.92" y="598.35" angle="90.00" type="DEFAULT_VEHTYPE" speed="13.36" pos="59.17" lane="3/3to4/3_0" slope="0.00"/>
        <vehicle id="10" x="201.65" y="140.18" angle="180.00" type="DEFAULT_VEHTYPE" speed="13.16" pos="140.18" lane="1/0to1/1_0" slope="0.00"/>
        <vehicle id="11" x="398.35" y="347.73" angle="0.00" type="DEFAULT_VEHTYPE" speed="12.65" pos="47.52" lane="2/2to2/1_0" slope="0.00"/>
        <vehicle id="15" x="398.35" y="257.51" angle="0.00" type="DEFAULT_VEHTYPE" speed="13.71" pos="137.74" lane="2/2to2/1_0" slope="0.00"/>
        <vehicle id="16" x="372.73" y="401.65" angle="-90.00" type="DEFAULT_VEHTYPE" speed="13.77" pos="22.52" lane="2/2to1/2_0" slope="0.00"/>
        <vehicle id="17" x="398.35" y="459.58" angle="0.00" type="DEFAULT_VEHTYPE" speed="13.14" pos="135.67" lane="2/3to2/2_0" slope="0.00"/>
        <vehicle id="18" x="404.53" y="401.65" angle="-90.00" type="DEFAULT_VEHTYPE" speed="3.09" pos="0.22" lane=":2/2_5_0" slope="0.00"/>
        <vehicle id="2" x="198.35" y="289.75" angle="0.00" type="DEFAULT_VEHTYPE" speed="13.78" pos="105.50" lane="1/2to1/1_0" slope="0.00"/>
        <vehicle id="24" x="388.61" y="598.35" angle="90.00" type="DEFAULT_VEHTYPE" speed="4.98" pos="183.86" lane="1/3to2/3_0" slope="0.00"/>
        <vehicle id="28" x="729.21" y="598.35" angle="90.00" type="DEFAULT_VEHTYPE" speed="13.55" pos="124.46" lane="3/3to4/3_0" slope="0.00"/>
        <vehicle id="29" x="598.35" y="562.53" angle="0.00" type="DEFAULT_VEHTYPE" speed="13.48" pos="32.72" lane="3/3to3/2_0" slope="0.00"/>
        <vehicle id="3" x="601.65" y="557.99" angle="180.00" type="DEFAULT_VEHTYPE" speed="13.04" pos="153.24" lane="3/2to3/3_0" slope="0.00"/>
        <vehicle id="33" x="401.65" y="38.51" angle="180.00" type="DEFAULT_VEHTYPE" speed="12.67" pos="38.51" lane="2/0to2/1_0" slope="0.00"/>
        <vehicle id="37" x="201.65" y="399.04" angle="180.00" type="DEFAULT_VEHTYPE" speed="12.76" pos="3.79" lane=":1/2_9_0" slope="0.00"/>
        <vehicle id="39" x="398.35" y="1.68" angle="0.00" type="DEFAULT_VEHTYPE" speed="13.72" pos="193.57" lane="2/1to2/0_0" slope="0.00"/>
        <vehicle id="40" x="763.71" y="598.35" angle="90.00" type="DEFAULT_VEHTYPE" speed="12.86" pos="158.96" lane="3/3to4/3_0" slope="0.00"/>
        <vehicle id="42" x="401.65" y="643.21" angle="180.00" type="DEFAULT_VEHTYPE" speed="13.49" pos="38.46" lane="2/3to2/4_0" slope="0.00"/>
        <vehicle id="43" x="201.65" y="447.75" angle="180.00" type="DEFAULT_VEHTYPE" speed="13.24" pos="43.00" lane="1/2to1/3_0" slope="0.00"/>
        <vehicle id="44" x="214.92" y="401.65" angle="-90.00" type="DEFAULT_VEHTYPE" speed="7.29" pos="180.33" lane="2/2to1/2_0" slope="0.00"/>
        <vehicle id="48" x="614.26" y="201.65" angle="-90.00" type="DEFAULT_VEHTYPE" speed="6.88" pos="185.74" lane="4/1to3/1_0" slope="0.00"/>
        <vehicle id="49" x="201.65" y="322.67" angle="180.00" type="DEFAULT_VEHTYPE" speed="13.32" pos="117.92" lane="1/1to1/2_0" slope="0.00"/>
        <vehicle id="5" x="201.65" y="540.01" angle="180.00" type="DEFAULT_VEHTYPE" speed="13.10" pos="135.26" lane="1/2to1/3_0" slope="0.00"/>
        <vehicle id="6" x="201.65" y="263.93" angle="180.00" type="DEFAULT_VEHTYPE" speed="13.71" pos="59.18" lane="1/1to1/2_0" slope="0.00"/>
        <vehicle id="7" x="401.65" y="786.46" angle="180.00" type="DEFAULT_VEHTYPE" speed="13.45" pos="181.71" lane="2/3to2/4_0" slope="0.00"/>
        <vehicle id="8" x="299.04" y="198.35" angle="90.00" type="DEFAULT_VEHTYPE" speed="13.24" pos="94.29" lane="1/1to2/1_0" slope="0.00"/>
        <vehicle id="9" x="601.65" y="504.62" angle="180.00" type="DEFAULT_VEHTYPE" speed="13.20" pos="99.87" lane="3/2to3/3_0" slope="0.00"/>
    </timestep>
    <timestep time="355.00">
        <vehicle id="0" x="677.26" y="598.35" angle="90.00" type="DEFAULT_VEHTYPE" speed="13.34" pos="72.51" lane="3/3to4/3_0" slope="0.00"/>
        <vehicle id="10" x="201.65" y="153.76" angle="180.00" type="DEFAULT_VEHTYPE" speed="13.58" pos="153.76" lane="1/0to1/1_0" slope="0.00"/>
        <vehicle id="11" x="398.35" y="334.19" angle="0.00" type="DEFAULT_VEHTYPE" speed="13.54" pos="61.06" lane="2/2to2/1_0" slope="0.00"/>
        <vehicle id="15" x="398.35" y="244.65" angle="0.00" type="DEFAULT_VEHTYPE" speed="12.86" pos="150.60" lane="2/2to2/1_0" slope="0.00"/>
        <vehicle id="16" x="359.47" y="401.65" angle="-90.00" type="DEFAULT_VEHTYPE" speed="13.26" pos="35.78" lane="2/2to1/2_0" slope="0.00"/>
        <vehicle id="17" x="398.35" y="446.63" angle="0.00" type="DEFAULT_VEHTYPE" speed="12.95" pos="148.62" lane="2/3to2/2_0" slope="0.00"/>
        <vehicle id="18" x="398.87" y="401.65" angle="-90.00" type="DEFAULT_VEHTYPE" speed="5.66" pos="5.88" lane=":2/2_5_0" slope="0.00"/>
        <vehicle id="2" x="198.35" y="276.01" angle="0.00" type="DEFAULT_VEHTYPE" speed="13.74" pos="119.24" lane="1/2to1/1_0" slope="0.00"/>
        <vehicle id="24" x="394.97" y="598.35" angle="90.00" type="DEFAULT_VEHTYPE" speed="6.36" pos="190.22" lane="1/3to2/3_0" slope="0.00"/>
        <vehicle id="28" x="742.53" y="598.35" angle="90.00" type="DEFAULT_VEHTYPE" speed="13.31" pos="137.78" lane="3/3to4/3_0" slope="0.00"/>
        <vehicle id="29" x="598.35" y="548.90" angle="0.00" type="DEFAULT_VEHTYPE" speed="13.63" pos="46.35" lane="3/3to3/2_0" slope="0.00"/>
        <vehicle id="3" x="601.65" y="571.73" angle="180.00" type="DEFAULT_VEHTYPE" speed="13.74" pos="166.98" lane="3/2to3/3_0" slope="0.00"/>
        <vehicle id="33" x="401.65" y="52.00" angle="180.00" type="DEFAULT_VEHTYPE" speed="13.50" pos="52.00" lane="2/0to2/1_0" slope="0.00"/>
        <vehicle id="37" x="201.65" y="412.10" angle="180.00" type="DEFAULT_VEHTYPE" speed="13.07" pos="7.35" lane="1/2to1/3_0" slope="0.00"/>
        <vehicle id="39" x="401.65" y="7.01" angle="180.00" type="DEFAULT_VEHTYPE" speed="13.51" pos="7.01" lane="2/0to2/1_0" slope="0.00"/>
        <vehicle id="40" x="776.81" y="598.35" angle="90.00" type="DEFAULT_VEHTYPE" speed="13.10" pos="172.06" lane="3/3to4/3_0" slope="0.00"/>
        <vehicle id="42" x="401.65" y="656.64" angle="180.00" type="DEFAULT_VEHTYPE" speed="13.42" pos="51.89" lane="2/3to2/4_0" slope="0.00"/>
        <vehicle id="43" x="201.65" y="461.45" angle="180.00" type="DEFAULT_VEHTYPE" speed="13.70" pos="56.70" lane="1/2to1/3_0" slope="0.00"/>
        <vehicle id="44" x="210.21" y="401.65" angle="-90.00" type="DEFAULT_VEHTYPE" speed="4.71" pos="185.04" lane="2/2to1/2_0" slope="0.00"/>
        <vehicle id="48" x="610.82" y="201.65" angle="-90.00" type="DEFAULT_VEHTYPE" speed="3.44" pos="189.18" lane="4/1to3/1_0" slope="0.00"/>
        <vehicle id="49" x="201.65" y="335.66" angle="180.00" type="DEFAULT_VEHTYPE" speed="12.99" pos="130.91" lane="1/1to1/2_0" slope="0.00"/>
        <vehicle id="5" x="201.65" y="552.83" angle="180.00" type="DEFAULT_VEHTYPE" speed="12.82" pos="148.08" lane="1/2to1/3_0" slope="0.00"/>
        <vehicle id="6" x="201.65" y="276.53" angle="180.00" type="DEFAULT_VEHTYPE" speed="12.60" pos="71.78" lane="1/1to1/2_0" slope="0.00"/>
        <vehicle id="7" x="401.65" y="799.35" angle="180.00" type="DEFAULT_VEHTYPE" speed="12.90" pos="194.60" lane="2/3to2/4_0" slope="0.00"/>
        <vehicle id="8" x="312.33" y="198.35" angle="90.00" type="DEFAULT_VEHTYPE" speed="13.28" pos="107.58" lane="1/1to2/1_0" slope="0.00"/>
        <vehicle id="9" x="601.65" y="518.07" angle="180.00" type="DEFAULT_VEHTYPE" speed="13.45" pos="113.32" lane="3/2to3/3_0" slope="0.00"/>
    </timestep>
    <timestep time="356.00">
        <vehicle id="0" x="690.63" y="598.35" angle="90.00" type="DEFAULT_VEHTYPE" speed="13.37" pos="85.88" lane="3/3to4/3_0" slope="0.00"/>
        <vehicle id="10" x="201.65" y="167.31" angle="180.00" type="DEFAULT_VEHTYPE" speed="13.55" pos="167.31" lane="1/0to1/1_0" slope="0.00"/>
        <vehicle id="11" x="398.35" y="320.43" angle="0.00" type="DEFAULT_VEHTYPE" speed="13.77" pos="74.82" lane="2/2to2/1_0" slope="0.00"/>
        <vehicle id="15" x="398.35" y="231.71" angle="0.00" type="DEFAULT_VEHTYPE" speed="12.94" pos="163.54" lane="2/2to2/1_0" slope="0.00"/>
        <vehicle id="16" x="346.37" y="401.65" angle="-90.00" type="DEFAULT_VEHTYPE" speed="13.10" pos="48.88" lane="2/2to1/2_0" slope="0.00"/>
        <vehicle id="17" x="398.35" y="432.99" angle="0.00" type="DEFAULT_VEHTYPE" speed="13.64" pos="162.26" lane="2/3to2/2_0" slope="0.00"/>
        <vehicle id="18" x="391.83" y="401.65" angle="-90.00" type="DEFAULT_VEHTYPE" speed="7.04" pos="3.42" lane="2/2to1/2_0" slope="0.00"/>
        <vehicle id="2" x="198.35" y="263.36" angle="0.00" type="DEFAULT_VEHTYPE" speed="12.65" pos="131.89" lane="1/2to1/1_0" slope="0.00"/>
        <vehicle id="24" x="401.30" y="602.29" angle="137.50" type="DEFAULT_VEHTYPE" speed="8.12" pos="7.84" lane=":2/3_14_0" slope="0.00"/>
        <vehicle id="28" x="755.66" y="598.35" angle="90.00" type="DEFAULT_VEHTYPE" speed="13.13" pos="150.91" lane="3/3to4/3_0" slope="0.00"/>
        <vehicle id="29" x="598.35" y="535.32" angle="0.00" type="DEFAULT_VEHTYPE" speed="13.59" pos="59.93" lane="3/3to3/2_0" slope="0.00"/>
        <vehicle id="3" x="601.65" y="585.18" angle="180.00" type="DEFAULT_VEHTYPE" speed="13.44" pos="180.43" lane="3/2to3/3_0" slope="0.00"/>
        <vehicle id="33" x="401.65" y="65.76" angle="180.00" type="DEFAULT_VEHTYPE" speed="13.75" pos="65.76" lane="2/0to2/1_0" slope="0.00"/>
        <vehicle id="37" x="201.65" y="425.66" angle="180.00" type="DEFAULT_VEHTYPE" speed="13.56" pos="20.91" lane="1/2to1/3_0" slope="0.00"/>
        <vehicle id="39" x="401.65" y="19.93" angle="180.00" type="DEFAULT_VEHTYPE" speed="12.92" pos="19.93" lane="2/0to2/1_0" slope="0.00"/>
        <vehicle id="40" x="789.77" y="598.35" angle="90.00" type="DEFAULT_VEHTYPE" speed="12.97" pos="185.02" lane="3/3to4/3_0" slope="0.00"/>
        <vehicle id="42" x="401.65" y="670.16" angle="180.00" type="DEFAULT_VEHTYPE" speed="13.52" pos="65.41" lane="2/3to2/4_0" slope="0.00"/>
        <vehicle id="43" x="201.65" y="474.94" angle="180.00" type="DEFAULT_VEHTYPE" speed="13.49" pos="70.19" lane="1/2to1/3_0" slope="0.00"/>
        <vehicle id="44" x="203.56" y="401.48" angle="-88.04" type="DEFAULT_VEHTYPE" speed="6.67" pos="1.21" lane=":1/2_6_0" slope="0.00"/>
        <vehicle id="48" x="605.33" y="201.65" angle="-90.00" type="DEFAULT_VEHTYPE" speed="5.49" pos="194.67" lane="4/1to3/1_0" slope="0.00"/>
        <vehicle id="49" x="201.65" y="348.36" angle="180.00" type="DEFAULT_VEHTYPE" speed="12.70" pos="143.61" lane="1/1to1/2_0" slope="0.00"/>
        <vehicle id="5" x="201.65" y="565.77" angle="180.00" type="DEFAULT_VEHTYPE" speed="12.94" pos="161.02" lane="1/2to1/3_0" slope="0.00"/>
        <vehicle id="6" x="201.65" y="289.92" angle="180.00" type="DEFAULT_VEHTYPE" speed="13.39" pos="85.17" lane="1/1to1/2_0" slope="0.00"/>
        <vehicle id="7" x="398.35" y="792.39" angle="0.00" type="DEFAULT_VEHTYPE" speed="13.08" pos="7.61" lane="2/4to2/3_0" slope="0.00"/>
        <vehicle id="8" x="325.46" y="198.35" angle="90.00" type="DEFAULT_VEHTYPE" speed="13.13" pos="120.71" lane="1/1to2/1_0" slope="0.00"/>
        <vehicle id="9" x="601.65" y="530.73" angle="180.00" type="DEFAULT_VEHTYPE" speed="12.66" pos="125.98" lane="3/2to3/3_0" slope="0.00"/>
    </timestep>
    <timestep time="357.00">
        <vehicle id="0" x="703.43" y="598.35" angle="90.00" type="DEFAULT_VEHTYPE" speed="12.81" pos="98.68" lane="3/3to4/3_0" slope="0.00"/>
        <vehicle id="10" x="201.65" y="180.84" angle="180.00" type="DEFAULT_VEHTYPE" speed="13.53" pos="180.84" lane="1/0to1/1_0" slope="0.00"/>
        <vehicle id="11" x="398.35" y="306.93" angle="0.00" type="DEFAULT_VEHTYPE" speed="13.50" pos="88.32" lane="2/2to2/1_0" slope="0.00"/>
        <vehicle id="15" x="398.35" y="217.88" angle="0.00" type="DEFAULT_VEHTYPE" speed="13.83" pos="177.37" lane="2/2to2/1_0" slope="0.00"/>
        <vehicle id="16" x="332.53" y="401.65" angle="-90.00" type="DEFAULT_VEHTYPE" speed="13.84" pos="62.72" lane="2/2to1/2_0" slope="0.00"/>
        <vehicle id="17" x="398.35" y="419.37" angle="0.00" type="DEFAULT_VEHTYPE" speed="13.62" pos="175.88" lane="2/3to2/2_0" slope="0.00"/>
        <vehicle id="18" x="382.73" y="401.65" angle="-90.00" type="DEFAULT_VEHTYPE" speed="9.10" pos="12.52" lane="2/2to1/2_0" slope="0.00"/>
        <vehicle id="2" x="198.35" y="249.68" angle="0.00" type="DEFAULT_VEHTYPE" speed="13.68" pos="145.57" lane="1/2to1/1_0" slope="0.00"/>
        <vehicle id="24" x="401.65" y="612.29" angle="180.00" type="DEFAULT_VEHTYPE" speed="10.02" pos="7.54" lane="2/3to2/4_0" slope="0.00"/>
        <vehicle id="28" x="768.89" y="598.35" angle="90.00" type="DEFAULT_VEHTYPE" speed="13.24" pos="164.14" lane="3/3to4/3_0" slope="0.00"/>
        <vehicle id="29" x="598.35" y="522.49" angle="0.00" type="DEFAULT_VEHTYPE" speed="12.83" pos="72.76" lane="3/3to3/2_0" slope="0.00"/>
        <vehicle id="3" x="603.19" y="598.04" angle="160.73" type="DEFAULT_VEHTYPE" speed="13.47" pos="3.40" lane=":3/3_8_0" slope="0.00"/>
        <vehicle id="33" x="401.65" y="79.46" angle="180.00" type="DEFAULT_VEHTYPE" speed="13.70" pos="79.46" lane="2/0to2/1_0" slope="0.00"/>
        <vehicle id="37" x="201.65" y="439.13" angle="180.00" type="DEFAULT_VEHTYPE" speed="13.47" pos="34.38" lane="1/2to1/3_0" slope="0.00"/>
        <vehicle id="39" x="401.65" y="33.59" angle="180.00" type="DEFAULT_VEHTYPE" speed="13.66" pos="33.59" lane="2/0to2/1_0" slope="0.00"/>
        <vehicle id="40" x="801.24" y="600.83" angle="130.39" type="DEFAULT_VEHTYPE" speed="13.56" pos="3.33" lane=":4/3_0_0" slope="0.00"/>
        <vehicle id="42" x="401.65" y="683.83" angle="180.00" type="DEFAULT_VEHTYPE" speed="13.67" pos="79.08" lane="2/3to2/4_0" slope="0.00"/>
        <vehicle id="43" x="201.65" y="487.74" angle="180.00" type="DEFAULT_VEHTYPE" speed="12.80" pos="82.99" lane="1/2to1/3_0" slope="0.00"/>
        <vehicle id="44" x="198.43" y="395.83" angle="-22.98" type="DEFAULT_VEHTYPE" speed="8.53" pos="9.74" lane=":1/2_6_0" slope="0.00"/>
        <vehicle id="48" x="601.65" y="207.04" angle="-168.60" type="DEFAULT_VEHTYPE" speed="7.87" pos="2.29" lane="3/1to3/2_0" slope="0.00"/>
        <vehicle id="49" x="201.65" y="362.09" angle="180.00" type="DEFAULT_VEHTYPE" speed="13.73" pos="157.34" lane="1/1to1/2_0" slope="0.00"/>
        <vehicle id="5" x="201.65" y="579.31" angle="180.00" type="DEFAULT_VEHTYPE" speed="13.53" pos="174.56" lane="1/2to1/3_0" slope="0.00"/>
        <vehicle id="6" x="201.65" y="302.99" angle="180.00" type="DEFAULT_VEHTYPE" speed="13.07" pos="98.24" lane="1/1to1/2_0" slope="0.00"/>
        <vehicle id="7" x="398.35" y="778.86" angle="0.00" type="DEFAULT_VEHTYPE" speed="13.53" pos="21.14" lane="2/4to2/3_0" slope="0.00"/>
        <vehicle id="8" x="338.82" y="198.35" angle="90.00" type="DEFAULT_VEHTYPE" speed="13.36" pos="134.07" lane="1/1to2/1_0" slope="0.00"/>
        <vehicle id="9" x="601.65" y="544.19" angle="180.00" type="DEFAULT_VEHTYPE" speed="13.46" pos="139.44" lane="3/2to3/3_0" slope="0.00"/>
    </timestep>
    <timestep time="358.00">
        <vehicle id="0" x="716.75" y="598.35" angle="90.00" type="DEFAULT_VEHTYPE" speed="13.32" pos="112.00" lane="3/3to4/3_0" slope="0.00"/>
        <vehicle id="10" x="201.65" y="194.33" angle="180.00" type="DEFAULT_VEHTYPE" speed="13.49" pos="194.33" lane="1/0to1/1_0" slope="0.00"/>
        <vehicle id="11" x="398.35" y="293.42" angle="0.00" type="DEFAULT_VEHTYPE" speed="13.51" pos="101.83" lane="2/2to2/1_0" slope="0.00"/>
        <vehicle id="15" x="398.35" y="204.02" angle="0.00" type="DEFAULT_VEHTYPE" speed="13.87" pos="0.73" lane=":2/1_1_0" slope="0.00"/>
        <vehicle id="16" x="319.38" y="401.65" angle="-90.00" type="DEFAULT_VEHTYPE" speed="13.16" pos="75.87" lane="2/2to1/2_0" slope="0.00"/>
        <vehicle id="17" x="398.35" y="406.71" angle="0.00" type="DEFAULT_VEHTYPE" speed="12.66" pos="188.54" lane="2/3to2/2_0" slope="0.00"/>
        <vehicle id="18" x="371.17" y="401.65" angle="-90.00" type="DEFAULT_VEHTYPE" speed="11.56" pos="24.08" lane="2/2to1/2_0" slope="0.00"/>
        <vehicle id="2" x="198.35" y="236.42" angle="0.00" type="DEFAULT_VEHTYPE" speed="13.25" pos="158.83" lane="1/2to1/1_0" slope="0.00"/>
        <vehicle id="24" x="401.65" y="624.27" angle="180.00" type="DEFAULT_VEHTYPE" speed="11.98" pos="19.52" lane="2/3to2/4_0" slope="0.00"/>
        <vehicle id="28" x="781.93" y="598.35" angle="90.00" type="DEFAULT_VEHTYPE" speed="13.03" pos="177.18" lane="3/3to4/3_0" slope="0.00"/>
        <vehicle id="29" x="598.35" y="509.35" angle="0.00" type="DEFAULT_VEHTYPE" speed="13.14" pos="85.90" lane="3/3to3/2_0" slope="0.00"/>
        <vehicle id="3" x="616.72" y="598.35" angle="90.00" type="DEFAULT_VEHTYPE" speed="13.57" pos="11.97" lane="3/3to4/3_0" slope="0.00"/>
        <vehicle id="33" x="401.65" y="92.84" angle="180.00" type="DEFAULT_VEHTYPE" speed="13.38" pos="92.84" lane="2/0to2/1_0" slope="0.00"/>
        <vehicle id="37" x="201.65" y="452.56" angle="180.00" type="DEFAULT_VEHTYPE" speed="13.43" pos="47.81" lane="1/2to1/3_0" slope="0.00"/>
        <vehicle id="39" x="401.65" y="47.24" angle="180.00" type="DEFAULT_VEHTYPE" speed="13.65" pos="47.24" lane="2/0to2/1_0" slope="0.00"/>
        <vehicle id="40" x="788.64" y="601.65" angle="-90.00" type="DEFAULT_VEHTYPE" speed="12.85" pos="11.36" lane="4/3to3/3_0" slope="0.00"/>
        <vehicle id="42" x="401.65" y="696.77" angle="180.00" type="DEFAULT_VEHTYPE" speed="12.94" pos="92.02" lane="2/3to2/4_0" slope="0.00"/>
        <vehicle id="43" x="201.65" y="501.32" angle="180.00" type="DEFAULT_VEHTYPE" speed="13.58" pos="96.57" lane="1/2to1/3_0" slope="0.00"/>
        <vehicle id="44" x="198.35" y="385.06" angle="0.00" type="DEFAULT_VEHTYPE" speed="10.78" pos="10.19" lane="1/2to1/1_0" slope="0.00"/>
        <vehicle id="48" x="601.65" y="216.27" angle="180.00" type="DEFAULT_VEHTYPE" speed="9.23" pos="11.52" lane="3/1to3/2_0" slope="0.00"/>
        <vehicle id="49" x="201.65" y="375.16" angle="180.00" type="DEFAULT_VEHTYPE" speed="13.07" pos="170.41" lane="1/1to1/2_0" slope="0.00"/>
        <vehicle id="5" x="201.65" y="592.15" angle="180.00" type="DEFAULT_VEHTYPE" speed="12.84" pos="187.40" lane="1/2to1/3_0" slope="0.00"/>
        <vehicle id="6" x="201.65" y="316.24" angle="180.00" type="DEFAULT_VEHTYPE" speed="13.25" pos="111.49" lane="1/1to1/2_0" slope="0.00"/>
        <vehicle id="7" x="398.35" y="765.98" angle="0.00" type="DEFAULT_VEHTYPE" speed="12.87" pos="34.02" lane="2/4to2/3_0" slope="0.00"/>
        <vehicle id="8" x="352.22" y="198.35" angle="90.00" type="DEFAULT_VEHTYPE" speed="13.40" pos="147.47" lane="1/1to2/1_0" slope="0.00"/>
        <vehicle id="9" x="601.65" y="556.81" angle="180.00" type="DEFAULT_VEHTYPE" speed="12.61" pos="152.06" lane="3/2to3/3_0" slope="0.00"/>
    </timestep>
    <timestep time="359.00">
        <vehicle id="0" x="729.97" y="598.35" angle="90.00" type="DEFAULT_VEHTYPE" speed="13.22" pos="125.22" lane="3/3to4/3_0" slope="0.00"/>
        <vehicle id="10" x="212.38" y="198.35" angle="90.00" type="DEFAULT_VEHTYPE" speed="13.55" pos="7.63" lane="1/1to2/1_0" slope="0.00"/>
        <vehicle id="11" x="398.35" y="279.55" angle="0.00" type="DEFAULT_VEHTYPE" speed="13.87" pos="115.70" lane="2/2to2/1_0" slope="0.00"/>
        <vehicle id="15" x="398.35" y="191.10" angle="0.00" type="DEFAULT_VEHTYPE" speed="12.92" pos="4.15" lane="2/1to2/0_0" slope="0.00"/>
        <vehicle id="16" x="306.40" y="401.65" angle="-90.00" type="DEFAULT_VEHTYPE" speed="12.98" pos="88.85" lane="2/2to1/2_0" slope="0.00"/>
        <vehicle id="17" x="398.35" y="393.49" angle="0.00" type="DEFAULT_VEHTYPE" speed="13.22" pos="1.76" lane="2/2to2/1_0" slope="0.00"/>
        <vehicle id="18" x="358.34" y="401.65" angle="-90.00" type="DEFAULT_VEHTYPE" speed="12.83" pos="36.91" lane="2/2to1/2_0" slope="0.00"/>
        <vehicle id="2" x="198.35" y="223.59" angle="0.00" type="DEFAULT_VEHTYPE" speed="12.83" pos="171.66" lane="1/2to1/1_0" slope="0.00"/>
        <vehicle id="24" x="401.65" y="637.84" angle="180.00" type="DEFAULT_VEHTYPE" speed="13.57" pos="33.09" lane="2/3to2/4_0" slope="0.00"/>
        <vehicle id="28" x="794.74" y="598.35" angle="90.00" type="DEFAULT_VEHTYPE" speed="12.82" pos="189.99" lane="3/3to4/3_0" slope="0.00"/>
        <vehicle id="29" x="598.35" y="495.76" angle="0.00" type="DEFAULT_VEHTYPE" speed="13.59" pos="99.49" lane="3/3to3/2_0" slope="0.00"/>
        <vehicle id="3" x="629.65" y="598.35" angle="90.00" type="DEFAULT_VEHTYPE" speed="12.94" pos="24.90" lane="3/3to4/3_0" slope="0.00"/>
        <vehicle id="33" x="401.65" y="105.59" angle="180.00" type="DEFAULT_VEHTYPE" speed="12.75" pos="105.59" lane="2/0to2/1_0" slope="0.00"/>
        <vehicle id="37" x="201.65" y="465.95" angle="180.00" type="DEFAULT_VEHTYPE" speed="13.39" pos="61.20" lane="1/2to1/3_0" slope="0.00"/>
        <vehicle id="39" x="401.65" y="60.27" angle="180.00" type="DEFAULT_VEHTYPE" speed="13.03" pos="60.27" lane="2/0to2/1_0" slope="0.00"/>
        <vehicle id="40" x="775.99" y="601.65" angle="-90.00" type="DEFAULT_VEHTYPE" speed="12.66" pos="24.01" lane="4/3to3/3_0" slope="0.00"/>
        <vehicle id="42" x="401.65" y="710.10" angle="180.00" type="DEFAULT_VEHTYPE" speed="13.33" pos="105.35" lane="2/3to2/4_0" slope="0.00"/>
        <vehicle id="43" x="201.65" y="515.10" angle="180.00" type="DEFAULT_VEHTYPE" speed="13.77" pos="110.35" lane="1/2to1/3_0" slope="0.00"/>
        <vehicle id="44" x="198.35" y="372.47" angle="0.00" type="DEFAULT_VEHTYPE" speed="12.59" pos="22.78" lane="1/2to1/1_0" slope="0.00"/>
        <vehicle id="48" x="601.65" y="227.95" angle="180.00" type="DEFAULT_VEHTYPE" speed="11.67" pos="23.20" lane="3/1to3/2_0" slope="0.00"/>
        <vehicle id="49" x="201.65" y="388.36" angle="180.00" type="DEFAULT_VEHTYPE" speed="13.20" pos="183.61" lane="1/1to1/2_0" slope="0.00"/>
        <vehicle id="5" x="209.81" y="598.35" angle="90.00" type="DEFAULT_VEHTYPE" speed="13.16" pos="5.06" lane="1/3to2/3_0" slope="0.00"/>
        <vehicle id="6" x="201.65" y="329.53" angle="180.00" type="DEFAULT_VEHTYPE" speed="13.29" pos="124.78" lane="1/1to1/2_0" slope="0.00"/>
        <vehicle id="7" x="398.35" y="753.34" angle="0.00" type="DEFAULT_VEHTYPE" speed="12.64" pos="46.66" lane="2/4to2/3_0" slope="0.00"/>
        <vehicle id="8" x="365.78" y="198.35" angle="90.00" type="DEFAULT_VEHTYPE" speed="13.57" pos="161.03" lane="1/1to2/1_0" slope="0.00"/>
        <vehicle id="9" x="601.65" y="570.68" angle="180.00" type="DEFAULT_VEHTYPE" speed="13.87" pos="165.93" lane="3/2to3/3_0" slope="0.00"/>
    </timestep>
    <timestep time="360.00">
        <vehicle id="0" x="743.54" y="598.35" angle="90.00" type="DEFAULT_VEHTYPE" speed="13.57" pos="138.79" lane="3/3to4/3_0" slope="0.00"/>
        <vehicle id="10" x="225.57" y="198.35" angle="90.00" type="DEFAULT_VEHTYPE" speed="13.19" pos="20.82" lane="1/1to2/1_0" slope="0.00"/>
        <vehicle id="11" x="398.35" y="266.16" angle="0.00" type="DEFAULT_VEHTYPE" speed="13.39" pos="129.09" lane="2/2to2/1_0" slope="0.00"/>
        <vehicle id="15" x="398.35" y="178.30" angle="0.00" type="DEFAULT_VEHTYPE" speed="12.80" pos="16.95" lane="2/1to2/0_0" slope="0.00"/>
        <vehicle id="16" x="292.58" y="401.65" angle="-90.00" type="DEFAULT_VEHTYPE" speed="13.82" pos="102.67" lane="2/2to1/2_0" slope="0.00"/>
        <vehicle id="17" x="398.35" y="380.09" angle="0.00" type="DEFAULT_VEHTYPE" speed="13.40" pos="15.16" lane="2/2to2/1_0" slope="0.00"/>
        <vehicle id="18" x="345.33" y="401.65" angle="-90.00" type="DEFAULT_VEHTYPE" speed="13.01" pos="49.92" lane="2/2to1/2_0" slope="0.00"/>
        <vehicle id="2" x="198.35" y="210.38" angle="0.00" type="DEFAULT_VEHTYPE" speed="13.21" pos="184.87" lane="1/2to1/1_0" slope="0.00"/>
        <vehicle id="24" x="401.65" y="651.20" angle="180.00" type="DEFAULT_VEHTYPE" speed="13.36" pos="46.45" lane="2/3to2/4_0" slope="0.00"/>
        <vehicle id="28" x="797.43" y="601.65" angle="-111.64" type="DEFAULT_VEHTYPE" speed="12.65" pos="2.57" lane="4/3to3/3_0" slope="0.00"/>
        <vehicle id="29" x="598.35" y="482.43" angle="0.00" type="DEFAULT_VEHTYPE" speed="13.33" pos="112.82" lane="3/3to3/2_0" slope="0.00"/>
        <vehicle id="3" x="642.98" y="598.35" angle="90.00" type="DEFAULT_VEHTYPE" speed="13.33" pos="38.23" lane="3/3to4/3_0" slope="0.00"/>
        <vehicle id="33" x="401.65" y="118.49" angle="180.00" type="DEFAULT_VEHTYPE" speed="12.91" pos="118.49" lane="2/0to2/1_0" slope="0.00"/>
        <vehicle id="37" x="201.65" y="479.77" angle="180.00" type="DEFAULT_VEHTYPE" speed="13.82" pos="75.02" lane="1/2to1/3_0" slope="0.00"/>
        <vehicle id="39" x="401.65" y="73.10" angle="180.00" type="DEFAULT_VEHTYPE" speed="12.83" pos="73.10" lane="2/0to2/1_0" slope="0.00"/>
        <vehicle id="40" x="763.32" y="601.65" angle="-90.00" type="DEFAULT_VEHTYPE" speed="12.67" pos="36.68" lane="4/3to3/3_0" slope="0.00"/>
        <vehicle id="42" x="401.65" y="723.15" angle="180.00" type="DEFAULT_VEHTYPE" speed="13.05" pos="118.40" lane="2/3to2/4_0" slope="0.00"/>
        <vehicle id="43" x="201.65" y="528.28" angle="180.00" type="DEFAULT_VEHTYPE" speed="13.19" pos="123.53" lane="1/2to1/3_0" slope="0.00"/>
        <vehicle id="44" x="198.35" y="359.22" angle="0.00" type="DEFAULT_VEHTYPE" speed="13.25" pos="36.03" lane="1/2to1/1_0" slope="0.00"/>
        <vehicle id="48" x="601.65" y="241.78" angle="180.00" type="DEFAULT_VEHTYPE" speed="13.83" pos="37.03" lane="3/1to3/2_0" slope="0.00"/>
        <vehicle id="49" x="201.65" y="401.47" angle="180.00" type="DEFAULT_VEHTYPE" speed="13.11" pos="6.22" lane=":1/2_9_0" slope="0.00"/>
        <vehicle id="5" x="223.16" y="598.35" angle="90.00" type="DEFAULT_VEHTYPE" speed="13.35" pos="18.41" lane="1/3to2/3_0" slope="0.00"/>
        <vehicle id="6" x="201.65" y="342.67" angle="180.00" type="DEFAULT_VEHTYPE" speed="13.14" pos="137.92" lane="1/1to1/2_0" slope="0.00"/>
        <vehicle id="7" x="398.35" y="740.51" angle="0.00" type="DEFAULT_VEHTYPE" speed="12.83" pos="59.49" lane="2/4to2/3_0" slope="0.00"/>
        <vehicle id="8" x="376.94" y="198.35" angle="90.00" type="DEFAULT_VEHTYPE" speed="11.15" pos="172.19" lane="1/1to2/1_0" slope="0.00"/>
        <vehicle id="9" x="601.65" y="583.60" angle="180.00" type="DEFAULT_VEHTYPE" speed="12.92" pos="178.85" lane="3/2to3/3_0" slope="0.00"/>
    </timestep>
    <timestep time="361.00">
        <vehicle id="0" x="756.80" y="598.35" angle="90.00" type="DEFAULT_VEHTYPE" speed="13.26" pos="152.05" lane="3/3to4/3_0" slope="0.00"/>
        <vehicle id="10" x="239.14" y="198.35" angle="90.00" type="DEFAULT_VEHTYPE" speed="13.56" pos="34.39" lane="1/1to2/1_0" slope="0.00"/>
        <vehicle id="11" x="398.35" y="252.48" angle="0.00" type="DEFAULT_VEHTYPE" speed="13.68" pos="142.77" lane="2/2to2/1_0" slope="0.00"/>
        <vehicle id="15" x="398.35" y="165.07" angle="0.00" type="DEFAULT_VEHTYPE" speed="13.22" pos="30.18" lane="2/1to2/0_0" slope="0.00"/>
        <vehicle id="16" x="279.48" y="401.65" angle="-90.00" type="DEFAULT_VEHTYPE" speed="13.10" pos="115.77" lane="2/2to1/2_0" slope="0.00"/>
        <vehicle id="17" x="398.35" y="366.60" angle="0.00" type="DEFAULT_VEHTYPE" speed="13.49" pos="28.65" lane="2/2to2/1_0" slope="0.00"/>
        <vehicle id="18" x="332.38" y="401.65" angle="-90.00" type="DEFAULT_VEHTYPE" speed="12.94" pos="62.87" lane="2/2to1/2_0" slope="0.00"/>
        <vehicle id="2" x="192.05" y="201.65" angle="-85.19" type="DEFAULT_VEHTYPE" speed="13.82" pos="3.20" lane="1/1to0/1_0" slope="0.00"/>
        <vehicle id="24" x="401.65" y="663.96" angle="180.00" type="DEFAULT_VEHTYPE" speed="12.76" pos="59.21" lane="2/3to2/4_0" slope="0.00"/>
        <vehicle id="28" x="783.98" y="601.65" angle="-90.00" type="DEFAULT_VEHTYPE" speed="13.45" pos="16.02" lane="4/3to3/3_0" slope="0.00"/>
        <vehicle id="29" x="598.35" y="469.58" angle="0.00" type="DEFAULT_VEHTYPE" speed="12.85" pos="125.67" lane="3/3to3/2_0" slope="0.00"/>
        <vehicle id="3" x="656.43" y="598.35" angle="90.00" type="DEFAULT_VEHTYPE" speed="13.44" pos="51.68" lane="3/3to4/3_0" slope="0.00"/>
        <vehicle id="33" x="401.65" y="131.73" angle="180.00" type="DEFAULT_VEHTYPE" speed="13.24" pos="131.73" lane="2/0to2/1_0" slope="0.00"/>
        <vehicle id="37" x="201.65" y="493.14" angle="180.00" type="DEFAULT_VEHTYPE" speed="13.37" pos="88.39" lane="1/2to1/3_0" slope="0.00"/>
        <vehicle id="39" x="401.65" y="86.22" angle="180.00" type="DEFAULT_VEHTYPE" speed="13.12" pos="86.22" lane="2/0to2/1_0" slope="0.00"/>
        <vehicle id="40" x="750.65" y="601.65" angle="-90.00" type="DEFAULT_VEHTYPE" speed="12.67" pos="49.35" lane="4/3to3/3_0" slope="0.00"/>
        <vehicle id="42" x="401.65" y="736.56" angle="180.00" type="DEFAULT_VEHTYPE" speed="13.41" pos="131.81" lane="2/3to2/4_0" slope="0.00"/>
        <vehicle id="43" x="201.65" y="541.43" angle="180.00" type="DEFAULT_VEHTYPE" speed="13.14" pos="136.68" lane="1/2to1/3_0" slope="0.00"/>
        <vehicle id="44" x="198.35" y="345.78" angle="0.00" type="DEFAULT_VEHTYPE" speed="13.44" pos="49.47" lane="1/2to1/1_0" slope="0.00"/>
        <vehicle id="48" x="601.65" y="254.75" angle="180.00" type="DEFAULT_VEHTYPE" speed="12.97" pos="50.00" lane="3/1to3/2_0" slope="0.00"/>
        <vehicle id="49" x="201.65" y="414.57" angle="180.00" type="DEFAULT_VEHTYPE" speed="13.10" pos="9.82" lane="1/2to1/3_0" slope="0.00"/>
        <vehicle id="5" x="236.64" y="598.35" angle="90.00" type="DEFAULT_VEHTYPE" speed="13.48" pos="31.89" lane="1/3to2/3_0" slope="0.00"/>
        <vehicle id="6" x="201.65" y="355.38" angle="180.00" type="DEFAULT_VEHTYPE" speed="12.71" pos="150.63" lane="1/1to1/2_0" slope="0.00"/>
        <vehicle id="7" x="398.35" y="726.72" angle="0.00" type="DEFAULT_VEHTYPE" speed="13.79" pos="73.28" lane="2/4to2/3_0" slope="0.00"/>
        <vehicle id="8" x="384.46" y="198.35" angle="90.00" type="DEFAULT_VEHTYPE" speed="7.52" pos="179.71" lane="1/1to2/1_0" slope="0.00"/>
        <vehicle id="9" x="602.15" y="597.12" angle="174.22" type="DEFAULT_VEHTYPE" speed="13.62" pos="1.97" lane=":3/3_8_0" slope="0.00"/>
    </timestep>
    <timestep time="362.00">
        <vehicle id="0" x="769.49" y="598.35" angle="90.00" type="DEFAULT_VEHTYPE" speed="12.69" pos="164.74" lane="3/3to4/3_0" slope="0.00"/>
        <vehicle id="10" x="252.58" y="198.35" angle="90.00" type="DEFAULT_VEHTYPE" speed="13.45" pos="47.83" lane="1/1to2/1_0" slope="0.00"/>
        <vehicle id="11" x="398.35" y="238.72" angle="0.00" type="DEFAULT_VEHTYPE" speed="13.76" pos="156.53" lane="2/2to2/1_0" slope="0.00"/>
        <vehicle id="15" x="398.35" y="151.38" angle="0.00" type="DEFAULT_VEHTYPE" speed="13.70" pos="43.87" lane="2/1to2/0_0" slope="0.00"/>
        <vehicle id="16" x="266.33" y="401.65" angle="-90.00" type="DEFAULT_VEHTYPE" speed="13.15" pos="128.92" lane="2/2to1/2_0" slope="0.00"/>
        <vehicle id="17" x="398.35" y="353.94" angle="0.00" type="DEFAULT_VEHTYPE" speed="12.66" pos="41.31" lane="2/2to2/1_0" slope="0.00"/>
        <vehicle id="18" x="319.76" y="401.65" angle="-90.00" type="DEFAULT_VEHTYPE" speed="12.62" pos="75.49" lane="2/2to1/2_0" slope="0.00"/>
        <vehicle id="2" x="178.16" y="201.65" angle="-90.00" type="DEFAULT_VEHTYPE" speed="13.89" pos="17.09" lane="1/1to0/1_0" slope="0.00"/>
        <vehicle id="24" x="401.65" y="677.39" angle="180.00" type="DEFAULT_VEHTYPE" speed="13.43" pos="72.64" lane="2/3to2/4_0" slope="0.00"/>
        <vehicle id="28" x="770.89" y="601.65" angle="-90.00" type="DEFAULT_VEHTYPE" speed="13.10" pos="29.11" lane="4/3to3/3_0" slope="0.00"/>
        <vehicle id="29" x="598.35" y="456.95" angle="0.00" type="DEFAULT_VEHTYPE" speed="12.62" pos="138.30" lane="3/3to3/2_0" slope="0.00"/>
        <vehicle id="3" x="669.34" y="598.35" angle="90.00" type="DEFAULT_VEHTYPE" speed="12.92" pos="64.59" lane="3/3to4/3_0" slope="0.00"/>
        <vehicle id="33" x="401.65" y="145.43" angle="180.00" type="DEFAULT_VEHTYPE" speed="13.70" pos="145.43" lane="2/0to2/1_0" slope="0.00"/>
        <vehicle id="37" x="201.65" y="506.36" angle="180.00" type="DEFAULT_VEHTYPE" speed="13.22" pos="101.61" lane="1/2to1/3_0" slope="0.00"/>
        <vehicle id="39" x="401.65" y="99.01" angle="180.00" type="DEFAULT_VEHTYPE" speed="12.79" pos="99.01" lane="2/0to2/1_0" slope="0.00"/>
        <vehicle id="40" x="736.95" y="601.65" angle="-90.00" type="DEFAULT_VEHTYPE" speed="13.70" pos="63.05" lane="4/3to3/3_0" slope="0.00"/>
        <vehicle id="42" x="401.65" y="750.40" angle="180.00" type="DEFAULT_VEHTYPE" speed="13.84" pos="145.65" lane="2/3to2/4_0" slope="0.00"/>
        <vehicle id="43" x="201.65" y="554.84" angle="180.00" type="DEFAULT_VEHTYPE" speed="13.41" pos="150.09" lane="1/2to1/3_0" slope="0.00"/>
        <vehicle id="44" x="198.35" y="331.95" angle="0.00" type="DEFAULT_VEHTYPE" speed="13.83" pos="63.30" lane="1/2to1/1_0" slope="0.00"/>
        <vehicle id="48" x="601.65" y="268.05" angle="180.00" type="DEFAULT_VEHTYPE" speed="13.30" pos="63.30" lane="3/1to3/2_0" slope="0.00"/>
        <vehicle id="49" x="201.65" y="427.62" angle="180.00" type="DEFAULT_VEHTYPE" speed="13.05" pos="22.87" lane="1/2to1/3_0" slope="0.00"/>
        <vehicle id="5" x="249.59" y="598.35" angle="90.00" type="DEFAULT_VEHTYPE" speed="12.95" pos="44.84" lane="1/3to2/3_0" slope="0.00"/>
        <vehicle id="6" x="201.65" y="368.62" angle="180.00" type="DEFAULT_VEHTYPE" speed="13.23" pos="163.87" lane="1/1to1/2_0" slope="0.00"/>
        <vehicle id="7" x="398.35" y="713.42" angle="0.00" type="DEFAULT_VEHTYPE" speed="13.30" pos="86.58" lane="2/4to2/3_0" slope="0.00"/>
        <vehicle id="8" x="388.62" y="198.35" angle="90.00" type="DEFAULT_VEHTYPE" speed="4.16" pos="183.87" lane="1/1to2/1_0" slope="0.00"/>
        <vehicle id="9" x="614.76" y="598.35" angle="90.00" type="DEFAULT_VEHTYPE" speed="13.04" pos="10.01" lane="3/3to4/3_0" slope="0.00"/>
    </timestep>
    <timestep time="363.00">
        <vehicle id="0" x="782.65" y="598.35" angle="90.00" type="DEFAULT_VEHTYPE" speed="13.16" pos="177.90" lane="3/3to4/3_0" slope="0.00"/>
        <vehicle id="10" x="265.67" y="198.35" angle="90.00" type="DEFAULT_VEHTYPE" speed="13.09" pos="60.92" lane="1/1to2/1_0" slope="0.00"/>
        <vehicle id="11" x="398.35" y="225.90" angle="0.00" type="DEFAULT_VEHTYPE" speed="12.82" pos="169.35" lane="2/2to2/1_0" slope="0.00"/>
        <vehicle id="15" x="398.35" y="137.85" angle="0.00" type="DEFAULT_VEHTYPE" speed="13.52" pos="57.40" lane="2/1to2/0_0" slope="0.00"/>
        <vehicle id="16" x="253.68" y="401.65" angle="-90.00" type="DEFAULT_VEHTYPE" speed="12.66" pos="141.57" lane="2/2to1/2_0" slope="0.00"/>
        <vehicle id="17" x="398.35" y="341.08" angle="0.00" type="DEFAULT_VEHTYPE" speed="12.86" pos="54.17" lane="2/2to2/1_0" slope="0.00"/>
        <vehicle id="18" x="306.68" y="401.65" angle="-90.00" type="DEFAULT_VEHTYPE" speed="13.08" pos="88.57" lane="2/2to1/2_0" slope="0.00"/>
        <vehicle id="2" x="164.88" y="201.65" angle="-90.00" type="DEFAULT_VEHTYPE" speed="13.28" pos="30.37" lane="1/1to0/1_0" slope="0.00"/>
        <vehicle id="24" x="401.65" y="690.35" angle="180.00" type="DEFAULT_VEHTYPE" speed="12.96" pos="85.60" lane="2/3to2/4_0" slope="0.00"/>
        <vehicle id="28" x="757.57" y="601.65" angle="-90.00" type="DEFAULT_VEHTYPE" speed="13.32" pos="42.43" lane="4/3to3/3_0" slope="0.00"/>
        <vehicle id="29" x="598.35" y="443.33" angle="0.00" type="DEFAULT_VEHTYPE" speed="13.63" pos="151.92" lane="3/3to3/2_0" slope="0.00"/>
        <vehicle id="3" x="682.12" y="598.35" angle="90.00" type="DEFAULT_VEHTYPE" speed="12.78" pos="77.37" lane="3/3to4/3_0" slope="0.00"/>
        <vehicle id="33" x="401.65" y="158.96" angle="180.00" type="DEFAULT_VEHTYPE" speed="13.53" pos="158.96" lane="2/0to2/1_0" slope="0.00"/>
        <vehicle id="37" x="201.65" y="520.07" angle="180.00" type="DEFAULT_VEHTYPE" speed="13.71" pos="115.32" lane="1/2to1/3_0" slope="0.00"/>
        <vehicle id="39" x="401.65" y="112.12" angle="180.00" type="DEFAULT_VEHTYPE" speed="13.11" pos="112.12" lane="2/0to2/1_0" slope="0.00"/>
        <vehicle id="40" x="723.14" y="601.65" angle="-90.00" type="DEFAULT_VEHTYPE" speed="13.81" pos="76.86" lane="4/3to3/3_0" slope="0.00"/>
        <vehicle id="42" x="401.65" y="763.70" angle="180.00" type="DEFAULT_VEHTYPE" speed="13.30" pos="158.95" lane="2/3to2/4_0" slope="0.00"/>
        <vehicle id="43" x="201.65" y="568.17" angle="180.00" type="DEFAULT_VEHTYPE" speed="13.33" pos="163.42" lane="1/2to1/3_0" slope="0.00"/>
        <vehicle id="44" x="198.35" y="319.09" angle="0.00" type="DEFAULT_VEHTYPE" speed="12.87" pos="76.16" lane="1/2to1/1_0" slope="0.00"/>
        <vehicle id="48" x="601.65" y="280.68" angle="180.00" type="DEFAULT_VEHTYPE" speed="12.63" pos="75.93" lane="3/1to3/2_0" slope="0.00"/>
        <vehicle id="49" x="201.65" y="441.13" angle="180.00" type="DEFAULT_VEHTYPE" speed="13.51" pos="36.38" lane="1/2to1/3_0" slope="0.00"/>
        <vehicle id="5" x="263.42" y="598.35" angle="90.00" type="DEFAULT_VEHTYPE" speed="13.83" pos="58.67" lane="1/3to2/3_0" slope="0.00"/>
        <vehicle id="6" x="201.65" y="381.44" angle="180.00" type="DEFAULT_VEHTYPE" speed="12.82" pos="176.69" lane="1/1to1/2_0" slope="0.00"/>
        <vehicle id="7" x="398.35" y="700.79" angle="0.00" type="DEFAULT_VEHTYPE" speed="12.63" pos="99.21" lane="2/4to2/3_0" slope="0.00"/>
        <vehicle id="8" x="394.41" y="198.35" angle="90.00" type="DEFAULT_VEHTYPE" speed="5.79" pos="189.66" lane="1/1to2/1_0" slope="0.00"/>
        <vehicle id="9" x="627.47" y="598.35" angle="90.00" type="DEFAULT_VEHTYPE" speed="12.71" pos="22.72" lane="3/3to4/3_0" slope="0.00"/>
    </timestep>
    <timestep time="364.00">
        <vehicle id="0" x="795.67" y="598.35" angle="90.00" type="DEFAULT_VEHTYPE" speed="13.02" pos="190.92" lane="3/3to4/3_0" slope="0.00"/>
        <vehicle id="10" x="279.07" y="198.35" angle="90.00" type="DEFAULT_VEHTYPE" speed="13.40" pos="74.32" lane="1/1to2/1_0" slope="0.00"/>
        <vehicle id="11" x="398.35" y="212.52" angle="0.00" type="DEFAULT_VEHTYPE" speed="13.39" pos="182.73" lane="2/2to2/1_0" slope="0.00"/>
        <vehicle id="15" x="398.35" y="125.03" angle="0.00" type="DEFAULT_VEHTYPE" speed="12.82" pos="70.22" lane="2/1to2/0_0" slope="0.00"/>
        <vehicle id="16" x="240.04" y="401.65" angle="-90.00" type="DEFAULT_VEHTYPE" speed="13.64" pos="155.21" lane="2/2to1/2_0" slope="0.00"/>
        <vehicle id="17" x="398.35" y="328.09" angle="0.00" type="DEFAULT_VEHTYPE" speed="12.99" pos="67.16" lane="2/2to2/1_0" slope="0.00"/>
        <vehicle id="18" x="292.88" y="401.65" angle="-90.00" type="DEFAULT_VEHTYPE" speed="13.80" pos="102.37" lane="2/2to1/2_0" slope="0.00"/>
        <vehicle id="2" x="151.96" y="201.65" angle="-90.00" type="DEFAULT_VEHTYPE" speed="12.92" pos="43.29" lane="1/1to0/1_0" slope="0.00"/>
        <vehicle id="24" x="401.65" y="703.86" angle="180.00" type="DEFAULT_VEHTYPE" speed="13.51" pos="99.11" lane="2/3to2/4_0" slope="0.00"/>
        <vehicle id="28" x="744.20" y="601.65" angle="-90.00" type="DEFAULT_VEHTYPE" speed="13.37" pos="55.80" lane="4/3to3/3_0" slope="0.00"/>
        <vehicle id="29" x="598.35" y="429.99" angle="0.00" type="DEFAULT_VEHTYPE" speed="13.34" pos="165.26" lane="3/3to3/2_0" slope="0.00"/>
        <vehicle id="3" x="695.94" y="598.35" angle="90.00" type="DEFAULT_VEHTYPE" speed="13.82" pos="91.19" lane="3/3to4/3_0" slope="0.00"/>
        <vehicle id="33" x="401.65" y="171.93" angle="180.00" type="DEFAULT_VEHTYPE" speed="12.97" pos="171.93" lane="2/0to2/1_0" slope="0.00"/>
        <vehicle id="37" x="201.65" y="532.77" angle="180.00" type="DEFAULT_VEHTYPE" speed="12.71" pos="128.02" lane="1/2to1/3_0" slope="0.00"/>
        <vehicle id="39" x="401.65" y="125.18" angle="180.00" type="DEFAULT_VEHTYPE" speed="13.06" pos="125.18" lane="2/0to2/1_0" slope="0.00"/>
        <vehicle id="40" x="710.48" y="601.65" angle="-90.00" type="DEFAULT_VEHTYPE" speed="12.66" pos="89.52" lane="4/3to3/3_0" slope="0.00"/>
        <vehicle id="42" x="401.65" y="776.85" angle="180.00" type="DEFAULT_VEHTYPE" speed="13.15" pos="172.10" lane="2/3to2/4_0" slope="0.00"/>
        <vehicle id="43" x="201.65" y="581.41" angle="180.00" type="DEFAULT_VEHTYPE" speed="13.24" pos="176.66" lane="1/2to1/3_0" slope="0.00"/>
        <vehicle id="44" x="198.35" y="305.59" angle="0.00" type="DEFAULT_VEHTYPE" speed="13.50" pos="89.66" lane="1/2to1/1_0" slope="0.00"/>
        <vehicle id="48" x="601.65" y="293.28" angle="180.00" type="DEFAULT_VEHTYPE" speed="12.60" pos="88.53" lane="3/1to3/2_0" slope="0.00"/>
        <vehicle id="49" x="201.65" y="454.01" angle="180.00" type="DEFAULT_VEHTYPE" speed="12.88" pos="49.26" lane="1/2to1/3_0" slope="0.00"/>
        <vehicle id="5" x="276.55" y="598.35" angle="90.00" type="DEFAULT_VEHTYPE" speed="13.13" pos="71.80" lane="1/3to2/3_0" slope="0.00"/>
        <vehicle id="6" x="201.65" y="394.52" angle="180.00" type="DEFAULT_VEHTYPE" speed="13.08" pos="189.77" lane="1/1to1/2_0" slope="0.00"/>
        <vehicle id="7" x="398.35" y="687.10" angle="0.00" type="DEFAULT_VEHTYPE" speed="13.70" pos="112.90" lane="2/4to2/3_0" slope="0.00"/>
        <vehicle id="8" x="395.71" y="198.35" angle="90.00" type="DEFAULT_VEHTYPE" speed="1.29" pos="0.46" lane=":2/1_13_0" slope="0.00"/>
        <vehicle id="9" x="640.81" y="598.35" angle="90.00" type="DEFAULT_VEHTYPE" speed="13.35" pos="36.06" lane="3/3to4/3_0" slope="0.00"/>
    </timestep>
    <timestep time="365.00">
        <vehicle id="0" x="795.92" y="601.65" angle="-95.99" type="DEFAULT_VEHTYPE" speed="13.23" pos="4.08" lane="4/3to3/3_0" slope="0.00"/>
        <vehicle id="10" x="292.16" y="198.35" angle="90.00" type="DEFAULT_VEHTYPE" speed="13.09" pos="87.41" lane="1/1to2/1_0" slope="0.00"/>
        <vehicle id="11" x="395.24" y="201.65" angle="-45.19" type="DEFAULT_VEHTYPE" speed="12.78" pos="0.01" lane="2/1to1/1_0" slope="0.00"/>
        <vehicle id="15" x="398.35" y="112.21" angle="0.00" type="DEFAULT_VEHTYPE" speed="12.82" pos="83.04" lane="2/1to2/0_0" slope="0.00"/>
        <vehicle id="16" x="227.01" y="401.65" angle="-90.00" type="DEFAULT_VEHTYPE" speed="13.03" pos="168.24" lane="2/2to1/2_0" slope="0.00"/>
        <vehicle id="17" x="398.35" y="315.39" angle="0.00" type="DEFAULT_VEHTYPE" speed="12.70" pos="79.86" lane="2/2to2/1_0" slope="0.00"/>
        <vehicle id="18" x="280.12" y="401.65" angle="-90.00" type="DEFAULT_VEHTYPE" speed="12.76" pos="115.13" lane="2/2to1/2_0" slope="0.00"/>
        <vehicle id="2" x="139.06" y="201.65" angle="-90.00" type="DEFAULT_VEHTYPE" speed="12.90" pos="56.19" lane="1/1to0/1_0" slope="0.00"/>
        <vehicle id="24" x="401.65" y="716.47" angle="180.00" type="DEFAULT_VEHTYPE" speed="12.60" pos="111.72" lane="2/3to2/4_0" slope="0.00"/>
        <vehicle id="28" x="731.33" y="601.65" angle="-90.00" type="DEFAULT_VEHTYPE" speed="12.87" pos="68.67" lane="4/3to3/3_0" slope="0.00"/>
        <vehicle id="29" x="598.35" y="417.33" angle="0.00" type="DEFAULT_VEHTYPE" speed="12.66" pos="177.92" lane="3/3to3/2_0" slope="0.00"/>
        <vehicle id="3" x="709.10" y="598.35" angle="90.00" type="DEFAULT_VEHTYPE" speed="13.16" pos="104.35" lane="3/3to4/3_0" slope="0.00"/>
        <vehicle id="33" x="401.65" y="180.41" angle="180.00" type="DEFAULT_VEHTYPE" speed="8.47" pos="180.41" lane="2/0to2/1_0" slope="0.00"/>
        <vehicle id="37" x="201.65" y="545.72" angle="180.00" type="DEFAULT_VEHTYPE" speed="12.94" pos="140.97" lane="1/2to1/3_0" slope="0.00"/>
        <vehicle id="39" x="401.65" y="137.97" angle="180.00" type="DEFAULT_VEHTYPE" speed="12.79" pos="137.97" lane="2/0to2/1_0" slope="0.00"/>
        <vehicle id="40" x="697.29" y="601.65" angle="-90.00" type="DEFAULT_VEHTYPE" speed="13.19" pos="102.71" lane="4/3to3/3_0" slope="0.00"/>
        <vehicle id="42" x="401.65" y="789.55" angle="180.00" type="DEFAULT_VEHTYPE" speed="12.70" pos="184.80" lane="2/3to2/4_0" slope="0.00"/>
        <vehicle id="43" x="201.65" y="595.09" angle="180.00" type="DEFAULT_VEHTYPE" speed="13.68" pos="190.34" lane="1/2to1/3_0" slope="0.00"/>
        <vehicle id="44" x="198.35" y="292.79" angle="0.00" type="DEFAULT_VEHTYPE" speed="12.79" pos="102.46" lane="1/2to1/1_0" slope="0.00"/>
        <vehicle id="48" x="601.65" y="306.08" angle="180.00" type="DEFAULT_VEHTYPE" speed="12.80" pos="101.33" lane="3/1to3/2_0" slope="0.00"/>
        <vehicle id="49" x="201.65" y="467.80" angle="180.00" type="DEFAULT_VEHTYPE" speed="13.80" pos="63.05" lane="1/2to1/3_0" slope="0.00"/>
        <vehicle id="5" x="289.97" y="598.35" angle="90.00" type="DEFAULT_VEHTYPE" speed="13.42" pos="85.22" lane="1/3to2/3_0" slope="0.00"/>
        <vehicle id="6" x="201.65" y="407.97" angle="180.00" type="DEFAULT_VEHTYPE" speed="13.45" pos="3.22" lane="1/2to1/3_0" slope="0.00"/>
        <vehicle id="7" x="398.35" y="673.88" angle="0.00" type="DEFAULT_VEHTYPE" speed="13.21" pos="126.12" lane="2/4to2/3_0" slope="0.00"/>
        <vehicle id="8" x="399.19" y="198.35" angle="90.00" type="DEFAULT_VEHTYPE" speed="3.48" pos="3.94" lane=":2/1_13_0" slope="0.00"/>
        <vehicle id="9" x="653.76" y="598.35" angle="90.00" type="DEFAULT_VEHTYPE" speed="12.94" pos="49.01" lane="3/3to4/3_0" slope="0.00"/>
    </timestep>
    <timestep time="366.00">
        <vehicle id="0" x="782.15" y="601.65" angle="-90.00" type="DEFAULT_VEHTYPE" speed="13.77" pos="17.85" lane="4/3to3/3_0" slope="0.00"/>
        <vehicle id="10" x="305.38" y="198.35" angle="90.00" type="DEFAULT_VEHTYPE" speed="13.23" pos="100.63" lane="1/1to2/1_0" slope="0.00"/>
        <vehicle id="11" x="382.15" y="201.65" angle="-90.00" type="DEFAULT_VEHTYPE" speed="13.08" pos="13.10" lane="2/1to1/1_0" slope="0.00"/>
        <vehicle id="15" x="398.35" y="98.62" angle="0.00" type="DEFAULT_VEHTYPE" speed="13.60" pos="96.63" lane="2/1to2/0_0" slope="0.00"/>
        <vehicle id="16" x="218.48" y="401.65" angle="-90.00" type="DEFAULT_VEHTYPE" speed="8.53" pos="176.77" lane="2/2to1/2_0" slope="0.00"/>
        <vehicle id="17" x="398.35" y="301.73" angle="0.00" type="DEFAULT_VEHTYPE" speed="13.65" pos="93.52" lane="2/2to2/1_0" slope="0.00"/>
        <vehicle id="18" x="267.24" y="401.65" angle="-90.00" type="DEFAULT_VEHTYPE" speed="12.88" pos="128.01" lane="2/2to1/2_0" slope="0.00"/>
        <vehicle id="2" x="126.38" y="201.65" angle="-90.00" type="DEFAULT_VEHTYPE" speed="12.68" pos="68.87" lane="1/1to0/1_0" slope="0.00"/>
        <vehicle id="24" x="401.65" y="729.27" angle="180.00" type="DEFAULT_VEHTYPE" speed="12.80" pos="124.52" lane="2/3to2/4_0" slope="0.00"/>
        <vehicle id="28" x="718.54" y="601.65" angle="-90.00" type="DEFAULT_VEHTYPE" speed="12.79" pos="81.46" lane="4/3to3/3_0" slope="0.00"/>
        <vehicle id="29" x="598.34" y="404.71" angle="-0.06" type="DEFAULT_VEHTYPE" speed="12.62" pos="0.04" lane=":3/2_0_0" slope="0.00"/>
        <vehicle id="3" x="721.89" y="598.35" angle="90.00" type="DEFAULT_VEHTYPE" speed="12.79" pos="117.14" lane="3/3to4/3_0" slope="0.00"/>
        <vehicle id="33" x="401.65" y="184.66" angle="180.00" type="DEFAULT_VEHTYPE" speed="4.25" pos="184.66" lane="2/0to2/1_0" slope="0.00"/>
        <vehicle id="37" x="201.65" y="558.47" angle="180.00" type="DEFAULT_VEHTYPE" speed="12.75" pos="153.72" lane="1/2to1/3_0" slope="0.00"/>
        <vehicle id="39" x="401.65" y="150.67" angle="180.00" type="DEFAULT_VEHTYPE" speed="12.70" pos="150.67" lane="2/0to2/1_0" slope="0.00"/>
        <vehicle id="40" x="683.90" y="601.65" angle="-90.00" type="DEFAULT_VEHTYPE" speed="13.39" pos="116.10" lane="4/3to3/3_0" slope="0.00"/>
        <vehicle id="42" x="399.26" y="801.28" angle="-141.78" type="DEFAULT_VEHTYPE" speed="13.69" pos="3.24" lane=":2/4_0_0" slope="0.00"/>
        <vehicle id="43" x="212.69" y="598.35" angle="90.00" type="DEFAULT_VEHTYPE" speed="13.10" pos="7.94" lane="1/3to2/3_0" slope="0.00"/>
        <vehicle id="44" x="198.35" y="279.99" angle="0.00" type="DEFAULT_VEHTYPE" speed="12.81" pos="115.26" lane="1/2to1/1_0" slope="0.00"/>
        <vehicle id="48" x="601.65" y="319.48" angle="180.00" type="DEFAULT_VEHTYPE" speed="13.40" pos="114.73" lane="3/1to3/2_0" slope="0.00"/>
        <vehicle id="49" x="201.65" y="481.19" angle="180.00" type="DEFAULT_VEHTYPE" speed="13.38" pos="76.44" lane="1/2to1/3_0" slope="0.00"/>
        <vehicle id="5" x="302.57" y="598.35" angle="90.00" type="DEFAULT_VEHTYPE" speed="12.61" pos="97.82" lane="1/3to2/3_0" slope="0.00"/>
        <vehicle id="6" x="201.65" y="421.43" angle="180.00" type="DEFAULT_VEHTYPE" speed="13.46" pos="16.68" lane="1/2to1/3_0" slope="0.00"/>
        <vehicle id="7" x="398.35" y="660.56" angle="0.00" type="DEFAULT_VEHTYPE" speed="13.32" pos="139.44" lane="2/4to2/3_0" slope="0.00"/>
        <vehicle id="8" x="405.05" y="198.35" angle="90.00" type="DEFAULT_VEHTYPE" speed="5.86" pos="0.30" lane="2/1to3/1_0" slope="0.00"/>
        <vehicle id="9" x="667.36" y="598.35" angle="90.00" type="DEFAULT_VEHTYPE" speed="13.60" pos="62.61" lane="3/3to4/3_0" slope="0.00"/>
    </timestep>
    <timestep time="367.00">
        <vehicle id="0" x="768.66" y="601.65" angle="-90.00" type="DEFAULT_VEHTYPE" speed="13.50" pos="31.34" lane="4/3to3/3_0" slope="0.00"/>
        <vehicle id="10" x="318.04" y="198.35" angle="90.00" type="DEFAULT_VEHTYPE" speed="12.66" pos="113.29" lane="1/1to2/1_0" slope="0.00"/>
        <vehicle id="11" x="368.69" y="201.65" angle="-90.00" type="DEFAULT_VEHTYPE" speed="13.46" pos="26.56" lane="2/1to1/1_0" slope="0.00"/>
        <vehicle id="15" x="398.35" y="84.98" angle="0.00" type="DEFAULT_VEHTYPE" speed="13.64" pos="110.27" lane="2/1to2/0_0" slope="0.00"/>
        <vehicle id="16" x="213.16" y="401.65" angle="-90.00" type="DEFAULT_VEHTYPE" speed="5.32" pos="182.09" lane="2/2to1/2_0" slope="0.00"/>
        <vehicle id="17" x="398.35" y="289.12" angle="0.00" type="DEFAULT_VEHTYPE" speed="12.61" pos="106.13" lane="2/2to2/1_0" slope="0.00"/>
        <vehicle id="18" x="253.36" y="401.65" angle="-90.00" type="DEFAULT_VEHTYPE" speed="13.88" pos="141.89" lane="2/2to1/2_0" slope="0.00"/>
        <vehicle id="2" x="113.55" y="201.65" angle="-90.00" type="DEFAULT_VEHTYPE" speed="12.83" pos="81.70" lane="1/1to0/1_0" slope="0.00"/>
        <vehicle id="24" x="401.65" y="742.63" angle="180.00" type="DEFAULT_VEHTYPE" speed="13.36" pos="137.88" lane="2/3to2/4_0" slope="0.00"/>
        <vehicle id="28" x="705.85" y="601.65" angle="-90.00" type="DEFAULT_VEHTYPE" speed="12.69" pos="94.15" lane="4/3to3/3_0" slope="0.00"/>
        <vehicle id="29" x="586.39" y="401.65" angle="-90.00" type="DEFAULT_VEHTYPE" speed="13.82" pos="8.86" lane="3/2to2/2_0" slope="0.00"/>
        <vehicle id="3" x="734.63" y="598.35" angle="90.00" type="DEFAULT_VEHTYPE" speed="12.74" pos="129.88" lane="3/3to4/3_0" slope="0.00"/>
        <vehicle id="33" x="401.65" y="190.44" angle="180.00" type="DEFAULT_VEHTYPE" speed="5.78" pos="190.44" lane="2/0to2/1_0" slope="0.00"/>
        <vehicle id="37" x="201.65" y="571.59" angle="180.00" type="DEFAULT_VEHTYPE" speed="13.12" pos="166.84" lane="1/2to1/3_0" slope="0.00"/>
        <vehicle id="39" x="401.65" y="161.86" angle="180.00" type="DEFAULT_VEHTYPE" speed="11.19" pos="161.86" lane="2/0to2/1_0" slope="0.00"/>
        <vehicle id="40" x="670.98" y="601.65" angle="-90.00" type="DEFAULT_VEHTYPE" speed="12.92" pos="129.02" lane="4/3to3/3_0" slope="0.00"/>
        <vehicle id="42" x="398.35" y="788.32" angle="0.00" type="DEFAULT_VEHTYPE" speed="13.25" pos="11.68" lane="2/4to2/3_0" slope="0.00"/>
        <vehicle id="43" x="225.82" y="598.35" angle="90.00" type="DEFAULT_VEHTYPE" speed="13.13" pos="21.07" lane="1/3to2/3_0" slope="0.00"/>
        <vehicle id="44" x="198.35" y="267.16" angle="0.00" type="DEFAULT_VEHTYPE" speed="12.82" pos="128.09" lane="1/2to1/1_0" slope="0.00"/>
        <vehicle id="48" x="601.65" y="332.20" angle="180.00" type="DEFAULT_VEHTYPE" speed="12.72" pos="127.45" lane="3/1to3/2_0" slope="0.00"/>
        <vehicle id="49" x="201.65" y="494.90" angle="180.00" type="DEFAULT_VEHTYPE" speed="13.71" pos="90.15" lane="1/2to1/3_0" slope="0.00"/>
        <vehicle id="5" x="315.90" y="598.35" angle="90.00" type="DEFAULT_VEHTYPE" speed="13.33" pos="111.15" lane="1/3to2/3_0" slope="0.00"/>
        <vehicle id="6" x="201.65" y="434.42" angle="180.00" type="DEFAULT_VEHTYPE" speed="12.99" pos="29.67" lane="1/2to1/3_0" slope="0.00"/>
        <vehicle id="7" x="398.35" y="647.88" angle="0.00" type="DEFAULT_VEHTYPE" speed="12.68" pos="152.12" lane="2/4to2/3_0" slope="0.00"/>
        <vehicle id="8" x="412.40" y="198.35" angle="90.00" type="DEFAULT_VEHTYPE" speed="7.35" pos="7.65" lane="2/1to3/1_0" slope="0.00"/>
        <vehicle id="9" x="680.63" y="598.35" angle="90.00" type="DEFAULT_VEHTYPE" speed="13.27" pos="75.88" lane="3/3to4/3_0" slope="0.00"/>
    </timestep>
    <timestep time="368.00">
        <vehicle id="0" x="755.88" y="601.65" angle="-90.00" type="DEFAULT_VEHTYPE" speed="12.78" pos="44.12" lane="4/3to3/3_0" slope="0.00"/>
        <vehicle id="10" x="331.27" y="198.35" angle="90.00" type="DEFAULT_VEHTYPE" speed="13.23" pos="126.52" lane="1/1to2/1_0" slope="0.00"/>
        <vehicle id="11" x="355.73" y="201.65" angle="-90.00" type="DEFAULT_VEHTYPE" speed="12.96" pos="39.52" lane="2/1to1/1_0" slope="0.00"/>
        <vehicle id="15" x="398.35" y="71.52" angle="0.00" type="DEFAULT_VEHTYPE" speed="13.45" pos="123.73" lane="2/1to2/0_0" slope="0.00"/>
        <vehicle id="16" x="209.26" y="401.65" angle="-90.00" type="DEFAULT_VEHTYPE" speed="3.89" pos="185.99" lane="2/2to1/2_0" slope="0.00"/>
        <vehicle id="17" x="398.35" y="275.91" angle="0.00" type="DEFAULT_VEHTYPE" speed="13.21" pos="119.34" lane="2/2to2/1_0" slope="0.00"/>
        <vehicle id="18" x="239.85" y="401.65" angle="-90.00" type="DEFAULT_VEHTYPE" speed="13.51" pos="155.40" lane="2/2to1/2_0" slope="0.00"/>
        <vehicle id="2" x="100.30" y="201.65" angle="-90.00" type="DEFAULT_VEHTYPE" speed="13.25" pos="94.95" lane="1/1to0/1_0" slope="0.00"/>
        <vehicle id="24" x="401.65" y="755.40" angle="180.00" type="DEFAULT_VEHTYPE" speed="12.77" pos="150.65" lane="2/3to2/4_0" slope="0.00"/>
        <vehicle id="28" x="693.04" y="601.65" angle="-90.00" type="DEFAULT_VEHTYPE" speed="12.81" pos="106.96" lane="4/3to3/3_0" slope="0.00"/>
        <vehicle id="29" x="573.65" y="401.65" angle="-90.00" type="DEFAULT_VEHTYPE" speed="12.75" pos="21.60" lane="3/2to2/2_0" slope="0.00"/>
        <vehicle id="3" x="747.28" y="598.35" angle="90.00" type="DEFAULT_VEHTYPE" speed="12.65" pos="142.53" lane="3/3to4/3_0" slope="0.00"/>
        <vehicle id="33" x="402.59" y="197.68" angle="168.82" type="DEFAULT_VEHTYPE" speed="7.51" pos="2.70" lane=":2/1_8_0" slope="0.00"/>
        <vehicle id="37" x="201.65" y="584.71" angle="180.00" type="DEFAULT_VEHTYPE" speed="13.13" pos="179.96" lane="1/2to1/3_0" slope="0.00"/>
        <vehicle id="39" x="401.65" y="173.09" angle="180.00" type="DEFAULT_VEHTYPE" speed="11.23" pos="173.09" lane="2/0to2/1_0" slope="0.00"/>
        <vehicle id="40" x="658.35" y="601.65" angle="-90.00" type="DEFAULT_VEHTYPE" speed="12.63" pos="141.65" lane="4/3to3/3_0" slope="0.00"/>
        <vehicle id="42" x="398.35" y="775.31" angle="0.00" type="DEFAULT_VEHTYPE" speed="13.01" pos="24.69" lane="2/4to2/3_0" slope="0.00"/>
        <vehicle id="43" x="238.71" y="598.35" angle="90.00" type="DEFAULT_VEHTYPE" speed="12.89" pos="33.96" lane="1/3to2/3_0" slope="0.00"/>
        <vehicle id="44" x="198.35" y="253.32" angle="0.00" type="DEFAULT_VEHTYPE" speed="13.85" pos="141.93" lane="1/2to1/1_0" slope="0.00"/>
        <vehicle id="48" x="601.65" y="345.18" angle="180.00" type="DEFAULT_VEHTYPE" speed="12.97" pos="140.43" lane="3/1to3/2_0" slope="0.00"/>
        <vehicle id="49" x="201.65" y="508.24" angle="180.00" type="DEFAULT_VEHTYPE" speed="13.34" pos="103.49" lane="1/2to1/3_0" slope="0.00"/>
        <vehicle id="5" x="329.78" y="598.35" angle="90.00" type="DEFAULT_VEHTYPE" speed="13.87" pos="125.03" lane="1/3to2/3_0" slope="0.00"/>
        <vehicle id="6" x="201.65" y="448.16" angle="180.00" type="DEFAULT_VEHTYPE" speed="13.75" pos="43.41" lane="1/2to1/3_0" slope="0.00"/>
        <vehicle id="7" x="398.35" y="634.00" angle="0.00" type="DEFAULT_VEHTYPE" speed="13.88" pos="166.00" lane="2/4to2/3_0" slope="0.00"/>
        <vehicle id="8" x="421.82" y="198.35" angle="90.00" type="DEFAULT_VEHTYPE" speed="9.42" pos="17.07" lane="2/1to3/1_0" slope="0.00"/>
        <vehicle id="9" x="693.95" y="598.35" angle="90.00" type="DEFAULT_VEHTYPE" speed="13.32" pos="89.20" lane="3/3to4/3_0" slope="0.00"/>
    </timestep>
    <timestep time="369.00">
        <vehicle id="0" x="742.48" y="601.65" angle="-90.00" type="DEFAULT_VEHTYPE" speed="13.40" pos="57.52" lane="4/3to3/3_0" slope="0.00"/>
        <vehicle id="10" x="345.10" y="198.35" angle="90.00" type="DEFAULT_VEHTYPE" speed="13.83" pos="140.35" lane="1/1to2/1_0" slope="0.00"/>
        <vehicle id="11" x="342.15" y="201.65" angle="-90.00" type="DEFAULT_VEHTYPE" speed="13.58" pos="53.10" lane="2/1to1/1_0" slope="0.00"/>
        <vehicle id="15" x="398.35" y="58.36" angle="0.00" type="DEFAULT_VEHTYPE" speed="13.16" pos="136.89" lane="2/1to2/0_0" slope="0.00"/>
        <vehicle id="16" x="203.52" y="401.65" angle="-90.00" type="DEFAULT_VEHTYPE" speed="5.74" pos="1.23" lane=":1/2_5_0" slope="0.00"/>
        <vehicle id="17" x="398.35" y="262.19" angle="0.00" type="DEFAULT_VEHTYPE" speed="13.73" pos="133.06" lane="2/2to2/1_0" slope="0.00"/>
        <vehicle id="18" x="229.31" y="401.65" angle="-90.00" type="DEFAULT_VEHTYPE" speed="10.53" pos="165.94" lane="2/2to1/2_0" slope="0.00"/>
        <vehicle id="2" x="87.24" y="201.65" angle="-90.00" type="DEFAULT_VEHTYPE" speed="13.07" pos="108.01" lane="1/1to0/1_0" slope="0.00"/>
        <vehicle id="24" x="401.65" y="768.14" angle="180.00" type="DEFAULT_VEHTYPE" speed="12.74" pos="163.39" lane="2/3to2/4_0" slope="0.00"/>
        <vehicle id="28" x="679.57" y="601.65" angle="-90.00" type="DEFAULT_VEHTYPE" speed="13.47" pos="120.43" lane="4/3to3/3_0" slope="0.00"/>
        <vehicle id="29" x="561.01" y="401.65" angle="-90.00" type="DEFAULT_VEHTYPE" speed="12.64" pos="34.24" lane="3/2to2/2_0" slope="0.00"/>
        <vehicle id="3" x="760.27" y="598.35" angle="90.00" type="DEFAULT_VEHTYPE" speed="12.99" pos="155.52" lane="3/3to4/3_0" slope="0.00"/>
        <vehicle id="33" x="412.36" y="198.35" angle="90.00" type="DEFAULT_VEHTYPE" speed="9.91" pos="7.61" lane="2/1to3/1_0" slope="0.00"/>
        <vehicle id="37" x="202.48" y="597.61" angle="170.24" type="DEFAULT_VEHTYPE" speed="13.10" pos="2.56" lane=":1/3_8_0" slope="0.00"/>
        <vehicle id="39" x="401.65" y="183.48" angle="180.00" type="DEFAULT_VEHTYPE" speed="10.40" pos="183.48" lane="2/0to2/1_0" slope="0.00"/>
        <vehicle id="40" x="645.15" y="601.65" angle="-90.00" type="DEFAULT_VEHTYPE" speed="13.20" pos="154.85" lane="4/3to3/3_0" slope="0.00"/>
        <vehicle id="42" x="398.35" y="762.64" angle="0.00" type="DEFAULT_VEHTYPE" speed="12.68" pos="37.36" lane="2/4to2/3_0" slope="0.00"/>
        <vehicle id="43" x="252.34" y="598.35" angle="90.00" type="DEFAULT_VEHTYPE" speed="13.63" pos="47.59" lane="1/3to2/3_0" slope="0.00"/>
        <vehicle id="44" x="198.35" y="240.64" angle="0.00" type="DEFAULT_VEHTYPE" speed="12.68" pos="154.61" lane="1/2to1/1_0" slope="0.00"/>
        <vehicle id="48" x="601.65" y="358.33" angle="180.00" type="DEFAULT_VEHTYPE" speed="13.15" pos="153.58" lane="3/1to3/2_0" slope="0.00"/>
        <vehicle id="49" x="201.65" y="521.45" angle="180.00" type="DEFAULT_VEHTYPE" speed="13.21" pos="116.70" lane="1/2to1/3_0" slope="0.00"/>
        <vehicle id="5" x="343.46" y="598.35" angle="90.00" type="DEFAULT_VEHTYPE" speed="13.68" pos="138.71" lane="1/3to2/3_0" slope="0.00"/>
        <vehicle id="6" x="201.65" y="461.95" angle="180.00" type="DEFAULT_VEHTYPE" speed="13.78" pos="57.20" lane="1/2to1/3_0" slope="0.00"/>
        <vehicle id="7" x="398.35" y="620.95" angle="0.00" type="DEFAULT_VEHTYPE" speed="13.05" pos="179.05" lane="2/4to2/3_0" slope="0.00"/>
        <vehicle id="8" x="433.12" y="198.35" angle="90.00" type="DEFAULT_VEHTYPE" speed="11.30" pos="28.37" lane="2/1to3/1_0" slope="0.00"/>
        <vehicle id="9" x="707.09" y="598.35" angle="90.00" type="DEFAULT_VEHTYPE" speed="13.15" pos="102.34" lane="3/3to4/3_0" slope="0.00"/>
    </timestep>
    <timestep time="370.00">
        <vehicle id="0" x="729.59" y="601.65" angle="-90.00" type="DEFAULT_VEHTYPE" speed="12.89" pos="70.41" lane="4/3to3/3_0" slope="0.00"/>
        <vehicle id="10" x="358.19" y="198.35" angle="90.00" type="DEFAULT_VEHTYPE" speed="13.10" pos="153.44" lane="1/1to2/1_0" slope="0.00"/>
        <vehicle id="11" x="328.80" y="201.65" angle="-90.00" type="DEFAULT_VEHTYPE" speed="13.34" pos="66.45" lane="2/1to1/1_0" slope="0.00"/>
        <vehicle id="15" x="398.35" y="45.46" angle="0.00" type="DEFAULT_VEHTYPE" speed="12.90" pos="149.79" lane="2/1to2/0_0" slope="0.00"/>
        <vehicle id="16" x="195.27" y="401.65" angle="-90.00" type="DEFAULT_VEHTYPE" speed="8.25" pos="9.48" lane=":1/2_5_0" slope="0.00"/>
        <vehicle id="17" x="398.35" y="248.95" angle="0.00" type="DEFAULT_VEHTYPE" speed="13.23" pos="146.30" lane="2/2to2/1_0" slope="0.00"/>
        <vehicle id="18" x="219.07" y="401.65" angle="-90.00" type="DEFAULT_VEHTYPE" speed="10.24" pos="176.18" lane="2/2to1/2_0" slope="0.00"/>
        <vehicle id="2" x="73.94" y="201.65" angle="-90.00" type="DEFAULT_VEHTYPE" speed="13.30" pos="121.31" lane="1/1to0/1_0" slope="0.00"/>
        <vehicle id="24" x="401.65" y="781.63" angle="180.00" type="DEFAULT_VEHTYPE" speed="13.49" pos="176.88" lane="2/3to2/4_0" slope="0.00"/>
        <vehicle id="28" x="666.53" y="601.65" angle="-90.00" type="DEFAULT_VEHTYPE" speed="13.04" pos="133.47" lane="4/3to3/3_0" slope="0.00"/>
        <vehicle id="29" x="547.68" y="401.65" angle="-90.00" type="DEFAULT_VEHTYPE" speed="13.32" pos="47.57" lane="3/2to2/2_0" slope="0.00"/>
        <vehicle id="3" x="773.89" y="598.35" angle="90.00" type="DEFAULT_VEHTYPE" speed="13.62" pos="169.14" lane="3/3to4/3_0" slope="0.00"/>
        <vehicle id="33" x="423.51" y="198.35" angle="90.00" type="DEFAULT_VEHTYPE" speed="11.15" pos="18.76" lane="2/1to3/1_0" slope="0.00"/>
        <vehicle id="37" x="215.48" y="598.35" angle="90.00" type="DEFAULT_VEHTYPE" speed="13.17" pos="10.73" lane="1/3to2/3_0" slope="0.00"/>
        <vehicle id="39" x="401.65" y="194.47" angle="180.00" type="DEFAULT_VEHTYPE" speed="10.98" pos="194.47" lane="2/0to2/1_0" slope="0.00"/>
        <vehicle id="40" x="631.73" y="601.65" angle="-90.00" type="DEFAULT_VEHTYPE" speed="13.42" pos="168.27" lane="4/3to3/3_0" slope="0.00"/>
        <vehicle id="42" x="398.35" y="749.37" angle="0.00" type="DEFAULT_VEHTYPE" speed="13.26" pos="50.63" lane="2/4to2/3_0" slope="0.00"/>
        <vehicle id="43" x="266.15" y="598.35" angle="90.00" type="DEFAULT_VEHTYPE" speed="13.81" pos="61.40" lane="1/3to2/3_0" slope="0.00"/>
        <vehicle id="44" x="198.35" y="227.52" angle="0.00" type="DEFAULT_VEHTYPE" speed="13.12" pos="167.73" lane="1/2to1/1_0" slope="0.00"/>
        <vehicle id="48" x="601.65" y="371.76" angle="180.00" type="DEFAULT_VEHTYPE" speed="13.44" pos="167.01" lane="3/1to3/2_0" slope="0.00"/>
        <vehicle id="49" x="201.65" y="534.59" angle="180.00" type="DEFAULT_VEHTYPE" speed="13.14" pos="129.84" lane="1/2to1/3_0" slope="0.00"/>
        <vehicle id="5" x="356.25" y="598.35" angle="90.00" type="DEFAULT_VEHTYPE" speed="12.79" pos="151.50" lane="1/3to2/3_0" slope="0.00"/>
        <vehicle id="6" x="201.65" y="474.92" angle="180.00" type="DEFAULT_VEHTYPE" speed="12.97" pos="70.17" lane="1/2to1/3_0" slope="0.00"/>
        <vehicle id="7" x="398.35" y="607.36" angle="0.00" type="DEFAULT_VEHTYPE" speed="13.59" pos="192.64" lane="2/4to2/3_0" slope="0.00"/>
        <vehicle id="8" x="445.77" y="198.35" angle="90.00" type="DEFAULT_VEHTYPE" speed="12.65" pos="41.02" lane="2/1to3/1_0" slope="0.00"/>
        <vehicle id="9" x="720.76" y="598.35" angle="90.00" type="DEFAULT_VEHTYPE" speed="13.67" pos="116.01" lane="3/3to4/3_0" slope="0.00"/>
    </timestep>
    <timestep time="371.00">
        <vehicle id="0" x="716.10" y="601.65" angle="-90.00" type="DEFAULT_VEHTYPE" speed="13.49" pos="83.90" lane="4/3to3/3_0" slope="0.00"/>
        <vehicle id="10" x="370.82" y="198.35" angle="90.00" type="DEFAULT_VEHTYPE" speed="12.63" pos="166.07" lane="1/1to2/1_0" slope="0.00"/>
        <vehicle id="11" x="315.57" y="201.65" angle="-90.00" type="DEFAULT_VEHTYPE" speed="13.24" pos="79.68" lane="2/1to1/1_0" slope="0.00"/>
        <vehicle id="15" x="398.35" y="32.71" angle="0.00" type="DEFAULT_VEHTYPE" speed="12.75" pos="162.54" lane="2/1to2/0_0" slope="0.00"/>
        <vehicle id="16" x="185.22" y="401.65" angle="-90.00" type="DEFAULT_VEHTYPE" speed="10.05" pos="10.03" lane="1/2to0/2_0" slope="0.00"/>
        <vehicle id="17" x="398.35" y="236.11" angle="0.00" type="DEFAULT_VEHTYPE" speed="12.84" pos="159.14" lane="2/2to2/1_0" slope="0.00"/>
        <vehicle id="18" x="213.33" y="401.65" angle="-90.00" type="DEFAULT_VEHTYPE" speed="5.74" pos="181.92" lane="2/2to1/2_0" slope="0.00"/>
        <vehicle id="2" x="60.93" y="201.65" angle="-90.00" type="DEFAULT_VEHTYPE" speed="13.01" pos="134.32" lane="1/1to0/1_0" slope="0.00"/>
        <vehicle id="24" x="401.65" y="794.33" angle="180.00" type="DEFAULT_VEHTYPE" speed="12.70" pos="189.58" lane="2/3to2/4_0" slope="0.00"/>
        <vehicle id="28" x="653.56" y="601.65" angle="-90.00" type="DEFAULT_VEHTYPE" speed="12.97" pos="146.44" lane="4/3to3/3_0" slope="0.00"/>
        <vehicle id="29" x="534.38" y="401.65" angle="-90.00" type="DEFAULT_VEHTYPE" speed="13.30" pos="60.87" lane="3/2to2/2_0" slope="0.00"/>
        <vehicle id="3" x="786.50" y="598.35" angle="90.00" type="DEFAULT_VEHTYPE" speed="12.62" pos="181.75" lane="3/3to4/3_0" slope="0.00"/>
        <vehicle id="33" x="436.23" y="198.35" angle="90.00" type="DEFAULT_VEHTYPE" speed="12.71" pos="31.48" lane="2/1to3/1_0" slope="0.00"/>
        <vehicle id="37" x="228.21" y="598.35" angle="90.00" type="DEFAULT_VEHTYPE" speed="12.73" pos="23.46" lane="1/3to2/3_0" slope="0.00"/>
        <vehicle id="39" x="411.66" y="198.35" angle="90.00" type="DEFAULT_VEHTYPE" speed="12.69" pos="6.91" lane="2/1to3/1_0" slope="0.00"/>
        <vehicle id="40" x="621.73" y="601.65" angle="-90.00" type="DEFAULT_VEHTYPE" speed="10.00" pos="178.27" lane="4/3to3/3_0" slope="0.00"/>
        <vehicle id="42" x="398.35" y="736.03" angle="0.00" type="DEFAULT_VEHTYPE" speed="13.34" pos="63.97" lane="2/4to2/3_0" slope="0.00"/>
        <vehicle id="43" x="279.86" y="598.35" angle="90.00" type="DEFAULT_VEHTYPE" speed="13.72" pos="75.11" lane="1/3to2/3_0" slope="0.00"/>
        <vehicle id="44" x="198.35" y="214.92" angle="0.00" type="DEFAULT_VEHTYPE" speed="12.60" pos="180.33" lane="1/2to1/1_0" slope="0.00"/>
        <vehicle id="48" x="601.65" y="381.04" angle="180.00" type="DEFAULT_VEHTYPE" speed="9.28" pos="176.29" lane="3/1to3/2_0" slope="0.00"/>
        <vehicle id="49" x="201.65" y="547.46" angle="180.00" type="DEFAULT_VEHTYPE" speed="12.87" pos="142.71" lane="1/2to1/3_0" slope="0.00"/>
        <vehicle id="5" x="370.09" y="598.35" angle="90.00" type="DEFAULT_VEHTYPE" speed="13.84" pos="165.34" lane="1/3to2/3_0" slope="0.00"/>
        <vehicle id="6" x="201.65" y="488.00" angle="180.00" type="DEFAULT_VEHTYPE" speed="13.09" pos="83.25" lane="1/2to1/3_0" slope="0.00"/>
        <vehicle id="7" x="398.35" y="593.62" angle="0.00" type="DEFAULT_VEHTYPE" speed="13.74" pos="1.63" lane="2/3to2/2_0" slope="0.00"/>
        <vehicle id="8" x="459.44" y="198.35" angle="90.00" type="DEFAULT_VEHTYPE" speed="13.68" pos="54.69" lane="2/1to3/1_0" slope="0.00"/>
        <vehicle id="9" x="733.81" y="598.35" angle="90.00" type="DEFAULT_VEHTYPE" speed="13.04" pos="129.06" lane="3/3to4/3_0" slope="0.00"/>
    </timestep>
    <timestep time="372.00">
        <vehicle id="0" x="702.66" y="601.65" angle="-90.00" type="DEFAULT_VEHTYPE" speed="13.44" pos="97.34" lane="4/3to3/3_0" slope="0.00"/>
        <vehicle id="10" x="380.08" y="198.35" angle="90.00" type="DEFAULT_VEHTYPE" speed="9.26" pos="175.33" lane="1/1to2/1_0" slope="0.00"/>
        <vehicle id="11" x="302.07" y="201.65" angle="-90.00" type="DEFAULT_VEHTYPE" speed="13.49" pos="93.18" lane="2/1to1/1_0" slope="0.00"/>
        <vehicle id="15" x="398.35" y="19.38" angle="0.00" type="DEFAULT_VEHTYPE" speed="13.33" pos="175.87" lane="2/1to2/0_0" slope="0.00"/>
        <vehicle id="16" x="172.81" y="401.65" angle="-90.00" type="DEFAULT_VEHTYPE" speed="12.41" pos="22.44" lane="1/2to0/2_0" slope="0.00"/>
        <vehicle id="17" x="398.35" y="222.80" angle="0.00" type="DEFAULT_VEHTYPE" speed="13.31" pos="172.45" lane="2/2to2/1_0" slope="0.00"/>
        <vehicle id="18" x="209.59" y="401.65" angle="-90.00" type="DEFAULT_VEHTYPE" speed="3.74" pos="185.66" lane="2/2to1/2_0" slope="0.00"/>
        <vehicle id="2" x="47.42" y="201.65" angle="-90.00" type="DEFAULT_VEHTYPE" speed="13.51" pos="147.83" lane="1/1to0/1_0" slope="0.00"/>
        <vehicle id="24" x="398.35" y="797.86" angle="-29.81" type="DEFAULT_VEHTYPE" speed="12.63" pos="2.14" lane="2/4to2/3_0" slope="0.00"/>
        <vehicle id="28" x="639.84" y="601.65" angle="-90.00" type="DEFAULT_VEHTYPE" speed="13.72" pos="160.16" lane="4/3to3/3_0" slope="0.00"/>
        <vehicle id="29" x="520.50" y="401.65" angle="-90.00" type="DEFAULT_VEHTYPE" speed="13.88" pos="74.75" lane="3/2to2/2_0" slope="0.00"/>
        <vehicle id="3" x="799.55" y="598.35" angle="90.00" type="DEFAULT_VEHTYPE" speed="13.04" pos="194.80" lane="3/3to4/3_0" slope="0.00"/>
        <vehicle id="33" x="449.59" y="198.35" angle="90.00" type="DEFAULT_VEHTYPE" speed="13.36" pos="44.84" lane="2/1to3/1_0" slope="0.00"/>
        <vehicle id="37" x="241.56" y="598.35" angle="90.00" type="DEFAULT_VEHTYPE" speed="13.35" pos="36.81" lane="1/3to2/3_0" slope="0.00"/>
        <vehicle id="39" x="424.28" y="198.35" angle="90.00" type="DEFAULT_VEHTYPE" speed="12.62" pos="19.53" lane="2/1to3/1_0" slope="0.00"/>
        <vehicle id="40" x="614.99" y="601.65" angle="-90.00" type="DEFAULT_VEHTYPE" speed="6.74" pos="185.01" lane="4/3to3/3_0" slope="0.00"/>
        <vehicle id="42" x="398.35" y="722.82" angle="0.00" type="DEFAULT_VEHTYPE" speed="13.21" pos="77.18" lane="2/4to2/3_0" slope="0.00"/>
        <vehicle id="43" x="293.20" y="598.35" angle="90.00" type="DEFAULT_VEHTYPE" speed="13.33" pos="88.45" lane="1/3to2/3_0" slope="0.00"/>
        <vehicle id="44" x="197.56" y="202.41" angle="-9.29" type="DEFAULT_VEHTYPE" speed="12.69" pos="2.52" lane=":1/1_0_0" slope="0.00"/>
        <vehicle id="48" x="601.65" y="387.02" angle="180.00" type="DEFAULT_VEHTYPE" speed="5.98" pos="182.27" lane="3/1to3/2_0" slope="0.00"/>
        <vehicle id="49" x="201.65" y="560.69" angle="180.00" type="DEFAULT_VEHTYPE" speed="13.22" pos="155.94" lane="1/2to1/3_0" slope="0.00"/>
        <vehicle id="5" x="379.86" y="598.35" angle="90.00" type="DEFAULT_VEHTYPE" speed="9.77" pos="175.11" lane="1/3to2/3_0" slope="0.00"/>
        <vehicle id="6" x="201.65" y="501.44" angle="180.00" type="DEFAULT_VEHTYPE" speed="13.43" pos="96.69" lane="1/2to1/3_0" slope="0.00"/>
        <vehicle id="7" x="398.35" y="580.73" angle="0.00" type="DEFAULT_VEHTYPE" speed="12.89" pos="14.52" lane="2/3to2/2_0" slope="0.00"/>
        <vehicle id="8" x="473.23" y="198.35" angle="90.00" type="DEFAULT_VEHTYPE" speed="13.79" pos="68.48" lane="2/1to3/1_0" slope="0.00"/>
        <vehicle id="9" x="747.38" y="598.35" angle="90.00" type="DEFAULT_VEHTYPE" speed="13.58" pos="142.63" lane="3/3to4/3_0" slope="0.00"/>
    </timestep>
    <timestep time="373.00">
        <vehicle id="0" x="689.14" y="601.65" angle="-90.00" type="DEFAULT_VEHTYPE" speed="13.52" pos="110.86" lane="4/3to3/3_0" slope="0.00"/>
        <vehicle id="10" x="386.79" y="198.35" angle="90.00" type="DEFAULT_VEHTYPE" speed="6.72" pos="182.04" lane="1/1to2/1_0" slope="0.00"/>
        <vehicle id="11" x="289.26" y="201.65" angle="-90.00" type="DEFAULT_VEHTYPE" speed="12.81" pos="105.99" lane="2/1to1/1_0" slope="0.00"/>
        <vehicle id="15" x="398.35" y="5.57" angle="0.00" type="DEFAULT_VEHTYPE" speed="13.81" pos="189.68" lane="2/1to2/0_0" slope="0.00"/>
        <vehicle id="16" x="159.39" y="401.65" angle="-90.00" type="DEFAULT_VEHTYPE" speed="13.42" pos="35.86" lane="1/2to0/2_0" slope="0.00"/>
        <vehicle id="17" x="398.35" y="209.50" angle="0.00" type="DEFAULT_VEHTYPE" speed="13.30" pos="185.75" lane="2/2to2/1_0" slope="0.00"/>
        <vehicle id="18" x="203.40" y="401.46" angle="-87.79" type="DEFAULT_VEHTYPE" speed="6.20" pos="1.36" lane=":1/2_6_0" slope="0.00"/>
        <vehicle id="2" x="34.04" y="201.65" angle="-90.00" type="DEFAULT_VEHTYPE" speed="13.39" pos="161.21" lane="1/1to0/1_0" slope="0.00"/>
        <vehicle id="24" x="398.35" y="784.86" angle="0.00" type="DEFAULT_VEHTYPE" speed="13.00" pos="15.14" lane="2/4to2/3_0" slope="0.00"/>
        <vehicle id="28" x="629.02" y="601.65" angle="-90.00" type="DEFAULT_VEHTYPE" speed="10.82" pos="170.98" lane="4/3to3/3_0" slope="0.00"/>
        <vehicle id="29" x="507.05" y="401.65" angle="-90.00" type="DEFAULT_VEHTYPE" speed="13.45" pos="88.20" lane="3/2to2/2_0" slope="0.00"/>
        <vehicle id="3" x="791.70" y="601.65" angle="-90.00" type="DEFAULT_VEHTYPE" speed="13.58" pos="8.30" lane="4/3to3/3_0" slope="0.00"/>
        <vehicle id="33" x="462.64" y="198.35" angle="90.00" type="DEFAULT_VEHTYPE" speed="13.05" pos="57.89" lane="2/1to3/1_0" slope="0.00"/>
        <vehicle id="37" x="255.35" y="598.35" angle="90.00" type="DEFAULT_VEHTYPE" speed="13.80" pos="50.60" lane="1/3to2/3_0" slope="0.00"/>
        <vehicle id="39" x="437.31" y="198.35" angle="90.00" type="DEFAULT_VEHTYPE" speed="13.04" pos="32.56" lane="2/1to3/1_0" slope="0.00"/>
        <vehicle id="40" x="610.54" y="601.65" angle="-90.00" type="DEFAULT_VEHTYPE" speed="4.45" pos="189.46" lane="4/3to3/3_0" slope="0.00"/>
        <vehicle id="42" x="398.35" y="709.80" angle="0.00" type="DEFAULT_VEHTYPE" speed="13.02" pos="90.20" lane="2/4to2/3_0" slope="0.00"/>
        <vehicle id="43" x="306.56" y="598.35" angle="90.00" type="DEFAULT_VEHTYPE" speed="13.36" pos="101.81" lane="1/3to2/3_0" slope="0.00"/>
        <vehicle id="44" x="184.59" y="201.65" angle="-90.00" type="DEFAULT_VEHTYPE" speed="13.14" pos="10.66" lane="1/1to0/1_0" slope="0.00"/>
        <vehicle id="48" x="601.65" y="390.38" angle="180.00" type="DEFAULT_VEHTYPE" speed="3.35" pos="185.63" lane="3/1to3/2_0" slope="0.00"/>
        <vehicle id="49" x="201.65" y="574.02" angle="180.00" type="DEFAULT_VEHTYPE" speed="13.33" pos="169.27" lane="1/2to1/3_0" slope="0.00"/>
        <vehicle id="5" x="386.11" y="598.35" angle="90.00" type="DEFAULT_VEHTYPE" speed="6.25" pos="181.36" lane="1/3to2/3_0" slope="0.00"/>
        <vehicle id="6" x="201.65" y="514.52" angle="180.00" type="DEFAULT_VEHTYPE" speed="13.09" pos="109.77" lane="1/2to1/3_0" slope="0.00"/>
        <vehicle id="7" x="398.35" y="567.93" angle="0.00" type="DEFAULT_VEHTYPE" speed="12.80" pos="27.32" lane="2/3to2/2_0" slope="0.00"/>
        <vehicle id="8" x="486.18" y="198.35" angle="90.00" type="DEFAULT_VEHTYPE" speed="12.94" pos="81.43" lane="2/1to3/1_0" slope="0.00"/>
        <vehicle id="9" x="761.14" y="598.35" angle="90.00" type="DEFAULT_VEHTYPE" speed="13.76" pos="156.39" lane="3/3to4/3_0" slope="0.00"/>
    </timestep>
    <timestep time="374.00">
        <vehicle id="0" x="675.38" y="601.65" angle="-90.00" type="DEFAULT_VEHTYPE" speed="13.77" pos="124.62" lane="4/3to3/3_0" slope="0.00"/>
        <vehicle id="10" x="389.78" y="198.35" angle="90.00" type="DEFAULT_VEHTYPE" speed="2.98" pos="185.03" lane="1/1to2/1_0" slope="0.00"/>
        <vehicle id="11" x="275.95" y="201.65" angle="-90.00" type="DEFAULT_VEHTYPE" speed="13.32" pos="119.30" lane="2/1to1/1_0" slope="0.00"/>
        <vehicle id="15" x="401.65" y="3.21" angle="166.51" type="DEFAULT_VEHTYPE" speed="13.60" pos="3.21" lane="2/0to2/1_0" slope="0.00"/>
        <vehicle id="16" x="146.44" y="401.65" angle="-90.00" type="DEFAULT_VEHTYPE" speed="12.95" pos="48.81" lane="1/2to0/2_0" slope="0.00"/>
        <vehicle id="17" x="391.10" y="201.65" angle="-88.64" type="DEFAULT_VEHTYPE" speed="13.90" pos="4.15" lane="2/1to1/1_0" slope="0.00"/>
        <vehicle id="18" x="198.38" y="395.45" angle="-19.17" type="DEFAULT_VEHTYPE" speed="8.76" pos="10.12" lane=":1/2_6_0" slope="0.00"/>
        <vehicle id="2" x="20.24" y="201.65" angle="-90.00" type="DEFAULT_VEHTYPE" speed="13.80" pos="175.01" lane="1/1to0/1_0" slope="0.00"/>
        <vehicle id="24" x="398.35" y="771.72" angle="0.00" type="DEFAULT_VEHTYPE" speed="13.14" pos="28.28" lane="2/4to2/3_0" slope="0.00"/>
        <vehicle id="28" x="622.69" y="601.65" angle="-90.00" type="DEFAULT_VEHTYPE" speed="6.32" pos="177.31" lane="4/3to3/3_0" slope="0.00"/>
        <vehicle id="29" x="494.44" y="401.65" angle="-90.00" type="DEFAULT_VEHTYPE" speed="12.62" pos="100.81" lane="3/2to2/2_0" slope="0.00"/>
        <vehicle id="3" x="778.55" y="601.65" angle="-90.00" type="DEFAULT_VEHTYPE" speed="13.15" pos="21.45" lane="4/3to3/3_0" slope="0.00"/>
        <vehicle id="33" x="475.21" y="198.35" angle="90.00" type="DEFAULT_VEHTYPE" speed="12.58" pos="70.46" lane="2/1to3/1_0" slope="0.00"/>
        <vehicle id="37" x="269.14" y="598.35" angle="90.00" type="DEFAULT_VEHTYPE" speed="13.78" pos="64.39" lane="1/3to2/3_0" slope="0.00"/>
        <vehicle id="39" x="449.92" y="198.35" angle="90.00" type="DEFAULT_VEHTYPE" speed="12.60" pos="45.17" lane="2/1to3/1_0" slope="0.00"/>
        <vehicle id="40" x="604.05" y="601.55" angle="-88.86" type="DEFAULT_VEHTYPE" speed="6.49" pos="0.70" lane=":3/3_6_0" slope="0.00"/>
        <vehicle id="42" x="398.35" y="696.58" angle="0.00" type="DEFAULT_VEHTYPE" speed="13.22" pos="103.42" lane="2/4to2/3_0" slope="0.00"/>
        <vehicle id="43" x="320.15" y="598.35" angle="90.00" type="DEFAULT_VEHTYPE" speed="13.59" pos="115.40" lane="1/3to2/3_0" slope="0.00"/>
        <vehicle id="44" x="170.98" y="201.65" angle="-90.00" type="DEFAULT_VEHTYPE" speed="13.61" pos="24.27" lane="1/1to0/1_0" slope="0.00"/>
        <vehicle id="48" x="601.58" y="395.77" angle="-179.14" type="DEFAULT_VEHTYPE" speed="5.40" pos="0.53" lane=":3/2_10_0" slope="0.00"/>
        <vehicle id="49" x="201.65" y="586.63" angle="180.00" type="DEFAULT_VEHTYPE" speed="12.61" pos="181.88" lane="1/2to1/3_0" slope="0.00"/>
        <vehicle id="5" x="389.95" y="598.35" angle="90.00" type="DEFAULT_VEHTYPE" speed="3.84" pos="185.20" lane="1/3to2/3_0" slope="0.00"/>
        <vehicle id="6" x="201.65" y="527.31" angle="180.00" type="DEFAULT_VEHTYPE" speed="12.79" pos="122.56" lane="1/2to1/3_0" slope="0.00"/>
        <vehicle id="7" x="398.35" y="554.68" angle="0.00" type="DEFAULT_VEHTYPE" speed="13.25" pos="40.57" lane="2/3to2/2_0" slope="0.00"/>
        <vehicle id="8" x="499.84" y="198.35" angle="90.00" type="DEFAULT_VEHTYPE" speed="13.67" pos="95.09" lane="2/1to3/1_0" slope="0.00"/>
        <vehicle id="9" x="774.94" y="598.35" angle="90.00" type="DEFAULT_VEHTYPE" speed="13.80" pos="170.19" lane="3/3to4/3_0" slope="0.00"/>
    </timestep>
    <timestep time="375.00">
        <vehicle id="0" x="662.09" y="601.65" angle="-90.00" type="DEFAULT_VEHTYPE" speed="13.29" pos="137.91" lane="4/3to3/3_0" slope="0.00"/>
        <vehicle id="10" x="394.13" y="198.35" angle="90.00" type="DEFAULT_VEHTYPE" speed="4.35" pos="189.38" lane="1/1to2/1_0" slope="0.00"/>
        <vehicle id="11" x="262.18" y="201.65" angle="-90.00" type="DEFAULT_VEHTYPE" speed="13.76" pos="133.07" lane="2/1to1/1_0" slope="0.00"/>
        <vehicle id="15" x="401.65" y="16.19" angle="180.00" type="DEFAULT_VEHTYPE" speed="12.98" pos="16.19" lane="2/0to2/1_0" slope="0.00"/>
        <vehicle id="16" x="132.86" y="401.65" angle="-90.00" type="DEFAULT_VEHTYPE" speed="13.58" pos="62.39" lane="1/2to0/2_0" slope="0.00"/>
        <vehicle id="17" x="378.28" y="201.65" angle="-90.00" type="DEFAULT_VEHTYPE" speed="12.82" pos="16.97" lane="2/1to1/1_0" slope="0.00"/>
        <vehicle id="18" x="198.35" y="384.13" angle="0.00" type="DEFAULT_VEHTYPE" speed="11.32" pos="11.12" lane="1/2to1/1_0" slope="0.00"/>
        <vehicle id="2" x="7.16" y="201.65" angle="-90.00" type="DEFAULT_VEHTYPE" speed="13.08" pos="188.09" lane="1/1to0/1_0" slope="0.00"/>
        <vehicle id="24" x="398.35" y="758.44" angle="0.00" type="DEFAULT_VEHTYPE" speed="13.28" pos="41.56" lane="2/4to2/3_0" slope="0.00"/>
        <vehicle id="28" x="615.39" y="601.65" angle="-90.00" type="DEFAULT_VEHTYPE" speed="7.31" pos="184.61" lane="4/3to3/3_0" slope="0.00"/>
        <vehicle id="29" x="481.56" y="401.65" angle="-90.00" type="DEFAULT_VEHTYPE" speed="12.87" pos="113.69" lane="3/2to2/2_0" slope="0.00"/>
        <vehicle id="3" x="764.83" y="601.65" angle="-90.00" type="DEFAULT_VEHTYPE" speed="13.72" pos="35.17" lane="4/3to3/3_0" slope="0.00"/>
        <vehicle id="33" x="488.58" y="198.35" angle="90.00" type="DEFAULT_VEHTYPE" speed="13.36" pos="83.83" lane="2/1to3/1_0" slope="0.00"/>
        <vehicle id="37" x="282.43" y="598.35" angle="90.00" type="DEFAULT_VEHTYPE" speed="13.30" pos="77.68" lane="1/3to2/3_0" slope="0.00"/>
        <vehicle id="39" x="462.70" y="198.35" angle="90.00" type="DEFAULT_VEHTYPE" speed="12.78" pos="57.95" lane="2/1to3/1_0" slope="0.00"/>
        <vehicle id="40" x="598.59" y="596.91" angle="-34.21" type="DEFAULT_VEHTYPE" speed="7.94" pos="8.64" lane=":3/3_6_0" slope="0.00"/>
        <vehicle id="42" x="398.35" y="683.08" angle="0.00" type="DEFAULT_VEHTYPE" speed="13.50" pos="116.92" lane="2/4to2/3_0" slope="0.00"/>
        <vehicle id="43" x="333.91" y="598.35" angle="90.00" type="DEFAULT_VEHTYPE" speed="13.77" pos="129.16" lane="1/3to2/3_0" slope="0.00"/>
        <vehicle id="44" x="157.64" y="201.65" angle="-90.00" type="DEFAULT_VEHTYPE" speed="13.34" pos="37.61" lane="1/1to0/1_0" slope="0.00"/>
        <vehicle id="48" x="597.68" y="401.30" angle="-132.16" type="DEFAULT_VEHTYPE" speed="7.34" pos="0.73" lane=":3/2_18_0" slope="0.00"/>
        <vehicle id="49" x="204.39" y="598.30" angle="141.27" type="DEFAULT_VEHTYPE" speed="13.26" pos="4.64" lane=":1/3_8_0" slope="0.00"/>
        <vehicle id="5" x="395.87" y="598.44" angle="91.02" type="DEFAULT_VEHTYPE" speed="5.93" pos="0.63" lane=":2/3_14_0" slope="0.00"/>
        <vehicle id="6" x="201.65" y="541.18" angle="180.00" type="DEFAULT_VEHTYPE" speed="13.87" pos="136.43" lane="1/2to1/3_0" slope="0.00"/>
        <vehicle id="7" x="398.35" y="541.99" angle="0.00" type="DEFAULT_VEHTYPE" speed="12.69" pos="53.26" lane="2/3to2/2_0" slope="0.00"/>
        <vehicle id="8" x="513.51" y="198.35" angle="90.00" type="DEFAULT_VEHTYPE" speed="13.67" pos="108.76" lane="2/1to3/1_0" slope="0.00"/>
        <vehicle id="9" x="788.29" y="598.35" angle="90.00" type="DEFAULT_VEHTYPE" speed="13.34" pos="183.54" lane="3/3to4/3_0" slope="0.00"/>
    </timestep>
    <timestep time="376.00">
        <vehicle id="0" x="648.54" y="601.65" angle="-90.00" type="DEFAULT_VEHTYPE" speed="13.55" pos="151.46" lane="4/3to3/3_0" slope="0.00"/>
        <vehicle id="10" x="400.85" y="198.35" angle="90.00" type="DEFAULT_VEHTYPE" speed="6.72" pos="5.60" lane=":2/1_13_0" slope="0.00"/>
        <vehicle id="11" x="248.55" y="201.65" angle="-90.00" type="DEFAULT_VEHTYPE" speed="13.64" pos="146.70" lane="2/1to1/1_0" slope="0.00"/>
        <vehicle id="15" x="401.65" y="29.21" angle="180.00" type="DEFAULT_VEHTYPE" speed="13.03" pos="29.21" lane="2/0to2/1_0" slope="0.00"/>
        <vehicle id="16" x="119.38" y="401.65" angle="-90.00" type="DEFAULT_VEHTYPE" speed="13.48" pos="75.87" lane="1/2to0/2_0" slope="0.00"/>
        <vehicle id="17" x="365.48" y="201.65" angle="-90.00" type="DEFAULT_VEHTYPE" speed="12.80" pos="29.77" lane="2/1to1/1_0" slope="0.00"/>
        <vehicle id="18" x="198.35" y="370.67" angle="0.00" type="DEFAULT_VEHTYPE" speed="13.46" pos="24.58" lane="1/2to1/1_0" slope="0.00"/>
        <vehicle id="2" x="1.57" y="198.35" angle="47.01" type="DEFAULT_VEHTYPE" speed="13.54" pos="1.57" lane="0/1to1/1_0" slope="0.00"/>
        <vehicle id="24" x="398.35" y="745.42" angle="0.00" type="DEFAULT_VEHTYPE" speed="13.02" pos="54.58" lane="2/4to2/3_0" slope="0.00"/>
        <vehicle id="28" x="610.55" y="601.65" angle="-90.00" type="DEFAULT_VEHTYPE" speed="4.84" pos="189.45" lane="4/3to3/3_0" slope="0.00"/>
        <vehicle id="29" x="468.63" y="401.65" angle="-90.00" type="DEFAULT_VEHTYPE" speed="12.93" pos="126.62" lane="3/2to2/2_0" slope="0.00"/>
        <vehicle id="3" x="751.59" y="601.65" angle="-90.00" type="DEFAULT_VEHTYPE" speed="13.24" pos="48.41" lane="4/3to3/3_0" slope="0.00"/>
        <vehicle id="33" x="501.71" y="198.35" angle="90.00" type="DEFAULT_VEHTYPE" speed="13.14" pos="96.96" lane="2/1to3/1_0" slope="0.00"/>
        <vehicle id="37" x="295.41" y="598.35" angle="90.00" type="DEFAULT_VEHTYPE" speed="12.98" pos="90.66" lane="1/3to2/3_0" slope="0.00"/>
        <vehicle id="39" x="475.56" y="198.35" angle="90.00" type="DEFAULT_VEHTYPE" speed="12.86" pos="70.81" lane="2/1to3/1_0" slope="0.00"/>
        <vehicle id="40" x="598.35" y="587.05" angle="0.00" type="DEFAULT_VEHTYPE" speed="9.87" pos="8.20" lane="3/3to3/2_0" slope="0.00"/>
        <vehicle id="42" x="398.35" y="669.93" angle="0.00" type="DEFAULT_VEHTYPE" speed="13.15" pos="130.07" lane="2/4to2/3_0" slope="0.00"/>
        <vehicle id="43" x="347.11" y="598.35" angle="90.00" type="DEFAULT_VEHTYPE" speed="13.19" pos="142.36" lane="1/3to2/3_0" slope="0.00"/>
        <vehicle id="44" x="144.62" y="201.65" angle="-90.00" type="DEFAULT_VEHTYPE" speed="13.01" pos="50.63" lane="1/1to0/1_0" slope="0.00"/>
        <vehicle id="48" x="588.29" y="401.65" angle="-90.00" type="DEFAULT_VEHTYPE" speed="9.41" pos="6.96" lane="3/2to2/2_0" slope="0.00"/>
        <vehicle id="49" x="217.01" y="598.35" angle="90.00" type="DEFAULT_VEHTYPE" speed="12.62" pos="12.26" lane="1/3to2/3_0" slope="0.00"/>
        <vehicle id="5" x="401.38" y="602.83" angle="143.08" type="DEFAULT_VEHTYPE" speed="7.75" pos="8.38" lane=":2/3_14_0" slope="0.00"/>
        <vehicle id="6" x="201.65" y="553.81" angle="180.00" type="DEFAULT_VEHTYPE" speed="12.63" pos="149.06" lane="1/2to1/3_0" slope="0.00"/>
        <vehicle id="7" x="398.35" y="528.09" angle="0.00" type="DEFAULT_VEHTYPE" speed="13.90" pos="67.16" lane="2/3to2/2_0" slope="0.00"/>
        <vehicle id="8" x="527.20" y="198.35" angle="90.00" type="DEFAULT_VEHTYPE" speed="13.69" pos="122.45" lane="2/1to3/1_0" slope="0.00"/>
        <vehicle id="9" x="801.41" y="599.52" angle="104.39" type="DEFAULT_VEHTYPE" speed="13.58" pos="1.87" lane=":4/3_0_0" slope="0.00"/>
    </timestep>
    <timestep time="377.00">
        <vehicle id="0" x="634.67" y="601.65" angle="-90.00" type="DEFAULT_VEHTYPE" speed="13.87" pos="165.33" lane="4/3to3/3_0" slope="0.00"/>
        <vehicle id="10" x="409.37" y="198.35" angle="90.00" type="DEFAULT_VEHTYPE" speed="8.52" pos="4.62" lane="2/1to3/1_0" slope="0.00"/>
        <vehicle id="11" x="234.77" y="201.65" angle="-90.00" type="DEFAULT_VEHTYPE" speed="13.78" pos="160.48" lane="2/1to1/1_0" slope="0.00"/>
        <vehicle id="15" x="401.65" y="42.30" angle="180.00" type="DEFAULT_VEHTYPE" speed="13.08" pos="42.30" lane="2/0to2/1_0" slope="0.00"/>
        <vehicle id="16" x="106.56" y="401.65" angle="-90.00" type="DEFAULT_VEHTYPE" speed="12.82" pos="88.69" lane="1/2to0/2_0" slope="0.00"/>
        <vehicle id="17" x="352.10" y="201.65" angle="-90.00" type="DEFAULT_VEHTYPE" speed="13.39" pos="43.15" lane="2/1to1/1_0" slope="0.00"/>
        <vehicle id="18" x="198.35" y="357.51" angle="0.00" type="DEFAULT_VEHTYPE" speed="13.16" pos="37.74" lane="1/2to1/1_0" slope="0.00"/>
        <vehicle id="2" x="14.29" y="198.35" angle="90.00" type="DEFAULT_VEHTYPE" speed="12.72" pos="14.29" lane="0/1to1/1_0" slope="0.00"/>
        <vehicle id="24" x="398.35" y="732.70" angle="0.00" type="DEFAULT_VEHTYPE" speed="12.71" pos="67.30" lane="2/4to2/3_0" slope="0.00"/>
        <vehicle id="28" x="603.44" y="601.46" angle="-87.86" type="DEFAULT_VEHTYPE" speed="7.12" pos="1.32" lane=":3/3_6_0" slope="0.00"/>
        <vehicle id="29" x="455.02" y="401.65" angle="-90.00" type="DEFAULT_VEHTYPE" speed="13.61" pos="140.23" lane="3/2to2/2_0" slope="0.00"/>
        <vehicle id="3" x="738.31" y="601.65" angle="-90.00" type="DEFAULT_VEHTYPE" speed="13.27" pos="61.69" lane="4/3to3/3_0" slope="0.00"/>
        <vehicle id="33" x="514.90" y="198.35" angle="90.00" type="DEFAULT_VEHTYPE" speed="13.18" pos="110.15" lane="2/1to3/1_0" slope="0.00"/>
        <vehicle id="37" x="308.90" y="598.35" angle="90.00" type="DEFAULT_VEHTYPE" speed="13.49" pos="104.15" lane="1/3to2/3_0" slope="0.00"/>
        <vehicle id="39" x="489.19" y="198.35" angle="90.00" type="DEFAULT_VEHTYPE" speed="13.63" pos="84.44" lane="2/1to3/1_0" slope="0.00"/>
        <vehicle id="40" x="598.35" y="575.46" angle="0.00" type="DEFAULT_VEHTYPE" speed="11.60" pos="19.79" lane="3/3to3/2_0" slope="0.00"/>
        <vehicle id="42" x="398.35" y="656.95" angle="0.00" type="DEFAULT_VEHTYPE" speed="12.98" pos="143.05" lane="2/4to2/3_0" slope="0.00"/>
        <vehicle id="43" x="359.85" y="598.35" angle="90.00" type="DEFAULT_VEHTYPE" speed="12.75" pos="155.10" lane="1/3to2/3_0" slope="0.00"/>
        <vehicle id="44" x="131.24" y="201.65" angle="-90.00" type="DEFAULT_VEHTYPE" speed="13.39" pos="64.01" lane="1/1to0/1_0" slope="0.00"/>
        <vehicle id="48" x="577.24" y="401.65" angle="-90.00" type="DEFAULT_VEHTYPE" speed="11.05" pos="18.01" lane="3/2to2/2_0" slope="0.00"/>
        <vehicle id="49" x="229.81" y="598.35" angle="90.00" type="DEFAULT_VEHTYPE" speed="12.80" pos="25.06" lane="1/3to2/3_0" slope="0.00"/>
        <vehicle id="5" x="401.65" y="611.96" angle="180.00" type="DEFAULT_VEHTYPE" speed="9.15" pos="7.21" lane="2/3to2/4_0" slope="0.00"/>
        <vehicle id="6" x="201.65" y="566.64" angle="180.00" type="DEFAULT_VEHTYPE" speed="12.83" pos="161.89" lane="1/2to1/3_0" slope="0.00"/>
        <vehicle id="7" x="398.35" y="514.22" angle="0.00" type="DEFAULT_VEHTYPE" speed="13.87" pos="81.03" lane="2/3to2/2_0" slope="0.00"/>
        <vehicle id="8" x="541.02" y="198.35" angle="90.00" type="DEFAULT_VEHTYPE" speed="13.82" pos="136.27" lane="2/1to3/1_0" slope="0.00"/>
        <vehicle id="9" x="789.39" y="601.65" angle="-90.00" type="DEFAULT_VEHTYPE" speed="13.57" pos="10.61" lane="4/3to3/3_0" slope="0.00"/>
    </timestep>
    <timestep time="378.00">
        <vehicle id="0" x="623.82" y="601.65" angle="-90.00" type="DEFAULT_VEHTYPE" speed="10.85" pos="176.18" lane="4/3to3/3_0" slope="0.00"/>
        <vehicle id="10" x="419.89" y="198.35" angle="90.00" type="DEFAULT_VEHTYPE" speed="10.53" pos="15.14" lane="2/1to3/1_0" slope="0.00"/>
        <vehicle id="11" x="223.93" y="201.65" angle="-90.00" type="DEFAULT_VEHTYPE" speed="10.83" pos="171.32" lane="2/1to1/1_0" slope="0.00"/>
        <vehicle id="15" x="401.65" y="55.57" angle="180.00" type="DEFAULT_VEHTYPE" speed="13.27" pos="55.57" lane="2/0to2/1_0" slope="0.00"/>
        <vehicle id="16" x="93.59" y="401.65" angle="-90.00" type="DEFAULT_VEHTYPE" speed="12.96" pos="101.66" lane="1/2to0/2_0" slope="0.00"/>
        <vehicle id="17" x="339.34" y="201.65" angle="-90.00" type="DEFAULT_VEHTYPE" speed="12.76" pos="55.91" lane="2/1to1/1_0" slope="0.00"/>
        <vehicle id="18" x="198.35" y="344.64" angle="0.00" type="DEFAULT_VEHTYPE" speed="12.87" pos="50.61" lane="1/2to1/1_0" slope="0.00"/>
        <vehicle id="2" x="27.09" y="198.35" angle="90.00" type="DEFAULT_VEHTYPE" speed="12.79" pos="27.09" lane="0/1to1/1_0" slope="0.00"/>
        <vehicle id="24" x="398.35" y="719.09" angle="0.00" type="DEFAULT_VEHTYPE" speed="13.61" pos="80.91" lane="2/4to2/3_0" slope="0.00"/>
        <vehicle id="28" x="598.35" y="595.24" angle="-18.00" type="DEFAULT_VEHTYPE" speed="9.01" pos="0.01" lane="3/3to3/2_0" slope="0.00"/>
        <vehicle id="29" x="441.80" y="401.65" angle="-90.00" type="DEFAULT_VEHTYPE" speed="13.22" pos="153.45" lane="3/2to2/2_0" slope="0.00"/>
        <vehicle id="3" x="724.46" y="601.65" angle="-90.00" type="DEFAULT_VEHTYPE" speed="13.85" pos="75.54" lane="4/3to3/3_0" slope="0.00"/>
        <vehicle id="33" x="527.89" y="198.35" angle="90.00" type="DEFAULT_VEHTYPE" speed="13.00" pos="123.14" lane="2/1to3/1_0" slope="0.00"/>
        <vehicle id="37" x="321.75" y="598.35" angle="90.00" type="DEFAULT_VEHTYPE" speed="12.85" pos="117.00" lane="1/3to2/3_0" slope="0.00"/>
        <vehicle id="39" x="502.86" y="198.35" angle="90.00" type="DEFAULT_VEHTYPE" speed="13.67" pos="98.11" lane="2/1to3/1_0" slope="0.00"/>
        <vehicle id="40" x="598.35" y="561.97" angle="0.00" type="DEFAULT_VEHTYPE" speed="13.49" pos="33.28" lane="3/3to3/2_0" slope="0.00"/>
        <vehicle id="42" x="398.35" y="643.63" angle="0.00" type="DEFAULT_VEHTYPE" speed="13.31" pos="156.37" lane="2/4to2/3_0" slope="0.00"/>
        <vehicle id="43" x="372.56" y="598.35" angle="90.00" type="DEFAULT_VEHTYPE" speed="12.71" pos="167.81" lane="1/3to2/3_0" slope="0.00"/>
        <vehicle id="44" x="118.26" y="201.65" angle="-90.00" type="DEFAULT_VEHTYPE" speed="12.98" pos="76.99" lane="1/1to0/1_0" slope="0.00"/>
        <vehicle id="48" x="564.70" y="401.65" angle="-90.00" type="DEFAULT_VEHTYPE" speed="12.54" pos="30.55" lane="3/2to2/2_0" slope="0.00"/>
        <vehicle id="49" x="243.45" y="598.35" angle="90.00" type="DEFAULT_VEHTYPE" speed="13.64" pos="38.70" lane="1/3to2/3_0" slope="0.00"/>
        <vehicle id="5" x="401.65" y="623.62" angle="180.00" type="DEFAULT_VEHTYPE" speed="11.65" pos="18.87" lane="2/3to2/4_0" slope="0.00"/>
        <vehicle id="6" x="201.65" y="580.50" angle="180.00" type="DEFAULT_VEHTYPE" speed="13.85" pos="175.75" lane="1/2to1/3_0" slope="0.00"/>
        <vehicle id="7" x="398.35" y="501.57" angle="0.00" type="DEFAULT_VEHTYPE" speed="12.66" pos="93.68" lane="2/3to2/2_0" slope="0.00"/>
        <vehicle id="8" x="554.56" y="198.35" angle="90.00" type="DEFAULT_VEHTYPE" speed="13.54" pos="149.81" lane="2/1to3/1_0" slope="0.00"/>
        <vehicle id="9" x="776.62" y="601.65" angle="-90.00" type="DEFAULT_VEHTYPE" speed="12.77" pos="23.38" lane="4/3to3/3_0" slope="0.00"/>
    </timestep>
    <timestep time="379.00">
        <vehicle id="0" x="616.57" y="601.65" angle="-90.00" type="DEFAULT_VEHTYPE" speed="7.24" pos="183.43" lane="4/3to3/3_0" slope="0.00"/>
        <vehicle id="10" x="432.31" y="198.35" angle="90.00" type="DEFAULT_VEHTYPE" speed="12.42" pos="27.56" lane="2/1to3/1_0" slope="0.00"/>
        <vehicle id="11" x="216.18" y="201.65" angle="-90.00" type="DEFAULT_VEHTYPE" speed="7.76" pos="179.07" lane="2/1to1/1_0" slope="0.00"/>
        <vehicle id="15" x="401.65" y="69.06" angle="180.00" type="DEFAULT_VEHTYPE" speed="13.49" pos="69.06" lane="2/0to2/1_0" slope="0.00"/>
        <vehicle id="16" x="80.67" y="401.65" angle="-90.00" type="DEFAULT_VEHTYPE" speed="12.93" pos="114.58" lane="1/2to0/2_0" slope="0.00"/>
        <vehicle id="17" x="325.70" y="201.65" angle="-90.00" type="DEFAULT_VEHTYPE" speed="13.64" pos="69.55" lane="2/1to1/1_0" slope="0.00"/>
        <vehicle id="18" x="198.35" y="331.43" angle="0.00" type="DEFAULT_VEHTYPE" speed="13.21" pos="63.82" lane="1/2to1/1_0" slope="0.00"/>
        <vehicle id="2" x="39.77" y="198.35" angle="90.00" type="DEFAULT_VEHTYPE" speed="12.68" pos="39.77" lane="0/1to1/1_0" slope="0.00"/>
        <vehicle id="24" x="398.35" y="705.68" angle="0.00" type="DEFAULT_VEHTYPE" speed="13.41" pos="94.32" lane="2/4to2/3_0" slope="0.00"/>
        <vehicle id="28" x="598.35" y="584.26" angle="0.00" type="DEFAULT_VEHTYPE" speed="10.98" pos="10.99" lane="3/3to3/2_0" slope="0.00"/>
        <vehicle id="29" x="428.40" y="401.65" angle="-90.00" type="DEFAULT_VEHTYPE" speed="13.40" pos="166.85" lane="3/2to2/2_0" slope="0.00"/>
        <vehicle id="3" x="711.23" y="601.65" angle="-90.00" type="DEFAULT_VEHTYPE" speed="13.23" pos="88.77" lane="4/3to3/3_0" slope="0.00"/>
        <vehicle id="33" x="540.89" y="198.35" angle="90.00" type="DEFAULT_VEHTYPE" speed="13.00" pos="136.14" lane="2/1to3/1_0" slope="0.00"/>
        <vehicle id="37" x="334.73" y="598.35" angle="90.00" type="DEFAULT_VEHTYPE" speed="12.97" pos="129.98" lane="1/3to2/3_0" slope="0.00"/>
        <vehicle id="39" x="515.62" y="198.35" angle="90.00" type="DEFAULT_VEHTYPE" speed="12.76" pos="110.87" lane="2/1to3/1_0" slope="0.00"/>
        <vehicle id="40" x="598.35" y="548.58" angle="0.00" type="DEFAULT_VEHTYPE" speed="13.39" pos="46.67" lane="3/3to3/2_0" slope="0.00"/>
        <vehicle id="42" x="398.35" y="629.84" angle="0.00" type="DEFAULT_VEHTYPE" speed="13.80" pos="170.16" lane="2/4to2/3_0" slope="0.00"/>
        <vehicle id="43" x="381.21" y="598.35" angle="90.00" type="DEFAULT_VEHTYPE" speed="8.64" pos="176.46" lane="1/3to2/3_0" slope="0.00"/>
        <vehicle id="44" x="105.06" y="201.65" angle="-90.00" type="DEFAULT_VEHTYPE" speed="13.20" pos="90.19" lane="1/1to0/1_0" slope="0.00"/>
        <vehicle id="48" x="551.98" y="401.65" angle="-90.00" type="DEFAULT_VEHTYPE" speed="12.72" pos="43.27" lane="3/2to2/2_0" slope="0.00"/>
        <vehicle id="49" x="256.55" y="598.35" angle="90.00" type="DEFAULT_VEHTYPE" speed="13.11" pos="51.80" lane="1/3to2/3_0" slope="0.00"/>
        <vehicle id="5" x="401.65" y="636.66" angle="180.00" type="DEFAULT_VEHTYPE" speed="13.04" pos="31.91" lane="2/3to2/4_0" slope="0.00"/>
        <vehicle id="6" x="201.65" y="594.09" angle="180.00" type="DEFAULT_VEHTYPE" speed="13.59" pos="189.34" lane="1/2to1/3_0" slope="0.00"/>
        <vehicle id="7" x="398.35" y="488.12" angle="0.00" type="DEFAULT_VEHTYPE" speed="13.45" pos="107.13" lane="2/3to2/2_0" slope="0.00"/>
        <vehicle id="8" x="568.35" y="198.35" angle="90.00" type="DEFAULT_VEHTYPE" speed="13.79" pos="163.60" lane="2/1to3/1_0" slope="0.00"/>
        <vehicle id="9" x="763.63" y="601.65" angle="-90.00" type="DEFAULT_VEHTYPE" speed="12.99" pos="36.37" lane="4/3to3/3_0" slope="0.00"/>
    </timestep>
    <timestep time="380.00">
        <vehicle id="0" x="611.19" y="601.65" angle="-90.00" type="DEFAULT_VEHTYPE" speed="5.38" pos="188.81" lane="4/3to3/3_0" slope="0.00"/>
        <vehicle id="10" x="445.00" y="198.35" angle="90.00" type="DEFAULT_VEHTYPE" speed="12.69" pos="40.25" lane="2/1to3/1_0" slope="0.00"/>
        <vehicle id="11" x="211.29" y="201.65" angle="-90.00" type="DEFAULT_VEHTYPE" speed="4.89" pos="183.96" lane="2/1to1/1_0" slope="0.00"/>
        <vehicle id="15" x="401.65" y="82.00" angle="180.00" type="DEFAULT_VEHTYPE" speed="12.94" pos="82.00" lane="2/0to2/1_0" slope="0.00"/>
        <vehicle id="16" x="67.46" y="401.65" angle="-90.00" type="DEFAULT_VEHTYPE" speed="13.21" pos="127.79" lane="1/2to0/2_0" slope="0.00"/>
        <vehicle id="17" x="312.18" y="201.65" angle="-90.00" type="DEFAULT_VEHTYPE" speed="13.52" pos="83.07" lane="2/1to1/1_0" slope="0.00"/>
        <vehicle id="18" x="198.35" y="317.86" angle="0.00" type="DEFAULT_VEHTYPE" speed="13.57" pos="77.39" lane="1/2to1/1_0" slope="0.00"/>
        <vehicle id="2" x="52.41" y="198.35" angle="90.00" type="DEFAULT_VEHTYPE" speed="12.64" pos="52.41" lane="0/1to1/1_0" slope="0.00"/>
        <vehicle id="24" x="398.35" y="692.17" angle="0.00" type="DEFAULT_VEHTYPE" speed="13.52" pos="107.83" lane="2/4to2/3_0" slope="0.00"/>
        <vehicle id="28" x="598.35" y="571.59" angle="0.00" type="DEFAULT_VEHTYPE" speed="12.67" pos="23.66" lane="3/3to3/2_0" slope="0.00"/>
        <vehicle id="29" x="419.51" y="401.65" angle="-90.00" type="DEFAULT_VEHTYPE" speed="8.90" pos="175.74" lane="3/2to2/2_0" slope="0.00"/>
        <vehicle id="3" x="697.82" y="601.65" angle="-90.00" type="DEFAULT_VEHTYPE" speed="13.41" pos="102.18" lane="4/3to3/3_0" slope="0.00"/>
        <vehicle id="33" x="554.18" y="198.35" angle="90.00" type="DEFAULT_VEHTYPE" speed="13.29" pos="149.43" lane="2/1to3/1_0" slope="0.00"/>
        <vehicle id="37" x="348.13" y="598.35" angle="90.00" type="DEFAULT_VEHTYPE" speed="13.40" pos="143.38" lane="1/3to2/3_0" slope="0.00"/>
        <vehicle id="39" x="528.66" y="198.35" angle="90.00" type="DEFAULT_VEHTYPE" speed="13.04" pos="123.91" lane="2/1to3/1_0" slope="0.00"/>
        <vehicle id="40" x="598.35" y="535.60" angle="0.00" type="DEFAULT_VEHTYPE" speed="12.98" pos="59.65" lane="3/3to3/2_0" slope="0.00"/>
        <vehicle id="42" x="398.35" y="616.51" angle="0.00" type="DEFAULT_VEHTYPE" speed="13.33" pos="183.49" lane="2/4to2/3_0" slope="0.00"/>
        <vehicle id="43" x="387.14" y="598.35" angle="90.00" type="DEFAULT_VEHTYPE" speed="5.94" pos="182.39" lane="1/3to2/3_0" slope="0.00"/>
        <vehicle id="44" x="92.44" y="201.65" angle="-90.00" type="DEFAULT_VEHTYPE" speed="12.62" pos="102.81" lane="1/1to0/1_0" slope="0.00"/>
        <vehicle id="48" x="538.80" y="401.65" angle="-90.00" type="DEFAULT_VEHTYPE" speed="13.18" pos="56.45" lane="3/2to2/2_0" slope="0.00"/>
        <vehicle id="49" x="270.24" y="598.35" angle="90.00" type="DEFAULT_VEHTYPE" speed="13.69" pos="65.49" lane="1/3to2/3_0" slope="0.00"/>
        <vehicle id="5" x="401.65" y="650.16" angle="180.00" type="DEFAULT_VEHTYPE" speed="13.50" pos="45.41" lane="2/3to2/4_0" slope="0.00"/>
        <vehicle id="6" x="211.37" y="598.35" angle="90.00" type="DEFAULT_VEHTYPE" speed="12.79" pos="6.62" lane="1/3to2/3_0" slope="0.00"/>
        <vehicle id="7" x="398.35" y="474.62" angle="0.00" type="DEFAULT_VEHTYPE" speed="13.50" pos="120.63" lane="2/3to2/2_0" slope="0.00"/>
        <vehicle id="8" x="579.07" y="198.35" angle="90.00" type="DEFAULT_VEHTYPE" speed="10.72" pos="174.32" lane="2/1to3/1_0" slope="0.00"/>
        <vehicle id="9" x="750.92" y="601.65" angle="-90.00" type="DEFAULT_VEHTYPE" speed="12.71" pos="49.08" lane="4/3to3/3_0" slope="0.00"/>
    </timestep>
    <timestep time="381.00">
        <vehicle id="0" x="603.82" y="601.52" angle="-88.47" type="DEFAULT_VEHTYPE" speed="7.38" pos="0.94" lane=":3/3_6_0" slope="0.00"/>
        <vehicle id="10" x="458.39" y="198.35" angle="90.00" type="DEFAULT_VEHTYPE" speed="13.40" pos="53.64" lane="2/1to3/1_0" slope="0.00"/>
        <vehicle id="11" x="204.27" y="201.72" angle="-90.76" type="DEFAULT_VEHTYPE" speed="7.02" pos="0.48" lane=":1/1_4_0" slope="0.00"/>
        <vehicle id="15" x="401.65" y="94.62" angle="180.00" type="DEFAULT_VEHTYPE" speed="12.62" pos="94.62" lane="2/0to2/1_0" slope="0.00"/>
        <vehicle id="16" x="54.34" y="401.65" angle="-90.00" type="DEFAULT_VEHTYPE" speed="13.12" pos="140.91" lane="1/2to0/2_0" slope="0.00"/>
        <vehicle id="17" x="298.39" y="201.65" angle="-90.00" type="DEFAULT_VEHTYPE" speed="13.79" pos="96.86" lane="2/1to1/1_0" slope="0.00"/>
        <vehicle id="18" x="198.35" y="304.93" angle="0.00" type="DEFAULT_VEHTYPE" speed="12.93" pos="90.32" lane="1/2to1/1_0" slope="0.00"/>
        <vehicle id="2" x="66.25" y="198.35" angle="90.00" type="DEFAULT_VEHTYPE" speed="13.84" pos="66.25" lane="0/1to1/1_0" slope="0.00"/>
        <vehicle id="24" x="398.35" y="678.79" angle="0.00" type="DEFAULT_VEHTYPE" speed="13.37" pos="121.21" lane="2/4to2/3_0" slope="0.00"/>
        <vehicle id="28" x="598.35" y="558.31" angle="0.00" type="DEFAULT_VEHTYPE" speed="13.28" pos="36.94" lane="3/3to3/2_0" slope="0.00"/>
        <vehicle id="29" x="413.35" y="401.65" angle="-90.00" type="DEFAULT_VEHTYPE" speed="6.15" pos="181.90" lane="3/2to2/2_0" slope="0.00"/>
        <vehicle id="3" x="684.66" y="601.65" angle="-90.00" type="DEFAULT_VEHTYPE" speed="13.16" pos="115.34" lane="4/3to3/3_0" slope="0.00"/>
        <vehicle id="33" x="566.38" y="198.35" angle="90.00" type="DEFAULT_VEHTYPE" speed="12.20" pos="161.63" lane="2/1to3/1_0" slope="0.00"/>
        <vehicle id="37" x="360.99" y="598.35" angle="90.00" type="DEFAULT_VEHTYPE" speed="12.86" pos="156.24" lane="1/3to2/3_0" slope="0.00"/>
        <vehicle id="39" x="542.13" y="198.35" angle="90.00" type="DEFAULT_VEHTYPE" speed="13.47" pos="137.38" lane="2/1to3/1_0" slope="0.00"/>
        <vehicle id="40" x="598.35" y="522.95" angle="0.00" type="DEFAULT_VEHTYPE" speed="12.65" pos="72.30" lane="3/3to3/2_0" slope="0.00"/>
        <vehicle id="42" x="398.35" y="603.88" angle="0.00" type="DEFAULT_VEHTYPE" speed="12.63" pos="0.87" lane=":2/3_1_0" slope="0.00"/>
        <vehicle id="43" x="390.51" y="598.35" angle="90.00" type="DEFAULT_VEHTYPE" speed="3.37" pos="185.76" lane="1/3to2/3_0" slope="0.00"/>
        <vehicle id="44" x="78.81" y="201.65" angle="-90.00" type="DEFAULT_VEHTYPE" speed="13.63" pos="116.44" lane="1/1to0/1_0" slope="0.00"/>
        <vehicle id="48" x="526.09" y="401.65" angle="-90.00" type="DEFAULT_VEHTYPE" speed="12.71" pos="69.16" lane="3/2to2/2_0" slope="0.00"/>
        <vehicle id="49" x="282.95" y="598.35" angle="90.00" type="DEFAULT_VEHTYPE" speed="12.71" pos="78.20" lane="1/3to2/3_0" slope="0.00"/>
        <vehicle id="5" x="401.65" y="663.12" angle="180.00" type="DEFAULT_VEHTYPE" speed="12.97" pos="58.37" lane="2/3to2/4_0" slope="0.00"/>
        <vehicle id="6" x="224.28" y="598.35" angle="90.00" type="DEFAULT_VEHTYPE" speed="12.90" pos="19.53" lane="1/3to2/3_0" slope="0.00"/>
        <vehicle id="7" x="398.35" y="460.84" angle="0.00" type="DEFAULT_VEHTYPE" speed="13.78" pos="134.41" lane="2/3to2/2_0" slope="0.00"/>
        <vehicle id="8" x="585.51" y="198.35" angle="90.00" type="DEFAULT_VEHTYPE" speed="6.44" pos="180.76" lane="2/1to3/1_0" slope="0.00"/>
        <vehicle id="9" x="738.02" y="601.65" angle="-90.00" type="DEFAULT_VEHTYPE" speed="12.90" pos="61.98" lane="4/3to3/3_0" slope="0.00"/>
    </timestep>
    <timestep time="382.00">
        <vehicle id="0" x="598.35" y="594.71" angle="-14.68" type="DEFAULT_VEHTYPE" speed="9.92" pos="0.54" lane="3/3to3/2_0" slope="0.00"/>
        <vehicle id="10" x="471.00" y="198.35" angle="90.00" type="DEFAULT_VEHTYPE" speed="12.61" pos="66.25" lane="2/1to3/1_0" slope="0.00"/>
        <vehicle id="11" x="201.65" y="209.85" angle="180.00" type="DEFAULT_VEHTYPE" speed="9.62" pos="5.10" lane="1/1to1/2_0" slope="0.00"/>
        <vehicle id="15" x="401.65" y="107.75" angle="180.00" type="DEFAULT_VEHTYPE" speed="13.13" pos="107.75" lane="2/0to2/1_0" slope="0.00"/>
        <vehicle id="16" x="41.43" y="401.65" angle="-90.00" type="DEFAULT_VEHTYPE" speed="12.91" pos="153.82" lane="1/2to0/2_0" slope="0.00"/>
        <vehicle id="17" x="284.87" y="201.65" angle="-90.00" type="DEFAULT_VEHTYPE" speed="13.53" pos="110.38" lane="2/1to1/1_0" slope="0.00"/>
        <vehicle id="18" x="198.35" y="292.20" angle="0.00" type="DEFAULT_VEHTYPE" speed="12.73" pos="103.05" lane="1/2to1/1_0" slope="0.00"/>
        <vehicle id="2" x="79.30" y="198.35" angle="90.00" type="DEFAULT_VEHTYPE" speed="13.05" pos="79.30" lane="0/1to1/1_0" slope="0.00"/>
        <vehicle id="24" x="398.35" y="665.93" angle="0.00" type="DEFAULT_VEHTYPE" speed="12.86" pos="134.07" lane="2/4to2/3_0" slope="0.00"/>
        <vehicle id="28" x="598.35" y="544.57" angle="0.00" type="DEFAULT_VEHTYPE" speed="13.74" pos="50.68" lane="3/3to3/2_0" slope="0.00"/>
        <vehicle id="29" x="409.40" y="401.65" angle="-90.00" type="DEFAULT_VEHTYPE" speed="3.96" pos="185.85" lane="3/2to2/2_0" slope="0.00"/>
        <vehicle id="3" x="671.90" y="601.65" angle="-90.00" type="DEFAULT_VEHTYPE" speed="12.77" pos="128.10" lane="4/3to3/3_0" slope="0.00"/>
        <vehicle id="33" x="574.59" y="198.35" angle="90.00" type="DEFAULT_VEHTYPE" speed="8.21" pos="169.84" lane="2/1to3/1_0" slope="0.00"/>
        <vehicle id="37" x="370.39" y="598.35" angle="90.00" type="DEFAULT_VEHTYPE" speed="9.40" pos="165.64" lane="1/3to2/3_0" slope="0.00"/>
        <vehicle id="39" x="554.28" y="198.35" angle="90.00" type="DEFAULT_VEHTYPE" speed="12.15" pos="149.53" lane="2/1to3/1_0" slope="0.00"/>
        <vehicle id="40" x="598.35" y="509.86" angle="0.00" type="DEFAULT_VEHTYPE" speed="13.08" pos="85.39" lane="3/3to3/2_0" slope="0.00"/>
        <vehicle id="42" x="398.35" y="590.30" angle="0.00" type="DEFAULT_VEHTYPE" speed="13.58" pos="4.95" lane="2/3to2/2_0" slope="0.00"/>
        <vehicle id="43" x="391.61" y="598.35" angle="90.00" type="DEFAULT_VEHTYPE" speed="1.10" pos="186.86" lane="1/3to2/3_0" slope="0.00"/>
        <vehicle id="44" x="65.55" y="201.65" angle="-90.00" type="DEFAULT_VEHTYPE" speed="13.26" pos="129.70" lane="1/1to0/1_0" slope="0.00"/>
        <vehicle id="48" x="512.57" y="401.65" angle="-90.00" type="DEFAULT_VEHTYPE" speed="13.52" pos="82.68" lane="3/2to2/2_0" slope="0.00"/>
        <vehicle id="49" x="295.66" y="598.35" angle="90.00" type="DEFAULT_VEHTYPE" speed="12.71" pos="90.91" lane="1/3to2/3_0" slope="0.00"/>
        <vehicle id="5" x="401.65" y="675.83" angle="180.00" type="DEFAULT_VEHTYPE" speed="12.71" pos="71.08" lane="2/3to2/4_0" slope="0.00"/>
        <vehicle id="6" x="237.77" y="598.35" angle="90.00" type="DEFAULT_VEHTYPE" speed="13.49" pos="33.02" lane="1/3to2/3_0" slope="0.00"/>
        <vehicle id="7" x="398.35" y="448.13" angle="0.00" type="DEFAULT_VEHTYPE" speed="12.72" pos="147.12" lane="2/3to2/2_0" slope="0.00"/>
        <vehicle id="8" x="589.35" y="198.35" angle="90.00" type="DEFAULT_VEHTYPE" speed="3.83" pos="184.60" lane="2/1to3/1_0" slope="0.00"/>
        <vehicle id="9" x="724.65" y="601.65" angle="-90.00" type="DEFAULT_VEHTYPE" speed="13.36" pos="75.35" lane="4/3to3/3_0" slope="0.00"/>
    </timestep>
    <timestep time="383.00">
        <vehicle id="0" x="598.35" y="583.39" angle="0.00" type="DEFAULT_VEHTYPE" speed="11.33" pos="11.86" lane="3/3to3/2_0" slope="0.00"/>
        <vehicle id="10" x="484.03" y="198.35" angle="90.00" type="DEFAULT_VEHTYPE" speed="13.03" pos="79.28" lane="2/1to3/1_0" slope="0.00"/>
        <vehicle id="11" x="201.65" y="220.95" angle="180.00" type="DEFAULT_VEHTYPE" speed="11.10" pos="16.20" lane="1/1to1/2_0" slope="0.00"/>
        <vehicle id="15" x="401.65" y="120.60" angle="180.00" type="DEFAULT_VEHTYPE" speed="12.85" pos="120.60" lane="2/0to2/1_0" slope="0.00"/>
        <vehicle id="16" x="28.28" y="401.65" angle="-90.00" type="DEFAULT_VEHTYPE" speed="13.15" pos="166.97" lane="1/2to0/2_0" slope="0.00"/>
        <vehicle id="17" x="271.62" y="201.65" angle="-90.00" type="DEFAULT_VEHTYPE" speed="13.25" pos="123.63" lane="2/1to1/1_0" slope="0.00"/>
        <vehicle id="18" x="198.35" y="279.53" angle="0.00" type="DEFAULT_VEHTYPE" speed="12.67" pos="115.72" lane="1/2to1/1_0" slope="0.00"/>
        <vehicle id="2" x="92.06" y="198.35" angle="90.00" type="DEFAULT_VEHTYPE" speed="12.76" pos="92.06" lane="0/1to1/1_0" slope="0.00"/>
        <vehicle id="24" x="398.35" y="652.90" angle="0.00" type="DEFAULT_VEHTYPE" speed="13.03" pos="147.10" lane="2/4to2/3_0" slope="0.00"/>
        <vehicle id="28" x="598.35" y="531.20" angle="0.00" type="DEFAULT_VEHTYPE" speed="13.36" pos="64.05" lane="3/3to3/2_0" slope="0.00"/>
        <vehicle id="29" x="403.52" y="401.47" angle="-87.99" type="DEFAULT_VEHTYPE" speed="5.88" pos="1.24" lane=":2/2_6_0" slope="0.00"/>
        <vehicle id="3" x="658.48" y="601.65" angle="-90.00" type="DEFAULT_VEHTYPE" speed="13.42" pos="141.52" lane="4/3to3/3_0" slope="0.00"/>
        <vehicle id="33" x="578.35" y="198.35" angle="90.00" type="DEFAULT_VEHTYPE" speed="3.76" pos="173.60" lane="2/1to3/1_0" slope="0.00"/>
        <vehicle id="37" x="377.33" y="598.35" angle="90.00" type="DEFAULT_VEHTYPE" speed="6.94" pos="172.58" lane="1/3to2/3_0" slope="0.00"/>
        <vehicle id="39" x="562.91" y="198.35" angle="90.00" type="DEFAULT_VEHTYPE" speed="8.62" pos="158.16" lane="2/1to3/1_0" slope="0.00"/>
        <vehicle id="40" x="598.35" y="496.80" angle="0.00" type="DEFAULT_VEHTYPE" speed="13.07" pos="98.45" lane="3/3to3/2_0" slope="0.00"/>
        <vehicle id="42" x="398.35" y="576.79" angle="0.00" type="DEFAULT_VEHTYPE" speed="13.51" pos="18.46" lane="2/3to2/2_0" slope="0.00"/>
        <vehicle id="43" x="392.52" y="598.35" angle="90.00" type="DEFAULT_VEHTYPE" speed="0.90" pos="187.77" lane="1/3to2/3_0" slope="0.00"/>
        <vehicle id="44" x="51.83" y="201.65" angle="-90.00" type="DEFAULT_VEHTYPE" speed="13.71" pos="143.42" lane="1/1to0/1_0" slope="0.00"/>
        <vehicle id="48" x="499.80" y="401.65" angle="-90.00" type="DEFAULT_VEHTYPE" speed="12.76" pos="95.45" lane="3/2to2/2_0" slope="0.00"/>
        <vehicle id="49" x="308.82" y="598.35" angle="90.00" type="DEFAULT_VEHTYPE" speed="13.16" pos="104.07" lane="1/3to2/3_0" slope="0.00"/>
        <vehicle id="5" x="401.65" y="689.65" angle="180.00" type="DEFAULT_VEHTYPE" speed="13.82" pos="84.90" lane="2/3to2/4_0" slope="0.00"/>
        <vehicle id="6" x="250.97" y="598.35" angle="90.00" type="DEFAULT_VEHTYPE" speed="13.20" pos="46.22" lane="1/3to2/3_0" slope="0.00"/>
        <vehicle id="7" x="398.35" y="435.19" angle="0.00" type="DEFAULT_VEHTYPE" speed="12.93" pos="160.06" lane="2/3to2/2_0" slope="0.00"/>
        <vehicle id="8" x="595.72" y="198.35" angle="90.00" type="DEFAULT_VEHTYPE" speed="6.37" pos="0.47" lane=":3/1_13_0" slope="0.00"/>
        <vehicle id="9" x="711.44" y="601.65" angle="-90.00" type="DEFAULT_VEHTYPE" speed="13.21" pos="88.56" lane="4/3to3/3_0" slope="0.00"/>
    </timestep>
    <timestep time="384.00">
        <vehicle id="0" x="598.35" y="569.88" angle="0.00" type="DEFAULT_VEHTYPE" speed="13.51" pos="25.37" lane="3/3to3/2_0" slope="0.00"/>
        <vehicle id="10" x="496.95" y="198.35" angle="90.00" type="DEFAULT_VEHTYPE" speed="12.91" pos="92.20" lane="2/1to3/1_0" slope="0.00"/>
        <vehicle id="11" x="201.65" y="234.44" angle="180.00" type="DEFAULT_VEHTYPE" speed="13.49" pos="29.69" lane="1/1to1/2_0" slope="0.00"/>
        <vehicle id="15" x="401.65" y="133.45" angle="180.00" type="DEFAULT_VEHTYPE" speed="12.85" pos="133.45" lane="2/0to2/1_0" slope="0.00"/>
        <vehicle id="16" x="15.63" y="401.65" angle="-90.00" type="DEFAULT_VEHTYPE" speed="12.65" pos="179.62" lane="1/2to0/2_0" slope="0.00"/>
        <vehicle id="17" x="258.41" y="201.65" angle="-90.00" type="DEFAULT_VEHTYPE" speed="13.21" pos="136.84" lane="2/1to1/1_0" slope="0.00"/>
        <vehicle id="18" x="198.35" y="266.30" angle="0.00" type="DEFAULT_VEHTYPE" speed="13.23" pos="128.95" lane="1/2to1/1_0" slope="0.00"/>
        <vehicle id="2" x="105.25" y="198.35" angle="90.00" type="DEFAULT_VEHTYPE" speed="13.19" pos="105.25" lane="0/1to1/1_0" slope="0.00"/>
        <vehicle id="24" x="398.35" y="639.67" angle="0.00" type="DEFAULT_VEHTYPE" speed="13.23" pos="160.33" lane="2/4to2/3_0" slope="0.00"/>
        <vehicle id="28" x="598.35" y="517.32" angle="0.00" type="DEFAULT_VEHTYPE" speed="13.88" pos="77.93" lane="3/3to3/2_0" slope="0.00"/>
        <vehicle id="29" x="398.48" y="396.14" angle="-26.20" type="DEFAULT_VEHTYPE" speed="8.18" pos="9.42" lane=":2/2_6_0" slope="0.00"/>
        <vehicle id="3" x="644.99" y="601.65" angle="-90.00" type="DEFAULT_VEHTYPE" speed="13.49" pos="155.01" lane="4/3to3/3_0" slope="0.00"/>
        <vehicle id="33" x="584.06" y="198.35" angle="90.00" type="DEFAULT_VEHTYPE" speed="5.71" pos="179.31" lane="2/1to3/1_0" slope="0.00"/>
        <vehicle id="37" x="381.70" y="598.35" angle="90.00" type="DEFAULT_VEHTYPE" speed="4.37" pos="176.95" lane="1/3to2/3_0" slope="0.00"/>
        <vehicle id="39" x="567.03" y="198.35" angle="90.00" type="DEFAULT_VEHTYPE" speed="4.12" pos="162.28" lane="2/1to3/1_0" slope="0.00"/>
        <vehicle id="40" x="598.35" y="484.11" angle="0.00" type="DEFAULT_VEHTYPE" speed="12.69" pos="111.14" lane="3/3to3/2_0" slope="0.00"/>
        <vehicle id="42" x="398.35" y="563.30" angle="0.00" type="DEFAULT_VEHTYPE" speed="13.49" pos="31.95" lane="2/3to2/2_0" slope="0.00"/>
        <vehicle id="43" x="395.99" y="598.46" angle="91.22" type="DEFAULT_VEHTYPE" speed="3.48" pos="0.75" lane=":2/3_14_0" slope="0.00"/>
        <vehicle id="44" x="37.98" y="201.65" angle="-90.00" type="DEFAULT_VEHTYPE" speed="13.86" pos="157.27" lane="1/1to0/1_0" slope="0.00"/>
        <vehicle id="48" x="486.79" y="401.65" angle="-90.00" type="DEFAULT_VEHTYPE" speed="13.01" pos="108.46" lane="3/2to2/2_0" slope="0.00"/>
        <vehicle id="49" x="322.00" y="598.35" angle="90.00" type="DEFAULT_VEHTYPE" speed="13.18" pos="117.25" lane="1/3to2/3_0" slope="0.00"/>
        <vehicle id="5" x="401.65" y="702.78" angle="180.00" type="DEFAULT_VEHTYPE" speed="13.13" pos="98.03" lane="2/3to2/4_0" slope="0.00"/>
        <vehicle id="6" x="263.62" y="598.35" angle="90.00" type="DEFAULT_VEHTYPE" speed="12.65" pos="58.87" lane="1/3to2/3_0" slope="0.00"/>
        <vehicle id="7" x="398.35" y="421.44" angle="0.00" type="DEFAULT_VEHTYPE" speed="13.76" pos="173.81" lane="2/3to2/2_0" slope="0.00"/>
        <vehicle id="8" x="604.47" y="198.35" angle="90.00" type="DEFAULT_VEHTYPE" speed="8.75" pos="9.22" lane=":3/1_13_0" slope="0.00"/>
        <vehicle id="9" x="698.68" y="601.65" angle="-90.00" type="DEFAULT_VEHTYPE" speed="12.76" pos="101.32" lane="4/3to3/3_0" slope="0.00"/>
    </timestep>
    <timestep time="385.00">
        <vehicle id="0" x="598.35" y="556.87" angle="0.00" type="DEFAULT_VEHTYPE" speed="13.01" pos="38.38" lane="3/3to3/2_0" slope="0.00"/>
        <vehicle id="10" x="510.02" y="198.35" angle="90.00" type="DEFAULT_VEHTYPE" speed="13.07" pos="105.27" lane="2/1to3/1_0" slope="0.00"/>
        <vehicle id="11" x="201.65" y="247.30" angle="180.00" type="DEFAULT_VEHTYPE" speed="12.86" pos="42.55" lane="1/1to1/2_0" slope="0.00"/>
        <vehicle id="15" x="401.65" y="146.96" angle="180.00" type="DEFAULT_VEHTYPE" speed="13.50" pos="146.96" lane="2/0to2/1_0" slope="0.00"/>
        <vehicle id="16" x="2.72" y="401.65" angle="-90.00" type="DEFAULT_VEHTYPE" speed="12.91" pos="192.53" lane="1/2to0/2_0" slope="0.00"/>
        <vehicle id="17" x="245.49" y="201.65" angle="-90.00" type="DEFAULT_VEHTYPE" speed="12.92" pos="149.76" lane="2/1to1/1_0" slope="0.00"/>
        <vehicle id="18" x="198.35" y="253.40" angle="0.00" type="DEFAULT_VEHTYPE" speed="12.90" pos="141.85" lane="1/2to1/1_0" slope="0.00"/>
        <vehicle id="2" x="118.16" y="198.35" angle="90.00" type="DEFAULT_VEHTYPE" speed="12.91" pos="118.16" lane="0/1to1/1_0" slope="0.00"/>
        <vehicle id="24" x="398.35" y="628.99" angle="0.00" type="DEFAULT_VEHTYPE" speed="10.67" pos="171.01" lane="2/4to2/3_0" slope="0.00"/>
        <vehicle id="28" x="598.35" y="504.39" angle="0.00" type="DEFAULT_VEHTYPE" speed="12.93" pos="90.86" lane="3/3to3/2_0" slope="0.00"/>
        <vehicle id="29" x="398.35" y="386.42" angle="0.00" type="DEFAULT_VEHTYPE" speed="9.74" pos="8.83" lane="2/2to2/1_0" slope="0.00"/>
        <vehicle id="3" x="631.89" y="601.65" angle="-90.00" type="DEFAULT_VEHTYPE" speed="13.09" pos="168.11" lane="4/3to3/3_0" slope="0.00"/>
        <vehicle id="33" x="588.51" y="198.35" angle="90.00" type="DEFAULT_VEHTYPE" speed="4.45" pos="183.76" lane="2/1to3/1_0" slope="0.00"/>
        <vehicle id="37" x="385.67" y="598.35" angle="90.00" type="DEFAULT_VEHTYPE" speed="3.96" pos="180.92" lane="1/3to2/3_0" slope="0.00"/>
        <vehicle id="39" x="572.90" y="198.35" angle="90.00" type="DEFAULT_VEHTYPE" speed="5.86" pos="168.15" lane="2/1to3/1_0" slope="0.00"/>
        <vehicle id="40" x="598.35" y="471.03" angle="0.00" type="DEFAULT_VEHTYPE" speed="13.08" pos="124.22" lane="3/3to3/2_0" slope="0.00"/>
        <vehicle id="42" x="398.35" y="550.20" angle="0.00" type="DEFAULT_VEHTYPE" speed="13.10" pos="45.05" lane="2/3to2/2_0" slope="0.00"/>
        <vehicle id="43" x="400.36" y="600.46" angle="114.72" type="DEFAULT_VEHTYPE" speed="5.01" pos="5.76" lane=":2/3_14_0" slope="0.00"/>
        <vehicle id="44" x="24.58" y="201.65" angle="-90.00" type="DEFAULT_VEHTYPE" speed="13.39" pos="170.67" lane="1/1to0/1_0" slope="0.00"/>
        <vehicle id="48" x="474.03" y="401.65" angle="-90.00" type="DEFAULT_VEHTYPE" speed="12.76" pos="121.22" lane="3/2to2/2_0" slope="0.00"/>
        <vehicle id="49" x="335.71" y="598.35" angle="90.00" type="DEFAULT_VEHTYPE" speed="13.71" pos="130.96" lane="1/3to2/3_0" slope="0.00"/>
        <vehicle id="5" x="401.65" y="716.44" angle="180.00" type="DEFAULT_VEHTYPE" speed="13.66" pos="111.69" lane="2/3to2/4_0" slope="0.00"/>
        <vehicle id="6" x="277.05" y="598.35" angle="90.00" type="DEFAULT_VEHTYPE" speed="13.42" pos="72.30" lane="1/3to2/3_0" slope="0.00"/>
        <vehicle id="7" x="398.35" y="408.11" angle="0.00" type="DEFAULT_VEHTYPE" speed="13.33" pos="187.14" lane="2/3to2/2_0" slope="0.00"/>
        <vehicle id="8" x="615.71" y="198.35" angle="90.00" type="DEFAULT_VEHTYPE" speed="11.25" pos="10.96" lane="3/1to4/1_0" slope="0.00"/>
        <vehicle id="9" x="684.86" y="601.65" angle="-90.00" type="DEFAULT_VEHTYPE" speed="13.82" pos="115.14" lane="4/3to3/3_0" slope="0.00"/>
    </timestep>
    <timestep time="386.00">
        <vehicle id="0" x="598.35" y="543.94" angle="0.00" type="DEFAULT_VEHTYPE" speed="12.93" pos="51.31" lane="3/3to3/2_0" slope="0.00"/>
        <vehicle id="10" x="522.92" y="198.35" angle="90.00" type="DEFAULT_VEHTYPE" speed="12.90" pos="118.17" lane="2/1to3/1_0" slope="0.00"/>
        <vehicle id="11" x="201.65" y="260.18" angle="180.00" type="DEFAULT_VEHTYPE" speed="12.89" pos="55.43" lane="1/1to1/2_0" slope="0.00"/>
        <vehicle id="15" x="401.65" y="159.82" angle="180.00" type="DEFAULT_VEHTYPE" speed="12.86" pos="159.82" lane="2/0to2/1_0" slope="0.00"/>
        <vehicle id="16" x="5.79" y="398.35" angle="90.00" type="DEFAULT_VEHTYPE" speed="13.33" pos="5.79" lane="0/2to1/2_0" slope="0.00"/>
        <vehicle id="17" x="232.10" y="201.65" angle="-90.00" type="DEFAULT_VEHTYPE" speed="13.39" pos="163.15" lane="2/1to1/1_0" slope="0.00"/>
        <vehicle id="18" x="198.35" y="240.16" angle="0.00" type="DEFAULT_VEHTYPE" speed="13.24" pos="155.09" lane="1/2to1/1_0" slope="0.00"/>
        <vehicle id="2" x="131.93" y="198.35" angle="90.00" type="DEFAULT_VEHTYPE" speed="13.77" pos="131.93" lane="0/1to1/1_0" slope="0.00"/>
        <vehicle id="24" x="398.35" y="617.94" angle="0.00" type="DEFAULT_VEHTYPE" speed="11.06" pos="182.06" lane="2/4to2/3_0" slope="0.00"/>
        <vehicle id="28" x="598.35" y="490.87" angle="0.00" type="DEFAULT_VEHTYPE" speed="13.52" pos="104.38" lane="3/3to3/2_0" slope="0.00"/>
        <vehicle id="29" x="398.35" y="374.58" angle="0.00" type="DEFAULT_VEHTYPE" speed="11.84" pos="20.67" lane="2/2to2/1_0" slope="0.00"/>
        <vehicle id="3" x="621.61" y="601.65" angle="-90.00" type="DEFAULT_VEHTYPE" speed="10.28" pos="178.39" lane="4/3to3/3_0" slope="0.00"/>
        <vehicle id="33" x="595.32" y="198.35" angle="90.00" type="DEFAULT_VEHTYPE" speed="6.81" pos="0.07" lane=":3/1_13_0" slope="0.00"/>
        <vehicle id="37" x="390.04" y="598.35" angle="90.00" type="DEFAULT_VEHTYPE" speed="4.37" pos="185.29" lane="1/3to2/3_0" slope="0.00"/>
        <vehicle id="39" x="577.30" y="198.35" angle="90.00" type="DEFAULT_VEHTYPE" speed="4.40" pos="172.55" lane="2/1to3/1_0" slope="0.00"/>
        <vehicle id="40" x="598.35" y="457.84" angle="0.00" type="DEFAULT_VEHTYPE" speed="13.19" pos="137.41" lane="3/3to3/2_0" slope="0.00"/>
        <vehicle id="42" x="398.35" y="536.76" angle="0.00" type="DEFAULT_VEHTYPE" speed="13.43" pos="58.49" lane="2/3to2/2_0" slope="0.00"/>
        <vehicle id="43" x="401.65" y="607.00" angle="175.53" type="DEFAULT_VEHTYPE" speed="6.81" pos="2.25" lane="2/3to2/4_0" slope="0.00"/>
        <vehicle id="44" x="11.52" y="201.65" angle="-90.00" type="DEFAULT_VEHTYPE" speed="13.06" pos="183.73" lane="1/1to0/1_0" slope="0.00"/>
        <vehicle id="48" x="460.87" y="401.65" angle="-90.00" type="DEFAULT_VEHTYPE" speed="13.16" pos="134.38" lane="3/2to2/2_0" slope="0.00"/>
        <vehicle id="49" x="349.12" y="598.35" angle="90.00" type="DEFAULT_VEHTYPE" speed="13.41" pos="144.37" lane="1/3to2/3_0" slope="0.00"/>
        <vehicle id="5" x="401.65" y="729.27" angle="180.00" type="DEFAULT_VEHTYPE" speed="12.82" pos="124.52" lane="2/3to2/4_0" slope="0.00"/>
        <vehicle id="6" x="290.27" y="598.35" angle="90.00" type="DEFAULT_VEHTYPE" speed="13.23" pos="85.52" lane="1/3to2/3_0" slope="0.00"/>
        <vehicle id="7" x="390.40" y="401.65" angle="-89.75" type="DEFAULT_VEHTYPE" speed="13.20" pos="4.85" lane="2/2to1/2_0" slope="0.00"/>
        <vehicle id="8" x="629.55" y="198.35" angle="90.00" type="DEFAULT_VEHTYPE" speed="13.83" pos="24.80" lane="3/1to4/1_0" slope="0.00"/>
        <vehicle id="9" x="671.95" y="601.65" angle="-90.00" type="DEFAULT_VEHTYPE" speed="12.91" pos="128.05" lane="4/3to3/3_0" slope="0.00"/>
    </timestep>
    <timestep time="387.00">
        <vehicle id="0" x="598.35" y="530.84" angle="0.00" type="DEFAULT_VEHTYPE" speed="13.10" pos="64.41" lane="3/3to3/2_0" slope="0.00"/>
        <vehicle id="10" x="536.74" y="198.35" angle="90.00" type="DEFAULT_VEHTYPE" speed="13.83" pos="131.99" lane="2/1to3/1_0" slope="0.00"/>
        <vehicle id="11" x="201.65" y="273.73" angle="180.00" type="DEFAULT_VEHTYPE" speed="13.55" pos="68.98" lane="1/1to1/2_0" slope="0.00"/>
        <vehicle id="15" x="401.65" y="173.17" angle="180.00" type="DEFAULT_VEHTYPE" speed="13.35" pos="173.17" lane="2/0to2/1_0" slope="0.00"/>
        <vehicle id="16" x="19.56" y="398.35" angle="90.00" type="DEFAULT_VEHTYPE" speed="13.77" pos="19.56" lane="0/2to1/2_0" slope="0.00"/>
        <vehicle id="17" x="221.33" y="201.65" angle="-90.00" type="DEFAULT_VEHTYPE" speed="10.77" pos="173.92" lane="2/1to1/1_0" slope="0.00"/>
        <vehicle id="18" x="198.35" y="226.53" angle="0.00" type="DEFAULT_VEHTYPE" speed="13.63" pos="168.72" lane="1/2to1/1_0" slope="0.00"/>
        <vehicle id="2" x="145.11" y="198.35" angle="90.00" type="DEFAULT_VEHTYPE" speed="13.18" pos="145.11" lane="0/1to1/1_0" slope="0.00"/>
        <vehicle id="24" x="398.35" y="607.34" angle="0.00" type="DEFAULT_VEHTYPE" speed="10.59" pos="192.66" lane="2/4to2/3_0" slope="0.00"/>
        <vehicle id="28" x="598.35" y="476.98" angle="0.00" type="DEFAULT_VEHTYPE" speed="13.90" pos="118.27" lane="3/3to3/2_0" slope="0.00"/>
        <vehicle id="29" x="398.35" y="360.99" angle="0.00" type="DEFAULT_VEHTYPE" speed="13.59" pos="34.26" lane="2/2to2/1_0" slope="0.00"/>
        <vehicle id="3" x="613.93" y="601.65" angle="-90.00" type="DEFAULT_VEHTYPE" speed="7.69" pos="186.07" lane="4/3to3/3_0" slope="0.00"/>
        <vehicle id="33" x="604.09" y="198.35" angle="90.00" type="DEFAULT_VEHTYPE" speed="8.77" pos="8.84" lane=":3/1_13_0" slope="0.00"/>
        <vehicle id="37" x="391.58" y="598.35" angle="90.00" type="DEFAULT_VEHTYPE" speed="1.55" pos="186.83" lane="1/3to2/3_0" slope="0.00"/>
        <vehicle id="39" x="584.18" y="198.35" angle="90.00" type="DEFAULT_VEHTYPE" speed="6.89" pos="179.43" lane="2/1to3/1_0" slope="0.00"/>
        <vehicle id="40" x="598.35" y="445.18" angle="0.00" type="DEFAULT_VEHTYPE" speed="12.65" pos="150.07" lane="3/3to3/2_0" slope="0.00"/>
        <vehicle id="42" x="398.35" y="524.08" angle="0.00" type="DEFAULT_VEHTYPE" speed="12.69" pos="71.17" lane="2/3to2/2_0" slope="0.00"/>
        <vehicle id="43" x="401.65" y="615.60" angle="180.00" type="DEFAULT_VEHTYPE" speed="8.60" pos="10.85" lane="2/3to2/4_0" slope="0.00"/>
        <vehicle id="44" x="-1.21" y="200.85" angle="-80.45" type="DEFAULT_VEHTYPE" speed="12.97" pos="1.45" lane=":0/1_0_0" slope="0.00"/>
        <vehicle id="48" x="447.59" y="401.65" angle="-90.00" type="DEFAULT_VEHTYPE" speed="13.28" pos="147.66" lane="3/2to2/2_0" slope="0.00"/>
        <vehicle id="49" x="362.50" y="598.35" angle="90.00" type="DEFAULT_VEHTYPE" speed="13.39" pos="157.75" lane="1/3to2/3_0" slope="0.00"/>
        <vehicle id="5" x="401.65" y="742.78" angle="180.00" type="DEFAULT_VEHTYPE" speed="13.52" pos="138.03" lane="2/3to2/4_0" slope="0.00"/>
        <vehicle id="6" x="304.00" y="598.35" angle="90.00" type="DEFAULT_VEHTYPE" speed="13.72" pos="99.25" lane="1/3to2/3_0" slope="0.00"/>
        <vehicle id="7" x="377.03" y="401.65" angle="-90.00" type="DEFAULT_VEHTYPE" speed="13.37" pos="18.22" lane="2/2to1/2_0" slope="0.00"/>
        <vehicle id="8" x="642.69" y="198.35" angle="90.00" type="DEFAULT_VEHTYPE" speed="13.15" pos="37.94" lane="3/1to4/1_0" slope="0.00"/>
        <vehicle id="9" x="658.36" y="601.65" angle="-90.00" type="DEFAULT_VEHTYPE" speed="13.59" pos="141.64" lane="4/3to3/3_0" slope="0.00"/>
    </timestep>
    <timestep time="388.00">
        <vehicle id="0" x="598.35" y="517.44" angle="0.00" type="DEFAULT_VEHTYPE" speed="13.41" pos="77.81" lane="3/3to3/2_0" slope="0.00"/>
        <vehicle id="10" x="549.97" y="198.35" angle="90.00" type="DEFAULT_VEHTYPE" speed="13.23" pos="145.22" lane="2/1to3/1_0" slope="0.00"/>
        <vehicle id="11" x="201.65" y="287.55" angle="180.00" type="DEFAULT_VEHTYPE" speed="13.82" pos="82.80" lane="1/1to1/2_0" slope="0.00"/>
        <vehicle id="15" x="401.65" y="185.78" angle="180.00" type="DEFAULT_VEHTYPE" speed="12.61" pos="185.78" lane="2/0to2/1_0" slope="0.00"/>
        <vehicle id="16" x="32.40" y="398.35" angle="90.00" type="DEFAULT_VEHTYPE" speed="12.84" pos="32.40" lane="0/2to1/2_0" slope="0.00"/>
        <vehicle id="17" x="214.71" y="201.65" angle="-90.00" type="DEFAULT_VEHTYPE" speed="6.62" pos="180.54" lane="2/1to1/1_0" slope="0.00"/>
        <vehicle id="18" x="198.35" y="213.18" angle="0.00" type="DEFAULT_VEHTYPE" speed="13.35" pos="182.07" lane="1/2to1/1_0" slope="0.00"/>
        <vehicle id="2" x="157.87" y="198.35" angle="90.00" type="DEFAULT_VEHTYPE" speed="12.76" pos="157.87" lane="0/1to1/1_0" slope="0.00"/>
        <vehicle id="24" x="398.35" y="594.60" angle="0.00" type="DEFAULT_VEHTYPE" speed="12.74" pos="0.65" lane="2/3to2/2_0" slope="0.00"/>
        <vehicle id="28" x="598.35" y="463.86" angle="0.00" type="DEFAULT_VEHTYPE" speed="13.12" pos="131.39" lane="3/3to3/2_0" slope="0.00"/>
        <vehicle id="29" x="398.35" y="347.38" angle="0.00" type="DEFAULT_VEHTYPE" speed="13.61" pos="47.87" lane="2/2to2/1_0" slope="0.00"/>
        <vehicle id="3" x="610.71" y="601.65" angle="-90.00" type="DEFAULT_VEHTYPE" speed="3.22" pos="189.29" lane="4/3to3/3_0" slope="0.00"/>
        <vehicle id="33" x="615.21" y="198.35" angle="90.00" type="DEFAULT_VEHTYPE" speed="11.11" pos="10.46" lane="3/1to4/1_0" slope="0.00"/>
        <vehicle id="37" x="392.25" y="598.35" angle="90.00" type="DEFAULT_VEHTYPE" speed="0.67" pos="187.50" lane="1/3to2/3_0" slope="0.00"/>
        <vehicle id="39" x="589.30" y="198.35" angle="90.00" type="DEFAULT_VEHTYPE" speed="5.12" pos="184.55" lane="2/1to3/1_0" slope="0.00"/>
        <vehicle id="40" x="598.35" y="432.09" angle="0.00" type="DEFAULT_VEHTYPE" speed="13.09" pos="163.16" lane="3/3to3/2_0" slope="0.00"/>
        <vehicle id="42" x="398.35" y="510.84" angle="0.00" type="DEFAULT_VEHTYPE" speed="13.23" pos="84.41" lane="2/3to2/2_0" slope="0.00"/>
        <vehicle id="43" x="401.65" y="626.40" angle="180.00" type="DEFAULT_VEHTYPE" speed="10.80" pos="21.65" lane="2/3to2/4_0" slope="0.00"/>
        <vehicle id="44" x="9.31" y="198.35" angle="90.00" type="DEFAULT_VEHTYPE" speed="12.68" pos="9.31" lane="0/1to1/1_0" slope="0.00"/>
        <vehicle id="48" x="434.31" y="401.65" angle="-90.00" type="DEFAULT_VEHTYPE" speed="13.27" pos="160.94" lane="3/2to2/2_0" slope="0.00"/>
        <vehicle id="49" x="371.67" y="598.35" angle="90.00" type="DEFAULT_VEHTYPE" speed="9.17" pos="166.92" lane="1/3to2/3_0" slope="0.00"/>
        <vehicle id="5" x="401.65" y="755.49" angle="180.00" type="DEFAULT_VEHTYPE" speed="12.71" pos="150.74" lane="2/3to2/4_0" slope="0.00"/>
        <vehicle id="6" x="317.52" y="598.35" angle="90.00" type="DEFAULT_VEHTYPE" speed="13.52" pos="112.77" lane="1/3to2/3_0" slope="0.00"/>
        <vehicle id="7" x="364.00" y="401.65" angle="-90.00" type="DEFAULT_VEHTYPE" speed="13.03" pos="31.25" lane="2/2to1/2_0" slope="0.00"/>
        <vehicle id="8" x="655.38" y="198.35" angle="90.00" type="DEFAULT_VEHTYPE" speed="12.69" pos="50.63" lane="3/1to4/1_0" slope="0.00"/>
        <vehicle id="9" x="645.49" y="601.65" angle="-90.00" type="DEFAULT_VEHTYPE" speed="12.87" pos="154.51" lane="4/3to3/3_0" slope="0.00"/>
    </timestep>
    <timestep time="389.00">
        <vehicle id="0" x="598.35" y="503.65" angle="0.00" type="DEFAULT_VEHTYPE" speed="13.79" pos="91.60" lane="3/3to3/2_0" slope="0.00"/>
        <vehicle id="10" x="563.51" y="198.35" angle="90.00" type="DEFAULT_VEHTYPE" speed="13.54" pos="158.76" lane="2/1to3/1_0" slope="0.00"/>
        <vehicle id="11" x="201.65" y="300.92" angle="180.00" type="DEFAULT_VEHTYPE" speed="13.37" pos="96.17" lane="1/1to1/2_0" slope="0.00"/>
        <vehicle id="15" x="404.17" y="198.27" angle="145.08" type="DEFAULT_VEHTYPE" speed="13.89" pos="4.42" lane=":2/1_8_0" slope="0.00"/>
        <vehicle id="16" x="46.23" y="398.35" angle="90.00" type="DEFAULT_VEHTYPE" speed="13.83" pos="46.23" lane="0/2to1/2_0" slope="0.00"/>
        <vehicle id="17" x="210.41" y="201.65" angle="-90.00" type="DEFAULT_VEHTYPE" speed="4.30" pos="184.84" lane="2/1to1/1_0" slope="0.00"/>
        <vehicle id="18" x="195.75" y="201.72" angle="-36.28" type="DEFAULT_VEHTYPE" speed="12.93" pos="4.49" lane=":1/1_0_0" slope="0.00"/>
        <vehicle id="2" x="171.64" y="198.35" angle="90.00" type="DEFAULT_VEHTYPE" speed="13.77" pos="171.64" lane="0/1to1/1_0" slope="0.00"/>
        <vehicle id="24" x="398.35" y="581.04" angle="0.00" type="DEFAULT_VEHTYPE" speed="13.56" pos="14.21" lane="2/3to2/2_0" slope="0.00"/>
        <vehicle id="28" x="598.35" y="450.90" angle="0.00" type="DEFAULT_VEHTYPE" speed="12.96" pos="144.35" lane="3/3to3/2_0" slope="0.00"/>
        <vehicle id="29" x="398.35" y="334.03" angle="0.00" type="DEFAULT_VEHTYPE" speed="13.34" pos="61.22" lane="2/2to2/1_0" slope="0.00"/>
        <vehicle id="3" x="605.33" y="601.65" angle="-90.00" type="DEFAULT_VEHTYPE" speed="5.38" pos="194.67" lane="4/3to3/3_0" slope="0.00"/>
        <vehicle id="33" x="628.52" y="198.35" angle="90.00" type="DEFAULT_VEHTYPE" speed="13.31" pos="23.77" lane="3/1to4/1_0" slope="0.00"/>
        <vehicle id="37" x="394.26" y="598.35" angle="90.00" type="DEFAULT_VEHTYPE" speed="2.01" pos="189.51" lane="1/3to2/3_0" slope="0.00"/>
        <vehicle id="39" x="596.41" y="198.52" angle="91.90" type="DEFAULT_VEHTYPE" speed="7.12" pos="1.17" lane=":3/1_14_0" slope="0.00"/>
        <vehicle id="40" x="598.35" y="419.21" angle="0.00" type="DEFAULT_VEHTYPE" speed="12.88" pos="176.04" lane="3/3to3/2_0" slope="0.00"/>
        <vehicle id="42" x="398.35" y="497.56" angle="0.00" type="DEFAULT_VEHTYPE" speed="13.28" pos="97.69" lane="2/3to2/2_0" slope="0.00"/>
        <vehicle id="43" x="401.65" y="638.69" angle="180.00" type="DEFAULT_VEHTYPE" speed="12.28" pos="33.94" lane="2/3to2/4_0" slope="0.00"/>
        <vehicle id="44" x="21.93" y="198.35" angle="90.00" type="DEFAULT_VEHTYPE" speed="12.62" pos="21.93" lane="0/1to1/1_0" slope="0.00"/>
        <vehicle id="48" x="423.60" y="401.65" angle="-90.00" type="DEFAULT_VEHTYPE" speed="10.71" pos="171.65" lane="3/2to2/2_0" slope="0.00"/>
        <vehicle id="49" x="377.93" y="598.35" angle="90.00" type="DEFAULT_VEHTYPE" speed="6.25" pos="173.18" lane="1/3to2/3_0" slope="0.00"/>
        <vehicle id="5" x="401.65" y="768.29" angle="180.00" type="DEFAULT_VEHTYPE" speed="12.80" pos="163.54" lane="2/3to2/4_0" slope="0.00"/>
        <vehicle id="6" x="330.27" y="598.35" angle="90.00" type="DEFAULT_VEHTYPE" speed="12.75" pos="125.52" lane="1/3to2/3_0" slope="0.00"/>
        <vehicle id="7" x="350.74" y="401.65" angle="-90.00" type="DEFAULT_VEHTYPE" speed="13.26" pos="44.51" lane="2/2to1/2_0" slope="0.00"/>
        <vehicle id="8" x="668.26" y="198.35" angle="90.00" type="DEFAULT_VEHTYPE" speed="12.88" pos="63.51" lane="3/1to4/1_0" slope="0.00"/>
        <vehicle id="9" x="634.52" y="601.65" angle="-90.00" type="DEFAULT_VEHTYPE" speed="10.97" pos="165.48" lane="4/3to3/3_0" slope="0.00"/>
    </timestep>
    <timestep time="390.00">
        <vehicle id="0" x="598.35" y="490.27" angle="0.00" type="DEFAULT_VEHTYPE" speed="13.38" pos="104.98" lane="3/3to3/2_0" slope="0.00"/>
        <vehicle id="10" x="575.14" y="198.35" angle="90.00" type="DEFAULT_VEHTYPE" speed="11.63" pos="170.39" lane="2/1to3/1_0" slope="0.00"/>
        <vehicle id="11" x="201.65" y="314.43" angle="180.00" type="DEFAULT_VEHTYPE" speed="13.51" pos="109.68" lane="1/1to1/2_0" slope="0.00"/>
        <vehicle id="15" x="417.83" y="198.35" angle="90.00" type="DEFAULT_VEHTYPE" speed="13.67" pos="13.08" lane="2/1to3/1_0" slope="0.00"/>
        <vehicle id="16" x="59.42" y="398.35" angle="90.00" type="DEFAULT_VEHTYPE" speed="13.20" pos="59.42" lane="0/2to1/2_0" slope="0.00"/>
        <vehicle id="17" x="203.58" y="201.81" angle="-91.88" type="DEFAULT_VEHTYPE" speed="6.84" pos="1.18" lane=":1/1_4_0" slope="0.00"/>
        <vehicle id="18" x="182.05" y="201.65" angle="-90.00" type="DEFAULT_VEHTYPE" speed="13.71" pos="13.20" lane="1/1to0/1_0" slope="0.00"/>
        <vehicle id="2" x="180.91" y="198.35" angle="90.00" type="DEFAULT_VEHTYPE" speed="9.27" pos="180.91" lane="0/1to1/1_0" slope="0.00"/>
        <vehicle id="24" x="398.35" y="568.02" angle="0.00" type="DEFAULT_VEHTYPE" speed="13.02" pos="27.23" lane="2/3to2/2_0" slope="0.00"/>
        <vehicle id="28" x="598.35" y="437.46" angle="0.00" type="DEFAULT_VEHTYPE" speed="13.44" pos="157.79" lane="3/3to3/2_0" slope="0.00"/>
        <vehicle id="29" x="398.35" y="320.62" angle="0.00" type="DEFAULT_VEHTYPE" speed="13.41" pos="74.63" lane="2/2to2/1_0" slope="0.00"/>
        <vehicle id="3" x="599.38" y="599.09" angle="-60.00" type="DEFAULT_VEHTYPE" speed="6.85" pos="6.27" lane=":3/3_6_0" slope="0.00"/>
        <vehicle id="33" x="641.28" y="198.35" angle="90.00" type="DEFAULT_VEHTYPE" speed="12.76" pos="36.53" lane="3/1to4/1_0" slope="0.00"/>
        <vehicle id="37" x="398.61" y="599.09" angle="98.56" type="DEFAULT_VEHTYPE" speed="4.47" pos="3.48" lane=":2/3_14_0" slope="0.00"/>
        <vehicle id="39" x="601.62" y="204.56" angle="160.94" type="DEFAULT_VEHTYPE" speed="8.96" pos="10.13" lane=":3/1_14_0" slope="0.00"/>
        <vehicle id="40" x="598.35" y="405.72" angle="0.00" type="DEFAULT_VEHTYPE" speed="13.49" pos="189.53" lane="3/3to3/2_0" slope="0.00"/>
        <vehicle id="42" x="398.35" y="483.89" angle="0.00" type="DEFAULT_VEHTYPE" speed="13.67" pos="111.36" lane="2/3to2/2_0" slope="0.00"/>
        <vehicle id="43" x="401.65" y="652.40" angle="180.00" type="DEFAULT_VEHTYPE" speed="13.71" pos="47.65" lane="2/3to2/4_0" slope="0.00"/>
        <vehicle id="44" x="35.52" y="198.35" angle="90.00" type="DEFAULT_VEHTYPE" speed="13.59" pos="35.52" lane="0/1to1/1_0" slope="0.00"/>
        <vehicle id="48" x="415.43" y="401.65" angle="-90.00" type="DEFAULT_VEHTYPE" speed="8.17" pos="179.82" lane="3/2to2/2_0" slope="0.00"/>
        <vehicle id="49" x="382.54" y="598.35" angle="90.00" type="DEFAULT_VEHTYPE" speed="4.61" pos="177.79" lane="1/3to2/3_0" slope="0.00"/>
        <vehicle id="5" x="401.65" y="780.99" angle="180.00" type="DEFAULT_VEHTYPE" speed="12.69" pos="176.24" lane="2/3to2/4_0" slope="0.00"/>
        <vehicle id="6" x="343.27" y="598.35" angle="90.00" type="DEFAULT_VEHTYPE" speed="13.01" pos="138.52" lane="1/3to2/3_0" slope="0.00"/>
        <vehicle id="7" x="337.81" y="401.65" angle="-90.00" type="DEFAULT_VEHTYPE" speed="12.93" pos="57.44" lane="2/2to1/2_0" slope="0.00"/>
        <vehicle id="8" x="681.72" y="198.35" angle="90.00" type="DEFAULT_VEHTYPE" speed="13.46" pos="76.97" lane="3/1to4/1_0" slope="0.00"/>
        <vehicle id="9" x="622.94" y="601.65" angle="-90.00" type="DEFAULT_VEHTYPE" speed="11.58" pos="177.06" lane="4/3to3/3_0" slope="0.00"/>
    </timestep>
    <timestep time="391.00">
        <vehicle id="0" x="598.35" y="477.39" angle="0.00" type="DEFAULT_VEHTYPE" speed="12.88" pos="117.86" lane="3/3to3/2_0" slope="0.00"/>
        <vehicle id="10" x="583.01" y="198.35" angle="90.00" type="DEFAULT_VEHTYPE" speed="7.87" pos="178.26" lane="2/1to3/1_0" slope="0.00"/>
        <vehicle id="11" x="201.65" y="327.60" angle="180.00" type="DEFAULT_VEHTYPE" speed="13.16" pos="122.85" lane="1/1to1/2_0" slope="0.00"/>
        <vehicle id="15" x="431.62" y="198.35" angle="90.00" type="DEFAULT_VEHTYPE" speed="13.78" pos="26.87" lane="2/1to3/1_0" slope="0.00"/>
        <vehicle id="16" x="72.99" y="398.35" angle="90.00" type="DEFAULT_VEHTYPE" speed="13.57" pos="72.99" lane="0/2to1/2_0" slope="0.00"/>
        <vehicle id="17" x="201.65" y="210.07" angle="180.00" type="DEFAULT_VEHTYPE" speed="9.13" pos="5.32" lane="1/1to1/2_0" slope="0.00"/>
        <vehicle id="18" x="168.74" y="201.65" angle="-90.00" type="DEFAULT_VEHTYPE" speed="13.30" pos="26.51" lane="1/1to0/1_0" slope="0.00"/>
        <vehicle id="2" x="187.40" y="198.35" angle="90.00" type="DEFAULT_VEHTYPE" speed="6.49" pos="187.40" lane="0/1to1/1_0" slope="0.00"/>
        <vehicle id="24" x="398.35" y="554.86" angle="0.00" type="DEFAULT_VEHTYPE" speed="13.16" pos="40.39" lane="2/3to2/2_0" slope="0.00"/>
        <vehicle id="28" x="598.35" y="424.54" angle="0.00" type="DEFAULT_VEHTYPE" speed="12.92" pos="170.71" lane="3/3to3/2_0" slope="0.00"/>
        <vehicle id="29" x="398.35" y="306.98" angle="0.00" type="DEFAULT_VEHTYPE" speed="13.64" pos="88.27" lane="2/2to2/1_0" slope="0.00"/>
        <vehicle id="3" x="598.35" y="589.89" angle="0.00" type="DEFAULT_VEHTYPE" speed="9.40" pos="5.36" lane="3/3to3/2_0" slope="0.00"/>
        <vehicle id="33" x="655.17" y="198.35" angle="90.00" type="DEFAULT_VEHTYPE" speed="13.89" pos="50.42" lane="3/1to4/1_0" slope="0.00"/>
        <vehicle id="37" x="401.65" y="604.78" angle="162.15" type="DEFAULT_VEHTYPE" speed="6.87" pos="0.03" lane="2/3to2/4_0" slope="0.00"/>
        <vehicle id="39" x="601.65" y="215.47" angle="180.00" type="DEFAULT_VEHTYPE" speed="10.91" pos="10.72" lane="3/1to3/2_0" slope="0.00"/>
        <vehicle id="40" x="588.55" y="401.65" angle="-90.00" type="DEFAULT_VEHTYPE" speed="12.68" pos="6.70" lane="3/2to2/2_0" slope="0.00"/>
        <vehicle id="42" x="398.35" y="470.20" angle="0.00" type="DEFAULT_VEHTYPE" speed="13.69" pos="125.05" lane="2/3to2/2_0" slope="0.00"/>
        <vehicle id="43" x="401.65" y="666.16" angle="180.00" type="DEFAULT_VEHTYPE" speed="13.77" pos="61.41" lane="2/3to2/4_0" slope="0.00"/>
        <vehicle id="44" x="48.70" y="198.35" angle="90.00" type="DEFAULT_VEHTYPE" speed="13.18" pos="48.70" lane="0/1to1/1_0" slope="0.00"/>
        <vehicle id="48" x="410.31" y="401.65" angle="-90.00" type="DEFAULT_VEHTYPE" speed="5.12" pos="184.94" lane="3/2to2/2_0" slope="0.00"/>
        <vehicle id="49" x="387.44" y="598.35" angle="90.00" type="DEFAULT_VEHTYPE" speed="4.90" pos="182.69" lane="1/3to2/3_0" slope="0.00"/>
        <vehicle id="5" x="401.65" y="793.90" angle="180.00" type="DEFAULT_VEHTYPE" speed="12.92" pos="189.15" lane="2/3to2/4_0" slope="0.00"/>
        <vehicle id="6" x="356.06" y="598.35" angle="90.00" type="DEFAULT_VEHTYPE" speed="12.78" pos="151.31" lane="1/3to2/3_0" slope="0.00"/>
        <vehicle id="7" x="324.67" y="401.65" angle="-90.00" type="DEFAULT_VEHTYPE" speed="13.15" pos="70.58" lane="2/2to1/2_0" slope="0.00"/>
        <vehicle id="8" x="694.86" y="198.35" angle="90.00" type="DEFAULT_VEHTYPE" speed="13.14" pos="90.11" lane="3/1to4/1_0" slope="0.00"/>
        <vehicle id="9" x="614.98" y="601.65" angle="-90.00" type="DEFAULT_VEHTYPE" speed="7.96" pos="185.02" lane="4/3to3/3_0" slope="0.00"/>
    </timestep>
    <timestep time="392.00">
        <vehicle id="0" x="598.35" y="464.10" angle="0.00" type="DEFAULT_VEHTYPE" speed="13.29" pos="131.15" lane="3/3to3/2_0" slope="0.00"/>
        <vehicle id="10" x="587.73" y="198.35" angle="90.00" type="DEFAULT_VEHTYPE" speed="4.72" pos="182.98" lane="2/1to3/1_0" slope="0.00"/>
        <vehicle id="11" x="201.65" y="340.93" angle="180.00" type="DEFAULT_VEHTYPE" speed="13.34" pos="136.18" lane="1/1to1/2_0" slope="0.00"/>
        <vehicle id="15" x="444.37" y="198.35" angle="90.00" type="DEFAULT_VEHTYPE" speed="12.76" pos="39.62" lane="2/1to3/1_0" slope="0.00"/>
        <vehicle id="16" x="86.63" y="398.35" angle="90.00" type="DEFAULT_VEHTYPE" speed="13.64" pos="86.63" lane="0/2to1/2_0" slope="0.00"/>
        <vehicle id="17" x="201.65" y="221.05" angle="180.00" type="DEFAULT_VEHTYPE" speed="10.99" pos="16.30" lane="1/1to1/2_0" slope="0.00"/>
        <vehicle id="18" x="155.94" y="201.65" angle="-90.00" type="DEFAULT_VEHTYPE" speed="12.81" pos="39.31" lane="1/1to0/1_0" slope="0.00"/>
        <vehicle id="2" x="190.84" y="198.35" angle="90.00" type="DEFAULT_VEHTYPE" speed="3.44" pos="190.84" lane="0/1to1/1_0" slope="0.00"/>
        <vehicle id="24" x="398.35" y="542.15" angle="0.00" type="DEFAULT_VEHTYPE" speed="12.72" pos="53.10" lane="2/3to2/2_0" slope="0.00"/>
        <vehicle id="28" x="598.35" y="411.40" angle="0.00" type="DEFAULT_VEHTYPE" speed="13.14" pos="183.85" lane="3/3to3/2_0" slope="0.00"/>
        <vehicle id="29" x="398.35" y="293.66" angle="0.00" type="DEFAULT_VEHTYPE" speed="13.33" pos="101.59" lane="2/2to2/1_0" slope="0.00"/>
        <vehicle id="3" x="598.35" y="579.14" angle="0.00" type="DEFAULT_VEHTYPE" speed="10.75" pos="16.11" lane="3/3to3/2_0" slope="0.00"/>
        <vehicle id="33" x="667.90" y="198.35" angle="90.00" type="DEFAULT_VEHTYPE" speed="12.73" pos="63.15" lane="3/1to4/1_0" slope="0.00"/>
        <vehicle id="37" x="401.65" y="613.76" angle="180.00" type="DEFAULT_VEHTYPE" speed="8.98" pos="9.01" lane="2/3to2/4_0" slope="0.00"/>
        <vehicle id="39" x="601.65" y="228.19" angle="180.00" type="DEFAULT_VEHTYPE" speed="12.72" pos="23.44" lane="3/1to3/2_0" slope="0.00"/>
        <vehicle id="40" x="575.27" y="401.65" angle="-90.00" type="DEFAULT_VEHTYPE" speed="13.28" pos="19.98" lane="3/2to2/2_0" slope="0.00"/>
        <vehicle id="42" x="398.35" y="456.90" angle="0.00" type="DEFAULT_VEHTYPE" speed="13.30" pos="138.35" lane="2/3to2/2_0" slope="0.00"/>
        <vehicle id="43" x="401.65" y="679.72" angle="180.00" type="DEFAULT_VEHTYPE" speed="13.55" pos="74.97" lane="2/3to2/4_0" slope="0.00"/>
        <vehicle id="44" x="61.89" y="198.35" angle="90.00" type="DEFAULT_VEHTYPE" speed="13.19" pos="61.89" lane="0/1to1/1_0" slope="0.00"/>
        <vehicle id="48" x="402.94" y="401.65" angle="-90.00" type="DEFAULT_VEHTYPE" speed="7.37" pos="1.81" lane=":2/2_5_0" slope="0.00"/>
        <vehicle id="49" x="389.96" y="598.35" angle="90.00" type="DEFAULT_VEHTYPE" speed="2.53" pos="185.21" lane="1/3to2/3_0" slope="0.00"/>
        <vehicle id="5" x="398.35" y="797.43" angle="-21.69" type="DEFAULT_VEHTYPE" speed="13.48" pos="2.57" lane="2/4to2/3_0" slope="0.00"/>
        <vehicle id="6" x="367.84" y="598.35" angle="90.00" type="DEFAULT_VEHTYPE" speed="11.79" pos="163.09" lane="1/3to2/3_0" slope="0.00"/>
        <vehicle id="7" x="310.94" y="401.65" angle="-90.00" type="DEFAULT_VEHTYPE" speed="13.73" pos="84.31" lane="2/2to1/2_0" slope="0.00"/>
        <vehicle id="8" x="708.75" y="198.35" angle="90.00" type="DEFAULT_VEHTYPE" speed="13.89" pos="104.00" lane="3/1to4/1_0" slope="0.00"/>
        <vehicle id="9" x="611.07" y="601.65" angle="-90.00" type="DEFAULT_VEHTYPE" speed="3.91" pos="188.93" lane="4/3to3/3_0" slope="0.00"/>
    </timestep>
    <timestep time="393.00">
        <vehicle id="0" x="598.35" y="451.06" angle="0.00" type="DEFAULT_VEHTYPE" speed="13.04" pos="144.19" lane="3/3to3/2_0" slope="0.00"/>
        <vehicle id="10" x="590.48" y="198.35" angle="90.00" type="DEFAULT_VEHTYPE" speed="2.75" pos="185.73" lane="2/1to3/1_0" slope="0.00"/>
        <vehicle id="11" x="201.65" y="353.70" angle="180.00" type="DEFAULT_VEHTYPE" speed="12.77" pos="148.95" lane="1/1to1/2_0" slope="0.00"/>
        <vehicle id="15" x="457.38" y="198.35" angle="90.00" type="DEFAULT_VEHTYPE" speed="13.01" pos="52.63" lane="2/1to3/1_0" slope="0.00"/>
        <vehicle id="16" x="99.53" y="398.35" angle="90.00" type="DEFAULT_VEHTYPE" speed="12.90" pos="99.53" lane="0/2to1/2_0" slope="0.00"/>
        <vehicle id="17" x="201.65" y="233.55" angle="180.00" type="DEFAULT_VEHTYPE" speed="12.50" pos="28.80" lane="1/1to1/2_0" slope="0.00"/>
        <vehicle id="18" x="143.07" y="201.65" angle="-90.00" type="DEFAULT_VEHTYPE" speed="12.87" pos="52.18" lane="1/1to0/1_0" slope="0.00"/>
        <vehicle id="2" x="196.00" y="198.25" angle="88.80" type="DEFAULT_VEHTYPE" speed="5.16" pos="0.75" lane=":1/1_12_0" slope="0.00"/>
        <vehicle id="24" x="398.35" y="528.54" angle="0.00" type="DEFAULT_VEHTYPE" speed="13.61" pos="66.71" lane="2/3to2/2_0" slope="0.00"/>
        <vehicle id="28" x="593.85" y="401.65" angle="-68.21" type="DEFAULT_VEHTYPE" speed="13.05" pos="1.40" lane="3/2to2/2_0" slope="0.00"/>
        <vehicle id="29" x="398.35" y="280.24" angle="0.00" type="DEFAULT_VEHTYPE" speed="13.41" pos="115.01" lane="2/2to2/1_0" slope="0.00"/>
        <vehicle id="3" x="598.35" y="566.80" angle="0.00" type="DEFAULT_VEHTYPE" speed="12.34" pos="28.45" lane="3/3to3/2_0" slope="0.00"/>
        <vehicle id="33" x="680.77" y="198.35" angle="90.00" type="DEFAULT_VEHTYPE" speed="12.87" pos="76.02" lane="3/1to4/1_0" slope="0.00"/>
        <vehicle id="37" x="401.65" y="624.28" angle="180.00" type="DEFAULT_VEHTYPE" speed="10.52" pos="19.53" lane="2/3to2/4_0" slope="0.00"/>
        <vehicle id="39" x="601.65" y="241.80" angle="180.00" type="DEFAULT_VEHTYPE" speed="13.61" pos="37.05" lane="3/1to3/2_0" slope="0.00"/>
        <vehicle id="40" x="562.42" y="401.65" angle="-90.00" type="DEFAULT_VEHTYPE" speed="12.85" pos="32.83" lane="3/2to2/2_0" slope="0.00"/>
        <vehicle id="42" x="398.35" y="443.98" angle="0.00" type="DEFAULT_VEHTYPE" speed="12.92" pos="151.27" lane="2/3to2/2_0" slope="0.00"/>
        <vehicle id="43" x="401.65" y="692.32" angle="180.00" type="DEFAULT_VEHTYPE" speed="12.61" pos="87.57" lane="2/3to2/4_0" slope="0.00"/>
        <vehicle id="44" x="74.79" y="198.35" angle="90.00" type="DEFAULT_VEHTYPE" speed="12.90" pos="74.79" lane="0/1to1/1_0" slope="0.00"/>
        <vehicle id="48" x="393.45" y="401.65" angle="-90.00" type="DEFAULT_VEHTYPE" speed="9.49" pos="1.80" lane="2/2to1/2_0" slope="0.00"/>
        <vehicle id="49" x="394.00" y="598.35" angle="90.00" type="DEFAULT_VEHTYPE" speed="4.04" pos="189.25" lane="1/3to2/3_0" slope="0.00"/>
        <vehicle id="5" x="398.35" y="784.80" angle="0.00" type="DEFAULT_VEHTYPE" speed="12.63" pos="15.20" lane="2/4to2/3_0" slope="0.00"/>
        <vehicle id="6" x="375.44" y="598.35" angle="90.00" type="DEFAULT_VEHTYPE" speed="7.60" pos="170.69" lane="1/3to2/3_0" slope="0.00"/>
        <vehicle id="7" x="297.92" y="401.65" angle="-90.00" type="DEFAULT_VEHTYPE" speed="13.01" pos="97.33" lane="2/2to1/2_0" slope="0.00"/>
        <vehicle id="8" x="722.01" y="198.35" angle="90.00" type="DEFAULT_VEHTYPE" speed="13.26" pos="117.26" lane="3/1to4/1_0" slope="0.00"/>
        <vehicle id="9" x="605.46" y="601.65" angle="-90.00" type="DEFAULT_VEHTYPE" speed="5.61" pos="194.54" lane="4/3to3/3_0" slope="0.00"/>
    </timestep>
    <timestep time="394.00">
        <vehicle id="0" x="598.35" y="438.01" angle="0.00" type="DEFAULT_VEHTYPE" speed="13.04" pos="157.24" lane="3/3to3/2_0" slope="0.00"/>
        <vehicle id="10" x="595.46" y="198.38" angle="90.35" type="DEFAULT_VEHTYPE" speed="4.99" pos="0.22" lane=":3/1_14_0" slope="0.00"/>
        <vehicle id="11" x="201.65" y="366.55" angle="180.00" type="DEFAULT_VEHTYPE" speed="12.85" pos="161.80" lane="1/1to1/2_0" slope="0.00"/>
        <vehicle id="15" x="470.68" y="198.35" angle="90.00" type="DEFAULT_VEHTYPE" speed="13.30" pos="65.93" lane="2/1to3/1_0" slope="0.00"/>
        <vehicle id="16" x="112.29" y="398.35" angle="90.00" type="DEFAULT_VEHTYPE" speed="12.75" pos="112.29" lane="0/2to1/2_0" slope="0.00"/>
        <vehicle id="17" x="201.65" y="246.26" angle="180.00" type="DEFAULT_VEHTYPE" speed="12.71" pos="41.51" lane="1/1to1/2_0" slope="0.00"/>
        <vehicle id="18" x="129.24" y="201.65" angle="-90.00" type="DEFAULT_VEHTYPE" speed="13.83" pos="66.01" lane="1/1to0/1_0" slope="0.00"/>
        <vehicle id="2" x="198.35" y="192.92" angle="11.06" type="DEFAULT_VEHTYPE" speed="6.57" pos="2.33" lane="1/1to1/0_0" slope="0.00"/>
        <vehicle id="24" x="398.35" y="515.85" angle="0.00" type="DEFAULT_VEHTYPE" speed="12.69" pos="79.40" lane="2/3to2/2_0" slope="0.00"/>
        <vehicle id="28" x="580.37" y="401.65" angle="-90.00" type="DEFAULT_VEHTYPE" speed="13.48" pos="14.88" lane="3/2to2/2_0" slope="0.00"/>
        <vehicle id="29" x="398.35" y="267.43" angle="0.00" type="DEFAULT_VEHTYPE" speed="12.81" pos="127.82" lane="2/2to2/1_0" slope="0.00"/>
        <vehicle id="3" x="598.35" y="553.38" angle="0.00" type="DEFAULT_VEHTYPE" speed="13.42" pos="41.87" lane="3/3to3/2_0" slope="0.00"/>
        <vehicle id="33" x="693.92" y="198.35" angle="90.00" type="DEFAULT_VEHTYPE" speed="13.15" pos="89.17" lane="3/1to4/1_0" slope="0.00"/>
        <vehicle id="37" x="401.65" y="636.85" angle="180.00" type="DEFAULT_VEHTYPE" speed="12.57" pos="32.10" lane="2/3to2/4_0" slope="0.00"/>
        <vehicle id="39" x="601.65" y="255.26" angle="180.00" type="DEFAULT_VEHTYPE" speed="13.46" pos="50.51" lane="3/1to3/2_0" slope="0.00"/>
        <vehicle id="40" x="548.66" y="401.65" angle="-90.00" type="DEFAULT_VEHTYPE" speed="13.77" pos="46.59" lane="3/2to2/2_0" slope="0.00"/>
        <vehicle id="42" x="398.35" y="431.17" angle="0.00" type="DEFAULT_VEHTYPE" speed="12.81" pos="164.08" lane="2/3to2/2_0" slope="0.00"/>
        <vehicle id="43" x="401.65" y="705.70" angle="180.00" type="DEFAULT_VEHTYPE" speed="13.37" pos="100.95" lane="2/3to2/4_0" slope="0.00"/>
        <vehicle id="44" x="87.58" y="198.35" angle="90.00" type="DEFAULT_VEHTYPE" speed="12.79" pos="87.58" lane="0/1to1/1_0" slope="0.00"/>
        <vehicle id="48" x="381.55" y="401.65" angle="-90.00" type="DEFAULT_VEHTYPE" speed="11.90" pos="13.70" lane="2/2to1/2_0" slope="0.00"/>
        <vehicle id="49" x="399.61" y="599.68" angle="105.80" type="DEFAULT_VEHTYPE" speed="5.89" pos="4.64" lane=":2/3_14_0" slope="0.00"/>
        <vehicle id="5" x="398.35" y="771.95" angle="0.00" type="DEFAULT_VEHTYPE" speed="12.85" pos="28.05" lane="2/4to2/3_0" slope="0.00"/>
        <vehicle id="6" x="381.16" y="598.35" angle="90.00" type="DEFAULT_VEHTYPE" speed="5.72" pos="176.41" lane="1/3to2/3_0" slope="0.00"/>
        <vehicle id="7" x="285.03" y="401.65" angle="-90.00" type="DEFAULT_VEHTYPE" speed="12.89" pos="110.22" lane="2/2to1/2_0" slope="0.00"/>
        <vehicle id="8" x="735.11" y="198.35" angle="90.00" type="DEFAULT_VEHTYPE" speed="13.10" pos="130.36" lane="3/1to4/1_0" slope="0.00"/>
        <vehicle id="9" x="599.33" y="599.01" angle="-58.99" type="DEFAULT_VEHTYPE" speed="7.08" pos="6.37" lane=":3/3_6_0" slope="0.00"/>
    </timestep>
    <timestep time="395.00">
        <vehicle id="0" x="598.35" y="425.36" angle="0.00" type="DEFAULT_VEHTYPE" speed="12.65" pos="169.89" lane="3/3to3/2_0" slope="0.00"/>
        <vehicle id="10" x="600.86" y="201.30" angle="124.79" type="DEFAULT_VEHTYPE" speed="6.52" pos="6.74" lane=":3/1_14_0" slope="0.00"/>
        <vehicle id="11" x="201.65" y="379.22" angle="180.00" type="DEFAULT_VEHTYPE" speed="12.68" pos="174.47" lane="1/1to1/2_0" slope="0.00"/>
        <vehicle id="15" x="483.64" y="198.35" angle="90.00" type="DEFAULT_VEHTYPE" speed="12.96" pos="78.89" lane="2/1to3/1_0" slope="0.00"/>
        <vehicle id="16" x="126.17" y="398.35" angle="90.00" type="DEFAULT_VEHTYPE" speed="13.88" pos="126.17" lane="0/2to1/2_0" slope="0.00"/>
        <vehicle id="17" x="201.65" y="259.03" angle="180.00" type="DEFAULT_VEHTYPE" speed="12.77" pos="54.28" lane="1/1to1/2_0" slope="0.00"/>
        <vehicle id="18" x="115.58" y="201.65" angle="-90.00" type="DEFAULT_VEHTYPE" speed="13.65" pos="79.67" lane="1/1to0/1_0" slope="0.00"/>
        <vehicle id="2" x="198.35" y="184.01" angle="0.00" type="DEFAULT_VEHTYPE" speed="8.91" pos="11.24" lane="1/1to1/0_0" slope="0.00"/>
        <vehicle id="24" x="398.35" y="502.22" angle="0.00" type="DEFAULT_VEHTYPE" speed="13.63" pos="93.03" lane="2/3to2/2_0" slope="0.00"/>
        <vehicle id="28" x="566.69" y="401.65" angle="-90.00" type="DEFAULT_VEHTYPE" speed="13.69" pos="28.56" lane="3/2to2/2_0" slope="0.00"/>
        <vehicle id="29" x="398.35" y="254.04" angle="0.00" type="DEFAULT_VEHTYPE" speed="13.39" pos="141.21" lane="2/2to2/1_0" slope="0.00"/>
        <vehicle id="3" x="598.35" y="540.36" angle="0.00" type="DEFAULT_VEHTYPE" speed="13.02" pos="54.89" lane="3/3to3/2_0" slope="0.00"/>
        <vehicle id="33" x="706.90" y="198.35" angle="90.00" type="DEFAULT_VEHTYPE" speed="12.98" pos="102.15" lane="3/1to4/1_0" slope="0.00"/>
        <vehicle id="37" x="401.65" y="650.16" angle="180.00" type="DEFAULT_VEHTYPE" speed="13.31" pos="45.41" lane="2/3to2/4_0" slope="0.00"/>
        <vehicle id="39" x="601.65" y="268.15" angle="180.00" type="DEFAULT_VEHTYPE" speed="12.88" pos="63.40" lane="3/1to3/2_0" slope="0.00"/>
        <vehicle id="40" x="534.99" y="401.65" angle="-90.00" type="DEFAULT_VEHTYPE" speed="13.66" pos="60.26" lane="3/2to2/2_0" slope="0.00"/>
        <vehicle id="42" x="398.35" y="417.52" angle="0.00" type="DEFAULT_VEHTYPE" speed="13.65" pos="177.73" lane="2/3to2/2_0" slope="0.00"/>
        <vehicle id="43" x="401.65" y="719.52" angle="180.00" type="DEFAULT_VEHTYPE" speed="13.82" pos="114.77" lane="2/3to2/4_0" slope="0.00"/>
        <vehicle id="44" x="101.33" y="198.35" angle="90.00" type="DEFAULT_VEHTYPE" speed="13.75" pos="101.33" lane="0/1to1/1_0" slope="0.00"/>
        <vehicle id="48" x="368.30" y="401.65" angle="-90.00" type="DEFAULT_VEHTYPE" speed="13.25" pos="26.95" lane="2/2to1/2_0" slope="0.00"/>
        <vehicle id="49" x="401.65" y="607.49" angle="176.33" type="DEFAULT_VEHTYPE" speed="8.42" pos="2.74" lane="2/3to2/4_0" slope="0.00"/>
        <vehicle id="5" x="398.35" y="758.57" angle="0.00" type="DEFAULT_VEHTYPE" speed="13.38" pos="41.43" lane="2/4to2/3_0" slope="0.00"/>
        <vehicle id="6" x="387.42" y="598.35" angle="90.00" type="DEFAULT_VEHTYPE" speed="6.26" pos="182.67" lane="1/3to2/3_0" slope="0.00"/>
        <vehicle id="7" x="271.96" y="401.65" angle="-90.00" type="DEFAULT_VEHTYPE" speed="13.07" pos="123.29" lane="2/2to1/2_0" slope="0.00"/>
        <vehicle id="8" x="748.99" y="198.35" angle="90.00" type="DEFAULT_VEHTYPE" speed="13.87" pos="144.24" lane="3/1to4/1_0" slope="0.00"/>
        <vehicle id="9" x="598.35" y="589.78" angle="0.00" type="DEFAULT_VEHTYPE" speed="9.42" pos="5.47" lane="3/3to3/2_0" slope="0.00"/>
    </timestep>
    <timestep time="396.00">
        <vehicle id="0" x="598.35" y="411.81" angle="0.00" type="DEFAULT_VEHTYPE" speed="13.55" pos="183.44" lane="3/3to3/2_0" slope="0.00"/>
        <vehicle id="10" x="601.65" y="210.06" angle="180.00" type="DEFAULT_VEHTYPE" speed="8.89" pos="5.31" lane="3/1to3/2_0" slope="0.00"/>
        <vehicle id="11" x="201.65" y="391.91" angle="180.00" type="DEFAULT_VEHTYPE" speed="12.69" pos="187.16" lane="1/1to1/2_0" slope="0.00"/>
        <vehicle id="15" x="497.20" y="198.35" angle="90.00" type="DEFAULT_VEHTYPE" speed="13.56" pos="92.45" lane="2/1to3/1_0" slope="0.00"/>
        <vehicle id="16" x="139.96" y="398.35" angle="90.00" type="DEFAULT_VEHTYPE" speed="13.79" pos="139.96" lane="0/2to1/2_0" slope="0.00"/>
        <vehicle id="17" x="201.65" y="272.42" angle="180.00" type="DEFAULT_VEHTYPE" speed="13.39" pos="67.67" lane="1/1to1/2_0" slope="0.00"/>
        <vehicle id="18" x="102.33" y="201.65" angle="-90.00" type="DEFAULT_VEHTYPE" speed="13.26" pos="92.92" lane="1/1to0/1_0" slope="0.00"/>
        <vehicle id="2" x="198.35" y="173.64" angle="0.00" type="DEFAULT_VEHTYPE" speed="10.37" pos="21.61" lane="1/1to1/0_0" slope="0.00"/>
        <vehicle id="24" x="398.35" y="489.02" angle="0.00" type="DEFAULT_VEHTYPE" speed="13.20" pos="106.23" lane="2/3to2/2_0" slope="0.00"/>
        <vehicle id="28" x="553.02" y="401.65" angle="-90.00" type="DEFAULT_VEHTYPE" speed="13.67" pos="42.23" lane="3/2to2/2_0" slope="0.00"/>
        <vehicle id="29" x="398.35" y="241.32" angle="0.00" type="DEFAULT_VEHTYPE" speed="12.72" pos="153.93" lane="2/2to2/1_0" slope="0.00"/>
        <vehicle id="3" x="598.35" y="527.53" angle="0.00" type="DEFAULT_VEHTYPE" speed="12.83" pos="67.72" lane="3/3to3/2_0" slope="0.00"/>
        <vehicle id="33" x="719.83" y="198.35" angle="90.00" type="DEFAULT_VEHTYPE" speed="12.93" pos="115.08" lane="3/1to4/1_0" slope="0.00"/>
        <vehicle id="37" x="401.65" y="663.34" angle="180.00" type="DEFAULT_VEHTYPE" speed="13.18" pos="58.59" lane="2/3to2/4_0" slope="0.00"/>
        <vehicle id="39" x="601.65" y="282.00" angle="180.00" type="DEFAULT_VEHTYPE" speed="13.85" pos="77.25" lane="3/1to3/2_0" slope="0.00"/>
        <vehicle id="40" x="522.19" y="401.65" angle="-90.00" type="DEFAULT_VEHTYPE" speed="12.80" pos="73.06" lane="3/2to2/2_0" slope="0.00"/>
        <vehicle id="42" x="398.31" y="404.45" angle="-0.48" type="DEFAULT_VEHTYPE" speed="13.07" pos="0.30" lane=":2/2_0_0" slope="0.00"/>
        <vehicle id="43" x="401.65" y="732.89" angle="180.00" type="DEFAULT_VEHTYPE" speed="13.37" pos="128.14" lane="2/3to2/4_0" slope="0.00"/>
        <vehicle id="44" x="114.57" y="198.35" angle="90.00" type="DEFAULT_VEHTYPE" speed="13.24" pos="114.57" lane="0/1to1/1_0" slope="0.00"/>
        <vehicle id="48" x="355.51" y="401.65" angle="-90.00" type="DEFAULT_VEHTYPE" speed="12.79" pos="39.74" lane="2/2to1/2_0" slope="0.00"/>
        <vehicle id="49" x="401.65" y="617.41" angle="180.00" type="DEFAULT_VEHTYPE" speed="9.92" pos="12.66" lane="2/3to2/4_0" slope="0.00"/>
        <vehicle id="5" x="398.35" y="745.19" angle="0.00" type="DEFAULT_VEHTYPE" speed="13.38" pos="54.81" lane="2/4to2/3_0" slope="0.00"/>
        <vehicle id="6" x="390.35" y="598.35" angle="90.00" type="DEFAULT_VEHTYPE" speed="2.92" pos="185.60" lane="1/3to2/3_0" slope="0.00"/>
        <vehicle id="7" x="258.38" y="401.65" angle="-90.00" type="DEFAULT_VEHTYPE" speed="13.59" pos="136.87" lane="2/2to1/2_0" slope="0.00"/>
        <vehicle id="8" x="761.69" y="198.35" angle="90.00" type="DEFAULT_VEHTYPE" speed="12.70" pos="156.94" lane="3/1to4/1_0" slope="0.00"/>
        <vehicle id="9" x="598.35" y="578.34" angle="0.00" type="DEFAULT_VEHTYPE" speed="11.44" pos="16.91" lane="3/3to3/2_0" slope="0.00"/>
    </timestep>
    <timestep time="397.00">
        <vehicle id="0" x="593.74" y="401.65" angle="-69.54" type="DEFAULT_VEHTYPE" speed="13.57" pos="1.51" lane="3/2to2/2_0" slope="0.00"/>
        <vehicle id="10" x="601.65" y="220.74" angle="180.00" type="DEFAULT_VEHTYPE" speed="10.68" pos="15.99" lane="3/1to3/2_0" slope="0.00"/>
        <vehicle id="11" x="201.65" y="405.24" angle="180.00" type="DEFAULT_VEHTYPE" speed="13.33" pos="0.49" lane="1/2to1/3_0" slope="0.00"/>
        <vehicle id="15" x="509.88" y="198.35" angle="90.00" type="DEFAULT_VEHTYPE" speed="12.68" pos="105.13" lane="2/1to3/1_0" slope="0.00"/>
        <vehicle id="16" x="153.04" y="398.35" angle="90.00" type="DEFAULT_VEHTYPE" speed="13.07" pos="153.04" lane="0/2to1/2_0" slope="0.00"/>
        <vehicle id="17" x="201.65" y="285.26" angle="180.00" type="DEFAULT_VEHTYPE" speed="12.84" pos="80.51" lane="1/1to1/2_0" slope="0.00"/>
        <vehicle id="18" x="88.53" y="201.65" angle="-90.00" type="DEFAULT_VEHTYPE" speed="13.80" pos="106.72" lane="1/1to0/1_0" slope="0.00"/>
        <vehicle id="2" x="198.35" y="161.30" angle="0.00" type="DEFAULT_VEHTYPE" speed="12.34" pos="33.95" lane="1/1to1/0_0" slope="0.00"/>
        <vehicle id="24" x="398.35" y="476.06" angle="0.00" type="DEFAULT_VEHTYPE" speed="12.96" pos="119.19" lane="2/3to2/2_0" slope="0.00"/>
        <vehicle id="28" x="539.72" y="401.65" angle="-90.00" type="DEFAULT_VEHTYPE" speed="13.29" pos="55.53" lane="3/2to2/2_0" slope="0.00"/>
        <vehicle id="29" x="398.35" y="227.54" angle="0.00" type="DEFAULT_VEHTYPE" speed="13.78" pos="167.71" lane="2/2to2/1_0" slope="0.00"/>
        <vehicle id="3" x="598.35" y="514.69" angle="0.00" type="DEFAULT_VEHTYPE" speed="12.84" pos="80.56" lane="3/3to3/2_0" slope="0.00"/>
        <vehicle id="33" x="732.46" y="198.35" angle="90.00" type="DEFAULT_VEHTYPE" speed="12.64" pos="127.71" lane="3/1to4/1_0" slope="0.00"/>
        <vehicle id="37" x="401.65" y="676.01" angle="180.00" type="DEFAULT_VEHTYPE" speed="12.67" pos="71.26" lane="2/3to2/4_0" slope="0.00"/>
        <vehicle id="39" x="601.65" y="295.12" angle="180.00" type="DEFAULT_VEHTYPE" speed="13.12" pos="90.37" lane="3/1to3/2_0" slope="0.00"/>
        <vehicle id="40" x="508.53" y="401.65" angle="-90.00" type="DEFAULT_VEHTYPE" speed="13.65" pos="86.72" lane="3/2to2/2_0" slope="0.00"/>
        <vehicle id="42" x="386.46" y="401.65" angle="-90.00" type="DEFAULT_VEHTYPE" speed="13.48" pos="8.79" lane="2/2to1/2_0" slope="0.00"/>
        <vehicle id="43" x="401.65" y="746.41" angle="180.00" type="DEFAULT_VEHTYPE" speed="13.52" pos="141.66" lane="2/3to2/4_0" slope="0.00"/>
        <vehicle id="44" x="127.63" y="198.35" angle="90.00" type="DEFAULT_VEHTYPE" speed="13.06" pos="127.63" lane="0/1to1/1_0" slope="0.00"/>
        <vehicle id="48" x="342.38" y="401.65" angle="-90.00" type="DEFAULT_VEHTYPE" speed="13.13" pos="52.87" lane="2/2to1/2_0" slope="0.00"/>
        <vehicle id="49" x="401.65" y="629.12" angle="180.00" type="DEFAULT_VEHTYPE" speed="11.71" pos="24.37" lane="2/3to2/4_0" slope="0.00"/>
        <vehicle id="5" x="398.35" y="732.44" angle="0.00" type="DEFAULT_VEHTYPE" speed="12.75" pos="67.56" lane="2/4to2/3_0" slope="0.00"/>
        <vehicle id="6" x="395.01" y="598.35" angle="90.00" type="DEFAULT_VEHTYPE" speed="4.67" pos="190.26" lane="1/3to2/3_0" slope="0.00"/>
        <vehicle id="7" x="245.24" y="401.65" angle="-90.00" type="DEFAULT_VEHTYPE" speed="13.14" pos="150.01" lane="2/2to1/2_0" slope="0.00"/>
        <vehicle id="8" x="775.42" y="198.35" angle="90.00" type="DEFAULT_VEHTYPE" speed="13.73" pos="170.67" lane="3/1to4/1_0" slope="0.00"/>
        <vehicle id="9" x="598.35" y="565.67" angle="0.00" type="DEFAULT_VEHTYPE" speed="12.67" pos="29.58" lane="3/3to3/2_0" slope="0.00"/>
    </timestep>
    <timestep time="398.00">
        <vehicle id="0" x="580.14" y="401.65" angle="-90.00" type="DEFAULT_VEHTYPE" speed="13.60" pos="15.11" lane="3/2to2/2_0" slope="0.00"/>
        <vehicle id="10" x="601.65" y="232.92" angle="180.00" type="DEFAULT_VEHTYPE" speed="12.18" pos="28.17" lane="3/1to3/2_0" slope="0.00"/>
        <vehicle id="11" x="201.65" y="419.06" angle="180.00" type="DEFAULT_VEHTYPE" speed="13.82" pos="14.31" lane="1/2to1/3_0" slope="0.00"/>
        <vehicle id="15" x="523.55" y="198.35" angle="90.00" type="DEFAULT_VEHTYPE" speed="13.68" pos="118.80" lane="2/1to3/1_0" slope="0.00"/>
        <vehicle id="16" x="166.04" y="398.35" angle="90.00" type="DEFAULT_VEHTYPE" speed="13.00" pos="166.04" lane="0/2to1/2_0" slope="0.00"/>
        <vehicle id="17" x="201.65" y="297.89" angle="180.00" type="DEFAULT_VEHTYPE" speed="12.63" pos="93.14" lane="1/1to1/2_0" slope="0.00"/>
        <vehicle id="18" x="74.78" y="201.65" angle="-90.00" type="DEFAULT_VEHTYPE" speed="13.75" pos="120.47" lane="1/1to0/1_0" slope="0.00"/>
        <vehicle id="2" x="198.35" y="147.53" angle="0.00" type="DEFAULT_VEHTYPE" speed="13.77" pos="47.72" lane="1/1to1/0_0" slope="0.00"/>
        <vehicle id="24" x="398.35" y="463.11" angle="0.00" type="DEFAULT_VEHTYPE" speed="12.95" pos="132.14" lane="2/3to2/2_0" slope="0.00"/>
        <vehicle id="28" x="526.65" y="401.65" angle="-90.00" type="DEFAULT_VEHTYPE" speed="13.07" pos="68.60" lane="3/2to2/2_0" slope="0.00"/>
        <vehicle id="29" x="398.35" y="214.61" angle="0.00" type="DEFAULT_VEHTYPE" speed="12.93" pos="180.64" lane="2/2to2/1_0" slope="0.00"/>
        <vehicle id="3" x="598.35" y="501.35" angle="0.00" type="DEFAULT_VEHTYPE" speed="13.34" pos="93.90" lane="3/3to3/2_0" slope="0.00"/>
        <vehicle id="33" x="746.17" y="198.35" angle="90.00" type="DEFAULT_VEHTYPE" speed="13.70" pos="141.42" lane="3/1to4/1_0" slope="0.00"/>
        <vehicle id="37" x="401.65" y="689.33" angle="180.00" type="DEFAULT_VEHTYPE" speed="13.32" pos="84.58" lane="2/3to2/4_0" slope="0.00"/>
        <vehicle id="39" x="601.65" y="308.51" angle="180.00" type="DEFAULT_VEHTYPE" speed="13.39" pos="103.76" lane="3/1to3/2_0" slope="0.00"/>
        <vehicle id="40" x="494.83" y="401.65" angle="-90.00" type="DEFAULT_VEHTYPE" speed="13.70" pos="100.42" lane="3/2to2/2_0" slope="0.00"/>
        <vehicle id="42" x="373.81" y="401.65" angle="-90.00" type="DEFAULT_VEHTYPE" speed="12.65" pos="21.44" lane="2/2to1/2_0" slope="0.00"/>
        <vehicle id="43" x="401.65" y="759.15" angle="180.00" type="DEFAULT_VEHTYPE" speed="12.74" pos="154.40" lane="2/3to2/4_0" slope="0.00"/>
        <vehicle id="44" x="140.47" y="198.35" angle="90.00" type="DEFAULT_VEHTYPE" speed="12.84" pos="140.47" lane="0/1to1/1_0" slope="0.00"/>
        <vehicle id="48" x="329.27" y="401.65" angle="-90.00" type="DEFAULT_VEHTYPE" speed="13.11" pos="65.98" lane="2/2to1/2_0" slope="0.00"/>
        <vehicle id="49" x="401.65" y="642.26" angle="180.00" type="DEFAULT_VEHTYPE" speed="13.14" pos="37.51" lane="2/3to2/4_0" slope="0.00"/>
        <vehicle id="5" x="398.35" y="719.72" angle="0.00" type="DEFAULT_VEHTYPE" speed="12.72" pos="80.28" lane="2/4to2/3_0" slope="0.00"/>
        <vehicle id="6" x="400.43" y="600.59" angle="116.22" type="DEFAULT_VEHTYPE" speed="6.14" pos="5.91" lane=":2/3_14_0" slope="0.00"/>
        <vehicle id="7" x="231.46" y="401.65" angle="-90.00" type="DEFAULT_VEHTYPE" speed="13.77" pos="163.79" lane="2/2to1/2_0" slope="0.00"/>
        <vehicle id="8" x="788.81" y="198.35" angle="90.00" type="DEFAULT_VEHTYPE" speed="13.39" pos="184.06" lane="3/1to4/1_0" slope="0.00"/>
        <vehicle id="9" x="598.35" y="552.98" angle="0.00" type="DEFAULT_VEHTYPE" speed="12.69" pos="42.27" lane="3/3to3/2_0" slope="0.00"/>
    </timestep>
    <timestep time="399.00">
        <vehicle id="0" x="566.81" y="401.65" angle="-90.00" type="DEFAULT_VEHTYPE" speed="13.33" pos="28.44" lane="3/2to2/2_0" slope="0.00"/>
        <vehicle id="10" x="601.65" y="245.89" angle="180.00" type="DEFAULT_VEHTYPE" speed="12.97" pos="41.14" lane="3/1to3/2_0" slope="0.00"/>
        <vehicle id="11" x="201.65" y="431.99" angle="180.00" type="DEFAULT_VEHTYPE" speed="12.93" pos="27.24" lane="1/2to1/3_0" slope="0.00"/>
        <vehicle id="15" x="536.50" y="198.35" angle="90.00" type="DEFAULT_VEHTYPE" speed="12.95" pos="131.75" lane="2/1to3/1_0" slope="0.00"/>
        <vehicle id="16" x="177.21" y="398.35" angle="90.00" type="DEFAULT_VEHTYPE" speed="11.17" pos="177.21" lane="0/2to1/2_0" slope="0.00"/>
        <vehicle id="17" x="201.65" y="310.71" angle="180.00" type="DEFAULT_VEHTYPE" speed="12.81" pos="105.96" lane="1/1to1/2_0" slope="0.00"/>
        <vehicle id="18" x="61.26" y="201.65" angle="-90.00" type="DEFAULT_VEHTYPE" speed="13.52" pos="133.99" lane="1/1to0/1_0" slope="0.00"/>
        <vehicle id="2" x="198.35" y="133.97" angle="0.00" type="DEFAULT_VEHTYPE" speed="13.56" pos="61.28" lane="1/1to1/0_0" slope="0.00"/>
        <vehicle id="24" x="398.35" y="449.88" angle="0.00" type="DEFAULT_VEHTYPE" speed="13.23" pos="145.37" lane="2/3to2/2_0" slope="0.00"/>
        <vehicle id="28" x="512.99" y="401.65" angle="-90.00" type="DEFAULT_VEHTYPE" speed="13.67" pos="82.26" lane="3/2to2/2_0" slope="0.00"/>
        <vehicle id="29" x="398.35" y="201.83" angle="0.00" type="DEFAULT_VEHTYPE" speed="12.78" pos="2.92" lane=":2/1_1_0" slope="0.00"/>
        <vehicle id="3" x="598.35" y="488.64" angle="0.00" type="DEFAULT_VEHTYPE" speed="12.71" pos="106.61" lane="3/3to3/2_0" slope="0.00"/>
        <vehicle id="33" x="759.55" y="198.35" angle="90.00" type="DEFAULT_VEHTYPE" speed="13.38" pos="154.80" lane="3/1to4/1_0" slope="0.00"/>
        <vehicle id="37" x="401.65" y="702.36" angle="180.00" type="DEFAULT_VEHTYPE" speed="13.03" pos="97.61" lane="2/3to2/4_0" slope="0.00"/>
        <vehicle id="39" x="601.65" y="322.36" angle="180.00" type="DEFAULT_VEHTYPE" speed="13.86" pos="117.61" lane="3/1to3/2_0" slope="0.00"/>
        <vehicle id="40" x="481.20" y="401.65" angle="-90.00" type="DEFAULT_VEHTYPE" speed="13.64" pos="114.05" lane="3/2to2/2_0" slope="0.00"/>
        <vehicle id="42" x="359.95" y="401.65" angle="-90.00" type="DEFAULT_VEHTYPE" speed="13.86" pos="35.30" lane="2/2to1/2_0" slope="0.00"/>
        <vehicle id="43" x="401.65" y="772.80" angle="180.00" type="DEFAULT_VEHTYPE" speed="13.65" pos="168.05" lane="2/3to2/4_0" slope="0.00"/>
        <vehicle id="44" x="154.03" y="198.35" angle="90.00" type="DEFAULT_VEHTYPE" speed="13.56" pos="154.03" lane="0/1to1/1_0" slope="0.00"/>
        <vehicle id="48" x="315.65" y="401.65" angle="-90.00" type="DEFAULT_VEHTYPE" speed="13.61" pos="79.60" lane="2/2to1/2_0" slope="0.00"/>
        <vehicle id="49" x="401.65" y="655.62" angle="180.00" type="DEFAULT_VEHTYPE" speed="13.36" pos="50.87" lane="2/3to2/4_0" slope="0.00"/>
        <vehicle id="5" x="398.35" y="706.74" angle="0.00" type="DEFAULT_VEHTYPE" speed="12.98" pos="93.26" lane="2/4to2/3_0" slope="0.00"/>
        <vehicle id="6" x="401.65" y="607.91" angle="177.01" type="DEFAULT_VEHTYPE" speed="7.58" pos="3.16" lane="2/3to2/4_0" slope="0.00"/>
        <vehicle id="7" x="220.62" y="401.65" angle="-90.00" type="DEFAULT_VEHTYPE" speed="10.85" pos="174.63" lane="2/2to1/2_0" slope="0.00"/>
        <vehicle id="8" x="801.53" y="200.24" angle="116.06" type="DEFAULT_VEHTYPE" speed="13.87" pos="2.68" lane=":4/1_0_0" slope="0.00"/>
        <vehicle id="9" x="598.35" y="539.43" angle="0.00" type="DEFAULT_VEHTYPE" speed="13.56" pos="55.82" lane="3/3to3/2_0" slope="0.00"/>
    </timestep>
    <timestep time="400.00">
        <vehicle id="0" x="553.23" y="401.65" angle="-90.00" type="DEFAULT_VEHTYPE" speed="13.58" pos="42.02" lane="3/2to2/2_0" slope="0.00"/>
        <vehicle id="10" x="601.65" y="259.02" angle="180.00" type="DEFAULT_VEHTYPE" speed="13.13" pos="54.27" lane="3/1to3/2_0" slope="0.00"/>
        <vehicle id="11" x="201.65" y="445.83" angle="180.00" type="DEFAULT_VEHTYPE" speed="13.84" pos="41.08" lane="1/2to1/3_0" slope="0.00"/>
        <vehicle id="15" x="549.23" y="198.35" angle="90.00" type="DEFAULT_VEHTYPE" speed="12.73" pos="144.48" lane="2/1to3/1_0" slope="0.00"/>
        <vehicle id="16" x="184.68" y="398.35" angle="90.00" type="DEFAULT_VEHTYPE" speed="7.47" pos="184.68" lane="0/2to1/2_0" slope="0.00"/>
        <vehicle id="17" x="201.65" y="323.35" angle="180.00" type="DEFAULT_VEHTYPE" speed="12.64" pos="118.60" lane="1/1to1/2_0" slope="0.00"/>
        <vehicle id="18" x="48.45" y="201.65" angle="-90.00" type="DEFAULT_VEHTYPE" speed="12.81" pos="146.80" lane="1/1to0/1_0" slope="0.00"/>
        <vehicle id="2" x="198.35" y="121.19" angle="0.00" type="DEFAULT_VEHTYPE" speed="12.78" pos="74.06" lane="1/1to1/0_0" slope="0.00"/>
        <vehicle id="24" x="398.35" y="436.22" angle="0.00" type="DEFAULT_VEHTYPE" speed="13.66" pos="159.03" lane="2/3to2/2_0" slope="0.00"/>
        <vehicle id="28" x="499.32" y="401.65" angle="-90.00" type="DEFAULT_VEHTYPE" speed="13.66" pos="95.93" lane="3/2to2/2_0" slope="0.00"/>
        <vehicle id="29" x="398.35" y="188.95" angle="0.00" type="DEFAULT_VEHTYPE" speed="12.88" pos="6.30" lane="2/1to2/0_0" slope="0.00"/>
        <vehicle id="3" x="598.35" y="475.03" angle="0.00" type="DEFAULT_VEHTYPE" speed="13.61" pos="120.22" lane="3/3to3/2_0" slope="0.00"/>
        <vehicle id="33" x="772.95" y="198.35" angle="90.00" type="DEFAULT_VEHTYPE" speed="13.39" pos="168.20" lane="3/1to4/1_0" slope="0.00"/>
        <vehicle id="37" x="401.65" y="716.20" angle="180.00" type="DEFAULT_VEHTYPE" speed="13.84" pos="111.45" lane="2/3to2/4_0" slope="0.00"/>
        <vehicle id="39" x="601.65" y="335.04" angle="180.00" type="DEFAULT_VEHTYPE" speed="12.68" pos="130.29" lane="3/1to3/2_0" slope="0.00"/>
        <vehicle id="40" x="468.53" y="401.65" angle="-90.00" type="DEFAULT_VEHTYPE" speed="12.66" pos="126.72" lane="3/2to2/2_0" slope="0.00"/>
        <vehicle id="42" x="346.60" y="401.65" angle="-90.00" type="DEFAULT_VEHTYPE" speed="13.35" pos="48.65" lane="2/2to1/2_0" slope="0.00"/>
        <vehicle id="43" x="401.65" y="785.44" angle="180.00" type="DEFAULT_VEHTYPE" speed="12.65" pos="180.69" lane="2/3to2/4_0" slope="0.00"/>
        <vehicle id="44" x="167.79" y="198.35" angle="90.00" type="DEFAULT_VEHTYPE" speed="13.76" pos="167.79" lane="0/1to1/1_0" slope="0.00"/>
        <vehicle id="48" x="301.82" y="401.65" angle="-90.00" type="DEFAULT_VEHTYPE" speed="13.83" pos="93.43" lane="2/2to1/2_0" slope="0.00"/>
        <vehicle id="49" x="401.65" y="668.26" angle="180.00" type="DEFAULT_VEHTYPE" speed="12.64" pos="63.51" lane="2/3to2/4_0" slope="0.00"/>
        <vehicle id="5" x="398.35" y="694.02" angle="0.00" type="DEFAULT_VEHTYPE" speed="12.73" pos="105.98" lane="2/4to2/3_0" slope="0.00"/>
        <vehicle id="6" x="401.65" y="617.36" angle="180.00" type="DEFAULT_VEHTYPE" speed="9.45" pos="12.61" lane="2/3to2/4_0" slope="0.00"/>
        <vehicle id="7" x="214.27" y="401.65" angle="-90.00" type="DEFAULT_VEHTYPE" speed="6.35" pos="180.98" lane="2/2to1/2_0" slope="0.00"/>
        <vehicle id="8" x="789.47" y="201.65" angle="-90.00" type="DEFAULT_VEHTYPE" speed="12.67" pos="10.53" lane="4/1to3/1_0" slope="0.00"/>
        <vehicle id="9" x="598.35" y="526.72" angle="0.00" type="DEFAULT_VEHTYPE" speed="12.70" pos="68.53" lane="3/3to3/2_0" slope="0.00"/>
    </timestep>
    <timestep time="401.00">
        <vehicle id="0" x="540.36" y="401.65" angle="-90.00" type="DEFAULT_VEHTYPE" speed="12.87" pos="54.89" lane="3/2to2/2_0" slope="0.00"/>
        <vehicle id="10" x="601.65" y="272.27" angle="180.00" type="DEFAULT_VEHTYPE" speed="13.25" pos="67.52" lane="3/1to3/2_0" slope="0.00"/>
        <vehicle id="11" x="201.65" y="458.50" angle="180.00" type="DEFAULT_VEHTYPE" speed="12.67" pos="53.75" lane="1/2to1/3_0" slope="0.00"/>
        <vehicle id="15" x="562.99" y="198.35" angle="90.00" type="DEFAULT_VEHTYPE" speed="13.75" pos="158.24" lane="2/1to3/1_0" slope="0.00"/>
        <vehicle id="16" x="188.81" y="398.35" angle="90.00" type="DEFAULT_VEHTYPE" speed="4.13" pos="188.81" lane="0/2to1/2_0" slope="0.00"/>
        <vehicle id="17" x="201.65" y="336.65" angle="180.00" type="DEFAULT_VEHTYPE" speed="13.31" pos="131.90" lane="1/1to1/2_0" slope="0.00"/>
        <vehicle id="18" x="35.08" y="201.65" angle="-90.00" type="DEFAULT_VEHTYPE" speed="13.37" pos="160.17" lane="1/1to0/1_0" slope="0.00"/>
        <vehicle id="2" x="198.35" y="107.43" angle="0.00" type="DEFAULT_VEHTYPE" speed="13.76" pos="87.82" lane="1/1to1/0_0" slope="0.00"/>
        <vehicle id="24" x="398.35" y="423.61" angle="0.00" type="DEFAULT_VEHTYPE" speed="12.61" pos="171.64" lane="2/3to2/2_0" slope="0.00"/>
        <vehicle id="28" x="486.61" y="401.65" angle="-90.00" type="DEFAULT_VEHTYPE" speed="12.71" pos="108.64" lane="3/2to2/2_0" slope="0.00"/>
        <vehicle id="29" x="398.35" y="175.79" angle="0.00" type="DEFAULT_VEHTYPE" speed="13.15" pos="19.46" lane="2/1to2/0_0" slope="0.00"/>
        <vehicle id="3" x="598.35" y="461.21" angle="0.00" type="DEFAULT_VEHTYPE" speed="13.83" pos="134.04" lane="3/3to3/2_0" slope="0.00"/>
        <vehicle id="33" x="785.84" y="198.35" angle="90.00" type="DEFAULT_VEHTYPE" speed="12.89" pos="181.09" lane="3/1to4/1_0" slope="0.00"/>
        <vehicle id="37" x="401.65" y="729.32" angle="180.00" type="DEFAULT_VEHTYPE" speed="13.12" pos="124.57" lane="2/3to2/4_0" slope="0.00"/>
        <vehicle id="39" x="601.65" y="348.47" angle="180.00" type="DEFAULT_VEHTYPE" speed="13.43" pos="143.72" lane="3/1to3/2_0" slope="0.00"/>
        <vehicle id="40" x="455.26" y="401.65" angle="-90.00" type="DEFAULT_VEHTYPE" speed="13.27" pos="139.99" lane="3/2to2/2_0" slope="0.00"/>
        <vehicle id="42" x="333.51" y="401.65" angle="-90.00" type="DEFAULT_VEHTYPE" speed="13.09" pos="61.74" lane="2/2to1/2_0" slope="0.00"/>
        <vehicle id="43" x="401.65" y="799.08" angle="180.00" type="DEFAULT_VEHTYPE" speed="13.64" pos="194.33" lane="2/3to2/4_0" slope="0.00"/>
        <vehicle id="44" x="178.19" y="198.35" angle="90.00" type="DEFAULT_VEHTYPE" speed="10.40" pos="178.19" lane="0/1to1/1_0" slope="0.00"/>
        <vehicle id="48" x="287.99" y="401.65" angle="-90.00" type="DEFAULT_VEHTYPE" speed="13.83" pos="107.26" lane="2/2to1/2_0" slope="0.00"/>
        <vehicle id="49" x="401.65" y="681.33" angle="180.00" type="DEFAULT_VEHTYPE" speed="13.07" pos="76.58" lane="2/3to2/4_0" slope="0.00"/>
        <vehicle id="5" x="398.35" y="680.66" angle="0.00" type="DEFAULT_VEHTYPE" speed="13.35" pos="119.34" lane="2/4to2/3_0" slope="0.00"/>
        <vehicle id="6" x="401.65" y="628.85" angle="180.00" type="DEFAULT_VEHTYPE" speed="11.49" pos="24.10" lane="2/3to2/4_0" slope="0.00"/>
        <vehicle id="7" x="209.79" y="401.65" angle="-90.00" type="DEFAULT_VEHTYPE" speed="4.48" pos="185.46" lane="2/2to1/2_0" slope="0.00"/>
        <vehicle id="8" x="776.41" y="201.65" angle="-90.00" type="DEFAULT_VEHTYPE" speed="13.06" pos="23.59" lane="4/1to3/1_0" slope="0.00"/>
        <vehicle id="9" x="598.35" y="513.47" angle="0.00" type="DEFAULT_VEHTYPE" speed="13.25" pos="81.78" lane="3/3to3/2_0" slope="0.00"/>
    </timestep>
    <timestep time="402.00">
        <vehicle id="0" x="527.54" y="401.65" angle="-90.00" type="DEFAULT_VEHTYPE" speed="12.82" pos="67.71" lane="3/2to2/2_0" slope="0.00"/>
        <vehicle id="10" x="601.65" y="285.91" angle="180.00" type="DEFAULT_VEHTYPE" speed="13.63" pos="81.16" lane="3/1to3/2_0" slope="0.00"/>
        <vehicle id="11" x="201.65" y="472.32" angle="180.00" type="DEFAULT_VEHTYPE" speed="13.83" pos="67.57" lane="1/2to1/3_0" slope="0.00"/>
        <vehicle id="15" x="574.17" y="198.35" angle="90.00" type="DEFAULT_VEHTYPE" speed="11.18" pos="169.42" lane="2/1to3/1_0" slope="0.00"/>
        <vehicle id="16" x="191.50" y="398.35" angle="90.00" type="DEFAULT_VEHTYPE" speed="2.69" pos="191.50" lane="0/2to1/2_0" slope="0.00"/>
        <vehicle id="17" x="201.65" y="349.84" angle="180.00" type="DEFAULT_VEHTYPE" speed="13.18" pos="145.09" lane="1/1to1/2_0" slope="0.00"/>
        <vehicle id="18" x="22.47" y="201.65" angle="-90.00" type="DEFAULT_VEHTYPE" speed="12.61" pos="172.78" lane="1/1to0/1_0" slope="0.00"/>
        <vehicle id="2" x="198.35" y="94.26" angle="0.00" type="DEFAULT_VEHTYPE" speed="13.16" pos="100.99" lane="1/1to1/0_0" slope="0.00"/>
        <vehicle id="24" x="398.35" y="410.88" angle="0.00" type="DEFAULT_VEHTYPE" speed="12.73" pos="184.37" lane="2/3to2/2_0" slope="0.00"/>
        <vehicle id="28" x="473.50" y="401.65" angle="-90.00" type="DEFAULT_VEHTYPE" speed="13.10" pos="121.75" lane="3/2to2/2_0" slope="0.00"/>
        <vehicle id="29" x="398.35" y="162.38" angle="0.00" type="DEFAULT_VEHTYPE" speed="13.42" pos="32.87" lane="2/1to2/0_0" slope="0.00"/>
        <vehicle id="3" x="598.35" y="448.01" angle="0.00" type="DEFAULT_VEHTYPE" speed="13.20" pos="147.24" lane="3/3to3/2_0" slope="0.00"/>
        <vehicle id="33" x="799.49" y="198.35" angle="90.00" type="DEFAULT_VEHTYPE" speed="13.65" pos="194.74" lane="3/1to4/1_0" slope="0.00"/>
        <vehicle id="37" x="401.65" y="742.01" angle="180.00" type="DEFAULT_VEHTYPE" speed="12.69" pos="137.26" lane="2/3to2/4_0" slope="0.00"/>
        <vehicle id="39" x="601.65" y="361.37" angle="180.00" type="DEFAULT_VEHTYPE" speed="12.89" pos="156.62" lane="3/1to3/2_0" slope="0.00"/>
        <vehicle id="40" x="442.61" y="401.65" angle="-90.00" type="DEFAULT_VEHTYPE" speed="12.65" pos="152.64" lane="3/2to2/2_0" slope="0.00"/>
        <vehicle id="42" x="319.75" y="401.65" angle="-90.00" type="DEFAULT_VEHTYPE" speed="13.77" pos="75.50" lane="2/2to1/2_0" slope="0.00"/>
        <vehicle id="43" x="398.35" y="792.19" angle="0.00" type="DEFAULT_VEHTYPE" speed="13.55" pos="7.81" lane="2/4to2/3_0" slope="0.00"/>
        <vehicle id="44" x="185.04" y="198.35" angle="90.00" type="DEFAULT_VEHTYPE" speed="6.85" pos="185.04" lane="0/1to1/1_0" slope="0.00"/>
        <vehicle id="48" x="274.60" y="401.65" angle="-90.00" type="DEFAULT_VEHTYPE" speed="13.39" pos="120.65" lane="2/2to1/2_0" slope="0.00"/>
        <vehicle id="49" x="401.65" y="694.05" angle="180.00" type="DEFAULT_VEHTYPE" speed="12.72" pos="89.30" lane="2/3to2/4_0" slope="0.00"/>
        <vehicle id="5" x="398.35" y="666.87" angle="0.00" type="DEFAULT_VEHTYPE" speed="13.80" pos="133.13" lane="2/4to2/3_0" slope="0.00"/>
        <vehicle id="6" x="401.65" y="642.20" angle="180.00" type="DEFAULT_VEHTYPE" speed="13.35" pos="37.45" lane="2/3to2/4_0" slope="0.00"/>
        <vehicle id="7" x="203.67" y="401.65" angle="-90.00" type="DEFAULT_VEHTYPE" speed="6.12" pos="1.08" lane=":1/2_5_0" slope="0.00"/>
        <vehicle id="8" x="762.79" y="201.65" angle="-90.00" type="DEFAULT_VEHTYPE" speed="13.62" pos="37.21" lane="4/1to3/1_0" slope="0.00"/>
        <vehicle id="9" x="598.35" y="500.45" angle="0.00" type="DEFAULT_VEHTYPE" speed="13.02" pos="94.80" lane="3/3to3/2_0" slope="0.00"/>
    </timestep>
    <timestep time="403.00">
        <vehicle id="0" x="514.63" y="401.65" angle="-90.00" type="DEFAULT_VEHTYPE" speed="12.91" pos="80.62" lane="3/2to2/2_0" slope="0.00"/>
        <vehicle id="10" x="601.65" y="299.67" angle="180.00" type="DEFAULT_VEHTYPE" speed="13.77" pos="94.92" lane="3/1to3/2_0" slope="0.00"/>
        <vehicle id="11" x="201.65" y="485.94" angle="180.00" type="DEFAULT_VEHTYPE" speed="13.62" pos="81.19" lane="1/2to1/3_0" slope="0.00"/>
        <vehicle id="15" x="582.78" y="198.35" angle="90.00" type="DEFAULT_VEHTYPE" speed="8.61" pos="178.03" lane="2/1to3/1_0" slope="0.00"/>
        <vehicle id="16" x="192.29" y="398.35" angle="90.00" type="DEFAULT_VEHTYPE" speed="0.79" pos="192.29" lane="0/2to1/2_0" slope="0.00"/>
        <vehicle id="17" x="201.65" y="363.61" angle="180.00" type="DEFAULT_VEHTYPE" speed="13.77" pos="158.86" lane="1/1to1/2_0" slope="0.00"/>
        <vehicle id="18" x="9.82" y="201.65" angle="-90.00" type="DEFAULT_VEHTYPE" speed="12.65" pos="185.43" lane="1/1to0/1_0" slope="0.00"/>
        <vehicle id="2" x="198.35" y="80.72" angle="0.00" type="DEFAULT_VEHTYPE" speed="13.54" pos="114.53" lane="1/1to1/0_0" slope="0.00"/>
        <vehicle id="24" x="392.63" y="401.65" angle="-81.68" type="DEFAULT_VEHTYPE" speed="13.75" pos="2.62" lane="2/2to1/2_0" slope="0.00"/>
        <vehicle id="28" x="460.78" y="401.65" angle="-90.00" type="DEFAULT_VEHTYPE" speed="12.73" pos="134.47" lane="3/2to2/2_0" slope="0.00"/>
        <vehicle id="29" x="398.35" y="148.74" angle="0.00" type="DEFAULT_VEHTYPE" speed="13.63" pos="46.51" lane="2/1to2/0_0" slope="0.00"/>
        <vehicle id="3" x="598.35" y="434.51" angle="0.00" type="DEFAULT_VEHTYPE" speed="13.50" pos="160.74" lane="3/3to3/2_0" slope="0.00"/>
        <vehicle id="33" x="792.45" y="201.65" angle="-90.00" type="DEFAULT_VEHTYPE" speed="12.88" pos="7.55" lane="4/1to3/1_0" slope="0.00"/>
        <vehicle id="37" x="401.65" y="755.29" angle="180.00" type="DEFAULT_VEHTYPE" speed="13.28" pos="150.54" lane="2/3to2/4_0" slope="0.00"/>
        <vehicle id="39" x="601.65" y="374.10" angle="180.00" type="DEFAULT_VEHTYPE" speed="12.73" pos="169.35" lane="3/1to3/2_0" slope="0.00"/>
        <vehicle id="40" x="429.74" y="401.65" angle="-90.00" type="DEFAULT_VEHTYPE" speed="12.87" pos="165.51" lane="3/2to2/2_0" slope="0.00"/>
        <vehicle id="42" x="306.65" y="401.65" angle="-90.00" type="DEFAULT_VEHTYPE" speed="13.10" pos="88.60" lane="2/2to1/2_0" slope="0.00"/>
        <vehicle id="43" x="398.35" y="779.14" angle="0.00" type="DEFAULT_VEHTYPE" speed="13.04" pos="20.86" lane="2/4to2/3_0" slope="0.00"/>
        <vehicle id="44" x="189.94" y="198.35" angle="90.00" type="DEFAULT_VEHTYPE" speed="4.90" pos="189.94" lane="0/1to1/1_0" slope="0.00"/>
        <vehicle id="48" x="261.93" y="401.65" angle="-90.00" type="DEFAULT_VEHTYPE" speed="12.67" pos="133.32" lane="2/2to1/2_0" slope="0.00"/>
        <vehicle id="49" x="401.65" y="707.66" angle="180.00" type="DEFAULT_VEHTYPE" speed="13.61" pos="102.91" lane="2/3to2/4_0" slope="0.00"/>
        <vehicle id="5" x="398.35" y="653.79" angle="0.00" type="DEFAULT_VEHTYPE" speed="13.07" pos="146.21" lane="2/4to2/3_0" slope="0.00"/>
        <vehicle id="6" x="401.65" y="655.46" angle="180.00" type="DEFAULT_VEHTYPE" speed="13.26" pos="50.71" lane="2/3to2/4_0" slope="0.00"/>
        <vehicle id="7" x="195.61" y="401.65" angle="-90.00" type="DEFAULT_VEHTYPE" speed="8.06" pos="9.14" lane=":1/2_5_0" slope="0.00"/>
        <vehicle id="8" x="749.37" y="201.65" angle="-90.00" type="DEFAULT_VEHTYPE" speed="13.42" pos="50.63" lane="4/1to3/1_0" slope="0.00"/>
        <vehicle id="9" x="598.35" y="487.14" angle="0.00" type="DEFAULT_VEHTYPE" speed="13.32" pos="108.11" lane="3/3to3/2_0" slope="0.00"/>
    </timestep>
    <timestep time="404.00">
        <vehicle id="0" x="501.21" y="401.65" angle="-90.00" type="DEFAULT_VEHTYPE" speed="13.42" pos="94.04" lane="3/2to2/2_0" slope="0.00"/>
        <vehicle id="10" x="601.65" y="312.85" angle="180.00" type="DEFAULT_VEHTYPE" speed="13.17" pos="108.10" lane="3/1to3/2_0" slope="0.00"/>
        <vehicle id="11" x="201.65" y="499.61" angle="180.00" type="DEFAULT_VEHTYPE" speed="13.67" pos="94.86" lane="1/2to1/3_0" slope="0.00"/>
        <vehicle id="15" x="588.51" y="198.35" angle="90.00" type="DEFAULT_VEHTYPE" speed="5.73" pos="183.76" lane="2/1to3/1_0" slope="0.00"/>
        <vehicle id="16" x="192.56" y="398.35" angle="90.00" type="DEFAULT_VEHTYPE" speed="0.26" pos="192.56" lane="0/2to1/2_0" slope="0.00"/>
        <vehicle id="17" x="201.65" y="377.01" angle="180.00" type="DEFAULT_VEHTYPE" speed="13.40" pos="172.26" lane="1/1to1/2_0" slope="0.00"/>
        <vehicle id="18" x="-1.41" y="199.52" angle="-58.34" type="DEFAULT_VEHTYPE" speed="12.77" pos="2.95" lane=":0/1_0_0" slope="0.00"/>
        <vehicle id="2" x="198.35" y="67.82" angle="0.00" type="DEFAULT_VEHTYPE" speed="12.90" pos="127.43" lane="1/1to1/0_0" slope="0.00"/>
        <vehicle id="24" x="378.87" y="401.65" angle="-90.00" type="DEFAULT_VEHTYPE" speed="13.75" pos="16.38" lane="2/2to1/2_0" slope="0.00"/>
        <vehicle id="28" x="447.09" y="401.65" angle="-90.00" type="DEFAULT_VEHTYPE" speed="13.68" pos="148.16" lane="3/2to2/2_0" slope="0.00"/>
        <vehicle id="29" x="398.35" y="135.82" angle="0.00" type="DEFAULT_VEHTYPE" speed="12.92" pos="59.43" lane="2/1to2/0_0" slope="0.00"/>
        <vehicle id="3" x="598.35" y="420.93" angle="0.00" type="DEFAULT_VEHTYPE" speed="13.58" pos="174.32" lane="3/3to3/2_0" slope="0.00"/>
        <vehicle id="33" x="778.64" y="201.65" angle="-90.00" type="DEFAULT_VEHTYPE" speed="13.81" pos="21.36" lane="4/1to3/1_0" slope="0.00"/>
        <vehicle id="37" x="401.65" y="768.67" angle="180.00" type="DEFAULT_VEHTYPE" speed="13.38" pos="163.92" lane="2/3to2/4_0" slope="0.00"/>
        <vehicle id="39" x="601.65" y="387.56" angle="180.00" type="DEFAULT_VEHTYPE" speed="13.46" pos="182.81" lane="3/1to3/2_0" slope="0.00"/>
        <vehicle id="40" x="420.03" y="401.65" angle="-90.00" type="DEFAULT_VEHTYPE" speed="9.71" pos="175.22" lane="3/2to2/2_0" slope="0.00"/>
        <vehicle id="42" x="294.02" y="401.65" angle="-90.00" type="DEFAULT_VEHTYPE" speed="12.62" pos="101.23" lane="2/2to1/2_0" slope="0.00"/>
        <vehicle id="43" x="398.35" y="766.17" angle="0.00" type="DEFAULT_VEHTYPE" speed="12.97" pos="33.83" lane="2/4to2/3_0" slope="0.00"/>
        <vehicle id="44" x="196.52" y="198.17" angle="87.96" type="DEFAULT_VEHTYPE" speed="6.59" pos="1.28" lane=":1/1_12_0" slope="0.00"/>
        <vehicle id="48" x="248.26" y="401.65" angle="-90.00" type="DEFAULT_VEHTYPE" speed="13.67" pos="146.99" lane="2/2to1/2_0" slope="0.00"/>
        <vehicle id="49" x="401.65" y="721.31" angle="180.00" type="DEFAULT_VEHTYPE" speed="13.65" pos="116.56" lane="2/3to2/4_0" slope="0.00"/>
        <vehicle id="5" x="398.35" y="640.86" angle="0.00" type="DEFAULT_VEHTYPE" speed="12.93" pos="159.14" lane="2/4to2/3_0" slope="0.00"/>
        <vehicle id="6" x="401.65" y="668.20" angle="180.00" type="DEFAULT_VEHTYPE" speed="12.74" pos="63.45" lane="2/3to2/4_0" slope="0.00"/>
        <vehicle id="7" x="186.06" y="401.65" angle="-90.00" type="DEFAULT_VEHTYPE" speed="9.55" pos="9.19" lane="1/2to0/2_0" slope="0.00"/>
        <vehicle id="8" x="735.75" y="201.65" angle="-90.00" type="DEFAULT_VEHTYPE" speed="13.63" pos="64.25" lane="4/1to3/1_0" slope="0.00"/>
        <vehicle id="9" x="598.35" y="474.49" angle="0.00" type="DEFAULT_VEHTYPE" speed="12.65" pos="120.76" lane="3/3to3/2_0" slope="0.00"/>
    </timestep>
    <timestep time="405.00">
        <vehicle id="0" x="487.69" y="401.65" angle="-90.00" type="DEFAULT_VEHTYPE" speed="13.52" pos="107.56" lane="3/2to2/2_0" slope="0.00"/>
        <vehicle id="10" x="601.65" y="326.31" angle="180.00" type="DEFAULT_VEHTYPE" speed="13.47" pos="121.56" lane="3/1to3/2_0" slope="0.00"/>
        <vehicle id="11" x="201.65" y="512.84" angle="180.00" type="DEFAULT_VEHTYPE" speed="13.22" pos="108.09" lane="1/2to1/3_0" slope="0.00"/>
        <vehicle id="15" x="596.50" y="198.35" angle="90.00" type="DEFAULT_VEHTYPE" speed="7.99" pos="1.25" lane=":3/1_13_0" slope="0.00"/>
        <vehicle id="16" x="192.68" y="398.35" angle="90.00" type="DEFAULT_VEHTYPE" speed="0.12" pos="192.68" lane="0/2to1/2_0" slope="0.00"/>
        <vehicle id="17" x="201.65" y="390.39" angle="180.00" type="DEFAULT_VEHTYPE" speed="13.38" pos="185.64" lane="1/1to1/2_0" slope="0.00"/>
        <vehicle id="18" x="12.02" y="198.35" angle="90.00" type="DEFAULT_VEHTYPE" speed="13.89" pos="12.02" lane="0/1to1/1_0" slope="0.00"/>
        <vehicle id="2" x="198.35" y="54.21" angle="0.00" type="DEFAULT_VEHTYPE" speed="13.61" pos="141.04" lane="1/1to1/0_0" slope="0.00"/>
        <vehicle id="24" x="365.09" y="401.65" angle="-90.00" type="DEFAULT_VEHTYPE" speed="13.79" pos="30.16" lane="2/2to1/2_0" slope="0.00"/>
        <vehicle id="28" x="435.52" y="401.65" angle="-90.00" type="DEFAULT_VEHTYPE" speed="11.57" pos="159.73" lane="3/2to2/2_0" slope="0.00"/>
        <vehicle id="29" x="398.35" y="123.02" angle="0.00" type="DEFAULT_VEHTYPE" speed="12.81" pos="72.23" lane="2/1to2/0_0" slope="0.00"/>
        <vehicle id="3" x="598.35" y="407.17" angle="0.00" type="DEFAULT_VEHTYPE" speed="13.77" pos="188.08" lane="3/3to3/2_0" slope="0.00"/>
        <vehicle id="33" x="765.40" y="201.65" angle="-90.00" type="DEFAULT_VEHTYPE" speed="13.24" pos="34.60" lane="4/1to3/1_0" slope="0.00"/>
        <vehicle id="37" x="401.65" y="781.28" angle="180.00" type="DEFAULT_VEHTYPE" speed="12.61" pos="176.53" lane="2/3to2/4_0" slope="0.00"/>
        <vehicle id="39" x="601.65" y="401.37" angle="180.00" type="DEFAULT_VEHTYPE" speed="13.81" pos="6.12" lane=":3/2_9_0" slope="0.00"/>
        <vehicle id="40" x="413.39" y="401.65" angle="-90.00" type="DEFAULT_VEHTYPE" speed="6.64" pos="181.86" lane="3/2to2/2_0" slope="0.00"/>
        <vehicle id="42" x="280.57" y="401.65" angle="-90.00" type="DEFAULT_VEHTYPE" speed="13.45" pos="114.68" lane="2/2to1/2_0" slope="0.00"/>
        <vehicle id="43" x="398.35" y="753.41" angle="0.00" type="DEFAULT_VEHTYPE" speed="12.76" pos="46.59" lane="2/4to2/3_0" slope="0.00"/>
        <vehicle id="44" x="198.35" y="190.14" angle="0.00" type="DEFAULT_VEHTYPE" speed="8.82" pos="5.11" lane="1/1to1/0_0" slope="0.00"/>
        <vehicle id="48" x="234.61" y="401.65" angle="-90.00" type="DEFAULT_VEHTYPE" speed="13.65" pos="160.64" lane="2/2to1/2_0" slope="0.00"/>
        <vehicle id="49" x="401.65" y="734.66" angle="180.00" type="DEFAULT_VEHTYPE" speed="13.36" pos="129.91" lane="2/3to2/4_0" slope="0.00"/>
        <vehicle id="5" x="398.35" y="627.43" angle="0.00" type="DEFAULT_VEHTYPE" speed="13.43" pos="172.57" lane="2/4to2/3_0" slope="0.00"/>
        <vehicle id="6" x="401.65" y="681.22" angle="180.00" type="DEFAULT_VEHTYPE" speed="13.02" pos="76.47" lane="2/3to2/4_0" slope="0.00"/>
        <vehicle id="7" x="174.30" y="401.65" angle="-90.00" type="DEFAULT_VEHTYPE" speed="11.76" pos="20.95" lane="1/2to0/2_0" slope="0.00"/>
        <vehicle id="8" x="722.96" y="201.65" angle="-90.00" type="DEFAULT_VEHTYPE" speed="12.79" pos="77.04" lane="4/1to3/1_0" slope="0.00"/>
        <vehicle id="9" x="598.35" y="460.90" angle="0.00" type="DEFAULT_VEHTYPE" speed="13.59" pos="134.35" lane="3/3to3/2_0" slope="0.00"/>
    </timestep>
    <timestep time="406.00">
        <vehicle id="0" x="474.92" y="401.65" angle="-90.00" type="DEFAULT_VEHTYPE" speed="12.77" pos="120.33" lane="3/2to2/2_0" slope="0.00"/>
        <vehicle id="10" x="601.65" y="339.51" angle="180.00" type="DEFAULT_VEHTYPE" speed="13.20" pos="134.76" lane="3/1to3/2_0" slope="0.00"/>
        <vehicle id="11" x="201.65" y="526.10" angle="180.00" type="DEFAULT_VEHTYPE" speed="13.26" pos="121.35" lane="1/2to1/3_0" slope="0.00"/>
        <vehicle id="15" x="606.87" y="198.35" angle="90.00" type="DEFAULT_VEHTYPE" speed="10.37" pos="2.12" lane="3/1to4/1_0" slope="0.00"/>
        <vehicle id="16" x="192.75" y="398.35" angle="90.00" type="DEFAULT_VEHTYPE" speed="0.07" pos="192.75" lane="0/2to1/2_0" slope="0.00"/>
        <vehicle id="17" x="201.65" y="403.76" angle="180.00" type="DEFAULT_VEHTYPE" speed="13.37" pos="8.51" lane=":1/2_9_0" slope="0.00"/>
        <vehicle id="18" x="24.77" y="198.35" angle="90.00" type="DEFAULT_VEHTYPE" speed="12.75" pos="24.77" lane="0/1to1/1_0" slope="0.00"/>
        <vehicle id="2" x="198.35" y="41.21" angle="0.00" type="DEFAULT_VEHTYPE" speed="13.00" pos="154.04" lane="1/1to1/0_0" slope="0.00"/>
        <vehicle id="24" x="351.42" y="401.65" angle="-90.00" type="DEFAULT_VEHTYPE" speed="13.66" pos="43.83" lane="2/2to1/2_0" slope="0.00"/>
        <vehicle id="28" x="426.05" y="401.65" angle="-90.00" type="DEFAULT_VEHTYPE" speed="9.47" pos="169.20" lane="3/2to2/2_0" slope="0.00"/>
        <vehicle id="29" x="398.35" y="109.68" angle="0.00" type="DEFAULT_VEHTYPE" speed="13.33" pos="85.57" lane="2/1to2/0_0" slope="0.00"/>
        <vehicle id="3" x="589.67" y="401.65" angle="-90.00" type="DEFAULT_VEHTYPE" speed="12.99" pos="5.58" lane="3/2to2/2_0" slope="0.00"/>
        <vehicle id="33" x="752.56" y="201.65" angle="-90.00" type="DEFAULT_VEHTYPE" speed="12.84" pos="47.44" lane="4/1to3/1_0" slope="0.00"/>
        <vehicle id="37" x="401.65" y="794.36" angle="180.00" type="DEFAULT_VEHTYPE" speed="13.08" pos="189.61" lane="2/3to2/4_0" slope="0.00"/>
        <vehicle id="39" x="601.65" y="415.18" angle="180.00" type="DEFAULT_VEHTYPE" speed="13.81" pos="10.43" lane="3/2to3/3_0" slope="0.00"/>
        <vehicle id="40" x="409.37" y="401.65" angle="-90.00" type="DEFAULT_VEHTYPE" speed="4.02" pos="185.88" lane="3/2to2/2_0" slope="0.00"/>
        <vehicle id="42" x="267.10" y="401.65" angle="-90.00" type="DEFAULT_VEHTYPE" speed="13.47" pos="128.15" lane="2/2to1/2_0" slope="0.00"/>
        <vehicle id="43" x="398.35" y="739.93" angle="0.00" type="DEFAULT_VEHTYPE" speed="13.48" pos="60.07" lane="2/4to2/3_0" slope="0.00"/>
        <vehicle id="44" x="198.35" y="178.85" angle="0.00" type="DEFAULT_VEHTYPE" speed="11.30" pos="16.40" lane="1/1to1/0_0" slope="0.00"/>
        <vehicle id="48" x="223.90" y="401.65" angle="-90.00" type="DEFAULT_VEHTYPE" speed="10.71" pos="171.35" lane="2/2to1/2_0" slope="0.00"/>
        <vehicle id="49" x="401.65" y="748.00" angle="180.00" type="DEFAULT_VEHTYPE" speed="13.33" pos="143.25" lane="2/3to2/4_0" slope="0.00"/>
        <vehicle id="5" x="398.35" y="614.76" angle="0.00" type="DEFAULT_VEHTYPE" speed="12.67" pos="185.24" lane="2/4to2/3_0" slope="0.00"/>
        <vehicle id="6" x="401.65" y="694.47" angle="180.00" type="DEFAULT_VEHTYPE" speed="13.25" pos="89.72" lane="2/3to2/4_0" slope="0.00"/>
        <vehicle id="7" x="161.67" y="401.65" angle="-90.00" type="DEFAULT_VEHTYPE" speed="12.63" pos="33.58" lane="1/2to0/2_0" slope="0.00"/>
        <vehicle id="8" x="709.86" y="201.65" angle="-90.00" type="DEFAULT_VEHTYPE" speed="13.10" pos="90.14" lane="4/1to3/1_0" slope="0.00"/>
        <vehicle id="9" x="598.35" y="447.09" angle="0.00" type="DEFAULT_VEHTYPE" speed="13.81" pos="148.16" lane="3/3to3/2_0" slope="0.00"/>
    </timestep>
    <timestep time="407.00">
        <vehicle id="0" x="461.31" y="401.65" angle="-90.00" type="DEFAULT_VEHTYPE" speed="13.60" pos="133.94" lane="3/2to2/2_0" slope="0.00"/>
        <vehicle id="10" x="601.65" y="353.24" angle="180.00" type="DEFAULT_VEHTYPE" speed="13.73" pos="148.49" lane="3/1to3/2_0" slope="0.00"/>
        <vehicle id="11" x="201.65" y="539.21" angle="180.00" type="DEFAULT_VEHTYPE" speed="13.11" pos="134.46" lane="1/2to1/3_0" slope="0.00"/>
        <vehicle id="15" x="619.83" y="198.35" angle="90.00" type="DEFAULT_VEHTYPE" speed="12.96" pos="15.08" lane="3/1to4/1_0" slope="0.00"/>
        <vehicle id="16" x="192.75" y="398.35" angle="90.00" type="DEFAULT_VEHTYPE" speed="0.00" pos="192.75" lane="0/2to1/2_0" slope="0.00"/>
        <vehicle id="17" x="201.65" y="417.52" angle="180.00" type="DEFAULT_VEHTYPE" speed="13.75" pos="12.77" lane="1/2to1/3_0" slope="0.00"/>
        <vehicle id="18" x="37.38" y="198.35" angle="90.00" type="DEFAULT_VEHTYPE" speed="12.61" pos="37.38" lane="0/1to1/1_0" slope="0.00"/>
        <vehicle id="2" x="198.35" y="27.38" angle="0.00" type="DEFAULT_VEHTYPE" speed="13.83" pos="167.87" lane="1/1to1/0_0" slope="0.00"/>
        <vehicle id="24" x="338.82" y="401.65" angle="-90.00" type="DEFAULT_VEHTYPE" speed="12.60" pos="56.43" lane="2/2to1/2_0" slope="0.00"/>
        <vehicle id="28" x="421.08" y="401.65" angle="-90.00" type="DEFAULT_VEHTYPE" speed="4.97" pos="174.17" lane="3/2to2/2_0" slope="0.00"/>
        <vehicle id="29" x="398.35" y="96.54" angle="0.00" type="DEFAULT_VEHTYPE" speed="13.14" pos="98.71" lane="2/1to2/0_0" slope="0.00"/>
        <vehicle id="3" x="576.81" y="401.65" angle="-90.00" type="DEFAULT_VEHTYPE" speed="12.87" pos="18.44" lane="3/2to2/2_0" slope="0.00"/>
        <vehicle id="33" x="738.67" y="201.65" angle="-90.00" type="DEFAULT_VEHTYPE" speed="13.89" pos="61.33" lane="4/1to3/1_0" slope="0.00"/>
        <vehicle id="37" x="398.35" y="797.72" angle="-26.91" type="DEFAULT_VEHTYPE" speed="12.74" pos="2.28" lane="2/4to2/3_0" slope="0.00"/>
        <vehicle id="39" x="601.65" y="427.78" angle="180.00" type="DEFAULT_VEHTYPE" speed="12.60" pos="23.03" lane="3/2to3/3_0" slope="0.00"/>
        <vehicle id="40" x="403.73" y="401.65" angle="-90.00" type="DEFAULT_VEHTYPE" speed="5.63" pos="1.02" lane=":2/2_5_0" slope="0.00"/>
        <vehicle id="42" x="254.41" y="401.65" angle="-90.00" type="DEFAULT_VEHTYPE" speed="12.69" pos="140.84" lane="2/2to1/2_0" slope="0.00"/>
        <vehicle id="43" x="398.35" y="726.23" angle="0.00" type="DEFAULT_VEHTYPE" speed="13.70" pos="73.77" lane="2/4to2/3_0" slope="0.00"/>
        <vehicle id="44" x="198.35" y="165.92" angle="0.00" type="DEFAULT_VEHTYPE" speed="12.93" pos="29.33" lane="1/1to1/0_0" slope="0.00"/>
        <vehicle id="48" x="216.47" y="401.65" angle="-90.00" type="DEFAULT_VEHTYPE" speed="7.43" pos="178.78" lane="2/2to1/2_0" slope="0.00"/>
        <vehicle id="49" x="401.65" y="761.17" angle="180.00" type="DEFAULT_VEHTYPE" speed="13.18" pos="156.42" lane="2/3to2/4_0" slope="0.00"/>
        <vehicle id="5" x="398.35" y="601.95" angle="0.00" type="DEFAULT_VEHTYPE" speed="12.81" pos="2.80" lane=":2/3_1_0" slope="0.00"/>
        <vehicle id="6" x="401.65" y="708.17" angle="180.00" type="DEFAULT_VEHTYPE" speed="13.70" pos="103.42" lane="2/3to2/4_0" slope="0.00"/>
        <vehicle id="7" x="148.44" y="401.65" angle="-90.00" type="DEFAULT_VEHTYPE" speed="13.23" pos="46.81" lane="1/2to0/2_0" slope="0.00"/>
        <vehicle id="8" x="696.68" y="201.65" angle="-90.00" type="DEFAULT_VEHTYPE" speed="13.18" pos="103.32" lane="4/1to3/1_0" slope="0.00"/>
        <vehicle id="9" x="598.35" y="434.25" angle="0.00" type="DEFAULT_VEHTYPE" speed="12.83" pos="161.00" lane="3/3to3/2_0" slope="0.00"/>
    </timestep>
    <timestep time="408.00">
        <vehicle id="0" x="447.94" y="401.65" angle="-90.00" type="DEFAULT_VEHTYPE" speed="13.37" pos="147.31" lane="3/2to2/2_0" slope="0.00"/>
        <vehicle id="10" x="601.65" y="365.89" angle="180.00" type="DEFAULT_VEHTYPE" speed="12.64" pos="161.14" lane="3/1to3/2_0" slope="0.00"/>
        <vehicle id="11" x="201.65" y="551.89" angle="180.00" type="DEFAULT_VEHTYPE" speed="12.69" pos="147.14" lane="1/2to1/3_0" slope="0.00"/>
        <vehicle id="15" x="633.48" y="198.35" angle="90.00" type="DEFAULT_VEHTYPE" speed="13.65" pos="28.73" lane="3/1to4/1_0" slope="0.00"/>
        <vehicle id="16" x="194.74" y="398.35" angle="90.00" type="DEFAULT_VEHTYPE" speed="1.99" pos="194.74" lane="0/2to1/2_0" slope="0.00"/>
        <vehicle id="17" x="201.65" y="431.06" angle="180.00" type="DEFAULT_VEHTYPE" speed="13.55" pos="26.31" lane="1/2to1/3_0" slope="0.00"/>
        <vehicle id="18" x="50.54" y="198.35" angle="90.00" type="DEFAULT_VEHTYPE" speed="13.16" pos="50.54" lane="0/1to1/1_0" slope="0.00"/>
        <vehicle id="2" x="198.35" y="14.70" angle="0.00" type="DEFAULT_VEHTYPE" speed="12.67" pos="180.55" lane="1/1to1/0_0" slope="0.00"/>
        <vehicle id="24" x="325.52" y="401.65" angle="-90.00" type="DEFAULT_VEHTYPE" speed="13.29" pos="69.73" lane="2/2to1/2_0" slope="0.00"/>
        <vehicle id="28" x="414.31" y="401.65" angle="-90.00" type="DEFAULT_VEHTYPE" speed="6.77" pos="180.94" lane="3/2to2/2_0" slope="0.00"/>
        <vehicle id="29" x="398.35" y="83.69" angle="0.00" type="DEFAULT_VEHTYPE" speed="12.85" pos="111.56" lane="2/1to2/0_0" slope="0.00"/>
        <vehicle id="3" x="563.73" y="401.65" angle="-90.00" type="DEFAULT_VEHTYPE" speed="13.08" pos="31.52" lane="3/2to2/2_0" slope="0.00"/>
        <vehicle id="33" x="724.94" y="201.65" angle="-90.00" type="DEFAULT_VEHTYPE" speed="13.73" pos="75.06" lane="4/1to3/1_0" slope="0.00"/>
        <vehicle id="37" x="398.35" y="784.75" angle="0.00" type="DEFAULT_VEHTYPE" speed="12.97" pos="15.25" lane="2/4to2/3_0" slope="0.00"/>
        <vehicle id="39" x="601.65" y="440.88" angle="180.00" type="DEFAULT_VEHTYPE" speed="13.09" pos="36.13" lane="3/2to3/3_0" slope="0.00"/>
        <vehicle id="40" x="396.08" y="401.65" angle="-90.00" type="DEFAULT_VEHTYPE" speed="7.66" pos="8.67" lane=":2/2_5_0" slope="0.00"/>
        <vehicle id="42" x="240.86" y="401.65" angle="-90.00" type="DEFAULT_VEHTYPE" speed="13.55" pos="154.39" lane="2/2to1/2_0" slope="0.00"/>
        <vehicle id="43" x="398.35" y="712.36" angle="0.00" type="DEFAULT_VEHTYPE" speed="13.87" pos="87.64" lane="2/4to2/3_0" slope="0.00"/>
        <vehicle id="44" x="198.35" y="152.77" angle="0.00" type="DEFAULT_VEHTYPE" speed="13.15" pos="42.48" lane="1/1to1/0_0" slope="0.00"/>
        <vehicle id="48" x="211.79" y="401.65" angle="-90.00" type="DEFAULT_VEHTYPE" speed="4.69" pos="183.46" lane="2/2to1/2_0" slope="0.00"/>
        <vehicle id="49" x="401.65" y="774.17" angle="180.00" type="DEFAULT_VEHTYPE" speed="12.99" pos="169.42" lane="2/3to2/4_0" slope="0.00"/>
        <vehicle id="5" x="398.35" y="589.30" angle="0.00" type="DEFAULT_VEHTYPE" speed="12.65" pos="5.95" lane="2/3to2/2_0" slope="0.00"/>
        <vehicle id="6" x="401.65" y="722.02" angle="180.00" type="DEFAULT_VEHTYPE" speed="13.85" pos="117.27" lane="2/3to2/4_0" slope="0.00"/>
        <vehicle id="7" x="134.60" y="401.65" angle="-90.00" type="DEFAULT_VEHTYPE" speed="13.84" pos="60.65" lane="1/2to0/2_0" slope="0.00"/>
        <vehicle id="8" x="683.85" y="201.65" angle="-90.00" type="DEFAULT_VEHTYPE" speed="12.83" pos="116.15" lane="4/1to3/1_0" slope="0.00"/>
        <vehicle id="9" x="598.35" y="420.42" angle="0.00" type="DEFAULT_VEHTYPE" speed="13.83" pos="174.83" lane="3/3to3/2_0" slope="0.00"/>
    </timestep>
    <timestep time="409.00">
        <vehicle id="0" x="435.54" y="401.65" angle="-90.00" type="DEFAULT_VEHTYPE" speed="12.41" pos="159.71" lane="3/2to2/2_0" slope="0.00"/>
        <vehicle id="10" x="601.65" y="379.57" angle="180.00" type="DEFAULT_VEHTYPE" speed="13.69" pos="174.82" lane="3/1to3/2_0" slope="0.00"/>
        <vehicle id="11" x="201.65" y="565.03" angle="180.00" type="DEFAULT_VEHTYPE" speed="13.13" pos="160.28" lane="1/2to1/3_0" slope="0.00"/>
        <vehicle id="15" x="646.60" y="198.35" angle="90.00" type="DEFAULT_VEHTYPE" speed="13.13" pos="41.85" lane="3/1to4/1_0" slope="0.00"/>
        <vehicle id="16" x="199.03" y="399.34" angle="101.58" type="DEFAULT_VEHTYPE" speed="4.48" pos="3.97" lane=":1/2_14_0" slope="0.00"/>
        <vehicle id="17" x="201.65" y="444.11" angle="180.00" type="DEFAULT_VEHTYPE" speed="13.05" pos="39.36" lane="1/2to1/3_0" slope="0.00"/>
        <vehicle id="18" x="63.82" y="198.35" angle="90.00" type="DEFAULT_VEHTYPE" speed="13.28" pos="63.82" lane="0/1to1/1_0" slope="0.00"/>
        <vehicle id="2" x="198.35" y="0.98" angle="0.00" type="DEFAULT_VEHTYPE" speed="13.72" pos="194.27" lane="1/1to1/0_0" slope="0.00"/>
        <vehicle id="24" x="312.61" y="401.65" angle="-90.00" type="DEFAULT_VEHTYPE" speed="12.92" pos="82.64" lane="2/2to1/2_0" slope="0.00"/>
        <vehicle id="28" x="410.93" y="401.65" angle="-90.00" type="DEFAULT_VEHTYPE" speed="3.39" pos="184.32" lane="3/2to2/2_0" slope="0.00"/>
        <vehicle id="29" x="398.35" y="70.13" angle="0.00" type="DEFAULT_VEHTYPE" speed="13.56" pos="125.12" lane="2/1to2/0_0" slope="0.00"/>
        <vehicle id="3" x="549.91" y="401.65" angle="-90.00" type="DEFAULT_VEHTYPE" speed="13.81" pos="45.34" lane="3/2to2/2_0" slope="0.00"/>
        <vehicle id="33" x="712.00" y="201.65" angle="-90.00" type="DEFAULT_VEHTYPE" speed="12.94" pos="88.00" lane="4/1to3/1_0" slope="0.00"/>
        <vehicle id="37" x="398.35" y="771.56" angle="0.00" type="DEFAULT_VEHTYPE" speed="13.19" pos="28.44" lane="2/4to2/3_0" slope="0.00"/>
        <vehicle id="39" x="601.65" y="453.97" angle="180.00" type="DEFAULT_VEHTYPE" speed="13.10" pos="49.22" lane="3/2to3/3_0" slope="0.00"/>
        <vehicle id="40" x="385.83" y="401.65" angle="-90.00" type="DEFAULT_VEHTYPE" speed="10.24" pos="9.42" lane="2/2to1/2_0" slope="0.00"/>
        <vehicle id="42" x="229.98" y="401.65" angle="-90.00" type="DEFAULT_VEHTYPE" speed="10.88" pos="165.27" lane="2/2to1/2_0" slope="0.00"/>
        <vehicle id="43" x="398.35" y="699.45" angle="0.00" type="DEFAULT_VEHTYPE" speed="12.91" pos="100.55" lane="2/4to2/3_0" slope="0.00"/>
        <vehicle id="44" x="198.35" y="140.05" angle="0.00" type="DEFAULT_VEHTYPE" speed="12.72" pos="55.20" lane="1/1to1/0_0" slope="0.00"/>
        <vehicle id="48" x="208.58" y="401.65" angle="-90.00" type="DEFAULT_VEHTYPE" speed="3.20" pos="186.67" lane="2/2to1/2_0" slope="0.00"/>
        <vehicle id="49" x="401.65" y="786.78" angle="180.00" type="DEFAULT_VEHTYPE" speed="12.61" pos="182.03" lane="2/3to2/4_0" slope="0.00"/>
        <vehicle id="5" x="398.35" y="576.10" angle="0.00" type="DEFAULT_VEHTYPE" speed="13.20" pos="19.15" lane="2/3to2/2_0" slope="0.00"/>
        <vehicle id="6" x="401.65" y="735.44" angle="180.00" type="DEFAULT_VEHTYPE" speed="13.42" pos="130.69" lane="2/3to2/4_0" slope="0.00"/>
        <vehicle id="7" x="120.85" y="401.65" angle="-90.00" type="DEFAULT_VEHTYPE" speed="13.75" pos="74.40" lane="1/2to0/2_0" slope="0.00"/>
        <vehicle id="8" x="669.99" y="201.65" angle="-90.00" type="DEFAULT_VEHTYPE" speed="13.85" pos="130.01" lane="4/1to3/1_0" slope="0.00"/>
        <vehicle id="9" x="598.35" y="407.08" angle="0.00" type="DEFAULT_VEHTYPE" speed="13.34" pos="188.17" lane="3/3to3/2_0" slope="0.00"/>
    </timestep>
    <timestep time="410.00">
        <vehicle id="0" x="427.63" y="401.65" angle="-90.00" type="DEFAULT_VEHTYPE" speed="7.91" pos="167.62" lane="3/2to2/2_0" slope="0.00"/>
        <vehicle id="10" x="601.65" y="392.22" angle="180.00" type="DEFAULT_VEHTYPE" speed="12.65" pos="187.47" lane="3/1to3/2_0" slope="0.00"/>
        <vehicle id="11" x="201.65" y="578.88" angle="180.00" type="DEFAULT_VEHTYPE" speed="13.86" pos="174.13" lane="1/2to1/3_0" slope="0.00"/>
        <vehicle id="15" x="659.45" y="198.35" angle="90.00" type="DEFAULT_VEHTYPE" speed="12.85" pos="54.70" lane="3/1to4/1_0" slope="0.00"/>
        <vehicle id="16" x="201.61" y="404.49" angle="160.23" type="DEFAULT_VEHTYPE" speed="6.09" pos="10.06" lane=":1/2_14_0" slope="0.00"/>
        <vehicle id="17" x="201.65" y="456.87" angle="180.00" type="DEFAULT_VEHTYPE" speed="12.76" pos="52.12" lane="1/2to1/3_0" slope="0.00"/>
        <vehicle id="18" x="77.05" y="198.35" angle="90.00" type="DEFAULT_VEHTYPE" speed="13.23" pos="77.05" lane="0/1to1/1_0" slope="0.00"/>
        <vehicle id="2" x="201.65" y="7.62" angle="180.00" type="DEFAULT_VEHTYPE" speed="13.42" pos="7.62" lane="1/0to1/1_0" slope="0.00"/>
        <vehicle id="24" x="299.07" y="401.65" angle="-90.00" type="DEFAULT_VEHTYPE" speed="13.54" pos="96.18" lane="2/2to1/2_0" slope="0.00"/>
        <vehicle id="28" x="405.95" y="401.65" angle="-90.00" type="DEFAULT_VEHTYPE" speed="4.98" pos="189.30" lane="3/2to2/2_0" slope="0.00"/>
        <vehicle id="29" x="398.35" y="56.65" angle="0.00" type="DEFAULT_VEHTYPE" speed="13.48" pos="138.60" lane="2/1to2/0_0" slope="0.00"/>
        <vehicle id="3" x="536.51" y="401.65" angle="-90.00" type="DEFAULT_VEHTYPE" speed="13.40" pos="58.74" lane="3/2to2/2_0" slope="0.00"/>
        <vehicle id="33" x="698.92" y="201.65" angle="-90.00" type="DEFAULT_VEHTYPE" speed="13.08" pos="101.08" lane="4/1to3/1_0" slope="0.00"/>
        <vehicle id="37" x="398.35" y="758.85" angle="0.00" type="DEFAULT_VEHTYPE" speed="12.71" pos="41.15" lane="2/4to2/3_0" slope="0.00"/>
        <vehicle id="39" x="601.65" y="467.29" angle="180.00" type="DEFAULT_VEHTYPE" speed="13.31" pos="62.54" lane="3/2to3/3_0" slope="0.00"/>
        <vehicle id="40" x="373.90" y="401.65" angle="-90.00" type="DEFAULT_VEHTYPE" speed="11.94" pos="21.35" lane="2/2to1/2_0" slope="0.00"/>
        <vehicle id="42" x="223.20" y="401.65" angle="-90.00" type="DEFAULT_VEHTYPE" speed="6.77" pos="172.05" lane="2/2to1/2_0" slope="0.00"/>
        <vehicle id="43" x="398.35" y="686.15" angle="0.00" type="DEFAULT_VEHTYPE" speed="13.30" pos="113.85" lane="2/4to2/3_0" slope="0.00"/>
        <vehicle id="44" x="198.35" y="126.87" angle="0.00" type="DEFAULT_VEHTYPE" speed="13.17" pos="68.38" lane="1/1to1/0_0" slope="0.00"/>
        <vehicle id="48" x="204.01" y="401.54" angle="-88.78" type="DEFAULT_VEHTYPE" speed="4.58" pos="0.75" lane=":1/2_6_0" slope="0.00"/>
        <vehicle id="49" x="401.52" y="800.19" angle="-178.53" type="DEFAULT_VEHTYPE" speed="13.45" pos="0.23" lane=":2/4_0_0" slope="0.00"/>
        <vehicle id="5" x="398.35" y="563.01" angle="0.00" type="DEFAULT_VEHTYPE" speed="13.09" pos="32.24" lane="2/3to2/2_0" slope="0.00"/>
        <vehicle id="6" x="401.65" y="748.94" angle="180.00" type="DEFAULT_VEHTYPE" speed="13.50" pos="144.19" lane="2/3to2/4_0" slope="0.00"/>
        <vehicle id="7" x="107.59" y="401.65" angle="-90.00" type="DEFAULT_VEHTYPE" speed="13.26" pos="87.66" lane="1/2to0/2_0" slope="0.00"/>
        <vehicle id="8" x="656.36" y="201.65" angle="-90.00" type="DEFAULT_VEHTYPE" speed="13.63" pos="143.64" lane="4/1to3/1_0" slope="0.00"/>
        <vehicle id="9" x="589.35" y="401.65" angle="-90.00" type="DEFAULT_VEHTYPE" speed="13.23" pos="5.90" lane="3/2to2/2_0" slope="0.00"/>
    </timestep>
    <timestep time="411.00">
        <vehicle id="0" x="419.64" y="401.65" angle="-90.00" type="DEFAULT_VEHTYPE" speed="7.99" pos="175.61" lane="3/2to2/2_0" slope="0.00"/>
        <vehicle id="10" x="601.65" y="405.57" angle="180.00" type="DEFAULT_VEHTYPE" speed="13.35" pos="0.82" lane="3/2to3/3_0" slope="0.00"/>
        <vehicle id="11" x="201.65" y="592.53" angle="180.00" type="DEFAULT_VEHTYPE" speed="13.65" pos="187.78" lane="1/2to1/3_0" slope="0.00"/>
        <vehicle id="15" x="672.32" y="198.35" angle="90.00" type="DEFAULT_VEHTYPE" speed="12.87" pos="67.57" lane="3/1to4/1_0" slope="0.00"/>
        <vehicle id="16" x="201.65" y="412.52" angle="180.00" type="DEFAULT_VEHTYPE" speed="8.03" pos="7.77" lane="1/2to1/3_0" slope="0.00"/>
        <vehicle id="17" x="201.65" y="470.22" angle="180.00" type="DEFAULT_VEHTYPE" speed="13.35" pos="65.47" lane="1/2to1/3_0" slope="0.00"/>
        <vehicle id="18" x="90.20" y="198.35" angle="90.00" type="DEFAULT_VEHTYPE" speed="13.15" pos="90.20" lane="0/1to1/1_0" slope="0.00"/>
        <vehicle id="2" x="201.65" y="21.49" angle="180.00" type="DEFAULT_VEHTYPE" speed="13.88" pos="21.49" lane="1/0to1/1_0" slope="0.00"/>
        <vehicle id="24" x="285.77" y="401.65" angle="-90.00" type="DEFAULT_VEHTYPE" speed="13.30" pos="109.48" lane="2/2to1/2_0" slope="0.00"/>
        <vehicle id="28" x="399.21" y="401.65" angle="-90.00" type="DEFAULT_VEHTYPE" speed="6.74" pos="5.54" lane=":2/2_5_0" slope="0.00"/>
        <vehicle id="29" x="398.35" y="43.06" angle="0.00" type="DEFAULT_VEHTYPE" speed="13.58" pos="152.19" lane="2/1to2/0_0" slope="0.00"/>
        <vehicle id="3" x="523.14" y="401.65" angle="-90.00" type="DEFAULT_VEHTYPE" speed="13.37" pos="72.11" lane="3/2to2/2_0" slope="0.00"/>
        <vehicle id="33" x="685.37" y="201.65" angle="-90.00" type="DEFAULT_VEHTYPE" speed="13.55" pos="114.63" lane="4/1to3/1_0" slope="0.00"/>
        <vehicle id="37" x="398.35" y="745.55" angle="0.00" type="DEFAULT_VEHTYPE" speed="13.30" pos="54.45" lane="2/4to2/3_0" slope="0.00"/>
        <vehicle id="39" x="601.65" y="480.70" angle="180.00" type="DEFAULT_VEHTYPE" speed="13.41" pos="75.95" lane="3/2to3/3_0" slope="0.00"/>
        <vehicle id="40" x="361.01" y="401.65" angle="-90.00" type="DEFAULT_VEHTYPE" speed="12.89" pos="34.24" lane="2/2to1/2_0" slope="0.00"/>
        <vehicle id="42" x="215.91" y="401.65" angle="-90.00" type="DEFAULT_VEHTYPE" speed="7.29" pos="179.34" lane="2/2to1/2_0" slope="0.00"/>
        <vehicle id="43" x="398.35" y="673.20" angle="0.00" type="DEFAULT_VEHTYPE" speed="12.95" pos="126.80" lane="2/4to2/3_0" slope="0.00"/>
        <vehicle id="44" x="198.35" y="113.13" angle="0.00" type="DEFAULT_VEHTYPE" speed="13.74" pos="82.12" lane="1/1to1/0_0" slope="0.00"/>
        <vehicle id="48" x="198.77" y="398.09" angle="-47.90" type="DEFAULT_VEHTYPE" speed="6.69" pos="7.44" lane=":1/2_6_0" slope="0.00"/>
        <vehicle id="49" x="398.35" y="791.09" angle="0.00" type="DEFAULT_VEHTYPE" speed="13.49" pos="8.91" lane="2/4to2/3_0" slope="0.00"/>
        <vehicle id="5" x="398.35" y="549.30" angle="0.00" type="DEFAULT_VEHTYPE" speed="13.72" pos="45.95" lane="2/3to2/2_0" slope="0.00"/>
        <vehicle id="6" x="401.65" y="761.57" angle="180.00" type="DEFAULT_VEHTYPE" speed="12.63" pos="156.82" lane="2/3to2/4_0" slope="0.00"/>
        <vehicle id="7" x="94.72" y="401.65" angle="-90.00" type="DEFAULT_VEHTYPE" speed="12.87" pos="100.53" lane="1/2to0/2_0" slope="0.00"/>
        <vehicle id="8" x="643.61" y="201.65" angle="-90.00" type="DEFAULT_VEHTYPE" speed="12.75" pos="156.39" lane="4/1to3/1_0" slope="0.00"/>
        <vehicle id="9" x="576.11" y="401.65" angle="-90.00" type="DEFAULT_VEHTYPE" speed="13.24" pos="19.14" lane="3/2to2/2_0" slope="0.00"/>
    </timestep>
    <timestep time="412.00">
        <vehicle id="0" x="413.01" y="401.65" angle="-90.00" type="DEFAULT_VEHTYPE" speed="6.63" pos="182.24" lane="3/2to2/2_0" slope="0.00"/>
        <vehicle id="10" x="601.65" y="418.70" angle="180.00" type="DEFAULT_VEHTYPE" speed="13.13" pos="13.95" lane="3/2to3/3_0" slope="0.00"/>
        <vehicle id="11" x="210.48" y="598.35" angle="90.00" type="DEFAULT_VEHTYPE" speed="13.45" pos="5.73" lane="1/3to2/3_0" slope="0.00"/>
        <vehicle id="15" x="685.63" y="198.35" angle="90.00" type="DEFAULT_VEHTYPE" speed="13.31" pos="80.88" lane="3/1to4/1_0" slope="0.00"/>
        <vehicle id="16" x="201.65" y="422.47" angle="180.00" type="DEFAULT_VEHTYPE" speed="9.95" pos="17.72" lane="1/2to1/3_0" slope="0.00"/>
        <vehicle id="17" x="201.65" y="483.53" angle="180.00" type="DEFAULT_VEHTYPE" speed="13.31" pos="78.78" lane="1/2to1/3_0" slope="0.00"/>
        <vehicle id="18" x="102.80" y="198.35" angle="90.00" type="DEFAULT_VEHTYPE" speed="12.60" pos="102.80" lane="0/1to1/1_0" slope="0.00"/>
        <vehicle id="2" x="201.65" y="34.87" angle="180.00" type="DEFAULT_VEHTYPE" speed="13.38" pos="34.87" lane="1/0to1/1_0" slope="0.00"/>
        <vehicle id="24" x="272.07" y="401.65" angle="-90.00" type="DEFAULT_VEHTYPE" speed="13.70" pos="123.18" lane="2/2to1/2_0" slope="0.00"/>
        <vehicle id="28" x="390.58" y="401.65" angle="-90.00" type="DEFAULT_VEHTYPE" speed="8.64" pos="4.67" lane="2/2to1/2_0" slope="0.00"/>
        <vehicle id="29" x="398.35" y="29.92" angle="0.00" type="DEFAULT_VEHTYPE" speed="13.14" pos="165.33" lane="2/1to2/0_0" slope="0.00"/>
        <vehicle id="3" x="509.95" y="401.65" angle="-90.00" type="DEFAULT_VEHTYPE" speed="13.18" pos="85.30" lane="3/2to2/2_0" slope="0.00"/>
        <vehicle id="33" x="672.30" y="201.65" angle="-90.00" type="DEFAULT_VEHTYPE" speed="13.07" pos="127.70" lane="4/1to3/1_0" slope="0.00"/>
        <vehicle id="37" x="398.35" y="732.21" angle="0.00" type="DEFAULT_VEHTYPE" speed="13.33" pos="67.79" lane="2/4to2/3_0" slope="0.00"/>
        <vehicle id="39" x="601.65" y="494.43" angle="180.00" type="DEFAULT_VEHTYPE" speed="13.73" pos="89.68" lane="3/2to3/3_0" slope="0.00"/>
        <vehicle id="40" x="347.89" y="401.65" angle="-90.00" type="DEFAULT_VEHTYPE" speed="13.12" pos="47.36" lane="2/2to1/2_0" slope="0.00"/>
        <vehicle id="42" x="211.06" y="401.65" angle="-90.00" type="DEFAULT_VEHTYPE" speed="4.85" pos="184.19" lane="2/2to1/2_0" slope="0.00"/>
        <vehicle id="43" x="398.35" y="660.05" angle="0.00" type="DEFAULT_VEHTYPE" speed="13.15" pos="139.95" lane="2/4to2/3_0" slope="0.00"/>
        <vehicle id="44" x="198.35" y="99.77" angle="0.00" type="DEFAULT_VEHTYPE" speed="13.36" pos="95.48" lane="1/1to1/0_0" slope="0.00"/>
        <vehicle id="48" x="198.35" y="389.63" angle="0.00" type="DEFAULT_VEHTYPE" speed="8.50" pos="5.62" lane="1/2to1/1_0" slope="0.00"/>
        <vehicle id="49" x="398.35" y="777.81" angle="0.00" type="DEFAULT_VEHTYPE" speed="13.28" pos="22.19" lane="2/4to2/3_0" slope="0.00"/>
        <vehicle id="5" x="398.35" y="535.43" angle="0.00" type="DEFAULT_VEHTYPE" speed="13.87" pos="59.82" lane="2/3to2/2_0" slope="0.00"/>
        <vehicle id="6" x="401.65" y="774.90" angle="180.00" type="DEFAULT_VEHTYPE" speed="13.33" pos="170.15" lane="2/3to2/4_0" slope="0.00"/>
        <vehicle id="7" x="82.08" y="401.65" angle="-90.00" type="DEFAULT_VEHTYPE" speed="12.63" pos="113.17" lane="1/2to0/2_0" slope="0.00"/>
        <vehicle id="8" x="630.23" y="201.65" angle="-90.00" type="DEFAULT_VEHTYPE" speed="13.38" pos="169.77" lane="4/1to3/1_0" slope="0.00"/>
        <vehicle id="9" x="563.27" y="401.65" angle="-90.00" type="DEFAULT_VEHTYPE" speed="12.83" pos="31.98" lane="3/2to2/2_0" slope="0.00"/>
    </timestep>
    <timestep time="413.00">
        <vehicle id="0" x="409.97" y="401.65" angle="-90.00" type="DEFAULT_VEHTYPE" speed="3.04" pos="185.28" lane="3/2to2/2_0" slope="0.00"/>
        <vehicle id="10" x="601.65" y="431.47" angle="180.00" type="DEFAULT_VEHTYPE" speed="12.78" pos="26.72" lane="3/2to3/3_0" slope="0.00"/>
        <vehicle id="11" x="223.56" y="598.35" angle="90.00" type="DEFAULT_VEHTYPE" speed="13.08" pos="18.81" lane="1/3to2/3_0" slope="0.00"/>
        <vehicle id="15" x="699.15" y="198.35" angle="90.00" type="DEFAULT_VEHTYPE" speed="13.52" pos="94.40" lane="3/1to4/1_0" slope="0.00"/>
        <vehicle id="16" x="201.65" y="434.64" angle="180.00" type="DEFAULT_VEHTYPE" speed="12.17" pos="29.89" lane="1/2to1/3_0" slope="0.00"/>
        <vehicle id="17" x="201.65" y="496.74" angle="180.00" type="DEFAULT_VEHTYPE" speed="13.22" pos="91.99" lane="1/2to1/3_0" slope="0.00"/>
        <vehicle id="18" x="115.76" y="198.35" angle="90.00" type="DEFAULT_VEHTYPE" speed="12.96" pos="115.76" lane="0/1to1/1_0" slope="0.00"/>
        <vehicle id="2" x="201.65" y="48.59" angle="180.00" type="DEFAULT_VEHTYPE" speed="13.73" pos="48.59" lane="1/0to1/1_0" slope="0.00"/>
        <vehicle id="24" x="258.24" y="401.65" angle="-90.00" type="DEFAULT_VEHTYPE" speed="13.84" pos="137.01" lane="2/2to1/2_0" slope="0.00"/>
        <vehicle id="28" x="379.64" y="401.65" angle="-90.00" type="DEFAULT_VEHTYPE" speed="10.93" pos="15.61" lane="2/2to1/2_0" slope="0.00"/>
        <vehicle id="29" x="398.35" y="16.21" angle="0.00" type="DEFAULT_VEHTYPE" speed="13.71" pos="179.04" lane="2/1to2/0_0" slope="0.00"/>
        <vehicle id="3" x="496.73" y="401.65" angle="-90.00" type="DEFAULT_VEHTYPE" speed="13.22" pos="98.52" lane="3/2to2/2_0" slope="0.00"/>
        <vehicle id="33" x="659.42" y="201.65" angle="-90.00" type="DEFAULT_VEHTYPE" speed="12.89" pos="140.58" lane="4/1to3/1_0" slope="0.00"/>
        <vehicle id="37" x="398.35" y="719.39" angle="0.00" type="DEFAULT_VEHTYPE" speed="12.82" pos="80.61" lane="2/4to2/3_0" slope="0.00"/>
        <vehicle id="39" x="601.65" y="507.63" angle="180.00" type="DEFAULT_VEHTYPE" speed="13.20" pos="102.88" lane="3/2to3/3_0" slope="0.00"/>
        <vehicle id="40" x="334.05" y="401.65" angle="-90.00" type="DEFAULT_VEHTYPE" speed="13.84" pos="61.20" lane="2/2to1/2_0" slope="0.00"/>
        <vehicle id="42" x="204.73" y="401.65" angle="-90.00" type="DEFAULT_VEHTYPE" speed="6.33" pos="0.02" lane=":1/2_5_0" slope="0.00"/>
        <vehicle id="43" x="398.35" y="646.68" angle="0.00" type="DEFAULT_VEHTYPE" speed="13.37" pos="153.32" lane="2/4to2/3_0" slope="0.00"/>
        <vehicle id="44" x="198.35" y="86.47" angle="0.00" type="DEFAULT_VEHTYPE" speed="13.30" pos="108.78" lane="1/1to1/0_0" slope="0.00"/>
        <vehicle id="48" x="198.35" y="378.55" angle="0.00" type="DEFAULT_VEHTYPE" speed="11.07" pos="16.70" lane="1/2to1/1_0" slope="0.00"/>
        <vehicle id="49" x="398.35" y="764.23" angle="0.00" type="DEFAULT_VEHTYPE" speed="13.58" pos="35.77" lane="2/4to2/3_0" slope="0.00"/>
        <vehicle id="5" x="398.35" y="522.64" angle="0.00" type="DEFAULT_VEHTYPE" speed="12.78" pos="72.61" lane="2/3to2/2_0" slope="0.00"/>
        <vehicle id="6" x="401.65" y="788.48" angle="180.00" type="DEFAULT_VEHTYPE" speed="13.58" pos="183.73" lane="2/3to2/4_0" slope="0.00"/>
        <vehicle id="7" x="69.46" y="401.65" angle="-90.00" type="DEFAULT_VEHTYPE" speed="12.62" pos="125.79" lane="1/2to0/2_0" slope="0.00"/>
        <vehicle id="8" x="619.70" y="201.65" angle="-90.00" type="DEFAULT_VEHTYPE" speed="10.53" pos="180.30" lane="4/1to3/1_0" slope="0.00"/>
        <vehicle id="9" x="549.95" y="401.65" angle="-90.00" type="DEFAULT_VEHTYPE" speed="13.32" pos="45.30" lane="3/2to2/2_0" slope="0.00"/>
    </timestep>
    <timestep time="414.00">
        <vehicle id="0" x="404.45" y="401.61" angle="-89.50" type="DEFAULT_VEHTYPE" speed="5.53" pos="0.31" lane=":2/2_6_0" slope="0.00"/>
        <vehicle id="10" x="601.65" y="444.70" angle="180.00" type="DEFAULT_VEHTYPE" speed="13.22" pos="39.95" lane="3/2to3/3_0" slope="0.00"/>
        <vehicle id="11" x="236.97" y="598.35" angle="90.00" type="DEFAULT_VEHTYPE" speed="13.41" pos="32.22" lane="1/3to2/3_0" slope="0.00"/>
        <vehicle id="15" x="712.75" y="198.35" angle="90.00" type="DEFAULT_VEHTYPE" speed="13.60" pos="108.00" lane="3/1to4/1_0" slope="0.00"/>
        <vehicle id="16" x="201.65" y="447.64" angle="180.00" type="DEFAULT_VEHTYPE" speed="13.00" pos="42.89" lane="1/2to1/3_0" slope="0.00"/>
        <vehicle id="17" x="201.65" y="510.02" angle="180.00" type="DEFAULT_VEHTYPE" speed="13.27" pos="105.27" lane="1/2to1/3_0" slope="0.00"/>
        <vehicle id="18" x="129.44" y="198.35" angle="90.00" type="DEFAULT_VEHTYPE" speed="13.67" pos="129.44" lane="0/1to1/1_0" slope="0.00"/>
        <vehicle id="2" x="201.65" y="61.91" angle="180.00" type="DEFAULT_VEHTYPE" speed="13.32" pos="61.91" lane="1/0to1/1_0" slope="0.00"/>
        <vehicle id="24" x="245.58" y="401.65" angle="-90.00" type="DEFAULT_VEHTYPE" speed="12.65" pos="149.67" lane="2/2to1/2_0" slope="0.00"/>
        <vehicle id="28" x="366.54" y="401.65" angle="-90.00" type="DEFAULT_VEHTYPE" speed="13.10" pos="28.71" lane="2/2to1/2_0" slope="0.00"/>
        <vehicle id="29" x="398.35" y="2.69" angle="0.00" type="DEFAULT_VEHTYPE" speed="13.52" pos="192.56" lane="2/1to2/0_0" slope="0.00"/>
        <vehicle id="3" x="483.00" y="401.65" angle="-90.00" type="DEFAULT_VEHTYPE" speed="13.73" pos="112.25" lane="3/2to2/2_0" slope="0.00"/>
        <vehicle id="33" x="646.59" y="201.65" angle="-90.00" type="DEFAULT_VEHTYPE" speed="12.83" pos="153.41" lane="4/1to3/1_0" slope="0.00"/>
        <vehicle id="37" x="398.35" y="705.67" angle="0.00" type="DEFAULT_VEHTYPE" speed="13.72" pos="94.33" lane="2/4to2/3_0" slope="0.00"/>
        <vehicle id="39" x="601.65" y="520.36" angle="180.00" type="DEFAULT_VEHTYPE" speed="12.73" pos="115.61" lane="3/2to3/3_0" slope="0.00"/>
        <vehicle id="40" x="320.42" y="401.65" angle="-90.00" type="DEFAULT_VEHTYPE" speed="13.63" pos="74.83" lane="2/2to1/2_0" slope="0.00"/>
        <vehicle id="42" x="196.35" y="401.65" angle="-90.00" type="DEFAULT_VEHTYPE" speed="8.38" pos="8.40" lane=":1/2_5_0" slope="0.00"/>
        <vehicle id="43" x="398.35" y="633.53" angle="0.00" type="DEFAULT_VEHTYPE" speed="13.15" pos="166.47" lane="2/4to2/3_0" slope="0.00"/>
        <vehicle id="44" x="198.35" y="73.02" angle="0.00" type="DEFAULT_VEHTYPE" speed="13.45" pos="122.23" lane="1/1to1/0_0" slope="0.00"/>
        <vehicle id="48" x="198.35" y="365.33" angle="0.00" type="DEFAULT_VEHTYPE" speed="13.23" pos="29.92" lane="1/2to1/1_0" slope="0.00"/>
        <vehicle id="49" x="398.35" y="750.48" angle="0.00" type="DEFAULT_VEHTYPE" speed="13.75" pos="49.52" lane="2/4to2/3_0" slope="0.00"/>
        <vehicle id="5" x="398.35" y="509.10" angle="0.00" type="DEFAULT_VEHTYPE" speed="13.55" pos="86.15" lane="2/3to2/2_0" slope="0.00"/>
        <vehicle id="6" x="400.66" y="801.32" angle="-168.01" type="DEFAULT_VEHTYPE" speed="13.20" pos="1.67" lane=":2/4_0_0" slope="0.00"/>
        <vehicle id="7" x="56.28" y="401.65" angle="-90.00" type="DEFAULT_VEHTYPE" speed="13.18" pos="138.97" lane="1/2to0/2_0" slope="0.00"/>
        <vehicle id="8" x="612.97" y="201.65" angle="-90.00" type="DEFAULT_VEHTYPE" speed="6.73" pos="187.03" lane="4/1to3/1_0" slope="0.00"/>
        <vehicle id="9" x="536.76" y="401.65" angle="-90.00" type="DEFAULT_VEHTYPE" speed="13.19" pos="58.49" lane="3/2to2/2_0" slope="0.00"/>
    </timestep>
    <timestep time="415.00">
        <vehicle id="0" x="398.69" y="397.62" angle="-41.55" type="DEFAULT_VEHTYPE" speed="7.62" pos="7.93" lane=":2/2_6_0" slope="0.00"/>
        <vehicle id="10" x="601.65" y="458.50" angle="180.00" type="DEFAULT_VEHTYPE" speed="13.80" pos="53.75" lane="3/2to3/3_0" slope="0.00"/>
        <vehicle id="11" x="249.85" y="598.35" angle="90.00" type="DEFAULT_VEHTYPE" speed="12.88" pos="45.10" lane="1/3to2/3_0" slope="0.00"/>
        <vehicle id="15" x="726.62" y="198.35" angle="90.00" type="DEFAULT_VEHTYPE" speed="13.87" pos="121.87" lane="3/1to4/1_0" slope="0.00"/>
        <vehicle id="16" x="201.65" y="460.64" angle="180.00" type="DEFAULT_VEHTYPE" speed="13.00" pos="55.89" lane="1/2to1/3_0" slope="0.00"/>
        <vehicle id="17" x="201.65" y="523.63" angle="180.00" type="DEFAULT_VEHTYPE" speed="13.61" pos="118.88" lane="1/2to1/3_0" slope="0.00"/>
        <vehicle id="18" x="142.30" y="198.35" angle="90.00" type="DEFAULT_VEHTYPE" speed="12.86" pos="142.30" lane="0/1to1/1_0" slope="0.00"/>
        <vehicle id="2" x="201.65" y="75.49" angle="180.00" type="DEFAULT_VEHTYPE" speed="13.58" pos="75.49" lane="1/0to1/1_0" slope="0.00"/>
        <vehicle id="24" x="232.24" y="401.65" angle="-90.00" type="DEFAULT_VEHTYPE" speed="13.34" pos="163.01" lane="2/2to1/2_0" slope="0.00"/>
        <vehicle id="28" x="353.69" y="401.65" angle="-90.00" type="DEFAULT_VEHTYPE" speed="12.85" pos="41.56" lane="2/2to1/2_0" slope="0.00"/>
        <vehicle id="29" x="401.65" y="5.29" angle="180.00" type="DEFAULT_VEHTYPE" speed="12.80" pos="5.29" lane="2/0to2/1_0" slope="0.00"/>
        <vehicle id="3" x="470.15" y="401.65" angle="-90.00" type="DEFAULT_VEHTYPE" speed="12.85" pos="125.10" lane="3/2to2/2_0" slope="0.00"/>
        <vehicle id="33" x="633.53" y="201.65" angle="-90.00" type="DEFAULT_VEHTYPE" speed="13.06" pos="166.47" lane="4/1to3/1_0" slope="0.00"/>
        <vehicle id="37" x="398.35" y="692.02" angle="0.00" type="DEFAULT_VEHTYPE" speed="13.65" pos="107.98" lane="2/4to2/3_0" slope="0.00"/>
        <vehicle id="39" x="601.65" y="534.16" angle="180.00" type="DEFAULT_VEHTYPE" speed="13.81" pos="129.41" lane="3/2to3/3_0" slope="0.00"/>
        <vehicle id="40" x="306.64" y="401.65" angle="-90.00" type="DEFAULT_VEHTYPE" speed="13.78" pos="88.61" lane="2/2to1/2_0" slope="0.00"/>
        <vehicle id="42" x="185.73" y="401.65" angle="-90.00" type="DEFAULT_VEHTYPE" speed="10.62" pos="9.52" lane="1/2to0/2_0" slope="0.00"/>
        <vehicle id="43" x="398.35" y="619.96" angle="0.00" type="DEFAULT_VEHTYPE" speed="13.57" pos="180.04" lane="2/4to2/3_0" slope="0.00"/>
        <vehicle id="44" x="198.35" y="60.25" angle="0.00" type="DEFAULT_VEHTYPE" speed="12.77" pos="135.00" lane="1/1to1/0_0" slope="0.00"/>
        <vehicle id="48" x="198.35" y="351.82" angle="0.00" type="DEFAULT_VEHTYPE" speed="13.51" pos="43.43" lane="1/2to1/1_0" slope="0.00"/>
        <vehicle id="49" x="398.35" y="737.82" angle="0.00" type="DEFAULT_VEHTYPE" speed="12.66" pos="62.18" lane="2/4to2/3_0" slope="0.00"/>
        <vehicle id="5" x="398.35" y="495.44" angle="0.00" type="DEFAULT_VEHTYPE" speed="13.66" pos="99.81" lane="2/3to2/2_0" slope="0.00"/>
        <vehicle id="6" x="398.35" y="790.53" angle="0.00" type="DEFAULT_VEHTYPE" speed="12.61" pos="9.47" lane="2/4to2/3_0" slope="0.00"/>
        <vehicle id="7" x="42.52" y="401.65" angle="-90.00" type="DEFAULT_VEHTYPE" speed="13.76" pos="152.73" lane="1/2to0/2_0" slope="0.00"/>
        <vehicle id="8" x="609.73" y="201.65" angle="-90.00" type="DEFAULT_VEHTYPE" speed="3.24" pos="190.27" lane="4/1to3/1_0" slope="0.00"/>
        <vehicle id="9" x="524.12" y="401.65" angle="-90.00" type="DEFAULT_VEHTYPE" speed="12.63" pos="71.13" lane="3/2to2/2_0" slope="0.00"/>
    </timestep>
    <timestep time="416.00">
        <vehicle id="0" x="398.35" y="388.33" angle="0.00" type="DEFAULT_VEHTYPE" speed="9.31" pos="6.92" lane="2/2to2/1_0" slope="0.00"/>
        <vehicle id="10" x="601.65" y="471.50" angle="180.00" type="DEFAULT_VEHTYPE" speed="13.00" pos="66.75" lane="3/2to3/3_0" slope="0.00"/>
        <vehicle id="11" x="262.92" y="598.35" angle="90.00" type="DEFAULT_VEHTYPE" speed="13.07" pos="58.17" lane="1/3to2/3_0" slope="0.00"/>
        <vehicle id="15" x="740.42" y="198.35" angle="90.00" type="DEFAULT_VEHTYPE" speed="13.80" pos="135.67" lane="3/1to4/1_0" slope="0.00"/>
        <vehicle id="16" x="201.65" y="473.50" angle="180.00" type="DEFAULT_VEHTYPE" speed="12.86" pos="68.75" lane="1/2to1/3_0" slope="0.00"/>
        <vehicle id="17" x="201.65" y="537.25" angle="180.00" type="DEFAULT_VEHTYPE" speed="13.62" pos="132.50" lane="1/2to1/3_0" slope="0.00"/>
        <vehicle id="18" x="155.50" y="198.35" angle="90.00" type="DEFAULT_VEHTYPE" speed="13.20" pos="155.50" lane="0/1to1/1_0" slope="0.00"/>
        <vehicle id="2" x="201.65" y="88.44" angle="180.00" type="DEFAULT_VEHTYPE" speed="12.95" pos="88.44" lane="1/0to1/1_0" slope="0.00"/>
        <vehicle id="24" x="221.81" y="401.65" angle="-90.00" type="DEFAULT_VEHTYPE" speed="10.43" pos="173.44" lane="2/2to1/2_0" slope="0.00"/>
        <vehicle id="28" x="339.87" y="401.65" angle="-90.00" type="DEFAULT_VEHTYPE" speed="13.82" pos="55.38" lane="2/2to1/2_0" slope="0.00"/>
        <vehicle id="29" x="401.65" y="18.40" angle="180.00" type="DEFAULT_VEHTYPE" speed="13.11" pos="18.40" lane="2/0to2/1_0" slope="0.00"/>
        <vehicle id="3" x="457.04" y="401.65" angle="-90.00" type="DEFAULT_VEHTYPE" speed="13.11" pos="138.21" lane="3/2to2/2_0" slope="0.00"/>
        <vehicle id="33" x="624.98" y="201.65" angle="-90.00" type="DEFAULT_VEHTYPE" speed="8.56" pos="175.02" lane="4/1to3/1_0" slope="0.00"/>
        <vehicle id="37" x="398.35" y="678.23" angle="0.00" type="DEFAULT_VEHTYPE" speed="13.79" pos="121.77" lane="2/4to2/3_0" slope="0.00"/>
        <vehicle id="39" x="601.65" y="547.71" angle="180.00" type="DEFAULT_VEHTYPE" speed="13.55" pos="142.96" lane="3/2to3/3_0" slope="0.00"/>
        <vehicle id="40" x="292.83" y="401.65" angle="-90.00" type="DEFAULT_VEHTYPE" speed="13.82" pos="102.42" lane="2/2to1/2_0" slope="0.00"/>
        <vehicle id="42" x="172.57" y="401.65" angle="-90.00" type="DEFAULT_VEHTYPE" speed="13.16" pos="22.68" lane="1/2to0/2_0" slope="0.00"/>
        <vehicle id="43" x="398.35" y="606.77" angle="0.00" type="DEFAULT_VEHTYPE" speed="13.19" pos="193.23" lane="2/4to2/3_0" slope="0.00"/>
        <vehicle id="44" x="198.35" y="47.52" angle="0.00" type="DEFAULT_VEHTYPE" speed="12.73" pos="147.73" lane="1/1to1/0_0" slope="0.00"/>
        <vehicle id="48" x="198.35" y="338.47" angle="0.00" type="DEFAULT_VEHTYPE" speed="13.35" pos="56.78" lane="1/2to1/1_0" slope="0.00"/>
        <vehicle id="49" x="398.35" y="724.76" angle="0.00" type="DEFAULT_VEHTYPE" speed="13.06" pos="75.24" lane="2/4to2/3_0" slope="0.00"/>
        <vehicle id="5" x="398.35" y="481.91" angle="0.00" type="DEFAULT_VEHTYPE" speed="13.53" pos="113.34" lane="2/3to2/2_0" slope="0.00"/>
        <vehicle id="6" x="398.35" y="777.76" angle="0.00" type="DEFAULT_VEHTYPE" speed="12.77" pos="22.24" lane="2/4to2/3_0" slope="0.00"/>
        <vehicle id="7" x="29.04" y="401.65" angle="-90.00" type="DEFAULT_VEHTYPE" speed="13.48" pos="166.21" lane="1/2to0/2_0" slope="0.00"/>
        <vehicle id="8" x="604.63" y="201.67" angle="-90.19" type="DEFAULT_VEHTYPE" speed="5.10" pos="0.12" lane=":3/1_4_0" slope="0.00"/>
        <vehicle id="9" x="510.96" y="401.65" angle="-90.00" type="DEFAULT_VEHTYPE" speed="13.16" pos="84.29" lane="3/2to2/2_0" slope="0.00"/>
    </timestep>
    <timestep time="417.00">
        <vehicle id="0" x="398.35" y="376.46" angle="0.00" type="DEFAULT_VEHTYPE" speed="11.87" pos="18.79" lane="2/2to2/1_0" slope="0.00"/>
        <vehicle id="10" x="601.65" y="484.88" angle="180.00" type="DEFAULT_VEHTYPE" speed="13.38" pos="80.13" lane="3/2to3/3_0" slope="0.00"/>
        <vehicle id="11" x="276.14" y="598.35" angle="90.00" type="DEFAULT_VEHTYPE" speed="13.22" pos="71.39" lane="1/3to2/3_0" slope="0.00"/>
        <vehicle id="15" x="753.87" y="198.35" angle="90.00" type="DEFAULT_VEHTYPE" speed="13.45" pos="149.12" lane="3/1to4/1_0" slope="0.00"/>
        <vehicle id="16" x="201.65" y="487.38" angle="180.00" type="DEFAULT_VEHTYPE" speed="13.88" pos="82.63" lane="1/2to1/3_0" slope="0.00"/>
        <vehicle id="17" x="201.65" y="550.21" angle="180.00" type="DEFAULT_VEHTYPE" speed="12.96" pos="145.46" lane="1/2to1/3_0" slope="0.00"/>
        <vehicle id="18" x="168.68" y="198.35" angle="90.00" type="DEFAULT_VEHTYPE" speed="13.18" pos="168.68" lane="0/1to1/1_0" slope="0.00"/>
        <vehicle id="2" x="201.65" y="101.22" angle="180.00" type="DEFAULT_VEHTYPE" speed="12.78" pos="101.22" lane="1/0to1/1_0" slope="0.00"/>
        <vehicle id="24" x="214.29" y="401.65" angle="-90.00" type="DEFAULT_VEHTYPE" speed="7.52" pos="180.96" lane="2/2to1/2_0" slope="0.00"/>
        <vehicle id="28" x="327.00" y="401.65" angle="-90.00" type="DEFAULT_VEHTYPE" speed="12.87" pos="68.25" lane="2/2to1/2_0" slope="0.00"/>
        <vehicle id="29" x="401.65" y="31.39" angle="180.00" type="DEFAULT_VEHTYPE" speed="12.99" pos="31.39" lane="2/0to2/1_0" slope="0.00"/>
        <vehicle id="3" x="443.54" y="401.65" angle="-90.00" type="DEFAULT_VEHTYPE" speed="13.50" pos="151.71" lane="3/2to2/2_0" slope="0.00"/>
        <vehicle id="33" x="616.82" y="201.65" angle="-90.00" type="DEFAULT_VEHTYPE" speed="8.16" pos="183.18" lane="4/1to3/1_0" slope="0.00"/>
        <vehicle id="37" x="398.35" y="664.38" angle="0.00" type="DEFAULT_VEHTYPE" speed="13.84" pos="135.62" lane="2/4to2/3_0" slope="0.00"/>
        <vehicle id="39" x="601.65" y="560.65" angle="180.00" type="DEFAULT_VEHTYPE" speed="12.94" pos="155.90" lane="3/2to3/3_0" slope="0.00"/>
        <vehicle id="40" x="279.11" y="401.65" angle="-90.00" type="DEFAULT_VEHTYPE" speed="13.72" pos="116.14" lane="2/2to1/2_0" slope="0.00"/>
        <vehicle id="42" x="159.49" y="401.65" angle="-90.00" type="DEFAULT_VEHTYPE" speed="13.08" pos="35.76" lane="1/2to0/2_0" slope="0.00"/>
        <vehicle id="43" x="398.35" y="593.27" angle="0.00" type="DEFAULT_VEHTYPE" speed="13.50" pos="1.98" lane="2/3to2/2_0" slope="0.00"/>
        <vehicle id="44" x="198.35" y="34.45" angle="0.00" type="DEFAULT_VEHTYPE" speed="13.06" pos="160.80" lane="1/1to1/0_0" slope="0.00"/>
        <vehicle id="48" x="198.35" y="324.61" angle="0.00" type="DEFAULT_VEHTYPE" speed="13.86" pos="70.64" lane="1/2to1/1_0" slope="0.00"/>
        <vehicle id="49" x="398.35" y="710.98" angle="0.00" type="DEFAULT_VEHTYPE" speed="13.78" pos="89.02" lane="2/4to2/3_0" slope="0.00"/>
        <vehicle id="5" x="398.35" y="468.18" angle="0.00" type="DEFAULT_VEHTYPE" speed="13.74" pos="127.07" lane="2/3to2/2_0" slope="0.00"/>
        <vehicle id="6" x="398.35" y="763.93" angle="0.00" type="DEFAULT_VEHTYPE" speed="13.83" pos="36.07" lane="2/4to2/3_0" slope="0.00"/>
        <vehicle id="7" x="15.63" y="401.65" angle="-90.00" type="DEFAULT_VEHTYPE" speed="13.41" pos="179.62" lane="1/2to0/2_0" slope="0.00"/>
        <vehicle id="8" x="601.65" y="207.14" angle="-169.60" type="DEFAULT_VEHTYPE" speed="7.27" pos="2.39" lane="3/1to3/2_0" slope="0.00"/>
        <vehicle id="9" x="498.29" y="401.65" angle="-90.00" type="DEFAULT_VEHTYPE" speed="12.67" pos="96.96" lane="3/2to2/2_0" slope="0.00"/>
    </timestep>
    <timestep time="418.00">
        <vehicle id="0" x="398.35" y="362.78" angle="0.00" type="DEFAULT_VEHTYPE" speed="13.68" pos="32.47" lane="2/2to2/1_0" slope="0.00"/>
        <vehicle id="10" x="601.65" y="498.56" angle="180.00" type="DEFAULT_VEHTYPE" speed="13.69" pos="93.81" lane="3/2to3/3_0" slope="0.00"/>
        <vehicle id="11" x="289.34" y="598.35" angle="90.00" type="DEFAULT_VEHTYPE" speed="13.20" pos="84.59" lane="1/3to2/3_0" slope="0.00"/>
        <vehicle id="15" x="766.49" y="198.35" angle="90.00" type="DEFAULT_VEHTYPE" speed="12.62" pos="161.74" lane="3/1to4/1_0" slope="0.00"/>
        <vehicle id="16" x="201.65" y="500.36" angle="180.00" type="DEFAULT_VEHTYPE" speed="12.98" pos="95.61" lane="1/2to1/3_0" slope="0.00"/>
        <vehicle id="17" x="201.65" y="563.71" angle="180.00" type="DEFAULT_VEHTYPE" speed="13.50" pos="158.96" lane="1/2to1/3_0" slope="0.00"/>
        <vehicle id="18" x="178.42" y="198.35" angle="90.00" type="DEFAULT_VEHTYPE" speed="9.74" pos="178.42" lane="0/1to1/1_0" slope="0.00"/>
        <vehicle id="2" x="201.65" y="114.36" angle="180.00" type="DEFAULT_VEHTYPE" speed="13.14" pos="114.36" lane="1/0to1/1_0" slope="0.00"/>
        <vehicle id="24" x="210.36" y="401.65" angle="-90.00" type="DEFAULT_VEHTYPE" speed="3.93" pos="184.89" lane="2/2to1/2_0" slope="0.00"/>
        <vehicle id="28" x="313.17" y="401.65" angle="-90.00" type="DEFAULT_VEHTYPE" speed="13.82" pos="82.08" lane="2/2to1/2_0" slope="0.00"/>
        <vehicle id="29" x="401.65" y="45.07" angle="180.00" type="DEFAULT_VEHTYPE" speed="13.68" pos="45.07" lane="2/0to2/1_0" slope="0.00"/>
        <vehicle id="3" x="430.71" y="401.65" angle="-90.00" type="DEFAULT_VEHTYPE" speed="12.84" pos="164.54" lane="3/2to2/2_0" slope="0.00"/>
        <vehicle id="33" x="611.33" y="201.65" angle="-90.00" type="DEFAULT_VEHTYPE" speed="5.49" pos="188.67" lane="4/1to3/1_0" slope="0.00"/>
        <vehicle id="37" x="398.35" y="651.52" angle="0.00" type="DEFAULT_VEHTYPE" speed="12.87" pos="148.48" lane="2/4to2/3_0" slope="0.00"/>
        <vehicle id="39" x="601.65" y="573.64" angle="180.00" type="DEFAULT_VEHTYPE" speed="12.99" pos="168.89" lane="3/2to3/3_0" slope="0.00"/>
        <vehicle id="40" x="265.64" y="401.65" angle="-90.00" type="DEFAULT_VEHTYPE" speed="13.47" pos="129.61" lane="2/2to1/2_0" slope="0.00"/>
        <vehicle id="42" x="146.43" y="401.65" angle="-90.00" type="DEFAULT_VEHTYPE" speed="13.06" pos="48.82" lane="1/2to0/2_0" slope="0.00"/>
        <vehicle id="43" x="398.35" y="580.39" angle="0.00" type="DEFAULT_VEHTYPE" speed="12.88" pos="14.86" lane="2/3to2/2_0" slope="0.00"/>
        <vehicle id="44" x="198.35" y="21.57" angle="0.00" type="DEFAULT_VEHTYPE" speed="12.88" pos="173.68" lane="1/1to1/0_0" slope="0.00"/>
        <vehicle id="48" x="198.35" y="310.76" angle="0.00" type="DEFAULT_VEHTYPE" speed="13.85" pos="84.49" lane="1/2to1/1_0" slope="0.00"/>
        <vehicle id="49" x="398.35" y="697.66" angle="0.00" type="DEFAULT_VEHTYPE" speed="13.32" pos="102.34" lane="2/4to2/3_0" slope="0.00"/>
        <vehicle id="5" x="398.35" y="454.69" angle="0.00" type="DEFAULT_VEHTYPE" speed="13.49" pos="140.56" lane="2/3to2/2_0" slope="0.00"/>
        <vehicle id="6" x="398.35" y="750.19" angle="0.00" type="DEFAULT_VEHTYPE" speed="13.74" pos="49.81" lane="2/4to2/3_0" slope="0.00"/>
        <vehicle id="7" x="2.03" y="401.65" angle="-90.00" type="DEFAULT_VEHTYPE" speed="13.60" pos="193.22" lane="1/2to0/2_0" slope="0.00"/>
        <vehicle id="8" x="601.65" y="216.32" angle="180.00" type="DEFAULT_VEHTYPE" speed="9.19" pos="11.57" lane="3/1to3/2_0" slope="0.00"/>
        <vehicle id="9" x="484.55" y="401.65" angle="-90.00" type="DEFAULT_VEHTYPE" speed="13.74" pos="110.70" lane="3/2to2/2_0" slope="0.00"/>
    </timestep>
    <timestep time="419.00">
        <vehicle id="0" x="398.35" y="349.92" angle="0.00" type="DEFAULT_VEHTYPE" speed="12.86" pos="45.33" lane="2/2to2/1_0" slope="0.00"/>
        <vehicle id="10" x="601.65" y="512.13" angle="180.00" type="DEFAULT_VEHTYPE" speed="13.57" pos="107.38" lane="3/2to3/3_0" slope="0.00"/>
        <vehicle id="11" x="302.44" y="598.35" angle="90.00" type="DEFAULT_VEHTYPE" speed="13.10" pos="97.69" lane="1/3to2/3_0" slope="0.00"/>
        <vehicle id="15" x="779.15" y="198.35" angle="90.00" type="DEFAULT_VEHTYPE" speed="12.66" pos="174.40" lane="3/1to4/1_0" slope="0.00"/>
        <vehicle id="16" x="201.65" y="513.29" angle="180.00" type="DEFAULT_VEHTYPE" speed="12.93" pos="108.54" lane="1/2to1/3_0" slope="0.00"/>
        <vehicle id="17" x="201.65" y="577.15" angle="180.00" type="DEFAULT_VEHTYPE" speed="13.45" pos="172.40" lane="1/2to1/3_0" slope="0.00"/>
        <vehicle id="18" x="184.84" y="198.35" angle="90.00" type="DEFAULT_VEHTYPE" speed="6.42" pos="184.84" lane="0/1to1/1_0" slope="0.00"/>
        <vehicle id="2" x="201.65" y="128.00" angle="180.00" type="DEFAULT_VEHTYPE" speed="13.65" pos="128.00" lane="1/0to1/1_0" slope="0.00"/>
        <vehicle id="24" x="204.75" y="401.65" angle="-90.00" type="DEFAULT_VEHTYPE" speed="5.61" pos="0.00" lane=":1/2_5_0" slope="0.00"/>
        <vehicle id="28" x="300.25" y="401.65" angle="-90.00" type="DEFAULT_VEHTYPE" speed="12.93" pos="95.00" lane="2/2to1/2_0" slope="0.00"/>
        <vehicle id="29" x="401.65" y="58.50" angle="180.00" type="DEFAULT_VEHTYPE" speed="13.42" pos="58.50" lane="2/0to2/1_0" slope="0.00"/>
        <vehicle id="3" x="420.44" y="401.65" angle="-90.00" type="DEFAULT_VEHTYPE" speed="10.26" pos="174.81" lane="3/2to2/2_0" slope="0.00"/>
        <vehicle id="33" x="603.86" y="201.77" angle="-91.43" type="DEFAULT_VEHTYPE" speed="7.48" pos="0.90" lane=":3/1_4_0" slope="0.00"/>
        <vehicle id="37" x="398.35" y="637.80" angle="0.00" type="DEFAULT_VEHTYPE" speed="13.71" pos="162.20" lane="2/4to2/3_0" slope="0.00"/>
        <vehicle id="39" x="601.65" y="586.30" angle="180.00" type="DEFAULT_VEHTYPE" speed="12.65" pos="181.55" lane="3/2to3/3_0" slope="0.00"/>
        <vehicle id="40" x="251.75" y="401.65" angle="-90.00" type="DEFAULT_VEHTYPE" speed="13.89" pos="143.50" lane="2/2to1/2_0" slope="0.00"/>
        <vehicle id="42" x="133.05" y="401.65" angle="-90.00" type="DEFAULT_VEHTYPE" speed="13.38" pos="62.20" lane="1/2to0/2_0" slope="0.00"/>
        <vehicle id="43" x="398.35" y="567.61" angle="0.00" type="DEFAULT_VEHTYPE" speed="12.78" pos="27.64" lane="2/3to2/2_0" slope="0.00"/>
        <vehicle id="44" x="198.35" y="8.21" angle="0.00" type="DEFAULT_VEHTYPE" speed="13.36" pos="187.04" lane="1/1to1/0_0" slope="0.00"/>
        <vehicle id="48" x="198.35" y="297.54" angle="0.00" type="DEFAULT_VEHTYPE" speed="13.23" pos="97.71" lane="1/2to1/1_0" slope="0.00"/>
        <vehicle id="49" x="398.35" y="684.20" angle="0.00" type="DEFAULT_VEHTYPE" speed="13.45" pos="115.80" lane="2/4to2/3_0" slope="0.00"/>
        <vehicle id="5" x="398.35" y="441.41" angle="0.00" type="DEFAULT_VEHTYPE" speed="13.28" pos="153.84" lane="2/3to2/2_0" slope="0.00"/>
        <vehicle id="6" x="398.35" y="736.87" angle="0.00" type="DEFAULT_VEHTYPE" speed="13.32" pos="63.13" lane="2/4to2/3_0" slope="0.00"/>
        <vehicle id="7" x="7.03" y="398.35" angle="90.00" type="DEFAULT_VEHTYPE" speed="13.88" pos="7.03" lane="0/2to1/2_0" slope="0.00"/>
        <vehicle id="8" x="601.65" y="226.82" angle="180.00" type="DEFAULT_VEHTYPE" speed="10.50" pos="22.07" lane="3/1to3/2_0" slope="0.00"/>
        <vehicle id="9" x="471.20" y="401.65" angle="-90.00" type="DEFAULT_VEHTYPE" speed="13.35" pos="124.05" lane="3/2to2/2_0" slope="0.00"/>
    </timestep>
    <timestep time="420.00">
        <vehicle id="0" x="398.35" y="336.49" angle="0.00" type="DEFAULT_VEHTYPE" speed="13.42" pos="58.76" lane="2/2to2/1_0" slope="0.00"/>
        <vehicle id="10" x="601.65" y="525.18" angle="180.00" type="DEFAULT_VEHTYPE" speed="13.05" pos="120.43" lane="3/2to3/3_0" slope="0.00"/>
        <vehicle id="11" x="316.14" y="598.35" angle="90.00" type="DEFAULT_VEHTYPE" speed="13.70" pos="111.39" lane="1/3to2/3_0" slope="0.00"/>
        <vehicle id="15" x="791.79" y="198.35" angle="90.00" type="DEFAULT_VEHTYPE" speed="12.64" pos="187.04" lane="3/1to4/1_0" slope="0.00"/>
        <vehicle id="16" x="201.65" y="527.12" angle="180.00" type="DEFAULT_VEHTYPE" speed="13.83" pos="122.37" lane="1/2to1/3_0" slope="0.00"/>
        <vehicle id="17" x="201.65" y="590.87" angle="180.00" type="DEFAULT_VEHTYPE" speed="13.72" pos="186.12" lane="1/2to1/3_0" slope="0.00"/>
        <vehicle id="18" x="188.69" y="198.35" angle="90.00" type="DEFAULT_VEHTYPE" speed="3.85" pos="188.69" lane="0/1to1/1_0" slope="0.00"/>
        <vehicle id="2" x="201.65" y="141.05" angle="180.00" type="DEFAULT_VEHTYPE" speed="13.05" pos="141.05" lane="1/0to1/1_0" slope="0.00"/>
        <vehicle id="24" x="197.67" y="401.65" angle="-90.00" type="DEFAULT_VEHTYPE" speed="7.08" pos="7.08" lane=":1/2_5_0" slope="0.00"/>
        <vehicle id="28" x="286.82" y="401.65" angle="-90.00" type="DEFAULT_VEHTYPE" speed="13.43" pos="108.43" lane="2/2to1/2_0" slope="0.00"/>
        <vehicle id="29" x="401.65" y="71.75" angle="180.00" type="DEFAULT_VEHTYPE" speed="13.26" pos="71.75" lane="2/0to2/1_0" slope="0.00"/>
        <vehicle id="3" x="413.81" y="401.65" angle="-90.00" type="DEFAULT_VEHTYPE" speed="6.64" pos="181.44" lane="3/2to2/2_0" slope="0.00"/>
        <vehicle id="33" x="601.65" y="210.01" angle="180.00" type="DEFAULT_VEHTYPE" speed="9.36" pos="5.26" lane="3/1to3/2_0" slope="0.00"/>
        <vehicle id="37" x="398.35" y="624.72" angle="0.00" type="DEFAULT_VEHTYPE" speed="13.09" pos="175.28" lane="2/4to2/3_0" slope="0.00"/>
        <vehicle id="39" x="603.66" y="598.20" angle="153.59" type="DEFAULT_VEHTYPE" speed="12.86" pos="3.90" lane=":3/3_8_0" slope="0.00"/>
        <vehicle id="40" x="238.21" y="401.65" angle="-90.00" type="DEFAULT_VEHTYPE" speed="13.54" pos="157.04" lane="2/2to1/2_0" slope="0.00"/>
        <vehicle id="42" x="120.36" y="401.65" angle="-90.00" type="DEFAULT_VEHTYPE" speed="12.69" pos="74.89" lane="1/2to0/2_0" slope="0.00"/>
        <vehicle id="43" x="398.35" y="554.14" angle="0.00" type="DEFAULT_VEHTYPE" speed="13.47" pos="41.11" lane="2/3to2/2_0" slope="0.00"/>
        <vehicle id="44" x="201.57" y="-0.12" angle="82.30" type="DEFAULT_VEHTYPE" speed="12.89" pos="4.68" lane=":1/0_0_0" slope="0.00"/>
        <vehicle id="48" x="198.35" y="284.31" angle="0.00" type="DEFAULT_VEHTYPE" speed="13.23" pos="110.94" lane="1/2to1/1_0" slope="0.00"/>
        <vehicle id="49" x="398.35" y="670.74" angle="0.00" type="DEFAULT_VEHTYPE" speed="13.47" pos="129.26" lane="2/4to2/3_0" slope="0.00"/>
        <vehicle id="5" x="398.35" y="428.71" angle="0.00" type="DEFAULT_VEHTYPE" speed="12.70" pos="166.54" lane="2/3to2/2_0" slope="0.00"/>
        <vehicle id="6" x="398.35" y="723.72" angle="0.00" type="DEFAULT_VEHTYPE" speed="13.15" pos="76.28" lane="2/4to2/3_0" slope="0.00"/>
        <vehicle id="7" x="20.18" y="398.35" angle="90.00" type="DEFAULT_VEHTYPE" speed="13.15" pos="20.18" lane="0/2to1/2_0" slope="0.00"/>
        <vehicle id="8" x="601.65" y="239.08" angle="180.00" type="DEFAULT_VEHTYPE" speed="12.26" pos="34.33" lane="3/1to3/2_0" slope="0.00"/>
        <vehicle id="9" x="457.81" y="401.65" angle="-90.00" type="DEFAULT_VEHTYPE" speed="13.39" pos="137.44" lane="3/2to2/2_0" slope="0.00"/>
    </timestep>
    <timestep time="421.00">
        <vehicle id="0" x="398.35" y="323.69" angle="0.00" type="DEFAULT_VEHTYPE" speed="12.80" pos="71.56" lane="2/2to2/1_0" slope="0.00"/>
        <vehicle id="10" x="601.65" y="538.60" angle="180.00" type="DEFAULT_VEHTYPE" speed="13.42" pos="133.85" lane="3/2to3/3_0" slope="0.00"/>
        <vehicle id="11" x="329.80" y="598.35" angle="90.00" type="DEFAULT_VEHTYPE" speed="13.66" pos="125.05" lane="1/3to2/3_0" slope="0.00"/>
        <vehicle id="15" x="799.35" y="201.65" angle="-161.19" type="DEFAULT_VEHTYPE" speed="13.67" pos="0.65" lane="4/1to3/1_0" slope="0.00"/>
        <vehicle id="16" x="201.65" y="539.95" angle="180.00" type="DEFAULT_VEHTYPE" speed="12.82" pos="135.20" lane="1/2to1/3_0" slope="0.00"/>
        <vehicle id="17" x="208.29" y="598.35" angle="92.70" type="DEFAULT_VEHTYPE" speed="12.93" pos="3.54" lane="1/3to2/3_0" slope="0.00"/>
        <vehicle id="18" x="194.74" y="198.35" angle="90.00" type="DEFAULT_VEHTYPE" speed="6.05" pos="194.74" lane="0/1to1/1_0" slope="0.00"/>
        <vehicle id="2" x="201.65" y="154.59" angle="180.00" type="DEFAULT_VEHTYPE" speed="13.54" pos="154.59" lane="1/0to1/1_0" slope="0.00"/>
        <vehicle id="24" x="188.38" y="401.65" angle="-90.00" type="DEFAULT_VEHTYPE" speed="9.29" pos="6.87" lane="1/2to0/2_0" slope="0.00"/>
        <vehicle id="28" x="273.56" y="401.65" angle="-90.00" type="DEFAULT_VEHTYPE" speed="13.26" pos="121.69" lane="2/2to1/2_0" slope="0.00"/>
        <vehicle id="29" x="401.65" y="85.22" angle="180.00" type="DEFAULT_VEHTYPE" speed="13.47" pos="85.22" lane="2/0to2/1_0" slope="0.00"/>
        <vehicle id="3" x="410.70" y="401.65" angle="-90.00" type="DEFAULT_VEHTYPE" speed="3.11" pos="184.55" lane="3/2to2/2_0" slope="0.00"/>
        <vehicle id="33" x="601.65" y="221.35" angle="180.00" type="DEFAULT_VEHTYPE" speed="11.35" pos="16.60" lane="3/1to3/2_0" slope="0.00"/>
        <vehicle id="37" x="398.35" y="611.72" angle="0.00" type="DEFAULT_VEHTYPE" speed="13.00" pos="188.28" lane="2/4to2/3_0" slope="0.00"/>
        <vehicle id="39" x="617.22" y="598.35" angle="90.00" type="DEFAULT_VEHTYPE" speed="13.56" pos="12.47" lane="3/3to4/3_0" slope="0.00"/>
        <vehicle id="40" x="226.08" y="401.65" angle="-90.00" type="DEFAULT_VEHTYPE" speed="12.13" pos="169.17" lane="2/2to1/2_0" slope="0.00"/>
        <vehicle id="42" x="107.70" y="401.65" angle="-90.00" type="DEFAULT_VEHTYPE" speed="12.66" pos="87.55" lane="1/2to0/2_0" slope="0.00"/>
        <vehicle id="43" x="398.35" y="540.53" angle="0.00" type="DEFAULT_VEHTYPE" speed="13.61" pos="54.72" lane="2/3to2/2_0" slope="0.00"/>
        <vehicle id="44" x="201.65" y="13.51" angle="180.00" type="DEFAULT_VEHTYPE" speed="13.65" pos="13.51" lane="1/0to1/1_0" slope="0.00"/>
        <vehicle id="48" x="198.35" y="270.56" angle="0.00" type="DEFAULT_VEHTYPE" speed="13.75" pos="124.69" lane="1/2to1/1_0" slope="0.00"/>
        <vehicle id="49" x="398.35" y="657.89" angle="0.00" type="DEFAULT_VEHTYPE" speed="12.84" pos="142.11" lane="2/4to2/3_0" slope="0.00"/>
        <vehicle id="5" x="398.35" y="415.13" angle="0.00" type="DEFAULT_VEHTYPE" speed="13.58" pos="180.12" lane="2/3to2/2_0" slope="0.00"/>
        <vehicle id="6" x="398.35" y="710.72" angle="0.00" type="DEFAULT_VEHTYPE" speed="13.00" pos="89.28" lane="2/4to2/3_0" slope="0.00"/>
        <vehicle id="7" x="33.41" y="398.35" angle="90.00" type="DEFAULT_VEHTYPE" speed="13.23" pos="33.41" lane="0/2to1/2_0" slope="0.00"/>
        <vehicle id="8" x="601.65" y="252.28" angle="180.00" type="DEFAULT_VEHTYPE" speed="13.20" pos="47.53" lane="3/1to3/2_0" slope="0.00"/>
        <vehicle id="9" x="443.96" y="401.65" angle="-90.00" type="DEFAULT_VEHTYPE" speed="13.85" pos="151.29" lane="3/2to2/2_0" slope="0.00"/>
    </timestep>
    <timestep time="422.00">
        <vehicle id="0" x="398.35" y="309.94" angle="0.00" type="DEFAULT_VEHTYPE" speed="13.75" pos="85.31" lane="2/2to2/1_0" slope="0.00"/>
        <vehicle id="10" x="601.65" y="552.20" angle="180.00" type="DEFAULT_VEHTYPE" speed="13.60" pos="147.45" lane="3/2to3/3_0" slope="0.00"/>
        <vehicle id="11" x="342.55" y="598.35" angle="90.00" type="DEFAULT_VEHTYPE" speed="12.76" pos="137.80" lane="1/3to2/3_0" slope="0.00"/>
        <vehicle id="15" x="786.31" y="201.65" angle="-90.00" type="DEFAULT_VEHTYPE" speed="13.05" pos="13.69" lane="4/1to3/1_0" slope="0.00"/>
        <vehicle id="16" x="201.65" y="553.83" angle="180.00" type="DEFAULT_VEHTYPE" speed="13.88" pos="149.08" lane="1/2to1/3_0" slope="0.00"/>
        <vehicle id="17" x="221.28" y="598.35" angle="90.00" type="DEFAULT_VEHTYPE" speed="12.99" pos="16.53" lane="1/3to2/3_0" slope="0.00"/>
        <vehicle id="18" x="198.35" y="193.34" angle="15.71" type="DEFAULT_VEHTYPE" speed="7.43" pos="1.91" lane="1/1to1/0_0" slope="0.00"/>
        <vehicle id="2" x="201.65" y="168.38" angle="180.00" type="DEFAULT_VEHTYPE" speed="13.78" pos="168.38" lane="1/0to1/1_0" slope="0.00"/>
        <vehicle id="24" x="177.77" y="401.65" angle="-90.00" type="DEFAULT_VEHTYPE" speed="10.61" pos="17.48" lane="1/2to0/2_0" slope="0.00"/>
        <vehicle id="28" x="260.25" y="401.65" angle="-90.00" type="DEFAULT_VEHTYPE" speed="13.32" pos="135.00" lane="2/2to1/2_0" slope="0.00"/>
        <vehicle id="29" x="401.65" y="98.85" angle="180.00" type="DEFAULT_VEHTYPE" speed="13.63" pos="98.85" lane="2/0to2/1_0" slope="0.00"/>
        <vehicle id="3" x="408.71" y="401.65" angle="-90.00" type="DEFAULT_VEHTYPE" speed="1.99" pos="186.54" lane="3/2to2/2_0" slope="0.00"/>
        <vehicle id="33" x="601.65" y="233.96" angle="180.00" type="DEFAULT_VEHTYPE" speed="12.61" pos="29.21" lane="3/1to3/2_0" slope="0.00"/>
        <vehicle id="37" x="398.35" y="598.45" angle="0.00" type="DEFAULT_VEHTYPE" speed="13.27" pos="6.30" lane=":2/3_1_0" slope="0.00"/>
        <vehicle id="39" x="630.50" y="598.35" angle="90.00" type="DEFAULT_VEHTYPE" speed="13.28" pos="25.75" lane="3/3to4/3_0" slope="0.00"/>
        <vehicle id="40" x="218.10" y="401.65" angle="-90.00" type="DEFAULT_VEHTYPE" speed="7.98" pos="177.15" lane="2/2to1/2_0" slope="0.00"/>
        <vehicle id="42" x="94.42" y="401.65" angle="-90.00" type="DEFAULT_VEHTYPE" speed="13.28" pos="100.83" lane="1/2to0/2_0" slope="0.00"/>
        <vehicle id="43" x="398.35" y="527.86" angle="0.00" type="DEFAULT_VEHTYPE" speed="12.67" pos="67.39" lane="2/3to2/2_0" slope="0.00"/>
        <vehicle id="44" x="201.65" y="26.19" angle="180.00" type="DEFAULT_VEHTYPE" speed="12.68" pos="26.19" lane="1/0to1/1_0" slope="0.00"/>
        <vehicle id="48" x="198.35" y="257.62" angle="0.00" type="DEFAULT_VEHTYPE" speed="12.95" pos="137.63" lane="1/2to1/1_0" slope="0.00"/>
        <vehicle id="49" x="398.35" y="644.05" angle="0.00" type="DEFAULT_VEHTYPE" speed="13.85" pos="155.95" lane="2/4to2/3_0" slope="0.00"/>
        <vehicle id="5" x="398.35" y="402.28" angle="0.00" type="DEFAULT_VEHTYPE" speed="12.85" pos="2.47" lane=":2/2_1_0" slope="0.00"/>
        <vehicle id="6" x="398.35" y="697.43" angle="0.00" type="DEFAULT_VEHTYPE" speed="13.29" pos="102.57" lane="2/4to2/3_0" slope="0.00"/>
        <vehicle id="7" x="47.21" y="398.35" angle="90.00" type="DEFAULT_VEHTYPE" speed="13.80" pos="47.21" lane="0/2to1/2_0" slope="0.00"/>
        <vehicle id="8" x="601.65" y="266.12" angle="180.00" type="DEFAULT_VEHTYPE" speed="13.85" pos="61.37" lane="3/1to3/2_0" slope="0.00"/>
        <vehicle id="9" x="433.10" y="401.65" angle="-90.00" type="DEFAULT_VEHTYPE" speed="10.86" pos="162.15" lane="3/2to2/2_0" slope="0.00"/>
    </timestep>
    <timestep time="423.00">
        <vehicle id="0" x="398.35" y="296.93" angle="0.00" type="DEFAULT_VEHTYPE" speed="13.01" pos="98.32" lane="2/2to2/1_0" slope="0.00"/>
        <vehicle id="10" x="601.65" y="565.78" angle="180.00" type="DEFAULT_VEHTYPE" speed="13.58" pos="161.03" lane="3/2to3/3_0" slope="0.00"/>
        <vehicle id="11" x="356.03" y="598.35" angle="90.00" type="DEFAULT_VEHTYPE" speed="13.48" pos="151.28" lane="1/3to2/3_0" slope="0.00"/>
        <vehicle id="15" x="772.48" y="201.65" angle="-90.00" type="DEFAULT_VEHTYPE" speed="13.82" pos="27.52" lane="4/1to3/1_0" slope="0.00"/>
        <vehicle id="16" x="201.65" y="566.56" angle="180.00" type="DEFAULT_VEHTYPE" speed="12.73" pos="161.81" lane="1/2to1/3_0" slope="0.00"/>
        <vehicle id="17" x="235.11" y="598.35" angle="90.00" type="DEFAULT_VEHTYPE" speed="13.83" pos="30.36" lane="1/3to2/3_0" slope="0.00"/>
        <vehicle id="18" x="198.35" y="184.47" angle="0.00" type="DEFAULT_VEHTYPE" speed="8.87" pos="10.78" lane="1/1to1/0_0" slope="0.00"/>
        <vehicle id="2" x="201.65" y="181.79" angle="180.00" type="DEFAULT_VEHTYPE" speed="13.42" pos="181.79" lane="1/0to1/1_0" slope="0.00"/>
        <vehicle id="24" x="165.17" y="401.65" angle="-90.00" type="DEFAULT_VEHTYPE" speed="12.61" pos="30.08" lane="1/2to0/2_0" slope="0.00"/>
        <vehicle id="28" x="247.56" y="401.65" angle="-90.00" type="DEFAULT_VEHTYPE" speed="12.69" pos="147.69" lane="2/2to1/2_0" slope="0.00"/>
        <vehicle id="29" x="401.65" y="112.65" angle="180.00" type="DEFAULT_VEHTYPE" speed="13.80" pos="112.65" lane="2/0to2/1_0" slope="0.00"/>
        <vehicle id="3" x="407.67" y="401.65" angle="-90.00" type="DEFAULT_VEHTYPE" speed="1.03" pos="187.58" lane="3/2to2/2_0" slope="0.00"/>
        <vehicle id="33" x="601.65" y="246.90" angle="180.00" type="DEFAULT_VEHTYPE" speed="12.94" pos="42.15" lane="3/1to3/2_0" slope="0.00"/>
        <vehicle id="37" x="398.35" y="585.08" angle="0.00" type="DEFAULT_VEHTYPE" speed="13.37" pos="10.17" lane="2/3to2/2_0" slope="0.00"/>
        <vehicle id="39" x="643.56" y="598.35" angle="90.00" type="DEFAULT_VEHTYPE" speed="13.06" pos="38.81" lane="3/3to4/3_0" slope="0.00"/>
        <vehicle id="40" x="212.34" y="401.65" angle="-90.00" type="DEFAULT_VEHTYPE" speed="5.76" pos="182.91" lane="2/2to1/2_0" slope="0.00"/>
        <vehicle id="42" x="81.03" y="401.65" angle="-90.00" type="DEFAULT_VEHTYPE" speed="13.38" pos="114.22" lane="1/2to0/2_0" slope="0.00"/>
        <vehicle id="43" x="398.35" y="515.04" angle="0.00" type="DEFAULT_VEHTYPE" speed="12.82" pos="80.21" lane="2/3to2/2_0" slope="0.00"/>
        <vehicle id="44" x="201.65" y="38.92" angle="180.00" type="DEFAULT_VEHTYPE" speed="12.73" pos="38.92" lane="1/0to1/1_0" slope="0.00"/>
        <vehicle id="48" x="198.35" y="244.81" angle="0.00" type="DEFAULT_VEHTYPE" speed="12.80" pos="150.44" lane="1/2to1/1_0" slope="0.00"/>
        <vehicle id="49" x="398.35" y="630.97" angle="0.00" type="DEFAULT_VEHTYPE" speed="13.08" pos="169.03" lane="2/4to2/3_0" slope="0.00"/>
        <vehicle id="5" x="398.35" y="388.93" angle="0.00" type="DEFAULT_VEHTYPE" speed="13.35" pos="6.32" lane="2/2to2/1_0" slope="0.00"/>
        <vehicle id="6" x="398.35" y="683.72" angle="0.00" type="DEFAULT_VEHTYPE" speed="13.71" pos="116.28" lane="2/4to2/3_0" slope="0.00"/>
        <vehicle id="7" x="60.91" y="398.35" angle="90.00" type="DEFAULT_VEHTYPE" speed="13.70" pos="60.91" lane="0/2to1/2_0" slope="0.00"/>
        <vehicle id="8" x="601.65" y="279.38" angle="180.00" type="DEFAULT_VEHTYPE" speed="13.26" pos="74.63" lane="3/1to3/2_0" slope="0.00"/>
        <vehicle id="9" x="425.69" y="401.65" angle="-90.00" type="DEFAULT_VEHTYPE" speed="7.41" pos="169.56" lane="3/2to2/2_0" slope="0.00"/>
    </timestep>
    <timestep time="424.00">
        <vehicle id="0" x="398.35" y="283.95" angle="0.00" type="DEFAULT_VEHTYPE" speed="12.98" pos="111.30" lane="2/2to2/1_0" slope="0.00"/>
        <vehicle id="10" x="601.65" y="578.97" angle="180.00" type="DEFAULT_VEHTYPE" speed="13.19" pos="174.22" lane="3/2to3/3_0" slope="0.00"/>
        <vehicle id="11" x="369.41" y="598.35" angle="90.00" type="DEFAULT_VEHTYPE" speed="13.37" pos="164.66" lane="1/3to2/3_0" slope="0.00"/>
        <vehicle id="15" x="758.76" y="201.65" angle="-90.00" type="DEFAULT_VEHTYPE" speed="13.72" pos="41.24" lane="4/1to3/1_0" slope="0.00"/>
        <vehicle id="16" x="201.65" y="579.62" angle="180.00" type="DEFAULT_VEHTYPE" speed="13.06" pos="174.87" lane="1/2to1/3_0" slope="0.00"/>
        <vehicle id="17" x="248.24" y="598.35" angle="90.00" type="DEFAULT_VEHTYPE" speed="13.13" pos="43.49" lane="1/3to2/3_0" slope="0.00"/>
        <vehicle id="18" x="198.35" y="173.80" angle="0.00" type="DEFAULT_VEHTYPE" speed="10.66" pos="21.45" lane="1/1to1/0_0" slope="0.00"/>
        <vehicle id="2" x="201.66" y="195.32" angle="179.88" type="DEFAULT_VEHTYPE" speed="13.53" pos="0.08" lane=":1/1_8_0" slope="0.00"/>
        <vehicle id="24" x="151.71" y="401.65" angle="-90.00" type="DEFAULT_VEHTYPE" speed="13.46" pos="43.54" lane="1/2to0/2_0" slope="0.00"/>
        <vehicle id="28" x="234.22" y="401.65" angle="-90.00" type="DEFAULT_VEHTYPE" speed="13.33" pos="161.03" lane="2/2to1/2_0" slope="0.00"/>
        <vehicle id="29" x="401.65" y="125.60" angle="180.00" type="DEFAULT_VEHTYPE" speed="12.95" pos="125.60" lane="2/0to2/1_0" slope="0.00"/>
        <vehicle id="3" x="404.68" y="401.64" angle="-89.89" type="DEFAULT_VEHTYPE" speed="2.99" pos="0.07" lane=":2/2_6_0" slope="0.00"/>
        <vehicle id="33" x="601.65" y="259.90" angle="180.00" type="DEFAULT_VEHTYPE" speed="13.00" pos="55.15" lane="3/1to3/2_0" slope="0.00"/>
        <vehicle id="37" x="398.35" y="572.39" angle="0.00" type="DEFAULT_VEHTYPE" speed="12.69" pos="22.86" lane="2/3to2/2_0" slope="0.00"/>
        <vehicle id="39" x="656.59" y="598.35" angle="90.00" type="DEFAULT_VEHTYPE" speed="13.02" pos="51.84" lane="3/3to4/3_0" slope="0.00"/>
        <vehicle id="40" x="208.73" y="401.65" angle="-90.00" type="DEFAULT_VEHTYPE" speed="3.61" pos="186.52" lane="2/2to1/2_0" slope="0.00"/>
        <vehicle id="42" x="67.72" y="401.65" angle="-90.00" type="DEFAULT_VEHTYPE" speed="13.31" pos="127.53" lane="1/2to0/2_0" slope="0.00"/>
        <vehicle id="43" x="398.35" y="501.24" angle="0.00" type="DEFAULT_VEHTYPE" speed="13.79" pos="94.01" lane="2/3to2/2_0" slope="0.00"/>
        <vehicle id="44" x="201.65" y="52.60" angle="180.00" type="DEFAULT_VEHTYPE" speed="13.67" pos="52.60" lane="1/0to1/1_0" slope="0.00"/>
        <vehicle id="48" x="198.35" y="231.95" angle="0.00" type="DEFAULT_VEHTYPE" speed="12.87" pos="163.30" lane="1/2to1/1_0" slope="0.00"/>
        <vehicle id="49" x="398.35" y="618.22" angle="0.00" type="DEFAULT_VEHTYPE" speed="12.74" pos="181.78" lane="2/4to2/3_0" slope="0.00"/>
        <vehicle id="5" x="398.35" y="376.12" angle="0.00" type="DEFAULT_VEHTYPE" speed="12.82" pos="19.13" lane="2/2to2/1_0" slope="0.00"/>
        <vehicle id="6" x="398.35" y="670.54" angle="0.00" type="DEFAULT_VEHTYPE" speed="13.17" pos="129.46" lane="2/4to2/3_0" slope="0.00"/>
        <vehicle id="7" x="73.55" y="398.35" angle="90.00" type="DEFAULT_VEHTYPE" speed="12.64" pos="73.55" lane="0/2to1/2_0" slope="0.00"/>
        <vehicle id="8" x="601.65" y="292.81" angle="180.00" type="DEFAULT_VEHTYPE" speed="13.43" pos="88.06" lane="3/1to3/2_0" slope="0.00"/>
        <vehicle id="9" x="419.66" y="401.65" angle="-90.00" type="DEFAULT_VEHTYPE" speed="6.03" pos="175.59" lane="3/2to2/2_0" slope="0.00"/>
    </timestep>
    <timestep time="425.00">
        <vehicle id="0" x="398.35" y="271.35" angle="0.00" type="DEFAULT_VEHTYPE" speed="12.61" pos="123.90" lane="2/2to2/1_0" slope="0.00"/>
        <vehicle id="10" x="601.65" y="592.33" angle="180.00" type="DEFAULT_VEHTYPE" speed="13.36" pos="187.58" lane="3/2to3/3_0" slope="0.00"/>
        <vehicle id="11" x="378.88" y="598.35" angle="90.00" type="DEFAULT_VEHTYPE" speed="9.47" pos="174.13" lane="1/3to2/3_0" slope="0.00"/>
        <vehicle id="15" x="745.08" y="201.65" angle="-90.00" type="DEFAULT_VEHTYPE" speed="13.68" pos="54.92" lane="4/1to3/1_0" slope="0.00"/>
        <vehicle id="16" x="201.65" y="592.23" angle="180.00" type="DEFAULT_VEHTYPE" speed="12.61" pos="187.48" lane="1/2to1/3_0" slope="0.00"/>
        <vehicle id="17" x="261.23" y="598.35" angle="90.00" type="DEFAULT_VEHTYPE" speed="12.99" pos="56.48" lane="1/3to2/3_0" slope="0.00"/>
        <vehicle id="18" x="198.35" y="160.98" angle="0.00" type="DEFAULT_VEHTYPE" speed="12.82" pos="34.27" lane="1/1to1/0_0" slope="0.00"/>
        <vehicle id="2" x="213.14" y="198.35" angle="90.00" type="DEFAULT_VEHTYPE" speed="13.32" pos="8.39" lane="1/1to2/1_0" slope="0.00"/>
        <vehicle id="24" x="138.99" y="401.65" angle="-90.00" type="DEFAULT_VEHTYPE" speed="12.72" pos="56.26" lane="1/2to0/2_0" slope="0.00"/>
        <vehicle id="28" x="225.39" y="401.65" angle="-90.00" type="DEFAULT_VEHTYPE" speed="8.83" pos="169.86" lane="2/2to1/2_0" slope="0.00"/>
        <vehicle id="29" x="401.65" y="139.29" angle="180.00" type="DEFAULT_VEHTYPE" speed="13.69" pos="139.29" lane="2/0to2/1_0" slope="0.00"/>
        <vehicle id="3" x="399.93" y="400.01" angle="-70.82" type="DEFAULT_VEHTYPE" speed="5.13" pos="5.20" lane=":2/2_6_0" slope="0.00"/>
        <vehicle id="33" x="601.65" y="273.34" angle="180.00" type="DEFAULT_VEHTYPE" speed="13.44" pos="68.59" lane="3/1to3/2_0" slope="0.00"/>
        <vehicle id="37" x="398.35" y="558.57" angle="0.00" type="DEFAULT_VEHTYPE" speed="13.82" pos="36.68" lane="2/3to2/2_0" slope="0.00"/>
        <vehicle id="39" x="669.98" y="598.35" angle="90.00" type="DEFAULT_VEHTYPE" speed="13.39" pos="65.23" lane="3/3to4/3_0" slope="0.00"/>
        <vehicle id="40" x="203.11" y="401.42" angle="-87.31" type="DEFAULT_VEHTYPE" speed="5.64" pos="1.65" lane=":1/2_6_0" slope="0.00"/>
        <vehicle id="42" x="54.81" y="401.65" angle="-90.00" type="DEFAULT_VEHTYPE" speed="12.91" pos="140.44" lane="1/2to0/2_0" slope="0.00"/>
        <vehicle id="43" x="398.35" y="488.07" angle="0.00" type="DEFAULT_VEHTYPE" speed="13.17" pos="107.18" lane="2/3to2/2_0" slope="0.00"/>
        <vehicle id="44" x="201.65" y="66.05" angle="180.00" type="DEFAULT_VEHTYPE" speed="13.45" pos="66.05" lane="1/0to1/1_0" slope="0.00"/>
        <vehicle id="48" x="198.35" y="219.33" angle="0.00" type="DEFAULT_VEHTYPE" speed="12.62" pos="175.92" lane="1/2to1/1_0" slope="0.00"/>
        <vehicle id="49" x="398.35" y="605.30" angle="0.00" type="DEFAULT_VEHTYPE" speed="12.92" pos="194.70" lane="2/4to2/3_0" slope="0.00"/>
        <vehicle id="5" x="398.35" y="362.97" angle="0.00" type="DEFAULT_VEHTYPE" speed="13.15" pos="32.28" lane="2/2to2/1_0" slope="0.00"/>
        <vehicle id="6" x="398.35" y="657.51" angle="0.00" type="DEFAULT_VEHTYPE" speed="13.03" pos="142.49" lane="2/4to2/3_0" slope="0.00"/>
        <vehicle id="7" x="86.92" y="398.35" angle="90.00" type="DEFAULT_VEHTYPE" speed="13.37" pos="86.92" lane="0/2to1/2_0" slope="0.00"/>
        <vehicle id="8" x="601.65" y="306.35" angle="180.00" type="DEFAULT_VEHTYPE" speed="13.54" pos="101.60" lane="3/1to3/2_0" slope="0.00"/>
        <vehicle id="9" x="415.97" y="401.65" angle="-90.00" type="DEFAULT_VEHTYPE" speed="3.69" pos="179.28" lane="3/2to2/2_0" slope="0.00"/>
    </timestep>
    <timestep time="426.00">
        <vehicle id="0" x="398.35" y="257.57" angle="0.00" type="DEFAULT_VEHTYPE" speed="13.78" pos="137.68" lane="2/2to2/1_0" slope="0.00"/>
        <vehicle id="10" x="610.22" y="598.35" angle="90.00" type="DEFAULT_VEHTYPE" speed="13.39" pos="5.47" lane="3/3to4/3_0" slope="0.00"/>
        <vehicle id="11" x="385.25" y="598.35" angle="90.00" type="DEFAULT_VEHTYPE" speed="6.37" pos="180.50" lane="1/3to2/3_0" slope="0.00"/>
        <vehicle id="15" x="731.36" y="201.65" angle="-90.00" type="DEFAULT_VEHTYPE" speed="13.72" pos="68.64" lane="4/1to3/1_0" slope="0.00"/>
        <vehicle id="16" x="210.39" y="598.35" angle="90.00" type="DEFAULT_VEHTYPE" speed="13.66" pos="5.64" lane="1/3to2/3_0" slope="0.00"/>
        <vehicle id="17" x="274.93" y="598.35" angle="90.00" type="DEFAULT_VEHTYPE" speed="13.70" pos="70.18" lane="1/3to2/3_0" slope="0.00"/>
        <vehicle id="18" x="198.35" y="148.02" angle="0.00" type="DEFAULT_VEHTYPE" speed="12.96" pos="47.23" lane="1/1to1/0_0" slope="0.00"/>
        <vehicle id="2" x="225.89" y="198.35" angle="90.00" type="DEFAULT_VEHTYPE" speed="12.74" pos="21.14" lane="1/1to2/1_0" slope="0.00"/>
        <vehicle id="24" x="126.17" y="401.65" angle="-90.00" type="DEFAULT_VEHTYPE" speed="12.82" pos="69.08" lane="1/2to0/2_0" slope="0.00"/>
        <vehicle id="28" x="216.79" y="401.65" angle="-90.00" type="DEFAULT_VEHTYPE" speed="8.60" pos="178.46" lane="2/2to1/2_0" slope="0.00"/>
        <vehicle id="29" x="401.65" y="153.15" angle="180.00" type="DEFAULT_VEHTYPE" speed="13.86" pos="153.15" lane="2/0to2/1_0" slope="0.00"/>
        <vehicle id="3" x="398.35" y="393.09" angle="-4.65" type="DEFAULT_VEHTYPE" speed="7.28" pos="2.16" lane="2/2to2/1_0" slope="0.00"/>
        <vehicle id="33" x="601.65" y="286.56" angle="180.00" type="DEFAULT_VEHTYPE" speed="13.22" pos="81.81" lane="3/1to3/2_0" slope="0.00"/>
        <vehicle id="37" x="398.35" y="545.11" angle="0.00" type="DEFAULT_VEHTYPE" speed="13.46" pos="50.14" lane="2/3to2/2_0" slope="0.00"/>
        <vehicle id="39" x="682.74" y="598.35" angle="90.00" type="DEFAULT_VEHTYPE" speed="12.76" pos="77.99" lane="3/3to4/3_0" slope="0.00"/>
        <vehicle id="40" x="198.50" y="396.29" angle="-27.71" type="DEFAULT_VEHTYPE" speed="7.62" pos="9.27" lane=":1/2_6_0" slope="0.00"/>
        <vehicle id="42" x="41.70" y="401.65" angle="-90.00" type="DEFAULT_VEHTYPE" speed="13.11" pos="153.55" lane="1/2to0/2_0" slope="0.00"/>
        <vehicle id="43" x="398.35" y="474.50" angle="0.00" type="DEFAULT_VEHTYPE" speed="13.57" pos="120.75" lane="2/3to2/2_0" slope="0.00"/>
        <vehicle id="44" x="201.65" y="79.12" angle="180.00" type="DEFAULT_VEHTYPE" speed="13.07" pos="79.12" lane="1/0to1/1_0" slope="0.00"/>
        <vehicle id="48" x="198.35" y="205.76" angle="0.00" type="DEFAULT_VEHTYPE" speed="13.56" pos="189.49" lane="1/2to1/1_0" slope="0.00"/>
        <vehicle id="49" x="398.35" y="591.70" angle="0.00" type="DEFAULT_VEHTYPE" speed="13.61" pos="3.55" lane="2/3to2/2_0" slope="0.00"/>
        <vehicle id="5" x="398.35" y="349.70" angle="0.00" type="DEFAULT_VEHTYPE" speed="13.26" pos="45.55" lane="2/2to2/1_0" slope="0.00"/>
        <vehicle id="6" x="398.35" y="643.65" angle="0.00" type="DEFAULT_VEHTYPE" speed="13.86" pos="156.35" lane="2/4to2/3_0" slope="0.00"/>
        <vehicle id="7" x="99.56" y="398.35" angle="90.00" type="DEFAULT_VEHTYPE" speed="12.63" pos="99.56" lane="0/2to1/2_0" slope="0.00"/>
        <vehicle id="8" x="601.65" y="320.10" angle="180.00" type="DEFAULT_VEHTYPE" speed="13.76" pos="115.35" lane="3/1to3/2_0" slope="0.00"/>
        <vehicle id="9" x="411.74" y="401.65" angle="-90.00" type="DEFAULT_VEHTYPE" speed="4.23" pos="183.51" lane="3/2to2/2_0" slope="0.00"/>
    </timestep>
    <timestep time="427.00">
        <vehicle id="0" x="398.35" y="244.49" angle="0.00" type="DEFAULT_VEHTYPE" speed="13.08" pos="150.76" lane="2/2to2/1_0" slope="0.00"/>
        <vehicle id="10" x="622.98" y="598.35" angle="90.00" type="DEFAULT_VEHTYPE" speed="12.76" pos="18.23" lane="3/3to4/3_0" slope="0.00"/>
        <vehicle id="11" x="389.12" y="598.35" angle="90.00" type="DEFAULT_VEHTYPE" speed="3.87" pos="184.37" lane="1/3to2/3_0" slope="0.00"/>
        <vehicle id="15" x="717.62" y="201.65" angle="-90.00" type="DEFAULT_VEHTYPE" speed="13.74" pos="82.38" lane="4/1to3/1_0" slope="0.00"/>
        <vehicle id="16" x="223.92" y="598.35" angle="90.00" type="DEFAULT_VEHTYPE" speed="13.53" pos="19.17" lane="1/3to2/3_0" slope="0.00"/>
        <vehicle id="17" x="288.78" y="598.35" angle="90.00" type="DEFAULT_VEHTYPE" speed="13.85" pos="84.03" lane="1/3to2/3_0" slope="0.00"/>
        <vehicle id="18" x="198.35" y="134.99" angle="0.00" type="DEFAULT_VEHTYPE" speed="13.03" pos="60.26" lane="1/1to1/0_0" slope="0.00"/>
        <vehicle id="2" x="238.88" y="198.35" angle="90.00" type="DEFAULT_VEHTYPE" speed="12.99" pos="34.13" lane="1/1to2/1_0" slope="0.00"/>
        <vehicle id="24" x="113.19" y="401.65" angle="-90.00" type="DEFAULT_VEHTYPE" speed="12.98" pos="82.06" lane="1/2to0/2_0" slope="0.00"/>
        <vehicle id="28" x="212.00" y="401.65" angle="-90.00" type="DEFAULT_VEHTYPE" speed="4.79" pos="183.25" lane="2/2to1/2_0" slope="0.00"/>
        <vehicle id="29" x="401.65" y="165.98" angle="180.00" type="DEFAULT_VEHTYPE" speed="12.83" pos="165.98" lane="2/0to2/1_0" slope="0.00"/>
        <vehicle id="3" x="398.35" y="384.48" angle="0.00" type="DEFAULT_VEHTYPE" speed="8.60" pos="10.77" lane="2/2to2/1_0" slope="0.00"/>
        <vehicle id="33" x="601.65" y="300.09" angle="180.00" type="DEFAULT_VEHTYPE" speed="13.52" pos="95.34" lane="3/1to3/2_0" slope="0.00"/>
        <vehicle id="37" x="398.35" y="531.40" angle="0.00" type="DEFAULT_VEHTYPE" speed="13.71" pos="63.85" lane="2/3to2/2_0" slope="0.00"/>
        <vehicle id="39" x="695.78" y="598.35" angle="90.00" type="DEFAULT_VEHTYPE" speed="13.04" pos="91.03" lane="3/3to4/3_0" slope="0.00"/>
        <vehicle id="40" x="198.35" y="387.10" angle="0.00" type="DEFAULT_VEHTYPE" speed="9.20" pos="8.15" lane="1/2to1/1_0" slope="0.00"/>
        <vehicle id="42" x="27.91" y="401.65" angle="-90.00" type="DEFAULT_VEHTYPE" speed="13.79" pos="167.34" lane="1/2to0/2_0" slope="0.00"/>
        <vehicle id="43" x="398.35" y="461.21" angle="0.00" type="DEFAULT_VEHTYPE" speed="13.29" pos="134.04" lane="2/3to2/2_0" slope="0.00"/>
        <vehicle id="44" x="201.65" y="91.93" angle="180.00" type="DEFAULT_VEHTYPE" speed="12.80" pos="91.93" lane="1/0to1/1_0" slope="0.00"/>
        <vehicle id="48" x="187.66" y="201.65" angle="-90.00" type="DEFAULT_VEHTYPE" speed="13.60" pos="7.59" lane="1/1to0/1_0" slope="0.00"/>
        <vehicle id="49" x="398.35" y="579.09" angle="0.00" type="DEFAULT_VEHTYPE" speed="12.60" pos="16.16" lane="2/3to2/2_0" slope="0.00"/>
        <vehicle id="5" x="398.35" y="336.23" angle="0.00" type="DEFAULT_VEHTYPE" speed="13.47" pos="59.02" lane="2/2to2/1_0" slope="0.00"/>
        <vehicle id="6" x="398.35" y="630.94" angle="0.00" type="DEFAULT_VEHTYPE" speed="12.72" pos="169.06" lane="2/4to2/3_0" slope="0.00"/>
        <vehicle id="7" x="113.24" y="398.35" angle="90.00" type="DEFAULT_VEHTYPE" speed="13.68" pos="113.24" lane="0/2to1/2_0" slope="0.00"/>
        <vehicle id="8" x="601.65" y="333.26" angle="180.00" type="DEFAULT_VEHTYPE" speed="13.16" pos="128.51" lane="3/1to3/2_0" slope="0.00"/>
        <vehicle id="9" x="405.90" y="401.65" angle="-90.00" type="DEFAULT_VEHTYPE" speed="5.84" pos="189.35" lane="3/2to2/2_0" slope="0.00"/>
    </timestep>
    <timestep time="428.00">
        <vehicle id="0" x="398.35" y="231.35" angle="0.00" type="DEFAULT_VEHTYPE" speed="13.14" pos="163.90" lane="2/2to2/1_0" slope="0.00"/>
        <vehicle id="10" x="636.39" y="598.35" angle="90.00" type="DEFAULT_VEHTYPE" speed="13.41" pos="31.64" lane="3/3to4/3_0" slope="0.00"/>
        <vehicle id="11" x="391.59" y="598.35" angle="90.00" type="DEFAULT_VEHTYPE" speed="2.48" pos="186.84" lane="1/3to2/3_0" slope="0.00"/>
        <vehicle id="15" x="704.86" y="201.65" angle="-90.00" type="DEFAULT_VEHTYPE" speed="12.76" pos="95.14" lane="4/1to3/1_0" slope="0.00"/>
        <vehicle id="16" x="236.83" y="598.35" angle="90.00" type="DEFAULT_VEHTYPE" speed="12.91" pos="32.08" lane="1/3to2/3_0" slope="0.00"/>
        <vehicle id="17" x="302.40" y="598.35" angle="90.00" type="DEFAULT_VEHTYPE" speed="13.62" pos="97.65" lane="1/3to2/3_0" slope="0.00"/>
        <vehicle id="18" x="198.35" y="122.26" angle="0.00" type="DEFAULT_VEHTYPE" speed="12.73" pos="72.99" lane="1/1to1/0_0" slope="0.00"/>
        <vehicle id="2" x="252.30" y="198.35" angle="90.00" type="DEFAULT_VEHTYPE" speed="13.43" pos="47.55" lane="1/1to2/1_0" slope="0.00"/>
        <vehicle id="24" x="99.60" y="401.65" angle="-90.00" type="DEFAULT_VEHTYPE" speed="13.59" pos="95.65" lane="1/2to0/2_0" slope="0.00"/>
        <vehicle id="28" x="209.09" y="401.65" angle="-90.00" type="DEFAULT_VEHTYPE" speed="2.91" pos="186.16" lane="2/2to1/2_0" slope="0.00"/>
        <vehicle id="29" x="401.65" y="179.81" angle="180.00" type="DEFAULT_VEHTYPE" speed="13.83" pos="179.81" lane="2/0to2/1_0" slope="0.00"/>
        <vehicle id="3" x="398.35" y="374.41" angle="0.00" type="DEFAULT_VEHTYPE" speed="10.07" pos="20.84" lane="2/2to2/1_0" slope="0.00"/>
        <vehicle id="33" x="601.65" y="313.47" angle="180.00" type="DEFAULT_VEHTYPE" speed="13.38" pos="108.72" lane="3/1to3/2_0" slope="0.00"/>
        <vehicle id="37" x="398.35" y="517.82" angle="0.00" type="DEFAULT_VEHTYPE" speed="13.58" pos="77.43" lane="2/3to2/2_0" slope="0.00"/>
        <vehicle id="39" x="708.77" y="598.35" angle="90.00" type="DEFAULT_VEHTYPE" speed="12.99" pos="104.02" lane="3/3to4/3_0" slope="0.00"/>
        <vehicle id="40" x="198.35" y="375.35" angle="0.00" type="DEFAULT_VEHTYPE" speed="11.75" pos="19.90" lane="1/2to1/1_0" slope="0.00"/>
        <vehicle id="42" x="14.79" y="401.65" angle="-90.00" type="DEFAULT_VEHTYPE" speed="13.12" pos="180.46" lane="1/2to0/2_0" slope="0.00"/>
        <vehicle id="43" x="398.35" y="447.47" angle="0.00" type="DEFAULT_VEHTYPE" speed="13.74" pos="147.78" lane="2/3to2/2_0" slope="0.00"/>
        <vehicle id="44" x="201.65" y="104.64" angle="180.00" type="DEFAULT_VEHTYPE" speed="12.71" pos="104.64" lane="1/0to1/1_0" slope="0.00"/>
        <vehicle id="48" x="174.04" y="201.65" angle="-90.00" type="DEFAULT_VEHTYPE" speed="13.62" pos="21.21" lane="1/1to0/1_0" slope="0.00"/>
        <vehicle id="49" x="398.35" y="565.67" angle="0.00" type="DEFAULT_VEHTYPE" speed="13.42" pos="29.58" lane="2/3to2/2_0" slope="0.00"/>
        <vehicle id="5" x="398.35" y="322.81" angle="0.00" type="DEFAULT_VEHTYPE" speed="13.42" pos="72.44" lane="2/2to2/1_0" slope="0.00"/>
        <vehicle id="6" x="398.35" y="618.18" angle="0.00" type="DEFAULT_VEHTYPE" speed="12.76" pos="181.82" lane="2/4to2/3_0" slope="0.00"/>
        <vehicle id="7" x="126.12" y="398.35" angle="90.00" type="DEFAULT_VEHTYPE" speed="12.88" pos="126.12" lane="0/2to1/2_0" slope="0.00"/>
        <vehicle id="8" x="601.65" y="346.98" angle="180.00" type="DEFAULT_VEHTYPE" speed="13.72" pos="142.23" lane="3/1to3/2_0" slope="0.00"/>
        <vehicle id="9" x="398.68" y="401.65" angle="-90.00" type="DEFAULT_VEHTYPE" speed="7.23" pos="6.07" lane=":2/2_5_0" slope="0.00"/>
    </timestep>
    <timestep time="429.00">
        <vehicle id="0" x="398.35" y="217.59" angle="0.00" type="DEFAULT_VEHTYPE" speed="13.76" pos="177.66" lane="2/2to2/1_0" slope="0.00"/>
        <vehicle id="10" x="650.25" y="598.35" angle="90.00" type="DEFAULT_VEHTYPE" speed="13.86" pos="45.50" lane="3/3to4/3_0" slope="0.00"/>
        <vehicle id="11" x="392.29" y="598.35" angle="90.00" type="DEFAULT_VEHTYPE" speed="0.70" pos="187.54" lane="1/3to2/3_0" slope="0.00"/>
        <vehicle id="15" x="691.49" y="201.65" angle="-90.00" type="DEFAULT_VEHTYPE" speed="13.37" pos="108.51" lane="4/1to3/1_0" slope="0.00"/>
        <vehicle id="16" x="250.58" y="598.35" angle="90.00" type="DEFAULT_VEHTYPE" speed="13.75" pos="45.83" lane="1/3to2/3_0" slope="0.00"/>
        <vehicle id="17" x="315.76" y="598.35" angle="90.00" type="DEFAULT_VEHTYPE" speed="13.36" pos="111.01" lane="1/3to2/3_0" slope="0.00"/>
        <vehicle id="18" x="198.35" y="108.38" angle="0.00" type="DEFAULT_VEHTYPE" speed="13.88" pos="86.87" lane="1/1to1/0_0" slope="0.00"/>
        <vehicle id="2" x="265.47" y="198.35" angle="90.00" type="DEFAULT_VEHTYPE" speed="13.17" pos="60.72" lane="1/1to2/1_0" slope="0.00"/>
        <vehicle id="24" x="86.03" y="401.65" angle="-90.00" type="DEFAULT_VEHTYPE" speed="13.58" pos="109.22" lane="1/2to0/2_0" slope="0.00"/>
        <vehicle id="28" x="203.69" y="401.50" angle="-88.26" type="DEFAULT_VEHTYPE" speed="5.41" pos="1.07" lane=":1/2_6_0" slope="0.00"/>
        <vehicle id="29" x="401.65" y="192.96" angle="180.00" type="DEFAULT_VEHTYPE" speed="13.15" pos="192.96" lane="2/0to2/1_0" slope="0.00"/>
        <vehicle id="3" x="398.35" y="361.80" angle="0.00" type="DEFAULT_VEHTYPE" speed="12.61" pos="33.45" lane="2/2to2/1_0" slope="0.00"/>
        <vehicle id="33" x="601.65" y="326.35" angle="180.00" type="DEFAULT_VEHTYPE" speed="12.89" pos="121.60" lane="3/1to3/2_0" slope="0.00"/>
        <vehicle id="37" x="398.35" y="505.12" angle="0.00" type="DEFAULT_VEHTYPE" speed="12.69" pos="90.13" lane="2/3to2/2_0" slope="0.00"/>
        <vehicle id="39" x="722.06" y="598.35" angle="90.00" type="DEFAULT_VEHTYPE" speed="13.29" pos="117.31" lane="3/3to4/3_0" slope="0.00"/>
        <vehicle id="40" x="198.35" y="362.68" angle="0.00" type="DEFAULT_VEHTYPE" speed="12.67" pos="32.57" lane="1/2to1/1_0" slope="0.00"/>
        <vehicle id="42" x="1.68" y="401.65" angle="-90.00" type="DEFAULT_VEHTYPE" speed="13.11" pos="193.57" lane="1/2to0/2_0" slope="0.00"/>
        <vehicle id="43" x="398.35" y="434.47" angle="0.00" type="DEFAULT_VEHTYPE" speed="13.00" pos="160.78" lane="2/3to2/2_0" slope="0.00"/>
        <vehicle id="44" x="201.65" y="118.31" angle="180.00" type="DEFAULT_VEHTYPE" speed="13.67" pos="118.31" lane="1/0to1/1_0" slope="0.00"/>
        <vehicle id="48" x="160.29" y="201.65" angle="-90.00" type="DEFAULT_VEHTYPE" speed="13.75" pos="34.96" lane="1/1to0/1_0" slope="0.00"/>
        <vehicle id="49" x="398.35" y="552.16" angle="0.00" type="DEFAULT_VEHTYPE" speed="13.51" pos="43.09" lane="2/3to2/2_0" slope="0.00"/>
        <vehicle id="5" x="398.35" y="309.14" angle="0.00" type="DEFAULT_VEHTYPE" speed="13.67" pos="86.11" lane="2/2to2/1_0" slope="0.00"/>
        <vehicle id="6" x="398.35" y="604.87" angle="0.00" type="DEFAULT_VEHTYPE" speed="13.31" pos="195.13" lane="2/4to2/3_0" slope="0.00"/>
        <vehicle id="7" x="140.00" y="398.35" angle="90.00" type="DEFAULT_VEHTYPE" speed="13.88" pos="140.00" lane="0/2to1/2_0" slope="0.00"/>
        <vehicle id="8" x="601.65" y="360.77" angle="180.00" type="DEFAULT_VEHTYPE" speed="13.78" pos="156.02" lane="3/1to3/2_0" slope="0.00"/>
        <vehicle id="9" x="388.93" y="401.65" angle="-90.00" type="DEFAULT_VEHTYPE" speed="9.74" pos="6.32" lane="2/2to1/2_0" slope="0.00"/>
    </timestep>
    <timestep time="430.00">
        <vehicle id="0" x="398.35" y="204.82" angle="0.00" type="DEFAULT_VEHTYPE" speed="12.77" pos="190.43" lane="2/2to2/1_0" slope="0.00"/>
        <vehicle id="10" x="663.16" y="598.35" angle="90.00" type="DEFAULT_VEHTYPE" speed="12.91" pos="58.41" lane="3/3to4/3_0" slope="0.00"/>
        <vehicle id="11" x="392.64" y="598.35" angle="90.00" type="DEFAULT_VEHTYPE" speed="0.35" pos="187.89" lane="1/3to2/3_0" slope="0.00"/>
        <vehicle id="15" x="678.22" y="201.65" angle="-90.00" type="DEFAULT_VEHTYPE" speed="13.28" pos="121.78" lane="4/1to3/1_0" slope="0.00"/>
        <vehicle id="16" x="264.27" y="598.35" angle="90.00" type="DEFAULT_VEHTYPE" speed="13.68" pos="59.52" lane="1/3to2/3_0" slope="0.00"/>
        <vehicle id="17" x="328.69" y="598.35" angle="90.00" type="DEFAULT_VEHTYPE" speed="12.93" pos="123.94" lane="1/3to2/3_0" slope="0.00"/>
        <vehicle id="18" x="198.35" y="94.54" angle="0.00" type="DEFAULT_VEHTYPE" speed="13.84" pos="100.71" lane="1/1to1/0_0" slope="0.00"/>
        <vehicle id="2" x="279.16" y="198.35" angle="90.00" type="DEFAULT_VEHTYPE" speed="13.68" pos="74.41" lane="1/1to2/1_0" slope="0.00"/>
        <vehicle id="24" x="72.79" y="401.65" angle="-90.00" type="DEFAULT_VEHTYPE" speed="13.23" pos="122.46" lane="1/2to0/2_0" slope="0.00"/>
        <vehicle id="28" x="198.55" y="396.63" angle="-31.27" type="DEFAULT_VEHTYPE" speed="7.86" pos="8.93" lane=":1/2_6_0" slope="0.00"/>
        <vehicle id="29" x="410.84" y="198.35" angle="90.00" type="DEFAULT_VEHTYPE" speed="13.39" pos="6.09" lane="2/1to3/1_0" slope="0.00"/>
        <vehicle id="3" x="398.35" y="348.79" angle="0.00" type="DEFAULT_VEHTYPE" speed="13.01" pos="46.46" lane="2/2to2/1_0" slope="0.00"/>
        <vehicle id="33" x="601.65" y="339.17" angle="180.00" type="DEFAULT_VEHTYPE" speed="12.82" pos="134.42" lane="3/1to3/2_0" slope="0.00"/>
        <vehicle id="37" x="398.35" y="491.97" angle="0.00" type="DEFAULT_VEHTYPE" speed="13.15" pos="103.28" lane="2/3to2/2_0" slope="0.00"/>
        <vehicle id="39" x="735.41" y="598.35" angle="90.00" type="DEFAULT_VEHTYPE" speed="13.35" pos="130.66" lane="3/3to4/3_0" slope="0.00"/>
        <vehicle id="40" x="198.35" y="349.92" angle="0.00" type="DEFAULT_VEHTYPE" speed="12.76" pos="45.33" lane="1/2to1/1_0" slope="0.00"/>
        <vehicle id="42" x="6.55" y="398.35" angle="90.00" type="DEFAULT_VEHTYPE" speed="13.05" pos="6.55" lane="0/2to1/2_0" slope="0.00"/>
        <vehicle id="43" x="398.35" y="421.26" angle="0.00" type="DEFAULT_VEHTYPE" speed="13.20" pos="173.99" lane="2/3to2/2_0" slope="0.00"/>
        <vehicle id="44" x="201.65" y="131.78" angle="180.00" type="DEFAULT_VEHTYPE" speed="13.47" pos="131.78" lane="1/0to1/1_0" slope="0.00"/>
        <vehicle id="48" x="147.03" y="201.65" angle="-90.00" type="DEFAULT_VEHTYPE" speed="13.27" pos="48.22" lane="1/1to0/1_0" slope="0.00"/>
        <vehicle id="49" x="398.35" y="538.97" angle="0.00" type="DEFAULT_VEHTYPE" speed="13.19" pos="56.28" lane="2/3to2/2_0" slope="0.00"/>
        <vehicle id="5" x="398.35" y="295.94" angle="0.00" type="DEFAULT_VEHTYPE" speed="13.21" pos="99.31" lane="2/2to2/1_0" slope="0.00"/>
        <vehicle id="6" x="398.35" y="592.02" angle="0.00" type="DEFAULT_VEHTYPE" speed="12.85" pos="3.23" lane="2/3to2/2_0" slope="0.00"/>
        <vehicle id="7" x="153.53" y="398.35" angle="90.00" type="DEFAULT_VEHTYPE" speed="13.53" pos="153.53" lane="0/2to1/2_0" slope="0.00"/>
        <vehicle id="8" x="601.65" y="372.68" angle="180.00" type="DEFAULT_VEHTYPE" speed="11.92" pos="167.93" lane="3/1to3/2_0" slope="0.00"/>
        <vehicle id="9" x="376.79" y="401.65" angle="-90.00" type="DEFAULT_VEHTYPE" speed="12.14" pos="18.46" lane="2/2to1/2_0" slope="0.00"/>
    </timestep>
    <timestep time="431.00">
        <vehicle id="0" x="398.35" y="191.73" angle="0.00" type="DEFAULT_VEHTYPE" speed="13.08" pos="3.52" lane="2/1to2/0_0" slope="0.00"/>
        <vehicle id="10" x="676.98" y="598.35" angle="90.00" type="DEFAULT_VEHTYPE" speed="13.82" pos="72.23" lane="3/3to4/3_0" slope="0.00"/>
        <vehicle id="11" x="395.57" y="598.40" angle="90.53" type="DEFAULT_VEHTYPE" speed="2.93" pos="0.33" lane=":2/3_14_0" slope="0.00"/>
        <vehicle id="15" x="665.21" y="201.65" angle="-90.00" type="DEFAULT_VEHTYPE" speed="13.01" pos="134.79" lane="4/1to3/1_0" slope="0.00"/>
        <vehicle id="16" x="278.08" y="598.35" angle="90.00" type="DEFAULT_VEHTYPE" speed="13.81" pos="73.33" lane="1/3to2/3_0" slope="0.00"/>
        <vehicle id="17" x="341.42" y="598.35" angle="90.00" type="DEFAULT_VEHTYPE" speed="12.73" pos="136.67" lane="1/3to2/3_0" slope="0.00"/>
        <vehicle id="18" x="198.35" y="81.00" angle="0.00" type="DEFAULT_VEHTYPE" speed="13.54" pos="114.25" lane="1/1to1/0_0" slope="0.00"/>
        <vehicle id="2" x="292.05" y="198.35" angle="90.00" type="DEFAULT_VEHTYPE" speed="12.89" pos="87.30" lane="1/1to2/1_0" slope="0.00"/>
        <vehicle id="24" x="59.25" y="401.65" angle="-90.00" type="DEFAULT_VEHTYPE" speed="13.54" pos="136.00" lane="1/2to0/2_0" slope="0.00"/>
        <vehicle id="28" x="198.35" y="386.42" angle="0.00" type="DEFAULT_VEHTYPE" speed="10.22" pos="8.83" lane="1/2to1/1_0" slope="0.00"/>
        <vehicle id="29" x="423.68" y="198.35" angle="90.00" type="DEFAULT_VEHTYPE" speed="12.84" pos="18.93" lane="2/1to3/1_0" slope="0.00"/>
        <vehicle id="3" x="398.35" y="335.74" angle="0.00" type="DEFAULT_VEHTYPE" speed="13.06" pos="59.51" lane="2/2to2/1_0" slope="0.00"/>
        <vehicle id="33" x="601.65" y="351.84" angle="180.00" type="DEFAULT_VEHTYPE" speed="12.67" pos="147.09" lane="3/1to3/2_0" slope="0.00"/>
        <vehicle id="37" x="398.35" y="478.29" angle="0.00" type="DEFAULT_VEHTYPE" speed="13.67" pos="116.96" lane="2/3to2/2_0" slope="0.00"/>
        <vehicle id="39" x="748.06" y="598.35" angle="90.00" type="DEFAULT_VEHTYPE" speed="12.65" pos="143.31" lane="3/3to4/3_0" slope="0.00"/>
        <vehicle id="40" x="198.35" y="336.08" angle="0.00" type="DEFAULT_VEHTYPE" speed="13.84" pos="59.17" lane="1/2to1/1_0" slope="0.00"/>
        <vehicle id="42" x="19.70" y="398.35" angle="90.00" type="DEFAULT_VEHTYPE" speed="13.15" pos="19.70" lane="0/2to1/2_0" slope="0.00"/>
        <vehicle id="43" x="398.35" y="407.93" angle="0.00" type="DEFAULT_VEHTYPE" speed="13.33" pos="187.32" lane="2/3to2/2_0" slope="0.00"/>
        <vehicle id="44" x="201.65" y="144.52" angle="180.00" type="DEFAULT_VEHTYPE" speed="12.74" pos="144.52" lane="1/0to1/1_0" slope="0.00"/>
        <vehicle id="48" x="133.15" y="201.65" angle="-90.00" type="DEFAULT_VEHTYPE" speed="13.87" pos="62.10" lane="1/1to0/1_0" slope="0.00"/>
        <vehicle id="49" x="398.35" y="526.11" angle="0.00" type="DEFAULT_VEHTYPE" speed="12.86" pos="69.14" lane="2/3to2/2_0" slope="0.00"/>
        <vehicle id="5" x="398.35" y="282.74" angle="0.00" type="DEFAULT_VEHTYPE" speed="13.20" pos="112.51" lane="2/2to2/1_0" slope="0.00"/>
        <vehicle id="6" x="398.35" y="579.03" angle="0.00" type="DEFAULT_VEHTYPE" speed="12.99" pos="16.22" lane="2/3to2/2_0" slope="0.00"/>
        <vehicle id="7" x="167.42" y="398.35" angle="90.00" type="DEFAULT_VEHTYPE" speed="13.89" pos="167.42" lane="0/2to1/2_0" slope="0.00"/>
        <vehicle id="8" x="601.65" y="381.71" angle="180.00" type="DEFAULT_VEHTYPE" speed="9.03" pos="176.96" lane="3/1to3/2_0" slope="0.00"/>
        <vehicle id="9" x="363.46" y="401.65" angle="-90.00" type="DEFAULT_VEHTYPE" speed="13.33" pos="31.79" lane="2/2to1/2_0" slope="0.00"/>
    </timestep>
    <timestep time="432.00">
        <vehicle id="0" x="398.35" y="178.87" angle="0.00" type="DEFAULT_VEHTYPE" speed="12.87" pos="16.38" lane="2/1to2/0_0" slope="0.00"/>
        <vehicle id="10" x="689.73" y="598.35" angle="90.00" type="DEFAULT_VEHTYPE" speed="12.75" pos="84.98" lane="3/3to4/3_0" slope="0.00"/>
        <vehicle id="11" x="400.28" y="600.34" angle="113.24" type="DEFAULT_VEHTYPE" speed="5.28" pos="5.61" lane=":2/3_14_0" slope="0.00"/>
        <vehicle id="15" x="652.11" y="201.65" angle="-90.00" type="DEFAULT_VEHTYPE" speed="13.10" pos="147.89" lane="4/1to3/1_0" slope="0.00"/>
        <vehicle id="16" x="290.84" y="598.35" angle="90.00" type="DEFAULT_VEHTYPE" speed="12.76" pos="86.09" lane="1/3to2/3_0" slope="0.00"/>
        <vehicle id="17" x="355.15" y="598.35" angle="90.00" type="DEFAULT_VEHTYPE" speed="13.73" pos="150.40" lane="1/3to2/3_0" slope="0.00"/>
        <vehicle id="18" x="198.35" y="67.93" angle="0.00" type="DEFAULT_VEHTYPE" speed="13.07" pos="127.32" lane="1/1to1/0_0" slope="0.00"/>
        <vehicle id="2" x="305.61" y="198.35" angle="90.00" type="DEFAULT_VEHTYPE" speed="13.56" pos="100.86" lane="1/1to2/1_0" slope="0.00"/>
        <vehicle id="24" x="46.44" y="401.65" angle="-90.00" type="DEFAULT_VEHTYPE" speed="12.81" pos="148.81" lane="1/2to0/2_0" slope="0.00"/>
        <vehicle id="28" x="198.35" y="373.91" angle="0.00" type="DEFAULT_VEHTYPE" speed="12.51" pos="21.34" lane="1/2to1/1_0" slope="0.00"/>
        <vehicle id="29" x="437.33" y="198.35" angle="90.00" type="DEFAULT_VEHTYPE" speed="13.64" pos="32.58" lane="2/1to3/1_0" slope="0.00"/>
        <vehicle id="3" x="398.35" y="322.67" angle="0.00" type="DEFAULT_VEHTYPE" speed="13.06" pos="72.58" lane="2/2to2/1_0" slope="0.00"/>
        <vehicle id="33" x="601.65" y="365.16" angle="180.00" type="DEFAULT_VEHTYPE" speed="13.33" pos="160.41" lane="3/1to3/2_0" slope="0.00"/>
        <vehicle id="37" x="398.35" y="465.56" angle="0.00" type="DEFAULT_VEHTYPE" speed="12.73" pos="129.69" lane="2/3to2/2_0" slope="0.00"/>
        <vehicle id="39" x="760.83" y="598.35" angle="90.00" type="DEFAULT_VEHTYPE" speed="12.77" pos="156.08" lane="3/3to4/3_0" slope="0.00"/>
        <vehicle id="40" x="198.35" y="323.25" angle="0.00" type="DEFAULT_VEHTYPE" speed="12.83" pos="72.00" lane="1/2to1/1_0" slope="0.00"/>
        <vehicle id="42" x="33.23" y="398.35" angle="90.00" type="DEFAULT_VEHTYPE" speed="13.53" pos="33.23" lane="0/2to1/2_0" slope="0.00"/>
        <vehicle id="43" x="398.35" y="394.43" angle="0.00" type="DEFAULT_VEHTYPE" speed="13.50" pos="0.82" lane="2/2to2/1_0" slope="0.00"/>
        <vehicle id="44" x="201.65" y="157.63" angle="180.00" type="DEFAULT_VEHTYPE" speed="13.12" pos="157.63" lane="1/0to1/1_0" slope="0.00"/>
        <vehicle id="48" x="120.36" y="201.65" angle="-90.00" type="DEFAULT_VEHTYPE" speed="12.79" pos="74.89" lane="1/1to0/1_0" slope="0.00"/>
        <vehicle id="49" x="398.35" y="512.93" angle="0.00" type="DEFAULT_VEHTYPE" speed="13.18" pos="82.32" lane="2/3to2/2_0" slope="0.00"/>
        <vehicle id="5" x="398.35" y="269.67" angle="0.00" type="DEFAULT_VEHTYPE" speed="13.07" pos="125.58" lane="2/2to2/1_0" slope="0.00"/>
        <vehicle id="6" x="398.35" y="565.88" angle="0.00" type="DEFAULT_VEHTYPE" speed="13.15" pos="29.37" lane="2/3to2/2_0" slope="0.00"/>
        <vehicle id="7" x="177.93" y="398.35" angle="90.00" type="DEFAULT_VEHTYPE" speed="10.52" pos="177.93" lane="0/2to1/2_0" slope="0.00"/>
        <vehicle id="8" x="601.65" y="387.59" angle="180.00" type="DEFAULT_VEHTYPE" speed="5.89" pos="182.84" lane="3/1to3/2_0" slope="0.00"/>
        <vehicle id="9" x="350.09" y="401.65" angle="-90.00" type="DEFAULT_VEHTYPE" speed="13.38" pos="45.16" lane="2/2to1/2_0" slope="0.00"/>
    </timestep>
    <timestep time="433.00">
        <vehicle id="0" x="398.35" y="165.75" angle="0.00" type="DEFAULT_VEHTYPE" speed="13.12" pos="29.50" lane="2/1to2/0_0" slope="0.00"/>
        <vehicle id="10" x="703.05" y="598.35" angle="90.00" type="DEFAULT_VEHTYPE" speed="13.32" pos="98.30" lane="3/3to4/3_0" slope="0.00"/>
        <vehicle id="11" x="401.65" y="607.84" angle="176.90" type="DEFAULT_VEHTYPE" speed="7.80" pos="3.09" lane="2/3to2/4_0" slope="0.00"/>
        <vehicle id="15" x="639.01" y="201.65" angle="-90.00" type="DEFAULT_VEHTYPE" speed="13.10" pos="160.99" lane="4/1to3/1_0" slope="0.00"/>
        <vehicle id="16" x="303.87" y="598.35" angle="90.00" type="DEFAULT_VEHTYPE" speed="13.03" pos="99.12" lane="1/3to2/3_0" slope="0.00"/>
        <vehicle id="17" x="369.03" y="598.35" angle="90.00" type="DEFAULT_VEHTYPE" speed="13.88" pos="164.28" lane="1/3to2/3_0" slope="0.00"/>
        <vehicle id="18" x="198.35" y="54.68" angle="0.00" type="DEFAULT_VEHTYPE" speed="13.25" pos="140.57" lane="1/1to1/0_0" slope="0.00"/>
        <vehicle id="2" x="319.39" y="198.35" angle="90.00" type="DEFAULT_VEHTYPE" speed="13.77" pos="114.64" lane="1/1to2/1_0" slope="0.00"/>
        <vehicle id="24" x="33.69" y="401.65" angle="-90.00" type="DEFAULT_VEHTYPE" speed="12.75" pos="161.56" lane="1/2to0/2_0" slope="0.00"/>
        <vehicle id="28" x="198.35" y="360.14" angle="0.00" type="DEFAULT_VEHTYPE" speed="13.77" pos="35.11" lane="1/2to1/1_0" slope="0.00"/>
        <vehicle id="29" x="450.50" y="198.35" angle="90.00" type="DEFAULT_VEHTYPE" speed="13.18" pos="45.75" lane="2/1to3/1_0" slope="0.00"/>
        <vehicle id="3" x="398.35" y="308.96" angle="0.00" type="DEFAULT_VEHTYPE" speed="13.72" pos="86.29" lane="2/2to2/1_0" slope="0.00"/>
        <vehicle id="33" x="601.65" y="373.99" angle="180.00" type="DEFAULT_VEHTYPE" speed="8.83" pos="169.24" lane="3/1to3/2_0" slope="0.00"/>
        <vehicle id="37" x="398.35" y="452.87" angle="0.00" type="DEFAULT_VEHTYPE" speed="12.68" pos="142.38" lane="2/3to2/2_0" slope="0.00"/>
        <vehicle id="39" x="773.44" y="598.35" angle="90.00" type="DEFAULT_VEHTYPE" speed="12.61" pos="168.69" lane="3/3to4/3_0" slope="0.00"/>
        <vehicle id="40" x="198.35" y="309.64" angle="0.00" type="DEFAULT_VEHTYPE" speed="13.61" pos="85.61" lane="1/2to1/1_0" slope="0.00"/>
        <vehicle id="42" x="46.70" y="398.35" angle="90.00" type="DEFAULT_VEHTYPE" speed="13.47" pos="46.70" lane="0/2to1/2_0" slope="0.00"/>
        <vehicle id="43" x="398.35" y="380.73" angle="0.00" type="DEFAULT_VEHTYPE" speed="13.69" pos="14.52" lane="2/2to2/1_0" slope="0.00"/>
        <vehicle id="44" x="201.65" y="171.43" angle="180.00" type="DEFAULT_VEHTYPE" speed="13.80" pos="171.43" lane="1/0to1/1_0" slope="0.00"/>
        <vehicle id="48" x="106.71" y="201.65" angle="-90.00" type="DEFAULT_VEHTYPE" speed="13.65" pos="88.54" lane="1/1to0/1_0" slope="0.00"/>
        <vehicle id="49" x="398.35" y="499.76" angle="0.00" type="DEFAULT_VEHTYPE" speed="13.17" pos="95.49" lane="2/3to2/2_0" slope="0.00"/>
        <vehicle id="5" x="398.35" y="256.81" angle="0.00" type="DEFAULT_VEHTYPE" speed="12.86" pos="138.44" lane="2/2to2/1_0" slope="0.00"/>
        <vehicle id="6" x="398.35" y="552.44" angle="0.00" type="DEFAULT_VEHTYPE" speed="13.45" pos="42.81" lane="2/3to2/2_0" slope="0.00"/>
        <vehicle id="7" x="184.74" y="398.35" angle="90.00" type="DEFAULT_VEHTYPE" speed="6.81" pos="184.74" lane="0/2to1/2_0" slope="0.00"/>
        <vehicle id="8" x="601.65" y="390.26" angle="180.00" type="DEFAULT_VEHTYPE" speed="2.67" pos="185.51" lane="3/1to3/2_0" slope="0.00"/>
        <vehicle id="9" x="336.43" y="401.65" angle="-90.00" type="DEFAULT_VEHTYPE" speed="13.66" pos="58.82" lane="2/2to1/2_0" slope="0.00"/>
    </timestep>
    <timestep time="434.00">
        <vehicle id="0" x="398.35" y="152.21" angle="0.00" type="DEFAULT_VEHTYPE" speed="13.54" pos="43.04" lane="2/1to2/0_0" slope="0.00"/>
        <vehicle id="10" x="716.09" y="598.35" angle="90.00" type="DEFAULT_VEHTYPE" speed="13.04" pos="111.34" lane="3/3to4/3_0" slope="0.00"/>
        <vehicle id="11" x="401.65" y="617.31" angle="180.00" type="DEFAULT_VEHTYPE" speed="9.46" pos="12.56" lane="2/3to2/4_0" slope="0.00"/>
        <vehicle id="15" x="626.32" y="201.65" angle="-90.00" type="DEFAULT_VEHTYPE" speed="12.68" pos="173.68" lane="4/1to3/1_0" slope="0.00"/>
        <vehicle id="16" x="316.55" y="598.35" angle="90.00" type="DEFAULT_VEHTYPE" speed="12.68" pos="111.80" lane="1/3to2/3_0" slope="0.00"/>
        <vehicle id="17" x="378.63" y="598.35" angle="90.00" type="DEFAULT_VEHTYPE" speed="9.61" pos="173.88" lane="1/3to2/3_0" slope="0.00"/>
        <vehicle id="18" x="198.35" y="41.91" angle="0.00" type="DEFAULT_VEHTYPE" speed="12.77" pos="153.34" lane="1/1to1/0_0" slope="0.00"/>
        <vehicle id="2" x="332.28" y="198.35" angle="90.00" type="DEFAULT_VEHTYPE" speed="12.90" pos="127.53" lane="1/1to2/1_0" slope="0.00"/>
        <vehicle id="24" x="20.31" y="401.65" angle="-90.00" type="DEFAULT_VEHTYPE" speed="13.39" pos="174.94" lane="1/2to0/2_0" slope="0.00"/>
        <vehicle id="28" x="198.35" y="347.11" angle="0.00" type="DEFAULT_VEHTYPE" speed="13.03" pos="48.14" lane="1/2to1/1_0" slope="0.00"/>
        <vehicle id="29" x="464.01" y="198.35" angle="90.00" type="DEFAULT_VEHTYPE" speed="13.50" pos="59.26" lane="2/1to3/1_0" slope="0.00"/>
        <vehicle id="3" x="398.35" y="296.01" angle="0.00" type="DEFAULT_VEHTYPE" speed="12.95" pos="99.24" lane="2/2to2/1_0" slope="0.00"/>
        <vehicle id="33" x="601.65" y="378.82" angle="180.00" type="DEFAULT_VEHTYPE" speed="4.83" pos="174.07" lane="3/1to3/2_0" slope="0.00"/>
        <vehicle id="37" x="398.35" y="439.33" angle="0.00" type="DEFAULT_VEHTYPE" speed="13.55" pos="155.92" lane="2/3to2/2_0" slope="0.00"/>
        <vehicle id="39" x="786.68" y="598.35" angle="90.00" type="DEFAULT_VEHTYPE" speed="13.24" pos="181.93" lane="3/3to4/3_0" slope="0.00"/>
        <vehicle id="40" x="198.35" y="296.53" angle="0.00" type="DEFAULT_VEHTYPE" speed="13.11" pos="98.72" lane="1/2to1/1_0" slope="0.00"/>
        <vehicle id="42" x="60.39" y="398.35" angle="90.00" type="DEFAULT_VEHTYPE" speed="13.69" pos="60.39" lane="0/2to1/2_0" slope="0.00"/>
        <vehicle id="43" x="398.35" y="366.85" angle="0.00" type="DEFAULT_VEHTYPE" speed="13.88" pos="28.40" lane="2/2to2/1_0" slope="0.00"/>
        <vehicle id="44" x="201.65" y="184.24" angle="180.00" type="DEFAULT_VEHTYPE" speed="12.81" pos="184.24" lane="1/0to1/1_0" slope="0.00"/>
        <vehicle id="48" x="93.81" y="201.65" angle="-90.00" type="DEFAULT_VEHTYPE" speed="12.90" pos="101.44" lane="1/1to0/1_0" slope="0.00"/>
        <vehicle id="49" x="398.35" y="486.75" angle="0.00" type="DEFAULT_VEHTYPE" speed="13.01" pos="108.50" lane="2/3to2/2_0" slope="0.00"/>
        <vehicle id="5" x="398.35" y="243.71" angle="0.00" type="DEFAULT_VEHTYPE" speed="13.10" pos="151.54" lane="2/2to2/1_0" slope="0.00"/>
        <vehicle id="6" x="398.35" y="538.90" angle="0.00" type="DEFAULT_VEHTYPE" speed="13.54" pos="56.35" lane="2/3to2/2_0" slope="0.00"/>
        <vehicle id="7" x="188.73" y="398.35" angle="90.00" type="DEFAULT_VEHTYPE" speed="3.99" pos="188.73" lane="0/2to1/2_0" slope="0.00"/>
        <vehicle id="8" x="601.65" y="394.34" angle="180.00" type="DEFAULT_VEHTYPE" speed="4.08" pos="189.59" lane="3/1to3/2_0" slope="0.00"/>
        <vehicle id="9" x="323.58" y="401.65" angle="-90.00" type="DEFAULT_VEHTYPE" speed="12.84" pos="71.67" lane="2/2to1/2_0" slope="0.00"/>
    </timestep>
    <timestep time="435.00">
        <vehicle id="0" x="398.35" y="138.98" angle="0.00" type="DEFAULT_VEHTYPE" speed="13.23" pos="56.27" lane="2/1to2/0_0" slope="0.00"/>
        <vehicle id="10" x="729.17" y="598.35" angle="90.00" type="DEFAULT_VEHTYPE" speed="13.07" pos="124.42" lane="3/3to4/3_0" slope="0.00"/>
        <vehicle id="11" x="401.65" y="629.19" angle="180.00" type="DEFAULT_VEHTYPE" speed="11.88" pos="24.44" lane="2/3to2/4_0" slope="0.00"/>
        <vehicle id="15" x="617.87" y="201.65" angle="-90.00" type="DEFAULT_VEHTYPE" speed="8.45" pos="182.13" lane="4/1to3/1_0" slope="0.00"/>
        <vehicle id="16" x="329.83" y="598.35" angle="90.00" type="DEFAULT_VEHTYPE" speed="13.29" pos="125.08" lane="1/3to2/3_0" slope="0.00"/>
        <vehicle id="17" x="385.03" y="598.35" angle="90.00" type="DEFAULT_VEHTYPE" speed="6.40" pos="180.28" lane="1/3to2/3_0" slope="0.00"/>
        <vehicle id="18" x="198.35" y="28.67" angle="0.00" type="DEFAULT_VEHTYPE" speed="13.24" pos="166.58" lane="1/1to1/0_0" slope="0.00"/>
        <vehicle id="2" x="344.92" y="198.35" angle="90.00" type="DEFAULT_VEHTYPE" speed="12.64" pos="140.17" lane="1/1to2/1_0" slope="0.00"/>
        <vehicle id="24" x="7.57" y="401.65" angle="-90.00" type="DEFAULT_VEHTYPE" speed="12.73" pos="187.68" lane="1/2to0/2_0" slope="0.00"/>
        <vehicle id="28" x="198.35" y="334.12" angle="0.00" type="DEFAULT_VEHTYPE" speed="12.99" pos="61.13" lane="1/2to1/1_0" slope="0.00"/>
        <vehicle id="29" x="477.76" y="198.35" angle="90.00" type="DEFAULT_VEHTYPE" speed="13.76" pos="73.01" lane="2/1to3/1_0" slope="0.00"/>
        <vehicle id="3" x="398.35" y="283.18" angle="0.00" type="DEFAULT_VEHTYPE" speed="12.83" pos="112.07" lane="2/2to2/1_0" slope="0.00"/>
        <vehicle id="33" x="601.65" y="383.46" angle="180.00" type="DEFAULT_VEHTYPE" speed="4.64" pos="178.71" lane="3/1to3/2_0" slope="0.00"/>
        <vehicle id="37" x="398.35" y="425.57" angle="0.00" type="DEFAULT_VEHTYPE" speed="13.76" pos="169.68" lane="2/3to2/2_0" slope="0.00"/>
        <vehicle id="39" x="799.67" y="598.35" angle="90.00" type="DEFAULT_VEHTYPE" speed="12.99" pos="194.92" lane="3/3to4/3_0" slope="0.00"/>
        <vehicle id="40" x="198.35" y="283.06" angle="0.00" type="DEFAULT_VEHTYPE" speed="13.46" pos="112.19" lane="1/2to1/1_0" slope="0.00"/>
        <vehicle id="42" x="73.68" y="398.35" angle="90.00" type="DEFAULT_VEHTYPE" speed="13.29" pos="73.68" lane="0/2to1/2_0" slope="0.00"/>
        <vehicle id="43" x="398.35" y="353.79" angle="0.00" type="DEFAULT_VEHTYPE" speed="13.07" pos="41.46" lane="2/2to2/1_0" slope="0.00"/>
        <vehicle id="44" x="202.19" y="197.19" angle="173.71" type="DEFAULT_VEHTYPE" speed="13.05" pos="2.05" lane=":1/1_8_0" slope="0.00"/>
        <vehicle id="48" x="80.24" y="201.65" angle="-90.00" type="DEFAULT_VEHTYPE" speed="13.58" pos="115.01" lane="1/1to0/1_0" slope="0.00"/>
        <vehicle id="49" x="398.35" y="473.74" angle="0.00" type="DEFAULT_VEHTYPE" speed="13.02" pos="121.51" lane="2/3to2/2_0" slope="0.00"/>
        <vehicle id="5" x="398.35" y="230.72" angle="0.00" type="DEFAULT_VEHTYPE" speed="12.99" pos="164.53" lane="2/2to2/1_0" slope="0.00"/>
        <vehicle id="6" x="398.35" y="525.27" angle="0.00" type="DEFAULT_VEHTYPE" speed="13.63" pos="69.98" lane="2/3to2/2_0" slope="0.00"/>
        <vehicle id="7" x="194.63" y="398.35" angle="90.00" type="DEFAULT_VEHTYPE" speed="5.90" pos="194.63" lane="0/2to1/2_0" slope="0.00"/>
        <vehicle id="8" x="600.29" y="399.66" angle="-163.85" type="DEFAULT_VEHTYPE" speed="5.61" pos="4.70" lane=":3/2_10_0" slope="0.00"/>
        <vehicle id="9" x="310.55" y="401.65" angle="-90.00" type="DEFAULT_VEHTYPE" speed="13.04" pos="84.70" lane="2/2to1/2_0" slope="0.00"/>
    </timestep>
    <timestep time="436.00">
        <vehicle id="0" x="398.35" y="126.33" angle="0.00" type="DEFAULT_VEHTYPE" speed="12.65" pos="68.92" lane="2/1to2/0_0" slope="0.00"/>
        <vehicle id="10" x="742.92" y="598.35" angle="90.00" type="DEFAULT_VEHTYPE" speed="13.76" pos="138.17" lane="3/3to4/3_0" slope="0.00"/>
        <vehicle id="11" x="401.65" y="642.26" angle="180.00" type="DEFAULT_VEHTYPE" speed="13.07" pos="37.51" lane="2/3to2/4_0" slope="0.00"/>
        <vehicle id="15" x="611.86" y="201.65" angle="-90.00" type="DEFAULT_VEHTYPE" speed="6.01" pos="188.14" lane="4/1to3/1_0" slope="0.00"/>
        <vehicle id="16" x="342.46" y="598.35" angle="90.00" type="DEFAULT_VEHTYPE" speed="12.62" pos="137.71" lane="1/3to2/3_0" slope="0.00"/>
        <vehicle id="17" x="389.57" y="598.35" angle="90.00" type="DEFAULT_VEHTYPE" speed="4.54" pos="184.82" lane="1/3to2/3_0" slope="0.00"/>
        <vehicle id="18" x="198.35" y="15.97" angle="0.00" type="DEFAULT_VEHTYPE" speed="12.70" pos="179.28" lane="1/1to1/0_0" slope="0.00"/>
        <vehicle id="2" x="358.72" y="198.35" angle="90.00" type="DEFAULT_VEHTYPE" speed="13.80" pos="153.97" lane="1/1to2/1_0" slope="0.00"/>
        <vehicle id="24" x="1.02" y="398.35" angle="31.27" type="DEFAULT_VEHTYPE" speed="13.41" pos="1.02" lane="0/2to1/2_0" slope="0.00"/>
        <vehicle id="28" x="198.35" y="320.69" angle="0.00" type="DEFAULT_VEHTYPE" speed="13.43" pos="74.56" lane="1/2to1/1_0" slope="0.00"/>
        <vehicle id="29" x="491.45" y="198.35" angle="90.00" type="DEFAULT_VEHTYPE" speed="13.68" pos="86.70" lane="2/1to3/1_0" slope="0.00"/>
        <vehicle id="3" x="398.35" y="269.80" angle="0.00" type="DEFAULT_VEHTYPE" speed="13.38" pos="125.45" lane="2/2to2/1_0" slope="0.00"/>
        <vehicle id="33" x="601.65" y="388.13" angle="180.00" type="DEFAULT_VEHTYPE" speed="4.67" pos="183.38" lane="3/1to3/2_0" slope="0.00"/>
        <vehicle id="37" x="398.35" y="411.89" angle="0.00" type="DEFAULT_VEHTYPE" speed="13.69" pos="183.36" lane="2/3to2/2_0" slope="0.00"/>
        <vehicle id="39" x="792.25" y="601.65" angle="-90.00" type="DEFAULT_VEHTYPE" speed="12.90" pos="7.75" lane="4/3to3/3_0" slope="0.00"/>
        <vehicle id="40" x="198.35" y="270.23" angle="0.00" type="DEFAULT_VEHTYPE" speed="12.83" pos="125.02" lane="1/2to1/1_0" slope="0.00"/>
        <vehicle id="42" x="86.62" y="398.35" angle="90.00" type="DEFAULT_VEHTYPE" speed="12.93" pos="86.62" lane="0/2to1/2_0" slope="0.00"/>
        <vehicle id="43" x="398.35" y="341.02" angle="0.00" type="DEFAULT_VEHTYPE" speed="12.76" pos="54.23" lane="2/2to2/1_0" slope="0.00"/>
        <vehicle id="44" x="214.78" y="198.35" angle="90.00" type="DEFAULT_VEHTYPE" speed="12.98" pos="10.03" lane="1/1to2/1_0" slope="0.00"/>
        <vehicle id="48" x="67.06" y="201.65" angle="-90.00" type="DEFAULT_VEHTYPE" speed="13.17" pos="128.19" lane="1/1to0/1_0" slope="0.00"/>
        <vehicle id="49" x="398.35" y="460.17" angle="0.00" type="DEFAULT_VEHTYPE" speed="13.57" pos="135.08" lane="2/3to2/2_0" slope="0.00"/>
        <vehicle id="5" x="398.35" y="217.04" angle="0.00" type="DEFAULT_VEHTYPE" speed="13.68" pos="178.21" lane="2/2to2/1_0" slope="0.00"/>
        <vehicle id="6" x="398.35" y="512.39" angle="0.00" type="DEFAULT_VEHTYPE" speed="12.88" pos="82.86" lane="2/3to2/2_0" slope="0.00"/>
        <vehicle id="7" x="201.10" y="401.70" angle="129.64" type="DEFAULT_VEHTYPE" speed="7.83" pos="7.20" lane=":1/2_14_0" slope="0.00"/>
        <vehicle id="8" x="592.98" y="401.65" angle="-94.44" type="DEFAULT_VEHTYPE" speed="7.89" pos="2.27" lane="3/2to2/2_0" slope="0.00"/>
        <vehicle id="9" x="296.81" y="401.65" angle="-90.00" type="DEFAULT_VEHTYPE" speed="13.74" pos="98.44" lane="2/2to1/2_0" slope="0.00"/>
    </timestep>
    <timestep time="437.00">
        <vehicle id="0" x="398.35" y="113.70" angle="0.00" type="DEFAULT_VEHTYPE" speed="12.63" pos="81.55" lane="2/1to2/0_0" slope="0.00"/>
        <vehicle id="10" x="756.67" y="598.35" angle="90.00" type="DEFAULT_VEHTYPE" speed="13.75" pos="151.92" lane="3/3to4/3_0" slope="0.00"/>
        <vehicle id="11" x="401.65" y="655.83" angle="180.00" type="DEFAULT_VEHTYPE" speed="13.58" pos="51.08" lane="2/3to2/4_0" slope="0.00"/>
        <vehicle id="15" x="609.48" y="201.65" angle="-90.00" type="DEFAULT_VEHTYPE" speed="2.38" pos="190.52" lane="4/1to3/1_0" slope="0.00"/>
        <vehicle id="16" x="355.86" y="598.35" angle="90.00" type="DEFAULT_VEHTYPE" speed="13.40" pos="151.11" lane="1/3to2/3_0" slope="0.00"/>
        <vehicle id="17" x="396.65" y="598.55" angle="92.30" type="DEFAULT_VEHTYPE" speed="7.10" pos="1.42" lane=":2/3_14_0" slope="0.00"/>
        <vehicle id="18" x="198.35" y="2.80" angle="0.00" type="DEFAULT_VEHTYPE" speed="13.16" pos="192.45" lane="1/1to1/0_0" slope="0.00"/>
        <vehicle id="2" x="371.47" y="198.35" angle="90.00" type="DEFAULT_VEHTYPE" speed="12.75" pos="166.72" lane="1/1to2/1_0" slope="0.00"/>
        <vehicle id="24" x="14.35" y="398.35" angle="90.00" type="DEFAULT_VEHTYPE" speed="13.33" pos="14.35" lane="0/2to1/2_0" slope="0.00"/>
        <vehicle id="28" x="198.35" y="307.04" angle="0.00" type="DEFAULT_VEHTYPE" speed="13.65" pos="88.21" lane="1/2to1/1_0" slope="0.00"/>
        <vehicle id="29" x="504.94" y="198.35" angle="90.00" type="DEFAULT_VEHTYPE" speed="13.50" pos="100.19" lane="2/1to3/1_0" slope="0.00"/>
        <vehicle id="3" x="398.35" y="256.30" angle="0.00" type="DEFAULT_VEHTYPE" speed="13.50" pos="138.95" lane="2/2to2/1_0" slope="0.00"/>
        <vehicle id="33" x="601.65" y="390.44" angle="180.00" type="DEFAULT_VEHTYPE" speed="2.32" pos="185.69" lane="3/1to3/2_0" slope="0.00"/>
        <vehicle id="37" x="398.35" y="398.59" angle="0.00" type="DEFAULT_VEHTYPE" speed="13.29" pos="6.16" lane=":2/2_1_0" slope="0.00"/>
        <vehicle id="39" x="778.38" y="601.65" angle="-90.00" type="DEFAULT_VEHTYPE" speed="13.87" pos="21.62" lane="4/3to3/3_0" slope="0.00"/>
        <vehicle id="40" x="198.35" y="256.95" angle="0.00" type="DEFAULT_VEHTYPE" speed="13.28" pos="138.30" lane="1/2to1/1_0" slope="0.00"/>
        <vehicle id="42" x="100.32" y="398.35" angle="90.00" type="DEFAULT_VEHTYPE" speed="13.70" pos="100.32" lane="0/2to1/2_0" slope="0.00"/>
        <vehicle id="43" x="398.35" y="328.36" angle="0.00" type="DEFAULT_VEHTYPE" speed="12.66" pos="66.89" lane="2/2to2/1_0" slope="0.00"/>
        <vehicle id="44" x="227.63" y="198.35" angle="90.00" type="DEFAULT_VEHTYPE" speed="12.85" pos="22.88" lane="1/1to2/1_0" slope="0.00"/>
        <vehicle id="48" x="54.42" y="201.65" angle="-90.00" type="DEFAULT_VEHTYPE" speed="12.64" pos="140.83" lane="1/1to0/1_0" slope="0.00"/>
        <vehicle id="49" x="398.35" y="446.95" angle="0.00" type="DEFAULT_VEHTYPE" speed="13.22" pos="148.30" lane="2/3to2/2_0" slope="0.00"/>
        <vehicle id="5" x="398.29" y="204.29" angle="-0.74" type="DEFAULT_VEHTYPE" speed="12.76" pos="0.47" lane=":2/1_0_0" slope="0.00"/>
        <vehicle id="6" x="398.35" y="499.56" angle="0.00" type="DEFAULT_VEHTYPE" speed="12.83" pos="95.69" lane="2/3to2/2_0" slope="0.00"/>
        <vehicle id="7" x="201.65" y="411.45" angle="180.00" type="DEFAULT_VEHTYPE" speed="9.82" pos="6.70" lane="1/2to1/3_0" slope="0.00"/>
        <vehicle id="8" x="583.42" y="401.65" angle="-90.00" type="DEFAULT_VEHTYPE" speed="9.56" pos="11.83" lane="3/2to2/2_0" slope="0.00"/>
        <vehicle id="9" x="284.08" y="401.65" angle="-90.00" type="DEFAULT_VEHTYPE" speed="12.72" pos="111.17" lane="2/2to1/2_0" slope="0.00"/>
    </timestep>
    <timestep time="438.00">
        <vehicle id="0" x="398.35" y="100.47" angle="0.00" type="DEFAULT_VEHTYPE" speed="13.23" pos="94.78" lane="2/1to2/0_0" slope="0.00"/>
        <vehicle id="10" x="770.20" y="598.35" angle="90.00" type="DEFAULT_VEHTYPE" speed="13.53" pos="165.45" lane="3/3to4/3_0" slope="0.00"/>
        <vehicle id="11" x="401.65" y="668.79" angle="180.00" type="DEFAULT_VEHTYPE" speed="12.95" pos="64.04" lane="2/3to2/4_0" slope="0.00"/>
        <vehicle id="15" x="605.34" y="201.65" angle="-90.00" type="DEFAULT_VEHTYPE" speed="4.13" pos="194.66" lane="4/1to3/1_0" slope="0.00"/>
        <vehicle id="16" x="369.13" y="598.35" angle="90.00" type="DEFAULT_VEHTYPE" speed="13.27" pos="164.38" lane="1/3to2/3_0" slope="0.00"/>
        <vehicle id="17" x="401.65" y="605.03" angle="163.74" type="DEFAULT_VEHTYPE" speed="9.18" pos="0.28" lane="2/3to2/4_0" slope="0.00"/>
        <vehicle id="18" x="201.65" y="5.36" angle="180.00" type="DEFAULT_VEHTYPE" speed="12.98" pos="5.36" lane="1/0to1/1_0" slope="0.00"/>
        <vehicle id="2" x="380.89" y="198.35" angle="90.00" type="DEFAULT_VEHTYPE" speed="9.42" pos="176.14" lane="1/1to2/1_0" slope="0.00"/>
        <vehicle id="24" x="27.31" y="398.35" angle="90.00" type="DEFAULT_VEHTYPE" speed="12.96" pos="27.31" lane="0/2to1/2_0" slope="0.00"/>
        <vehicle id="28" x="198.35" y="293.36" angle="0.00" type="DEFAULT_VEHTYPE" speed="13.69" pos="101.89" lane="1/2to1/1_0" slope="0.00"/>
        <vehicle id="29" x="518.48" y="198.35" angle="90.00" type="DEFAULT_VEHTYPE" speed="13.54" pos="113.73" lane="2/1to3/1_0" slope="0.00"/>
        <vehicle id="3" x="398.35" y="242.79" angle="0.00" type="DEFAULT_VEHTYPE" speed="13.50" pos="152.46" lane="2/2to2/1_0" slope="0.00"/>
        <vehicle id="33" x="601.65" y="394.88" angle="180.00" type="DEFAULT_VEHTYPE" speed="4.43" pos="190.13" lane="3/1to3/2_0" slope="0.00"/>
        <vehicle id="37" x="398.35" y="385.85" angle="0.00" type="DEFAULT_VEHTYPE" speed="12.75" pos="9.40" lane="2/2to2/1_0" slope="0.00"/>
        <vehicle id="39" x="765.38" y="601.65" angle="-90.00" type="DEFAULT_VEHTYPE" speed="13.00" pos="34.62" lane="4/3to3/3_0" slope="0.00"/>
        <vehicle id="40" x="198.35" y="244.04" angle="0.00" type="DEFAULT_VEHTYPE" speed="12.91" pos="151.21" lane="1/2to1/1_0" slope="0.00"/>
        <vehicle id="42" x="113.57" y="398.35" angle="90.00" type="DEFAULT_VEHTYPE" speed="13.25" pos="113.57" lane="0/2to1/2_0" slope="0.00"/>
        <vehicle id="43" x="398.35" y="314.51" angle="0.00" type="DEFAULT_VEHTYPE" speed="13.85" pos="80.74" lane="2/2to2/1_0" slope="0.00"/>
        <vehicle id="44" x="241.37" y="198.35" angle="90.00" type="DEFAULT_VEHTYPE" speed="13.74" pos="36.62" lane="1/1to2/1_0" slope="0.00"/>
        <vehicle id="48" x="41.63" y="201.65" angle="-90.00" type="DEFAULT_VEHTYPE" speed="12.79" pos="153.62" lane="1/1to0/1_0" slope="0.00"/>
        <vehicle id="49" x="398.35" y="433.79" angle="0.00" type="DEFAULT_VEHTYPE" speed="13.16" pos="161.46" lane="2/3to2/2_0" slope="0.00"/>
        <vehicle id="5" x="386.93" y="201.65" angle="-90.00" type="DEFAULT_VEHTYPE" speed="12.86" pos="8.32" lane="2/1to1/1_0" slope="0.00"/>
        <vehicle id="6" x="398.35" y="486.55" angle="0.00" type="DEFAULT_VEHTYPE" speed="13.01" pos="108.70" lane="2/3to2/2_0" slope="0.00"/>
        <vehicle id="7" x="201.65" y="423.21" angle="180.00" type="DEFAULT_VEHTYPE" speed="11.76" pos="18.46" lane="1/2to1/3_0" slope="0.00"/>
        <vehicle id="8" x="572.49" y="401.65" angle="-90.00" type="DEFAULT_VEHTYPE" speed="10.93" pos="22.76" lane="3/2to2/2_0" slope="0.00"/>
        <vehicle id="9" x="270.41" y="401.65" angle="-90.00" type="DEFAULT_VEHTYPE" speed="13.67" pos="124.84" lane="2/2to1/2_0" slope="0.00"/>
    </timestep>
    <timestep time="439.00">
        <vehicle id="0" x="398.35" y="87.70" angle="0.00" type="DEFAULT_VEHTYPE" speed="12.77" pos="107.55" lane="2/1to2/0_0" slope="0.00"/>
        <vehicle id="10" x="783.36" y="598.35" angle="90.00" type="DEFAULT_VEHTYPE" speed="13.17" pos="178.61" lane="3/3to4/3_0" slope="0.00"/>
        <vehicle id="11" x="401.65" y="682.48" angle="180.00" type="DEFAULT_VEHTYPE" speed="13.69" pos="77.73" lane="2/3to2/4_0" slope="0.00"/>
        <vehicle id="15" x="601.65" y="205.73" angle="-151.69" type="DEFAULT_VEHTYPE" speed="6.58" pos="0.98" lane="3/1to3/2_0" slope="0.00"/>
        <vehicle id="16" x="378.87" y="598.35" angle="90.00" type="DEFAULT_VEHTYPE" speed="9.74" pos="174.12" lane="1/3to2/3_0" slope="0.00"/>
        <vehicle id="17" x="401.65" y="616.18" angle="180.00" type="DEFAULT_VEHTYPE" speed="11.15" pos="11.43" lane="2/3to2/4_0" slope="0.00"/>
        <vehicle id="18" x="201.65" y="18.92" angle="180.00" type="DEFAULT_VEHTYPE" speed="13.57" pos="18.92" lane="1/0to1/1_0" slope="0.00"/>
        <vehicle id="2" x="386.51" y="198.35" angle="90.00" type="DEFAULT_VEHTYPE" speed="5.62" pos="181.76" lane="1/1to2/1_0" slope="0.00"/>
        <vehicle id="24" x="40.75" y="398.35" angle="90.00" type="DEFAULT_VEHTYPE" speed="13.45" pos="40.75" lane="0/2to1/2_0" slope="0.00"/>
        <vehicle id="28" x="198.35" y="280.09" angle="0.00" type="DEFAULT_VEHTYPE" speed="13.27" pos="115.16" lane="1/2to1/1_0" slope="0.00"/>
        <vehicle id="29" x="532.19" y="198.35" angle="90.00" type="DEFAULT_VEHTYPE" speed="13.71" pos="127.44" lane="2/1to3/1_0" slope="0.00"/>
        <vehicle id="3" x="398.35" y="229.93" angle="0.00" type="DEFAULT_VEHTYPE" speed="12.86" pos="165.32" lane="2/2to2/1_0" slope="0.00"/>
        <vehicle id="33" x="599.62" y="400.31" angle="-156.26" type="DEFAULT_VEHTYPE" speed="6.04" pos="5.66" lane=":3/2_10_0" slope="0.00"/>
        <vehicle id="37" x="398.35" y="372.08" angle="0.00" type="DEFAULT_VEHTYPE" speed="13.76" pos="23.17" lane="2/2to2/1_0" slope="0.00"/>
        <vehicle id="39" x="751.58" y="601.65" angle="-90.00" type="DEFAULT_VEHTYPE" speed="13.80" pos="48.42" lane="4/3to3/3_0" slope="0.00"/>
        <vehicle id="40" x="198.35" y="230.64" angle="0.00" type="DEFAULT_VEHTYPE" speed="13.40" pos="164.61" lane="1/2to1/1_0" slope="0.00"/>
        <vehicle id="42" x="126.88" y="398.35" angle="90.00" type="DEFAULT_VEHTYPE" speed="13.31" pos="126.88" lane="0/2to1/2_0" slope="0.00"/>
        <vehicle id="43" x="398.35" y="301.29" angle="0.00" type="DEFAULT_VEHTYPE" speed="13.22" pos="93.96" lane="2/2to2/1_0" slope="0.00"/>
        <vehicle id="44" x="254.00" y="198.35" angle="90.00" type="DEFAULT_VEHTYPE" speed="12.64" pos="49.25" lane="1/1to2/1_0" slope="0.00"/>
        <vehicle id="48" x="27.94" y="201.65" angle="-90.00" type="DEFAULT_VEHTYPE" speed="13.70" pos="167.31" lane="1/1to0/1_0" slope="0.00"/>
        <vehicle id="49" x="398.35" y="421.19" angle="0.00" type="DEFAULT_VEHTYPE" speed="12.60" pos="174.06" lane="2/3to2/2_0" slope="0.00"/>
        <vehicle id="5" x="373.79" y="201.65" angle="-90.00" type="DEFAULT_VEHTYPE" speed="13.14" pos="21.46" lane="2/1to1/1_0" slope="0.00"/>
        <vehicle id="6" x="398.35" y="473.86" angle="0.00" type="DEFAULT_VEHTYPE" speed="12.70" pos="121.39" lane="2/3to2/2_0" slope="0.00"/>
        <vehicle id="7" x="201.65" y="435.87" angle="180.00" type="DEFAULT_VEHTYPE" speed="12.66" pos="31.12" lane="1/2to1/3_0" slope="0.00"/>
        <vehicle id="8" x="559.56" y="401.65" angle="-90.00" type="DEFAULT_VEHTYPE" speed="12.94" pos="35.69" lane="3/2to2/2_0" slope="0.00"/>
        <vehicle id="9" x="256.58" y="401.65" angle="-90.00" type="DEFAULT_VEHTYPE" speed="13.83" pos="138.67" lane="2/2to1/2_0" slope="0.00"/>
    </timestep>
    <timestep time="440.00">
        <vehicle id="0" x="398.35" y="74.25" angle="0.00" type="DEFAULT_VEHTYPE" speed="13.45" pos="121.00" lane="2/1to2/0_0" slope="0.00"/>
        <vehicle id="10" x="796.01" y="598.35" angle="90.00" type="DEFAULT_VEHTYPE" speed="12.64" pos="191.26" lane="3/3to4/3_0" slope="0.00"/>
        <vehicle id="11" x="401.65" y="695.64" angle="180.00" type="DEFAULT_VEHTYPE" speed="13.17" pos="90.89" lane="2/3to2/4_0" slope="0.00"/>
        <vehicle id="15" x="601.65" y="214.30" angle="180.00" type="DEFAULT_VEHTYPE" speed="8.57" pos="9.55" lane="3/1to3/2_0" slope="0.00"/>
        <vehicle id="16" x="385.14" y="598.35" angle="90.00" type="DEFAULT_VEHTYPE" speed="6.27" pos="180.39" lane="1/3to2/3_0" slope="0.00"/>
        <vehicle id="17" x="401.65" y="629.30" angle="180.00" type="DEFAULT_VEHTYPE" speed="13.12" pos="24.55" lane="2/3to2/4_0" slope="0.00"/>
        <vehicle id="18" x="201.65" y="32.50" angle="180.00" type="DEFAULT_VEHTYPE" speed="13.57" pos="32.50" lane="1/0to1/1_0" slope="0.00"/>
        <vehicle id="2" x="390.07" y="198.35" angle="90.00" type="DEFAULT_VEHTYPE" speed="3.57" pos="185.32" lane="1/1to2/1_0" slope="0.00"/>
        <vehicle id="24" x="54.41" y="398.35" angle="90.00" type="DEFAULT_VEHTYPE" speed="13.66" pos="54.41" lane="0/2to1/2_0" slope="0.00"/>
        <vehicle id="28" x="198.35" y="266.47" angle="0.00" type="DEFAULT_VEHTYPE" speed="13.62" pos="128.78" lane="1/2to1/1_0" slope="0.00"/>
        <vehicle id="29" x="544.87" y="198.35" angle="90.00" type="DEFAULT_VEHTYPE" speed="12.68" pos="140.12" lane="2/1to3/1_0" slope="0.00"/>
        <vehicle id="3" x="398.35" y="216.88" angle="0.00" type="DEFAULT_VEHTYPE" speed="13.05" pos="178.37" lane="2/2to2/1_0" slope="0.00"/>
        <vehicle id="33" x="592.12" y="401.65" angle="-93.03" type="DEFAULT_VEHTYPE" speed="7.79" pos="3.13" lane="3/2to2/2_0" slope="0.00"/>
        <vehicle id="37" x="398.35" y="359.07" angle="0.00" type="DEFAULT_VEHTYPE" speed="13.01" pos="36.18" lane="2/2to2/1_0" slope="0.00"/>
        <vehicle id="39" x="738.51" y="601.65" angle="-90.00" type="DEFAULT_VEHTYPE" speed="13.08" pos="61.49" lane="4/3to3/3_0" slope="0.00"/>
        <vehicle id="40" x="198.35" y="217.83" angle="0.00" type="DEFAULT_VEHTYPE" speed="12.81" pos="177.42" lane="1/2to1/1_0" slope="0.00"/>
        <vehicle id="42" x="140.35" y="398.35" angle="90.00" type="DEFAULT_VEHTYPE" speed="13.47" pos="140.35" lane="0/2to1/2_0" slope="0.00"/>
        <vehicle id="43" x="398.35" y="287.84" angle="0.00" type="DEFAULT_VEHTYPE" speed="13.45" pos="107.41" lane="2/2to2/1_0" slope="0.00"/>
        <vehicle id="44" x="267.32" y="198.35" angle="90.00" type="DEFAULT_VEHTYPE" speed="13.31" pos="62.57" lane="1/1to2/1_0" slope="0.00"/>
        <vehicle id="48" x="14.19" y="201.65" angle="-90.00" type="DEFAULT_VEHTYPE" speed="13.75" pos="181.06" lane="1/1to0/1_0" slope="0.00"/>
        <vehicle id="49" x="398.35" y="407.55" angle="0.00" type="DEFAULT_VEHTYPE" speed="13.64" pos="187.70" lane="2/3to2/2_0" slope="0.00"/>
        <vehicle id="5" x="360.76" y="201.65" angle="-90.00" type="DEFAULT_VEHTYPE" speed="13.02" pos="34.49" lane="2/1to1/1_0" slope="0.00"/>
        <vehicle id="6" x="398.35" y="460.96" angle="0.00" type="DEFAULT_VEHTYPE" speed="12.89" pos="134.29" lane="2/3to2/2_0" slope="0.00"/>
        <vehicle id="7" x="201.65" y="449.62" angle="180.00" type="DEFAULT_VEHTYPE" speed="13.75" pos="44.87" lane="1/2to1/3_0" slope="0.00"/>
        <vehicle id="8" x="545.87" y="401.65" angle="-90.00" type="DEFAULT_VEHTYPE" speed="13.69" pos="49.38" lane="3/2to2/2_0" slope="0.00"/>
        <vehicle id="9" x="243.40" y="401.65" angle="-90.00" type="DEFAULT_VEHTYPE" speed="13.18" pos="151.85" lane="2/2to1/2_0" slope="0.00"/>
    </timestep>
    <timestep time="441.00">
        <vehicle id="0" x="398.35" y="60.99" angle="0.00" type="DEFAULT_VEHTYPE" speed="13.26" pos="134.26" lane="2/1to2/0_0" slope="0.00"/>
        <vehicle id="10" x="795.95" y="601.65" angle="-96.15" type="DEFAULT_VEHTYPE" speed="12.87" pos="4.05" lane="4/3to3/3_0" slope="0.00"/>
        <vehicle id="11" x="401.65" y="708.33" angle="180.00" type="DEFAULT_VEHTYPE" speed="12.69" pos="103.58" lane="2/3to2/4_0" slope="0.00"/>
        <vehicle id="15" x="601.65" y="224.25" angle="180.00" type="DEFAULT_VEHTYPE" speed="9.95" pos="19.50" lane="3/1to3/2_0" slope="0.00"/>
        <vehicle id="16" x="389.72" y="598.35" angle="90.00" type="DEFAULT_VEHTYPE" speed="4.59" pos="184.97" lane="1/3to2/3_0" slope="0.00"/>
        <vehicle id="17" x="401.65" y="642.60" angle="180.00" type="DEFAULT_VEHTYPE" speed="13.29" pos="37.85" lane="2/3to2/4_0" slope="0.00"/>
        <vehicle id="18" x="201.65" y="45.14" angle="180.00" type="DEFAULT_VEHTYPE" speed="12.64" pos="45.14" lane="1/0to1/1_0" slope="0.00"/>
        <vehicle id="2" x="391.31" y="198.35" angle="90.00" type="DEFAULT_VEHTYPE" speed="1.24" pos="186.56" lane="1/1to2/1_0" slope="0.00"/>
        <vehicle id="24" x="67.21" y="398.35" angle="90.00" type="DEFAULT_VEHTYPE" speed="12.79" pos="67.21" lane="0/2to1/2_0" slope="0.00"/>
        <vehicle id="28" x="198.35" y="252.72" angle="0.00" type="DEFAULT_VEHTYPE" speed="13.75" pos="142.53" lane="1/2to1/1_0" slope="0.00"/>
        <vehicle id="29" x="557.52" y="198.35" angle="90.00" type="DEFAULT_VEHTYPE" speed="12.65" pos="152.77" lane="2/1to3/1_0" slope="0.00"/>
        <vehicle id="3" x="398.35" y="203.30" angle="0.00" type="DEFAULT_VEHTYPE" speed="13.58" pos="1.45" lane=":2/1_1_0" slope="0.00"/>
        <vehicle id="33" x="582.70" y="401.65" angle="-90.00" type="DEFAULT_VEHTYPE" speed="9.42" pos="12.55" lane="3/2to2/2_0" slope="0.00"/>
        <vehicle id="37" x="398.35" y="346.19" angle="0.00" type="DEFAULT_VEHTYPE" speed="12.88" pos="49.06" lane="2/2to2/1_0" slope="0.00"/>
        <vehicle id="39" x="725.40" y="601.65" angle="-90.00" type="DEFAULT_VEHTYPE" speed="13.11" pos="74.60" lane="4/3to3/3_0" slope="0.00"/>
        <vehicle id="40" x="198.25" y="204.07" angle="-1.09" type="DEFAULT_VEHTYPE" speed="13.77" pos="0.69" lane=":1/1_0_0" slope="0.00"/>
        <vehicle id="42" x="153.72" y="398.35" angle="90.00" type="DEFAULT_VEHTYPE" speed="13.37" pos="153.72" lane="0/2to1/2_0" slope="0.00"/>
        <vehicle id="43" x="398.35" y="274.81" angle="0.00" type="DEFAULT_VEHTYPE" speed="13.03" pos="120.44" lane="2/2to2/1_0" slope="0.00"/>
        <vehicle id="44" x="280.08" y="198.35" angle="90.00" type="DEFAULT_VEHTYPE" speed="12.76" pos="75.33" lane="1/1to2/1_0" slope="0.00"/>
        <vehicle id="48" x="1.13" y="201.65" angle="-90.00" type="DEFAULT_VEHTYPE" speed="13.06" pos="194.12" lane="1/1to0/1_0" slope="0.00"/>
        <vehicle id="49" x="389.96" y="401.65" angle="-90.00" type="DEFAULT_VEHTYPE" speed="13.09" pos="5.29" lane="2/2to1/2_0" slope="0.00"/>
        <vehicle id="5" x="347.24" y="201.65" angle="-90.00" type="DEFAULT_VEHTYPE" speed="13.52" pos="48.01" lane="2/1to1/1_0" slope="0.00"/>
        <vehicle id="6" x="398.35" y="447.23" angle="0.00" type="DEFAULT_VEHTYPE" speed="13.74" pos="148.02" lane="2/3to2/2_0" slope="0.00"/>
        <vehicle id="7" x="201.65" y="462.67" angle="180.00" type="DEFAULT_VEHTYPE" speed="13.05" pos="57.92" lane="1/2to1/3_0" slope="0.00"/>
        <vehicle id="8" x="532.40" y="401.65" angle="-90.00" type="DEFAULT_VEHTYPE" speed="13.47" pos="62.85" lane="3/2to2/2_0" slope="0.00"/>
        <vehicle id="9" x="229.54" y="401.65" angle="-90.00" type="DEFAULT_VEHTYPE" speed="13.86" pos="165.71" lane="2/2to1/2_0" slope="0.00"/>
    </timestep>
    <timestep time="442.00">
        <vehicle id="0" x="398.35" y="47.38" angle="0.00" type="DEFAULT_VEHTYPE" speed="13.61" pos="147.87" lane="2/1to2/0_0" slope="0.00"/>
        <vehicle id="10" x="783.17" y="601.65" angle="-90.00" type="DEFAULT_VEHTYPE" speed="12.78" pos="16.83" lane="4/3to3/3_0" slope="0.00"/>
        <vehicle id="11" x="401.65" y="721.15" angle="180.00" type="DEFAULT_VEHTYPE" speed="12.82" pos="116.40" lane="2/3to2/4_0" slope="0.00"/>
        <vehicle id="15" x="601.65" y="236.07" angle="180.00" type="DEFAULT_VEHTYPE" speed="11.82" pos="31.32" lane="3/1to3/2_0" slope="0.00"/>
        <vehicle id="16" x="396.48" y="598.53" angle="92.01" type="DEFAULT_VEHTYPE" speed="6.77" pos="1.24" lane=":2/3_14_0" slope="0.00"/>
        <vehicle id="17" x="401.65" y="655.77" angle="180.00" type="DEFAULT_VEHTYPE" speed="13.17" pos="51.02" lane="2/3to2/4_0" slope="0.00"/>
        <vehicle id="18" x="201.65" y="58.16" angle="180.00" type="DEFAULT_VEHTYPE" speed="13.02" pos="58.16" lane="1/0to1/1_0" slope="0.00"/>
        <vehicle id="2" x="392.36" y="198.35" angle="90.00" type="DEFAULT_VEHTYPE" speed="1.05" pos="187.61" lane="1/1to2/1_0" slope="0.00"/>
        <vehicle id="24" x="79.83" y="398.35" angle="90.00" type="DEFAULT_VEHTYPE" speed="12.62" pos="79.83" lane="0/2to1/2_0" slope="0.00"/>
        <vehicle id="28" x="198.35" y="238.90" angle="0.00" type="DEFAULT_VEHTYPE" speed="13.81" pos="156.35" lane="1/2to1/1_0" slope="0.00"/>
        <vehicle id="29" x="570.97" y="198.35" angle="90.00" type="DEFAULT_VEHTYPE" speed="13.45" pos="166.22" lane="2/1to3/1_0" slope="0.00"/>
        <vehicle id="3" x="398.35" y="190.13" angle="0.00" type="DEFAULT_VEHTYPE" speed="13.17" pos="5.12" lane="2/1to2/0_0" slope="0.00"/>
        <vehicle id="33" x="571.56" y="401.65" angle="-90.00" type="DEFAULT_VEHTYPE" speed="11.14" pos="23.69" lane="3/2to2/2_0" slope="0.00"/>
        <vehicle id="37" x="398.35" y="332.88" angle="0.00" type="DEFAULT_VEHTYPE" speed="13.31" pos="62.37" lane="2/2to2/1_0" slope="0.00"/>
        <vehicle id="39" x="712.18" y="601.65" angle="-90.00" type="DEFAULT_VEHTYPE" speed="13.22" pos="87.82" lane="4/3to3/3_0" slope="0.00"/>
        <vehicle id="40" x="186.49" y="201.65" angle="-90.00" type="DEFAULT_VEHTYPE" speed="13.08" pos="8.76" lane="1/1to0/1_0" slope="0.00"/>
        <vehicle id="42" x="167.56" y="398.35" angle="90.00" type="DEFAULT_VEHTYPE" speed="13.83" pos="167.56" lane="0/2to1/2_0" slope="0.00"/>
        <vehicle id="43" x="398.35" y="261.05" angle="0.00" type="DEFAULT_VEHTYPE" speed="13.76" pos="134.20" lane="2/2to2/1_0" slope="0.00"/>
        <vehicle id="44" x="293.18" y="198.35" angle="90.00" type="DEFAULT_VEHTYPE" speed="13.10" pos="88.43" lane="1/1to2/1_0" slope="0.00"/>
        <vehicle id="48" x="7.57" y="198.35" angle="90.00" type="DEFAULT_VEHTYPE" speed="13.52" pos="7.57" lane="0/1to1/1_0" slope="0.00"/>
        <vehicle id="49" x="376.99" y="401.65" angle="-90.00" type="DEFAULT_VEHTYPE" speed="12.97" pos="18.26" lane="2/2to1/2_0" slope="0.00"/>
        <vehicle id="5" x="333.52" y="201.65" angle="-90.00" type="DEFAULT_VEHTYPE" speed="13.72" pos="61.73" lane="2/1to1/1_0" slope="0.00"/>
        <vehicle id="6" x="398.35" y="434.16" angle="0.00" type="DEFAULT_VEHTYPE" speed="13.07" pos="161.09" lane="2/3to2/2_0" slope="0.00"/>
        <vehicle id="7" x="201.65" y="475.62" angle="180.00" type="DEFAULT_VEHTYPE" speed="12.95" pos="70.87" lane="1/2to1/3_0" slope="0.00"/>
        <vehicle id="8" x="519.32" y="401.65" angle="-90.00" type="DEFAULT_VEHTYPE" speed="13.08" pos="75.93" lane="3/2to2/2_0" slope="0.00"/>
        <vehicle id="9" x="220.18" y="401.65" angle="-90.00" type="DEFAULT_VEHTYPE" speed="9.36" pos="175.07" lane="2/2to1/2_0" slope="0.00"/>
    </timestep>
    <timestep time="443.00">
        <vehicle id="0" x="398.35" y="34.34" angle="0.00" type="DEFAULT_VEHTYPE" speed="13.04" pos="160.91" lane="2/1to2/0_0" slope="0.00"/>
        <vehicle id="10" x="770.25" y="601.65" angle="-90.00" type="DEFAULT_VEHTYPE" speed="12.92" pos="29.75" lane="4/3to3/3_0" slope="0.00"/>
        <vehicle id="11" x="401.65" y="734.95" angle="180.00" type="DEFAULT_VEHTYPE" speed="13.79" pos="130.20" lane="2/3to2/4_0" slope="0.00"/>
        <vehicle id="15" x="601.65" y="249.24" angle="180.00" type="DEFAULT_VEHTYPE" speed="13.17" pos="44.49" lane="3/1to3/2_0" slope="0.00"/>
        <vehicle id="16" x="401.65" y="604.85" angle="162.58" type="DEFAULT_VEHTYPE" speed="9.18" pos="0.10" lane="2/3to2/4_0" slope="0.00"/>
        <vehicle id="17" x="401.65" y="669.02" angle="180.00" type="DEFAULT_VEHTYPE" speed="13.26" pos="64.27" lane="2/3to2/4_0" slope="0.00"/>
        <vehicle id="18" x="201.65" y="71.73" angle="180.00" type="DEFAULT_VEHTYPE" speed="13.57" pos="71.73" lane="1/0to1/1_0" slope="0.00"/>
        <vehicle id="2" x="395.48" y="198.35" angle="90.00" type="DEFAULT_VEHTYPE" speed="3.12" pos="0.23" lane=":2/1_13_0" slope="0.00"/>
        <vehicle id="24" x="92.94" y="398.35" angle="90.00" type="DEFAULT_VEHTYPE" speed="13.11" pos="92.94" lane="0/2to1/2_0" slope="0.00"/>
        <vehicle id="28" x="198.35" y="225.82" angle="0.00" type="DEFAULT_VEHTYPE" speed="13.09" pos="169.43" lane="1/2to1/1_0" slope="0.00"/>
        <vehicle id="29" x="580.71" y="198.35" angle="90.00" type="DEFAULT_VEHTYPE" speed="9.74" pos="175.96" lane="2/1to3/1_0" slope="0.00"/>
        <vehicle id="3" x="398.35" y="177.37" angle="0.00" type="DEFAULT_VEHTYPE" speed="12.76" pos="17.88" lane="2/1to2/0_0" slope="0.00"/>
        <vehicle id="33" x="559.08" y="401.65" angle="-90.00" type="DEFAULT_VEHTYPE" speed="12.48" pos="36.17" lane="3/2to2/2_0" slope="0.00"/>
        <vehicle id="37" x="398.35" y="320.07" angle="0.00" type="DEFAULT_VEHTYPE" speed="12.80" pos="75.18" lane="2/2to2/1_0" slope="0.00"/>
        <vehicle id="39" x="698.75" y="601.65" angle="-90.00" type="DEFAULT_VEHTYPE" speed="13.44" pos="101.25" lane="4/3to3/3_0" slope="0.00"/>
        <vehicle id="40" x="173.16" y="201.65" angle="-90.00" type="DEFAULT_VEHTYPE" speed="13.33" pos="22.09" lane="1/1to0/1_0" slope="0.00"/>
        <vehicle id="42" x="178.13" y="398.35" angle="90.00" type="DEFAULT_VEHTYPE" speed="10.57" pos="178.13" lane="0/2to1/2_0" slope="0.00"/>
        <vehicle id="43" x="398.35" y="247.46" angle="0.00" type="DEFAULT_VEHTYPE" speed="13.59" pos="147.79" lane="2/2to2/1_0" slope="0.00"/>
        <vehicle id="44" x="307.01" y="198.35" angle="90.00" type="DEFAULT_VEHTYPE" speed="13.83" pos="102.26" lane="1/1to2/1_0" slope="0.00"/>
        <vehicle id="48" x="20.48" y="198.35" angle="90.00" type="DEFAULT_VEHTYPE" speed="12.92" pos="20.48" lane="0/1to1/1_0" slope="0.00"/>
        <vehicle id="49" x="363.56" y="401.65" angle="-90.00" type="DEFAULT_VEHTYPE" speed="13.43" pos="31.69" lane="2/2to1/2_0" slope="0.00"/>
        <vehicle id="5" x="319.75" y="201.65" angle="-90.00" type="DEFAULT_VEHTYPE" speed="13.77" pos="75.50" lane="2/1to1/1_0" slope="0.00"/>
        <vehicle id="6" x="398.35" y="420.43" angle="0.00" type="DEFAULT_VEHTYPE" speed="13.73" pos="174.82" lane="2/3to2/2_0" slope="0.00"/>
        <vehicle id="7" x="201.65" y="488.26" angle="180.00" type="DEFAULT_VEHTYPE" speed="12.64" pos="83.51" lane="1/2to1/3_0" slope="0.00"/>
        <vehicle id="8" x="506.69" y="401.65" angle="-90.00" type="DEFAULT_VEHTYPE" speed="12.63" pos="88.56" lane="3/2to2/2_0" slope="0.00"/>
        <vehicle id="9" x="213.96" y="401.65" angle="-90.00" type="DEFAULT_VEHTYPE" speed="6.23" pos="181.29" lane="2/2to1/2_0" slope="0.00"/>
    </timestep>
    <timestep time="444.00">
        <vehicle id="0" x="398.35" y="21.43" angle="0.00" type="DEFAULT_VEHTYPE" speed="12.92" pos="173.82" lane="2/1to2/0_0" slope="0.00"/>
        <vehicle id="10" x="756.92" y="601.65" angle="-90.00" type="DEFAULT_VEHTYPE" speed="13.34" pos="43.08" lane="4/3to3/3_0" slope="0.00"/>
        <vehicle id="11" x="401.65" y="748.34" angle="180.00" type="DEFAULT_VEHTYPE" speed="13.39" pos="143.59" lane="2/3to2/4_0" slope="0.00"/>
        <vehicle id="15" x="601.65" y="262.28" angle="180.00" type="DEFAULT_VEHTYPE" speed="13.04" pos="57.53" lane="3/1to3/2_0" slope="0.00"/>
        <vehicle id="16" x="401.65" y="615.98" angle="180.00" type="DEFAULT_VEHTYPE" speed="11.14" pos="11.23" lane="2/3to2/4_0" slope="0.00"/>
        <vehicle id="17" x="401.65" y="682.64" angle="180.00" type="DEFAULT_VEHTYPE" speed="13.62" pos="77.89" lane="2/3to2/4_0" slope="0.00"/>
        <vehicle id="18" x="201.65" y="84.72" angle="180.00" type="DEFAULT_VEHTYPE" speed="12.99" pos="84.72" lane="1/0to1/1_0" slope="0.00"/>
        <vehicle id="2" x="400.20" y="198.35" angle="90.00" type="DEFAULT_VEHTYPE" speed="4.73" pos="4.95" lane=":2/1_13_0" slope="0.00"/>
        <vehicle id="24" x="105.90" y="398.35" angle="90.00" type="DEFAULT_VEHTYPE" speed="12.96" pos="105.90" lane="0/2to1/2_0" slope="0.00"/>
        <vehicle id="28" x="198.35" y="212.30" angle="0.00" type="DEFAULT_VEHTYPE" speed="13.51" pos="182.95" lane="1/2to1/1_0" slope="0.00"/>
        <vehicle id="29" x="586.60" y="198.35" angle="90.00" type="DEFAULT_VEHTYPE" speed="5.90" pos="181.85" lane="2/1to3/1_0" slope="0.00"/>
        <vehicle id="3" x="398.35" y="163.74" angle="0.00" type="DEFAULT_VEHTYPE" speed="13.64" pos="31.51" lane="2/1to2/0_0" slope="0.00"/>
        <vehicle id="33" x="545.86" y="401.65" angle="-90.00" type="DEFAULT_VEHTYPE" speed="13.21" pos="49.39" lane="3/2to2/2_0" slope="0.00"/>
        <vehicle id="37" x="398.35" y="306.51" angle="0.00" type="DEFAULT_VEHTYPE" speed="13.57" pos="88.74" lane="2/2to2/1_0" slope="0.00"/>
        <vehicle id="39" x="685.16" y="601.65" angle="-90.00" type="DEFAULT_VEHTYPE" speed="13.59" pos="114.84" lane="4/3to3/3_0" slope="0.00"/>
        <vehicle id="40" x="159.72" y="201.65" angle="-90.00" type="DEFAULT_VEHTYPE" speed="13.43" pos="35.53" lane="1/1to0/1_0" slope="0.00"/>
        <vehicle id="42" x="185.88" y="398.35" angle="90.00" type="DEFAULT_VEHTYPE" speed="7.75" pos="185.88" lane="0/2to1/2_0" slope="0.00"/>
        <vehicle id="43" x="398.35" y="233.63" angle="0.00" type="DEFAULT_VEHTYPE" speed="13.84" pos="161.62" lane="2/2to2/1_0" slope="0.00"/>
        <vehicle id="44" x="320.49" y="198.35" angle="90.00" type="DEFAULT_VEHTYPE" speed="13.47" pos="115.74" lane="1/1to2/1_0" slope="0.00"/>
        <vehicle id="48" x="34.17" y="198.35" angle="90.00" type="DEFAULT_VEHTYPE" speed="13.69" pos="34.17" lane="0/1to1/1_0" slope="0.00"/>
        <vehicle id="49" x="350.16" y="401.65" angle="-90.00" type="DEFAULT_VEHTYPE" speed="13.40" pos="45.09" lane="2/2to1/2_0" slope="0.00"/>
        <vehicle id="5" x="306.15" y="201.65" angle="-90.00" type="DEFAULT_VEHTYPE" speed="13.60" pos="89.10" lane="2/1to1/1_0" slope="0.00"/>
        <vehicle id="6" x="398.35" y="407.14" angle="0.00" type="DEFAULT_VEHTYPE" speed="13.29" pos="188.11" lane="2/3to2/2_0" slope="0.00"/>
        <vehicle id="7" x="201.65" y="501.44" angle="180.00" type="DEFAULT_VEHTYPE" speed="13.18" pos="96.69" lane="1/2to1/3_0" slope="0.00"/>
        <vehicle id="8" x="493.69" y="401.65" angle="-90.00" type="DEFAULT_VEHTYPE" speed="13.00" pos="101.56" lane="3/2to2/2_0" slope="0.00"/>
        <vehicle id="9" x="210.46" y="401.65" angle="-90.00" type="DEFAULT_VEHTYPE" speed="3.49" pos="184.79" lane="2/2to1/2_0" slope="0.00"/>
    </timestep>
    <timestep time="445.00">
        <vehicle id="0" x="398.35" y="7.73" angle="0.00" type="DEFAULT_VEHTYPE" speed="13.70" pos="187.52" lane="2/1to2/0_0" slope="0.00"/>
        <vehicle id="10" x="743.82" y="601.65" angle="-90.00" type="DEFAULT_VEHTYPE" speed="13.09" pos="56.18" lane="4/3to3/3_0" slope="0.00"/>
        <vehicle id="11" x="401.65" y="761.93" angle="180.00" type="DEFAULT_VEHTYPE" speed="13.59" pos="157.18" lane="2/3to2/4_0" slope="0.00"/>
        <vehicle id="15" x="601.65" y="275.08" angle="180.00" type="DEFAULT_VEHTYPE" speed="12.79" pos="70.33" lane="3/1to3/2_0" slope="0.00"/>
        <vehicle id="16" x="401.65" y="628.71" angle="180.00" type="DEFAULT_VEHTYPE" speed="12.73" pos="23.96" lane="2/3to2/4_0" slope="0.00"/>
        <vehicle id="17" x="401.65" y="695.55" angle="180.00" type="DEFAULT_VEHTYPE" speed="12.91" pos="90.80" lane="2/3to2/4_0" slope="0.00"/>
        <vehicle id="18" x="201.65" y="98.09" angle="180.00" type="DEFAULT_VEHTYPE" speed="13.37" pos="98.09" lane="1/0to1/1_0" slope="0.00"/>
        <vehicle id="2" x="406.27" y="198.35" angle="90.00" type="DEFAULT_VEHTYPE" speed="6.06" pos="1.52" lane="2/1to3/1_0" slope="0.00"/>
        <vehicle id="24" x="119.70" y="398.35" angle="90.00" type="DEFAULT_VEHTYPE" speed="13.80" pos="119.70" lane="0/2to1/2_0" slope="0.00"/>
        <vehicle id="28" x="194.91" y="201.65" angle="-50.93" type="DEFAULT_VEHTYPE" speed="12.90" pos="0.34" lane="1/1to0/1_0" slope="0.00"/>
        <vehicle id="29" x="590.12" y="198.35" angle="90.00" type="DEFAULT_VEHTYPE" speed="3.52" pos="185.37" lane="2/1to3/1_0" slope="0.00"/>
        <vehicle id="3" x="398.35" y="150.08" angle="0.00" type="DEFAULT_VEHTYPE" speed="13.65" pos="45.17" lane="2/1to2/0_0" slope="0.00"/>
        <vehicle id="33" x="532.70" y="401.65" angle="-90.00" type="DEFAULT_VEHTYPE" speed="13.17" pos="62.55" lane="3/2to2/2_0" slope="0.00"/>
        <vehicle id="37" x="398.35" y="292.71" angle="0.00" type="DEFAULT_VEHTYPE" speed="13.79" pos="102.54" lane="2/2to2/1_0" slope="0.00"/>
        <vehicle id="39" x="671.58" y="601.65" angle="-90.00" type="DEFAULT_VEHTYPE" speed="13.58" pos="128.42" lane="4/3to3/3_0" slope="0.00"/>
        <vehicle id="40" x="145.94" y="201.65" angle="-90.00" type="DEFAULT_VEHTYPE" speed="13.79" pos="49.31" lane="1/1to0/1_0" slope="0.00"/>
        <vehicle id="42" x="189.78" y="398.35" angle="90.00" type="DEFAULT_VEHTYPE" speed="3.90" pos="189.78" lane="0/2to1/2_0" slope="0.00"/>
        <vehicle id="43" x="398.35" y="220.66" angle="0.00" type="DEFAULT_VEHTYPE" speed="12.96" pos="174.59" lane="2/2to2/1_0" slope="0.00"/>
        <vehicle id="44" x="334.25" y="198.35" angle="90.00" type="DEFAULT_VEHTYPE" speed="13.76" pos="129.50" lane="1/1to2/1_0" slope="0.00"/>
        <vehicle id="48" x="47.07" y="198.35" angle="90.00" type="DEFAULT_VEHTYPE" speed="12.90" pos="47.07" lane="0/1to1/1_0" slope="0.00"/>
        <vehicle id="49" x="336.82" y="401.65" angle="-90.00" type="DEFAULT_VEHTYPE" speed="13.34" pos="58.43" lane="2/2to1/2_0" slope="0.00"/>
        <vehicle id="5" x="293.35" y="201.65" angle="-90.00" type="DEFAULT_VEHTYPE" speed="12.80" pos="101.90" lane="2/1to1/1_0" slope="0.00"/>
        <vehicle id="6" x="398.35" y="393.28" angle="0.00" type="DEFAULT_VEHTYPE" speed="13.86" pos="1.97" lane="2/2to2/1_0" slope="0.00"/>
        <vehicle id="7" x="201.65" y="514.20" angle="180.00" type="DEFAULT_VEHTYPE" speed="12.76" pos="109.45" lane="1/2to1/3_0" slope="0.00"/>
        <vehicle id="8" x="480.51" y="401.65" angle="-90.00" type="DEFAULT_VEHTYPE" speed="13.18" pos="114.74" lane="3/2to2/2_0" slope="0.00"/>
        <vehicle id="9" x="204.65" y="401.64" angle="-89.83" type="DEFAULT_VEHTYPE" speed="5.82" pos="0.10" lane=":1/2_6_0" slope="0.00"/>
    </timestep>
    <timestep time="446.00">
        <vehicle id="0" x="401.65" y="0.55" angle="105.38" type="DEFAULT_VEHTYPE" speed="13.09" pos="0.55" lane="2/0to2/1_0" slope="0.00"/>
        <vehicle id="10" x="730.41" y="601.65" angle="-90.00" type="DEFAULT_VEHTYPE" speed="13.41" pos="69.59" lane="4/3to3/3_0" slope="0.00"/>
        <vehicle id="11" x="401.65" y="775.00" angle="180.00" type="DEFAULT_VEHTYPE" speed="13.07" pos="170.25" lane="2/3to2/4_0" slope="0.00"/>
        <vehicle id="15" x="601.65" y="287.98" angle="180.00" type="DEFAULT_VEHTYPE" speed="12.90" pos="83.23" lane="3/1to3/2_0" slope="0.00"/>
        <vehicle id="16" x="401.65" y="641.69" angle="180.00" type="DEFAULT_VEHTYPE" speed="12.98" pos="36.94" lane="2/3to2/4_0" slope="0.00"/>
        <vehicle id="17" x="401.65" y="709.02" angle="180.00" type="DEFAULT_VEHTYPE" speed="13.47" pos="104.27" lane="2/3to2/4_0" slope="0.00"/>
        <vehicle id="18" x="201.65" y="110.76" angle="180.00" type="DEFAULT_VEHTYPE" speed="12.67" pos="110.76" lane="1/0to1/1_0" slope="0.00"/>
        <vehicle id="2" x="413.86" y="198.35" angle="90.00" type="DEFAULT_VEHTYPE" speed="7.59" pos="9.11" lane="2/1to3/1_0" slope="0.00"/>
        <vehicle id="24" x="132.57" y="398.35" angle="90.00" type="DEFAULT_VEHTYPE" speed="12.87" pos="132.57" lane="0/2to1/2_0" slope="0.00"/>
        <vehicle id="28" x="181.22" y="201.65" angle="-90.00" type="DEFAULT_VEHTYPE" speed="13.69" pos="14.03" lane="1/1to0/1_0" slope="0.00"/>
        <vehicle id="29" x="595.35" y="198.35" angle="90.00" type="DEFAULT_VEHTYPE" speed="5.23" pos="0.10" lane=":3/1_13_0" slope="0.00"/>
        <vehicle id="3" x="398.35" y="137.30" angle="0.00" type="DEFAULT_VEHTYPE" speed="12.78" pos="57.95" lane="2/1to2/0_0" slope="0.00"/>
        <vehicle id="33" x="519.29" y="401.65" angle="-90.00" type="DEFAULT_VEHTYPE" speed="13.41" pos="75.96" lane="3/2to2/2_0" slope="0.00"/>
        <vehicle id="37" x="398.35" y="279.25" angle="0.00" type="DEFAULT_VEHTYPE" speed="13.46" pos="116.00" lane="2/2to2/1_0" slope="0.00"/>
        <vehicle id="39" x="658.44" y="601.65" angle="-90.00" type="DEFAULT_VEHTYPE" speed="13.13" pos="141.56" lane="4/3to3/3_0" slope="0.00"/>
        <vehicle id="40" x="132.35" y="201.65" angle="-90.00" type="DEFAULT_VEHTYPE" speed="13.59" pos="62.90" lane="1/1to0/1_0" slope="0.00"/>
        <vehicle id="42" x="196.19" y="398.48" angle="91.54" type="DEFAULT_VEHTYPE" speed="6.42" pos="0.95" lane=":1/2_14_0" slope="0.00"/>
        <vehicle id="43" x="398.35" y="207.76" angle="0.00" type="DEFAULT_VEHTYPE" speed="12.90" pos="187.49" lane="2/2to2/1_0" slope="0.00"/>
        <vehicle id="44" x="348.01" y="198.35" angle="90.00" type="DEFAULT_VEHTYPE" speed="13.77" pos="143.26" lane="1/1to2/1_0" slope="0.00"/>
        <vehicle id="48" x="59.79" y="198.35" angle="90.00" type="DEFAULT_VEHTYPE" speed="12.72" pos="59.79" lane="0/1to1/1_0" slope="0.00"/>
        <vehicle id="49" x="324.00" y="401.65" angle="-90.00" type="DEFAULT_VEHTYPE" speed="12.82" pos="71.25" lane="2/2to1/2_0" slope="0.00"/>
        <vehicle id="5" x="279.60" y="201.65" angle="-90.00" type="DEFAULT_VEHTYPE" speed="13.74" pos="115.65" lane="2/1to1/1_0" slope="0.00"/>
        <vehicle id="6" x="398.35" y="380.49" angle="0.00" type="DEFAULT_VEHTYPE" speed="12.79" pos="14.76" lane="2/2to2/1_0" slope="0.00"/>
        <vehicle id="7" x="201.65" y="527.65" angle="180.00" type="DEFAULT_VEHTYPE" speed="13.45" pos="122.90" lane="1/2to1/3_0" slope="0.00"/>
        <vehicle id="8" x="466.82" y="401.65" angle="-90.00" type="DEFAULT_VEHTYPE" speed="13.69" pos="128.43" lane="3/2to2/2_0" slope="0.00"/>
        <vehicle id="9" x="198.66" y="397.41" angle="-39.42" type="DEFAULT_VEHTYPE" speed="8.03" pos="8.14" lane=":1/2_6_0" slope="0.00"/>
    </timestep>
    <timestep time="447.00">
        <vehicle id="0" x="401.65" y="14.29" angle="180.00" type="DEFAULT_VEHTYPE" speed="13.74" pos="14.29" lane="2/0to2/1_0" slope="0.00"/>
        <vehicle id="10" x="717.65" y="601.65" angle="-90.00" type="DEFAULT_VEHTYPE" speed="12.76" pos="82.35" lane="4/3to3/3_0" slope="0.00"/>
        <vehicle id="11" x="401.65" y="787.82" angle="180.00" type="DEFAULT_VEHTYPE" speed="12.82" pos="183.07" lane="2/3to2/4_0" slope="0.00"/>
        <vehicle id="15" x="601.65" y="301.86" angle="180.00" type="DEFAULT_VEHTYPE" speed="13.88" pos="97.11" lane="3/1to3/2_0" slope="0.00"/>
        <vehicle id="16" x="401.65" y="654.95" angle="180.00" type="DEFAULT_VEHTYPE" speed="13.26" pos="50.20" lane="2/3to2/4_0" slope="0.00"/>
        <vehicle id="17" x="401.65" y="721.76" angle="180.00" type="DEFAULT_VEHTYPE" speed="12.74" pos="117.01" lane="2/3to2/4_0" slope="0.00"/>
        <vehicle id="18" x="201.65" y="124.44" angle="180.00" type="DEFAULT_VEHTYPE" speed="13.68" pos="124.44" lane="1/0to1/1_0" slope="0.00"/>
        <vehicle id="2" x="423.26" y="198.35" angle="90.00" type="DEFAULT_VEHTYPE" speed="9.41" pos="18.51" lane="2/1to3/1_0" slope="0.00"/>
        <vehicle id="24" x="145.99" y="398.35" angle="90.00" type="DEFAULT_VEHTYPE" speed="13.42" pos="145.99" lane="0/2to1/2_0" slope="0.00"/>
        <vehicle id="28" x="167.91" y="201.65" angle="-90.00" type="DEFAULT_VEHTYPE" speed="13.30" pos="27.34" lane="1/1to0/1_0" slope="0.00"/>
        <vehicle id="29" x="602.51" y="198.35" angle="90.00" type="DEFAULT_VEHTYPE" speed="7.16" pos="7.26" lane=":3/1_13_0" slope="0.00"/>
        <vehicle id="3" x="398.35" y="123.84" angle="0.00" type="DEFAULT_VEHTYPE" speed="13.46" pos="71.41" lane="2/1to2/0_0" slope="0.00"/>
        <vehicle id="33" x="505.97" y="401.65" angle="-90.00" type="DEFAULT_VEHTYPE" speed="13.31" pos="89.28" lane="3/2to2/2_0" slope="0.00"/>
        <vehicle id="37" x="398.35" y="265.98" angle="0.00" type="DEFAULT_VEHTYPE" speed="13.28" pos="129.27" lane="2/2to2/1_0" slope="0.00"/>
        <vehicle id="39" x="645.28" y="601.65" angle="-90.00" type="DEFAULT_VEHTYPE" speed="13.16" pos="154.72" lane="4/3to3/3_0" slope="0.00"/>
        <vehicle id="40" x="119.51" y="201.65" angle="-90.00" type="DEFAULT_VEHTYPE" speed="12.84" pos="75.74" lane="1/1to0/1_0" slope="0.00"/>
        <vehicle id="42" x="201.49" y="403.62" angle="151.32" type="DEFAULT_VEHTYPE" speed="8.23" pos="9.18" lane=":1/2_14_0" slope="0.00"/>
        <vehicle id="43" x="389.81" y="201.65" angle="-90.00" type="DEFAULT_VEHTYPE" speed="13.45" pos="5.44" lane="2/1to1/1_0" slope="0.00"/>
        <vehicle id="44" x="360.65" y="198.35" angle="90.00" type="DEFAULT_VEHTYPE" speed="12.63" pos="155.90" lane="1/1to2/1_0" slope="0.00"/>
        <vehicle id="48" x="72.85" y="198.35" angle="90.00" type="DEFAULT_VEHTYPE" speed="13.05" pos="72.85" lane="0/1to1/1_0" slope="0.00"/>
        <vehicle id="49" x="310.97" y="401.65" angle="-90.00" type="DEFAULT_VEHTYPE" speed="13.03" pos="84.28" lane="2/2to1/2_0" slope="0.00"/>
        <vehicle id="5" x="266.28" y="201.65" angle="-90.00" type="DEFAULT_VEHTYPE" speed="13.32" pos="128.97" lane="2/1to1/1_0" slope="0.00"/>
        <vehicle id="6" x="398.35" y="367.77" angle="0.00" type="DEFAULT_VEHTYPE" speed="12.72" pos="27.48" lane="2/2to2/1_0" slope="0.00"/>
        <vehicle id="7" x="201.65" y="540.76" angle="180.00" type="DEFAULT_VEHTYPE" speed="13.11" pos="136.01" lane="1/2to1/3_0" slope="0.00"/>
        <vehicle id="8" x="453.26" y="401.65" angle="-90.00" type="DEFAULT_VEHTYPE" speed="13.56" pos="141.99" lane="3/2to2/2_0" slope="0.00"/>
        <vehicle id="9" x="198.35" y="387.92" angle="0.00" type="DEFAULT_VEHTYPE" speed="9.51" pos="7.33" lane="1/2to1/1_0" slope="0.00"/>
    </timestep>
    <timestep time="448.00">
        <vehicle id="0" x="401.65" y="27.64" angle="180.00" type="DEFAULT_VEHTYPE" speed="13.35" pos="27.64" lane="2/0to2/1_0" slope="0.00"/>
        <vehicle id="10" x="703.86" y="601.65" angle="-90.00" type="DEFAULT_VEHTYPE" speed="13.80" pos="96.14" lane="4/3to3/3_0" slope="0.00"/>
        <vehicle id="11" x="400.90" y="801.14" angle="-171.03" type="DEFAULT_VEHTYPE" speed="13.54" pos="1.37" lane=":2/4_0_0" slope="0.00"/>
        <vehicle id="15" x="601.65" y="315.22" angle="180.00" type="DEFAULT_VEHTYPE" speed="13.36" pos="110.47" lane="3/1to3/2_0" slope="0.00"/>
        <vehicle id="16" x="401.65" y="668.26" angle="180.00" type="DEFAULT_VEHTYPE" speed="13.30" pos="63.51" lane="2/3to2/4_0" slope="0.00"/>
        <vehicle id="17" x="401.65" y="735.43" angle="180.00" type="DEFAULT_VEHTYPE" speed="13.67" pos="130.68" lane="2/3to2/4_0" slope="0.00"/>
        <vehicle id="18" x="201.65" y="138.20" angle="180.00" type="DEFAULT_VEHTYPE" speed="13.76" pos="138.20" lane="1/0to1/1_0" slope="0.00"/>
        <vehicle id="2" x="433.97" y="198.35" angle="90.00" type="DEFAULT_VEHTYPE" speed="10.71" pos="29.22" lane="2/1to3/1_0" slope="0.00"/>
        <vehicle id="24" x="159.20" y="398.35" angle="90.00" type="DEFAULT_VEHTYPE" speed="13.21" pos="159.20" lane="0/2to1/2_0" slope="0.00"/>
        <vehicle id="28" x="155.01" y="201.65" angle="-90.00" type="DEFAULT_VEHTYPE" speed="12.90" pos="40.24" lane="1/1to0/1_0" slope="0.00"/>
        <vehicle id="29" x="611.06" y="198.35" angle="90.00" type="DEFAULT_VEHTYPE" speed="8.55" pos="6.31" lane="3/1to4/1_0" slope="0.00"/>
        <vehicle id="3" x="398.35" y="110.94" angle="0.00" type="DEFAULT_VEHTYPE" speed="12.91" pos="84.31" lane="2/1to2/0_0" slope="0.00"/>
        <vehicle id="33" x="492.47" y="401.65" angle="-90.00" type="DEFAULT_VEHTYPE" speed="13.50" pos="102.78" lane="3/2to2/2_0" slope="0.00"/>
        <vehicle id="37" x="398.35" y="252.81" angle="0.00" type="DEFAULT_VEHTYPE" speed="13.16" pos="142.44" lane="2/2to2/1_0" slope="0.00"/>
        <vehicle id="39" x="632.38" y="601.65" angle="-90.00" type="DEFAULT_VEHTYPE" speed="12.90" pos="167.62" lane="4/3to3/3_0" slope="0.00"/>
        <vehicle id="40" x="106.70" y="201.65" angle="-90.00" type="DEFAULT_VEHTYPE" speed="12.80" pos="88.55" lane="1/1to0/1_0" slope="0.00"/>
        <vehicle id="42" x="201.65" y="413.17" angle="180.00" type="DEFAULT_VEHTYPE" speed="9.56" pos="8.42" lane="1/2to1/3_0" slope="0.00"/>
        <vehicle id="43" x="376.41" y="201.65" angle="-90.00" type="DEFAULT_VEHTYPE" speed="13.40" pos="18.84" lane="2/1to1/1_0" slope="0.00"/>
        <vehicle id="44" x="373.23" y="198.35" angle="90.00" type="DEFAULT_VEHTYPE" speed="12.58" pos="168.48" lane="1/1to2/1_0" slope="0.00"/>
        <vehicle id="48" x="85.68" y="198.35" angle="90.00" type="DEFAULT_VEHTYPE" speed="12.83" pos="85.68" lane="0/1to1/1_0" slope="0.00"/>
        <vehicle id="49" x="297.53" y="401.65" angle="-90.00" type="DEFAULT_VEHTYPE" speed="13.44" pos="97.72" lane="2/2to1/2_0" slope="0.00"/>
        <vehicle id="5" x="253.08" y="201.65" angle="-90.00" type="DEFAULT_VEHTYPE" speed="13.20" pos="142.17" lane="2/1to1/1_0" slope="0.00"/>
        <vehicle id="6" x="398.35" y="354.70" angle="0.00" type="DEFAULT_VEHTYPE" speed="13.07" pos="40.55" lane="2/2to2/1_0" slope="0.00"/>
        <vehicle id="7" x="201.65" y="554.01" angle="180.00" type="DEFAULT_VEHTYPE" speed="13.25" pos="149.26" lane="1/2to1/3_0" slope="0.00"/>
        <vehicle id="8" x="439.51" y="401.65" angle="-90.00" type="DEFAULT_VEHTYPE" speed="13.75" pos="155.74" lane="3/2to2/2_0" slope="0.00"/>
        <vehicle id="9" x="198.35" y="376.42" angle="0.00" type="DEFAULT_VEHTYPE" speed="11.51" pos="18.83" lane="1/2to1/1_0" slope="0.00"/>
    </timestep>
    <timestep time="449.00">
        <vehicle id="0" x="401.65" y="40.80" angle="180.00" type="DEFAULT_VEHTYPE" speed="13.16" pos="40.80" lane="2/0to2/1_0" slope="0.00"/>
        <vehicle id="10" x="690.73" y="601.65" angle="-90.00" type="DEFAULT_VEHTYPE" speed="13.13" pos="109.27" lane="4/3to3/3_0" slope="0.00"/>
        <vehicle id="11" x="398.35" y="790.57" angle="0.00" type="DEFAULT_VEHTYPE" speed="12.88" pos="9.43" lane="2/4to2/3_0" slope="0.00"/>
        <vehicle id="15" x="601.65" y="328.87" angle="180.00" type="DEFAULT_VEHTYPE" speed="13.64" pos="124.12" lane="3/1to3/2_0" slope="0.00"/>
        <vehicle id="16" x="401.65" y="681.88" angle="180.00" type="DEFAULT_VEHTYPE" speed="13.62" pos="77.13" lane="2/3to2/4_0" slope="0.00"/>
        <vehicle id="17" x="401.65" y="748.90" angle="180.00" type="DEFAULT_VEHTYPE" speed="13.48" pos="144.15" lane="2/3to2/4_0" slope="0.00"/>
        <vehicle id="18" x="201.65" y="151.03" angle="180.00" type="DEFAULT_VEHTYPE" speed="12.83" pos="151.03" lane="1/0to1/1_0" slope="0.00"/>
        <vehicle id="2" x="446.51" y="198.35" angle="90.00" type="DEFAULT_VEHTYPE" speed="12.54" pos="41.76" lane="2/1to3/1_0" slope="0.00"/>
        <vehicle id="24" x="172.50" y="398.35" angle="90.00" type="DEFAULT_VEHTYPE" speed="13.30" pos="172.50" lane="0/2to1/2_0" slope="0.00"/>
        <vehicle id="28" x="142.27" y="201.65" angle="-90.00" type="DEFAULT_VEHTYPE" speed="12.75" pos="52.98" lane="1/1to0/1_0" slope="0.00"/>
        <vehicle id="29" x="621.96" y="198.35" angle="90.00" type="DEFAULT_VEHTYPE" speed="10.90" pos="17.21" lane="3/1to4/1_0" slope="0.00"/>
        <vehicle id="3" x="398.35" y="97.49" angle="0.00" type="DEFAULT_VEHTYPE" speed="13.45" pos="97.76" lane="2/1to2/0_0" slope="0.00"/>
        <vehicle id="33" x="479.54" y="401.65" angle="-90.00" type="DEFAULT_VEHTYPE" speed="12.93" pos="115.71" lane="3/2to2/2_0" slope="0.00"/>
        <vehicle id="37" x="398.35" y="239.60" angle="0.00" type="DEFAULT_VEHTYPE" speed="13.22" pos="155.65" lane="2/2to2/1_0" slope="0.00"/>
        <vehicle id="39" x="621.33" y="601.65" angle="-90.00" type="DEFAULT_VEHTYPE" speed="11.05" pos="178.67" lane="4/3to3/3_0" slope="0.00"/>
        <vehicle id="40" x="93.12" y="201.65" angle="-90.00" type="DEFAULT_VEHTYPE" speed="13.58" pos="102.13" lane="1/1to0/1_0" slope="0.00"/>
        <vehicle id="42" x="201.65" y="424.22" angle="180.00" type="DEFAULT_VEHTYPE" speed="11.05" pos="19.47" lane="1/2to1/3_0" slope="0.00"/>
        <vehicle id="43" x="362.81" y="201.65" angle="-90.00" type="DEFAULT_VEHTYPE" speed="13.60" pos="32.44" lane="2/1to1/1_0" slope="0.00"/>
        <vehicle id="44" x="382.37" y="198.35" angle="90.00" type="DEFAULT_VEHTYPE" speed="9.14" pos="177.62" lane="1/1to2/1_0" slope="0.00"/>
        <vehicle id="48" x="99.34" y="198.35" angle="90.00" type="DEFAULT_VEHTYPE" speed="13.66" pos="99.34" lane="0/1to1/1_0" slope="0.00"/>
        <vehicle id="49" x="284.13" y="401.65" angle="-90.00" type="DEFAULT_VEHTYPE" speed="13.40" pos="111.12" lane="2/2to1/2_0" slope="0.00"/>
        <vehicle id="5" x="239.85" y="201.65" angle="-90.00" type="DEFAULT_VEHTYPE" speed="13.22" pos="155.40" lane="2/1to1/1_0" slope="0.00"/>
        <vehicle id="6" x="398.35" y="341.75" angle="0.00" type="DEFAULT_VEHTYPE" speed="12.95" pos="53.50" lane="2/2to2/1_0" slope="0.00"/>
        <vehicle id="7" x="201.65" y="566.68" angle="180.00" type="DEFAULT_VEHTYPE" speed="12.67" pos="161.93" lane="1/2to1/3_0" slope="0.00"/>
        <vehicle id="8" x="426.45" y="401.65" angle="-90.00" type="DEFAULT_VEHTYPE" speed="13.06" pos="168.80" lane="3/2to2/2_0" slope="0.00"/>
        <vehicle id="9" x="198.35" y="362.81" angle="0.00" type="DEFAULT_VEHTYPE" speed="13.61" pos="32.44" lane="1/2to1/1_0" slope="0.00"/>
    </timestep>
    <timestep time="450.00">
        <vehicle id="0" x="401.65" y="54.25" angle="180.00" type="DEFAULT_VEHTYPE" speed="13.45" pos="54.25" lane="2/0to2/1_0" slope="0.00"/>
        <vehicle id="10" x="677.55" y="601.65" angle="-90.00" type="DEFAULT_VEHTYPE" speed="13.18" pos="122.45" lane="4/3to3/3_0" slope="0.00"/>
        <vehicle id="11" x="398.35" y="777.56" angle="0.00" type="DEFAULT_VEHTYPE" speed="13.01" pos="22.44" lane="2/4to2/3_0" slope="0.00"/>
        <vehicle id="15" x="601.65" y="342.03" angle="180.00" type="DEFAULT_VEHTYPE" speed="13.16" pos="137.28" lane="3/1to3/2_0" slope="0.00"/>
        <vehicle id="16" x="401.65" y="695.67" angle="180.00" type="DEFAULT_VEHTYPE" speed="13.79" pos="90.92" lane="2/3to2/4_0" slope="0.00"/>
        <vehicle id="17" x="401.65" y="762.40" angle="180.00" type="DEFAULT_VEHTYPE" speed="13.50" pos="157.65" lane="2/3to2/4_0" slope="0.00"/>
        <vehicle id="18" x="201.65" y="164.78" angle="180.00" type="DEFAULT_VEHTYPE" speed="13.75" pos="164.78" lane="1/0to1/1_0" slope="0.00"/>
        <vehicle id="2" x="459.79" y="198.35" angle="90.00" type="DEFAULT_VEHTYPE" speed="13.28" pos="55.04" lane="2/1to3/1_0" slope="0.00"/>
        <vehicle id="24" x="181.94" y="398.35" angle="90.00" type="DEFAULT_VEHTYPE" speed="9.44" pos="181.94" lane="0/2to1/2_0" slope="0.00"/>
        <vehicle id="28" x="129.44" y="201.65" angle="-90.00" type="DEFAULT_VEHTYPE" speed="12.82" pos="65.81" lane="1/1to0/1_0" slope="0.00"/>
        <vehicle id="29" x="635.00" y="198.35" angle="90.00" type="DEFAULT_VEHTYPE" speed="13.04" pos="30.25" lane="3/1to4/1_0" slope="0.00"/>
        <vehicle id="3" x="398.35" y="84.43" angle="0.00" type="DEFAULT_VEHTYPE" speed="13.06" pos="110.82" lane="2/1to2/0_0" slope="0.00"/>
        <vehicle id="33" x="465.84" y="401.65" angle="-90.00" type="DEFAULT_VEHTYPE" speed="13.69" pos="129.41" lane="3/2to2/2_0" slope="0.00"/>
        <vehicle id="37" x="398.35" y="226.08" angle="0.00" type="DEFAULT_VEHTYPE" speed="13.52" pos="169.17" lane="2/2to2/1_0" slope="0.00"/>
        <vehicle id="39" x="614.31" y="601.65" angle="-90.00" type="DEFAULT_VEHTYPE" speed="7.03" pos="185.69" lane="4/3to3/3_0" slope="0.00"/>
        <vehicle id="40" x="79.99" y="201.65" angle="-90.00" type="DEFAULT_VEHTYPE" speed="13.13" pos="115.26" lane="1/1to0/1_0" slope="0.00"/>
        <vehicle id="42" x="201.65" y="437.63" angle="180.00" type="DEFAULT_VEHTYPE" speed="13.41" pos="32.88" lane="1/2to1/3_0" slope="0.00"/>
        <vehicle id="43" x="349.13" y="201.65" angle="-90.00" type="DEFAULT_VEHTYPE" speed="13.68" pos="46.12" lane="2/1to1/1_0" slope="0.00"/>
        <vehicle id="44" x="387.68" y="198.35" angle="90.00" type="DEFAULT_VEHTYPE" speed="5.31" pos="182.93" lane="1/1to2/1_0" slope="0.00"/>
        <vehicle id="48" x="112.96" y="198.35" angle="90.00" type="DEFAULT_VEHTYPE" speed="13.63" pos="112.96" lane="0/1to1/1_0" slope="0.00"/>
        <vehicle id="49" x="271.05" y="401.65" angle="-90.00" type="DEFAULT_VEHTYPE" speed="13.08" pos="124.20" lane="2/2to1/2_0" slope="0.00"/>
        <vehicle id="5" x="226.70" y="201.65" angle="-90.00" type="DEFAULT_VEHTYPE" speed="13.15" pos="168.55" lane="2/1to1/1_0" slope="0.00"/>
        <vehicle id="6" x="398.35" y="328.24" angle="0.00" type="DEFAULT_VEHTYPE" speed="13.51" pos="67.01" lane="2/2to2/1_0" slope="0.00"/>
        <vehicle id="7" x="201.65" y="579.30" angle="180.00" type="DEFAULT_VEHTYPE" speed="12.61" pos="174.55" lane="1/2to1/3_0" slope="0.00"/>
        <vehicle id="8" x="417.67" y="401.65" angle="-90.00" type="DEFAULT_VEHTYPE" speed="8.78" pos="177.58" lane="3/2to2/2_0" slope="0.00"/>
        <vehicle id="9" x="198.35" y="349.11" angle="0.00" type="DEFAULT_VEHTYPE" speed="13.69" pos="46.14" lane="1/2to1/1_0" slope="0.00"/>
    </timestep>
    <timestep time="451.00">
        <vehicle id="0" x="401.65" y="67.22" angle="180.00" type="DEFAULT_VEHTYPE" speed="12.96" pos="67.22" lane="2/0to2/1_0" slope="0.00"/>
        <vehicle id="10" x="664.09" y="601.65" angle="-90.00" type="DEFAULT_VEHTYPE" speed="13.47" pos="135.91" lane="4/3to3/3_0" slope="0.00"/>
        <vehicle id="11" x="398.35" y="763.94" angle="0.00" type="DEFAULT_VEHTYPE" speed="13.62" pos="36.06" lane="2/4to2/3_0" slope="0.00"/>
        <vehicle id="15" x="601.65" y="354.74" angle="180.00" type="DEFAULT_VEHTYPE" speed="12.71" pos="149.99" lane="3/1to3/2_0" slope="0.00"/>
        <vehicle id="16" x="401.65" y="709.05" angle="180.00" type="DEFAULT_VEHTYPE" speed="13.38" pos="104.30" lane="2/3to2/4_0" slope="0.00"/>
        <vehicle id="17" x="401.65" y="775.17" angle="180.00" type="DEFAULT_VEHTYPE" speed="12.77" pos="170.42" lane="2/3to2/4_0" slope="0.00"/>
        <vehicle id="18" x="201.65" y="178.36" angle="180.00" type="DEFAULT_VEHTYPE" speed="13.58" pos="178.36" lane="1/0to1/1_0" slope="0.00"/>
        <vehicle id="2" x="473.45" y="198.35" angle="90.00" type="DEFAULT_VEHTYPE" speed="13.67" pos="68.70" lane="2/1to3/1_0" slope="0.00"/>
        <vehicle id="24" x="187.76" y="398.35" angle="90.00" type="DEFAULT_VEHTYPE" speed="5.82" pos="187.76" lane="0/2to1/2_0" slope="0.00"/>
        <vehicle id="28" x="116.54" y="201.65" angle="-90.00" type="DEFAULT_VEHTYPE" speed="12.91" pos="78.71" lane="1/1to0/1_0" slope="0.00"/>
        <vehicle id="29" x="648.35" y="198.35" angle="90.00" type="DEFAULT_VEHTYPE" speed="13.35" pos="43.60" lane="3/1to4/1_0" slope="0.00"/>
        <vehicle id="3" x="398.35" y="71.00" angle="0.00" type="DEFAULT_VEHTYPE" speed="13.42" pos="124.25" lane="2/1to2/0_0" slope="0.00"/>
        <vehicle id="33" x="452.22" y="401.65" angle="-90.00" type="DEFAULT_VEHTYPE" speed="13.62" pos="143.03" lane="3/2to2/2_0" slope="0.00"/>
        <vehicle id="37" x="398.35" y="213.22" angle="0.00" type="DEFAULT_VEHTYPE" speed="12.86" pos="182.03" lane="2/2to2/1_0" slope="0.00"/>
        <vehicle id="39" x="610.31" y="601.65" angle="-90.00" type="DEFAULT_VEHTYPE" speed="3.99" pos="189.69" lane="4/3to3/3_0" slope="0.00"/>
        <vehicle id="40" x="67.00" y="201.65" angle="-90.00" type="DEFAULT_VEHTYPE" speed="12.99" pos="128.25" lane="1/1to0/1_0" slope="0.00"/>
        <vehicle id="42" x="201.65" y="451.06" angle="180.00" type="DEFAULT_VEHTYPE" speed="13.44" pos="46.31" lane="1/2to1/3_0" slope="0.00"/>
        <vehicle id="43" x="336.07" y="201.65" angle="-90.00" type="DEFAULT_VEHTYPE" speed="13.06" pos="59.18" lane="2/1to1/1_0" slope="0.00"/>
        <vehicle id="44" x="390.70" y="198.35" angle="90.00" type="DEFAULT_VEHTYPE" speed="3.01" pos="185.95" lane="1/1to2/1_0" slope="0.00"/>
        <vehicle id="48" x="126.36" y="198.35" angle="90.00" type="DEFAULT_VEHTYPE" speed="13.39" pos="126.36" lane="0/1to1/1_0" slope="0.00"/>
        <vehicle id="49" x="257.94" y="401.65" angle="-90.00" type="DEFAULT_VEHTYPE" speed="13.11" pos="137.31" lane="2/2to1/2_0" slope="0.00"/>
        <vehicle id="5" x="217.41" y="201.65" angle="-90.00" type="DEFAULT_VEHTYPE" speed="9.29" pos="177.84" lane="2/1to1/1_0" slope="0.00"/>
        <vehicle id="6" x="398.35" y="314.90" angle="0.00" type="DEFAULT_VEHTYPE" speed="13.34" pos="80.35" lane="2/2to2/1_0" slope="0.00"/>
        <vehicle id="7" x="201.65" y="592.51" angle="180.00" type="DEFAULT_VEHTYPE" speed="13.21" pos="187.76" lane="1/2to1/3_0" slope="0.00"/>
        <vehicle id="8" x="412.01" y="401.65" angle="-90.00" type="DEFAULT_VEHTYPE" speed="5.66" pos="183.24" lane="3/2to2/2_0" slope="0.00"/>
        <vehicle id="9" x="198.35" y="335.43" angle="0.00" type="DEFAULT_VEHTYPE" speed="13.68" pos="59.82" lane="1/2to1/1_0" slope="0.00"/>
    </timestep>
    <timestep time="452.00">
        <vehicle id="0" x="401.65" y="80.43" angle="180.00" type="DEFAULT_VEHTYPE" speed="13.21" pos="80.43" lane="2/0to2/1_0" slope="0.00"/>
        <vehicle id="10" x="651.21" y="601.65" angle="-90.00" type="DEFAULT_VEHTYPE" speed="12.88" pos="148.79" lane="4/3to3/3_0" slope="0.00"/>
        <vehicle id="11" x="398.35" y="750.71" angle="0.00" type="DEFAULT_VEHTYPE" speed="13.23" pos="49.29" lane="2/4to2/3_0" slope="0.00"/>
        <vehicle id="15" x="601.65" y="368.02" angle="180.00" type="DEFAULT_VEHTYPE" speed="13.28" pos="163.27" lane="3/1to3/2_0" slope="0.00"/>
        <vehicle id="16" x="401.65" y="722.86" angle="180.00" type="DEFAULT_VEHTYPE" speed="13.82" pos="118.11" lane="2/3to2/4_0" slope="0.00"/>
        <vehicle id="17" x="401.65" y="787.83" angle="180.00" type="DEFAULT_VEHTYPE" speed="12.66" pos="183.08" lane="2/3to2/4_0" slope="0.00"/>
        <vehicle id="18" x="201.65" y="191.64" angle="180.00" type="DEFAULT_VEHTYPE" speed="13.28" pos="191.64" lane="1/0to1/1_0" slope="0.00"/>
        <vehicle id="2" x="486.73" y="198.35" angle="90.00" type="DEFAULT_VEHTYPE" speed="13.28" pos="81.98" lane="2/1to3/1_0" slope="0.00"/>
        <vehicle id="24" x="191.29" y="398.35" angle="90.00" type="DEFAULT_VEHTYPE" speed="3.53" pos="191.29" lane="0/2to1/2_0" slope="0.00"/>
        <vehicle id="28" x="102.69" y="201.65" angle="-90.00" type="DEFAULT_VEHTYPE" speed="13.85" pos="92.56" lane="1/1to0/1_0" slope="0.00"/>
        <vehicle id="29" x="662.03" y="198.35" angle="90.00" type="DEFAULT_VEHTYPE" speed="13.68" pos="57.28" lane="3/1to4/1_0" slope="0.00"/>
        <vehicle id="3" x="398.35" y="57.67" angle="0.00" type="DEFAULT_VEHTYPE" speed="13.33" pos="137.58" lane="2/1to2/0_0" slope="0.00"/>
        <vehicle id="33" x="438.52" y="401.65" angle="-90.00" type="DEFAULT_VEHTYPE" speed="13.71" pos="156.73" lane="3/2to2/2_0" slope="0.00"/>
        <vehicle id="37" x="395.63" y="201.70" angle="-38.29" type="DEFAULT_VEHTYPE" speed="13.08" pos="4.61" lane=":2/1_0_0" slope="0.00"/>
        <vehicle id="39" x="604.41" y="601.60" angle="-89.44" type="DEFAULT_VEHTYPE" speed="5.91" pos="0.34" lane=":3/3_6_0" slope="0.00"/>
        <vehicle id="40" x="53.33" y="201.65" angle="-90.00" type="DEFAULT_VEHTYPE" speed="13.67" pos="141.92" lane="1/1to0/1_0" slope="0.00"/>
        <vehicle id="42" x="201.65" y="463.81" angle="180.00" type="DEFAULT_VEHTYPE" speed="12.74" pos="59.06" lane="1/2to1/3_0" slope="0.00"/>
        <vehicle id="43" x="323.01" y="201.65" angle="-90.00" type="DEFAULT_VEHTYPE" speed="13.06" pos="72.24" lane="2/1to1/1_0" slope="0.00"/>
        <vehicle id="44" x="395.85" y="198.35" angle="90.00" type="DEFAULT_VEHTYPE" speed="5.15" pos="0.60" lane=":2/1_13_0" slope="0.00"/>
        <vehicle id="48" x="140.02" y="198.35" angle="90.00" type="DEFAULT_VEHTYPE" speed="13.66" pos="140.02" lane="0/1to1/1_0" slope="0.00"/>
        <vehicle id="49" x="244.54" y="401.65" angle="-90.00" type="DEFAULT_VEHTYPE" speed="13.41" pos="150.71" lane="2/2to1/2_0" slope="0.00"/>
        <vehicle id="5" x="211.42" y="201.65" angle="-90.00" type="DEFAULT_VEHTYPE" speed="5.99" pos="183.83" lane="2/1to1/1_0" slope="0.00"/>
        <vehicle id="6" x="398.35" y="301.38" angle="0.00" type="DEFAULT_VEHTYPE" speed="13.53" pos="93.87" lane="2/2to2/1_0" slope="0.00"/>
        <vehicle id="7" x="209.83" y="598.35" angle="90.00" type="DEFAULT_VEHTYPE" speed="12.82" pos="5.08" lane="1/3to2/3_0" slope="0.00"/>
        <vehicle id="8" x="408.74" y="401.65" angle="-90.00" type="DEFAULT_VEHTYPE" speed="3.27" pos="186.51" lane="3/2to2/2_0" slope="0.00"/>
        <vehicle id="9" x="198.35" y="321.81" angle="0.00" type="DEFAULT_VEHTYPE" speed="13.62" pos="73.44" lane="1/2to1/1_0" slope="0.00"/>
    </timestep>
    <timestep time="453.00">
        <vehicle id="0" x="401.65" y="93.80" angle="180.00" type="DEFAULT_VEHTYPE" speed="13.37" pos="93.80" lane="2/0to2/1_0" slope="0.00"/>
        <vehicle id="10" x="637.31" y="601.65" angle="-90.00" type="DEFAULT_VEHTYPE" speed="13.90" pos="162.69" lane="4/3to3/3_0" slope="0.00"/>
        <vehicle id="11" x="398.35" y="737.25" angle="0.00" type="DEFAULT_VEHTYPE" speed="13.46" pos="62.75" lane="2/4to2/3_0" slope="0.00"/>
        <vehicle id="15" x="601.65" y="379.09" angle="180.00" type="DEFAULT_VEHTYPE" speed="11.07" pos="174.34" lane="3/1to3/2_0" slope="0.00"/>
        <vehicle id="16" x="401.65" y="736.58" angle="180.00" type="DEFAULT_VEHTYPE" speed="13.72" pos="131.83" lane="2/3to2/4_0" slope="0.00"/>
        <vehicle id="17" x="400.99" y="801.00" angle="-172.18" type="DEFAULT_VEHTYPE" speed="13.37" pos="1.20" lane=":2/4_0_0" slope="0.00"/>
        <vehicle id="18" x="208.74" y="198.35" angle="91.61" type="DEFAULT_VEHTYPE" speed="12.61" pos="3.99" lane="1/1to2/1_0" slope="0.00"/>
        <vehicle id="2" x="500.29" y="198.35" angle="90.00" type="DEFAULT_VEHTYPE" speed="13.56" pos="95.54" lane="2/1to3/1_0" slope="0.00"/>
        <vehicle id="24" x="197.22" y="398.63" angle="93.24" type="DEFAULT_VEHTYPE" speed="5.95" pos="1.99" lane=":1/2_14_0" slope="0.00"/>
        <vehicle id="28" x="90.02" y="201.65" angle="-90.00" type="DEFAULT_VEHTYPE" speed="12.67" pos="105.23" lane="1/1to0/1_0" slope="0.00"/>
        <vehicle id="29" x="675.05" y="198.35" angle="90.00" type="DEFAULT_VEHTYPE" speed="13.02" pos="70.30" lane="3/1to4/1_0" slope="0.00"/>
        <vehicle id="3" x="398.35" y="44.63" angle="0.00" type="DEFAULT_VEHTYPE" speed="13.04" pos="150.62" lane="2/1to2/0_0" slope="0.00"/>
        <vehicle id="33" x="429.08" y="401.65" angle="-90.00" type="DEFAULT_VEHTYPE" speed="9.44" pos="166.17" lane="3/2to2/2_0" slope="0.00"/>
        <vehicle id="37" x="381.76" y="201.65" angle="-90.00" type="DEFAULT_VEHTYPE" speed="13.88" pos="13.49" lane="2/1to1/1_0" slope="0.00"/>
        <vehicle id="39" x="598.71" y="597.77" angle="-43.33" type="DEFAULT_VEHTYPE" speed="7.43" pos="7.78" lane=":3/3_6_0" slope="0.00"/>
        <vehicle id="40" x="39.45" y="201.65" angle="-90.00" type="DEFAULT_VEHTYPE" speed="13.88" pos="155.80" lane="1/1to0/1_0" slope="0.00"/>
        <vehicle id="42" x="201.65" y="476.94" angle="180.00" type="DEFAULT_VEHTYPE" speed="13.14" pos="72.19" lane="1/2to1/3_0" slope="0.00"/>
        <vehicle id="43" x="309.46" y="201.65" angle="-90.00" type="DEFAULT_VEHTYPE" speed="13.55" pos="85.79" lane="2/1to1/1_0" slope="0.00"/>
        <vehicle id="44" x="402.44" y="198.35" angle="90.00" type="DEFAULT_VEHTYPE" speed="6.60" pos="7.19" lane=":2/1_13_0" slope="0.00"/>
        <vehicle id="48" x="153.07" y="198.35" angle="90.00" type="DEFAULT_VEHTYPE" speed="13.06" pos="153.07" lane="0/1to1/1_0" slope="0.00"/>
        <vehicle id="49" x="231.93" y="401.65" angle="-90.00" type="DEFAULT_VEHTYPE" speed="12.60" pos="163.32" lane="2/2to1/2_0" slope="0.00"/>
        <vehicle id="5" x="203.02" y="202.07" angle="-94.85" type="DEFAULT_VEHTYPE" speed="8.48" pos="1.81" lane=":1/1_4_0" slope="0.00"/>
        <vehicle id="6" x="398.35" y="287.59" angle="0.00" type="DEFAULT_VEHTYPE" speed="13.79" pos="107.66" lane="2/2to2/1_0" slope="0.00"/>
        <vehicle id="7" x="222.48" y="598.35" angle="90.00" type="DEFAULT_VEHTYPE" speed="12.65" pos="17.73" lane="1/3to2/3_0" slope="0.00"/>
        <vehicle id="8" x="403.83" y="401.52" angle="-88.50" type="DEFAULT_VEHTYPE" speed="4.92" pos="0.93" lane=":2/2_6_0" slope="0.00"/>
        <vehicle id="9" x="198.35" y="308.57" angle="0.00" type="DEFAULT_VEHTYPE" speed="13.25" pos="86.68" lane="1/2to1/1_0" slope="0.00"/>
    </timestep>
    <timestep time="454.00">
        <vehicle id="0" x="401.65" y="106.80" angle="180.00" type="DEFAULT_VEHTYPE" speed="13.00" pos="106.80" lane="2/0to2/1_0" slope="0.00"/>
        <vehicle id="10" x="625.19" y="601.65" angle="-90.00" type="DEFAULT_VEHTYPE" speed="12.12" pos="174.81" lane="4/3to3/3_0" slope="0.00"/>
        <vehicle id="11" x="398.35" y="724.05" angle="0.00" type="DEFAULT_VEHTYPE" speed="13.20" pos="75.95" lane="2/4to2/3_0" slope="0.00"/>
        <vehicle id="15" x="601.65" y="385.65" angle="180.00" type="DEFAULT_VEHTYPE" speed="6.57" pos="180.90" lane="3/1to3/2_0" slope="0.00"/>
        <vehicle id="16" x="401.65" y="749.91" angle="180.00" type="DEFAULT_VEHTYPE" speed="13.33" pos="145.16" lane="2/3to2/4_0" slope="0.00"/>
        <vehicle id="17" x="398.35" y="790.11" angle="0.00" type="DEFAULT_VEHTYPE" speed="13.52" pos="9.89" lane="2/4to2/3_0" slope="0.00"/>
        <vehicle id="18" x="222.31" y="198.35" angle="90.00" type="DEFAULT_VEHTYPE" speed="13.56" pos="17.56" lane="1/1to2/1_0" slope="0.00"/>
        <vehicle id="2" x="513.93" y="198.35" angle="90.00" type="DEFAULT_VEHTYPE" speed="13.64" pos="109.18" lane="2/1to3/1_0" slope="0.00"/>
        <vehicle id="24" x="201.61" y="404.47" angle="160.04" type="DEFAULT_VEHTYPE" speed="8.04" pos="10.04" lane=":1/2_14_0" slope="0.00"/>
        <vehicle id="28" x="77.36" y="201.65" angle="-90.00" type="DEFAULT_VEHTYPE" speed="12.66" pos="117.89" lane="1/1to0/1_0" slope="0.00"/>
        <vehicle id="29" x="688.50" y="198.35" angle="90.00" type="DEFAULT_VEHTYPE" speed="13.45" pos="83.75" lane="3/1to4/1_0" slope="0.00"/>
        <vehicle id="3" x="398.35" y="31.74" angle="0.00" type="DEFAULT_VEHTYPE" speed="12.89" pos="163.51" lane="2/1to2/0_0" slope="0.00"/>
        <vehicle id="33" x="419.63" y="401.65" angle="-90.00" type="DEFAULT_VEHTYPE" speed="9.45" pos="175.62" lane="3/2to2/2_0" slope="0.00"/>
        <vehicle id="37" x="368.94" y="201.65" angle="-90.00" type="DEFAULT_VEHTYPE" speed="12.82" pos="26.31" lane="2/1to1/1_0" slope="0.00"/>
        <vehicle id="39" x="598.35" y="587.99" angle="0.00" type="DEFAULT_VEHTYPE" speed="9.80" pos="7.26" lane="3/3to3/2_0" slope="0.00"/>
        <vehicle id="40" x="25.77" y="201.65" angle="-90.00" type="DEFAULT_VEHTYPE" speed="13.68" pos="169.48" lane="1/1to0/1_0" slope="0.00"/>
        <vehicle id="42" x="201.65" y="490.29" angle="180.00" type="DEFAULT_VEHTYPE" speed="13.35" pos="85.54" lane="1/2to1/3_0" slope="0.00"/>
        <vehicle id="43" x="295.86" y="201.65" angle="-90.00" type="DEFAULT_VEHTYPE" speed="13.60" pos="99.39" lane="2/1to1/1_0" slope="0.00"/>
        <vehicle id="44" x="411.03" y="198.35" angle="90.00" type="DEFAULT_VEHTYPE" speed="8.59" pos="6.28" lane="2/1to3/1_0" slope="0.00"/>
        <vehicle id="48" x="166.26" y="198.35" angle="90.00" type="DEFAULT_VEHTYPE" speed="13.19" pos="166.26" lane="0/1to1/1_0" slope="0.00"/>
        <vehicle id="49" x="221.63" y="401.65" angle="-90.00" type="DEFAULT_VEHTYPE" speed="10.31" pos="173.62" lane="2/2to1/2_0" slope="0.00"/>
        <vehicle id="5" x="201.65" y="211.60" angle="180.00" type="DEFAULT_VEHTYPE" speed="10.04" pos="6.85" lane="1/1to1/2_0" slope="0.00"/>
        <vehicle id="6" x="398.35" y="274.12" angle="0.00" type="DEFAULT_VEHTYPE" speed="13.47" pos="121.13" lane="2/2to2/1_0" slope="0.00"/>
        <vehicle id="7" x="235.73" y="598.35" angle="90.00" type="DEFAULT_VEHTYPE" speed="13.25" pos="30.98" lane="1/3to2/3_0" slope="0.00"/>
        <vehicle id="8" x="398.67" y="397.46" angle="-39.96" type="DEFAULT_VEHTYPE" speed="7.16" pos="8.09" lane=":2/2_6_0" slope="0.00"/>
        <vehicle id="9" x="198.35" y="294.94" angle="0.00" type="DEFAULT_VEHTYPE" speed="13.63" pos="100.31" lane="1/2to1/1_0" slope="0.00"/>
    </timestep>
    <timestep time="455.00">
        <vehicle id="0" x="401.65" y="119.84" angle="180.00" type="DEFAULT_VEHTYPE" speed="13.03" pos="119.84" lane="2/0to2/1_0" slope="0.00"/>
        <vehicle id="10" x="616.92" y="601.65" angle="-90.00" type="DEFAULT_VEHTYPE" speed="8.27" pos="183.08" lane="4/3to3/3_0" slope="0.00"/>
        <vehicle id="11" x="398.35" y="710.85" angle="0.00" type="DEFAULT_VEHTYPE" speed="13.20" pos="89.15" lane="2/4to2/3_0" slope="0.00"/>
        <vehicle id="15" x="601.65" y="389.82" angle="180.00" type="DEFAULT_VEHTYPE" speed="4.17" pos="185.07" lane="3/1to3/2_0" slope="0.00"/>
        <vehicle id="16" x="401.65" y="763.80" angle="180.00" type="DEFAULT_VEHTYPE" speed="13.90" pos="159.05" lane="2/3to2/4_0" slope="0.00"/>
        <vehicle id="17" x="398.35" y="776.63" angle="0.00" type="DEFAULT_VEHTYPE" speed="13.48" pos="23.37" lane="2/4to2/3_0" slope="0.00"/>
        <vehicle id="18" x="235.94" y="198.35" angle="90.00" type="DEFAULT_VEHTYPE" speed="13.63" pos="31.19" lane="1/1to2/1_0" slope="0.00"/>
        <vehicle id="2" x="527.01" y="198.35" angle="90.00" type="DEFAULT_VEHTYPE" speed="13.08" pos="122.26" lane="2/1to3/1_0" slope="0.00"/>
        <vehicle id="24" x="201.65" y="414.09" angle="180.00" type="DEFAULT_VEHTYPE" speed="9.62" pos="9.34" lane="1/2to1/3_0" slope="0.00"/>
        <vehicle id="28" x="64.54" y="201.65" angle="-90.00" type="DEFAULT_VEHTYPE" speed="12.82" pos="130.71" lane="1/1to0/1_0" slope="0.00"/>
        <vehicle id="29" x="701.51" y="198.35" angle="90.00" type="DEFAULT_VEHTYPE" speed="13.02" pos="96.76" lane="3/1to4/1_0" slope="0.00"/>
        <vehicle id="3" x="398.35" y="17.89" angle="0.00" type="DEFAULT_VEHTYPE" speed="13.85" pos="177.36" lane="2/1to2/0_0" slope="0.00"/>
        <vehicle id="33" x="413.89" y="401.65" angle="-90.00" type="DEFAULT_VEHTYPE" speed="5.74" pos="181.36" lane="3/2to2/2_0" slope="0.00"/>
        <vehicle id="37" x="355.10" y="201.65" angle="-90.00" type="DEFAULT_VEHTYPE" speed="13.84" pos="40.15" lane="2/1to1/1_0" slope="0.00"/>
        <vehicle id="39" x="598.35" y="576.31" angle="0.00" type="DEFAULT_VEHTYPE" speed="11.68" pos="18.94" lane="3/3to3/2_0" slope="0.00"/>
        <vehicle id="40" x="11.91" y="201.65" angle="-90.00" type="DEFAULT_VEHTYPE" speed="13.86" pos="183.34" lane="1/1to0/1_0" slope="0.00"/>
        <vehicle id="42" x="201.65" y="503.81" angle="180.00" type="DEFAULT_VEHTYPE" speed="13.52" pos="99.06" lane="1/2to1/3_0" slope="0.00"/>
        <vehicle id="43" x="283.05" y="201.65" angle="-90.00" type="DEFAULT_VEHTYPE" speed="12.81" pos="112.20" lane="2/1to1/1_0" slope="0.00"/>
        <vehicle id="44" x="421.68" y="198.35" angle="90.00" type="DEFAULT_VEHTYPE" speed="10.64" pos="16.93" lane="2/1to3/1_0" slope="0.00"/>
        <vehicle id="48" x="177.71" y="198.35" angle="90.00" type="DEFAULT_VEHTYPE" speed="11.45" pos="177.71" lane="0/1to1/1_0" slope="0.00"/>
        <vehicle id="49" x="215.09" y="401.65" angle="-90.00" type="DEFAULT_VEHTYPE" speed="6.53" pos="180.16" lane="2/2to1/2_0" slope="0.00"/>
        <vehicle id="5" x="201.65" y="223.72" angle="180.00" type="DEFAULT_VEHTYPE" speed="12.12" pos="18.97" lane="1/1to1/2_0" slope="0.00"/>
        <vehicle id="6" x="398.35" y="261.20" angle="0.00" type="DEFAULT_VEHTYPE" speed="12.92" pos="134.05" lane="2/2to2/1_0" slope="0.00"/>
        <vehicle id="7" x="249.20" y="598.35" angle="90.00" type="DEFAULT_VEHTYPE" speed="13.47" pos="44.45" lane="1/3to2/3_0" slope="0.00"/>
        <vehicle id="8" x="398.35" y="388.79" angle="0.00" type="DEFAULT_VEHTYPE" speed="8.69" pos="6.46" lane="2/2to2/1_0" slope="0.00"/>
        <vehicle id="9" x="198.35" y="282.33" angle="0.00" type="DEFAULT_VEHTYPE" speed="12.60" pos="112.92" lane="1/2to1/1_0" slope="0.00"/>
    </timestep>
    <timestep time="456.00">
        <vehicle id="0" x="401.65" y="132.64" angle="180.00" type="DEFAULT_VEHTYPE" speed="12.80" pos="132.64" lane="2/0to2/1_0" slope="0.00"/>
        <vehicle id="10" x="612.05" y="601.65" angle="-90.00" type="DEFAULT_VEHTYPE" speed="4.87" pos="187.95" lane="4/3to3/3_0" slope="0.00"/>
        <vehicle id="11" x="398.35" y="697.67" angle="0.00" type="DEFAULT_VEHTYPE" speed="13.18" pos="102.33" lane="2/4to2/3_0" slope="0.00"/>
        <vehicle id="15" x="601.46" y="396.55" angle="-177.87" type="DEFAULT_VEHTYPE" speed="6.74" pos="1.31" lane=":3/2_10_0" slope="0.00"/>
        <vehicle id="16" x="401.65" y="777.33" angle="180.00" type="DEFAULT_VEHTYPE" speed="13.53" pos="172.58" lane="2/3to2/4_0" slope="0.00"/>
        <vehicle id="17" x="398.35" y="763.01" angle="0.00" type="DEFAULT_VEHTYPE" speed="13.62" pos="36.99" lane="2/4to2/3_0" slope="0.00"/>
        <vehicle id="18" x="249.77" y="198.35" angle="90.00" type="DEFAULT_VEHTYPE" speed="13.84" pos="45.02" lane="1/1to2/1_0" slope="0.00"/>
        <vehicle id="2" x="539.64" y="198.35" angle="90.00" type="DEFAULT_VEHTYPE" speed="12.63" pos="134.89" lane="2/1to3/1_0" slope="0.00"/>
        <vehicle id="24" x="201.65" y="425.95" angle="180.00" type="DEFAULT_VEHTYPE" speed="11.85" pos="21.20" lane="1/2to1/3_0" slope="0.00"/>
        <vehicle id="28" x="51.25" y="201.65" angle="-90.00" type="DEFAULT_VEHTYPE" speed="13.29" pos="144.00" lane="1/1to0/1_0" slope="0.00"/>
        <vehicle id="29" x="714.69" y="198.35" angle="90.00" type="DEFAULT_VEHTYPE" speed="13.17" pos="109.94" lane="3/1to4/1_0" slope="0.00"/>
        <vehicle id="3" x="398.35" y="4.56" angle="0.00" type="DEFAULT_VEHTYPE" speed="13.33" pos="190.69" lane="2/1to2/0_0" slope="0.00"/>
        <vehicle id="33" x="410.51" y="401.65" angle="-90.00" type="DEFAULT_VEHTYPE" speed="3.38" pos="184.74" lane="3/2to2/2_0" slope="0.00"/>
        <vehicle id="37" x="341.85" y="201.65" angle="-90.00" type="DEFAULT_VEHTYPE" speed="13.25" pos="53.40" lane="2/1to1/1_0" slope="0.00"/>
        <vehicle id="39" x="598.35" y="562.56" angle="0.00" type="DEFAULT_VEHTYPE" speed="13.76" pos="32.69" lane="3/3to3/2_0" slope="0.00"/>
        <vehicle id="40" x="-1.16" y="200.88" angle="-80.89" type="DEFAULT_VEHTYPE" speed="13.30" pos="1.39" lane=":0/1_0_0" slope="0.00"/>
        <vehicle id="42" x="201.65" y="516.97" angle="180.00" type="DEFAULT_VEHTYPE" speed="13.16" pos="112.22" lane="1/2to1/3_0" slope="0.00"/>
        <vehicle id="43" x="269.32" y="201.65" angle="-90.00" type="DEFAULT_VEHTYPE" speed="13.73" pos="125.93" lane="2/1to1/1_0" slope="0.00"/>
        <vehicle id="44" x="434.68" y="198.35" angle="90.00" type="DEFAULT_VEHTYPE" speed="13.00" pos="29.93" lane="2/1to3/1_0" slope="0.00"/>
        <vehicle id="48" x="185.13" y="198.35" angle="90.00" type="DEFAULT_VEHTYPE" speed="7.42" pos="185.13" lane="0/1to1/1_0" slope="0.00"/>
        <vehicle id="49" x="210.28" y="401.65" angle="-90.00" type="DEFAULT_VEHTYPE" speed="4.81" pos="184.97" lane="2/2to1/2_0" slope="0.00"/>
        <vehicle id="5" x="201.65" y="236.69" angle="180.00" type="DEFAULT_VEHTYPE" speed="12.97" pos="31.94" lane="1/1to1/2_0" slope="0.00"/>
        <vehicle id="6" x="398.35" y="247.70" angle="0.00" type="DEFAULT_VEHTYPE" speed="13.50" pos="147.55" lane="2/2to2/1_0" slope="0.00"/>
        <vehicle id="7" x="262.95" y="598.35" angle="90.00" type="DEFAULT_VEHTYPE" speed="13.75" pos="58.20" lane="1/3to2/3_0" slope="0.00"/>
        <vehicle id="8" x="398.35" y="378.55" angle="0.00" type="DEFAULT_VEHTYPE" speed="10.24" pos="16.70" lane="2/2to2/1_0" slope="0.00"/>
        <vehicle id="9" x="198.35" y="268.82" angle="0.00" type="DEFAULT_VEHTYPE" speed="13.51" pos="126.43" lane="1/2to1/1_0" slope="0.00"/>
    </timestep>
    <timestep time="457.00">
        <vehicle id="0" x="401.65" y="146.17" angle="180.00" type="DEFAULT_VEHTYPE" speed="13.53" pos="146.17" lane="2/0to2/1_0" slope="0.00"/>
        <vehicle id="10" x="609.70" y="601.65" angle="-90.00" type="DEFAULT_VEHTYPE" speed="2.35" pos="190.30" lane="4/3to3/3_0" slope="0.00"/>
        <vehicle id="11" x="398.35" y="684.47" angle="0.00" type="DEFAULT_VEHTYPE" speed="13.20" pos="115.53" lane="2/4to2/3_0" slope="0.00"/>
        <vehicle id="15" x="595.53" y="401.61" angle="-110.01" type="DEFAULT_VEHTYPE" speed="8.72" pos="2.89" lane=":3/2_18_0" slope="0.00"/>
        <vehicle id="16" x="401.65" y="790.70" angle="180.00" type="DEFAULT_VEHTYPE" speed="13.36" pos="185.95" lane="2/3to2/4_0" slope="0.00"/>
        <vehicle id="17" x="398.35" y="750.03" angle="0.00" type="DEFAULT_VEHTYPE" speed="12.98" pos="49.97" lane="2/4to2/3_0" slope="0.00"/>
        <vehicle id="18" x="263.15" y="198.35" angle="90.00" type="DEFAULT_VEHTYPE" speed="13.37" pos="58.40" lane="1/1to2/1_0" slope="0.00"/>
        <vehicle id="2" x="553.23" y="198.35" angle="90.00" type="DEFAULT_VEHTYPE" speed="13.59" pos="148.48" lane="2/1to3/1_0" slope="0.00"/>
        <vehicle id="24" x="201.65" y="439.07" angle="180.00" type="DEFAULT_VEHTYPE" speed="13.12" pos="34.32" lane="1/2to1/3_0" slope="0.00"/>
        <vehicle id="28" x="38.56" y="201.65" angle="-90.00" type="DEFAULT_VEHTYPE" speed="12.69" pos="156.69" lane="1/1to0/1_0" slope="0.00"/>
        <vehicle id="29" x="728.06" y="198.35" angle="90.00" type="DEFAULT_VEHTYPE" speed="13.38" pos="123.31" lane="3/1to4/1_0" slope="0.00"/>
        <vehicle id="3" x="401.65" y="4.32" angle="175.57" type="DEFAULT_VEHTYPE" speed="13.70" pos="4.32" lane="2/0to2/1_0" slope="0.00"/>
        <vehicle id="33" x="405.35" y="401.65" angle="-90.00" type="DEFAULT_VEHTYPE" speed="5.16" pos="189.90" lane="3/2to2/2_0" slope="0.00"/>
        <vehicle id="37" x="328.77" y="201.65" angle="-90.00" type="DEFAULT_VEHTYPE" speed="13.08" pos="66.48" lane="2/1to1/1_0" slope="0.00"/>
        <vehicle id="39" x="598.35" y="548.94" angle="0.00" type="DEFAULT_VEHTYPE" speed="13.61" pos="46.31" lane="3/3to3/2_0" slope="0.00"/>
        <vehicle id="40" x="9.47" y="198.35" angle="90.00" type="DEFAULT_VEHTYPE" speed="12.90" pos="9.47" lane="0/1to1/1_0" slope="0.00"/>
        <vehicle id="42" x="201.65" y="530.48" angle="180.00" type="DEFAULT_VEHTYPE" speed="13.51" pos="125.73" lane="1/2to1/3_0" slope="0.00"/>
        <vehicle id="43" x="255.90" y="201.65" angle="-90.00" type="DEFAULT_VEHTYPE" speed="13.42" pos="139.35" lane="2/1to1/1_0" slope="0.00"/>
        <vehicle id="44" x="447.70" y="198.35" angle="90.00" type="DEFAULT_VEHTYPE" speed="13.02" pos="42.95" lane="2/1to3/1_0" slope="0.00"/>
        <vehicle id="48" x="189.85" y="198.35" angle="90.00" type="DEFAULT_VEHTYPE" speed="4.72" pos="189.85" lane="0/1to1/1_0" slope="0.00"/>
        <vehicle id="49" x="203.06" y="401.65" angle="-90.00" type="DEFAULT_VEHTYPE" speed="7.21" pos="1.69" lane=":1/2_5_0" slope="0.00"/>
        <vehicle id="5" x="201.65" y="249.50" angle="180.00" type="DEFAULT_VEHTYPE" speed="12.81" pos="44.75" lane="1/1to1/2_0" slope="0.00"/>
        <vehicle id="6" x="398.35" y="233.94" angle="0.00" type="DEFAULT_VEHTYPE" speed="13.76" pos="161.31" lane="2/2to2/1_0" slope="0.00"/>
        <vehicle id="7" x="275.66" y="598.35" angle="90.00" type="DEFAULT_VEHTYPE" speed="12.71" pos="70.91" lane="1/3to2/3_0" slope="0.00"/>
        <vehicle id="8" x="398.35" y="366.96" angle="0.00" type="DEFAULT_VEHTYPE" speed="11.59" pos="28.29" lane="2/2to2/1_0" slope="0.00"/>
        <vehicle id="9" x="198.35" y="255.12" angle="0.00" type="DEFAULT_VEHTYPE" speed="13.70" pos="140.13" lane="1/2to1/1_0" slope="0.00"/>
    </timestep>
    <timestep time="458.00">
        <vehicle id="0" x="401.65" y="159.45" angle="180.00" type="DEFAULT_VEHTYPE" speed="13.28" pos="159.45" lane="2/0to2/1_0" slope="0.00"/>
        <vehicle id="10" x="605.96" y="601.65" angle="-90.00" type="DEFAULT_VEHTYPE" speed="3.74" pos="194.04" lane="4/3to3/3_0" slope="0.00"/>
        <vehicle id="11" x="398.35" y="670.57" angle="0.00" type="DEFAULT_VEHTYPE" speed="13.90" pos="129.43" lane="2/4to2/3_0" slope="0.00"/>
        <vehicle id="15" x="584.71" y="401.65" angle="-90.00" type="DEFAULT_VEHTYPE" speed="10.82" pos="10.54" lane="3/2to2/2_0" slope="0.00"/>
        <vehicle id="16" x="398.71" y="800.54" angle="-114.95" type="DEFAULT_VEHTYPE" speed="13.47" pos="4.17" lane=":2/4_0_0" slope="0.00"/>
        <vehicle id="17" x="398.35" y="736.46" angle="0.00" type="DEFAULT_VEHTYPE" speed="13.57" pos="63.54" lane="2/4to2/3_0" slope="0.00"/>
        <vehicle id="18" x="275.91" y="198.35" angle="90.00" type="DEFAULT_VEHTYPE" speed="12.76" pos="71.16" lane="1/1to2/1_0" slope="0.00"/>
        <vehicle id="2" x="566.00" y="198.35" angle="90.00" type="DEFAULT_VEHTYPE" speed="12.78" pos="161.25" lane="2/1to3/1_0" slope="0.00"/>
        <vehicle id="24" x="201.65" y="451.68" angle="180.00" type="DEFAULT_VEHTYPE" speed="12.62" pos="46.93" lane="1/2to1/3_0" slope="0.00"/>
        <vehicle id="28" x="25.37" y="201.65" angle="-90.00" type="DEFAULT_VEHTYPE" speed="13.19" pos="169.88" lane="1/1to0/1_0" slope="0.00"/>
        <vehicle id="29" x="741.09" y="198.35" angle="90.00" type="DEFAULT_VEHTYPE" speed="13.02" pos="136.34" lane="3/1to4/1_0" slope="0.00"/>
        <vehicle id="3" x="401.65" y="17.73" angle="180.00" type="DEFAULT_VEHTYPE" speed="13.41" pos="17.73" lane="2/0to2/1_0" slope="0.00"/>
        <vehicle id="33" x="399.08" y="398.60" angle="-54.03" type="DEFAULT_VEHTYPE" speed="7.45" pos="6.85" lane=":2/2_6_0" slope="0.00"/>
        <vehicle id="37" x="315.39" y="201.65" angle="-90.00" type="DEFAULT_VEHTYPE" speed="13.38" pos="79.86" lane="2/1to1/1_0" slope="0.00"/>
        <vehicle id="39" x="598.35" y="535.40" angle="0.00" type="DEFAULT_VEHTYPE" speed="13.54" pos="59.85" lane="3/3to3/2_0" slope="0.00"/>
        <vehicle id="40" x="23.08" y="198.35" angle="90.00" type="DEFAULT_VEHTYPE" speed="13.61" pos="23.08" lane="0/1to1/1_0" slope="0.00"/>
        <vehicle id="42" x="201.65" y="544.08" angle="180.00" type="DEFAULT_VEHTYPE" speed="13.60" pos="139.33" lane="1/2to1/3_0" slope="0.00"/>
        <vehicle id="43" x="243.04" y="201.65" angle="-90.00" type="DEFAULT_VEHTYPE" speed="12.86" pos="152.21" lane="2/1to1/1_0" slope="0.00"/>
        <vehicle id="44" x="461.38" y="198.35" angle="90.00" type="DEFAULT_VEHTYPE" speed="13.68" pos="56.63" lane="2/1to3/1_0" slope="0.00"/>
        <vehicle id="48" x="196.61" y="198.16" angle="87.81" type="DEFAULT_VEHTYPE" speed="6.77" pos="1.38" lane=":1/1_12_0" slope="0.00"/>
        <vehicle id="49" x="193.42" y="401.65" angle="-90.00" type="DEFAULT_VEHTYPE" speed="9.64" pos="1.83" lane="1/2to0/2_0" slope="0.00"/>
        <vehicle id="5" x="201.65" y="263.05" angle="180.00" type="DEFAULT_VEHTYPE" speed="13.56" pos="58.30" lane="1/1to1/2_0" slope="0.00"/>
        <vehicle id="6" x="398.35" y="220.28" angle="0.00" type="DEFAULT_VEHTYPE" speed="13.66" pos="174.97" lane="2/2to2/1_0" slope="0.00"/>
        <vehicle id="7" x="289.28" y="598.35" angle="90.00" type="DEFAULT_VEHTYPE" speed="13.62" pos="84.53" lane="1/3to2/3_0" slope="0.00"/>
        <vehicle id="8" x="398.35" y="353.42" angle="0.00" type="DEFAULT_VEHTYPE" speed="13.53" pos="41.83" lane="2/2to2/1_0" slope="0.00"/>
        <vehicle id="9" x="198.35" y="242.09" angle="0.00" type="DEFAULT_VEHTYPE" speed="13.02" pos="153.16" lane="1/2to1/1_0" slope="0.00"/>
    </timestep>
    <timestep time="459.00">
        <vehicle id="0" x="401.65" y="172.54" angle="180.00" type="DEFAULT_VEHTYPE" speed="13.10" pos="172.54" lane="2/0to2/1_0" slope="0.00"/>
        <vehicle id="10" x="601.05" y="600.71" angle="-78.94" type="DEFAULT_VEHTYPE" speed="5.09" pos="3.88" lane=":3/3_6_0" slope="0.00"/>
        <vehicle id="11" x="398.35" y="657.60" angle="0.00" type="DEFAULT_VEHTYPE" speed="12.97" pos="142.40" lane="2/4to2/3_0" slope="0.00"/>
        <vehicle id="15" x="572.08" y="401.65" angle="-90.00" type="DEFAULT_VEHTYPE" speed="12.63" pos="23.17" lane="3/2to2/2_0" slope="0.00"/>
        <vehicle id="16" x="398.35" y="787.02" angle="0.00" type="DEFAULT_VEHTYPE" speed="13.63" pos="12.98" lane="2/4to2/3_0" slope="0.00"/>
        <vehicle id="17" x="398.35" y="723.50" angle="0.00" type="DEFAULT_VEHTYPE" speed="12.96" pos="76.50" lane="2/4to2/3_0" slope="0.00"/>
        <vehicle id="18" x="289.22" y="198.35" angle="90.00" type="DEFAULT_VEHTYPE" speed="13.31" pos="84.47" lane="1/1to2/1_0" slope="0.00"/>
        <vehicle id="2" x="576.51" y="198.35" angle="90.00" type="DEFAULT_VEHTYPE" speed="10.50" pos="171.76" lane="2/1to3/1_0" slope="0.00"/>
        <vehicle id="24" x="201.65" y="465.26" angle="180.00" type="DEFAULT_VEHTYPE" speed="13.58" pos="60.51" lane="1/2to1/3_0" slope="0.00"/>
        <vehicle id="28" x="12.06" y="201.65" angle="-90.00" type="DEFAULT_VEHTYPE" speed="13.32" pos="183.19" lane="1/1to0/1_0" slope="0.00"/>
        <vehicle id="29" x="754.59" y="198.35" angle="90.00" type="DEFAULT_VEHTYPE" speed="13.51" pos="149.84" lane="3/1to4/1_0" slope="0.00"/>
        <vehicle id="3" x="401.65" y="31.02" angle="180.00" type="DEFAULT_VEHTYPE" speed="13.29" pos="31.02" lane="2/0to2/1_0" slope="0.00"/>
        <vehicle id="33" x="398.35" y="389.85" angle="0.00" type="DEFAULT_VEHTYPE" speed="8.87" pos="5.40" lane="2/2to2/1_0" slope="0.00"/>
        <vehicle id="37" x="301.63" y="201.65" angle="-90.00" type="DEFAULT_VEHTYPE" speed="13.76" pos="93.62" lane="2/1to1/1_0" slope="0.00"/>
        <vehicle id="39" x="598.35" y="522.32" angle="0.00" type="DEFAULT_VEHTYPE" speed="13.09" pos="72.93" lane="3/3to3/2_0" slope="0.00"/>
        <vehicle id="40" x="35.96" y="198.35" angle="90.00" type="DEFAULT_VEHTYPE" speed="12.88" pos="35.96" lane="0/1to1/1_0" slope="0.00"/>
        <vehicle id="42" x="201.65" y="557.71" angle="180.00" type="DEFAULT_VEHTYPE" speed="13.63" pos="152.96" lane="1/2to1/3_0" slope="0.00"/>
        <vehicle id="43" x="229.70" y="201.65" angle="-90.00" type="DEFAULT_VEHTYPE" speed="13.34" pos="165.55" lane="2/1to1/1_0" slope="0.00"/>
        <vehicle id="44" x="474.43" y="198.35" angle="90.00" type="DEFAULT_VEHTYPE" speed="13.05" pos="69.68" lane="2/1to3/1_0" slope="0.00"/>
        <vehicle id="48" x="198.35" y="190.05" angle="0.00" type="DEFAULT_VEHTYPE" speed="8.82" pos="5.20" lane="1/1to1/0_0" slope="0.00"/>
        <vehicle id="49" x="182.14" y="401.65" angle="-90.00" type="DEFAULT_VEHTYPE" speed="11.28" pos="13.11" lane="1/2to0/2_0" slope="0.00"/>
        <vehicle id="5" x="201.65" y="276.70" angle="180.00" type="DEFAULT_VEHTYPE" speed="13.65" pos="71.95" lane="1/1to1/2_0" slope="0.00"/>
        <vehicle id="6" x="398.35" y="206.90" angle="0.00" type="DEFAULT_VEHTYPE" speed="13.39" pos="188.35" lane="2/2to2/1_0" slope="0.00"/>
        <vehicle id="7" x="302.96" y="598.35" angle="90.00" type="DEFAULT_VEHTYPE" speed="13.67" pos="98.21" lane="1/3to2/3_0" slope="0.00"/>
        <vehicle id="8" x="398.35" y="340.26" angle="0.00" type="DEFAULT_VEHTYPE" speed="13.17" pos="54.99" lane="2/2to2/1_0" slope="0.00"/>
        <vehicle id="9" x="198.35" y="228.21" angle="0.00" type="DEFAULT_VEHTYPE" speed="13.88" pos="167.04" lane="1/2to1/1_0" slope="0.00"/>
    </timestep>
    <timestep time="460.00">
        <vehicle id="0" x="401.65" y="185.99" angle="180.00" type="DEFAULT_VEHTYPE" speed="13.45" pos="185.99" lane="2/0to2/1_0" slope="0.00"/>
        <vehicle id="10" x="598.35" y="594.43" angle="-12.93" type="DEFAULT_VEHTYPE" speed="7.26" pos="0.82" lane="3/3to3/2_0" slope="0.00"/>
        <vehicle id="11" x="398.35" y="643.80" angle="0.00" type="DEFAULT_VEHTYPE" speed="13.80" pos="156.20" lane="2/4to2/3_0" slope="0.00"/>
        <vehicle id="15" x="558.49" y="401.65" angle="-90.00" type="DEFAULT_VEHTYPE" speed="13.59" pos="36.76" lane="3/2to2/2_0" slope="0.00"/>
        <vehicle id="16" x="398.35" y="773.53" angle="0.00" type="DEFAULT_VEHTYPE" speed="13.49" pos="26.47" lane="2/4to2/3_0" slope="0.00"/>
        <vehicle id="17" x="398.35" y="710.08" angle="0.00" type="DEFAULT_VEHTYPE" speed="13.41" pos="89.92" lane="2/4to2/3_0" slope="0.00"/>
        <vehicle id="18" x="302.10" y="198.35" angle="90.00" type="DEFAULT_VEHTYPE" speed="12.88" pos="97.35" lane="1/1to2/1_0" slope="0.00"/>
        <vehicle id="2" x="583.70" y="198.35" angle="90.00" type="DEFAULT_VEHTYPE" speed="7.20" pos="178.95" lane="2/1to3/1_0" slope="0.00"/>
        <vehicle id="24" x="201.65" y="478.79" angle="180.00" type="DEFAULT_VEHTYPE" speed="13.53" pos="74.04" lane="1/2to1/3_0" slope="0.00"/>
        <vehicle id="28" x="-0.51" y="201.31" angle="-86.03" type="DEFAULT_VEHTYPE" speed="12.67" pos="0.62" lane=":0/1_0_0" slope="0.00"/>
        <vehicle id="29" x="767.87" y="198.35" angle="90.00" type="DEFAULT_VEHTYPE" speed="13.28" pos="163.12" lane="3/1to4/1_0" slope="0.00"/>
        <vehicle id="3" x="401.65" y="44.70" angle="180.00" type="DEFAULT_VEHTYPE" speed="13.68" pos="44.70" lane="2/0to2/1_0" slope="0.00"/>
        <vehicle id="33" x="398.35" y="378.93" angle="0.00" type="DEFAULT_VEHTYPE" speed="10.93" pos="16.32" lane="2/2to2/1_0" slope="0.00"/>
        <vehicle id="37" x="288.13" y="201.65" angle="-90.00" type="DEFAULT_VEHTYPE" speed="13.51" pos="107.12" lane="2/1to1/1_0" slope="0.00"/>
        <vehicle id="39" x="598.35" y="508.58" angle="0.00" type="DEFAULT_VEHTYPE" speed="13.74" pos="86.67" lane="3/3to3/2_0" slope="0.00"/>
        <vehicle id="40" x="48.61" y="198.35" angle="90.00" type="DEFAULT_VEHTYPE" speed="12.65" pos="48.61" lane="0/1to1/1_0" slope="0.00"/>
        <vehicle id="42" x="201.65" y="571.37" angle="180.00" type="DEFAULT_VEHTYPE" speed="13.66" pos="166.62" lane="1/2to1/3_0" slope="0.00"/>
        <vehicle id="43" x="219.76" y="201.65" angle="-90.00" type="DEFAULT_VEHTYPE" speed="9.94" pos="175.49" lane="2/1to1/1_0" slope="0.00"/>
        <vehicle id="44" x="488.28" y="198.35" angle="90.00" type="DEFAULT_VEHTYPE" speed="13.85" pos="83.53" lane="2/1to3/1_0" slope="0.00"/>
        <vehicle id="48" x="198.35" y="179.51" angle="0.00" type="DEFAULT_VEHTYPE" speed="10.55" pos="15.74" lane="1/1to1/0_0" slope="0.00"/>
        <vehicle id="49" x="168.27" y="401.65" angle="-90.00" type="DEFAULT_VEHTYPE" speed="13.87" pos="26.98" lane="1/2to0/2_0" slope="0.00"/>
        <vehicle id="5" x="201.65" y="290.16" angle="180.00" type="DEFAULT_VEHTYPE" speed="13.45" pos="85.41" lane="1/1to1/2_0" slope="0.00"/>
        <vehicle id="6" x="389.16" y="201.65" angle="-90.00" type="DEFAULT_VEHTYPE" speed="13.24" pos="6.09" lane="2/1to1/1_0" slope="0.00"/>
        <vehicle id="7" x="316.82" y="598.35" angle="90.00" type="DEFAULT_VEHTYPE" speed="13.86" pos="112.07" lane="1/3to2/3_0" slope="0.00"/>
        <vehicle id="8" x="398.35" y="326.52" angle="0.00" type="DEFAULT_VEHTYPE" speed="13.74" pos="68.73" lane="2/2to2/1_0" slope="0.00"/>
        <vehicle id="9" x="198.35" y="214.89" angle="0.00" type="DEFAULT_VEHTYPE" speed="13.32" pos="180.36" lane="1/2to1/1_0" slope="0.00"/>
    </timestep>
    <timestep time="461.00">
        <vehicle id="0" x="404.18" y="198.27" angle="145.00" type="DEFAULT_VEHTYPE" speed="13.68" pos="4.42" lane=":2/1_8_0" slope="0.00"/>
        <vehicle id="10" x="598.35" y="585.29" angle="0.00" type="DEFAULT_VEHTYPE" speed="9.15" pos="9.96" lane="3/3to3/2_0" slope="0.00"/>
        <vehicle id="11" x="398.35" y="630.44" angle="0.00" type="DEFAULT_VEHTYPE" speed="13.36" pos="169.56" lane="2/4to2/3_0" slope="0.00"/>
        <vehicle id="15" x="545.43" y="401.65" angle="-90.00" type="DEFAULT_VEHTYPE" speed="13.06" pos="49.82" lane="3/2to2/2_0" slope="0.00"/>
        <vehicle id="16" x="398.35" y="760.82" angle="0.00" type="DEFAULT_VEHTYPE" speed="12.70" pos="39.18" lane="2/4to2/3_0" slope="0.00"/>
        <vehicle id="17" x="398.35" y="696.41" angle="0.00" type="DEFAULT_VEHTYPE" speed="13.68" pos="103.59" lane="2/4to2/3_0" slope="0.00"/>
        <vehicle id="18" x="314.97" y="198.35" angle="90.00" type="DEFAULT_VEHTYPE" speed="12.87" pos="110.22" lane="1/1to2/1_0" slope="0.00"/>
        <vehicle id="2" x="588.75" y="198.35" angle="90.00" type="DEFAULT_VEHTYPE" speed="5.05" pos="184.00" lane="2/1to3/1_0" slope="0.00"/>
        <vehicle id="24" x="201.65" y="491.88" angle="180.00" type="DEFAULT_VEHTYPE" speed="13.09" pos="87.13" lane="1/2to1/3_0" slope="0.00"/>
        <vehicle id="28" x="9.59" y="198.35" angle="90.00" type="DEFAULT_VEHTYPE" speed="13.79" pos="9.59" lane="0/1to1/1_0" slope="0.00"/>
        <vehicle id="29" x="781.77" y="198.35" angle="90.00" type="DEFAULT_VEHTYPE" speed="13.90" pos="177.02" lane="3/1to4/1_0" slope="0.00"/>
        <vehicle id="3" x="401.65" y="58.14" angle="180.00" type="DEFAULT_VEHTYPE" speed="13.45" pos="58.14" lane="2/0to2/1_0" slope="0.00"/>
        <vehicle id="33" x="398.35" y="365.93" angle="0.00" type="DEFAULT_VEHTYPE" speed="12.99" pos="29.32" lane="2/2to2/1_0" slope="0.00"/>
        <vehicle id="37" x="274.33" y="201.65" angle="-90.00" type="DEFAULT_VEHTYPE" speed="13.80" pos="120.92" lane="2/1to1/1_0" slope="0.00"/>
        <vehicle id="39" x="598.35" y="495.55" angle="0.00" type="DEFAULT_VEHTYPE" speed="13.03" pos="99.70" lane="3/3to3/2_0" slope="0.00"/>
        <vehicle id="40" x="61.91" y="198.35" angle="90.00" type="DEFAULT_VEHTYPE" speed="13.30" pos="61.91" lane="0/1to1/1_0" slope="0.00"/>
        <vehicle id="42" x="201.65" y="584.08" angle="180.00" type="DEFAULT_VEHTYPE" speed="12.71" pos="179.33" lane="1/2to1/3_0" slope="0.00"/>
        <vehicle id="43" x="213.18" y="201.65" angle="-90.00" type="DEFAULT_VEHTYPE" speed="6.58" pos="182.07" lane="2/1to1/1_0" slope="0.00"/>
        <vehicle id="44" x="501.27" y="198.35" angle="90.00" type="DEFAULT_VEHTYPE" speed="12.99" pos="96.52" lane="2/1to3/1_0" slope="0.00"/>
        <vehicle id="48" x="198.35" y="166.79" angle="0.00" type="DEFAULT_VEHTYPE" speed="12.72" pos="28.46" lane="1/1to1/0_0" slope="0.00"/>
        <vehicle id="49" x="155.54" y="401.65" angle="-90.00" type="DEFAULT_VEHTYPE" speed="12.73" pos="39.71" lane="1/2to0/2_0" slope="0.00"/>
        <vehicle id="5" x="201.65" y="303.00" angle="180.00" type="DEFAULT_VEHTYPE" speed="12.84" pos="98.25" lane="1/1to1/2_0" slope="0.00"/>
        <vehicle id="6" x="375.67" y="201.65" angle="-90.00" type="DEFAULT_VEHTYPE" speed="13.49" pos="19.58" lane="2/1to1/1_0" slope="0.00"/>
        <vehicle id="7" x="330.14" y="598.35" angle="90.00" type="DEFAULT_VEHTYPE" speed="13.32" pos="125.39" lane="1/3to2/3_0" slope="0.00"/>
        <vehicle id="8" x="398.35" y="313.11" angle="0.00" type="DEFAULT_VEHTYPE" speed="13.41" pos="82.14" lane="2/2to2/1_0" slope="0.00"/>
        <vehicle id="9" x="196.74" y="201.92" angle="-20.23" type="DEFAULT_VEHTYPE" speed="13.61" pos="3.47" lane=":1/1_0_0" slope="0.00"/>
    </timestep>
    <timestep time="462.00">
        <vehicle id="0" x="417.96" y="198.35" angle="90.00" type="DEFAULT_VEHTYPE" speed="13.79" pos="13.21" lane="2/1to3/1_0" slope="0.00"/>
        <vehicle id="10" x="598.35" y="574.69" angle="0.00" type="DEFAULT_VEHTYPE" speed="10.59" pos="20.56" lane="3/3to3/2_0" slope="0.00"/>
        <vehicle id="11" x="398.35" y="617.09" angle="0.00" type="DEFAULT_VEHTYPE" speed="13.35" pos="182.91" lane="2/4to2/3_0" slope="0.00"/>
        <vehicle id="15" x="532.67" y="401.65" angle="-90.00" type="DEFAULT_VEHTYPE" speed="12.76" pos="62.58" lane="3/2to2/2_0" slope="0.00"/>
        <vehicle id="16" x="398.35" y="746.96" angle="0.00" type="DEFAULT_VEHTYPE" speed="13.86" pos="53.04" lane="2/4to2/3_0" slope="0.00"/>
        <vehicle id="17" x="398.35" y="683.50" angle="0.00" type="DEFAULT_VEHTYPE" speed="12.90" pos="116.50" lane="2/4to2/3_0" slope="0.00"/>
        <vehicle id="18" x="327.89" y="198.35" angle="90.00" type="DEFAULT_VEHTYPE" speed="12.92" pos="123.14" lane="1/1to2/1_0" slope="0.00"/>
        <vehicle id="2" x="595.19" y="198.35" angle="90.00" type="DEFAULT_VEHTYPE" speed="6.44" pos="190.44" lane="2/1to3/1_0" slope="0.00"/>
        <vehicle id="24" x="201.65" y="505.74" angle="180.00" type="DEFAULT_VEHTYPE" speed="13.86" pos="100.99" lane="1/2to1/3_0" slope="0.00"/>
        <vehicle id="28" x="22.52" y="198.35" angle="90.00" type="DEFAULT_VEHTYPE" speed="12.93" pos="22.52" lane="0/1to1/1_0" slope="0.00"/>
        <vehicle id="29" x="795.30" y="198.35" angle="90.00" type="DEFAULT_VEHTYPE" speed="13.53" pos="190.55" lane="3/1to4/1_0" slope="0.00"/>
        <vehicle id="3" x="401.65" y="70.86" angle="180.00" type="DEFAULT_VEHTYPE" speed="12.72" pos="70.86" lane="2/0to2/1_0" slope="0.00"/>
        <vehicle id="33" x="398.35" y="352.49" angle="0.00" type="DEFAULT_VEHTYPE" speed="13.44" pos="42.76" lane="2/2to2/1_0" slope="0.00"/>
        <vehicle id="37" x="260.82" y="201.65" angle="-90.00" type="DEFAULT_VEHTYPE" speed="13.51" pos="134.43" lane="2/1to1/1_0" slope="0.00"/>
        <vehicle id="39" x="598.35" y="482.90" angle="0.00" type="DEFAULT_VEHTYPE" speed="12.65" pos="112.35" lane="3/3to3/2_0" slope="0.00"/>
        <vehicle id="40" x="75.34" y="198.35" angle="90.00" type="DEFAULT_VEHTYPE" speed="13.43" pos="75.34" lane="0/1to1/1_0" slope="0.00"/>
        <vehicle id="42" x="201.95" y="596.80" angle="176.49" type="DEFAULT_VEHTYPE" speed="12.76" pos="1.59" lane=":1/3_8_0" slope="0.00"/>
        <vehicle id="43" x="209.74" y="201.65" angle="-90.00" type="DEFAULT_VEHTYPE" speed="3.44" pos="185.51" lane="2/1to1/1_0" slope="0.00"/>
        <vehicle id="44" x="513.99" y="198.35" angle="90.00" type="DEFAULT_VEHTYPE" speed="12.72" pos="109.24" lane="2/1to3/1_0" slope="0.00"/>
        <vehicle id="48" x="198.35" y="153.74" angle="0.00" type="DEFAULT_VEHTYPE" speed="13.04" pos="41.51" lane="1/1to1/0_0" slope="0.00"/>
        <vehicle id="49" x="142.71" y="401.65" angle="-90.00" type="DEFAULT_VEHTYPE" speed="12.83" pos="52.54" lane="1/2to0/2_0" slope="0.00"/>
        <vehicle id="5" x="201.65" y="316.55" angle="180.00" type="DEFAULT_VEHTYPE" speed="13.55" pos="111.80" lane="1/1to1/2_0" slope="0.00"/>
        <vehicle id="6" x="362.53" y="201.65" angle="-90.00" type="DEFAULT_VEHTYPE" speed="13.14" pos="32.72" lane="2/1to1/1_0" slope="0.00"/>
        <vehicle id="7" x="342.94" y="598.35" angle="90.00" type="DEFAULT_VEHTYPE" speed="12.81" pos="138.19" lane="1/3to2/3_0" slope="0.00"/>
        <vehicle id="8" x="398.35" y="299.94" angle="0.00" type="DEFAULT_VEHTYPE" speed="13.17" pos="95.31" lane="2/2to2/1_0" slope="0.00"/>
        <vehicle id="9" x="183.94" y="201.65" angle="-90.00" type="DEFAULT_VEHTYPE" speed="12.83" pos="11.31" lane="1/1to0/1_0" slope="0.00"/>
    </timestep>
    <timestep time="463.00">
        <vehicle id="0" x="430.70" y="198.35" angle="90.00" type="DEFAULT_VEHTYPE" speed="12.74" pos="25.95" lane="2/1to3/1_0" slope="0.00"/>
        <vehicle id="10" x="598.35" y="562.52" angle="0.00" type="DEFAULT_VEHTYPE" speed="12.18" pos="32.73" lane="3/3to3/2_0" slope="0.00"/>
        <vehicle id="11" x="398.35" y="603.69" angle="0.00" type="DEFAULT_VEHTYPE" speed="13.40" pos="1.06" lane=":2/3_1_0" slope="0.00"/>
        <vehicle id="15" x="519.07" y="401.65" angle="-90.00" type="DEFAULT_VEHTYPE" speed="13.60" pos="76.18" lane="3/2to2/2_0" slope="0.00"/>
        <vehicle id="16" x="398.35" y="733.36" angle="0.00" type="DEFAULT_VEHTYPE" speed="13.61" pos="66.64" lane="2/4to2/3_0" slope="0.00"/>
        <vehicle id="17" x="398.35" y="670.67" angle="0.00" type="DEFAULT_VEHTYPE" speed="12.84" pos="129.33" lane="2/4to2/3_0" slope="0.00"/>
        <vehicle id="18" x="340.74" y="198.35" angle="90.00" type="DEFAULT_VEHTYPE" speed="12.84" pos="135.99" lane="1/1to2/1_0" slope="0.00"/>
        <vehicle id="2" x="601.33" y="202.53" angle="139.94" type="DEFAULT_VEHTYPE" speed="8.14" pos="8.08" lane=":3/1_14_0" slope="0.00"/>
        <vehicle id="24" x="201.65" y="519.35" angle="180.00" type="DEFAULT_VEHTYPE" speed="13.61" pos="114.60" lane="1/2to1/3_0" slope="0.00"/>
        <vehicle id="28" x="36.01" y="198.35" angle="90.00" type="DEFAULT_VEHTYPE" speed="13.49" pos="36.01" lane="0/1to1/1_0" slope="0.00"/>
        <vehicle id="29" x="795.83" y="201.65" angle="-95.40" type="DEFAULT_VEHTYPE" speed="13.69" pos="4.17" lane="4/1to3/1_0" slope="0.00"/>
        <vehicle id="3" x="401.65" y="83.65" angle="180.00" type="DEFAULT_VEHTYPE" speed="12.79" pos="83.65" lane="2/0to2/1_0" slope="0.00"/>
        <vehicle id="33" x="398.35" y="338.98" angle="0.00" type="DEFAULT_VEHTYPE" speed="13.51" pos="56.27" lane="2/2to2/1_0" slope="0.00"/>
        <vehicle id="37" x="247.90" y="201.65" angle="-90.00" type="DEFAULT_VEHTYPE" speed="12.93" pos="147.35" lane="2/1to1/1_0" slope="0.00"/>
        <vehicle id="39" x="598.35" y="470.15" angle="0.00" type="DEFAULT_VEHTYPE" speed="12.75" pos="125.10" lane="3/3to3/2_0" slope="0.00"/>
        <vehicle id="40" x="88.82" y="198.35" angle="90.00" type="DEFAULT_VEHTYPE" speed="13.48" pos="88.82" lane="0/1to1/1_0" slope="0.00"/>
        <vehicle id="42" x="215.07" y="598.35" angle="90.00" type="DEFAULT_VEHTYPE" speed="13.73" pos="10.32" lane="1/3to2/3_0" slope="0.00"/>
        <vehicle id="43" x="204.55" y="201.68" angle="-90.31" type="DEFAULT_VEHTYPE" speed="5.19" pos="0.20" lane=":1/1_4_0" slope="0.00"/>
        <vehicle id="44" x="527.62" y="198.35" angle="90.00" type="DEFAULT_VEHTYPE" speed="13.63" pos="122.87" lane="2/1to3/1_0" slope="0.00"/>
        <vehicle id="48" x="198.35" y="140.58" angle="0.00" type="DEFAULT_VEHTYPE" speed="13.17" pos="54.67" lane="1/1to1/0_0" slope="0.00"/>
        <vehicle id="49" x="129.05" y="401.65" angle="-90.00" type="DEFAULT_VEHTYPE" speed="13.66" pos="66.20" lane="1/2to0/2_0" slope="0.00"/>
        <vehicle id="5" x="201.65" y="329.73" angle="180.00" type="DEFAULT_VEHTYPE" speed="13.18" pos="124.98" lane="1/1to1/2_0" slope="0.00"/>
        <vehicle id="6" x="349.25" y="201.65" angle="-90.00" type="DEFAULT_VEHTYPE" speed="13.27" pos="46.00" lane="2/1to1/1_0" slope="0.00"/>
        <vehicle id="7" x="355.98" y="598.35" angle="90.00" type="DEFAULT_VEHTYPE" speed="13.03" pos="151.23" lane="1/3to2/3_0" slope="0.00"/>
        <vehicle id="8" x="398.35" y="287.30" angle="0.00" type="DEFAULT_VEHTYPE" speed="12.64" pos="107.95" lane="2/2to2/1_0" slope="0.00"/>
        <vehicle id="9" x="170.33" y="201.65" angle="-90.00" type="DEFAULT_VEHTYPE" speed="13.62" pos="24.92" lane="1/1to0/1_0" slope="0.00"/>
    </timestep>
    <timestep time="464.00">
        <vehicle id="0" x="443.36" y="198.35" angle="90.00" type="DEFAULT_VEHTYPE" speed="12.66" pos="38.61" lane="2/1to3/1_0" slope="0.00"/>
        <vehicle id="10" x="598.35" y="549.81" angle="0.00" type="DEFAULT_VEHTYPE" speed="12.71" pos="45.44" lane="3/3to3/2_0" slope="0.00"/>
        <vehicle id="11" x="398.35" y="590.94" angle="0.00" type="DEFAULT_VEHTYPE" speed="12.76" pos="4.31" lane="2/3to2/2_0" slope="0.00"/>
        <vehicle id="15" x="506.22" y="401.65" angle="-90.00" type="DEFAULT_VEHTYPE" speed="12.85" pos="89.03" lane="3/2to2/2_0" slope="0.00"/>
        <vehicle id="16" x="398.35" y="719.72" angle="0.00" type="DEFAULT_VEHTYPE" speed="13.64" pos="80.28" lane="2/4to2/3_0" slope="0.00"/>
        <vehicle id="17" x="398.35" y="657.80" angle="0.00" type="DEFAULT_VEHTYPE" speed="12.87" pos="142.20" lane="2/4to2/3_0" slope="0.00"/>
        <vehicle id="18" x="353.34" y="198.35" angle="90.00" type="DEFAULT_VEHTYPE" speed="12.61" pos="148.59" lane="1/1to2/1_0" slope="0.00"/>
        <vehicle id="2" x="601.65" y="212.70" angle="180.00" type="DEFAULT_VEHTYPE" speed="10.19" pos="7.95" lane="3/1to3/2_0" slope="0.00"/>
        <vehicle id="24" x="201.65" y="532.67" angle="180.00" type="DEFAULT_VEHTYPE" speed="13.32" pos="127.92" lane="1/2to1/3_0" slope="0.00"/>
        <vehicle id="28" x="49.21" y="198.35" angle="90.00" type="DEFAULT_VEHTYPE" speed="13.19" pos="49.21" lane="0/1to1/1_0" slope="0.00"/>
        <vehicle id="29" x="782.41" y="201.65" angle="-90.00" type="DEFAULT_VEHTYPE" speed="13.42" pos="17.59" lane="4/1to3/1_0" slope="0.00"/>
        <vehicle id="3" x="401.65" y="97.53" angle="180.00" type="DEFAULT_VEHTYPE" speed="13.88" pos="97.53" lane="2/0to2/1_0" slope="0.00"/>
        <vehicle id="33" x="398.35" y="325.90" angle="0.00" type="DEFAULT_VEHTYPE" speed="13.08" pos="69.35" lane="2/2to2/1_0" slope="0.00"/>
        <vehicle id="37" x="235.21" y="201.65" angle="-90.00" type="DEFAULT_VEHTYPE" speed="12.69" pos="160.04" lane="2/1to1/1_0" slope="0.00"/>
        <vehicle id="39" x="598.35" y="456.38" angle="0.00" type="DEFAULT_VEHTYPE" speed="13.77" pos="138.87" lane="3/3to3/2_0" slope="0.00"/>
        <vehicle id="40" x="101.63" y="198.35" angle="90.00" type="DEFAULT_VEHTYPE" speed="12.81" pos="101.63" lane="0/1to1/1_0" slope="0.00"/>
        <vehicle id="42" x="228.51" y="598.35" angle="90.00" type="DEFAULT_VEHTYPE" speed="13.45" pos="23.76" lane="1/3to2/3_0" slope="0.00"/>
        <vehicle id="43" x="201.65" y="207.19" angle="-170.20" type="DEFAULT_VEHTYPE" speed="7.24" pos="2.44" lane="1/1to1/2_0" slope="0.00"/>
        <vehicle id="44" x="540.92" y="198.35" angle="90.00" type="DEFAULT_VEHTYPE" speed="13.29" pos="136.17" lane="2/1to3/1_0" slope="0.00"/>
        <vehicle id="48" x="198.35" y="126.92" angle="0.00" type="DEFAULT_VEHTYPE" speed="13.66" pos="68.33" lane="1/1to1/0_0" slope="0.00"/>
        <vehicle id="49" x="115.74" y="401.65" angle="-90.00" type="DEFAULT_VEHTYPE" speed="13.32" pos="79.51" lane="1/2to0/2_0" slope="0.00"/>
        <vehicle id="5" x="201.65" y="343.53" angle="180.00" type="DEFAULT_VEHTYPE" speed="13.80" pos="138.78" lane="1/1to1/2_0" slope="0.00"/>
        <vehicle id="6" x="336.04" y="201.65" angle="-90.00" type="DEFAULT_VEHTYPE" speed="13.21" pos="59.21" lane="2/1to1/1_0" slope="0.00"/>
        <vehicle id="7" x="368.99" y="598.35" angle="90.00" type="DEFAULT_VEHTYPE" speed="13.02" pos="164.24" lane="1/3to2/3_0" slope="0.00"/>
        <vehicle id="8" x="398.35" y="274.40" angle="0.00" type="DEFAULT_VEHTYPE" speed="12.90" pos="120.85" lane="2/2to2/1_0" slope="0.00"/>
        <vehicle id="9" x="156.51" y="201.65" angle="-90.00" type="DEFAULT_VEHTYPE" speed="13.81" pos="38.74" lane="1/1to0/1_0" slope="0.00"/>
    </timestep>
    <timestep time="465.00">
        <vehicle id="0" x="455.97" y="198.35" angle="90.00" type="DEFAULT_VEHTYPE" speed="12.61" pos="51.22" lane="2/1to3/1_0" slope="0.00"/>
        <vehicle id="10" x="598.35" y="536.67" angle="0.00" type="DEFAULT_VEHTYPE" speed="13.14" pos="58.58" lane="3/3to3/2_0" slope="0.00"/>
        <vehicle id="11" x="398.35" y="578.20" angle="0.00" type="DEFAULT_VEHTYPE" speed="12.73" pos="17.05" lane="2/3to2/2_0" slope="0.00"/>
        <vehicle id="15" x="493.39" y="401.65" angle="-90.00" type="DEFAULT_VEHTYPE" speed="12.82" pos="101.86" lane="3/2to2/2_0" slope="0.00"/>
        <vehicle id="16" x="398.35" y="706.93" angle="0.00" type="DEFAULT_VEHTYPE" speed="12.79" pos="93.07" lane="2/4to2/3_0" slope="0.00"/>
        <vehicle id="17" x="398.35" y="644.36" angle="0.00" type="DEFAULT_VEHTYPE" speed="13.44" pos="155.64" lane="2/4to2/3_0" slope="0.00"/>
        <vehicle id="18" x="366.42" y="198.35" angle="90.00" type="DEFAULT_VEHTYPE" speed="13.08" pos="161.67" lane="1/1to2/1_0" slope="0.00"/>
        <vehicle id="2" x="601.65" y="224.98" angle="180.00" type="DEFAULT_VEHTYPE" speed="12.28" pos="20.23" lane="3/1to3/2_0" slope="0.00"/>
        <vehicle id="24" x="201.65" y="545.67" angle="180.00" type="DEFAULT_VEHTYPE" speed="12.99" pos="140.92" lane="1/2to1/3_0" slope="0.00"/>
        <vehicle id="28" x="62.77" y="198.35" angle="90.00" type="DEFAULT_VEHTYPE" speed="13.56" pos="62.77" lane="0/1to1/1_0" slope="0.00"/>
        <vehicle id="29" x="768.63" y="201.65" angle="-90.00" type="DEFAULT_VEHTYPE" speed="13.78" pos="31.37" lane="4/1to3/1_0" slope="0.00"/>
        <vehicle id="3" x="401.65" y="110.35" angle="180.00" type="DEFAULT_VEHTYPE" speed="12.83" pos="110.35" lane="2/0to2/1_0" slope="0.00"/>
        <vehicle id="33" x="398.35" y="312.92" angle="0.00" type="DEFAULT_VEHTYPE" speed="12.98" pos="82.33" lane="2/2to2/1_0" slope="0.00"/>
        <vehicle id="37" x="224.51" y="201.65" angle="-90.00" type="DEFAULT_VEHTYPE" speed="10.70" pos="170.74" lane="2/1to1/1_0" slope="0.00"/>
        <vehicle id="39" x="598.35" y="442.52" angle="0.00" type="DEFAULT_VEHTYPE" speed="13.86" pos="152.73" lane="3/3to3/2_0" slope="0.00"/>
        <vehicle id="40" x="114.31" y="198.35" angle="90.00" type="DEFAULT_VEHTYPE" speed="12.67" pos="114.31" lane="0/1to1/1_0" slope="0.00"/>
        <vehicle id="42" x="242.38" y="598.35" angle="90.00" type="DEFAULT_VEHTYPE" speed="13.86" pos="37.63" lane="1/3to2/3_0" slope="0.00"/>
        <vehicle id="43" x="201.65" y="216.73" angle="180.00" type="DEFAULT_VEHTYPE" speed="9.54" pos="11.98" lane="1/1to1/2_0" slope="0.00"/>
        <vehicle id="44" x="554.59" y="198.35" angle="90.00" type="DEFAULT_VEHTYPE" speed="13.67" pos="149.84" lane="2/1to3/1_0" slope="0.00"/>
        <vehicle id="48" x="198.35" y="113.75" angle="0.00" type="DEFAULT_VEHTYPE" speed="13.18" pos="81.50" lane="1/1to1/0_0" slope="0.00"/>
        <vehicle id="49" x="102.02" y="401.65" angle="-90.00" type="DEFAULT_VEHTYPE" speed="13.71" pos="93.23" lane="1/2to0/2_0" slope="0.00"/>
        <vehicle id="5" x="201.65" y="357.31" angle="180.00" type="DEFAULT_VEHTYPE" speed="13.79" pos="152.56" lane="1/1to1/2_0" slope="0.00"/>
        <vehicle id="6" x="322.28" y="201.65" angle="-90.00" type="DEFAULT_VEHTYPE" speed="13.76" pos="72.97" lane="2/1to1/1_0" slope="0.00"/>
        <vehicle id="7" x="379.77" y="598.35" angle="90.00" type="DEFAULT_VEHTYPE" speed="10.78" pos="175.02" lane="1/3to2/3_0" slope="0.00"/>
        <vehicle id="8" x="398.35" y="261.41" angle="0.00" type="DEFAULT_VEHTYPE" speed="12.98" pos="133.84" lane="2/2to2/1_0" slope="0.00"/>
        <vehicle id="9" x="142.77" y="201.65" angle="-90.00" type="DEFAULT_VEHTYPE" speed="13.74" pos="52.48" lane="1/1to0/1_0" slope="0.00"/>
    </timestep>
    <timestep time="466.00">
        <vehicle id="0" x="469.15" y="198.35" angle="90.00" type="DEFAULT_VEHTYPE" speed="13.18" pos="64.40" lane="2/1to3/1_0" slope="0.00"/>
        <vehicle id="10" x="598.35" y="523.27" angle="0.00" type="DEFAULT_VEHTYPE" speed="13.40" pos="71.98" lane="3/3to3/2_0" slope="0.00"/>
        <vehicle id="11" x="398.35" y="564.90" angle="0.00" type="DEFAULT_VEHTYPE" speed="13.31" pos="30.35" lane="2/3to2/2_0" slope="0.00"/>
        <vehicle id="15" x="480.16" y="401.65" angle="-90.00" type="DEFAULT_VEHTYPE" speed="13.23" pos="115.09" lane="3/2to2/2_0" slope="0.00"/>
        <vehicle id="16" x="398.35" y="693.96" angle="0.00" type="DEFAULT_VEHTYPE" speed="12.96" pos="106.04" lane="2/4to2/3_0" slope="0.00"/>
        <vehicle id="17" x="398.35" y="631.17" angle="0.00" type="DEFAULT_VEHTYPE" speed="13.19" pos="168.83" lane="2/4to2/3_0" slope="0.00"/>
        <vehicle id="18" x="376.87" y="198.35" angle="90.00" type="DEFAULT_VEHTYPE" speed="10.45" pos="172.12" lane="1/1to2/1_0" slope="0.00"/>
        <vehicle id="2" x="601.65" y="238.72" angle="180.00" type="DEFAULT_VEHTYPE" speed="13.74" pos="33.97" lane="3/1to3/2_0" slope="0.00"/>
        <vehicle id="24" x="201.65" y="558.50" angle="180.00" type="DEFAULT_VEHTYPE" speed="12.83" pos="153.75" lane="1/2to1/3_0" slope="0.00"/>
        <vehicle id="28" x="75.62" y="198.35" angle="90.00" type="DEFAULT_VEHTYPE" speed="12.84" pos="75.62" lane="0/1to1/1_0" slope="0.00"/>
        <vehicle id="29" x="754.81" y="201.65" angle="-90.00" type="DEFAULT_VEHTYPE" speed="13.82" pos="45.19" lane="4/1to3/1_0" slope="0.00"/>
        <vehicle id="3" x="401.65" y="123.26" angle="180.00" type="DEFAULT_VEHTYPE" speed="12.90" pos="123.26" lane="2/0to2/1_0" slope="0.00"/>
        <vehicle id="33" x="398.35" y="299.68" angle="0.00" type="DEFAULT_VEHTYPE" speed="13.24" pos="95.57" lane="2/2to2/1_0" slope="0.00"/>
        <vehicle id="37" x="215.84" y="201.65" angle="-90.00" type="DEFAULT_VEHTYPE" speed="8.67" pos="179.41" lane="2/1to1/1_0" slope="0.00"/>
        <vehicle id="39" x="598.35" y="429.40" angle="0.00" type="DEFAULT_VEHTYPE" speed="13.12" pos="165.85" lane="3/3to3/2_0" slope="0.00"/>
        <vehicle id="40" x="128.20" y="198.35" angle="90.00" type="DEFAULT_VEHTYPE" speed="13.90" pos="128.20" lane="0/1to1/1_0" slope="0.00"/>
        <vehicle id="42" x="254.98" y="598.35" angle="90.00" type="DEFAULT_VEHTYPE" speed="12.60" pos="50.23" lane="1/3to2/3_0" slope="0.00"/>
        <vehicle id="43" x="201.65" y="227.75" angle="180.00" type="DEFAULT_VEHTYPE" speed="11.01" pos="23.00" lane="1/1to1/2_0" slope="0.00"/>
        <vehicle id="44" x="568.45" y="198.35" angle="90.00" type="DEFAULT_VEHTYPE" speed="13.86" pos="163.70" lane="2/1to3/1_0" slope="0.00"/>
        <vehicle id="48" x="198.35" y="100.45" angle="0.00" type="DEFAULT_VEHTYPE" speed="13.30" pos="94.80" lane="1/1to1/0_0" slope="0.00"/>
        <vehicle id="49" x="88.53" y="401.65" angle="-90.00" type="DEFAULT_VEHTYPE" speed="13.49" pos="106.72" lane="1/2to0/2_0" slope="0.00"/>
        <vehicle id="5" x="201.65" y="370.05" angle="180.00" type="DEFAULT_VEHTYPE" speed="12.74" pos="165.30" lane="1/1to1/2_0" slope="0.00"/>
        <vehicle id="6" x="309.17" y="201.65" angle="-90.00" type="DEFAULT_VEHTYPE" speed="13.10" pos="86.08" lane="2/1to1/1_0" slope="0.00"/>
        <vehicle id="7" x="386.05" y="598.35" angle="90.00" type="DEFAULT_VEHTYPE" speed="6.28" pos="181.30" lane="1/3to2/3_0" slope="0.00"/>
        <vehicle id="8" x="398.35" y="248.02" angle="0.00" type="DEFAULT_VEHTYPE" speed="13.40" pos="147.23" lane="2/2to2/1_0" slope="0.00"/>
        <vehicle id="9" x="129.12" y="201.65" angle="-90.00" type="DEFAULT_VEHTYPE" speed="13.65" pos="66.13" lane="1/1to0/1_0" slope="0.00"/>
    </timestep>
    <timestep time="467.00">
        <vehicle id="0" x="482.13" y="198.35" angle="90.00" type="DEFAULT_VEHTYPE" speed="12.98" pos="77.38" lane="2/1to3/1_0" slope="0.00"/>
        <vehicle id="10" x="598.35" y="509.71" angle="0.00" type="DEFAULT_VEHTYPE" speed="13.56" pos="85.54" lane="3/3to3/2_0" slope="0.00"/>
        <vehicle id="11" x="398.35" y="551.13" angle="0.00" type="DEFAULT_VEHTYPE" speed="13.77" pos="44.12" lane="2/3to2/2_0" slope="0.00"/>
        <vehicle id="15" x="467.41" y="401.65" angle="-90.00" type="DEFAULT_VEHTYPE" speed="12.75" pos="127.84" lane="3/2to2/2_0" slope="0.00"/>
        <vehicle id="16" x="398.35" y="680.12" angle="0.00" type="DEFAULT_VEHTYPE" speed="13.84" pos="119.88" lane="2/4to2/3_0" slope="0.00"/>
        <vehicle id="17" x="398.35" y="617.68" angle="0.00" type="DEFAULT_VEHTYPE" speed="13.49" pos="182.32" lane="2/4to2/3_0" slope="0.00"/>
        <vehicle id="18" x="383.87" y="198.35" angle="90.00" type="DEFAULT_VEHTYPE" speed="7.00" pos="179.12" lane="1/1to2/1_0" slope="0.00"/>
        <vehicle id="2" x="601.65" y="252.57" angle="180.00" type="DEFAULT_VEHTYPE" speed="13.85" pos="47.82" lane="3/1to3/2_0" slope="0.00"/>
        <vehicle id="24" x="201.65" y="572.32" angle="180.00" type="DEFAULT_VEHTYPE" speed="13.81" pos="167.57" lane="1/2to1/3_0" slope="0.00"/>
        <vehicle id="28" x="88.93" y="198.35" angle="90.00" type="DEFAULT_VEHTYPE" speed="13.31" pos="88.93" lane="0/1to1/1_0" slope="0.00"/>
        <vehicle id="29" x="742.07" y="201.65" angle="-90.00" type="DEFAULT_VEHTYPE" speed="12.75" pos="57.93" lane="4/1to3/1_0" slope="0.00"/>
        <vehicle id="3" x="401.65" y="136.86" angle="180.00" type="DEFAULT_VEHTYPE" speed="13.60" pos="136.86" lane="2/0to2/1_0" slope="0.00"/>
        <vehicle id="33" x="398.35" y="286.99" angle="0.00" type="DEFAULT_VEHTYPE" speed="12.69" pos="108.26" lane="2/2to2/1_0" slope="0.00"/>
        <vehicle id="37" x="211.68" y="201.65" angle="-90.00" type="DEFAULT_VEHTYPE" speed="4.17" pos="183.57" lane="2/1to1/1_0" slope="0.00"/>
        <vehicle id="39" x="598.35" y="415.51" angle="0.00" type="DEFAULT_VEHTYPE" speed="13.89" pos="179.74" lane="3/3to3/2_0" slope="0.00"/>
        <vehicle id="40" x="141.35" y="198.35" angle="90.00" type="DEFAULT_VEHTYPE" speed="13.15" pos="141.35" lane="0/1to1/1_0" slope="0.00"/>
        <vehicle id="42" x="268.09" y="598.35" angle="90.00" type="DEFAULT_VEHTYPE" speed="13.11" pos="63.34" lane="1/3to2/3_0" slope="0.00"/>
        <vehicle id="43" x="201.65" y="240.65" angle="180.00" type="DEFAULT_VEHTYPE" speed="12.91" pos="35.90" lane="1/1to1/2_0" slope="0.00"/>
        <vehicle id="44" x="578.30" y="198.35" angle="90.00" type="DEFAULT_VEHTYPE" speed="9.85" pos="173.55" lane="2/1to3/1_0" slope="0.00"/>
        <vehicle id="48" x="198.35" y="87.49" angle="0.00" type="DEFAULT_VEHTYPE" speed="12.96" pos="107.76" lane="1/1to1/0_0" slope="0.00"/>
        <vehicle id="49" x="75.28" y="401.65" angle="-90.00" type="DEFAULT_VEHTYPE" speed="13.25" pos="119.97" lane="1/2to0/2_0" slope="0.00"/>
        <vehicle id="5" x="201.65" y="383.73" angle="180.00" type="DEFAULT_VEHTYPE" speed="13.68" pos="178.98" lane="1/1to1/2_0" slope="0.00"/>
        <vehicle id="6" x="295.34" y="201.65" angle="-90.00" type="DEFAULT_VEHTYPE" speed="13.83" pos="99.91" lane="2/1to1/1_0" slope="0.00"/>
        <vehicle id="7" x="390.34" y="598.35" angle="90.00" type="DEFAULT_VEHTYPE" speed="4.28" pos="185.59" lane="1/3to2/3_0" slope="0.00"/>
        <vehicle id="8" x="398.35" y="234.99" angle="0.00" type="DEFAULT_VEHTYPE" speed="13.03" pos="160.26" lane="2/2to2/1_0" slope="0.00"/>
        <vehicle id="9" x="116.37" y="201.65" angle="-90.00" type="DEFAULT_VEHTYPE" speed="12.75" pos="78.88" lane="1/1to0/1_0" slope="0.00"/>
    </timestep>
    <timestep time="468.00">
        <vehicle id="0" x="495.47" y="198.35" angle="90.00" type="DEFAULT_VEHTYPE" speed="13.34" pos="90.72" lane="2/1to3/1_0" slope="0.00"/>
        <vehicle id="10" x="598.35" y="497.02" angle="0.00" type="DEFAULT_VEHTYPE" speed="12.70" pos="98.23" lane="3/3to3/2_0" slope="0.00"/>
        <vehicle id="11" x="398.35" y="538.40" angle="0.00" type="DEFAULT_VEHTYPE" speed="12.73" pos="56.85" lane="2/3to2/2_0" slope="0.00"/>
        <vehicle id="15" x="453.78" y="401.65" angle="-90.00" type="DEFAULT_VEHTYPE" speed="13.64" pos="141.47" lane="3/2to2/2_0" slope="0.00"/>
        <vehicle id="16" x="398.35" y="666.42" angle="0.00" type="DEFAULT_VEHTYPE" speed="13.69" pos="133.58" lane="2/4to2/3_0" slope="0.00"/>
        <vehicle id="17" x="398.35" y="605.03" angle="0.00" type="DEFAULT_VEHTYPE" speed="12.65" pos="194.97" lane="2/4to2/3_0" slope="0.00"/>
        <vehicle id="18" x="388.28" y="198.35" angle="90.00" type="DEFAULT_VEHTYPE" speed="4.41" pos="183.53" lane="1/1to2/1_0" slope="0.00"/>
        <vehicle id="2" x="601.65" y="265.89" angle="180.00" type="DEFAULT_VEHTYPE" speed="13.32" pos="61.14" lane="3/1to3/2_0" slope="0.00"/>
        <vehicle id="24" x="201.65" y="585.05" angle="180.00" type="DEFAULT_VEHTYPE" speed="12.73" pos="180.30" lane="1/2to1/3_0" slope="0.00"/>
        <vehicle id="28" x="102.68" y="198.35" angle="90.00" type="DEFAULT_VEHTYPE" speed="13.76" pos="102.68" lane="0/1to1/1_0" slope="0.00"/>
        <vehicle id="29" x="728.65" y="201.65" angle="-90.00" type="DEFAULT_VEHTYPE" speed="13.42" pos="71.35" lane="4/1to3/1_0" slope="0.00"/>
        <vehicle id="3" x="401.65" y="150.09" angle="180.00" type="DEFAULT_VEHTYPE" speed="13.24" pos="150.09" lane="2/0to2/1_0" slope="0.00"/>
        <vehicle id="33" x="398.35" y="273.68" angle="0.00" type="DEFAULT_VEHTYPE" speed="13.31" pos="121.57" lane="2/2to2/1_0" slope="0.00"/>
        <vehicle id="37" x="205.59" y="201.65" angle="-90.00" type="DEFAULT_VEHTYPE" speed="6.08" pos="189.66" lane="2/1to1/1_0" slope="0.00"/>
        <vehicle id="39" x="597.90" y="402.95" angle="-5.25" type="DEFAULT_VEHTYPE" speed="12.64" pos="1.88" lane=":3/2_0_0" slope="0.00"/>
        <vehicle id="40" x="155.04" y="198.35" angle="90.00" type="DEFAULT_VEHTYPE" speed="13.69" pos="155.04" lane="0/1to1/1_0" slope="0.00"/>
        <vehicle id="42" x="281.32" y="598.35" angle="90.00" type="DEFAULT_VEHTYPE" speed="13.23" pos="76.57" lane="1/3to2/3_0" slope="0.00"/>
        <vehicle id="43" x="201.65" y="254.10" angle="180.00" type="DEFAULT_VEHTYPE" speed="13.44" pos="49.35" lane="1/1to1/2_0" slope="0.00"/>
        <vehicle id="44" x="585.46" y="198.35" angle="90.00" type="DEFAULT_VEHTYPE" speed="7.16" pos="180.71" lane="2/1to3/1_0" slope="0.00"/>
        <vehicle id="48" x="198.35" y="74.37" angle="0.00" type="DEFAULT_VEHTYPE" speed="13.11" pos="120.88" lane="1/1to1/0_0" slope="0.00"/>
        <vehicle id="49" x="61.43" y="401.65" angle="-90.00" type="DEFAULT_VEHTYPE" speed="13.86" pos="133.82" lane="1/2to0/2_0" slope="0.00"/>
        <vehicle id="5" x="201.65" y="397.32" angle="180.00" type="DEFAULT_VEHTYPE" speed="13.59" pos="2.07" lane=":1/2_9_0" slope="0.00"/>
        <vehicle id="6" x="282.50" y="201.65" angle="-90.00" type="DEFAULT_VEHTYPE" speed="12.85" pos="112.75" lane="2/1to1/1_0" slope="0.00"/>
        <vehicle id="7" x="391.84" y="598.35" angle="90.00" type="DEFAULT_VEHTYPE" speed="1.51" pos="187.09" lane="1/3to2/3_0" slope="0.00"/>
        <vehicle id="8" x="398.35" y="221.40" angle="0.00" type="DEFAULT_VEHTYPE" speed="13.59" pos="173.85" lane="2/2to2/1_0" slope="0.00"/>
        <vehicle id="9" x="103.77" y="201.65" angle="-90.00" type="DEFAULT_VEHTYPE" speed="12.60" pos="91.48" lane="1/1to0/1_0" slope="0.00"/>
    </timestep>
    <timestep time="469.00">
        <vehicle id="0" x="508.36" y="198.35" angle="90.00" type="DEFAULT_VEHTYPE" speed="12.89" pos="103.61" lane="2/1to3/1_0" slope="0.00"/>
        <vehicle id="10" x="598.35" y="484.18" angle="0.00" type="DEFAULT_VEHTYPE" speed="12.84" pos="111.07" lane="3/3to3/2_0" slope="0.00"/>
        <vehicle id="11" x="398.35" y="525.28" angle="0.00" type="DEFAULT_VEHTYPE" speed="13.11" pos="69.97" lane="2/3to2/2_0" slope="0.00"/>
        <vehicle id="15" x="441.14" y="401.65" angle="-90.00" type="DEFAULT_VEHTYPE" speed="12.64" pos="154.11" lane="3/2to2/2_0" slope="0.00"/>
        <vehicle id="16" x="398.35" y="653.04" angle="0.00" type="DEFAULT_VEHTYPE" speed="13.38" pos="146.96" lane="2/4to2/3_0" slope="0.00"/>
        <vehicle id="17" x="398.35" y="591.68" angle="0.00" type="DEFAULT_VEHTYPE" speed="13.35" pos="3.57" lane="2/3to2/2_0" slope="0.00"/>
        <vehicle id="18" x="391.36" y="198.35" angle="90.00" type="DEFAULT_VEHTYPE" speed="3.08" pos="186.61" lane="1/1to2/1_0" slope="0.00"/>
        <vehicle id="2" x="601.65" y="278.56" angle="180.00" type="DEFAULT_VEHTYPE" speed="12.67" pos="73.81" lane="3/1to3/2_0" slope="0.00"/>
        <vehicle id="24" x="203.14" y="598.01" angle="161.34" type="DEFAULT_VEHTYPE" speed="13.54" pos="3.34" lane=":1/3_8_0" slope="0.00"/>
        <vehicle id="28" x="116.09" y="198.35" angle="90.00" type="DEFAULT_VEHTYPE" speed="13.40" pos="116.09" lane="0/1to1/1_0" slope="0.00"/>
        <vehicle id="29" x="716.04" y="201.65" angle="-90.00" type="DEFAULT_VEHTYPE" speed="12.60" pos="83.96" lane="4/1to3/1_0" slope="0.00"/>
        <vehicle id="3" x="401.65" y="163.98" angle="180.00" type="DEFAULT_VEHTYPE" speed="13.88" pos="163.98" lane="2/0to2/1_0" slope="0.00"/>
        <vehicle id="33" x="398.35" y="260.02" angle="0.00" type="DEFAULT_VEHTYPE" speed="13.67" pos="135.23" lane="2/2to2/1_0" slope="0.00"/>
        <vehicle id="37" x="201.65" y="207.00" angle="-168.05" type="DEFAULT_VEHTYPE" speed="8.09" pos="2.25" lane="1/1to1/2_0" slope="0.00"/>
        <vehicle id="39" x="585.50" y="401.65" angle="-90.00" type="DEFAULT_VEHTYPE" speed="12.87" pos="9.75" lane="3/2to2/2_0" slope="0.00"/>
        <vehicle id="40" x="168.36" y="198.35" angle="90.00" type="DEFAULT_VEHTYPE" speed="13.32" pos="168.36" lane="0/1to1/1_0" slope="0.00"/>
        <vehicle id="42" x="294.54" y="598.35" angle="90.00" type="DEFAULT_VEHTYPE" speed="13.22" pos="89.79" lane="1/3to2/3_0" slope="0.00"/>
        <vehicle id="43" x="201.65" y="267.62" angle="180.00" type="DEFAULT_VEHTYPE" speed="13.52" pos="62.87" lane="1/1to1/2_0" slope="0.00"/>
        <vehicle id="44" x="589.80" y="198.35" angle="90.00" type="DEFAULT_VEHTYPE" speed="4.34" pos="185.05" lane="2/1to3/1_0" slope="0.00"/>
        <vehicle id="48" x="198.35" y="61.73" angle="0.00" type="DEFAULT_VEHTYPE" speed="12.65" pos="133.52" lane="1/1to1/0_0" slope="0.00"/>
        <vehicle id="49" x="48.42" y="401.65" angle="-90.00" type="DEFAULT_VEHTYPE" speed="13.01" pos="146.83" lane="1/2to0/2_0" slope="0.00"/>
        <vehicle id="5" x="201.65" y="410.41" angle="180.00" type="DEFAULT_VEHTYPE" speed="13.08" pos="5.66" lane="1/2to1/3_0" slope="0.00"/>
        <vehicle id="6" x="269.00" y="201.65" angle="-90.00" type="DEFAULT_VEHTYPE" speed="13.50" pos="126.25" lane="2/1to1/1_0" slope="0.00"/>
        <vehicle id="7" x="392.30" y="598.35" angle="90.00" type="DEFAULT_VEHTYPE" speed="0.46" pos="187.55" lane="1/3to2/3_0" slope="0.00"/>
        <vehicle id="8" x="398.35" y="207.87" angle="0.00" type="DEFAULT_VEHTYPE" speed="13.53" pos="187.38" lane="2/2to2/1_0" slope="0.00"/>
        <vehicle id="9" x="90.26" y="201.65" angle="-90.00" type="DEFAULT_VEHTYPE" speed="13.50" pos="104.99" lane="1/1to0/1_0" slope="0.00"/>
    </timestep>
    <timestep time="470.00">
        <vehicle id="0" x="522.03" y="198.35" angle="90.00" type="DEFAULT_VEHTYPE" speed="13.67" pos="117.28" lane="2/1to3/1_0" slope="0.00"/>
        <vehicle id="10" x="598.35" y="470.87" angle="0.00" type="DEFAULT_VEHTYPE" speed="13.31" pos="124.38" lane="3/3to3/2_0" slope="0.00"/>
        <vehicle id="11" x="398.35" y="512.58" angle="0.00" type="DEFAULT_VEHTYPE" speed="12.71" pos="82.67" lane="2/3to2/2_0" slope="0.00"/>
        <vehicle id="15" x="428.23" y="401.65" angle="-90.00" type="DEFAULT_VEHTYPE" speed="12.91" pos="167.02" lane="3/2to2/2_0" slope="0.00"/>
        <vehicle id="16" x="398.35" y="639.43" angle="0.00" type="DEFAULT_VEHTYPE" speed="13.61" pos="160.57" lane="2/4to2/3_0" slope="0.00"/>
        <vehicle id="17" x="398.35" y="578.17" angle="0.00" type="DEFAULT_VEHTYPE" speed="13.52" pos="17.08" lane="2/3to2/2_0" slope="0.00"/>
        <vehicle id="18" x="392.11" y="198.35" angle="90.00" type="DEFAULT_VEHTYPE" speed="0.75" pos="187.36" lane="1/1to2/1_0" slope="0.00"/>
        <vehicle id="2" x="601.65" y="291.32" angle="180.00" type="DEFAULT_VEHTYPE" speed="12.77" pos="86.57" lane="3/1to3/2_0" slope="0.00"/>
        <vehicle id="24" x="216.70" y="598.35" angle="90.00" type="DEFAULT_VEHTYPE" speed="13.61" pos="11.95" lane="1/3to2/3_0" slope="0.00"/>
        <vehicle id="28" x="129.51" y="198.35" angle="90.00" type="DEFAULT_VEHTYPE" speed="13.42" pos="129.51" lane="0/1to1/1_0" slope="0.00"/>
        <vehicle id="29" x="702.34" y="201.65" angle="-90.00" type="DEFAULT_VEHTYPE" speed="13.71" pos="97.66" lane="4/1to3/1_0" slope="0.00"/>
        <vehicle id="3" x="401.65" y="177.52" angle="180.00" type="DEFAULT_VEHTYPE" speed="13.55" pos="177.52" lane="2/0to2/1_0" slope="0.00"/>
        <vehicle id="33" x="398.35" y="247.08" angle="0.00" type="DEFAULT_VEHTYPE" speed="12.94" pos="148.17" lane="2/2to2/1_0" slope="0.00"/>
        <vehicle id="37" x="201.65" y="217.24" angle="180.00" type="DEFAULT_VEHTYPE" speed="10.24" pos="12.49" lane="1/1to1/2_0" slope="0.00"/>
        <vehicle id="39" x="572.08" y="401.65" angle="-90.00" type="DEFAULT_VEHTYPE" speed="13.42" pos="23.17" lane="3/2to2/2_0" slope="0.00"/>
        <vehicle id="40" x="179.26" y="198.35" angle="90.00" type="DEFAULT_VEHTYPE" speed="10.90" pos="179.26" lane="0/1to1/1_0" slope="0.00"/>
        <vehicle id="42" x="307.54" y="598.35" angle="90.00" type="DEFAULT_VEHTYPE" speed="13.00" pos="102.79" lane="1/3to2/3_0" slope="0.00"/>
        <vehicle id="43" x="201.65" y="281.07" angle="180.00" type="DEFAULT_VEHTYPE" speed="13.46" pos="76.32" lane="1/1to1/2_0" slope="0.00"/>
        <vehicle id="44" x="595.87" y="198.44" angle="91.01" type="DEFAULT_VEHTYPE" speed="6.07" pos="0.62" lane=":3/1_14_0" slope="0.00"/>
        <vehicle id="48" x="198.35" y="48.61" angle="0.00" type="DEFAULT_VEHTYPE" speed="13.12" pos="146.64" lane="1/1to1/0_0" slope="0.00"/>
        <vehicle id="49" x="35.13" y="401.65" angle="-90.00" type="DEFAULT_VEHTYPE" speed="13.29" pos="160.12" lane="1/2to0/2_0" slope="0.00"/>
        <vehicle id="5" x="201.65" y="423.79" angle="180.00" type="DEFAULT_VEHTYPE" speed="13.39" pos="19.04" lane="1/2to1/3_0" slope="0.00"/>
        <vehicle id="6" x="256.36" y="201.65" angle="-90.00" type="DEFAULT_VEHTYPE" speed="12.64" pos="138.89" lane="2/1to1/1_0" slope="0.00"/>
        <vehicle id="7" x="392.70" y="598.35" angle="90.00" type="DEFAULT_VEHTYPE" speed="0.40" pos="187.95" lane="1/3to2/3_0" slope="0.00"/>
        <vehicle id="8" x="398.35" y="195.19" angle="0.00" type="DEFAULT_VEHTYPE" speed="12.68" pos="0.06" lane="2/1to2/0_0" slope="0.00"/>
        <vehicle id="9" x="76.92" y="201.65" angle="-90.00" type="DEFAULT_VEHTYPE" speed="13.34" pos="118.33" lane="1/1to0/1_0" slope="0.00"/>
    </timestep>
    <timestep time="471.00">
        <vehicle id="0" x="535.14" y="198.35" angle="90.00" type="DEFAULT_VEHTYPE" speed="13.11" pos="130.39" lane="2/1to3/1_0" slope="0.00"/>
        <vehicle id="10" x="598.35" y="456.97" angle="0.00" type="DEFAULT_VEHTYPE" speed="13.90" pos="138.28" lane="3/3to3/2_0" slope="0.00"/>
        <vehicle id="11" x="398.35" y="499.31" angle="0.00" type="DEFAULT_VEHTYPE" speed="13.26" pos="95.94" lane="2/3to2/2_0" slope="0.00"/>
        <vehicle id="15" x="419.43" y="401.65" angle="-90.00" type="DEFAULT_VEHTYPE" speed="8.81" pos="175.82" lane="3/2to2/2_0" slope="0.00"/>
        <vehicle id="16" x="398.35" y="626.73" angle="0.00" type="DEFAULT_VEHTYPE" speed="12.69" pos="173.27" lane="2/4to2/3_0" slope="0.00"/>
        <vehicle id="17" x="398.35" y="564.94" angle="0.00" type="DEFAULT_VEHTYPE" speed="13.22" pos="30.31" lane="2/3to2/2_0" slope="0.00"/>
        <vehicle id="18" x="392.61" y="198.35" angle="90.00" type="DEFAULT_VEHTYPE" speed="0.49" pos="187.86" lane="1/1to2/1_0" slope="0.00"/>
        <vehicle id="2" x="601.65" y="304.98" angle="180.00" type="DEFAULT_VEHTYPE" speed="13.65" pos="100.23" lane="3/1to3/2_0" slope="0.00"/>
        <vehicle id="24" x="230.14" y="598.35" angle="90.00" type="DEFAULT_VEHTYPE" speed="13.44" pos="25.39" lane="1/3to2/3_0" slope="0.00"/>
        <vehicle id="28" x="142.40" y="198.35" angle="90.00" type="DEFAULT_VEHTYPE" speed="12.89" pos="142.40" lane="0/1to1/1_0" slope="0.00"/>
        <vehicle id="29" x="688.62" y="201.65" angle="-90.00" type="DEFAULT_VEHTYPE" speed="13.72" pos="111.38" lane="4/1to3/1_0" slope="0.00"/>
        <vehicle id="3" x="401.65" y="190.93" angle="180.00" type="DEFAULT_VEHTYPE" speed="13.40" pos="190.93" lane="2/0to2/1_0" slope="0.00"/>
        <vehicle id="33" x="398.35" y="233.62" angle="0.00" type="DEFAULT_VEHTYPE" speed="13.46" pos="161.63" lane="2/2to2/1_0" slope="0.00"/>
        <vehicle id="37" x="201.65" y="229.49" angle="180.00" type="DEFAULT_VEHTYPE" speed="12.26" pos="24.74" lane="1/1to1/2_0" slope="0.00"/>
        <vehicle id="39" x="558.89" y="401.65" angle="-90.00" type="DEFAULT_VEHTYPE" speed="13.19" pos="36.36" lane="3/2to2/2_0" slope="0.00"/>
        <vehicle id="40" x="185.66" y="198.35" angle="90.00" type="DEFAULT_VEHTYPE" speed="6.40" pos="185.66" lane="0/1to1/1_0" slope="0.00"/>
        <vehicle id="42" x="321.00" y="598.35" angle="90.00" type="DEFAULT_VEHTYPE" speed="13.47" pos="116.25" lane="1/3to2/3_0" slope="0.00"/>
        <vehicle id="43" x="201.65" y="294.74" angle="180.00" type="DEFAULT_VEHTYPE" speed="13.67" pos="89.99" lane="1/1to1/2_0" slope="0.00"/>
        <vehicle id="44" x="601.34" y="202.58" angle="140.51" type="DEFAULT_VEHTYPE" speed="7.51" pos="8.13" lane=":3/1_14_0" slope="0.00"/>
        <vehicle id="48" x="198.35" y="34.90" angle="0.00" type="DEFAULT_VEHTYPE" speed="13.71" pos="160.35" lane="1/1to1/0_0" slope="0.00"/>
        <vehicle id="49" x="22.39" y="401.65" angle="-90.00" type="DEFAULT_VEHTYPE" speed="12.74" pos="172.86" lane="1/2to0/2_0" slope="0.00"/>
        <vehicle id="5" x="201.65" y="437.65" angle="180.00" type="DEFAULT_VEHTYPE" speed="13.86" pos="32.90" lane="1/2to1/3_0" slope="0.00"/>
        <vehicle id="6" x="243.43" y="201.65" angle="-90.00" type="DEFAULT_VEHTYPE" speed="12.92" pos="151.82" lane="2/1to1/1_0" slope="0.00"/>
        <vehicle id="7" x="392.74" y="598.35" angle="90.00" type="DEFAULT_VEHTYPE" speed="0.03" pos="187.99" lane="1/3to2/3_0" slope="0.00"/>
        <vehicle id="8" x="398.35" y="182.29" angle="0.00" type="DEFAULT_VEHTYPE" speed="12.90" pos="12.96" lane="2/1to2/0_0" slope="0.00"/>
        <vehicle id="9" x="63.09" y="201.65" angle="-90.00" type="DEFAULT_VEHTYPE" speed="13.84" pos="132.16" lane="1/1to0/1_0" slope="0.00"/>
    </timestep>
    <timestep time="472.00">
        <vehicle id="0" x="548.39" y="198.35" angle="90.00" type="DEFAULT_VEHTYPE" speed="13.25" pos="143.64" lane="2/1to3/1_0" slope="0.00"/>
        <vehicle id="10" x="598.35" y="443.78" angle="0.00" type="DEFAULT_VEHTYPE" speed="13.19" pos="151.47" lane="3/3to3/2_0" slope="0.00"/>
        <vehicle id="11" x="398.35" y="485.83" angle="0.00" type="DEFAULT_VEHTYPE" speed="13.48" pos="109.42" lane="2/3to2/2_0" slope="0.00"/>
        <vehicle id="15" x="413.55" y="401.65" angle="-90.00" type="DEFAULT_VEHTYPE" speed="5.88" pos="181.70" lane="3/2to2/2_0" slope="0.00"/>
        <vehicle id="16" x="398.35" y="613.75" angle="0.00" type="DEFAULT_VEHTYPE" speed="12.99" pos="186.25" lane="2/4to2/3_0" slope="0.00"/>
        <vehicle id="17" x="398.35" y="551.12" angle="0.00" type="DEFAULT_VEHTYPE" speed="13.82" pos="44.13" lane="2/3to2/2_0" slope="0.00"/>
        <vehicle id="18" x="392.68" y="198.35" angle="90.00" type="DEFAULT_VEHTYPE" speed="0.08" pos="187.93" lane="1/1to2/1_0" slope="0.00"/>
        <vehicle id="2" x="601.65" y="318.55" angle="180.00" type="DEFAULT_VEHTYPE" speed="13.57" pos="113.80" lane="3/1to3/2_0" slope="0.00"/>
        <vehicle id="24" x="243.37" y="598.35" angle="90.00" type="DEFAULT_VEHTYPE" speed="13.24" pos="38.62" lane="1/3to2/3_0" slope="0.00"/>
        <vehicle id="28" x="155.79" y="198.35" angle="90.00" type="DEFAULT_VEHTYPE" speed="13.39" pos="155.79" lane="0/1to1/1_0" slope="0.00"/>
        <vehicle id="29" x="675.47" y="201.65" angle="-90.00" type="DEFAULT_VEHTYPE" speed="13.15" pos="124.53" lane="4/1to3/1_0" slope="0.00"/>
        <vehicle id="3" x="408.55" y="198.35" angle="91.91" type="DEFAULT_VEHTYPE" speed="13.13" pos="3.80" lane="2/1to3/1_0" slope="0.00"/>
        <vehicle id="33" x="398.35" y="220.34" angle="0.00" type="DEFAULT_VEHTYPE" speed="13.29" pos="174.91" lane="2/2to2/1_0" slope="0.00"/>
        <vehicle id="37" x="201.65" y="242.32" angle="180.00" type="DEFAULT_VEHTYPE" speed="12.83" pos="37.57" lane="1/1to1/2_0" slope="0.00"/>
        <vehicle id="39" x="545.83" y="401.65" angle="-90.00" type="DEFAULT_VEHTYPE" speed="13.06" pos="49.42" lane="3/2to2/2_0" slope="0.00"/>
        <vehicle id="40" x="189.14" y="198.35" angle="90.00" type="DEFAULT_VEHTYPE" speed="3.49" pos="189.14" lane="0/1to1/1_0" slope="0.00"/>
        <vehicle id="42" x="334.47" y="598.35" angle="90.00" type="DEFAULT_VEHTYPE" speed="13.46" pos="129.72" lane="1/3to2/3_0" slope="0.00"/>
        <vehicle id="43" x="201.65" y="308.54" angle="180.00" type="DEFAULT_VEHTYPE" speed="13.80" pos="103.79" lane="1/1to1/2_0" slope="0.00"/>
        <vehicle id="44" x="601.65" y="212.52" angle="180.00" type="DEFAULT_VEHTYPE" speed="9.96" pos="7.77" lane="3/1to3/2_0" slope="0.00"/>
        <vehicle id="48" x="198.35" y="22.23" angle="0.00" type="DEFAULT_VEHTYPE" speed="12.66" pos="173.02" lane="1/1to1/0_0" slope="0.00"/>
        <vehicle id="49" x="8.61" y="401.65" angle="-90.00" type="DEFAULT_VEHTYPE" speed="13.78" pos="186.64" lane="1/2to0/2_0" slope="0.00"/>
        <vehicle id="5" x="201.65" y="451.00" angle="180.00" type="DEFAULT_VEHTYPE" speed="13.35" pos="46.25" lane="1/2to1/3_0" slope="0.00"/>
        <vehicle id="6" x="229.95" y="201.65" angle="-90.00" type="DEFAULT_VEHTYPE" speed="13.49" pos="165.30" lane="2/1to1/1_0" slope="0.00"/>
        <vehicle id="7" x="392.75" y="598.35" angle="90.00" type="DEFAULT_VEHTYPE" speed="0.01" pos="188.00" lane="1/3to2/3_0" slope="0.00"/>
        <vehicle id="8" x="398.35" y="169.51" angle="0.00" type="DEFAULT_VEHTYPE" speed="12.79" pos="25.74" lane="2/1to2/0_0" slope="0.00"/>
        <vehicle id="9" x="50.22" y="201.65" angle="-90.00" type="DEFAULT_VEHTYPE" speed="12.86" pos="145.03" lane="1/1to0/1_0" slope="0.00"/>
    </timestep>
    <timestep time="473.00">
        <vehicle id="0" x="561.36" y="198.35" angle="90.00" type="DEFAULT_VEHTYPE" speed="12.97" pos="156.61" lane="2/1to3/1_0" slope="0.00"/>
        <vehicle id="10" x="598.35" y="430.47" angle="0.00" type="DEFAULT_VEHTYPE" speed="13.31" pos="164.78" lane="3/3to3/2_0" slope="0.00"/>
        <vehicle id="11" x="398.35" y="472.18" angle="0.00" type="DEFAULT_VEHTYPE" speed="13.65" pos="123.07" lane="2/3to2/2_0" slope="0.00"/>
        <vehicle id="15" x="409.31" y="401.65" angle="-90.00" type="DEFAULT_VEHTYPE" speed="4.23" pos="185.94" lane="3/2to2/2_0" slope="0.00"/>
        <vehicle id="16" x="398.35" y="600.74" angle="0.00" type="DEFAULT_VEHTYPE" speed="13.00" pos="4.01" lane=":2/3_1_0" slope="0.00"/>
        <vehicle id="17" x="398.35" y="537.93" angle="0.00" type="DEFAULT_VEHTYPE" speed="13.19" pos="57.32" lane="2/3to2/2_0" slope="0.00"/>
        <vehicle id="18" x="392.73" y="198.35" angle="90.00" type="DEFAULT_VEHTYPE" speed="0.04" pos="187.98" lane="1/1to2/1_0" slope="0.00"/>
        <vehicle id="2" x="601.65" y="332.15" angle="180.00" type="DEFAULT_VEHTYPE" speed="13.60" pos="127.40" lane="3/1to3/2_0" slope="0.00"/>
        <vehicle id="24" x="256.59" y="598.35" angle="90.00" type="DEFAULT_VEHTYPE" speed="13.22" pos="51.84" lane="1/3to2/3_0" slope="0.00"/>
        <vehicle id="28" x="166.97" y="198.35" angle="90.00" type="DEFAULT_VEHTYPE" speed="11.18" pos="166.97" lane="0/1to1/1_0" slope="0.00"/>
        <vehicle id="29" x="662.44" y="201.65" angle="-90.00" type="DEFAULT_VEHTYPE" speed="13.03" pos="137.56" lane="4/1to3/1_0" slope="0.00"/>
        <vehicle id="3" x="421.60" y="198.35" angle="90.00" type="DEFAULT_VEHTYPE" speed="13.05" pos="16.85" lane="2/1to3/1_0" slope="0.00"/>
        <vehicle id="33" x="398.35" y="207.58" angle="0.00" type="DEFAULT_VEHTYPE" speed="12.76" pos="187.67" lane="2/2to2/1_0" slope="0.00"/>
        <vehicle id="37" x="201.65" y="255.11" angle="180.00" type="DEFAULT_VEHTYPE" speed="12.79" pos="50.36" lane="1/1to1/2_0" slope="0.00"/>
        <vehicle id="39" x="532.31" y="401.65" angle="-90.00" type="DEFAULT_VEHTYPE" speed="13.52" pos="62.94" lane="3/2to2/2_0" slope="0.00"/>
        <vehicle id="40" x="194.02" y="198.35" angle="90.00" type="DEFAULT_VEHTYPE" speed="4.87" pos="194.02" lane="0/1to1/1_0" slope="0.00"/>
        <vehicle id="42" x="347.52" y="598.35" angle="90.00" type="DEFAULT_VEHTYPE" speed="13.05" pos="142.77" lane="1/3to2/3_0" slope="0.00"/>
        <vehicle id="43" x="201.65" y="321.44" angle="180.00" type="DEFAULT_VEHTYPE" speed="12.90" pos="116.69" lane="1/1to1/2_0" slope="0.00"/>
        <vehicle id="44" x="601.65" y="224.01" angle="180.00" type="DEFAULT_VEHTYPE" speed="11.49" pos="19.26" lane="3/1to3/2_0" slope="0.00"/>
        <vehicle id="48" x="198.35" y="8.43" angle="0.00" type="DEFAULT_VEHTYPE" speed="13.80" pos="186.82" lane="1/1to1/0_0" slope="0.00"/>
        <vehicle id="49" x="-0.65" y="398.78" angle="-29.35" type="DEFAULT_VEHTYPE" speed="12.65" pos="4.04" lane=":0/2_0_0" slope="0.00"/>
        <vehicle id="5" x="201.65" y="463.99" angle="180.00" type="DEFAULT_VEHTYPE" speed="12.99" pos="59.24" lane="1/2to1/3_0" slope="0.00"/>
        <vehicle id="6" x="219.79" y="201.65" angle="-90.00" type="DEFAULT_VEHTYPE" speed="10.16" pos="175.46" lane="2/1to1/1_0" slope="0.00"/>
        <vehicle id="7" x="392.75" y="598.35" angle="90.00" type="DEFAULT_VEHTYPE" speed="0.00" pos="188.00" lane="1/3to2/3_0" slope="0.00"/>
        <vehicle id="8" x="398.35" y="155.98" angle="0.00" type="DEFAULT_VEHTYPE" speed="13.53" pos="39.27" lane="2/1to2/0_0" slope="0.00"/>
        <vehicle id="9" x="37.42" y="201.65" angle="-90.00" type="DEFAULT_VEHTYPE" speed="12.80" pos="157.83" lane="1/1to0/1_0" slope="0.00"/>
    </timestep>
    <timestep time="474.00">
        <vehicle id="0" x="573.77" y="198.35" angle="90.00" type="DEFAULT_VEHTYPE" speed="12.40" pos="169.02" lane="2/1to3/1_0" slope="0.00"/>
        <vehicle id="10" x="598.35" y="417.26" angle="0.00" type="DEFAULT_VEHTYPE" speed="13.22" pos="177.99" lane="3/3to3/2_0" slope="0.00"/>
        <vehicle id="11" x="398.35" y="458.99" angle="0.00" type="DEFAULT_VEHTYPE" speed="13.20" pos="136.26" lane="2/3to2/2_0" slope="0.00"/>
        <vehicle id="15" x="403.13" y="401.42" angle="-87.35" type="DEFAULT_VEHTYPE" speed="6.19" pos="1.63" lane=":2/2_6_0" slope="0.00"/>
        <vehicle id="16" x="398.35" y="587.27" angle="0.00" type="DEFAULT_VEHTYPE" speed="13.47" pos="7.98" lane="2/3to2/2_0" slope="0.00"/>
        <vehicle id="17" x="398.35" y="524.06" angle="0.00" type="DEFAULT_VEHTYPE" speed="13.87" pos="71.19" lane="2/3to2/2_0" slope="0.00"/>
        <vehicle id="18" x="392.74" y="198.35" angle="90.00" type="DEFAULT_VEHTYPE" speed="0.02" pos="187.99" lane="1/1to2/1_0" slope="0.00"/>
        <vehicle id="2" x="601.65" y="345.15" angle="180.00" type="DEFAULT_VEHTYPE" speed="13.00" pos="140.40" lane="3/1to3/2_0" slope="0.00"/>
        <vehicle id="24" x="270.02" y="598.35" angle="90.00" type="DEFAULT_VEHTYPE" speed="13.43" pos="65.27" lane="1/3to2/3_0" slope="0.00"/>
        <vehicle id="28" x="177.93" y="198.35" angle="90.00" type="DEFAULT_VEHTYPE" speed="10.96" pos="177.93" lane="0/1to1/1_0" slope="0.00"/>
        <vehicle id="29" x="649.02" y="201.65" angle="-90.00" type="DEFAULT_VEHTYPE" speed="13.42" pos="150.98" lane="4/1to3/1_0" slope="0.00"/>
        <vehicle id="3" x="435.19" y="198.35" angle="90.00" type="DEFAULT_VEHTYPE" speed="13.59" pos="30.44" lane="2/1to3/1_0" slope="0.00"/>
        <vehicle id="33" x="398.35" y="194.39" angle="0.00" type="DEFAULT_VEHTYPE" speed="13.18" pos="0.86" lane="2/1to2/0_0" slope="0.00"/>
        <vehicle id="37" x="201.65" y="268.58" angle="180.00" type="DEFAULT_VEHTYPE" speed="13.46" pos="63.83" lane="1/1to1/2_0" slope="0.00"/>
        <vehicle id="39" x="519.05" y="401.65" angle="-90.00" type="DEFAULT_VEHTYPE" speed="13.26" pos="76.20" lane="3/2to2/2_0" slope="0.00"/>
        <vehicle id="40" x="198.35" y="194.93" angle="39.50" type="DEFAULT_VEHTYPE" speed="6.55" pos="0.32" lane="1/1to1/0_0" slope="0.00"/>
        <vehicle id="42" x="361.15" y="598.35" angle="90.00" type="DEFAULT_VEHTYPE" speed="13.62" pos="156.40" lane="1/3to2/3_0" slope="0.00"/>
        <vehicle id="43" x="201.65" y="334.20" angle="180.00" type="DEFAULT_VEHTYPE" speed="12.76" pos="129.45" lane="1/1to1/2_0" slope="0.00"/>
        <vehicle id="44" x="601.65" y="236.66" angle="180.00" type="DEFAULT_VEHTYPE" speed="12.64" pos="31.91" lane="3/1to3/2_0" slope="0.00"/>
        <vehicle id="48" x="201.65" y="0.20" angle="93.73" type="DEFAULT_VEHTYPE" speed="13.45" pos="0.20" lane="1/0to1/1_0" slope="0.00"/>
        <vehicle id="49" x="12.95" y="398.35" angle="90.00" type="DEFAULT_VEHTYPE" speed="13.73" pos="12.95" lane="0/2to1/2_0" slope="0.00"/>
        <vehicle id="5" x="201.65" y="476.65" angle="180.00" type="DEFAULT_VEHTYPE" speed="12.67" pos="71.90" lane="1/2to1/3_0" slope="0.00"/>
        <vehicle id="6" x="213.07" y="201.65" angle="-90.00" type="DEFAULT_VEHTYPE" speed="6.72" pos="182.18" lane="2/1to1/1_0" slope="0.00"/>
        <vehicle id="7" x="394.39" y="598.35" angle="90.00" type="DEFAULT_VEHTYPE" speed="1.64" pos="189.64" lane="1/3to2/3_0" slope="0.00"/>
        <vehicle id="8" x="398.35" y="143.05" angle="0.00" type="DEFAULT_VEHTYPE" speed="12.93" pos="52.20" lane="2/1to2/0_0" slope="0.00"/>
        <vehicle id="9" x="23.75" y="201.65" angle="-90.00" type="DEFAULT_VEHTYPE" speed="13.67" pos="171.50" lane="1/1to0/1_0" slope="0.00"/>
    </timestep>
    <timestep time="475.00">
        <vehicle id="0" x="582.56" y="198.35" angle="90.00" type="DEFAULT_VEHTYPE" speed="8.79" pos="177.81" lane="2/1to3/1_0" slope="0.00"/>
        <vehicle id="10" x="598.26" y="404.10" angle="-1.03" type="DEFAULT_VEHTYPE" speed="13.16" pos="0.65" lane=":3/2_0_0" slope="0.00"/>
        <vehicle id="11" x="398.35" y="445.36" angle="0.00" type="DEFAULT_VEHTYPE" speed="13.63" pos="149.89" lane="2/3to2/2_0" slope="0.00"/>
        <vehicle id="15" x="398.46" y="396.04" angle="-25.09" type="DEFAULT_VEHTYPE" speed="7.89" pos="9.53" lane=":2/2_6_0" slope="0.00"/>
        <vehicle id="16" x="398.35" y="573.77" angle="0.00" type="DEFAULT_VEHTYPE" speed="13.51" pos="21.48" lane="2/3to2/2_0" slope="0.00"/>
        <vehicle id="17" x="398.35" y="510.45" angle="0.00" type="DEFAULT_VEHTYPE" speed="13.61" pos="84.80" lane="2/3to2/2_0" slope="0.00"/>
        <vehicle id="18" x="395.16" y="198.35" angle="90.00" type="DEFAULT_VEHTYPE" speed="2.41" pos="190.41" lane="1/1to2/1_0" slope="0.00"/>
        <vehicle id="2" x="601.65" y="358.10" angle="180.00" type="DEFAULT_VEHTYPE" speed="12.95" pos="153.35" lane="3/1to3/2_0" slope="0.00"/>
        <vehicle id="24" x="283.88" y="598.35" angle="90.00" type="DEFAULT_VEHTYPE" speed="13.86" pos="79.13" lane="1/3to2/3_0" slope="0.00"/>
        <vehicle id="28" x="185.50" y="198.35" angle="90.00" type="DEFAULT_VEHTYPE" speed="7.57" pos="185.50" lane="0/1to1/1_0" slope="0.00"/>
        <vehicle id="29" x="635.75" y="201.65" angle="-90.00" type="DEFAULT_VEHTYPE" speed="13.27" pos="164.25" lane="4/1to3/1_0" slope="0.00"/>
        <vehicle id="3" x="448.33" y="198.35" angle="90.00" type="DEFAULT_VEHTYPE" speed="13.14" pos="43.58" lane="2/1to3/1_0" slope="0.00"/>
        <vehicle id="33" x="398.35" y="181.04" angle="0.00" type="DEFAULT_VEHTYPE" speed="13.35" pos="14.21" lane="2/1to2/0_0" slope="0.00"/>
        <vehicle id="37" x="201.65" y="281.44" angle="180.00" type="DEFAULT_VEHTYPE" speed="12.86" pos="76.69" lane="1/1to1/2_0" slope="0.00"/>
        <vehicle id="39" x="505.26" y="401.65" angle="-90.00" type="DEFAULT_VEHTYPE" speed="13.79" pos="89.99" lane="3/2to2/2_0" slope="0.00"/>
        <vehicle id="40" x="198.35" y="185.79" angle="0.00" type="DEFAULT_VEHTYPE" speed="9.14" pos="9.46" lane="1/1to1/0_0" slope="0.00"/>
        <vehicle id="42" x="371.77" y="598.35" angle="90.00" type="DEFAULT_VEHTYPE" speed="10.62" pos="167.02" lane="1/3to2/3_0" slope="0.00"/>
        <vehicle id="43" x="201.65" y="347.18" angle="180.00" type="DEFAULT_VEHTYPE" speed="12.98" pos="142.43" lane="1/1to1/2_0" slope="0.00"/>
        <vehicle id="44" x="601.65" y="250.49" angle="180.00" type="DEFAULT_VEHTYPE" speed="13.83" pos="45.74" lane="3/1to3/2_0" slope="0.00"/>
        <vehicle id="48" x="201.65" y="13.57" angle="180.00" type="DEFAULT_VEHTYPE" speed="13.37" pos="13.57" lane="1/0to1/1_0" slope="0.00"/>
        <vehicle id="49" x="26.38" y="398.35" angle="90.00" type="DEFAULT_VEHTYPE" speed="13.43" pos="26.38" lane="0/2to1/2_0" slope="0.00"/>
        <vehicle id="5" x="201.65" y="490.40" angle="180.00" type="DEFAULT_VEHTYPE" speed="13.74" pos="85.65" lane="1/2to1/3_0" slope="0.00"/>
        <vehicle id="6" x="210.00" y="201.65" angle="-90.00" type="DEFAULT_VEHTYPE" speed="3.07" pos="185.25" lane="2/1to1/1_0" slope="0.00"/>
        <vehicle id="7" x="397.70" y="598.70" angle="94.02" type="DEFAULT_VEHTYPE" speed="3.33" pos="2.47" lane=":2/3_14_0" slope="0.00"/>
        <vehicle id="8" x="398.35" y="129.38" angle="0.00" type="DEFAULT_VEHTYPE" speed="13.66" pos="65.87" lane="2/1to2/0_0" slope="0.00"/>
        <vehicle id="9" x="10.52" y="201.65" angle="-90.00" type="DEFAULT_VEHTYPE" speed="13.24" pos="184.73" lane="1/1to0/1_0" slope="0.00"/>
    </timestep>
    <timestep time="476.00">
        <vehicle id="0" x="587.46" y="198.35" angle="90.00" type="DEFAULT_VEHTYPE" speed="4.90" pos="182.71" lane="2/1to3/1_0" slope="0.00"/>
        <vehicle id="10" x="586.98" y="401.65" angle="-90.00" type="DEFAULT_VEHTYPE" speed="12.61" pos="8.27" lane="3/2to2/2_0" slope="0.00"/>
        <vehicle id="11" x="398.35" y="431.83" angle="0.00" type="DEFAULT_VEHTYPE" speed="13.53" pos="163.42" lane="2/3to2/2_0" slope="0.00"/>
        <vehicle id="15" x="398.35" y="386.55" angle="0.00" type="DEFAULT_VEHTYPE" speed="9.49" pos="8.70" lane="2/2to2/1_0" slope="0.00"/>
        <vehicle id="16" x="398.35" y="560.05" angle="0.00" type="DEFAULT_VEHTYPE" speed="13.72" pos="35.20" lane="2/3to2/2_0" slope="0.00"/>
        <vehicle id="17" x="398.35" y="497.26" angle="0.00" type="DEFAULT_VEHTYPE" speed="13.19" pos="97.99" lane="2/3to2/2_0" slope="0.00"/>
        <vehicle id="18" x="399.41" y="198.35" angle="90.00" type="DEFAULT_VEHTYPE" speed="4.25" pos="4.16" lane=":2/1_13_0" slope="0.00"/>
        <vehicle id="2" x="601.65" y="371.60" angle="180.00" type="DEFAULT_VEHTYPE" speed="13.49" pos="166.85" lane="3/1to3/2_0" slope="0.00"/>
        <vehicle id="24" x="297.42" y="598.35" angle="90.00" type="DEFAULT_VEHTYPE" speed="13.54" pos="92.67" lane="1/3to2/3_0" slope="0.00"/>
        <vehicle id="28" x="190.10" y="198.35" angle="90.00" type="DEFAULT_VEHTYPE" speed="4.60" pos="190.10" lane="0/1to1/1_0" slope="0.00"/>
        <vehicle id="29" x="623.67" y="201.65" angle="-90.00" type="DEFAULT_VEHTYPE" speed="12.08" pos="176.33" lane="4/1to3/1_0" slope="0.00"/>
        <vehicle id="3" x="461.62" y="198.35" angle="90.00" type="DEFAULT_VEHTYPE" speed="13.28" pos="56.87" lane="2/1to3/1_0" slope="0.00"/>
        <vehicle id="33" x="398.35" y="167.83" angle="0.00" type="DEFAULT_VEHTYPE" speed="13.21" pos="27.42" lane="2/1to2/0_0" slope="0.00"/>
        <vehicle id="37" x="201.65" y="294.22" angle="180.00" type="DEFAULT_VEHTYPE" speed="12.78" pos="89.47" lane="1/1to1/2_0" slope="0.00"/>
        <vehicle id="39" x="491.76" y="401.65" angle="-90.00" type="DEFAULT_VEHTYPE" speed="13.50" pos="103.49" lane="3/2to2/2_0" slope="0.00"/>
        <vehicle id="40" x="198.35" y="174.08" angle="0.00" type="DEFAULT_VEHTYPE" speed="11.70" pos="21.17" lane="1/1to1/0_0" slope="0.00"/>
        <vehicle id="42" x="380.02" y="598.35" angle="90.00" type="DEFAULT_VEHTYPE" speed="8.25" pos="175.27" lane="1/3to2/3_0" slope="0.00"/>
        <vehicle id="43" x="201.65" y="359.82" angle="180.00" type="DEFAULT_VEHTYPE" speed="12.65" pos="155.07" lane="1/1to1/2_0" slope="0.00"/>
        <vehicle id="44" x="601.65" y="264.34" angle="180.00" type="DEFAULT_VEHTYPE" speed="13.85" pos="59.59" lane="3/1to3/2_0" slope="0.00"/>
        <vehicle id="48" x="201.65" y="26.82" angle="180.00" type="DEFAULT_VEHTYPE" speed="13.25" pos="26.82" lane="1/0to1/1_0" slope="0.00"/>
        <vehicle id="49" x="39.38" y="398.35" angle="90.00" type="DEFAULT_VEHTYPE" speed="13.01" pos="39.38" lane="0/2to1/2_0" slope="0.00"/>
        <vehicle id="5" x="201.65" y="504.13" angle="180.00" type="DEFAULT_VEHTYPE" speed="13.73" pos="99.38" lane="1/2to1/3_0" slope="0.00"/>
        <vehicle id="6" x="205.35" y="201.65" angle="-90.00" type="DEFAULT_VEHTYPE" speed="4.65" pos="189.90" lane="2/1to1/1_0" slope="0.00"/>
        <vehicle id="7" x="401.07" y="601.66" angle="129.10" type="DEFAULT_VEHTYPE" speed="4.68" pos="7.15" lane=":2/3_14_0" slope="0.00"/>
        <vehicle id="8" x="398.35" y="116.26" angle="0.00" type="DEFAULT_VEHTYPE" speed="13.12" pos="78.99" lane="2/1to2/0_0" slope="0.00"/>
        <vehicle id="9" x="-1.55" y="200.21" angle="-71.75" type="DEFAULT_VEHTYPE" speed="12.69" pos="2.18" lane=":0/1_0_0" slope="0.00"/>
    </timestep>
    <timestep time="477.00">
        <vehicle id="0" x="591.10" y="198.35" angle="90.00" type="DEFAULT_VEHTYPE" speed="3.64" pos="186.35" lane="2/1to3/1_0" slope="0.00"/>
        <vehicle id="10" x="573.73" y="401.65" angle="-90.00" type="DEFAULT_VEHTYPE" speed="13.25" pos="21.52" lane="3/2to2/2_0" slope="0.00"/>
        <vehicle id="11" x="398.35" y="418.49" angle="0.00" type="DEFAULT_VEHTYPE" speed="13.34" pos="176.76" lane="2/3to2/2_0" slope="0.00"/>
        <vehicle id="15" x="398.35" y="375.25" angle="0.00" type="DEFAULT_VEHTYPE" speed="11.30" pos="20.00" lane="2/2to2/1_0" slope="0.00"/>
        <vehicle id="16" x="398.35" y="547.14" angle="0.00" type="DEFAULT_VEHTYPE" speed="12.91" pos="48.11" lane="2/3to2/2_0" slope="0.00"/>
        <vehicle id="17" x="398.35" y="484.00" angle="0.00" type="DEFAULT_VEHTYPE" speed="13.26" pos="111.25" lane="2/3to2/2_0" slope="0.00"/>
        <vehicle id="18" x="406.17" y="198.35" angle="90.00" type="DEFAULT_VEHTYPE" speed="6.76" pos="1.42" lane="2/1to3/1_0" slope="0.00"/>
        <vehicle id="2" x="601.65" y="385.28" angle="180.00" type="DEFAULT_VEHTYPE" speed="13.68" pos="180.53" lane="3/1to3/2_0" slope="0.00"/>
        <vehicle id="24" x="310.27" y="598.35" angle="90.00" type="DEFAULT_VEHTYPE" speed="12.85" pos="105.52" lane="1/3to2/3_0" slope="0.00"/>
        <vehicle id="28" x="196.63" y="198.15" angle="87.66" type="DEFAULT_VEHTYPE" speed="6.55" pos="1.40" lane=":1/1_12_0" slope="0.00"/>
        <vehicle id="29" x="616.01" y="201.65" angle="-90.00" type="DEFAULT_VEHTYPE" speed="7.66" pos="183.99" lane="4/1to3/1_0" slope="0.00"/>
        <vehicle id="3" x="475.29" y="198.35" angle="90.00" type="DEFAULT_VEHTYPE" speed="13.68" pos="70.54" lane="2/1to3/1_0" slope="0.00"/>
        <vehicle id="33" x="398.35" y="154.33" angle="0.00" type="DEFAULT_VEHTYPE" speed="13.50" pos="40.92" lane="2/1to2/0_0" slope="0.00"/>
        <vehicle id="37" x="201.65" y="307.74" angle="180.00" type="DEFAULT_VEHTYPE" speed="13.52" pos="102.99" lane="1/1to1/2_0" slope="0.00"/>
        <vehicle id="39" x="478.85" y="401.65" angle="-90.00" type="DEFAULT_VEHTYPE" speed="12.91" pos="116.40" lane="3/2to2/2_0" slope="0.00"/>
        <vehicle id="40" x="198.35" y="160.75" angle="0.00" type="DEFAULT_VEHTYPE" speed="13.34" pos="34.50" lane="1/1to1/0_0" slope="0.00"/>
        <vehicle id="42" x="385.87" y="598.35" angle="90.00" type="DEFAULT_VEHTYPE" speed="5.85" pos="181.12" lane="1/3to2/3_0" slope="0.00"/>
        <vehicle id="43" x="201.65" y="373.49" angle="180.00" type="DEFAULT_VEHTYPE" speed="13.67" pos="168.74" lane="1/1to1/2_0" slope="0.00"/>
        <vehicle id="44" x="601.65" y="277.73" angle="180.00" type="DEFAULT_VEHTYPE" speed="13.39" pos="72.98" lane="3/1to3/2_0" slope="0.00"/>
        <vehicle id="48" x="201.65" y="40.45" angle="180.00" type="DEFAULT_VEHTYPE" speed="13.63" pos="40.45" lane="1/0to1/1_0" slope="0.00"/>
        <vehicle id="49" x="52.91" y="398.35" angle="90.00" type="DEFAULT_VEHTYPE" speed="13.53" pos="52.91" lane="0/2to1/2_0" slope="0.00"/>
        <vehicle id="5" x="201.65" y="517.80" angle="180.00" type="DEFAULT_VEHTYPE" speed="13.67" pos="113.05" lane="1/2to1/3_0" slope="0.00"/>
        <vehicle id="6" x="201.65" y="205.80" angle="-152.70" type="DEFAULT_VEHTYPE" speed="6.65" pos="1.05" lane="1/1to1/2_0" slope="0.00"/>
        <vehicle id="7" x="401.65" y="608.26" angle="177.58" type="DEFAULT_VEHTYPE" speed="6.68" pos="3.51" lane="2/3to2/4_0" slope="0.00"/>
        <vehicle id="8" x="398.35" y="103.43" angle="0.00" type="DEFAULT_VEHTYPE" speed="12.83" pos="91.82" lane="2/1to2/0_0" slope="0.00"/>
        <vehicle id="9" x="10.33" y="198.35" angle="90.00" type="DEFAULT_VEHTYPE" speed="12.97" pos="10.33" lane="0/1to1/1_0" slope="0.00"/>
    </timestep>
    <timestep time="478.00">
        <vehicle id="0" x="592.19" y="198.35" angle="90.00" type="DEFAULT_VEHTYPE" speed="1.09" pos="187.44" lane="2/1to3/1_0" slope="0.00"/>
        <vehicle id="10" x="561.12" y="401.65" angle="-90.00" type="DEFAULT_VEHTYPE" speed="12.62" pos="34.13" lane="3/2to2/2_0" slope="0.00"/>
        <vehicle id="11" x="398.35" y="405.13" angle="0.00" type="DEFAULT_VEHTYPE" speed="13.36" pos="190.12" lane="2/3to2/2_0" slope="0.00"/>
        <vehicle id="15" x="398.35" y="362.19" angle="0.00" type="DEFAULT_VEHTYPE" speed="13.06" pos="33.06" lane="2/2to2/1_0" slope="0.00"/>
        <vehicle id="16" x="398.35" y="534.25" angle="0.00" type="DEFAULT_VEHTYPE" speed="12.89" pos="61.00" lane="2/3to2/2_0" slope="0.00"/>
        <vehicle id="17" x="398.35" y="471.18" angle="0.00" type="DEFAULT_VEHTYPE" speed="12.82" pos="124.07" lane="2/3to2/2_0" slope="0.00"/>
        <vehicle id="18" x="414.49" y="198.35" angle="90.00" type="DEFAULT_VEHTYPE" speed="8.32" pos="9.74" lane="2/1to3/1_0" slope="0.00"/>
        <vehicle id="2" x="601.65" y="398.20" angle="180.00" type="DEFAULT_VEHTYPE" speed="12.92" pos="2.95" lane=":3/2_9_0" slope="0.00"/>
        <vehicle id="24" x="323.29" y="598.35" angle="90.00" type="DEFAULT_VEHTYPE" speed="13.03" pos="118.54" lane="1/3to2/3_0" slope="0.00"/>
        <vehicle id="28" x="198.35" y="189.97" angle="0.00" type="DEFAULT_VEHTYPE" speed="8.88" pos="5.28" lane="1/1to1/0_0" slope="0.00"/>
        <vehicle id="29" x="610.87" y="201.65" angle="-90.00" type="DEFAULT_VEHTYPE" speed="5.14" pos="189.13" lane="4/1to3/1_0" slope="0.00"/>
        <vehicle id="3" x="488.88" y="198.35" angle="90.00" type="DEFAULT_VEHTYPE" speed="13.59" pos="84.13" lane="2/1to3/1_0" slope="0.00"/>
        <vehicle id="33" x="398.35" y="140.89" angle="0.00" type="DEFAULT_VEHTYPE" speed="13.44" pos="54.36" lane="2/1to2/0_0" slope="0.00"/>
        <vehicle id="37" x="201.65" y="321.55" angle="180.00" type="DEFAULT_VEHTYPE" speed="13.81" pos="116.80" lane="1/1to1/2_0" slope="0.00"/>
        <vehicle id="39" x="466.00" y="401.65" angle="-90.00" type="DEFAULT_VEHTYPE" speed="12.84" pos="129.25" lane="3/2to2/2_0" slope="0.00"/>
        <vehicle id="40" x="198.35" y="147.03" angle="0.00" type="DEFAULT_VEHTYPE" speed="13.72" pos="48.22" lane="1/1to1/0_0" slope="0.00"/>
        <vehicle id="42" x="389.81" y="598.35" angle="90.00" type="DEFAULT_VEHTYPE" speed="3.94" pos="185.06" lane="1/3to2/3_0" slope="0.00"/>
        <vehicle id="43" x="201.65" y="387.17" angle="180.00" type="DEFAULT_VEHTYPE" speed="13.68" pos="182.42" lane="1/1to1/2_0" slope="0.00"/>
        <vehicle id="44" x="601.65" y="291.32" angle="180.00" type="DEFAULT_VEHTYPE" speed="13.59" pos="86.57" lane="3/1to3/2_0" slope="0.00"/>
        <vehicle id="48" x="201.65" y="53.45" angle="180.00" type="DEFAULT_VEHTYPE" speed="13.00" pos="53.45" lane="1/0to1/1_0" slope="0.00"/>
        <vehicle id="49" x="65.52" y="398.35" angle="90.00" type="DEFAULT_VEHTYPE" speed="12.61" pos="65.52" lane="0/2to1/2_0" slope="0.00"/>
        <vehicle id="5" x="201.65" y="531.00" angle="180.00" type="DEFAULT_VEHTYPE" speed="13.21" pos="126.25" lane="1/2to1/3_0" slope="0.00"/>
        <vehicle id="6" x="201.65" y="214.50" angle="180.00" type="DEFAULT_VEHTYPE" speed="8.70" pos="9.75" lane="1/1to1/2_0" slope="0.00"/>
        <vehicle id="7" x="401.65" y="616.69" angle="180.00" type="DEFAULT_VEHTYPE" speed="8.43" pos="11.94" lane="2/3to2/4_0" slope="0.00"/>
        <vehicle id="8" x="398.35" y="89.83" angle="0.00" type="DEFAULT_VEHTYPE" speed="13.60" pos="105.42" lane="2/1to2/0_0" slope="0.00"/>
        <vehicle id="9" x="22.94" y="198.35" angle="90.00" type="DEFAULT_VEHTYPE" speed="12.61" pos="22.94" lane="0/1to1/1_0" slope="0.00"/>
    </timestep>
    <timestep time="479.00">
        <vehicle id="0" x="592.48" y="198.35" angle="90.00" type="DEFAULT_VEHTYPE" speed="0.29" pos="187.73" lane="2/1to3/1_0" slope="0.00"/>
        <vehicle id="10" x="548.09" y="401.65" angle="-90.00" type="DEFAULT_VEHTYPE" speed="13.02" pos="47.16" lane="3/2to2/2_0" slope="0.00"/>
        <vehicle id="11" x="387.49" y="401.65" angle="-90.00" type="DEFAULT_VEHTYPE" speed="13.14" pos="7.76" lane="2/2to1/2_0" slope="0.00"/>
        <vehicle id="15" x="398.35" y="349.38" angle="0.00" type="DEFAULT_VEHTYPE" speed="12.81" pos="45.87" lane="2/2to2/1_0" slope="0.00"/>
        <vehicle id="16" x="398.35" y="521.56" angle="0.00" type="DEFAULT_VEHTYPE" speed="12.69" pos="73.69" lane="2/3to2/2_0" slope="0.00"/>
        <vehicle id="17" x="398.35" y="458.18" angle="0.00" type="DEFAULT_VEHTYPE" speed="13.00" pos="137.07" lane="2/3to2/2_0" slope="0.00"/>
        <vehicle id="18" x="424.42" y="198.35" angle="90.00" type="DEFAULT_VEHTYPE" speed="9.93" pos="19.67" lane="2/1to3/1_0" slope="0.00"/>
        <vehicle id="2" x="601.65" y="411.79" angle="180.00" type="DEFAULT_VEHTYPE" speed="13.59" pos="7.04" lane="3/2to3/3_0" slope="0.00"/>
        <vehicle id="24" x="337.03" y="598.35" angle="90.00" type="DEFAULT_VEHTYPE" speed="13.74" pos="132.28" lane="1/3to2/3_0" slope="0.00"/>
        <vehicle id="28" x="198.35" y="179.24" angle="0.00" type="DEFAULT_VEHTYPE" speed="10.73" pos="16.01" lane="1/1to1/0_0" slope="0.00"/>
        <vehicle id="29" x="603.85" y="201.78" angle="-91.44" type="DEFAULT_VEHTYPE" speed="7.02" pos="0.91" lane=":3/1_4_0" slope="0.00"/>
        <vehicle id="3" x="502.13" y="198.35" angle="90.00" type="DEFAULT_VEHTYPE" speed="13.25" pos="97.38" lane="2/1to3/1_0" slope="0.00"/>
        <vehicle id="33" x="398.35" y="127.05" angle="0.00" type="DEFAULT_VEHTYPE" speed="13.85" pos="68.20" lane="2/1to2/0_0" slope="0.00"/>
        <vehicle id="37" x="201.65" y="335.38" angle="180.00" type="DEFAULT_VEHTYPE" speed="13.84" pos="130.63" lane="1/1to1/2_0" slope="0.00"/>
        <vehicle id="39" x="452.72" y="401.65" angle="-90.00" type="DEFAULT_VEHTYPE" speed="13.28" pos="142.53" lane="3/2to2/2_0" slope="0.00"/>
        <vehicle id="40" x="198.35" y="133.60" angle="0.00" type="DEFAULT_VEHTYPE" speed="13.43" pos="61.65" lane="1/1to1/0_0" slope="0.00"/>
        <vehicle id="42" x="395.98" y="598.45" angle="91.19" type="DEFAULT_VEHTYPE" speed="6.18" pos="0.74" lane=":2/3_14_0" slope="0.00"/>
        <vehicle id="43" x="201.65" y="400.19" angle="180.00" type="DEFAULT_VEHTYPE" speed="13.02" pos="4.94" lane=":1/2_9_0" slope="0.00"/>
        <vehicle id="44" x="601.65" y="304.63" angle="180.00" type="DEFAULT_VEHTYPE" speed="13.32" pos="99.88" lane="3/1to3/2_0" slope="0.00"/>
        <vehicle id="48" x="201.65" y="67.22" angle="180.00" type="DEFAULT_VEHTYPE" speed="13.77" pos="67.22" lane="1/0to1/1_0" slope="0.00"/>
        <vehicle id="49" x="78.37" y="398.35" angle="90.00" type="DEFAULT_VEHTYPE" speed="12.85" pos="78.37" lane="0/2to1/2_0" slope="0.00"/>
        <vehicle id="5" x="201.65" y="544.75" angle="180.00" type="DEFAULT_VEHTYPE" speed="13.75" pos="140.00" lane="1/2to1/3_0" slope="0.00"/>
        <vehicle id="6" x="201.65" y="224.74" angle="180.00" type="DEFAULT_VEHTYPE" speed="10.24" pos="19.99" lane="1/1to1/2_0" slope="0.00"/>
        <vehicle id="7" x="401.65" y="626.91" angle="180.00" type="DEFAULT_VEHTYPE" speed="10.23" pos="22.16" lane="2/3to2/4_0" slope="0.00"/>
        <vehicle id="8" x="398.35" y="76.61" angle="0.00" type="DEFAULT_VEHTYPE" speed="13.22" pos="118.64" lane="2/1to2/0_0" slope="0.00"/>
        <vehicle id="9" x="36.11" y="198.35" angle="90.00" type="DEFAULT_VEHTYPE" speed="13.17" pos="36.11" lane="0/1to1/1_0" slope="0.00"/>
    </timestep>
    <timestep time="480.00">
        <vehicle id="0" x="592.69" y="198.35" angle="90.00" type="DEFAULT_VEHTYPE" speed="0.22" pos="187.94" lane="2/1to3/1_0" slope="0.00"/>
        <vehicle id="10" x="535.33" y="401.65" angle="-90.00" type="DEFAULT_VEHTYPE" speed="12.76" pos="59.92" lane="3/2to2/2_0" slope="0.00"/>
        <vehicle id="11" x="374.78" y="401.65" angle="-90.00" type="DEFAULT_VEHTYPE" speed="12.71" pos="20.47" lane="2/2to1/2_0" slope="0.00"/>
        <vehicle id="15" x="398.35" y="336.37" angle="0.00" type="DEFAULT_VEHTYPE" speed="13.01" pos="58.88" lane="2/2to2/1_0" slope="0.00"/>
        <vehicle id="16" x="398.35" y="508.54" angle="0.00" type="DEFAULT_VEHTYPE" speed="13.02" pos="86.71" lane="2/3to2/2_0" slope="0.00"/>
        <vehicle id="17" x="398.35" y="445.34" angle="0.00" type="DEFAULT_VEHTYPE" speed="12.84" pos="149.91" lane="2/3to2/2_0" slope="0.00"/>
        <vehicle id="18" x="436.65" y="198.35" angle="90.00" type="DEFAULT_VEHTYPE" speed="12.22" pos="31.90" lane="2/1to3/1_0" slope="0.00"/>
        <vehicle id="2" x="601.65" y="424.91" angle="180.00" type="DEFAULT_VEHTYPE" speed="13.12" pos="20.16" lane="3/2to3/3_0" slope="0.00"/>
        <vehicle id="24" x="350.26" y="598.35" angle="90.00" type="DEFAULT_VEHTYPE" speed="13.23" pos="145.51" lane="1/3to2/3_0" slope="0.00"/>
        <vehicle id="28" x="198.35" y="165.94" angle="0.00" type="DEFAULT_VEHTYPE" speed="13.30" pos="29.31" lane="1/1to1/0_0" slope="0.00"/>
        <vehicle id="29" x="601.65" y="209.60" angle="-179.75" type="DEFAULT_VEHTYPE" speed="8.94" pos="4.85" lane="3/1to3/2_0" slope="0.00"/>
        <vehicle id="3" x="515.51" y="198.35" angle="90.00" type="DEFAULT_VEHTYPE" speed="13.38" pos="110.76" lane="2/1to3/1_0" slope="0.00"/>
        <vehicle id="33" x="398.35" y="113.23" angle="0.00" type="DEFAULT_VEHTYPE" speed="13.82" pos="82.02" lane="2/1to2/0_0" slope="0.00"/>
        <vehicle id="37" x="201.65" y="348.98" angle="180.00" type="DEFAULT_VEHTYPE" speed="13.60" pos="144.23" lane="1/1to1/2_0" slope="0.00"/>
        <vehicle id="39" x="439.98" y="401.65" angle="-90.00" type="DEFAULT_VEHTYPE" speed="12.74" pos="155.27" lane="3/2to2/2_0" slope="0.00"/>
        <vehicle id="40" x="198.35" y="120.24" angle="0.00" type="DEFAULT_VEHTYPE" speed="13.35" pos="75.01" lane="1/1to1/0_0" slope="0.00"/>
        <vehicle id="42" x="401.47" y="603.51" angle="150.24" type="DEFAULT_VEHTYPE" speed="8.34" pos="9.07" lane=":2/3_14_0" slope="0.00"/>
        <vehicle id="43" x="201.65" y="413.47" angle="180.00" type="DEFAULT_VEHTYPE" speed="13.28" pos="8.72" lane="1/2to1/3_0" slope="0.00"/>
        <vehicle id="44" x="601.65" y="317.37" angle="180.00" type="DEFAULT_VEHTYPE" speed="12.74" pos="112.62" lane="3/1to3/2_0" slope="0.00"/>
        <vehicle id="48" x="201.65" y="80.32" angle="180.00" type="DEFAULT_VEHTYPE" speed="13.10" pos="80.32" lane="1/0to1/1_0" slope="0.00"/>
        <vehicle id="49" x="92.07" y="398.35" angle="90.00" type="DEFAULT_VEHTYPE" speed="13.70" pos="92.07" lane="0/2to1/2_0" slope="0.00"/>
        <vehicle id="5" x="201.65" y="557.88" angle="180.00" type="DEFAULT_VEHTYPE" speed="13.13" pos="153.13" lane="1/2to1/3_0" slope="0.00"/>
        <vehicle id="6" x="201.65" y="237.07" angle="180.00" type="DEFAULT_VEHTYPE" speed="12.33" pos="32.32" lane="1/1to1/2_0" slope="0.00"/>
        <vehicle id="7" x="401.65" y="638.72" angle="180.00" type="DEFAULT_VEHTYPE" speed="11.81" pos="33.97" lane="2/3to2/4_0" slope="0.00"/>
        <vehicle id="8" x="398.35" y="63.26" angle="0.00" type="DEFAULT_VEHTYPE" speed="13.34" pos="131.99" lane="2/1to2/0_0" slope="0.00"/>
        <vehicle id="9" x="49.27" y="198.35" angle="90.00" type="DEFAULT_VEHTYPE" speed="13.16" pos="49.27" lane="0/1to1/1_0" slope="0.00"/>
    </timestep>
    <timestep time="481.00">
        <vehicle id="0" x="594.37" y="198.35" angle="90.00" type="DEFAULT_VEHTYPE" speed="1.68" pos="189.62" lane="2/1to3/1_0" slope="0.00"/>
        <vehicle id="10" x="522.13" y="401.65" angle="-90.00" type="DEFAULT_VEHTYPE" speed="13.20" pos="73.12" lane="3/2to2/2_0" slope="0.00"/>
        <vehicle id="11" x="361.98" y="401.65" angle="-90.00" type="DEFAULT_VEHTYPE" speed="12.80" pos="33.27" lane="2/2to1/2_0" slope="0.00"/>
        <vehicle id="15" x="398.35" y="322.99" angle="0.00" type="DEFAULT_VEHTYPE" speed="13.38" pos="72.26" lane="2/2to2/1_0" slope="0.00"/>
        <vehicle id="16" x="398.35" y="495.01" angle="0.00" type="DEFAULT_VEHTYPE" speed="13.53" pos="100.24" lane="2/3to2/2_0" slope="0.00"/>
        <vehicle id="17" x="398.35" y="431.82" angle="0.00" type="DEFAULT_VEHTYPE" speed="13.52" pos="163.43" lane="2/3to2/2_0" slope="0.00"/>
        <vehicle id="18" x="450.42" y="198.35" angle="90.00" type="DEFAULT_VEHTYPE" speed="13.77" pos="45.67" lane="2/1to3/1_0" slope="0.00"/>
        <vehicle id="2" x="601.65" y="437.88" angle="180.00" type="DEFAULT_VEHTYPE" speed="12.98" pos="33.13" lane="3/2to3/3_0" slope="0.00"/>
        <vehicle id="24" x="362.90" y="598.35" angle="90.00" type="DEFAULT_VEHTYPE" speed="12.64" pos="158.15" lane="1/3to2/3_0" slope="0.00"/>
        <vehicle id="28" x="198.35" y="152.56" angle="0.00" type="DEFAULT_VEHTYPE" speed="13.38" pos="42.69" lane="1/1to1/0_0" slope="0.00"/>
        <vehicle id="29" x="601.65" y="220.60" angle="180.00" type="DEFAULT_VEHTYPE" speed="11.00" pos="15.85" lane="3/1to3/2_0" slope="0.00"/>
        <vehicle id="3" x="528.71" y="198.35" angle="90.00" type="DEFAULT_VEHTYPE" speed="13.20" pos="123.96" lane="2/1to3/1_0" slope="0.00"/>
        <vehicle id="33" x="398.35" y="100.61" angle="0.00" type="DEFAULT_VEHTYPE" speed="12.62" pos="94.64" lane="2/1to2/0_0" slope="0.00"/>
        <vehicle id="37" x="201.65" y="362.01" angle="180.00" type="DEFAULT_VEHTYPE" speed="13.03" pos="157.26" lane="1/1to1/2_0" slope="0.00"/>
        <vehicle id="39" x="427.62" y="401.65" angle="-90.00" type="DEFAULT_VEHTYPE" speed="12.36" pos="167.63" lane="3/2to2/2_0" slope="0.00"/>
        <vehicle id="40" x="198.35" y="107.14" angle="0.00" type="DEFAULT_VEHTYPE" speed="13.11" pos="88.11" lane="1/1to1/0_0" slope="0.00"/>
        <vehicle id="42" x="401.65" y="613.94" angle="180.00" type="DEFAULT_VEHTYPE" speed="10.44" pos="9.19" lane="2/3to2/4_0" slope="0.00"/>
        <vehicle id="43" x="201.65" y="427.01" angle="180.00" type="DEFAULT_VEHTYPE" speed="13.54" pos="22.26" lane="1/2to1/3_0" slope="0.00"/>
        <vehicle id="44" x="601.65" y="330.05" angle="180.00" type="DEFAULT_VEHTYPE" speed="12.67" pos="125.30" lane="3/1to3/2_0" slope="0.00"/>
        <vehicle id="48" x="201.65" y="93.46" angle="180.00" type="DEFAULT_VEHTYPE" speed="13.15" pos="93.46" lane="1/0to1/1_0" slope="0.00"/>
        <vehicle id="49" x="105.73" y="398.35" angle="90.00" type="DEFAULT_VEHTYPE" speed="13.65" pos="105.73" lane="0/2to1/2_0" slope="0.00"/>
        <vehicle id="5" x="201.65" y="571.49" angle="180.00" type="DEFAULT_VEHTYPE" speed="13.61" pos="166.74" lane="1/2to1/3_0" slope="0.00"/>
        <vehicle id="6" x="201.65" y="250.60" angle="180.00" type="DEFAULT_VEHTYPE" speed="13.53" pos="45.85" lane="1/1to1/2_0" slope="0.00"/>
        <vehicle id="7" x="401.65" y="652.41" angle="180.00" type="DEFAULT_VEHTYPE" speed="13.69" pos="47.66" lane="2/3to2/4_0" slope="0.00"/>
        <vehicle id="8" x="398.35" y="50.33" angle="0.00" type="DEFAULT_VEHTYPE" speed="12.93" pos="144.92" lane="2/1to2/0_0" slope="0.00"/>
        <vehicle id="9" x="62.19" y="198.35" angle="90.00" type="DEFAULT_VEHTYPE" speed="12.93" pos="62.19" lane="0/1to1/1_0" slope="0.00"/>
    </timestep>
    <timestep time="482.00">
        <vehicle id="0" x="598.17" y="198.82" angle="95.43" type="DEFAULT_VEHTYPE" speed="3.84" pos="2.97" lane=":3/1_14_0" slope="0.00"/>
        <vehicle id="10" x="509.47" y="401.65" angle="-90.00" type="DEFAULT_VEHTYPE" speed="12.66" pos="85.78" lane="3/2to2/2_0" slope="0.00"/>
        <vehicle id="11" x="348.88" y="401.65" angle="-90.00" type="DEFAULT_VEHTYPE" speed="13.09" pos="46.37" lane="2/2to1/2_0" slope="0.00"/>
        <vehicle id="15" x="398.35" y="309.34" angle="0.00" type="DEFAULT_VEHTYPE" speed="13.65" pos="85.91" lane="2/2to2/1_0" slope="0.00"/>
        <vehicle id="16" x="398.35" y="481.34" angle="0.00" type="DEFAULT_VEHTYPE" speed="13.67" pos="113.91" lane="2/3to2/2_0" slope="0.00"/>
        <vehicle id="17" x="398.35" y="418.43" angle="0.00" type="DEFAULT_VEHTYPE" speed="13.39" pos="176.82" lane="2/3to2/2_0" slope="0.00"/>
        <vehicle id="18" x="463.69" y="198.35" angle="90.00" type="DEFAULT_VEHTYPE" speed="13.27" pos="58.94" lane="2/1to3/1_0" slope="0.00"/>
        <vehicle id="2" x="601.65" y="450.51" angle="180.00" type="DEFAULT_VEHTYPE" speed="12.63" pos="45.76" lane="3/2to3/3_0" slope="0.00"/>
        <vehicle id="24" x="375.21" y="598.35" angle="90.00" type="DEFAULT_VEHTYPE" speed="12.31" pos="170.46" lane="1/3to2/3_0" slope="0.00"/>
        <vehicle id="28" x="198.35" y="139.28" angle="0.00" type="DEFAULT_VEHTYPE" speed="13.28" pos="55.97" lane="1/1to1/0_0" slope="0.00"/>
        <vehicle id="29" x="601.65" y="233.20" angle="180.00" type="DEFAULT_VEHTYPE" speed="12.60" pos="28.45" lane="3/1to3/2_0" slope="0.00"/>
        <vehicle id="3" x="541.69" y="198.35" angle="90.00" type="DEFAULT_VEHTYPE" speed="12.98" pos="136.94" lane="2/1to3/1_0" slope="0.00"/>
        <vehicle id="33" x="398.35" y="87.66" angle="0.00" type="DEFAULT_VEHTYPE" speed="12.95" pos="107.59" lane="2/1to2/0_0" slope="0.00"/>
        <vehicle id="37" x="201.65" y="374.80" angle="180.00" type="DEFAULT_VEHTYPE" speed="12.79" pos="170.05" lane="1/1to1/2_0" slope="0.00"/>
        <vehicle id="39" x="418.84" y="401.65" angle="-90.00" type="DEFAULT_VEHTYPE" speed="8.78" pos="176.41" lane="3/2to2/2_0" slope="0.00"/>
        <vehicle id="40" x="198.35" y="94.49" angle="0.00" type="DEFAULT_VEHTYPE" speed="12.64" pos="100.76" lane="1/1to1/0_0" slope="0.00"/>
        <vehicle id="42" x="401.65" y="626.28" angle="180.00" type="DEFAULT_VEHTYPE" speed="12.34" pos="21.53" lane="2/3to2/4_0" slope="0.00"/>
        <vehicle id="43" x="201.65" y="440.13" angle="180.00" type="DEFAULT_VEHTYPE" speed="13.12" pos="35.38" lane="1/2to1/3_0" slope="0.00"/>
        <vehicle id="44" x="601.65" y="343.71" angle="180.00" type="DEFAULT_VEHTYPE" speed="13.66" pos="138.96" lane="3/1to3/2_0" slope="0.00"/>
        <vehicle id="48" x="201.65" y="106.77" angle="180.00" type="DEFAULT_VEHTYPE" speed="13.31" pos="106.77" lane="1/0to1/1_0" slope="0.00"/>
        <vehicle id="49" x="119.07" y="398.35" angle="90.00" type="DEFAULT_VEHTYPE" speed="13.34" pos="119.07" lane="0/2to1/2_0" slope="0.00"/>
        <vehicle id="5" x="201.65" y="585.15" angle="180.00" type="DEFAULT_VEHTYPE" speed="13.66" pos="180.40" lane="1/2to1/3_0" slope="0.00"/>
        <vehicle id="6" x="201.65" y="263.99" angle="180.00" type="DEFAULT_VEHTYPE" speed="13.39" pos="59.24" lane="1/1to1/2_0" slope="0.00"/>
        <vehicle id="7" x="401.65" y="665.80" angle="180.00" type="DEFAULT_VEHTYPE" speed="13.39" pos="61.05" lane="2/3to2/4_0" slope="0.00"/>
        <vehicle id="8" x="398.35" y="36.97" angle="0.00" type="DEFAULT_VEHTYPE" speed="13.36" pos="158.28" lane="2/1to2/0_0" slope="0.00"/>
        <vehicle id="9" x="75.16" y="198.35" angle="90.00" type="DEFAULT_VEHTYPE" speed="12.97" pos="75.16" lane="0/1to1/1_0" slope="0.00"/>
    </timestep>
    <timestep time="483.00">
        <vehicle id="0" x="601.45" y="203.32" angle="148.17" type="DEFAULT_VEHTYPE" speed="5.91" pos="8.87" lane=":3/1_14_0" slope="0.00"/>
        <vehicle id="10" x="495.80" y="401.65" angle="-90.00" type="DEFAULT_VEHTYPE" speed="13.67" pos="99.45" lane="3/2to2/2_0" slope="0.00"/>
        <vehicle id="11" x="335.66" y="401.65" angle="-90.00" type="DEFAULT_VEHTYPE" speed="13.22" pos="59.59" lane="2/2to1/2_0" slope="0.00"/>
        <vehicle id="15" x="398.35" y="295.57" angle="0.00" type="DEFAULT_VEHTYPE" speed="13.77" pos="99.68" lane="2/2to2/1_0" slope="0.00"/>
        <vehicle id="16" x="398.35" y="468.47" angle="0.00" type="DEFAULT_VEHTYPE" speed="12.87" pos="126.78" lane="2/3to2/2_0" slope="0.00"/>
        <vehicle id="17" x="398.35" y="405.72" angle="0.00" type="DEFAULT_VEHTYPE" speed="12.71" pos="189.53" lane="2/3to2/2_0" slope="0.00"/>
        <vehicle id="18" x="476.64" y="198.35" angle="90.00" type="DEFAULT_VEHTYPE" speed="12.95" pos="71.89" lane="2/1to3/1_0" slope="0.00"/>
        <vehicle id="2" x="601.65" y="463.51" angle="180.00" type="DEFAULT_VEHTYPE" speed="13.00" pos="58.76" lane="3/2to3/3_0" slope="0.00"/>
        <vehicle id="24" x="383.29" y="598.35" angle="90.00" type="DEFAULT_VEHTYPE" speed="8.08" pos="178.54" lane="1/3to2/3_0" slope="0.00"/>
        <vehicle id="28" x="198.35" y="126.51" angle="0.00" type="DEFAULT_VEHTYPE" speed="12.77" pos="68.74" lane="1/1to1/0_0" slope="0.00"/>
        <vehicle id="29" x="601.65" y="246.55" angle="180.00" type="DEFAULT_VEHTYPE" speed="13.35" pos="41.80" lane="3/1to3/2_0" slope="0.00"/>
        <vehicle id="3" x="554.56" y="198.35" angle="90.00" type="DEFAULT_VEHTYPE" speed="12.87" pos="149.81" lane="2/1to3/1_0" slope="0.00"/>
        <vehicle id="33" x="398.35" y="74.28" angle="0.00" type="DEFAULT_VEHTYPE" speed="13.37" pos="120.97" lane="2/1to2/0_0" slope="0.00"/>
        <vehicle id="37" x="201.65" y="388.28" angle="180.00" type="DEFAULT_VEHTYPE" speed="13.49" pos="183.53" lane="1/1to1/2_0" slope="0.00"/>
        <vehicle id="39" x="413.33" y="401.65" angle="-90.00" type="DEFAULT_VEHTYPE" speed="5.51" pos="181.92" lane="3/2to2/2_0" slope="0.00"/>
        <vehicle id="40" x="198.35" y="80.65" angle="0.00" type="DEFAULT_VEHTYPE" speed="13.84" pos="114.60" lane="1/1to1/0_0" slope="0.00"/>
        <vehicle id="42" x="401.65" y="638.93" angle="180.00" type="DEFAULT_VEHTYPE" speed="12.64" pos="34.18" lane="2/3to2/4_0" slope="0.00"/>
        <vehicle id="43" x="201.65" y="452.80" angle="180.00" type="DEFAULT_VEHTYPE" speed="12.67" pos="48.05" lane="1/2to1/3_0" slope="0.00"/>
        <vehicle id="44" x="601.65" y="356.76" angle="180.00" type="DEFAULT_VEHTYPE" speed="13.06" pos="152.01" lane="3/1to3/2_0" slope="0.00"/>
        <vehicle id="48" x="201.65" y="119.68" angle="180.00" type="DEFAULT_VEHTYPE" speed="12.90" pos="119.68" lane="1/0to1/1_0" slope="0.00"/>
        <vehicle id="49" x="132.15" y="398.35" angle="90.00" type="DEFAULT_VEHTYPE" speed="13.08" pos="132.15" lane="0/2to1/2_0" slope="0.00"/>
        <vehicle id="5" x="203.31" y="598.11" angle="159.03" type="DEFAULT_VEHTYPE" speed="13.63" pos="3.53" lane=":1/3_8_0" slope="0.00"/>
        <vehicle id="6" x="201.65" y="277.11" angle="180.00" type="DEFAULT_VEHTYPE" speed="13.12" pos="72.36" lane="1/1to1/2_0" slope="0.00"/>
        <vehicle id="7" x="401.65" y="678.95" angle="180.00" type="DEFAULT_VEHTYPE" speed="13.15" pos="74.20" lane="2/3to2/4_0" slope="0.00"/>
        <vehicle id="8" x="398.35" y="24.07" angle="0.00" type="DEFAULT_VEHTYPE" speed="12.90" pos="171.18" lane="2/1to2/0_0" slope="0.00"/>
        <vehicle id="9" x="88.08" y="198.35" angle="90.00" type="DEFAULT_VEHTYPE" speed="12.92" pos="88.08" lane="0/1to1/1_0" slope="0.00"/>
    </timestep>
    <timestep time="484.00">
        <vehicle id="0" x="601.65" y="211.54" angle="180.00" type="DEFAULT_VEHTYPE" speed="8.24" pos="6.79" lane="3/1to3/2_0" slope="0.00"/>
        <vehicle id="10" x="482.48" y="401.65" angle="-90.00" type="DEFAULT_VEHTYPE" speed="13.32" pos="112.77" lane="3/2to2/2_0" slope="0.00"/>
        <vehicle id="11" x="322.04" y="401.65" angle="-90.00" type="DEFAULT_VEHTYPE" speed="13.63" pos="73.21" lane="2/2to1/2_0" slope="0.00"/>
        <vehicle id="15" x="398.35" y="282.77" angle="0.00" type="DEFAULT_VEHTYPE" speed="12.80" pos="112.48" lane="2/2to2/1_0" slope="0.00"/>
        <vehicle id="16" x="398.35" y="455.77" angle="0.00" type="DEFAULT_VEHTYPE" speed="12.70" pos="139.48" lane="2/3to2/2_0" slope="0.00"/>
        <vehicle id="17" x="398.35" y="391.82" angle="0.00" type="DEFAULT_VEHTYPE" speed="13.89" pos="3.43" lane="2/2to2/1_0" slope="0.00"/>
        <vehicle id="18" x="489.39" y="198.35" angle="90.00" type="DEFAULT_VEHTYPE" speed="12.75" pos="84.64" lane="2/1to3/1_0" slope="0.00"/>
        <vehicle id="2" x="601.65" y="476.17" angle="180.00" type="DEFAULT_VEHTYPE" speed="12.66" pos="71.42" lane="3/2to3/3_0" slope="0.00"/>
        <vehicle id="24" x="388.80" y="598.35" angle="90.00" type="DEFAULT_VEHTYPE" speed="5.50" pos="184.05" lane="1/3to2/3_0" slope="0.00"/>
        <vehicle id="28" x="198.35" y="113.44" angle="0.00" type="DEFAULT_VEHTYPE" speed="13.07" pos="81.81" lane="1/1to1/0_0" slope="0.00"/>
        <vehicle id="29" x="601.65" y="259.44" angle="180.00" type="DEFAULT_VEHTYPE" speed="12.89" pos="54.69" lane="3/1to3/2_0" slope="0.00"/>
        <vehicle id="3" x="567.88" y="198.35" angle="90.00" type="DEFAULT_VEHTYPE" speed="13.31" pos="163.13" lane="2/1to3/1_0" slope="0.00"/>
        <vehicle id="33" x="398.35" y="61.59" angle="0.00" type="DEFAULT_VEHTYPE" speed="12.69" pos="133.66" lane="2/1to2/0_0" slope="0.00"/>
        <vehicle id="37" x="201.65" y="401.86" angle="180.00" type="DEFAULT_VEHTYPE" speed="13.57" pos="6.61" lane=":1/2_9_0" slope="0.00"/>
        <vehicle id="39" x="409.97" y="401.65" angle="-90.00" type="DEFAULT_VEHTYPE" speed="3.36" pos="185.28" lane="3/2to2/2_0" slope="0.00"/>
        <vehicle id="40" x="198.35" y="67.81" angle="0.00" type="DEFAULT_VEHTYPE" speed="12.84" pos="127.44" lane="1/1to1/0_0" slope="0.00"/>
        <vehicle id="42" x="401.65" y="652.73" angle="180.00" type="DEFAULT_VEHTYPE" speed="13.80" pos="47.98" lane="2/3to2/4_0" slope="0.00"/>
        <vehicle id="43" x="201.65" y="466.00" angle="180.00" type="DEFAULT_VEHTYPE" speed="13.20" pos="61.25" lane="1/2to1/3_0" slope="0.00"/>
        <vehicle id="44" x="601.65" y="369.55" angle="180.00" type="DEFAULT_VEHTYPE" speed="12.79" pos="164.80" lane="3/1to3/2_0" slope="0.00"/>
        <vehicle id="48" x="201.65" y="132.59" angle="180.00" type="DEFAULT_VEHTYPE" speed="12.91" pos="132.59" lane="1/0to1/1_0" slope="0.00"/>
        <vehicle id="49" x="145.27" y="398.35" angle="90.00" type="DEFAULT_VEHTYPE" speed="13.11" pos="145.27" lane="0/2to1/2_0" slope="0.00"/>
        <vehicle id="5" x="215.91" y="598.35" angle="90.00" type="DEFAULT_VEHTYPE" speed="12.62" pos="11.16" lane="1/3to2/3_0" slope="0.00"/>
        <vehicle id="6" x="201.65" y="290.31" angle="180.00" type="DEFAULT_VEHTYPE" speed="13.21" pos="85.56" lane="1/1to1/2_0" slope="0.00"/>
        <vehicle id="7" x="401.65" y="692.33" angle="180.00" type="DEFAULT_VEHTYPE" speed="13.38" pos="87.58" lane="2/3to2/4_0" slope="0.00"/>
        <vehicle id="8" x="398.35" y="10.98" angle="0.00" type="DEFAULT_VEHTYPE" speed="13.10" pos="184.27" lane="2/1to2/0_0" slope="0.00"/>
        <vehicle id="9" x="101.29" y="198.35" angle="90.00" type="DEFAULT_VEHTYPE" speed="13.21" pos="101.29" lane="0/1to1/1_0" slope="0.00"/>
    </timestep>
    <timestep time="485.00">
        <vehicle id="0" x="601.65" y="221.79" angle="180.00" type="DEFAULT_VEHTYPE" speed="10.25" pos="17.04" lane="3/1to3/2_0" slope="0.00"/>
        <vehicle id="10" x="468.89" y="401.65" angle="-90.00" type="DEFAULT_VEHTYPE" speed="13.59" pos="126.36" lane="3/2to2/2_0" slope="0.00"/>
        <vehicle id="11" x="309.40" y="401.65" angle="-90.00" type="DEFAULT_VEHTYPE" speed="12.64" pos="85.85" lane="2/2to1/2_0" slope="0.00"/>
        <vehicle id="15" x="398.35" y="270.01" angle="0.00" type="DEFAULT_VEHTYPE" speed="12.76" pos="125.24" lane="2/2to2/1_0" slope="0.00"/>
        <vehicle id="16" x="398.35" y="442.46" angle="0.00" type="DEFAULT_VEHTYPE" speed="13.30" pos="152.79" lane="2/3to2/2_0" slope="0.00"/>
        <vehicle id="17" x="398.35" y="378.71" angle="0.00" type="DEFAULT_VEHTYPE" speed="13.11" pos="16.54" lane="2/2to2/1_0" slope="0.00"/>
        <vehicle id="18" x="502.87" y="198.35" angle="90.00" type="DEFAULT_VEHTYPE" speed="13.48" pos="98.12" lane="2/1to3/1_0" slope="0.00"/>
        <vehicle id="2" x="601.65" y="489.88" angle="180.00" type="DEFAULT_VEHTYPE" speed="13.71" pos="85.13" lane="3/2to3/3_0" slope="0.00"/>
        <vehicle id="24" x="396.72" y="598.56" angle="92.41" type="DEFAULT_VEHTYPE" speed="7.94" pos="1.49" lane=":2/3_14_0" slope="0.00"/>
        <vehicle id="28" x="198.35" y="100.14" angle="0.00" type="DEFAULT_VEHTYPE" speed="13.30" pos="95.11" lane="1/1to1/0_0" slope="0.00"/>
        <vehicle id="29" x="601.65" y="272.88" angle="180.00" type="DEFAULT_VEHTYPE" speed="13.44" pos="68.13" lane="3/1to3/2_0" slope="0.00"/>
        <vehicle id="3" x="578.92" y="198.35" angle="90.00" type="DEFAULT_VEHTYPE" speed="11.05" pos="174.17" lane="2/1to3/1_0" slope="0.00"/>
        <vehicle id="33" x="398.35" y="48.28" angle="0.00" type="DEFAULT_VEHTYPE" speed="13.32" pos="146.97" lane="2/1to2/0_0" slope="0.00"/>
        <vehicle id="37" x="201.65" y="414.71" angle="180.00" type="DEFAULT_VEHTYPE" speed="12.85" pos="9.96" lane="1/2to1/3_0" slope="0.00"/>
        <vehicle id="39" x="405.06" y="401.65" angle="-90.00" type="DEFAULT_VEHTYPE" speed="4.91" pos="190.19" lane="3/2to2/2_0" slope="0.00"/>
        <vehicle id="40" x="198.35" y="54.13" angle="0.00" type="DEFAULT_VEHTYPE" speed="13.68" pos="141.12" lane="1/1to1/0_0" slope="0.00"/>
        <vehicle id="42" x="401.65" y="666.36" angle="180.00" type="DEFAULT_VEHTYPE" speed="13.63" pos="61.61" lane="2/3to2/4_0" slope="0.00"/>
        <vehicle id="43" x="201.65" y="479.86" angle="180.00" type="DEFAULT_VEHTYPE" speed="13.86" pos="75.11" lane="1/2to1/3_0" slope="0.00"/>
        <vehicle id="44" x="601.65" y="382.85" angle="180.00" type="DEFAULT_VEHTYPE" speed="13.30" pos="178.10" lane="3/1to3/2_0" slope="0.00"/>
        <vehicle id="48" x="201.65" y="145.68" angle="180.00" type="DEFAULT_VEHTYPE" speed="13.09" pos="145.68" lane="1/0to1/1_0" slope="0.00"/>
        <vehicle id="49" x="158.03" y="398.35" angle="90.00" type="DEFAULT_VEHTYPE" speed="12.76" pos="158.03" lane="0/2to1/2_0" slope="0.00"/>
        <vehicle id="5" x="228.64" y="598.35" angle="90.00" type="DEFAULT_VEHTYPE" speed="12.73" pos="23.89" lane="1/3to2/3_0" slope="0.00"/>
        <vehicle id="6" x="201.65" y="304.03" angle="180.00" type="DEFAULT_VEHTYPE" speed="13.72" pos="99.28" lane="1/1to1/2_0" slope="0.00"/>
        <vehicle id="7" x="401.65" y="705.29" angle="180.00" type="DEFAULT_VEHTYPE" speed="12.96" pos="100.54" lane="2/3to2/4_0" slope="0.00"/>
        <vehicle id="8" x="400.33" y="-1.48" angle="28.22" type="DEFAULT_VEHTYPE" speed="13.76" pos="2.79" lane=":2/0_0_0" slope="0.00"/>
        <vehicle id="9" x="114.26" y="198.35" angle="90.00" type="DEFAULT_VEHTYPE" speed="12.97" pos="114.26" lane="0/1to1/1_0" slope="0.00"/>
    </timestep>
    <timestep time="486.00">
        <vehicle id="0" x="601.65" y="233.79" angle="180.00" type="DEFAULT_VEHTYPE" speed="12.00" pos="29.04" lane="3/1to3/2_0" slope="0.00"/>
        <vehicle id="10" x="455.21" y="401.65" angle="-90.00" type="DEFAULT_VEHTYPE" speed="13.68" pos="140.04" lane="3/2to2/2_0" slope="0.00"/>
        <vehicle id="11" x="296.48" y="401.65" angle="-90.00" type="DEFAULT_VEHTYPE" speed="12.92" pos="98.77" lane="2/2to1/2_0" slope="0.00"/>
        <vehicle id="15" x="398.35" y="257.20" angle="0.00" type="DEFAULT_VEHTYPE" speed="12.82" pos="138.05" lane="2/2to2/1_0" slope="0.00"/>
        <vehicle id="16" x="398.35" y="429.42" angle="0.00" type="DEFAULT_VEHTYPE" speed="13.04" pos="165.83" lane="2/3to2/2_0" slope="0.00"/>
        <vehicle id="17" x="398.35" y="365.31" angle="0.00" type="DEFAULT_VEHTYPE" speed="13.40" pos="29.94" lane="2/2to2/1_0" slope="0.00"/>
        <vehicle id="18" x="515.60" y="198.35" angle="90.00" type="DEFAULT_VEHTYPE" speed="12.73" pos="110.85" lane="2/1to3/1_0" slope="0.00"/>
        <vehicle id="2" x="601.65" y="503.57" angle="180.00" type="DEFAULT_VEHTYPE" speed="13.69" pos="98.82" lane="3/2to3/3_0" slope="0.00"/>
        <vehicle id="24" x="401.65" y="605.98" angle="169.65" type="DEFAULT_VEHTYPE" speed="10.07" pos="1.23" lane="2/3to2/4_0" slope="0.00"/>
        <vehicle id="28" x="198.35" y="86.54" angle="0.00" type="DEFAULT_VEHTYPE" speed="13.61" pos="108.71" lane="1/1to1/0_0" slope="0.00"/>
        <vehicle id="29" x="601.65" y="285.86" angle="180.00" type="DEFAULT_VEHTYPE" speed="12.98" pos="81.11" lane="3/1to3/2_0" slope="0.00"/>
        <vehicle id="3" x="586.27" y="198.35" angle="90.00" type="DEFAULT_VEHTYPE" speed="7.35" pos="181.52" lane="2/1to3/1_0" slope="0.00"/>
        <vehicle id="33" x="398.35" y="34.61" angle="0.00" type="DEFAULT_VEHTYPE" speed="13.67" pos="160.64" lane="2/1to2/0_0" slope="0.00"/>
        <vehicle id="37" x="201.65" y="427.75" angle="180.00" type="DEFAULT_VEHTYPE" speed="13.04" pos="23.00" lane="1/2to1/3_0" slope="0.00"/>
        <vehicle id="39" x="398.41" y="401.65" angle="-90.00" type="DEFAULT_VEHTYPE" speed="6.66" pos="6.34" lane=":2/2_5_0" slope="0.00"/>
        <vehicle id="40" x="198.35" y="41.26" angle="0.00" type="DEFAULT_VEHTYPE" speed="12.87" pos="153.99" lane="1/1to1/0_0" slope="0.00"/>
        <vehicle id="42" x="401.65" y="679.32" angle="180.00" type="DEFAULT_VEHTYPE" speed="12.96" pos="74.57" lane="2/3to2/4_0" slope="0.00"/>
        <vehicle id="43" x="201.65" y="493.26" angle="180.00" type="DEFAULT_VEHTYPE" speed="13.40" pos="88.51" lane="1/2to1/3_0" slope="0.00"/>
        <vehicle id="44" x="601.65" y="396.43" angle="180.00" type="DEFAULT_VEHTYPE" speed="13.58" pos="1.18" lane=":3/2_9_0" slope="0.00"/>
        <vehicle id="48" x="201.65" y="159.49" angle="180.00" type="DEFAULT_VEHTYPE" speed="13.81" pos="159.49" lane="1/0to1/1_0" slope="0.00"/>
        <vehicle id="49" x="170.51" y="398.35" angle="90.00" type="DEFAULT_VEHTYPE" speed="12.48" pos="170.51" lane="0/2to1/2_0" slope="0.00"/>
        <vehicle id="5" x="241.54" y="598.35" angle="90.00" type="DEFAULT_VEHTYPE" speed="12.91" pos="36.79" lane="1/3to2/3_0" slope="0.00"/>
        <vehicle id="6" x="201.65" y="317.45" angle="180.00" type="DEFAULT_VEHTYPE" speed="13.42" pos="112.70" lane="1/1to1/2_0" slope="0.00"/>
        <vehicle id="7" x="401.65" y="718.94" angle="180.00" type="DEFAULT_VEHTYPE" speed="13.64" pos="114.19" lane="2/3to2/4_0" slope="0.00"/>
        <vehicle id="8" x="401.65" y="11.64" angle="180.00" type="DEFAULT_VEHTYPE" speed="13.67" pos="11.64" lane="2/0to2/1_0" slope="0.00"/>
        <vehicle id="9" x="127.49" y="198.35" angle="90.00" type="DEFAULT_VEHTYPE" speed="13.23" pos="127.49" lane="0/1to1/1_0" slope="0.00"/>
    </timestep>
    <timestep time="487.00">
        <vehicle id="0" x="601.65" y="246.81" angle="180.00" type="DEFAULT_VEHTYPE" speed="13.02" pos="42.06" lane="3/1to3/2_0" slope="0.00"/>
        <vehicle id="10" x="441.74" y="401.65" angle="-90.00" type="DEFAULT_VEHTYPE" speed="13.47" pos="153.51" lane="3/2to2/2_0" slope="0.00"/>
        <vehicle id="11" x="283.54" y="401.65" angle="-90.00" type="DEFAULT_VEHTYPE" speed="12.95" pos="111.71" lane="2/2to1/2_0" slope="0.00"/>
        <vehicle id="15" x="398.35" y="244.20" angle="0.00" type="DEFAULT_VEHTYPE" speed="13.00" pos="151.05" lane="2/2to2/1_0" slope="0.00"/>
        <vehicle id="16" x="398.35" y="417.51" angle="0.00" type="DEFAULT_VEHTYPE" speed="11.91" pos="177.74" lane="2/3to2/2_0" slope="0.00"/>
        <vehicle id="17" x="398.35" y="352.36" angle="0.00" type="DEFAULT_VEHTYPE" speed="12.95" pos="42.89" lane="2/2to2/1_0" slope="0.00"/>
        <vehicle id="18" x="528.77" y="198.35" angle="90.00" type="DEFAULT_VEHTYPE" speed="13.17" pos="124.02" lane="2/1to3/1_0" slope="0.00"/>
        <vehicle id="2" x="601.65" y="517.46" angle="180.00" type="DEFAULT_VEHTYPE" speed="13.89" pos="112.71" lane="3/2to3/3_0" slope="0.00"/>
        <vehicle id="24" x="401.65" y="617.84" angle="180.00" type="DEFAULT_VEHTYPE" speed="11.86" pos="13.09" lane="2/3to2/4_0" slope="0.00"/>
        <vehicle id="28" x="198.35" y="73.65" angle="0.00" type="DEFAULT_VEHTYPE" speed="12.89" pos="121.60" lane="1/1to1/0_0" slope="0.00"/>
        <vehicle id="29" x="601.65" y="299.12" angle="180.00" type="DEFAULT_VEHTYPE" speed="13.26" pos="94.37" lane="3/1to3/2_0" slope="0.00"/>
        <vehicle id="3" x="590.25" y="198.35" angle="90.00" type="DEFAULT_VEHTYPE" speed="3.98" pos="185.50" lane="2/1to3/1_0" slope="0.00"/>
        <vehicle id="33" x="398.35" y="20.95" angle="0.00" type="DEFAULT_VEHTYPE" speed="13.66" pos="174.30" lane="2/1to2/0_0" slope="0.00"/>
        <vehicle id="37" x="201.65" y="441.49" angle="180.00" type="DEFAULT_VEHTYPE" speed="13.74" pos="36.74" lane="1/2to1/3_0" slope="0.00"/>
        <vehicle id="39" x="390.18" y="401.65" angle="-90.00" type="DEFAULT_VEHTYPE" speed="8.22" pos="5.07" lane="2/2to1/2_0" slope="0.00"/>
        <vehicle id="40" x="198.35" y="27.78" angle="0.00" type="DEFAULT_VEHTYPE" speed="13.48" pos="167.47" lane="1/1to1/0_0" slope="0.00"/>
        <vehicle id="42" x="401.65" y="692.02" angle="180.00" type="DEFAULT_VEHTYPE" speed="12.70" pos="87.27" lane="2/3to2/4_0" slope="0.00"/>
        <vehicle id="43" x="201.65" y="506.86" angle="180.00" type="DEFAULT_VEHTYPE" speed="13.60" pos="102.11" lane="1/2to1/3_0" slope="0.00"/>
        <vehicle id="44" x="601.65" y="410.02" angle="180.00" type="DEFAULT_VEHTYPE" speed="13.59" pos="5.27" lane="3/2to3/3_0" slope="0.00"/>
        <vehicle id="48" x="201.65" y="172.13" angle="180.00" type="DEFAULT_VEHTYPE" speed="12.64" pos="172.13" lane="1/0to1/1_0" slope="0.00"/>
        <vehicle id="49" x="180.21" y="398.35" angle="90.00" type="DEFAULT_VEHTYPE" speed="9.70" pos="180.21" lane="0/2to1/2_0" slope="0.00"/>
        <vehicle id="5" x="254.90" y="598.35" angle="90.00" type="DEFAULT_VEHTYPE" speed="13.36" pos="50.15" lane="1/3to2/3_0" slope="0.00"/>
        <vehicle id="6" x="201.65" y="330.70" angle="180.00" type="DEFAULT_VEHTYPE" speed="13.25" pos="125.95" lane="1/1to1/2_0" slope="0.00"/>
        <vehicle id="7" x="401.65" y="731.68" angle="180.00" type="DEFAULT_VEHTYPE" speed="12.75" pos="126.93" lane="2/3to2/4_0" slope="0.00"/>
        <vehicle id="8" x="401.65" y="25.02" angle="180.00" type="DEFAULT_VEHTYPE" speed="13.38" pos="25.02" lane="2/0to2/1_0" slope="0.00"/>
        <vehicle id="9" x="140.13" y="198.35" angle="90.00" type="DEFAULT_VEHTYPE" speed="12.65" pos="140.13" lane="0/1to1/1_0" slope="0.00"/>
    </timestep>
    <timestep time="488.00">
        <vehicle id="0" x="601.65" y="260.51" angle="180.00" type="DEFAULT_VEHTYPE" speed="13.70" pos="55.76" lane="3/1to3/2_0" slope="0.00"/>
        <vehicle id="10" x="429.34" y="401.65" angle="-90.00" type="DEFAULT_VEHTYPE" speed="12.40" pos="165.91" lane="3/2to2/2_0" slope="0.00"/>
        <vehicle id="11" x="270.93" y="401.65" angle="-90.00" type="DEFAULT_VEHTYPE" speed="12.61" pos="124.32" lane="2/2to1/2_0" slope="0.00"/>
        <vehicle id="15" x="398.35" y="231.00" angle="0.00" type="DEFAULT_VEHTYPE" speed="13.20" pos="164.25" lane="2/2to2/1_0" slope="0.00"/>
        <vehicle id="16" x="398.35" y="403.88" angle="0.00" type="DEFAULT_VEHTYPE" speed="13.63" pos="0.87" lane=":2/2_1_0" slope="0.00"/>
        <vehicle id="17" x="398.35" y="339.06" angle="0.00" type="DEFAULT_VEHTYPE" speed="13.30" pos="56.19" lane="2/2to2/1_0" slope="0.00"/>
        <vehicle id="18" x="542.00" y="198.35" angle="90.00" type="DEFAULT_VEHTYPE" speed="13.22" pos="137.25" lane="2/1to3/1_0" slope="0.00"/>
        <vehicle id="2" x="601.65" y="531.17" angle="180.00" type="DEFAULT_VEHTYPE" speed="13.71" pos="126.42" lane="3/2to3/3_0" slope="0.00"/>
        <vehicle id="24" x="401.65" y="631.18" angle="180.00" type="DEFAULT_VEHTYPE" speed="13.34" pos="26.43" lane="2/3to2/4_0" slope="0.00"/>
        <vehicle id="28" x="198.35" y="59.79" angle="0.00" type="DEFAULT_VEHTYPE" speed="13.86" pos="135.46" lane="1/1to1/0_0" slope="0.00"/>
        <vehicle id="29" x="601.65" y="313.02" angle="180.00" type="DEFAULT_VEHTYPE" speed="13.90" pos="108.27" lane="3/1to3/2_0" slope="0.00"/>
        <vehicle id="3" x="596.17" y="198.48" angle="91.50" type="DEFAULT_VEHTYPE" speed="5.92" pos="0.92" lane=":3/1_14_0" slope="0.00"/>
        <vehicle id="33" x="398.35" y="7.36" angle="0.00" type="DEFAULT_VEHTYPE" speed="13.59" pos="187.89" lane="2/1to2/0_0" slope="0.00"/>
        <vehicle id="37" x="201.65" y="454.66" angle="180.00" type="DEFAULT_VEHTYPE" speed="13.17" pos="49.91" lane="1/2to1/3_0" slope="0.00"/>
        <vehicle id="39" x="379.90" y="401.65" angle="-90.00" type="DEFAULT_VEHTYPE" speed="10.29" pos="15.35" lane="2/2to1/2_0" slope="0.00"/>
        <vehicle id="40" x="198.35" y="14.19" angle="0.00" type="DEFAULT_VEHTYPE" speed="13.59" pos="181.06" lane="1/1to1/0_0" slope="0.00"/>
        <vehicle id="42" x="401.65" y="705.28" angle="180.00" type="DEFAULT_VEHTYPE" speed="13.26" pos="100.53" lane="2/3to2/4_0" slope="0.00"/>
        <vehicle id="43" x="201.65" y="520.60" angle="180.00" type="DEFAULT_VEHTYPE" speed="13.74" pos="115.85" lane="1/2to1/3_0" slope="0.00"/>
        <vehicle id="44" x="601.65" y="422.90" angle="180.00" type="DEFAULT_VEHTYPE" speed="12.88" pos="18.15" lane="3/2to3/3_0" slope="0.00"/>
        <vehicle id="48" x="201.65" y="185.63" angle="180.00" type="DEFAULT_VEHTYPE" speed="13.51" pos="185.63" lane="1/0to1/1_0" slope="0.00"/>
        <vehicle id="49" x="186.82" y="398.35" angle="90.00" type="DEFAULT_VEHTYPE" speed="6.61" pos="186.82" lane="0/2to1/2_0" slope="0.00"/>
        <vehicle id="5" x="268.01" y="598.35" angle="90.00" type="DEFAULT_VEHTYPE" speed="13.11" pos="63.26" lane="1/3to2/3_0" slope="0.00"/>
        <vehicle id="6" x="201.65" y="343.43" angle="180.00" type="DEFAULT_VEHTYPE" speed="12.73" pos="138.68" lane="1/1to1/2_0" slope="0.00"/>
        <vehicle id="7" x="401.65" y="745.01" angle="180.00" type="DEFAULT_VEHTYPE" speed="13.33" pos="140.26" lane="2/3to2/4_0" slope="0.00"/>
        <vehicle id="8" x="401.65" y="38.22" angle="180.00" type="DEFAULT_VEHTYPE" speed="13.20" pos="38.22" lane="2/0to2/1_0" slope="0.00"/>
        <vehicle id="9" x="153.02" y="198.35" angle="90.00" type="DEFAULT_VEHTYPE" speed="12.89" pos="153.02" lane="0/1to1/1_0" slope="0.00"/>
    </timestep>
    <timestep time="489.00">
        <vehicle id="0" x="601.65" y="273.80" angle="180.00" type="DEFAULT_VEHTYPE" speed="13.29" pos="69.05" lane="3/1to3/2_0" slope="0.00"/>
        <vehicle id="10" x="419.30" y="401.65" angle="-90.00" type="DEFAULT_VEHTYPE" speed="10.04" pos="175.95" lane="3/2to2/2_0" slope="0.00"/>
        <vehicle id="11" x="257.97" y="401.65" angle="-90.00" type="DEFAULT_VEHTYPE" speed="12.96" pos="137.28" lane="2/2to1/2_0" slope="0.00"/>
        <vehicle id="15" x="398.35" y="217.67" angle="0.00" type="DEFAULT_VEHTYPE" speed="13.34" pos="177.58" lane="2/2to2/1_0" slope="0.00"/>
        <vehicle id="16" x="398.35" y="390.49" angle="0.00" type="DEFAULT_VEHTYPE" speed="13.39" pos="4.76" lane="2/2to2/1_0" slope="0.00"/>
        <vehicle id="17" x="398.35" y="325.95" angle="0.00" type="DEFAULT_VEHTYPE" speed="13.11" pos="69.30" lane="2/2to2/1_0" slope="0.00"/>
        <vehicle id="18" x="555.81" y="198.35" angle="90.00" type="DEFAULT_VEHTYPE" speed="13.81" pos="151.06" lane="2/1to3/1_0" slope="0.00"/>
        <vehicle id="2" x="601.65" y="544.15" angle="180.00" type="DEFAULT_VEHTYPE" speed="12.98" pos="139.40" lane="3/2to3/3_0" slope="0.00"/>
        <vehicle id="24" x="401.65" y="644.28" angle="180.00" type="DEFAULT_VEHTYPE" speed="13.10" pos="39.53" lane="2/3to2/4_0" slope="0.00"/>
        <vehicle id="28" x="198.35" y="46.93" angle="0.00" type="DEFAULT_VEHTYPE" speed="12.86" pos="148.32" lane="1/1to1/0_0" slope="0.00"/>
        <vehicle id="29" x="601.65" y="326.07" angle="180.00" type="DEFAULT_VEHTYPE" speed="13.05" pos="121.32" lane="3/1to3/2_0" slope="0.00"/>
        <vehicle id="3" x="601.52" y="203.86" angle="153.82" type="DEFAULT_VEHTYPE" speed="8.49" pos="9.42" lane=":3/1_14_0" slope="0.00"/>
        <vehicle id="33" x="401.65" y="0.70" angle="110.71" type="DEFAULT_VEHTYPE" speed="12.88" pos="0.70" lane="2/0to2/1_0" slope="0.00"/>
        <vehicle id="37" x="201.65" y="468.46" angle="180.00" type="DEFAULT_VEHTYPE" speed="13.80" pos="63.71" lane="1/2to1/3_0" slope="0.00"/>
        <vehicle id="39" x="367.67" y="401.65" angle="-90.00" type="DEFAULT_VEHTYPE" speed="12.22" pos="27.58" lane="2/2to1/2_0" slope="0.00"/>
        <vehicle id="40" x="198.35" y="0.93" angle="0.00" type="DEFAULT_VEHTYPE" speed="13.27" pos="194.32" lane="1/1to1/0_0" slope="0.00"/>
        <vehicle id="42" x="401.65" y="718.97" angle="180.00" type="DEFAULT_VEHTYPE" speed="13.70" pos="114.22" lane="2/3to2/4_0" slope="0.00"/>
        <vehicle id="43" x="201.65" y="534.02" angle="180.00" type="DEFAULT_VEHTYPE" speed="13.42" pos="129.27" lane="1/2to1/3_0" slope="0.00"/>
        <vehicle id="44" x="601.65" y="435.69" angle="180.00" type="DEFAULT_VEHTYPE" speed="12.79" pos="30.94" lane="3/2to3/3_0" slope="0.00"/>
        <vehicle id="48" x="203.63" y="198.19" angle="154.12" type="DEFAULT_VEHTYPE" speed="13.49" pos="3.87" lane=":1/1_8_0" slope="0.00"/>
        <vehicle id="49" x="190.71" y="398.35" angle="90.00" type="DEFAULT_VEHTYPE" speed="3.89" pos="190.71" lane="0/2to1/2_0" slope="0.00"/>
        <vehicle id="5" x="281.17" y="598.35" angle="90.00" type="DEFAULT_VEHTYPE" speed="13.16" pos="76.42" lane="1/3to2/3_0" slope="0.00"/>
        <vehicle id="6" x="201.65" y="357.21" angle="180.00" type="DEFAULT_VEHTYPE" speed="13.78" pos="152.46" lane="1/1to1/2_0" slope="0.00"/>
        <vehicle id="7" x="401.65" y="757.62" angle="180.00" type="DEFAULT_VEHTYPE" speed="12.62" pos="152.87" lane="2/3to2/4_0" slope="0.00"/>
        <vehicle id="8" x="401.65" y="52.07" angle="180.00" type="DEFAULT_VEHTYPE" speed="13.85" pos="52.07" lane="2/0to2/1_0" slope="0.00"/>
        <vehicle id="9" x="166.51" y="198.35" angle="90.00" type="DEFAULT_VEHTYPE" speed="13.49" pos="166.51" lane="0/1to1/1_0" slope="0.00"/>
    </timestep>
    <timestep time="490.00">
        <vehicle id="0" x="601.65" y="287.30" angle="180.00" type="DEFAULT_VEHTYPE" speed="13.50" pos="82.55" lane="3/1to3/2_0" slope="0.00"/>
        <vehicle id="10" x="413.61" y="401.65" angle="-90.00" type="DEFAULT_VEHTYPE" speed="5.69" pos="181.64" lane="3/2to2/2_0" slope="0.00"/>
        <vehicle id="11" x="245.05" y="401.65" angle="-90.00" type="DEFAULT_VEHTYPE" speed="12.92" pos="150.20" lane="2/2to1/2_0" slope="0.00"/>
        <vehicle id="15" x="398.35" y="203.95" angle="0.00" type="DEFAULT_VEHTYPE" speed="13.72" pos="0.80" lane=":2/1_1_0" slope="0.00"/>
        <vehicle id="16" x="398.35" y="376.71" angle="0.00" type="DEFAULT_VEHTYPE" speed="13.78" pos="18.54" lane="2/2to2/1_0" slope="0.00"/>
        <vehicle id="17" x="398.35" y="312.32" angle="0.00" type="DEFAULT_VEHTYPE" speed="13.63" pos="82.93" lane="2/2to2/1_0" slope="0.00"/>
        <vehicle id="18" x="569.56" y="198.35" angle="90.00" type="DEFAULT_VEHTYPE" speed="13.76" pos="164.81" lane="2/1to3/1_0" slope="0.00"/>
        <vehicle id="2" x="601.65" y="557.22" angle="180.00" type="DEFAULT_VEHTYPE" speed="13.07" pos="152.47" lane="3/2to3/3_0" slope="0.00"/>
        <vehicle id="24" x="401.65" y="658.10" angle="180.00" type="DEFAULT_VEHTYPE" speed="13.81" pos="53.35" lane="2/3to2/4_0" slope="0.00"/>
        <vehicle id="28" x="198.35" y="33.65" angle="0.00" type="DEFAULT_VEHTYPE" speed="13.29" pos="161.60" lane="1/1to1/0_0" slope="0.00"/>
        <vehicle id="29" x="601.65" y="338.93" angle="180.00" type="DEFAULT_VEHTYPE" speed="12.86" pos="134.18" lane="3/1to3/2_0" slope="0.00"/>
        <vehicle id="3" x="601.65" y="214.75" angle="180.00" type="DEFAULT_VEHTYPE" speed="10.90" pos="10.00" lane="3/1to3/2_0" slope="0.00"/>
        <vehicle id="33" x="401.65" y="13.76" angle="180.00" type="DEFAULT_VEHTYPE" speed="13.06" pos="13.76" lane="2/0to2/1_0" slope="0.00"/>
        <vehicle id="37" x="201.65" y="481.53" angle="180.00" type="DEFAULT_VEHTYPE" speed="13.07" pos="76.78" lane="1/2to1/3_0" slope="0.00"/>
        <vehicle id="39" x="354.66" y="401.65" angle="-90.00" type="DEFAULT_VEHTYPE" speed="13.01" pos="40.59" lane="2/2to1/2_0" slope="0.00"/>
        <vehicle id="40" x="201.65" y="7.63" angle="180.00" type="DEFAULT_VEHTYPE" speed="13.38" pos="7.63" lane="1/0to1/1_0" slope="0.00"/>
        <vehicle id="42" x="401.65" y="732.25" angle="180.00" type="DEFAULT_VEHTYPE" speed="13.27" pos="127.50" lane="2/3to2/4_0" slope="0.00"/>
        <vehicle id="43" x="201.65" y="547.71" angle="180.00" type="DEFAULT_VEHTYPE" speed="13.70" pos="142.96" lane="1/2to1/3_0" slope="0.00"/>
        <vehicle id="44" x="601.65" y="449.06" angle="180.00" type="DEFAULT_VEHTYPE" speed="13.37" pos="44.31" lane="3/2to3/3_0" slope="0.00"/>
        <vehicle id="48" x="216.92" y="198.35" angle="90.00" type="DEFAULT_VEHTYPE" speed="13.31" pos="12.17" lane="1/1to2/1_0" slope="0.00"/>
        <vehicle id="49" x="192.35" y="398.35" angle="90.00" type="DEFAULT_VEHTYPE" speed="1.64" pos="192.35" lane="0/2to1/2_0" slope="0.00"/>
        <vehicle id="5" x="294.42" y="598.35" angle="90.00" type="DEFAULT_VEHTYPE" speed="13.24" pos="89.67" lane="1/3to2/3_0" slope="0.00"/>
        <vehicle id="6" x="201.65" y="370.55" angle="180.00" type="DEFAULT_VEHTYPE" speed="13.34" pos="165.80" lane="1/1to1/2_0" slope="0.00"/>
        <vehicle id="7" x="401.65" y="770.40" angle="180.00" type="DEFAULT_VEHTYPE" speed="12.78" pos="165.65" lane="2/3to2/4_0" slope="0.00"/>
        <vehicle id="8" x="401.65" y="65.95" angle="180.00" type="DEFAULT_VEHTYPE" speed="13.87" pos="65.95" lane="2/0to2/1_0" slope="0.00"/>
        <vehicle id="9" x="176.95" y="198.35" angle="90.00" type="DEFAULT_VEHTYPE" speed="10.44" pos="176.95" lane="0/1to1/1_0" slope="0.00"/>
    </timestep>
    <timestep time="491.00">
        <vehicle id="0" x="601.65" y="299.96" angle="180.00" type="DEFAULT_VEHTYPE" speed="12.65" pos="95.21" lane="3/1to3/2_0" slope="0.00"/>
        <vehicle id="10" x="410.41" y="401.65" angle="-90.00" type="DEFAULT_VEHTYPE" speed="3.20" pos="184.84" lane="3/2to2/2_0" slope="0.00"/>
        <vehicle id="11" x="232.31" y="401.65" angle="-90.00" type="DEFAULT_VEHTYPE" speed="12.74" pos="162.94" lane="2/2to1/2_0" slope="0.00"/>
        <vehicle id="15" x="398.35" y="191.21" angle="0.00" type="DEFAULT_VEHTYPE" speed="12.74" pos="4.04" lane="2/1to2/0_0" slope="0.00"/>
        <vehicle id="16" x="398.35" y="364.08" angle="0.00" type="DEFAULT_VEHTYPE" speed="12.63" pos="31.17" lane="2/2to2/1_0" slope="0.00"/>
        <vehicle id="17" x="398.35" y="299.58" angle="0.00" type="DEFAULT_VEHTYPE" speed="12.74" pos="95.67" lane="2/2to2/1_0" slope="0.00"/>
        <vehicle id="18" x="579.71" y="198.35" angle="90.00" type="DEFAULT_VEHTYPE" speed="10.15" pos="174.96" lane="2/1to3/1_0" slope="0.00"/>
        <vehicle id="2" x="601.65" y="570.33" angle="180.00" type="DEFAULT_VEHTYPE" speed="13.10" pos="165.58" lane="3/2to3/3_0" slope="0.00"/>
        <vehicle id="24" x="401.65" y="671.68" angle="180.00" type="DEFAULT_VEHTYPE" speed="13.58" pos="66.93" lane="2/3to2/4_0" slope="0.00"/>
        <vehicle id="28" x="198.35" y="20.39" angle="0.00" type="DEFAULT_VEHTYPE" speed="13.26" pos="174.86" lane="1/1to1/0_0" slope="0.00"/>
        <vehicle id="29" x="601.65" y="352.06" angle="180.00" type="DEFAULT_VEHTYPE" speed="13.13" pos="147.31" lane="3/1to3/2_0" slope="0.00"/>
        <vehicle id="3" x="601.65" y="228.04" angle="180.00" type="DEFAULT_VEHTYPE" speed="13.29" pos="23.29" lane="3/1to3/2_0" slope="0.00"/>
        <vehicle id="33" x="401.65" y="27.34" angle="180.00" type="DEFAULT_VEHTYPE" speed="13.58" pos="27.34" lane="2/0to2/1_0" slope="0.00"/>
        <vehicle id="37" x="201.65" y="495.29" angle="180.00" type="DEFAULT_VEHTYPE" speed="13.76" pos="90.54" lane="1/2to1/3_0" slope="0.00"/>
        <vehicle id="39" x="340.86" y="401.65" angle="-90.00" type="DEFAULT_VEHTYPE" speed="13.80" pos="54.39" lane="2/2to1/2_0" slope="0.00"/>
        <vehicle id="40" x="201.65" y="20.31" angle="180.00" type="DEFAULT_VEHTYPE" speed="12.68" pos="20.31" lane="1/0to1/1_0" slope="0.00"/>
        <vehicle id="42" x="401.65" y="745.68" angle="180.00" type="DEFAULT_VEHTYPE" speed="13.43" pos="140.93" lane="2/3to2/4_0" slope="0.00"/>
        <vehicle id="43" x="201.65" y="561.45" angle="180.00" type="DEFAULT_VEHTYPE" speed="13.74" pos="156.70" lane="1/2to1/3_0" slope="0.00"/>
        <vehicle id="44" x="601.65" y="462.40" angle="180.00" type="DEFAULT_VEHTYPE" speed="13.34" pos="57.65" lane="3/2to3/3_0" slope="0.00"/>
        <vehicle id="48" x="229.63" y="198.35" angle="90.00" type="DEFAULT_VEHTYPE" speed="12.71" pos="24.88" lane="1/1to2/1_0" slope="0.00"/>
        <vehicle id="49" x="192.71" y="398.35" angle="90.00" type="DEFAULT_VEHTYPE" speed="0.36" pos="192.71" lane="0/2to1/2_0" slope="0.00"/>
        <vehicle id="5" x="307.71" y="598.35" angle="90.00" type="DEFAULT_VEHTYPE" speed="13.29" pos="102.96" lane="1/3to2/3_0" slope="0.00"/>
        <vehicle id="6" x="201.65" y="384.43" angle="180.00" type="DEFAULT_VEHTYPE" speed="13.88" pos="179.68" lane="1/1to1/2_0" slope="0.00"/>
        <vehicle id="7" x="401.65" y="783.99" angle="180.00" type="DEFAULT_VEHTYPE" speed="13.59" pos="179.24" lane="2/3to2/4_0" slope="0.00"/>
        <vehicle id="8" x="401.65" y="79.72" angle="180.00" type="DEFAULT_VEHTYPE" speed="13.77" pos="79.72" lane="2/0to2/1_0" slope="0.00"/>
        <vehicle id="9" x="184.48" y="198.35" angle="90.00" type="DEFAULT_VEHTYPE" speed="7.52" pos="184.48" lane="0/1to1/1_0" slope="0.00"/>
    </timestep>
    <timestep time="492.00">
        <vehicle id="0" x="601.65" y="313.44" angle="180.00" type="DEFAULT_VEHTYPE" speed="13.49" pos="108.69" lane="3/1to3/2_0" slope="0.00"/>
        <vehicle id="10" x="405.16" y="401.65" angle="-90.00" type="DEFAULT_VEHTYPE" speed="5.26" pos="190.09" lane="3/2to2/2_0" slope="0.00"/>
        <vehicle id="11" x="222.13" y="401.65" angle="-90.00" type="DEFAULT_VEHTYPE" speed="10.18" pos="173.12" lane="2/2to1/2_0" slope="0.00"/>
        <vehicle id="15" x="398.35" y="177.97" angle="0.00" type="DEFAULT_VEHTYPE" speed="13.24" pos="17.28" lane="2/1to2/0_0" slope="0.00"/>
        <vehicle id="16" x="398.35" y="350.62" angle="0.00" type="DEFAULT_VEHTYPE" speed="13.46" pos="44.63" lane="2/2to2/1_0" slope="0.00"/>
        <vehicle id="17" x="398.35" y="285.74" angle="0.00" type="DEFAULT_VEHTYPE" speed="13.84" pos="109.51" lane="2/2to2/1_0" slope="0.00"/>
        <vehicle id="18" x="586.30" y="198.35" angle="90.00" type="DEFAULT_VEHTYPE" speed="6.59" pos="181.55" lane="2/1to3/1_0" slope="0.00"/>
        <vehicle id="2" x="601.65" y="584.15" angle="180.00" type="DEFAULT_VEHTYPE" speed="13.82" pos="179.40" lane="3/2to3/3_0" slope="0.00"/>
        <vehicle id="24" x="401.65" y="685.00" angle="180.00" type="DEFAULT_VEHTYPE" speed="13.33" pos="80.25" lane="2/3to2/4_0" slope="0.00"/>
        <vehicle id="28" x="198.35" y="6.50" angle="0.00" type="DEFAULT_VEHTYPE" speed="13.89" pos="188.75" lane="1/1to1/0_0" slope="0.00"/>
        <vehicle id="29" x="601.65" y="365.52" angle="180.00" type="DEFAULT_VEHTYPE" speed="13.45" pos="160.77" lane="3/1to3/2_0" slope="0.00"/>
        <vehicle id="3" x="601.65" y="241.18" angle="180.00" type="DEFAULT_VEHTYPE" speed="13.14" pos="36.43" lane="3/1to3/2_0" slope="0.00"/>
        <vehicle id="33" x="401.65" y="40.89" angle="180.00" type="DEFAULT_VEHTYPE" speed="13.55" pos="40.89" lane="2/0to2/1_0" slope="0.00"/>
        <vehicle id="37" x="201.65" y="508.27" angle="180.00" type="DEFAULT_VEHTYPE" speed="12.98" pos="103.52" lane="1/2to1/3_0" slope="0.00"/>
        <vehicle id="39" x="327.53" y="401.65" angle="-90.00" type="DEFAULT_VEHTYPE" speed="13.33" pos="67.72" lane="2/2to1/2_0" slope="0.00"/>
        <vehicle id="40" x="201.65" y="34.10" angle="180.00" type="DEFAULT_VEHTYPE" speed="13.78" pos="34.10" lane="1/0to1/1_0" slope="0.00"/>
        <vehicle id="42" x="401.65" y="759.37" angle="180.00" type="DEFAULT_VEHTYPE" speed="13.69" pos="154.62" lane="2/3to2/4_0" slope="0.00"/>
        <vehicle id="43" x="201.65" y="574.43" angle="180.00" type="DEFAULT_VEHTYPE" speed="12.97" pos="169.68" lane="1/2to1/3_0" slope="0.00"/>
        <vehicle id="44" x="601.65" y="475.14" angle="180.00" type="DEFAULT_VEHTYPE" speed="12.75" pos="70.39" lane="3/2to3/3_0" slope="0.00"/>
        <vehicle id="48" x="243.42" y="198.35" angle="90.00" type="DEFAULT_VEHTYPE" speed="13.78" pos="38.67" lane="1/1to2/1_0" slope="0.00"/>
        <vehicle id="49" x="192.75" y="398.35" angle="90.00" type="DEFAULT_VEHTYPE" speed="0.03" pos="192.75" lane="0/2to1/2_0" slope="0.00"/>
        <vehicle id="5" x="321.40" y="598.35" angle="90.00" type="DEFAULT_VEHTYPE" speed="13.69" pos="116.65" lane="1/3to2/3_0" slope="0.00"/>
        <vehicle id="6" x="201.65" y="397.68" angle="180.00" type="DEFAULT_VEHTYPE" speed="13.25" pos="2.43" lane=":1/2_9_0" slope="0.00"/>
        <vehicle id="7" x="401.65" y="797.38" angle="180.00" type="DEFAULT_VEHTYPE" speed="13.39" pos="192.63" lane="2/3to2/4_0" slope="0.00"/>
        <vehicle id="8" x="401.65" y="93.35" angle="180.00" type="DEFAULT_VEHTYPE" speed="13.63" pos="93.35" lane="2/0to2/1_0" slope="0.00"/>
        <vehicle id="9" x="189.61" y="198.35" angle="90.00" type="DEFAULT_VEHTYPE" speed="5.14" pos="189.61" lane="0/1to1/1_0" slope="0.00"/>
    </timestep>
    <timestep time="493.00">
        <vehicle id="0" x="601.65" y="326.18" angle="180.00" type="DEFAULT_VEHTYPE" speed="12.74" pos="121.43" lane="3/1to3/2_0" slope="0.00"/>
        <vehicle id="10" x="399.29" y="398.96" angle="-58.31" type="DEFAULT_VEHTYPE" speed="6.84" pos="6.44" lane=":2/2_6_0" slope="0.00"/>
        <vehicle id="11" x="214.43" y="401.65" angle="-90.00" type="DEFAULT_VEHTYPE" speed="7.70" pos="180.82" lane="2/2to1/2_0" slope="0.00"/>
        <vehicle id="15" x="398.35" y="164.84" angle="0.00" type="DEFAULT_VEHTYPE" speed="13.13" pos="30.41" lane="2/1to2/0_0" slope="0.00"/>
        <vehicle id="16" x="398.35" y="337.33" angle="0.00" type="DEFAULT_VEHTYPE" speed="13.29" pos="57.92" lane="2/2to2/1_0" slope="0.00"/>
        <vehicle id="17" x="398.35" y="273.03" angle="0.00" type="DEFAULT_VEHTYPE" speed="12.72" pos="122.22" lane="2/2to2/1_0" slope="0.00"/>
        <vehicle id="18" x="590.23" y="198.35" angle="90.00" type="DEFAULT_VEHTYPE" speed="3.93" pos="185.48" lane="2/1to3/1_0" slope="0.00"/>
        <vehicle id="2" x="602.14" y="597.11" angle="174.33" type="DEFAULT_VEHTYPE" speed="13.05" pos="1.95" lane=":3/3_8_0" slope="0.00"/>
        <vehicle id="24" x="401.65" y="697.83" angle="180.00" type="DEFAULT_VEHTYPE" speed="12.83" pos="93.08" lane="2/3to2/4_0" slope="0.00"/>
        <vehicle id="28" x="201.65" y="2.07" angle="148.82" type="DEFAULT_VEHTYPE" speed="13.40" pos="2.07" lane="1/0to1/1_0" slope="0.00"/>
        <vehicle id="29" x="601.65" y="376.86" angle="180.00" type="DEFAULT_VEHTYPE" speed="11.34" pos="172.11" lane="3/1to3/2_0" slope="0.00"/>
        <vehicle id="3" x="601.65" y="253.94" angle="180.00" type="DEFAULT_VEHTYPE" speed="12.77" pos="49.19" lane="3/1to3/2_0" slope="0.00"/>
        <vehicle id="33" x="401.65" y="54.23" angle="180.00" type="DEFAULT_VEHTYPE" speed="13.34" pos="54.23" lane="2/0to2/1_0" slope="0.00"/>
        <vehicle id="37" x="201.65" y="521.10" angle="180.00" type="DEFAULT_VEHTYPE" speed="12.83" pos="116.35" lane="1/2to1/3_0" slope="0.00"/>
        <vehicle id="39" x="314.18" y="401.65" angle="-90.00" type="DEFAULT_VEHTYPE" speed="13.35" pos="81.07" lane="2/2to1/2_0" slope="0.00"/>
        <vehicle id="40" x="201.65" y="47.57" angle="180.00" type="DEFAULT_VEHTYPE" speed="13.47" pos="47.57" lane="1/0to1/1_0" slope="0.00"/>
        <vehicle id="42" x="401.65" y="773.09" angle="180.00" type="DEFAULT_VEHTYPE" speed="13.72" pos="168.34" lane="2/3to2/4_0" slope="0.00"/>
        <vehicle id="43" x="201.65" y="588.17" angle="180.00" type="DEFAULT_VEHTYPE" speed="13.74" pos="183.42" lane="1/2to1/3_0" slope="0.00"/>
        <vehicle id="44" x="601.65" y="488.07" angle="180.00" type="DEFAULT_VEHTYPE" speed="12.93" pos="83.32" lane="3/2to3/3_0" slope="0.00"/>
        <vehicle id="48" x="256.81" y="198.35" angle="90.00" type="DEFAULT_VEHTYPE" speed="13.39" pos="52.06" lane="1/1to2/1_0" slope="0.00"/>
        <vehicle id="49" x="192.75" y="398.35" angle="90.00" type="DEFAULT_VEHTYPE" speed="0.00" pos="192.75" lane="0/2to1/2_0" slope="0.00"/>
        <vehicle id="5" x="335.14" y="598.35" angle="90.00" type="DEFAULT_VEHTYPE" speed="13.74" pos="130.39" lane="1/3to2/3_0" slope="0.00"/>
        <vehicle id="6" x="201.65" y="410.31" angle="180.00" type="DEFAULT_VEHTYPE" speed="12.63" pos="5.56" lane="1/2to1/3_0" slope="0.00"/>
        <vehicle id="7" x="398.35" y="794.64" angle="0.00" type="DEFAULT_VEHTYPE" speed="12.80" pos="5.36" lane="2/4to2/3_0" slope="0.00"/>
        <vehicle id="8" x="401.65" y="106.40" angle="180.00" type="DEFAULT_VEHTYPE" speed="13.05" pos="106.40" lane="2/0to2/1_0" slope="0.00"/>
        <vehicle id="9" x="197.13" y="197.84" angle="84.09" type="DEFAULT_VEHTYPE" speed="7.62" pos="1.98" lane=":1/1_12_0" slope="0.00"/>
    </timestep>
    <timestep time="494.00">
        <vehicle id="0" x="601.65" y="339.78" angle="180.00" type="DEFAULT_VEHTYPE" speed="13.60" pos="135.03" lane="3/1to3/2_0" slope="0.00"/>
        <vehicle id="10" x="398.35" y="390.10" angle="0.00" type="DEFAULT_VEHTYPE" speed="9.03" pos="5.15" lane="2/2to2/1_0" slope="0.00"/>
        <vehicle id="11" x="211.01" y="401.65" angle="-90.00" type="DEFAULT_VEHTYPE" speed="3.42" pos="184.24" lane="2/2to1/2_0" slope="0.00"/>
        <vehicle id="15" x="398.35" y="151.89" angle="0.00" type="DEFAULT_VEHTYPE" speed="12.95" pos="43.36" lane="2/1to2/0_0" slope="0.00"/>
        <vehicle id="16" x="398.35" y="324.04" angle="0.00" type="DEFAULT_VEHTYPE" speed="13.29" pos="71.21" lane="2/2to2/1_0" slope="0.00"/>
        <vehicle id="17" x="398.35" y="259.59" angle="0.00" type="DEFAULT_VEHTYPE" speed="13.43" pos="135.66" lane="2/2to2/1_0" slope="0.00"/>
        <vehicle id="18" x="596.42" y="198.52" angle="91.91" type="DEFAULT_VEHTYPE" speed="6.19" pos="1.18" lane=":3/1_14_0" slope="0.00"/>
        <vehicle id="2" x="614.30" y="598.35" angle="90.00" type="DEFAULT_VEHTYPE" speed="12.60" pos="9.55" lane="3/3to4/3_0" slope="0.00"/>
        <vehicle id="24" x="401.65" y="711.16" angle="180.00" type="DEFAULT_VEHTYPE" speed="13.33" pos="106.41" lane="2/3to2/4_0" slope="0.00"/>
        <vehicle id="28" x="201.65" y="14.69" angle="180.00" type="DEFAULT_VEHTYPE" speed="12.62" pos="14.69" lane="1/0to1/1_0" slope="0.00"/>
        <vehicle id="29" x="601.65" y="384.64" angle="180.00" type="DEFAULT_VEHTYPE" speed="7.79" pos="179.89" lane="3/1to3/2_0" slope="0.00"/>
        <vehicle id="3" x="601.65" y="267.39" angle="180.00" type="DEFAULT_VEHTYPE" speed="13.45" pos="62.64" lane="3/1to3/2_0" slope="0.00"/>
        <vehicle id="33" x="401.65" y="67.02" angle="180.00" type="DEFAULT_VEHTYPE" speed="12.79" pos="67.02" lane="2/0to2/1_0" slope="0.00"/>
        <vehicle id="37" x="201.65" y="534.37" angle="180.00" type="DEFAULT_VEHTYPE" speed="13.27" pos="129.62" lane="1/2to1/3_0" slope="0.00"/>
        <vehicle id="39" x="300.88" y="401.65" angle="-90.00" type="DEFAULT_VEHTYPE" speed="13.30" pos="94.37" lane="2/2to1/2_0" slope="0.00"/>
        <vehicle id="40" x="201.65" y="60.39" angle="180.00" type="DEFAULT_VEHTYPE" speed="12.83" pos="60.39" lane="1/0to1/1_0" slope="0.00"/>
        <vehicle id="42" x="401.65" y="786.48" angle="180.00" type="DEFAULT_VEHTYPE" speed="13.39" pos="181.73" lane="2/3to2/4_0" slope="0.00"/>
        <vehicle id="43" x="206.56" y="598.35" angle="106.93" type="DEFAULT_VEHTYPE" speed="13.89" pos="1.81" lane="1/3to2/3_0" slope="0.00"/>
        <vehicle id="44" x="601.65" y="501.29" angle="180.00" type="DEFAULT_VEHTYPE" speed="13.21" pos="96.54" lane="3/2to3/3_0" slope="0.00"/>
        <vehicle id="48" x="269.63" y="198.35" angle="90.00" type="DEFAULT_VEHTYPE" speed="12.82" pos="64.88" lane="1/1to2/1_0" slope="0.00"/>
        <vehicle id="49" x="192.75" y="398.35" angle="90.00" type="DEFAULT_VEHTYPE" speed="0.00" pos="192.75" lane="0/2to1/2_0" slope="0.00"/>
        <vehicle id="5" x="347.86" y="598.35" angle="90.00" type="DEFAULT_VEHTYPE" speed="12.72" pos="143.11" lane="1/3to2/3_0" slope="0.00"/>
        <vehicle id="6" x="201.65" y="423.88" angle="180.00" type="DEFAULT_VEHTYPE" speed="13.56" pos="19.13" lane="1/2to1/3_0" slope="0.00"/>
        <vehicle id="7" x="398.35" y="781.42" angle="0.00" type="DEFAULT_VEHTYPE" speed="13.22" pos="18.58" lane="2/4to2/3_0" slope="0.00"/>
        <vehicle id="8" x="401.65" y="119.29" angle="180.00" type="DEFAULT_VEHTYPE" speed="12.89" pos="119.29" lane="2/0to2/1_0" slope="0.00"/>
        <vehicle id="9" x="198.35" y="188.60" angle="0.00" type="DEFAULT_VEHTYPE" speed="9.66" pos="6.65" lane="1/1to1/0_0" slope="0.00"/>
    </timestep>
    <timestep time="495.00">
        <vehicle id="0" x="601.65" y="352.56" angle="180.00" type="DEFAULT_VEHTYPE" speed="12.78" pos="147.81" lane="3/1to3/2_0" slope="0.00"/>
        <vehicle id="10" x="398.35" y="379.60" angle="0.00" type="DEFAULT_VEHTYPE" speed="10.50" pos="15.65" lane="2/2to2/1_0" slope="0.00"/>
        <vehicle id="11" x="205.04" y="401.65" angle="-90.00" type="DEFAULT_VEHTYPE" speed="5.97" pos="190.21" lane="2/2to1/2_0" slope="0.00"/>
        <vehicle id="15" x="398.35" y="138.11" angle="0.00" type="DEFAULT_VEHTYPE" speed="13.78" pos="57.14" lane="2/1to2/0_0" slope="0.00"/>
        <vehicle id="16" x="398.35" y="310.89" angle="0.00" type="DEFAULT_VEHTYPE" speed="13.15" pos="84.36" lane="2/2to2/1_0" slope="0.00"/>
        <vehicle id="17" x="398.35" y="246.80" angle="0.00" type="DEFAULT_VEHTYPE" speed="12.79" pos="148.45" lane="2/2to2/1_0" slope="0.00"/>
        <vehicle id="18" x="601.46" y="203.43" angle="149.40" type="DEFAULT_VEHTYPE" speed="7.81" pos="8.99" lane=":3/1_14_0" slope="0.00"/>
        <vehicle id="2" x="627.87" y="598.35" angle="90.00" type="DEFAULT_VEHTYPE" speed="13.57" pos="23.12" lane="3/3to4/3_0" slope="0.00"/>
        <vehicle id="24" x="401.65" y="724.21" angle="180.00" type="DEFAULT_VEHTYPE" speed="13.05" pos="119.46" lane="2/3to2/4_0" slope="0.00"/>
        <vehicle id="28" x="201.65" y="28.12" angle="180.00" type="DEFAULT_VEHTYPE" speed="13.43" pos="28.12" lane="1/0to1/1_0" slope="0.00"/>
        <vehicle id="29" x="601.65" y="388.50" angle="180.00" type="DEFAULT_VEHTYPE" speed="3.86" pos="183.75" lane="3/1to3/2_0" slope="0.00"/>
        <vehicle id="3" x="601.65" y="280.38" angle="180.00" type="DEFAULT_VEHTYPE" speed="12.99" pos="75.63" lane="3/1to3/2_0" slope="0.00"/>
        <vehicle id="33" x="401.65" y="80.52" angle="180.00" type="DEFAULT_VEHTYPE" speed="13.51" pos="80.52" lane="2/0to2/1_0" slope="0.00"/>
        <vehicle id="37" x="201.65" y="547.06" angle="180.00" type="DEFAULT_VEHTYPE" speed="12.69" pos="142.31" lane="1/2to1/3_0" slope="0.00"/>
        <vehicle id="39" x="288.27" y="401.65" angle="-90.00" type="DEFAULT_VEHTYPE" speed="12.61" pos="106.98" lane="2/2to1/2_0" slope="0.00"/>
        <vehicle id="40" x="201.65" y="74.24" angle="180.00" type="DEFAULT_VEHTYPE" speed="13.85" pos="74.24" lane="1/0to1/1_0" slope="0.00"/>
        <vehicle id="42" x="401.65" y="799.83" angle="180.00" type="DEFAULT_VEHTYPE" speed="13.35" pos="195.08" lane="2/3to2/4_0" slope="0.00"/>
        <vehicle id="43" x="220.32" y="598.35" angle="90.00" type="DEFAULT_VEHTYPE" speed="13.76" pos="15.57" lane="1/3to2/3_0" slope="0.00"/>
        <vehicle id="44" x="601.65" y="514.19" angle="180.00" type="DEFAULT_VEHTYPE" speed="12.91" pos="109.44" lane="3/2to3/3_0" slope="0.00"/>
        <vehicle id="48" x="283.30" y="198.35" angle="90.00" type="DEFAULT_VEHTYPE" speed="13.68" pos="78.55" lane="1/1to2/1_0" slope="0.00"/>
        <vehicle id="49" x="192.75" y="398.35" angle="90.00" type="DEFAULT_VEHTYPE" speed="0.00" pos="192.75" lane="0/2to1/2_0" slope="0.00"/>
        <vehicle id="5" x="361.59" y="598.35" angle="90.00" type="DEFAULT_VEHTYPE" speed="13.73" pos="156.84" lane="1/3to2/3_0" slope="0.00"/>
        <vehicle id="6" x="201.65" y="437.15" angle="180.00" type="DEFAULT_VEHTYPE" speed="13.27" pos="32.40" lane="1/2to1/3_0" slope="0.00"/>
        <vehicle id="7" x="398.35" y="768.52" angle="0.00" type="DEFAULT_VEHTYPE" speed="12.90" pos="31.48" lane="2/4to2/3_0" slope="0.00"/>
        <vehicle id="8" x="401.65" y="132.21" angle="180.00" type="DEFAULT_VEHTYPE" speed="12.92" pos="132.21" lane="2/0to2/1_0" slope="0.00"/>
        <vehicle id="9" x="198.35" y="177.11" angle="0.00" type="DEFAULT_VEHTYPE" speed="11.49" pos="18.14" lane="1/1to1/0_0" slope="0.00"/>
    </timestep>
    <timestep time="496.00">
        <vehicle id="0" x="601.65" y="364.26" angle="180.00" type="DEFAULT_VEHTYPE" speed="11.70" pos="159.51" lane="3/1to3/2_0" slope="0.00"/>
        <vehicle id="10" x="398.35" y="367.77" angle="0.00" type="DEFAULT_VEHTYPE" speed="11.84" pos="27.48" lane="2/2to2/1_0" slope="0.00"/>
        <vehicle id="11" x="197.74" y="401.65" angle="-90.00" type="DEFAULT_VEHTYPE" speed="7.30" pos="7.01" lane=":1/2_5_0" slope="0.00"/>
        <vehicle id="15" x="398.35" y="125.39" angle="0.00" type="DEFAULT_VEHTYPE" speed="12.72" pos="69.86" lane="2/1to2/0_0" slope="0.00"/>
        <vehicle id="16" x="398.35" y="297.52" angle="0.00" type="DEFAULT_VEHTYPE" speed="13.37" pos="97.73" lane="2/2to2/1_0" slope="0.00"/>
        <vehicle id="17" x="398.35" y="233.50" angle="0.00" type="DEFAULT_VEHTYPE" speed="13.30" pos="161.75" lane="2/2to2/1_0" slope="0.00"/>
        <vehicle id="18" x="601.65" y="213.73" angle="180.00" type="DEFAULT_VEHTYPE" speed="10.31" pos="8.98" lane="3/1to3/2_0" slope="0.00"/>
        <vehicle id="2" x="641.46" y="598.35" angle="90.00" type="DEFAULT_VEHTYPE" speed="13.59" pos="36.71" lane="3/3to4/3_0" slope="0.00"/>
        <vehicle id="24" x="401.65" y="736.82" angle="180.00" type="DEFAULT_VEHTYPE" speed="12.61" pos="132.07" lane="2/3to2/4_0" slope="0.00"/>
        <vehicle id="28" x="201.65" y="41.13" angle="180.00" type="DEFAULT_VEHTYPE" speed="13.01" pos="41.13" lane="1/0to1/1_0" slope="0.00"/>
        <vehicle id="29" x="601.65" y="394.23" angle="180.00" type="DEFAULT_VEHTYPE" speed="5.73" pos="189.48" lane="3/1to3/2_0" slope="0.00"/>
        <vehicle id="3" x="601.65" y="294.09" angle="180.00" type="DEFAULT_VEHTYPE" speed="13.71" pos="89.34" lane="3/1to3/2_0" slope="0.00"/>
        <vehicle id="33" x="401.65" y="93.13" angle="180.00" type="DEFAULT_VEHTYPE" speed="12.60" pos="93.13" lane="2/0to2/1_0" slope="0.00"/>
        <vehicle id="37" x="201.65" y="560.30" angle="180.00" type="DEFAULT_VEHTYPE" speed="13.24" pos="155.55" lane="1/2to1/3_0" slope="0.00"/>
        <vehicle id="39" x="275.26" y="401.65" angle="-90.00" type="DEFAULT_VEHTYPE" speed="13.02" pos="119.99" lane="2/2to1/2_0" slope="0.00"/>
        <vehicle id="40" x="201.65" y="87.46" angle="180.00" type="DEFAULT_VEHTYPE" speed="13.22" pos="87.46" lane="1/0to1/1_0" slope="0.00"/>
        <vehicle id="42" x="398.35" y="791.44" angle="0.00" type="DEFAULT_VEHTYPE" speed="13.56" pos="8.56" lane="2/4to2/3_0" slope="0.00"/>
        <vehicle id="43" x="232.97" y="598.35" angle="90.00" type="DEFAULT_VEHTYPE" speed="12.65" pos="28.22" lane="1/3to2/3_0" slope="0.00"/>
        <vehicle id="44" x="601.65" y="527.31" angle="180.00" type="DEFAULT_VEHTYPE" speed="13.11" pos="122.56" lane="3/2to3/3_0" slope="0.00"/>
        <vehicle id="48" x="296.87" y="198.35" angle="90.00" type="DEFAULT_VEHTYPE" speed="13.57" pos="92.12" lane="1/1to2/1_0" slope="0.00"/>
        <vehicle id="49" x="192.75" y="398.35" angle="90.00" type="DEFAULT_VEHTYPE" speed="0.00" pos="192.75" lane="0/2to1/2_0" slope="0.00"/>
        <vehicle id="5" x="374.08" y="598.35" angle="90.00" type="DEFAULT_VEHTYPE" speed="12.49" pos="169.33" lane="1/3to2/3_0" slope="0.00"/>
        <vehicle id="6" x="201.65" y="449.83" angle="180.00" type="DEFAULT_VEHTYPE" speed="12.68" pos="45.08" lane="1/2to1/3_0" slope="0.00"/>
        <vehicle id="7" x="398.35" y="755.24" angle="0.00" type="DEFAULT_VEHTYPE" speed="13.28" pos="44.76" lane="2/4to2/3_0" slope="0.00"/>
        <vehicle id="8" x="401.65" y="145.45" angle="180.00" type="DEFAULT_VEHTYPE" speed="13.24" pos="145.45" lane="2/0to2/1_0" slope="0.00"/>
        <vehicle id="9" x="198.35" y="163.43" angle="0.00" type="DEFAULT_VEHTYPE" speed="13.69" pos="31.82" lane="1/1to1/0_0" slope="0.00"/>
    </timestep>
    <timestep time="497.00">
        <vehicle id="0" x="601.65" y="376.43" angle="180.00" type="DEFAULT_VEHTYPE" speed="12.17" pos="171.68" lane="3/1to3/2_0" slope="0.00"/>
        <vehicle id="10" x="398.35" y="354.48" angle="0.00" type="DEFAULT_VEHTYPE" speed="13.29" pos="40.77" lane="2/2to2/1_0" slope="0.00"/>
        <vehicle id="11" x="188.15" y="401.65" angle="-90.00" type="DEFAULT_VEHTYPE" speed="9.59" pos="7.10" lane="1/2to0/2_0" slope="0.00"/>
        <vehicle id="15" x="398.35" y="112.22" angle="0.00" type="DEFAULT_VEHTYPE" speed="13.17" pos="83.03" lane="2/1to2/0_0" slope="0.00"/>
        <vehicle id="16" x="398.35" y="283.82" angle="0.00" type="DEFAULT_VEHTYPE" speed="13.71" pos="111.43" lane="2/2to2/1_0" slope="0.00"/>
        <vehicle id="17" x="398.35" y="219.95" angle="0.00" type="DEFAULT_VEHTYPE" speed="13.55" pos="175.30" lane="2/2to2/1_0" slope="0.00"/>
        <vehicle id="18" x="601.65" y="225.41" angle="180.00" type="DEFAULT_VEHTYPE" speed="11.68" pos="20.66" lane="3/1to3/2_0" slope="0.00"/>
        <vehicle id="2" x="655.14" y="598.35" angle="90.00" type="DEFAULT_VEHTYPE" speed="13.68" pos="50.39" lane="3/3to4/3_0" slope="0.00"/>
        <vehicle id="24" x="401.65" y="749.98" angle="180.00" type="DEFAULT_VEHTYPE" speed="13.16" pos="145.23" lane="2/3to2/4_0" slope="0.00"/>
        <vehicle id="28" x="201.65" y="53.89" angle="180.00" type="DEFAULT_VEHTYPE" speed="12.76" pos="53.89" lane="1/0to1/1_0" slope="0.00"/>
        <vehicle id="29" x="599.12" y="400.61" angle="-150.32" type="DEFAULT_VEHTYPE" speed="7.26" pos="6.24" lane=":3/2_10_0" slope="0.00"/>
        <vehicle id="3" x="601.65" y="307.83" angle="180.00" type="DEFAULT_VEHTYPE" speed="13.75" pos="103.08" lane="3/1to3/2_0" slope="0.00"/>
        <vehicle id="33" x="401.65" y="106.09" angle="180.00" type="DEFAULT_VEHTYPE" speed="12.97" pos="106.09" lane="2/0to2/1_0" slope="0.00"/>
        <vehicle id="37" x="201.65" y="574.17" angle="180.00" type="DEFAULT_VEHTYPE" speed="13.87" pos="169.42" lane="1/2to1/3_0" slope="0.00"/>
        <vehicle id="39" x="261.46" y="401.65" angle="-90.00" type="DEFAULT_VEHTYPE" speed="13.80" pos="133.79" lane="2/2to1/2_0" slope="0.00"/>
        <vehicle id="40" x="201.65" y="100.09" angle="180.00" type="DEFAULT_VEHTYPE" speed="12.64" pos="100.09" lane="1/0to1/1_0" slope="0.00"/>
        <vehicle id="42" x="398.35" y="778.56" angle="0.00" type="DEFAULT_VEHTYPE" speed="12.88" pos="21.44" lane="2/4to2/3_0" slope="0.00"/>
        <vehicle id="43" x="246.13" y="598.35" angle="90.00" type="DEFAULT_VEHTYPE" speed="13.16" pos="41.38" lane="1/3to2/3_0" slope="0.00"/>
        <vehicle id="44" x="601.65" y="540.95" angle="180.00" type="DEFAULT_VEHTYPE" speed="13.64" pos="136.20" lane="3/2to3/3_0" slope="0.00"/>
        <vehicle id="48" x="309.52" y="198.35" angle="90.00" type="DEFAULT_VEHTYPE" speed="12.64" pos="104.77" lane="1/1to2/1_0" slope="0.00"/>
        <vehicle id="49" x="192.75" y="398.35" angle="90.00" type="DEFAULT_VEHTYPE" speed="0.00" pos="192.75" lane="0/2to1/2_0" slope="0.00"/>
        <vehicle id="5" x="382.07" y="598.35" angle="90.00" type="DEFAULT_VEHTYPE" speed="7.99" pos="177.32" lane="1/3to2/3_0" slope="0.00"/>
        <vehicle id="6" x="201.65" y="463.03" angle="180.00" type="DEFAULT_VEHTYPE" speed="13.20" pos="58.28" lane="1/2to1/3_0" slope="0.00"/>
        <vehicle id="7" x="398.35" y="741.38" angle="0.00" type="DEFAULT_VEHTYPE" speed="13.86" pos="58.62" lane="2/4to2/3_0" slope="0.00"/>
        <vehicle id="8" x="401.65" y="158.65" angle="180.00" type="DEFAULT_VEHTYPE" speed="13.20" pos="158.65" lane="2/0to2/1_0" slope="0.00"/>
        <vehicle id="9" x="198.35" y="150.40" angle="0.00" type="DEFAULT_VEHTYPE" speed="13.03" pos="44.85" lane="1/1to1/0_0" slope="0.00"/>
    </timestep>
    <timestep time="498.00">
        <vehicle id="0" x="601.65" y="389.78" angle="180.00" type="DEFAULT_VEHTYPE" speed="13.35" pos="185.03" lane="3/1to3/2_0" slope="0.00"/>
        <vehicle id="10" x="398.35" y="341.54" angle="0.00" type="DEFAULT_VEHTYPE" speed="12.94" pos="53.71" lane="2/2to2/1_0" slope="0.00"/>
        <vehicle id="11" x="176.71" y="401.65" angle="-90.00" type="DEFAULT_VEHTYPE" speed="11.44" pos="18.54" lane="1/2to0/2_0" slope="0.00"/>
        <vehicle id="15" x="398.35" y="98.71" angle="0.00" type="DEFAULT_VEHTYPE" speed="13.51" pos="96.54" lane="2/1to2/0_0" slope="0.00"/>
        <vehicle id="16" x="398.35" y="270.50" angle="0.00" type="DEFAULT_VEHTYPE" speed="13.32" pos="124.75" lane="2/2to2/1_0" slope="0.00"/>
        <vehicle id="17" x="398.35" y="206.88" angle="0.00" type="DEFAULT_VEHTYPE" speed="13.07" pos="188.37" lane="2/2to2/1_0" slope="0.00"/>
        <vehicle id="18" x="601.65" y="238.58" angle="180.00" type="DEFAULT_VEHTYPE" speed="13.17" pos="33.83" lane="3/1to3/2_0" slope="0.00"/>
        <vehicle id="2" x="667.80" y="598.35" angle="90.00" type="DEFAULT_VEHTYPE" speed="12.66" pos="63.05" lane="3/3to4/3_0" slope="0.00"/>
        <vehicle id="24" x="401.65" y="762.83" angle="180.00" type="DEFAULT_VEHTYPE" speed="12.86" pos="158.08" lane="2/3to2/4_0" slope="0.00"/>
        <vehicle id="28" x="201.65" y="66.77" angle="180.00" type="DEFAULT_VEHTYPE" speed="12.88" pos="66.77" lane="1/0to1/1_0" slope="0.00"/>
        <vehicle id="29" x="590.51" y="401.65" angle="-90.42" type="DEFAULT_VEHTYPE" speed="8.82" pos="4.74" lane="3/2to2/2_0" slope="0.00"/>
        <vehicle id="3" x="601.65" y="320.53" angle="180.00" type="DEFAULT_VEHTYPE" speed="12.70" pos="115.78" lane="3/1to3/2_0" slope="0.00"/>
        <vehicle id="33" x="401.65" y="118.82" angle="180.00" type="DEFAULT_VEHTYPE" speed="12.72" pos="118.82" lane="2/0to2/1_0" slope="0.00"/>
        <vehicle id="37" x="201.65" y="587.94" angle="180.00" type="DEFAULT_VEHTYPE" speed="13.77" pos="183.19" lane="1/2to1/3_0" slope="0.00"/>
        <vehicle id="39" x="248.80" y="401.65" angle="-90.00" type="DEFAULT_VEHTYPE" speed="12.67" pos="146.45" lane="2/2to1/2_0" slope="0.00"/>
        <vehicle id="40" x="201.65" y="113.31" angle="180.00" type="DEFAULT_VEHTYPE" speed="13.21" pos="113.31" lane="1/0to1/1_0" slope="0.00"/>
        <vehicle id="42" x="398.35" y="765.15" angle="0.00" type="DEFAULT_VEHTYPE" speed="13.41" pos="34.85" lane="2/4to2/3_0" slope="0.00"/>
        <vehicle id="43" x="259.49" y="598.35" angle="90.00" type="DEFAULT_VEHTYPE" speed="13.36" pos="54.74" lane="1/3to2/3_0" slope="0.00"/>
        <vehicle id="44" x="601.65" y="554.46" angle="180.00" type="DEFAULT_VEHTYPE" speed="13.51" pos="149.71" lane="3/2to3/3_0" slope="0.00"/>
        <vehicle id="48" x="322.53" y="198.35" angle="90.00" type="DEFAULT_VEHTYPE" speed="13.02" pos="117.78" lane="1/1to2/1_0" slope="0.00"/>
        <vehicle id="49" x="194.65" y="398.35" angle="90.00" type="DEFAULT_VEHTYPE" speed="1.90" pos="194.65" lane="0/2to1/2_0" slope="0.00"/>
        <vehicle id="5" x="387.32" y="598.35" angle="90.00" type="DEFAULT_VEHTYPE" speed="5.25" pos="182.57" lane="1/3to2/3_0" slope="0.00"/>
        <vehicle id="6" x="201.65" y="476.41" angle="180.00" type="DEFAULT_VEHTYPE" speed="13.38" pos="71.66" lane="1/2to1/3_0" slope="0.00"/>
        <vehicle id="7" x="398.35" y="728.73" angle="0.00" type="DEFAULT_VEHTYPE" speed="12.66" pos="71.27" lane="2/4to2/3_0" slope="0.00"/>
        <vehicle id="8" x="401.65" y="171.60" angle="180.00" type="DEFAULT_VEHTYPE" speed="12.95" pos="171.60" lane="2/0to2/1_0" slope="0.00"/>
        <vehicle id="9" x="198.35" y="136.83" angle="0.00" type="DEFAULT_VEHTYPE" speed="13.57" pos="58.42" lane="1/1to1/0_0" slope="0.00"/>
    </timestep>
    <timestep time="499.00">
        <vehicle id="0" x="601.65" y="403.11" angle="180.00" type="DEFAULT_VEHTYPE" speed="13.32" pos="7.86" lane=":3/2_9_0" slope="0.00"/>
        <vehicle id="10" x="398.35" y="328.11" angle="0.00" type="DEFAULT_VEHTYPE" speed="13.43" pos="67.14" lane="2/2to2/1_0" slope="0.00"/>
        <vehicle id="11" x="163.95" y="401.65" angle="-90.00" type="DEFAULT_VEHTYPE" speed="12.76" pos="31.30" lane="1/2to0/2_0" slope="0.00"/>
        <vehicle id="15" x="398.35" y="85.60" angle="0.00" type="DEFAULT_VEHTYPE" speed="13.11" pos="109.65" lane="2/1to2/0_0" slope="0.00"/>
        <vehicle id="16" x="398.35" y="257.67" angle="0.00" type="DEFAULT_VEHTYPE" speed="12.83" pos="137.58" lane="2/2to2/1_0" slope="0.00"/>
        <vehicle id="17" x="389.63" y="201.65" angle="-90.00" type="DEFAULT_VEHTYPE" speed="12.75" pos="5.62" lane="2/1to1/1_0" slope="0.00"/>
        <vehicle id="18" x="601.65" y="252.13" angle="180.00" type="DEFAULT_VEHTYPE" speed="13.55" pos="47.38" lane="3/1to3/2_0" slope="0.00"/>
        <vehicle id="2" x="681.08" y="598.35" angle="90.00" type="DEFAULT_VEHTYPE" speed="13.29" pos="76.33" lane="3/3to4/3_0" slope="0.00"/>
        <vehicle id="24" x="401.65" y="776.06" angle="180.00" type="DEFAULT_VEHTYPE" speed="13.23" pos="171.31" lane="2/3to2/4_0" slope="0.00"/>
        <vehicle id="28" x="201.65" y="80.61" angle="180.00" type="DEFAULT_VEHTYPE" speed="13.83" pos="80.61" lane="1/0to1/1_0" slope="0.00"/>
        <vehicle id="29" x="579.97" y="401.65" angle="-90.00" type="DEFAULT_VEHTYPE" speed="10.54" pos="15.28" lane="3/2to2/2_0" slope="0.00"/>
        <vehicle id="3" x="601.65" y="333.29" angle="180.00" type="DEFAULT_VEHTYPE" speed="12.76" pos="128.54" lane="3/1to3/2_0" slope="0.00"/>
        <vehicle id="33" x="401.65" y="132.71" angle="180.00" type="DEFAULT_VEHTYPE" speed="13.89" pos="132.71" lane="2/0to2/1_0" slope="0.00"/>
        <vehicle id="37" x="205.93" y="598.35" angle="115.12" type="DEFAULT_VEHTYPE" speed="13.49" pos="1.18" lane="1/3to2/3_0" slope="0.00"/>
        <vehicle id="39" x="235.93" y="401.65" angle="-90.00" type="DEFAULT_VEHTYPE" speed="12.86" pos="159.32" lane="2/2to1/2_0" slope="0.00"/>
        <vehicle id="40" x="201.65" y="125.93" angle="180.00" type="DEFAULT_VEHTYPE" speed="12.63" pos="125.93" lane="1/0to1/1_0" slope="0.00"/>
        <vehicle id="42" x="398.35" y="751.80" angle="0.00" type="DEFAULT_VEHTYPE" speed="13.34" pos="48.20" lane="2/4to2/3_0" slope="0.00"/>
        <vehicle id="43" x="272.58" y="598.35" angle="90.00" type="DEFAULT_VEHTYPE" speed="13.09" pos="67.83" lane="1/3to2/3_0" slope="0.00"/>
        <vehicle id="44" x="601.65" y="567.79" angle="180.00" type="DEFAULT_VEHTYPE" speed="13.32" pos="163.04" lane="3/2to3/3_0" slope="0.00"/>
        <vehicle id="48" x="335.13" y="198.35" angle="90.00" type="DEFAULT_VEHTYPE" speed="12.60" pos="130.38" lane="1/1to2/1_0" slope="0.00"/>
        <vehicle id="49" x="198.46" y="398.99" angle="97.48" type="DEFAULT_VEHTYPE" speed="3.90" pos="3.30" lane=":1/2_14_0" slope="0.00"/>
        <vehicle id="5" x="389.86" y="598.35" angle="90.00" type="DEFAULT_VEHTYPE" speed="2.54" pos="185.11" lane="1/3to2/3_0" slope="0.00"/>
        <vehicle id="6" x="201.65" y="489.48" angle="180.00" type="DEFAULT_VEHTYPE" speed="13.08" pos="84.73" lane="1/2to1/3_0" slope="0.00"/>
        <vehicle id="7" x="398.35" y="715.28" angle="0.00" type="DEFAULT_VEHTYPE" speed="13.45" pos="84.72" lane="2/4to2/3_0" slope="0.00"/>
        <vehicle id="8" x="401.65" y="184.58" angle="180.00" type="DEFAULT_VEHTYPE" speed="12.98" pos="184.58" lane="2/0to2/1_0" slope="0.00"/>
        <vehicle id="9" x="198.35" y="124.02" angle="0.00" type="DEFAULT_VEHTYPE" speed="12.80" pos="71.23" lane="1/1to1/0_0" slope="0.00"/>
    </timestep>
    <timestep time="500.00">
        <vehicle id="0" x="601.65" y="416.79" angle="180.00" type="DEFAULT_VEHTYPE" speed="13.68" pos="12.04" lane="3/2to3/3_0" slope="0.00"/>
        <vehicle id="10" x="398.35" y="314.82" angle="0.00" type="DEFAULT_VEHTYPE" speed="13.29" pos="80.43" lane="2/2to2/1_0" slope="0.00"/>
        <vehicle id="11" x="151.19" y="401.65" angle="-90.00" type="DEFAULT_VEHTYPE" speed="12.76" pos="44.06" lane="1/2to0/2_0" slope="0.00"/>
        <vehicle id="15" x="398.35" y="72.19" angle="0.00" type="DEFAULT_VEHTYPE" speed="13.42" pos="123.06" lane="2/1to2/0_0" slope="0.00"/>
        <vehicle id="16" x="398.35" y="244.60" angle="0.00" type="DEFAULT_VEHTYPE" speed="13.07" pos="150.65" lane="2/2to2/1_0" slope="0.00"/>
        <vehicle id="17" x="375.89" y="201.65" angle="-90.00" type="DEFAULT_VEHTYPE" speed="13.74" pos="19.36" lane="2/1to1/1_0" slope="0.00"/>
        <vehicle id="18" x="601.65" y="265.51" angle="180.00" type="DEFAULT_VEHTYPE" speed="13.38" pos="60.76" lane="3/1to3/2_0" slope="0.00"/>
        <vehicle id="2" x="694.20" y="598.35" angle="90.00" type="DEFAULT_VEHTYPE" speed="13.11" pos="89.45" lane="3/3to4/3_0" slope="0.00"/>
        <vehicle id="24" x="401.65" y="789.27" angle="180.00" type="DEFAULT_VEHTYPE" speed="13.22" pos="184.52" lane="2/3to2/4_0" slope="0.00"/>
        <vehicle id="28" x="201.65" y="94.37" angle="180.00" type="DEFAULT_VEHTYPE" speed="13.76" pos="94.37" lane="1/0to1/1_0" slope="0.00"/>
        <vehicle id="29" x="567.50" y="401.65" angle="-90.00" type="DEFAULT_VEHTYPE" speed="12.47" pos="27.75" lane="3/2to2/2_0" slope="0.00"/>
        <vehicle id="3" x="601.65" y="346.83" angle="180.00" type="DEFAULT_VEHTYPE" speed="13.54" pos="142.08" lane="3/1to3/2_0" slope="0.00"/>
        <vehicle id="33" x="401.65" y="146.00" angle="180.00" type="DEFAULT_VEHTYPE" speed="13.29" pos="146.00" lane="2/0to2/1_0" slope="0.00"/>
        <vehicle id="37" x="218.56" y="598.35" angle="90.00" type="DEFAULT_VEHTYPE" speed="12.63" pos="13.81" lane="1/3to2/3_0" slope="0.00"/>
        <vehicle id="39" x="224.41" y="401.65" angle="-90.00" type="DEFAULT_VEHTYPE" speed="11.52" pos="170.84" lane="2/2to1/2_0" slope="0.00"/>
        <vehicle id="40" x="201.65" y="138.91" angle="180.00" type="DEFAULT_VEHTYPE" speed="12.97" pos="138.91" lane="1/0to1/1_0" slope="0.00"/>
        <vehicle id="42" x="398.35" y="738.76" angle="0.00" type="DEFAULT_VEHTYPE" speed="13.05" pos="61.24" lane="2/4to2/3_0" slope="0.00"/>
        <vehicle id="43" x="286.40" y="598.35" angle="90.00" type="DEFAULT_VEHTYPE" speed="13.81" pos="81.65" lane="1/3to2/3_0" slope="0.00"/>
        <vehicle id="44" x="601.65" y="581.30" angle="180.00" type="DEFAULT_VEHTYPE" speed="13.51" pos="176.55" lane="3/2to3/3_0" slope="0.00"/>
        <vehicle id="48" x="348.47" y="198.35" angle="90.00" type="DEFAULT_VEHTYPE" speed="13.34" pos="143.72" lane="1/1to2/1_0" slope="0.00"/>
        <vehicle id="49" x="201.55" y="404.05" angle="155.80" type="DEFAULT_VEHTYPE" speed="6.31" pos="9.61" lane=":1/2_14_0" slope="0.00"/>
        <vehicle id="5" x="394.01" y="598.35" angle="90.00" type="DEFAULT_VEHTYPE" speed="4.15" pos="189.26" lane="1/3to2/3_0" slope="0.00"/>
        <vehicle id="6" x="201.65" y="502.46" angle="180.00" type="DEFAULT_VEHTYPE" speed="12.98" pos="97.71" lane="1/2to1/3_0" slope="0.00"/>
        <vehicle id="7" x="398.35" y="702.51" angle="0.00" type="DEFAULT_VEHTYPE" speed="12.78" pos="97.49" lane="2/4to2/3_0" slope="0.00"/>
        <vehicle id="8" x="402.98" y="197.92" angle="163.59" type="DEFAULT_VEHTYPE" speed="13.83" pos="3.15" lane=":2/1_8_0" slope="0.00"/>
        <vehicle id="9" x="198.35" y="110.71" angle="0.00" type="DEFAULT_VEHTYPE" speed="13.32" pos="84.54" lane="1/1to1/0_0" slope="0.00"/>
    </timestep>
    <timestep time="501.00">
        <vehicle id="0" x="601.65" y="429.84" angle="180.00" type="DEFAULT_VEHTYPE" speed="13.05" pos="25.09" lane="3/2to3/3_0" slope="0.00"/>
        <vehicle id="10" x="398.35" y="301.87" angle="0.00" type="DEFAULT_VEHTYPE" speed="12.96" pos="93.38" lane="2/2to2/1_0" slope="0.00"/>
        <vehicle id="11" x="138.44" y="401.65" angle="-90.00" type="DEFAULT_VEHTYPE" speed="12.75" pos="56.81" lane="1/2to0/2_0" slope="0.00"/>
        <vehicle id="15" x="398.35" y="58.51" angle="0.00" type="DEFAULT_VEHTYPE" speed="13.68" pos="136.74" lane="2/1to2/0_0" slope="0.00"/>
        <vehicle id="16" x="398.35" y="231.29" angle="0.00" type="DEFAULT_VEHTYPE" speed="13.31" pos="163.96" lane="2/2to2/1_0" slope="0.00"/>
        <vehicle id="17" x="362.86" y="201.65" angle="-90.00" type="DEFAULT_VEHTYPE" speed="13.03" pos="32.39" lane="2/1to1/1_0" slope="0.00"/>
        <vehicle id="18" x="601.65" y="278.95" angle="180.00" type="DEFAULT_VEHTYPE" speed="13.44" pos="74.20" lane="3/1to3/2_0" slope="0.00"/>
        <vehicle id="2" x="707.24" y="598.35" angle="90.00" type="DEFAULT_VEHTYPE" speed="13.04" pos="102.49" lane="3/3to4/3_0" slope="0.00"/>
        <vehicle id="24" x="399.88" y="801.59" angle="-156.44" type="DEFAULT_VEHTYPE" speed="13.27" pos="2.54" lane=":2/4_0_0" slope="0.00"/>
        <vehicle id="28" x="201.65" y="107.47" angle="180.00" type="DEFAULT_VEHTYPE" speed="13.10" pos="107.47" lane="1/0to1/1_0" slope="0.00"/>
        <vehicle id="29" x="554.23" y="401.65" angle="-90.00" type="DEFAULT_VEHTYPE" speed="13.27" pos="41.02" lane="3/2to2/2_0" slope="0.00"/>
        <vehicle id="3" x="601.65" y="359.77" angle="180.00" type="DEFAULT_VEHTYPE" speed="12.93" pos="155.02" lane="3/1to3/2_0" slope="0.00"/>
        <vehicle id="33" x="401.65" y="159.58" angle="180.00" type="DEFAULT_VEHTYPE" speed="13.58" pos="159.58" lane="2/0to2/1_0" slope="0.00"/>
        <vehicle id="37" x="232.07" y="598.35" angle="90.00" type="DEFAULT_VEHTYPE" speed="13.50" pos="27.32" lane="1/3to2/3_0" slope="0.00"/>
        <vehicle id="39" x="216.87" y="401.65" angle="-90.00" type="DEFAULT_VEHTYPE" speed="7.54" pos="178.38" lane="2/2to1/2_0" slope="0.00"/>
        <vehicle id="40" x="201.65" y="152.61" angle="180.00" type="DEFAULT_VEHTYPE" speed="13.70" pos="152.61" lane="1/0to1/1_0" slope="0.00"/>
        <vehicle id="42" x="398.35" y="725.58" angle="0.00" type="DEFAULT_VEHTYPE" speed="13.18" pos="74.42" lane="2/4to2/3_0" slope="0.00"/>
        <vehicle id="43" x="299.87" y="598.35" angle="90.00" type="DEFAULT_VEHTYPE" speed="13.47" pos="95.12" lane="1/3to2/3_0" slope="0.00"/>
        <vehicle id="44" x="601.65" y="594.23" angle="180.00" type="DEFAULT_VEHTYPE" speed="12.93" pos="189.48" lane="3/2to3/3_0" slope="0.00"/>
        <vehicle id="48" x="361.85" y="198.35" angle="90.00" type="DEFAULT_VEHTYPE" speed="13.37" pos="157.10" lane="1/1to2/1_0" slope="0.00"/>
        <vehicle id="49" x="201.65" y="411.87" angle="180.00" type="DEFAULT_VEHTYPE" speed="7.82" pos="7.12" lane="1/2to1/3_0" slope="0.00"/>
        <vehicle id="5" x="399.64" y="599.70" angle="106.05" type="DEFAULT_VEHTYPE" speed="5.93" pos="4.68" lane=":2/3_14_0" slope="0.00"/>
        <vehicle id="6" x="201.65" y="515.22" angle="180.00" type="DEFAULT_VEHTYPE" speed="12.75" pos="110.47" lane="1/2to1/3_0" slope="0.00"/>
        <vehicle id="7" x="398.35" y="688.77" angle="0.00" type="DEFAULT_VEHTYPE" speed="13.74" pos="111.23" lane="2/4to2/3_0" slope="0.00"/>
        <vehicle id="8" x="416.51" y="198.35" angle="90.00" type="DEFAULT_VEHTYPE" speed="13.61" pos="11.76" lane="2/1to3/1_0" slope="0.00"/>
        <vehicle id="9" x="198.35" y="97.80" angle="0.00" type="DEFAULT_VEHTYPE" speed="12.90" pos="97.45" lane="1/1to1/0_0" slope="0.00"/>
    </timestep>
    <timestep time="502.00">
        <vehicle id="0" x="601.65" y="443.36" angle="180.00" type="DEFAULT_VEHTYPE" speed="13.52" pos="38.61" lane="3/2to3/3_0" slope="0.00"/>
        <vehicle id="10" x="398.35" y="288.15" angle="0.00" type="DEFAULT_VEHTYPE" speed="13.71" pos="107.10" lane="2/2to2/1_0" slope="0.00"/>
        <vehicle id="11" x="124.77" y="401.65" angle="-90.00" type="DEFAULT_VEHTYPE" speed="13.68" pos="70.48" lane="1/2to0/2_0" slope="0.00"/>
        <vehicle id="15" x="398.35" y="44.67" angle="0.00" type="DEFAULT_VEHTYPE" speed="13.84" pos="150.58" lane="2/1to2/0_0" slope="0.00"/>
        <vehicle id="16" x="398.35" y="218.45" angle="0.00" type="DEFAULT_VEHTYPE" speed="12.85" pos="176.80" lane="2/2to2/1_0" slope="0.00"/>
        <vehicle id="17" x="349.65" y="201.65" angle="-90.00" type="DEFAULT_VEHTYPE" speed="13.21" pos="45.60" lane="2/1to1/1_0" slope="0.00"/>
        <vehicle id="18" x="601.65" y="292.51" angle="180.00" type="DEFAULT_VEHTYPE" speed="13.56" pos="87.76" lane="3/1to3/2_0" slope="0.00"/>
        <vehicle id="2" x="720.92" y="598.35" angle="90.00" type="DEFAULT_VEHTYPE" speed="13.68" pos="116.17" lane="3/3to4/3_0" slope="0.00"/>
        <vehicle id="24" x="398.35" y="789.44" angle="0.00" type="DEFAULT_VEHTYPE" speed="12.84" pos="10.56" lane="2/4to2/3_0" slope="0.00"/>
        <vehicle id="28" x="201.65" y="121.16" angle="180.00" type="DEFAULT_VEHTYPE" speed="13.69" pos="121.16" lane="1/0to1/1_0" slope="0.00"/>
        <vehicle id="29" x="540.50" y="401.65" angle="-90.00" type="DEFAULT_VEHTYPE" speed="13.73" pos="54.75" lane="3/2to2/2_0" slope="0.00"/>
        <vehicle id="3" x="601.65" y="372.57" angle="180.00" type="DEFAULT_VEHTYPE" speed="12.80" pos="167.82" lane="3/1to3/2_0" slope="0.00"/>
        <vehicle id="33" x="401.65" y="172.96" angle="180.00" type="DEFAULT_VEHTYPE" speed="13.37" pos="172.96" lane="2/0to2/1_0" slope="0.00"/>
        <vehicle id="37" x="245.26" y="598.35" angle="90.00" type="DEFAULT_VEHTYPE" speed="13.20" pos="40.51" lane="1/3to2/3_0" slope="0.00"/>
        <vehicle id="39" x="211.92" y="401.65" angle="-90.00" type="DEFAULT_VEHTYPE" speed="4.95" pos="183.33" lane="2/2to1/2_0" slope="0.00"/>
        <vehicle id="40" x="201.65" y="166.09" angle="180.00" type="DEFAULT_VEHTYPE" speed="13.49" pos="166.09" lane="1/0to1/1_0" slope="0.00"/>
        <vehicle id="42" x="398.35" y="712.79" angle="0.00" type="DEFAULT_VEHTYPE" speed="12.79" pos="87.21" lane="2/4to2/3_0" slope="0.00"/>
        <vehicle id="43" x="313.23" y="598.35" angle="90.00" type="DEFAULT_VEHTYPE" speed="13.36" pos="108.48" lane="1/3to2/3_0" slope="0.00"/>
        <vehicle id="44" x="612.10" y="598.35" angle="90.00" type="DEFAULT_VEHTYPE" speed="13.38" pos="7.35" lane="3/3to4/3_0" slope="0.00"/>
        <vehicle id="48" x="373.49" y="198.35" angle="90.00" type="DEFAULT_VEHTYPE" speed="11.64" pos="168.74" lane="1/1to2/1_0" slope="0.00"/>
        <vehicle id="49" x="201.65" y="421.77" angle="180.00" type="DEFAULT_VEHTYPE" speed="9.91" pos="17.02" lane="1/2to1/3_0" slope="0.00"/>
        <vehicle id="5" x="401.65" y="606.87" angle="175.11" type="DEFAULT_VEHTYPE" speed="7.76" pos="2.12" lane="2/3to2/4_0" slope="0.00"/>
        <vehicle id="6" x="201.65" y="529.00" angle="180.00" type="DEFAULT_VEHTYPE" speed="13.78" pos="124.25" lane="1/2to1/3_0" slope="0.00"/>
        <vehicle id="7" x="398.35" y="675.19" angle="0.00" type="DEFAULT_VEHTYPE" speed="13.58" pos="124.81" lane="2/4to2/3_0" slope="0.00"/>
        <vehicle id="8" x="430.11" y="198.35" angle="90.00" type="DEFAULT_VEHTYPE" speed="13.59" pos="25.36" lane="2/1to3/1_0" slope="0.00"/>
        <vehicle id="9" x="198.35" y="84.39" angle="0.00" type="DEFAULT_VEHTYPE" speed="13.41" pos="110.86" lane="1/1to1/0_0" slope="0.00"/>
    </timestep>
    <timestep time="503.00">
        <vehicle id="0" x="601.65" y="456.20" angle="180.00" type="DEFAULT_VEHTYPE" speed="12.83" pos="51.45" lane="3/2to3/3_0" slope="0.00"/>
        <vehicle id="10" x="398.35" y="274.30" angle="0.00" type="DEFAULT_VEHTYPE" speed="13.85" pos="120.95" lane="2/2to2/1_0" slope="0.00"/>
        <vehicle id="11" x="110.90" y="401.65" angle="-90.00" type="DEFAULT_VEHTYPE" speed="13.86" pos="84.35" lane="1/2to0/2_0" slope="0.00"/>
        <vehicle id="15" x="398.35" y="31.82" angle="0.00" type="DEFAULT_VEHTYPE" speed="12.85" pos="163.43" lane="2/1to2/0_0" slope="0.00"/>
        <vehicle id="16" x="398.35" y="205.35" angle="0.00" type="DEFAULT_VEHTYPE" speed="13.09" pos="189.90" lane="2/2to2/1_0" slope="0.00"/>
        <vehicle id="17" x="336.08" y="201.65" angle="-90.00" type="DEFAULT_VEHTYPE" speed="13.57" pos="59.17" lane="2/1to1/1_0" slope="0.00"/>
        <vehicle id="18" x="601.65" y="306.28" angle="180.00" type="DEFAULT_VEHTYPE" speed="13.77" pos="101.53" lane="3/1to3/2_0" slope="0.00"/>
        <vehicle id="2" x="734.80" y="598.35" angle="90.00" type="DEFAULT_VEHTYPE" speed="13.88" pos="130.05" lane="3/3to4/3_0" slope="0.00"/>
        <vehicle id="24" x="398.35" y="776.78" angle="0.00" type="DEFAULT_VEHTYPE" speed="12.66" pos="23.22" lane="2/4to2/3_0" slope="0.00"/>
        <vehicle id="28" x="201.65" y="133.83" angle="180.00" type="DEFAULT_VEHTYPE" speed="12.67" pos="133.83" lane="1/0to1/1_0" slope="0.00"/>
        <vehicle id="29" x="526.77" y="401.65" angle="-90.00" type="DEFAULT_VEHTYPE" speed="13.73" pos="68.48" lane="3/2to2/2_0" slope="0.00"/>
        <vehicle id="3" x="601.65" y="385.30" angle="180.00" type="DEFAULT_VEHTYPE" speed="12.73" pos="180.55" lane="3/1to3/2_0" slope="0.00"/>
        <vehicle id="33" x="401.65" y="185.86" angle="180.00" type="DEFAULT_VEHTYPE" speed="12.91" pos="185.86" lane="2/0to2/1_0" slope="0.00"/>
        <vehicle id="37" x="257.92" y="598.35" angle="90.00" type="DEFAULT_VEHTYPE" speed="12.66" pos="53.17" lane="1/3to2/3_0" slope="0.00"/>
        <vehicle id="39" x="208.74" y="401.65" angle="-90.00" type="DEFAULT_VEHTYPE" speed="3.18" pos="186.51" lane="2/2to1/2_0" slope="0.00"/>
        <vehicle id="40" x="201.65" y="179.80" angle="180.00" type="DEFAULT_VEHTYPE" speed="13.71" pos="179.80" lane="1/0to1/1_0" slope="0.00"/>
        <vehicle id="42" x="398.35" y="699.60" angle="0.00" type="DEFAULT_VEHTYPE" speed="13.18" pos="100.40" lane="2/4to2/3_0" slope="0.00"/>
        <vehicle id="43" x="326.37" y="598.35" angle="90.00" type="DEFAULT_VEHTYPE" speed="13.14" pos="121.62" lane="1/3to2/3_0" slope="0.00"/>
        <vehicle id="44" x="625.72" y="598.35" angle="90.00" type="DEFAULT_VEHTYPE" speed="13.62" pos="20.97" lane="3/3to4/3_0" slope="0.00"/>
        <vehicle id="48" x="382.79" y="198.35" angle="90.00" type="DEFAULT_VEHTYPE" speed="9.30" pos="178.04" lane="1/1to2/1_0" slope="0.00"/>
        <vehicle id="49" x="201.65" y="433.21" angle="180.00" type="DEFAULT_VEHTYPE" speed="11.44" pos="28.46" lane="1/2to1/3_0" slope="0.00"/>
        <vehicle id="5" x="401.65" y="616.60" angle="180.00" type="DEFAULT_VEHTYPE" speed="9.72" pos="11.85" lane="2/3to2/4_0" slope="0.00"/>
        <vehicle id="6" x="201.65" y="542.31" angle="180.00" type="DEFAULT_VEHTYPE" speed="13.31" pos="137.56" lane="1/2to1/3_0" slope="0.00"/>
        <vehicle id="7" x="398.35" y="662.08" angle="0.00" type="DEFAULT_VEHTYPE" speed="13.10" pos="137.92" lane="2/4to2/3_0" slope="0.00"/>
        <vehicle id="8" x="443.57" y="198.35" angle="90.00" type="DEFAULT_VEHTYPE" speed="13.46" pos="38.82" lane="2/1to3/1_0" slope="0.00"/>
        <vehicle id="9" x="198.35" y="71.75" angle="0.00" type="DEFAULT_VEHTYPE" speed="12.63" pos="123.50" lane="1/1to1/0_0" slope="0.00"/>
    </timestep>
    <timestep time="504.00">
        <vehicle id="0" x="601.65" y="469.79" angle="180.00" type="DEFAULT_VEHTYPE" speed="13.59" pos="65.04" lane="3/2to3/3_0" slope="0.00"/>
        <vehicle id="10" x="398.35" y="261.41" angle="0.00" type="DEFAULT_VEHTYPE" speed="12.89" pos="133.84" lane="2/2to2/1_0" slope="0.00"/>
        <vehicle id="11" x="97.06" y="401.65" angle="-90.00" type="DEFAULT_VEHTYPE" speed="13.85" pos="98.19" lane="1/2to0/2_0" slope="0.00"/>
        <vehicle id="15" x="398.35" y="18.16" angle="0.00" type="DEFAULT_VEHTYPE" speed="13.66" pos="177.09" lane="2/1to2/0_0" slope="0.00"/>
        <vehicle id="16" x="387.65" y="201.65" angle="-90.00" type="DEFAULT_VEHTYPE" speed="13.20" pos="7.60" lane="2/1to1/1_0" slope="0.00"/>
        <vehicle id="17" x="322.78" y="201.65" angle="-90.00" type="DEFAULT_VEHTYPE" speed="13.29" pos="72.47" lane="2/1to1/1_0" slope="0.00"/>
        <vehicle id="18" x="601.65" y="319.32" angle="180.00" type="DEFAULT_VEHTYPE" speed="13.04" pos="114.57" lane="3/1to3/2_0" slope="0.00"/>
        <vehicle id="2" x="748.07" y="598.35" angle="90.00" type="DEFAULT_VEHTYPE" speed="13.26" pos="143.32" lane="3/3to4/3_0" slope="0.00"/>
        <vehicle id="24" x="398.35" y="762.89" angle="0.00" type="DEFAULT_VEHTYPE" speed="13.90" pos="37.11" lane="2/4to2/3_0" slope="0.00"/>
        <vehicle id="28" x="201.65" y="146.65" angle="180.00" type="DEFAULT_VEHTYPE" speed="12.82" pos="146.65" lane="1/0to1/1_0" slope="0.00"/>
        <vehicle id="29" x="513.75" y="401.65" angle="-90.00" type="DEFAULT_VEHTYPE" speed="13.02" pos="81.50" lane="3/2to2/2_0" slope="0.00"/>
        <vehicle id="3" x="601.65" y="398.97" angle="180.00" type="DEFAULT_VEHTYPE" speed="13.67" pos="3.72" lane=":3/2_9_0" slope="0.00"/>
        <vehicle id="33" x="403.50" y="198.18" angle="156.21" type="DEFAULT_VEHTYPE" speed="13.13" pos="3.74" lane=":2/1_8_0" slope="0.00"/>
        <vehicle id="37" x="271.52" y="598.35" angle="90.00" type="DEFAULT_VEHTYPE" speed="13.59" pos="66.77" lane="1/3to2/3_0" slope="0.00"/>
        <vehicle id="39" x="202.98" y="401.40" angle="-87.10" type="DEFAULT_VEHTYPE" speed="5.77" pos="1.78" lane=":1/2_6_0" slope="0.00"/>
        <vehicle id="40" x="201.65" y="193.52" angle="180.00" type="DEFAULT_VEHTYPE" speed="13.72" pos="193.52" lane="1/0to1/1_0" slope="0.00"/>
        <vehicle id="42" x="398.35" y="686.53" angle="0.00" type="DEFAULT_VEHTYPE" speed="13.08" pos="113.47" lane="2/4to2/3_0" slope="0.00"/>
        <vehicle id="43" x="339.13" y="598.35" angle="90.00" type="DEFAULT_VEHTYPE" speed="12.77" pos="134.38" lane="1/3to2/3_0" slope="0.00"/>
        <vehicle id="44" x="639.07" y="598.35" angle="90.00" type="DEFAULT_VEHTYPE" speed="13.35" pos="34.32" lane="3/3to4/3_0" slope="0.00"/>
        <vehicle id="48" x="387.96" y="198.35" angle="90.00" type="DEFAULT_VEHTYPE" speed="5.17" pos="183.21" lane="1/1to2/1_0" slope="0.00"/>
        <vehicle id="49" x="201.65" y="445.91" angle="180.00" type="DEFAULT_VEHTYPE" speed="12.70" pos="41.16" lane="1/2to1/3_0" slope="0.00"/>
        <vehicle id="5" x="401.65" y="628.90" angle="180.00" type="DEFAULT_VEHTYPE" speed="12.31" pos="24.15" lane="2/3to2/4_0" slope="0.00"/>
        <vehicle id="6" x="201.65" y="555.86" angle="180.00" type="DEFAULT_VEHTYPE" speed="13.56" pos="151.11" lane="1/2to1/3_0" slope="0.00"/>
        <vehicle id="7" x="398.35" y="649.18" angle="0.00" type="DEFAULT_VEHTYPE" speed="12.90" pos="150.82" lane="2/4to2/3_0" slope="0.00"/>
        <vehicle id="8" x="456.17" y="198.35" angle="90.00" type="DEFAULT_VEHTYPE" speed="12.61" pos="51.42" lane="2/1to3/1_0" slope="0.00"/>
        <vehicle id="9" x="198.35" y="58.96" angle="0.00" type="DEFAULT_VEHTYPE" speed="12.80" pos="136.29" lane="1/1to1/0_0" slope="0.00"/>
    </timestep>
    <timestep time="505.00">
        <vehicle id="0" x="601.65" y="482.60" angle="180.00" type="DEFAULT_VEHTYPE" speed="12.82" pos="77.85" lane="3/2to3/3_0" slope="0.00"/>
        <vehicle id="10" x="398.35" y="247.70" angle="0.00" type="DEFAULT_VEHTYPE" speed="13.71" pos="147.55" lane="2/2to2/1_0" slope="0.00"/>
        <vehicle id="11" x="83.68" y="401.65" angle="-90.00" type="DEFAULT_VEHTYPE" speed="13.37" pos="111.57" lane="1/2to0/2_0" slope="0.00"/>
        <vehicle id="15" x="398.35" y="4.50" angle="0.00" type="DEFAULT_VEHTYPE" speed="13.66" pos="190.75" lane="2/1to2/0_0" slope="0.00"/>
        <vehicle id="16" x="374.70" y="201.65" angle="-90.00" type="DEFAULT_VEHTYPE" speed="12.95" pos="20.55" lane="2/1to1/1_0" slope="0.00"/>
        <vehicle id="17" x="309.69" y="201.65" angle="-90.00" type="DEFAULT_VEHTYPE" speed="13.09" pos="85.56" lane="2/1to1/1_0" slope="0.00"/>
        <vehicle id="18" x="601.65" y="332.50" angle="180.00" type="DEFAULT_VEHTYPE" speed="13.18" pos="127.75" lane="3/1to3/2_0" slope="0.00"/>
        <vehicle id="2" x="761.12" y="598.35" angle="90.00" type="DEFAULT_VEHTYPE" speed="13.06" pos="156.37" lane="3/3to4/3_0" slope="0.00"/>
        <vehicle id="24" x="398.35" y="750.04" angle="0.00" type="DEFAULT_VEHTYPE" speed="12.85" pos="49.96" lane="2/4to2/3_0" slope="0.00"/>
        <vehicle id="28" x="201.65" y="159.30" angle="180.00" type="DEFAULT_VEHTYPE" speed="12.65" pos="159.30" lane="1/0to1/1_0" slope="0.00"/>
        <vehicle id="29" x="500.74" y="401.65" angle="-90.00" type="DEFAULT_VEHTYPE" speed="13.01" pos="94.51" lane="3/2to2/2_0" slope="0.00"/>
        <vehicle id="3" x="601.65" y="412.28" angle="180.00" type="DEFAULT_VEHTYPE" speed="13.31" pos="7.53" lane="3/2to3/3_0" slope="0.00"/>
        <vehicle id="33" x="416.61" y="198.35" angle="90.00" type="DEFAULT_VEHTYPE" speed="13.12" pos="11.86" lane="2/1to3/1_0" slope="0.00"/>
        <vehicle id="37" x="284.62" y="598.35" angle="90.00" type="DEFAULT_VEHTYPE" speed="13.11" pos="79.87" lane="1/3to2/3_0" slope="0.00"/>
        <vehicle id="39" x="198.46" y="396.01" angle="-24.84" type="DEFAULT_VEHTYPE" speed="7.77" pos="9.55" lane=":1/2_6_0" slope="0.00"/>
        <vehicle id="40" x="211.13" y="198.35" angle="90.00" type="DEFAULT_VEHTYPE" speed="13.11" pos="6.38" lane="1/1to2/1_0" slope="0.00"/>
        <vehicle id="42" x="398.35" y="672.84" angle="0.00" type="DEFAULT_VEHTYPE" speed="13.69" pos="127.16" lane="2/4to2/3_0" slope="0.00"/>
        <vehicle id="43" x="352.97" y="598.35" angle="90.00" type="DEFAULT_VEHTYPE" speed="13.84" pos="148.22" lane="1/3to2/3_0" slope="0.00"/>
        <vehicle id="44" x="652.22" y="598.35" angle="90.00" type="DEFAULT_VEHTYPE" speed="13.15" pos="47.47" lane="3/3to4/3_0" slope="0.00"/>
        <vehicle id="48" x="390.91" y="198.35" angle="90.00" type="DEFAULT_VEHTYPE" speed="2.95" pos="186.16" lane="1/1to2/1_0" slope="0.00"/>
        <vehicle id="49" x="201.65" y="459.22" angle="180.00" type="DEFAULT_VEHTYPE" speed="13.31" pos="54.47" lane="1/2to1/3_0" slope="0.00"/>
        <vehicle id="5" x="401.65" y="642.58" angle="180.00" type="DEFAULT_VEHTYPE" speed="13.68" pos="37.83" lane="2/3to2/4_0" slope="0.00"/>
        <vehicle id="6" x="201.65" y="569.55" angle="180.00" type="DEFAULT_VEHTYPE" speed="13.68" pos="164.80" lane="1/2to1/3_0" slope="0.00"/>
        <vehicle id="7" x="398.35" y="636.09" angle="0.00" type="DEFAULT_VEHTYPE" speed="13.09" pos="163.91" lane="2/4to2/3_0" slope="0.00"/>
        <vehicle id="8" x="469.82" y="198.35" angle="90.00" type="DEFAULT_VEHTYPE" speed="13.65" pos="65.07" lane="2/1to3/1_0" slope="0.00"/>
        <vehicle id="9" x="198.35" y="46.26" angle="0.00" type="DEFAULT_VEHTYPE" speed="12.70" pos="148.99" lane="1/1to1/0_0" slope="0.00"/>
    </timestep>
    <timestep time="506.00">
        <vehicle id="0" x="601.65" y="495.31" angle="180.00" type="DEFAULT_VEHTYPE" speed="12.71" pos="90.56" lane="3/2to3/3_0" slope="0.00"/>
        <vehicle id="10" x="398.35" y="234.05" angle="0.00" type="DEFAULT_VEHTYPE" speed="13.65" pos="161.20" lane="2/2to2/1_0" slope="0.00"/>
        <vehicle id="11" x="70.59" y="401.65" angle="-90.00" type="DEFAULT_VEHTYPE" speed="13.09" pos="124.66" lane="1/2to0/2_0" slope="0.00"/>
        <vehicle id="15" x="401.65" y="3.50" angle="170.02" type="DEFAULT_VEHTYPE" speed="12.82" pos="3.50" lane="2/0to2/1_0" slope="0.00"/>
        <vehicle id="16" x="361.45" y="201.65" angle="-90.00" type="DEFAULT_VEHTYPE" speed="13.25" pos="33.80" lane="2/1to1/1_0" slope="0.00"/>
        <vehicle id="17" x="296.66" y="201.65" angle="-90.00" type="DEFAULT_VEHTYPE" speed="13.04" pos="98.59" lane="2/1to1/1_0" slope="0.00"/>
        <vehicle id="18" x="601.65" y="345.74" angle="180.00" type="DEFAULT_VEHTYPE" speed="13.24" pos="140.99" lane="3/1to3/2_0" slope="0.00"/>
        <vehicle id="2" x="773.75" y="598.35" angle="90.00" type="DEFAULT_VEHTYPE" speed="12.62" pos="169.00" lane="3/3to4/3_0" slope="0.00"/>
        <vehicle id="24" x="398.35" y="736.87" angle="0.00" type="DEFAULT_VEHTYPE" speed="13.17" pos="63.13" lane="2/4to2/3_0" slope="0.00"/>
        <vehicle id="28" x="201.65" y="172.49" angle="180.00" type="DEFAULT_VEHTYPE" speed="13.19" pos="172.49" lane="1/0to1/1_0" slope="0.00"/>
        <vehicle id="29" x="487.38" y="401.65" angle="-90.00" type="DEFAULT_VEHTYPE" speed="13.36" pos="107.87" lane="3/2to2/2_0" slope="0.00"/>
        <vehicle id="3" x="601.65" y="425.21" angle="180.00" type="DEFAULT_VEHTYPE" speed="12.92" pos="20.46" lane="3/2to3/3_0" slope="0.00"/>
        <vehicle id="33" x="429.69" y="198.35" angle="90.00" type="DEFAULT_VEHTYPE" speed="13.08" pos="24.94" lane="2/1to3/1_0" slope="0.00"/>
        <vehicle id="37" x="297.47" y="598.35" angle="90.00" type="DEFAULT_VEHTYPE" speed="12.85" pos="92.72" lane="1/3to2/3_0" slope="0.00"/>
        <vehicle id="39" x="198.35" y="386.75" angle="0.00" type="DEFAULT_VEHTYPE" speed="9.27" pos="8.50" lane="1/2to1/1_0" slope="0.00"/>
        <vehicle id="40" x="224.26" y="198.35" angle="90.00" type="DEFAULT_VEHTYPE" speed="13.13" pos="19.51" lane="1/1to2/1_0" slope="0.00"/>
        <vehicle id="42" x="398.35" y="659.56" angle="0.00" type="DEFAULT_VEHTYPE" speed="13.28" pos="140.44" lane="2/4to2/3_0" slope="0.00"/>
        <vehicle id="43" x="365.71" y="598.35" angle="90.00" type="DEFAULT_VEHTYPE" speed="12.74" pos="160.96" lane="1/3to2/3_0" slope="0.00"/>
        <vehicle id="44" x="664.98" y="598.35" angle="90.00" type="DEFAULT_VEHTYPE" speed="12.77" pos="60.23" lane="3/3to4/3_0" slope="0.00"/>
        <vehicle id="48" x="395.73" y="198.35" angle="90.00" type="DEFAULT_VEHTYPE" speed="4.83" pos="0.48" lane=":2/1_13_0" slope="0.00"/>
        <vehicle id="49" x="201.65" y="472.79" angle="180.00" type="DEFAULT_VEHTYPE" speed="13.56" pos="68.04" lane="1/2to1/3_0" slope="0.00"/>
        <vehicle id="5" x="401.65" y="656.45" angle="180.00" type="DEFAULT_VEHTYPE" speed="13.87" pos="51.70" lane="2/3to2/4_0" slope="0.00"/>
        <vehicle id="6" x="201.65" y="582.16" angle="180.00" type="DEFAULT_VEHTYPE" speed="12.61" pos="177.41" lane="1/2to1/3_0" slope="0.00"/>
        <vehicle id="7" x="398.35" y="622.77" angle="0.00" type="DEFAULT_VEHTYPE" speed="13.32" pos="177.23" lane="2/4to2/3_0" slope="0.00"/>
        <vehicle id="8" x="482.78" y="198.35" angle="90.00" type="DEFAULT_VEHTYPE" speed="12.97" pos="78.03" lane="2/1to3/1_0" slope="0.00"/>
        <vehicle id="9" x="198.35" y="32.44" angle="0.00" type="DEFAULT_VEHTYPE" speed="13.82" pos="162.81" lane="1/1to1/0_0" slope="0.00"/>
    </timestep>
    <timestep time="507.00">
        <vehicle id="0" x="601.65" y="509.20" angle="180.00" type="DEFAULT_VEHTYPE" speed="13.88" pos="104.45" lane="3/2to3/3_0" slope="0.00"/>
        <vehicle id="10" x="398.35" y="222.16" angle="0.00" type="DEFAULT_VEHTYPE" speed="11.89" pos="173.09" lane="2/2to2/1_0" slope="0.00"/>
        <vehicle id="11" x="57.75" y="401.65" angle="-90.00" type="DEFAULT_VEHTYPE" speed="12.84" pos="137.50" lane="1/2to0/2_0" slope="0.00"/>
        <vehicle id="15" x="401.65" y="17.27" angle="180.00" type="DEFAULT_VEHTYPE" speed="13.77" pos="17.27" lane="2/0to2/1_0" slope="0.00"/>
        <vehicle id="16" x="348.42" y="201.65" angle="-90.00" type="DEFAULT_VEHTYPE" speed="13.03" pos="46.83" lane="2/1to1/1_0" slope="0.00"/>
        <vehicle id="17" x="283.57" y="201.65" angle="-90.00" type="DEFAULT_VEHTYPE" speed="13.09" pos="111.68" lane="2/1to1/1_0" slope="0.00"/>
        <vehicle id="18" x="601.65" y="358.51" angle="180.00" type="DEFAULT_VEHTYPE" speed="12.78" pos="153.76" lane="3/1to3/2_0" slope="0.00"/>
        <vehicle id="2" x="787.12" y="598.35" angle="90.00" type="DEFAULT_VEHTYPE" speed="13.37" pos="182.37" lane="3/3to4/3_0" slope="0.00"/>
        <vehicle id="24" x="398.35" y="723.43" angle="0.00" type="DEFAULT_VEHTYPE" speed="13.44" pos="76.57" lane="2/4to2/3_0" slope="0.00"/>
        <vehicle id="28" x="201.65" y="185.47" angle="180.00" type="DEFAULT_VEHTYPE" speed="12.98" pos="185.47" lane="1/0to1/1_0" slope="0.00"/>
        <vehicle id="29" x="473.62" y="401.65" angle="-90.00" type="DEFAULT_VEHTYPE" speed="13.76" pos="121.63" lane="3/2to2/2_0" slope="0.00"/>
        <vehicle id="3" x="601.65" y="438.30" angle="180.00" type="DEFAULT_VEHTYPE" speed="13.09" pos="33.55" lane="3/2to3/3_0" slope="0.00"/>
        <vehicle id="33" x="442.69" y="198.35" angle="90.00" type="DEFAULT_VEHTYPE" speed="13.00" pos="37.94" lane="2/1to3/1_0" slope="0.00"/>
        <vehicle id="37" x="310.20" y="598.35" angle="90.00" type="DEFAULT_VEHTYPE" speed="12.72" pos="105.45" lane="1/3to2/3_0" slope="0.00"/>
        <vehicle id="39" x="198.35" y="374.97" angle="0.00" type="DEFAULT_VEHTYPE" speed="11.78" pos="20.28" lane="1/2to1/1_0" slope="0.00"/>
        <vehicle id="40" x="237.77" y="198.35" angle="90.00" type="DEFAULT_VEHTYPE" speed="13.52" pos="33.02" lane="1/1to2/1_0" slope="0.00"/>
        <vehicle id="42" x="398.35" y="646.28" angle="0.00" type="DEFAULT_VEHTYPE" speed="13.28" pos="153.72" lane="2/4to2/3_0" slope="0.00"/>
        <vehicle id="43" x="376.23" y="598.35" angle="90.00" type="DEFAULT_VEHTYPE" speed="10.52" pos="171.48" lane="1/3to2/3_0" slope="0.00"/>
        <vehicle id="44" x="677.81" y="598.35" angle="90.00" type="DEFAULT_VEHTYPE" speed="12.82" pos="73.06" lane="3/3to4/3_0" slope="0.00"/>
        <vehicle id="48" x="402.80" y="198.35" angle="90.00" type="DEFAULT_VEHTYPE" speed="7.07" pos="7.55" lane=":2/1_13_0" slope="0.00"/>
        <vehicle id="49" x="201.65" y="485.60" angle="180.00" type="DEFAULT_VEHTYPE" speed="12.81" pos="80.85" lane="1/2to1/3_0" slope="0.00"/>
        <vehicle id="5" x="401.65" y="669.43" angle="180.00" type="DEFAULT_VEHTYPE" speed="12.98" pos="64.68" lane="2/3to2/4_0" slope="0.00"/>
        <vehicle id="6" x="201.68" y="595.50" angle="179.60" type="DEFAULT_VEHTYPE" speed="13.34" pos="0.25" lane=":1/3_8_0" slope="0.00"/>
        <vehicle id="7" x="398.35" y="609.13" angle="0.00" type="DEFAULT_VEHTYPE" speed="13.64" pos="190.87" lane="2/4to2/3_0" slope="0.00"/>
        <vehicle id="8" x="496.65" y="198.35" angle="90.00" type="DEFAULT_VEHTYPE" speed="13.87" pos="91.90" lane="2/1to3/1_0" slope="0.00"/>
        <vehicle id="9" x="198.35" y="19.22" angle="0.00" type="DEFAULT_VEHTYPE" speed="13.22" pos="176.03" lane="1/1to1/0_0" slope="0.00"/>
    </timestep>
    <timestep time="508.00">
        <vehicle id="0" x="601.65" y="522.89" angle="180.00" type="DEFAULT_VEHTYPE" speed="13.69" pos="118.14" lane="3/2to3/3_0" slope="0.00"/>
        <vehicle id="10" x="398.35" y="211.83" angle="0.00" type="DEFAULT_VEHTYPE" speed="10.33" pos="183.42" lane="2/2to2/1_0" slope="0.00"/>
        <vehicle id="11" x="44.76" y="401.65" angle="-90.00" type="DEFAULT_VEHTYPE" speed="13.00" pos="150.49" lane="1/2to0/2_0" slope="0.00"/>
        <vehicle id="15" x="401.65" y="30.27" angle="180.00" type="DEFAULT_VEHTYPE" speed="13.00" pos="30.27" lane="2/0to2/1_0" slope="0.00"/>
        <vehicle id="16" x="334.80" y="201.65" angle="-90.00" type="DEFAULT_VEHTYPE" speed="13.62" pos="60.45" lane="2/1to1/1_0" slope="0.00"/>
        <vehicle id="17" x="269.75" y="201.65" angle="-90.00" type="DEFAULT_VEHTYPE" speed="13.83" pos="125.50" lane="2/1to1/1_0" slope="0.00"/>
        <vehicle id="18" x="601.65" y="371.31" angle="180.00" type="DEFAULT_VEHTYPE" speed="12.80" pos="166.56" lane="3/1to3/2_0" slope="0.00"/>
        <vehicle id="2" x="800.51" y="598.69" angle="94.02" type="DEFAULT_VEHTYPE" speed="13.50" pos="0.62" lane=":4/3_0_0" slope="0.00"/>
        <vehicle id="24" x="398.35" y="710.33" angle="0.00" type="DEFAULT_VEHTYPE" speed="13.10" pos="89.67" lane="2/4to2/3_0" slope="0.00"/>
        <vehicle id="28" x="203.12" y="198.00" angle="161.64" type="DEFAULT_VEHTYPE" speed="13.09" pos="3.32" lane=":1/1_8_0" slope="0.00"/>
        <vehicle id="29" x="459.99" y="401.65" angle="-90.00" type="DEFAULT_VEHTYPE" speed="13.63" pos="135.26" lane="3/2to2/2_0" slope="0.00"/>
        <vehicle id="3" x="601.65" y="451.42" angle="180.00" type="DEFAULT_VEHTYPE" speed="13.11" pos="46.67" lane="3/2to3/3_0" slope="0.00"/>
        <vehicle id="33" x="455.92" y="198.35" angle="90.00" type="DEFAULT_VEHTYPE" speed="13.24" pos="51.17" lane="2/1to3/1_0" slope="0.00"/>
        <vehicle id="37" x="323.44" y="598.35" angle="90.00" type="DEFAULT_VEHTYPE" speed="13.24" pos="118.69" lane="1/3to2/3_0" slope="0.00"/>
        <vehicle id="39" x="198.35" y="361.18" angle="0.00" type="DEFAULT_VEHTYPE" speed="13.80" pos="34.07" lane="1/2to1/1_0" slope="0.00"/>
        <vehicle id="40" x="250.86" y="198.35" angle="90.00" type="DEFAULT_VEHTYPE" speed="13.08" pos="46.11" lane="1/1to2/1_0" slope="0.00"/>
        <vehicle id="42" x="398.35" y="632.44" angle="0.00" type="DEFAULT_VEHTYPE" speed="13.84" pos="167.56" lane="2/4to2/3_0" slope="0.00"/>
        <vehicle id="43" x="384.66" y="598.35" angle="90.00" type="DEFAULT_VEHTYPE" speed="8.43" pos="179.91" lane="1/3to2/3_0" slope="0.00"/>
        <vehicle id="44" x="691.17" y="598.35" angle="90.00" type="DEFAULT_VEHTYPE" speed="13.36" pos="86.42" lane="3/3to4/3_0" slope="0.00"/>
        <vehicle id="48" x="412.41" y="198.35" angle="90.00" type="DEFAULT_VEHTYPE" speed="9.61" pos="7.66" lane="2/1to3/1_0" slope="0.00"/>
        <vehicle id="49" x="201.65" y="498.68" angle="180.00" type="DEFAULT_VEHTYPE" speed="13.08" pos="93.93" lane="1/2to1/3_0" slope="0.00"/>
        <vehicle id="5" x="401.65" y="682.94" angle="180.00" type="DEFAULT_VEHTYPE" speed="13.50" pos="78.19" lane="2/3to2/4_0" slope="0.00"/>
        <vehicle id="6" x="212.69" y="598.35" angle="90.00" type="DEFAULT_VEHTYPE" speed="12.69" pos="7.94" lane="1/3to2/3_0" slope="0.00"/>
        <vehicle id="7" x="398.35" y="595.24" angle="0.00" type="DEFAULT_VEHTYPE" speed="13.88" pos="0.01" lane="2/3to2/2_0" slope="0.00"/>
        <vehicle id="8" x="509.45" y="198.35" angle="90.00" type="DEFAULT_VEHTYPE" speed="12.80" pos="104.70" lane="2/1to3/1_0" slope="0.00"/>
        <vehicle id="9" x="198.35" y="6.15" angle="0.00" type="DEFAULT_VEHTYPE" speed="13.07" pos="189.10" lane="1/1to1/0_0" slope="0.00"/>
    </timestep>
    <timestep time="509.00">
        <vehicle id="0" x="601.65" y="535.83" angle="180.00" type="DEFAULT_VEHTYPE" speed="12.94" pos="131.08" lane="3/2to3/3_0" slope="0.00"/>
        <vehicle id="10" x="398.35" y="199.22" angle="0.00" type="DEFAULT_VEHTYPE" speed="12.62" pos="5.53" lane=":2/1_1_0" slope="0.00"/>
        <vehicle id="11" x="31.99" y="401.65" angle="-90.00" type="DEFAULT_VEHTYPE" speed="12.77" pos="163.26" lane="1/2to0/2_0" slope="0.00"/>
        <vehicle id="15" x="401.65" y="42.89" angle="180.00" type="DEFAULT_VEHTYPE" speed="12.62" pos="42.89" lane="2/0to2/1_0" slope="0.00"/>
        <vehicle id="16" x="321.36" y="201.65" angle="-90.00" type="DEFAULT_VEHTYPE" speed="13.44" pos="73.89" lane="2/1to1/1_0" slope="0.00"/>
        <vehicle id="17" x="256.65" y="201.65" angle="-90.00" type="DEFAULT_VEHTYPE" speed="13.09" pos="138.60" lane="2/1to1/1_0" slope="0.00"/>
        <vehicle id="18" x="601.65" y="384.48" angle="180.00" type="DEFAULT_VEHTYPE" speed="13.17" pos="179.73" lane="3/1to3/2_0" slope="0.00"/>
        <vehicle id="2" x="791.05" y="601.65" angle="-90.00" type="DEFAULT_VEHTYPE" speed="13.15" pos="8.95" lane="4/3to3/3_0" slope="0.00"/>
        <vehicle id="24" x="398.35" y="696.96" angle="0.00" type="DEFAULT_VEHTYPE" speed="13.37" pos="103.04" lane="2/4to2/3_0" slope="0.00"/>
        <vehicle id="28" x="216.41" y="198.35" angle="90.00" type="DEFAULT_VEHTYPE" speed="13.35" pos="11.66" lane="1/1to2/1_0" slope="0.00"/>
        <vehicle id="29" x="447.05" y="401.65" angle="-90.00" type="DEFAULT_VEHTYPE" speed="12.94" pos="148.20" lane="3/2to2/2_0" slope="0.00"/>
        <vehicle id="3" x="601.65" y="465.09" angle="180.00" type="DEFAULT_VEHTYPE" speed="13.68" pos="60.34" lane="3/2to3/3_0" slope="0.00"/>
        <vehicle id="33" x="469.17" y="198.35" angle="90.00" type="DEFAULT_VEHTYPE" speed="13.25" pos="64.42" lane="2/1to3/1_0" slope="0.00"/>
        <vehicle id="37" x="337.25" y="598.35" angle="90.00" type="DEFAULT_VEHTYPE" speed="13.81" pos="132.50" lane="1/3to2/3_0" slope="0.00"/>
        <vehicle id="39" x="198.35" y="347.34" angle="0.00" type="DEFAULT_VEHTYPE" speed="13.83" pos="47.91" lane="1/2to1/1_0" slope="0.00"/>
        <vehicle id="40" x="263.58" y="198.35" angle="90.00" type="DEFAULT_VEHTYPE" speed="12.73" pos="58.83" lane="1/1to2/1_0" slope="0.00"/>
        <vehicle id="42" x="398.35" y="618.67" angle="0.00" type="DEFAULT_VEHTYPE" speed="13.77" pos="181.33" lane="2/4to2/3_0" slope="0.00"/>
        <vehicle id="43" x="389.09" y="598.35" angle="90.00" type="DEFAULT_VEHTYPE" speed="4.43" pos="184.34" lane="1/3to2/3_0" slope="0.00"/>
        <vehicle id="44" x="705.07" y="598.35" angle="90.00" type="DEFAULT_VEHTYPE" speed="13.89" pos="100.32" lane="3/3to4/3_0" slope="0.00"/>
        <vehicle id="48" x="423.95" y="198.35" angle="90.00" type="DEFAULT_VEHTYPE" speed="11.53" pos="19.20" lane="2/1to3/1_0" slope="0.00"/>
        <vehicle id="49" x="201.65" y="512.19" angle="180.00" type="DEFAULT_VEHTYPE" speed="13.51" pos="107.44" lane="1/2to1/3_0" slope="0.00"/>
        <vehicle id="5" x="401.65" y="696.80" angle="180.00" type="DEFAULT_VEHTYPE" speed="13.86" pos="92.05" lane="2/3to2/4_0" slope="0.00"/>
        <vehicle id="6" x="225.84" y="598.35" angle="90.00" type="DEFAULT_VEHTYPE" speed="13.14" pos="21.09" lane="1/3to2/3_0" slope="0.00"/>
        <vehicle id="7" x="398.35" y="582.36" angle="0.00" type="DEFAULT_VEHTYPE" speed="12.89" pos="12.89" lane="2/3to2/2_0" slope="0.00"/>
        <vehicle id="8" x="523.23" y="198.35" angle="90.00" type="DEFAULT_VEHTYPE" speed="13.78" pos="118.48" lane="2/1to3/1_0" slope="0.00"/>
        <vehicle id="9" x="201.65" y="2.41" angle="155.51" type="DEFAULT_VEHTYPE" speed="13.38" pos="2.41" lane="1/0to1/1_0" slope="0.00"/>
    </timestep>
    <timestep time="510.00">
        <vehicle id="0" x="601.65" y="549.11" angle="180.00" type="DEFAULT_VEHTYPE" speed="13.28" pos="144.36" lane="3/2to3/3_0" slope="0.00"/>
        <vehicle id="10" x="398.35" y="186.31" angle="0.00" type="DEFAULT_VEHTYPE" speed="12.91" pos="8.94" lane="2/1to2/0_0" slope="0.00"/>
        <vehicle id="11" x="18.33" y="401.65" angle="-90.00" type="DEFAULT_VEHTYPE" speed="13.66" pos="176.92" lane="1/2to0/2_0" slope="0.00"/>
        <vehicle id="15" x="401.65" y="55.72" angle="180.00" type="DEFAULT_VEHTYPE" speed="12.83" pos="55.72" lane="2/0to2/1_0" slope="0.00"/>
        <vehicle id="16" x="308.60" y="201.65" angle="-90.00" type="DEFAULT_VEHTYPE" speed="12.76" pos="86.65" lane="2/1to1/1_0" slope="0.00"/>
        <vehicle id="17" x="243.04" y="201.65" angle="-90.00" type="DEFAULT_VEHTYPE" speed="13.61" pos="152.21" lane="2/1to1/1_0" slope="0.00"/>
        <vehicle id="18" x="601.65" y="397.33" angle="180.00" type="DEFAULT_VEHTYPE" speed="12.85" pos="2.08" lane=":3/2_9_0" slope="0.00"/>
        <vehicle id="2" x="778.45" y="601.65" angle="-90.00" type="DEFAULT_VEHTYPE" speed="12.60" pos="21.55" lane="4/3to3/3_0" slope="0.00"/>
        <vehicle id="24" x="398.35" y="683.63" angle="0.00" type="DEFAULT_VEHTYPE" speed="13.33" pos="116.37" lane="2/4to2/3_0" slope="0.00"/>
        <vehicle id="28" x="229.05" y="198.35" angle="90.00" type="DEFAULT_VEHTYPE" speed="12.64" pos="24.30" lane="1/1to2/1_0" slope="0.00"/>
        <vehicle id="29" x="433.84" y="401.65" angle="-90.00" type="DEFAULT_VEHTYPE" speed="13.21" pos="161.41" lane="3/2to2/2_0" slope="0.00"/>
        <vehicle id="3" x="601.65" y="477.93" angle="180.00" type="DEFAULT_VEHTYPE" speed="12.83" pos="73.18" lane="3/2to3/3_0" slope="0.00"/>
        <vehicle id="33" x="482.92" y="198.35" angle="90.00" type="DEFAULT_VEHTYPE" speed="13.75" pos="78.17" lane="2/1to3/1_0" slope="0.00"/>
        <vehicle id="37" x="350.54" y="598.35" angle="90.00" type="DEFAULT_VEHTYPE" speed="13.29" pos="145.79" lane="1/3to2/3_0" slope="0.00"/>
        <vehicle id="39" x="198.35" y="334.53" angle="0.00" type="DEFAULT_VEHTYPE" speed="12.82" pos="60.72" lane="1/2to1/1_0" slope="0.00"/>
        <vehicle id="40" x="276.28" y="198.35" angle="90.00" type="DEFAULT_VEHTYPE" speed="12.70" pos="71.53" lane="1/1to2/1_0" slope="0.00"/>
        <vehicle id="42" x="398.35" y="605.95" angle="0.00" type="DEFAULT_VEHTYPE" speed="12.72" pos="194.05" lane="2/4to2/3_0" slope="0.00"/>
        <vehicle id="43" x="391.59" y="598.35" angle="90.00" type="DEFAULT_VEHTYPE" speed="2.50" pos="186.84" lane="1/3to2/3_0" slope="0.00"/>
        <vehicle id="44" x="718.02" y="598.35" angle="90.00" type="DEFAULT_VEHTYPE" speed="12.95" pos="113.27" lane="3/3to4/3_0" slope="0.00"/>
        <vehicle id="48" x="437.35" y="198.35" angle="90.00" type="DEFAULT_VEHTYPE" speed="13.40" pos="32.60" lane="2/1to3/1_0" slope="0.00"/>
        <vehicle id="49" x="201.65" y="525.94" angle="180.00" type="DEFAULT_VEHTYPE" speed="13.75" pos="121.19" lane="1/2to1/3_0" slope="0.00"/>
        <vehicle id="5" x="401.65" y="710.20" angle="180.00" type="DEFAULT_VEHTYPE" speed="13.40" pos="105.45" lane="2/3to2/4_0" slope="0.00"/>
        <vehicle id="6" x="238.96" y="598.35" angle="90.00" type="DEFAULT_VEHTYPE" speed="13.13" pos="34.21" lane="1/3to2/3_0" slope="0.00"/>
        <vehicle id="7" x="398.35" y="568.55" angle="0.00" type="DEFAULT_VEHTYPE" speed="13.81" pos="26.70" lane="2/3to2/2_0" slope="0.00"/>
        <vehicle id="8" x="536.95" y="198.35" angle="90.00" type="DEFAULT_VEHTYPE" speed="13.72" pos="132.20" lane="2/1to3/1_0" slope="0.00"/>
        <vehicle id="9" x="201.65" y="16.26" angle="180.00" type="DEFAULT_VEHTYPE" speed="13.85" pos="16.26" lane="1/0to1/1_0" slope="0.00"/>
    </timestep>
    <timestep time="511.00">
        <vehicle id="0" x="601.65" y="562.32" angle="180.00" type="DEFAULT_VEHTYPE" speed="13.21" pos="157.57" lane="3/2to3/3_0" slope="0.00"/>
        <vehicle id="10" x="398.35" y="173.02" angle="0.00" type="DEFAULT_VEHTYPE" speed="13.29" pos="22.23" lane="2/1to2/0_0" slope="0.00"/>
        <vehicle id="11" x="5.03" y="401.65" angle="-90.00" type="DEFAULT_VEHTYPE" speed="13.30" pos="190.22" lane="1/2to0/2_0" slope="0.00"/>
        <vehicle id="15" x="401.65" y="69.06" angle="180.00" type="DEFAULT_VEHTYPE" speed="13.34" pos="69.06" lane="2/0to2/1_0" slope="0.00"/>
        <vehicle id="16" x="295.38" y="201.65" angle="-90.00" type="DEFAULT_VEHTYPE" speed="13.21" pos="99.87" lane="2/1to1/1_0" slope="0.00"/>
        <vehicle id="17" x="230.10" y="201.65" angle="-90.00" type="DEFAULT_VEHTYPE" speed="12.94" pos="165.15" lane="2/1to1/1_0" slope="0.00"/>
        <vehicle id="18" x="601.65" y="410.19" angle="180.00" type="DEFAULT_VEHTYPE" speed="12.86" pos="5.44" lane="3/2to3/3_0" slope="0.00"/>
        <vehicle id="2" x="765.17" y="601.65" angle="-90.00" type="DEFAULT_VEHTYPE" speed="13.28" pos="34.83" lane="4/3to3/3_0" slope="0.00"/>
        <vehicle id="24" x="398.35" y="670.31" angle="0.00" type="DEFAULT_VEHTYPE" speed="13.33" pos="129.69" lane="2/4to2/3_0" slope="0.00"/>
        <vehicle id="28" x="242.18" y="198.35" angle="90.00" type="DEFAULT_VEHTYPE" speed="13.13" pos="37.43" lane="1/1to2/1_0" slope="0.00"/>
        <vehicle id="29" x="423.27" y="401.65" angle="-90.00" type="DEFAULT_VEHTYPE" speed="10.57" pos="171.98" lane="3/2to2/2_0" slope="0.00"/>
        <vehicle id="3" x="601.65" y="490.92" angle="180.00" type="DEFAULT_VEHTYPE" speed="13.00" pos="86.17" lane="3/2to3/3_0" slope="0.00"/>
        <vehicle id="33" x="496.00" y="198.35" angle="90.00" type="DEFAULT_VEHTYPE" speed="13.09" pos="91.25" lane="2/1to3/1_0" slope="0.00"/>
        <vehicle id="37" x="363.48" y="598.35" angle="90.00" type="DEFAULT_VEHTYPE" speed="12.94" pos="158.73" lane="1/3to2/3_0" slope="0.00"/>
        <vehicle id="39" x="198.35" y="321.84" angle="0.00" type="DEFAULT_VEHTYPE" speed="12.69" pos="73.41" lane="1/2to1/1_0" slope="0.00"/>
        <vehicle id="40" x="289.50" y="198.35" angle="90.00" type="DEFAULT_VEHTYPE" speed="13.22" pos="84.75" lane="1/1to2/1_0" slope="0.00"/>
        <vehicle id="42" x="398.35" y="592.77" angle="0.00" type="DEFAULT_VEHTYPE" speed="13.18" pos="2.48" lane="2/3to2/2_0" slope="0.00"/>
        <vehicle id="43" x="392.42" y="598.35" angle="90.00" type="DEFAULT_VEHTYPE" speed="0.83" pos="187.67" lane="1/3to2/3_0" slope="0.00"/>
        <vehicle id="44" x="731.54" y="598.35" angle="90.00" type="DEFAULT_VEHTYPE" speed="13.51" pos="126.79" lane="3/3to4/3_0" slope="0.00"/>
        <vehicle id="48" x="450.98" y="198.35" angle="90.00" type="DEFAULT_VEHTYPE" speed="13.63" pos="46.23" lane="2/1to3/1_0" slope="0.00"/>
        <vehicle id="49" x="201.65" y="539.00" angle="180.00" type="DEFAULT_VEHTYPE" speed="13.05" pos="134.25" lane="1/2to1/3_0" slope="0.00"/>
        <vehicle id="5" x="401.65" y="723.30" angle="180.00" type="DEFAULT_VEHTYPE" speed="13.10" pos="118.55" lane="2/3to2/4_0" slope="0.00"/>
        <vehicle id="6" x="252.08" y="598.35" angle="90.00" type="DEFAULT_VEHTYPE" speed="13.12" pos="47.33" lane="1/3to2/3_0" slope="0.00"/>
        <vehicle id="7" x="398.35" y="554.85" angle="0.00" type="DEFAULT_VEHTYPE" speed="13.70" pos="40.40" lane="2/3to2/2_0" slope="0.00"/>
        <vehicle id="8" x="550.16" y="198.35" angle="90.00" type="DEFAULT_VEHTYPE" speed="13.21" pos="145.41" lane="2/1to3/1_0" slope="0.00"/>
        <vehicle id="9" x="201.65" y="29.01" angle="180.00" type="DEFAULT_VEHTYPE" speed="12.75" pos="29.01" lane="1/0to1/1_0" slope="0.00"/>
    </timestep>
    <timestep time="512.00">
        <vehicle id="0" x="601.65" y="576.03" angle="180.00" type="DEFAULT_VEHTYPE" speed="13.71" pos="171.28" lane="3/2to3/3_0" slope="0.00"/>
        <vehicle id="10" x="398.35" y="159.18" angle="0.00" type="DEFAULT_VEHTYPE" speed="13.84" pos="36.07" lane="2/1to2/0_0" slope="0.00"/>
        <vehicle id="11" x="3.71" y="398.35" angle="81.46" type="DEFAULT_VEHTYPE" speed="13.56" pos="3.71" lane="0/2to1/2_0" slope="0.00"/>
        <vehicle id="15" x="401.65" y="82.90" angle="180.00" type="DEFAULT_VEHTYPE" speed="13.84" pos="82.90" lane="2/0to2/1_0" slope="0.00"/>
        <vehicle id="16" x="282.36" y="201.65" angle="-90.00" type="DEFAULT_VEHTYPE" speed="13.02" pos="112.89" lane="2/1to1/1_0" slope="0.00"/>
        <vehicle id="17" x="220.81" y="201.65" angle="-90.00" type="DEFAULT_VEHTYPE" speed="9.29" pos="174.44" lane="2/1to1/1_0" slope="0.00"/>
        <vehicle id="18" x="601.65" y="423.02" angle="180.00" type="DEFAULT_VEHTYPE" speed="12.82" pos="18.27" lane="3/2to3/3_0" slope="0.00"/>
        <vehicle id="2" x="752.01" y="601.65" angle="-90.00" type="DEFAULT_VEHTYPE" speed="13.16" pos="47.99" lane="4/3to3/3_0" slope="0.00"/>
        <vehicle id="24" x="398.35" y="656.69" angle="0.00" type="DEFAULT_VEHTYPE" speed="13.61" pos="143.31" lane="2/4to2/3_0" slope="0.00"/>
        <vehicle id="28" x="255.04" y="198.35" angle="90.00" type="DEFAULT_VEHTYPE" speed="12.86" pos="50.29" lane="1/1to2/1_0" slope="0.00"/>
        <vehicle id="29" x="415.35" y="401.65" angle="-90.00" type="DEFAULT_VEHTYPE" speed="7.91" pos="179.90" lane="3/2to2/2_0" slope="0.00"/>
        <vehicle id="3" x="601.65" y="503.98" angle="180.00" type="DEFAULT_VEHTYPE" speed="13.05" pos="99.23" lane="3/2to3/3_0" slope="0.00"/>
        <vehicle id="33" x="509.34" y="198.35" angle="90.00" type="DEFAULT_VEHTYPE" speed="13.33" pos="104.59" lane="2/1to3/1_0" slope="0.00"/>
        <vehicle id="37" x="373.16" y="598.35" angle="90.00" type="DEFAULT_VEHTYPE" speed="9.69" pos="168.41" lane="1/3to2/3_0" slope="0.00"/>
        <vehicle id="39" x="198.35" y="308.41" angle="0.00" type="DEFAULT_VEHTYPE" speed="13.43" pos="86.84" lane="1/2to1/1_0" slope="0.00"/>
        <vehicle id="40" x="303.14" y="198.35" angle="90.00" type="DEFAULT_VEHTYPE" speed="13.64" pos="98.39" lane="1/1to2/1_0" slope="0.00"/>
        <vehicle id="42" x="398.35" y="580.08" angle="0.00" type="DEFAULT_VEHTYPE" speed="12.69" pos="15.17" lane="2/3to2/2_0" slope="0.00"/>
        <vehicle id="43" x="392.63" y="598.35" angle="90.00" type="DEFAULT_VEHTYPE" speed="0.21" pos="187.88" lane="1/3to2/3_0" slope="0.00"/>
        <vehicle id="44" x="744.49" y="598.35" angle="90.00" type="DEFAULT_VEHTYPE" speed="12.95" pos="139.74" lane="3/3to4/3_0" slope="0.00"/>
        <vehicle id="48" x="464.03" y="198.35" angle="90.00" type="DEFAULT_VEHTYPE" speed="13.05" pos="59.28" lane="2/1to3/1_0" slope="0.00"/>
        <vehicle id="49" x="201.65" y="551.94" angle="180.00" type="DEFAULT_VEHTYPE" speed="12.94" pos="147.19" lane="1/2to1/3_0" slope="0.00"/>
        <vehicle id="5" x="401.65" y="736.35" angle="180.00" type="DEFAULT_VEHTYPE" speed="13.05" pos="131.60" lane="2/3to2/4_0" slope="0.00"/>
        <vehicle id="6" x="265.40" y="598.35" angle="90.00" type="DEFAULT_VEHTYPE" speed="13.32" pos="60.65" lane="1/3to2/3_0" slope="0.00"/>
        <vehicle id="7" x="398.35" y="541.66" angle="0.00" type="DEFAULT_VEHTYPE" speed="13.18" pos="53.59" lane="2/3to2/2_0" slope="0.00"/>
        <vehicle id="8" x="563.28" y="198.35" angle="90.00" type="DEFAULT_VEHTYPE" speed="13.12" pos="158.53" lane="2/1to3/1_0" slope="0.00"/>
        <vehicle id="9" x="201.65" y="41.76" angle="180.00" type="DEFAULT_VEHTYPE" speed="12.75" pos="41.76" lane="1/0to1/1_0" slope="0.00"/>
    </timestep>
    <timestep time="513.00">
        <vehicle id="0" x="601.65" y="588.82" angle="180.00" type="DEFAULT_VEHTYPE" speed="12.79" pos="184.07" lane="3/2to3/3_0" slope="0.00"/>
        <vehicle id="10" x="398.35" y="145.47" angle="0.00" type="DEFAULT_VEHTYPE" speed="13.71" pos="49.78" lane="2/1to2/0_0" slope="0.00"/>
        <vehicle id="11" x="17.47" y="398.35" angle="90.00" type="DEFAULT_VEHTYPE" speed="13.76" pos="17.47" lane="0/2to1/2_0" slope="0.00"/>
        <vehicle id="15" x="401.65" y="95.54" angle="180.00" type="DEFAULT_VEHTYPE" speed="12.64" pos="95.54" lane="2/0to2/1_0" slope="0.00"/>
        <vehicle id="16" x="269.55" y="201.65" angle="-90.00" type="DEFAULT_VEHTYPE" speed="12.81" pos="125.70" lane="2/1to1/1_0" slope="0.00"/>
        <vehicle id="17" x="213.88" y="201.65" angle="-90.00" type="DEFAULT_VEHTYPE" speed="6.93" pos="181.37" lane="2/1to1/1_0" slope="0.00"/>
        <vehicle id="18" x="601.65" y="436.65" angle="180.00" type="DEFAULT_VEHTYPE" speed="13.64" pos="31.90" lane="3/2to3/3_0" slope="0.00"/>
        <vehicle id="2" x="738.14" y="601.65" angle="-90.00" type="DEFAULT_VEHTYPE" speed="13.87" pos="61.86" lane="4/3to3/3_0" slope="0.00"/>
        <vehicle id="24" x="398.35" y="643.81" angle="0.00" type="DEFAULT_VEHTYPE" speed="12.89" pos="156.19" lane="2/4to2/3_0" slope="0.00"/>
        <vehicle id="28" x="268.52" y="198.35" angle="90.00" type="DEFAULT_VEHTYPE" speed="13.48" pos="63.77" lane="1/1to2/1_0" slope="0.00"/>
        <vehicle id="29" x="411.42" y="401.65" angle="-90.00" type="DEFAULT_VEHTYPE" speed="3.93" pos="183.83" lane="3/2to2/2_0" slope="0.00"/>
        <vehicle id="3" x="601.65" y="516.78" angle="180.00" type="DEFAULT_VEHTYPE" speed="12.80" pos="112.03" lane="3/2to3/3_0" slope="0.00"/>
        <vehicle id="33" x="522.95" y="198.35" angle="90.00" type="DEFAULT_VEHTYPE" speed="13.61" pos="118.20" lane="2/1to3/1_0" slope="0.00"/>
        <vehicle id="37" x="379.31" y="598.35" angle="90.00" type="DEFAULT_VEHTYPE" speed="6.15" pos="174.56" lane="1/3to2/3_0" slope="0.00"/>
        <vehicle id="39" x="198.35" y="295.74" angle="0.00" type="DEFAULT_VEHTYPE" speed="12.67" pos="99.51" lane="1/2to1/1_0" slope="0.00"/>
        <vehicle id="40" x="316.93" y="198.35" angle="90.00" type="DEFAULT_VEHTYPE" speed="13.79" pos="112.18" lane="1/1to2/1_0" slope="0.00"/>
        <vehicle id="42" x="398.35" y="567.08" angle="0.00" type="DEFAULT_VEHTYPE" speed="13.00" pos="28.17" lane="2/3to2/2_0" slope="0.00"/>
        <vehicle id="43" x="394.74" y="598.35" angle="90.00" type="DEFAULT_VEHTYPE" speed="2.11" pos="189.99" lane="1/3to2/3_0" slope="0.00"/>
        <vehicle id="44" x="757.40" y="598.35" angle="90.00" type="DEFAULT_VEHTYPE" speed="12.92" pos="152.65" lane="3/3to4/3_0" slope="0.00"/>
        <vehicle id="48" x="477.53" y="198.35" angle="90.00" type="DEFAULT_VEHTYPE" speed="13.50" pos="72.78" lane="2/1to3/1_0" slope="0.00"/>
        <vehicle id="49" x="201.65" y="565.63" angle="180.00" type="DEFAULT_VEHTYPE" speed="13.70" pos="160.88" lane="1/2to1/3_0" slope="0.00"/>
        <vehicle id="5" x="401.65" y="749.57" angle="180.00" type="DEFAULT_VEHTYPE" speed="13.22" pos="144.82" lane="2/3to2/4_0" slope="0.00"/>
        <vehicle id="6" x="279.02" y="598.35" angle="90.00" type="DEFAULT_VEHTYPE" speed="13.62" pos="74.27" lane="1/3to2/3_0" slope="0.00"/>
        <vehicle id="7" x="398.35" y="528.54" angle="0.00" type="DEFAULT_VEHTYPE" speed="13.12" pos="66.71" lane="2/3to2/2_0" slope="0.00"/>
        <vehicle id="8" x="575.54" y="198.35" angle="90.00" type="DEFAULT_VEHTYPE" speed="12.27" pos="170.79" lane="2/1to3/1_0" slope="0.00"/>
        <vehicle id="9" x="201.65" y="55.47" angle="180.00" type="DEFAULT_VEHTYPE" speed="13.71" pos="55.47" lane="1/0to1/1_0" slope="0.00"/>
    </timestep>
    <timestep time="514.00">
        <vehicle id="0" x="606.19" y="598.35" angle="111.28" type="DEFAULT_VEHTYPE" speed="12.87" pos="1.44" lane="3/3to4/3_0" slope="0.00"/>
        <vehicle id="10" x="398.35" y="132.32" angle="0.00" type="DEFAULT_VEHTYPE" speed="13.14" pos="62.93" lane="2/1to2/0_0" slope="0.00"/>
        <vehicle id="11" x="30.59" y="398.35" angle="90.00" type="DEFAULT_VEHTYPE" speed="13.12" pos="30.59" lane="0/2to1/2_0" slope="0.00"/>
        <vehicle id="15" x="401.65" y="108.63" angle="180.00" type="DEFAULT_VEHTYPE" speed="13.08" pos="108.63" lane="2/0to2/1_0" slope="0.00"/>
        <vehicle id="16" x="255.84" y="201.65" angle="-90.00" type="DEFAULT_VEHTYPE" speed="13.72" pos="139.41" lane="2/1to1/1_0" slope="0.00"/>
        <vehicle id="17" x="209.78" y="201.65" angle="-90.00" type="DEFAULT_VEHTYPE" speed="4.10" pos="185.47" lane="2/1to1/1_0" slope="0.00"/>
        <vehicle id="18" x="601.65" y="449.41" angle="180.00" type="DEFAULT_VEHTYPE" speed="12.76" pos="44.66" lane="3/2to3/3_0" slope="0.00"/>
        <vehicle id="2" x="725.34" y="601.65" angle="-90.00" type="DEFAULT_VEHTYPE" speed="12.80" pos="74.66" lane="4/3to3/3_0" slope="0.00"/>
        <vehicle id="24" x="398.35" y="630.11" angle="0.00" type="DEFAULT_VEHTYPE" speed="13.70" pos="169.89" lane="2/4to2/3_0" slope="0.00"/>
        <vehicle id="28" x="281.70" y="198.35" angle="90.00" type="DEFAULT_VEHTYPE" speed="13.18" pos="76.95" lane="1/1to2/1_0" slope="0.00"/>
        <vehicle id="29" x="405.01" y="401.65" angle="-90.00" type="DEFAULT_VEHTYPE" speed="6.41" pos="190.24" lane="3/2to2/2_0" slope="0.00"/>
        <vehicle id="3" x="601.65" y="529.69" angle="180.00" type="DEFAULT_VEHTYPE" speed="12.91" pos="124.94" lane="3/2to3/3_0" slope="0.00"/>
        <vehicle id="33" x="535.74" y="198.35" angle="90.00" type="DEFAULT_VEHTYPE" speed="12.79" pos="130.99" lane="2/1to3/1_0" slope="0.00"/>
        <vehicle id="37" x="384.01" y="598.35" angle="90.00" type="DEFAULT_VEHTYPE" speed="4.70" pos="179.26" lane="1/3to2/3_0" slope="0.00"/>
        <vehicle id="39" x="198.35" y="283.03" angle="0.00" type="DEFAULT_VEHTYPE" speed="12.71" pos="112.22" lane="1/2to1/1_0" slope="0.00"/>
        <vehicle id="40" x="330.57" y="198.35" angle="90.00" type="DEFAULT_VEHTYPE" speed="13.63" pos="125.82" lane="1/1to2/1_0" slope="0.00"/>
        <vehicle id="42" x="398.35" y="554.38" angle="0.00" type="DEFAULT_VEHTYPE" speed="12.70" pos="40.87" lane="2/3to2/2_0" slope="0.00"/>
        <vehicle id="43" x="398.67" y="599.12" angle="99.01" type="DEFAULT_VEHTYPE" speed="4.06" pos="3.55" lane=":2/3_14_0" slope="0.00"/>
        <vehicle id="44" x="771.04" y="598.35" angle="90.00" type="DEFAULT_VEHTYPE" speed="13.64" pos="166.29" lane="3/3to4/3_0" slope="0.00"/>
        <vehicle id="48" x="490.29" y="198.35" angle="90.00" type="DEFAULT_VEHTYPE" speed="12.76" pos="85.54" lane="2/1to3/1_0" slope="0.00"/>
        <vehicle id="49" x="201.65" y="579.17" angle="180.00" type="DEFAULT_VEHTYPE" speed="13.54" pos="174.42" lane="1/2to1/3_0" slope="0.00"/>
        <vehicle id="5" x="401.65" y="763.22" angle="180.00" type="DEFAULT_VEHTYPE" speed="13.65" pos="158.47" lane="2/3to2/4_0" slope="0.00"/>
        <vehicle id="6" x="292.05" y="598.35" angle="90.00" type="DEFAULT_VEHTYPE" speed="13.03" pos="87.30" lane="1/3to2/3_0" slope="0.00"/>
        <vehicle id="7" x="398.35" y="515.42" angle="0.00" type="DEFAULT_VEHTYPE" speed="13.12" pos="79.83" lane="2/3to2/2_0" slope="0.00"/>
        <vehicle id="8" x="583.99" y="198.35" angle="90.00" type="DEFAULT_VEHTYPE" speed="8.44" pos="179.24" lane="2/1to3/1_0" slope="0.00"/>
        <vehicle id="9" x="201.65" y="69.10" angle="180.00" type="DEFAULT_VEHTYPE" speed="13.62" pos="69.10" lane="1/0to1/1_0" slope="0.00"/>
    </timestep>
    <timestep time="515.00">
        <vehicle id="0" x="619.81" y="598.35" angle="90.00" type="DEFAULT_VEHTYPE" speed="13.62" pos="15.06" lane="3/3to4/3_0" slope="0.00"/>
        <vehicle id="10" x="398.35" y="119.39" angle="0.00" type="DEFAULT_VEHTYPE" speed="12.93" pos="75.86" lane="2/1to2/0_0" slope="0.00"/>
        <vehicle id="11" x="43.61" y="398.35" angle="90.00" type="DEFAULT_VEHTYPE" speed="13.02" pos="43.61" lane="0/2to1/2_0" slope="0.00"/>
        <vehicle id="15" x="401.65" y="121.25" angle="180.00" type="DEFAULT_VEHTYPE" speed="12.62" pos="121.25" lane="2/0to2/1_0" slope="0.00"/>
        <vehicle id="16" x="242.06" y="201.65" angle="-90.00" type="DEFAULT_VEHTYPE" speed="13.78" pos="153.19" lane="2/1to1/1_0" slope="0.00"/>
        <vehicle id="17" x="203.53" y="201.82" angle="-91.96" type="DEFAULT_VEHTYPE" speed="6.26" pos="1.23" lane=":1/1_4_0" slope="0.00"/>
        <vehicle id="18" x="601.65" y="462.34" angle="180.00" type="DEFAULT_VEHTYPE" speed="12.93" pos="57.59" lane="3/2to3/3_0" slope="0.00"/>
        <vehicle id="2" x="711.61" y="601.65" angle="-90.00" type="DEFAULT_VEHTYPE" speed="13.73" pos="88.39" lane="4/3to3/3_0" slope="0.00"/>
        <vehicle id="24" x="398.35" y="620.50" angle="0.00" type="DEFAULT_VEHTYPE" speed="9.60" pos="179.50" lane="2/4to2/3_0" slope="0.00"/>
        <vehicle id="28" x="295.29" y="198.35" angle="90.00" type="DEFAULT_VEHTYPE" speed="13.59" pos="90.54" lane="1/1to2/1_0" slope="0.00"/>
        <vehicle id="29" x="398.74" y="397.96" angle="-46.06" type="DEFAULT_VEHTYPE" speed="7.85" pos="7.59" lane=":2/2_6_0" slope="0.00"/>
        <vehicle id="3" x="601.65" y="543.00" angle="180.00" type="DEFAULT_VEHTYPE" speed="13.32" pos="138.25" lane="3/2to3/3_0" slope="0.00"/>
        <vehicle id="33" x="549.01" y="198.35" angle="90.00" type="DEFAULT_VEHTYPE" speed="13.27" pos="144.26" lane="2/1to3/1_0" slope="0.00"/>
        <vehicle id="37" x="387.92" y="598.35" angle="90.00" type="DEFAULT_VEHTYPE" speed="3.91" pos="183.17" lane="1/3to2/3_0" slope="0.00"/>
        <vehicle id="39" x="198.35" y="269.58" angle="0.00" type="DEFAULT_VEHTYPE" speed="13.44" pos="125.67" lane="1/2to1/1_0" slope="0.00"/>
        <vehicle id="40" x="343.60" y="198.35" angle="90.00" type="DEFAULT_VEHTYPE" speed="13.03" pos="138.85" lane="1/1to2/1_0" slope="0.00"/>
        <vehicle id="42" x="398.35" y="541.04" angle="0.00" type="DEFAULT_VEHTYPE" speed="13.33" pos="54.21" lane="2/3to2/2_0" slope="0.00"/>
        <vehicle id="43" x="401.48" y="603.53" angle="150.36" type="DEFAULT_VEHTYPE" speed="5.53" pos="9.08" lane=":2/3_14_0" slope="0.00"/>
        <vehicle id="44" x="784.28" y="598.35" angle="90.00" type="DEFAULT_VEHTYPE" speed="13.24" pos="179.53" lane="3/3to4/3_0" slope="0.00"/>
        <vehicle id="48" x="503.31" y="198.35" angle="90.00" type="DEFAULT_VEHTYPE" speed="13.02" pos="98.56" lane="2/1to3/1_0" slope="0.00"/>
        <vehicle id="49" x="201.65" y="591.86" angle="180.00" type="DEFAULT_VEHTYPE" speed="12.69" pos="187.11" lane="1/2to1/3_0" slope="0.00"/>
        <vehicle id="5" x="401.65" y="777.06" angle="180.00" type="DEFAULT_VEHTYPE" speed="13.84" pos="172.31" lane="2/3to2/4_0" slope="0.00"/>
        <vehicle id="6" x="305.13" y="598.35" angle="90.00" type="DEFAULT_VEHTYPE" speed="13.08" pos="100.38" lane="1/3to2/3_0" slope="0.00"/>
        <vehicle id="7" x="398.35" y="501.89" angle="0.00" type="DEFAULT_VEHTYPE" speed="13.53" pos="93.36" lane="2/3to2/2_0" slope="0.00"/>
        <vehicle id="8" x="588.36" y="198.35" angle="90.00" type="DEFAULT_VEHTYPE" speed="4.37" pos="183.61" lane="2/1to3/1_0" slope="0.00"/>
        <vehicle id="9" x="201.65" y="82.29" angle="180.00" type="DEFAULT_VEHTYPE" speed="13.19" pos="82.29" lane="1/0to1/1_0" slope="0.00"/>
    </timestep>
    <timestep time="516.00">
        <vehicle id="0" x="632.73" y="598.35" angle="90.00" type="DEFAULT_VEHTYPE" speed="12.92" pos="27.98" lane="3/3to4/3_0" slope="0.00"/>
        <vehicle id="10" x="398.35" y="105.55" angle="0.00" type="DEFAULT_VEHTYPE" speed="13.85" pos="89.70" lane="2/1to2/0_0" slope="0.00"/>
        <vehicle id="11" x="56.32" y="398.35" angle="90.00" type="DEFAULT_VEHTYPE" speed="12.71" pos="56.32" lane="0/2to1/2_0" slope="0.00"/>
        <vehicle id="15" x="401.65" y="134.48" angle="180.00" type="DEFAULT_VEHTYPE" speed="13.23" pos="134.48" lane="2/0to2/1_0" slope="0.00"/>
        <vehicle id="16" x="229.12" y="201.65" angle="-90.00" type="DEFAULT_VEHTYPE" speed="12.94" pos="166.13" lane="2/1to1/1_0" slope="0.00"/>
        <vehicle id="17" x="201.65" y="209.05" angle="-178.88" type="DEFAULT_VEHTYPE" speed="8.06" pos="4.30" lane="1/1to1/2_0" slope="0.00"/>
        <vehicle id="18" x="601.65" y="474.99" angle="180.00" type="DEFAULT_VEHTYPE" speed="12.65" pos="70.24" lane="3/2to3/3_0" slope="0.00"/>
        <vehicle id="2" x="698.48" y="601.65" angle="-90.00" type="DEFAULT_VEHTYPE" speed="13.13" pos="101.52" lane="4/3to3/3_0" slope="0.00"/>
        <vehicle id="24" x="398.35" y="611.43" angle="0.00" type="DEFAULT_VEHTYPE" speed="9.08" pos="188.57" lane="2/4to2/3_0" slope="0.00"/>
        <vehicle id="28" x="308.60" y="198.35" angle="90.00" type="DEFAULT_VEHTYPE" speed="13.31" pos="103.85" lane="1/1to2/1_0" slope="0.00"/>
        <vehicle id="29" x="398.35" y="387.82" angle="0.00" type="DEFAULT_VEHTYPE" speed="10.17" pos="7.43" lane="2/2to2/1_0" slope="0.00"/>
        <vehicle id="3" x="601.65" y="556.31" angle="180.00" type="DEFAULT_VEHTYPE" speed="13.31" pos="151.56" lane="3/2to3/3_0" slope="0.00"/>
        <vehicle id="33" x="561.06" y="198.35" angle="90.00" type="DEFAULT_VEHTYPE" speed="12.05" pos="156.31" lane="2/1to3/1_0" slope="0.00"/>
        <vehicle id="37" x="390.79" y="598.35" angle="90.00" type="DEFAULT_VEHTYPE" speed="2.87" pos="186.04" lane="1/3to2/3_0" slope="0.00"/>
        <vehicle id="39" x="198.35" y="255.77" angle="0.00" type="DEFAULT_VEHTYPE" speed="13.81" pos="139.48" lane="1/2to1/1_0" slope="0.00"/>
        <vehicle id="40" x="356.31" y="198.35" angle="90.00" type="DEFAULT_VEHTYPE" speed="12.71" pos="151.56" lane="1/1to2/1_0" slope="0.00"/>
        <vehicle id="42" x="398.35" y="527.63" angle="0.00" type="DEFAULT_VEHTYPE" speed="13.41" pos="67.62" lane="2/3to2/2_0" slope="0.00"/>
        <vehicle id="43" x="401.65" y="611.49" angle="180.00" type="DEFAULT_VEHTYPE" speed="7.98" pos="6.74" lane="2/3to2/4_0" slope="0.00"/>
        <vehicle id="44" x="797.80" y="598.35" angle="90.00" type="DEFAULT_VEHTYPE" speed="13.52" pos="193.05" lane="3/3to4/3_0" slope="0.00"/>
        <vehicle id="48" x="516.65" y="198.35" angle="90.00" type="DEFAULT_VEHTYPE" speed="13.34" pos="111.90" lane="2/1to3/1_0" slope="0.00"/>
        <vehicle id="49" x="209.03" y="598.35" angle="91.14" type="DEFAULT_VEHTYPE" speed="12.67" pos="4.28" lane="1/3to2/3_0" slope="0.00"/>
        <vehicle id="5" x="401.65" y="789.93" angle="180.00" type="DEFAULT_VEHTYPE" speed="12.87" pos="185.18" lane="2/3to2/4_0" slope="0.00"/>
        <vehicle id="6" x="317.82" y="598.35" angle="90.00" type="DEFAULT_VEHTYPE" speed="12.69" pos="113.07" lane="1/3to2/3_0" slope="0.00"/>
        <vehicle id="7" x="398.35" y="488.92" angle="0.00" type="DEFAULT_VEHTYPE" speed="12.97" pos="106.33" lane="2/3to2/2_0" slope="0.00"/>
        <vehicle id="8" x="594.20" y="198.35" angle="90.00" type="DEFAULT_VEHTYPE" speed="5.84" pos="189.45" lane="2/1to3/1_0" slope="0.00"/>
        <vehicle id="9" x="201.65" y="96.13" angle="180.00" type="DEFAULT_VEHTYPE" speed="13.84" pos="96.13" lane="1/0to1/1_0" slope="0.00"/>
    </timestep>
    <timestep time="517.00">
        <vehicle id="0" x="646.37" y="598.35" angle="90.00" type="DEFAULT_VEHTYPE" speed="13.64" pos="41.62" lane="3/3to4/3_0" slope="0.00"/>
        <vehicle id="10" x="398.35" y="92.88" angle="0.00" type="DEFAULT_VEHTYPE" speed="12.66" pos="102.37" lane="2/1to2/0_0" slope="0.00"/>
        <vehicle id="11" x="69.44" y="398.35" angle="90.00" type="DEFAULT_VEHTYPE" speed="13.12" pos="69.44" lane="0/2to1/2_0" slope="0.00"/>
        <vehicle id="15" x="401.65" y="147.69" angle="180.00" type="DEFAULT_VEHTYPE" speed="13.21" pos="147.69" lane="2/0to2/1_0" slope="0.00"/>
        <vehicle id="16" x="219.36" y="201.65" angle="-90.00" type="DEFAULT_VEHTYPE" speed="9.76" pos="175.89" lane="2/1to1/1_0" slope="0.00"/>
        <vehicle id="17" x="201.65" y="219.33" angle="180.00" type="DEFAULT_VEHTYPE" speed="10.28" pos="14.58" lane="1/1to1/2_0" slope="0.00"/>
        <vehicle id="18" x="601.65" y="488.05" angle="180.00" type="DEFAULT_VEHTYPE" speed="13.05" pos="83.30" lane="3/2to3/3_0" slope="0.00"/>
        <vehicle id="2" x="685.60" y="601.65" angle="-90.00" type="DEFAULT_VEHTYPE" speed="12.88" pos="114.40" lane="4/3to3/3_0" slope="0.00"/>
        <vehicle id="24" x="398.35" y="601.04" angle="0.00" type="DEFAULT_VEHTYPE" speed="10.39" pos="3.71" lane=":2/3_1_0" slope="0.00"/>
        <vehicle id="28" x="322.01" y="198.35" angle="90.00" type="DEFAULT_VEHTYPE" speed="13.41" pos="117.26" lane="1/1to2/1_0" slope="0.00"/>
        <vehicle id="29" x="398.35" y="375.25" angle="0.00" type="DEFAULT_VEHTYPE" speed="12.56" pos="20.00" lane="2/2to2/1_0" slope="0.00"/>
        <vehicle id="3" x="601.65" y="569.37" angle="180.00" type="DEFAULT_VEHTYPE" speed="13.06" pos="164.62" lane="3/2to3/3_0" slope="0.00"/>
        <vehicle id="33" x="573.19" y="198.35" angle="90.00" type="DEFAULT_VEHTYPE" speed="12.13" pos="168.44" lane="2/1to3/1_0" slope="0.00"/>
        <vehicle id="37" x="392.27" y="598.35" angle="90.00" type="DEFAULT_VEHTYPE" speed="1.48" pos="187.52" lane="1/3to2/3_0" slope="0.00"/>
        <vehicle id="39" x="198.35" y="242.45" angle="0.00" type="DEFAULT_VEHTYPE" speed="13.32" pos="152.80" lane="1/2to1/1_0" slope="0.00"/>
        <vehicle id="40" x="369.32" y="198.35" angle="90.00" type="DEFAULT_VEHTYPE" speed="13.01" pos="164.57" lane="1/1to2/1_0" slope="0.00"/>
        <vehicle id="42" x="398.35" y="514.98" angle="0.00" type="DEFAULT_VEHTYPE" speed="12.66" pos="80.27" lane="2/3to2/2_0" slope="0.00"/>
        <vehicle id="43" x="401.65" y="621.79" angle="180.00" type="DEFAULT_VEHTYPE" speed="10.30" pos="17.04" lane="2/3to2/4_0" slope="0.00"/>
        <vehicle id="44" x="793.32" y="601.65" angle="-90.00" type="DEFAULT_VEHTYPE" speed="13.69" pos="6.68" lane="4/3to3/3_0" slope="0.00"/>
        <vehicle id="48" x="529.47" y="198.35" angle="90.00" type="DEFAULT_VEHTYPE" speed="12.82" pos="124.72" lane="2/1to3/1_0" slope="0.00"/>
        <vehicle id="49" x="222.68" y="598.35" angle="90.00" type="DEFAULT_VEHTYPE" speed="13.64" pos="17.93" lane="1/3to2/3_0" slope="0.00"/>
        <vehicle id="5" x="399.81" y="801.56" angle="-154.93" type="DEFAULT_VEHTYPE" speed="12.69" pos="2.62" lane=":2/4_0_0" slope="0.00"/>
        <vehicle id="6" x="331.13" y="598.35" angle="90.00" type="DEFAULT_VEHTYPE" speed="13.31" pos="126.38" lane="1/3to2/3_0" slope="0.00"/>
        <vehicle id="7" x="398.35" y="475.20" angle="0.00" type="DEFAULT_VEHTYPE" speed="13.73" pos="120.05" lane="2/3to2/2_0" slope="0.00"/>
        <vehicle id="8" x="600.81" y="201.22" angle="123.82" type="DEFAULT_VEHTYPE" speed="7.69" pos="6.64" lane=":3/1_14_0" slope="0.00"/>
        <vehicle id="9" x="201.65" y="109.11" angle="180.00" type="DEFAULT_VEHTYPE" speed="12.97" pos="109.11" lane="1/0to1/1_0" slope="0.00"/>
    </timestep>
    <timestep time="518.00">
        <vehicle id="0" x="659.47" y="598.35" angle="90.00" type="DEFAULT_VEHTYPE" speed="13.10" pos="54.72" lane="3/3to4/3_0" slope="0.00"/>
        <vehicle id="10" x="398.35" y="79.08" angle="0.00" type="DEFAULT_VEHTYPE" speed="13.81" pos="116.17" lane="2/1to2/0_0" slope="0.00"/>
        <vehicle id="11" x="82.13" y="398.35" angle="90.00" type="DEFAULT_VEHTYPE" speed="12.70" pos="82.13" lane="0/2to1/2_0" slope="0.00"/>
        <vehicle id="15" x="401.65" y="161.02" angle="180.00" type="DEFAULT_VEHTYPE" speed="13.33" pos="161.02" lane="2/0to2/1_0" slope="0.00"/>
        <vehicle id="16" x="213.52" y="201.65" angle="-90.00" type="DEFAULT_VEHTYPE" speed="5.83" pos="181.73" lane="2/1to1/1_0" slope="0.00"/>
        <vehicle id="17" x="201.65" y="231.10" angle="180.00" type="DEFAULT_VEHTYPE" speed="11.77" pos="26.35" lane="1/1to1/2_0" slope="0.00"/>
        <vehicle id="18" x="601.65" y="500.93" angle="180.00" type="DEFAULT_VEHTYPE" speed="12.88" pos="96.18" lane="3/2to3/3_0" slope="0.00"/>
        <vehicle id="2" x="672.68" y="601.65" angle="-90.00" type="DEFAULT_VEHTYPE" speed="12.92" pos="127.32" lane="4/3to3/3_0" slope="0.00"/>
        <vehicle id="24" x="398.35" y="589.04" angle="0.00" type="DEFAULT_VEHTYPE" speed="12.00" pos="6.21" lane="2/3to2/2_0" slope="0.00"/>
        <vehicle id="28" x="335.76" y="198.35" angle="90.00" type="DEFAULT_VEHTYPE" speed="13.75" pos="131.01" lane="1/1to2/1_0" slope="0.00"/>
        <vehicle id="29" x="398.35" y="362.56" angle="0.00" type="DEFAULT_VEHTYPE" speed="12.69" pos="32.69" lane="2/2to2/1_0" slope="0.00"/>
        <vehicle id="3" x="601.65" y="582.29" angle="180.00" type="DEFAULT_VEHTYPE" speed="12.92" pos="177.54" lane="3/2to3/3_0" slope="0.00"/>
        <vehicle id="33" x="582.33" y="198.35" angle="90.00" type="DEFAULT_VEHTYPE" speed="9.14" pos="177.58" lane="2/1to3/1_0" slope="0.00"/>
        <vehicle id="37" x="392.69" y="598.35" angle="90.00" type="DEFAULT_VEHTYPE" speed="0.42" pos="187.94" lane="1/3to2/3_0" slope="0.00"/>
        <vehicle id="39" x="198.35" y="229.21" angle="0.00" type="DEFAULT_VEHTYPE" speed="13.24" pos="166.04" lane="1/2to1/1_0" slope="0.00"/>
        <vehicle id="40" x="379.21" y="198.35" angle="90.00" type="DEFAULT_VEHTYPE" speed="9.88" pos="174.46" lane="1/1to2/1_0" slope="0.00"/>
        <vehicle id="42" x="398.35" y="501.69" angle="0.00" type="DEFAULT_VEHTYPE" speed="13.29" pos="93.56" lane="2/3to2/2_0" slope="0.00"/>
        <vehicle id="43" x="401.65" y="633.65" angle="180.00" type="DEFAULT_VEHTYPE" speed="11.86" pos="28.90" lane="2/3to2/4_0" slope="0.00"/>
        <vehicle id="44" x="780.56" y="601.65" angle="-90.00" type="DEFAULT_VEHTYPE" speed="12.76" pos="19.44" lane="4/3to3/3_0" slope="0.00"/>
        <vehicle id="48" x="542.52" y="198.35" angle="90.00" type="DEFAULT_VEHTYPE" speed="13.05" pos="137.77" lane="2/1to3/1_0" slope="0.00"/>
        <vehicle id="49" x="235.61" y="598.35" angle="90.00" type="DEFAULT_VEHTYPE" speed="12.93" pos="30.86" lane="1/3to2/3_0" slope="0.00"/>
        <vehicle id="5" x="398.35" y="788.47" angle="0.00" type="DEFAULT_VEHTYPE" speed="13.73" pos="11.53" lane="2/4to2/3_0" slope="0.00"/>
        <vehicle id="6" x="344.11" y="598.35" angle="90.00" type="DEFAULT_VEHTYPE" speed="12.98" pos="139.36" lane="1/3to2/3_0" slope="0.00"/>
        <vehicle id="7" x="398.35" y="462.39" angle="0.00" type="DEFAULT_VEHTYPE" speed="12.80" pos="132.86" lane="2/3to2/2_0" slope="0.00"/>
        <vehicle id="8" x="601.65" y="211.30" angle="180.00" type="DEFAULT_VEHTYPE" speed="10.23" pos="6.55" lane="3/1to3/2_0" slope="0.00"/>
        <vehicle id="9" x="201.65" y="121.83" angle="180.00" type="DEFAULT_VEHTYPE" speed="12.72" pos="121.83" lane="1/0to1/1_0" slope="0.00"/>
    </timestep>
    <timestep time="519.00">
        <vehicle id="0" x="672.88" y="598.35" angle="90.00" type="DEFAULT_VEHTYPE" speed="13.41" pos="68.13" lane="3/3to4/3_0" slope="0.00"/>
        <vehicle id="10" x="398.35" y="66.43" angle="0.00" type="DEFAULT_VEHTYPE" speed="12.65" pos="128.82" lane="2/1to2/0_0" slope="0.00"/>
        <vehicle id="11" x="94.88" y="398.35" angle="90.00" type="DEFAULT_VEHTYPE" speed="12.75" pos="94.88" lane="0/2to1/2_0" slope="0.00"/>
        <vehicle id="15" x="401.65" y="174.89" angle="180.00" type="DEFAULT_VEHTYPE" speed="13.87" pos="174.89" lane="2/0to2/1_0" slope="0.00"/>
        <vehicle id="16" x="209.71" y="201.65" angle="-90.00" type="DEFAULT_VEHTYPE" speed="3.81" pos="185.54" lane="2/1to1/1_0" slope="0.00"/>
        <vehicle id="17" x="201.65" y="244.12" angle="180.00" type="DEFAULT_VEHTYPE" speed="13.01" pos="39.37" lane="1/1to1/2_0" slope="0.00"/>
        <vehicle id="18" x="601.65" y="514.43" angle="180.00" type="DEFAULT_VEHTYPE" speed="13.50" pos="109.68" lane="3/2to3/3_0" slope="0.00"/>
        <vehicle id="2" x="658.83" y="601.65" angle="-90.00" type="DEFAULT_VEHTYPE" speed="13.85" pos="141.17" lane="4/3to3/3_0" slope="0.00"/>
        <vehicle id="24" x="398.35" y="575.39" angle="0.00" type="DEFAULT_VEHTYPE" speed="13.65" pos="19.86" lane="2/3to2/2_0" slope="0.00"/>
        <vehicle id="28" x="349.06" y="198.35" angle="90.00" type="DEFAULT_VEHTYPE" speed="13.30" pos="144.31" lane="1/1to2/1_0" slope="0.00"/>
        <vehicle id="29" x="398.35" y="348.80" angle="0.00" type="DEFAULT_VEHTYPE" speed="13.76" pos="46.45" lane="2/2to2/1_0" slope="0.00"/>
        <vehicle id="3" x="601.65" y="595.20" angle="180.00" type="DEFAULT_VEHTYPE" speed="12.90" pos="190.45" lane="3/2to3/3_0" slope="0.00"/>
        <vehicle id="33" x="588.09" y="198.35" angle="90.00" type="DEFAULT_VEHTYPE" speed="5.76" pos="183.34" lane="2/1to3/1_0" slope="0.00"/>
        <vehicle id="37" x="395.65" y="598.41" angle="90.65" type="DEFAULT_VEHTYPE" speed="2.96" pos="0.40" lane=":2/3_14_0" slope="0.00"/>
        <vehicle id="39" x="198.35" y="216.19" angle="0.00" type="DEFAULT_VEHTYPE" speed="13.03" pos="179.06" lane="1/2to1/1_0" slope="0.00"/>
        <vehicle id="40" x="385.73" y="198.35" angle="90.00" type="DEFAULT_VEHTYPE" speed="6.52" pos="180.98" lane="1/1to2/1_0" slope="0.00"/>
        <vehicle id="42" x="398.35" y="489.05" angle="0.00" type="DEFAULT_VEHTYPE" speed="12.64" pos="106.20" lane="2/3to2/2_0" slope="0.00"/>
        <vehicle id="43" x="401.65" y="647.10" angle="180.00" type="DEFAULT_VEHTYPE" speed="13.45" pos="42.35" lane="2/3to2/4_0" slope="0.00"/>
        <vehicle id="44" x="766.82" y="601.65" angle="-90.00" type="DEFAULT_VEHTYPE" speed="13.74" pos="33.18" lane="4/3to3/3_0" slope="0.00"/>
        <vehicle id="48" x="555.87" y="198.35" angle="90.00" type="DEFAULT_VEHTYPE" speed="13.36" pos="151.12" lane="2/1to3/1_0" slope="0.00"/>
        <vehicle id="49" x="249.35" y="598.35" angle="90.00" type="DEFAULT_VEHTYPE" speed="13.74" pos="44.60" lane="1/3to2/3_0" slope="0.00"/>
        <vehicle id="5" x="398.35" y="774.84" angle="0.00" type="DEFAULT_VEHTYPE" speed="13.63" pos="25.16" lane="2/4to2/3_0" slope="0.00"/>
        <vehicle id="6" x="357.61" y="598.35" angle="90.00" type="DEFAULT_VEHTYPE" speed="13.49" pos="152.86" lane="1/3to2/3_0" slope="0.00"/>
        <vehicle id="7" x="398.35" y="448.96" angle="0.00" type="DEFAULT_VEHTYPE" speed="13.43" pos="146.29" lane="2/3to2/2_0" slope="0.00"/>
        <vehicle id="8" x="601.65" y="223.64" angle="180.00" type="DEFAULT_VEHTYPE" speed="12.33" pos="18.89" lane="3/1to3/2_0" slope="0.00"/>
        <vehicle id="9" x="201.65" y="135.28" angle="180.00" type="DEFAULT_VEHTYPE" speed="13.45" pos="135.28" lane="1/0to1/1_0" slope="0.00"/>
    </timestep>
    <timestep time="520.00">
        <vehicle id="0" x="686.21" y="598.35" angle="90.00" type="DEFAULT_VEHTYPE" speed="13.34" pos="81.46" lane="3/3to4/3_0" slope="0.00"/>
        <vehicle id="10" x="398.35" y="53.35" angle="0.00" type="DEFAULT_VEHTYPE" speed="13.07" pos="141.90" lane="2/1to2/0_0" slope="0.00"/>
        <vehicle id="11" x="108.78" y="398.35" angle="90.00" type="DEFAULT_VEHTYPE" speed="13.90" pos="108.78" lane="0/2to1/2_0" slope="0.00"/>
        <vehicle id="15" x="401.65" y="188.09" angle="180.00" type="DEFAULT_VEHTYPE" speed="13.20" pos="188.09" lane="2/0to2/1_0" slope="0.00"/>
        <vehicle id="16" x="203.77" y="201.79" angle="-91.57" type="DEFAULT_VEHTYPE" speed="5.95" pos="0.99" lane=":1/1_4_0" slope="0.00"/>
        <vehicle id="17" x="201.65" y="257.71" angle="180.00" type="DEFAULT_VEHTYPE" speed="13.60" pos="52.96" lane="1/1to1/2_0" slope="0.00"/>
        <vehicle id="18" x="601.65" y="528.20" angle="180.00" type="DEFAULT_VEHTYPE" speed="13.77" pos="123.45" lane="3/2to3/3_0" slope="0.00"/>
        <vehicle id="2" x="645.71" y="601.65" angle="-90.00" type="DEFAULT_VEHTYPE" speed="13.12" pos="154.29" lane="4/3to3/3_0" slope="0.00"/>
        <vehicle id="24" x="398.35" y="562.10" angle="0.00" type="DEFAULT_VEHTYPE" speed="13.30" pos="33.15" lane="2/3to2/2_0" slope="0.00"/>
        <vehicle id="28" x="362.60" y="198.35" angle="90.00" type="DEFAULT_VEHTYPE" speed="13.54" pos="157.85" lane="1/1to2/1_0" slope="0.00"/>
        <vehicle id="29" x="398.35" y="335.23" angle="0.00" type="DEFAULT_VEHTYPE" speed="13.57" pos="60.02" lane="2/2to2/1_0" slope="0.00"/>
        <vehicle id="3" x="612.89" y="598.35" angle="90.00" type="DEFAULT_VEHTYPE" speed="13.19" pos="8.14" lane="3/3to4/3_0" slope="0.00"/>
        <vehicle id="33" x="590.37" y="198.35" angle="90.00" type="DEFAULT_VEHTYPE" speed="2.28" pos="185.62" lane="2/1to3/1_0" slope="0.00"/>
        <vehicle id="37" x="400.20" y="600.19" angle="111.56" type="DEFAULT_VEHTYPE" speed="5.04" pos="5.44" lane=":2/3_14_0" slope="0.00"/>
        <vehicle id="39" x="197.62" y="202.51" angle="-8.52" type="DEFAULT_VEHTYPE" speed="13.84" pos="2.40" lane=":1/1_0_0" slope="0.00"/>
        <vehicle id="40" x="389.64" y="198.35" angle="90.00" type="DEFAULT_VEHTYPE" speed="3.91" pos="184.89" lane="1/1to2/1_0" slope="0.00"/>
        <vehicle id="42" x="398.35" y="475.18" angle="0.00" type="DEFAULT_VEHTYPE" speed="13.86" pos="120.07" lane="2/3to2/2_0" slope="0.00"/>
        <vehicle id="43" x="401.65" y="660.44" angle="180.00" type="DEFAULT_VEHTYPE" speed="13.34" pos="55.69" lane="2/3to2/4_0" slope="0.00"/>
        <vehicle id="44" x="753.85" y="601.65" angle="-90.00" type="DEFAULT_VEHTYPE" speed="12.97" pos="46.15" lane="4/3to3/3_0" slope="0.00"/>
        <vehicle id="48" x="568.36" y="198.35" angle="90.00" type="DEFAULT_VEHTYPE" speed="12.48" pos="163.61" lane="2/1to3/1_0" slope="0.00"/>
        <vehicle id="49" x="262.05" y="598.35" angle="90.00" type="DEFAULT_VEHTYPE" speed="12.71" pos="57.30" lane="1/3to2/3_0" slope="0.00"/>
        <vehicle id="5" x="398.35" y="761.03" angle="0.00" type="DEFAULT_VEHTYPE" speed="13.81" pos="38.97" lane="2/4to2/3_0" slope="0.00"/>
        <vehicle id="6" x="370.11" y="598.35" angle="90.00" type="DEFAULT_VEHTYPE" speed="12.50" pos="165.36" lane="1/3to2/3_0" slope="0.00"/>
        <vehicle id="7" x="398.35" y="436.15" angle="0.00" type="DEFAULT_VEHTYPE" speed="12.81" pos="159.10" lane="2/3to2/2_0" slope="0.00"/>
        <vehicle id="8" x="601.65" y="237.33" angle="180.00" type="DEFAULT_VEHTYPE" speed="13.70" pos="32.58" lane="3/1to3/2_0" slope="0.00"/>
        <vehicle id="9" x="201.65" y="148.56" angle="180.00" type="DEFAULT_VEHTYPE" speed="13.28" pos="148.56" lane="1/0to1/1_0" slope="0.00"/>
    </timestep>
    <timestep time="521.00">
        <vehicle id="0" x="699.78" y="598.35" angle="90.00" type="DEFAULT_VEHTYPE" speed="13.57" pos="95.03" lane="3/3to4/3_0" slope="0.00"/>
        <vehicle id="10" x="398.35" y="40.75" angle="0.00" type="DEFAULT_VEHTYPE" speed="12.60" pos="154.50" lane="2/1to2/0_0" slope="0.00"/>
        <vehicle id="11" x="122.26" y="398.35" angle="90.00" type="DEFAULT_VEHTYPE" speed="13.48" pos="122.26" lane="0/2to1/2_0" slope="0.00"/>
        <vehicle id="15" x="406.03" y="198.35" angle="113.50" type="DEFAULT_VEHTYPE" speed="13.44" pos="1.28" lane="2/1to3/1_0" slope="0.00"/>
        <vehicle id="16" x="201.65" y="208.19" angle="-176.65" type="DEFAULT_VEHTYPE" speed="7.45" pos="3.44" lane="1/1to1/2_0" slope="0.00"/>
        <vehicle id="17" x="201.65" y="271.51" angle="180.00" type="DEFAULT_VEHTYPE" speed="13.79" pos="66.76" lane="1/1to1/2_0" slope="0.00"/>
        <vehicle id="18" x="601.65" y="542.01" angle="180.00" type="DEFAULT_VEHTYPE" speed="13.81" pos="137.26" lane="3/2to3/3_0" slope="0.00"/>
        <vehicle id="2" x="632.66" y="601.65" angle="-90.00" type="DEFAULT_VEHTYPE" speed="13.05" pos="167.34" lane="4/3to3/3_0" slope="0.00"/>
        <vehicle id="24" x="398.35" y="548.70" angle="0.00" type="DEFAULT_VEHTYPE" speed="13.39" pos="46.55" lane="2/3to2/2_0" slope="0.00"/>
        <vehicle id="28" x="371.64" y="198.35" angle="90.00" type="DEFAULT_VEHTYPE" speed="9.04" pos="166.89" lane="1/1to2/1_0" slope="0.00"/>
        <vehicle id="29" x="398.35" y="321.87" angle="0.00" type="DEFAULT_VEHTYPE" speed="13.36" pos="73.38" lane="2/2to2/1_0" slope="0.00"/>
        <vehicle id="3" x="626.73" y="598.35" angle="90.00" type="DEFAULT_VEHTYPE" speed="13.84" pos="21.98" lane="3/3to4/3_0" slope="0.00"/>
        <vehicle id="33" x="594.36" y="198.35" angle="90.00" type="DEFAULT_VEHTYPE" speed="3.99" pos="189.61" lane="2/1to3/1_0" slope="0.00"/>
        <vehicle id="37" x="401.65" y="606.89" angle="175.19" type="DEFAULT_VEHTYPE" speed="7.01" pos="2.14" lane="2/3to2/4_0" slope="0.00"/>
        <vehicle id="39" x="184.93" y="201.65" angle="-90.00" type="DEFAULT_VEHTYPE" speed="12.92" pos="10.32" lane="1/1to0/1_0" slope="0.00"/>
        <vehicle id="40" x="390.98" y="198.35" angle="90.00" type="DEFAULT_VEHTYPE" speed="1.34" pos="186.23" lane="1/1to2/1_0" slope="0.00"/>
        <vehicle id="42" x="398.35" y="462.13" angle="0.00" type="DEFAULT_VEHTYPE" speed="13.05" pos="133.12" lane="2/3to2/2_0" slope="0.00"/>
        <vehicle id="43" x="401.65" y="673.24" angle="180.00" type="DEFAULT_VEHTYPE" speed="12.79" pos="68.49" lane="2/3to2/4_0" slope="0.00"/>
        <vehicle id="44" x="740.08" y="601.65" angle="-90.00" type="DEFAULT_VEHTYPE" speed="13.78" pos="59.92" lane="4/3to3/3_0" slope="0.00"/>
        <vehicle id="48" x="576.34" y="198.35" angle="90.00" type="DEFAULT_VEHTYPE" speed="7.98" pos="171.59" lane="2/1to3/1_0" slope="0.00"/>
        <vehicle id="49" x="275.42" y="598.35" angle="90.00" type="DEFAULT_VEHTYPE" speed="13.36" pos="70.67" lane="1/3to2/3_0" slope="0.00"/>
        <vehicle id="5" x="398.35" y="747.39" angle="0.00" type="DEFAULT_VEHTYPE" speed="13.64" pos="52.61" lane="2/4to2/3_0" slope="0.00"/>
        <vehicle id="6" x="380.13" y="598.35" angle="90.00" type="DEFAULT_VEHTYPE" speed="10.02" pos="175.38" lane="1/3to2/3_0" slope="0.00"/>
        <vehicle id="7" x="398.35" y="422.73" angle="0.00" type="DEFAULT_VEHTYPE" speed="13.42" pos="172.52" lane="2/3to2/2_0" slope="0.00"/>
        <vehicle id="8" x="601.65" y="250.55" angle="180.00" type="DEFAULT_VEHTYPE" speed="13.22" pos="45.80" lane="3/1to3/2_0" slope="0.00"/>
        <vehicle id="9" x="201.65" y="162.36" angle="180.00" type="DEFAULT_VEHTYPE" speed="13.81" pos="162.36" lane="1/0to1/1_0" slope="0.00"/>
    </timestep>
    <timestep time="522.00">
        <vehicle id="0" x="712.76" y="598.35" angle="90.00" type="DEFAULT_VEHTYPE" speed="12.98" pos="108.01" lane="3/3to4/3_0" slope="0.00"/>
        <vehicle id="10" x="398.35" y="27.15" angle="0.00" type="DEFAULT_VEHTYPE" speed="13.60" pos="168.10" lane="2/1to2/0_0" slope="0.00"/>
        <vehicle id="11" x="135.90" y="398.35" angle="90.00" type="DEFAULT_VEHTYPE" speed="13.64" pos="135.90" lane="0/2to1/2_0" slope="0.00"/>
        <vehicle id="15" x="418.67" y="198.35" angle="90.00" type="DEFAULT_VEHTYPE" speed="12.64" pos="13.92" lane="2/1to3/1_0" slope="0.00"/>
        <vehicle id="16" x="201.65" y="217.96" angle="180.00" type="DEFAULT_VEHTYPE" speed="9.78" pos="13.21" lane="1/1to1/2_0" slope="0.00"/>
        <vehicle id="17" x="201.65" y="284.77" angle="180.00" type="DEFAULT_VEHTYPE" speed="13.27" pos="80.02" lane="1/1to1/2_0" slope="0.00"/>
        <vehicle id="18" x="601.65" y="555.38" angle="180.00" type="DEFAULT_VEHTYPE" speed="13.37" pos="150.63" lane="3/2to3/3_0" slope="0.00"/>
        <vehicle id="2" x="621.46" y="601.65" angle="-90.00" type="DEFAULT_VEHTYPE" speed="11.20" pos="178.54" lane="4/3to3/3_0" slope="0.00"/>
        <vehicle id="24" x="398.35" y="535.73" angle="0.00" type="DEFAULT_VEHTYPE" speed="12.97" pos="59.52" lane="2/3to2/2_0" slope="0.00"/>
        <vehicle id="28" x="377.85" y="198.35" angle="90.00" type="DEFAULT_VEHTYPE" speed="6.21" pos="173.10" lane="1/1to2/1_0" slope="0.00"/>
        <vehicle id="29" x="398.35" y="309.01" angle="0.00" type="DEFAULT_VEHTYPE" speed="12.86" pos="86.24" lane="2/2to2/1_0" slope="0.00"/>
        <vehicle id="3" x="639.53" y="598.35" angle="90.00" type="DEFAULT_VEHTYPE" speed="12.80" pos="34.78" lane="3/3to4/3_0" slope="0.00"/>
        <vehicle id="33" x="600.52" y="198.35" angle="90.00" type="DEFAULT_VEHTYPE" speed="6.16" pos="5.27" lane=":3/1_13_0" slope="0.00"/>
        <vehicle id="37" x="401.65" y="616.28" angle="180.00" type="DEFAULT_VEHTYPE" speed="9.39" pos="11.53" lane="2/3to2/4_0" slope="0.00"/>
        <vehicle id="39" x="171.05" y="201.65" angle="-90.00" type="DEFAULT_VEHTYPE" speed="13.88" pos="24.20" lane="1/1to0/1_0" slope="0.00"/>
        <vehicle id="40" x="392.14" y="198.35" angle="90.00" type="DEFAULT_VEHTYPE" speed="1.16" pos="187.39" lane="1/1to2/1_0" slope="0.00"/>
        <vehicle id="42" x="398.35" y="449.12" angle="0.00" type="DEFAULT_VEHTYPE" speed="13.01" pos="146.13" lane="2/3to2/2_0" slope="0.00"/>
        <vehicle id="43" x="401.65" y="686.30" angle="180.00" type="DEFAULT_VEHTYPE" speed="13.06" pos="81.55" lane="2/3to2/4_0" slope="0.00"/>
        <vehicle id="44" x="726.68" y="601.65" angle="-90.00" type="DEFAULT_VEHTYPE" speed="13.39" pos="73.32" lane="4/3to3/3_0" slope="0.00"/>
        <vehicle id="48" x="581.56" y="198.35" angle="90.00" type="DEFAULT_VEHTYPE" speed="5.22" pos="176.81" lane="2/1to3/1_0" slope="0.00"/>
        <vehicle id="49" x="288.18" y="598.35" angle="90.00" type="DEFAULT_VEHTYPE" speed="12.76" pos="83.43" lane="1/3to2/3_0" slope="0.00"/>
        <vehicle id="5" x="398.35" y="734.45" angle="0.00" type="DEFAULT_VEHTYPE" speed="12.94" pos="65.55" lane="2/4to2/3_0" slope="0.00"/>
        <vehicle id="6" x="386.79" y="598.35" angle="90.00" type="DEFAULT_VEHTYPE" speed="6.67" pos="182.04" lane="1/3to2/3_0" slope="0.00"/>
        <vehicle id="7" x="398.35" y="408.99" angle="0.00" type="DEFAULT_VEHTYPE" speed="13.74" pos="186.26" lane="2/3to2/2_0" slope="0.00"/>
        <vehicle id="8" x="601.65" y="263.92" angle="180.00" type="DEFAULT_VEHTYPE" speed="13.37" pos="59.17" lane="3/1to3/2_0" slope="0.00"/>
        <vehicle id="9" x="201.65" y="175.89" angle="180.00" type="DEFAULT_VEHTYPE" speed="13.53" pos="175.89" lane="1/0to1/1_0" slope="0.00"/>
    </timestep>
    <timestep time="523.00">
        <vehicle id="0" x="725.40" y="598.35" angle="90.00" type="DEFAULT_VEHTYPE" speed="12.64" pos="120.65" lane="3/3to4/3_0" slope="0.00"/>
        <vehicle id="10" x="398.35" y="13.86" angle="0.00" type="DEFAULT_VEHTYPE" speed="13.29" pos="181.39" lane="2/1to2/0_0" slope="0.00"/>
        <vehicle id="11" x="148.80" y="398.35" angle="90.00" type="DEFAULT_VEHTYPE" speed="12.90" pos="148.80" lane="0/2to1/2_0" slope="0.00"/>
        <vehicle id="15" x="431.88" y="198.35" angle="90.00" type="DEFAULT_VEHTYPE" speed="13.20" pos="27.13" lane="2/1to3/1_0" slope="0.00"/>
        <vehicle id="16" x="201.65" y="230.25" angle="180.00" type="DEFAULT_VEHTYPE" speed="12.29" pos="25.50" lane="1/1to1/2_0" slope="0.00"/>
        <vehicle id="17" x="201.65" y="297.38" angle="180.00" type="DEFAULT_VEHTYPE" speed="12.60" pos="92.63" lane="1/1to1/2_0" slope="0.00"/>
        <vehicle id="18" x="601.65" y="568.25" angle="180.00" type="DEFAULT_VEHTYPE" speed="12.87" pos="163.50" lane="3/2to3/3_0" slope="0.00"/>
        <vehicle id="2" x="613.84" y="601.65" angle="-90.00" type="DEFAULT_VEHTYPE" speed="7.62" pos="186.16" lane="4/3to3/3_0" slope="0.00"/>
        <vehicle id="24" x="398.35" y="522.35" angle="0.00" type="DEFAULT_VEHTYPE" speed="13.38" pos="72.90" lane="2/3to2/2_0" slope="0.00"/>
        <vehicle id="28" x="381.66" y="198.35" angle="90.00" type="DEFAULT_VEHTYPE" speed="3.81" pos="176.91" lane="1/1to2/1_0" slope="0.00"/>
        <vehicle id="29" x="398.35" y="296.05" angle="0.00" type="DEFAULT_VEHTYPE" speed="12.96" pos="99.20" lane="2/2to2/1_0" slope="0.00"/>
        <vehicle id="3" x="652.86" y="598.35" angle="90.00" type="DEFAULT_VEHTYPE" speed="13.33" pos="48.11" lane="3/3to4/3_0" slope="0.00"/>
        <vehicle id="33" x="608.15" y="198.35" angle="90.00" type="DEFAULT_VEHTYPE" speed="7.63" pos="3.40" lane="3/1to4/1_0" slope="0.00"/>
        <vehicle id="37" x="401.65" y="627.13" angle="180.00" type="DEFAULT_VEHTYPE" speed="10.86" pos="22.38" lane="2/3to2/4_0" slope="0.00"/>
        <vehicle id="39" x="157.90" y="201.65" angle="-90.00" type="DEFAULT_VEHTYPE" speed="13.15" pos="37.35" lane="1/1to0/1_0" slope="0.00"/>
        <vehicle id="40" x="394.62" y="198.35" angle="90.00" type="DEFAULT_VEHTYPE" speed="2.48" pos="189.87" lane="1/1to2/1_0" slope="0.00"/>
        <vehicle id="42" x="398.35" y="435.39" angle="0.00" type="DEFAULT_VEHTYPE" speed="13.73" pos="159.86" lane="2/3to2/2_0" slope="0.00"/>
        <vehicle id="43" x="401.65" y="699.38" angle="180.00" type="DEFAULT_VEHTYPE" speed="13.08" pos="94.63" lane="2/3to2/4_0" slope="0.00"/>
        <vehicle id="44" x="713.81" y="601.65" angle="-90.00" type="DEFAULT_VEHTYPE" speed="12.87" pos="86.19" lane="4/3to3/3_0" slope="0.00"/>
        <vehicle id="48" x="587.67" y="198.35" angle="90.00" type="DEFAULT_VEHTYPE" speed="6.11" pos="182.92" lane="2/1to3/1_0" slope="0.00"/>
        <vehicle id="49" x="301.72" y="598.35" angle="90.00" type="DEFAULT_VEHTYPE" speed="13.54" pos="96.97" lane="1/3to2/3_0" slope="0.00"/>
        <vehicle id="5" x="398.35" y="720.78" angle="0.00" type="DEFAULT_VEHTYPE" speed="13.67" pos="79.22" lane="2/4to2/3_0" slope="0.00"/>
        <vehicle id="6" x="390.09" y="598.35" angle="90.00" type="DEFAULT_VEHTYPE" speed="3.29" pos="185.34" lane="1/3to2/3_0" slope="0.00"/>
        <vehicle id="7" x="398.35" y="395.56" angle="0.00" type="DEFAULT_VEHTYPE" speed="13.42" pos="9.19" lane=":2/2_1_0" slope="0.00"/>
        <vehicle id="8" x="601.65" y="277.41" angle="180.00" type="DEFAULT_VEHTYPE" speed="13.50" pos="72.66" lane="3/1to3/2_0" slope="0.00"/>
        <vehicle id="9" x="201.65" y="188.78" angle="180.00" type="DEFAULT_VEHTYPE" speed="12.89" pos="188.78" lane="1/0to1/1_0" slope="0.00"/>
    </timestep>
    <timestep time="524.00">
        <vehicle id="0" x="738.57" y="598.35" angle="90.00" type="DEFAULT_VEHTYPE" speed="13.18" pos="133.82" lane="3/3to4/3_0" slope="0.00"/>
        <vehicle id="10" x="398.35" y="0.58" angle="0.00" type="DEFAULT_VEHTYPE" speed="13.28" pos="194.67" lane="2/1to2/0_0" slope="0.00"/>
        <vehicle id="11" x="161.44" y="398.35" angle="90.00" type="DEFAULT_VEHTYPE" speed="12.64" pos="161.44" lane="0/2to1/2_0" slope="0.00"/>
        <vehicle id="15" x="445.29" y="198.35" angle="90.00" type="DEFAULT_VEHTYPE" speed="13.41" pos="40.54" lane="2/1to3/1_0" slope="0.00"/>
        <vehicle id="16" x="201.65" y="243.72" angle="180.00" type="DEFAULT_VEHTYPE" speed="13.47" pos="38.97" lane="1/1to1/2_0" slope="0.00"/>
        <vehicle id="17" x="201.65" y="310.79" angle="180.00" type="DEFAULT_VEHTYPE" speed="13.42" pos="106.04" lane="1/1to1/2_0" slope="0.00"/>
        <vehicle id="18" x="601.65" y="581.74" angle="180.00" type="DEFAULT_VEHTYPE" speed="13.49" pos="176.99" lane="3/2to3/3_0" slope="0.00"/>
        <vehicle id="2" x="609.51" y="601.65" angle="-90.00" type="DEFAULT_VEHTYPE" speed="4.34" pos="190.49" lane="4/3to3/3_0" slope="0.00"/>
        <vehicle id="24" x="398.35" y="509.51" angle="0.00" type="DEFAULT_VEHTYPE" speed="12.83" pos="85.74" lane="2/3to2/2_0" slope="0.00"/>
        <vehicle id="28" x="385.03" y="198.35" angle="90.00" type="DEFAULT_VEHTYPE" speed="3.37" pos="180.28" lane="1/1to2/1_0" slope="0.00"/>
        <vehicle id="29" x="398.35" y="283.03" angle="0.00" type="DEFAULT_VEHTYPE" speed="13.02" pos="112.22" lane="2/2to2/1_0" slope="0.00"/>
        <vehicle id="3" x="666.33" y="598.35" angle="90.00" type="DEFAULT_VEHTYPE" speed="13.48" pos="61.58" lane="3/3to4/3_0" slope="0.00"/>
        <vehicle id="33" x="617.24" y="198.35" angle="90.00" type="DEFAULT_VEHTYPE" speed="9.09" pos="12.49" lane="3/1to4/1_0" slope="0.00"/>
        <vehicle id="37" x="401.65" y="640.59" angle="180.00" type="DEFAULT_VEHTYPE" speed="13.45" pos="35.84" lane="2/3to2/4_0" slope="0.00"/>
        <vehicle id="39" x="144.31" y="201.65" angle="-90.00" type="DEFAULT_VEHTYPE" speed="13.59" pos="50.94" lane="1/1to0/1_0" slope="0.00"/>
        <vehicle id="40" x="399.29" y="198.35" angle="90.00" type="DEFAULT_VEHTYPE" speed="4.67" pos="4.04" lane=":2/1_13_0" slope="0.00"/>
        <vehicle id="42" x="398.35" y="422.38" angle="0.00" type="DEFAULT_VEHTYPE" speed="13.01" pos="172.87" lane="2/3to2/2_0" slope="0.00"/>
        <vehicle id="43" x="401.65" y="713.03" angle="180.00" type="DEFAULT_VEHTYPE" speed="13.66" pos="108.28" lane="2/3to2/4_0" slope="0.00"/>
        <vehicle id="44" x="700.05" y="601.65" angle="-90.00" type="DEFAULT_VEHTYPE" speed="13.76" pos="99.95" lane="4/3to3/3_0" slope="0.00"/>
        <vehicle id="48" x="590.05" y="198.35" angle="90.00" type="DEFAULT_VEHTYPE" speed="2.39" pos="185.30" lane="2/1to3/1_0" slope="0.00"/>
        <vehicle id="49" x="315.60" y="598.35" angle="90.00" type="DEFAULT_VEHTYPE" speed="13.87" pos="110.85" lane="1/3to2/3_0" slope="0.00"/>
        <vehicle id="5" x="398.35" y="707.77" angle="0.00" type="DEFAULT_VEHTYPE" speed="13.01" pos="92.23" lane="2/4to2/3_0" slope="0.00"/>
        <vehicle id="6" x="395.05" y="598.35" angle="90.00" type="DEFAULT_VEHTYPE" speed="4.97" pos="190.30" lane="1/3to2/3_0" slope="0.00"/>
        <vehicle id="7" x="398.35" y="382.86" angle="0.00" type="DEFAULT_VEHTYPE" speed="12.70" pos="12.39" lane="2/2to2/1_0" slope="0.00"/>
        <vehicle id="8" x="601.65" y="291.18" angle="180.00" type="DEFAULT_VEHTYPE" speed="13.77" pos="86.43" lane="3/1to3/2_0" slope="0.00"/>
        <vehicle id="9" x="206.93" y="198.35" angle="102.62" type="DEFAULT_VEHTYPE" speed="13.66" pos="2.18" lane="1/1to2/1_0" slope="0.00"/>
    </timestep>
    <timestep time="525.00">
        <vehicle id="0" x="752.03" y="598.35" angle="90.00" type="DEFAULT_VEHTYPE" speed="13.46" pos="147.28" lane="3/3to4/3_0" slope="0.00"/>
        <vehicle id="10" x="401.65" y="7.75" angle="180.00" type="DEFAULT_VEHTYPE" speed="13.15" pos="7.75" lane="2/0to2/1_0" slope="0.00"/>
        <vehicle id="11" x="173.47" y="398.35" angle="90.00" type="DEFAULT_VEHTYPE" speed="12.03" pos="173.47" lane="0/2to1/2_0" slope="0.00"/>
        <vehicle id="15" x="457.94" y="198.35" angle="90.00" type="DEFAULT_VEHTYPE" speed="12.66" pos="53.19" lane="2/1to3/1_0" slope="0.00"/>
        <vehicle id="16" x="201.65" y="257.29" angle="180.00" type="DEFAULT_VEHTYPE" speed="13.57" pos="52.54" lane="1/1to1/2_0" slope="0.00"/>
        <vehicle id="17" x="201.65" y="324.34" angle="180.00" type="DEFAULT_VEHTYPE" speed="13.54" pos="119.59" lane="1/1to1/2_0" slope="0.00"/>
        <vehicle id="18" x="601.65" y="595.23" angle="180.00" type="DEFAULT_VEHTYPE" speed="13.48" pos="190.48" lane="3/2to3/3_0" slope="0.00"/>
        <vehicle id="2" x="603.47" y="601.47" angle="-87.91" type="DEFAULT_VEHTYPE" speed="6.04" pos="1.29" lane=":3/3_6_0" slope="0.00"/>
        <vehicle id="24" x="398.35" y="496.58" angle="0.00" type="DEFAULT_VEHTYPE" speed="12.93" pos="98.67" lane="2/3to2/2_0" slope="0.00"/>
        <vehicle id="28" x="389.67" y="198.35" angle="90.00" type="DEFAULT_VEHTYPE" speed="4.64" pos="184.92" lane="1/1to2/1_0" slope="0.00"/>
        <vehicle id="29" x="398.35" y="269.59" angle="0.00" type="DEFAULT_VEHTYPE" speed="13.44" pos="125.66" lane="2/2to2/1_0" slope="0.00"/>
        <vehicle id="3" x="679.08" y="598.35" angle="90.00" type="DEFAULT_VEHTYPE" speed="12.75" pos="74.33" lane="3/3to4/3_0" slope="0.00"/>
        <vehicle id="33" x="628.70" y="198.35" angle="90.00" type="DEFAULT_VEHTYPE" speed="11.47" pos="23.95" lane="3/1to4/1_0" slope="0.00"/>
        <vehicle id="37" x="401.65" y="653.83" angle="180.00" type="DEFAULT_VEHTYPE" speed="13.24" pos="49.08" lane="2/3to2/4_0" slope="0.00"/>
        <vehicle id="39" x="130.80" y="201.65" angle="-90.00" type="DEFAULT_VEHTYPE" speed="13.51" pos="64.45" lane="1/1to0/1_0" slope="0.00"/>
        <vehicle id="40" x="406.46" y="198.35" angle="90.00" type="DEFAULT_VEHTYPE" speed="7.16" pos="1.71" lane="2/1to3/1_0" slope="0.00"/>
        <vehicle id="42" x="398.35" y="408.89" angle="0.00" type="DEFAULT_VEHTYPE" speed="13.49" pos="186.36" lane="2/3to2/2_0" slope="0.00"/>
        <vehicle id="43" x="401.65" y="726.34" angle="180.00" type="DEFAULT_VEHTYPE" speed="13.31" pos="121.59" lane="2/3to2/4_0" slope="0.00"/>
        <vehicle id="44" x="686.34" y="601.65" angle="-90.00" type="DEFAULT_VEHTYPE" speed="13.71" pos="113.66" lane="4/3to3/3_0" slope="0.00"/>
        <vehicle id="48" x="594.87" y="198.35" angle="90.00" type="DEFAULT_VEHTYPE" speed="4.82" pos="190.12" lane="2/1to3/1_0" slope="0.00"/>
        <vehicle id="49" x="328.98" y="598.35" angle="90.00" type="DEFAULT_VEHTYPE" speed="13.38" pos="124.23" lane="1/3to2/3_0" slope="0.00"/>
        <vehicle id="5" x="398.35" y="695.08" angle="0.00" type="DEFAULT_VEHTYPE" speed="12.69" pos="104.92" lane="2/4to2/3_0" slope="0.00"/>
        <vehicle id="6" x="400.55" y="600.79" angle="118.63" type="DEFAULT_VEHTYPE" speed="6.34" pos="6.14" lane=":2/3_14_0" slope="0.00"/>
        <vehicle id="7" x="398.35" y="369.98" angle="0.00" type="DEFAULT_VEHTYPE" speed="12.88" pos="25.27" lane="2/2to2/1_0" slope="0.00"/>
        <vehicle id="8" x="601.65" y="303.95" angle="180.00" type="DEFAULT_VEHTYPE" speed="12.77" pos="99.20" lane="3/1to3/2_0" slope="0.00"/>
        <vehicle id="9" x="220.04" y="198.35" angle="90.00" type="DEFAULT_VEHTYPE" speed="13.11" pos="15.29" lane="1/1to2/1_0" slope="0.00"/>
    </timestep>
    <timestep time="526.00">
        <vehicle id="0" x="765.73" y="598.35" angle="90.00" type="DEFAULT_VEHTYPE" speed="13.70" pos="160.98" lane="3/3to4/3_0" slope="0.00"/>
        <vehicle id="10" x="401.65" y="21.65" angle="180.00" type="DEFAULT_VEHTYPE" speed="13.90" pos="21.65" lane="2/0to2/1_0" slope="0.00"/>
        <vehicle id="11" x="182.19" y="398.35" angle="90.00" type="DEFAULT_VEHTYPE" speed="8.72" pos="182.19" lane="0/2to1/2_0" slope="0.00"/>
        <vehicle id="15" x="470.65" y="198.35" angle="90.00" type="DEFAULT_VEHTYPE" speed="12.71" pos="65.90" lane="2/1to3/1_0" slope="0.00"/>
        <vehicle id="16" x="201.65" y="270.16" angle="180.00" type="DEFAULT_VEHTYPE" speed="12.86" pos="65.41" lane="1/1to1/2_0" slope="0.00"/>
        <vehicle id="17" x="201.65" y="337.62" angle="180.00" type="DEFAULT_VEHTYPE" speed="13.29" pos="132.87" lane="1/1to1/2_0" slope="0.00"/>
        <vehicle id="18" x="613.46" y="598.35" angle="90.00" type="DEFAULT_VEHTYPE" speed="13.73" pos="8.71" lane="3/3to4/3_0" slope="0.00"/>
        <vehicle id="2" x="598.44" y="595.91" angle="-23.78" type="DEFAULT_VEHTYPE" speed="8.37" pos="9.66" lane=":3/3_6_0" slope="0.00"/>
        <vehicle id="24" x="398.35" y="483.56" angle="0.00" type="DEFAULT_VEHTYPE" speed="13.02" pos="111.69" lane="2/3to2/2_0" slope="0.00"/>
        <vehicle id="28" x="396.16" y="198.35" angle="90.00" type="DEFAULT_VEHTYPE" speed="6.49" pos="0.91" lane=":2/1_13_0" slope="0.00"/>
        <vehicle id="29" x="398.35" y="256.53" angle="0.00" type="DEFAULT_VEHTYPE" speed="13.06" pos="138.72" lane="2/2to2/1_0" slope="0.00"/>
        <vehicle id="3" x="692.31" y="598.35" angle="90.00" type="DEFAULT_VEHTYPE" speed="13.22" pos="87.56" lane="3/3to4/3_0" slope="0.00"/>
        <vehicle id="33" x="642.06" y="198.35" angle="90.00" type="DEFAULT_VEHTYPE" speed="13.35" pos="37.31" lane="3/1to4/1_0" slope="0.00"/>
        <vehicle id="37" x="401.65" y="667.51" angle="180.00" type="DEFAULT_VEHTYPE" speed="13.68" pos="62.76" lane="2/3to2/4_0" slope="0.00"/>
        <vehicle id="39" x="118.12" y="201.65" angle="-90.00" type="DEFAULT_VEHTYPE" speed="12.68" pos="77.13" lane="1/1to0/1_0" slope="0.00"/>
        <vehicle id="40" x="415.30" y="198.35" angle="90.00" type="DEFAULT_VEHTYPE" speed="8.84" pos="10.55" lane="2/1to3/1_0" slope="0.00"/>
        <vehicle id="42" x="398.35" y="396.13" angle="0.00" type="DEFAULT_VEHTYPE" speed="12.75" pos="8.62" lane=":2/2_1_0" slope="0.00"/>
        <vehicle id="43" x="401.65" y="739.53" angle="180.00" type="DEFAULT_VEHTYPE" speed="13.19" pos="134.78" lane="2/3to2/4_0" slope="0.00"/>
        <vehicle id="44" x="673.65" y="601.65" angle="-90.00" type="DEFAULT_VEHTYPE" speed="12.69" pos="126.35" lane="4/3to3/3_0" slope="0.00"/>
        <vehicle id="48" x="601.66" y="198.35" angle="90.00" type="DEFAULT_VEHTYPE" speed="6.79" pos="6.41" lane=":3/1_13_0" slope="0.00"/>
        <vehicle id="49" x="342.41" y="598.35" angle="90.00" type="DEFAULT_VEHTYPE" speed="13.43" pos="137.66" lane="1/3to2/3_0" slope="0.00"/>
        <vehicle id="5" x="398.35" y="681.45" angle="0.00" type="DEFAULT_VEHTYPE" speed="13.63" pos="118.55" lane="2/4to2/3_0" slope="0.00"/>
        <vehicle id="6" x="401.65" y="608.85" angle="178.54" type="DEFAULT_VEHTYPE" speed="8.28" pos="4.10" lane="2/3to2/4_0" slope="0.00"/>
        <vehicle id="7" x="398.35" y="356.21" angle="0.00" type="DEFAULT_VEHTYPE" speed="13.77" pos="39.04" lane="2/2to2/1_0" slope="0.00"/>
        <vehicle id="8" x="601.65" y="317.76" angle="180.00" type="DEFAULT_VEHTYPE" speed="13.81" pos="113.01" lane="3/1to3/2_0" slope="0.00"/>
        <vehicle id="9" x="233.27" y="198.35" angle="90.00" type="DEFAULT_VEHTYPE" speed="13.23" pos="28.52" lane="1/1to2/1_0" slope="0.00"/>
    </timestep>
    <timestep time="527.00">
        <vehicle id="0" x="779.05" y="598.35" angle="90.00" type="DEFAULT_VEHTYPE" speed="13.32" pos="174.30" lane="3/3to4/3_0" slope="0.00"/>
        <vehicle id="10" x="401.65" y="35.35" angle="180.00" type="DEFAULT_VEHTYPE" speed="13.70" pos="35.35" lane="2/0to2/1_0" slope="0.00"/>
        <vehicle id="11" x="187.79" y="398.35" angle="90.00" type="DEFAULT_VEHTYPE" speed="5.60" pos="187.79" lane="0/2to1/2_0" slope="0.00"/>
        <vehicle id="15" x="484.55" y="198.35" angle="90.00" type="DEFAULT_VEHTYPE" speed="13.90" pos="79.80" lane="2/1to3/1_0" slope="0.00"/>
        <vehicle id="16" x="201.65" y="283.48" angle="180.00" type="DEFAULT_VEHTYPE" speed="13.32" pos="78.73" lane="1/1to1/2_0" slope="0.00"/>
        <vehicle id="17" x="201.65" y="351.44" angle="180.00" type="DEFAULT_VEHTYPE" speed="13.81" pos="146.69" lane="1/1to1/2_0" slope="0.00"/>
        <vehicle id="18" x="627.34" y="598.35" angle="90.00" type="DEFAULT_VEHTYPE" speed="13.88" pos="22.59" lane="3/3to4/3_0" slope="0.00"/>
        <vehicle id="2" x="598.35" y="585.57" angle="0.00" type="DEFAULT_VEHTYPE" speed="10.35" pos="9.68" lane="3/3to3/2_0" slope="0.00"/>
        <vehicle id="24" x="398.35" y="469.95" angle="0.00" type="DEFAULT_VEHTYPE" speed="13.61" pos="125.30" lane="2/3to2/2_0" slope="0.00"/>
        <vehicle id="28" x="404.68" y="198.35" angle="90.00" type="DEFAULT_VEHTYPE" speed="8.51" pos="9.43" lane=":2/1_13_0" slope="0.00"/>
        <vehicle id="29" x="398.35" y="243.75" angle="0.00" type="DEFAULT_VEHTYPE" speed="12.79" pos="151.50" lane="2/2to2/1_0" slope="0.00"/>
        <vehicle id="3" x="705.97" y="598.35" angle="90.00" type="DEFAULT_VEHTYPE" speed="13.67" pos="101.22" lane="3/3to4/3_0" slope="0.00"/>
        <vehicle id="33" x="655.81" y="198.35" angle="90.00" type="DEFAULT_VEHTYPE" speed="13.76" pos="51.06" lane="3/1to4/1_0" slope="0.00"/>
        <vehicle id="37" x="401.65" y="680.28" angle="180.00" type="DEFAULT_VEHTYPE" speed="12.77" pos="75.53" lane="2/3to2/4_0" slope="0.00"/>
        <vehicle id="39" x="105.42" y="201.65" angle="-90.00" type="DEFAULT_VEHTYPE" speed="12.70" pos="89.83" lane="1/1to0/1_0" slope="0.00"/>
        <vehicle id="40" x="426.46" y="198.35" angle="90.00" type="DEFAULT_VEHTYPE" speed="11.17" pos="21.71" lane="2/1to3/1_0" slope="0.00"/>
        <vehicle id="42" x="398.35" y="382.41" angle="0.00" type="DEFAULT_VEHTYPE" speed="13.72" pos="12.84" lane="2/2to2/1_0" slope="0.00"/>
        <vehicle id="43" x="401.65" y="753.09" angle="180.00" type="DEFAULT_VEHTYPE" speed="13.56" pos="148.34" lane="2/3to2/4_0" slope="0.00"/>
        <vehicle id="44" x="660.80" y="601.65" angle="-90.00" type="DEFAULT_VEHTYPE" speed="12.85" pos="139.20" lane="4/3to3/3_0" slope="0.00"/>
        <vehicle id="48" x="610.45" y="198.35" angle="90.00" type="DEFAULT_VEHTYPE" speed="8.79" pos="5.70" lane="3/1to4/1_0" slope="0.00"/>
        <vehicle id="49" x="355.32" y="598.35" angle="90.00" type="DEFAULT_VEHTYPE" speed="12.91" pos="150.57" lane="1/3to2/3_0" slope="0.00"/>
        <vehicle id="5" x="398.35" y="668.50" angle="0.00" type="DEFAULT_VEHTYPE" speed="12.95" pos="131.50" lane="2/4to2/3_0" slope="0.00"/>
        <vehicle id="6" x="401.65" y="618.86" angle="180.00" type="DEFAULT_VEHTYPE" speed="10.01" pos="14.11" lane="2/3to2/4_0" slope="0.00"/>
        <vehicle id="7" x="398.35" y="342.85" angle="0.00" type="DEFAULT_VEHTYPE" speed="13.36" pos="52.40" lane="2/2to2/1_0" slope="0.00"/>
        <vehicle id="8" x="601.65" y="330.50" angle="180.00" type="DEFAULT_VEHTYPE" speed="12.74" pos="125.75" lane="3/1to3/2_0" slope="0.00"/>
        <vehicle id="9" x="246.43" y="198.35" angle="90.00" type="DEFAULT_VEHTYPE" speed="13.16" pos="41.68" lane="1/1to2/1_0" slope="0.00"/>
    </timestep>
    <timestep time="528.00">
        <vehicle id="0" x="792.79" y="598.35" angle="90.00" type="DEFAULT_VEHTYPE" speed="13.74" pos="188.04" lane="3/3to4/3_0" slope="0.00"/>
        <vehicle id="10" x="401.65" y="48.69" angle="180.00" type="DEFAULT_VEHTYPE" speed="13.34" pos="48.69" lane="2/0to2/1_0" slope="0.00"/>
        <vehicle id="11" x="190.61" y="398.35" angle="90.00" type="DEFAULT_VEHTYPE" speed="2.82" pos="190.61" lane="0/2to1/2_0" slope="0.00"/>
        <vehicle id="15" x="497.77" y="198.35" angle="90.00" type="DEFAULT_VEHTYPE" speed="13.22" pos="93.02" lane="2/1to3/1_0" slope="0.00"/>
        <vehicle id="16" x="201.65" y="296.17" angle="180.00" type="DEFAULT_VEHTYPE" speed="12.69" pos="91.42" lane="1/1to1/2_0" slope="0.00"/>
        <vehicle id="17" x="201.65" y="364.73" angle="180.00" type="DEFAULT_VEHTYPE" speed="13.29" pos="159.98" lane="1/1to1/2_0" slope="0.00"/>
        <vehicle id="18" x="640.86" y="598.35" angle="90.00" type="DEFAULT_VEHTYPE" speed="13.52" pos="36.11" lane="3/3to4/3_0" slope="0.00"/>
        <vehicle id="2" x="598.35" y="572.68" angle="0.00" type="DEFAULT_VEHTYPE" speed="12.89" pos="22.57" lane="3/3to3/2_0" slope="0.00"/>
        <vehicle id="24" x="398.35" y="456.73" angle="0.00" type="DEFAULT_VEHTYPE" speed="13.23" pos="138.52" lane="2/3to2/2_0" slope="0.00"/>
        <vehicle id="28" x="415.13" y="198.35" angle="90.00" type="DEFAULT_VEHTYPE" speed="10.46" pos="10.38" lane="2/1to3/1_0" slope="0.00"/>
        <vehicle id="29" x="398.35" y="230.69" angle="0.00" type="DEFAULT_VEHTYPE" speed="13.05" pos="164.56" lane="2/2to2/1_0" slope="0.00"/>
        <vehicle id="3" x="718.74" y="598.35" angle="90.00" type="DEFAULT_VEHTYPE" speed="12.77" pos="113.99" lane="3/3to4/3_0" slope="0.00"/>
        <vehicle id="33" x="669.00" y="198.35" angle="90.00" type="DEFAULT_VEHTYPE" speed="13.19" pos="64.25" lane="3/1to4/1_0" slope="0.00"/>
        <vehicle id="37" x="401.65" y="693.40" angle="180.00" type="DEFAULT_VEHTYPE" speed="13.11" pos="88.65" lane="2/3to2/4_0" slope="0.00"/>
        <vehicle id="39" x="92.46" y="201.65" angle="-90.00" type="DEFAULT_VEHTYPE" speed="12.96" pos="102.79" lane="1/1to0/1_0" slope="0.00"/>
        <vehicle id="40" x="440.03" y="198.35" angle="90.00" type="DEFAULT_VEHTYPE" speed="13.57" pos="35.28" lane="2/1to3/1_0" slope="0.00"/>
        <vehicle id="42" x="398.35" y="369.15" angle="0.00" type="DEFAULT_VEHTYPE" speed="13.27" pos="26.10" lane="2/2to2/1_0" slope="0.00"/>
        <vehicle id="43" x="401.65" y="765.90" angle="180.00" type="DEFAULT_VEHTYPE" speed="12.82" pos="161.15" lane="2/3to2/4_0" slope="0.00"/>
        <vehicle id="44" x="647.77" y="601.65" angle="-90.00" type="DEFAULT_VEHTYPE" speed="13.03" pos="152.23" lane="4/3to3/3_0" slope="0.00"/>
        <vehicle id="48" x="621.30" y="198.35" angle="90.00" type="DEFAULT_VEHTYPE" speed="10.85" pos="16.55" lane="3/1to4/1_0" slope="0.00"/>
        <vehicle id="49" x="368.84" y="598.35" angle="90.00" type="DEFAULT_VEHTYPE" speed="13.52" pos="164.09" lane="1/3to2/3_0" slope="0.00"/>
        <vehicle id="5" x="398.35" y="655.38" angle="0.00" type="DEFAULT_VEHTYPE" speed="13.12" pos="144.62" lane="2/4to2/3_0" slope="0.00"/>
        <vehicle id="6" x="401.65" y="630.54" angle="180.00" type="DEFAULT_VEHTYPE" speed="11.68" pos="25.79" lane="2/3to2/4_0" slope="0.00"/>
        <vehicle id="7" x="398.35" y="329.63" angle="0.00" type="DEFAULT_VEHTYPE" speed="13.22" pos="65.62" lane="2/2to2/1_0" slope="0.00"/>
        <vehicle id="8" x="601.65" y="343.18" angle="180.00" type="DEFAULT_VEHTYPE" speed="12.67" pos="138.43" lane="3/1to3/2_0" slope="0.00"/>
        <vehicle id="9" x="259.88" y="198.35" angle="90.00" type="DEFAULT_VEHTYPE" speed="13.44" pos="55.13" lane="1/1to2/1_0" slope="0.00"/>
    </timestep>
    <timestep time="529.00">
        <vehicle id="0" x="798.28" y="601.65" angle="-129.07" type="DEFAULT_VEHTYPE" speed="13.76" pos="1.72" lane="4/3to3/3_0" slope="0.00"/>
        <vehicle id="10" x="401.65" y="62.34" angle="180.00" type="DEFAULT_VEHTYPE" speed="13.64" pos="62.34" lane="2/0to2/1_0" slope="0.00"/>
        <vehicle id="11" x="191.60" y="398.35" angle="90.00" type="DEFAULT_VEHTYPE" speed="0.99" pos="191.60" lane="0/2to1/2_0" slope="0.00"/>
        <vehicle id="15" x="511.12" y="198.35" angle="90.00" type="DEFAULT_VEHTYPE" speed="13.35" pos="106.37" lane="2/1to3/1_0" slope="0.00"/>
        <vehicle id="16" x="201.65" y="309.19" angle="180.00" type="DEFAULT_VEHTYPE" speed="13.02" pos="104.44" lane="1/1to1/2_0" slope="0.00"/>
        <vehicle id="17" x="201.65" y="377.55" angle="180.00" type="DEFAULT_VEHTYPE" speed="12.83" pos="172.80" lane="1/1to1/2_0" slope="0.00"/>
        <vehicle id="18" x="653.82" y="598.35" angle="90.00" type="DEFAULT_VEHTYPE" speed="12.97" pos="49.07" lane="3/3to4/3_0" slope="0.00"/>
        <vehicle id="2" x="598.35" y="558.86" angle="0.00" type="DEFAULT_VEHTYPE" speed="13.82" pos="36.39" lane="3/3to3/2_0" slope="0.00"/>
        <vehicle id="24" x="398.35" y="443.28" angle="0.00" type="DEFAULT_VEHTYPE" speed="13.44" pos="151.97" lane="2/3to2/2_0" slope="0.00"/>
        <vehicle id="28" x="428.08" y="198.35" angle="90.00" type="DEFAULT_VEHTYPE" speed="12.95" pos="23.33" lane="2/1to3/1_0" slope="0.00"/>
        <vehicle id="29" x="398.35" y="216.96" angle="0.00" type="DEFAULT_VEHTYPE" speed="13.74" pos="178.29" lane="2/2to2/1_0" slope="0.00"/>
        <vehicle id="3" x="731.69" y="598.35" angle="90.00" type="DEFAULT_VEHTYPE" speed="12.95" pos="126.94" lane="3/3to4/3_0" slope="0.00"/>
        <vehicle id="33" x="682.73" y="198.35" angle="90.00" type="DEFAULT_VEHTYPE" speed="13.73" pos="77.98" lane="3/1to4/1_0" slope="0.00"/>
        <vehicle id="37" x="401.65" y="706.79" angle="180.00" type="DEFAULT_VEHTYPE" speed="13.39" pos="102.04" lane="2/3to2/4_0" slope="0.00"/>
        <vehicle id="39" x="79.77" y="201.65" angle="-90.00" type="DEFAULT_VEHTYPE" speed="12.70" pos="115.48" lane="1/1to0/1_0" slope="0.00"/>
        <vehicle id="40" x="453.46" y="198.35" angle="90.00" type="DEFAULT_VEHTYPE" speed="13.43" pos="48.71" lane="2/1to3/1_0" slope="0.00"/>
        <vehicle id="42" x="398.35" y="356.11" angle="0.00" type="DEFAULT_VEHTYPE" speed="13.03" pos="39.14" lane="2/2to2/1_0" slope="0.00"/>
        <vehicle id="43" x="401.65" y="779.02" angle="180.00" type="DEFAULT_VEHTYPE" speed="13.12" pos="174.27" lane="2/3to2/4_0" slope="0.00"/>
        <vehicle id="44" x="634.14" y="601.65" angle="-90.00" type="DEFAULT_VEHTYPE" speed="13.63" pos="165.86" lane="4/3to3/3_0" slope="0.00"/>
        <vehicle id="48" x="633.77" y="198.35" angle="90.00" type="DEFAULT_VEHTYPE" speed="12.47" pos="29.02" lane="3/1to4/1_0" slope="0.00"/>
        <vehicle id="49" x="379.38" y="598.35" angle="90.00" type="DEFAULT_VEHTYPE" speed="10.54" pos="174.63" lane="1/3to2/3_0" slope="0.00"/>
        <vehicle id="5" x="398.35" y="641.60" angle="0.00" type="DEFAULT_VEHTYPE" speed="13.78" pos="158.40" lane="2/4to2/3_0" slope="0.00"/>
        <vehicle id="6" x="401.65" y="644.39" angle="180.00" type="DEFAULT_VEHTYPE" speed="13.85" pos="39.64" lane="2/3to2/4_0" slope="0.00"/>
        <vehicle id="7" x="398.35" y="316.17" angle="0.00" type="DEFAULT_VEHTYPE" speed="13.46" pos="79.08" lane="2/2to2/1_0" slope="0.00"/>
        <vehicle id="8" x="601.65" y="357.00" angle="180.00" type="DEFAULT_VEHTYPE" speed="13.82" pos="152.25" lane="3/1to3/2_0" slope="0.00"/>
        <vehicle id="9" x="272.73" y="198.35" angle="90.00" type="DEFAULT_VEHTYPE" speed="12.86" pos="67.98" lane="1/1to2/1_0" slope="0.00"/>
    </timestep>
    <timestep time="530.00">
        <vehicle id="0" x="784.54" y="601.65" angle="-90.00" type="DEFAULT_VEHTYPE" speed="13.73" pos="15.46" lane="4/3to3/3_0" slope="0.00"/>
        <vehicle id="10" x="401.65" y="75.30" angle="180.00" type="DEFAULT_VEHTYPE" speed="12.97" pos="75.30" lane="2/0to2/1_0" slope="0.00"/>
        <vehicle id="11" x="192.40" y="398.35" angle="90.00" type="DEFAULT_VEHTYPE" speed="0.79" pos="192.40" lane="0/2to1/2_0" slope="0.00"/>
        <vehicle id="15" x="523.92" y="198.35" angle="90.00" type="DEFAULT_VEHTYPE" speed="12.80" pos="119.17" lane="2/1to3/1_0" slope="0.00"/>
        <vehicle id="16" x="201.65" y="322.74" angle="180.00" type="DEFAULT_VEHTYPE" speed="13.56" pos="117.99" lane="1/1to1/2_0" slope="0.00"/>
        <vehicle id="17" x="201.65" y="390.37" angle="180.00" type="DEFAULT_VEHTYPE" speed="12.82" pos="185.62" lane="1/1to1/2_0" slope="0.00"/>
        <vehicle id="18" x="666.99" y="598.35" angle="90.00" type="DEFAULT_VEHTYPE" speed="13.16" pos="62.24" lane="3/3to4/3_0" slope="0.00"/>
        <vehicle id="2" x="598.35" y="545.39" angle="0.00" type="DEFAULT_VEHTYPE" speed="13.47" pos="49.86" lane="3/3to3/2_0" slope="0.00"/>
        <vehicle id="24" x="398.35" y="429.68" angle="0.00" type="DEFAULT_VEHTYPE" speed="13.61" pos="165.57" lane="2/3to2/2_0" slope="0.00"/>
        <vehicle id="28" x="441.34" y="198.35" angle="90.00" type="DEFAULT_VEHTYPE" speed="13.26" pos="36.59" lane="2/1to3/1_0" slope="0.00"/>
        <vehicle id="29" x="398.35" y="203.14" angle="0.00" type="DEFAULT_VEHTYPE" speed="13.81" pos="1.61" lane=":2/1_1_0" slope="0.00"/>
        <vehicle id="3" x="745.58" y="598.35" angle="90.00" type="DEFAULT_VEHTYPE" speed="13.89" pos="140.83" lane="3/3to4/3_0" slope="0.00"/>
        <vehicle id="33" x="696.33" y="198.35" angle="90.00" type="DEFAULT_VEHTYPE" speed="13.60" pos="91.58" lane="3/1to4/1_0" slope="0.00"/>
        <vehicle id="37" x="401.65" y="720.45" angle="180.00" type="DEFAULT_VEHTYPE" speed="13.66" pos="115.70" lane="2/3to2/4_0" slope="0.00"/>
        <vehicle id="39" x="65.94" y="201.65" angle="-90.00" type="DEFAULT_VEHTYPE" speed="13.83" pos="129.31" lane="1/1to0/1_0" slope="0.00"/>
        <vehicle id="40" x="466.38" y="198.35" angle="90.00" type="DEFAULT_VEHTYPE" speed="12.92" pos="61.63" lane="2/1to3/1_0" slope="0.00"/>
        <vehicle id="42" x="398.35" y="342.71" angle="0.00" type="DEFAULT_VEHTYPE" speed="13.40" pos="52.54" lane="2/2to2/1_0" slope="0.00"/>
        <vehicle id="43" x="401.65" y="792.73" angle="180.00" type="DEFAULT_VEHTYPE" speed="13.71" pos="187.98" lane="2/3to2/4_0" slope="0.00"/>
        <vehicle id="44" x="623.34" y="601.65" angle="-90.00" type="DEFAULT_VEHTYPE" speed="10.80" pos="176.66" lane="4/3to3/3_0" slope="0.00"/>
        <vehicle id="48" x="647.52" y="198.35" angle="90.00" type="DEFAULT_VEHTYPE" speed="13.75" pos="42.77" lane="3/1to4/1_0" slope="0.00"/>
        <vehicle id="49" x="385.59" y="598.35" angle="90.00" type="DEFAULT_VEHTYPE" speed="6.21" pos="180.84" lane="1/3to2/3_0" slope="0.00"/>
        <vehicle id="5" x="398.35" y="628.04" angle="0.00" type="DEFAULT_VEHTYPE" speed="13.56" pos="171.96" lane="2/4to2/3_0" slope="0.00"/>
        <vehicle id="6" x="401.65" y="658.27" angle="180.00" type="DEFAULT_VEHTYPE" speed="13.88" pos="53.52" lane="2/3to2/4_0" slope="0.00"/>
        <vehicle id="7" x="398.35" y="302.43" angle="0.00" type="DEFAULT_VEHTYPE" speed="13.74" pos="92.82" lane="2/2to2/1_0" slope="0.00"/>
        <vehicle id="8" x="601.65" y="370.02" angle="180.00" type="DEFAULT_VEHTYPE" speed="13.03" pos="165.27" lane="3/1to3/2_0" slope="0.00"/>
        <vehicle id="9" x="285.40" y="198.35" angle="90.00" type="DEFAULT_VEHTYPE" speed="12.66" pos="80.65" lane="1/1to2/1_0" slope="0.00"/>
    </timestep>
    <timestep time="531.00">
        <vehicle id="0" x="771.52" y="601.65" angle="-90.00" type="DEFAULT_VEHTYPE" speed="13.02" pos="28.48" lane="4/3to3/3_0" slope="0.00"/>
        <vehicle id="10" x="401.65" y="87.95" angle="180.00" type="DEFAULT_VEHTYPE" speed="12.65" pos="87.95" lane="2/0to2/1_0" slope="0.00"/>
        <vehicle id="11" x="192.60" y="398.35" angle="90.00" type="DEFAULT_VEHTYPE" speed="0.21" pos="192.60" lane="0/2to1/2_0" slope="0.00"/>
        <vehicle id="15" x="537.48" y="198.35" angle="90.00" type="DEFAULT_VEHTYPE" speed="13.56" pos="132.73" lane="2/1to3/1_0" slope="0.00"/>
        <vehicle id="16" x="201.65" y="336.63" angle="180.00" type="DEFAULT_VEHTYPE" speed="13.89" pos="131.88" lane="1/1to1/2_0" slope="0.00"/>
        <vehicle id="17" x="201.65" y="403.51" angle="180.00" type="DEFAULT_VEHTYPE" speed="13.13" pos="8.26" lane=":1/2_9_0" slope="0.00"/>
        <vehicle id="18" x="680.13" y="598.35" angle="90.00" type="DEFAULT_VEHTYPE" speed="13.14" pos="75.38" lane="3/3to4/3_0" slope="0.00"/>
        <vehicle id="2" x="598.35" y="531.54" angle="0.00" type="DEFAULT_VEHTYPE" speed="13.84" pos="63.71" lane="3/3to3/2_0" slope="0.00"/>
        <vehicle id="24" x="398.35" y="416.35" angle="0.00" type="DEFAULT_VEHTYPE" speed="13.33" pos="178.90" lane="2/3to2/2_0" slope="0.00"/>
        <vehicle id="28" x="454.88" y="198.35" angle="90.00" type="DEFAULT_VEHTYPE" speed="13.54" pos="50.13" lane="2/1to3/1_0" slope="0.00"/>
        <vehicle id="29" x="398.35" y="189.37" angle="0.00" type="DEFAULT_VEHTYPE" speed="13.77" pos="5.88" lane="2/1to2/0_0" slope="0.00"/>
        <vehicle id="3" x="759.38" y="598.35" angle="90.00" type="DEFAULT_VEHTYPE" speed="13.80" pos="154.63" lane="3/3to4/3_0" slope="0.00"/>
        <vehicle id="33" x="709.32" y="198.35" angle="90.00" type="DEFAULT_VEHTYPE" speed="12.99" pos="104.57" lane="3/1to4/1_0" slope="0.00"/>
        <vehicle id="37" x="401.65" y="734.23" angle="180.00" type="DEFAULT_VEHTYPE" speed="13.78" pos="129.48" lane="2/3to2/4_0" slope="0.00"/>
        <vehicle id="39" x="52.42" y="201.65" angle="-90.00" type="DEFAULT_VEHTYPE" speed="13.51" pos="142.83" lane="1/1to0/1_0" slope="0.00"/>
        <vehicle id="40" x="480.15" y="198.35" angle="90.00" type="DEFAULT_VEHTYPE" speed="13.77" pos="75.40" lane="2/1to3/1_0" slope="0.00"/>
        <vehicle id="42" x="398.35" y="330.03" angle="0.00" type="DEFAULT_VEHTYPE" speed="12.68" pos="65.22" lane="2/2to2/1_0" slope="0.00"/>
        <vehicle id="43" x="398.35" y="799.28" angle="-68.79" type="DEFAULT_VEHTYPE" speed="12.80" pos="0.72" lane="2/4to2/3_0" slope="0.00"/>
        <vehicle id="44" x="615.42" y="601.65" angle="-90.00" type="DEFAULT_VEHTYPE" speed="7.92" pos="184.58" lane="4/3to3/3_0" slope="0.00"/>
        <vehicle id="48" x="661.17" y="198.35" angle="90.00" type="DEFAULT_VEHTYPE" speed="13.65" pos="56.42" lane="3/1to4/1_0" slope="0.00"/>
        <vehicle id="49" x="389.01" y="598.35" angle="90.00" type="DEFAULT_VEHTYPE" speed="3.42" pos="184.26" lane="1/3to2/3_0" slope="0.00"/>
        <vehicle id="5" x="398.35" y="614.31" angle="0.00" type="DEFAULT_VEHTYPE" speed="13.73" pos="185.69" lane="2/4to2/3_0" slope="0.00"/>
        <vehicle id="6" x="401.65" y="671.97" angle="180.00" type="DEFAULT_VEHTYPE" speed="13.70" pos="67.22" lane="2/3to2/4_0" slope="0.00"/>
        <vehicle id="7" x="398.35" y="289.44" angle="0.00" type="DEFAULT_VEHTYPE" speed="12.99" pos="105.81" lane="2/2to2/1_0" slope="0.00"/>
        <vehicle id="8" x="601.65" y="383.62" angle="180.00" type="DEFAULT_VEHTYPE" speed="13.60" pos="178.87" lane="3/1to3/2_0" slope="0.00"/>
        <vehicle id="9" x="298.99" y="198.35" angle="90.00" type="DEFAULT_VEHTYPE" speed="13.60" pos="94.24" lane="1/1to2/1_0" slope="0.00"/>
    </timestep>
    <timestep time="532.00">
        <vehicle id="0" x="758.90" y="601.65" angle="-90.00" type="DEFAULT_VEHTYPE" speed="12.62" pos="41.10" lane="4/3to3/3_0" slope="0.00"/>
        <vehicle id="10" x="401.65" y="100.72" angle="180.00" type="DEFAULT_VEHTYPE" speed="12.77" pos="100.72" lane="2/0to2/1_0" slope="0.00"/>
        <vehicle id="11" x="192.71" y="398.35" angle="90.00" type="DEFAULT_VEHTYPE" speed="0.11" pos="192.71" lane="0/2to1/2_0" slope="0.00"/>
        <vehicle id="15" x="550.15" y="198.35" angle="90.00" type="DEFAULT_VEHTYPE" speed="12.67" pos="145.40" lane="2/1to3/1_0" slope="0.00"/>
        <vehicle id="16" x="201.65" y="349.77" angle="180.00" type="DEFAULT_VEHTYPE" speed="13.14" pos="145.02" lane="1/1to1/2_0" slope="0.00"/>
        <vehicle id="17" x="201.65" y="416.37" angle="180.00" type="DEFAULT_VEHTYPE" speed="12.87" pos="11.62" lane="1/2to1/3_0" slope="0.00"/>
        <vehicle id="18" x="693.57" y="598.35" angle="90.00" type="DEFAULT_VEHTYPE" speed="13.44" pos="88.82" lane="3/3to4/3_0" slope="0.00"/>
        <vehicle id="2" x="598.35" y="517.79" angle="0.00" type="DEFAULT_VEHTYPE" speed="13.75" pos="77.46" lane="3/3to3/2_0" slope="0.00"/>
        <vehicle id="24" x="398.35" y="403.72" angle="0.00" type="DEFAULT_VEHTYPE" speed="12.63" pos="1.03" lane=":2/2_1_0" slope="0.00"/>
        <vehicle id="28" x="468.12" y="198.35" angle="90.00" type="DEFAULT_VEHTYPE" speed="13.25" pos="63.37" lane="2/1to3/1_0" slope="0.00"/>
        <vehicle id="29" x="398.35" y="176.71" angle="0.00" type="DEFAULT_VEHTYPE" speed="12.66" pos="18.54" lane="2/1to2/0_0" slope="0.00"/>
        <vehicle id="3" x="772.07" y="598.35" angle="90.00" type="DEFAULT_VEHTYPE" speed="12.70" pos="167.32" lane="3/3to4/3_0" slope="0.00"/>
        <vehicle id="33" x="723.20" y="198.35" angle="90.00" type="DEFAULT_VEHTYPE" speed="13.87" pos="118.45" lane="3/1to4/1_0" slope="0.00"/>
        <vehicle id="37" x="401.65" y="747.11" angle="180.00" type="DEFAULT_VEHTYPE" speed="12.88" pos="142.36" lane="2/3to2/4_0" slope="0.00"/>
        <vehicle id="39" x="39.70" y="201.65" angle="-90.00" type="DEFAULT_VEHTYPE" speed="12.72" pos="155.55" lane="1/1to0/1_0" slope="0.00"/>
        <vehicle id="40" x="493.23" y="198.35" angle="90.00" type="DEFAULT_VEHTYPE" speed="13.08" pos="88.48" lane="2/1to3/1_0" slope="0.00"/>
        <vehicle id="42" x="398.35" y="317.42" angle="0.00" type="DEFAULT_VEHTYPE" speed="12.61" pos="77.83" lane="2/2to2/1_0" slope="0.00"/>
        <vehicle id="43" x="398.35" y="785.64" angle="0.00" type="DEFAULT_VEHTYPE" speed="13.64" pos="14.36" lane="2/4to2/3_0" slope="0.00"/>
        <vehicle id="44" x="611.34" y="601.65" angle="-90.00" type="DEFAULT_VEHTYPE" speed="4.08" pos="188.66" lane="4/3to3/3_0" slope="0.00"/>
        <vehicle id="48" x="673.85" y="198.35" angle="90.00" type="DEFAULT_VEHTYPE" speed="12.68" pos="69.10" lane="3/1to4/1_0" slope="0.00"/>
        <vehicle id="49" x="391.02" y="598.35" angle="90.00" type="DEFAULT_VEHTYPE" speed="2.02" pos="186.27" lane="1/3to2/3_0" slope="0.00"/>
        <vehicle id="5" x="398.35" y="601.41" angle="0.00" type="DEFAULT_VEHTYPE" speed="12.89" pos="3.34" lane=":2/3_1_0" slope="0.00"/>
        <vehicle id="6" x="401.65" y="685.48" angle="180.00" type="DEFAULT_VEHTYPE" speed="13.51" pos="80.73" lane="2/3to2/4_0" slope="0.00"/>
        <vehicle id="7" x="398.35" y="275.83" angle="0.00" type="DEFAULT_VEHTYPE" speed="13.61" pos="119.42" lane="2/2to2/1_0" slope="0.00"/>
        <vehicle id="8" x="601.65" y="396.24" angle="180.00" type="DEFAULT_VEHTYPE" speed="12.61" pos="0.99" lane=":3/2_9_0" slope="0.00"/>
        <vehicle id="9" x="312.53" y="198.35" angle="90.00" type="DEFAULT_VEHTYPE" speed="13.53" pos="107.78" lane="1/1to2/1_0" slope="0.00"/>
    </timestep>
    <timestep time="533.00">
        <vehicle id="0" x="745.56" y="601.65" angle="-90.00" type="DEFAULT_VEHTYPE" speed="13.34" pos="54.44" lane="4/3to3/3_0" slope="0.00"/>
        <vehicle id="10" x="401.65" y="114.29" angle="180.00" type="DEFAULT_VEHTYPE" speed="13.57" pos="114.29" lane="2/0to2/1_0" slope="0.00"/>
        <vehicle id="11" x="192.75" y="398.35" angle="90.00" type="DEFAULT_VEHTYPE" speed="0.03" pos="192.75" lane="0/2to1/2_0" slope="0.00"/>
        <vehicle id="15" x="563.98" y="198.35" angle="90.00" type="DEFAULT_VEHTYPE" speed="13.83" pos="159.23" lane="2/1to3/1_0" slope="0.00"/>
        <vehicle id="16" x="201.65" y="363.53" angle="180.00" type="DEFAULT_VEHTYPE" speed="13.76" pos="158.78" lane="1/1to1/2_0" slope="0.00"/>
        <vehicle id="17" x="201.65" y="429.88" angle="180.00" type="DEFAULT_VEHTYPE" speed="13.51" pos="25.13" lane="1/2to1/3_0" slope="0.00"/>
        <vehicle id="18" x="706.39" y="598.35" angle="90.00" type="DEFAULT_VEHTYPE" speed="12.82" pos="101.64" lane="3/3to4/3_0" slope="0.00"/>
        <vehicle id="2" x="598.35" y="504.88" angle="0.00" type="DEFAULT_VEHTYPE" speed="12.91" pos="90.37" lane="3/3to3/2_0" slope="0.00"/>
        <vehicle id="24" x="398.35" y="390.68" angle="0.00" type="DEFAULT_VEHTYPE" speed="13.04" pos="4.57" lane="2/2to2/1_0" slope="0.00"/>
        <vehicle id="28" x="480.81" y="198.35" angle="90.00" type="DEFAULT_VEHTYPE" speed="12.69" pos="76.06" lane="2/1to3/1_0" slope="0.00"/>
        <vehicle id="29" x="398.35" y="162.83" angle="0.00" type="DEFAULT_VEHTYPE" speed="13.88" pos="32.42" lane="2/1to2/0_0" slope="0.00"/>
        <vehicle id="3" x="785.97" y="598.35" angle="90.00" type="DEFAULT_VEHTYPE" speed="13.90" pos="181.22" lane="3/3to4/3_0" slope="0.00"/>
        <vehicle id="33" x="736.15" y="198.35" angle="90.00" type="DEFAULT_VEHTYPE" speed="12.95" pos="131.40" lane="3/1to4/1_0" slope="0.00"/>
        <vehicle id="37" x="401.65" y="760.49" angle="180.00" type="DEFAULT_VEHTYPE" speed="13.38" pos="155.74" lane="2/3to2/4_0" slope="0.00"/>
        <vehicle id="39" x="26.72" y="201.65" angle="-90.00" type="DEFAULT_VEHTYPE" speed="12.98" pos="168.53" lane="1/1to0/1_0" slope="0.00"/>
        <vehicle id="40" x="506.83" y="198.35" angle="90.00" type="DEFAULT_VEHTYPE" speed="13.60" pos="102.08" lane="2/1to3/1_0" slope="0.00"/>
        <vehicle id="42" x="398.35" y="303.59" angle="0.00" type="DEFAULT_VEHTYPE" speed="13.83" pos="91.66" lane="2/2to2/1_0" slope="0.00"/>
        <vehicle id="43" x="398.35" y="772.99" angle="0.00" type="DEFAULT_VEHTYPE" speed="12.65" pos="27.01" lane="2/4to2/3_0" slope="0.00"/>
        <vehicle id="44" x="605.20" y="601.65" angle="-90.00" type="DEFAULT_VEHTYPE" speed="6.14" pos="194.80" lane="4/3to3/3_0" slope="0.00"/>
        <vehicle id="48" x="686.75" y="198.35" angle="90.00" type="DEFAULT_VEHTYPE" speed="12.90" pos="82.00" lane="3/1to4/1_0" slope="0.00"/>
        <vehicle id="49" x="391.92" y="598.35" angle="90.00" type="DEFAULT_VEHTYPE" speed="0.90" pos="187.17" lane="1/3to2/3_0" slope="0.00"/>
        <vehicle id="5" x="398.35" y="588.76" angle="0.00" type="DEFAULT_VEHTYPE" speed="12.65" pos="6.49" lane="2/3to2/2_0" slope="0.00"/>
        <vehicle id="6" x="401.65" y="699.24" angle="180.00" type="DEFAULT_VEHTYPE" speed="13.77" pos="94.49" lane="2/3to2/4_0" slope="0.00"/>
        <vehicle id="7" x="398.35" y="262.75" angle="0.00" type="DEFAULT_VEHTYPE" speed="13.08" pos="132.50" lane="2/2to2/1_0" slope="0.00"/>
        <vehicle id="8" x="601.65" y="409.13" angle="180.00" type="DEFAULT_VEHTYPE" speed="12.90" pos="4.38" lane="3/2to3/3_0" slope="0.00"/>
        <vehicle id="9" x="325.72" y="198.35" angle="90.00" type="DEFAULT_VEHTYPE" speed="13.20" pos="120.97" lane="1/1to2/1_0" slope="0.00"/>
    </timestep>
    <timestep time="534.00">
        <vehicle id="0" x="731.71" y="601.65" angle="-90.00" type="DEFAULT_VEHTYPE" speed="13.85" pos="68.29" lane="4/3to3/3_0" slope="0.00"/>
        <vehicle id="10" x="401.65" y="127.43" angle="180.00" type="DEFAULT_VEHTYPE" speed="13.14" pos="127.43" lane="2/0to2/1_0" slope="0.00"/>
        <vehicle id="11" x="192.75" y="398.35" angle="90.00" type="DEFAULT_VEHTYPE" speed="0.00" pos="192.75" lane="0/2to1/2_0" slope="0.00"/>
        <vehicle id="15" x="575.73" y="198.35" angle="90.00" type="DEFAULT_VEHTYPE" speed="11.75" pos="170.98" lane="2/1to3/1_0" slope="0.00"/>
        <vehicle id="16" x="201.65" y="377.07" angle="180.00" type="DEFAULT_VEHTYPE" speed="13.54" pos="172.32" lane="1/1to1/2_0" slope="0.00"/>
        <vehicle id="17" x="201.65" y="442.79" angle="180.00" type="DEFAULT_VEHTYPE" speed="12.90" pos="38.04" lane="1/2to1/3_0" slope="0.00"/>
        <vehicle id="18" x="719.74" y="598.35" angle="90.00" type="DEFAULT_VEHTYPE" speed="13.36" pos="114.99" lane="3/3to4/3_0" slope="0.00"/>
        <vehicle id="2" x="598.35" y="492.09" angle="0.00" type="DEFAULT_VEHTYPE" speed="12.79" pos="103.16" lane="3/3to3/2_0" slope="0.00"/>
        <vehicle id="24" x="398.35" y="377.25" angle="0.00" type="DEFAULT_VEHTYPE" speed="13.43" pos="18.00" lane="2/2to2/1_0" slope="0.00"/>
        <vehicle id="28" x="494.03" y="198.35" angle="90.00" type="DEFAULT_VEHTYPE" speed="13.21" pos="89.28" lane="2/1to3/1_0" slope="0.00"/>
        <vehicle id="29" x="398.35" y="150.10" angle="0.00" type="DEFAULT_VEHTYPE" speed="12.73" pos="45.15" lane="2/1to2/0_0" slope="0.00"/>
        <vehicle id="3" x="799.25" y="598.35" angle="90.00" type="DEFAULT_VEHTYPE" speed="13.27" pos="194.50" lane="3/3to4/3_0" slope="0.00"/>
        <vehicle id="33" x="749.11" y="198.35" angle="90.00" type="DEFAULT_VEHTYPE" speed="12.97" pos="144.36" lane="3/1to4/1_0" slope="0.00"/>
        <vehicle id="37" x="401.65" y="774.36" angle="180.00" type="DEFAULT_VEHTYPE" speed="13.88" pos="169.61" lane="2/3to2/4_0" slope="0.00"/>
        <vehicle id="39" x="13.46" y="201.65" angle="-90.00" type="DEFAULT_VEHTYPE" speed="13.26" pos="181.79" lane="1/1to0/1_0" slope="0.00"/>
        <vehicle id="40" x="520.00" y="198.35" angle="90.00" type="DEFAULT_VEHTYPE" speed="13.17" pos="115.25" lane="2/1to3/1_0" slope="0.00"/>
        <vehicle id="42" x="398.35" y="290.01" angle="0.00" type="DEFAULT_VEHTYPE" speed="13.58" pos="105.24" lane="2/2to2/1_0" slope="0.00"/>
        <vehicle id="43" x="398.35" y="760.12" angle="0.00" type="DEFAULT_VEHTYPE" speed="12.88" pos="39.88" lane="2/4to2/3_0" slope="0.00"/>
        <vehicle id="44" x="598.70" y="597.70" angle="-42.40" type="DEFAULT_VEHTYPE" speed="8.29" pos="7.85" lane=":3/3_6_0" slope="0.00"/>
        <vehicle id="48" x="699.88" y="198.35" angle="90.00" type="DEFAULT_VEHTYPE" speed="13.13" pos="95.13" lane="3/1to4/1_0" slope="0.00"/>
        <vehicle id="49" x="395.16" y="598.35" angle="90.00" type="DEFAULT_VEHTYPE" speed="3.24" pos="190.41" lane="1/3to2/3_0" slope="0.00"/>
        <vehicle id="5" x="398.35" y="575.28" angle="0.00" type="DEFAULT_VEHTYPE" speed="13.48" pos="19.97" lane="2/3to2/2_0" slope="0.00"/>
        <vehicle id="6" x="401.65" y="712.48" angle="180.00" type="DEFAULT_VEHTYPE" speed="13.23" pos="107.73" lane="2/3to2/4_0" slope="0.00"/>
        <vehicle id="7" x="398.35" y="248.86" angle="0.00" type="DEFAULT_VEHTYPE" speed="13.89" pos="146.39" lane="2/2to2/1_0" slope="0.00"/>
        <vehicle id="8" x="601.65" y="423.01" angle="180.00" type="DEFAULT_VEHTYPE" speed="13.88" pos="18.26" lane="3/2to3/3_0" slope="0.00"/>
        <vehicle id="9" x="339.19" y="198.35" angle="90.00" type="DEFAULT_VEHTYPE" speed="13.46" pos="134.44" lane="1/1to2/1_0" slope="0.00"/>
    </timestep>
    <timestep time="535.00">
        <vehicle id="0" x="717.97" y="601.65" angle="-90.00" type="DEFAULT_VEHTYPE" speed="13.74" pos="82.03" lane="4/3to3/3_0" slope="0.00"/>
        <vehicle id="10" x="401.65" y="140.78" angle="180.00" type="DEFAULT_VEHTYPE" speed="13.35" pos="140.78" lane="2/0to2/1_0" slope="0.00"/>
        <vehicle id="11" x="192.75" y="398.35" angle="90.00" type="DEFAULT_VEHTYPE" speed="0.00" pos="192.75" lane="0/2to1/2_0" slope="0.00"/>
        <vehicle id="15" x="583.84" y="198.35" angle="90.00" type="DEFAULT_VEHTYPE" speed="8.11" pos="179.09" lane="2/1to3/1_0" slope="0.00"/>
        <vehicle id="16" x="201.65" y="390.89" angle="180.00" type="DEFAULT_VEHTYPE" speed="13.81" pos="186.14" lane="1/1to1/2_0" slope="0.00"/>
        <vehicle id="17" x="201.65" y="455.94" angle="180.00" type="DEFAULT_VEHTYPE" speed="13.15" pos="51.19" lane="1/2to1/3_0" slope="0.00"/>
        <vehicle id="18" x="733.51" y="598.35" angle="90.00" type="DEFAULT_VEHTYPE" speed="13.77" pos="128.76" lane="3/3to4/3_0" slope="0.00"/>
        <vehicle id="2" x="598.35" y="479.32" angle="0.00" type="DEFAULT_VEHTYPE" speed="12.77" pos="115.93" lane="3/3to3/2_0" slope="0.00"/>
        <vehicle id="24" x="398.35" y="364.40" angle="0.00" type="DEFAULT_VEHTYPE" speed="12.86" pos="30.85" lane="2/2to2/1_0" slope="0.00"/>
        <vehicle id="28" x="507.25" y="198.35" angle="90.00" type="DEFAULT_VEHTYPE" speed="13.22" pos="102.50" lane="2/1to3/1_0" slope="0.00"/>
        <vehicle id="29" x="398.35" y="136.98" angle="0.00" type="DEFAULT_VEHTYPE" speed="13.12" pos="58.27" lane="2/1to2/0_0" slope="0.00"/>
        <vehicle id="3" x="792.19" y="601.65" angle="-90.00" type="DEFAULT_VEHTYPE" speed="13.38" pos="7.81" lane="4/3to3/3_0" slope="0.00"/>
        <vehicle id="33" x="762.39" y="198.35" angle="90.00" type="DEFAULT_VEHTYPE" speed="13.27" pos="157.64" lane="3/1to4/1_0" slope="0.00"/>
        <vehicle id="37" x="401.65" y="787.28" angle="180.00" type="DEFAULT_VEHTYPE" speed="12.92" pos="182.53" lane="2/3to2/4_0" slope="0.00"/>
        <vehicle id="39" x="0.74" y="201.65" angle="-90.00" type="DEFAULT_VEHTYPE" speed="12.73" pos="194.51" lane="1/1to0/1_0" slope="0.00"/>
        <vehicle id="40" x="533.10" y="198.35" angle="90.00" type="DEFAULT_VEHTYPE" speed="13.09" pos="128.35" lane="2/1to3/1_0" slope="0.00"/>
        <vehicle id="42" x="398.35" y="276.84" angle="0.00" type="DEFAULT_VEHTYPE" speed="13.18" pos="118.41" lane="2/2to2/1_0" slope="0.00"/>
        <vehicle id="43" x="398.35" y="747.37" angle="0.00" type="DEFAULT_VEHTYPE" speed="12.75" pos="52.63" lane="2/4to2/3_0" slope="0.00"/>
        <vehicle id="44" x="598.35" y="587.96" angle="0.00" type="DEFAULT_VEHTYPE" speed="9.76" pos="7.29" lane="3/3to3/2_0" slope="0.00"/>
        <vehicle id="48" x="713.56" y="198.35" angle="90.00" type="DEFAULT_VEHTYPE" speed="13.68" pos="108.81" lane="3/1to4/1_0" slope="0.00"/>
        <vehicle id="49" x="399.78" y="599.79" angle="107.08" type="DEFAULT_VEHTYPE" speed="4.94" pos="4.85" lane=":2/3_14_0" slope="0.00"/>
        <vehicle id="5" x="398.35" y="561.38" angle="0.00" type="DEFAULT_VEHTYPE" speed="13.90" pos="33.87" lane="2/3to2/2_0" slope="0.00"/>
        <vehicle id="6" x="401.65" y="726.10" angle="180.00" type="DEFAULT_VEHTYPE" speed="13.63" pos="121.35" lane="2/3to2/4_0" slope="0.00"/>
        <vehicle id="7" x="398.35" y="235.46" angle="0.00" type="DEFAULT_VEHTYPE" speed="13.41" pos="159.79" lane="2/2to2/1_0" slope="0.00"/>
        <vehicle id="8" x="601.65" y="436.65" angle="180.00" type="DEFAULT_VEHTYPE" speed="13.64" pos="31.90" lane="3/2to3/3_0" slope="0.00"/>
        <vehicle id="9" x="352.99" y="198.35" angle="90.00" type="DEFAULT_VEHTYPE" speed="13.80" pos="148.24" lane="1/1to2/1_0" slope="0.00"/>
    </timestep>
    <timestep time="536.00">
        <vehicle id="0" x="705.23" y="601.65" angle="-90.00" type="DEFAULT_VEHTYPE" speed="12.74" pos="94.77" lane="4/3to3/3_0" slope="0.00"/>
        <vehicle id="10" x="401.65" y="154.38" angle="180.00" type="DEFAULT_VEHTYPE" speed="13.60" pos="154.38" lane="2/0to2/1_0" slope="0.00"/>
        <vehicle id="11" x="192.75" y="398.35" angle="90.00" type="DEFAULT_VEHTYPE" speed="0.00" pos="192.75" lane="0/2to1/2_0" slope="0.00"/>
        <vehicle id="15" x="589.23" y="198.35" angle="90.00" type="DEFAULT_VEHTYPE" speed="5.38" pos="184.48" lane="2/1to3/1_0" slope="0.00"/>
        <vehicle id="16" x="201.65" y="403.80" angle="180.00" type="DEFAULT_VEHTYPE" speed="12.92" pos="8.55" lane=":1/2_9_0" slope="0.00"/>
        <vehicle id="17" x="201.65" y="469.79" angle="180.00" type="DEFAULT_VEHTYPE" speed="13.85" pos="65.04" lane="1/2to1/3_0" slope="0.00"/>
        <vehicle id="18" x="747.27" y="598.35" angle="90.00" type="DEFAULT_VEHTYPE" speed="13.76" pos="142.52" lane="3/3to4/3_0" slope="0.00"/>
        <vehicle id="2" x="598.35" y="465.85" angle="0.00" type="DEFAULT_VEHTYPE" speed="13.48" pos="129.40" lane="3/3to3/2_0" slope="0.00"/>
        <vehicle id="24" x="398.35" y="351.32" angle="0.00" type="DEFAULT_VEHTYPE" speed="13.07" pos="43.93" lane="2/2to2/1_0" slope="0.00"/>
        <vehicle id="28" x="520.03" y="198.35" angle="90.00" type="DEFAULT_VEHTYPE" speed="12.78" pos="115.28" lane="2/1to3/1_0" slope="0.00"/>
        <vehicle id="29" x="398.35" y="123.91" angle="0.00" type="DEFAULT_VEHTYPE" speed="13.07" pos="71.34" lane="2/1to2/0_0" slope="0.00"/>
        <vehicle id="3" x="779.18" y="601.65" angle="-90.00" type="DEFAULT_VEHTYPE" speed="13.01" pos="20.82" lane="4/3to3/3_0" slope="0.00"/>
        <vehicle id="33" x="775.62" y="198.35" angle="90.00" type="DEFAULT_VEHTYPE" speed="13.23" pos="170.87" lane="3/1to4/1_0" slope="0.00"/>
        <vehicle id="37" x="401.29" y="800.55" angle="-175.76" type="DEFAULT_VEHTYPE" speed="13.38" pos="0.66" lane=":2/4_0_0" slope="0.00"/>
        <vehicle id="39" x="8.00" y="198.35" angle="90.00" type="DEFAULT_VEHTYPE" speed="13.55" pos="8.00" lane="0/1to1/1_0" slope="0.00"/>
        <vehicle id="40" x="546.85" y="198.35" angle="90.00" type="DEFAULT_VEHTYPE" speed="13.75" pos="142.10" lane="2/1to3/1_0" slope="0.00"/>
        <vehicle id="42" x="398.35" y="264.11" angle="0.00" type="DEFAULT_VEHTYPE" speed="12.73" pos="131.14" lane="2/2to2/1_0" slope="0.00"/>
        <vehicle id="43" x="398.35" y="734.47" angle="0.00" type="DEFAULT_VEHTYPE" speed="12.89" pos="65.53" lane="2/4to2/3_0" slope="0.00"/>
        <vehicle id="44" x="598.35" y="575.76" angle="0.00" type="DEFAULT_VEHTYPE" speed="12.20" pos="19.49" lane="3/3to3/2_0" slope="0.00"/>
        <vehicle id="48" x="726.59" y="198.35" angle="90.00" type="DEFAULT_VEHTYPE" speed="13.04" pos="121.84" lane="3/1to4/1_0" slope="0.00"/>
        <vehicle id="49" x="401.65" y="605.54" angle="166.88" type="DEFAULT_VEHTYPE" speed="6.26" pos="0.79" lane="2/3to2/4_0" slope="0.00"/>
        <vehicle id="5" x="398.35" y="547.51" angle="0.00" type="DEFAULT_VEHTYPE" speed="13.87" pos="47.74" lane="2/3to2/2_0" slope="0.00"/>
        <vehicle id="6" x="401.65" y="739.93" angle="180.00" type="DEFAULT_VEHTYPE" speed="13.83" pos="135.18" lane="2/3to2/4_0" slope="0.00"/>
        <vehicle id="7" x="398.35" y="222.66" angle="0.00" type="DEFAULT_VEHTYPE" speed="12.80" pos="172.59" lane="2/2to2/1_0" slope="0.00"/>
        <vehicle id="8" x="601.65" y="450.08" angle="180.00" type="DEFAULT_VEHTYPE" speed="13.44" pos="45.33" lane="3/2to3/3_0" slope="0.00"/>
        <vehicle id="9" x="366.01" y="198.35" angle="90.00" type="DEFAULT_VEHTYPE" speed="13.02" pos="161.26" lane="1/1to2/1_0" slope="0.00"/>
    </timestep>
    <timestep time="537.00">
        <vehicle id="0" x="692.55" y="601.65" angle="-90.00" type="DEFAULT_VEHTYPE" speed="12.68" pos="107.45" lane="4/3to3/3_0" slope="0.00"/>
        <vehicle id="10" x="401.65" y="168.07" angle="180.00" type="DEFAULT_VEHTYPE" speed="13.69" pos="168.07" lane="2/0to2/1_0" slope="0.00"/>
        <vehicle id="11" x="192.75" y="398.35" angle="90.00" type="DEFAULT_VEHTYPE" speed="0.00" pos="192.75" lane="0/2to1/2_0" slope="0.00"/>
        <vehicle id="15" x="596.07" y="198.47" angle="91.34" type="DEFAULT_VEHTYPE" speed="6.85" pos="0.83" lane=":3/1_14_0" slope="0.00"/>
        <vehicle id="16" x="201.65" y="417.61" angle="180.00" type="DEFAULT_VEHTYPE" speed="13.80" pos="12.86" lane="1/2to1/3_0" slope="0.00"/>
        <vehicle id="17" x="201.65" y="483.17" angle="180.00" type="DEFAULT_VEHTYPE" speed="13.38" pos="78.42" lane="1/2to1/3_0" slope="0.00"/>
        <vehicle id="18" x="759.96" y="598.35" angle="90.00" type="DEFAULT_VEHTYPE" speed="12.69" pos="155.21" lane="3/3to4/3_0" slope="0.00"/>
        <vehicle id="2" x="598.35" y="453.23" angle="0.00" type="DEFAULT_VEHTYPE" speed="12.61" pos="142.02" lane="3/3to3/2_0" slope="0.00"/>
        <vehicle id="24" x="398.35" y="337.50" angle="0.00" type="DEFAULT_VEHTYPE" speed="13.82" pos="57.75" lane="2/2to2/1_0" slope="0.00"/>
        <vehicle id="28" x="533.72" y="198.35" angle="90.00" type="DEFAULT_VEHTYPE" speed="13.69" pos="128.97" lane="2/1to3/1_0" slope="0.00"/>
        <vehicle id="29" x="398.35" y="110.02" angle="0.00" type="DEFAULT_VEHTYPE" speed="13.89" pos="85.23" lane="2/1to2/0_0" slope="0.00"/>
        <vehicle id="3" x="765.36" y="601.65" angle="-90.00" type="DEFAULT_VEHTYPE" speed="13.82" pos="34.64" lane="4/3to3/3_0" slope="0.00"/>
        <vehicle id="33" x="789.33" y="198.35" angle="90.00" type="DEFAULT_VEHTYPE" speed="13.71" pos="184.58" lane="3/1to4/1_0" slope="0.00"/>
        <vehicle id="37" x="398.35" y="791.31" angle="0.00" type="DEFAULT_VEHTYPE" speed="12.86" pos="8.69" lane="2/4to2/3_0" slope="0.00"/>
        <vehicle id="39" x="20.63" y="198.35" angle="90.00" type="DEFAULT_VEHTYPE" speed="12.63" pos="20.63" lane="0/1to1/1_0" slope="0.00"/>
        <vehicle id="40" x="560.40" y="198.35" angle="90.00" type="DEFAULT_VEHTYPE" speed="13.55" pos="155.65" lane="2/1to3/1_0" slope="0.00"/>
        <vehicle id="42" x="398.35" y="250.92" angle="0.00" type="DEFAULT_VEHTYPE" speed="13.19" pos="144.33" lane="2/2to2/1_0" slope="0.00"/>
        <vehicle id="43" x="398.35" y="720.97" angle="0.00" type="DEFAULT_VEHTYPE" speed="13.50" pos="79.03" lane="2/4to2/3_0" slope="0.00"/>
        <vehicle id="44" x="598.35" y="561.89" angle="0.00" type="DEFAULT_VEHTYPE" speed="13.87" pos="33.36" lane="3/3to3/2_0" slope="0.00"/>
        <vehicle id="48" x="739.42" y="198.35" angle="90.00" type="DEFAULT_VEHTYPE" speed="12.83" pos="134.67" lane="3/1to4/1_0" slope="0.00"/>
        <vehicle id="49" x="401.65" y="613.18" angle="180.00" type="DEFAULT_VEHTYPE" speed="7.64" pos="8.43" lane="2/3to2/4_0" slope="0.00"/>
        <vehicle id="5" x="398.35" y="534.72" angle="0.00" type="DEFAULT_VEHTYPE" speed="12.80" pos="60.53" lane="2/3to2/2_0" slope="0.00"/>
        <vehicle id="6" x="401.65" y="752.85" angle="180.00" type="DEFAULT_VEHTYPE" speed="12.91" pos="148.10" lane="2/3to2/4_0" slope="0.00"/>
        <vehicle id="7" x="398.35" y="209.67" angle="0.00" type="DEFAULT_VEHTYPE" speed="12.99" pos="185.58" lane="2/2to2/1_0" slope="0.00"/>
        <vehicle id="8" x="601.65" y="463.08" angle="180.00" type="DEFAULT_VEHTYPE" speed="12.99" pos="58.33" lane="3/2to3/3_0" slope="0.00"/>
        <vehicle id="9" x="377.57" y="198.35" angle="90.00" type="DEFAULT_VEHTYPE" speed="11.56" pos="172.82" lane="1/1to2/1_0" slope="0.00"/>
    </timestep>
    <timestep time="538.00">
        <vehicle id="0" x="679.57" y="601.65" angle="-90.00" type="DEFAULT_VEHTYPE" speed="12.98" pos="120.43" lane="4/3to3/3_0" slope="0.00"/>
        <vehicle id="10" x="401.65" y="181.91" angle="180.00" type="DEFAULT_VEHTYPE" speed="13.84" pos="181.91" lane="2/0to2/1_0" slope="0.00"/>
        <vehicle id="11" x="194.42" y="398.35" angle="90.00" type="DEFAULT_VEHTYPE" speed="1.67" pos="194.42" lane="0/2to1/2_0" slope="0.00"/>
        <vehicle id="15" x="601.50" y="203.70" angle="152.14" type="DEFAULT_VEHTYPE" speed="8.43" pos="9.26" lane=":3/1_14_0" slope="0.00"/>
        <vehicle id="16" x="201.65" y="430.29" angle="180.00" type="DEFAULT_VEHTYPE" speed="12.68" pos="25.54" lane="1/2to1/3_0" slope="0.00"/>
        <vehicle id="17" x="201.65" y="496.29" angle="180.00" type="DEFAULT_VEHTYPE" speed="13.12" pos="91.54" lane="1/2to1/3_0" slope="0.00"/>
        <vehicle id="18" x="772.88" y="598.35" angle="90.00" type="DEFAULT_VEHTYPE" speed="12.92" pos="168.13" lane="3/3to4/3_0" slope="0.00"/>
        <vehicle id="2" x="598.35" y="440.33" angle="0.00" type="DEFAULT_VEHTYPE" speed="12.90" pos="154.92" lane="3/3to3/2_0" slope="0.00"/>
        <vehicle id="24" x="398.35" y="324.65" angle="0.00" type="DEFAULT_VEHTYPE" speed="12.85" pos="70.60" lane="2/2to2/1_0" slope="0.00"/>
        <vehicle id="28" x="546.86" y="198.35" angle="90.00" type="DEFAULT_VEHTYPE" speed="13.14" pos="142.11" lane="2/1to3/1_0" slope="0.00"/>
        <vehicle id="29" x="398.35" y="96.29" angle="0.00" type="DEFAULT_VEHTYPE" speed="13.73" pos="98.96" lane="2/1to2/0_0" slope="0.00"/>
        <vehicle id="3" x="751.96" y="601.65" angle="-90.00" type="DEFAULT_VEHTYPE" speed="13.40" pos="48.04" lane="4/3to3/3_0" slope="0.00"/>
        <vehicle id="33" x="801.32" y="200.66" angle="126.03" type="DEFAULT_VEHTYPE" speed="13.82" pos="3.15" lane=":4/1_0_0" slope="0.00"/>
        <vehicle id="37" x="398.35" y="778.49" angle="0.00" type="DEFAULT_VEHTYPE" speed="12.82" pos="21.51" lane="2/4to2/3_0" slope="0.00"/>
        <vehicle id="39" x="33.43" y="198.35" angle="90.00" type="DEFAULT_VEHTYPE" speed="12.80" pos="33.43" lane="0/1to1/1_0" slope="0.00"/>
        <vehicle id="40" x="572.34" y="198.35" angle="90.00" type="DEFAULT_VEHTYPE" speed="11.95" pos="167.59" lane="2/1to3/1_0" slope="0.00"/>
        <vehicle id="42" x="398.35" y="237.35" angle="0.00" type="DEFAULT_VEHTYPE" speed="13.57" pos="157.90" lane="2/2to2/1_0" slope="0.00"/>
        <vehicle id="43" x="398.35" y="707.88" angle="0.00" type="DEFAULT_VEHTYPE" speed="13.09" pos="92.12" lane="2/4to2/3_0" slope="0.00"/>
        <vehicle id="44" x="598.35" y="548.23" angle="0.00" type="DEFAULT_VEHTYPE" speed="13.67" pos="47.02" lane="3/3to3/2_0" slope="0.00"/>
        <vehicle id="48" x="752.71" y="198.35" angle="90.00" type="DEFAULT_VEHTYPE" speed="13.29" pos="147.96" lane="3/1to4/1_0" slope="0.00"/>
        <vehicle id="49" x="401.65" y="622.39" angle="180.00" type="DEFAULT_VEHTYPE" speed="9.21" pos="17.64" lane="2/3to2/4_0" slope="0.00"/>
        <vehicle id="5" x="398.35" y="522.08" angle="0.00" type="DEFAULT_VEHTYPE" speed="12.63" pos="73.17" lane="2/3to2/2_0" slope="0.00"/>
        <vehicle id="6" x="401.65" y="765.74" angle="180.00" type="DEFAULT_VEHTYPE" speed="12.89" pos="160.99" lane="2/3to2/4_0" slope="0.00"/>
        <vehicle id="7" x="391.77" y="201.65" angle="-86.92" type="DEFAULT_VEHTYPE" speed="13.40" pos="3.48" lane="2/1to1/1_0" slope="0.00"/>
        <vehicle id="8" x="601.65" y="475.90" angle="180.00" type="DEFAULT_VEHTYPE" speed="12.82" pos="71.15" lane="3/2to3/3_0" slope="0.00"/>
        <vehicle id="9" x="385.59" y="198.35" angle="90.00" type="DEFAULT_VEHTYPE" speed="8.02" pos="180.84" lane="1/1to2/1_0" slope="0.00"/>
    </timestep>
    <timestep time="539.00">
        <vehicle id="0" x="666.03" y="601.65" angle="-90.00" type="DEFAULT_VEHTYPE" speed="13.54" pos="133.97" lane="4/3to3/3_0" slope="0.00"/>
        <vehicle id="10" x="401.65" y="194.63" angle="180.00" type="DEFAULT_VEHTYPE" speed="12.72" pos="194.63" lane="2/0to2/1_0" slope="0.00"/>
        <vehicle id="11" x="197.40" y="398.66" angle="93.52" type="DEFAULT_VEHTYPE" speed="3.00" pos="2.17" lane=":1/2_14_0" slope="0.00"/>
        <vehicle id="15" x="601.65" y="214.47" angle="180.00" type="DEFAULT_VEHTYPE" speed="10.79" pos="9.72" lane="3/1to3/2_0" slope="0.00"/>
        <vehicle id="16" x="201.65" y="443.63" angle="180.00" type="DEFAULT_VEHTYPE" speed="13.34" pos="38.88" lane="1/2to1/3_0" slope="0.00"/>
        <vehicle id="17" x="201.65" y="510.06" angle="180.00" type="DEFAULT_VEHTYPE" speed="13.78" pos="105.31" lane="1/2to1/3_0" slope="0.00"/>
        <vehicle id="18" x="786.18" y="598.35" angle="90.00" type="DEFAULT_VEHTYPE" speed="13.30" pos="181.43" lane="3/3to4/3_0" slope="0.00"/>
        <vehicle id="2" x="598.35" y="427.03" angle="0.00" type="DEFAULT_VEHTYPE" speed="13.30" pos="168.22" lane="3/3to3/2_0" slope="0.00"/>
        <vehicle id="24" x="398.35" y="311.62" angle="0.00" type="DEFAULT_VEHTYPE" speed="13.03" pos="83.63" lane="2/2to2/1_0" slope="0.00"/>
        <vehicle id="28" x="559.90" y="198.35" angle="90.00" type="DEFAULT_VEHTYPE" speed="13.04" pos="155.15" lane="2/1to3/1_0" slope="0.00"/>
        <vehicle id="29" x="398.35" y="82.48" angle="0.00" type="DEFAULT_VEHTYPE" speed="13.82" pos="112.77" lane="2/1to2/0_0" slope="0.00"/>
        <vehicle id="3" x="738.51" y="601.65" angle="-90.00" type="DEFAULT_VEHTYPE" speed="13.45" pos="61.49" lane="4/3to3/3_0" slope="0.00"/>
        <vehicle id="33" x="787.97" y="201.65" angle="-90.00" type="DEFAULT_VEHTYPE" speed="13.71" pos="12.03" lane="4/1to3/1_0" slope="0.00"/>
        <vehicle id="37" x="398.35" y="764.91" angle="0.00" type="DEFAULT_VEHTYPE" speed="13.57" pos="35.09" lane="2/4to2/3_0" slope="0.00"/>
        <vehicle id="39" x="46.31" y="198.35" angle="90.00" type="DEFAULT_VEHTYPE" speed="12.87" pos="46.31" lane="0/1to1/1_0" slope="0.00"/>
        <vehicle id="40" x="581.32" y="198.35" angle="90.00" type="DEFAULT_VEHTYPE" speed="8.98" pos="176.57" lane="2/1to3/1_0" slope="0.00"/>
        <vehicle id="42" x="398.35" y="224.02" angle="0.00" type="DEFAULT_VEHTYPE" speed="13.33" pos="171.23" lane="2/2to2/1_0" slope="0.00"/>
        <vehicle id="43" x="398.35" y="694.79" angle="0.00" type="DEFAULT_VEHTYPE" speed="13.09" pos="105.21" lane="2/4to2/3_0" slope="0.00"/>
        <vehicle id="44" x="598.35" y="535.42" angle="0.00" type="DEFAULT_VEHTYPE" speed="12.81" pos="59.83" lane="3/3to3/2_0" slope="0.00"/>
        <vehicle id="48" x="766.23" y="198.35" angle="90.00" type="DEFAULT_VEHTYPE" speed="13.52" pos="161.48" lane="3/1to4/1_0" slope="0.00"/>
        <vehicle id="49" x="401.65" y="633.71" angle="180.00" type="DEFAULT_VEHTYPE" speed="11.32" pos="28.96" lane="2/3to2/4_0" slope="0.00"/>
        <vehicle id="5" x="398.35" y="508.76" angle="0.00" type="DEFAULT_VEHTYPE" speed="13.33" pos="86.49" lane="2/3to2/2_0" slope="0.00"/>
        <vehicle id="6" x="401.65" y="779.29" angle="180.00" type="DEFAULT_VEHTYPE" speed="13.55" pos="174.54" lane="2/3to2/4_0" slope="0.00"/>
        <vehicle id="7" x="379.03" y="201.65" angle="-90.00" type="DEFAULT_VEHTYPE" speed="12.73" pos="16.22" lane="2/1to1/1_0" slope="0.00"/>
        <vehicle id="8" x="601.65" y="489.80" angle="180.00" type="DEFAULT_VEHTYPE" speed="13.90" pos="85.05" lane="3/2to3/3_0" slope="0.00"/>
        <vehicle id="9" x="390.18" y="198.35" angle="90.00" type="DEFAULT_VEHTYPE" speed="4.59" pos="185.43" lane="1/1to2/1_0" slope="0.00"/>
    </timestep>
    <timestep time="540.00">
        <vehicle id="0" x="652.58" y="601.65" angle="-90.00" type="DEFAULT_VEHTYPE" speed="13.45" pos="147.42" lane="4/3to3/3_0" slope="0.00"/>
        <vehicle id="10" x="412.69" y="198.35" angle="90.00" type="DEFAULT_VEHTYPE" speed="13.56" pos="7.94" lane="2/1to3/1_0" slope="0.00"/>
        <vehicle id="11" x="201.26" y="402.04" angle="133.87" type="DEFAULT_VEHTYPE" speed="5.41" pos="7.58" lane=":1/2_14_0" slope="0.00"/>
        <vehicle id="15" x="601.65" y="227.46" angle="180.00" type="DEFAULT_VEHTYPE" speed="12.99" pos="22.71" lane="3/1to3/2_0" slope="0.00"/>
        <vehicle id="16" x="201.65" y="456.84" angle="180.00" type="DEFAULT_VEHTYPE" speed="13.21" pos="52.09" lane="1/2to1/3_0" slope="0.00"/>
        <vehicle id="17" x="201.65" y="523.50" angle="180.00" type="DEFAULT_VEHTYPE" speed="13.44" pos="118.75" lane="1/2to1/3_0" slope="0.00"/>
        <vehicle id="18" x="799.45" y="598.35" angle="90.00" type="DEFAULT_VEHTYPE" speed="13.26" pos="194.70" lane="3/3to4/3_0" slope="0.00"/>
        <vehicle id="2" x="598.35" y="413.92" angle="0.00" type="DEFAULT_VEHTYPE" speed="13.11" pos="181.33" lane="3/3to3/2_0" slope="0.00"/>
        <vehicle id="24" x="398.35" y="298.65" angle="0.00" type="DEFAULT_VEHTYPE" speed="12.97" pos="96.60" lane="2/2to2/1_0" slope="0.00"/>
        <vehicle id="28" x="570.36" y="198.35" angle="90.00" type="DEFAULT_VEHTYPE" speed="10.46" pos="165.61" lane="2/1to3/1_0" slope="0.00"/>
        <vehicle id="29" x="398.35" y="69.72" angle="0.00" type="DEFAULT_VEHTYPE" speed="12.76" pos="125.53" lane="2/1to2/0_0" slope="0.00"/>
        <vehicle id="3" x="724.76" y="601.65" angle="-90.00" type="DEFAULT_VEHTYPE" speed="13.75" pos="75.24" lane="4/3to3/3_0" slope="0.00"/>
        <vehicle id="33" x="775.12" y="201.65" angle="-90.00" type="DEFAULT_VEHTYPE" speed="12.85" pos="24.88" lane="4/1to3/1_0" slope="0.00"/>
        <vehicle id="37" x="398.35" y="751.63" angle="0.00" type="DEFAULT_VEHTYPE" speed="13.29" pos="48.37" lane="2/4to2/3_0" slope="0.00"/>
        <vehicle id="39" x="59.17" y="198.35" angle="90.00" type="DEFAULT_VEHTYPE" speed="12.87" pos="59.17" lane="0/1to1/1_0" slope="0.00"/>
        <vehicle id="40" x="587.15" y="198.35" angle="90.00" type="DEFAULT_VEHTYPE" speed="5.83" pos="182.40" lane="2/1to3/1_0" slope="0.00"/>
        <vehicle id="42" x="398.35" y="210.86" angle="0.00" type="DEFAULT_VEHTYPE" speed="13.16" pos="184.39" lane="2/2to2/1_0" slope="0.00"/>
        <vehicle id="43" x="398.35" y="681.18" angle="0.00" type="DEFAULT_VEHTYPE" speed="13.61" pos="118.82" lane="2/4to2/3_0" slope="0.00"/>
        <vehicle id="44" x="598.35" y="521.68" angle="0.00" type="DEFAULT_VEHTYPE" speed="13.74" pos="73.57" lane="3/3to3/2_0" slope="0.00"/>
        <vehicle id="48" x="779.23" y="198.35" angle="90.00" type="DEFAULT_VEHTYPE" speed="12.99" pos="174.48" lane="3/1to4/1_0" slope="0.00"/>
        <vehicle id="49" x="401.65" y="646.31" angle="180.00" type="DEFAULT_VEHTYPE" speed="12.60" pos="41.56" lane="2/3to2/4_0" slope="0.00"/>
        <vehicle id="5" x="398.35" y="495.19" angle="0.00" type="DEFAULT_VEHTYPE" speed="13.57" pos="100.06" lane="2/3to2/2_0" slope="0.00"/>
        <vehicle id="6" x="401.65" y="792.20" angle="180.00" type="DEFAULT_VEHTYPE" speed="12.91" pos="187.45" lane="2/3to2/4_0" slope="0.00"/>
        <vehicle id="7" x="365.89" y="201.65" angle="-90.00" type="DEFAULT_VEHTYPE" speed="13.14" pos="29.36" lane="2/1to1/1_0" slope="0.00"/>
        <vehicle id="8" x="601.65" y="502.44" angle="180.00" type="DEFAULT_VEHTYPE" speed="12.64" pos="97.69" lane="3/2to3/3_0" slope="0.00"/>
        <vehicle id="9" x="391.51" y="198.35" angle="90.00" type="DEFAULT_VEHTYPE" speed="1.33" pos="186.76" lane="1/1to2/1_0" slope="0.00"/>
    </timestep>
    <timestep time="541.00">
        <vehicle id="0" x="639.46" y="601.65" angle="-90.00" type="DEFAULT_VEHTYPE" speed="13.12" pos="160.54" lane="4/3to3/3_0" slope="0.00"/>
        <vehicle id="10" x="425.48" y="198.35" angle="90.00" type="DEFAULT_VEHTYPE" speed="12.78" pos="20.73" lane="2/1to3/1_0" slope="0.00"/>
        <vehicle id="11" x="201.65" y="408.81" angle="178.48" type="DEFAULT_VEHTYPE" speed="6.80" pos="4.06" lane="1/2to1/3_0" slope="0.00"/>
        <vehicle id="15" x="601.65" y="240.71" angle="180.00" type="DEFAULT_VEHTYPE" speed="13.25" pos="35.96" lane="3/1to3/2_0" slope="0.00"/>
        <vehicle id="16" x="201.65" y="470.01" angle="180.00" type="DEFAULT_VEHTYPE" speed="13.17" pos="65.26" lane="1/2to1/3_0" slope="0.00"/>
        <vehicle id="17" x="201.65" y="536.71" angle="180.00" type="DEFAULT_VEHTYPE" speed="13.21" pos="131.96" lane="1/2to1/3_0" slope="0.00"/>
        <vehicle id="18" x="792.68" y="601.65" angle="-90.00" type="DEFAULT_VEHTYPE" speed="12.69" pos="7.32" lane="4/3to3/3_0" slope="0.00"/>
        <vehicle id="2" x="595.58" y="401.70" angle="-39.14" type="DEFAULT_VEHTYPE" speed="13.83" pos="4.66" lane=":3/2_0_0" slope="0.00"/>
        <vehicle id="24" x="398.35" y="284.81" angle="0.00" type="DEFAULT_VEHTYPE" speed="13.83" pos="110.44" lane="2/2to2/1_0" slope="0.00"/>
        <vehicle id="28" x="576.62" y="198.35" angle="90.00" type="DEFAULT_VEHTYPE" speed="6.27" pos="171.87" lane="2/1to3/1_0" slope="0.00"/>
        <vehicle id="29" x="398.35" y="56.34" angle="0.00" type="DEFAULT_VEHTYPE" speed="13.38" pos="138.91" lane="2/1to2/0_0" slope="0.00"/>
        <vehicle id="3" x="711.36" y="601.65" angle="-90.00" type="DEFAULT_VEHTYPE" speed="13.40" pos="88.64" lane="4/3to3/3_0" slope="0.00"/>
        <vehicle id="33" x="761.60" y="201.65" angle="-90.00" type="DEFAULT_VEHTYPE" speed="13.52" pos="38.40" lane="4/1to3/1_0" slope="0.00"/>
        <vehicle id="37" x="398.35" y="738.93" angle="0.00" type="DEFAULT_VEHTYPE" speed="12.69" pos="61.07" lane="2/4to2/3_0" slope="0.00"/>
        <vehicle id="39" x="72.32" y="198.35" angle="90.00" type="DEFAULT_VEHTYPE" speed="13.15" pos="72.32" lane="0/1to1/1_0" slope="0.00"/>
        <vehicle id="40" x="590.77" y="198.35" angle="90.00" type="DEFAULT_VEHTYPE" speed="3.62" pos="186.02" lane="2/1to3/1_0" slope="0.00"/>
        <vehicle id="42" x="392.71" y="201.65" angle="-81.17" type="DEFAULT_VEHTYPE" speed="13.65" pos="2.54" lane="2/1to1/1_0" slope="0.00"/>
        <vehicle id="43" x="398.35" y="668.33" angle="0.00" type="DEFAULT_VEHTYPE" speed="12.84" pos="131.67" lane="2/4to2/3_0" slope="0.00"/>
        <vehicle id="44" x="598.35" y="508.05" angle="0.00" type="DEFAULT_VEHTYPE" speed="13.63" pos="87.20" lane="3/3to3/2_0" slope="0.00"/>
        <vehicle id="48" x="792.61" y="198.35" angle="90.00" type="DEFAULT_VEHTYPE" speed="13.38" pos="187.86" lane="3/1to4/1_0" slope="0.00"/>
        <vehicle id="49" x="401.65" y="659.30" angle="180.00" type="DEFAULT_VEHTYPE" speed="12.98" pos="54.55" lane="2/3to2/4_0" slope="0.00"/>
        <vehicle id="5" x="398.35" y="482.31" angle="0.00" type="DEFAULT_VEHTYPE" speed="12.88" pos="112.94" lane="2/3to2/2_0" slope="0.00"/>
        <vehicle id="6" x="398.35" y="799.05" angle="-61.09" type="DEFAULT_VEHTYPE" speed="13.57" pos="0.95" lane="2/4to2/3_0" slope="0.00"/>
        <vehicle id="7" x="352.19" y="201.65" angle="-90.00" type="DEFAULT_VEHTYPE" speed="13.70" pos="43.06" lane="2/1to1/1_0" slope="0.00"/>
        <vehicle id="8" x="601.65" y="515.43" angle="180.00" type="DEFAULT_VEHTYPE" speed="12.98" pos="110.68" lane="3/2to3/3_0" slope="0.00"/>
        <vehicle id="9" x="392.32" y="198.35" angle="90.00" type="DEFAULT_VEHTYPE" speed="0.80" pos="187.57" lane="1/1to2/1_0" slope="0.00"/>
    </timestep>
    <timestep time="542.00">
        <vehicle id="0" x="626.62" y="601.65" angle="-90.00" type="DEFAULT_VEHTYPE" speed="12.84" pos="173.38" lane="4/3to3/3_0" slope="0.00"/>
        <vehicle id="10" x="438.51" y="198.35" angle="90.00" type="DEFAULT_VEHTYPE" speed="13.04" pos="33.76" lane="2/1to3/1_0" slope="0.00"/>
        <vehicle id="11" x="201.65" y="418.21" angle="180.00" type="DEFAULT_VEHTYPE" speed="9.40" pos="13.46" lane="1/2to1/3_0" slope="0.00"/>
        <vehicle id="15" x="601.65" y="253.50" angle="180.00" type="DEFAULT_VEHTYPE" speed="12.80" pos="48.75" lane="3/1to3/2_0" slope="0.00"/>
        <vehicle id="16" x="201.65" y="483.41" angle="180.00" type="DEFAULT_VEHTYPE" speed="13.41" pos="78.66" lane="1/2to1/3_0" slope="0.00"/>
        <vehicle id="17" x="201.65" y="550.36" angle="180.00" type="DEFAULT_VEHTYPE" speed="13.64" pos="145.61" lane="1/2to1/3_0" slope="0.00"/>
        <vehicle id="18" x="778.97" y="601.65" angle="-90.00" type="DEFAULT_VEHTYPE" speed="13.71" pos="21.03" lane="4/3to3/3_0" slope="0.00"/>
        <vehicle id="2" x="582.69" y="401.65" angle="-90.00" type="DEFAULT_VEHTYPE" speed="12.90" pos="12.56" lane="3/2to2/2_0" slope="0.00"/>
        <vehicle id="24" x="398.35" y="271.40" angle="0.00" type="DEFAULT_VEHTYPE" speed="13.42" pos="123.85" lane="2/2to2/1_0" slope="0.00"/>
        <vehicle id="28" x="579.97" y="198.35" angle="90.00" type="DEFAULT_VEHTYPE" speed="3.35" pos="175.22" lane="2/1to3/1_0" slope="0.00"/>
        <vehicle id="29" x="398.35" y="43.27" angle="0.00" type="DEFAULT_VEHTYPE" speed="13.06" pos="151.98" lane="2/1to2/0_0" slope="0.00"/>
        <vehicle id="3" x="698.43" y="601.65" angle="-90.00" type="DEFAULT_VEHTYPE" speed="12.94" pos="101.57" lane="4/3to3/3_0" slope="0.00"/>
        <vehicle id="33" x="748.33" y="201.65" angle="-90.00" type="DEFAULT_VEHTYPE" speed="13.26" pos="51.67" lane="4/1to3/1_0" slope="0.00"/>
        <vehicle id="37" x="398.35" y="725.12" angle="0.00" type="DEFAULT_VEHTYPE" speed="13.81" pos="74.88" lane="2/4to2/3_0" slope="0.00"/>
        <vehicle id="39" x="85.53" y="198.35" angle="90.00" type="DEFAULT_VEHTYPE" speed="13.20" pos="85.53" lane="0/1to1/1_0" slope="0.00"/>
        <vehicle id="40" x="596.47" y="198.35" angle="90.00" type="DEFAULT_VEHTYPE" speed="5.70" pos="1.22" lane=":3/1_13_0" slope="0.00"/>
        <vehicle id="42" x="379.23" y="201.65" angle="-90.00" type="DEFAULT_VEHTYPE" speed="13.48" pos="16.02" lane="2/1to1/1_0" slope="0.00"/>
        <vehicle id="43" x="398.35" y="655.21" angle="0.00" type="DEFAULT_VEHTYPE" speed="13.12" pos="144.79" lane="2/4to2/3_0" slope="0.00"/>
        <vehicle id="44" x="598.35" y="495.31" angle="0.00" type="DEFAULT_VEHTYPE" speed="12.74" pos="99.94" lane="3/3to3/2_0" slope="0.00"/>
        <vehicle id="48" x="798.34" y="201.65" angle="-130.63" type="DEFAULT_VEHTYPE" speed="13.87" pos="1.66" lane="4/1to3/1_0" slope="0.00"/>
        <vehicle id="49" x="401.65" y="672.56" angle="180.00" type="DEFAULT_VEHTYPE" speed="13.26" pos="67.81" lane="2/3to2/4_0" slope="0.00"/>
        <vehicle id="5" x="398.35" y="469.30" angle="0.00" type="DEFAULT_VEHTYPE" speed="13.01" pos="125.95" lane="2/3to2/2_0" slope="0.00"/>
        <vehicle id="6" x="398.35" y="786.10" angle="0.00" type="DEFAULT_VEHTYPE" speed="12.95" pos="13.90" lane="2/4to2/3_0" slope="0.00"/>
        <vehicle id="7" x="338.85" y="201.65" angle="-90.00" type="DEFAULT_VEHTYPE" speed="13.34" pos="56.40" lane="2/1to1/1_0" slope="0.00"/>
        <vehicle id="8" x="601.65" y="529.26" angle="180.00" type="DEFAULT_VEHTYPE" speed="13.84" pos="124.51" lane="3/2to3/3_0" slope="0.00"/>
        <vehicle id="9" x="394.78" y="198.35" angle="90.00" type="DEFAULT_VEHTYPE" speed="2.46" pos="190.03" lane="1/1to2/1_0" slope="0.00"/>
    </timestep>
    <timestep time="543.00">
        <vehicle id="0" x="617.66" y="601.65" angle="-90.00" type="DEFAULT_VEHTYPE" speed="8.96" pos="182.34" lane="4/3to3/3_0" slope="0.00"/>
        <vehicle id="10" x="451.67" y="198.35" angle="90.00" type="DEFAULT_VEHTYPE" speed="13.15" pos="46.92" lane="2/1to3/1_0" slope="0.00"/>
        <vehicle id="11" x="201.65" y="430.11" angle="180.00" type="DEFAULT_VEHTYPE" speed="11.90" pos="25.36" lane="1/2to1/3_0" slope="0.00"/>
        <vehicle id="15" x="601.65" y="266.29" angle="180.00" type="DEFAULT_VEHTYPE" speed="12.79" pos="61.54" lane="3/1to3/2_0" slope="0.00"/>
        <vehicle id="16" x="201.65" y="497.18" angle="180.00" type="DEFAULT_VEHTYPE" speed="13.77" pos="92.43" lane="1/2to1/3_0" slope="0.00"/>
        <vehicle id="17" x="201.65" y="563.31" angle="180.00" type="DEFAULT_VEHTYPE" speed="12.95" pos="158.56" lane="1/2to1/3_0" slope="0.00"/>
        <vehicle id="18" x="765.29" y="601.65" angle="-90.00" type="DEFAULT_VEHTYPE" speed="13.68" pos="34.71" lane="4/3to3/3_0" slope="0.00"/>
        <vehicle id="2" x="569.37" y="401.65" angle="-90.00" type="DEFAULT_VEHTYPE" speed="13.32" pos="25.88" lane="3/2to2/2_0" slope="0.00"/>
        <vehicle id="24" x="398.35" y="258.55" angle="0.00" type="DEFAULT_VEHTYPE" speed="12.85" pos="136.70" lane="2/2to2/1_0" slope="0.00"/>
        <vehicle id="28" x="585.14" y="198.35" angle="90.00" type="DEFAULT_VEHTYPE" speed="5.17" pos="180.39" lane="2/1to3/1_0" slope="0.00"/>
        <vehicle id="29" x="398.35" y="30.20" angle="0.00" type="DEFAULT_VEHTYPE" speed="13.07" pos="165.05" lane="2/1to2/0_0" slope="0.00"/>
        <vehicle id="3" x="685.68" y="601.65" angle="-90.00" type="DEFAULT_VEHTYPE" speed="12.75" pos="114.32" lane="4/3to3/3_0" slope="0.00"/>
        <vehicle id="33" x="735.01" y="201.65" angle="-90.00" type="DEFAULT_VEHTYPE" speed="13.33" pos="64.99" lane="4/1to3/1_0" slope="0.00"/>
        <vehicle id="37" x="398.35" y="711.52" angle="0.00" type="DEFAULT_VEHTYPE" speed="13.60" pos="88.48" lane="2/4to2/3_0" slope="0.00"/>
        <vehicle id="39" x="99.04" y="198.35" angle="90.00" type="DEFAULT_VEHTYPE" speed="13.51" pos="99.04" lane="0/1to1/1_0" slope="0.00"/>
        <vehicle id="40" x="604.72" y="198.35" angle="90.00" type="DEFAULT_VEHTYPE" speed="8.25" pos="9.47" lane=":3/1_13_0" slope="0.00"/>
        <vehicle id="42" x="366.18" y="201.65" angle="-90.00" type="DEFAULT_VEHTYPE" speed="13.05" pos="29.07" lane="2/1to1/1_0" slope="0.00"/>
        <vehicle id="43" x="398.35" y="642.48" angle="0.00" type="DEFAULT_VEHTYPE" speed="12.73" pos="157.52" lane="2/4to2/3_0" slope="0.00"/>
        <vehicle id="44" x="598.35" y="482.67" angle="0.00" type="DEFAULT_VEHTYPE" speed="12.63" pos="112.58" lane="3/3to3/2_0" slope="0.00"/>
        <vehicle id="48" x="785.28" y="201.65" angle="-90.00" type="DEFAULT_VEHTYPE" speed="13.06" pos="14.72" lane="4/1to3/1_0" slope="0.00"/>
        <vehicle id="49" x="401.65" y="686.19" angle="180.00" type="DEFAULT_VEHTYPE" speed="13.63" pos="81.44" lane="2/3to2/4_0" slope="0.00"/>
        <vehicle id="5" x="398.35" y="455.45" angle="0.00" type="DEFAULT_VEHTYPE" speed="13.84" pos="139.80" lane="2/3to2/2_0" slope="0.00"/>
        <vehicle id="6" x="398.35" y="772.77" angle="0.00" type="DEFAULT_VEHTYPE" speed="13.33" pos="27.23" lane="2/4to2/3_0" slope="0.00"/>
        <vehicle id="7" x="325.01" y="201.65" angle="-90.00" type="DEFAULT_VEHTYPE" speed="13.84" pos="70.24" lane="2/1to1/1_0" slope="0.00"/>
        <vehicle id="8" x="601.65" y="542.65" angle="180.00" type="DEFAULT_VEHTYPE" speed="13.38" pos="137.90" lane="3/2to3/3_0" slope="0.00"/>
        <vehicle id="9" x="399.47" y="198.35" angle="90.00" type="DEFAULT_VEHTYPE" speed="4.69" pos="4.22" lane=":2/1_13_0" slope="0.00"/>
    </timestep>
    <timestep time="544.00">
        <vehicle id="0" x="612.05" y="601.65" angle="-90.00" type="DEFAULT_VEHTYPE" speed="5.61" pos="187.95" lane="4/3to3/3_0" slope="0.00"/>
        <vehicle id="10" x="465.32" y="198.35" angle="90.00" type="DEFAULT_VEHTYPE" speed="13.65" pos="60.57" lane="2/1to3/1_0" slope="0.00"/>
        <vehicle id="11" x="201.65" y="443.04" angle="180.00" type="DEFAULT_VEHTYPE" speed="12.93" pos="38.29" lane="1/2to1/3_0" slope="0.00"/>
        <vehicle id="15" x="601.65" y="279.41" angle="180.00" type="DEFAULT_VEHTYPE" speed="13.12" pos="74.66" lane="3/1to3/2_0" slope="0.00"/>
        <vehicle id="16" x="201.65" y="510.56" angle="180.00" type="DEFAULT_VEHTYPE" speed="13.37" pos="105.81" lane="1/2to1/3_0" slope="0.00"/>
        <vehicle id="17" x="201.65" y="576.25" angle="180.00" type="DEFAULT_VEHTYPE" speed="12.94" pos="171.50" lane="1/2to1/3_0" slope="0.00"/>
        <vehicle id="18" x="751.96" y="601.65" angle="-90.00" type="DEFAULT_VEHTYPE" speed="13.33" pos="48.04" lane="4/3to3/3_0" slope="0.00"/>
        <vehicle id="2" x="555.72" y="401.65" angle="-90.00" type="DEFAULT_VEHTYPE" speed="13.64" pos="39.53" lane="3/2to2/2_0" slope="0.00"/>
        <vehicle id="24" x="398.35" y="245.40" angle="0.00" type="DEFAULT_VEHTYPE" speed="13.15" pos="149.85" lane="2/2to2/1_0" slope="0.00"/>
        <vehicle id="28" x="589.92" y="198.35" angle="90.00" type="DEFAULT_VEHTYPE" speed="4.78" pos="185.17" lane="2/1to3/1_0" slope="0.00"/>
        <vehicle id="29" x="398.35" y="17.55" angle="0.00" type="DEFAULT_VEHTYPE" speed="12.65" pos="177.70" lane="2/1to2/0_0" slope="0.00"/>
        <vehicle id="3" x="671.88" y="601.65" angle="-90.00" type="DEFAULT_VEHTYPE" speed="13.80" pos="128.12" lane="4/3to3/3_0" slope="0.00"/>
        <vehicle id="33" x="721.53" y="201.65" angle="-90.00" type="DEFAULT_VEHTYPE" speed="13.48" pos="78.47" lane="4/1to3/1_0" slope="0.00"/>
        <vehicle id="37" x="398.35" y="698.40" angle="0.00" type="DEFAULT_VEHTYPE" speed="13.12" pos="101.60" lane="2/4to2/3_0" slope="0.00"/>
        <vehicle id="39" x="112.53" y="198.35" angle="90.00" type="DEFAULT_VEHTYPE" speed="13.49" pos="112.53" lane="0/1to1/1_0" slope="0.00"/>
        <vehicle id="40" x="614.42" y="198.35" angle="90.00" type="DEFAULT_VEHTYPE" speed="9.70" pos="9.67" lane="3/1to4/1_0" slope="0.00"/>
        <vehicle id="42" x="353.12" y="201.65" angle="-90.00" type="DEFAULT_VEHTYPE" speed="13.06" pos="42.13" lane="2/1to1/1_0" slope="0.00"/>
        <vehicle id="43" x="398.35" y="629.18" angle="0.00" type="DEFAULT_VEHTYPE" speed="13.30" pos="170.82" lane="2/4to2/3_0" slope="0.00"/>
        <vehicle id="44" x="598.35" y="469.81" angle="0.00" type="DEFAULT_VEHTYPE" speed="12.86" pos="125.44" lane="3/3to3/2_0" slope="0.00"/>
        <vehicle id="48" x="772.05" y="201.65" angle="-90.00" type="DEFAULT_VEHTYPE" speed="13.23" pos="27.95" lane="4/1to3/1_0" slope="0.00"/>
        <vehicle id="49" x="401.65" y="699.70" angle="180.00" type="DEFAULT_VEHTYPE" speed="13.51" pos="94.95" lane="2/3to2/4_0" slope="0.00"/>
        <vehicle id="5" x="398.35" y="442.31" angle="0.00" type="DEFAULT_VEHTYPE" speed="13.14" pos="152.94" lane="2/3to2/2_0" slope="0.00"/>
        <vehicle id="6" x="398.35" y="758.93" angle="0.00" type="DEFAULT_VEHTYPE" speed="13.85" pos="41.07" lane="2/4to2/3_0" slope="0.00"/>
        <vehicle id="7" x="311.92" y="201.65" angle="-90.00" type="DEFAULT_VEHTYPE" speed="13.09" pos="83.33" lane="2/1to1/1_0" slope="0.00"/>
        <vehicle id="8" x="601.65" y="555.96" angle="180.00" type="DEFAULT_VEHTYPE" speed="13.31" pos="151.21" lane="3/2to3/3_0" slope="0.00"/>
        <vehicle id="9" x="406.27" y="198.35" angle="90.00" type="DEFAULT_VEHTYPE" speed="6.80" pos="1.52" lane="2/1to3/1_0" slope="0.00"/>
    </timestep>
    <timestep time="545.00">
        <vehicle id="0" x="609.63" y="601.65" angle="-90.00" type="DEFAULT_VEHTYPE" speed="2.42" pos="190.37" lane="4/3to3/3_0" slope="0.00"/>
        <vehicle id="10" x="478.42" y="198.35" angle="90.00" type="DEFAULT_VEHTYPE" speed="13.11" pos="73.67" lane="2/1to3/1_0" slope="0.00"/>
        <vehicle id="11" x="201.65" y="456.69" angle="180.00" type="DEFAULT_VEHTYPE" speed="13.65" pos="51.94" lane="1/2to1/3_0" slope="0.00"/>
        <vehicle id="15" x="601.65" y="292.51" angle="180.00" type="DEFAULT_VEHTYPE" speed="13.10" pos="87.76" lane="3/1to3/2_0" slope="0.00"/>
        <vehicle id="16" x="201.65" y="524.46" angle="180.00" type="DEFAULT_VEHTYPE" speed="13.90" pos="119.71" lane="1/2to1/3_0" slope="0.00"/>
        <vehicle id="17" x="201.65" y="589.81" angle="180.00" type="DEFAULT_VEHTYPE" speed="13.56" pos="185.06" lane="1/2to1/3_0" slope="0.00"/>
        <vehicle id="18" x="738.75" y="601.65" angle="-90.00" type="DEFAULT_VEHTYPE" speed="13.21" pos="61.25" lane="4/3to3/3_0" slope="0.00"/>
        <vehicle id="2" x="542.66" y="401.65" angle="-90.00" type="DEFAULT_VEHTYPE" speed="13.06" pos="52.59" lane="3/2to2/2_0" slope="0.00"/>
        <vehicle id="24" x="398.35" y="231.80" angle="0.00" type="DEFAULT_VEHTYPE" speed="13.60" pos="163.45" lane="2/2to2/1_0" slope="0.00"/>
        <vehicle id="28" x="596.51" y="198.35" angle="90.00" type="DEFAULT_VEHTYPE" speed="6.59" pos="1.26" lane=":3/1_13_0" slope="0.00"/>
        <vehicle id="29" x="398.35" y="4.01" angle="0.00" type="DEFAULT_VEHTYPE" speed="13.54" pos="191.24" lane="2/1to2/0_0" slope="0.00"/>
        <vehicle id="3" x="658.03" y="601.65" angle="-90.00" type="DEFAULT_VEHTYPE" speed="13.85" pos="141.97" lane="4/3to3/3_0" slope="0.00"/>
        <vehicle id="33" x="708.48" y="201.65" angle="-90.00" type="DEFAULT_VEHTYPE" speed="13.05" pos="91.52" lane="4/1to3/1_0" slope="0.00"/>
        <vehicle id="37" x="398.35" y="685.17" angle="0.00" type="DEFAULT_VEHTYPE" speed="13.23" pos="114.83" lane="2/4to2/3_0" slope="0.00"/>
        <vehicle id="39" x="126.06" y="198.35" angle="90.00" type="DEFAULT_VEHTYPE" speed="13.53" pos="126.06" lane="0/1to1/1_0" slope="0.00"/>
        <vehicle id="40" x="625.92" y="198.35" angle="90.00" type="DEFAULT_VEHTYPE" speed="11.51" pos="21.17" lane="3/1to4/1_0" slope="0.00"/>
        <vehicle id="42" x="340.49" y="201.65" angle="-90.00" type="DEFAULT_VEHTYPE" speed="12.63" pos="54.76" lane="2/1to1/1_0" slope="0.00"/>
        <vehicle id="43" x="398.35" y="616.48" angle="0.00" type="DEFAULT_VEHTYPE" speed="12.70" pos="183.52" lane="2/4to2/3_0" slope="0.00"/>
        <vehicle id="44" x="598.35" y="456.97" angle="0.00" type="DEFAULT_VEHTYPE" speed="12.84" pos="138.28" lane="3/3to3/2_0" slope="0.00"/>
        <vehicle id="48" x="758.28" y="201.65" angle="-90.00" type="DEFAULT_VEHTYPE" speed="13.77" pos="41.72" lane="4/1to3/1_0" slope="0.00"/>
        <vehicle id="49" x="401.65" y="712.52" angle="180.00" type="DEFAULT_VEHTYPE" speed="12.82" pos="107.77" lane="2/3to2/4_0" slope="0.00"/>
        <vehicle id="5" x="398.35" y="429.18" angle="0.00" type="DEFAULT_VEHTYPE" speed="13.13" pos="166.07" lane="2/3to2/2_0" slope="0.00"/>
        <vehicle id="6" x="398.35" y="746.11" angle="0.00" type="DEFAULT_VEHTYPE" speed="12.81" pos="53.89" lane="2/4to2/3_0" slope="0.00"/>
        <vehicle id="7" x="298.31" y="201.65" angle="-90.00" type="DEFAULT_VEHTYPE" speed="13.61" pos="96.94" lane="2/1to1/1_0" slope="0.00"/>
        <vehicle id="8" x="601.65" y="569.02" angle="180.00" type="DEFAULT_VEHTYPE" speed="13.05" pos="164.27" lane="3/2to3/3_0" slope="0.00"/>
        <vehicle id="9" x="414.37" y="198.35" angle="90.00" type="DEFAULT_VEHTYPE" speed="8.10" pos="9.62" lane="2/1to3/1_0" slope="0.00"/>
    </timestep>
    <timestep time="546.00">
        <vehicle id="0" x="605.46" y="601.65" angle="-90.00" type="DEFAULT_VEHTYPE" speed="4.17" pos="194.54" lane="4/3to3/3_0" slope="0.00"/>
        <vehicle id="10" x="491.55" y="198.35" angle="90.00" type="DEFAULT_VEHTYPE" speed="13.13" pos="86.80" lane="2/1to3/1_0" slope="0.00"/>
        <vehicle id="11" x="201.65" y="469.74" angle="180.00" type="DEFAULT_VEHTYPE" speed="13.05" pos="64.99" lane="1/2to1/3_0" slope="0.00"/>
        <vehicle id="15" x="601.65" y="306.24" angle="180.00" type="DEFAULT_VEHTYPE" speed="13.73" pos="101.49" lane="3/1to3/2_0" slope="0.00"/>
        <vehicle id="16" x="201.65" y="537.11" angle="180.00" type="DEFAULT_VEHTYPE" speed="12.66" pos="132.36" lane="1/2to1/3_0" slope="0.00"/>
        <vehicle id="17" x="207.97" y="598.35" angle="94.63" type="DEFAULT_VEHTYPE" speed="13.66" pos="3.22" lane="1/3to2/3_0" slope="0.00"/>
        <vehicle id="18" x="725.48" y="601.65" angle="-90.00" type="DEFAULT_VEHTYPE" speed="13.27" pos="74.52" lane="4/3to3/3_0" slope="0.00"/>
        <vehicle id="2" x="528.78" y="401.65" angle="-90.00" type="DEFAULT_VEHTYPE" speed="13.88" pos="66.47" lane="3/2to2/2_0" slope="0.00"/>
        <vehicle id="24" x="398.35" y="218.66" angle="0.00" type="DEFAULT_VEHTYPE" speed="13.14" pos="176.59" lane="2/2to2/1_0" slope="0.00"/>
        <vehicle id="28" x="605.62" y="198.35" angle="90.00" type="DEFAULT_VEHTYPE" speed="9.11" pos="0.87" lane="3/1to4/1_0" slope="0.00"/>
        <vehicle id="29" x="401.65" y="4.06" angle="173.80" type="DEFAULT_VEHTYPE" speed="12.89" pos="4.06" lane="2/0to2/1_0" slope="0.00"/>
        <vehicle id="3" x="644.30" y="601.65" angle="-90.00" type="DEFAULT_VEHTYPE" speed="13.73" pos="155.70" lane="4/3to3/3_0" slope="0.00"/>
        <vehicle id="33" x="695.43" y="201.65" angle="-90.00" type="DEFAULT_VEHTYPE" speed="13.05" pos="104.57" lane="4/1to3/1_0" slope="0.00"/>
        <vehicle id="37" x="398.35" y="672.04" angle="0.00" type="DEFAULT_VEHTYPE" speed="13.13" pos="127.96" lane="2/4to2/3_0" slope="0.00"/>
        <vehicle id="39" x="139.15" y="198.35" angle="90.00" type="DEFAULT_VEHTYPE" speed="13.09" pos="139.15" lane="0/1to1/1_0" slope="0.00"/>
        <vehicle id="40" x="639.23" y="198.35" angle="90.00" type="DEFAULT_VEHTYPE" speed="13.31" pos="34.48" lane="3/1to4/1_0" slope="0.00"/>
        <vehicle id="42" x="326.69" y="201.65" angle="-90.00" type="DEFAULT_VEHTYPE" speed="13.79" pos="68.56" lane="2/1to1/1_0" slope="0.00"/>
        <vehicle id="43" x="398.35" y="603.32" angle="0.00" type="DEFAULT_VEHTYPE" speed="13.16" pos="1.43" lane=":2/3_1_0" slope="0.00"/>
        <vehicle id="44" x="598.35" y="443.78" angle="0.00" type="DEFAULT_VEHTYPE" speed="13.19" pos="151.47" lane="3/3to3/2_0" slope="0.00"/>
        <vehicle id="48" x="745.38" y="201.65" angle="-90.00" type="DEFAULT_VEHTYPE" speed="12.90" pos="54.62" lane="4/1to3/1_0" slope="0.00"/>
        <vehicle id="49" x="401.65" y="726.09" angle="180.00" type="DEFAULT_VEHTYPE" speed="13.57" pos="121.34" lane="2/3to2/4_0" slope="0.00"/>
        <vehicle id="5" x="398.35" y="415.40" angle="0.00" type="DEFAULT_VEHTYPE" speed="13.78" pos="179.85" lane="2/3to2/2_0" slope="0.00"/>
        <vehicle id="6" x="398.35" y="732.76" angle="0.00" type="DEFAULT_VEHTYPE" speed="13.35" pos="67.24" lane="2/4to2/3_0" slope="0.00"/>
        <vehicle id="7" x="285.67" y="201.65" angle="-90.00" type="DEFAULT_VEHTYPE" speed="12.64" pos="109.58" lane="2/1to1/1_0" slope="0.00"/>
        <vehicle id="8" x="601.65" y="582.75" angle="180.00" type="DEFAULT_VEHTYPE" speed="13.73" pos="178.00" lane="3/2to3/3_0" slope="0.00"/>
        <vehicle id="9" x="424.21" y="198.35" angle="90.00" type="DEFAULT_VEHTYPE" speed="9.84" pos="19.46" lane="2/1to3/1_0" slope="0.00"/>
    </timestep>
    <timestep time="547.00">
        <vehicle id="0" x="599.74" y="599.69" angle="-67.11" type="DEFAULT_VEHTYPE" speed="6.29" pos="5.58" lane=":3/3_6_0" slope="0.00"/>
        <vehicle id="10" x="504.35" y="198.35" angle="90.00" type="DEFAULT_VEHTYPE" speed="12.79" pos="99.60" lane="2/1to3/1_0" slope="0.00"/>
        <vehicle id="11" x="201.65" y="482.84" angle="180.00" type="DEFAULT_VEHTYPE" speed="13.10" pos="78.09" lane="1/2to1/3_0" slope="0.00"/>
        <vehicle id="15" x="601.65" y="319.39" angle="180.00" type="DEFAULT_VEHTYPE" speed="13.15" pos="114.64" lane="3/1to3/2_0" slope="0.00"/>
        <vehicle id="16" x="201.65" y="550.48" angle="180.00" type="DEFAULT_VEHTYPE" speed="13.36" pos="145.73" lane="1/2to1/3_0" slope="0.00"/>
        <vehicle id="17" x="221.81" y="598.35" angle="90.00" type="DEFAULT_VEHTYPE" speed="13.84" pos="17.06" lane="1/3to2/3_0" slope="0.00"/>
        <vehicle id="18" x="712.22" y="601.65" angle="-90.00" type="DEFAULT_VEHTYPE" speed="13.27" pos="87.78" lane="4/3to3/3_0" slope="0.00"/>
        <vehicle id="2" x="515.49" y="401.65" angle="-90.00" type="DEFAULT_VEHTYPE" speed="13.29" pos="79.76" lane="3/2to2/2_0" slope="0.00"/>
        <vehicle id="24" x="398.35" y="205.21" angle="0.00" type="DEFAULT_VEHTYPE" speed="13.45" pos="190.04" lane="2/2to2/1_0" slope="0.00"/>
        <vehicle id="28" x="617.30" y="198.35" angle="90.00" type="DEFAULT_VEHTYPE" speed="11.68" pos="12.55" lane="3/1to4/1_0" slope="0.00"/>
        <vehicle id="29" x="401.65" y="17.46" angle="180.00" type="DEFAULT_VEHTYPE" speed="13.41" pos="17.46" lane="2/0to2/1_0" slope="0.00"/>
        <vehicle id="3" x="631.72" y="601.65" angle="-90.00" type="DEFAULT_VEHTYPE" speed="12.58" pos="168.28" lane="4/3to3/3_0" slope="0.00"/>
        <vehicle id="33" x="681.60" y="201.65" angle="-90.00" type="DEFAULT_VEHTYPE" speed="13.83" pos="118.40" lane="4/1to3/1_0" slope="0.00"/>
        <vehicle id="37" x="398.35" y="658.81" angle="0.00" type="DEFAULT_VEHTYPE" speed="13.23" pos="141.19" lane="2/4to2/3_0" slope="0.00"/>
        <vehicle id="39" x="151.90" y="198.35" angle="90.00" type="DEFAULT_VEHTYPE" speed="12.75" pos="151.90" lane="0/1to1/1_0" slope="0.00"/>
        <vehicle id="40" x="652.20" y="198.35" angle="90.00" type="DEFAULT_VEHTYPE" speed="12.96" pos="47.45" lane="3/1to4/1_0" slope="0.00"/>
        <vehicle id="42" x="313.76" y="201.65" angle="-90.00" type="DEFAULT_VEHTYPE" speed="12.94" pos="81.49" lane="2/1to1/1_0" slope="0.00"/>
        <vehicle id="43" x="398.35" y="590.09" angle="0.00" type="DEFAULT_VEHTYPE" speed="13.23" pos="5.16" lane="2/3to2/2_0" slope="0.00"/>
        <vehicle id="44" x="598.35" y="430.27" angle="0.00" type="DEFAULT_VEHTYPE" speed="13.51" pos="164.98" lane="3/3to3/2_0" slope="0.00"/>
        <vehicle id="48" x="732.02" y="201.65" angle="-90.00" type="DEFAULT_VEHTYPE" speed="13.36" pos="67.98" lane="4/1to3/1_0" slope="0.00"/>
        <vehicle id="49" x="401.65" y="739.63" angle="180.00" type="DEFAULT_VEHTYPE" speed="13.55" pos="134.88" lane="2/3to2/4_0" slope="0.00"/>
        <vehicle id="5" x="398.35" y="401.72" angle="0.00" type="DEFAULT_VEHTYPE" speed="13.68" pos="3.03" lane=":2/2_1_0" slope="0.00"/>
        <vehicle id="6" x="398.35" y="719.02" angle="0.00" type="DEFAULT_VEHTYPE" speed="13.73" pos="80.98" lane="2/4to2/3_0" slope="0.00"/>
        <vehicle id="7" x="272.74" y="201.65" angle="-90.00" type="DEFAULT_VEHTYPE" speed="12.93" pos="122.51" lane="2/1to1/1_0" slope="0.00"/>
        <vehicle id="8" x="601.66" y="595.35" angle="179.83" type="DEFAULT_VEHTYPE" speed="12.61" pos="0.11" lane=":3/3_8_0" slope="0.00"/>
        <vehicle id="9" x="436.22" y="198.35" angle="90.00" type="DEFAULT_VEHTYPE" speed="12.01" pos="31.47" lane="2/1to3/1_0" slope="0.00"/>
    </timestep>
    <timestep time="548.00">
        <vehicle id="0" x="598.35" y="592.08" angle="-2.97" type="DEFAULT_VEHTYPE" speed="7.92" pos="3.17" lane="3/3to3/2_0" slope="0.00"/>
        <vehicle id="10" x="517.29" y="198.35" angle="90.00" type="DEFAULT_VEHTYPE" speed="12.95" pos="112.54" lane="2/1to3/1_0" slope="0.00"/>
        <vehicle id="11" x="201.65" y="495.95" angle="180.00" type="DEFAULT_VEHTYPE" speed="13.11" pos="91.20" lane="1/2to1/3_0" slope="0.00"/>
        <vehicle id="15" x="601.65" y="332.83" angle="180.00" type="DEFAULT_VEHTYPE" speed="13.44" pos="128.08" lane="3/1to3/2_0" slope="0.00"/>
        <vehicle id="16" x="201.65" y="563.15" angle="180.00" type="DEFAULT_VEHTYPE" speed="12.67" pos="158.40" lane="1/2to1/3_0" slope="0.00"/>
        <vehicle id="17" x="235.37" y="598.35" angle="90.00" type="DEFAULT_VEHTYPE" speed="13.55" pos="30.62" lane="1/3to2/3_0" slope="0.00"/>
        <vehicle id="18" x="698.78" y="601.65" angle="-90.00" type="DEFAULT_VEHTYPE" speed="13.43" pos="101.22" lane="4/3to3/3_0" slope="0.00"/>
        <vehicle id="2" x="502.41" y="401.65" angle="-90.00" type="DEFAULT_VEHTYPE" speed="13.07" pos="92.84" lane="3/2to2/2_0" slope="0.00"/>
        <vehicle id="24" x="387.01" y="201.65" angle="-90.00" type="DEFAULT_VEHTYPE" speed="13.70" pos="8.24" lane="2/1to1/1_0" slope="0.00"/>
        <vehicle id="28" x="630.60" y="198.35" angle="90.00" type="DEFAULT_VEHTYPE" speed="13.30" pos="25.85" lane="3/1to4/1_0" slope="0.00"/>
        <vehicle id="29" x="401.65" y="31.12" angle="180.00" type="DEFAULT_VEHTYPE" speed="13.66" pos="31.12" lane="2/0to2/1_0" slope="0.00"/>
        <vehicle id="3" x="621.37" y="601.65" angle="-90.00" type="DEFAULT_VEHTYPE" speed="10.35" pos="178.63" lane="4/3to3/3_0" slope="0.00"/>
        <vehicle id="33" x="667.97" y="201.65" angle="-90.00" type="DEFAULT_VEHTYPE" speed="13.62" pos="132.03" lane="4/1to3/1_0" slope="0.00"/>
        <vehicle id="37" x="398.35" y="645.51" angle="0.00" type="DEFAULT_VEHTYPE" speed="13.31" pos="154.49" lane="2/4to2/3_0" slope="0.00"/>
        <vehicle id="39" x="164.82" y="198.35" angle="90.00" type="DEFAULT_VEHTYPE" speed="12.92" pos="164.82" lane="0/1to1/1_0" slope="0.00"/>
        <vehicle id="40" x="665.92" y="198.35" angle="90.00" type="DEFAULT_VEHTYPE" speed="13.72" pos="61.17" lane="3/1to4/1_0" slope="0.00"/>
        <vehicle id="42" x="301.04" y="201.65" angle="-90.00" type="DEFAULT_VEHTYPE" speed="12.72" pos="94.21" lane="2/1to1/1_0" slope="0.00"/>
        <vehicle id="43" x="398.35" y="577.31" angle="0.00" type="DEFAULT_VEHTYPE" speed="12.77" pos="17.94" lane="2/3to2/2_0" slope="0.00"/>
        <vehicle id="44" x="598.35" y="416.59" angle="0.00" type="DEFAULT_VEHTYPE" speed="13.68" pos="178.66" lane="3/3to3/2_0" slope="0.00"/>
        <vehicle id="48" x="718.25" y="201.65" angle="-90.00" type="DEFAULT_VEHTYPE" speed="13.77" pos="81.75" lane="4/1to3/1_0" slope="0.00"/>
        <vehicle id="49" x="401.65" y="753.37" angle="180.00" type="DEFAULT_VEHTYPE" speed="13.74" pos="148.62" lane="2/3to2/4_0" slope="0.00"/>
        <vehicle id="5" x="398.35" y="388.66" angle="0.00" type="DEFAULT_VEHTYPE" speed="13.07" pos="6.59" lane="2/2to2/1_0" slope="0.00"/>
        <vehicle id="6" x="398.35" y="706.33" angle="0.00" type="DEFAULT_VEHTYPE" speed="12.69" pos="93.67" lane="2/4to2/3_0" slope="0.00"/>
        <vehicle id="7" x="258.96" y="201.65" angle="-90.00" type="DEFAULT_VEHTYPE" speed="13.78" pos="136.29" lane="2/1to1/1_0" slope="0.00"/>
        <vehicle id="8" x="612.62" y="598.35" angle="90.00" type="DEFAULT_VEHTYPE" speed="12.76" pos="7.87" lane="3/3to4/3_0" slope="0.00"/>
        <vehicle id="9" x="449.54" y="198.35" angle="90.00" type="DEFAULT_VEHTYPE" speed="13.32" pos="44.79" lane="2/1to3/1_0" slope="0.00"/>
    </timestep>
    <timestep time="549.00">
        <vehicle id="0" x="598.35" y="581.74" angle="0.00" type="DEFAULT_VEHTYPE" speed="10.33" pos="13.51" lane="3/3to3/2_0" slope="0.00"/>
        <vehicle id="10" x="531.13" y="198.35" angle="90.00" type="DEFAULT_VEHTYPE" speed="13.83" pos="126.38" lane="2/1to3/1_0" slope="0.00"/>
        <vehicle id="11" x="201.65" y="508.77" angle="180.00" type="DEFAULT_VEHTYPE" speed="12.82" pos="104.02" lane="1/2to1/3_0" slope="0.00"/>
        <vehicle id="15" x="601.65" y="345.84" angle="180.00" type="DEFAULT_VEHTYPE" speed="13.01" pos="141.09" lane="3/1to3/2_0" slope="0.00"/>
        <vehicle id="16" x="201.65" y="576.88" angle="180.00" type="DEFAULT_VEHTYPE" speed="13.74" pos="172.13" lane="1/2to1/3_0" slope="0.00"/>
        <vehicle id="17" x="248.74" y="598.35" angle="90.00" type="DEFAULT_VEHTYPE" speed="13.37" pos="43.99" lane="1/3to2/3_0" slope="0.00"/>
        <vehicle id="18" x="685.73" y="601.65" angle="-90.00" type="DEFAULT_VEHTYPE" speed="13.06" pos="114.27" lane="4/3to3/3_0" slope="0.00"/>
        <vehicle id="2" x="489.51" y="401.65" angle="-90.00" type="DEFAULT_VEHTYPE" speed="12.90" pos="105.74" lane="3/2to2/2_0" slope="0.00"/>
        <vehicle id="24" x="374.22" y="201.65" angle="-90.00" type="DEFAULT_VEHTYPE" speed="12.78" pos="21.03" lane="2/1to1/1_0" slope="0.00"/>
        <vehicle id="28" x="643.27" y="198.35" angle="90.00" type="DEFAULT_VEHTYPE" speed="12.67" pos="38.52" lane="3/1to4/1_0" slope="0.00"/>
        <vehicle id="29" x="401.65" y="44.08" angle="180.00" type="DEFAULT_VEHTYPE" speed="12.96" pos="44.08" lane="2/0to2/1_0" slope="0.00"/>
        <vehicle id="3" x="614.44" y="601.65" angle="-90.00" type="DEFAULT_VEHTYPE" speed="6.93" pos="185.56" lane="4/3to3/3_0" slope="0.00"/>
        <vehicle id="33" x="655.12" y="201.65" angle="-90.00" type="DEFAULT_VEHTYPE" speed="12.85" pos="144.88" lane="4/1to3/1_0" slope="0.00"/>
        <vehicle id="37" x="398.35" y="632.34" angle="0.00" type="DEFAULT_VEHTYPE" speed="13.17" pos="167.66" lane="2/4to2/3_0" slope="0.00"/>
        <vehicle id="39" x="175.61" y="198.35" angle="90.00" type="DEFAULT_VEHTYPE" speed="10.79" pos="175.61" lane="0/1to1/1_0" slope="0.00"/>
        <vehicle id="40" x="679.63" y="198.35" angle="90.00" type="DEFAULT_VEHTYPE" speed="13.71" pos="74.88" lane="3/1to4/1_0" slope="0.00"/>
        <vehicle id="42" x="288.10" y="201.65" angle="-90.00" type="DEFAULT_VEHTYPE" speed="12.95" pos="107.15" lane="2/1to1/1_0" slope="0.00"/>
        <vehicle id="43" x="398.35" y="564.67" angle="0.00" type="DEFAULT_VEHTYPE" speed="12.65" pos="30.58" lane="2/3to2/2_0" slope="0.00"/>
        <vehicle id="44" x="598.20" y="403.67" angle="-1.73" type="DEFAULT_VEHTYPE" speed="12.93" pos="1.09" lane=":3/2_0_0" slope="0.00"/>
        <vehicle id="48" x="705.42" y="201.65" angle="-90.00" type="DEFAULT_VEHTYPE" speed="12.83" pos="94.58" lane="4/1to3/1_0" slope="0.00"/>
        <vehicle id="49" x="401.65" y="767.06" angle="180.00" type="DEFAULT_VEHTYPE" speed="13.68" pos="162.31" lane="2/3to2/4_0" slope="0.00"/>
        <vehicle id="5" x="398.35" y="375.23" angle="0.00" type="DEFAULT_VEHTYPE" speed="13.43" pos="20.02" lane="2/2to2/1_0" slope="0.00"/>
        <vehicle id="6" x="398.35" y="692.56" angle="0.00" type="DEFAULT_VEHTYPE" speed="13.77" pos="107.44" lane="2/4to2/3_0" slope="0.00"/>
        <vehicle id="7" x="245.22" y="201.65" angle="-90.00" type="DEFAULT_VEHTYPE" speed="13.74" pos="150.03" lane="2/1to1/1_0" slope="0.00"/>
        <vehicle id="8" x="625.68" y="598.35" angle="90.00" type="DEFAULT_VEHTYPE" speed="13.06" pos="20.93" lane="3/3to4/3_0" slope="0.00"/>
        <vehicle id="9" x="462.76" y="198.35" angle="90.00" type="DEFAULT_VEHTYPE" speed="13.23" pos="58.01" lane="2/1to3/1_0" slope="0.00"/>
    </timestep>
    <timestep time="550.00">
        <vehicle id="0" x="598.35" y="569.27" angle="0.00" type="DEFAULT_VEHTYPE" speed="12.47" pos="25.98" lane="3/3to3/2_0" slope="0.00"/>
        <vehicle id="10" x="544.35" y="198.35" angle="90.00" type="DEFAULT_VEHTYPE" speed="13.23" pos="139.60" lane="2/1to3/1_0" slope="0.00"/>
        <vehicle id="11" x="201.65" y="521.66" angle="180.00" type="DEFAULT_VEHTYPE" speed="12.89" pos="116.91" lane="1/2to1/3_0" slope="0.00"/>
        <vehicle id="15" x="601.65" y="358.52" angle="180.00" type="DEFAULT_VEHTYPE" speed="12.68" pos="153.77" lane="3/1to3/2_0" slope="0.00"/>
        <vehicle id="16" x="201.65" y="590.38" angle="180.00" type="DEFAULT_VEHTYPE" speed="13.50" pos="185.63" lane="1/2to1/3_0" slope="0.00"/>
        <vehicle id="17" x="261.74" y="598.35" angle="90.00" type="DEFAULT_VEHTYPE" speed="13.01" pos="56.99" lane="1/3to2/3_0" slope="0.00"/>
        <vehicle id="18" x="672.75" y="601.65" angle="-90.00" type="DEFAULT_VEHTYPE" speed="12.98" pos="127.25" lane="4/3to3/3_0" slope="0.00"/>
        <vehicle id="2" x="476.42" y="401.65" angle="-90.00" type="DEFAULT_VEHTYPE" speed="13.10" pos="118.83" lane="3/2to2/2_0" slope="0.00"/>
        <vehicle id="24" x="361.05" y="201.65" angle="-90.00" type="DEFAULT_VEHTYPE" speed="13.17" pos="34.20" lane="2/1to1/1_0" slope="0.00"/>
        <vehicle id="28" x="657.00" y="198.35" angle="90.00" type="DEFAULT_VEHTYPE" speed="13.72" pos="52.25" lane="3/1to4/1_0" slope="0.00"/>
        <vehicle id="29" x="401.65" y="56.80" angle="180.00" type="DEFAULT_VEHTYPE" speed="12.72" pos="56.80" lane="2/0to2/1_0" slope="0.00"/>
        <vehicle id="3" x="609.80" y="601.65" angle="-90.00" type="DEFAULT_VEHTYPE" speed="4.64" pos="190.20" lane="4/3to3/3_0" slope="0.00"/>
        <vehicle id="33" x="642.45" y="201.65" angle="-90.00" type="DEFAULT_VEHTYPE" speed="12.67" pos="157.55" lane="4/1to3/1_0" slope="0.00"/>
        <vehicle id="37" x="398.35" y="618.46" angle="0.00" type="DEFAULT_VEHTYPE" speed="13.88" pos="181.54" lane="2/4to2/3_0" slope="0.00"/>
        <vehicle id="39" x="184.07" y="198.35" angle="90.00" type="DEFAULT_VEHTYPE" speed="8.46" pos="184.07" lane="0/1to1/1_0" slope="0.00"/>
        <vehicle id="40" x="692.59" y="198.35" angle="90.00" type="DEFAULT_VEHTYPE" speed="12.96" pos="87.84" lane="3/1to4/1_0" slope="0.00"/>
        <vehicle id="42" x="275.24" y="201.65" angle="-90.00" type="DEFAULT_VEHTYPE" speed="12.85" pos="120.01" lane="2/1to1/1_0" slope="0.00"/>
        <vehicle id="43" x="398.35" y="550.78" angle="0.00" type="DEFAULT_VEHTYPE" speed="13.89" pos="44.47" lane="2/3to2/2_0" slope="0.00"/>
        <vehicle id="44" x="586.42" y="401.65" angle="-90.00" type="DEFAULT_VEHTYPE" speed="12.74" pos="8.83" lane="3/2to2/2_0" slope="0.00"/>
        <vehicle id="48" x="691.74" y="201.65" angle="-90.00" type="DEFAULT_VEHTYPE" speed="13.68" pos="108.26" lane="4/1to3/1_0" slope="0.00"/>
        <vehicle id="49" x="401.65" y="780.60" angle="180.00" type="DEFAULT_VEHTYPE" speed="13.54" pos="175.85" lane="2/3to2/4_0" slope="0.00"/>
        <vehicle id="5" x="398.35" y="362.42" angle="0.00" type="DEFAULT_VEHTYPE" speed="12.81" pos="32.83" lane="2/2to2/1_0" slope="0.00"/>
        <vehicle id="6" x="398.35" y="679.82" angle="0.00" type="DEFAULT_VEHTYPE" speed="12.74" pos="120.18" lane="2/4to2/3_0" slope="0.00"/>
        <vehicle id="7" x="232.06" y="201.65" angle="-90.00" type="DEFAULT_VEHTYPE" speed="13.16" pos="163.19" lane="2/1to1/1_0" slope="0.00"/>
        <vehicle id="8" x="638.40" y="598.35" angle="90.00" type="DEFAULT_VEHTYPE" speed="12.72" pos="33.65" lane="3/3to4/3_0" slope="0.00"/>
        <vehicle id="9" x="475.99" y="198.35" angle="90.00" type="DEFAULT_VEHTYPE" speed="13.23" pos="71.24" lane="2/1to3/1_0" slope="0.00"/>
    </timestep>
    <timestep time="551.00">
        <vehicle id="0" x="598.35" y="555.59" angle="0.00" type="DEFAULT_VEHTYPE" speed="13.69" pos="39.66" lane="3/3to3/2_0" slope="0.00"/>
        <vehicle id="10" x="558.03" y="198.35" angle="90.00" type="DEFAULT_VEHTYPE" speed="13.68" pos="153.28" lane="2/1to3/1_0" slope="0.00"/>
        <vehicle id="11" x="201.65" y="534.81" angle="180.00" type="DEFAULT_VEHTYPE" speed="13.15" pos="130.06" lane="1/2to1/3_0" slope="0.00"/>
        <vehicle id="15" x="601.65" y="371.51" angle="180.00" type="DEFAULT_VEHTYPE" speed="13.00" pos="166.76" lane="3/1to3/2_0" slope="0.00"/>
        <vehicle id="16" x="208.72" y="598.35" angle="91.64" type="DEFAULT_VEHTYPE" speed="13.84" pos="3.97" lane="1/3to2/3_0" slope="0.00"/>
        <vehicle id="17" x="275.25" y="598.35" angle="90.00" type="DEFAULT_VEHTYPE" speed="13.50" pos="70.50" lane="1/3to2/3_0" slope="0.00"/>
        <vehicle id="18" x="659.41" y="601.65" angle="-90.00" type="DEFAULT_VEHTYPE" speed="13.34" pos="140.59" lane="4/3to3/3_0" slope="0.00"/>
        <vehicle id="2" x="463.40" y="401.65" angle="-90.00" type="DEFAULT_VEHTYPE" speed="13.01" pos="131.85" lane="3/2to2/2_0" slope="0.00"/>
        <vehicle id="24" x="347.55" y="201.65" angle="-90.00" type="DEFAULT_VEHTYPE" speed="13.50" pos="47.70" lane="2/1to1/1_0" slope="0.00"/>
        <vehicle id="28" x="669.66" y="198.35" angle="90.00" type="DEFAULT_VEHTYPE" speed="12.67" pos="64.91" lane="3/1to4/1_0" slope="0.00"/>
        <vehicle id="29" x="401.65" y="70.17" angle="180.00" type="DEFAULT_VEHTYPE" speed="13.36" pos="70.17" lane="2/0to2/1_0" slope="0.00"/>
        <vehicle id="3" x="603.57" y="601.48" angle="-88.07" type="DEFAULT_VEHTYPE" speed="6.24" pos="1.19" lane=":3/3_6_0" slope="0.00"/>
        <vehicle id="33" x="629.89" y="201.65" angle="-90.00" type="DEFAULT_VEHTYPE" speed="12.57" pos="170.11" lane="4/1to3/1_0" slope="0.00"/>
        <vehicle id="37" x="398.35" y="604.82" angle="0.00" type="DEFAULT_VEHTYPE" speed="13.64" pos="195.18" lane="2/4to2/3_0" slope="0.00"/>
        <vehicle id="39" x="189.17" y="198.35" angle="90.00" type="DEFAULT_VEHTYPE" speed="5.10" pos="189.17" lane="0/1to1/1_0" slope="0.00"/>
        <vehicle id="40" x="705.45" y="198.35" angle="90.00" type="DEFAULT_VEHTYPE" speed="12.86" pos="100.70" lane="3/1to4/1_0" slope="0.00"/>
        <vehicle id="42" x="261.38" y="201.65" angle="-90.00" type="DEFAULT_VEHTYPE" speed="13.87" pos="133.87" lane="2/1to1/1_0" slope="0.00"/>
        <vehicle id="43" x="398.35" y="537.87" angle="0.00" type="DEFAULT_VEHTYPE" speed="12.90" pos="57.38" lane="2/3to2/2_0" slope="0.00"/>
        <vehicle id="44" x="573.11" y="401.65" angle="-90.00" type="DEFAULT_VEHTYPE" speed="13.31" pos="22.14" lane="3/2to2/2_0" slope="0.00"/>
        <vehicle id="48" x="678.38" y="201.65" angle="-90.00" type="DEFAULT_VEHTYPE" speed="13.36" pos="121.62" lane="4/1to3/1_0" slope="0.00"/>
        <vehicle id="49" x="401.65" y="794.47" angle="180.00" type="DEFAULT_VEHTYPE" speed="13.87" pos="189.72" lane="2/3to2/4_0" slope="0.00"/>
        <vehicle id="5" x="398.35" y="348.56" angle="0.00" type="DEFAULT_VEHTYPE" speed="13.86" pos="46.69" lane="2/2to2/1_0" slope="0.00"/>
        <vehicle id="6" x="398.35" y="666.53" angle="0.00" type="DEFAULT_VEHTYPE" speed="13.29" pos="133.47" lane="2/4to2/3_0" slope="0.00"/>
        <vehicle id="7" x="221.04" y="201.65" angle="-90.00" type="DEFAULT_VEHTYPE" speed="11.02" pos="174.21" lane="2/1to1/1_0" slope="0.00"/>
        <vehicle id="8" x="651.73" y="598.35" angle="90.00" type="DEFAULT_VEHTYPE" speed="13.33" pos="46.98" lane="3/3to4/3_0" slope="0.00"/>
        <vehicle id="9" x="488.73" y="198.35" angle="90.00" type="DEFAULT_VEHTYPE" speed="12.74" pos="83.98" lane="2/1to3/1_0" slope="0.00"/>
    </timestep>
    <timestep time="552.00">
        <vehicle id="0" x="598.35" y="542.91" angle="0.00" type="DEFAULT_VEHTYPE" speed="12.67" pos="52.34" lane="3/3to3/2_0" slope="0.00"/>
        <vehicle id="10" x="570.55" y="198.35" angle="90.00" type="DEFAULT_VEHTYPE" speed="12.52" pos="165.80" lane="2/1to3/1_0" slope="0.00"/>
        <vehicle id="11" x="201.65" y="547.80" angle="180.00" type="DEFAULT_VEHTYPE" speed="12.99" pos="143.05" lane="1/2to1/3_0" slope="0.00"/>
        <vehicle id="15" x="601.65" y="385.37" angle="180.00" type="DEFAULT_VEHTYPE" speed="13.86" pos="180.62" lane="3/1to3/2_0" slope="0.00"/>
        <vehicle id="16" x="221.49" y="598.35" angle="90.00" type="DEFAULT_VEHTYPE" speed="12.77" pos="16.74" lane="1/3to2/3_0" slope="0.00"/>
        <vehicle id="17" x="288.67" y="598.35" angle="90.00" type="DEFAULT_VEHTYPE" speed="13.42" pos="83.92" lane="1/3to2/3_0" slope="0.00"/>
        <vehicle id="18" x="645.66" y="601.65" angle="-90.00" type="DEFAULT_VEHTYPE" speed="13.74" pos="154.34" lane="4/3to3/3_0" slope="0.00"/>
        <vehicle id="2" x="450.30" y="401.65" angle="-90.00" type="DEFAULT_VEHTYPE" speed="13.10" pos="144.95" lane="3/2to2/2_0" slope="0.00"/>
        <vehicle id="24" x="334.70" y="201.65" angle="-90.00" type="DEFAULT_VEHTYPE" speed="12.85" pos="60.55" lane="2/1to1/1_0" slope="0.00"/>
        <vehicle id="28" x="683.13" y="198.35" angle="90.00" type="DEFAULT_VEHTYPE" speed="13.47" pos="78.38" lane="3/1to4/1_0" slope="0.00"/>
        <vehicle id="29" x="401.65" y="83.98" angle="180.00" type="DEFAULT_VEHTYPE" speed="13.81" pos="83.98" lane="2/0to2/1_0" slope="0.00"/>
        <vehicle id="3" x="598.57" y="596.81" angle="-33.17" type="DEFAULT_VEHTYPE" speed="7.56" pos="8.74" lane=":3/3_6_0" slope="0.00"/>
        <vehicle id="33" x="619.90" y="201.65" angle="-90.00" type="DEFAULT_VEHTYPE" speed="9.98" pos="180.10" lane="4/1to3/1_0" slope="0.00"/>
        <vehicle id="37" x="398.35" y="591.05" angle="0.00" type="DEFAULT_VEHTYPE" speed="13.77" pos="4.20" lane="2/3to2/2_0" slope="0.00"/>
        <vehicle id="39" x="196.12" y="198.23" angle="88.61" type="DEFAULT_VEHTYPE" speed="6.95" pos="0.88" lane=":1/1_12_0" slope="0.00"/>
        <vehicle id="40" x="718.56" y="198.35" angle="90.00" type="DEFAULT_VEHTYPE" speed="13.12" pos="113.81" lane="3/1to4/1_0" slope="0.00"/>
        <vehicle id="42" x="248.45" y="201.65" angle="-90.00" type="DEFAULT_VEHTYPE" speed="12.92" pos="146.80" lane="2/1to1/1_0" slope="0.00"/>
        <vehicle id="43" x="398.35" y="524.69" angle="0.00" type="DEFAULT_VEHTYPE" speed="13.19" pos="70.56" lane="2/3to2/2_0" slope="0.00"/>
        <vehicle id="44" x="559.89" y="401.65" angle="-90.00" type="DEFAULT_VEHTYPE" speed="13.23" pos="35.36" lane="3/2to2/2_0" slope="0.00"/>
        <vehicle id="48" x="665.12" y="201.65" angle="-90.00" type="DEFAULT_VEHTYPE" speed="13.26" pos="134.88" lane="4/1to3/1_0" slope="0.00"/>
        <vehicle id="49" x="398.35" y="797.17" angle="-18.16" type="DEFAULT_VEHTYPE" speed="13.18" pos="2.83" lane="2/4to2/3_0" slope="0.00"/>
        <vehicle id="5" x="398.35" y="334.78" angle="0.00" type="DEFAULT_VEHTYPE" speed="13.78" pos="60.47" lane="2/2to2/1_0" slope="0.00"/>
        <vehicle id="6" x="398.35" y="652.97" angle="0.00" type="DEFAULT_VEHTYPE" speed="13.56" pos="147.03" lane="2/4to2/3_0" slope="0.00"/>
        <vehicle id="7" x="213.53" y="201.65" angle="-90.00" type="DEFAULT_VEHTYPE" speed="7.51" pos="181.72" lane="2/1to1/1_0" slope="0.00"/>
        <vehicle id="8" x="664.40" y="598.35" angle="90.00" type="DEFAULT_VEHTYPE" speed="12.68" pos="59.65" lane="3/3to4/3_0" slope="0.00"/>
        <vehicle id="9" x="502.60" y="198.35" angle="90.00" type="DEFAULT_VEHTYPE" speed="13.87" pos="97.85" lane="2/1to3/1_0" slope="0.00"/>
    </timestep>
    <timestep time="553.00">
        <vehicle id="0" x="598.35" y="529.94" angle="0.00" type="DEFAULT_VEHTYPE" speed="12.98" pos="65.31" lane="3/3to3/2_0" slope="0.00"/>
        <vehicle id="10" x="580.67" y="198.35" angle="90.00" type="DEFAULT_VEHTYPE" speed="10.12" pos="175.92" lane="2/1to3/1_0" slope="0.00"/>
        <vehicle id="11" x="201.65" y="560.76" angle="180.00" type="DEFAULT_VEHTYPE" speed="12.96" pos="156.01" lane="1/2to1/3_0" slope="0.00"/>
        <vehicle id="15" x="601.65" y="398.05" angle="180.00" type="DEFAULT_VEHTYPE" speed="12.68" pos="2.80" lane=":3/2_9_0" slope="0.00"/>
        <vehicle id="16" x="234.12" y="598.35" angle="90.00" type="DEFAULT_VEHTYPE" speed="12.64" pos="29.37" lane="1/3to2/3_0" slope="0.00"/>
        <vehicle id="17" x="301.60" y="598.35" angle="90.00" type="DEFAULT_VEHTYPE" speed="12.93" pos="96.85" lane="1/3to2/3_0" slope="0.00"/>
        <vehicle id="18" x="632.91" y="601.65" angle="-90.00" type="DEFAULT_VEHTYPE" speed="12.75" pos="167.09" lane="4/3to3/3_0" slope="0.00"/>
        <vehicle id="2" x="436.82" y="401.65" angle="-90.00" type="DEFAULT_VEHTYPE" speed="13.48" pos="158.43" lane="3/2to2/2_0" slope="0.00"/>
        <vehicle id="24" x="321.05" y="201.65" angle="-90.00" type="DEFAULT_VEHTYPE" speed="13.66" pos="74.20" lane="2/1to1/1_0" slope="0.00"/>
        <vehicle id="28" x="696.22" y="198.35" angle="90.00" type="DEFAULT_VEHTYPE" speed="13.09" pos="91.47" lane="3/1to4/1_0" slope="0.00"/>
        <vehicle id="29" x="401.65" y="97.28" angle="180.00" type="DEFAULT_VEHTYPE" speed="13.29" pos="97.28" lane="2/0to2/1_0" slope="0.00"/>
        <vehicle id="3" x="598.35" y="587.51" angle="0.00" type="DEFAULT_VEHTYPE" speed="9.31" pos="7.74" lane="3/3to3/2_0" slope="0.00"/>
        <vehicle id="33" x="613.02" y="201.65" angle="-90.00" type="DEFAULT_VEHTYPE" speed="6.88" pos="186.98" lane="4/1to3/1_0" slope="0.00"/>
        <vehicle id="37" x="398.35" y="577.66" angle="0.00" type="DEFAULT_VEHTYPE" speed="13.39" pos="17.59" lane="2/3to2/2_0" slope="0.00"/>
        <vehicle id="39" x="198.35" y="190.69" angle="0.71" type="DEFAULT_VEHTYPE" speed="8.68" pos="4.56" lane="1/1to1/0_0" slope="0.00"/>
        <vehicle id="40" x="731.88" y="198.35" angle="90.00" type="DEFAULT_VEHTYPE" speed="13.32" pos="127.13" lane="3/1to4/1_0" slope="0.00"/>
        <vehicle id="42" x="234.97" y="201.65" angle="-90.00" type="DEFAULT_VEHTYPE" speed="13.48" pos="160.28" lane="2/1to1/1_0" slope="0.00"/>
        <vehicle id="43" x="398.35" y="510.92" angle="0.00" type="DEFAULT_VEHTYPE" speed="13.76" pos="84.33" lane="2/3to2/2_0" slope="0.00"/>
        <vehicle id="44" x="546.74" y="401.65" angle="-90.00" type="DEFAULT_VEHTYPE" speed="13.15" pos="48.51" lane="3/2to2/2_0" slope="0.00"/>
        <vehicle id="48" x="651.59" y="201.65" angle="-90.00" type="DEFAULT_VEHTYPE" speed="13.52" pos="148.41" lane="4/1to3/1_0" slope="0.00"/>
        <vehicle id="49" x="398.35" y="784.13" angle="0.00" type="DEFAULT_VEHTYPE" speed="13.04" pos="15.87" lane="2/4to2/3_0" slope="0.00"/>
        <vehicle id="5" x="398.35" y="321.28" angle="0.00" type="DEFAULT_VEHTYPE" speed="13.50" pos="73.97" lane="2/2to2/1_0" slope="0.00"/>
        <vehicle id="6" x="398.35" y="639.88" angle="0.00" type="DEFAULT_VEHTYPE" speed="13.10" pos="160.12" lane="2/4to2/3_0" slope="0.00"/>
        <vehicle id="7" x="210.51" y="201.65" angle="-90.00" type="DEFAULT_VEHTYPE" speed="3.02" pos="184.74" lane="2/1to1/1_0" slope="0.00"/>
        <vehicle id="8" x="678.29" y="598.35" angle="90.00" type="DEFAULT_VEHTYPE" speed="13.89" pos="73.54" lane="3/3to4/3_0" slope="0.00"/>
        <vehicle id="9" x="515.99" y="198.35" angle="90.00" type="DEFAULT_VEHTYPE" speed="13.39" pos="111.24" lane="2/1to3/1_0" slope="0.00"/>
    </timestep>
    <timestep time="554.00">
        <vehicle id="0" x="598.35" y="516.63" angle="0.00" type="DEFAULT_VEHTYPE" speed="13.30" pos="78.62" lane="3/3to3/2_0" slope="0.00"/>
        <vehicle id="10" x="587.09" y="198.35" angle="90.00" type="DEFAULT_VEHTYPE" speed="6.43" pos="182.34" lane="2/1to3/1_0" slope="0.00"/>
        <vehicle id="11" x="201.65" y="573.61" angle="180.00" type="DEFAULT_VEHTYPE" speed="12.85" pos="168.86" lane="1/2to1/3_0" slope="0.00"/>
        <vehicle id="15" x="601.65" y="411.42" angle="180.00" type="DEFAULT_VEHTYPE" speed="13.37" pos="6.67" lane="3/2to3/3_0" slope="0.00"/>
        <vehicle id="16" x="247.03" y="598.35" angle="90.00" type="DEFAULT_VEHTYPE" speed="12.90" pos="42.28" lane="1/3to2/3_0" slope="0.00"/>
        <vehicle id="17" x="315.14" y="598.35" angle="90.00" type="DEFAULT_VEHTYPE" speed="13.54" pos="110.39" lane="1/3to2/3_0" slope="0.00"/>
        <vehicle id="18" x="621.60" y="601.65" angle="-90.00" type="DEFAULT_VEHTYPE" speed="11.31" pos="178.40" lane="4/3to3/3_0" slope="0.00"/>
        <vehicle id="2" x="424.59" y="401.65" angle="-90.00" type="DEFAULT_VEHTYPE" speed="12.23" pos="170.66" lane="3/2to2/2_0" slope="0.00"/>
        <vehicle id="24" x="307.47" y="201.65" angle="-90.00" type="DEFAULT_VEHTYPE" speed="13.58" pos="87.78" lane="2/1to1/1_0" slope="0.00"/>
        <vehicle id="28" x="710.03" y="198.35" angle="90.00" type="DEFAULT_VEHTYPE" speed="13.81" pos="105.28" lane="3/1to4/1_0" slope="0.00"/>
        <vehicle id="29" x="401.65" y="110.77" angle="180.00" type="DEFAULT_VEHTYPE" speed="13.49" pos="110.77" lane="2/0to2/1_0" slope="0.00"/>
        <vehicle id="3" x="598.35" y="576.31" angle="0.00" type="DEFAULT_VEHTYPE" speed="11.20" pos="18.94" lane="3/3to3/2_0" slope="0.00"/>
        <vehicle id="33" x="609.88" y="201.65" angle="-90.00" type="DEFAULT_VEHTYPE" speed="3.14" pos="190.12" lane="4/1to3/1_0" slope="0.00"/>
        <vehicle id="37" x="398.35" y="564.27" angle="0.00" type="DEFAULT_VEHTYPE" speed="13.39" pos="30.98" lane="2/3to2/2_0" slope="0.00"/>
        <vehicle id="39" x="198.35" y="179.67" angle="0.00" type="DEFAULT_VEHTYPE" speed="11.03" pos="15.58" lane="1/1to1/0_0" slope="0.00"/>
        <vehicle id="40" x="744.63" y="198.35" angle="90.00" type="DEFAULT_VEHTYPE" speed="12.75" pos="139.88" lane="3/1to4/1_0" slope="0.00"/>
        <vehicle id="42" x="225.99" y="201.65" angle="-90.00" type="DEFAULT_VEHTYPE" speed="8.98" pos="169.26" lane="2/1to1/1_0" slope="0.00"/>
        <vehicle id="43" x="398.35" y="497.33" angle="0.00" type="DEFAULT_VEHTYPE" speed="13.59" pos="97.92" lane="2/3to2/2_0" slope="0.00"/>
        <vehicle id="44" x="532.93" y="401.65" angle="-90.00" type="DEFAULT_VEHTYPE" speed="13.81" pos="62.32" lane="3/2to2/2_0" slope="0.00"/>
        <vehicle id="48" x="638.11" y="201.65" angle="-90.00" type="DEFAULT_VEHTYPE" speed="13.48" pos="161.89" lane="4/1to3/1_0" slope="0.00"/>
        <vehicle id="49" x="398.35" y="771.43" angle="0.00" type="DEFAULT_VEHTYPE" speed="12.70" pos="28.57" lane="2/4to2/3_0" slope="0.00"/>
        <vehicle id="5" x="398.35" y="308.62" angle="0.00" type="DEFAULT_VEHTYPE" speed="12.66" pos="86.63" lane="2/2to2/1_0" slope="0.00"/>
        <vehicle id="6" x="398.35" y="627.15" angle="0.00" type="DEFAULT_VEHTYPE" speed="12.73" pos="172.85" lane="2/4to2/3_0" slope="0.00"/>
        <vehicle id="7" x="205.01" y="201.65" angle="-90.00" type="DEFAULT_VEHTYPE" speed="5.50" pos="190.24" lane="2/1to1/1_0" slope="0.00"/>
        <vehicle id="8" x="691.43" y="598.35" angle="90.00" type="DEFAULT_VEHTYPE" speed="13.14" pos="86.68" lane="3/3to4/3_0" slope="0.00"/>
        <vehicle id="9" x="529.04" y="198.35" angle="90.00" type="DEFAULT_VEHTYPE" speed="13.06" pos="124.29" lane="2/1to3/1_0" slope="0.00"/>
    </timestep>
    <timestep time="555.00">
        <vehicle id="0" x="598.35" y="503.82" angle="0.00" type="DEFAULT_VEHTYPE" speed="12.81" pos="91.43" lane="3/3to3/2_0" slope="0.00"/>
        <vehicle id="10" x="590.62" y="198.35" angle="90.00" type="DEFAULT_VEHTYPE" speed="3.53" pos="185.87" lane="2/1to3/1_0" slope="0.00"/>
        <vehicle id="11" x="201.65" y="586.62" angle="180.00" type="DEFAULT_VEHTYPE" speed="13.01" pos="181.87" lane="1/2to1/3_0" slope="0.00"/>
        <vehicle id="15" x="601.65" y="425.06" angle="180.00" type="DEFAULT_VEHTYPE" speed="13.65" pos="20.31" lane="3/2to3/3_0" slope="0.00"/>
        <vehicle id="16" x="260.61" y="598.35" angle="90.00" type="DEFAULT_VEHTYPE" speed="13.58" pos="55.86" lane="1/3to2/3_0" slope="0.00"/>
        <vehicle id="17" x="328.56" y="598.35" angle="90.00" type="DEFAULT_VEHTYPE" speed="13.42" pos="123.81" lane="1/3to2/3_0" slope="0.00"/>
        <vehicle id="18" x="614.65" y="601.65" angle="-90.00" type="DEFAULT_VEHTYPE" speed="6.95" pos="185.35" lane="4/3to3/3_0" slope="0.00"/>
        <vehicle id="2" x="416.86" y="401.65" angle="-90.00" type="DEFAULT_VEHTYPE" speed="7.73" pos="178.39" lane="3/2to2/2_0" slope="0.00"/>
        <vehicle id="24" x="294.26" y="201.65" angle="-90.00" type="DEFAULT_VEHTYPE" speed="13.21" pos="100.99" lane="2/1to1/1_0" slope="0.00"/>
        <vehicle id="28" x="723.58" y="198.35" angle="90.00" type="DEFAULT_VEHTYPE" speed="13.54" pos="118.83" lane="3/1to4/1_0" slope="0.00"/>
        <vehicle id="29" x="401.65" y="123.49" angle="180.00" type="DEFAULT_VEHTYPE" speed="12.72" pos="123.49" lane="2/0to2/1_0" slope="0.00"/>
        <vehicle id="3" x="598.35" y="562.79" angle="0.00" type="DEFAULT_VEHTYPE" speed="13.52" pos="32.46" lane="3/3to3/2_0" slope="0.00"/>
        <vehicle id="33" x="604.81" y="201.65" angle="-90.00" type="DEFAULT_VEHTYPE" speed="5.07" pos="195.19" lane="4/1to3/1_0" slope="0.00"/>
        <vehicle id="37" x="398.35" y="551.00" angle="0.00" type="DEFAULT_VEHTYPE" speed="13.26" pos="44.25" lane="2/3to2/2_0" slope="0.00"/>
        <vehicle id="39" x="198.35" y="167.17" angle="0.00" type="DEFAULT_VEHTYPE" speed="12.49" pos="28.08" lane="1/1to1/0_0" slope="0.00"/>
        <vehicle id="40" x="757.92" y="198.35" angle="90.00" type="DEFAULT_VEHTYPE" speed="13.28" pos="153.17" lane="3/1to4/1_0" slope="0.00"/>
        <vehicle id="42" x="217.96" y="201.65" angle="-90.00" type="DEFAULT_VEHTYPE" speed="8.03" pos="177.29" lane="2/1to1/1_0" slope="0.00"/>
        <vehicle id="43" x="398.35" y="484.02" angle="0.00" type="DEFAULT_VEHTYPE" speed="13.31" pos="111.23" lane="2/3to2/2_0" slope="0.00"/>
        <vehicle id="44" x="519.86" y="401.65" angle="-90.00" type="DEFAULT_VEHTYPE" speed="13.06" pos="75.39" lane="3/2to2/2_0" slope="0.00"/>
        <vehicle id="48" x="629.12" y="201.65" angle="-90.00" type="DEFAULT_VEHTYPE" speed="8.98" pos="170.88" lane="4/1to3/1_0" slope="0.00"/>
        <vehicle id="49" x="398.35" y="758.53" angle="0.00" type="DEFAULT_VEHTYPE" speed="12.89" pos="41.47" lane="2/4to2/3_0" slope="0.00"/>
        <vehicle id="5" x="398.35" y="295.91" angle="0.00" type="DEFAULT_VEHTYPE" speed="12.70" pos="99.34" lane="2/2to2/1_0" slope="0.00"/>
        <vehicle id="6" x="398.35" y="614.52" angle="0.00" type="DEFAULT_VEHTYPE" speed="12.63" pos="185.48" lane="2/4to2/3_0" slope="0.00"/>
        <vehicle id="7" x="201.65" y="206.35" angle="-160.65" type="DEFAULT_VEHTYPE" speed="6.86" pos="1.60" lane="1/1to1/2_0" slope="0.00"/>
        <vehicle id="8" x="704.78" y="598.35" angle="90.00" type="DEFAULT_VEHTYPE" speed="13.36" pos="100.03" lane="3/3to4/3_0" slope="0.00"/>
        <vehicle id="9" x="542.00" y="198.35" angle="90.00" type="DEFAULT_VEHTYPE" speed="12.96" pos="137.25" lane="2/1to3/1_0" slope="0.00"/>
    </timestep>
    <timestep time="556.00">
        <vehicle id="0" x="598.35" y="490.06" angle="0.00" type="DEFAULT_VEHTYPE" speed="13.76" pos="105.19" lane="3/3to3/2_0" slope="0.00"/>
        <vehicle id="10" x="596.08" y="198.35" angle="90.00" type="DEFAULT_VEHTYPE" speed="5.46" pos="0.83" lane=":3/1_13_0" slope="0.00"/>
        <vehicle id="11" x="204.82" y="598.35" angle="133.75" type="DEFAULT_VEHTYPE" speed="13.70" pos="0.07" lane="1/3to2/3_0" slope="0.00"/>
        <vehicle id="15" x="601.65" y="438.20" angle="180.00" type="DEFAULT_VEHTYPE" speed="13.14" pos="33.45" lane="3/2to3/3_0" slope="0.00"/>
        <vehicle id="16" x="273.36" y="598.35" angle="90.00" type="DEFAULT_VEHTYPE" speed="12.75" pos="68.61" lane="1/3to2/3_0" slope="0.00"/>
        <vehicle id="17" x="341.53" y="598.35" angle="90.00" type="DEFAULT_VEHTYPE" speed="12.97" pos="136.78" lane="1/3to2/3_0" slope="0.00"/>
        <vehicle id="18" x="610.09" y="601.65" angle="-90.00" type="DEFAULT_VEHTYPE" speed="4.57" pos="189.91" lane="4/3to3/3_0" slope="0.00"/>
        <vehicle id="2" x="411.97" y="401.65" angle="-90.00" type="DEFAULT_VEHTYPE" speed="4.89" pos="183.28" lane="3/2to2/2_0" slope="0.00"/>
        <vehicle id="24" x="280.44" y="201.65" angle="-90.00" type="DEFAULT_VEHTYPE" speed="13.81" pos="114.81" lane="2/1to1/1_0" slope="0.00"/>
        <vehicle id="28" x="737.04" y="198.35" angle="90.00" type="DEFAULT_VEHTYPE" speed="13.46" pos="132.29" lane="3/1to4/1_0" slope="0.00"/>
        <vehicle id="29" x="401.65" y="136.62" angle="180.00" type="DEFAULT_VEHTYPE" speed="13.14" pos="136.62" lane="2/0to2/1_0" slope="0.00"/>
        <vehicle id="3" x="598.35" y="549.70" angle="0.00" type="DEFAULT_VEHTYPE" speed="13.09" pos="45.55" lane="3/3to3/2_0" slope="0.00"/>
        <vehicle id="33" x="601.65" y="206.72" angle="-164.92" type="DEFAULT_VEHTYPE" speed="7.03" pos="1.97" lane="3/1to3/2_0" slope="0.00"/>
        <vehicle id="37" x="398.35" y="537.58" angle="0.00" type="DEFAULT_VEHTYPE" speed="13.43" pos="57.67" lane="2/3to2/2_0" slope="0.00"/>
        <vehicle id="39" x="198.35" y="154.30" angle="0.00" type="DEFAULT_VEHTYPE" speed="12.87" pos="40.95" lane="1/1to1/0_0" slope="0.00"/>
        <vehicle id="40" x="771.67" y="198.35" angle="90.00" type="DEFAULT_VEHTYPE" speed="13.75" pos="166.92" lane="3/1to4/1_0" slope="0.00"/>
        <vehicle id="42" x="212.41" y="201.65" angle="-90.00" type="DEFAULT_VEHTYPE" speed="5.56" pos="182.84" lane="2/1to1/1_0" slope="0.00"/>
        <vehicle id="43" x="398.35" y="470.32" angle="0.00" type="DEFAULT_VEHTYPE" speed="13.70" pos="124.93" lane="2/3to2/2_0" slope="0.00"/>
        <vehicle id="44" x="507.25" y="401.65" angle="-90.00" type="DEFAULT_VEHTYPE" speed="12.61" pos="88.00" lane="3/2to2/2_0" slope="0.00"/>
        <vehicle id="48" x="619.35" y="201.65" angle="-90.00" type="DEFAULT_VEHTYPE" speed="9.77" pos="180.65" lane="4/1to3/1_0" slope="0.00"/>
        <vehicle id="49" x="398.35" y="744.82" angle="0.00" type="DEFAULT_VEHTYPE" speed="13.71" pos="55.18" lane="2/4to2/3_0" slope="0.00"/>
        <vehicle id="5" x="398.35" y="282.45" angle="0.00" type="DEFAULT_VEHTYPE" speed="13.46" pos="112.80" lane="2/2to2/1_0" slope="0.00"/>
        <vehicle id="6" x="398.35" y="601.86" angle="0.00" type="DEFAULT_VEHTYPE" speed="12.65" pos="2.89" lane=":2/3_1_0" slope="0.00"/>
        <vehicle id="7" x="201.65" y="215.38" angle="180.00" type="DEFAULT_VEHTYPE" speed="9.03" pos="10.63" lane="1/1to1/2_0" slope="0.00"/>
        <vehicle id="8" x="717.75" y="598.35" angle="90.00" type="DEFAULT_VEHTYPE" speed="12.97" pos="113.00" lane="3/3to4/3_0" slope="0.00"/>
        <vehicle id="9" x="554.95" y="198.35" angle="90.00" type="DEFAULT_VEHTYPE" speed="12.94" pos="150.20" lane="2/1to3/1_0" slope="0.00"/>
    </timestep>
    <timestep time="557.00">
        <vehicle id="0" x="598.35" y="477.30" angle="0.00" type="DEFAULT_VEHTYPE" speed="12.76" pos="117.95" lane="3/3to3/2_0" slope="0.00"/>
        <vehicle id="10" x="603.93" y="198.35" angle="90.00" type="DEFAULT_VEHTYPE" speed="7.85" pos="8.68" lane=":3/1_13_0" slope="0.00"/>
        <vehicle id="11" x="217.83" y="598.35" angle="90.00" type="DEFAULT_VEHTYPE" speed="13.01" pos="13.08" lane="1/3to2/3_0" slope="0.00"/>
        <vehicle id="15" x="601.65" y="451.91" angle="180.00" type="DEFAULT_VEHTYPE" speed="13.71" pos="47.16" lane="3/2to3/3_0" slope="0.00"/>
        <vehicle id="16" x="286.87" y="598.35" angle="90.00" type="DEFAULT_VEHTYPE" speed="13.52" pos="82.12" lane="1/3to2/3_0" slope="0.00"/>
        <vehicle id="17" x="354.35" y="598.35" angle="90.00" type="DEFAULT_VEHTYPE" speed="12.82" pos="149.60" lane="1/3to2/3_0" slope="0.00"/>
        <vehicle id="18" x="604.00" y="601.54" angle="-88.77" type="DEFAULT_VEHTYPE" speed="6.10" pos="0.76" lane=":3/3_6_0" slope="0.00"/>
        <vehicle id="2" x="409.22" y="401.65" angle="-90.00" type="DEFAULT_VEHTYPE" speed="2.75" pos="186.03" lane="3/2to2/2_0" slope="0.00"/>
        <vehicle id="24" x="267.80" y="201.65" angle="-90.00" type="DEFAULT_VEHTYPE" speed="12.65" pos="127.45" lane="2/1to1/1_0" slope="0.00"/>
        <vehicle id="28" x="750.84" y="198.35" angle="90.00" type="DEFAULT_VEHTYPE" speed="13.80" pos="146.09" lane="3/1to4/1_0" slope="0.00"/>
        <vehicle id="29" x="401.65" y="149.52" angle="180.00" type="DEFAULT_VEHTYPE" speed="12.90" pos="149.52" lane="2/0to2/1_0" slope="0.00"/>
        <vehicle id="3" x="598.35" y="536.09" angle="0.00" type="DEFAULT_VEHTYPE" speed="13.62" pos="59.16" lane="3/3to3/2_0" slope="0.00"/>
        <vehicle id="33" x="601.65" y="216.13" angle="180.00" type="DEFAULT_VEHTYPE" speed="9.41" pos="11.38" lane="3/1to3/2_0" slope="0.00"/>
        <vehicle id="37" x="398.35" y="524.01" angle="0.00" type="DEFAULT_VEHTYPE" speed="13.56" pos="71.24" lane="2/3to2/2_0" slope="0.00"/>
        <vehicle id="39" x="198.35" y="141.35" angle="0.00" type="DEFAULT_VEHTYPE" speed="12.95" pos="53.90" lane="1/1to1/0_0" slope="0.00"/>
        <vehicle id="40" x="785.53" y="198.35" angle="90.00" type="DEFAULT_VEHTYPE" speed="13.87" pos="180.78" lane="3/1to4/1_0" slope="0.00"/>
        <vehicle id="42" x="209.29" y="201.65" angle="-90.00" type="DEFAULT_VEHTYPE" speed="3.12" pos="185.96" lane="2/1to1/1_0" slope="0.00"/>
        <vehicle id="43" x="398.35" y="457.53" angle="0.00" type="DEFAULT_VEHTYPE" speed="12.79" pos="137.72" lane="2/3to2/2_0" slope="0.00"/>
        <vehicle id="44" x="493.81" y="401.65" angle="-90.00" type="DEFAULT_VEHTYPE" speed="13.44" pos="101.44" lane="3/2to2/2_0" slope="0.00"/>
        <vehicle id="48" x="612.92" y="201.65" angle="-90.00" type="DEFAULT_VEHTYPE" speed="6.43" pos="187.08" lane="4/1to3/1_0" slope="0.00"/>
        <vehicle id="49" x="398.35" y="731.90" angle="0.00" type="DEFAULT_VEHTYPE" speed="12.92" pos="68.10" lane="2/4to2/3_0" slope="0.00"/>
        <vehicle id="5" x="398.35" y="268.94" angle="0.00" type="DEFAULT_VEHTYPE" speed="13.51" pos="126.31" lane="2/2to2/1_0" slope="0.00"/>
        <vehicle id="6" x="398.35" y="588.85" angle="0.00" type="DEFAULT_VEHTYPE" speed="13.02" pos="6.40" lane="2/3to2/2_0" slope="0.00"/>
        <vehicle id="7" x="201.65" y="226.54" angle="180.00" type="DEFAULT_VEHTYPE" speed="11.16" pos="21.79" lane="1/1to1/2_0" slope="0.00"/>
        <vehicle id="8" x="730.49" y="598.35" angle="90.00" type="DEFAULT_VEHTYPE" speed="12.74" pos="125.74" lane="3/3to4/3_0" slope="0.00"/>
        <vehicle id="9" x="568.05" y="198.35" angle="90.00" type="DEFAULT_VEHTYPE" speed="13.10" pos="163.30" lane="2/1to3/1_0" slope="0.00"/>
    </timestep>
    <timestep time="558.00">
        <vehicle id="0" x="598.35" y="464.54" angle="0.00" type="DEFAULT_VEHTYPE" speed="12.76" pos="130.71" lane="3/3to3/2_0" slope="0.00"/>
        <vehicle id="10" x="613.84" y="198.35" angle="90.00" type="DEFAULT_VEHTYPE" speed="9.91" pos="9.09" lane="3/1to4/1_0" slope="0.00"/>
        <vehicle id="11" x="231.71" y="598.35" angle="90.00" type="DEFAULT_VEHTYPE" speed="13.88" pos="26.96" lane="1/3to2/3_0" slope="0.00"/>
        <vehicle id="15" x="601.65" y="465.59" angle="180.00" type="DEFAULT_VEHTYPE" speed="13.68" pos="60.84" lane="3/2to3/3_0" slope="0.00"/>
        <vehicle id="16" x="299.67" y="598.35" angle="90.00" type="DEFAULT_VEHTYPE" speed="12.80" pos="94.92" lane="1/3to2/3_0" slope="0.00"/>
        <vehicle id="17" x="368.10" y="598.35" angle="90.00" type="DEFAULT_VEHTYPE" speed="13.75" pos="163.35" lane="1/3to2/3_0" slope="0.00"/>
        <vehicle id="18" x="598.53" y="596.53" angle="-30.21" type="DEFAULT_VEHTYPE" speed="8.27" pos="9.03" lane=":3/3_6_0" slope="0.00"/>
        <vehicle id="2" x="404.99" y="401.65" angle="-90.00" type="DEFAULT_VEHTYPE" speed="4.23" pos="190.26" lane="3/2to2/2_0" slope="0.00"/>
        <vehicle id="24" x="254.14" y="201.65" angle="-90.00" type="DEFAULT_VEHTYPE" speed="13.66" pos="141.11" lane="2/1to1/1_0" slope="0.00"/>
        <vehicle id="28" x="764.73" y="198.35" angle="90.00" type="DEFAULT_VEHTYPE" speed="13.89" pos="159.98" lane="3/1to4/1_0" slope="0.00"/>
        <vehicle id="29" x="401.65" y="162.96" angle="180.00" type="DEFAULT_VEHTYPE" speed="13.43" pos="162.96" lane="2/0to2/1_0" slope="0.00"/>
        <vehicle id="3" x="598.35" y="523.20" angle="0.00" type="DEFAULT_VEHTYPE" speed="12.89" pos="72.05" lane="3/3to3/2_0" slope="0.00"/>
        <vehicle id="33" x="601.65" y="227.45" angle="180.00" type="DEFAULT_VEHTYPE" speed="11.32" pos="22.70" lane="3/1to3/2_0" slope="0.00"/>
        <vehicle id="37" x="398.35" y="511.00" angle="0.00" type="DEFAULT_VEHTYPE" speed="13.01" pos="84.25" lane="2/3to2/2_0" slope="0.00"/>
        <vehicle id="39" x="198.35" y="127.53" angle="0.00" type="DEFAULT_VEHTYPE" speed="13.82" pos="67.72" lane="1/1to1/0_0" slope="0.00"/>
        <vehicle id="40" x="798.48" y="198.35" angle="90.00" type="DEFAULT_VEHTYPE" speed="12.94" pos="193.73" lane="3/1to4/1_0" slope="0.00"/>
        <vehicle id="42" x="204.52" y="201.68" angle="-90.37" type="DEFAULT_VEHTYPE" speed="4.77" pos="0.23" lane=":1/1_4_0" slope="0.00"/>
        <vehicle id="43" x="398.35" y="444.88" angle="0.00" type="DEFAULT_VEHTYPE" speed="12.65" pos="150.37" lane="2/3to2/2_0" slope="0.00"/>
        <vehicle id="44" x="480.08" y="401.65" angle="-90.00" type="DEFAULT_VEHTYPE" speed="13.74" pos="115.17" lane="3/2to2/2_0" slope="0.00"/>
        <vehicle id="48" x="609.09" y="201.65" angle="-90.00" type="DEFAULT_VEHTYPE" speed="3.83" pos="190.91" lane="4/1to3/1_0" slope="0.00"/>
        <vehicle id="49" x="398.35" y="718.25" angle="0.00" type="DEFAULT_VEHTYPE" speed="13.66" pos="81.75" lane="2/4to2/3_0" slope="0.00"/>
        <vehicle id="5" x="398.35" y="255.41" angle="0.00" type="DEFAULT_VEHTYPE" speed="13.53" pos="139.84" lane="2/2to2/1_0" slope="0.00"/>
        <vehicle id="6" x="398.35" y="576.18" angle="0.00" type="DEFAULT_VEHTYPE" speed="12.66" pos="19.07" lane="2/3to2/2_0" slope="0.00"/>
        <vehicle id="7" x="201.65" y="239.55" angle="180.00" type="DEFAULT_VEHTYPE" speed="13.01" pos="34.80" lane="1/1to1/2_0" slope="0.00"/>
        <vehicle id="8" x="743.92" y="598.35" angle="90.00" type="DEFAULT_VEHTYPE" speed="13.43" pos="139.17" lane="3/3to4/3_0" slope="0.00"/>
        <vehicle id="9" x="578.69" y="198.35" angle="90.00" type="DEFAULT_VEHTYPE" speed="10.64" pos="173.94" lane="2/1to3/1_0" slope="0.00"/>
    </timestep>
    <timestep time="559.00">
        <vehicle id="0" x="598.35" y="451.18" angle="0.00" type="DEFAULT_VEHTYPE" speed="13.36" pos="144.07" lane="3/3to3/2_0" slope="0.00"/>
        <vehicle id="10" x="625.98" y="198.35" angle="90.00" type="DEFAULT_VEHTYPE" speed="12.14" pos="21.23" lane="3/1to4/1_0" slope="0.00"/>
        <vehicle id="11" x="245.26" y="598.35" angle="90.00" type="DEFAULT_VEHTYPE" speed="13.55" pos="40.51" lane="1/3to2/3_0" slope="0.00"/>
        <vehicle id="15" x="601.65" y="478.33" angle="180.00" type="DEFAULT_VEHTYPE" speed="12.74" pos="73.58" lane="3/2to3/3_0" slope="0.00"/>
        <vehicle id="16" x="312.56" y="598.35" angle="90.00" type="DEFAULT_VEHTYPE" speed="12.88" pos="107.81" lane="1/3to2/3_0" slope="0.00"/>
        <vehicle id="17" x="378.40" y="598.35" angle="90.00" type="DEFAULT_VEHTYPE" speed="10.30" pos="173.65" lane="1/3to2/3_0" slope="0.00"/>
        <vehicle id="18" x="598.35" y="586.71" angle="0.00" type="DEFAULT_VEHTYPE" speed="9.83" pos="8.54" lane="3/3to3/2_0" slope="0.00"/>
        <vehicle id="2" x="399.27" y="398.91" angle="-57.81" type="DEFAULT_VEHTYPE" speed="6.72" pos="6.48" lane=":2/2_6_0" slope="0.00"/>
        <vehicle id="24" x="241.19" y="201.65" angle="-90.00" type="DEFAULT_VEHTYPE" speed="12.95" pos="154.06" lane="2/1to1/1_0" slope="0.00"/>
        <vehicle id="28" x="778.62" y="198.35" angle="90.00" type="DEFAULT_VEHTYPE" speed="13.90" pos="173.87" lane="3/1to4/1_0" slope="0.00"/>
        <vehicle id="29" x="401.65" y="175.57" angle="180.00" type="DEFAULT_VEHTYPE" speed="12.62" pos="175.57" lane="2/0to2/1_0" slope="0.00"/>
        <vehicle id="3" x="598.35" y="510.43" angle="0.00" type="DEFAULT_VEHTYPE" speed="12.76" pos="84.82" lane="3/3to3/2_0" slope="0.00"/>
        <vehicle id="33" x="601.65" y="241.32" angle="180.00" type="DEFAULT_VEHTYPE" speed="13.87" pos="36.57" lane="3/1to3/2_0" slope="0.00"/>
        <vehicle id="37" x="398.35" y="498.38" angle="0.00" type="DEFAULT_VEHTYPE" speed="12.62" pos="96.87" lane="2/3to2/2_0" slope="0.00"/>
        <vehicle id="39" x="198.35" y="114.41" angle="0.00" type="DEFAULT_VEHTYPE" speed="13.11" pos="80.84" lane="1/1to1/0_0" slope="0.00"/>
        <vehicle id="40" x="793.43" y="201.65" angle="-90.00" type="DEFAULT_VEHTYPE" speed="12.91" pos="6.57" lane="4/1to3/1_0" slope="0.00"/>
        <vehicle id="42" x="201.65" y="206.67" angle="-164.34" type="DEFAULT_VEHTYPE" speed="6.69" pos="1.92" lane="1/1to1/2_0" slope="0.00"/>
        <vehicle id="43" x="398.35" y="431.54" angle="0.00" type="DEFAULT_VEHTYPE" speed="13.33" pos="163.71" lane="2/3to2/2_0" slope="0.00"/>
        <vehicle id="44" x="467.42" y="401.65" angle="-90.00" type="DEFAULT_VEHTYPE" speed="12.66" pos="127.83" lane="3/2to2/2_0" slope="0.00"/>
        <vehicle id="48" x="603.62" y="201.81" angle="-91.82" type="DEFAULT_VEHTYPE" speed="5.49" pos="1.14" lane=":3/1_4_0" slope="0.00"/>
        <vehicle id="49" x="398.35" y="704.99" angle="0.00" type="DEFAULT_VEHTYPE" speed="13.26" pos="95.01" lane="2/4to2/3_0" slope="0.00"/>
        <vehicle id="5" x="398.35" y="241.94" angle="0.00" type="DEFAULT_VEHTYPE" speed="13.47" pos="153.31" lane="2/2to2/1_0" slope="0.00"/>
        <vehicle id="6" x="398.35" y="563.55" angle="0.00" type="DEFAULT_VEHTYPE" speed="12.63" pos="31.70" lane="2/3to2/2_0" slope="0.00"/>
        <vehicle id="7" x="201.65" y="253.28" angle="180.00" type="DEFAULT_VEHTYPE" speed="13.72" pos="48.53" lane="1/1to1/2_0" slope="0.00"/>
        <vehicle id="8" x="757.30" y="598.35" angle="90.00" type="DEFAULT_VEHTYPE" speed="13.39" pos="152.55" lane="3/3to4/3_0" slope="0.00"/>
        <vehicle id="9" x="585.21" y="198.35" angle="90.00" type="DEFAULT_VEHTYPE" speed="6.53" pos="180.46" lane="2/1to3/1_0" slope="0.00"/>
    </timestep>
    <timestep time="560.00">
        <vehicle id="0" x="598.35" y="438.19" angle="0.00" type="DEFAULT_VEHTYPE" speed="12.99" pos="157.06" lane="3/3to3/2_0" slope="0.00"/>
        <vehicle id="10" x="639.10" y="198.35" angle="90.00" type="DEFAULT_VEHTYPE" speed="13.12" pos="34.35" lane="3/1to4/1_0" slope="0.00"/>
        <vehicle id="11" x="258.19" y="598.35" angle="90.00" type="DEFAULT_VEHTYPE" speed="12.93" pos="53.44" lane="1/3to2/3_0" slope="0.00"/>
        <vehicle id="15" x="601.65" y="491.05" angle="180.00" type="DEFAULT_VEHTYPE" speed="12.72" pos="86.30" lane="3/2to3/3_0" slope="0.00"/>
        <vehicle id="16" x="326.01" y="598.35" angle="90.00" type="DEFAULT_VEHTYPE" speed="13.45" pos="121.26" lane="1/3to2/3_0" slope="0.00"/>
        <vehicle id="17" x="385.45" y="598.35" angle="90.00" type="DEFAULT_VEHTYPE" speed="7.05" pos="180.70" lane="1/3to2/3_0" slope="0.00"/>
        <vehicle id="18" x="598.35" y="574.97" angle="0.00" type="DEFAULT_VEHTYPE" speed="11.74" pos="20.28" lane="3/3to3/2_0" slope="0.00"/>
        <vehicle id="2" x="398.35" y="390.66" angle="-0.67" type="DEFAULT_VEHTYPE" speed="8.43" pos="4.59" lane="2/2to2/1_0" slope="0.00"/>
        <vehicle id="24" x="228.33" y="201.65" angle="-90.00" type="DEFAULT_VEHTYPE" speed="12.86" pos="166.92" lane="2/1to1/1_0" slope="0.00"/>
        <vehicle id="28" x="791.44" y="198.35" angle="90.00" type="DEFAULT_VEHTYPE" speed="12.82" pos="186.69" lane="3/1to4/1_0" slope="0.00"/>
        <vehicle id="29" x="401.65" y="189.39" angle="180.00" type="DEFAULT_VEHTYPE" speed="13.82" pos="189.39" lane="2/0to2/1_0" slope="0.00"/>
        <vehicle id="3" x="598.35" y="497.18" angle="0.00" type="DEFAULT_VEHTYPE" speed="13.25" pos="98.07" lane="3/3to3/2_0" slope="0.00"/>
        <vehicle id="33" x="601.65" y="254.53" angle="180.00" type="DEFAULT_VEHTYPE" speed="13.21" pos="49.78" lane="3/1to3/2_0" slope="0.00"/>
        <vehicle id="37" x="398.35" y="485.68" angle="0.00" type="DEFAULT_VEHTYPE" speed="12.70" pos="109.57" lane="2/3to2/2_0" slope="0.00"/>
        <vehicle id="39" x="198.35" y="101.27" angle="0.00" type="DEFAULT_VEHTYPE" speed="13.14" pos="93.98" lane="1/1to1/0_0" slope="0.00"/>
        <vehicle id="40" x="780.34" y="201.65" angle="-90.00" type="DEFAULT_VEHTYPE" speed="13.09" pos="19.66" lane="4/1to3/1_0" slope="0.00"/>
        <vehicle id="42" x="201.65" y="214.69" angle="180.00" type="DEFAULT_VEHTYPE" speed="8.02" pos="9.94" lane="1/1to1/2_0" slope="0.00"/>
        <vehicle id="43" x="398.35" y="418.88" angle="0.00" type="DEFAULT_VEHTYPE" speed="12.66" pos="176.37" lane="2/3to2/2_0" slope="0.00"/>
        <vehicle id="44" x="454.49" y="401.65" angle="-90.00" type="DEFAULT_VEHTYPE" speed="12.92" pos="140.76" lane="3/2to2/2_0" slope="0.00"/>
        <vehicle id="48" x="601.65" y="208.10" angle="-176.13" type="DEFAULT_VEHTYPE" speed="7.21" pos="3.35" lane="3/1to3/2_0" slope="0.00"/>
        <vehicle id="49" x="398.35" y="691.50" angle="0.00" type="DEFAULT_VEHTYPE" speed="13.49" pos="108.50" lane="2/4to2/3_0" slope="0.00"/>
        <vehicle id="5" x="398.35" y="228.27" angle="0.00" type="DEFAULT_VEHTYPE" speed="13.68" pos="166.98" lane="2/2to2/1_0" slope="0.00"/>
        <vehicle id="6" x="398.35" y="549.72" angle="0.00" type="DEFAULT_VEHTYPE" speed="13.82" pos="45.53" lane="2/3to2/2_0" slope="0.00"/>
        <vehicle id="7" x="201.65" y="266.51" angle="180.00" type="DEFAULT_VEHTYPE" speed="13.23" pos="61.76" lane="1/1to1/2_0" slope="0.00"/>
        <vehicle id="8" x="770.04" y="598.35" angle="90.00" type="DEFAULT_VEHTYPE" speed="12.74" pos="165.29" lane="3/3to4/3_0" slope="0.00"/>
        <vehicle id="9" x="589.82" y="198.35" angle="90.00" type="DEFAULT_VEHTYPE" speed="4.61" pos="185.07" lane="2/1to3/1_0" slope="0.00"/>
    </timestep>
    <timestep time="561.00">
        <vehicle id="0" x="598.35" y="424.89" angle="0.00" type="DEFAULT_VEHTYPE" speed="13.30" pos="170.36" lane="3/3to3/2_0" slope="0.00"/>
        <vehicle id="10" x="652.62" y="198.35" angle="90.00" type="DEFAULT_VEHTYPE" speed="13.52" pos="47.87" lane="3/1to4/1_0" slope="0.00"/>
        <vehicle id="11" x="271.44" y="598.35" angle="90.00" type="DEFAULT_VEHTYPE" speed="13.25" pos="66.69" lane="1/3to2/3_0" slope="0.00"/>
        <vehicle id="15" x="601.65" y="504.05" angle="180.00" type="DEFAULT_VEHTYPE" speed="13.00" pos="99.30" lane="3/2to3/3_0" slope="0.00"/>
        <vehicle id="16" x="339.04" y="598.35" angle="90.00" type="DEFAULT_VEHTYPE" speed="13.03" pos="134.29" lane="1/3to2/3_0" slope="0.00"/>
        <vehicle id="17" x="390.01" y="598.35" angle="90.00" type="DEFAULT_VEHTYPE" speed="4.56" pos="185.26" lane="1/3to2/3_0" slope="0.00"/>
        <vehicle id="18" x="598.35" y="561.07" angle="0.00" type="DEFAULT_VEHTYPE" speed="13.90" pos="34.18" lane="3/3to3/2_0" slope="0.00"/>
        <vehicle id="2" x="398.35" y="380.23" angle="0.00" type="DEFAULT_VEHTYPE" speed="10.43" pos="15.02" lane="2/2to2/1_0" slope="0.00"/>
        <vehicle id="24" x="218.78" y="201.65" angle="-90.00" type="DEFAULT_VEHTYPE" speed="9.55" pos="176.47" lane="2/1to1/1_0" slope="0.00"/>
        <vehicle id="28" x="799.95" y="201.65" angle="178.61" type="DEFAULT_VEHTYPE" speed="13.43" pos="0.05" lane="4/1to3/1_0" slope="0.00"/>
        <vehicle id="29" x="407.05" y="198.35" angle="101.23" type="DEFAULT_VEHTYPE" speed="13.16" pos="2.30" lane="2/1to3/1_0" slope="0.00"/>
        <vehicle id="3" x="598.35" y="484.32" angle="0.00" type="DEFAULT_VEHTYPE" speed="12.86" pos="110.93" lane="3/3to3/2_0" slope="0.00"/>
        <vehicle id="33" x="601.65" y="268.36" angle="180.00" type="DEFAULT_VEHTYPE" speed="13.84" pos="63.61" lane="3/1to3/2_0" slope="0.00"/>
        <vehicle id="37" x="398.35" y="473.05" angle="0.00" type="DEFAULT_VEHTYPE" speed="12.63" pos="122.20" lane="2/3to2/2_0" slope="0.00"/>
        <vehicle id="39" x="198.35" y="87.82" angle="0.00" type="DEFAULT_VEHTYPE" speed="13.45" pos="107.43" lane="1/1to1/0_0" slope="0.00"/>
        <vehicle id="40" x="766.46" y="201.65" angle="-90.00" type="DEFAULT_VEHTYPE" speed="13.88" pos="33.54" lane="4/1to3/1_0" slope="0.00"/>
        <vehicle id="42" x="201.65" y="224.17" angle="180.00" type="DEFAULT_VEHTYPE" speed="9.48" pos="19.42" lane="1/1to1/2_0" slope="0.00"/>
        <vehicle id="43" x="398.35" y="405.21" angle="0.00" type="DEFAULT_VEHTYPE" speed="13.67" pos="190.04" lane="2/3to2/2_0" slope="0.00"/>
        <vehicle id="44" x="441.27" y="401.65" angle="-90.00" type="DEFAULT_VEHTYPE" speed="13.23" pos="153.98" lane="3/2to2/2_0" slope="0.00"/>
        <vehicle id="48" x="601.65" y="217.27" angle="180.00" type="DEFAULT_VEHTYPE" speed="9.17" pos="12.52" lane="3/1to3/2_0" slope="0.00"/>
        <vehicle id="49" x="398.35" y="678.19" angle="0.00" type="DEFAULT_VEHTYPE" speed="13.31" pos="121.81" lane="2/4to2/3_0" slope="0.00"/>
        <vehicle id="5" x="398.35" y="215.38" angle="0.00" type="DEFAULT_VEHTYPE" speed="12.88" pos="179.87" lane="2/2to2/1_0" slope="0.00"/>
        <vehicle id="6" x="398.35" y="536.06" angle="0.00" type="DEFAULT_VEHTYPE" speed="13.66" pos="59.19" lane="2/3to2/2_0" slope="0.00"/>
        <vehicle id="7" x="201.65" y="279.92" angle="180.00" type="DEFAULT_VEHTYPE" speed="13.41" pos="75.17" lane="1/1to1/2_0" slope="0.00"/>
        <vehicle id="8" x="782.94" y="598.35" angle="90.00" type="DEFAULT_VEHTYPE" speed="12.89" pos="178.19" lane="3/3to4/3_0" slope="0.00"/>
        <vehicle id="9" x="596.11" y="198.47" angle="91.40" type="DEFAULT_VEHTYPE" speed="6.30" pos="0.86" lane=":3/1_14_0" slope="0.00"/>
    </timestep>
    <timestep time="562.00">
        <vehicle id="0" x="598.35" y="411.52" angle="0.00" type="DEFAULT_VEHTYPE" speed="13.37" pos="183.73" lane="3/3to3/2_0" slope="0.00"/>
        <vehicle id="10" x="666.50" y="198.35" angle="90.00" type="DEFAULT_VEHTYPE" speed="13.88" pos="61.75" lane="3/1to4/1_0" slope="0.00"/>
        <vehicle id="11" x="284.13" y="598.35" angle="90.00" type="DEFAULT_VEHTYPE" speed="12.70" pos="79.38" lane="1/3to2/3_0" slope="0.00"/>
        <vehicle id="15" x="601.65" y="517.26" angle="180.00" type="DEFAULT_VEHTYPE" speed="13.21" pos="112.51" lane="3/2to3/3_0" slope="0.00"/>
        <vehicle id="16" x="352.83" y="598.35" angle="90.00" type="DEFAULT_VEHTYPE" speed="13.78" pos="148.08" lane="1/3to2/3_0" slope="0.00"/>
        <vehicle id="17" x="396.22" y="598.49" angle="91.59" type="DEFAULT_VEHTYPE" speed="6.22" pos="0.98" lane=":2/3_14_0" slope="0.00"/>
        <vehicle id="18" x="598.35" y="547.58" angle="0.00" type="DEFAULT_VEHTYPE" speed="13.49" pos="47.67" lane="3/3to3/2_0" slope="0.00"/>
        <vehicle id="2" x="398.35" y="367.46" angle="0.00" type="DEFAULT_VEHTYPE" speed="12.77" pos="27.79" lane="2/2to2/1_0" slope="0.00"/>
        <vehicle id="24" x="212.88" y="201.65" angle="-90.00" type="DEFAULT_VEHTYPE" speed="5.90" pos="182.37" lane="2/1to1/1_0" slope="0.00"/>
        <vehicle id="28" x="786.33" y="201.65" angle="-90.00" type="DEFAULT_VEHTYPE" speed="13.62" pos="13.67" lane="4/1to3/1_0" slope="0.00"/>
        <vehicle id="29" x="420.69" y="198.35" angle="90.00" type="DEFAULT_VEHTYPE" speed="13.63" pos="15.94" lane="2/1to3/1_0" slope="0.00"/>
        <vehicle id="3" x="598.35" y="470.58" angle="0.00" type="DEFAULT_VEHTYPE" speed="13.74" pos="124.67" lane="3/3to3/2_0" slope="0.00"/>
        <vehicle id="33" x="601.65" y="281.59" angle="180.00" type="DEFAULT_VEHTYPE" speed="13.23" pos="76.84" lane="3/1to3/2_0" slope="0.00"/>
        <vehicle id="37" x="398.35" y="459.27" angle="0.00" type="DEFAULT_VEHTYPE" speed="13.78" pos="135.98" lane="2/3to2/2_0" slope="0.00"/>
        <vehicle id="39" x="198.35" y="75.12" angle="0.00" type="DEFAULT_VEHTYPE" speed="12.70" pos="120.13" lane="1/1to1/0_0" slope="0.00"/>
        <vehicle id="40" x="753.52" y="201.65" angle="-90.00" type="DEFAULT_VEHTYPE" speed="12.93" pos="46.48" lane="4/1to3/1_0" slope="0.00"/>
        <vehicle id="42" x="201.65" y="235.54" angle="180.00" type="DEFAULT_VEHTYPE" speed="11.37" pos="30.79" lane="1/1to1/2_0" slope="0.00"/>
        <vehicle id="43" x="387.61" y="401.65" angle="-90.00" type="DEFAULT_VEHTYPE" speed="13.10" pos="7.64" lane="2/2to1/2_0" slope="0.00"/>
        <vehicle id="44" x="428.87" y="401.65" angle="-90.00" type="DEFAULT_VEHTYPE" speed="12.39" pos="166.38" lane="3/2to2/2_0" slope="0.00"/>
        <vehicle id="48" x="601.65" y="228.04" angle="180.00" type="DEFAULT_VEHTYPE" speed="10.76" pos="23.29" lane="3/1to3/2_0" slope="0.00"/>
        <vehicle id="49" x="398.35" y="664.68" angle="0.00" type="DEFAULT_VEHTYPE" speed="13.51" pos="135.32" lane="2/4to2/3_0" slope="0.00"/>
        <vehicle id="5" x="397.53" y="202.39" angle="-9.71" type="DEFAULT_VEHTYPE" speed="13.19" pos="2.56" lane=":2/1_0_0" slope="0.00"/>
        <vehicle id="6" x="398.35" y="522.62" angle="0.00" type="DEFAULT_VEHTYPE" speed="13.44" pos="72.63" lane="2/3to2/2_0" slope="0.00"/>
        <vehicle id="7" x="201.65" y="293.42" angle="180.00" type="DEFAULT_VEHTYPE" speed="13.51" pos="88.67" lane="1/1to1/2_0" slope="0.00"/>
        <vehicle id="8" x="795.72" y="598.35" angle="90.00" type="DEFAULT_VEHTYPE" speed="12.79" pos="190.97" lane="3/3to4/3_0" slope="0.00"/>
        <vehicle id="9" x="601.41" y="203.05" angle="145.37" type="DEFAULT_VEHTYPE" speed="7.74" pos="8.60" lane=":3/1_14_0" slope="0.00"/>
    </timestep>
    <timestep time="563.00">
        <vehicle id="0" x="593.25" y="401.65" angle="-75.30" type="DEFAULT_VEHTYPE" speed="13.77" pos="2.00" lane="3/2to2/2_0" slope="0.00"/>
        <vehicle id="10" x="679.22" y="198.35" angle="90.00" type="DEFAULT_VEHTYPE" speed="12.71" pos="74.47" lane="3/1to4/1_0" slope="0.00"/>
        <vehicle id="11" x="296.76" y="598.35" angle="90.00" type="DEFAULT_VEHTYPE" speed="12.62" pos="92.01" lane="1/3to2/3_0" slope="0.00"/>
        <vehicle id="15" x="601.65" y="530.45" angle="180.00" type="DEFAULT_VEHTYPE" speed="13.19" pos="125.70" lane="3/2to3/3_0" slope="0.00"/>
        <vehicle id="16" x="366.69" y="598.35" angle="90.00" type="DEFAULT_VEHTYPE" speed="13.86" pos="161.94" lane="1/3to2/3_0" slope="0.00"/>
        <vehicle id="17" x="401.52" y="603.87" angle="153.97" type="DEFAULT_VEHTYPE" speed="8.45" pos="9.43" lane=":2/3_14_0" slope="0.00"/>
        <vehicle id="18" x="598.35" y="534.23" angle="0.00" type="DEFAULT_VEHTYPE" speed="13.35" pos="61.02" lane="3/3to3/2_0" slope="0.00"/>
        <vehicle id="2" x="398.35" y="354.43" angle="0.00" type="DEFAULT_VEHTYPE" speed="13.03" pos="40.82" lane="2/2to2/1_0" slope="0.00"/>
        <vehicle id="24" x="209.61" y="201.65" angle="-90.00" type="DEFAULT_VEHTYPE" speed="3.27" pos="185.64" lane="2/1to1/1_0" slope="0.00"/>
        <vehicle id="28" x="773.06" y="201.65" angle="-90.00" type="DEFAULT_VEHTYPE" speed="13.28" pos="26.94" lane="4/1to3/1_0" slope="0.00"/>
        <vehicle id="29" x="433.84" y="198.35" angle="90.00" type="DEFAULT_VEHTYPE" speed="13.16" pos="29.09" lane="2/1to3/1_0" slope="0.00"/>
        <vehicle id="3" x="598.35" y="457.40" angle="0.00" type="DEFAULT_VEHTYPE" speed="13.19" pos="137.85" lane="3/3to3/2_0" slope="0.00"/>
        <vehicle id="33" x="601.65" y="295.38" angle="180.00" type="DEFAULT_VEHTYPE" speed="13.78" pos="90.63" lane="3/1to3/2_0" slope="0.00"/>
        <vehicle id="37" x="398.35" y="445.69" angle="0.00" type="DEFAULT_VEHTYPE" speed="13.58" pos="149.56" lane="2/3to2/2_0" slope="0.00"/>
        <vehicle id="39" x="198.35" y="62.05" angle="0.00" type="DEFAULT_VEHTYPE" speed="13.08" pos="133.20" lane="1/1to1/0_0" slope="0.00"/>
        <vehicle id="40" x="740.41" y="201.65" angle="-90.00" type="DEFAULT_VEHTYPE" speed="13.11" pos="59.59" lane="4/1to3/1_0" slope="0.00"/>
        <vehicle id="42" x="201.65" y="249.26" angle="180.00" type="DEFAULT_VEHTYPE" speed="13.72" pos="44.51" lane="1/1to1/2_0" slope="0.00"/>
        <vehicle id="43" x="374.56" y="401.65" angle="-90.00" type="DEFAULT_VEHTYPE" speed="13.05" pos="20.69" lane="2/2to1/2_0" slope="0.00"/>
        <vehicle id="44" x="419.80" y="401.65" angle="-90.00" type="DEFAULT_VEHTYPE" speed="9.07" pos="175.45" lane="3/2to2/2_0" slope="0.00"/>
        <vehicle id="48" x="601.65" y="240.13" angle="180.00" type="DEFAULT_VEHTYPE" speed="12.09" pos="35.38" lane="3/1to3/2_0" slope="0.00"/>
        <vehicle id="49" x="398.35" y="651.16" angle="0.00" type="DEFAULT_VEHTYPE" speed="13.53" pos="148.84" lane="2/4to2/3_0" slope="0.00"/>
        <vehicle id="5" x="385.07" y="201.65" angle="-90.00" type="DEFAULT_VEHTYPE" speed="12.62" pos="10.18" lane="2/1to1/1_0" slope="0.00"/>
        <vehicle id="6" x="398.35" y="509.75" angle="0.00" type="DEFAULT_VEHTYPE" speed="12.87" pos="85.50" lane="2/3to2/2_0" slope="0.00"/>
        <vehicle id="7" x="201.65" y="306.80" angle="180.00" type="DEFAULT_VEHTYPE" speed="13.37" pos="102.05" lane="1/1to1/2_0" slope="0.00"/>
        <vehicle id="8" x="795.94" y="601.65" angle="-96.09" type="DEFAULT_VEHTYPE" speed="13.16" pos="4.06" lane="4/3to3/3_0" slope="0.00"/>
        <vehicle id="9" x="601.65" y="212.57" angle="180.00" type="DEFAULT_VEHTYPE" speed="9.54" pos="7.82" lane="3/1to3/2_0" slope="0.00"/>
    </timestep>
    <timestep time="564.00">
        <vehicle id="0" x="580.28" y="401.65" angle="-90.00" type="DEFAULT_VEHTYPE" speed="12.97" pos="14.97" lane="3/2to2/2_0" slope="0.00"/>
        <vehicle id="10" x="692.43" y="198.35" angle="90.00" type="DEFAULT_VEHTYPE" speed="13.21" pos="87.68" lane="3/1to4/1_0" slope="0.00"/>
        <vehicle id="11" x="309.93" y="598.35" angle="90.00" type="DEFAULT_VEHTYPE" speed="13.17" pos="105.18" lane="1/3to2/3_0" slope="0.00"/>
        <vehicle id="15" x="601.65" y="544.05" angle="180.00" type="DEFAULT_VEHTYPE" speed="13.60" pos="139.30" lane="3/2to3/3_0" slope="0.00"/>
        <vehicle id="16" x="377.30" y="598.35" angle="90.00" type="DEFAULT_VEHTYPE" speed="10.61" pos="172.55" lane="1/3to2/3_0" slope="0.00"/>
        <vehicle id="17" x="401.65" y="614.18" angle="180.00" type="DEFAULT_VEHTYPE" speed="10.31" pos="9.43" lane="2/3to2/4_0" slope="0.00"/>
        <vehicle id="18" x="598.35" y="521.47" angle="0.00" type="DEFAULT_VEHTYPE" speed="12.76" pos="73.78" lane="3/3to3/2_0" slope="0.00"/>
        <vehicle id="2" x="398.35" y="341.46" angle="0.00" type="DEFAULT_VEHTYPE" speed="12.97" pos="53.79" lane="2/2to2/1_0" slope="0.00"/>
        <vehicle id="24" x="204.76" y="201.65" angle="-90.00" type="DEFAULT_VEHTYPE" speed="4.86" pos="190.49" lane="2/1to1/1_0" slope="0.00"/>
        <vehicle id="28" x="760.40" y="201.65" angle="-90.00" type="DEFAULT_VEHTYPE" speed="12.66" pos="39.60" lane="4/1to3/1_0" slope="0.00"/>
        <vehicle id="29" x="446.61" y="198.35" angle="90.00" type="DEFAULT_VEHTYPE" speed="12.77" pos="41.86" lane="2/1to3/1_0" slope="0.00"/>
        <vehicle id="3" x="598.35" y="443.75" angle="0.00" type="DEFAULT_VEHTYPE" speed="13.65" pos="151.50" lane="3/3to3/2_0" slope="0.00"/>
        <vehicle id="33" x="601.65" y="308.83" angle="180.00" type="DEFAULT_VEHTYPE" speed="13.46" pos="104.08" lane="3/1to3/2_0" slope="0.00"/>
        <vehicle id="37" x="398.35" y="432.45" angle="0.00" type="DEFAULT_VEHTYPE" speed="13.24" pos="162.80" lane="2/3to2/2_0" slope="0.00"/>
        <vehicle id="39" x="198.35" y="48.60" angle="0.00" type="DEFAULT_VEHTYPE" speed="13.44" pos="146.65" lane="1/1to1/0_0" slope="0.00"/>
        <vehicle id="40" x="727.34" y="201.65" angle="-90.00" type="DEFAULT_VEHTYPE" speed="13.07" pos="72.66" lane="4/1to3/1_0" slope="0.00"/>
        <vehicle id="42" x="201.65" y="262.83" angle="180.00" type="DEFAULT_VEHTYPE" speed="13.58" pos="58.08" lane="1/1to1/2_0" slope="0.00"/>
        <vehicle id="43" x="361.57" y="401.65" angle="-90.00" type="DEFAULT_VEHTYPE" speed="12.99" pos="33.68" lane="2/2to1/2_0" slope="0.00"/>
        <vehicle id="44" x="413.60" y="401.65" angle="-90.00" type="DEFAULT_VEHTYPE" speed="6.20" pos="181.65" lane="3/2to2/2_0" slope="0.00"/>
        <vehicle id="48" x="601.65" y="252.86" angle="180.00" type="DEFAULT_VEHTYPE" speed="12.73" pos="48.11" lane="3/1to3/2_0" slope="0.00"/>
        <vehicle id="49" x="398.35" y="637.84" angle="0.00" type="DEFAULT_VEHTYPE" speed="13.32" pos="162.16" lane="2/4to2/3_0" slope="0.00"/>
        <vehicle id="5" x="372.18" y="201.65" angle="-90.00" type="DEFAULT_VEHTYPE" speed="12.89" pos="23.07" lane="2/1to1/1_0" slope="0.00"/>
        <vehicle id="6" x="398.35" y="496.40" angle="0.00" type="DEFAULT_VEHTYPE" speed="13.35" pos="98.85" lane="2/3to2/2_0" slope="0.00"/>
        <vehicle id="7" x="201.65" y="320.36" angle="180.00" type="DEFAULT_VEHTYPE" speed="13.56" pos="115.61" lane="1/1to1/2_0" slope="0.00"/>
        <vehicle id="8" x="782.18" y="601.65" angle="-90.00" type="DEFAULT_VEHTYPE" speed="13.75" pos="17.82" lane="4/3to3/3_0" slope="0.00"/>
        <vehicle id="9" x="601.65" y="223.52" angle="180.00" type="DEFAULT_VEHTYPE" speed="10.95" pos="18.77" lane="3/1to3/2_0" slope="0.00"/>
    </timestep>
    <timestep time="565.00">
        <vehicle id="0" x="566.93" y="401.65" angle="-90.00" type="DEFAULT_VEHTYPE" speed="13.35" pos="28.32" lane="3/2to2/2_0" slope="0.00"/>
        <vehicle id="10" x="706.22" y="198.35" angle="90.00" type="DEFAULT_VEHTYPE" speed="13.79" pos="101.47" lane="3/1to4/1_0" slope="0.00"/>
        <vehicle id="11" x="323.76" y="598.35" angle="90.00" type="DEFAULT_VEHTYPE" speed="13.83" pos="119.01" lane="1/3to2/3_0" slope="0.00"/>
        <vehicle id="15" x="601.65" y="557.66" angle="180.00" type="DEFAULT_VEHTYPE" speed="13.61" pos="152.91" lane="3/2to3/3_0" slope="0.00"/>
        <vehicle id="16" x="384.44" y="598.35" angle="90.00" type="DEFAULT_VEHTYPE" speed="7.14" pos="179.69" lane="1/3to2/3_0" slope="0.00"/>
        <vehicle id="17" x="401.65" y="625.96" angle="180.00" type="DEFAULT_VEHTYPE" speed="11.79" pos="21.21" lane="2/3to2/4_0" slope="0.00"/>
        <vehicle id="18" x="598.35" y="507.75" angle="0.00" type="DEFAULT_VEHTYPE" speed="13.72" pos="87.50" lane="3/3to3/2_0" slope="0.00"/>
        <vehicle id="2" x="398.35" y="327.86" angle="0.00" type="DEFAULT_VEHTYPE" speed="13.60" pos="67.39" lane="2/2to2/1_0" slope="0.00"/>
        <vehicle id="24" x="201.65" y="206.88" angle="-166.78" type="DEFAULT_VEHTYPE" speed="7.14" pos="2.13" lane="1/1to1/2_0" slope="0.00"/>
        <vehicle id="28" x="747.24" y="201.65" angle="-90.00" type="DEFAULT_VEHTYPE" speed="13.16" pos="52.76" lane="4/1to3/1_0" slope="0.00"/>
        <vehicle id="29" x="460.39" y="198.35" angle="90.00" type="DEFAULT_VEHTYPE" speed="13.77" pos="55.64" lane="2/1to3/1_0" slope="0.00"/>
        <vehicle id="3" x="598.35" y="430.91" angle="0.00" type="DEFAULT_VEHTYPE" speed="12.84" pos="164.34" lane="3/3to3/2_0" slope="0.00"/>
        <vehicle id="33" x="601.65" y="322.59" angle="180.00" type="DEFAULT_VEHTYPE" speed="13.75" pos="117.84" lane="3/1to3/2_0" slope="0.00"/>
        <vehicle id="37" x="398.35" y="419.48" angle="0.00" type="DEFAULT_VEHTYPE" speed="12.96" pos="175.77" lane="2/3to2/2_0" slope="0.00"/>
        <vehicle id="39" x="198.35" y="35.79" angle="0.00" type="DEFAULT_VEHTYPE" speed="12.81" pos="159.46" lane="1/1to1/0_0" slope="0.00"/>
        <vehicle id="40" x="713.90" y="201.65" angle="-90.00" type="DEFAULT_VEHTYPE" speed="13.44" pos="86.10" lane="4/1to3/1_0" slope="0.00"/>
        <vehicle id="42" x="201.65" y="276.00" angle="180.00" type="DEFAULT_VEHTYPE" speed="13.16" pos="71.25" lane="1/1to1/2_0" slope="0.00"/>
        <vehicle id="43" x="347.98" y="401.65" angle="-90.00" type="DEFAULT_VEHTYPE" speed="13.59" pos="47.27" lane="2/2to1/2_0" slope="0.00"/>
        <vehicle id="44" x="409.42" y="401.65" angle="-90.00" type="DEFAULT_VEHTYPE" speed="4.18" pos="185.83" lane="3/2to2/2_0" slope="0.00"/>
        <vehicle id="48" x="601.65" y="265.54" angle="180.00" type="DEFAULT_VEHTYPE" speed="12.68" pos="60.79" lane="3/1to3/2_0" slope="0.00"/>
        <vehicle id="49" x="398.35" y="624.61" angle="0.00" type="DEFAULT_VEHTYPE" speed="13.22" pos="175.39" lane="2/4to2/3_0" slope="0.00"/>
        <vehicle id="5" x="359.43" y="201.65" angle="-90.00" type="DEFAULT_VEHTYPE" speed="12.75" pos="35.82" lane="2/1to1/1_0" slope="0.00"/>
        <vehicle id="6" x="398.35" y="483.41" angle="0.00" type="DEFAULT_VEHTYPE" speed="12.99" pos="111.84" lane="2/3to2/2_0" slope="0.00"/>
        <vehicle id="7" x="201.65" y="333.92" angle="180.00" type="DEFAULT_VEHTYPE" speed="13.57" pos="129.17" lane="1/1to1/2_0" slope="0.00"/>
        <vehicle id="8" x="769.42" y="601.65" angle="-90.00" type="DEFAULT_VEHTYPE" speed="12.77" pos="30.58" lane="4/3to3/3_0" slope="0.00"/>
        <vehicle id="9" x="601.65" y="236.89" angle="180.00" type="DEFAULT_VEHTYPE" speed="13.38" pos="32.14" lane="3/1to3/2_0" slope="0.00"/>
    </timestep>
    <timestep time="566.00">
        <vehicle id="0" x="553.59" y="401.65" angle="-90.00" type="DEFAULT_VEHTYPE" speed="13.35" pos="41.66" lane="3/2to2/2_0" slope="0.00"/>
        <vehicle id="10" x="719.79" y="198.35" angle="90.00" type="DEFAULT_VEHTYPE" speed="13.57" pos="115.04" lane="3/1to4/1_0" slope="0.00"/>
        <vehicle id="11" x="337.23" y="598.35" angle="90.00" type="DEFAULT_VEHTYPE" speed="13.47" pos="132.48" lane="1/3to2/3_0" slope="0.00"/>
        <vehicle id="15" x="601.65" y="571.46" angle="180.00" type="DEFAULT_VEHTYPE" speed="13.81" pos="166.71" lane="3/2to3/3_0" slope="0.00"/>
        <vehicle id="16" x="388.77" y="598.35" angle="90.00" type="DEFAULT_VEHTYPE" speed="4.33" pos="184.02" lane="1/3to2/3_0" slope="0.00"/>
        <vehicle id="17" x="401.65" y="638.79" angle="180.00" type="DEFAULT_VEHTYPE" speed="12.82" pos="34.04" lane="2/3to2/4_0" slope="0.00"/>
        <vehicle id="18" x="598.35" y="494.18" angle="0.00" type="DEFAULT_VEHTYPE" speed="13.57" pos="101.07" lane="3/3to3/2_0" slope="0.00"/>
        <vehicle id="2" x="398.35" y="314.90" angle="0.00" type="DEFAULT_VEHTYPE" speed="12.96" pos="80.35" lane="2/2to2/1_0" slope="0.00"/>
        <vehicle id="24" x="201.65" y="216.48" angle="180.00" type="DEFAULT_VEHTYPE" speed="9.60" pos="11.73" lane="1/1to1/2_0" slope="0.00"/>
        <vehicle id="28" x="734.07" y="201.65" angle="-90.00" type="DEFAULT_VEHTYPE" speed="13.17" pos="65.93" lane="4/1to3/1_0" slope="0.00"/>
        <vehicle id="29" x="473.66" y="198.35" angle="90.00" type="DEFAULT_VEHTYPE" speed="13.27" pos="68.91" lane="2/1to3/1_0" slope="0.00"/>
        <vehicle id="3" x="598.35" y="418.06" angle="0.00" type="DEFAULT_VEHTYPE" speed="12.85" pos="177.19" lane="3/3to3/2_0" slope="0.00"/>
        <vehicle id="33" x="601.65" y="335.27" angle="180.00" type="DEFAULT_VEHTYPE" speed="12.69" pos="130.52" lane="3/1to3/2_0" slope="0.00"/>
        <vehicle id="37" x="398.35" y="406.74" angle="0.00" type="DEFAULT_VEHTYPE" speed="12.74" pos="188.51" lane="2/3to2/2_0" slope="0.00"/>
        <vehicle id="39" x="198.35" y="22.23" angle="0.00" type="DEFAULT_VEHTYPE" speed="13.56" pos="173.02" lane="1/1to1/0_0" slope="0.00"/>
        <vehicle id="40" x="700.94" y="201.65" angle="-90.00" type="DEFAULT_VEHTYPE" speed="12.96" pos="99.06" lane="4/1to3/1_0" slope="0.00"/>
        <vehicle id="42" x="201.65" y="288.78" angle="180.00" type="DEFAULT_VEHTYPE" speed="12.79" pos="84.03" lane="1/1to1/2_0" slope="0.00"/>
        <vehicle id="43" x="334.42" y="401.65" angle="-90.00" type="DEFAULT_VEHTYPE" speed="13.55" pos="60.83" lane="2/2to1/2_0" slope="0.00"/>
        <vehicle id="44" x="408.26" y="401.65" angle="-90.00" type="DEFAULT_VEHTYPE" speed="1.16" pos="186.99" lane="3/2to2/2_0" slope="0.00"/>
        <vehicle id="48" x="601.65" y="278.95" angle="180.00" type="DEFAULT_VEHTYPE" speed="13.41" pos="74.20" lane="3/1to3/2_0" slope="0.00"/>
        <vehicle id="49" x="398.35" y="610.83" angle="0.00" type="DEFAULT_VEHTYPE" speed="13.79" pos="189.17" lane="2/4to2/3_0" slope="0.00"/>
        <vehicle id="5" x="345.55" y="201.65" angle="-90.00" type="DEFAULT_VEHTYPE" speed="13.88" pos="49.70" lane="2/1to1/1_0" slope="0.00"/>
        <vehicle id="6" x="398.35" y="470.14" angle="0.00" type="DEFAULT_VEHTYPE" speed="13.27" pos="125.11" lane="2/3to2/2_0" slope="0.00"/>
        <vehicle id="7" x="201.65" y="347.76" angle="180.00" type="DEFAULT_VEHTYPE" speed="13.83" pos="143.01" lane="1/1to1/2_0" slope="0.00"/>
        <vehicle id="8" x="756.69" y="601.65" angle="-90.00" type="DEFAULT_VEHTYPE" speed="12.73" pos="43.31" lane="4/3to3/3_0" slope="0.00"/>
        <vehicle id="9" x="601.65" y="250.30" angle="180.00" type="DEFAULT_VEHTYPE" speed="13.41" pos="45.55" lane="3/1to3/2_0" slope="0.00"/>
    </timestep>
    <timestep time="567.00">
        <vehicle id="0" x="540.21" y="401.65" angle="-90.00" type="DEFAULT_VEHTYPE" speed="13.38" pos="55.04" lane="3/2to2/2_0" slope="0.00"/>
        <vehicle id="10" x="733.57" y="198.35" angle="90.00" type="DEFAULT_VEHTYPE" speed="13.78" pos="128.82" lane="3/1to4/1_0" slope="0.00"/>
        <vehicle id="11" x="350.20" y="598.35" angle="90.00" type="DEFAULT_VEHTYPE" speed="12.97" pos="145.45" lane="1/3to2/3_0" slope="0.00"/>
        <vehicle id="15" x="601.65" y="584.73" angle="180.00" type="DEFAULT_VEHTYPE" speed="13.27" pos="179.98" lane="3/2to3/3_0" slope="0.00"/>
        <vehicle id="16" x="390.76" y="598.35" angle="90.00" type="DEFAULT_VEHTYPE" speed="1.98" pos="186.01" lane="1/3to2/3_0" slope="0.00"/>
        <vehicle id="17" x="401.65" y="651.88" angle="180.00" type="DEFAULT_VEHTYPE" speed="13.09" pos="47.13" lane="2/3to2/4_0" slope="0.00"/>
        <vehicle id="18" x="598.35" y="480.65" angle="0.00" type="DEFAULT_VEHTYPE" speed="13.53" pos="114.60" lane="3/3to3/2_0" slope="0.00"/>
        <vehicle id="2" x="398.35" y="302.20" angle="0.00" type="DEFAULT_VEHTYPE" speed="12.70" pos="93.05" lane="2/2to2/1_0" slope="0.00"/>
        <vehicle id="24" x="201.65" y="228.05" angle="180.00" type="DEFAULT_VEHTYPE" speed="11.57" pos="23.30" lane="1/1to1/2_0" slope="0.00"/>
        <vehicle id="28" x="720.37" y="201.65" angle="-90.00" type="DEFAULT_VEHTYPE" speed="13.70" pos="79.63" lane="4/1to3/1_0" slope="0.00"/>
        <vehicle id="29" x="486.97" y="198.35" angle="90.00" type="DEFAULT_VEHTYPE" speed="13.32" pos="82.22" lane="2/1to3/1_0" slope="0.00"/>
        <vehicle id="3" x="598.31" y="404.49" angle="-0.42" type="DEFAULT_VEHTYPE" speed="13.57" pos="0.27" lane=":3/2_0_0" slope="0.00"/>
        <vehicle id="33" x="601.65" y="348.67" angle="180.00" type="DEFAULT_VEHTYPE" speed="13.39" pos="143.92" lane="3/1to3/2_0" slope="0.00"/>
        <vehicle id="37" x="389.63" y="401.65" angle="-90.00" type="DEFAULT_VEHTYPE" speed="12.61" pos="5.62" lane="2/2to1/2_0" slope="0.00"/>
        <vehicle id="39" x="198.35" y="8.90" angle="0.00" type="DEFAULT_VEHTYPE" speed="13.33" pos="186.35" lane="1/1to1/0_0" slope="0.00"/>
        <vehicle id="40" x="687.07" y="201.65" angle="-90.00" type="DEFAULT_VEHTYPE" speed="13.87" pos="112.93" lane="4/1to3/1_0" slope="0.00"/>
        <vehicle id="42" x="201.65" y="302.34" angle="180.00" type="DEFAULT_VEHTYPE" speed="13.56" pos="97.59" lane="1/1to1/2_0" slope="0.00"/>
        <vehicle id="43" x="321.71" y="401.65" angle="-90.00" type="DEFAULT_VEHTYPE" speed="12.71" pos="73.54" lane="2/2to1/2_0" slope="0.00"/>
        <vehicle id="44" x="407.68" y="401.65" angle="-90.00" type="DEFAULT_VEHTYPE" speed="0.57" pos="187.57" lane="3/2to2/2_0" slope="0.00"/>
        <vehicle id="48" x="601.65" y="291.65" angle="180.00" type="DEFAULT_VEHTYPE" speed="12.70" pos="86.90" lane="3/1to3/2_0" slope="0.00"/>
        <vehicle id="49" x="398.35" y="597.37" angle="0.00" type="DEFAULT_VEHTYPE" speed="13.46" pos="7.38" lane=":2/3_1_0" slope="0.00"/>
        <vehicle id="5" x="332.65" y="201.65" angle="-90.00" type="DEFAULT_VEHTYPE" speed="12.90" pos="62.60" lane="2/1to1/1_0" slope="0.00"/>
        <vehicle id="6" x="398.35" y="456.55" angle="0.00" type="DEFAULT_VEHTYPE" speed="13.59" pos="138.70" lane="2/3to2/2_0" slope="0.00"/>
        <vehicle id="7" x="201.65" y="360.74" angle="180.00" type="DEFAULT_VEHTYPE" speed="12.98" pos="155.99" lane="1/1to1/2_0" slope="0.00"/>
        <vehicle id="8" x="743.54" y="601.65" angle="-90.00" type="DEFAULT_VEHTYPE" speed="13.15" pos="56.46" lane="4/3to3/3_0" slope="0.00"/>
        <vehicle id="9" x="601.65" y="263.81" angle="180.00" type="DEFAULT_VEHTYPE" speed="13.51" pos="59.06" lane="3/1to3/2_0" slope="0.00"/>
    </timestep>
    <timestep time="568.00">
        <vehicle id="0" x="527.49" y="401.65" angle="-90.00" type="DEFAULT_VEHTYPE" speed="12.72" pos="67.76" lane="3/2to2/2_0" slope="0.00"/>
        <vehicle id="10" x="746.66" y="198.35" angle="90.00" type="DEFAULT_VEHTYPE" speed="13.09" pos="141.91" lane="3/1to4/1_0" slope="0.00"/>
        <vehicle id="11" x="363.47" y="598.35" angle="90.00" type="DEFAULT_VEHTYPE" speed="13.27" pos="158.72" lane="1/3to2/3_0" slope="0.00"/>
        <vehicle id="15" x="602.52" y="597.64" angle="169.72" type="DEFAULT_VEHTYPE" speed="13.13" pos="2.61" lane=":3/3_8_0" slope="0.00"/>
        <vehicle id="16" x="395.28" y="598.35" angle="90.06" type="DEFAULT_VEHTYPE" speed="4.53" pos="0.04" lane=":2/3_14_0" slope="0.00"/>
        <vehicle id="17" x="401.65" y="664.94" angle="180.00" type="DEFAULT_VEHTYPE" speed="13.06" pos="60.19" lane="2/3to2/4_0" slope="0.00"/>
        <vehicle id="18" x="598.35" y="468.03" angle="0.00" type="DEFAULT_VEHTYPE" speed="12.62" pos="127.22" lane="3/3to3/2_0" slope="0.00"/>
        <vehicle id="2" x="398.35" y="289.26" angle="0.00" type="DEFAULT_VEHTYPE" speed="12.94" pos="105.99" lane="2/2to2/1_0" slope="0.00"/>
        <vehicle id="24" x="201.65" y="241.76" angle="180.00" type="DEFAULT_VEHTYPE" speed="13.71" pos="37.01" lane="1/1to1/2_0" slope="0.00"/>
        <vehicle id="28" x="707.03" y="201.65" angle="-90.00" type="DEFAULT_VEHTYPE" speed="13.33" pos="92.97" lane="4/1to3/1_0" slope="0.00"/>
        <vehicle id="29" x="499.60" y="198.35" angle="90.00" type="DEFAULT_VEHTYPE" speed="12.63" pos="94.85" lane="2/1to3/1_0" slope="0.00"/>
        <vehicle id="3" x="586.31" y="401.65" angle="-90.00" type="DEFAULT_VEHTYPE" speed="13.68" pos="8.94" lane="3/2to2/2_0" slope="0.00"/>
        <vehicle id="33" x="601.65" y="362.13" angle="180.00" type="DEFAULT_VEHTYPE" speed="13.46" pos="157.38" lane="3/1to3/2_0" slope="0.00"/>
        <vehicle id="37" x="377.03" y="401.65" angle="-90.00" type="DEFAULT_VEHTYPE" speed="12.61" pos="18.22" lane="2/2to1/2_0" slope="0.00"/>
        <vehicle id="39" x="201.06" y="-0.89" angle="51.75" type="DEFAULT_VEHTYPE" speed="12.65" pos="3.75" lane=":1/0_0_0" slope="0.00"/>
        <vehicle id="40" x="673.70" y="201.65" angle="-90.00" type="DEFAULT_VEHTYPE" speed="13.36" pos="126.30" lane="4/1to3/1_0" slope="0.00"/>
        <vehicle id="42" x="201.65" y="316.01" angle="180.00" type="DEFAULT_VEHTYPE" speed="13.67" pos="111.26" lane="1/1to1/2_0" slope="0.00"/>
        <vehicle id="43" x="308.61" y="401.65" angle="-90.00" type="DEFAULT_VEHTYPE" speed="13.11" pos="86.64" lane="2/2to1/2_0" slope="0.00"/>
        <vehicle id="44" x="407.30" y="401.65" angle="-90.00" type="DEFAULT_VEHTYPE" speed="0.38" pos="187.95" lane="3/2to2/2_0" slope="0.00"/>
        <vehicle id="48" x="601.65" y="304.66" angle="180.00" type="DEFAULT_VEHTYPE" speed="13.01" pos="99.91" lane="3/1to3/2_0" slope="0.00"/>
        <vehicle id="49" x="398.35" y="583.60" angle="0.00" type="DEFAULT_VEHTYPE" speed="13.77" pos="11.65" lane="2/3to2/2_0" slope="0.00"/>
        <vehicle id="5" x="318.75" y="201.65" angle="-90.00" type="DEFAULT_VEHTYPE" speed="13.90" pos="76.50" lane="2/1to1/1_0" slope="0.00"/>
        <vehicle id="6" x="398.35" y="443.56" angle="0.00" type="DEFAULT_VEHTYPE" speed="12.98" pos="151.69" lane="2/3to2/2_0" slope="0.00"/>
        <vehicle id="7" x="201.65" y="374.43" angle="180.00" type="DEFAULT_VEHTYPE" speed="13.69" pos="169.68" lane="1/1to1/2_0" slope="0.00"/>
        <vehicle id="8" x="730.49" y="601.65" angle="-90.00" type="DEFAULT_VEHTYPE" speed="13.05" pos="69.51" lane="4/3to3/3_0" slope="0.00"/>
        <vehicle id="9" x="601.65" y="277.28" angle="180.00" type="DEFAULT_VEHTYPE" speed="13.46" pos="72.53" lane="3/1to3/2_0" slope="0.00"/>
    </timestep>
    <timestep time="569.00">
        <vehicle id="0" x="513.82" y="401.65" angle="-90.00" type="DEFAULT_VEHTYPE" speed="13.66" pos="81.43" lane="3/2to2/2_0" slope="0.00"/>
        <vehicle id="10" x="759.28" y="198.35" angle="90.00" type="DEFAULT_VEHTYPE" speed="12.62" pos="154.53" lane="3/1to4/1_0" slope="0.00"/>
        <vehicle id="11" x="374.88" y="598.35" angle="90.00" type="DEFAULT_VEHTYPE" speed="11.42" pos="170.13" lane="1/3to2/3_0" slope="0.00"/>
        <vehicle id="15" x="615.30" y="598.35" angle="90.00" type="DEFAULT_VEHTYPE" speed="12.94" pos="10.55" lane="3/3to4/3_0" slope="0.00"/>
        <vehicle id="16" x="400.43" y="600.59" angle="116.18" type="DEFAULT_VEHTYPE" speed="5.87" pos="5.90" lane=":2/3_14_0" slope="0.00"/>
        <vehicle id="17" x="401.65" y="677.95" angle="180.00" type="DEFAULT_VEHTYPE" speed="13.02" pos="73.20" lane="2/3to2/4_0" slope="0.00"/>
        <vehicle id="18" x="598.35" y="455.00" angle="0.00" type="DEFAULT_VEHTYPE" speed="13.03" pos="140.25" lane="3/3to3/2_0" slope="0.00"/>
        <vehicle id="2" x="398.35" y="276.36" angle="0.00" type="DEFAULT_VEHTYPE" speed="12.90" pos="118.89" lane="2/2to2/1_0" slope="0.00"/>
        <vehicle id="24" x="201.65" y="255.64" angle="180.00" type="DEFAULT_VEHTYPE" speed="13.88" pos="50.89" lane="1/1to1/2_0" slope="0.00"/>
        <vehicle id="28" x="693.42" y="201.65" angle="-90.00" type="DEFAULT_VEHTYPE" speed="13.61" pos="106.58" lane="4/1to3/1_0" slope="0.00"/>
        <vehicle id="29" x="513.18" y="198.35" angle="90.00" type="DEFAULT_VEHTYPE" speed="13.58" pos="108.43" lane="2/1to3/1_0" slope="0.00"/>
        <vehicle id="3" x="573.61" y="401.65" angle="-90.00" type="DEFAULT_VEHTYPE" speed="12.69" pos="21.64" lane="3/2to2/2_0" slope="0.00"/>
        <vehicle id="33" x="601.65" y="374.34" angle="180.00" type="DEFAULT_VEHTYPE" speed="12.21" pos="169.59" lane="3/1to3/2_0" slope="0.00"/>
        <vehicle id="37" x="363.88" y="401.65" angle="-90.00" type="DEFAULT_VEHTYPE" speed="13.15" pos="31.37" lane="2/2to1/2_0" slope="0.00"/>
        <vehicle id="39" x="201.65" y="12.09" angle="180.00" type="DEFAULT_VEHTYPE" speed="13.16" pos="12.09" lane="1/0to1/1_0" slope="0.00"/>
        <vehicle id="40" x="660.02" y="201.65" angle="-90.00" type="DEFAULT_VEHTYPE" speed="13.69" pos="139.98" lane="4/1to3/1_0" slope="0.00"/>
        <vehicle id="42" x="201.65" y="328.77" angle="180.00" type="DEFAULT_VEHTYPE" speed="12.76" pos="124.02" lane="1/1to1/2_0" slope="0.00"/>
        <vehicle id="43" x="295.17" y="401.65" angle="-90.00" type="DEFAULT_VEHTYPE" speed="13.43" pos="100.08" lane="2/2to1/2_0" slope="0.00"/>
        <vehicle id="44" x="407.26" y="401.65" angle="-90.00" type="DEFAULT_VEHTYPE" speed="0.04" pos="187.99" lane="3/2to2/2_0" slope="0.00"/>
        <vehicle id="48" x="601.65" y="317.99" angle="180.00" type="DEFAULT_VEHTYPE" speed="13.33" pos="113.24" lane="3/1to3/2_0" slope="0.00"/>
        <vehicle id="49" x="398.35" y="570.54" angle="0.00" type="DEFAULT_VEHTYPE" speed="13.05" pos="24.71" lane="2/3to2/2_0" slope="0.00"/>
        <vehicle id="5" x="305.98" y="201.65" angle="-90.00" type="DEFAULT_VEHTYPE" speed="12.76" pos="89.27" lane="2/1to1/1_0" slope="0.00"/>
        <vehicle id="6" x="398.35" y="430.52" angle="0.00" type="DEFAULT_VEHTYPE" speed="13.04" pos="164.73" lane="2/3to2/2_0" slope="0.00"/>
        <vehicle id="7" x="201.65" y="387.81" angle="180.00" type="DEFAULT_VEHTYPE" speed="13.38" pos="183.06" lane="1/1to1/2_0" slope="0.00"/>
        <vehicle id="8" x="717.83" y="601.65" angle="-90.00" type="DEFAULT_VEHTYPE" speed="12.66" pos="82.17" lane="4/3to3/3_0" slope="0.00"/>
        <vehicle id="9" x="601.65" y="290.98" angle="180.00" type="DEFAULT_VEHTYPE" speed="13.70" pos="86.23" lane="3/1to3/2_0" slope="0.00"/>
    </timestep>
    <timestep time="570.00">
        <vehicle id="0" x="500.99" y="401.65" angle="-90.00" type="DEFAULT_VEHTYPE" speed="12.84" pos="94.26" lane="3/2to2/2_0" slope="0.00"/>
        <vehicle id="10" x="772.14" y="198.35" angle="90.00" type="DEFAULT_VEHTYPE" speed="12.86" pos="167.39" lane="3/1to4/1_0" slope="0.00"/>
        <vehicle id="11" x="383.74" y="598.35" angle="90.00" type="DEFAULT_VEHTYPE" speed="8.85" pos="178.99" lane="1/3to2/3_0" slope="0.00"/>
        <vehicle id="15" x="628.42" y="598.35" angle="90.00" type="DEFAULT_VEHTYPE" speed="13.12" pos="23.67" lane="3/3to4/3_0" slope="0.00"/>
        <vehicle id="16" x="401.65" y="608.64" angle="178.20" type="DEFAULT_VEHTYPE" speed="8.31" pos="3.89" lane="2/3to2/4_0" slope="0.00"/>
        <vehicle id="17" x="401.65" y="691.43" angle="180.00" type="DEFAULT_VEHTYPE" speed="13.48" pos="86.68" lane="2/3to2/4_0" slope="0.00"/>
        <vehicle id="18" x="598.35" y="442.37" angle="0.00" type="DEFAULT_VEHTYPE" speed="12.63" pos="152.88" lane="3/3to3/2_0" slope="0.00"/>
        <vehicle id="2" x="398.35" y="262.47" angle="0.00" type="DEFAULT_VEHTYPE" speed="13.89" pos="132.78" lane="2/2to2/1_0" slope="0.00"/>
        <vehicle id="24" x="201.65" y="269.38" angle="180.00" type="DEFAULT_VEHTYPE" speed="13.74" pos="64.63" lane="1/1to1/2_0" slope="0.00"/>
        <vehicle id="28" x="679.81" y="201.65" angle="-90.00" type="DEFAULT_VEHTYPE" speed="13.61" pos="120.19" lane="4/1to3/1_0" slope="0.00"/>
        <vehicle id="29" x="526.96" y="198.35" angle="90.00" type="DEFAULT_VEHTYPE" speed="13.77" pos="122.21" lane="2/1to3/1_0" slope="0.00"/>
        <vehicle id="3" x="560.29" y="401.65" angle="-90.00" type="DEFAULT_VEHTYPE" speed="13.33" pos="34.96" lane="3/2to2/2_0" slope="0.00"/>
        <vehicle id="33" x="601.65" y="382.40" angle="180.00" type="DEFAULT_VEHTYPE" speed="8.07" pos="177.65" lane="3/1to3/2_0" slope="0.00"/>
        <vehicle id="37" x="350.70" y="401.65" angle="-90.00" type="DEFAULT_VEHTYPE" speed="13.18" pos="44.55" lane="2/2to1/2_0" slope="0.00"/>
        <vehicle id="39" x="201.65" y="24.97" angle="180.00" type="DEFAULT_VEHTYPE" speed="12.88" pos="24.97" lane="1/0to1/1_0" slope="0.00"/>
        <vehicle id="40" x="647.11" y="201.65" angle="-90.00" type="DEFAULT_VEHTYPE" speed="12.91" pos="152.89" lane="4/1to3/1_0" slope="0.00"/>
        <vehicle id="42" x="201.65" y="341.98" angle="180.00" type="DEFAULT_VEHTYPE" speed="13.20" pos="137.23" lane="1/1to1/2_0" slope="0.00"/>
        <vehicle id="43" x="282.24" y="401.65" angle="-90.00" type="DEFAULT_VEHTYPE" speed="12.93" pos="113.01" lane="2/2to1/2_0" slope="0.00"/>
        <vehicle id="44" x="407.26" y="401.65" angle="-90.00" type="DEFAULT_VEHTYPE" speed="0.00" pos="187.99" lane="3/2to2/2_0" slope="0.00"/>
        <vehicle id="48" x="601.65" y="330.70" angle="180.00" type="DEFAULT_VEHTYPE" speed="12.72" pos="125.95" lane="3/1to3/2_0" slope="0.00"/>
        <vehicle id="49" x="398.35" y="557.33" angle="0.00" type="DEFAULT_VEHTYPE" speed="13.21" pos="37.92" lane="2/3to2/2_0" slope="0.00"/>
        <vehicle id="5" x="292.28" y="201.65" angle="-90.00" type="DEFAULT_VEHTYPE" speed="13.70" pos="102.97" lane="2/1to1/1_0" slope="0.00"/>
        <vehicle id="6" x="398.35" y="417.78" angle="0.00" type="DEFAULT_VEHTYPE" speed="12.74" pos="177.47" lane="2/3to2/2_0" slope="0.00"/>
        <vehicle id="7" x="201.65" y="400.80" angle="180.00" type="DEFAULT_VEHTYPE" speed="12.99" pos="5.55" lane=":1/2_9_0" slope="0.00"/>
        <vehicle id="8" x="704.45" y="601.65" angle="-90.00" type="DEFAULT_VEHTYPE" speed="13.37" pos="95.55" lane="4/3to3/3_0" slope="0.00"/>
        <vehicle id="9" x="601.65" y="304.48" angle="180.00" type="DEFAULT_VEHTYPE" speed="13.50" pos="99.73" lane="3/1to3/2_0" slope="0.00"/>
    </timestep>
    <timestep time="571.00">
        <vehicle id="0" x="487.31" y="401.65" angle="-90.00" type="DEFAULT_VEHTYPE" speed="13.68" pos="107.94" lane="3/2to2/2_0" slope="0.00"/>
        <vehicle id="10" x="785.26" y="198.35" angle="90.00" type="DEFAULT_VEHTYPE" speed="13.12" pos="180.51" lane="3/1to4/1_0" slope="0.00"/>
        <vehicle id="11" x="388.59" y="598.35" angle="90.00" type="DEFAULT_VEHTYPE" speed="4.86" pos="183.84" lane="1/3to2/3_0" slope="0.00"/>
        <vehicle id="15" x="641.05" y="598.35" angle="90.00" type="DEFAULT_VEHTYPE" speed="12.63" pos="36.30" lane="3/3to4/3_0" slope="0.00"/>
        <vehicle id="16" x="401.65" y="618.86" angle="180.00" type="DEFAULT_VEHTYPE" speed="10.22" pos="14.11" lane="2/3to2/4_0" slope="0.00"/>
        <vehicle id="17" x="401.65" y="705.20" angle="180.00" type="DEFAULT_VEHTYPE" speed="13.77" pos="100.45" lane="2/3to2/4_0" slope="0.00"/>
        <vehicle id="18" x="598.35" y="429.35" angle="0.00" type="DEFAULT_VEHTYPE" speed="13.02" pos="165.90" lane="3/3to3/2_0" slope="0.00"/>
        <vehicle id="2" x="398.35" y="248.66" angle="0.00" type="DEFAULT_VEHTYPE" speed="13.81" pos="146.59" lane="2/2to2/1_0" slope="0.00"/>
        <vehicle id="24" x="201.65" y="282.39" angle="180.00" type="DEFAULT_VEHTYPE" speed="13.01" pos="77.64" lane="1/1to1/2_0" slope="0.00"/>
        <vehicle id="28" x="667.19" y="201.65" angle="-90.00" type="DEFAULT_VEHTYPE" speed="12.62" pos="132.81" lane="4/1to3/1_0" slope="0.00"/>
        <vehicle id="29" x="540.45" y="198.35" angle="90.00" type="DEFAULT_VEHTYPE" speed="13.49" pos="135.70" lane="2/1to3/1_0" slope="0.00"/>
        <vehicle id="3" x="546.69" y="401.65" angle="-90.00" type="DEFAULT_VEHTYPE" speed="13.59" pos="48.56" lane="3/2to2/2_0" slope="0.00"/>
        <vehicle id="33" x="601.65" y="387.95" angle="180.00" type="DEFAULT_VEHTYPE" speed="5.55" pos="183.20" lane="3/1to3/2_0" slope="0.00"/>
        <vehicle id="37" x="337.58" y="401.65" angle="-90.00" type="DEFAULT_VEHTYPE" speed="13.12" pos="57.67" lane="2/2to1/2_0" slope="0.00"/>
        <vehicle id="39" x="201.65" y="38.55" angle="180.00" type="DEFAULT_VEHTYPE" speed="13.58" pos="38.55" lane="1/0to1/1_0" slope="0.00"/>
        <vehicle id="40" x="633.73" y="201.65" angle="-90.00" type="DEFAULT_VEHTYPE" speed="13.38" pos="166.27" lane="4/1to3/1_0" slope="0.00"/>
        <vehicle id="42" x="201.65" y="355.47" angle="180.00" type="DEFAULT_VEHTYPE" speed="13.49" pos="150.72" lane="1/1to1/2_0" slope="0.00"/>
        <vehicle id="43" x="268.96" y="401.65" angle="-90.00" type="DEFAULT_VEHTYPE" speed="13.28" pos="126.29" lane="2/2to1/2_0" slope="0.00"/>
        <vehicle id="44" x="407.26" y="401.65" angle="-90.00" type="DEFAULT_VEHTYPE" speed="0.00" pos="187.99" lane="3/2to2/2_0" slope="0.00"/>
        <vehicle id="48" x="601.65" y="344.10" angle="180.00" type="DEFAULT_VEHTYPE" speed="13.40" pos="139.35" lane="3/1to3/2_0" slope="0.00"/>
        <vehicle id="49" x="398.35" y="544.07" angle="0.00" type="DEFAULT_VEHTYPE" speed="13.26" pos="51.18" lane="2/3to2/2_0" slope="0.00"/>
        <vehicle id="5" x="279.43" y="201.65" angle="-90.00" type="DEFAULT_VEHTYPE" speed="12.85" pos="115.82" lane="2/1to1/1_0" slope="0.00"/>
        <vehicle id="6" x="398.35" y="405.14" angle="0.00" type="DEFAULT_VEHTYPE" speed="12.64" pos="190.11" lane="2/3to2/2_0" slope="0.00"/>
        <vehicle id="7" x="201.65" y="414.47" angle="180.00" type="DEFAULT_VEHTYPE" speed="13.66" pos="9.72" lane="1/2to1/3_0" slope="0.00"/>
        <vehicle id="8" x="690.77" y="601.65" angle="-90.00" type="DEFAULT_VEHTYPE" speed="13.69" pos="109.23" lane="4/3to3/3_0" slope="0.00"/>
        <vehicle id="9" x="601.65" y="318.12" angle="180.00" type="DEFAULT_VEHTYPE" speed="13.64" pos="113.37" lane="3/1to3/2_0" slope="0.00"/>
    </timestep>
    <timestep time="572.00">
        <vehicle id="0" x="474.50" y="401.65" angle="-90.00" type="DEFAULT_VEHTYPE" speed="12.81" pos="120.75" lane="3/2to2/2_0" slope="0.00"/>
        <vehicle id="10" x="798.45" y="198.35" angle="90.00" type="DEFAULT_VEHTYPE" speed="13.19" pos="193.70" lane="3/1to4/1_0" slope="0.00"/>
        <vehicle id="11" x="395.25" y="598.35" angle="90.01" type="DEFAULT_VEHTYPE" speed="6.66" pos="0.00" lane=":2/3_14_0" slope="0.00"/>
        <vehicle id="15" x="653.88" y="598.35" angle="90.00" type="DEFAULT_VEHTYPE" speed="12.83" pos="49.13" lane="3/3to4/3_0" slope="0.00"/>
        <vehicle id="16" x="401.65" y="631.60" angle="180.00" type="DEFAULT_VEHTYPE" speed="12.74" pos="26.85" lane="2/3to2/4_0" slope="0.00"/>
        <vehicle id="17" x="401.65" y="718.61" angle="180.00" type="DEFAULT_VEHTYPE" speed="13.41" pos="113.86" lane="2/3to2/4_0" slope="0.00"/>
        <vehicle id="18" x="598.35" y="415.71" angle="0.00" type="DEFAULT_VEHTYPE" speed="13.64" pos="179.54" lane="3/3to3/2_0" slope="0.00"/>
        <vehicle id="2" x="398.35" y="234.99" angle="0.00" type="DEFAULT_VEHTYPE" speed="13.67" pos="160.26" lane="2/2to2/1_0" slope="0.00"/>
        <vehicle id="24" x="201.65" y="295.94" angle="180.00" type="DEFAULT_VEHTYPE" speed="13.56" pos="91.19" lane="1/1to1/2_0" slope="0.00"/>
        <vehicle id="28" x="653.62" y="201.65" angle="-90.00" type="DEFAULT_VEHTYPE" speed="13.57" pos="146.38" lane="4/1to3/1_0" slope="0.00"/>
        <vehicle id="29" x="554.25" y="198.35" angle="90.00" type="DEFAULT_VEHTYPE" speed="13.80" pos="149.50" lane="2/1to3/1_0" slope="0.00"/>
        <vehicle id="3" x="533.17" y="401.65" angle="-90.00" type="DEFAULT_VEHTYPE" speed="13.52" pos="62.08" lane="3/2to2/2_0" slope="0.00"/>
        <vehicle id="33" x="601.65" y="390.30" angle="180.00" type="DEFAULT_VEHTYPE" speed="2.35" pos="185.55" lane="3/1to3/2_0" slope="0.00"/>
        <vehicle id="37" x="324.26" y="401.65" angle="-90.00" type="DEFAULT_VEHTYPE" speed="13.32" pos="70.99" lane="2/2to1/2_0" slope="0.00"/>
        <vehicle id="39" x="201.65" y="52.26" angle="180.00" type="DEFAULT_VEHTYPE" speed="13.71" pos="52.26" lane="1/0to1/1_0" slope="0.00"/>
        <vehicle id="40" x="622.62" y="201.65" angle="-90.00" type="DEFAULT_VEHTYPE" speed="11.10" pos="177.38" lane="4/1to3/1_0" slope="0.00"/>
        <vehicle id="42" x="201.65" y="369.12" angle="180.00" type="DEFAULT_VEHTYPE" speed="13.65" pos="164.37" lane="1/1to1/2_0" slope="0.00"/>
        <vehicle id="43" x="255.82" y="401.65" angle="-90.00" type="DEFAULT_VEHTYPE" speed="13.14" pos="139.43" lane="2/2to1/2_0" slope="0.00"/>
        <vehicle id="44" x="407.26" y="401.65" angle="-90.00" type="DEFAULT_VEHTYPE" speed="0.00" pos="187.99" lane="3/2to2/2_0" slope="0.00"/>
        <vehicle id="48" x="601.65" y="357.27" angle="180.00" type="DEFAULT_VEHTYPE" speed="13.16" pos="152.52" lane="3/1to3/2_0" slope="0.00"/>
        <vehicle id="49" x="398.35" y="530.82" angle="0.00" type="DEFAULT_VEHTYPE" speed="13.26" pos="64.43" lane="2/3to2/2_0" slope="0.00"/>
        <vehicle id="5" x="266.74" y="201.65" angle="-90.00" type="DEFAULT_VEHTYPE" speed="12.69" pos="128.51" lane="2/1to1/1_0" slope="0.00"/>
        <vehicle id="6" x="386.77" y="401.65" angle="-90.00" type="DEFAULT_VEHTYPE" speed="13.87" pos="8.48" lane="2/2to1/2_0" slope="0.00"/>
        <vehicle id="7" x="201.65" y="427.45" angle="180.00" type="DEFAULT_VEHTYPE" speed="12.98" pos="22.70" lane="1/2to1/3_0" slope="0.00"/>
        <vehicle id="8" x="676.98" y="601.65" angle="-90.00" type="DEFAULT_VEHTYPE" speed="13.79" pos="123.02" lane="4/3to3/3_0" slope="0.00"/>
        <vehicle id="9" x="601.65" y="331.07" angle="180.00" type="DEFAULT_VEHTYPE" speed="12.95" pos="126.32" lane="3/1to3/2_0" slope="0.00"/>
    </timestep>
    <timestep time="573.00">
        <vehicle id="0" x="460.74" y="401.65" angle="-90.00" type="DEFAULT_VEHTYPE" speed="13.76" pos="134.51" lane="3/2to2/2_0" slope="0.00"/>
        <vehicle id="10" x="792.48" y="201.65" angle="-90.00" type="DEFAULT_VEHTYPE" speed="13.90" pos="7.52" lane="4/1to3/1_0" slope="0.00"/>
        <vehicle id="11" x="401.46" y="603.41" angle="149.16" type="DEFAULT_VEHTYPE" speed="8.96" pos="8.97" lane=":2/3_14_0" slope="0.00"/>
        <vehicle id="15" x="666.78" y="598.35" angle="90.00" type="DEFAULT_VEHTYPE" speed="12.90" pos="62.03" lane="3/3to4/3_0" slope="0.00"/>
        <vehicle id="16" x="401.65" y="645.25" angle="180.00" type="DEFAULT_VEHTYPE" speed="13.65" pos="40.50" lane="2/3to2/4_0" slope="0.00"/>
        <vehicle id="17" x="401.65" y="731.37" angle="180.00" type="DEFAULT_VEHTYPE" speed="12.76" pos="126.62" lane="2/3to2/4_0" slope="0.00"/>
        <vehicle id="18" x="597.89" y="402.94" angle="-5.30" type="DEFAULT_VEHTYPE" speed="12.85" pos="1.89" lane=":3/2_0_0" slope="0.00"/>
        <vehicle id="2" x="398.35" y="221.57" angle="0.00" type="DEFAULT_VEHTYPE" speed="13.42" pos="173.68" lane="2/2to2/1_0" slope="0.00"/>
        <vehicle id="24" x="201.65" y="308.73" angle="180.00" type="DEFAULT_VEHTYPE" speed="12.78" pos="103.98" lane="1/1to1/2_0" slope="0.00"/>
        <vehicle id="28" x="640.80" y="201.65" angle="-90.00" type="DEFAULT_VEHTYPE" speed="12.82" pos="159.20" lane="4/1to3/1_0" slope="0.00"/>
        <vehicle id="29" x="567.35" y="198.35" angle="90.00" type="DEFAULT_VEHTYPE" speed="13.10" pos="162.60" lane="2/1to3/1_0" slope="0.00"/>
        <vehicle id="3" x="519.76" y="401.65" angle="-90.00" type="DEFAULT_VEHTYPE" speed="13.41" pos="75.49" lane="3/2to2/2_0" slope="0.00"/>
        <vehicle id="33" x="601.65" y="394.23" angle="180.00" type="DEFAULT_VEHTYPE" speed="3.92" pos="189.48" lane="3/1to3/2_0" slope="0.00"/>
        <vehicle id="37" x="311.12" y="401.65" angle="-90.00" type="DEFAULT_VEHTYPE" speed="13.14" pos="84.13" lane="2/2to1/2_0" slope="0.00"/>
        <vehicle id="39" x="201.65" y="65.73" angle="180.00" type="DEFAULT_VEHTYPE" speed="13.47" pos="65.73" lane="1/0to1/1_0" slope="0.00"/>
        <vehicle id="40" x="615.05" y="201.65" angle="-90.00" type="DEFAULT_VEHTYPE" speed="7.58" pos="184.95" lane="4/1to3/1_0" slope="0.00"/>
        <vehicle id="42" x="201.65" y="382.48" angle="180.00" type="DEFAULT_VEHTYPE" speed="13.36" pos="177.73" lane="1/1to1/2_0" slope="0.00"/>
        <vehicle id="43" x="242.17" y="401.65" angle="-90.00" type="DEFAULT_VEHTYPE" speed="13.65" pos="153.08" lane="2/2to1/2_0" slope="0.00"/>
        <vehicle id="44" x="407.26" y="401.65" angle="-90.00" type="DEFAULT_VEHTYPE" speed="0.00" pos="187.99" lane="3/2to2/2_0" slope="0.00"/>
        <vehicle id="48" x="601.65" y="367.94" angle="180.00" type="DEFAULT_VEHTYPE" speed="10.67" pos="163.19" lane="3/1to3/2_0" slope="0.00"/>
        <vehicle id="49" x="398.35" y="517.68" angle="0.00" type="DEFAULT_VEHTYPE" speed="13.13" pos="77.57" lane="2/3to2/2_0" slope="0.00"/>
        <vehicle id="5" x="253.69" y="201.65" angle="-90.00" type="DEFAULT_VEHTYPE" speed="13.05" pos="141.56" lane="2/1to1/1_0" slope="0.00"/>
        <vehicle id="6" x="374.11" y="401.65" angle="-90.00" type="DEFAULT_VEHTYPE" speed="12.66" pos="21.14" lane="2/2to1/2_0" slope="0.00"/>
        <vehicle id="7" x="201.65" y="440.55" angle="180.00" type="DEFAULT_VEHTYPE" speed="13.10" pos="35.80" lane="1/2to1/3_0" slope="0.00"/>
        <vehicle id="8" x="664.26" y="601.65" angle="-90.00" type="DEFAULT_VEHTYPE" speed="12.72" pos="135.74" lane="4/3to3/3_0" slope="0.00"/>
        <vehicle id="9" x="601.65" y="344.73" angle="180.00" type="DEFAULT_VEHTYPE" speed="13.66" pos="139.98" lane="3/1to3/2_0" slope="0.00"/>
    </timestep>
    <timestep time="574.00">
        <vehicle id="0" x="447.10" y="401.65" angle="-90.00" type="DEFAULT_VEHTYPE" speed="13.64" pos="148.15" lane="3/2to2/2_0" slope="0.00"/>
        <vehicle id="10" x="778.83" y="201.65" angle="-90.00" type="DEFAULT_VEHTYPE" speed="13.64" pos="21.17" lane="4/1to3/1_0" slope="0.00"/>
        <vehicle id="11" x="401.65" y="614.07" angle="180.00" type="DEFAULT_VEHTYPE" speed="10.67" pos="9.32" lane="2/3to2/4_0" slope="0.00"/>
        <vehicle id="15" x="680.61" y="598.35" angle="90.00" type="DEFAULT_VEHTYPE" speed="13.83" pos="75.86" lane="3/3to4/3_0" slope="0.00"/>
        <vehicle id="16" x="401.65" y="658.56" angle="180.00" type="DEFAULT_VEHTYPE" speed="13.31" pos="53.81" lane="2/3to2/4_0" slope="0.00"/>
        <vehicle id="17" x="401.65" y="744.67" angle="180.00" type="DEFAULT_VEHTYPE" speed="13.30" pos="139.92" lane="2/3to2/4_0" slope="0.00"/>
        <vehicle id="18" x="585.39" y="401.65" angle="-90.00" type="DEFAULT_VEHTYPE" speed="12.96" pos="9.86" lane="3/2to2/2_0" slope="0.00"/>
        <vehicle id="2" x="398.35" y="208.55" angle="0.00" type="DEFAULT_VEHTYPE" speed="13.02" pos="186.70" lane="2/2to2/1_0" slope="0.00"/>
        <vehicle id="24" x="201.65" y="321.41" angle="180.00" type="DEFAULT_VEHTYPE" speed="12.69" pos="116.66" lane="1/1to1/2_0" slope="0.00"/>
        <vehicle id="28" x="629.48" y="201.65" angle="-90.00" type="DEFAULT_VEHTYPE" speed="11.33" pos="170.52" lane="4/1to3/1_0" slope="0.00"/>
        <vehicle id="29" x="577.39" y="198.35" angle="90.00" type="DEFAULT_VEHTYPE" speed="10.04" pos="172.64" lane="2/1to3/1_0" slope="0.00"/>
        <vehicle id="3" x="507.06" y="401.65" angle="-90.00" type="DEFAULT_VEHTYPE" speed="12.71" pos="88.19" lane="3/2to2/2_0" slope="0.00"/>
        <vehicle id="33" x="600.26" y="399.69" angle="-163.57" type="DEFAULT_VEHTYPE" speed="5.77" pos="4.74" lane=":3/2_10_0" slope="0.00"/>
        <vehicle id="37" x="297.32" y="401.65" angle="-90.00" type="DEFAULT_VEHTYPE" speed="13.80" pos="97.93" lane="2/2to1/2_0" slope="0.00"/>
        <vehicle id="39" x="201.65" y="78.69" angle="180.00" type="DEFAULT_VEHTYPE" speed="12.96" pos="78.69" lane="1/0to1/1_0" slope="0.00"/>
        <vehicle id="40" x="610.58" y="201.65" angle="-90.00" type="DEFAULT_VEHTYPE" speed="4.46" pos="189.42" lane="4/1to3/1_0" slope="0.00"/>
        <vehicle id="42" x="201.65" y="395.43" angle="180.00" type="DEFAULT_VEHTYPE" speed="12.95" pos="0.18" lane=":1/2_9_0" slope="0.00"/>
        <vehicle id="43" x="229.23" y="401.65" angle="-90.00" type="DEFAULT_VEHTYPE" speed="12.94" pos="166.02" lane="2/2to1/2_0" slope="0.00"/>
        <vehicle id="44" x="405.04" y="401.65" angle="-90.00" type="DEFAULT_VEHTYPE" speed="2.22" pos="190.21" lane="3/2to2/2_0" slope="0.00"/>
        <vehicle id="48" x="601.65" y="377.19" angle="180.00" type="DEFAULT_VEHTYPE" speed="9.25" pos="172.44" lane="3/1to3/2_0" slope="0.00"/>
        <vehicle id="49" x="398.35" y="505.07" angle="0.00" type="DEFAULT_VEHTYPE" speed="12.62" pos="90.18" lane="2/3to2/2_0" slope="0.00"/>
        <vehicle id="5" x="240.39" y="201.65" angle="-90.00" type="DEFAULT_VEHTYPE" speed="13.30" pos="154.86" lane="2/1to1/1_0" slope="0.00"/>
        <vehicle id="6" x="360.92" y="401.65" angle="-90.00" type="DEFAULT_VEHTYPE" speed="13.19" pos="34.33" lane="2/2to1/2_0" slope="0.00"/>
        <vehicle id="7" x="201.65" y="453.27" angle="180.00" type="DEFAULT_VEHTYPE" speed="12.73" pos="48.52" lane="1/2to1/3_0" slope="0.00"/>
        <vehicle id="8" x="650.54" y="601.65" angle="-90.00" type="DEFAULT_VEHTYPE" speed="13.72" pos="149.46" lane="4/3to3/3_0" slope="0.00"/>
        <vehicle id="9" x="601.65" y="355.78" angle="180.00" type="DEFAULT_VEHTYPE" speed="11.06" pos="151.03" lane="3/1to3/2_0" slope="0.00"/>
    </timestep>
    <timestep time="575.00">
        <vehicle id="0" x="434.65" y="401.65" angle="-90.00" type="DEFAULT_VEHTYPE" speed="12.44" pos="160.60" lane="3/2to2/2_0" slope="0.00"/>
        <vehicle id="10" x="765.38" y="201.65" angle="-90.00" type="DEFAULT_VEHTYPE" speed="13.45" pos="34.62" lane="4/1to3/1_0" slope="0.00"/>
        <vehicle id="11" x="401.65" y="626.91" angle="180.00" type="DEFAULT_VEHTYPE" speed="12.85" pos="22.16" lane="2/3to2/4_0" slope="0.00"/>
        <vehicle id="15" x="693.31" y="598.35" angle="90.00" type="DEFAULT_VEHTYPE" speed="12.70" pos="88.56" lane="3/3to4/3_0" slope="0.00"/>
        <vehicle id="16" x="401.65" y="671.39" angle="180.00" type="DEFAULT_VEHTYPE" speed="12.84" pos="66.64" lane="2/3to2/4_0" slope="0.00"/>
        <vehicle id="17" x="401.65" y="757.67" angle="180.00" type="DEFAULT_VEHTYPE" speed="13.00" pos="152.92" lane="2/3to2/4_0" slope="0.00"/>
        <vehicle id="18" x="571.68" y="401.65" angle="-90.00" type="DEFAULT_VEHTYPE" speed="13.71" pos="23.57" lane="3/2to2/2_0" slope="0.00"/>
        <vehicle id="2" x="398.35" y="195.49" angle="0.00" type="DEFAULT_VEHTYPE" speed="13.06" pos="9.26" lane=":2/1_1_0" slope="0.00"/>
        <vehicle id="24" x="201.65" y="334.95" angle="180.00" type="DEFAULT_VEHTYPE" speed="13.53" pos="130.20" lane="1/1to1/2_0" slope="0.00"/>
        <vehicle id="28" x="622.65" y="201.65" angle="-90.00" type="DEFAULT_VEHTYPE" speed="6.83" pos="177.35" lane="4/1to3/1_0" slope="0.00"/>
        <vehicle id="29" x="584.46" y="198.35" angle="90.00" type="DEFAULT_VEHTYPE" speed="7.08" pos="179.71" lane="2/1to3/1_0" slope="0.00"/>
        <vehicle id="3" x="493.76" y="401.65" angle="-90.00" type="DEFAULT_VEHTYPE" speed="13.29" pos="101.49" lane="3/2to2/2_0" slope="0.00"/>
        <vehicle id="33" x="593.74" y="401.65" angle="-98.66" type="DEFAULT_VEHTYPE" speed="7.08" pos="1.51" lane="3/2to2/2_0" slope="0.00"/>
        <vehicle id="37" x="284.66" y="401.65" angle="-90.00" type="DEFAULT_VEHTYPE" speed="12.66" pos="110.59" lane="2/2to1/2_0" slope="0.00"/>
        <vehicle id="39" x="201.65" y="92.29" angle="180.00" type="DEFAULT_VEHTYPE" speed="13.60" pos="92.29" lane="1/0to1/1_0" slope="0.00"/>
        <vehicle id="40" x="603.54" y="201.82" angle="-91.95" type="DEFAULT_VEHTYPE" speed="7.06" pos="1.23" lane=":3/1_4_0" slope="0.00"/>
        <vehicle id="42" x="201.65" y="408.95" angle="180.00" type="DEFAULT_VEHTYPE" speed="13.52" pos="4.20" lane="1/2to1/3_0" slope="0.00"/>
        <vehicle id="43" x="219.30" y="401.65" angle="-90.00" type="DEFAULT_VEHTYPE" speed="9.93" pos="175.95" lane="2/2to1/2_0" slope="0.00"/>
        <vehicle id="44" x="401.32" y="401.65" angle="-90.00" type="DEFAULT_VEHTYPE" speed="3.72" pos="3.43" lane=":2/2_5_0" slope="0.00"/>
        <vehicle id="48" x="601.65" y="384.79" angle="180.00" type="DEFAULT_VEHTYPE" speed="7.60" pos="180.04" lane="3/1to3/2_0" slope="0.00"/>
        <vehicle id="49" x="398.35" y="491.99" angle="0.00" type="DEFAULT_VEHTYPE" speed="13.08" pos="103.26" lane="2/3to2/2_0" slope="0.00"/>
        <vehicle id="5" x="228.26" y="201.65" angle="-90.00" type="DEFAULT_VEHTYPE" speed="12.13" pos="166.99" lane="2/1to1/1_0" slope="0.00"/>
        <vehicle id="6" x="347.51" y="401.65" angle="-90.00" type="DEFAULT_VEHTYPE" speed="13.41" pos="47.74" lane="2/2to1/2_0" slope="0.00"/>
        <vehicle id="7" x="201.65" y="466.84" angle="180.00" type="DEFAULT_VEHTYPE" speed="13.57" pos="62.09" lane="1/2to1/3_0" slope="0.00"/>
        <vehicle id="8" x="637.43" y="601.65" angle="-90.00" type="DEFAULT_VEHTYPE" speed="13.11" pos="162.57" lane="4/3to3/3_0" slope="0.00"/>
        <vehicle id="9" x="601.65" y="365.28" angle="180.00" type="DEFAULT_VEHTYPE" speed="9.50" pos="160.53" lane="3/1to3/2_0" slope="0.00"/>
    </timestep>
    <timestep time="576.00">
        <vehicle id="0" x="423.57" y="401.65" angle="-90.00" type="DEFAULT_VEHTYPE" speed="11.08" pos="171.68" lane="3/2to2/2_0" slope="0.00"/>
        <vehicle id="10" x="752.15" y="201.65" angle="-90.00" type="DEFAULT_VEHTYPE" speed="13.23" pos="47.85" lane="4/1to3/1_0" slope="0.00"/>
        <vehicle id="11" x="401.65" y="640.32" angle="180.00" type="DEFAULT_VEHTYPE" speed="13.40" pos="35.57" lane="2/3to2/4_0" slope="0.00"/>
        <vehicle id="15" x="706.28" y="598.35" angle="90.00" type="DEFAULT_VEHTYPE" speed="12.97" pos="101.53" lane="3/3to4/3_0" slope="0.00"/>
        <vehicle id="16" x="401.65" y="685.20" angle="180.00" type="DEFAULT_VEHTYPE" speed="13.81" pos="80.45" lane="2/3to2/4_0" slope="0.00"/>
        <vehicle id="17" x="401.65" y="770.91" angle="180.00" type="DEFAULT_VEHTYPE" speed="13.24" pos="166.16" lane="2/3to2/4_0" slope="0.00"/>
        <vehicle id="18" x="558.50" y="401.65" angle="-90.00" type="DEFAULT_VEHTYPE" speed="13.18" pos="36.75" lane="3/2to2/2_0" slope="0.00"/>
        <vehicle id="2" x="398.35" y="181.69" angle="0.00" type="DEFAULT_VEHTYPE" speed="13.80" pos="13.56" lane="2/1to2/0_0" slope="0.00"/>
        <vehicle id="24" x="201.65" y="348.34" angle="180.00" type="DEFAULT_VEHTYPE" speed="13.40" pos="143.59" lane="1/1to1/2_0" slope="0.00"/>
        <vehicle id="28" x="615.78" y="201.65" angle="-90.00" type="DEFAULT_VEHTYPE" speed="6.87" pos="184.22" lane="4/1to3/1_0" slope="0.00"/>
        <vehicle id="29" x="588.98" y="198.35" angle="90.00" type="DEFAULT_VEHTYPE" speed="4.52" pos="184.23" lane="2/1to3/1_0" slope="0.00"/>
        <vehicle id="3" x="480.95" y="401.65" angle="-90.00" type="DEFAULT_VEHTYPE" speed="12.81" pos="114.30" lane="3/2to2/2_0" slope="0.00"/>
        <vehicle id="33" x="584.94" y="401.65" angle="-90.00" type="DEFAULT_VEHTYPE" speed="8.81" pos="10.31" lane="3/2to2/2_0" slope="0.00"/>
        <vehicle id="37" x="271.99" y="401.65" angle="-90.00" type="DEFAULT_VEHTYPE" speed="12.67" pos="123.26" lane="2/2to1/2_0" slope="0.00"/>
        <vehicle id="39" x="201.65" y="105.55" angle="180.00" type="DEFAULT_VEHTYPE" speed="13.26" pos="105.55" lane="1/0to1/1_0" slope="0.00"/>
        <vehicle id="40" x="601.65" y="210.10" angle="180.00" type="DEFAULT_VEHTYPE" speed="9.13" pos="5.35" lane="3/1to3/2_0" slope="0.00"/>
        <vehicle id="42" x="201.65" y="421.92" angle="180.00" type="DEFAULT_VEHTYPE" speed="12.97" pos="17.17" lane="1/2to1/3_0" slope="0.00"/>
        <vehicle id="43" x="213.37" y="401.65" angle="-90.00" type="DEFAULT_VEHTYPE" speed="5.93" pos="181.88" lane="2/2to1/2_0" slope="0.00"/>
        <vehicle id="44" x="395.91" y="401.65" angle="-90.00" type="DEFAULT_VEHTYPE" speed="5.41" pos="8.84" lane=":2/2_5_0" slope="0.00"/>
        <vehicle id="48" x="601.65" y="388.71" angle="180.00" type="DEFAULT_VEHTYPE" speed="3.92" pos="183.96" lane="3/1to3/2_0" slope="0.00"/>
        <vehicle id="49" x="398.35" y="478.36" angle="0.00" type="DEFAULT_VEHTYPE" speed="13.63" pos="116.89" lane="2/3to2/2_0" slope="0.00"/>
        <vehicle id="5" x="219.36" y="201.65" angle="-90.00" type="DEFAULT_VEHTYPE" speed="8.90" pos="175.89" lane="2/1to1/1_0" slope="0.00"/>
        <vehicle id="6" x="334.35" y="401.65" angle="-90.00" type="DEFAULT_VEHTYPE" speed="13.16" pos="60.90" lane="2/2to1/2_0" slope="0.00"/>
        <vehicle id="7" x="201.65" y="480.30" angle="180.00" type="DEFAULT_VEHTYPE" speed="13.47" pos="75.55" lane="1/2to1/3_0" slope="0.00"/>
        <vehicle id="8" x="625.45" y="601.65" angle="-90.00" type="DEFAULT_VEHTYPE" speed="11.98" pos="174.55" lane="4/3to3/3_0" slope="0.00"/>
        <vehicle id="9" x="601.65" y="373.47" angle="180.00" type="DEFAULT_VEHTYPE" speed="8.18" pos="168.72" lane="3/1to3/2_0" slope="0.00"/>
    </timestep>
    <timestep time="577.00">
        <vehicle id="0" x="415.71" y="401.65" angle="-90.00" type="DEFAULT_VEHTYPE" speed="7.86" pos="179.54" lane="3/2to2/2_0" slope="0.00"/>
        <vehicle id="10" x="738.90" y="201.65" angle="-90.00" type="DEFAULT_VEHTYPE" speed="13.24" pos="61.10" lane="4/1to3/1_0" slope="0.00"/>
        <vehicle id="11" x="401.65" y="653.46" angle="180.00" type="DEFAULT_VEHTYPE" speed="13.15" pos="48.71" lane="2/3to2/4_0" slope="0.00"/>
        <vehicle id="15" x="719.94" y="598.35" angle="90.00" type="DEFAULT_VEHTYPE" speed="13.66" pos="115.19" lane="3/3to4/3_0" slope="0.00"/>
        <vehicle id="16" x="401.65" y="698.49" angle="180.00" type="DEFAULT_VEHTYPE" speed="13.29" pos="93.74" lane="2/3to2/4_0" slope="0.00"/>
        <vehicle id="17" x="401.65" y="784.40" angle="180.00" type="DEFAULT_VEHTYPE" speed="13.49" pos="179.65" lane="2/3to2/4_0" slope="0.00"/>
        <vehicle id="18" x="544.74" y="401.65" angle="-90.00" type="DEFAULT_VEHTYPE" speed="13.76" pos="50.51" lane="3/2to2/2_0" slope="0.00"/>
        <vehicle id="2" x="398.35" y="168.93" angle="0.00" type="DEFAULT_VEHTYPE" speed="12.76" pos="26.32" lane="2/1to2/0_0" slope="0.00"/>
        <vehicle id="24" x="201.65" y="362.14" angle="180.00" type="DEFAULT_VEHTYPE" speed="13.80" pos="157.39" lane="1/1to1/2_0" slope="0.00"/>
        <vehicle id="28" x="610.61" y="201.65" angle="-90.00" type="DEFAULT_VEHTYPE" speed="5.18" pos="189.39" lane="4/1to3/1_0" slope="0.00"/>
        <vehicle id="29" x="591.71" y="198.35" angle="90.00" type="DEFAULT_VEHTYPE" speed="2.73" pos="186.96" lane="2/1to3/1_0" slope="0.00"/>
        <vehicle id="3" x="467.99" y="401.65" angle="-90.00" type="DEFAULT_VEHTYPE" speed="12.97" pos="127.26" lane="3/2to2/2_0" slope="0.00"/>
        <vehicle id="33" x="574.32" y="401.65" angle="-90.00" type="DEFAULT_VEHTYPE" speed="10.61" pos="20.93" lane="3/2to2/2_0" slope="0.00"/>
        <vehicle id="37" x="258.22" y="401.65" angle="-90.00" type="DEFAULT_VEHTYPE" speed="13.76" pos="137.03" lane="2/2to1/2_0" slope="0.00"/>
        <vehicle id="39" x="201.65" y="119.00" angle="180.00" type="DEFAULT_VEHTYPE" speed="13.45" pos="119.00" lane="1/0to1/1_0" slope="0.00"/>
        <vehicle id="40" x="601.65" y="220.87" angle="180.00" type="DEFAULT_VEHTYPE" speed="10.76" pos="16.12" lane="3/1to3/2_0" slope="0.00"/>
        <vehicle id="42" x="201.65" y="435.29" angle="180.00" type="DEFAULT_VEHTYPE" speed="13.37" pos="30.54" lane="1/2to1/3_0" slope="0.00"/>
        <vehicle id="43" x="210.33" y="401.65" angle="-90.00" type="DEFAULT_VEHTYPE" speed="3.03" pos="184.92" lane="2/2to1/2_0" slope="0.00"/>
        <vehicle id="44" x="388.76" y="401.65" angle="-90.00" type="DEFAULT_VEHTYPE" speed="7.15" pos="6.49" lane="2/2to1/2_0" slope="0.00"/>
        <vehicle id="48" x="601.65" y="394.38" angle="180.00" type="DEFAULT_VEHTYPE" speed="5.67" pos="189.63" lane="3/1to3/2_0" slope="0.00"/>
        <vehicle id="49" x="398.35" y="465.53" angle="0.00" type="DEFAULT_VEHTYPE" speed="12.82" pos="129.72" lane="2/3to2/2_0" slope="0.00"/>
        <vehicle id="5" x="213.03" y="201.65" angle="-90.00" type="DEFAULT_VEHTYPE" speed="6.33" pos="182.22" lane="2/1to1/1_0" slope="0.00"/>
        <vehicle id="6" x="321.15" y="401.65" angle="-90.00" type="DEFAULT_VEHTYPE" speed="13.20" pos="74.10" lane="2/2to1/2_0" slope="0.00"/>
        <vehicle id="7" x="201.65" y="493.37" angle="180.00" type="DEFAULT_VEHTYPE" speed="13.06" pos="88.62" lane="1/2to1/3_0" slope="0.00"/>
        <vehicle id="8" x="617.29" y="601.65" angle="-90.00" type="DEFAULT_VEHTYPE" speed="8.16" pos="182.71" lane="4/3to3/3_0" slope="0.00"/>
        <vehicle id="9" x="601.65" y="377.15" angle="180.00" type="DEFAULT_VEHTYPE" speed="3.68" pos="172.40" lane="3/1to3/2_0" slope="0.00"/>
    </timestep>
    <timestep time="578.00">
        <vehicle id="0" x="411.09" y="401.65" angle="-90.00" type="DEFAULT_VEHTYPE" speed="4.62" pos="184.16" lane="3/2to2/2_0" slope="0.00"/>
        <vehicle id="10" x="725.58" y="201.65" angle="-90.00" type="DEFAULT_VEHTYPE" speed="13.33" pos="74.42" lane="4/1to3/1_0" slope="0.00"/>
        <vehicle id="11" x="401.65" y="666.48" angle="180.00" type="DEFAULT_VEHTYPE" speed="13.02" pos="61.73" lane="2/3to2/4_0" slope="0.00"/>
        <vehicle id="15" x="733.15" y="598.35" angle="90.00" type="DEFAULT_VEHTYPE" speed="13.21" pos="128.40" lane="3/3to4/3_0" slope="0.00"/>
        <vehicle id="16" x="401.65" y="711.58" angle="180.00" type="DEFAULT_VEHTYPE" speed="13.09" pos="106.83" lane="2/3to2/4_0" slope="0.00"/>
        <vehicle id="17" x="401.65" y="798.11" angle="180.00" type="DEFAULT_VEHTYPE" speed="13.71" pos="193.36" lane="2/3to2/4_0" slope="0.00"/>
        <vehicle id="18" x="531.96" y="401.65" angle="-90.00" type="DEFAULT_VEHTYPE" speed="12.77" pos="63.29" lane="3/2to2/2_0" slope="0.00"/>
        <vehicle id="2" x="398.35" y="155.79" angle="0.00" type="DEFAULT_VEHTYPE" speed="13.14" pos="39.46" lane="2/1to2/0_0" slope="0.00"/>
        <vehicle id="24" x="201.65" y="374.87" angle="180.00" type="DEFAULT_VEHTYPE" speed="12.73" pos="170.12" lane="1/1to1/2_0" slope="0.00"/>
        <vehicle id="28" x="603.60" y="201.81" angle="-91.84" type="DEFAULT_VEHTYPE" speed="7.02" pos="1.16" lane=":3/1_4_0" slope="0.00"/>
        <vehicle id="29" x="592.26" y="198.35" angle="90.00" type="DEFAULT_VEHTYPE" speed="0.55" pos="187.51" lane="2/1to3/1_0" slope="0.00"/>
        <vehicle id="3" x="455.38" y="401.65" angle="-90.00" type="DEFAULT_VEHTYPE" speed="12.60" pos="139.87" lane="3/2to2/2_0" slope="0.00"/>
        <vehicle id="33" x="561.32" y="401.65" angle="-90.00" type="DEFAULT_VEHTYPE" speed="13.00" pos="33.93" lane="3/2to2/2_0" slope="0.00"/>
        <vehicle id="37" x="245.19" y="401.65" angle="-90.00" type="DEFAULT_VEHTYPE" speed="13.03" pos="150.06" lane="2/2to1/2_0" slope="0.00"/>
        <vehicle id="39" x="201.65" y="132.69" angle="180.00" type="DEFAULT_VEHTYPE" speed="13.69" pos="132.69" lane="1/0to1/1_0" slope="0.00"/>
        <vehicle id="40" x="601.65" y="233.55" angle="180.00" type="DEFAULT_VEHTYPE" speed="12.69" pos="28.80" lane="3/1to3/2_0" slope="0.00"/>
        <vehicle id="42" x="201.65" y="449.14" angle="180.00" type="DEFAULT_VEHTYPE" speed="13.85" pos="44.39" lane="1/2to1/3_0" slope="0.00"/>
        <vehicle id="43" x="208.09" y="401.65" angle="-90.00" type="DEFAULT_VEHTYPE" speed="2.24" pos="187.16" lane="2/2to1/2_0" slope="0.00"/>
        <vehicle id="44" x="380.17" y="401.65" angle="-90.00" type="DEFAULT_VEHTYPE" speed="8.59" pos="15.08" lane="2/2to1/2_0" slope="0.00"/>
        <vehicle id="48" x="598.76" y="400.82" angle="-146.01" type="DEFAULT_VEHTYPE" speed="7.53" pos="6.66" lane=":3/2_10_0" slope="0.00"/>
        <vehicle id="49" x="398.35" y="451.73" angle="0.00" type="DEFAULT_VEHTYPE" speed="13.80" pos="143.52" lane="2/3to2/2_0" slope="0.00"/>
        <vehicle id="5" x="210.04" y="201.65" angle="-90.00" type="DEFAULT_VEHTYPE" speed="3.00" pos="185.21" lane="2/1to1/1_0" slope="0.00"/>
        <vehicle id="6" x="307.82" y="401.65" angle="-90.00" type="DEFAULT_VEHTYPE" speed="13.33" pos="87.43" lane="2/2to1/2_0" slope="0.00"/>
        <vehicle id="7" x="201.65" y="507.06" angle="180.00" type="DEFAULT_VEHTYPE" speed="13.69" pos="102.31" lane="1/2to1/3_0" slope="0.00"/>
        <vehicle id="8" x="612.22" y="601.65" angle="-90.00" type="DEFAULT_VEHTYPE" speed="5.07" pos="187.78" lane="4/3to3/3_0" slope="0.00"/>
        <vehicle id="9" x="601.65" y="382.29" angle="180.00" type="DEFAULT_VEHTYPE" speed="5.14" pos="177.54" lane="3/1to3/2_0" slope="0.00"/>
    </timestep>
    <timestep time="579.00">
        <vehicle id="0" x="404.13" y="401.65" angle="-90.00" type="DEFAULT_VEHTYPE" speed="6.96" pos="0.62" lane=":2/2_5_0" slope="0.00"/>
        <vehicle id="10" x="711.93" y="201.65" angle="-90.00" type="DEFAULT_VEHTYPE" speed="13.65" pos="88.07" lane="4/1to3/1_0" slope="0.00"/>
        <vehicle id="11" x="401.65" y="679.60" angle="180.00" type="DEFAULT_VEHTYPE" speed="13.11" pos="74.85" lane="2/3to2/4_0" slope="0.00"/>
        <vehicle id="15" x="746.82" y="598.35" angle="90.00" type="DEFAULT_VEHTYPE" speed="13.67" pos="142.07" lane="3/3to4/3_0" slope="0.00"/>
        <vehicle id="16" x="401.65" y="724.19" angle="180.00" type="DEFAULT_VEHTYPE" speed="12.61" pos="119.44" lane="2/3to2/4_0" slope="0.00"/>
        <vehicle id="17" x="398.35" y="792.83" angle="0.00" type="DEFAULT_VEHTYPE" speed="13.88" pos="7.17" lane="2/4to2/3_0" slope="0.00"/>
        <vehicle id="18" x="518.75" y="401.65" angle="-90.00" type="DEFAULT_VEHTYPE" speed="13.21" pos="76.50" lane="3/2to2/2_0" slope="0.00"/>
        <vehicle id="2" x="398.35" y="142.34" angle="0.00" type="DEFAULT_VEHTYPE" speed="13.46" pos="52.91" lane="2/1to2/0_0" slope="0.00"/>
        <vehicle id="24" x="201.65" y="387.61" angle="180.00" type="DEFAULT_VEHTYPE" speed="12.74" pos="182.86" lane="1/1to1/2_0" slope="0.00"/>
        <vehicle id="28" x="601.65" y="209.34" angle="-179.35" type="DEFAULT_VEHTYPE" speed="8.43" pos="4.59" lane="3/1to3/2_0" slope="0.00"/>
        <vehicle id="29" x="592.56" y="198.35" angle="90.00" type="DEFAULT_VEHTYPE" speed="0.31" pos="187.81" lane="2/1to3/1_0" slope="0.00"/>
        <vehicle id="3" x="441.49" y="401.65" angle="-90.00" type="DEFAULT_VEHTYPE" speed="13.90" pos="153.76" lane="3/2to2/2_0" slope="0.00"/>
        <vehicle id="33" x="547.85" y="401.65" angle="-90.00" type="DEFAULT_VEHTYPE" speed="13.47" pos="47.40" lane="3/2to2/2_0" slope="0.00"/>
        <vehicle id="37" x="234.00" y="401.65" angle="-90.00" type="DEFAULT_VEHTYPE" speed="11.19" pos="161.25" lane="2/2to1/2_0" slope="0.00"/>
        <vehicle id="39" x="201.65" y="145.44" angle="180.00" type="DEFAULT_VEHTYPE" speed="12.75" pos="145.44" lane="1/0to1/1_0" slope="0.00"/>
        <vehicle id="40" x="601.65" y="246.60" angle="180.00" type="DEFAULT_VEHTYPE" speed="13.05" pos="41.85" lane="3/1to3/2_0" slope="0.00"/>
        <vehicle id="42" x="201.65" y="461.77" angle="180.00" type="DEFAULT_VEHTYPE" speed="12.63" pos="57.02" lane="1/2to1/3_0" slope="0.00"/>
        <vehicle id="43" x="207.48" y="401.65" angle="-90.00" type="DEFAULT_VEHTYPE" speed="0.61" pos="187.77" lane="2/2to1/2_0" slope="0.00"/>
        <vehicle id="44" x="370.09" y="401.65" angle="-90.00" type="DEFAULT_VEHTYPE" speed="10.07" pos="25.16" lane="2/2to1/2_0" slope="0.00"/>
        <vehicle id="48" x="589.30" y="401.65" angle="-90.00" type="DEFAULT_VEHTYPE" speed="9.61" pos="5.95" lane="3/2to2/2_0" slope="0.00"/>
        <vehicle id="49" x="398.35" y="438.78" angle="0.00" type="DEFAULT_VEHTYPE" speed="12.96" pos="156.47" lane="2/3to2/2_0" slope="0.00"/>
        <vehicle id="5" x="205.62" y="201.65" angle="-90.00" type="DEFAULT_VEHTYPE" speed="4.42" pos="189.63" lane="2/1to1/1_0" slope="0.00"/>
        <vehicle id="6" x="294.12" y="401.65" angle="-90.00" type="DEFAULT_VEHTYPE" speed="13.71" pos="101.13" lane="2/2to1/2_0" slope="0.00"/>
        <vehicle id="7" x="201.65" y="520.05" angle="180.00" type="DEFAULT_VEHTYPE" speed="12.99" pos="115.30" lane="1/2to1/3_0" slope="0.00"/>
        <vehicle id="8" x="608.75" y="601.65" angle="-90.00" type="DEFAULT_VEHTYPE" speed="3.47" pos="191.25" lane="4/3to3/3_0" slope="0.00"/>
        <vehicle id="9" x="601.65" y="388.99" angle="180.00" type="DEFAULT_VEHTYPE" speed="6.70" pos="184.24" lane="3/1to3/2_0" slope="0.00"/>
    </timestep>
    <timestep time="580.00">
        <vehicle id="0" x="394.67" y="401.65" angle="-90.00" type="DEFAULT_VEHTYPE" speed="9.46" pos="0.58" lane="2/2to1/2_0" slope="0.00"/>
        <vehicle id="10" x="699.06" y="201.65" angle="-90.00" type="DEFAULT_VEHTYPE" speed="12.87" pos="100.94" lane="4/1to3/1_0" slope="0.00"/>
        <vehicle id="11" x="401.65" y="693.35" angle="180.00" type="DEFAULT_VEHTYPE" speed="13.76" pos="88.60" lane="2/3to2/4_0" slope="0.00"/>
        <vehicle id="15" x="759.99" y="598.35" angle="90.00" type="DEFAULT_VEHTYPE" speed="13.17" pos="155.24" lane="3/3to4/3_0" slope="0.00"/>
        <vehicle id="16" x="401.65" y="736.89" angle="180.00" type="DEFAULT_VEHTYPE" speed="12.70" pos="132.14" lane="2/3to2/4_0" slope="0.00"/>
        <vehicle id="17" x="398.35" y="779.09" angle="0.00" type="DEFAULT_VEHTYPE" speed="13.74" pos="20.91" lane="2/4to2/3_0" slope="0.00"/>
        <vehicle id="18" x="505.31" y="401.65" angle="-90.00" type="DEFAULT_VEHTYPE" speed="13.45" pos="89.94" lane="3/2to2/2_0" slope="0.00"/>
        <vehicle id="2" x="398.35" y="128.82" angle="0.00" type="DEFAULT_VEHTYPE" speed="13.51" pos="66.43" lane="2/1to2/0_0" slope="0.00"/>
        <vehicle id="24" x="201.65" y="400.51" angle="180.00" type="DEFAULT_VEHTYPE" speed="12.91" pos="5.26" lane=":1/2_9_0" slope="0.00"/>
        <vehicle id="28" x="601.65" y="219.61" angle="180.00" type="DEFAULT_VEHTYPE" speed="10.26" pos="14.86" lane="3/1to3/2_0" slope="0.00"/>
        <vehicle id="29" x="595.38" y="198.37" angle="90.21" type="DEFAULT_VEHTYPE" speed="2.82" pos="0.13" lane=":3/1_14_0" slope="0.00"/>
        <vehicle id="3" x="429.10" y="401.65" angle="-90.00" type="DEFAULT_VEHTYPE" speed="12.39" pos="166.15" lane="3/2to2/2_0" slope="0.00"/>
        <vehicle id="33" x="534.40" y="401.65" angle="-90.00" type="DEFAULT_VEHTYPE" speed="13.45" pos="60.85" lane="3/2to2/2_0" slope="0.00"/>
        <vehicle id="37" x="225.75" y="401.65" angle="-90.00" type="DEFAULT_VEHTYPE" speed="8.25" pos="169.50" lane="2/2to1/2_0" slope="0.00"/>
        <vehicle id="39" x="201.65" y="158.16" angle="180.00" type="DEFAULT_VEHTYPE" speed="12.72" pos="158.16" lane="1/0to1/1_0" slope="0.00"/>
        <vehicle id="40" x="601.65" y="260.41" angle="180.00" type="DEFAULT_VEHTYPE" speed="13.81" pos="55.66" lane="3/1to3/2_0" slope="0.00"/>
        <vehicle id="42" x="201.65" y="475.32" angle="180.00" type="DEFAULT_VEHTYPE" speed="13.55" pos="70.57" lane="1/2to1/3_0" slope="0.00"/>
        <vehicle id="43" x="207.31" y="401.65" angle="-90.00" type="DEFAULT_VEHTYPE" speed="0.17" pos="187.94" lane="2/2to1/2_0" slope="0.00"/>
        <vehicle id="44" x="358.38" y="401.65" angle="-90.00" type="DEFAULT_VEHTYPE" speed="11.71" pos="36.87" lane="2/2to1/2_0" slope="0.00"/>
        <vehicle id="48" x="577.95" y="401.65" angle="-90.00" type="DEFAULT_VEHTYPE" speed="11.34" pos="17.30" lane="3/2to2/2_0" slope="0.00"/>
        <vehicle id="49" x="398.35" y="425.02" angle="0.00" type="DEFAULT_VEHTYPE" speed="13.75" pos="170.23" lane="2/3to2/2_0" slope="0.00"/>
        <vehicle id="5" x="201.65" y="205.71" angle="-151.30" type="DEFAULT_VEHTYPE" speed="6.83" pos="0.96" lane="1/1to1/2_0" slope="0.00"/>
        <vehicle id="6" x="280.72" y="401.65" angle="-90.00" type="DEFAULT_VEHTYPE" speed="13.39" pos="114.53" lane="2/2to1/2_0" slope="0.00"/>
        <vehicle id="7" x="201.65" y="532.80" angle="180.00" type="DEFAULT_VEHTYPE" speed="12.76" pos="128.05" lane="1/2to1/3_0" slope="0.00"/>
        <vehicle id="8" x="603.21" y="601.43" angle="-87.47" type="DEFAULT_VEHTYPE" speed="5.56" pos="1.56" lane=":3/3_6_0" slope="0.00"/>
        <vehicle id="9" x="601.65" y="397.00" angle="180.00" type="DEFAULT_VEHTYPE" speed="8.01" pos="1.75" lane=":3/2_9_0" slope="0.00"/>
    </timestep>
    <timestep time="581.00">
        <vehicle id="0" x="383.81" y="401.65" angle="-90.00" type="DEFAULT_VEHTYPE" speed="10.86" pos="11.44" lane="2/2to1/2_0" slope="0.00"/>
        <vehicle id="10" x="685.60" y="201.65" angle="-90.00" type="DEFAULT_VEHTYPE" speed="13.46" pos="114.40" lane="4/1to3/1_0" slope="0.00"/>
        <vehicle id="11" x="401.65" y="706.21" angle="180.00" type="DEFAULT_VEHTYPE" speed="12.86" pos="101.46" lane="2/3to2/4_0" slope="0.00"/>
        <vehicle id="15" x="773.08" y="598.35" angle="90.00" type="DEFAULT_VEHTYPE" speed="13.09" pos="168.33" lane="3/3to4/3_0" slope="0.00"/>
        <vehicle id="16" x="401.65" y="749.93" angle="180.00" type="DEFAULT_VEHTYPE" speed="13.04" pos="145.18" lane="2/3to2/4_0" slope="0.00"/>
        <vehicle id="17" x="398.35" y="765.97" angle="0.00" type="DEFAULT_VEHTYPE" speed="13.12" pos="34.03" lane="2/4to2/3_0" slope="0.00"/>
        <vehicle id="18" x="492.68" y="401.65" angle="-90.00" type="DEFAULT_VEHTYPE" speed="12.63" pos="102.57" lane="3/2to2/2_0" slope="0.00"/>
        <vehicle id="2" x="398.35" y="115.29" angle="0.00" type="DEFAULT_VEHTYPE" speed="13.53" pos="79.96" lane="2/1to2/0_0" slope="0.00"/>
        <vehicle id="24" x="201.65" y="413.74" angle="180.00" type="DEFAULT_VEHTYPE" speed="13.23" pos="8.99" lane="1/2to1/3_0" slope="0.00"/>
        <vehicle id="28" x="601.65" y="231.84" angle="180.00" type="DEFAULT_VEHTYPE" speed="12.24" pos="27.09" lane="3/1to3/2_0" slope="0.00"/>
        <vehicle id="29" x="599.81" y="199.81" angle="107.28" type="DEFAULT_VEHTYPE" speed="4.75" pos="4.88" lane=":3/1_14_0" slope="0.00"/>
        <vehicle id="3" x="419.56" y="401.65" angle="-90.00" type="DEFAULT_VEHTYPE" speed="9.54" pos="175.69" lane="3/2to2/2_0" slope="0.00"/>
        <vehicle id="33" x="521.34" y="401.65" angle="-90.00" type="DEFAULT_VEHTYPE" speed="13.05" pos="73.91" lane="3/2to2/2_0" slope="0.00"/>
        <vehicle id="37" x="219.90" y="401.65" angle="-90.00" type="DEFAULT_VEHTYPE" speed="5.85" pos="175.35" lane="2/2to1/2_0" slope="0.00"/>
        <vehicle id="39" x="201.65" y="170.88" angle="180.00" type="DEFAULT_VEHTYPE" speed="12.72" pos="170.88" lane="1/0to1/1_0" slope="0.00"/>
        <vehicle id="40" x="601.65" y="273.69" angle="180.00" type="DEFAULT_VEHTYPE" speed="13.27" pos="68.94" lane="3/1to3/2_0" slope="0.00"/>
        <vehicle id="42" x="201.65" y="488.69" angle="180.00" type="DEFAULT_VEHTYPE" speed="13.37" pos="83.94" lane="1/2to1/3_0" slope="0.00"/>
        <vehicle id="43" x="204.87" y="401.65" angle="-90.00" type="DEFAULT_VEHTYPE" speed="2.44" pos="190.38" lane="2/2to1/2_0" slope="0.00"/>
        <vehicle id="44" x="345.66" y="401.65" angle="-90.00" type="DEFAULT_VEHTYPE" speed="12.73" pos="49.59" lane="2/2to1/2_0" slope="0.00"/>
        <vehicle id="48" x="565.10" y="401.65" angle="-90.00" type="DEFAULT_VEHTYPE" speed="12.86" pos="30.15" lane="3/2to2/2_0" slope="0.00"/>
        <vehicle id="49" x="398.35" y="412.31" angle="0.00" type="DEFAULT_VEHTYPE" speed="12.71" pos="182.94" lane="2/3to2/2_0" slope="0.00"/>
        <vehicle id="5" x="201.65" y="214.52" angle="180.00" type="DEFAULT_VEHTYPE" speed="8.81" pos="9.77" lane="1/1to1/2_0" slope="0.00"/>
        <vehicle id="6" x="267.88" y="401.65" angle="-90.00" type="DEFAULT_VEHTYPE" speed="12.84" pos="127.37" lane="2/2to1/2_0" slope="0.00"/>
        <vehicle id="7" x="201.65" y="546.49" angle="180.00" type="DEFAULT_VEHTYPE" speed="13.69" pos="141.74" lane="1/2to1/3_0" slope="0.00"/>
        <vehicle id="8" x="598.47" y="596.11" angle="-25.81" type="DEFAULT_VEHTYPE" speed="7.90" pos="9.46" lane=":3/3_6_0" slope="0.00"/>
        <vehicle id="9" x="601.65" y="407.18" angle="180.00" type="DEFAULT_VEHTYPE" speed="10.19" pos="2.43" lane="3/2to3/3_0" slope="0.00"/>
    </timestep>
    <timestep time="582.00">
        <vehicle id="0" x="370.80" y="401.65" angle="-90.00" type="DEFAULT_VEHTYPE" speed="13.01" pos="24.45" lane="2/2to1/2_0" slope="0.00"/>
        <vehicle id="10" x="672.18" y="201.65" angle="-90.00" type="DEFAULT_VEHTYPE" speed="13.41" pos="127.82" lane="4/1to3/1_0" slope="0.00"/>
        <vehicle id="11" x="401.65" y="718.85" angle="180.00" type="DEFAULT_VEHTYPE" speed="12.64" pos="114.10" lane="2/3to2/4_0" slope="0.00"/>
        <vehicle id="15" x="785.73" y="598.35" angle="90.00" type="DEFAULT_VEHTYPE" speed="12.65" pos="180.98" lane="3/3to4/3_0" slope="0.00"/>
        <vehicle id="16" x="401.65" y="763.48" angle="180.00" type="DEFAULT_VEHTYPE" speed="13.55" pos="158.73" lane="2/3to2/4_0" slope="0.00"/>
        <vehicle id="17" x="398.35" y="752.33" angle="0.00" type="DEFAULT_VEHTYPE" speed="13.64" pos="47.67" lane="2/4to2/3_0" slope="0.00"/>
        <vehicle id="18" x="479.10" y="401.65" angle="-90.00" type="DEFAULT_VEHTYPE" speed="13.58" pos="116.15" lane="3/2to2/2_0" slope="0.00"/>
        <vehicle id="2" x="398.35" y="102.26" angle="0.00" type="DEFAULT_VEHTYPE" speed="13.03" pos="92.99" lane="2/1to2/0_0" slope="0.00"/>
        <vehicle id="24" x="201.65" y="427.44" angle="180.00" type="DEFAULT_VEHTYPE" speed="13.70" pos="22.69" lane="1/2to1/3_0" slope="0.00"/>
        <vehicle id="28" x="601.65" y="245.30" angle="180.00" type="DEFAULT_VEHTYPE" speed="13.45" pos="40.55" lane="3/1to3/2_0" slope="0.00"/>
        <vehicle id="29" x="601.65" y="206.12" angle="170.51" type="DEFAULT_VEHTYPE" speed="6.81" pos="1.37" lane="3/1to3/2_0" slope="0.00"/>
        <vehicle id="3" x="412.76" y="401.65" angle="-90.00" type="DEFAULT_VEHTYPE" speed="6.80" pos="182.49" lane="3/2to2/2_0" slope="0.00"/>
        <vehicle id="33" x="507.79" y="401.65" angle="-90.00" type="DEFAULT_VEHTYPE" speed="13.55" pos="87.46" lane="3/2to2/2_0" slope="0.00"/>
        <vehicle id="37" x="215.39" y="401.65" angle="-90.00" type="DEFAULT_VEHTYPE" speed="4.51" pos="179.86" lane="2/2to1/2_0" slope="0.00"/>
        <vehicle id="39" x="201.65" y="184.53" angle="180.00" type="DEFAULT_VEHTYPE" speed="13.65" pos="184.53" lane="1/0to1/1_0" slope="0.00"/>
        <vehicle id="40" x="601.65" y="287.23" angle="180.00" type="DEFAULT_VEHTYPE" speed="13.55" pos="82.48" lane="3/1to3/2_0" slope="0.00"/>
        <vehicle id="42" x="201.65" y="501.52" angle="180.00" type="DEFAULT_VEHTYPE" speed="12.83" pos="96.77" lane="1/2to1/3_0" slope="0.00"/>
        <vehicle id="43" x="200.16" y="401.65" angle="-90.00" type="DEFAULT_VEHTYPE" speed="4.71" pos="4.59" lane=":1/2_5_0" slope="0.00"/>
        <vehicle id="44" x="332.88" y="401.65" angle="-90.00" type="DEFAULT_VEHTYPE" speed="12.78" pos="62.37" lane="2/2to1/2_0" slope="0.00"/>
        <vehicle id="48" x="552.25" y="401.65" angle="-90.00" type="DEFAULT_VEHTYPE" speed="12.85" pos="43.00" lane="3/2to2/2_0" slope="0.00"/>
        <vehicle id="49" x="398.35" y="399.11" angle="0.00" type="DEFAULT_VEHTYPE" speed="13.20" pos="5.64" lane=":2/2_1_0" slope="0.00"/>
        <vehicle id="5" x="201.65" y="224.62" angle="180.00" type="DEFAULT_VEHTYPE" speed="10.11" pos="19.87" lane="1/1to1/2_0" slope="0.00"/>
        <vehicle id="6" x="255.09" y="401.65" angle="-90.00" type="DEFAULT_VEHTYPE" speed="12.79" pos="140.16" lane="2/2to1/2_0" slope="0.00"/>
        <vehicle id="7" x="201.65" y="560.32" angle="180.00" type="DEFAULT_VEHTYPE" speed="13.82" pos="155.57" lane="1/2to1/3_0" slope="0.00"/>
        <vehicle id="8" x="598.35" y="586.89" angle="0.00" type="DEFAULT_VEHTYPE" speed="9.22" pos="8.36" lane="3/3to3/2_0" slope="0.00"/>
        <vehicle id="9" x="601.65" y="419.14" angle="180.00" type="DEFAULT_VEHTYPE" speed="11.96" pos="14.39" lane="3/2to3/3_0" slope="0.00"/>
    </timestep>
    <timestep time="583.00">
        <vehicle id="0" x="357.97" y="401.65" angle="-90.00" type="DEFAULT_VEHTYPE" speed="12.83" pos="37.28" lane="2/2to1/2_0" slope="0.00"/>
        <vehicle id="10" x="658.52" y="201.65" angle="-90.00" type="DEFAULT_VEHTYPE" speed="13.67" pos="141.48" lane="4/1to3/1_0" slope="0.00"/>
        <vehicle id="11" x="401.65" y="732.72" angle="180.00" type="DEFAULT_VEHTYPE" speed="13.87" pos="127.97" lane="2/3to2/4_0" slope="0.00"/>
        <vehicle id="15" x="799.37" y="598.35" angle="90.00" type="DEFAULT_VEHTYPE" speed="13.64" pos="194.62" lane="3/3to4/3_0" slope="0.00"/>
        <vehicle id="16" x="401.65" y="776.62" angle="180.00" type="DEFAULT_VEHTYPE" speed="13.14" pos="171.87" lane="2/3to2/4_0" slope="0.00"/>
        <vehicle id="17" x="398.35" y="738.56" angle="0.00" type="DEFAULT_VEHTYPE" speed="13.77" pos="61.44" lane="2/4to2/3_0" slope="0.00"/>
        <vehicle id="18" x="465.38" y="401.65" angle="-90.00" type="DEFAULT_VEHTYPE" speed="13.71" pos="129.87" lane="3/2to2/2_0" slope="0.00"/>
        <vehicle id="2" x="398.35" y="88.80" angle="0.00" type="DEFAULT_VEHTYPE" speed="13.46" pos="106.45" lane="2/1to2/0_0" slope="0.00"/>
        <vehicle id="24" x="201.65" y="441.10" angle="180.00" type="DEFAULT_VEHTYPE" speed="13.66" pos="36.35" lane="1/2to1/3_0" slope="0.00"/>
        <vehicle id="28" x="601.65" y="258.52" angle="180.00" type="DEFAULT_VEHTYPE" speed="13.22" pos="53.77" lane="3/1to3/2_0" slope="0.00"/>
        <vehicle id="29" x="601.65" y="214.85" angle="180.00" type="DEFAULT_VEHTYPE" speed="8.73" pos="10.10" lane="3/1to3/2_0" slope="0.00"/>
        <vehicle id="3" x="410.04" y="401.65" angle="-90.00" type="DEFAULT_VEHTYPE" speed="2.72" pos="185.21" lane="3/2to2/2_0" slope="0.00"/>
        <vehicle id="33" x="494.79" y="401.65" angle="-90.00" type="DEFAULT_VEHTYPE" speed="13.00" pos="100.46" lane="3/2to2/2_0" slope="0.00"/>
        <vehicle id="37" x="210.40" y="401.65" angle="-90.00" type="DEFAULT_VEHTYPE" speed="4.99" pos="184.85" lane="2/2to1/2_0" slope="0.00"/>
        <vehicle id="39" x="202.11" y="197.05" angle="174.71" type="DEFAULT_VEHTYPE" speed="12.60" pos="1.88" lane=":1/1_8_0" slope="0.00"/>
        <vehicle id="40" x="601.65" y="300.10" angle="180.00" type="DEFAULT_VEHTYPE" speed="12.87" pos="95.35" lane="3/1to3/2_0" slope="0.00"/>
        <vehicle id="42" x="201.65" y="514.65" angle="180.00" type="DEFAULT_VEHTYPE" speed="13.13" pos="109.90" lane="1/2to1/3_0" slope="0.00"/>
        <vehicle id="43" x="192.87" y="401.65" angle="-90.00" type="DEFAULT_VEHTYPE" speed="7.30" pos="2.38" lane="1/2to0/2_0" slope="0.00"/>
        <vehicle id="44" x="319.44" y="401.65" angle="-90.00" type="DEFAULT_VEHTYPE" speed="13.44" pos="75.81" lane="2/2to1/2_0" slope="0.00"/>
        <vehicle id="48" x="539.52" y="401.65" angle="-90.00" type="DEFAULT_VEHTYPE" speed="12.72" pos="55.73" lane="3/2to2/2_0" slope="0.00"/>
        <vehicle id="49" x="398.35" y="385.76" angle="0.00" type="DEFAULT_VEHTYPE" speed="13.35" pos="9.49" lane="2/2to2/1_0" slope="0.00"/>
        <vehicle id="5" x="201.65" y="236.17" angle="180.00" type="DEFAULT_VEHTYPE" speed="11.54" pos="31.42" lane="1/1to1/2_0" slope="0.00"/>
        <vehicle id="6" x="241.44" y="401.65" angle="-90.00" type="DEFAULT_VEHTYPE" speed="13.65" pos="153.81" lane="2/2to1/2_0" slope="0.00"/>
        <vehicle id="7" x="201.65" y="573.42" angle="180.00" type="DEFAULT_VEHTYPE" speed="13.11" pos="168.67" lane="1/2to1/3_0" slope="0.00"/>
        <vehicle id="8" x="598.35" y="575.18" angle="0.00" type="DEFAULT_VEHTYPE" speed="11.71" pos="20.07" lane="3/3to3/2_0" slope="0.00"/>
        <vehicle id="9" x="601.65" y="432.33" angle="180.00" type="DEFAULT_VEHTYPE" speed="13.18" pos="27.58" lane="3/2to3/3_0" slope="0.00"/>
    </timestep>
    <timestep time="584.00">
        <vehicle id="0" x="344.54" y="401.65" angle="-90.00" type="DEFAULT_VEHTYPE" speed="13.43" pos="50.71" lane="2/2to1/2_0" slope="0.00"/>
        <vehicle id="10" x="645.49" y="201.65" angle="-90.00" type="DEFAULT_VEHTYPE" speed="13.03" pos="154.51" lane="4/1to3/1_0" slope="0.00"/>
        <vehicle id="11" x="401.65" y="746.51" angle="180.00" type="DEFAULT_VEHTYPE" speed="13.80" pos="141.76" lane="2/3to2/4_0" slope="0.00"/>
        <vehicle id="15" x="792.19" y="601.65" angle="-90.00" type="DEFAULT_VEHTYPE" speed="13.26" pos="7.81" lane="4/3to3/3_0" slope="0.00"/>
        <vehicle id="16" x="401.65" y="789.67" angle="180.00" type="DEFAULT_VEHTYPE" speed="13.06" pos="184.92" lane="2/3to2/4_0" slope="0.00"/>
        <vehicle id="17" x="398.35" y="725.27" angle="0.00" type="DEFAULT_VEHTYPE" speed="13.29" pos="74.73" lane="2/4to2/3_0" slope="0.00"/>
        <vehicle id="18" x="452.61" y="401.65" angle="-90.00" type="DEFAULT_VEHTYPE" speed="12.78" pos="142.64" lane="3/2to2/2_0" slope="0.00"/>
        <vehicle id="2" x="398.35" y="75.83" angle="0.00" type="DEFAULT_VEHTYPE" speed="12.98" pos="119.42" lane="2/1to2/0_0" slope="0.00"/>
        <vehicle id="24" x="201.65" y="454.37" angle="180.00" type="DEFAULT_VEHTYPE" speed="13.27" pos="49.62" lane="1/2to1/3_0" slope="0.00"/>
        <vehicle id="28" x="601.65" y="271.12" angle="180.00" type="DEFAULT_VEHTYPE" speed="12.60" pos="66.37" lane="3/1to3/2_0" slope="0.00"/>
        <vehicle id="29" x="601.65" y="225.78" angle="180.00" type="DEFAULT_VEHTYPE" speed="10.93" pos="21.03" lane="3/1to3/2_0" slope="0.00"/>
        <vehicle id="3" x="404.78" y="401.65" angle="-90.00" type="DEFAULT_VEHTYPE" speed="5.26" pos="190.47" lane="3/2to2/2_0" slope="0.00"/>
        <vehicle id="33" x="481.56" y="401.65" angle="-90.00" type="DEFAULT_VEHTYPE" speed="13.23" pos="113.69" lane="3/2to2/2_0" slope="0.00"/>
        <vehicle id="37" x="203.14" y="401.65" angle="-90.00" type="DEFAULT_VEHTYPE" speed="7.26" pos="1.61" lane=":1/2_5_0" slope="0.00"/>
        <vehicle id="39" x="214.83" y="198.35" angle="90.00" type="DEFAULT_VEHTYPE" speed="13.20" pos="10.08" lane="1/1to2/1_0" slope="0.00"/>
        <vehicle id="40" x="601.65" y="313.32" angle="180.00" type="DEFAULT_VEHTYPE" speed="13.22" pos="108.57" lane="3/1to3/2_0" slope="0.00"/>
        <vehicle id="42" x="201.65" y="528.05" angle="180.00" type="DEFAULT_VEHTYPE" speed="13.40" pos="123.30" lane="1/2to1/3_0" slope="0.00"/>
        <vehicle id="43" x="183.17" y="401.65" angle="-90.00" type="DEFAULT_VEHTYPE" speed="9.69" pos="12.08" lane="1/2to0/2_0" slope="0.00"/>
        <vehicle id="44" x="306.62" y="401.65" angle="-90.00" type="DEFAULT_VEHTYPE" speed="12.82" pos="88.63" lane="2/2to1/2_0" slope="0.00"/>
        <vehicle id="48" x="526.79" y="401.65" angle="-90.00" type="DEFAULT_VEHTYPE" speed="12.73" pos="68.46" lane="3/2to2/2_0" slope="0.00"/>
        <vehicle id="49" x="398.35" y="372.78" angle="0.00" type="DEFAULT_VEHTYPE" speed="12.98" pos="22.47" lane="2/2to2/1_0" slope="0.00"/>
        <vehicle id="5" x="201.65" y="250.04" angle="180.00" type="DEFAULT_VEHTYPE" speed="13.87" pos="45.29" lane="1/1to1/2_0" slope="0.00"/>
        <vehicle id="6" x="229.57" y="401.65" angle="-90.00" type="DEFAULT_VEHTYPE" speed="11.87" pos="165.68" lane="2/2to1/2_0" slope="0.00"/>
        <vehicle id="7" x="201.65" y="587.10" angle="180.00" type="DEFAULT_VEHTYPE" speed="13.68" pos="182.35" lane="1/2to1/3_0" slope="0.00"/>
        <vehicle id="8" x="598.35" y="561.55" angle="0.00" type="DEFAULT_VEHTYPE" speed="13.63" pos="33.70" lane="3/3to3/2_0" slope="0.00"/>
        <vehicle id="9" x="601.65" y="445.15" angle="180.00" type="DEFAULT_VEHTYPE" speed="12.82" pos="40.40" lane="3/2to3/3_0" slope="0.00"/>
    </timestep>
    <timestep time="585.00">
        <vehicle id="0" x="330.74" y="401.65" angle="-90.00" type="DEFAULT_VEHTYPE" speed="13.80" pos="64.51" lane="2/2to1/2_0" slope="0.00"/>
        <vehicle id="10" x="632.09" y="201.65" angle="-90.00" type="DEFAULT_VEHTYPE" speed="13.40" pos="167.91" lane="4/1to3/1_0" slope="0.00"/>
        <vehicle id="11" x="401.65" y="759.99" angle="180.00" type="DEFAULT_VEHTYPE" speed="13.48" pos="155.24" lane="2/3to2/4_0" slope="0.00"/>
        <vehicle id="15" x="778.88" y="601.65" angle="-90.00" type="DEFAULT_VEHTYPE" speed="13.31" pos="21.12" lane="4/3to3/3_0" slope="0.00"/>
        <vehicle id="16" x="399.58" y="801.44" angle="-149.74" type="DEFAULT_VEHTYPE" speed="13.21" pos="2.89" lane=":2/4_0_0" slope="0.00"/>
        <vehicle id="17" x="398.35" y="712.40" angle="0.00" type="DEFAULT_VEHTYPE" speed="12.88" pos="87.60" lane="2/4to2/3_0" slope="0.00"/>
        <vehicle id="18" x="438.83" y="401.65" angle="-90.00" type="DEFAULT_VEHTYPE" speed="13.78" pos="156.42" lane="3/2to2/2_0" slope="0.00"/>
        <vehicle id="2" x="398.35" y="62.81" angle="0.00" type="DEFAULT_VEHTYPE" speed="13.02" pos="132.44" lane="2/1to2/0_0" slope="0.00"/>
        <vehicle id="24" x="201.65" y="467.09" angle="180.00" type="DEFAULT_VEHTYPE" speed="12.72" pos="62.34" lane="1/2to1/3_0" slope="0.00"/>
        <vehicle id="28" x="601.65" y="284.32" angle="180.00" type="DEFAULT_VEHTYPE" speed="13.20" pos="79.57" lane="3/1to3/2_0" slope="0.00"/>
        <vehicle id="29" x="601.65" y="238.39" angle="180.00" type="DEFAULT_VEHTYPE" speed="12.61" pos="33.64" lane="3/1to3/2_0" slope="0.00"/>
        <vehicle id="3" x="399.16" y="398.74" angle="-55.68" type="DEFAULT_VEHTYPE" speed="6.72" pos="6.69" lane=":2/2_6_0" slope="0.00"/>
        <vehicle id="33" x="467.98" y="401.65" angle="-90.00" type="DEFAULT_VEHTYPE" speed="13.58" pos="127.27" lane="3/2to2/2_0" slope="0.00"/>
        <vehicle id="37" x="194.34" y="401.65" angle="-90.00" type="DEFAULT_VEHTYPE" speed="8.80" pos="0.91" lane="1/2to0/2_0" slope="0.00"/>
        <vehicle id="39" x="228.13" y="198.35" angle="90.00" type="DEFAULT_VEHTYPE" speed="13.30" pos="23.38" lane="1/1to2/1_0" slope="0.00"/>
        <vehicle id="40" x="601.65" y="326.46" angle="180.00" type="DEFAULT_VEHTYPE" speed="13.14" pos="121.71" lane="3/1to3/2_0" slope="0.00"/>
        <vehicle id="42" x="201.65" y="540.87" angle="180.00" type="DEFAULT_VEHTYPE" speed="12.82" pos="136.12" lane="1/2to1/3_0" slope="0.00"/>
        <vehicle id="43" x="172.02" y="401.65" angle="-90.00" type="DEFAULT_VEHTYPE" speed="11.15" pos="23.23" lane="1/2to0/2_0" slope="0.00"/>
        <vehicle id="44" x="293.76" y="401.65" angle="-90.00" type="DEFAULT_VEHTYPE" speed="12.86" pos="101.49" lane="2/2to1/2_0" slope="0.00"/>
        <vehicle id="48" x="513.24" y="401.65" angle="-90.00" type="DEFAULT_VEHTYPE" speed="13.55" pos="82.01" lane="3/2to2/2_0" slope="0.00"/>
        <vehicle id="49" x="398.35" y="360.02" angle="0.00" type="DEFAULT_VEHTYPE" speed="12.76" pos="35.23" lane="2/2to2/1_0" slope="0.00"/>
        <vehicle id="5" x="201.65" y="263.71" angle="180.00" type="DEFAULT_VEHTYPE" speed="13.67" pos="58.96" lane="1/1to1/2_0" slope="0.00"/>
        <vehicle id="6" x="219.91" y="401.65" angle="-90.00" type="DEFAULT_VEHTYPE" speed="9.66" pos="175.34" lane="2/2to1/2_0" slope="0.00"/>
        <vehicle id="7" x="205.29" y="598.35" angle="125.75" type="DEFAULT_VEHTYPE" speed="13.69" pos="0.54" lane="1/3to2/3_0" slope="0.00"/>
        <vehicle id="8" x="598.35" y="548.37" angle="0.00" type="DEFAULT_VEHTYPE" speed="13.18" pos="46.88" lane="3/3to3/2_0" slope="0.00"/>
        <vehicle id="9" x="601.65" y="458.85" angle="180.00" type="DEFAULT_VEHTYPE" speed="13.71" pos="54.10" lane="3/2to3/3_0" slope="0.00"/>
    </timestep>
    <timestep time="586.00">
        <vehicle id="0" x="317.18" y="401.65" angle="-90.00" type="DEFAULT_VEHTYPE" speed="13.56" pos="78.07" lane="2/2to1/2_0" slope="0.00"/>
        <vehicle id="10" x="622.16" y="201.65" angle="-90.00" type="DEFAULT_VEHTYPE" speed="9.93" pos="177.84" lane="4/1to3/1_0" slope="0.00"/>
        <vehicle id="11" x="401.65" y="772.78" angle="180.00" type="DEFAULT_VEHTYPE" speed="12.79" pos="168.03" lane="2/3to2/4_0" slope="0.00"/>
        <vehicle id="15" x="765.88" y="601.65" angle="-90.00" type="DEFAULT_VEHTYPE" speed="13.00" pos="34.12" lane="4/3to3/3_0" slope="0.00"/>
        <vehicle id="16" x="398.35" y="788.87" angle="0.00" type="DEFAULT_VEHTYPE" speed="13.06" pos="11.13" lane="2/4to2/3_0" slope="0.00"/>
        <vehicle id="17" x="398.35" y="698.97" angle="0.00" type="DEFAULT_VEHTYPE" speed="13.42" pos="101.03" lane="2/4to2/3_0" slope="0.00"/>
        <vehicle id="18" x="426.22" y="401.65" angle="-90.00" type="DEFAULT_VEHTYPE" speed="12.61" pos="169.03" lane="3/2to2/2_0" slope="0.00"/>
        <vehicle id="2" x="398.35" y="49.23" angle="0.00" type="DEFAULT_VEHTYPE" speed="13.58" pos="146.02" lane="2/1to2/0_0" slope="0.00"/>
        <vehicle id="24" x="201.65" y="479.72" angle="180.00" type="DEFAULT_VEHTYPE" speed="12.64" pos="74.97" lane="1/2to1/3_0" slope="0.00"/>
        <vehicle id="28" x="601.65" y="297.12" angle="180.00" type="DEFAULT_VEHTYPE" speed="12.81" pos="92.37" lane="3/1to3/2_0" slope="0.00"/>
        <vehicle id="29" x="601.65" y="251.41" angle="180.00" type="DEFAULT_VEHTYPE" speed="13.02" pos="46.66" lane="3/1to3/2_0" slope="0.00"/>
        <vehicle id="3" x="398.35" y="390.02" angle="0.00" type="DEFAULT_VEHTYPE" speed="8.86" pos="5.23" lane="2/2to2/1_0" slope="0.00"/>
        <vehicle id="33" x="454.61" y="401.65" angle="-90.00" type="DEFAULT_VEHTYPE" speed="13.37" pos="140.64" lane="3/2to2/2_0" slope="0.00"/>
        <vehicle id="37" x="183.80" y="401.65" angle="-90.00" type="DEFAULT_VEHTYPE" speed="10.53" pos="11.45" lane="1/2to0/2_0" slope="0.00"/>
        <vehicle id="39" x="240.87" y="198.35" angle="90.00" type="DEFAULT_VEHTYPE" speed="12.74" pos="36.12" lane="1/1to2/1_0" slope="0.00"/>
        <vehicle id="40" x="601.65" y="340.13" angle="180.00" type="DEFAULT_VEHTYPE" speed="13.67" pos="135.38" lane="3/1to3/2_0" slope="0.00"/>
        <vehicle id="42" x="201.65" y="554.45" angle="180.00" type="DEFAULT_VEHTYPE" speed="13.58" pos="149.70" lane="1/2to1/3_0" slope="0.00"/>
        <vehicle id="43" x="159.23" y="401.65" angle="-90.00" type="DEFAULT_VEHTYPE" speed="12.79" pos="36.02" lane="1/2to0/2_0" slope="0.00"/>
        <vehicle id="44" x="280.21" y="401.65" angle="-90.00" type="DEFAULT_VEHTYPE" speed="13.55" pos="115.04" lane="2/2to1/2_0" slope="0.00"/>
        <vehicle id="48" x="500.42" y="401.65" angle="-90.00" type="DEFAULT_VEHTYPE" speed="12.81" pos="94.83" lane="3/2to2/2_0" slope="0.00"/>
        <vehicle id="49" x="398.35" y="347.13" angle="0.00" type="DEFAULT_VEHTYPE" speed="12.88" pos="48.12" lane="2/2to2/1_0" slope="0.00"/>
        <vehicle id="5" x="201.65" y="276.89" angle="180.00" type="DEFAULT_VEHTYPE" speed="13.18" pos="72.14" lane="1/1to1/2_0" slope="0.00"/>
        <vehicle id="6" x="213.95" y="401.65" angle="-90.00" type="DEFAULT_VEHTYPE" speed="5.96" pos="181.30" lane="2/2to1/2_0" slope="0.00"/>
        <vehicle id="7" x="219.02" y="598.35" angle="90.00" type="DEFAULT_VEHTYPE" speed="13.73" pos="14.27" lane="1/3to2/3_0" slope="0.00"/>
        <vehicle id="8" x="598.35" y="535.18" angle="0.00" type="DEFAULT_VEHTYPE" speed="13.19" pos="60.07" lane="3/3to3/2_0" slope="0.00"/>
        <vehicle id="9" x="601.65" y="471.87" angle="180.00" type="DEFAULT_VEHTYPE" speed="13.02" pos="67.12" lane="3/2to3/3_0" slope="0.00"/>
    </timestep>
    <timestep time="587.00">
        <vehicle id="0" x="303.69" y="401.65" angle="-90.00" type="DEFAULT_VEHTYPE" speed="13.49" pos="91.56" lane="2/2to1/2_0" slope="0.00"/>
        <vehicle id="10" x="615.21" y="201.65" angle="-90.00" type="DEFAULT_VEHTYPE" speed="6.94" pos="184.79" lane="4/1to3/1_0" slope="0.00"/>
        <vehicle id="11" x="401.65" y="785.82" angle="180.00" type="DEFAULT_VEHTYPE" speed="13.04" pos="181.07" lane="2/3to2/4_0" slope="0.00"/>
        <vehicle id="15" x="753.23" y="601.65" angle="-90.00" type="DEFAULT_VEHTYPE" speed="12.65" pos="46.77" lane="4/3to3/3_0" slope="0.00"/>
        <vehicle id="16" x="398.35" y="775.93" angle="0.00" type="DEFAULT_VEHTYPE" speed="12.94" pos="24.07" lane="2/4to2/3_0" slope="0.00"/>
        <vehicle id="17" x="398.35" y="685.20" angle="0.00" type="DEFAULT_VEHTYPE" speed="13.77" pos="114.80" lane="2/4to2/3_0" slope="0.00"/>
        <vehicle id="18" x="417.06" y="401.65" angle="-90.00" type="DEFAULT_VEHTYPE" speed="9.16" pos="178.19" lane="3/2to2/2_0" slope="0.00"/>
        <vehicle id="2" x="398.35" y="36.05" angle="0.00" type="DEFAULT_VEHTYPE" speed="13.18" pos="159.20" lane="2/1to2/0_0" slope="0.00"/>
        <vehicle id="24" x="201.65" y="493.19" angle="180.00" type="DEFAULT_VEHTYPE" speed="13.47" pos="88.44" lane="1/2to1/3_0" slope="0.00"/>
        <vehicle id="28" x="601.65" y="310.49" angle="180.00" type="DEFAULT_VEHTYPE" speed="13.37" pos="105.74" lane="3/1to3/2_0" slope="0.00"/>
        <vehicle id="29" x="601.65" y="264.73" angle="180.00" type="DEFAULT_VEHTYPE" speed="13.32" pos="59.98" lane="3/1to3/2_0" slope="0.00"/>
        <vehicle id="3" x="398.35" y="379.80" angle="0.00" type="DEFAULT_VEHTYPE" speed="10.22" pos="15.45" lane="2/2to2/1_0" slope="0.00"/>
        <vehicle id="33" x="441.64" y="401.65" angle="-90.00" type="DEFAULT_VEHTYPE" speed="12.97" pos="153.61" lane="3/2to2/2_0" slope="0.00"/>
        <vehicle id="37" x="171.51" y="401.65" angle="-90.00" type="DEFAULT_VEHTYPE" speed="12.30" pos="23.74" lane="1/2to0/2_0" slope="0.00"/>
        <vehicle id="39" x="254.09" y="198.35" angle="90.00" type="DEFAULT_VEHTYPE" speed="13.22" pos="49.34" lane="1/1to2/1_0" slope="0.00"/>
        <vehicle id="40" x="601.65" y="353.45" angle="180.00" type="DEFAULT_VEHTYPE" speed="13.32" pos="148.70" lane="3/1to3/2_0" slope="0.00"/>
        <vehicle id="42" x="201.65" y="567.78" angle="180.00" type="DEFAULT_VEHTYPE" speed="13.33" pos="163.03" lane="1/2to1/3_0" slope="0.00"/>
        <vehicle id="43" x="146.21" y="401.65" angle="-90.00" type="DEFAULT_VEHTYPE" speed="13.02" pos="49.04" lane="1/2to0/2_0" slope="0.00"/>
        <vehicle id="44" x="267.54" y="401.65" angle="-90.00" type="DEFAULT_VEHTYPE" speed="12.67" pos="127.71" lane="2/2to1/2_0" slope="0.00"/>
        <vehicle id="48" x="487.08" y="401.65" angle="-90.00" type="DEFAULT_VEHTYPE" speed="13.35" pos="108.17" lane="3/2to2/2_0" slope="0.00"/>
        <vehicle id="49" x="398.35" y="333.66" angle="0.00" type="DEFAULT_VEHTYPE" speed="13.47" pos="61.59" lane="2/2to2/1_0" slope="0.00"/>
        <vehicle id="5" x="201.65" y="289.74" angle="180.00" type="DEFAULT_VEHTYPE" speed="12.85" pos="84.99" lane="1/1to1/2_0" slope="0.00"/>
        <vehicle id="6" x="210.01" y="401.65" angle="-90.00" type="DEFAULT_VEHTYPE" speed="3.93" pos="185.24" lane="2/2to1/2_0" slope="0.00"/>
        <vehicle id="7" x="232.61" y="598.35" angle="90.00" type="DEFAULT_VEHTYPE" speed="13.59" pos="27.86" lane="1/3to2/3_0" slope="0.00"/>
        <vehicle id="8" x="598.35" y="521.82" angle="0.00" type="DEFAULT_VEHTYPE" speed="13.36" pos="73.43" lane="3/3to3/2_0" slope="0.00"/>
        <vehicle id="9" x="601.65" y="484.50" angle="180.00" type="DEFAULT_VEHTYPE" speed="12.63" pos="79.75" lane="3/2to3/3_0" slope="0.00"/>
    </timestep>
    <timestep time="588.00">
        <vehicle id="0" x="289.84" y="401.65" angle="-90.00" type="DEFAULT_VEHTYPE" speed="13.85" pos="105.41" lane="2/2to1/2_0" slope="0.00"/>
        <vehicle id="10" x="611.03" y="201.65" angle="-90.00" type="DEFAULT_VEHTYPE" speed="4.19" pos="188.97" lane="4/1to3/1_0" slope="0.00"/>
        <vehicle id="11" x="401.65" y="799.08" angle="180.00" type="DEFAULT_VEHTYPE" speed="13.26" pos="194.33" lane="2/3to2/4_0" slope="0.00"/>
        <vehicle id="15" x="740.57" y="601.65" angle="-90.00" type="DEFAULT_VEHTYPE" speed="12.66" pos="59.43" lane="4/3to3/3_0" slope="0.00"/>
        <vehicle id="16" x="398.35" y="762.20" angle="0.00" type="DEFAULT_VEHTYPE" speed="13.74" pos="37.80" lane="2/4to2/3_0" slope="0.00"/>
        <vehicle id="17" x="398.35" y="672.16" angle="0.00" type="DEFAULT_VEHTYPE" speed="13.04" pos="127.84" lane="2/4to2/3_0" slope="0.00"/>
        <vehicle id="18" x="411.98" y="401.65" angle="-90.00" type="DEFAULT_VEHTYPE" speed="5.08" pos="183.27" lane="3/2to2/2_0" slope="0.00"/>
        <vehicle id="2" x="398.35" y="23.36" angle="0.00" type="DEFAULT_VEHTYPE" speed="12.68" pos="171.89" lane="2/1to2/0_0" slope="0.00"/>
        <vehicle id="24" x="201.65" y="505.83" angle="180.00" type="DEFAULT_VEHTYPE" speed="12.64" pos="101.08" lane="1/2to1/3_0" slope="0.00"/>
        <vehicle id="28" x="601.65" y="324.06" angle="180.00" type="DEFAULT_VEHTYPE" speed="13.56" pos="119.31" lane="3/1to3/2_0" slope="0.00"/>
        <vehicle id="29" x="601.65" y="277.85" angle="180.00" type="DEFAULT_VEHTYPE" speed="13.12" pos="73.10" lane="3/1to3/2_0" slope="0.00"/>
        <vehicle id="3" x="398.35" y="367.34" angle="0.00" type="DEFAULT_VEHTYPE" speed="12.46" pos="27.91" lane="2/2to2/1_0" slope="0.00"/>
        <vehicle id="33" x="430.24" y="401.65" angle="-90.00" type="DEFAULT_VEHTYPE" speed="11.40" pos="165.01" lane="3/2to2/2_0" slope="0.00"/>
        <vehicle id="37" x="158.07" y="401.65" angle="-90.00" type="DEFAULT_VEHTYPE" speed="13.44" pos="37.18" lane="1/2to0/2_0" slope="0.00"/>
        <vehicle id="39" x="267.14" y="198.35" angle="90.00" type="DEFAULT_VEHTYPE" speed="13.05" pos="62.39" lane="1/1to2/1_0" slope="0.00"/>
        <vehicle id="40" x="601.65" y="367.33" angle="180.00" type="DEFAULT_VEHTYPE" speed="13.88" pos="162.58" lane="3/1to3/2_0" slope="0.00"/>
        <vehicle id="42" x="201.65" y="580.55" angle="180.00" type="DEFAULT_VEHTYPE" speed="12.77" pos="175.80" lane="1/2to1/3_0" slope="0.00"/>
        <vehicle id="43" x="132.92" y="401.65" angle="-90.00" type="DEFAULT_VEHTYPE" speed="13.30" pos="62.33" lane="1/2to0/2_0" slope="0.00"/>
        <vehicle id="44" x="253.67" y="401.65" angle="-90.00" type="DEFAULT_VEHTYPE" speed="13.87" pos="141.58" lane="2/2to1/2_0" slope="0.00"/>
        <vehicle id="48" x="474.04" y="401.65" angle="-90.00" type="DEFAULT_VEHTYPE" speed="13.04" pos="121.21" lane="3/2to2/2_0" slope="0.00"/>
        <vehicle id="49" x="398.35" y="319.87" angle="0.00" type="DEFAULT_VEHTYPE" speed="13.80" pos="75.38" lane="2/2to2/1_0" slope="0.00"/>
        <vehicle id="5" x="201.65" y="302.38" angle="180.00" type="DEFAULT_VEHTYPE" speed="12.65" pos="97.63" lane="1/1to1/2_0" slope="0.00"/>
        <vehicle id="6" x="204.45" y="401.65" angle="-90.00" type="DEFAULT_VEHTYPE" speed="5.57" pos="0.30" lane=":1/2_5_0" slope="0.00"/>
        <vehicle id="7" x="245.21" y="598.35" angle="90.00" type="DEFAULT_VEHTYPE" speed="12.60" pos="40.46" lane="1/3to2/3_0" slope="0.00"/>
        <vehicle id="8" x="598.35" y="508.35" angle="0.00" type="DEFAULT_VEHTYPE" speed="13.48" pos="86.90" lane="3/3to3/2_0" slope="0.00"/>
        <vehicle id="9" x="601.65" y="498.12" angle="180.00" type="DEFAULT_VEHTYPE" speed="13.62" pos="93.37" lane="3/2to3/3_0" slope="0.00"/>
    </timestep>
    <timestep time="589.00">
        <vehicle id="0" x="277.23" y="401.65" angle="-90.00" type="DEFAULT_VEHTYPE" speed="12.61" pos="118.02" lane="2/2to1/2_0" slope="0.00"/>
        <vehicle id="10" x="605.49" y="201.65" angle="-90.00" type="DEFAULT_VEHTYPE" speed="5.54" pos="194.51" lane="4/1to3/1_0" slope="0.00"/>
        <vehicle id="11" x="398.35" y="792.08" angle="0.00" type="DEFAULT_VEHTYPE" speed="13.65" pos="7.92" lane="2/4to2/3_0" slope="0.00"/>
        <vehicle id="15" x="727.80" y="601.65" angle="-90.00" type="DEFAULT_VEHTYPE" speed="12.77" pos="72.20" lane="4/3to3/3_0" slope="0.00"/>
        <vehicle id="16" x="398.35" y="749.24" angle="0.00" type="DEFAULT_VEHTYPE" speed="12.96" pos="50.76" lane="2/4to2/3_0" slope="0.00"/>
        <vehicle id="17" x="398.35" y="658.37" angle="0.00" type="DEFAULT_VEHTYPE" speed="13.79" pos="141.63" lane="2/4to2/3_0" slope="0.00"/>
        <vehicle id="18" x="408.73" y="401.65" angle="-90.00" type="DEFAULT_VEHTYPE" speed="3.25" pos="186.52" lane="3/2to2/2_0" slope="0.00"/>
        <vehicle id="2" x="398.35" y="10.16" angle="0.00" type="DEFAULT_VEHTYPE" speed="13.21" pos="185.09" lane="2/1to2/0_0" slope="0.00"/>
        <vehicle id="24" x="201.65" y="518.95" angle="180.00" type="DEFAULT_VEHTYPE" speed="13.12" pos="114.20" lane="1/2to1/3_0" slope="0.00"/>
        <vehicle id="28" x="601.65" y="337.02" angle="180.00" type="DEFAULT_VEHTYPE" speed="12.97" pos="132.27" lane="3/1to3/2_0" slope="0.00"/>
        <vehicle id="29" x="601.65" y="290.54" angle="180.00" type="DEFAULT_VEHTYPE" speed="12.69" pos="85.79" lane="3/1to3/2_0" slope="0.00"/>
        <vehicle id="3" x="398.35" y="353.55" angle="0.00" type="DEFAULT_VEHTYPE" speed="13.79" pos="41.70" lane="2/2to2/1_0" slope="0.00"/>
        <vehicle id="33" x="423.34" y="401.65" angle="-90.00" type="DEFAULT_VEHTYPE" speed="6.90" pos="171.91" lane="3/2to2/2_0" slope="0.00"/>
        <vehicle id="37" x="144.49" y="401.65" angle="-90.00" type="DEFAULT_VEHTYPE" speed="13.58" pos="50.76" lane="1/2to0/2_0" slope="0.00"/>
        <vehicle id="39" x="280.52" y="198.35" angle="90.00" type="DEFAULT_VEHTYPE" speed="13.38" pos="75.77" lane="1/1to2/1_0" slope="0.00"/>
        <vehicle id="40" x="601.65" y="378.25" angle="180.00" type="DEFAULT_VEHTYPE" speed="10.93" pos="173.50" lane="3/1to3/2_0" slope="0.00"/>
        <vehicle id="42" x="201.65" y="593.33" angle="180.00" type="DEFAULT_VEHTYPE" speed="12.78" pos="188.58" lane="1/2to1/3_0" slope="0.00"/>
        <vehicle id="43" x="119.52" y="401.65" angle="-90.00" type="DEFAULT_VEHTYPE" speed="13.40" pos="75.73" lane="1/2to0/2_0" slope="0.00"/>
        <vehicle id="44" x="240.30" y="401.65" angle="-90.00" type="DEFAULT_VEHTYPE" speed="13.37" pos="154.95" lane="2/2to1/2_0" slope="0.00"/>
        <vehicle id="48" x="460.60" y="401.65" angle="-90.00" type="DEFAULT_VEHTYPE" speed="13.44" pos="134.65" lane="3/2to2/2_0" slope="0.00"/>
        <vehicle id="49" x="398.35" y="306.16" angle="0.00" type="DEFAULT_VEHTYPE" speed="13.70" pos="89.09" lane="2/2to2/1_0" slope="0.00"/>
        <vehicle id="5" x="201.65" y="315.36" angle="180.00" type="DEFAULT_VEHTYPE" speed="12.98" pos="110.61" lane="1/1to1/2_0" slope="0.00"/>
        <vehicle id="6" x="197.10" y="401.65" angle="-90.00" type="DEFAULT_VEHTYPE" speed="7.35" pos="7.65" lane=":1/2_5_0" slope="0.00"/>
        <vehicle id="7" x="258.27" y="598.35" angle="90.00" type="DEFAULT_VEHTYPE" speed="13.05" pos="53.52" lane="1/3to2/3_0" slope="0.00"/>
        <vehicle id="8" x="598.35" y="495.34" angle="0.00" type="DEFAULT_VEHTYPE" speed="13.00" pos="99.91" lane="3/3to3/2_0" slope="0.00"/>
        <vehicle id="9" x="601.65" y="510.83" angle="180.00" type="DEFAULT_VEHTYPE" speed="12.71" pos="106.08" lane="3/2to3/3_0" slope="0.00"/>
    </timestep>
    <timestep time="590.00">
        <vehicle id="0" x="264.07" y="401.65" angle="-90.00" type="DEFAULT_VEHTYPE" speed="13.17" pos="131.18" lane="2/2to1/2_0" slope="0.00"/>
        <vehicle id="10" x="601.65" y="206.47" angle="-162.05" type="DEFAULT_VEHTYPE" speed="7.46" pos="1.72" lane="3/1to3/2_0" slope="0.00"/>
        <vehicle id="11" x="398.35" y="778.89" angle="0.00" type="DEFAULT_VEHTYPE" speed="13.19" pos="21.11" lane="2/4to2/3_0" slope="0.00"/>
        <vehicle id="15" x="714.98" y="601.65" angle="-90.00" type="DEFAULT_VEHTYPE" speed="12.82" pos="85.02" lane="4/3to3/3_0" slope="0.00"/>
        <vehicle id="16" x="398.35" y="735.40" angle="0.00" type="DEFAULT_VEHTYPE" speed="13.84" pos="64.60" lane="2/4to2/3_0" slope="0.00"/>
        <vehicle id="17" x="398.35" y="645.33" angle="0.00" type="DEFAULT_VEHTYPE" speed="13.04" pos="154.67" lane="2/4to2/3_0" slope="0.00"/>
        <vehicle id="18" x="403.33" y="401.45" angle="-87.67" type="DEFAULT_VEHTYPE" speed="5.41" pos="1.43" lane=":2/2_6_0" slope="0.00"/>
        <vehicle id="2" x="400.69" y="-1.30" angle="36.89" type="DEFAULT_VEHTYPE" speed="13.34" pos="3.19" lane=":2/0_0_0" slope="0.00"/>
        <vehicle id="24" x="201.65" y="531.79" angle="180.00" type="DEFAULT_VEHTYPE" speed="12.84" pos="127.04" lane="1/2to1/3_0" slope="0.00"/>
        <vehicle id="28" x="601.65" y="350.34" angle="180.00" type="DEFAULT_VEHTYPE" speed="13.32" pos="145.59" lane="3/1to3/2_0" slope="0.00"/>
        <vehicle id="29" x="601.65" y="304.19" angle="180.00" type="DEFAULT_VEHTYPE" speed="13.65" pos="99.44" lane="3/1to3/2_0" slope="0.00"/>
        <vehicle id="3" x="398.35" y="340.48" angle="0.00" type="DEFAULT_VEHTYPE" speed="13.06" pos="54.77" lane="2/2to2/1_0" slope="0.00"/>
        <vehicle id="33" x="418.81" y="401.65" angle="-90.00" type="DEFAULT_VEHTYPE" speed="4.53" pos="176.44" lane="3/2to2/2_0" slope="0.00"/>
        <vehicle id="37" x="131.19" y="401.65" angle="-90.00" type="DEFAULT_VEHTYPE" speed="13.30" pos="64.06" lane="1/2to0/2_0" slope="0.00"/>
        <vehicle id="39" x="293.69" y="198.35" angle="90.00" type="DEFAULT_VEHTYPE" speed="13.17" pos="88.94" lane="1/1to2/1_0" slope="0.00"/>
        <vehicle id="40" x="601.65" y="385.51" angle="180.00" type="DEFAULT_VEHTYPE" speed="7.25" pos="180.76" lane="3/1to3/2_0" slope="0.00"/>
        <vehicle id="42" x="211.68" y="598.35" angle="90.00" type="DEFAULT_VEHTYPE" speed="13.84" pos="6.93" lane="1/3to2/3_0" slope="0.00"/>
        <vehicle id="43" x="105.99" y="401.65" angle="-90.00" type="DEFAULT_VEHTYPE" speed="13.53" pos="89.26" lane="1/2to0/2_0" slope="0.00"/>
        <vehicle id="44" x="227.85" y="401.65" angle="-90.00" type="DEFAULT_VEHTYPE" speed="12.45" pos="167.40" lane="2/2to1/2_0" slope="0.00"/>
        <vehicle id="48" x="447.13" y="401.65" angle="-90.00" type="DEFAULT_VEHTYPE" speed="13.47" pos="148.12" lane="3/2to2/2_0" slope="0.00"/>
        <vehicle id="49" x="398.35" y="292.75" angle="0.00" type="DEFAULT_VEHTYPE" speed="13.41" pos="102.50" lane="2/2to2/1_0" slope="0.00"/>
        <vehicle id="5" x="201.65" y="328.18" angle="180.00" type="DEFAULT_VEHTYPE" speed="12.82" pos="123.43" lane="1/1to1/2_0" slope="0.00"/>
        <vehicle id="6" x="187.33" y="401.65" angle="-90.00" type="DEFAULT_VEHTYPE" speed="9.77" pos="7.92" lane="1/2to0/2_0" slope="0.00"/>
        <vehicle id="7" x="271.60" y="598.35" angle="90.00" type="DEFAULT_VEHTYPE" speed="13.33" pos="66.85" lane="1/3to2/3_0" slope="0.00"/>
        <vehicle id="8" x="598.35" y="481.69" angle="0.00" type="DEFAULT_VEHTYPE" speed="13.65" pos="113.56" lane="3/3to3/2_0" slope="0.00"/>
        <vehicle id="9" x="601.65" y="523.74" angle="180.00" type="DEFAULT_VEHTYPE" speed="12.91" pos="118.99" lane="3/2to3/3_0" slope="0.00"/>
    </timestep>
    <timestep time="591.00">
        <vehicle id="0" x="251.38" y="401.65" angle="-90.00" type="DEFAULT_VEHTYPE" speed="12.69" pos="143.87" lane="2/2to1/2_0" slope="0.00"/>
        <vehicle id="10" x="601.65" y="215.93" angle="180.00" type="DEFAULT_VEHTYPE" speed="9.46" pos="11.18" lane="3/1to3/2_0" slope="0.00"/>
        <vehicle id="11" x="398.35" y="765.35" angle="0.00" type="DEFAULT_VEHTYPE" speed="13.54" pos="34.65" lane="2/4to2/3_0" slope="0.00"/>
        <vehicle id="15" x="701.36" y="601.65" angle="-90.00" type="DEFAULT_VEHTYPE" speed="13.62" pos="98.64" lane="4/3to3/3_0" slope="0.00"/>
        <vehicle id="16" x="398.35" y="721.86" angle="0.00" type="DEFAULT_VEHTYPE" speed="13.54" pos="78.14" lane="2/4to2/3_0" slope="0.00"/>
        <vehicle id="17" x="398.35" y="632.54" angle="0.00" type="DEFAULT_VEHTYPE" speed="12.80" pos="167.46" lane="2/4to2/3_0" slope="0.00"/>
        <vehicle id="18" x="398.51" y="396.35" angle="-28.30" type="DEFAULT_VEHTYPE" speed="7.78" pos="9.21" lane=":2/2_6_0" slope="0.00"/>
        <vehicle id="2" x="401.65" y="11.20" angle="180.00" type="DEFAULT_VEHTYPE" speed="12.83" pos="11.20" lane="2/0to2/1_0" slope="0.00"/>
        <vehicle id="24" x="201.65" y="545.59" angle="180.00" type="DEFAULT_VEHTYPE" speed="13.80" pos="140.84" lane="1/2to1/3_0" slope="0.00"/>
        <vehicle id="28" x="601.65" y="363.80" angle="180.00" type="DEFAULT_VEHTYPE" speed="13.46" pos="159.05" lane="3/1to3/2_0" slope="0.00"/>
        <vehicle id="29" x="601.65" y="317.03" angle="180.00" type="DEFAULT_VEHTYPE" speed="12.84" pos="112.28" lane="3/1to3/2_0" slope="0.00"/>
        <vehicle id="3" x="398.35" y="327.56" angle="0.00" type="DEFAULT_VEHTYPE" speed="12.92" pos="67.69" lane="2/2to2/1_0" slope="0.00"/>
        <vehicle id="33" x="412.81" y="401.65" angle="-90.00" type="DEFAULT_VEHTYPE" speed="5.99" pos="182.44" lane="3/2to2/2_0" slope="0.00"/>
        <vehicle id="37" x="117.82" y="401.65" angle="-90.00" type="DEFAULT_VEHTYPE" speed="13.36" pos="77.43" lane="1/2to0/2_0" slope="0.00"/>
        <vehicle id="39" x="307.29" y="198.35" angle="90.00" type="DEFAULT_VEHTYPE" speed="13.60" pos="102.54" lane="1/1to2/1_0" slope="0.00"/>
        <vehicle id="40" x="601.65" y="390.21" angle="180.00" type="DEFAULT_VEHTYPE" speed="4.71" pos="185.46" lane="3/1to3/2_0" slope="0.00"/>
        <vehicle id="42" x="224.48" y="598.35" angle="90.00" type="DEFAULT_VEHTYPE" speed="12.80" pos="19.73" lane="1/3to2/3_0" slope="0.00"/>
        <vehicle id="43" x="92.59" y="401.65" angle="-90.00" type="DEFAULT_VEHTYPE" speed="13.40" pos="102.66" lane="1/2to0/2_0" slope="0.00"/>
        <vehicle id="44" x="219.07" y="401.65" angle="-90.00" type="DEFAULT_VEHTYPE" speed="8.78" pos="176.18" lane="2/2to1/2_0" slope="0.00"/>
        <vehicle id="48" x="436.87" y="401.65" angle="-90.00" type="DEFAULT_VEHTYPE" speed="10.26" pos="158.38" lane="3/2to2/2_0" slope="0.00"/>
        <vehicle id="49" x="398.35" y="279.61" angle="0.00" type="DEFAULT_VEHTYPE" speed="13.14" pos="115.64" lane="2/2to2/1_0" slope="0.00"/>
        <vehicle id="5" x="201.65" y="341.57" angle="180.00" type="DEFAULT_VEHTYPE" speed="13.39" pos="136.82" lane="1/1to1/2_0" slope="0.00"/>
        <vehicle id="6" x="175.44" y="401.65" angle="-90.00" type="DEFAULT_VEHTYPE" speed="11.89" pos="19.81" lane="1/2to0/2_0" slope="0.00"/>
        <vehicle id="7" x="284.46" y="598.35" angle="90.00" type="DEFAULT_VEHTYPE" speed="12.86" pos="79.71" lane="1/3to2/3_0" slope="0.00"/>
        <vehicle id="8" x="598.35" y="468.33" angle="0.00" type="DEFAULT_VEHTYPE" speed="13.36" pos="126.92" lane="3/3to3/2_0" slope="0.00"/>
        <vehicle id="9" x="601.65" y="537.43" angle="180.00" type="DEFAULT_VEHTYPE" speed="13.69" pos="132.68" lane="3/2to3/3_0" slope="0.00"/>
    </timestep>
    <timestep time="592.00">
        <vehicle id="0" x="238.53" y="401.65" angle="-90.00" type="DEFAULT_VEHTYPE" speed="12.85" pos="156.72" lane="2/2to1/2_0" slope="0.00"/>
        <vehicle id="10" x="601.65" y="227.11" angle="180.00" type="DEFAULT_VEHTYPE" speed="11.19" pos="22.36" lane="3/1to3/2_0" slope="0.00"/>
        <vehicle id="11" x="398.35" y="752.03" angle="0.00" type="DEFAULT_VEHTYPE" speed="13.32" pos="47.97" lane="2/4to2/3_0" slope="0.00"/>
        <vehicle id="15" x="687.89" y="601.65" angle="-90.00" type="DEFAULT_VEHTYPE" speed="13.46" pos="112.11" lane="4/3to3/3_0" slope="0.00"/>
        <vehicle id="16" x="398.35" y="708.13" angle="0.00" type="DEFAULT_VEHTYPE" speed="13.73" pos="91.87" lane="2/4to2/3_0" slope="0.00"/>
        <vehicle id="17" x="398.35" y="619.19" angle="0.00" type="DEFAULT_VEHTYPE" speed="13.35" pos="180.81" lane="2/4to2/3_0" slope="0.00"/>
        <vehicle id="18" x="398.35" y="386.28" angle="0.00" type="DEFAULT_VEHTYPE" speed="10.08" pos="8.97" lane="2/2to2/1_0" slope="0.00"/>
        <vehicle id="2" x="401.65" y="24.27" angle="180.00" type="DEFAULT_VEHTYPE" speed="13.08" pos="24.27" lane="2/0to2/1_0" slope="0.00"/>
        <vehicle id="24" x="201.65" y="559.01" angle="180.00" type="DEFAULT_VEHTYPE" speed="13.42" pos="154.26" lane="1/2to1/3_0" slope="0.00"/>
        <vehicle id="28" x="601.65" y="373.37" angle="180.00" type="DEFAULT_VEHTYPE" speed="9.56" pos="168.62" lane="3/1to3/2_0" slope="0.00"/>
        <vehicle id="29" x="601.65" y="330.36" angle="180.00" type="DEFAULT_VEHTYPE" speed="13.33" pos="125.61" lane="3/1to3/2_0" slope="0.00"/>
        <vehicle id="3" x="398.35" y="314.81" angle="0.00" type="DEFAULT_VEHTYPE" speed="12.75" pos="80.44" lane="2/2to2/1_0" slope="0.00"/>
        <vehicle id="33" x="409.93" y="401.65" angle="-90.00" type="DEFAULT_VEHTYPE" speed="2.89" pos="185.32" lane="3/2to2/2_0" slope="0.00"/>
        <vehicle id="37" x="104.10" y="401.65" angle="-90.00" type="DEFAULT_VEHTYPE" speed="13.72" pos="91.15" lane="1/2to0/2_0" slope="0.00"/>
        <vehicle id="39" x="320.63" y="198.35" angle="90.00" type="DEFAULT_VEHTYPE" speed="13.33" pos="115.88" lane="1/1to2/1_0" slope="0.00"/>
        <vehicle id="40" x="601.33" y="397.47" angle="-176.36" type="DEFAULT_VEHTYPE" speed="7.28" pos="2.24" lane=":3/2_10_0" slope="0.00"/>
        <vehicle id="42" x="238.37" y="598.35" angle="90.00" type="DEFAULT_VEHTYPE" speed="13.89" pos="33.62" lane="1/3to2/3_0" slope="0.00"/>
        <vehicle id="43" x="79.66" y="401.65" angle="-90.00" type="DEFAULT_VEHTYPE" speed="12.93" pos="115.59" lane="1/2to0/2_0" slope="0.00"/>
        <vehicle id="44" x="213.14" y="401.65" angle="-90.00" type="DEFAULT_VEHTYPE" speed="5.93" pos="182.11" lane="2/2to1/2_0" slope="0.00"/>
        <vehicle id="48" x="426.88" y="401.65" angle="-90.00" type="DEFAULT_VEHTYPE" speed="9.99" pos="168.37" lane="3/2to2/2_0" slope="0.00"/>
        <vehicle id="49" x="398.35" y="265.83" angle="0.00" type="DEFAULT_VEHTYPE" speed="13.78" pos="129.42" lane="2/2to2/1_0" slope="0.00"/>
        <vehicle id="5" x="201.65" y="355.27" angle="180.00" type="DEFAULT_VEHTYPE" speed="13.70" pos="150.52" lane="1/1to1/2_0" slope="0.00"/>
        <vehicle id="6" x="162.57" y="401.65" angle="-90.00" type="DEFAULT_VEHTYPE" speed="12.88" pos="32.68" lane="1/2to0/2_0" slope="0.00"/>
        <vehicle id="7" x="297.68" y="598.35" angle="90.00" type="DEFAULT_VEHTYPE" speed="13.21" pos="92.93" lane="1/3to2/3_0" slope="0.00"/>
        <vehicle id="8" x="598.35" y="455.61" angle="0.00" type="DEFAULT_VEHTYPE" speed="12.72" pos="139.64" lane="3/3to3/2_0" slope="0.00"/>
        <vehicle id="9" x="601.65" y="551.08" angle="180.00" type="DEFAULT_VEHTYPE" speed="13.65" pos="146.33" lane="3/2to3/3_0" slope="0.00"/>
    </timestep>
    <timestep time="593.00">
        <vehicle id="0" x="228.36" y="401.65" angle="-90.00" type="DEFAULT_VEHTYPE" speed="10.16" pos="166.89" lane="2/2to1/2_0" slope="0.00"/>
        <vehicle id="10" x="601.65" y="240.19" angle="180.00" type="DEFAULT_VEHTYPE" speed="13.08" pos="35.44" lane="3/1to3/2_0" slope="0.00"/>
        <vehicle id="11" x="398.35" y="738.94" angle="0.00" type="DEFAULT_VEHTYPE" speed="13.09" pos="61.06" lane="2/4to2/3_0" slope="0.00"/>
        <vehicle id="15" x="675.04" y="601.65" angle="-90.00" type="DEFAULT_VEHTYPE" speed="12.85" pos="124.96" lane="4/3to3/3_0" slope="0.00"/>
        <vehicle id="16" x="398.35" y="695.17" angle="0.00" type="DEFAULT_VEHTYPE" speed="12.96" pos="104.83" lane="2/4to2/3_0" slope="0.00"/>
        <vehicle id="17" x="398.35" y="605.48" angle="0.00" type="DEFAULT_VEHTYPE" speed="13.71" pos="194.52" lane="2/4to2/3_0" slope="0.00"/>
        <vehicle id="18" x="398.35" y="373.69" angle="0.00" type="DEFAULT_VEHTYPE" speed="12.59" pos="21.56" lane="2/2to2/1_0" slope="0.00"/>
        <vehicle id="2" x="401.65" y="37.07" angle="180.00" type="DEFAULT_VEHTYPE" speed="12.79" pos="37.07" lane="2/0to2/1_0" slope="0.00"/>
        <vehicle id="24" x="201.65" y="572.53" angle="180.00" type="DEFAULT_VEHTYPE" speed="13.52" pos="167.78" lane="1/2to1/3_0" slope="0.00"/>
        <vehicle id="28" x="601.65" y="382.60" angle="180.00" type="DEFAULT_VEHTYPE" speed="9.23" pos="177.85" lane="3/1to3/2_0" slope="0.00"/>
        <vehicle id="29" x="601.65" y="344.04" angle="180.00" type="DEFAULT_VEHTYPE" speed="13.68" pos="139.29" lane="3/1to3/2_0" slope="0.00"/>
        <vehicle id="3" x="398.35" y="301.90" angle="0.00" type="DEFAULT_VEHTYPE" speed="12.91" pos="93.35" lane="2/2to2/1_0" slope="0.00"/>
        <vehicle id="33" x="404.55" y="401.65" angle="-90.00" type="DEFAULT_VEHTYPE" speed="5.38" pos="0.20" lane=":2/2_5_0" slope="0.00"/>
        <vehicle id="37" x="91.02" y="401.65" angle="-90.00" type="DEFAULT_VEHTYPE" speed="13.08" pos="104.23" lane="1/2to0/2_0" slope="0.00"/>
        <vehicle id="39" x="333.69" y="198.35" angle="90.00" type="DEFAULT_VEHTYPE" speed="13.06" pos="128.94" lane="1/1to2/1_0" slope="0.00"/>
        <vehicle id="40" x="594.39" y="401.65" angle="-102.67" type="DEFAULT_VEHTYPE" speed="8.94" pos="0.86" lane="3/2to2/2_0" slope="0.00"/>
        <vehicle id="42" x="251.67" y="598.35" angle="90.00" type="DEFAULT_VEHTYPE" speed="13.30" pos="46.92" lane="1/3to2/3_0" slope="0.00"/>
        <vehicle id="43" x="66.80" y="401.65" angle="-90.00" type="DEFAULT_VEHTYPE" speed="12.86" pos="128.45" lane="1/2to0/2_0" slope="0.00"/>
        <vehicle id="44" x="209.45" y="401.65" angle="-90.00" type="DEFAULT_VEHTYPE" speed="3.69" pos="185.80" lane="2/2to1/2_0" slope="0.00"/>
        <vehicle id="48" x="421.26" y="401.65" angle="-90.00" type="DEFAULT_VEHTYPE" speed="5.63" pos="173.99" lane="3/2to2/2_0" slope="0.00"/>
        <vehicle id="49" x="398.35" y="253.02" angle="0.00" type="DEFAULT_VEHTYPE" speed="12.82" pos="142.23" lane="2/2to2/1_0" slope="0.00"/>
        <vehicle id="5" x="201.65" y="367.99" angle="180.00" type="DEFAULT_VEHTYPE" speed="12.73" pos="163.24" lane="1/1to1/2_0" slope="0.00"/>
        <vehicle id="6" x="148.79" y="401.65" angle="-90.00" type="DEFAULT_VEHTYPE" speed="13.77" pos="46.46" lane="1/2to0/2_0" slope="0.00"/>
        <vehicle id="7" x="311.11" y="598.35" angle="90.00" type="DEFAULT_VEHTYPE" speed="13.44" pos="106.36" lane="1/3to2/3_0" slope="0.00"/>
        <vehicle id="8" x="598.35" y="442.96" angle="0.00" type="DEFAULT_VEHTYPE" speed="12.65" pos="152.29" lane="3/3to3/2_0" slope="0.00"/>
        <vehicle id="9" x="601.65" y="564.58" angle="180.00" type="DEFAULT_VEHTYPE" speed="13.50" pos="159.83" lane="3/2to3/3_0" slope="0.00"/>
    </timestep>
    <timestep time="594.00">
        <vehicle id="0" x="222.70" y="401.65" angle="-90.00" type="DEFAULT_VEHTYPE" speed="5.66" pos="172.55" lane="2/2to1/2_0" slope="0.00"/>
        <vehicle id="10" x="601.65" y="253.27" angle="180.00" type="DEFAULT_VEHTYPE" speed="13.08" pos="48.52" lane="3/1to3/2_0" slope="0.00"/>
        <vehicle id="11" x="398.35" y="726.00" angle="0.00" type="DEFAULT_VEHTYPE" speed="12.94" pos="74.00" lane="2/4to2/3_0" slope="0.00"/>
        <vehicle id="15" x="662.19" y="601.65" angle="-90.00" type="DEFAULT_VEHTYPE" speed="12.85" pos="137.81" lane="4/3to3/3_0" slope="0.00"/>
        <vehicle id="16" x="398.35" y="681.71" angle="0.00" type="DEFAULT_VEHTYPE" speed="13.46" pos="118.29" lane="2/4to2/3_0" slope="0.00"/>
        <vehicle id="17" x="398.35" y="591.99" angle="0.00" type="DEFAULT_VEHTYPE" speed="13.49" pos="3.26" lane="2/3to2/2_0" slope="0.00"/>
        <vehicle id="18" x="398.35" y="360.07" angle="0.00" type="DEFAULT_VEHTYPE" speed="13.62" pos="35.18" lane="2/2to2/1_0" slope="0.00"/>
        <vehicle id="2" x="401.65" y="49.89" angle="180.00" type="DEFAULT_VEHTYPE" speed="12.82" pos="49.89" lane="2/0to2/1_0" slope="0.00"/>
        <vehicle id="24" x="201.65" y="585.84" angle="180.00" type="DEFAULT_VEHTYPE" speed="13.30" pos="181.09" lane="1/2to1/3_0" slope="0.00"/>
        <vehicle id="28" x="601.65" y="388.26" angle="180.00" type="DEFAULT_VEHTYPE" speed="5.66" pos="183.51" lane="3/1to3/2_0" slope="0.00"/>
        <vehicle id="29" x="601.65" y="356.80" angle="180.00" type="DEFAULT_VEHTYPE" speed="12.76" pos="152.05" lane="3/1to3/2_0" slope="0.00"/>
        <vehicle id="3" x="398.35" y="288.82" angle="0.00" type="DEFAULT_VEHTYPE" speed="13.08" pos="106.43" lane="2/2to2/1_0" slope="0.00"/>
        <vehicle id="33" x="397.35" y="401.65" angle="-90.00" type="DEFAULT_VEHTYPE" speed="7.20" pos="7.40" lane=":2/2_5_0" slope="0.00"/>
        <vehicle id="37" x="77.32" y="401.65" angle="-90.00" type="DEFAULT_VEHTYPE" speed="13.70" pos="117.93" lane="1/2to0/2_0" slope="0.00"/>
        <vehicle id="39" x="346.31" y="198.35" angle="90.00" type="DEFAULT_VEHTYPE" speed="12.62" pos="141.56" lane="1/1to2/1_0" slope="0.00"/>
        <vehicle id="40" x="583.32" y="401.65" angle="-90.00" type="DEFAULT_VEHTYPE" speed="11.07" pos="11.93" lane="3/2to2/2_0" slope="0.00"/>
        <vehicle id="42" x="264.53" y="598.35" angle="90.00" type="DEFAULT_VEHTYPE" speed="12.87" pos="59.78" lane="1/3to2/3_0" slope="0.00"/>
        <vehicle id="43" x="53.36" y="401.65" angle="-90.00" type="DEFAULT_VEHTYPE" speed="13.43" pos="141.89" lane="1/2to0/2_0" slope="0.00"/>
        <vehicle id="44" x="207.85" y="401.65" angle="-90.00" type="DEFAULT_VEHTYPE" speed="1.60" pos="187.40" lane="2/2to1/2_0" slope="0.00"/>
        <vehicle id="48" x="414.14" y="401.65" angle="-90.00" type="DEFAULT_VEHTYPE" speed="7.11" pos="181.11" lane="3/2to2/2_0" slope="0.00"/>
        <vehicle id="49" x="398.35" y="239.38" angle="0.00" type="DEFAULT_VEHTYPE" speed="13.64" pos="155.87" lane="2/2to2/1_0" slope="0.00"/>
        <vehicle id="5" x="201.65" y="381.30" angle="180.00" type="DEFAULT_VEHTYPE" speed="13.31" pos="176.55" lane="1/1to1/2_0" slope="0.00"/>
        <vehicle id="6" x="135.06" y="401.65" angle="-90.00" type="DEFAULT_VEHTYPE" speed="13.73" pos="60.19" lane="1/2to0/2_0" slope="0.00"/>
        <vehicle id="7" x="323.98" y="598.35" angle="90.00" type="DEFAULT_VEHTYPE" speed="12.87" pos="119.23" lane="1/3to2/3_0" slope="0.00"/>
        <vehicle id="8" x="598.35" y="429.86" angle="0.00" type="DEFAULT_VEHTYPE" speed="13.09" pos="165.39" lane="3/3to3/2_0" slope="0.00"/>
        <vehicle id="9" x="601.65" y="577.39" angle="180.00" type="DEFAULT_VEHTYPE" speed="12.81" pos="172.64" lane="3/2to3/3_0" slope="0.00"/>
    </timestep>
    <timestep time="595.00">
        <vehicle id="0" x="218.27" y="401.65" angle="-90.00" type="DEFAULT_VEHTYPE" speed="4.43" pos="176.98" lane="2/2to1/2_0" slope="0.00"/>
        <vehicle id="10" x="601.65" y="266.99" angle="180.00" type="DEFAULT_VEHTYPE" speed="13.72" pos="62.24" lane="3/1to3/2_0" slope="0.00"/>
        <vehicle id="11" x="398.35" y="712.22" angle="0.00" type="DEFAULT_VEHTYPE" speed="13.78" pos="87.78" lane="2/4to2/3_0" slope="0.00"/>
        <vehicle id="15" x="649.22" y="601.65" angle="-90.00" type="DEFAULT_VEHTYPE" speed="12.97" pos="150.78" lane="4/3to3/3_0" slope="0.00"/>
        <vehicle id="16" x="398.35" y="668.36" angle="0.00" type="DEFAULT_VEHTYPE" speed="13.34" pos="131.64" lane="2/4to2/3_0" slope="0.00"/>
        <vehicle id="17" x="398.35" y="578.55" angle="0.00" type="DEFAULT_VEHTYPE" speed="13.44" pos="16.70" lane="2/3to2/2_0" slope="0.00"/>
        <vehicle id="18" x="398.35" y="346.37" angle="0.00" type="DEFAULT_VEHTYPE" speed="13.70" pos="48.88" lane="2/2to2/1_0" slope="0.00"/>
        <vehicle id="2" x="401.65" y="62.65" angle="180.00" type="DEFAULT_VEHTYPE" speed="12.76" pos="62.65" lane="2/0to2/1_0" slope="0.00"/>
        <vehicle id="24" x="203.47" y="598.17" angle="156.63" type="DEFAULT_VEHTYPE" speed="13.12" pos="3.71" lane=":1/3_8_0" slope="0.00"/>
        <vehicle id="28" x="601.65" y="394.56" angle="180.00" type="DEFAULT_VEHTYPE" speed="6.30" pos="189.81" lane="3/1to3/2_0" slope="0.00"/>
        <vehicle id="29" x="601.65" y="368.41" angle="180.00" type="DEFAULT_VEHTYPE" speed="11.60" pos="163.66" lane="3/1to3/2_0" slope="0.00"/>
        <vehicle id="3" x="398.35" y="276.19" angle="0.00" type="DEFAULT_VEHTYPE" speed="12.62" pos="119.06" lane="2/2to2/1_0" slope="0.00"/>
        <vehicle id="33" x="388.67" y="401.65" angle="-90.00" type="DEFAULT_VEHTYPE" speed="8.67" pos="6.58" lane="2/2to1/2_0" slope="0.00"/>
        <vehicle id="37" x="64.07" y="401.65" angle="-90.00" type="DEFAULT_VEHTYPE" speed="13.24" pos="131.18" lane="1/2to0/2_0" slope="0.00"/>
        <vehicle id="39" x="359.08" y="198.35" angle="90.00" type="DEFAULT_VEHTYPE" speed="12.76" pos="154.33" lane="1/1to2/1_0" slope="0.00"/>
        <vehicle id="40" x="569.87" y="401.65" angle="-90.00" type="DEFAULT_VEHTYPE" speed="13.45" pos="25.38" lane="3/2to2/2_0" slope="0.00"/>
        <vehicle id="42" x="277.88" y="598.35" angle="90.00" type="DEFAULT_VEHTYPE" speed="13.34" pos="73.13" lane="1/3to2/3_0" slope="0.00"/>
        <vehicle id="43" x="40.37" y="401.65" angle="-90.00" type="DEFAULT_VEHTYPE" speed="12.99" pos="154.88" lane="1/2to0/2_0" slope="0.00"/>
        <vehicle id="44" x="207.51" y="401.65" angle="-90.00" type="DEFAULT_VEHTYPE" speed="0.34" pos="187.74" lane="2/2to1/2_0" slope="0.00"/>
        <vehicle id="48" x="409.71" y="401.65" angle="-90.00" type="DEFAULT_VEHTYPE" speed="4.44" pos="185.54" lane="3/2to2/2_0" slope="0.00"/>
        <vehicle id="49" x="398.35" y="226.53" angle="0.00" type="DEFAULT_VEHTYPE" speed="12.85" pos="168.72" lane="2/2to2/1_0" slope="0.00"/>
        <vehicle id="5" x="201.65" y="394.41" angle="180.00" type="DEFAULT_VEHTYPE" speed="13.11" pos="189.66" lane="1/1to1/2_0" slope="0.00"/>
        <vehicle id="6" x="122.18" y="401.65" angle="-90.00" type="DEFAULT_VEHTYPE" speed="12.88" pos="73.07" lane="1/2to0/2_0" slope="0.00"/>
        <vehicle id="7" x="337.10" y="598.35" angle="90.00" type="DEFAULT_VEHTYPE" speed="13.12" pos="132.35" lane="1/3to2/3_0" slope="0.00"/>
        <vehicle id="8" x="598.35" y="416.31" angle="0.00" type="DEFAULT_VEHTYPE" speed="13.56" pos="178.94" lane="3/3to3/2_0" slope="0.00"/>
        <vehicle id="9" x="601.65" y="590.82" angle="180.00" type="DEFAULT_VEHTYPE" speed="13.43" pos="186.07" lane="3/2to3/3_0" slope="0.00"/>
    </timestep>
    <timestep time="596.00">
        <vehicle id="0" x="216.08" y="401.65" angle="-90.00" type="DEFAULT_VEHTYPE" speed="2.19" pos="179.17" lane="2/2to1/2_0" slope="0.00"/>
        <vehicle id="10" x="601.65" y="279.88" angle="180.00" type="DEFAULT_VEHTYPE" speed="12.89" pos="75.13" lane="3/1to3/2_0" slope="0.00"/>
        <vehicle id="11" x="398.35" y="699.27" angle="0.00" type="DEFAULT_VEHTYPE" speed="12.95" pos="100.73" lane="2/4to2/3_0" slope="0.00"/>
        <vehicle id="15" x="636.35" y="601.65" angle="-90.00" type="DEFAULT_VEHTYPE" speed="12.87" pos="163.65" lane="4/3to3/3_0" slope="0.00"/>
        <vehicle id="16" x="398.35" y="655.44" angle="0.00" type="DEFAULT_VEHTYPE" speed="12.92" pos="144.56" lane="2/4to2/3_0" slope="0.00"/>
        <vehicle id="17" x="398.35" y="565.26" angle="0.00" type="DEFAULT_VEHTYPE" speed="13.29" pos="29.99" lane="2/3to2/2_0" slope="0.00"/>
        <vehicle id="18" x="398.35" y="333.39" angle="0.00" type="DEFAULT_VEHTYPE" speed="12.98" pos="61.86" lane="2/2to2/1_0" slope="0.00"/>
        <vehicle id="2" x="401.65" y="75.74" angle="180.00" type="DEFAULT_VEHTYPE" speed="13.09" pos="75.74" lane="2/0to2/1_0" slope="0.00"/>
        <vehicle id="24" x="217.28" y="598.35" angle="90.00" type="DEFAULT_VEHTYPE" speed="13.82" pos="12.53" lane="1/3to2/3_0" slope="0.00"/>
        <vehicle id="28" x="601.29" y="397.74" angle="-175.91" type="DEFAULT_VEHTYPE" speed="3.21" pos="2.52" lane=":3/2_10_0" slope="0.00"/>
        <vehicle id="29" x="601.65" y="378.78" angle="180.00" type="DEFAULT_VEHTYPE" speed="10.37" pos="174.03" lane="3/1to3/2_0" slope="0.00"/>
        <vehicle id="3" x="398.35" y="262.68" angle="0.00" type="DEFAULT_VEHTYPE" speed="13.52" pos="132.57" lane="2/2to2/1_0" slope="0.00"/>
        <vehicle id="33" x="378.56" y="401.65" angle="-90.00" type="DEFAULT_VEHTYPE" speed="10.12" pos="16.69" lane="2/2to1/2_0" slope="0.00"/>
        <vehicle id="37" x="50.61" y="401.65" angle="-90.00" type="DEFAULT_VEHTYPE" speed="13.47" pos="144.64" lane="1/2to0/2_0" slope="0.00"/>
        <vehicle id="39" x="371.91" y="198.35" angle="90.00" type="DEFAULT_VEHTYPE" speed="12.84" pos="167.16" lane="1/1to2/1_0" slope="0.00"/>
        <vehicle id="40" x="556.99" y="401.65" angle="-90.00" type="DEFAULT_VEHTYPE" speed="12.88" pos="38.26" lane="3/2to2/2_0" slope="0.00"/>
        <vehicle id="42" x="290.64" y="598.35" angle="90.00" type="DEFAULT_VEHTYPE" speed="12.76" pos="85.89" lane="1/3to2/3_0" slope="0.00"/>
        <vehicle id="43" x="26.54" y="401.65" angle="-90.00" type="DEFAULT_VEHTYPE" speed="13.83" pos="168.71" lane="1/2to0/2_0" slope="0.00"/>
        <vehicle id="44" x="207.26" y="401.65" angle="-90.00" type="DEFAULT_VEHTYPE" speed="0.25" pos="187.99" lane="2/2to1/2_0" slope="0.00"/>
        <vehicle id="48" x="402.96" y="401.65" angle="-90.00" type="DEFAULT_VEHTYPE" speed="6.74" pos="1.79" lane=":2/2_5_0" slope="0.00"/>
        <vehicle id="49" x="398.35" y="213.32" angle="0.00" type="DEFAULT_VEHTYPE" speed="13.21" pos="181.93" lane="2/2to2/1_0" slope="0.00"/>
        <vehicle id="5" x="201.65" y="407.95" angle="180.00" type="DEFAULT_VEHTYPE" speed="13.54" pos="3.20" lane="1/2to1/3_0" slope="0.00"/>
        <vehicle id="6" x="109.41" y="401.65" angle="-90.00" type="DEFAULT_VEHTYPE" speed="12.77" pos="85.84" lane="1/2to0/2_0" slope="0.00"/>
        <vehicle id="7" x="350.16" y="598.35" angle="90.00" type="DEFAULT_VEHTYPE" speed="13.07" pos="145.41" lane="1/3to2/3_0" slope="0.00"/>
        <vehicle id="8" x="598.16" y="403.42" angle="-2.13" type="DEFAULT_VEHTYPE" speed="12.89" pos="1.34" lane=":3/2_0_0" slope="0.00"/>
        <vehicle id="9" x="608.96" y="598.35" angle="91.26" type="DEFAULT_VEHTYPE" speed="13.65" pos="4.21" lane="3/3to4/3_0" slope="0.00"/>
    </timestep>
    <timestep time="597.00">
        <vehicle id="0" x="215.17" y="401.65" angle="-90.00" type="DEFAULT_VEHTYPE" speed="0.91" pos="180.08" lane="2/2to1/2_0" slope="0.00"/>
        <vehicle id="10" x="601.65" y="293.69" angle="180.00" type="DEFAULT_VEHTYPE" speed="13.81" pos="88.94" lane="3/1to3/2_0" slope="0.00"/>
        <vehicle id="11" x="398.35" y="685.40" angle="0.00" type="DEFAULT_VEHTYPE" speed="13.88" pos="114.60" lane="2/4to2/3_0" slope="0.00"/>
        <vehicle id="15" x="624.83" y="601.65" angle="-90.00" type="DEFAULT_VEHTYPE" speed="11.51" pos="175.17" lane="4/3to3/3_0" slope="0.00"/>
        <vehicle id="16" x="398.35" y="641.76" angle="0.00" type="DEFAULT_VEHTYPE" speed="13.68" pos="158.24" lane="2/4to2/3_0" slope="0.00"/>
        <vehicle id="17" x="398.35" y="552.23" angle="0.00" type="DEFAULT_VEHTYPE" speed="13.03" pos="43.02" lane="2/3to2/2_0" slope="0.00"/>
        <vehicle id="18" x="398.35" y="319.63" angle="0.00" type="DEFAULT_VEHTYPE" speed="13.76" pos="75.62" lane="2/2to2/1_0" slope="0.00"/>
        <vehicle id="2" x="401.65" y="89.37" angle="180.00" type="DEFAULT_VEHTYPE" speed="13.62" pos="89.37" lane="2/0to2/1_0" slope="0.00"/>
        <vehicle id="24" x="230.98" y="598.35" angle="90.00" type="DEFAULT_VEHTYPE" speed="13.70" pos="26.23" lane="1/3to2/3_0" slope="0.00"/>
        <vehicle id="28" x="599.74" y="400.23" angle="-157.74" type="DEFAULT_VEHTYPE" speed="3.00" pos="5.51" lane=":3/2_10_0" slope="0.00"/>
        <vehicle id="29" x="601.65" y="384.64" angle="180.00" type="DEFAULT_VEHTYPE" speed="5.87" pos="179.89" lane="3/1to3/2_0" slope="0.00"/>
        <vehicle id="3" x="398.35" y="249.62" angle="0.00" type="DEFAULT_VEHTYPE" speed="13.06" pos="145.63" lane="2/2to2/1_0" slope="0.00"/>
        <vehicle id="33" x="365.99" y="401.65" angle="-90.00" type="DEFAULT_VEHTYPE" speed="12.56" pos="29.26" lane="2/2to1/2_0" slope="0.00"/>
        <vehicle id="37" x="37.68" y="401.65" angle="-90.00" type="DEFAULT_VEHTYPE" speed="12.92" pos="157.57" lane="1/2to0/2_0" slope="0.00"/>
        <vehicle id="39" x="380.55" y="198.35" angle="90.00" type="DEFAULT_VEHTYPE" speed="8.64" pos="175.80" lane="1/1to2/1_0" slope="0.00"/>
        <vehicle id="40" x="544.08" y="401.65" angle="-90.00" type="DEFAULT_VEHTYPE" speed="12.91" pos="51.17" lane="3/2to2/2_0" slope="0.00"/>
        <vehicle id="42" x="303.89" y="598.35" angle="90.00" type="DEFAULT_VEHTYPE" speed="13.24" pos="99.14" lane="1/3to2/3_0" slope="0.00"/>
        <vehicle id="43" x="13.78" y="401.65" angle="-90.00" type="DEFAULT_VEHTYPE" speed="12.76" pos="181.47" lane="1/2to0/2_0" slope="0.00"/>
        <vehicle id="44" x="204.75" y="401.65" angle="-90.00" type="DEFAULT_VEHTYPE" speed="2.51" pos="190.50" lane="2/2to1/2_0" slope="0.00"/>
        <vehicle id="48" x="393.99" y="401.65" angle="-90.00" type="DEFAULT_VEHTYPE" speed="8.97" pos="1.26" lane="2/2to1/2_0" slope="0.00"/>
        <vehicle id="49" x="395.78" y="201.72" angle="-35.80" type="DEFAULT_VEHTYPE" speed="13.04" pos="4.47" lane=":2/1_0_0" slope="0.00"/>
        <vehicle id="5" x="201.65" y="420.85" angle="180.00" type="DEFAULT_VEHTYPE" speed="12.90" pos="16.10" lane="1/2to1/3_0" slope="0.00"/>
        <vehicle id="6" x="96.11" y="401.65" angle="-90.00" type="DEFAULT_VEHTYPE" speed="13.30" pos="99.14" lane="1/2to0/2_0" slope="0.00"/>
        <vehicle id="7" x="363.13" y="598.35" angle="90.00" type="DEFAULT_VEHTYPE" speed="12.96" pos="158.38" lane="1/3to2/3_0" slope="0.00"/>
        <vehicle id="8" x="585.29" y="401.65" angle="-90.00" type="DEFAULT_VEHTYPE" speed="13.62" pos="9.96" lane="3/2to2/2_0" slope="0.00"/>
        <vehicle id="9" x="622.05" y="598.35" angle="90.00" type="DEFAULT_VEHTYPE" speed="13.09" pos="17.30" lane="3/3to4/3_0" slope="0.00"/>
    </timestep>
    <timestep time="598.00">
        <vehicle id="0" x="213.73" y="401.65" angle="-90.00" type="DEFAULT_VEHTYPE" speed="1.44" pos="181.52" lane="2/2to1/2_0" slope="0.00"/>
        <vehicle id="10" x="601.65" y="306.60" angle="180.00" type="DEFAULT_VEHTYPE" speed="12.91" pos="101.85" lane="3/1to3/2_0" slope="0.00"/>
        <vehicle id="11" x="398.35" y="672.16" angle="0.00" type="DEFAULT_VEHTYPE" speed="13.23" pos="127.84" lane="2/4to2/3_0" slope="0.00"/>
        <vehicle id="15" x="616.12" y="601.65" angle="-90.00" type="DEFAULT_VEHTYPE" speed="8.71" pos="183.88" lane="4/3to3/3_0" slope="0.00"/>
        <vehicle id="16" x="398.35" y="628.53" angle="0.00" type="DEFAULT_VEHTYPE" speed="13.24" pos="171.47" lane="2/4to2/3_0" slope="0.00"/>
        <vehicle id="17" x="398.35" y="539.07" angle="0.00" type="DEFAULT_VEHTYPE" speed="13.16" pos="56.18" lane="2/3to2/2_0" slope="0.00"/>
        <vehicle id="18" x="398.35" y="306.10" angle="0.00" type="DEFAULT_VEHTYPE" speed="13.53" pos="89.15" lane="2/2to2/1_0" slope="0.00"/>
        <vehicle id="2" x="401.65" y="103.14" angle="180.00" type="DEFAULT_VEHTYPE" speed="13.77" pos="103.14" lane="2/0to2/1_0" slope="0.00"/>
        <vehicle id="24" x="244.12" y="598.35" angle="90.00" type="DEFAULT_VEHTYPE" speed="13.14" pos="39.37" lane="1/3to2/3_0" slope="0.00"/>
        <vehicle id="28" x="595.58" y="401.60" angle="-110.50" type="DEFAULT_VEHTYPE" speed="4.47" pos="2.84" lane=":3/2_18_0" slope="0.00"/>
        <vehicle id="29" x="601.65" y="392.80" angle="180.00" type="DEFAULT_VEHTYPE" speed="8.16" pos="188.05" lane="3/1to3/2_0" slope="0.00"/>
        <vehicle id="3" x="398.35" y="236.02" angle="0.00" type="DEFAULT_VEHTYPE" speed="13.60" pos="159.23" lane="2/2to2/1_0" slope="0.00"/>
        <vehicle id="33" x="353.14" y="401.65" angle="-90.00" type="DEFAULT_VEHTYPE" speed="12.85" pos="42.11" lane="2/2to1/2_0" slope="0.00"/>
        <vehicle id="37" x="24.54" y="401.65" angle="-90.00" type="DEFAULT_VEHTYPE" speed="13.14" pos="170.71" lane="1/2to0/2_0" slope="0.00"/>
        <vehicle id="39" x="386.31" y="198.35" angle="90.00" type="DEFAULT_VEHTYPE" speed="5.76" pos="181.56" lane="1/1to2/1_0" slope="0.00"/>
        <vehicle id="40" x="530.75" y="401.65" angle="-90.00" type="DEFAULT_VEHTYPE" speed="13.33" pos="64.50" lane="3/2to2/2_0" slope="0.00"/>
        <vehicle id="42" x="316.66" y="598.35" angle="90.00" type="DEFAULT_VEHTYPE" speed="12.78" pos="111.91" lane="1/3to2/3_0" slope="0.00"/>
        <vehicle id="43" x="0.91" y="401.65" angle="-90.00" type="DEFAULT_VEHTYPE" speed="12.87" pos="194.34" lane="1/2to0/2_0" slope="0.00"/>
        <vehicle id="44" x="200.71" y="400.51" angle="-76.52" type="DEFAULT_VEHTYPE" speed="4.27" pos="4.27" lane=":1/2_6_0" slope="0.00"/>
        <vehicle id="48" x="383.57" y="401.65" angle="-90.00" type="DEFAULT_VEHTYPE" speed="10.43" pos="11.68" lane="2/2to1/2_0" slope="0.00"/>
        <vehicle id="49" x="382.92" y="201.65" angle="-90.00" type="DEFAULT_VEHTYPE" speed="12.86" pos="12.33" lane="2/1to1/1_0" slope="0.00"/>
        <vehicle id="5" x="201.65" y="434.61" angle="180.00" type="DEFAULT_VEHTYPE" speed="13.76" pos="29.86" lane="1/2to1/3_0" slope="0.00"/>
        <vehicle id="6" x="82.95" y="401.65" angle="-90.00" type="DEFAULT_VEHTYPE" speed="13.16" pos="112.30" lane="1/2to0/2_0" slope="0.00"/>
        <vehicle id="7" x="375.52" y="598.35" angle="90.00" type="DEFAULT_VEHTYPE" speed="12.39" pos="170.77" lane="1/3to2/3_0" slope="0.00"/>
        <vehicle id="8" x="571.70" y="401.65" angle="-90.00" type="DEFAULT_VEHTYPE" speed="13.60" pos="23.55" lane="3/2to2/2_0" slope="0.00"/>
        <vehicle id="9" x="634.98" y="598.35" angle="90.00" type="DEFAULT_VEHTYPE" speed="12.93" pos="30.23" lane="3/3to4/3_0" slope="0.00"/>
    </timestep>
    <timestep time="599.00">
        <vehicle id="0" x="210.65" y="401.65" angle="-90.00" type="DEFAULT_VEHTYPE" speed="3.08" pos="184.60" lane="2/2to1/2_0" slope="0.00"/>
        <vehicle id="10" x="601.65" y="319.37" angle="180.00" type="DEFAULT_VEHTYPE" speed="12.77" pos="114.62" lane="3/1to3/2_0" slope="0.00"/>
        <vehicle id="11" x="398.35" y="658.69" angle="0.00" type="DEFAULT_VEHTYPE" speed="13.48" pos="141.31" lane="2/4to2/3_0" slope="0.00"/>
        <vehicle id="15" x="610.94" y="601.65" angle="-90.00" type="DEFAULT_VEHTYPE" speed="5.18" pos="189.06" lane="4/3to3/3_0" slope="0.00"/>
        <vehicle id="16" x="398.35" y="615.21" angle="0.00" type="DEFAULT_VEHTYPE" speed="13.31" pos="184.79" lane="2/4to2/3_0" slope="0.00"/>
        <vehicle id="17" x="398.35" y="526.19" angle="0.00" type="DEFAULT_VEHTYPE" speed="12.88" pos="69.06" lane="2/3to2/2_0" slope="0.00"/>
        <vehicle id="18" x="398.35" y="292.91" angle="0.00" type="DEFAULT_VEHTYPE" speed="13.19" pos="102.34" lane="2/2to2/1_0" slope="0.00"/>
        <vehicle id="2" x="401.65" y="116.78" angle="180.00" type="DEFAULT_VEHTYPE" speed="13.64" pos="116.78" lane="2/0to2/1_0" slope="0.00"/>
        <vehicle id="24" x="257.61" y="598.35" angle="90.00" type="DEFAULT_VEHTYPE" speed="13.49" pos="52.86" lane="1/3to2/3_0" slope="0.00"/>
        <vehicle id="28" x="588.85" y="401.65" angle="-90.00" type="DEFAULT_VEHTYPE" speed="6.73" pos="6.40" lane="3/2to2/2_0" slope="0.00"/>
        <vehicle id="29" x="601.65" y="403.55" angle="180.00" type="DEFAULT_VEHTYPE" speed="10.75" pos="8.30" lane=":3/2_9_0" slope="0.00"/>
        <vehicle id="3" x="398.35" y="222.59" angle="0.00" type="DEFAULT_VEHTYPE" speed="13.43" pos="172.66" lane="2/2to2/1_0" slope="0.00"/>
        <vehicle id="33" x="340.09" y="401.65" angle="-90.00" type="DEFAULT_VEHTYPE" speed="13.05" pos="55.16" lane="2/2to1/2_0" slope="0.00"/>
        <vehicle id="37" x="11.89" y="401.65" angle="-90.00" type="DEFAULT_VEHTYPE" speed="12.66" pos="183.36" lane="1/2to0/2_0" slope="0.00"/>
        <vehicle id="39" x="390.57" y="198.35" angle="90.00" type="DEFAULT_VEHTYPE" speed="4.26" pos="185.82" lane="1/1to2/1_0" slope="0.00"/>
        <vehicle id="40" x="517.81" y="401.65" angle="-90.00" type="DEFAULT_VEHTYPE" speed="12.94" pos="77.44" lane="3/2to2/2_0" slope="0.00"/>
        <vehicle id="42" x="329.36" y="598.35" angle="90.00" type="DEFAULT_VEHTYPE" speed="12.70" pos="124.61" lane="1/3to2/3_0" slope="0.00"/>
        <vehicle id="43" x="7.12" y="398.35" angle="90.00" type="DEFAULT_VEHTYPE" speed="12.86" pos="7.12" lane="0/2to1/2_0" slope="0.00"/>
        <vehicle id="44" x="198.35" y="394.47" angle="-13.19" type="DEFAULT_VEHTYPE" speed="6.82" pos="0.78" lane="1/2to1/1_0" slope="0.00"/>
        <vehicle id="48" x="371.65" y="401.65" angle="-90.00" type="DEFAULT_VEHTYPE" speed="11.92" pos="23.60" lane="2/2to1/2_0" slope="0.00"/>
        <vehicle id="49" x="370.18" y="201.65" angle="-90.00" type="DEFAULT_VEHTYPE" speed="12.74" pos="25.07" lane="2/1to1/1_0" slope="0.00"/>
        <vehicle id="5" x="201.65" y="447.44" angle="180.00" type="DEFAULT_VEHTYPE" speed="12.83" pos="42.69" lane="1/2to1/3_0" slope="0.00"/>
        <vehicle id="6" x="70.14" y="401.65" angle="-90.00" type="DEFAULT_VEHTYPE" speed="12.82" pos="125.11" lane="1/2to0/2_0" slope="0.00"/>
        <vehicle id="7" x="383.60" y="598.35" angle="90.00" type="DEFAULT_VEHTYPE" speed="8.09" pos="178.85" lane="1/3to2/3_0" slope="0.00"/>
        <vehicle id="8" x="558.43" y="401.65" angle="-90.00" type="DEFAULT_VEHTYPE" speed="13.27" pos="36.82" lane="3/2to2/2_0" slope="0.00"/>
        <vehicle id="9" x="648.04" y="598.35" angle="90.00" type="DEFAULT_VEHTYPE" speed="13.06" pos="43.29" lane="3/3to4/3_0" slope="0.00"/>
    </timestep>
    <timestep time="600.00">
        <vehicle id="0" x="205.67" y="401.65" angle="-90.00" type="DEFAULT_VEHTYPE" speed="4.98" pos="189.58" lane="2/2to1/2_0" slope="0.00"/>
        <vehicle id="10" x="601.65" y="333.27" angle="180.00" type="DEFAULT_VEHTYPE" speed="13.90" pos="128.52" lane="3/1to3/2_0" slope="0.00"/>
        <vehicle id="11" x="398.35" y="645.66" angle="0.00" type="DEFAULT_VEHTYPE" speed="13.03" pos="154.34" lane="2/4to2/3_0" slope="0.00"/>
        <vehicle id="15" x="604.40" y="601.60" angle="-89.43" type="DEFAULT_VEHTYPE" speed="6.54" pos="0.35" lane=":3/3_6_0" slope="0.00"/>
        <vehicle id="16" x="398.35" y="601.68" angle="0.00" type="DEFAULT_VEHTYPE" speed="13.54" pos="3.07" lane=":2/3_1_0" slope="0.00"/>
        <vehicle id="17" x="398.35" y="512.96" angle="0.00" type="DEFAULT_VEHTYPE" speed="13.23" pos="82.29" lane="2/3to2/2_0" slope="0.00"/>
        <vehicle id="18" x="398.35" y="279.01" angle="0.00" type="DEFAULT_VEHTYPE" speed="13.90" pos="116.24" lane="2/2to2/1_0" slope="0.00"/>
        <vehicle id="2" x="401.65" y="129.42" angle="180.00" type="DEFAULT_VEHTYPE" speed="12.64" pos="129.42" lane="2/0to2/1_0" slope="0.00"/>
        <vehicle id="24" x="270.83" y="598.35" angle="90.00" type="DEFAULT_VEHTYPE" speed="13.22" pos="66.08" lane="1/3to2/3_0" slope="0.00"/>
        <vehicle id="28" x="580.69" y="401.65" angle="-90.00" type="DEFAULT_VEHTYPE" speed="8.16" pos="14.56" lane="3/2to2/2_0" slope="0.00"/>
        <vehicle id="29" x="601.65" y="416.38" angle="180.00" type="DEFAULT_VEHTYPE" speed="12.83" pos="11.63" lane="3/2to3/3_0" slope="0.00"/>
        <vehicle id="3" x="398.35" y="208.74" angle="0.00" type="DEFAULT_VEHTYPE" speed="13.85" pos="186.51" lane="2/2to2/1_0" slope="0.00"/>
        <vehicle id="33" x="327.46" y="401.65" angle="-90.00" type="DEFAULT_VEHTYPE" speed="12.63" pos="67.79" lane="2/2to1/2_0" slope="0.00"/>
        <vehicle id="37" x="-1.39" y="400.53" angle="-76.27" type="DEFAULT_VEHTYPE" speed="13.70" pos="1.82" lane=":0/2_0_0" slope="0.00"/>
        <vehicle id="39" x="391.67" y="198.35" angle="90.00" type="DEFAULT_VEHTYPE" speed="1.10" pos="186.92" lane="1/1to2/1_0" slope="0.00"/>
        <vehicle id="40" x="504.49" y="401.65" angle="-90.00" type="DEFAULT_VEHTYPE" speed="13.33" pos="90.76" lane="3/2to2/2_0" slope="0.00"/>
        <vehicle id="42" x="343.10" y="598.35" angle="90.00" type="DEFAULT_VEHTYPE" speed="13.73" pos="138.35" lane="1/3to2/3_0" slope="0.00"/>
        <vehicle id="43" x="20.14" y="398.35" angle="90.00" type="DEFAULT_VEHTYPE" speed="13.01" pos="20.14" lane="0/2to1/2_0" slope="0.00"/>
        <vehicle id="44" x="198.35" y="385.96" angle="0.00" type="DEFAULT_VEHTYPE" speed="8.51" pos="9.29" lane="1/2to1/1_0" slope="0.00"/>
        <vehicle id="48" x="358.97" y="401.65" angle="-90.00" type="DEFAULT_VEHTYPE" speed="12.68" pos="36.28" lane="2/2to1/2_0" slope="0.00"/>
        <vehicle id="49" x="356.75" y="201.65" angle="-90.00" type="DEFAULT_VEHTYPE" speed="13.43" pos="38.50" lane="2/1to1/1_0" slope="0.00"/>
        <vehicle id="5" x="201.65" y="460.86" angle="180.00" type="DEFAULT_VEHTYPE" speed="13.42" pos="56.11" lane="1/2to1/3_0" slope="0.00"/>
        <vehicle id="6" x="56.93" y="401.65" angle="-90.00" type="DEFAULT_VEHTYPE" speed="13.21" pos="138.32" lane="1/2to0/2_0" slope="0.00"/>
        <vehicle id="7" x="389.14" y="598.35" angle="90.00" type="DEFAULT_VEHTYPE" speed="5.54" pos="184.39" lane="1/3to2/3_0" slope="0.00"/>
        <vehicle id="8" x="545.31" y="401.65" angle="-90.00" type="DEFAULT_VEHTYPE" speed="13.12" pos="49.94" lane="3/2to2/2_0" slope="0.00"/>
        <vehicle id="9" x="661.25" y="598.35" angle="90.00" type="DEFAULT_VEHTYPE" speed="13.21" pos="56.50" lane="3/3to4/3_0" slope="0.00"/>
    </timestep>
    <timestep time="601.00">
        <vehicle id="0" x="199.23" y="398.85" angle="-57.05" type="DEFAULT_VEHTYPE" speed="7.48" pos="6.56" lane=":1/2_6_0" slope="0.00"/>
        <vehicle id="10" x="601.65" y="346.05" angle="180.00" type="DEFAULT_VEHTYPE" speed="12.78" pos="141.30" lane="3/1to3/2_0" slope="0.00"/>
        <vehicle id="11" x="398.35" y="632.69" angle="0.00" type="DEFAULT_VEHTYPE" speed="12.96" pos="167.31" lane="2/4to2/3_0" slope="0.00"/>
        <vehicle id="15" x="598.52" y="596.43" angle="-29.17" type="DEFAULT_VEHTYPE" speed="8.78" pos="9.13" lane=":3/3_6_0" slope="0.00"/>
        <vehicle id="16" x="398.35" y="588.18" angle="0.00" type="DEFAULT_VEHTYPE" speed="13.49" pos="7.07" lane="2/3to2/2_0" slope="0.00"/>
        <vehicle id="17" x="398.35" y="500.26" angle="0.00" type="DEFAULT_VEHTYPE" speed="12.70" pos="94.99" lane="2/3to2/2_0" slope="0.00"/>
        <vehicle id="18" x="398.35" y="265.21" angle="0.00" type="DEFAULT_VEHTYPE" speed="13.80" pos="130.04" lane="2/2to2/1_0" slope="0.00"/>
        <vehicle id="2" x="401.65" y="142.87" angle="180.00" type="DEFAULT_VEHTYPE" speed="13.45" pos="142.87" lane="2/0to2/1_0" slope="0.00"/>
        <vehicle id="24" x="284.43" y="598.35" angle="90.00" type="DEFAULT_VEHTYPE" speed="13.60" pos="79.68" lane="1/3to2/3_0" slope="0.00"/>
        <vehicle id="28" x="570.55" y="401.65" angle="-90.00" type="DEFAULT_VEHTYPE" speed="10.14" pos="24.70" lane="3/2to2/2_0" slope="0.00"/>
        <vehicle id="29" x="601.65" y="429.50" angle="180.00" type="DEFAULT_VEHTYPE" speed="13.12" pos="24.75" lane="3/2to3/3_0" slope="0.00"/>
        <vehicle id="3" x="398.35" y="195.71" angle="0.00" type="DEFAULT_VEHTYPE" speed="13.03" pos="9.04" lane=":2/1_1_0" slope="0.00"/>
        <vehicle id="33" x="313.73" y="401.65" angle="-90.00" type="DEFAULT_VEHTYPE" speed="13.73" pos="81.52" lane="2/2to1/2_0" slope="0.00"/>
        <vehicle id="37" x="10.46" y="398.35" angle="90.00" type="DEFAULT_VEHTYPE" speed="13.47" pos="10.46" lane="0/2to1/2_0" slope="0.00"/>
        <vehicle id="39" x="392.43" y="198.35" angle="90.00" type="DEFAULT_VEHTYPE" speed="0.76" pos="187.68" lane="1/1to2/1_0" slope="0.00"/>
        <vehicle id="40" x="491.56" y="401.65" angle="-90.00" type="DEFAULT_VEHTYPE" speed="12.93" pos="103.69" lane="3/2to2/2_0" slope="0.00"/>
        <vehicle id="42" x="356.44" y="598.35" angle="90.00" type="DEFAULT_VEHTYPE" speed="13.34" pos="151.69" lane="1/3to2/3_0" slope="0.00"/>
        <vehicle id="43" x="33.01" y="398.35" angle="90.00" type="DEFAULT_VEHTYPE" speed="12.87" pos="33.01" lane="0/2to1/2_0" slope="0.00"/>
        <vehicle id="44" x="198.35" y="375.43" angle="0.00" type="DEFAULT_VEHTYPE" speed="10.53" pos="19.82" lane="1/2to1/1_0" slope="0.00"/>
        <vehicle id="48" x="345.38" y="401.65" angle="-90.00" type="DEFAULT_VEHTYPE" speed="13.59" pos="49.87" lane="2/2to1/2_0" slope="0.00"/>
        <vehicle id="49" x="343.90" y="201.65" angle="-90.00" type="DEFAULT_VEHTYPE" speed="12.85" pos="51.35" lane="2/1to1/1_0" slope="0.00"/>
        <vehicle id="5" x="201.65" y="474.48" angle="180.00" type="DEFAULT_VEHTYPE" speed="13.62" pos="69.73" lane="1/2to1/3_0" slope="0.00"/>
        <vehicle id="6" x="43.35" y="401.65" angle="-90.00" type="DEFAULT_VEHTYPE" speed="13.57" pos="151.90" lane="1/2to0/2_0" slope="0.00"/>
        <vehicle id="7" x="396.67" y="598.55" angle="92.33" type="DEFAULT_VEHTYPE" speed="7.54" pos="1.43" lane=":2/3_14_0" slope="0.00"/>
        <vehicle id="8" x="532.24" y="401.65" angle="-90.00" type="DEFAULT_VEHTYPE" speed="13.06" pos="63.01" lane="3/2to2/2_0" slope="0.00"/>
        <vehicle id="9" x="674.76" y="598.35" angle="90.00" type="DEFAULT_VEHTYPE" speed="13.51" pos="70.01" lane="3/3to4/3_0" slope="0.00"/>
    </timestep>
    <timestep time="602.00">
        <vehicle id="0" x="198.35" y="390.19" angle="0.00" type="DEFAULT_VEHTYPE" speed="8.82" pos="5.06" lane="1/2to1/1_0" slope="0.00"/>
        <vehicle id="10" x="601.65" y="359.89" angle="180.00" type="DEFAULT_VEHTYPE" speed="13.84" pos="155.14" lane="3/1to3/2_0" slope="0.00"/>
        <vehicle id="11" x="398.35" y="619.61" angle="0.00" type="DEFAULT_VEHTYPE" speed="13.08" pos="180.39" lane="2/4to2/3_0" slope="0.00"/>
        <vehicle id="15" x="598.35" y="586.34" angle="0.00" type="DEFAULT_VEHTYPE" speed="10.10" pos="8.91" lane="3/3to3/2_0" slope="0.00"/>
        <vehicle id="16" x="398.35" y="575.51" angle="0.00" type="DEFAULT_VEHTYPE" speed="12.68" pos="19.74" lane="2/3to2/2_0" slope="0.00"/>
        <vehicle id="17" x="398.35" y="486.37" angle="0.00" type="DEFAULT_VEHTYPE" speed="13.89" pos="108.88" lane="2/3to2/2_0" slope="0.00"/>
        <vehicle id="18" x="398.35" y="251.70" angle="0.00" type="DEFAULT_VEHTYPE" speed="13.51" pos="143.55" lane="2/2to2/1_0" slope="0.00"/>
        <vehicle id="2" x="401.65" y="156.18" angle="180.00" type="DEFAULT_VEHTYPE" speed="13.31" pos="156.18" lane="2/0to2/1_0" slope="0.00"/>
        <vehicle id="24" x="297.38" y="598.35" angle="90.00" type="DEFAULT_VEHTYPE" speed="12.94" pos="92.63" lane="1/3to2/3_0" slope="0.00"/>
        <vehicle id="28" x="558.00" y="401.65" angle="-90.00" type="DEFAULT_VEHTYPE" speed="12.55" pos="37.25" lane="3/2to2/2_0" slope="0.00"/>
        <vehicle id="29" x="601.65" y="442.12" angle="180.00" type="DEFAULT_VEHTYPE" speed="12.62" pos="37.37" lane="3/2to3/3_0" slope="0.00"/>
        <vehicle id="3" x="398.35" y="182.80" angle="0.00" type="DEFAULT_VEHTYPE" speed="12.91" pos="12.45" lane="2/1to2/0_0" slope="0.00"/>
        <vehicle id="33" x="300.62" y="401.65" angle="-90.00" type="DEFAULT_VEHTYPE" speed="13.11" pos="94.63" lane="2/2to1/2_0" slope="0.00"/>
        <vehicle id="37" x="23.23" y="398.35" angle="90.00" type="DEFAULT_VEHTYPE" speed="12.76" pos="23.23" lane="0/2to1/2_0" slope="0.00"/>
        <vehicle id="39" x="392.63" y="198.35" angle="90.00" type="DEFAULT_VEHTYPE" speed="0.20" pos="187.88" lane="1/1to2/1_0" slope="0.00"/>
        <vehicle id="40" x="478.42" y="401.65" angle="-90.00" type="DEFAULT_VEHTYPE" speed="13.14" pos="116.83" lane="3/2to2/2_0" slope="0.00"/>
        <vehicle id="42" x="370.18" y="598.35" angle="90.00" type="DEFAULT_VEHTYPE" speed="13.74" pos="165.43" lane="1/3to2/3_0" slope="0.00"/>
        <vehicle id="43" x="46.87" y="398.35" angle="90.00" type="DEFAULT_VEHTYPE" speed="13.86" pos="46.87" lane="0/2to1/2_0" slope="0.00"/>
        <vehicle id="44" x="198.35" y="362.69" angle="0.00" type="DEFAULT_VEHTYPE" speed="12.74" pos="32.56" lane="1/2to1/1_0" slope="0.00"/>
        <vehicle id="48" x="332.40" y="401.65" angle="-90.00" type="DEFAULT_VEHTYPE" speed="12.98" pos="62.85" lane="2/2to1/2_0" slope="0.00"/>
        <vehicle id="49" x="331.10" y="201.65" angle="-90.00" type="DEFAULT_VEHTYPE" speed="12.80" pos="64.15" lane="2/1to1/1_0" slope="0.00"/>
        <vehicle id="5" x="201.65" y="487.17" angle="180.00" type="DEFAULT_VEHTYPE" speed="12.69" pos="82.42" lane="1/2to1/3_0" slope="0.00"/>
        <vehicle id="6" x="30.40" y="401.65" angle="-90.00" type="DEFAULT_VEHTYPE" speed="12.96" pos="164.85" lane="1/2to0/2_0" slope="0.00"/>
        <vehicle id="7" x="401.65" y="605.28" angle="165.27" type="DEFAULT_VEHTYPE" speed="9.42" pos="0.53" lane="2/3to2/4_0" slope="0.00"/>
        <vehicle id="8" x="518.84" y="401.65" angle="-90.00" type="DEFAULT_VEHTYPE" speed="13.41" pos="76.41" lane="3/2to2/2_0" slope="0.00"/>
        <vehicle id="9" x="688.39" y="598.35" angle="90.00" type="DEFAULT_VEHTYPE" speed="13.63" pos="83.64" lane="3/3to4/3_0" slope="0.00"/>
    </timestep>
    <timestep time="603.00">
        <vehicle id="0" x="198.35" y="379.86" angle="0.00" type="DEFAULT_VEHTYPE" speed="10.33" pos="15.39" lane="1/2to1/1_0" slope="0.00"/>
        <vehicle id="10" x="601.65" y="372.65" angle="180.00" type="DEFAULT_VEHTYPE" speed="12.76" pos="167.90" lane="3/1to3/2_0" slope="0.00"/>
        <vehicle id="11" x="398.35" y="606.81" angle="0.00" type="DEFAULT_VEHTYPE" speed="12.80" pos="193.19" lane="2/4to2/3_0" slope="0.00"/>
        <vehicle id="15" x="598.35" y="574.51" angle="0.00" type="DEFAULT_VEHTYPE" speed="11.83" pos="20.74" lane="3/3to3/2_0" slope="0.00"/>
        <vehicle id="16" x="398.35" y="561.97" angle="0.00" type="DEFAULT_VEHTYPE" speed="13.54" pos="33.28" lane="2/3to2/2_0" slope="0.00"/>
        <vehicle id="17" x="398.35" y="472.88" angle="0.00" type="DEFAULT_VEHTYPE" speed="13.49" pos="122.37" lane="2/3to2/2_0" slope="0.00"/>
        <vehicle id="18" x="398.35" y="238.71" angle="0.00" type="DEFAULT_VEHTYPE" speed="12.99" pos="156.54" lane="2/2to2/1_0" slope="0.00"/>
        <vehicle id="2" x="401.65" y="169.67" angle="180.00" type="DEFAULT_VEHTYPE" speed="13.49" pos="169.67" lane="2/0to2/1_0" slope="0.00"/>
        <vehicle id="24" x="310.39" y="598.35" angle="90.00" type="DEFAULT_VEHTYPE" speed="13.01" pos="105.64" lane="1/3to2/3_0" slope="0.00"/>
        <vehicle id="28" x="545.09" y="401.65" angle="-90.00" type="DEFAULT_VEHTYPE" speed="12.91" pos="50.16" lane="3/2to2/2_0" slope="0.00"/>
        <vehicle id="29" x="601.65" y="455.46" angle="180.00" type="DEFAULT_VEHTYPE" speed="13.33" pos="50.71" lane="3/2to3/3_0" slope="0.00"/>
        <vehicle id="3" x="398.35" y="169.74" angle="0.00" type="DEFAULT_VEHTYPE" speed="13.06" pos="25.51" lane="2/1to2/0_0" slope="0.00"/>
        <vehicle id="33" x="287.65" y="401.65" angle="-90.00" type="DEFAULT_VEHTYPE" speed="12.97" pos="107.60" lane="2/2to1/2_0" slope="0.00"/>
        <vehicle id="37" x="36.72" y="398.35" angle="90.00" type="DEFAULT_VEHTYPE" speed="13.49" pos="36.72" lane="0/2to1/2_0" slope="0.00"/>
        <vehicle id="39" x="392.70" y="198.35" angle="90.00" type="DEFAULT_VEHTYPE" speed="0.07" pos="187.95" lane="1/1to2/1_0" slope="0.00"/>
        <vehicle id="40" x="464.86" y="401.65" angle="-90.00" type="DEFAULT_VEHTYPE" speed="13.56" pos="130.39" lane="3/2to2/2_0" slope="0.00"/>
        <vehicle id="42" x="380.47" y="598.35" angle="90.00" type="DEFAULT_VEHTYPE" speed="10.29" pos="175.72" lane="1/3to2/3_0" slope="0.00"/>
        <vehicle id="43" x="60.21" y="398.35" angle="90.00" type="DEFAULT_VEHTYPE" speed="13.34" pos="60.21" lane="0/2to1/2_0" slope="0.00"/>
        <vehicle id="44" x="198.35" y="349.84" angle="0.00" type="DEFAULT_VEHTYPE" speed="12.85" pos="45.41" lane="1/2to1/1_0" slope="0.00"/>
        <vehicle id="48" x="319.45" y="401.65" angle="-90.00" type="DEFAULT_VEHTYPE" speed="12.95" pos="75.80" lane="2/2to1/2_0" slope="0.00"/>
        <vehicle id="49" x="318.11" y="201.65" angle="-90.00" type="DEFAULT_VEHTYPE" speed="12.99" pos="77.14" lane="2/1to1/1_0" slope="0.00"/>
        <vehicle id="5" x="201.65" y="500.17" angle="180.00" type="DEFAULT_VEHTYPE" speed="13.00" pos="95.42" lane="1/2to1/3_0" slope="0.00"/>
        <vehicle id="6" x="17.44" y="401.65" angle="-90.00" type="DEFAULT_VEHTYPE" speed="12.96" pos="177.81" lane="1/2to0/2_0" slope="0.00"/>
        <vehicle id="7" x="401.65" y="617.00" angle="180.00" type="DEFAULT_VEHTYPE" speed="11.72" pos="12.25" lane="2/3to2/4_0" slope="0.00"/>
        <vehicle id="8" x="506.19" y="401.65" angle="-90.00" type="DEFAULT_VEHTYPE" speed="12.64" pos="89.06" lane="3/2to2/2_0" slope="0.00"/>
        <vehicle id="9" x="701.23" y="598.35" angle="90.00" type="DEFAULT_VEHTYPE" speed="12.85" pos="96.48" lane="3/3to4/3_0" slope="0.00"/>
    </timestep>
    <timestep time="604.00">
        <vehicle id="0" x="198.35" y="368.15" angle="0.00" type="DEFAULT_VEHTYPE" speed="11.71" pos="27.10" lane="1/2to1/1_0" slope="0.00"/>
        <vehicle id="10" x="601.65" y="381.67" angle="180.00" type="DEFAULT_VEHTYPE" speed="9.02" pos="176.92" lane="3/1to3/2_0" slope="0.00"/>
        <vehicle id="11" x="398.35" y="593.87" angle="0.00" type="DEFAULT_VEHTYPE" speed="12.94" pos="1.38" lane="2/3to2/2_0" slope="0.00"/>
        <vehicle id="15" x="598.35" y="560.68" angle="0.00" type="DEFAULT_VEHTYPE" speed="13.82" pos="34.57" lane="3/3to3/2_0" slope="0.00"/>
        <vehicle id="16" x="398.35" y="549.11" angle="0.00" type="DEFAULT_VEHTYPE" speed="12.85" pos="46.14" lane="2/3to2/2_0" slope="0.00"/>
        <vehicle id="17" x="398.35" y="459.90" angle="0.00" type="DEFAULT_VEHTYPE" speed="12.98" pos="135.35" lane="2/3to2/2_0" slope="0.00"/>
        <vehicle id="18" x="398.35" y="224.91" angle="0.00" type="DEFAULT_VEHTYPE" speed="13.80" pos="170.34" lane="2/2to2/1_0" slope="0.00"/>
        <vehicle id="2" x="401.65" y="183.04" angle="180.00" type="DEFAULT_VEHTYPE" speed="13.37" pos="183.04" lane="2/0to2/1_0" slope="0.00"/>
        <vehicle id="24" x="323.30" y="598.35" angle="90.00" type="DEFAULT_VEHTYPE" speed="12.91" pos="118.55" lane="1/3to2/3_0" slope="0.00"/>
        <vehicle id="28" x="531.89" y="401.65" angle="-90.00" type="DEFAULT_VEHTYPE" speed="13.20" pos="63.36" lane="3/2to2/2_0" slope="0.00"/>
        <vehicle id="29" x="601.65" y="468.35" angle="180.00" type="DEFAULT_VEHTYPE" speed="12.89" pos="63.60" lane="3/2to3/3_0" slope="0.00"/>
        <vehicle id="3" x="398.35" y="157.00" angle="0.00" type="DEFAULT_VEHTYPE" speed="12.74" pos="38.25" lane="2/1to2/0_0" slope="0.00"/>
        <vehicle id="33" x="274.65" y="401.65" angle="-90.00" type="DEFAULT_VEHTYPE" speed="13.00" pos="120.60" lane="2/2to1/2_0" slope="0.00"/>
        <vehicle id="37" x="50.15" y="398.35" angle="90.00" type="DEFAULT_VEHTYPE" speed="13.43" pos="50.15" lane="0/2to1/2_0" slope="0.00"/>
        <vehicle id="39" x="392.73" y="198.35" angle="90.00" type="DEFAULT_VEHTYPE" speed="0.03" pos="187.98" lane="1/1to2/1_0" slope="0.00"/>
        <vehicle id="40" x="451.76" y="401.65" angle="-90.00" type="DEFAULT_VEHTYPE" speed="13.10" pos="143.49" lane="3/2to2/2_0" slope="0.00"/>
        <vehicle id="42" x="386.26" y="598.35" angle="90.00" type="DEFAULT_VEHTYPE" speed="5.79" pos="181.51" lane="1/3to2/3_0" slope="0.00"/>
        <vehicle id="43" x="73.49" y="398.35" angle="90.00" type="DEFAULT_VEHTYPE" speed="13.28" pos="73.49" lane="0/2to1/2_0" slope="0.00"/>
        <vehicle id="44" x="198.35" y="336.99" angle="0.00" type="DEFAULT_VEHTYPE" speed="12.85" pos="58.26" lane="1/2to1/1_0" slope="0.00"/>
        <vehicle id="48" x="306.72" y="401.65" angle="-90.00" type="DEFAULT_VEHTYPE" speed="12.73" pos="88.53" lane="2/2to1/2_0" slope="0.00"/>
        <vehicle id="49" x="304.52" y="201.65" angle="-90.00" type="DEFAULT_VEHTYPE" speed="13.59" pos="90.73" lane="2/1to1/1_0" slope="0.00"/>
        <vehicle id="5" x="201.65" y="513.14" angle="180.00" type="DEFAULT_VEHTYPE" speed="12.97" pos="108.39" lane="1/2to1/3_0" slope="0.00"/>
        <vehicle id="6" x="4.59" y="401.65" angle="-90.00" type="DEFAULT_VEHTYPE" speed="12.85" pos="190.66" lane="1/2to0/2_0" slope="0.00"/>
        <vehicle id="7" x="401.65" y="630.03" angle="180.00" type="DEFAULT_VEHTYPE" speed="13.03" pos="25.28" lane="2/3to2/4_0" slope="0.00"/>
        <vehicle id="8" x="492.65" y="401.65" angle="-90.00" type="DEFAULT_VEHTYPE" speed="13.54" pos="102.60" lane="3/2to2/2_0" slope="0.00"/>
        <vehicle id="9" x="714.46" y="598.35" angle="90.00" type="DEFAULT_VEHTYPE" speed="13.23" pos="109.71" lane="3/3to4/3_0" slope="0.00"/>
    </timestep>
    <timestep time="605.00">
        <vehicle id="0" x="198.35" y="354.76" angle="0.00" type="DEFAULT_VEHTYPE" speed="13.39" pos="40.49" lane="1/2to1/1_0" slope="0.00"/>
        <vehicle id="10" x="601.65" y="387.30" angle="180.00" type="DEFAULT_VEHTYPE" speed="5.63" pos="182.55" lane="3/1to3/2_0" slope="0.00"/>
        <vehicle id="11" x="398.35" y="580.86" angle="0.00" type="DEFAULT_VEHTYPE" speed="13.01" pos="14.39" lane="2/3to2/2_0" slope="0.00"/>
        <vehicle id="15" x="598.35" y="548.07" angle="0.00" type="DEFAULT_VEHTYPE" speed="12.62" pos="47.18" lane="3/3to3/2_0" slope="0.00"/>
        <vehicle id="16" x="398.35" y="536.21" angle="0.00" type="DEFAULT_VEHTYPE" speed="12.91" pos="59.04" lane="2/3to2/2_0" slope="0.00"/>
        <vehicle id="17" x="398.35" y="446.32" angle="0.00" type="DEFAULT_VEHTYPE" speed="13.58" pos="148.93" lane="2/3to2/2_0" slope="0.00"/>
        <vehicle id="18" x="398.35" y="211.75" angle="0.00" type="DEFAULT_VEHTYPE" speed="13.16" pos="183.50" lane="2/2to2/1_0" slope="0.00"/>
        <vehicle id="2" x="401.80" y="196.35" angle="178.24" type="DEFAULT_VEHTYPE" speed="13.32" pos="1.11" lane=":2/1_8_0" slope="0.00"/>
        <vehicle id="24" x="336.98" y="598.35" angle="90.00" type="DEFAULT_VEHTYPE" speed="13.68" pos="132.23" lane="1/3to2/3_0" slope="0.00"/>
        <vehicle id="28" x="518.47" y="401.65" angle="-90.00" type="DEFAULT_VEHTYPE" speed="13.43" pos="76.78" lane="3/2to2/2_0" slope="0.00"/>
        <vehicle id="29" x="601.65" y="481.95" angle="180.00" type="DEFAULT_VEHTYPE" speed="13.61" pos="77.20" lane="3/2to3/3_0" slope="0.00"/>
        <vehicle id="3" x="398.35" y="144.25" angle="0.00" type="DEFAULT_VEHTYPE" speed="12.75" pos="51.00" lane="2/1to2/0_0" slope="0.00"/>
        <vehicle id="33" x="261.13" y="401.65" angle="-90.00" type="DEFAULT_VEHTYPE" speed="13.52" pos="134.12" lane="2/2to1/2_0" slope="0.00"/>
        <vehicle id="37" x="63.93" y="398.35" angle="90.00" type="DEFAULT_VEHTYPE" speed="13.78" pos="63.93" lane="0/2to1/2_0" slope="0.00"/>
        <vehicle id="39" x="392.75" y="198.35" angle="90.00" type="DEFAULT_VEHTYPE" speed="0.02" pos="188.00" lane="1/1to2/1_0" slope="0.00"/>
        <vehicle id="40" x="438.63" y="401.65" angle="-90.00" type="DEFAULT_VEHTYPE" speed="13.13" pos="156.62" lane="3/2to2/2_0" slope="0.00"/>
        <vehicle id="42" x="390.59" y="598.35" angle="90.00" type="DEFAULT_VEHTYPE" speed="4.33" pos="185.84" lane="1/3to2/3_0" slope="0.00"/>
        <vehicle id="43" x="86.80" y="398.35" angle="90.00" type="DEFAULT_VEHTYPE" speed="13.31" pos="86.80" lane="0/2to1/2_0" slope="0.00"/>
        <vehicle id="44" x="198.35" y="323.73" angle="0.00" type="DEFAULT_VEHTYPE" speed="13.26" pos="71.52" lane="1/2to1/1_0" slope="0.00"/>
        <vehicle id="48" x="293.72" y="401.65" angle="-90.00" type="DEFAULT_VEHTYPE" speed="13.01" pos="101.53" lane="2/2to1/2_0" slope="0.00"/>
        <vehicle id="49" x="290.72" y="201.65" angle="-90.00" type="DEFAULT_VEHTYPE" speed="13.80" pos="104.53" lane="2/1to1/1_0" slope="0.00"/>
        <vehicle id="5" x="201.65" y="526.52" angle="180.00" type="DEFAULT_VEHTYPE" speed="13.38" pos="121.77" lane="1/2to1/3_0" slope="0.00"/>
        <vehicle id="6" x="3.71" y="398.35" angle="81.43" type="DEFAULT_VEHTYPE" speed="13.12" pos="3.71" lane="0/2to1/2_0" slope="0.00"/>
        <vehicle id="7" x="401.65" y="643.77" angle="180.00" type="DEFAULT_VEHTYPE" speed="13.75" pos="39.02" lane="2/3to2/4_0" slope="0.00"/>
        <vehicle id="8" x="479.03" y="401.65" angle="-90.00" type="DEFAULT_VEHTYPE" speed="13.62" pos="116.22" lane="3/2to2/2_0" slope="0.00"/>
        <vehicle id="9" x="727.75" y="598.35" angle="90.00" type="DEFAULT_VEHTYPE" speed="13.29" pos="123.00" lane="3/3to4/3_0" slope="0.00"/>
    </timestep>
    <timestep time="606.00">
        <vehicle id="0" x="198.35" y="341.57" angle="0.00" type="DEFAULT_VEHTYPE" speed="13.20" pos="53.68" lane="1/2to1/1_0" slope="0.00"/>
        <vehicle id="10" x="601.65" y="389.84" angle="180.00" type="DEFAULT_VEHTYPE" speed="2.54" pos="185.09" lane="3/1to3/2_0" slope="0.00"/>
        <vehicle id="11" x="398.35" y="567.59" angle="0.00" type="DEFAULT_VEHTYPE" speed="13.26" pos="27.66" lane="2/3to2/2_0" slope="0.00"/>
        <vehicle id="15" x="598.35" y="534.45" angle="0.00" type="DEFAULT_VEHTYPE" speed="13.61" pos="60.80" lane="3/3to3/2_0" slope="0.00"/>
        <vehicle id="16" x="398.35" y="522.40" angle="0.00" type="DEFAULT_VEHTYPE" speed="13.81" pos="72.85" lane="2/3to2/2_0" slope="0.00"/>
        <vehicle id="17" x="398.35" y="433.63" angle="0.00" type="DEFAULT_VEHTYPE" speed="12.69" pos="161.62" lane="2/3to2/2_0" slope="0.00"/>
        <vehicle id="18" x="398.35" y="198.93" angle="0.00" type="DEFAULT_VEHTYPE" speed="12.82" pos="5.82" lane=":2/1_1_0" slope="0.00"/>
        <vehicle id="2" x="413.78" y="198.35" angle="90.00" type="DEFAULT_VEHTYPE" speed="12.92" pos="9.03" lane="2/1to3/1_0" slope="0.00"/>
        <vehicle id="24" x="349.97" y="598.35" angle="90.00" type="DEFAULT_VEHTYPE" speed="12.99" pos="145.22" lane="1/3to2/3_0" slope="0.00"/>
        <vehicle id="28" x="505.33" y="401.65" angle="-90.00" type="DEFAULT_VEHTYPE" speed="13.13" pos="89.92" lane="3/2to2/2_0" slope="0.00"/>
        <vehicle id="29" x="601.65" y="495.08" angle="180.00" type="DEFAULT_VEHTYPE" speed="13.13" pos="90.33" lane="3/2to3/3_0" slope="0.00"/>
        <vehicle id="3" x="398.35" y="131.29" angle="0.00" type="DEFAULT_VEHTYPE" speed="12.95" pos="63.96" lane="2/1to2/0_0" slope="0.00"/>
        <vehicle id="33" x="248.21" y="401.65" angle="-90.00" type="DEFAULT_VEHTYPE" speed="12.92" pos="147.04" lane="2/2to1/2_0" slope="0.00"/>
        <vehicle id="37" x="77.44" y="398.35" angle="90.00" type="DEFAULT_VEHTYPE" speed="13.51" pos="77.44" lane="0/2to1/2_0" slope="0.00"/>
        <vehicle id="39" x="392.75" y="198.35" angle="90.00" type="DEFAULT_VEHTYPE" speed="0.00" pos="188.00" lane="1/1to2/1_0" slope="0.00"/>
        <vehicle id="40" x="426.03" y="401.65" angle="-90.00" type="DEFAULT_VEHTYPE" speed="12.59" pos="169.22" lane="3/2to2/2_0" slope="0.00"/>
        <vehicle id="42" x="397.38" y="598.65" angle="93.50" type="DEFAULT_VEHTYPE" speed="6.82" pos="2.15" lane=":2/3_14_0" slope="0.00"/>
        <vehicle id="43" x="99.64" y="398.35" angle="90.00" type="DEFAULT_VEHTYPE" speed="12.84" pos="99.64" lane="0/2to1/2_0" slope="0.00"/>
        <vehicle id="44" x="198.35" y="310.70" angle="0.00" type="DEFAULT_VEHTYPE" speed="13.03" pos="84.55" lane="1/2to1/1_0" slope="0.00"/>
        <vehicle id="48" x="279.98" y="401.65" angle="-90.00" type="DEFAULT_VEHTYPE" speed="13.73" pos="115.27" lane="2/2to1/2_0" slope="0.00"/>
        <vehicle id="49" x="277.05" y="201.65" angle="-90.00" type="DEFAULT_VEHTYPE" speed="13.67" pos="118.20" lane="2/1to1/1_0" slope="0.00"/>
        <vehicle id="5" x="201.65" y="540.25" angle="180.00" type="DEFAULT_VEHTYPE" speed="13.74" pos="135.50" lane="1/2to1/3_0" slope="0.00"/>
        <vehicle id="6" x="16.78" y="398.35" angle="90.00" type="DEFAULT_VEHTYPE" speed="13.08" pos="16.78" lane="0/2to1/2_0" slope="0.00"/>
        <vehicle id="7" x="401.65" y="656.89" angle="180.00" type="DEFAULT_VEHTYPE" speed="13.12" pos="52.14" lane="2/3to2/4_0" slope="0.00"/>
        <vehicle id="8" x="466.08" y="401.65" angle="-90.00" type="DEFAULT_VEHTYPE" speed="12.95" pos="129.17" lane="3/2to2/2_0" slope="0.00"/>
        <vehicle id="9" x="741.35" y="598.35" angle="90.00" type="DEFAULT_VEHTYPE" speed="13.59" pos="136.60" lane="3/3to4/3_0" slope="0.00"/>
    </timestep>
    <timestep time="607.00">
        <vehicle id="0" x="198.35" y="328.95" angle="0.00" type="DEFAULT_VEHTYPE" speed="12.61" pos="66.30" lane="1/2to1/1_0" slope="0.00"/>
        <vehicle id="10" x="601.65" y="394.26" angle="180.00" type="DEFAULT_VEHTYPE" speed="4.42" pos="189.51" lane="3/1to3/2_0" slope="0.00"/>
        <vehicle id="11" x="398.35" y="554.62" angle="0.00" type="DEFAULT_VEHTYPE" speed="12.97" pos="40.63" lane="2/3to2/2_0" slope="0.00"/>
        <vehicle id="15" x="598.35" y="520.68" angle="0.00" type="DEFAULT_VEHTYPE" speed="13.77" pos="74.57" lane="3/3to3/2_0" slope="0.00"/>
        <vehicle id="16" x="398.35" y="509.54" angle="0.00" type="DEFAULT_VEHTYPE" speed="12.85" pos="85.71" lane="2/3to2/2_0" slope="0.00"/>
        <vehicle id="17" x="398.35" y="420.56" angle="0.00" type="DEFAULT_VEHTYPE" speed="13.07" pos="174.69" lane="2/3to2/2_0" slope="0.00"/>
        <vehicle id="18" x="398.35" y="186.15" angle="0.00" type="DEFAULT_VEHTYPE" speed="12.79" pos="9.10" lane="2/1to2/0_0" slope="0.00"/>
        <vehicle id="2" x="427.19" y="198.35" angle="90.00" type="DEFAULT_VEHTYPE" speed="13.41" pos="22.44" lane="2/1to3/1_0" slope="0.00"/>
        <vehicle id="24" x="362.85" y="598.35" angle="90.00" type="DEFAULT_VEHTYPE" speed="12.89" pos="158.10" lane="1/3to2/3_0" slope="0.00"/>
        <vehicle id="28" x="491.66" y="401.65" angle="-90.00" type="DEFAULT_VEHTYPE" speed="13.67" pos="103.59" lane="3/2to2/2_0" slope="0.00"/>
        <vehicle id="29" x="601.65" y="508.63" angle="180.00" type="DEFAULT_VEHTYPE" speed="13.55" pos="103.88" lane="3/2to3/3_0" slope="0.00"/>
        <vehicle id="3" x="398.35" y="118.27" angle="0.00" type="DEFAULT_VEHTYPE" speed="13.03" pos="76.98" lane="2/1to2/0_0" slope="0.00"/>
        <vehicle id="33" x="234.78" y="401.65" angle="-90.00" type="DEFAULT_VEHTYPE" speed="13.43" pos="160.47" lane="2/2to1/2_0" slope="0.00"/>
        <vehicle id="37" x="89.88" y="398.35" angle="90.00" type="DEFAULT_VEHTYPE" speed="12.44" pos="89.88" lane="0/2to1/2_0" slope="0.00"/>
        <vehicle id="39" x="392.75" y="198.35" angle="90.00" type="DEFAULT_VEHTYPE" speed="0.00" pos="188.00" lane="1/1to2/1_0" slope="0.00"/>
        <vehicle id="40" x="416.95" y="401.65" angle="-90.00" type="DEFAULT_VEHTYPE" speed="9.08" pos="178.30" lane="3/2to2/2_0" slope="0.00"/>
        <vehicle id="42" x="401.65" y="605.98" angle="169.64" type="DEFAULT_VEHTYPE" speed="9.40" pos="1.23" lane="2/3to2/4_0" slope="0.00"/>
        <vehicle id="43" x="113.00" y="398.35" angle="90.00" type="DEFAULT_VEHTYPE" speed="13.36" pos="113.00" lane="0/2to1/2_0" slope="0.00"/>
        <vehicle id="44" x="198.35" y="297.47" angle="0.00" type="DEFAULT_VEHTYPE" speed="13.24" pos="97.78" lane="1/2to1/1_0" slope="0.00"/>
        <vehicle id="48" x="267.01" y="401.65" angle="-90.00" type="DEFAULT_VEHTYPE" speed="12.98" pos="128.24" lane="2/2to1/2_0" slope="0.00"/>
        <vehicle id="49" x="263.73" y="201.65" angle="-90.00" type="DEFAULT_VEHTYPE" speed="13.31" pos="131.52" lane="2/1to1/1_0" slope="0.00"/>
        <vehicle id="5" x="201.65" y="553.24" angle="180.00" type="DEFAULT_VEHTYPE" speed="12.99" pos="148.49" lane="1/2to1/3_0" slope="0.00"/>
        <vehicle id="6" x="30.52" y="398.35" angle="90.00" type="DEFAULT_VEHTYPE" speed="13.74" pos="30.52" lane="0/2to1/2_0" slope="0.00"/>
        <vehicle id="7" x="401.65" y="670.35" angle="180.00" type="DEFAULT_VEHTYPE" speed="13.45" pos="65.60" lane="2/3to2/4_0" slope="0.00"/>
        <vehicle id="8" x="452.84" y="401.65" angle="-90.00" type="DEFAULT_VEHTYPE" speed="13.24" pos="142.41" lane="3/2to2/2_0" slope="0.00"/>
        <vehicle id="9" x="754.84" y="598.35" angle="90.00" type="DEFAULT_VEHTYPE" speed="13.49" pos="150.09" lane="3/3to4/3_0" slope="0.00"/>
    </timestep>
    <timestep time="608.00">
        <vehicle id="0" x="198.35" y="316.00" angle="0.00" type="DEFAULT_VEHTYPE" speed="12.95" pos="79.25" lane="1/2to1/1_0" slope="0.00"/>
        <vehicle id="10" x="599.89" y="400.14" angle="-159.48" type="DEFAULT_VEHTYPE" speed="6.33" pos="5.34" lane=":3/2_10_0" slope="0.00"/>
        <vehicle id="11" x="398.35" y="541.49" angle="0.00" type="DEFAULT_VEHTYPE" speed="13.13" pos="53.76" lane="2/3to2/2_0" slope="0.00"/>
        <vehicle id="15" x="598.35" y="507.93" angle="0.00" type="DEFAULT_VEHTYPE" speed="12.75" pos="87.32" lane="3/3to3/2_0" slope="0.00"/>
        <vehicle id="16" x="398.35" y="496.59" angle="0.00" type="DEFAULT_VEHTYPE" speed="12.95" pos="98.66" lane="2/3to2/2_0" slope="0.00"/>
        <vehicle id="17" x="398.35" y="407.37" angle="0.00" type="DEFAULT_VEHTYPE" speed="13.18" pos="187.88" lane="2/3to2/2_0" slope="0.00"/>
        <vehicle id="18" x="398.35" y="173.42" angle="0.00" type="DEFAULT_VEHTYPE" speed="12.72" pos="21.83" lane="2/1to2/0_0" slope="0.00"/>
        <vehicle id="2" x="439.82" y="198.35" angle="90.00" type="DEFAULT_VEHTYPE" speed="12.63" pos="35.07" lane="2/1to3/1_0" slope="0.00"/>
        <vehicle id="24" x="375.06" y="598.35" angle="90.00" type="DEFAULT_VEHTYPE" speed="12.21" pos="170.31" lane="1/3to2/3_0" slope="0.00"/>
        <vehicle id="28" x="478.94" y="401.65" angle="-90.00" type="DEFAULT_VEHTYPE" speed="12.73" pos="116.31" lane="3/2to2/2_0" slope="0.00"/>
        <vehicle id="29" x="601.65" y="522.11" angle="180.00" type="DEFAULT_VEHTYPE" speed="13.48" pos="117.36" lane="3/2to3/3_0" slope="0.00"/>
        <vehicle id="3" x="398.35" y="104.70" angle="0.00" type="DEFAULT_VEHTYPE" speed="13.57" pos="90.55" lane="2/1to2/0_0" slope="0.00"/>
        <vehicle id="33" x="223.42" y="401.65" angle="-90.00" type="DEFAULT_VEHTYPE" speed="11.37" pos="171.83" lane="2/2to1/2_0" slope="0.00"/>
        <vehicle id="37" x="103.01" y="398.35" angle="90.00" type="DEFAULT_VEHTYPE" speed="13.13" pos="103.01" lane="0/2to1/2_0" slope="0.00"/>
        <vehicle id="39" x="394.87" y="198.35" angle="90.00" type="DEFAULT_VEHTYPE" speed="2.12" pos="190.12" lane="1/1to2/1_0" slope="0.00"/>
        <vehicle id="40" x="412.01" y="401.65" angle="-90.00" type="DEFAULT_VEHTYPE" speed="4.94" pos="183.24" lane="3/2to2/2_0" slope="0.00"/>
        <vehicle id="42" x="401.65" y="617.22" angle="180.00" type="DEFAULT_VEHTYPE" speed="11.24" pos="12.47" lane="2/3to2/4_0" slope="0.00"/>
        <vehicle id="43" x="125.98" y="398.35" angle="90.00" type="DEFAULT_VEHTYPE" speed="12.98" pos="125.98" lane="0/2to1/2_0" slope="0.00"/>
        <vehicle id="44" x="198.35" y="283.91" angle="0.00" type="DEFAULT_VEHTYPE" speed="13.56" pos="111.34" lane="1/2to1/1_0" slope="0.00"/>
        <vehicle id="48" x="253.95" y="401.65" angle="-90.00" type="DEFAULT_VEHTYPE" speed="13.05" pos="141.30" lane="2/2to1/2_0" slope="0.00"/>
        <vehicle id="49" x="250.97" y="201.65" angle="-90.00" type="DEFAULT_VEHTYPE" speed="12.76" pos="144.28" lane="2/1to1/1_0" slope="0.00"/>
        <vehicle id="5" x="201.65" y="566.63" angle="180.00" type="DEFAULT_VEHTYPE" speed="13.39" pos="161.88" lane="1/2to1/3_0" slope="0.00"/>
        <vehicle id="6" x="43.27" y="398.35" angle="90.00" type="DEFAULT_VEHTYPE" speed="12.75" pos="43.27" lane="0/2to1/2_0" slope="0.00"/>
        <vehicle id="7" x="401.65" y="683.85" angle="180.00" type="DEFAULT_VEHTYPE" speed="13.51" pos="79.10" lane="2/3to2/4_0" slope="0.00"/>
        <vehicle id="8" x="440.12" y="401.65" angle="-90.00" type="DEFAULT_VEHTYPE" speed="12.72" pos="155.13" lane="3/2to2/2_0" slope="0.00"/>
        <vehicle id="9" x="768.19" y="598.35" angle="90.00" type="DEFAULT_VEHTYPE" speed="13.35" pos="163.44" lane="3/3to4/3_0" slope="0.00"/>
    </timestep>
    <timestep time="609.00">
        <vehicle id="0" x="198.35" y="302.80" angle="0.00" type="DEFAULT_VEHTYPE" speed="13.20" pos="92.45" lane="1/2to1/1_0" slope="0.00"/>
        <vehicle id="10" x="591.85" y="401.65" angle="-92.59" type="DEFAULT_VEHTYPE" speed="8.38" pos="3.40" lane="3/2to2/2_0" slope="0.00"/>
        <vehicle id="11" x="398.35" y="528.84" angle="0.00" type="DEFAULT_VEHTYPE" speed="12.65" pos="66.41" lane="2/3to2/2_0" slope="0.00"/>
        <vehicle id="15" x="598.35" y="494.47" angle="0.00" type="DEFAULT_VEHTYPE" speed="13.46" pos="100.78" lane="3/3to3/2_0" slope="0.00"/>
        <vehicle id="16" x="398.35" y="482.72" angle="0.00" type="DEFAULT_VEHTYPE" speed="13.87" pos="112.53" lane="2/3to2/2_0" slope="0.00"/>
        <vehicle id="17" x="389.08" y="401.65" angle="-90.00" type="DEFAULT_VEHTYPE" speed="13.79" pos="6.17" lane="2/2to1/2_0" slope="0.00"/>
        <vehicle id="18" x="398.35" y="159.87" angle="0.00" type="DEFAULT_VEHTYPE" speed="13.55" pos="35.38" lane="2/1to2/0_0" slope="0.00"/>
        <vehicle id="2" x="452.77" y="198.35" angle="90.00" type="DEFAULT_VEHTYPE" speed="12.95" pos="48.02" lane="2/1to3/1_0" slope="0.00"/>
        <vehicle id="24" x="383.66" y="598.35" angle="90.00" type="DEFAULT_VEHTYPE" speed="8.60" pos="178.91" lane="1/3to2/3_0" slope="0.00"/>
        <vehicle id="28" x="466.01" y="401.65" angle="-90.00" type="DEFAULT_VEHTYPE" speed="12.93" pos="129.24" lane="3/2to2/2_0" slope="0.00"/>
        <vehicle id="29" x="601.65" y="535.24" angle="180.00" type="DEFAULT_VEHTYPE" speed="13.13" pos="130.49" lane="3/2to3/3_0" slope="0.00"/>
        <vehicle id="3" x="398.35" y="91.08" angle="0.00" type="DEFAULT_VEHTYPE" speed="13.62" pos="104.17" lane="2/1to2/0_0" slope="0.00"/>
        <vehicle id="33" x="215.93" y="401.65" angle="-90.00" type="DEFAULT_VEHTYPE" speed="7.49" pos="179.32" lane="2/2to1/2_0" slope="0.00"/>
        <vehicle id="37" x="116.26" y="398.35" angle="90.00" type="DEFAULT_VEHTYPE" speed="13.24" pos="116.26" lane="0/2to1/2_0" slope="0.00"/>
        <vehicle id="39" x="398.85" y="198.35" angle="90.00" type="DEFAULT_VEHTYPE" speed="3.98" pos="3.60" lane=":2/1_13_0" slope="0.00"/>
        <vehicle id="40" x="409.70" y="401.65" angle="-90.00" type="DEFAULT_VEHTYPE" speed="2.31" pos="185.55" lane="3/2to2/2_0" slope="0.00"/>
        <vehicle id="42" x="401.65" y="630.28" angle="180.00" type="DEFAULT_VEHTYPE" speed="13.06" pos="25.53" lane="2/3to2/4_0" slope="0.00"/>
        <vehicle id="43" x="139.35" y="398.35" angle="90.00" type="DEFAULT_VEHTYPE" speed="13.37" pos="139.35" lane="0/2to1/2_0" slope="0.00"/>
        <vehicle id="44" x="198.35" y="270.35" angle="0.00" type="DEFAULT_VEHTYPE" speed="13.56" pos="124.90" lane="1/2to1/1_0" slope="0.00"/>
        <vehicle id="48" x="240.17" y="401.65" angle="-90.00" type="DEFAULT_VEHTYPE" speed="13.78" pos="155.08" lane="2/2to1/2_0" slope="0.00"/>
        <vehicle id="49" x="237.52" y="201.65" angle="-90.00" type="DEFAULT_VEHTYPE" speed="13.45" pos="157.73" lane="2/1to1/1_0" slope="0.00"/>
        <vehicle id="5" x="201.65" y="579.99" angle="180.00" type="DEFAULT_VEHTYPE" speed="13.36" pos="175.24" lane="1/2to1/3_0" slope="0.00"/>
        <vehicle id="6" x="56.11" y="398.35" angle="90.00" type="DEFAULT_VEHTYPE" speed="12.84" pos="56.11" lane="0/2to1/2_0" slope="0.00"/>
        <vehicle id="7" x="401.65" y="697.32" angle="180.00" type="DEFAULT_VEHTYPE" speed="13.47" pos="92.57" lane="2/3to2/4_0" slope="0.00"/>
        <vehicle id="8" x="428.97" y="401.65" angle="-90.00" type="DEFAULT_VEHTYPE" speed="11.15" pos="166.28" lane="3/2to2/2_0" slope="0.00"/>
        <vehicle id="9" x="781.33" y="598.35" angle="90.00" type="DEFAULT_VEHTYPE" speed="13.14" pos="176.58" lane="3/3to4/3_0" slope="0.00"/>
    </timestep>
    <timestep time="610.00">
        <vehicle id="0" x="198.35" y="289.29" angle="0.00" type="DEFAULT_VEHTYPE" speed="13.51" pos="105.96" lane="1/2to1/1_0" slope="0.00"/>
        <vehicle id="10" x="582.11" y="401.65" angle="-90.00" type="DEFAULT_VEHTYPE" speed="9.74" pos="13.14" lane="3/2to2/2_0" slope="0.00"/>
        <vehicle id="11" x="398.35" y="515.64" angle="0.00" type="DEFAULT_VEHTYPE" speed="13.21" pos="79.61" lane="2/3to2/2_0" slope="0.00"/>
        <vehicle id="15" x="598.35" y="480.69" angle="0.00" type="DEFAULT_VEHTYPE" speed="13.78" pos="114.56" lane="3/3to3/2_0" slope="0.00"/>
        <vehicle id="16" x="398.35" y="469.82" angle="0.00" type="DEFAULT_VEHTYPE" speed="12.91" pos="125.43" lane="2/3to2/2_0" slope="0.00"/>
        <vehicle id="17" x="375.62" y="401.65" angle="-90.00" type="DEFAULT_VEHTYPE" speed="13.46" pos="19.63" lane="2/2to1/2_0" slope="0.00"/>
        <vehicle id="18" x="398.35" y="146.85" angle="0.00" type="DEFAULT_VEHTYPE" speed="13.02" pos="48.40" lane="2/1to2/0_0" slope="0.00"/>
        <vehicle id="2" x="466.21" y="198.35" angle="90.00" type="DEFAULT_VEHTYPE" speed="13.44" pos="61.46" lane="2/1to3/1_0" slope="0.00"/>
        <vehicle id="24" x="389.08" y="598.35" angle="90.00" type="DEFAULT_VEHTYPE" speed="5.42" pos="184.33" lane="1/3to2/3_0" slope="0.00"/>
        <vehicle id="28" x="452.37" y="401.65" angle="-90.00" type="DEFAULT_VEHTYPE" speed="13.64" pos="142.88" lane="3/2to2/2_0" slope="0.00"/>
        <vehicle id="29" x="601.65" y="548.62" angle="180.00" type="DEFAULT_VEHTYPE" speed="13.38" pos="143.87" lane="3/2to3/3_0" slope="0.00"/>
        <vehicle id="3" x="398.35" y="77.80" angle="0.00" type="DEFAULT_VEHTYPE" speed="13.27" pos="117.45" lane="2/1to2/0_0" slope="0.00"/>
        <vehicle id="33" x="210.69" y="401.65" angle="-90.00" type="DEFAULT_VEHTYPE" speed="5.24" pos="184.56" lane="2/2to1/2_0" slope="0.00"/>
        <vehicle id="37" x="128.85" y="398.35" angle="90.00" type="DEFAULT_VEHTYPE" speed="12.59" pos="128.85" lane="0/2to1/2_0" slope="0.00"/>
        <vehicle id="39" x="404.93" y="198.35" angle="90.00" type="DEFAULT_VEHTYPE" speed="6.08" pos="0.18" lane="2/1to3/1_0" slope="0.00"/>
        <vehicle id="40" x="405.61" y="401.65" angle="-90.00" type="DEFAULT_VEHTYPE" speed="4.08" pos="189.64" lane="3/2to2/2_0" slope="0.00"/>
        <vehicle id="42" x="401.65" y="643.52" angle="180.00" type="DEFAULT_VEHTYPE" speed="13.24" pos="38.77" lane="2/3to2/4_0" slope="0.00"/>
        <vehicle id="43" x="152.44" y="398.35" angle="90.00" type="DEFAULT_VEHTYPE" speed="13.08" pos="152.44" lane="0/2to1/2_0" slope="0.00"/>
        <vehicle id="44" x="198.35" y="257.14" angle="0.00" type="DEFAULT_VEHTYPE" speed="13.22" pos="138.11" lane="1/2to1/1_0" slope="0.00"/>
        <vehicle id="48" x="229.48" y="401.65" angle="-90.00" type="DEFAULT_VEHTYPE" speed="10.69" pos="165.77" lane="2/2to1/2_0" slope="0.00"/>
        <vehicle id="49" x="225.54" y="201.65" angle="-90.00" type="DEFAULT_VEHTYPE" speed="11.98" pos="169.71" lane="2/1to1/1_0" slope="0.00"/>
        <vehicle id="5" x="201.65" y="592.78" angle="180.00" type="DEFAULT_VEHTYPE" speed="12.79" pos="188.03" lane="1/2to1/3_0" slope="0.00"/>
        <vehicle id="6" x="69.74" y="398.35" angle="90.00" type="DEFAULT_VEHTYPE" speed="13.63" pos="69.74" lane="0/2to1/2_0" slope="0.00"/>
        <vehicle id="7" x="401.65" y="710.35" angle="180.00" type="DEFAULT_VEHTYPE" speed="13.03" pos="105.60" lane="2/3to2/4_0" slope="0.00"/>
        <vehicle id="8" x="422.31" y="401.65" angle="-90.00" type="DEFAULT_VEHTYPE" speed="6.65" pos="172.94" lane="3/2to2/2_0" slope="0.00"/>
        <vehicle id="9" x="795.15" y="598.35" angle="90.00" type="DEFAULT_VEHTYPE" speed="13.82" pos="190.40" lane="3/3to4/3_0" slope="0.00"/>
    </timestep>
    <timestep time="611.00">
        <vehicle id="0" x="198.35" y="276.30" angle="0.00" type="DEFAULT_VEHTYPE" speed="12.99" pos="118.95" lane="1/2to1/1_0" slope="0.00"/>
        <vehicle id="10" x="570.69" y="401.65" angle="-90.00" type="DEFAULT_VEHTYPE" speed="11.42" pos="24.56" lane="3/2to2/2_0" slope="0.00"/>
        <vehicle id="11" x="398.35" y="502.88" angle="0.00" type="DEFAULT_VEHTYPE" speed="12.76" pos="92.37" lane="2/3to2/2_0" slope="0.00"/>
        <vehicle id="15" x="598.35" y="467.68" angle="0.00" type="DEFAULT_VEHTYPE" speed="13.01" pos="127.57" lane="3/3to3/2_0" slope="0.00"/>
        <vehicle id="16" x="398.35" y="456.02" angle="0.00" type="DEFAULT_VEHTYPE" speed="13.80" pos="139.23" lane="2/3to2/2_0" slope="0.00"/>
        <vehicle id="17" x="362.40" y="401.65" angle="-90.00" type="DEFAULT_VEHTYPE" speed="13.22" pos="32.85" lane="2/2to1/2_0" slope="0.00"/>
        <vehicle id="18" x="398.35" y="134.20" angle="0.00" type="DEFAULT_VEHTYPE" speed="12.65" pos="61.05" lane="2/1to2/0_0" slope="0.00"/>
        <vehicle id="2" x="479.91" y="198.35" angle="90.00" type="DEFAULT_VEHTYPE" speed="13.70" pos="75.16" lane="2/1to3/1_0" slope="0.00"/>
        <vehicle id="24" x="396.81" y="598.57" angle="92.56" type="DEFAULT_VEHTYPE" speed="7.75" pos="1.58" lane=":2/3_14_0" slope="0.00"/>
        <vehicle id="28" x="440.17" y="401.65" angle="-90.00" type="DEFAULT_VEHTYPE" speed="12.21" pos="155.08" lane="3/2to2/2_0" slope="0.00"/>
        <vehicle id="29" x="601.65" y="562.28" angle="180.00" type="DEFAULT_VEHTYPE" speed="13.66" pos="157.53" lane="3/2to3/3_0" slope="0.00"/>
        <vehicle id="3" x="398.35" y="64.91" angle="0.00" type="DEFAULT_VEHTYPE" speed="12.89" pos="130.34" lane="2/1to2/0_0" slope="0.00"/>
        <vehicle id="33" x="203.68" y="401.50" angle="-88.25" type="DEFAULT_VEHTYPE" speed="7.02" pos="1.08" lane=":1/2_6_0" slope="0.00"/>
        <vehicle id="37" x="141.59" y="398.35" angle="90.00" type="DEFAULT_VEHTYPE" speed="12.74" pos="141.59" lane="0/2to1/2_0" slope="0.00"/>
        <vehicle id="39" x="413.26" y="198.35" angle="90.00" type="DEFAULT_VEHTYPE" speed="8.33" pos="8.51" lane="2/1to3/1_0" slope="0.00"/>
        <vehicle id="40" x="400.13" y="400.16" angle="-72.29" type="DEFAULT_VEHTYPE" speed="5.81" pos="4.95" lane=":2/2_6_0" slope="0.00"/>
        <vehicle id="42" x="401.65" y="656.67" angle="180.00" type="DEFAULT_VEHTYPE" speed="13.15" pos="51.92" lane="2/3to2/4_0" slope="0.00"/>
        <vehicle id="43" x="165.45" y="398.35" angle="90.00" type="DEFAULT_VEHTYPE" speed="13.02" pos="165.45" lane="0/2to1/2_0" slope="0.00"/>
        <vehicle id="44" x="198.35" y="243.63" angle="0.00" type="DEFAULT_VEHTYPE" speed="13.50" pos="151.62" lane="1/2to1/1_0" slope="0.00"/>
        <vehicle id="48" x="221.67" y="401.65" angle="-90.00" type="DEFAULT_VEHTYPE" speed="7.81" pos="173.58" lane="2/2to1/2_0" slope="0.00"/>
        <vehicle id="49" x="217.32" y="201.65" angle="-90.00" type="DEFAULT_VEHTYPE" speed="8.22" pos="177.93" lane="2/1to1/1_0" slope="0.00"/>
        <vehicle id="5" x="210.78" y="598.35" angle="90.00" type="DEFAULT_VEHTYPE" speed="13.49" pos="6.03" lane="1/3to2/3_0" slope="0.00"/>
        <vehicle id="6" x="83.32" y="398.35" angle="90.00" type="DEFAULT_VEHTYPE" speed="13.58" pos="83.32" lane="0/2to1/2_0" slope="0.00"/>
        <vehicle id="7" x="401.65" y="723.54" angle="180.00" type="DEFAULT_VEHTYPE" speed="13.19" pos="118.79" lane="2/3to2/4_0" slope="0.00"/>
        <vehicle id="8" x="417.53" y="401.65" angle="-90.00" type="DEFAULT_VEHTYPE" speed="4.78" pos="177.72" lane="3/2to2/2_0" slope="0.00"/>
        <vehicle id="9" x="796.38" y="601.65" angle="-99.05" type="DEFAULT_VEHTYPE" speed="13.29" pos="3.62" lane="4/3to3/3_0" slope="0.00"/>
    </timestep>
    <timestep time="612.00">
        <vehicle id="0" x="198.35" y="262.49" angle="0.00" type="DEFAULT_VEHTYPE" speed="13.81" pos="132.76" lane="1/2to1/1_0" slope="0.00"/>
        <vehicle id="10" x="556.89" y="401.65" angle="-90.00" type="DEFAULT_VEHTYPE" speed="13.80" pos="38.36" lane="3/2to2/2_0" slope="0.00"/>
        <vehicle id="11" x="398.35" y="489.70" angle="0.00" type="DEFAULT_VEHTYPE" speed="13.18" pos="105.55" lane="2/3to2/2_0" slope="0.00"/>
        <vehicle id="15" x="598.35" y="453.94" angle="0.00" type="DEFAULT_VEHTYPE" speed="13.75" pos="141.31" lane="3/3to3/2_0" slope="0.00"/>
        <vehicle id="16" x="398.35" y="443.41" angle="0.00" type="DEFAULT_VEHTYPE" speed="12.61" pos="151.84" lane="2/3to2/2_0" slope="0.00"/>
        <vehicle id="17" x="349.07" y="401.65" angle="-90.00" type="DEFAULT_VEHTYPE" speed="13.33" pos="46.18" lane="2/2to1/2_0" slope="0.00"/>
        <vehicle id="18" x="398.35" y="120.81" angle="0.00" type="DEFAULT_VEHTYPE" speed="13.39" pos="74.44" lane="2/1to2/0_0" slope="0.00"/>
        <vehicle id="2" x="493.57" y="198.35" angle="90.00" type="DEFAULT_VEHTYPE" speed="13.66" pos="88.82" lane="2/1to3/1_0" slope="0.00"/>
        <vehicle id="24" x="401.65" y="606.13" angle="170.53" type="DEFAULT_VEHTYPE" speed="10.12" pos="1.38" lane="2/3to2/4_0" slope="0.00"/>
        <vehicle id="28" x="430.90" y="401.65" angle="-90.00" type="DEFAULT_VEHTYPE" speed="9.27" pos="164.35" lane="3/2to2/2_0" slope="0.00"/>
        <vehicle id="29" x="601.65" y="575.57" angle="180.00" type="DEFAULT_VEHTYPE" speed="13.29" pos="170.82" lane="3/2to3/3_0" slope="0.00"/>
        <vehicle id="3" x="398.35" y="51.18" angle="0.00" type="DEFAULT_VEHTYPE" speed="13.73" pos="144.07" lane="2/1to2/0_0" slope="0.00"/>
        <vehicle id="33" x="198.35" y="395.10" angle="-17.10" type="DEFAULT_VEHTYPE" speed="9.39" pos="0.15" lane="1/2to1/1_0" slope="0.00"/>
        <vehicle id="37" x="154.32" y="398.35" angle="90.00" type="DEFAULT_VEHTYPE" speed="12.73" pos="154.32" lane="0/2to1/2_0" slope="0.00"/>
        <vehicle id="39" x="424.04" y="198.35" angle="90.00" type="DEFAULT_VEHTYPE" speed="10.78" pos="19.29" lane="2/1to3/1_0" slope="0.00"/>
        <vehicle id="40" x="398.35" y="393.38" angle="-6.45" type="DEFAULT_VEHTYPE" speed="7.24" pos="1.87" lane="2/2to2/1_0" slope="0.00"/>
        <vehicle id="42" x="401.65" y="669.29" angle="180.00" type="DEFAULT_VEHTYPE" speed="12.61" pos="64.54" lane="2/3to2/4_0" slope="0.00"/>
        <vehicle id="43" x="176.19" y="398.35" angle="90.00" type="DEFAULT_VEHTYPE" speed="10.74" pos="176.19" lane="0/2to1/2_0" slope="0.00"/>
        <vehicle id="44" x="198.35" y="230.80" angle="0.00" type="DEFAULT_VEHTYPE" speed="12.83" pos="164.45" lane="1/2to1/1_0" slope="0.00"/>
        <vehicle id="48" x="214.66" y="401.65" angle="-90.00" type="DEFAULT_VEHTYPE" speed="7.00" pos="180.59" lane="2/2to1/2_0" slope="0.00"/>
        <vehicle id="49" x="211.75" y="201.65" angle="-90.00" type="DEFAULT_VEHTYPE" speed="5.57" pos="183.50" lane="2/1to1/1_0" slope="0.00"/>
        <vehicle id="5" x="224.11" y="598.35" angle="90.00" type="DEFAULT_VEHTYPE" speed="13.34" pos="19.36" lane="1/3to2/3_0" slope="0.00"/>
        <vehicle id="6" x="96.12" y="398.35" angle="90.00" type="DEFAULT_VEHTYPE" speed="12.80" pos="96.12" lane="0/2to1/2_0" slope="0.00"/>
        <vehicle id="7" x="401.65" y="736.72" angle="180.00" type="DEFAULT_VEHTYPE" speed="13.18" pos="131.97" lane="2/3to2/4_0" slope="0.00"/>
        <vehicle id="8" x="412.44" y="401.65" angle="-90.00" type="DEFAULT_VEHTYPE" speed="5.09" pos="182.81" lane="3/2to2/2_0" slope="0.00"/>
        <vehicle id="9" x="783.62" y="601.65" angle="-90.00" type="DEFAULT_VEHTYPE" speed="12.76" pos="16.38" lane="4/3to3/3_0" slope="0.00"/>
    </timestep>
    <timestep time="613.00">
        <vehicle id="0" x="198.35" y="249.37" angle="0.00" type="DEFAULT_VEHTYPE" speed="13.12" pos="145.88" lane="1/2to1/1_0" slope="0.00"/>
        <vehicle id="10" x="543.28" y="401.65" angle="-90.00" type="DEFAULT_VEHTYPE" speed="13.61" pos="51.97" lane="3/2to2/2_0" slope="0.00"/>
        <vehicle id="11" x="398.35" y="476.91" angle="0.00" type="DEFAULT_VEHTYPE" speed="12.79" pos="118.34" lane="2/3to2/2_0" slope="0.00"/>
        <vehicle id="15" x="598.35" y="441.14" angle="0.00" type="DEFAULT_VEHTYPE" speed="12.80" pos="154.11" lane="3/3to3/2_0" slope="0.00"/>
        <vehicle id="16" x="398.35" y="430.50" angle="0.00" type="DEFAULT_VEHTYPE" speed="12.91" pos="164.75" lane="2/3to2/2_0" slope="0.00"/>
        <vehicle id="17" x="335.67" y="401.65" angle="-90.00" type="DEFAULT_VEHTYPE" speed="13.40" pos="59.58" lane="2/2to1/2_0" slope="0.00"/>
        <vehicle id="18" x="398.35" y="107.45" angle="0.00" type="DEFAULT_VEHTYPE" speed="13.36" pos="87.80" lane="2/1to2/0_0" slope="0.00"/>
        <vehicle id="2" x="506.78" y="198.35" angle="90.00" type="DEFAULT_VEHTYPE" speed="13.21" pos="102.03" lane="2/1to3/1_0" slope="0.00"/>
        <vehicle id="24" x="401.65" y="618.79" angle="180.00" type="DEFAULT_VEHTYPE" speed="12.67" pos="14.04" lane="2/3to2/4_0" slope="0.00"/>
        <vehicle id="28" x="423.25" y="401.65" angle="-90.00" type="DEFAULT_VEHTYPE" speed="7.66" pos="172.00" lane="3/2to2/2_0" slope="0.00"/>
        <vehicle id="29" x="601.65" y="588.34" angle="180.00" type="DEFAULT_VEHTYPE" speed="12.77" pos="183.59" lane="3/2to3/3_0" slope="0.00"/>
        <vehicle id="3" x="398.35" y="37.92" angle="0.00" type="DEFAULT_VEHTYPE" speed="13.26" pos="157.33" lane="2/1to2/0_0" slope="0.00"/>
        <vehicle id="33" x="198.35" y="383.51" angle="0.00" type="DEFAULT_VEHTYPE" speed="11.60" pos="11.74" lane="1/2to1/1_0" slope="0.00"/>
        <vehicle id="37" x="164.83" y="398.35" angle="90.00" type="DEFAULT_VEHTYPE" speed="10.51" pos="164.83" lane="0/2to1/2_0" slope="0.00"/>
        <vehicle id="39" x="436.41" y="198.35" angle="90.00" type="DEFAULT_VEHTYPE" speed="12.37" pos="31.66" lane="2/1to3/1_0" slope="0.00"/>
        <vehicle id="40" x="398.35" y="384.39" angle="0.00" type="DEFAULT_VEHTYPE" speed="9.00" pos="10.86" lane="2/2to2/1_0" slope="0.00"/>
        <vehicle id="42" x="401.65" y="682.86" angle="180.00" type="DEFAULT_VEHTYPE" speed="13.57" pos="78.11" lane="2/3to2/4_0" slope="0.00"/>
        <vehicle id="43" x="184.54" y="398.35" angle="90.00" type="DEFAULT_VEHTYPE" speed="8.35" pos="184.54" lane="0/2to1/2_0" slope="0.00"/>
        <vehicle id="44" x="198.35" y="217.62" angle="0.00" type="DEFAULT_VEHTYPE" speed="13.18" pos="177.63" lane="1/2to1/1_0" slope="0.00"/>
        <vehicle id="48" x="210.56" y="401.65" angle="-90.00" type="DEFAULT_VEHTYPE" speed="4.10" pos="184.69" lane="2/2to1/2_0" slope="0.00"/>
        <vehicle id="49" x="208.85" y="201.65" angle="-90.00" type="DEFAULT_VEHTYPE" speed="2.90" pos="186.40" lane="2/1to1/1_0" slope="0.00"/>
        <vehicle id="5" x="237.38" y="598.35" angle="90.00" type="DEFAULT_VEHTYPE" speed="13.27" pos="32.63" lane="1/3to2/3_0" slope="0.00"/>
        <vehicle id="6" x="109.98" y="398.35" angle="90.00" type="DEFAULT_VEHTYPE" speed="13.87" pos="109.98" lane="0/2to1/2_0" slope="0.00"/>
        <vehicle id="7" x="401.65" y="749.55" angle="180.00" type="DEFAULT_VEHTYPE" speed="12.83" pos="144.80" lane="2/3to2/4_0" slope="0.00"/>
        <vehicle id="8" x="409.21" y="401.65" angle="-90.00" type="DEFAULT_VEHTYPE" speed="3.23" pos="186.04" lane="3/2to2/2_0" slope="0.00"/>
        <vehicle id="9" x="769.79" y="601.65" angle="-90.00" type="DEFAULT_VEHTYPE" speed="13.83" pos="30.21" lane="4/3to3/3_0" slope="0.00"/>
    </timestep>
    <timestep time="614.00">
        <vehicle id="0" x="198.35" y="236.74" angle="0.00" type="DEFAULT_VEHTYPE" speed="12.63" pos="158.51" lane="1/2to1/1_0" slope="0.00"/>
        <vehicle id="10" x="530.10" y="401.65" angle="-90.00" type="DEFAULT_VEHTYPE" speed="13.18" pos="65.15" lane="3/2to2/2_0" slope="0.00"/>
        <vehicle id="11" x="398.35" y="463.36" angle="0.00" type="DEFAULT_VEHTYPE" speed="13.54" pos="131.89" lane="2/3to2/2_0" slope="0.00"/>
        <vehicle id="15" x="598.35" y="428.13" angle="0.00" type="DEFAULT_VEHTYPE" speed="13.01" pos="167.12" lane="3/3to3/2_0" slope="0.00"/>
        <vehicle id="16" x="398.35" y="417.65" angle="0.00" type="DEFAULT_VEHTYPE" speed="12.85" pos="177.60" lane="2/3to2/2_0" slope="0.00"/>
        <vehicle id="17" x="322.30" y="401.65" angle="-90.00" type="DEFAULT_VEHTYPE" speed="13.37" pos="72.95" lane="2/2to1/2_0" slope="0.00"/>
        <vehicle id="18" x="398.35" y="93.73" angle="0.00" type="DEFAULT_VEHTYPE" speed="13.72" pos="101.52" lane="2/1to2/0_0" slope="0.00"/>
        <vehicle id="2" x="520.40" y="198.35" angle="90.00" type="DEFAULT_VEHTYPE" speed="13.62" pos="115.65" lane="2/1to3/1_0" slope="0.00"/>
        <vehicle id="24" x="401.65" y="631.78" angle="180.00" type="DEFAULT_VEHTYPE" speed="12.98" pos="27.03" lane="2/3to2/4_0" slope="0.00"/>
        <vehicle id="28" x="418.98" y="401.65" angle="-90.00" type="DEFAULT_VEHTYPE" speed="4.26" pos="176.27" lane="3/2to2/2_0" slope="0.00"/>
        <vehicle id="29" x="605.54" y="598.35" angle="121.57" type="DEFAULT_VEHTYPE" speed="12.69" pos="0.79" lane="3/3to4/3_0" slope="0.00"/>
        <vehicle id="3" x="398.35" y="25.07" angle="0.00" type="DEFAULT_VEHTYPE" speed="12.85" pos="170.18" lane="2/1to2/0_0" slope="0.00"/>
        <vehicle id="33" x="198.35" y="369.72" angle="0.00" type="DEFAULT_VEHTYPE" speed="13.79" pos="25.53" lane="1/2to1/1_0" slope="0.00"/>
        <vehicle id="37" x="173.67" y="398.35" angle="90.00" type="DEFAULT_VEHTYPE" speed="8.84" pos="173.67" lane="0/2to1/2_0" slope="0.00"/>
        <vehicle id="39" x="449.72" y="198.35" angle="90.00" type="DEFAULT_VEHTYPE" speed="13.31" pos="44.97" lane="2/1to3/1_0" slope="0.00"/>
        <vehicle id="40" x="398.35" y="373.45" angle="0.00" type="DEFAULT_VEHTYPE" speed="10.93" pos="21.80" lane="2/2to2/1_0" slope="0.00"/>
        <vehicle id="42" x="401.65" y="695.77" angle="180.00" type="DEFAULT_VEHTYPE" speed="12.91" pos="91.02" lane="2/3to2/4_0" slope="0.00"/>
        <vehicle id="43" x="188.45" y="398.35" angle="90.00" type="DEFAULT_VEHTYPE" speed="3.91" pos="188.45" lane="0/2to1/2_0" slope="0.00"/>
        <vehicle id="44" x="198.26" y="204.14" angle="-0.98" type="DEFAULT_VEHTYPE" speed="13.49" pos="0.61" lane=":1/1_0_0" slope="0.00"/>
        <vehicle id="48" x="204.23" y="401.58" angle="-89.15" type="DEFAULT_VEHTYPE" speed="6.34" pos="0.52" lane=":1/2_6_0" slope="0.00"/>
        <vehicle id="49" x="204.27" y="201.72" angle="-90.77" type="DEFAULT_VEHTYPE" speed="4.59" pos="0.49" lane=":1/1_4_0" slope="0.00"/>
        <vehicle id="5" x="251.08" y="598.35" angle="90.00" type="DEFAULT_VEHTYPE" speed="13.69" pos="46.33" lane="1/3to2/3_0" slope="0.00"/>
        <vehicle id="6" x="123.70" y="398.35" angle="90.00" type="DEFAULT_VEHTYPE" speed="13.72" pos="123.70" lane="0/2to1/2_0" slope="0.00"/>
        <vehicle id="7" x="401.65" y="762.53" angle="180.00" type="DEFAULT_VEHTYPE" speed="12.98" pos="157.78" lane="2/3to2/4_0" slope="0.00"/>
        <vehicle id="8" x="407.81" y="401.65" angle="-90.00" type="DEFAULT_VEHTYPE" speed="1.40" pos="187.44" lane="3/2to2/2_0" slope="0.00"/>
        <vehicle id="9" x="756.29" y="601.65" angle="-90.00" type="DEFAULT_VEHTYPE" speed="13.50" pos="43.71" lane="4/3to3/3_0" slope="0.00"/>
    </timestep>
    <timestep time="615.00">
        <vehicle id="0" x="198.35" y="223.42" angle="0.00" type="DEFAULT_VEHTYPE" speed="13.32" pos="171.83" lane="1/2to1/1_0" slope="0.00"/>
        <vehicle id="10" x="517.36" y="401.65" angle="-90.00" type="DEFAULT_VEHTYPE" speed="12.74" pos="77.89" lane="3/2to2/2_0" slope="0.00"/>
        <vehicle id="11" x="398.35" y="449.99" angle="0.00" type="DEFAULT_VEHTYPE" speed="13.37" pos="145.26" lane="2/3to2/2_0" slope="0.00"/>
        <vehicle id="15" x="598.35" y="415.28" angle="0.00" type="DEFAULT_VEHTYPE" speed="12.85" pos="179.97" lane="3/3to3/2_0" slope="0.00"/>
        <vehicle id="16" x="398.35" y="404.92" angle="0.00" type="DEFAULT_VEHTYPE" speed="12.73" pos="190.33" lane="2/3to2/2_0" slope="0.00"/>
        <vehicle id="17" x="309.05" y="401.65" angle="-90.00" type="DEFAULT_VEHTYPE" speed="13.25" pos="86.20" lane="2/2to1/2_0" slope="0.00"/>
        <vehicle id="18" x="398.35" y="80.93" angle="0.00" type="DEFAULT_VEHTYPE" speed="12.80" pos="114.32" lane="2/1to2/0_0" slope="0.00"/>
        <vehicle id="2" x="534.06" y="198.35" angle="90.00" type="DEFAULT_VEHTYPE" speed="13.67" pos="129.31" lane="2/1to3/1_0" slope="0.00"/>
        <vehicle id="24" x="401.65" y="644.81" angle="180.00" type="DEFAULT_VEHTYPE" speed="13.04" pos="40.06" lane="2/3to2/4_0" slope="0.00"/>
        <vehicle id="28" x="417.21" y="401.65" angle="-90.00" type="DEFAULT_VEHTYPE" speed="1.78" pos="178.04" lane="3/2to2/2_0" slope="0.00"/>
        <vehicle id="29" x="618.93" y="598.35" angle="90.00" type="DEFAULT_VEHTYPE" speed="13.39" pos="14.18" lane="3/3to4/3_0" slope="0.00"/>
        <vehicle id="3" x="398.35" y="11.74" angle="0.00" type="DEFAULT_VEHTYPE" speed="13.32" pos="183.51" lane="2/1to2/0_0" slope="0.00"/>
        <vehicle id="33" x="198.35" y="356.33" angle="0.00" type="DEFAULT_VEHTYPE" speed="13.39" pos="38.92" lane="1/2to1/1_0" slope="0.00"/>
        <vehicle id="37" x="178.01" y="398.35" angle="90.00" type="DEFAULT_VEHTYPE" speed="4.34" pos="178.01" lane="0/2to1/2_0" slope="0.00"/>
        <vehicle id="39" x="462.48" y="198.35" angle="90.00" type="DEFAULT_VEHTYPE" speed="12.76" pos="57.73" lane="2/1to3/1_0" slope="0.00"/>
        <vehicle id="40" x="398.35" y="360.49" angle="0.00" type="DEFAULT_VEHTYPE" speed="12.97" pos="34.76" lane="2/2to2/1_0" slope="0.00"/>
        <vehicle id="42" x="401.65" y="708.46" angle="180.00" type="DEFAULT_VEHTYPE" speed="12.69" pos="103.71" lane="2/3to2/4_0" slope="0.00"/>
        <vehicle id="43" x="194.42" y="398.35" angle="90.00" type="DEFAULT_VEHTYPE" speed="5.97" pos="194.42" lane="0/2to1/2_0" slope="0.00"/>
        <vehicle id="44" x="186.80" y="201.65" angle="-90.00" type="DEFAULT_VEHTYPE" speed="12.84" pos="8.45" lane="1/1to0/1_0" slope="0.00"/>
        <vehicle id="48" x="198.58" y="396.87" angle="-33.78" type="DEFAULT_VEHTYPE" speed="8.16" pos="8.68" lane=":1/2_6_0" slope="0.00"/>
        <vehicle id="49" x="201.65" y="206.96" angle="-167.62" type="DEFAULT_VEHTYPE" speed="6.72" pos="2.21" lane="1/1to1/2_0" slope="0.00"/>
        <vehicle id="5" x="264.93" y="598.35" angle="90.00" type="DEFAULT_VEHTYPE" speed="13.85" pos="60.18" lane="1/3to2/3_0" slope="0.00"/>
        <vehicle id="6" x="137.17" y="398.35" angle="90.00" type="DEFAULT_VEHTYPE" speed="13.47" pos="137.17" lane="0/2to1/2_0" slope="0.00"/>
        <vehicle id="7" x="401.65" y="775.36" angle="180.00" type="DEFAULT_VEHTYPE" speed="12.83" pos="170.61" lane="2/3to2/4_0" slope="0.00"/>
        <vehicle id="8" x="407.38" y="401.65" angle="-90.00" type="DEFAULT_VEHTYPE" speed="0.43" pos="187.87" lane="3/2to2/2_0" slope="0.00"/>
        <vehicle id="9" x="743.60" y="601.65" angle="-90.00" type="DEFAULT_VEHTYPE" speed="12.68" pos="56.40" lane="4/3to3/3_0" slope="0.00"/>
    </timestep>
    <timestep time="616.00">
        <vehicle id="0" x="198.35" y="209.65" angle="0.00" type="DEFAULT_VEHTYPE" speed="13.76" pos="185.60" lane="1/2to1/1_0" slope="0.00"/>
        <vehicle id="10" x="503.52" y="401.65" angle="-90.00" type="DEFAULT_VEHTYPE" speed="13.84" pos="91.73" lane="3/2to2/2_0" slope="0.00"/>
        <vehicle id="11" x="398.35" y="436.15" angle="0.00" type="DEFAULT_VEHTYPE" speed="13.84" pos="159.10" lane="2/3to2/2_0" slope="0.00"/>
        <vehicle id="15" x="597.55" y="402.40" angle="-9.37" type="DEFAULT_VEHTYPE" speed="13.07" pos="2.53" lane=":3/2_0_0" slope="0.00"/>
        <vehicle id="16" x="386.72" y="401.65" angle="-90.00" type="DEFAULT_VEHTYPE" speed="13.69" pos="8.53" lane="2/2to1/2_0" slope="0.00"/>
        <vehicle id="17" x="295.67" y="401.65" angle="-90.00" type="DEFAULT_VEHTYPE" speed="13.39" pos="99.58" lane="2/2to1/2_0" slope="0.00"/>
        <vehicle id="18" x="398.35" y="67.67" angle="0.00" type="DEFAULT_VEHTYPE" speed="13.26" pos="127.58" lane="2/1to2/0_0" slope="0.00"/>
        <vehicle id="2" x="547.50" y="198.35" angle="90.00" type="DEFAULT_VEHTYPE" speed="13.44" pos="142.75" lane="2/1to3/1_0" slope="0.00"/>
        <vehicle id="24" x="401.65" y="658.25" angle="180.00" type="DEFAULT_VEHTYPE" speed="13.43" pos="53.50" lane="2/3to2/4_0" slope="0.00"/>
        <vehicle id="28" x="415.73" y="401.65" angle="-90.00" type="DEFAULT_VEHTYPE" speed="1.48" pos="179.52" lane="3/2to2/2_0" slope="0.00"/>
        <vehicle id="29" x="632.51" y="598.35" angle="90.00" type="DEFAULT_VEHTYPE" speed="13.58" pos="27.76" lane="3/3to4/3_0" slope="0.00"/>
        <vehicle id="3" x="398.94" y="-0.90" angle="7.02" type="DEFAULT_VEHTYPE" speed="12.82" pos="1.08" lane=":2/0_0_0" slope="0.00"/>
        <vehicle id="33" x="198.35" y="343.44" angle="0.00" type="DEFAULT_VEHTYPE" speed="12.89" pos="51.81" lane="1/2to1/1_0" slope="0.00"/>
        <vehicle id="37" x="184.91" y="398.35" angle="90.00" type="DEFAULT_VEHTYPE" speed="6.90" pos="184.91" lane="0/2to1/2_0" slope="0.00"/>
        <vehicle id="39" x="475.91" y="198.35" angle="90.00" type="DEFAULT_VEHTYPE" speed="13.43" pos="71.16" lane="2/1to3/1_0" slope="0.00"/>
        <vehicle id="40" x="398.35" y="347.38" angle="0.00" type="DEFAULT_VEHTYPE" speed="13.10" pos="47.87" lane="2/2to2/1_0" slope="0.00"/>
        <vehicle id="42" x="401.65" y="722.16" angle="180.00" type="DEFAULT_VEHTYPE" speed="13.69" pos="117.41" lane="2/3to2/4_0" slope="0.00"/>
        <vehicle id="43" x="201.27" y="402.08" angle="134.41" type="DEFAULT_VEHTYPE" speed="8.45" pos="7.62" lane=":1/2_14_0" slope="0.00"/>
        <vehicle id="44" x="173.31" y="201.65" angle="-90.00" type="DEFAULT_VEHTYPE" speed="13.48" pos="21.94" lane="1/1to0/1_0" slope="0.00"/>
        <vehicle id="48" x="198.35" y="386.71" angle="0.00" type="DEFAULT_VEHTYPE" speed="10.18" pos="8.54" lane="1/2to1/1_0" slope="0.00"/>
        <vehicle id="49" x="201.65" y="216.16" angle="180.00" type="DEFAULT_VEHTYPE" speed="9.20" pos="11.41" lane="1/1to1/2_0" slope="0.00"/>
        <vehicle id="5" x="278.58" y="598.35" angle="90.00" type="DEFAULT_VEHTYPE" speed="13.66" pos="73.83" lane="1/3to2/3_0" slope="0.00"/>
        <vehicle id="6" x="150.55" y="398.35" angle="90.00" type="DEFAULT_VEHTYPE" speed="13.38" pos="150.55" lane="0/2to1/2_0" slope="0.00"/>
        <vehicle id="7" x="401.65" y="788.58" angle="180.00" type="DEFAULT_VEHTYPE" speed="13.22" pos="183.83" lane="2/3to2/4_0" slope="0.00"/>
        <vehicle id="8" x="407.25" y="401.65" angle="-90.00" type="DEFAULT_VEHTYPE" speed="0.12" pos="188.00" lane="3/2to2/2_0" slope="0.00"/>
        <vehicle id="9" x="730.27" y="601.65" angle="-90.00" type="DEFAULT_VEHTYPE" speed="13.33" pos="69.73" lane="4/3to3/3_0" slope="0.00"/>
    </timestep>
    <timestep time="617.00">
        <vehicle id="0" x="192.02" y="201.65" angle="-85.42" type="DEFAULT_VEHTYPE" speed="13.14" pos="3.23" lane="1/1to0/1_0" slope="0.00"/>
        <vehicle id="10" x="490.40" y="401.65" angle="-90.00" type="DEFAULT_VEHTYPE" speed="13.12" pos="104.85" lane="3/2to2/2_0" slope="0.00"/>
        <vehicle id="11" x="398.35" y="422.45" angle="0.00" type="DEFAULT_VEHTYPE" speed="13.70" pos="172.80" lane="2/3to2/2_0" slope="0.00"/>
        <vehicle id="15" x="584.19" y="401.65" angle="-90.00" type="DEFAULT_VEHTYPE" speed="13.52" pos="11.06" lane="3/2to2/2_0" slope="0.00"/>
        <vehicle id="16" x="373.08" y="401.65" angle="-90.00" type="DEFAULT_VEHTYPE" speed="13.64" pos="22.17" lane="2/2to1/2_0" slope="0.00"/>
        <vehicle id="17" x="281.81" y="401.65" angle="-90.00" type="DEFAULT_VEHTYPE" speed="13.86" pos="113.44" lane="2/2to1/2_0" slope="0.00"/>
        <vehicle id="18" x="398.35" y="54.66" angle="0.00" type="DEFAULT_VEHTYPE" speed="13.00" pos="140.59" lane="2/1to2/0_0" slope="0.00"/>
        <vehicle id="2" x="561.39" y="198.35" angle="90.00" type="DEFAULT_VEHTYPE" speed="13.89" pos="156.64" lane="2/1to3/1_0" slope="0.00"/>
        <vehicle id="24" x="401.65" y="672.01" angle="180.00" type="DEFAULT_VEHTYPE" speed="13.76" pos="67.26" lane="2/3to2/4_0" slope="0.00"/>
        <vehicle id="28" x="415.08" y="401.65" angle="-90.00" type="DEFAULT_VEHTYPE" speed="0.65" pos="180.17" lane="3/2to2/2_0" slope="0.00"/>
        <vehicle id="29" x="646.16" y="598.35" angle="90.00" type="DEFAULT_VEHTYPE" speed="13.65" pos="41.41" lane="3/3to4/3_0" slope="0.00"/>
        <vehicle id="3" x="401.65" y="9.35" angle="180.00" type="DEFAULT_VEHTYPE" speed="13.09" pos="9.35" lane="2/0to2/1_0" slope="0.00"/>
        <vehicle id="33" x="198.35" y="329.87" angle="0.00" type="DEFAULT_VEHTYPE" speed="13.57" pos="65.38" lane="1/2to1/1_0" slope="0.00"/>
        <vehicle id="37" x="188.96" y="398.35" angle="90.00" type="DEFAULT_VEHTYPE" speed="4.05" pos="188.96" lane="0/2to1/2_0" slope="0.00"/>
        <vehicle id="39" x="489.75" y="198.35" angle="90.00" type="DEFAULT_VEHTYPE" speed="13.84" pos="85.00" lane="2/1to3/1_0" slope="0.00"/>
        <vehicle id="40" x="398.35" y="333.66" angle="0.00" type="DEFAULT_VEHTYPE" speed="13.72" pos="61.59" lane="2/2to2/1_0" slope="0.00"/>
        <vehicle id="42" x="401.65" y="735.94" angle="180.00" type="DEFAULT_VEHTYPE" speed="13.79" pos="131.19" lane="2/3to2/4_0" slope="0.00"/>
        <vehicle id="43" x="201.65" y="412.35" angle="180.00" type="DEFAULT_VEHTYPE" speed="10.30" pos="7.60" lane="1/2to1/3_0" slope="0.00"/>
        <vehicle id="44" x="160.65" y="201.65" angle="-90.00" type="DEFAULT_VEHTYPE" speed="12.66" pos="34.60" lane="1/1to0/1_0" slope="0.00"/>
        <vehicle id="48" x="198.35" y="374.47" angle="0.00" type="DEFAULT_VEHTYPE" speed="12.24" pos="20.78" lane="1/2to1/1_0" slope="0.00"/>
        <vehicle id="49" x="201.65" y="227.46" angle="180.00" type="DEFAULT_VEHTYPE" speed="11.30" pos="22.71" lane="1/1to1/2_0" slope="0.00"/>
        <vehicle id="5" x="292.20" y="598.35" angle="90.00" type="DEFAULT_VEHTYPE" speed="13.61" pos="87.45" lane="1/3to2/3_0" slope="0.00"/>
        <vehicle id="6" x="163.42" y="398.35" angle="90.00" type="DEFAULT_VEHTYPE" speed="12.87" pos="163.42" lane="0/2to1/2_0" slope="0.00"/>
        <vehicle id="7" x="400.73" y="801.29" angle="-168.96" type="DEFAULT_VEHTYPE" speed="13.01" pos="1.59" lane=":2/4_0_0" slope="0.00"/>
        <vehicle id="8" x="407.25" y="401.65" angle="-90.00" type="DEFAULT_VEHTYPE" speed="0.00" pos="188.00" lane="3/2to2/2_0" slope="0.00"/>
        <vehicle id="9" x="717.36" y="601.65" angle="-90.00" type="DEFAULT_VEHTYPE" speed="12.91" pos="82.64" lane="4/3to3/3_0" slope="0.00"/>
    </timestep>
    <timestep time="618.00">
        <vehicle id="0" x="178.69" y="201.65" angle="-90.00" type="DEFAULT_VEHTYPE" speed="13.33" pos="16.56" lane="1/1to0/1_0" slope="0.00"/>
        <vehicle id="10" x="477.06" y="401.65" angle="-90.00" type="DEFAULT_VEHTYPE" speed="13.34" pos="118.19" lane="3/2to2/2_0" slope="0.00"/>
        <vehicle id="11" x="398.35" y="408.63" angle="0.00" type="DEFAULT_VEHTYPE" speed="13.81" pos="186.62" lane="2/3to2/2_0" slope="0.00"/>
        <vehicle id="15" x="570.90" y="401.65" angle="-90.00" type="DEFAULT_VEHTYPE" speed="13.30" pos="24.35" lane="3/2to2/2_0" slope="0.00"/>
        <vehicle id="16" x="360.09" y="401.65" angle="-90.00" type="DEFAULT_VEHTYPE" speed="12.99" pos="35.16" lane="2/2to1/2_0" slope="0.00"/>
        <vehicle id="17" x="268.11" y="401.65" angle="-90.00" type="DEFAULT_VEHTYPE" speed="13.69" pos="127.14" lane="2/2to1/2_0" slope="0.00"/>
        <vehicle id="18" x="398.35" y="41.01" angle="0.00" type="DEFAULT_VEHTYPE" speed="13.65" pos="154.24" lane="2/1to2/0_0" slope="0.00"/>
        <vehicle id="2" x="573.01" y="198.35" angle="90.00" type="DEFAULT_VEHTYPE" speed="11.62" pos="168.26" lane="2/1to3/1_0" slope="0.00"/>
        <vehicle id="24" x="401.65" y="685.33" angle="180.00" type="DEFAULT_VEHTYPE" speed="13.32" pos="80.58" lane="2/3to2/4_0" slope="0.00"/>
        <vehicle id="28" x="414.84" y="401.65" angle="-90.00" type="DEFAULT_VEHTYPE" speed="0.24" pos="180.41" lane="3/2to2/2_0" slope="0.00"/>
        <vehicle id="29" x="658.82" y="598.35" angle="90.00" type="DEFAULT_VEHTYPE" speed="12.66" pos="54.07" lane="3/3to4/3_0" slope="0.00"/>
        <vehicle id="3" x="401.65" y="21.95" angle="180.00" type="DEFAULT_VEHTYPE" speed="12.60" pos="21.95" lane="2/0to2/1_0" slope="0.00"/>
        <vehicle id="33" x="198.35" y="316.02" angle="0.00" type="DEFAULT_VEHTYPE" speed="13.85" pos="79.23" lane="1/2to1/1_0" slope="0.00"/>
        <vehicle id="37" x="194.75" y="398.35" angle="90.00" type="DEFAULT_VEHTYPE" speed="5.79" pos="194.75" lane="0/2to1/2_0" slope="0.00"/>
        <vehicle id="39" x="502.84" y="198.35" angle="90.00" type="DEFAULT_VEHTYPE" speed="13.09" pos="98.09" lane="2/1to3/1_0" slope="0.00"/>
        <vehicle id="40" x="398.35" y="320.61" angle="0.00" type="DEFAULT_VEHTYPE" speed="13.05" pos="74.64" lane="2/2to2/1_0" slope="0.00"/>
        <vehicle id="42" x="401.65" y="749.84" angle="180.00" type="DEFAULT_VEHTYPE" speed="13.89" pos="145.09" lane="2/3to2/4_0" slope="0.00"/>
        <vehicle id="43" x="201.65" y="424.98" angle="180.00" type="DEFAULT_VEHTYPE" speed="12.64" pos="20.23" lane="1/2to1/3_0" slope="0.00"/>
        <vehicle id="44" x="147.18" y="201.65" angle="-90.00" type="DEFAULT_VEHTYPE" speed="13.47" pos="48.07" lane="1/1to0/1_0" slope="0.00"/>
        <vehicle id="48" x="198.35" y="361.64" angle="0.00" type="DEFAULT_VEHTYPE" speed="12.83" pos="33.61" lane="1/2to1/1_0" slope="0.00"/>
        <vehicle id="49" x="201.65" y="241.25" angle="180.00" type="DEFAULT_VEHTYPE" speed="13.79" pos="36.50" lane="1/1to1/2_0" slope="0.00"/>
        <vehicle id="5" x="305.84" y="598.35" angle="90.00" type="DEFAULT_VEHTYPE" speed="13.64" pos="101.09" lane="1/3to2/3_0" slope="0.00"/>
        <vehicle id="6" x="171.79" y="398.35" angle="90.00" type="DEFAULT_VEHTYPE" speed="8.37" pos="171.79" lane="0/2to1/2_0" slope="0.00"/>
        <vehicle id="7" x="398.35" y="790.16" angle="0.00" type="DEFAULT_VEHTYPE" speed="13.06" pos="9.84" lane="2/4to2/3_0" slope="0.00"/>
        <vehicle id="8" x="407.25" y="401.65" angle="-90.00" type="DEFAULT_VEHTYPE" speed="0.00" pos="188.00" lane="3/2to2/2_0" slope="0.00"/>
        <vehicle id="9" x="704.35" y="601.65" angle="-90.00" type="DEFAULT_VEHTYPE" speed="13.01" pos="95.65" lane="4/3to3/3_0" slope="0.00"/>
    </timestep>
    <timestep time="619.00">
        <vehicle id="0" x="165.00" y="201.65" angle="-90.00" type="DEFAULT_VEHTYPE" speed="13.69" pos="30.25" lane="1/1to0/1_0" slope="0.00"/>
        <vehicle id="10" x="463.98" y="401.65" angle="-90.00" type="DEFAULT_VEHTYPE" speed="13.08" pos="131.27" lane="3/2to2/2_0" slope="0.00"/>
        <vehicle id="11" x="390.58" y="401.65" angle="-89.47" type="DEFAULT_VEHTYPE" speed="13.55" pos="4.67" lane="2/2to1/2_0" slope="0.00"/>
        <vehicle id="15" x="557.56" y="401.65" angle="-90.00" type="DEFAULT_VEHTYPE" speed="13.34" pos="37.69" lane="3/2to2/2_0" slope="0.00"/>
        <vehicle id="16" x="347.07" y="401.65" angle="-90.00" type="DEFAULT_VEHTYPE" speed="13.02" pos="48.18" lane="2/2to1/2_0" slope="0.00"/>
        <vehicle id="17" x="255.25" y="401.65" angle="-90.00" type="DEFAULT_VEHTYPE" speed="12.86" pos="140.00" lane="2/2to1/2_0" slope="0.00"/>
        <vehicle id="18" x="398.35" y="27.60" angle="0.00" type="DEFAULT_VEHTYPE" speed="13.42" pos="167.65" lane="2/1to2/0_0" slope="0.00"/>
        <vehicle id="2" x="581.67" y="198.35" angle="90.00" type="DEFAULT_VEHTYPE" speed="8.66" pos="176.92" lane="2/1to3/1_0" slope="0.00"/>
        <vehicle id="24" x="401.65" y="698.65" angle="180.00" type="DEFAULT_VEHTYPE" speed="13.32" pos="93.90" lane="2/3to2/4_0" slope="0.00"/>
        <vehicle id="28" x="414.76" y="401.65" angle="-90.00" type="DEFAULT_VEHTYPE" speed="0.08" pos="180.49" lane="3/2to2/2_0" slope="0.00"/>
        <vehicle id="29" x="672.52" y="598.35" angle="90.00" type="DEFAULT_VEHTYPE" speed="13.69" pos="67.77" lane="3/3to4/3_0" slope="0.00"/>
        <vehicle id="3" x="401.65" y="35.65" angle="180.00" type="DEFAULT_VEHTYPE" speed="13.70" pos="35.65" lane="2/0to2/1_0" slope="0.00"/>
        <vehicle id="33" x="198.35" y="303.29" angle="0.00" type="DEFAULT_VEHTYPE" speed="12.73" pos="91.96" lane="1/2to1/1_0" slope="0.00"/>
        <vehicle id="37" x="201.04" y="401.60" angle="128.39" type="DEFAULT_VEHTYPE" speed="7.58" pos="7.08" lane=":1/2_14_0" slope="0.00"/>
        <vehicle id="39" x="516.33" y="198.35" angle="90.00" type="DEFAULT_VEHTYPE" speed="13.49" pos="111.58" lane="2/1to3/1_0" slope="0.00"/>
        <vehicle id="40" x="398.35" y="307.46" angle="0.00" type="DEFAULT_VEHTYPE" speed="13.15" pos="87.79" lane="2/2to2/1_0" slope="0.00"/>
        <vehicle id="42" x="401.65" y="763.22" angle="180.00" type="DEFAULT_VEHTYPE" speed="13.38" pos="158.47" lane="2/3to2/4_0" slope="0.00"/>
        <vehicle id="43" x="201.65" y="438.82" angle="180.00" type="DEFAULT_VEHTYPE" speed="13.84" pos="34.07" lane="1/2to1/3_0" slope="0.00"/>
        <vehicle id="44" x="133.54" y="201.65" angle="-90.00" type="DEFAULT_VEHTYPE" speed="13.64" pos="61.71" lane="1/1to0/1_0" slope="0.00"/>
        <vehicle id="48" x="198.35" y="347.93" angle="0.00" type="DEFAULT_VEHTYPE" speed="13.71" pos="47.32" lane="1/2to1/1_0" slope="0.00"/>
        <vehicle id="49" x="201.65" y="254.97" angle="180.00" type="DEFAULT_VEHTYPE" speed="13.72" pos="50.22" lane="1/1to1/2_0" slope="0.00"/>
        <vehicle id="5" x="318.71" y="598.35" angle="90.00" type="DEFAULT_VEHTYPE" speed="12.87" pos="113.96" lane="1/3to2/3_0" slope="0.00"/>
        <vehicle id="6" x="180.82" y="398.35" angle="90.00" type="DEFAULT_VEHTYPE" speed="9.03" pos="180.82" lane="0/2to1/2_0" slope="0.00"/>
        <vehicle id="7" x="398.35" y="776.76" angle="0.00" type="DEFAULT_VEHTYPE" speed="13.41" pos="23.24" lane="2/4to2/3_0" slope="0.00"/>
        <vehicle id="8" x="407.25" y="401.65" angle="-90.00" type="DEFAULT_VEHTYPE" speed="0.00" pos="188.00" lane="3/2to2/2_0" slope="0.00"/>
        <vehicle id="9" x="690.88" y="601.65" angle="-90.00" type="DEFAULT_VEHTYPE" speed="13.47" pos="109.12" lane="4/3to3/3_0" slope="0.00"/>
    </timestep>
    <timestep time="620.00">
        <vehicle id="0" x="151.50" y="201.65" angle="-90.00" type="DEFAULT_VEHTYPE" speed="13.50" pos="43.75" lane="1/1to0/1_0" slope="0.00"/>
        <vehicle id="10" x="450.96" y="401.65" angle="-90.00" type="DEFAULT_VEHTYPE" speed="13.02" pos="144.29" lane="3/2to2/2_0" slope="0.00"/>
        <vehicle id="11" x="377.27" y="401.65" angle="-90.00" type="DEFAULT_VEHTYPE" speed="13.31" pos="17.98" lane="2/2to1/2_0" slope="0.00"/>
        <vehicle id="15" x="543.90" y="401.65" angle="-90.00" type="DEFAULT_VEHTYPE" speed="13.66" pos="51.35" lane="3/2to2/2_0" slope="0.00"/>
        <vehicle id="16" x="333.34" y="401.65" angle="-90.00" type="DEFAULT_VEHTYPE" speed="13.73" pos="61.91" lane="2/2to1/2_0" slope="0.00"/>
        <vehicle id="17" x="241.66" y="401.65" angle="-90.00" type="DEFAULT_VEHTYPE" speed="13.60" pos="153.59" lane="2/2to1/2_0" slope="0.00"/>
        <vehicle id="18" x="398.35" y="14.77" angle="0.00" type="DEFAULT_VEHTYPE" speed="12.82" pos="180.48" lane="2/1to2/0_0" slope="0.00"/>
        <vehicle id="2" x="586.83" y="198.35" angle="90.00" type="DEFAULT_VEHTYPE" speed="5.16" pos="182.08" lane="2/1to3/1_0" slope="0.00"/>
        <vehicle id="24" x="401.65" y="712.22" angle="180.00" type="DEFAULT_VEHTYPE" speed="13.57" pos="107.47" lane="2/3to2/4_0" slope="0.00"/>
        <vehicle id="28" x="414.76" y="401.65" angle="-90.00" type="DEFAULT_VEHTYPE" speed="0.00" pos="180.49" lane="3/2to2/2_0" slope="0.00"/>
        <vehicle id="29" x="686.17" y="598.35" angle="90.00" type="DEFAULT_VEHTYPE" speed="13.65" pos="81.42" lane="3/3to4/3_0" slope="0.00"/>
        <vehicle id="3" x="401.65" y="48.65" angle="180.00" type="DEFAULT_VEHTYPE" speed="13.00" pos="48.65" lane="2/0to2/1_0" slope="0.00"/>
        <vehicle id="33" x="198.35" y="289.42" angle="0.00" type="DEFAULT_VEHTYPE" speed="13.87" pos="105.83" lane="1/2to1/1_0" slope="0.00"/>
        <vehicle id="37" x="201.65" y="411.21" angle="180.00" type="DEFAULT_VEHTYPE" speed="9.70" pos="6.46" lane="1/2to1/3_0" slope="0.00"/>
        <vehicle id="39" x="529.30" y="198.35" angle="90.00" type="DEFAULT_VEHTYPE" speed="12.97" pos="124.55" lane="2/1to3/1_0" slope="0.00"/>
        <vehicle id="40" x="398.35" y="293.59" angle="0.00" type="DEFAULT_VEHTYPE" speed="13.87" pos="101.66" lane="2/2to2/1_0" slope="0.00"/>
        <vehicle id="42" x="401.65" y="776.73" angle="180.00" type="DEFAULT_VEHTYPE" speed="13.51" pos="171.98" lane="2/3to2/4_0" slope="0.00"/>
        <vehicle id="43" x="201.65" y="452.34" angle="180.00" type="DEFAULT_VEHTYPE" speed="13.52" pos="47.59" lane="1/2to1/3_0" slope="0.00"/>
        <vehicle id="44" x="120.30" y="201.65" angle="-90.00" type="DEFAULT_VEHTYPE" speed="13.24" pos="74.95" lane="1/1to0/1_0" slope="0.00"/>
        <vehicle id="48" x="198.35" y="335.06" angle="0.00" type="DEFAULT_VEHTYPE" speed="12.87" pos="60.19" lane="1/2to1/1_0" slope="0.00"/>
        <vehicle id="49" x="201.65" y="268.40" angle="180.00" type="DEFAULT_VEHTYPE" speed="13.43" pos="63.65" lane="1/1to1/2_0" slope="0.00"/>
        <vehicle id="5" x="331.76" y="598.35" angle="90.00" type="DEFAULT_VEHTYPE" speed="13.05" pos="127.01" lane="1/3to2/3_0" slope="0.00"/>
        <vehicle id="6" x="186.87" y="398.35" angle="90.00" type="DEFAULT_VEHTYPE" speed="6.05" pos="186.87" lane="0/2to1/2_0" slope="0.00"/>
        <vehicle id="7" x="398.35" y="764.04" angle="0.00" type="DEFAULT_VEHTYPE" speed="12.71" pos="35.96" lane="2/4to2/3_0" slope="0.00"/>
        <vehicle id="8" x="407.25" y="401.65" angle="-90.00" type="DEFAULT_VEHTYPE" speed="0.00" pos="188.00" lane="3/2to2/2_0" slope="0.00"/>
        <vehicle id="9" x="677.02" y="601.65" angle="-90.00" type="DEFAULT_VEHTYPE" speed="13.86" pos="122.98" lane="4/3to3/3_0" slope="0.00"/>
    </timestep>
    <timestep time="621.00">
        <vehicle id="0" x="138.61" y="201.65" angle="-90.00" type="DEFAULT_VEHTYPE" speed="12.89" pos="56.64" lane="1/1to0/1_0" slope="0.00"/>
        <vehicle id="10" x="438.99" y="401.65" angle="-90.00" type="DEFAULT_VEHTYPE" speed="11.97" pos="156.26" lane="3/2to2/2_0" slope="0.00"/>
        <vehicle id="11" x="364.52" y="401.65" angle="-90.00" type="DEFAULT_VEHTYPE" speed="12.75" pos="30.73" lane="2/2to1/2_0" slope="0.00"/>
        <vehicle id="15" x="530.60" y="401.65" angle="-90.00" type="DEFAULT_VEHTYPE" speed="13.30" pos="64.65" lane="3/2to2/2_0" slope="0.00"/>
        <vehicle id="16" x="320.50" y="401.65" angle="-90.00" type="DEFAULT_VEHTYPE" speed="12.84" pos="74.75" lane="2/2to1/2_0" slope="0.00"/>
        <vehicle id="17" x="229.05" y="401.65" angle="-90.00" type="DEFAULT_VEHTYPE" speed="12.60" pos="166.20" lane="2/2to1/2_0" slope="0.00"/>
        <vehicle id="18" x="398.35" y="2.01" angle="0.00" type="DEFAULT_VEHTYPE" speed="12.77" pos="193.24" lane="2/1to2/0_0" slope="0.00"/>
        <vehicle id="2" x="590.62" y="198.35" angle="90.00" type="DEFAULT_VEHTYPE" speed="3.78" pos="185.87" lane="2/1to3/1_0" slope="0.00"/>
        <vehicle id="24" x="401.65" y="725.28" angle="180.00" type="DEFAULT_VEHTYPE" speed="13.07" pos="120.53" lane="2/3to2/4_0" slope="0.00"/>
        <vehicle id="28" x="414.76" y="401.65" angle="-90.00" type="DEFAULT_VEHTYPE" speed="0.00" pos="180.49" lane="3/2to2/2_0" slope="0.00"/>
        <vehicle id="29" x="699.53" y="598.35" angle="90.00" type="DEFAULT_VEHTYPE" speed="13.36" pos="94.78" lane="3/3to4/3_0" slope="0.00"/>
        <vehicle id="3" x="401.65" y="61.95" angle="180.00" type="DEFAULT_VEHTYPE" speed="13.30" pos="61.95" lane="2/0to2/1_0" slope="0.00"/>
        <vehicle id="33" x="198.35" y="275.86" angle="0.00" type="DEFAULT_VEHTYPE" speed="13.56" pos="119.39" lane="1/2to1/1_0" slope="0.00"/>
        <vehicle id="37" x="201.65" y="423.45" angle="180.00" type="DEFAULT_VEHTYPE" speed="12.24" pos="18.70" lane="1/2to1/3_0" slope="0.00"/>
        <vehicle id="39" x="542.49" y="198.35" angle="90.00" type="DEFAULT_VEHTYPE" speed="13.20" pos="137.74" lane="2/1to3/1_0" slope="0.00"/>
        <vehicle id="40" x="398.35" y="280.87" angle="0.00" type="DEFAULT_VEHTYPE" speed="12.72" pos="114.38" lane="2/2to2/1_0" slope="0.00"/>
        <vehicle id="42" x="401.65" y="790.18" angle="180.00" type="DEFAULT_VEHTYPE" speed="13.45" pos="185.43" lane="2/3to2/4_0" slope="0.00"/>
        <vehicle id="43" x="201.65" y="465.88" angle="180.00" type="DEFAULT_VEHTYPE" speed="13.54" pos="61.13" lane="1/2to1/3_0" slope="0.00"/>
        <vehicle id="44" x="107.55" y="201.65" angle="-90.00" type="DEFAULT_VEHTYPE" speed="12.75" pos="87.70" lane="1/1to0/1_0" slope="0.00"/>
        <vehicle id="48" x="198.35" y="321.64" angle="0.00" type="DEFAULT_VEHTYPE" speed="13.42" pos="73.61" lane="1/2to1/1_0" slope="0.00"/>
        <vehicle id="49" x="201.65" y="281.01" angle="180.00" type="DEFAULT_VEHTYPE" speed="12.61" pos="76.26" lane="1/1to1/2_0" slope="0.00"/>
        <vehicle id="5" x="344.64" y="598.35" angle="90.00" type="DEFAULT_VEHTYPE" speed="12.87" pos="139.89" lane="1/3to2/3_0" slope="0.00"/>
        <vehicle id="6" x="189.69" y="398.35" angle="90.00" type="DEFAULT_VEHTYPE" speed="2.82" pos="189.69" lane="0/2to1/2_0" slope="0.00"/>
        <vehicle id="7" x="398.35" y="751.12" angle="0.00" type="DEFAULT_VEHTYPE" speed="12.92" pos="48.88" lane="2/4to2/3_0" slope="0.00"/>
        <vehicle id="8" x="405.28" y="401.65" angle="-90.00" type="DEFAULT_VEHTYPE" speed="1.97" pos="189.97" lane="3/2to2/2_0" slope="0.00"/>
        <vehicle id="9" x="663.24" y="601.65" angle="-90.00" type="DEFAULT_VEHTYPE" speed="13.79" pos="136.76" lane="4/3to3/3_0" slope="0.00"/>
    </timestep>
    <timestep time="622.00">
        <vehicle id="0" x="124.96" y="201.65" angle="-90.00" type="DEFAULT_VEHTYPE" speed="13.65" pos="70.29" lane="1/1to0/1_0" slope="0.00"/>
        <vehicle id="10" x="430.43" y="401.65" angle="-90.00" type="DEFAULT_VEHTYPE" speed="8.56" pos="164.82" lane="3/2to2/2_0" slope="0.00"/>
        <vehicle id="11" x="351.77" y="401.65" angle="-90.00" type="DEFAULT_VEHTYPE" speed="12.75" pos="43.48" lane="2/2to1/2_0" slope="0.00"/>
        <vehicle id="15" x="517.65" y="401.65" angle="-90.00" type="DEFAULT_VEHTYPE" speed="12.95" pos="77.60" lane="3/2to2/2_0" slope="0.00"/>
        <vehicle id="16" x="306.65" y="401.65" angle="-90.00" type="DEFAULT_VEHTYPE" speed="13.86" pos="88.60" lane="2/2to1/2_0" slope="0.00"/>
        <vehicle id="17" x="220.11" y="401.65" angle="-90.00" type="DEFAULT_VEHTYPE" speed="8.94" pos="175.14" lane="2/2to1/2_0" slope="0.00"/>
        <vehicle id="18" x="401.65" y="6.84" angle="180.00" type="DEFAULT_VEHTYPE" speed="13.66" pos="6.84" lane="2/0to2/1_0" slope="0.00"/>
        <vehicle id="2" x="595.82" y="198.35" angle="90.00" type="DEFAULT_VEHTYPE" speed="5.21" pos="0.57" lane=":3/1_13_0" slope="0.00"/>
        <vehicle id="24" x="401.65" y="738.17" angle="180.00" type="DEFAULT_VEHTYPE" speed="12.89" pos="133.42" lane="2/3to2/4_0" slope="0.00"/>
        <vehicle id="28" x="413.84" y="401.65" angle="-90.00" type="DEFAULT_VEHTYPE" speed="0.92" pos="181.41" lane="3/2to2/2_0" slope="0.00"/>
        <vehicle id="29" x="712.65" y="598.35" angle="90.00" type="DEFAULT_VEHTYPE" speed="13.12" pos="107.90" lane="3/3to4/3_0" slope="0.00"/>
        <vehicle id="3" x="401.65" y="75.55" angle="180.00" type="DEFAULT_VEHTYPE" speed="13.60" pos="75.55" lane="2/0to2/1_0" slope="0.00"/>
        <vehicle id="33" x="198.35" y="263.03" angle="0.00" type="DEFAULT_VEHTYPE" speed="12.83" pos="132.22" lane="1/2to1/1_0" slope="0.00"/>
        <vehicle id="37" x="201.65" y="436.82" angle="180.00" type="DEFAULT_VEHTYPE" speed="13.37" pos="32.07" lane="1/2to1/3_0" slope="0.00"/>
        <vehicle id="39" x="555.80" y="198.35" angle="90.00" type="DEFAULT_VEHTYPE" speed="13.31" pos="151.05" lane="2/1to3/1_0" slope="0.00"/>
        <vehicle id="40" x="398.35" y="267.59" angle="0.00" type="DEFAULT_VEHTYPE" speed="13.28" pos="127.66" lane="2/2to2/1_0" slope="0.00"/>
        <vehicle id="42" x="399.17" y="801.22" angle="-139.19" type="DEFAULT_VEHTYPE" speed="13.17" pos="3.35" lane=":2/4_0_0" slope="0.00"/>
        <vehicle id="43" x="201.65" y="479.58" angle="180.00" type="DEFAULT_VEHTYPE" speed="13.70" pos="74.83" lane="1/2to1/3_0" slope="0.00"/>
        <vehicle id="44" x="93.75" y="201.65" angle="-90.00" type="DEFAULT_VEHTYPE" speed="13.80" pos="101.50" lane="1/1to0/1_0" slope="0.00"/>
        <vehicle id="48" x="198.35" y="308.14" angle="0.00" type="DEFAULT_VEHTYPE" speed="13.50" pos="87.11" lane="1/2to1/1_0" slope="0.00"/>
        <vehicle id="49" x="201.65" y="294.44" angle="180.00" type="DEFAULT_VEHTYPE" speed="13.43" pos="89.69" lane="1/1to1/2_0" slope="0.00"/>
        <vehicle id="5" x="357.69" y="598.35" angle="90.00" type="DEFAULT_VEHTYPE" speed="13.06" pos="152.94" lane="1/3to2/3_0" slope="0.00"/>
        <vehicle id="6" x="191.75" y="398.35" angle="90.00" type="DEFAULT_VEHTYPE" speed="2.06" pos="191.75" lane="0/2to1/2_0" slope="0.00"/>
        <vehicle id="7" x="398.35" y="738.11" angle="0.00" type="DEFAULT_VEHTYPE" speed="13.01" pos="61.89" lane="2/4to2/3_0" slope="0.00"/>
        <vehicle id="8" x="402.01" y="401.65" angle="-90.00" type="DEFAULT_VEHTYPE" speed="3.27" pos="2.74" lane=":2/2_5_0" slope="0.00"/>
        <vehicle id="9" x="650.39" y="601.65" angle="-90.00" type="DEFAULT_VEHTYPE" speed="12.85" pos="149.61" lane="4/3to3/3_0" slope="0.00"/>
    </timestep>
    <timestep time="623.00">
        <vehicle id="0" x="111.26" y="201.65" angle="-90.00" type="DEFAULT_VEHTYPE" speed="13.70" pos="83.99" lane="1/1to0/1_0" slope="0.00"/>
        <vehicle id="10" x="425.40" y="401.65" angle="-90.00" type="DEFAULT_VEHTYPE" speed="5.03" pos="169.85" lane="3/2to2/2_0" slope="0.00"/>
        <vehicle id="11" x="339.14" y="401.65" angle="-90.00" type="DEFAULT_VEHTYPE" speed="12.62" pos="56.11" lane="2/2to1/2_0" slope="0.00"/>
        <vehicle id="15" x="504.39" y="401.65" angle="-90.00" type="DEFAULT_VEHTYPE" speed="13.26" pos="90.86" lane="3/2to2/2_0" slope="0.00"/>
        <vehicle id="16" x="293.47" y="401.65" angle="-90.00" type="DEFAULT_VEHTYPE" speed="13.17" pos="101.78" lane="2/2to1/2_0" slope="0.00"/>
        <vehicle id="17" x="213.20" y="401.65" angle="-90.00" type="DEFAULT_VEHTYPE" speed="6.91" pos="182.05" lane="2/2to1/2_0" slope="0.00"/>
        <vehicle id="18" x="401.65" y="19.47" angle="180.00" type="DEFAULT_VEHTYPE" speed="12.63" pos="19.47" lane="2/0to2/1_0" slope="0.00"/>
        <vehicle id="2" x="603.60" y="198.35" angle="90.00" type="DEFAULT_VEHTYPE" speed="7.78" pos="8.35" lane=":3/1_13_0" slope="0.00"/>
        <vehicle id="24" x="401.65" y="750.87" angle="180.00" type="DEFAULT_VEHTYPE" speed="12.70" pos="146.12" lane="2/3to2/4_0" slope="0.00"/>
        <vehicle id="28" x="410.65" y="401.65" angle="-90.00" type="DEFAULT_VEHTYPE" speed="3.19" pos="184.60" lane="3/2to2/2_0" slope="0.00"/>
        <vehicle id="29" x="725.82" y="598.35" angle="90.00" type="DEFAULT_VEHTYPE" speed="13.17" pos="121.07" lane="3/3to4/3_0" slope="0.00"/>
        <vehicle id="3" x="401.65" y="89.19" angle="180.00" type="DEFAULT_VEHTYPE" speed="13.64" pos="89.19" lane="2/0to2/1_0" slope="0.00"/>
        <vehicle id="33" x="198.35" y="249.53" angle="0.00" type="DEFAULT_VEHTYPE" speed="13.51" pos="145.72" lane="1/2to1/1_0" slope="0.00"/>
        <vehicle id="37" x="201.65" y="450.31" angle="180.00" type="DEFAULT_VEHTYPE" speed="13.48" pos="45.56" lane="1/2to1/3_0" slope="0.00"/>
        <vehicle id="39" x="569.10" y="198.35" angle="90.00" type="DEFAULT_VEHTYPE" speed="13.30" pos="164.35" lane="2/1to3/1_0" slope="0.00"/>
        <vehicle id="40" x="398.35" y="254.79" angle="0.00" type="DEFAULT_VEHTYPE" speed="12.80" pos="140.46" lane="2/2to2/1_0" slope="0.00"/>
        <vehicle id="42" x="398.35" y="788.84" angle="0.00" type="DEFAULT_VEHTYPE" speed="12.63" pos="11.16" lane="2/4to2/3_0" slope="0.00"/>
        <vehicle id="43" x="201.65" y="492.60" angle="180.00" type="DEFAULT_VEHTYPE" speed="13.02" pos="87.85" lane="1/2to1/3_0" slope="0.00"/>
        <vehicle id="44" x="80.92" y="201.65" angle="-90.00" type="DEFAULT_VEHTYPE" speed="12.84" pos="114.33" lane="1/1to0/1_0" slope="0.00"/>
        <vehicle id="48" x="198.35" y="294.28" angle="0.00" type="DEFAULT_VEHTYPE" speed="13.86" pos="100.97" lane="1/2to1/1_0" slope="0.00"/>
        <vehicle id="49" x="201.65" y="307.57" angle="180.00" type="DEFAULT_VEHTYPE" speed="13.12" pos="102.82" lane="1/1to1/2_0" slope="0.00"/>
        <vehicle id="5" x="370.77" y="598.35" angle="90.00" type="DEFAULT_VEHTYPE" speed="13.08" pos="166.02" lane="1/3to2/3_0" slope="0.00"/>
        <vehicle id="6" x="192.62" y="398.35" angle="90.00" type="DEFAULT_VEHTYPE" speed="0.87" pos="192.62" lane="0/2to1/2_0" slope="0.00"/>
        <vehicle id="7" x="398.35" y="725.07" angle="0.00" type="DEFAULT_VEHTYPE" speed="13.04" pos="74.93" lane="2/4to2/3_0" slope="0.00"/>
        <vehicle id="8" x="397.08" y="401.65" angle="-90.00" type="DEFAULT_VEHTYPE" speed="4.93" pos="7.67" lane=":2/2_5_0" slope="0.00"/>
        <vehicle id="9" x="637.17" y="601.65" angle="-90.00" type="DEFAULT_VEHTYPE" speed="13.22" pos="162.83" lane="4/3to3/3_0" slope="0.00"/>
    </timestep>
    <timestep time="624.00">
        <vehicle id="0" x="97.64" y="201.65" angle="-90.00" type="DEFAULT_VEHTYPE" speed="13.62" pos="97.61" lane="1/1to0/1_0" slope="0.00"/>
        <vehicle id="10" x="421.82" y="401.65" angle="-90.00" type="DEFAULT_VEHTYPE" speed="3.58" pos="173.43" lane="3/2to2/2_0" slope="0.00"/>
        <vehicle id="11" x="325.92" y="401.65" angle="-90.00" type="DEFAULT_VEHTYPE" speed="13.23" pos="69.33" lane="2/2to1/2_0" slope="0.00"/>
        <vehicle id="15" x="491.66" y="401.65" angle="-90.00" type="DEFAULT_VEHTYPE" speed="12.73" pos="103.59" lane="3/2to2/2_0" slope="0.00"/>
        <vehicle id="16" x="280.08" y="401.65" angle="-90.00" type="DEFAULT_VEHTYPE" speed="13.40" pos="115.17" lane="2/2to1/2_0" slope="0.00"/>
        <vehicle id="17" x="209.13" y="401.65" angle="-90.00" type="DEFAULT_VEHTYPE" speed="4.07" pos="186.12" lane="2/2to1/2_0" slope="0.00"/>
        <vehicle id="18" x="401.65" y="32.11" angle="180.00" type="DEFAULT_VEHTYPE" speed="12.64" pos="32.11" lane="2/0to2/1_0" slope="0.00"/>
        <vehicle id="2" x="613.45" y="198.35" angle="90.00" type="DEFAULT_VEHTYPE" speed="9.84" pos="8.70" lane="3/1to4/1_0" slope="0.00"/>
        <vehicle id="24" x="401.65" y="764.33" angle="180.00" type="DEFAULT_VEHTYPE" speed="13.46" pos="159.58" lane="2/3to2/4_0" slope="0.00"/>
        <vehicle id="28" x="405.80" y="401.65" angle="-90.00" type="DEFAULT_VEHTYPE" speed="4.85" pos="189.45" lane="3/2to2/2_0" slope="0.00"/>
        <vehicle id="29" x="738.64" y="598.35" angle="90.00" type="DEFAULT_VEHTYPE" speed="12.82" pos="133.89" lane="3/3to4/3_0" slope="0.00"/>
        <vehicle id="3" x="401.65" y="101.84" angle="180.00" type="DEFAULT_VEHTYPE" speed="12.66" pos="101.84" lane="2/0to2/1_0" slope="0.00"/>
        <vehicle id="33" x="198.35" y="236.58" angle="0.00" type="DEFAULT_VEHTYPE" speed="12.94" pos="158.67" lane="1/2to1/1_0" slope="0.00"/>
        <vehicle id="37" x="201.65" y="464.10" angle="180.00" type="DEFAULT_VEHTYPE" speed="13.79" pos="59.35" lane="1/2to1/3_0" slope="0.00"/>
        <vehicle id="39" x="578.97" y="198.35" angle="90.00" type="DEFAULT_VEHTYPE" speed="9.87" pos="174.22" lane="2/1to3/1_0" slope="0.00"/>
        <vehicle id="40" x="398.35" y="241.45" angle="0.00" type="DEFAULT_VEHTYPE" speed="13.34" pos="153.80" lane="2/2to2/1_0" slope="0.00"/>
        <vehicle id="42" x="398.35" y="775.29" angle="0.00" type="DEFAULT_VEHTYPE" speed="13.56" pos="24.71" lane="2/4to2/3_0" slope="0.00"/>
        <vehicle id="43" x="201.65" y="505.98" angle="180.00" type="DEFAULT_VEHTYPE" speed="13.37" pos="101.23" lane="1/2to1/3_0" slope="0.00"/>
        <vehicle id="44" x="67.30" y="201.65" angle="-90.00" type="DEFAULT_VEHTYPE" speed="13.62" pos="127.95" lane="1/1to0/1_0" slope="0.00"/>
        <vehicle id="48" x="198.35" y="281.27" angle="0.00" type="DEFAULT_VEHTYPE" speed="13.01" pos="113.98" lane="1/2to1/1_0" slope="0.00"/>
        <vehicle id="49" x="201.65" y="320.20" angle="180.00" type="DEFAULT_VEHTYPE" speed="12.63" pos="115.45" lane="1/1to1/2_0" slope="0.00"/>
        <vehicle id="5" x="380.09" y="598.35" angle="90.00" type="DEFAULT_VEHTYPE" speed="9.31" pos="175.34" lane="1/3to2/3_0" slope="0.00"/>
        <vehicle id="6" x="192.75" y="398.35" angle="90.00" type="DEFAULT_VEHTYPE" speed="0.13" pos="192.75" lane="0/2to1/2_0" slope="0.00"/>
        <vehicle id="7" x="398.35" y="712.28" angle="0.00" type="DEFAULT_VEHTYPE" speed="12.79" pos="87.72" lane="2/4to2/3_0" slope="0.00"/>
        <vehicle id="8" x="390.10" y="401.65" angle="-90.00" type="DEFAULT_VEHTYPE" speed="6.98" pos="5.15" lane="2/2to1/2_0" slope="0.00"/>
        <vehicle id="9" x="625.65" y="601.65" angle="-90.00" type="DEFAULT_VEHTYPE" speed="11.52" pos="174.35" lane="4/3to3/3_0" slope="0.00"/>
    </timestep>
    <timestep time="625.00">
        <vehicle id="0" x="83.93" y="201.65" angle="-90.00" type="DEFAULT_VEHTYPE" speed="13.71" pos="111.32" lane="1/1to0/1_0" slope="0.00"/>
        <vehicle id="10" x="415.75" y="401.65" angle="-90.00" type="DEFAULT_VEHTYPE" speed="6.07" pos="179.50" lane="3/2to2/2_0" slope="0.00"/>
        <vehicle id="11" x="312.93" y="401.65" angle="-90.00" type="DEFAULT_VEHTYPE" speed="12.99" pos="82.32" lane="2/2to1/2_0" slope="0.00"/>
        <vehicle id="15" x="478.13" y="401.65" angle="-90.00" type="DEFAULT_VEHTYPE" speed="13.53" pos="117.12" lane="3/2to2/2_0" slope="0.00"/>
        <vehicle id="16" x="267.44" y="401.65" angle="-90.00" type="DEFAULT_VEHTYPE" speed="12.64" pos="127.81" lane="2/2to1/2_0" slope="0.00"/>
        <vehicle id="17" x="202.75" y="401.65" angle="-90.00" type="DEFAULT_VEHTYPE" speed="6.38" pos="2.00" lane=":1/2_5_0" slope="0.00"/>
        <vehicle id="18" x="401.65" y="45.66" angle="180.00" type="DEFAULT_VEHTYPE" speed="13.56" pos="45.66" lane="2/0to2/1_0" slope="0.00"/>
        <vehicle id="2" x="624.73" y="198.35" angle="90.00" type="DEFAULT_VEHTYPE" speed="11.28" pos="19.98" lane="3/1to4/1_0" slope="0.00"/>
        <vehicle id="24" x="401.65" y="777.01" angle="180.00" type="DEFAULT_VEHTYPE" speed="12.68" pos="172.26" lane="2/3to2/4_0" slope="0.00"/>
        <vehicle id="28" x="399.77" y="399.76" angle="-67.88" type="DEFAULT_VEHTYPE" speed="6.55" pos="5.50" lane=":2/2_6_0" slope="0.00"/>
        <vehicle id="29" x="751.67" y="598.35" angle="90.00" type="DEFAULT_VEHTYPE" speed="13.03" pos="146.92" lane="3/3to4/3_0" slope="0.00"/>
        <vehicle id="3" x="401.65" y="115.69" angle="180.00" type="DEFAULT_VEHTYPE" speed="13.85" pos="115.69" lane="2/0to2/1_0" slope="0.00"/>
        <vehicle id="33" x="198.35" y="223.34" angle="0.00" type="DEFAULT_VEHTYPE" speed="13.24" pos="171.91" lane="1/2to1/1_0" slope="0.00"/>
        <vehicle id="37" x="201.65" y="477.35" angle="180.00" type="DEFAULT_VEHTYPE" speed="13.25" pos="72.60" lane="1/2to1/3_0" slope="0.00"/>
        <vehicle id="39" x="585.69" y="198.35" angle="90.00" type="DEFAULT_VEHTYPE" speed="6.72" pos="180.94" lane="2/1to3/1_0" slope="0.00"/>
        <vehicle id="40" x="398.35" y="228.85" angle="0.00" type="DEFAULT_VEHTYPE" speed="12.60" pos="166.40" lane="2/2to2/1_0" slope="0.00"/>
        <vehicle id="42" x="398.35" y="762.64" angle="0.00" type="DEFAULT_VEHTYPE" speed="12.65" pos="37.36" lane="2/4to2/3_0" slope="0.00"/>
        <vehicle id="43" x="201.65" y="519.34" angle="180.00" type="DEFAULT_VEHTYPE" speed="13.37" pos="114.59" lane="1/2to1/3_0" slope="0.00"/>
        <vehicle id="44" x="53.68" y="201.65" angle="-90.00" type="DEFAULT_VEHTYPE" speed="13.62" pos="141.57" lane="1/1to0/1_0" slope="0.00"/>
        <vehicle id="48" x="198.35" y="268.16" angle="0.00" type="DEFAULT_VEHTYPE" speed="13.11" pos="127.09" lane="1/2to1/1_0" slope="0.00"/>
        <vehicle id="49" x="201.65" y="333.28" angle="180.00" type="DEFAULT_VEHTYPE" speed="13.08" pos="128.53" lane="1/1to1/2_0" slope="0.00"/>
        <vehicle id="5" x="386.73" y="598.35" angle="90.00" type="DEFAULT_VEHTYPE" speed="6.64" pos="181.98" lane="1/3to2/3_0" slope="0.00"/>
        <vehicle id="6" x="192.75" y="398.35" angle="90.00" type="DEFAULT_VEHTYPE" speed="0.00" pos="192.75" lane="0/2to1/2_0" slope="0.00"/>
        <vehicle id="7" x="398.35" y="698.40" angle="0.00" type="DEFAULT_VEHTYPE" speed="13.88" pos="101.60" lane="2/4to2/3_0" slope="0.00"/>
        <vehicle id="8" x="381.52" y="401.65" angle="-90.00" type="DEFAULT_VEHTYPE" speed="8.58" pos="13.73" lane="2/2to1/2_0" slope="0.00"/>
        <vehicle id="9" x="617.16" y="601.65" angle="-90.00" type="DEFAULT_VEHTYPE" speed="8.49" pos="182.84" lane="4/3to3/3_0" slope="0.00"/>
    </timestep>
    <timestep time="626.00">
        <vehicle id="0" x="70.36" y="201.65" angle="-90.00" type="DEFAULT_VEHTYPE" speed="13.57" pos="124.89" lane="1/1to0/1_0" slope="0.00"/>
        <vehicle id="10" x="411.53" y="401.65" angle="-90.00" type="DEFAULT_VEHTYPE" speed="4.22" pos="183.72" lane="3/2to2/2_0" slope="0.00"/>
        <vehicle id="11" x="299.74" y="401.65" angle="-90.00" type="DEFAULT_VEHTYPE" speed="13.19" pos="95.51" lane="2/2to1/2_0" slope="0.00"/>
        <vehicle id="15" x="464.27" y="401.65" angle="-90.00" type="DEFAULT_VEHTYPE" speed="13.87" pos="130.98" lane="3/2to2/2_0" slope="0.00"/>
        <vehicle id="16" x="253.94" y="401.65" angle="-90.00" type="DEFAULT_VEHTYPE" speed="13.50" pos="141.31" lane="2/2to1/2_0" slope="0.00"/>
        <vehicle id="17" x="194.85" y="401.65" angle="-90.00" type="DEFAULT_VEHTYPE" speed="7.90" pos="0.40" lane="1/2to0/2_0" slope="0.00"/>
        <vehicle id="18" x="401.65" y="58.97" angle="180.00" type="DEFAULT_VEHTYPE" speed="13.31" pos="58.97" lane="2/0to2/1_0" slope="0.00"/>
        <vehicle id="2" x="637.59" y="198.35" angle="90.00" type="DEFAULT_VEHTYPE" speed="12.86" pos="32.84" lane="3/1to4/1_0" slope="0.00"/>
        <vehicle id="24" x="401.65" y="790.39" angle="180.00" type="DEFAULT_VEHTYPE" speed="13.38" pos="185.64" lane="2/3to2/4_0" slope="0.00"/>
        <vehicle id="28" x="398.35" y="391.50" angle="-2.04" type="DEFAULT_VEHTYPE" speed="8.57" pos="3.75" lane="2/2to2/1_0" slope="0.00"/>
        <vehicle id="29" x="764.34" y="598.35" angle="90.00" type="DEFAULT_VEHTYPE" speed="12.67" pos="159.59" lane="3/3to4/3_0" slope="0.00"/>
        <vehicle id="3" x="401.65" y="128.99" angle="180.00" type="DEFAULT_VEHTYPE" speed="13.30" pos="128.99" lane="2/0to2/1_0" slope="0.00"/>
        <vehicle id="33" x="198.35" y="209.60" angle="0.00" type="DEFAULT_VEHTYPE" speed="13.74" pos="185.65" lane="1/2to1/1_0" slope="0.00"/>
        <vehicle id="37" x="201.65" y="490.92" angle="180.00" type="DEFAULT_VEHTYPE" speed="13.56" pos="86.17" lane="1/2to1/3_0" slope="0.00"/>
        <vehicle id="39" x="590.13" y="198.35" angle="90.00" type="DEFAULT_VEHTYPE" speed="4.45" pos="185.38" lane="2/1to3/1_0" slope="0.00"/>
        <vehicle id="40" x="398.35" y="215.16" angle="0.00" type="DEFAULT_VEHTYPE" speed="13.69" pos="180.09" lane="2/2to2/1_0" slope="0.00"/>
        <vehicle id="42" x="398.35" y="749.78" angle="0.00" type="DEFAULT_VEHTYPE" speed="12.86" pos="50.22" lane="2/4to2/3_0" slope="0.00"/>
        <vehicle id="43" x="201.65" y="532.99" angle="180.00" type="DEFAULT_VEHTYPE" speed="13.65" pos="128.24" lane="1/2to1/3_0" slope="0.00"/>
        <vehicle id="44" x="41.01" y="201.65" angle="-90.00" type="DEFAULT_VEHTYPE" speed="12.67" pos="154.24" lane="1/1to0/1_0" slope="0.00"/>
        <vehicle id="48" x="198.35" y="255.19" angle="0.00" type="DEFAULT_VEHTYPE" speed="12.97" pos="140.06" lane="1/2to1/1_0" slope="0.00"/>
        <vehicle id="49" x="201.65" y="347.11" angle="180.00" type="DEFAULT_VEHTYPE" speed="13.83" pos="142.36" lane="1/1to1/2_0" slope="0.00"/>
        <vehicle id="5" x="390.39" y="598.35" angle="90.00" type="DEFAULT_VEHTYPE" speed="3.67" pos="185.64" lane="1/3to2/3_0" slope="0.00"/>
        <vehicle id="6" x="192.75" y="398.35" angle="90.00" type="DEFAULT_VEHTYPE" speed="0.00" pos="192.75" lane="0/2to1/2_0" slope="0.00"/>
        <vehicle id="7" x="398.35" y="685.25" angle="0.00" type="DEFAULT_VEHTYPE" speed="13.15" pos="114.75" lane="2/4to2/3_0" slope="0.00"/>
        <vehicle id="8" x="371.36" y="401.65" angle="-90.00" type="DEFAULT_VEHTYPE" speed="10.16" pos="23.89" lane="2/2to1/2_0" slope="0.00"/>
        <vehicle id="9" x="611.74" y="601.65" angle="-90.00" type="DEFAULT_VEHTYPE" speed="5.42" pos="188.26" lane="4/3to3/3_0" slope="0.00"/>
    </timestep>
    <timestep time="627.00">
        <vehicle id="0" x="56.60" y="201.65" angle="-90.00" type="DEFAULT_VEHTYPE" speed="13.76" pos="138.65" lane="1/1to0/1_0" slope="0.00"/>
        <vehicle id="10" x="405.01" y="401.65" angle="-90.00" type="DEFAULT_VEHTYPE" speed="6.52" pos="190.24" lane="3/2to2/2_0" slope="0.00"/>
        <vehicle id="11" x="286.10" y="401.65" angle="-90.00" type="DEFAULT_VEHTYPE" speed="13.64" pos="109.15" lane="2/2to1/2_0" slope="0.00"/>
        <vehicle id="15" x="450.97" y="401.65" angle="-90.00" type="DEFAULT_VEHTYPE" speed="13.30" pos="144.28" lane="3/2to2/2_0" slope="0.00"/>
        <vehicle id="16" x="241.29" y="401.65" angle="-90.00" type="DEFAULT_VEHTYPE" speed="12.65" pos="153.96" lane="2/2to1/2_0" slope="0.00"/>
        <vehicle id="17" x="184.59" y="401.65" angle="-90.00" type="DEFAULT_VEHTYPE" speed="10.26" pos="10.66" lane="1/2to0/2_0" slope="0.00"/>
        <vehicle id="18" x="401.65" y="71.73" angle="180.00" type="DEFAULT_VEHTYPE" speed="12.76" pos="71.73" lane="2/0to2/1_0" slope="0.00"/>
        <vehicle id="2" x="650.45" y="198.35" angle="90.00" type="DEFAULT_VEHTYPE" speed="12.86" pos="45.70" lane="3/1to4/1_0" slope="0.00"/>
        <vehicle id="24" x="398.68" y="800.49" angle="-113.18" type="DEFAULT_VEHTYPE" speed="13.84" pos="4.22" lane=":2/4_0_0" slope="0.00"/>
        <vehicle id="28" x="398.35" y="380.78" angle="0.00" type="DEFAULT_VEHTYPE" speed="10.72" pos="14.47" lane="2/2to2/1_0" slope="0.00"/>
        <vehicle id="29" x="777.81" y="598.35" angle="90.00" type="DEFAULT_VEHTYPE" speed="13.46" pos="173.06" lane="3/3to4/3_0" slope="0.00"/>
        <vehicle id="3" x="401.65" y="142.02" angle="180.00" type="DEFAULT_VEHTYPE" speed="13.03" pos="142.02" lane="2/0to2/1_0" slope="0.00"/>
        <vehicle id="33" x="192.48" y="201.65" angle="-82.59" type="DEFAULT_VEHTYPE" speed="12.63" pos="2.77" lane="1/1to0/1_0" slope="0.00"/>
        <vehicle id="37" x="201.65" y="504.38" angle="180.00" type="DEFAULT_VEHTYPE" speed="13.47" pos="99.63" lane="1/2to1/3_0" slope="0.00"/>
        <vehicle id="39" x="596.46" y="198.52" angle="91.99" type="DEFAULT_VEHTYPE" speed="6.34" pos="1.22" lane=":3/1_14_0" slope="0.00"/>
        <vehicle id="40" x="398.35" y="201.73" angle="0.00" type="DEFAULT_VEHTYPE" speed="13.43" pos="3.02" lane=":2/1_1_0" slope="0.00"/>
        <vehicle id="42" x="398.35" y="736.54" angle="0.00" type="DEFAULT_VEHTYPE" speed="13.23" pos="63.46" lane="2/4to2/3_0" slope="0.00"/>
        <vehicle id="43" x="201.65" y="546.40" angle="180.00" type="DEFAULT_VEHTYPE" speed="13.40" pos="141.65" lane="1/2to1/3_0" slope="0.00"/>
        <vehicle id="44" x="27.59" y="201.65" angle="-90.00" type="DEFAULT_VEHTYPE" speed="13.42" pos="167.66" lane="1/1to0/1_0" slope="0.00"/>
        <vehicle id="48" x="198.35" y="241.48" angle="0.00" type="DEFAULT_VEHTYPE" speed="13.71" pos="153.77" lane="1/2to1/1_0" slope="0.00"/>
        <vehicle id="49" x="201.65" y="360.39" angle="180.00" type="DEFAULT_VEHTYPE" speed="13.28" pos="155.64" lane="1/1to1/2_0" slope="0.00"/>
        <vehicle id="5" x="396.51" y="598.53" angle="92.06" type="DEFAULT_VEHTYPE" speed="6.13" pos="1.27" lane=":2/3_14_0" slope="0.00"/>
        <vehicle id="6" x="192.75" y="398.35" angle="90.00" type="DEFAULT_VEHTYPE" speed="0.00" pos="192.75" lane="0/2to1/2_0" slope="0.00"/>
        <vehicle id="7" x="398.35" y="672.03" angle="0.00" type="DEFAULT_VEHTYPE" speed="13.22" pos="127.97" lane="2/4to2/3_0" slope="0.00"/>
        <vehicle id="8" x="359.46" y="401.65" angle="-90.00" type="DEFAULT_VEHTYPE" speed="11.90" pos="35.79" lane="2/2to1/2_0" slope="0.00"/>
        <vehicle id="9" x="604.02" y="601.55" angle="-88.81" type="DEFAULT_VEHTYPE" speed="7.73" pos="0.73" lane=":3/3_6_0" slope="0.00"/>
    </timestep>
    <timestep time="628.00">
        <vehicle id="0" x="43.27" y="201.65" angle="-90.00" type="DEFAULT_VEHTYPE" speed="13.33" pos="151.98" lane="1/1to0/1_0" slope="0.00"/>
        <vehicle id="10" x="398.58" y="396.85" angle="-33.53" type="DEFAULT_VEHTYPE" speed="8.97" pos="8.71" lane=":2/2_6_0" slope="0.00"/>
        <vehicle id="11" x="272.36" y="401.65" angle="-90.00" type="DEFAULT_VEHTYPE" speed="13.74" pos="122.89" lane="2/2to1/2_0" slope="0.00"/>
        <vehicle id="15" x="437.57" y="401.65" angle="-90.00" type="DEFAULT_VEHTYPE" speed="13.40" pos="157.68" lane="3/2to2/2_0" slope="0.00"/>
        <vehicle id="16" x="228.84" y="401.65" angle="-90.00" type="DEFAULT_VEHTYPE" speed="12.44" pos="166.41" lane="2/2to1/2_0" slope="0.00"/>
        <vehicle id="17" x="172.47" y="401.65" angle="-90.00" type="DEFAULT_VEHTYPE" speed="12.11" pos="22.78" lane="1/2to0/2_0" slope="0.00"/>
        <vehicle id="18" x="401.65" y="84.36" angle="180.00" type="DEFAULT_VEHTYPE" speed="12.63" pos="84.36" lane="2/0to2/1_0" slope="0.00"/>
        <vehicle id="2" x="663.20" y="198.35" angle="90.00" type="DEFAULT_VEHTYPE" speed="12.75" pos="58.45" lane="3/1to4/1_0" slope="0.00"/>
        <vehicle id="24" x="398.35" y="787.73" angle="0.00" type="DEFAULT_VEHTYPE" speed="12.87" pos="12.27" lane="2/4to2/3_0" slope="0.00"/>
        <vehicle id="28" x="398.35" y="368.57" angle="0.00" type="DEFAULT_VEHTYPE" speed="12.21" pos="26.68" lane="2/2to2/1_0" slope="0.00"/>
        <vehicle id="29" x="791.23" y="598.35" angle="90.00" type="DEFAULT_VEHTYPE" speed="13.42" pos="186.48" lane="3/3to4/3_0" slope="0.00"/>
        <vehicle id="3" x="401.65" y="155.23" angle="180.00" type="DEFAULT_VEHTYPE" speed="13.21" pos="155.23" lane="2/0to2/1_0" slope="0.00"/>
        <vehicle id="33" x="178.89" y="201.65" angle="-90.00" type="DEFAULT_VEHTYPE" speed="13.59" pos="16.36" lane="1/1to0/1_0" slope="0.00"/>
        <vehicle id="37" x="201.65" y="517.45" angle="180.00" type="DEFAULT_VEHTYPE" speed="13.07" pos="112.70" lane="1/2to1/3_0" slope="0.00"/>
        <vehicle id="39" x="601.51" y="203.76" angle="152.84" type="DEFAULT_VEHTYPE" speed="8.10" pos="9.32" lane=":3/1_14_0" slope="0.00"/>
        <vehicle id="40" x="398.35" y="188.72" angle="0.00" type="DEFAULT_VEHTYPE" speed="13.02" pos="6.53" lane="2/1to2/0_0" slope="0.00"/>
        <vehicle id="42" x="398.35" y="723.47" angle="0.00" type="DEFAULT_VEHTYPE" speed="13.07" pos="76.53" lane="2/4to2/3_0" slope="0.00"/>
        <vehicle id="43" x="201.65" y="559.04" angle="180.00" type="DEFAULT_VEHTYPE" speed="12.64" pos="154.29" lane="1/2to1/3_0" slope="0.00"/>
        <vehicle id="44" x="13.83" y="201.65" angle="-90.00" type="DEFAULT_VEHTYPE" speed="13.76" pos="181.42" lane="1/1to0/1_0" slope="0.00"/>
        <vehicle id="48" x="198.35" y="228.02" angle="0.00" type="DEFAULT_VEHTYPE" speed="13.46" pos="167.23" lane="1/2to1/1_0" slope="0.00"/>
        <vehicle id="49" x="201.65" y="373.09" angle="180.00" type="DEFAULT_VEHTYPE" speed="12.69" pos="168.34" lane="1/1to1/2_0" slope="0.00"/>
        <vehicle id="5" x="401.56" y="604.14" angle="156.70" type="DEFAULT_VEHTYPE" speed="8.43" pos="9.70" lane=":2/3_14_0" slope="0.00"/>
        <vehicle id="6" x="192.75" y="398.35" angle="90.00" type="DEFAULT_VEHTYPE" speed="0.00" pos="192.75" lane="0/2to1/2_0" slope="0.00"/>
        <vehicle id="7" x="398.35" y="658.40" angle="0.00" type="DEFAULT_VEHTYPE" speed="13.62" pos="141.60" lane="2/4to2/3_0" slope="0.00"/>
        <vehicle id="8" x="345.94" y="401.65" angle="-90.00" type="DEFAULT_VEHTYPE" speed="13.51" pos="49.31" lane="2/2to1/2_0" slope="0.00"/>
        <vehicle id="9" x="598.38" y="595.48" angle="-19.49" type="DEFAULT_VEHTYPE" speed="9.35" pos="10.09" lane=":3/3_6_0" slope="0.00"/>
    </timestep>
    <timestep time="629.00">
        <vehicle id="0" x="30.16" y="201.65" angle="-90.00" type="DEFAULT_VEHTYPE" speed="13.11" pos="165.09" lane="1/1to0/1_0" slope="0.00"/>
        <vehicle id="10" x="398.35" y="385.49" angle="0.00" type="DEFAULT_VEHTYPE" speed="11.37" pos="9.76" lane="2/2to2/1_0" slope="0.00"/>
        <vehicle id="11" x="258.59" y="401.65" angle="-90.00" type="DEFAULT_VEHTYPE" speed="13.77" pos="136.66" lane="2/2to1/2_0" slope="0.00"/>
        <vehicle id="15" x="425.09" y="401.65" angle="-90.00" type="DEFAULT_VEHTYPE" speed="12.48" pos="170.16" lane="3/2to2/2_0" slope="0.00"/>
        <vehicle id="16" x="219.26" y="401.65" angle="-90.00" type="DEFAULT_VEHTYPE" speed="9.59" pos="175.99" lane="2/2to1/2_0" slope="0.00"/>
        <vehicle id="17" x="159.29" y="401.65" angle="-90.00" type="DEFAULT_VEHTYPE" speed="13.18" pos="35.96" lane="1/2to0/2_0" slope="0.00"/>
        <vehicle id="18" x="401.65" y="98.00" angle="180.00" type="DEFAULT_VEHTYPE" speed="13.64" pos="98.00" lane="2/0to2/1_0" slope="0.00"/>
        <vehicle id="2" x="677.02" y="198.35" angle="90.00" type="DEFAULT_VEHTYPE" speed="13.82" pos="72.27" lane="3/1to4/1_0" slope="0.00"/>
        <vehicle id="24" x="398.35" y="774.63" angle="0.00" type="DEFAULT_VEHTYPE" speed="13.10" pos="25.37" lane="2/4to2/3_0" slope="0.00"/>
        <vehicle id="28" x="398.35" y="355.25" angle="0.00" type="DEFAULT_VEHTYPE" speed="13.33" pos="40.00" lane="2/2to2/1_0" slope="0.00"/>
        <vehicle id="29" x="800.07" y="601.60" angle="174.00" type="DEFAULT_VEHTYPE" speed="13.50" pos="4.73" lane=":4/3_0_0" slope="0.00"/>
        <vehicle id="3" x="401.65" y="168.96" angle="180.00" type="DEFAULT_VEHTYPE" speed="13.74" pos="168.96" lane="2/0to2/1_0" slope="0.00"/>
        <vehicle id="33" x="165.11" y="201.65" angle="-90.00" type="DEFAULT_VEHTYPE" speed="13.78" pos="30.14" lane="1/1to0/1_0" slope="0.00"/>
        <vehicle id="37" x="201.65" y="530.47" angle="180.00" type="DEFAULT_VEHTYPE" speed="13.02" pos="125.72" lane="1/2to1/3_0" slope="0.00"/>
        <vehicle id="39" x="601.65" y="213.70" angle="180.00" type="DEFAULT_VEHTYPE" speed="9.95" pos="8.95" lane="3/1to3/2_0" slope="0.00"/>
        <vehicle id="40" x="398.35" y="175.70" angle="0.00" type="DEFAULT_VEHTYPE" speed="13.02" pos="19.55" lane="2/1to2/0_0" slope="0.00"/>
        <vehicle id="42" x="398.35" y="710.28" angle="0.00" type="DEFAULT_VEHTYPE" speed="13.19" pos="89.72" lane="2/4to2/3_0" slope="0.00"/>
        <vehicle id="43" x="201.65" y="572.50" angle="180.00" type="DEFAULT_VEHTYPE" speed="13.46" pos="167.75" lane="1/2to1/3_0" slope="0.00"/>
        <vehicle id="44" x="1.22" y="201.65" angle="-90.00" type="DEFAULT_VEHTYPE" speed="12.61" pos="194.03" lane="1/1to0/1_0" slope="0.00"/>
        <vehicle id="48" x="198.35" y="215.18" angle="0.00" type="DEFAULT_VEHTYPE" speed="12.84" pos="180.07" lane="1/2to1/1_0" slope="0.00"/>
        <vehicle id="49" x="201.65" y="386.62" angle="180.00" type="DEFAULT_VEHTYPE" speed="13.53" pos="181.87" lane="1/1to1/2_0" slope="0.00"/>
        <vehicle id="5" x="401.65" y="613.97" angle="180.00" type="DEFAULT_VEHTYPE" speed="9.84" pos="9.22" lane="2/3to2/4_0" slope="0.00"/>
        <vehicle id="6" x="192.75" y="398.35" angle="90.00" type="DEFAULT_VEHTYPE" speed="0.00" pos="192.75" lane="0/2to1/2_0" slope="0.00"/>
        <vehicle id="7" x="398.35" y="645.36" angle="0.00" type="DEFAULT_VEHTYPE" speed="13.05" pos="154.64" lane="2/4to2/3_0" slope="0.00"/>
        <vehicle id="8" x="332.22" y="401.65" angle="-90.00" type="DEFAULT_VEHTYPE" speed="13.73" pos="63.03" lane="2/2to1/2_0" slope="0.00"/>
        <vehicle id="9" x="598.35" y="584.41" angle="0.00" type="DEFAULT_VEHTYPE" speed="11.07" pos="10.84" lane="3/3to3/2_0" slope="0.00"/>
    </timestep>
    <timestep time="630.00">
        <vehicle id="0" x="16.69" y="201.65" angle="-90.00" type="DEFAULT_VEHTYPE" speed="13.47" pos="178.56" lane="1/1to0/1_0" slope="0.00"/>
        <vehicle id="10" x="398.35" y="372.55" angle="0.00" type="DEFAULT_VEHTYPE" speed="12.94" pos="22.70" lane="2/2to2/1_0" slope="0.00"/>
        <vehicle id="11" x="245.84" y="401.65" angle="-90.00" type="DEFAULT_VEHTYPE" speed="12.74" pos="149.41" lane="2/2to1/2_0" slope="0.00"/>
        <vehicle id="15" x="417.11" y="401.65" angle="-90.00" type="DEFAULT_VEHTYPE" speed="7.98" pos="178.14" lane="3/2to2/2_0" slope="0.00"/>
        <vehicle id="16" x="212.86" y="401.65" angle="-90.00" type="DEFAULT_VEHTYPE" speed="6.40" pos="182.39" lane="2/2to1/2_0" slope="0.00"/>
        <vehicle id="17" x="145.40" y="401.65" angle="-90.00" type="DEFAULT_VEHTYPE" speed="13.90" pos="49.85" lane="1/2to0/2_0" slope="0.00"/>
        <vehicle id="18" x="401.65" y="110.96" angle="180.00" type="DEFAULT_VEHTYPE" speed="12.96" pos="110.96" lane="2/0to2/1_0" slope="0.00"/>
        <vehicle id="2" x="690.15" y="198.35" angle="90.00" type="DEFAULT_VEHTYPE" speed="13.13" pos="85.40" lane="3/1to4/1_0" slope="0.00"/>
        <vehicle id="24" x="398.35" y="761.20" angle="0.00" type="DEFAULT_VEHTYPE" speed="13.44" pos="38.80" lane="2/4to2/3_0" slope="0.00"/>
        <vehicle id="28" x="398.35" y="341.50" angle="0.00" type="DEFAULT_VEHTYPE" speed="13.75" pos="53.75" lane="2/2to2/1_0" slope="0.00"/>
        <vehicle id="29" x="787.26" y="601.65" angle="-90.00" type="DEFAULT_VEHTYPE" speed="12.83" pos="12.74" lane="4/3to3/3_0" slope="0.00"/>
        <vehicle id="3" x="401.65" y="182.69" angle="180.00" type="DEFAULT_VEHTYPE" speed="13.73" pos="182.69" lane="2/0to2/1_0" slope="0.00"/>
        <vehicle id="33" x="152.26" y="201.65" angle="-90.00" type="DEFAULT_VEHTYPE" speed="12.85" pos="42.99" lane="1/1to0/1_0" slope="0.00"/>
        <vehicle id="37" x="201.65" y="544.00" angle="180.00" type="DEFAULT_VEHTYPE" speed="13.53" pos="139.25" lane="1/2to1/3_0" slope="0.00"/>
        <vehicle id="39" x="601.65" y="225.04" angle="180.00" type="DEFAULT_VEHTYPE" speed="11.34" pos="20.29" lane="3/1to3/2_0" slope="0.00"/>
        <vehicle id="40" x="398.35" y="163.05" angle="0.00" type="DEFAULT_VEHTYPE" speed="12.65" pos="32.20" lane="2/1to2/0_0" slope="0.00"/>
        <vehicle id="42" x="398.35" y="696.69" angle="0.00" type="DEFAULT_VEHTYPE" speed="13.59" pos="103.31" lane="2/4to2/3_0" slope="0.00"/>
        <vehicle id="43" x="201.65" y="585.80" angle="180.00" type="DEFAULT_VEHTYPE" speed="13.30" pos="181.05" lane="1/2to1/3_0" slope="0.00"/>
        <vehicle id="44" x="7.63" y="198.35" angle="90.00" type="DEFAULT_VEHTYPE" speed="13.66" pos="7.63" lane="0/1to1/1_0" slope="0.00"/>
        <vehicle id="48" x="197.61" y="202.48" angle="-8.72" type="DEFAULT_VEHTYPE" speed="12.86" pos="2.43" lane=":1/1_0_0" slope="0.00"/>
        <vehicle id="49" x="201.65" y="400.37" angle="180.00" type="DEFAULT_VEHTYPE" speed="13.76" pos="5.12" lane=":1/2_9_0" slope="0.00"/>
        <vehicle id="5" x="401.65" y="625.96" angle="180.00" type="DEFAULT_VEHTYPE" speed="11.99" pos="21.21" lane="2/3to2/4_0" slope="0.00"/>
        <vehicle id="6" x="192.75" y="398.35" angle="90.00" type="DEFAULT_VEHTYPE" speed="0.00" pos="192.75" lane="0/2to1/2_0" slope="0.00"/>
        <vehicle id="7" x="398.35" y="631.61" angle="0.00" type="DEFAULT_VEHTYPE" speed="13.75" pos="168.39" lane="2/4to2/3_0" slope="0.00"/>
        <vehicle id="8" x="319.10" y="401.65" angle="-90.00" type="DEFAULT_VEHTYPE" speed="13.12" pos="76.15" lane="2/2to1/2_0" slope="0.00"/>
        <vehicle id="9" x="598.35" y="572.00" angle="0.00" type="DEFAULT_VEHTYPE" speed="12.41" pos="23.25" lane="3/3to3/2_0" slope="0.00"/>
    </timestep>
    <timestep time="631.00">
        <vehicle id="0" x="3.08" y="201.65" angle="-90.00" type="DEFAULT_VEHTYPE" speed="13.62" pos="192.17" lane="1/1to0/1_0" slope="0.00"/>
        <vehicle id="10" x="398.35" y="359.51" angle="0.00" type="DEFAULT_VEHTYPE" speed="13.04" pos="35.74" lane="2/2to2/1_0" slope="0.00"/>
        <vehicle id="11" x="232.71" y="401.65" angle="-90.00" type="DEFAULT_VEHTYPE" speed="13.14" pos="162.54" lane="2/2to1/2_0" slope="0.00"/>
        <vehicle id="15" x="412.22" y="401.65" angle="-90.00" type="DEFAULT_VEHTYPE" speed="4.88" pos="183.03" lane="3/2to2/2_0" slope="0.00"/>
        <vehicle id="16" x="210.14" y="401.65" angle="-90.00" type="DEFAULT_VEHTYPE" speed="2.72" pos="185.11" lane="2/2to1/2_0" slope="0.00"/>
        <vehicle id="17" x="131.64" y="401.65" angle="-90.00" type="DEFAULT_VEHTYPE" speed="13.76" pos="63.61" lane="1/2to0/2_0" slope="0.00"/>
        <vehicle id="18" x="401.65" y="124.45" angle="180.00" type="DEFAULT_VEHTYPE" speed="13.49" pos="124.45" lane="2/0to2/1_0" slope="0.00"/>
        <vehicle id="2" x="703.86" y="198.35" angle="90.00" type="DEFAULT_VEHTYPE" speed="13.71" pos="99.11" lane="3/1to4/1_0" slope="0.00"/>
        <vehicle id="24" x="398.35" y="748.07" angle="0.00" type="DEFAULT_VEHTYPE" speed="13.13" pos="51.93" lane="2/4to2/3_0" slope="0.00"/>
        <vehicle id="28" x="398.35" y="327.68" angle="0.00" type="DEFAULT_VEHTYPE" speed="13.82" pos="67.57" lane="2/2to2/1_0" slope="0.00"/>
        <vehicle id="29" x="773.66" y="601.65" angle="-90.00" type="DEFAULT_VEHTYPE" speed="13.59" pos="26.34" lane="4/3to3/3_0" slope="0.00"/>
        <vehicle id="3" x="401.79" y="196.27" angle="178.37" type="DEFAULT_VEHTYPE" speed="13.59" pos="1.03" lane=":2/1_8_0" slope="0.00"/>
        <vehicle id="33" x="139.64" y="201.65" angle="-90.00" type="DEFAULT_VEHTYPE" speed="12.62" pos="55.61" lane="1/1to0/1_0" slope="0.00"/>
        <vehicle id="37" x="201.65" y="557.59" angle="180.00" type="DEFAULT_VEHTYPE" speed="13.59" pos="152.84" lane="1/2to1/3_0" slope="0.00"/>
        <vehicle id="39" x="601.65" y="238.17" angle="180.00" type="DEFAULT_VEHTYPE" speed="13.13" pos="33.42" lane="3/1to3/2_0" slope="0.00"/>
        <vehicle id="40" x="398.35" y="149.33" angle="0.00" type="DEFAULT_VEHTYPE" speed="13.72" pos="45.92" lane="2/1to2/0_0" slope="0.00"/>
        <vehicle id="42" x="398.35" y="683.66" angle="0.00" type="DEFAULT_VEHTYPE" speed="13.03" pos="116.34" lane="2/4to2/3_0" slope="0.00"/>
        <vehicle id="43" x="203.63" y="598.19" angle="154.08" type="DEFAULT_VEHTYPE" speed="13.32" pos="3.87" lane=":1/3_8_0" slope="0.00"/>
        <vehicle id="44" x="21.49" y="198.35" angle="90.00" type="DEFAULT_VEHTYPE" speed="13.86" pos="21.49" lane="0/1to1/1_0" slope="0.00"/>
        <vehicle id="48" x="185.11" y="201.65" angle="-90.00" type="DEFAULT_VEHTYPE" speed="12.70" pos="10.14" lane="1/1to0/1_0" slope="0.00"/>
        <vehicle id="49" x="201.65" y="414.02" angle="180.00" type="DEFAULT_VEHTYPE" speed="13.65" pos="9.27" lane="1/2to1/3_0" slope="0.00"/>
        <vehicle id="5" x="401.65" y="639.42" angle="180.00" type="DEFAULT_VEHTYPE" speed="13.47" pos="34.67" lane="2/3to2/4_0" slope="0.00"/>
        <vehicle id="6" x="192.75" y="398.35" angle="90.00" type="DEFAULT_VEHTYPE" speed="0.00" pos="192.75" lane="0/2to1/2_0" slope="0.00"/>
        <vehicle id="7" x="398.35" y="617.76" angle="0.00" type="DEFAULT_VEHTYPE" speed="13.84" pos="182.24" lane="2/4to2/3_0" slope="0.00"/>
        <vehicle id="8" x="306.00" y="401.65" angle="-90.00" type="DEFAULT_VEHTYPE" speed="13.10" pos="89.25" lane="2/2to1/2_0" slope="0.00"/>
        <vehicle id="9" x="598.35" y="558.36" angle="0.00" type="DEFAULT_VEHTYPE" speed="13.64" pos="36.89" lane="3/3to3/2_0" slope="0.00"/>
    </timestep>
    <timestep time="632.00">
        <vehicle id="0" x="4.76" y="198.35" angle="88.44" type="DEFAULT_VEHTYPE" speed="12.65" pos="4.76" lane="0/1to1/1_0" slope="0.00"/>
        <vehicle id="10" x="398.35" y="346.63" angle="0.00" type="DEFAULT_VEHTYPE" speed="12.88" pos="48.62" lane="2/2to2/1_0" slope="0.00"/>
        <vehicle id="11" x="224.07" y="401.65" angle="-90.00" type="DEFAULT_VEHTYPE" speed="8.64" pos="171.18" lane="2/2to1/2_0" slope="0.00"/>
        <vehicle id="15" x="409.26" y="401.65" angle="-90.00" type="DEFAULT_VEHTYPE" speed="2.96" pos="185.99" lane="3/2to2/2_0" slope="0.00"/>
        <vehicle id="16" x="205.81" y="401.65" angle="-90.00" type="DEFAULT_VEHTYPE" speed="4.33" pos="189.44" lane="2/2to1/2_0" slope="0.00"/>
        <vehicle id="17" x="118.28" y="401.65" angle="-90.00" type="DEFAULT_VEHTYPE" speed="13.36" pos="76.97" lane="1/2to0/2_0" slope="0.00"/>
        <vehicle id="18" x="401.65" y="138.17" angle="180.00" type="DEFAULT_VEHTYPE" speed="13.71" pos="138.17" lane="2/0to2/1_0" slope="0.00"/>
        <vehicle id="2" x="716.55" y="198.35" angle="90.00" type="DEFAULT_VEHTYPE" speed="12.69" pos="111.80" lane="3/1to4/1_0" slope="0.00"/>
        <vehicle id="24" x="398.35" y="734.83" angle="0.00" type="DEFAULT_VEHTYPE" speed="13.24" pos="65.17" lane="2/4to2/3_0" slope="0.00"/>
        <vehicle id="28" x="398.35" y="314.00" angle="0.00" type="DEFAULT_VEHTYPE" speed="13.68" pos="81.25" lane="2/2to2/1_0" slope="0.00"/>
        <vehicle id="29" x="760.26" y="601.65" angle="-90.00" type="DEFAULT_VEHTYPE" speed="13.40" pos="39.74" lane="4/3to3/3_0" slope="0.00"/>
        <vehicle id="3" x="414.19" y="198.35" angle="90.00" type="DEFAULT_VEHTYPE" speed="13.41" pos="9.44" lane="2/1to3/1_0" slope="0.00"/>
        <vehicle id="33" x="126.44" y="201.65" angle="-90.00" type="DEFAULT_VEHTYPE" speed="13.20" pos="68.81" lane="1/1to0/1_0" slope="0.00"/>
        <vehicle id="37" x="201.65" y="571.29" angle="180.00" type="DEFAULT_VEHTYPE" speed="13.71" pos="166.54" lane="1/2to1/3_0" slope="0.00"/>
        <vehicle id="39" x="601.65" y="251.99" angle="180.00" type="DEFAULT_VEHTYPE" speed="13.82" pos="47.24" lane="3/1to3/2_0" slope="0.00"/>
        <vehicle id="40" x="398.35" y="136.08" angle="0.00" type="DEFAULT_VEHTYPE" speed="13.24" pos="59.17" lane="2/1to2/0_0" slope="0.00"/>
        <vehicle id="42" x="398.35" y="670.43" angle="0.00" type="DEFAULT_VEHTYPE" speed="13.23" pos="129.57" lane="2/4to2/3_0" slope="0.00"/>
        <vehicle id="43" x="217.31" y="598.35" angle="90.00" type="DEFAULT_VEHTYPE" speed="13.69" pos="12.56" lane="1/3to2/3_0" slope="0.00"/>
        <vehicle id="44" x="34.29" y="198.35" angle="90.00" type="DEFAULT_VEHTYPE" speed="12.80" pos="34.29" lane="0/1to1/1_0" slope="0.00"/>
        <vehicle id="48" x="172.41" y="201.65" angle="-90.00" type="DEFAULT_VEHTYPE" speed="12.70" pos="22.84" lane="1/1to0/1_0" slope="0.00"/>
        <vehicle id="49" x="201.65" y="427.60" angle="180.00" type="DEFAULT_VEHTYPE" speed="13.58" pos="22.85" lane="1/2to1/3_0" slope="0.00"/>
        <vehicle id="5" x="401.65" y="652.83" angle="180.00" type="DEFAULT_VEHTYPE" speed="13.41" pos="48.08" lane="2/3to2/4_0" slope="0.00"/>
        <vehicle id="6" x="192.75" y="398.35" angle="90.00" type="DEFAULT_VEHTYPE" speed="0.00" pos="192.75" lane="0/2to1/2_0" slope="0.00"/>
        <vehicle id="7" x="398.35" y="604.17" angle="0.00" type="DEFAULT_VEHTYPE" speed="13.59" pos="0.58" lane=":2/3_1_0" slope="0.00"/>
        <vehicle id="8" x="292.93" y="401.65" angle="-90.00" type="DEFAULT_VEHTYPE" speed="13.07" pos="102.32" lane="2/2to1/2_0" slope="0.00"/>
        <vehicle id="9" x="598.35" y="544.62" angle="0.00" type="DEFAULT_VEHTYPE" speed="13.74" pos="50.63" lane="3/3to3/2_0" slope="0.00"/>
    </timestep>
    <timestep time="633.00">
        <vehicle id="0" x="18.50" y="198.35" angle="90.00" type="DEFAULT_VEHTYPE" speed="13.74" pos="18.50" lane="0/1to1/1_0" slope="0.00"/>
        <vehicle id="10" x="398.35" y="333.87" angle="0.00" type="DEFAULT_VEHTYPE" speed="12.75" pos="61.38" lane="2/2to2/1_0" slope="0.00"/>
        <vehicle id="11" x="218.85" y="401.65" angle="-90.00" type="DEFAULT_VEHTYPE" speed="5.21" pos="176.40" lane="2/2to1/2_0" slope="0.00"/>
        <vehicle id="15" x="404.93" y="401.65" angle="-90.00" type="DEFAULT_VEHTYPE" speed="4.33" pos="190.32" lane="3/2to2/2_0" slope="0.00"/>
        <vehicle id="16" x="199.76" y="401.65" angle="-90.00" type="DEFAULT_VEHTYPE" speed="6.05" pos="4.99" lane=":1/2_5_0" slope="0.00"/>
        <vehicle id="17" x="105.32" y="401.65" angle="-90.00" type="DEFAULT_VEHTYPE" speed="12.95" pos="89.93" lane="1/2to0/2_0" slope="0.00"/>
        <vehicle id="18" x="401.65" y="151.76" angle="180.00" type="DEFAULT_VEHTYPE" speed="13.59" pos="151.76" lane="2/0to2/1_0" slope="0.00"/>
        <vehicle id="2" x="730.17" y="198.35" angle="90.00" type="DEFAULT_VEHTYPE" speed="13.63" pos="125.42" lane="3/1to4/1_0" slope="0.00"/>
        <vehicle id="24" x="398.35" y="722.01" angle="0.00" type="DEFAULT_VEHTYPE" speed="12.82" pos="77.99" lane="2/4to2/3_0" slope="0.00"/>
        <vehicle id="28" x="398.35" y="300.50" angle="0.00" type="DEFAULT_VEHTYPE" speed="13.50" pos="94.75" lane="2/2to2/1_0" slope="0.00"/>
        <vehicle id="29" x="747.04" y="601.65" angle="-90.00" type="DEFAULT_VEHTYPE" speed="13.22" pos="52.96" lane="4/3to3/3_0" slope="0.00"/>
        <vehicle id="3" x="426.81" y="198.35" angle="90.00" type="DEFAULT_VEHTYPE" speed="12.63" pos="22.06" lane="2/1to3/1_0" slope="0.00"/>
        <vehicle id="33" x="112.65" y="201.65" angle="-90.00" type="DEFAULT_VEHTYPE" speed="13.79" pos="82.60" lane="1/1to0/1_0" slope="0.00"/>
        <vehicle id="37" x="201.65" y="584.41" angle="180.00" type="DEFAULT_VEHTYPE" speed="13.11" pos="179.66" lane="1/2to1/3_0" slope="0.00"/>
        <vehicle id="39" x="601.65" y="265.64" angle="180.00" type="DEFAULT_VEHTYPE" speed="13.64" pos="60.89" lane="3/1to3/2_0" slope="0.00"/>
        <vehicle id="40" x="398.35" y="122.60" angle="0.00" type="DEFAULT_VEHTYPE" speed="13.48" pos="72.65" lane="2/1to2/0_0" slope="0.00"/>
        <vehicle id="42" x="398.35" y="657.36" angle="0.00" type="DEFAULT_VEHTYPE" speed="13.07" pos="142.64" lane="2/4to2/3_0" slope="0.00"/>
        <vehicle id="43" x="229.96" y="598.35" angle="90.00" type="DEFAULT_VEHTYPE" speed="12.65" pos="25.21" lane="1/3to2/3_0" slope="0.00"/>
        <vehicle id="44" x="47.87" y="198.35" angle="90.00" type="DEFAULT_VEHTYPE" speed="13.58" pos="47.87" lane="0/1to1/1_0" slope="0.00"/>
        <vehicle id="48" x="159.53" y="201.65" angle="-90.00" type="DEFAULT_VEHTYPE" speed="12.89" pos="35.72" lane="1/1to0/1_0" slope="0.00"/>
        <vehicle id="49" x="201.65" y="441.01" angle="180.00" type="DEFAULT_VEHTYPE" speed="13.41" pos="36.26" lane="1/2to1/3_0" slope="0.00"/>
        <vehicle id="5" x="401.65" y="666.45" angle="180.00" type="DEFAULT_VEHTYPE" speed="13.61" pos="61.70" lane="2/3to2/4_0" slope="0.00"/>
        <vehicle id="6" x="192.75" y="398.35" angle="90.00" type="DEFAULT_VEHTYPE" speed="0.00" pos="192.75" lane="0/2to1/2_0" slope="0.00"/>
        <vehicle id="7" x="398.35" y="590.66" angle="0.00" type="DEFAULT_VEHTYPE" speed="13.50" pos="4.59" lane="2/3to2/2_0" slope="0.00"/>
        <vehicle id="8" x="280.14" y="401.65" angle="-90.00" type="DEFAULT_VEHTYPE" speed="12.80" pos="115.11" lane="2/2to1/2_0" slope="0.00"/>
        <vehicle id="9" x="598.35" y="531.89" angle="0.00" type="DEFAULT_VEHTYPE" speed="12.73" pos="63.36" lane="3/3to3/2_0" slope="0.00"/>
    </timestep>
    <timestep time="634.00">
        <vehicle id="0" x="31.76" y="198.35" angle="90.00" type="DEFAULT_VEHTYPE" speed="13.26" pos="31.76" lane="0/1to1/1_0" slope="0.00"/>
        <vehicle id="10" x="398.35" y="320.33" angle="0.00" type="DEFAULT_VEHTYPE" speed="13.54" pos="74.92" lane="2/2to2/1_0" slope="0.00"/>
        <vehicle id="11" x="212.20" y="401.65" angle="-90.00" type="DEFAULT_VEHTYPE" speed="6.65" pos="183.05" lane="2/2to1/2_0" slope="0.00"/>
        <vehicle id="15" x="399.63" y="399.52" angle="-65.08" type="DEFAULT_VEHTYPE" speed="5.96" pos="5.78" lane=":2/2_6_0" slope="0.00"/>
        <vehicle id="16" x="191.61" y="401.65" angle="-90.00" type="DEFAULT_VEHTYPE" speed="8.15" pos="3.64" lane="1/2to0/2_0" slope="0.00"/>
        <vehicle id="17" x="92.03" y="401.65" angle="-90.00" type="DEFAULT_VEHTYPE" speed="13.29" pos="103.22" lane="1/2to0/2_0" slope="0.00"/>
        <vehicle id="18" x="401.65" y="165.17" angle="180.00" type="DEFAULT_VEHTYPE" speed="13.41" pos="165.17" lane="2/0to2/1_0" slope="0.00"/>
        <vehicle id="2" x="743.03" y="198.35" angle="90.00" type="DEFAULT_VEHTYPE" speed="12.85" pos="138.28" lane="3/1to4/1_0" slope="0.00"/>
        <vehicle id="24" x="398.35" y="708.88" angle="0.00" type="DEFAULT_VEHTYPE" speed="13.13" pos="91.12" lane="2/4to2/3_0" slope="0.00"/>
        <vehicle id="28" x="398.35" y="287.32" angle="0.00" type="DEFAULT_VEHTYPE" speed="13.18" pos="107.93" lane="2/2to2/1_0" slope="0.00"/>
        <vehicle id="29" x="733.41" y="601.65" angle="-90.00" type="DEFAULT_VEHTYPE" speed="13.63" pos="66.59" lane="4/3to3/3_0" slope="0.00"/>
        <vehicle id="3" x="439.54" y="198.35" angle="90.00" type="DEFAULT_VEHTYPE" speed="12.73" pos="34.79" lane="2/1to3/1_0" slope="0.00"/>
        <vehicle id="33" x="99.49" y="201.65" angle="-90.00" type="DEFAULT_VEHTYPE" speed="13.16" pos="95.76" lane="1/1to0/1_0" slope="0.00"/>
        <vehicle id="37" x="202.79" y="597.80" angle="166.16" type="DEFAULT_VEHTYPE" speed="13.77" pos="2.93" lane=":1/3_8_0" slope="0.00"/>
        <vehicle id="39" x="601.65" y="278.79" angle="180.00" type="DEFAULT_VEHTYPE" speed="13.16" pos="74.04" lane="3/1to3/2_0" slope="0.00"/>
        <vehicle id="40" x="398.35" y="109.54" angle="0.00" type="DEFAULT_VEHTYPE" speed="13.07" pos="85.71" lane="2/1to2/0_0" slope="0.00"/>
        <vehicle id="42" x="398.35" y="643.64" angle="0.00" type="DEFAULT_VEHTYPE" speed="13.72" pos="156.36" lane="2/4to2/3_0" slope="0.00"/>
        <vehicle id="43" x="242.95" y="598.35" angle="90.00" type="DEFAULT_VEHTYPE" speed="12.99" pos="38.20" lane="1/3to2/3_0" slope="0.00"/>
        <vehicle id="44" x="61.60" y="198.35" angle="90.00" type="DEFAULT_VEHTYPE" speed="13.73" pos="61.60" lane="0/1to1/1_0" slope="0.00"/>
        <vehicle id="48" x="146.51" y="201.65" angle="-90.00" type="DEFAULT_VEHTYPE" speed="13.01" pos="48.74" lane="1/1to0/1_0" slope="0.00"/>
        <vehicle id="49" x="201.65" y="453.80" angle="180.00" type="DEFAULT_VEHTYPE" speed="12.79" pos="49.05" lane="1/2to1/3_0" slope="0.00"/>
        <vehicle id="5" x="401.65" y="680.21" angle="180.00" type="DEFAULT_VEHTYPE" speed="13.77" pos="75.46" lane="2/3to2/4_0" slope="0.00"/>
        <vehicle id="6" x="192.75" y="398.35" angle="90.00" type="DEFAULT_VEHTYPE" speed="0.00" pos="192.75" lane="0/2to1/2_0" slope="0.00"/>
        <vehicle id="7" x="398.35" y="578.03" angle="0.00" type="DEFAULT_VEHTYPE" speed="12.63" pos="17.22" lane="2/3to2/2_0" slope="0.00"/>
        <vehicle id="8" x="267.10" y="401.65" angle="-90.00" type="DEFAULT_VEHTYPE" speed="13.04" pos="128.15" lane="2/2to1/2_0" slope="0.00"/>
        <vehicle id="9" x="598.35" y="518.94" angle="0.00" type="DEFAULT_VEHTYPE" speed="12.95" pos="76.31" lane="3/3to3/2_0" slope="0.00"/>
    </timestep>
    <timestep time="635.00">
        <vehicle id="0" x="45.44" y="198.35" angle="90.00" type="DEFAULT_VEHTYPE" speed="13.68" pos="45.44" lane="0/1to1/1_0" slope="0.00"/>
        <vehicle id="10" x="398.35" y="306.53" angle="0.00" type="DEFAULT_VEHTYPE" speed="13.81" pos="88.72" lane="2/2to2/1_0" slope="0.00"/>
        <vehicle id="11" x="208.79" y="401.65" angle="-90.00" type="DEFAULT_VEHTYPE" speed="3.41" pos="186.46" lane="2/2to1/2_0" slope="0.00"/>
        <vehicle id="15" x="398.35" y="392.28" angle="-3.30" type="DEFAULT_VEHTYPE" speed="7.52" pos="2.97" lane="2/2to2/1_0" slope="0.00"/>
        <vehicle id="16" x="181.05" y="401.65" angle="-90.00" type="DEFAULT_VEHTYPE" speed="10.56" pos="14.20" lane="1/2to0/2_0" slope="0.00"/>
        <vehicle id="17" x="78.99" y="401.65" angle="-90.00" type="DEFAULT_VEHTYPE" speed="13.04" pos="116.26" lane="1/2to0/2_0" slope="0.00"/>
        <vehicle id="18" x="401.65" y="178.66" angle="180.00" type="DEFAULT_VEHTYPE" speed="13.49" pos="178.66" lane="2/0to2/1_0" slope="0.00"/>
        <vehicle id="2" x="756.81" y="198.35" angle="90.00" type="DEFAULT_VEHTYPE" speed="13.78" pos="152.06" lane="3/1to4/1_0" slope="0.00"/>
        <vehicle id="24" x="398.35" y="695.18" angle="0.00" type="DEFAULT_VEHTYPE" speed="13.70" pos="104.82" lane="2/4to2/3_0" slope="0.00"/>
        <vehicle id="28" x="398.35" y="274.12" angle="0.00" type="DEFAULT_VEHTYPE" speed="13.20" pos="121.13" lane="2/2to2/1_0" slope="0.00"/>
        <vehicle id="29" x="719.52" y="601.65" angle="-90.00" type="DEFAULT_VEHTYPE" speed="13.89" pos="80.48" lane="4/3to3/3_0" slope="0.00"/>
        <vehicle id="3" x="453.02" y="198.35" angle="90.00" type="DEFAULT_VEHTYPE" speed="13.48" pos="48.27" lane="2/1to3/1_0" slope="0.00"/>
        <vehicle id="33" x="86.13" y="201.65" angle="-90.00" type="DEFAULT_VEHTYPE" speed="13.36" pos="109.12" lane="1/1to0/1_0" slope="0.00"/>
        <vehicle id="37" x="215.91" y="598.35" angle="90.00" type="DEFAULT_VEHTYPE" speed="13.23" pos="11.16" lane="1/3to2/3_0" slope="0.00"/>
        <vehicle id="39" x="601.65" y="292.49" angle="180.00" type="DEFAULT_VEHTYPE" speed="13.70" pos="87.74" lane="3/1to3/2_0" slope="0.00"/>
        <vehicle id="40" x="398.35" y="96.58" angle="0.00" type="DEFAULT_VEHTYPE" speed="12.96" pos="98.67" lane="2/1to2/0_0" slope="0.00"/>
        <vehicle id="42" x="398.35" y="631.03" angle="0.00" type="DEFAULT_VEHTYPE" speed="12.60" pos="168.97" lane="2/4to2/3_0" slope="0.00"/>
        <vehicle id="43" x="255.62" y="598.35" angle="90.00" type="DEFAULT_VEHTYPE" speed="12.66" pos="50.87" lane="1/3to2/3_0" slope="0.00"/>
        <vehicle id="44" x="74.94" y="198.35" angle="90.00" type="DEFAULT_VEHTYPE" speed="13.34" pos="74.94" lane="0/1to1/1_0" slope="0.00"/>
        <vehicle id="48" x="133.74" y="201.65" angle="-90.00" type="DEFAULT_VEHTYPE" speed="12.77" pos="61.51" lane="1/1to0/1_0" slope="0.00"/>
        <vehicle id="49" x="201.65" y="467.43" angle="180.00" type="DEFAULT_VEHTYPE" speed="13.63" pos="62.68" lane="1/2to1/3_0" slope="0.00"/>
        <vehicle id="5" x="401.65" y="693.49" angle="180.00" type="DEFAULT_VEHTYPE" speed="13.28" pos="88.74" lane="2/3to2/4_0" slope="0.00"/>
        <vehicle id="6" x="192.75" y="398.35" angle="90.00" type="DEFAULT_VEHTYPE" speed="0.00" pos="192.75" lane="0/2to1/2_0" slope="0.00"/>
        <vehicle id="7" x="398.35" y="564.31" angle="0.00" type="DEFAULT_VEHTYPE" speed="13.72" pos="30.94" lane="2/3to2/2_0" slope="0.00"/>
        <vehicle id="8" x="253.91" y="401.65" angle="-90.00" type="DEFAULT_VEHTYPE" speed="13.19" pos="141.34" lane="2/2to1/2_0" slope="0.00"/>
        <vehicle id="9" x="598.35" y="505.78" angle="0.00" type="DEFAULT_VEHTYPE" speed="13.16" pos="89.47" lane="3/3to3/2_0" slope="0.00"/>
    </timestep>
    <timestep time="636.00">
        <vehicle id="0" x="58.51" y="198.35" angle="90.00" type="DEFAULT_VEHTYPE" speed="13.06" pos="58.51" lane="0/1to1/1_0" slope="0.00"/>
        <vehicle id="10" x="398.35" y="293.17" angle="0.00" type="DEFAULT_VEHTYPE" speed="13.36" pos="102.08" lane="2/2to2/1_0" slope="0.00"/>
        <vehicle id="11" x="203.47" y="401.65" angle="-90.00" type="DEFAULT_VEHTYPE" speed="5.32" pos="1.28" lane=":1/2_5_0" slope="0.00"/>
        <vehicle id="15" x="398.35" y="383.25" angle="0.00" type="DEFAULT_VEHTYPE" speed="9.03" pos="12.00" lane="2/2to2/1_0" slope="0.00"/>
        <vehicle id="16" x="169.08" y="401.65" angle="-90.00" type="DEFAULT_VEHTYPE" speed="11.98" pos="26.17" lane="1/2to0/2_0" slope="0.00"/>
        <vehicle id="17" x="65.98" y="401.65" angle="-90.00" type="DEFAULT_VEHTYPE" speed="13.01" pos="129.27" lane="1/2to0/2_0" slope="0.00"/>
        <vehicle id="18" x="401.65" y="191.58" angle="180.00" type="DEFAULT_VEHTYPE" speed="12.91" pos="191.58" lane="2/0to2/1_0" slope="0.00"/>
        <vehicle id="2" x="770.05" y="198.35" angle="90.00" type="DEFAULT_VEHTYPE" speed="13.24" pos="165.30" lane="3/1to4/1_0" slope="0.00"/>
        <vehicle id="24" x="398.35" y="681.67" angle="0.00" type="DEFAULT_VEHTYPE" speed="13.51" pos="118.33" lane="2/4to2/3_0" slope="0.00"/>
        <vehicle id="28" x="398.35" y="260.67" angle="0.00" type="DEFAULT_VEHTYPE" speed="13.45" pos="134.58" lane="2/2to2/1_0" slope="0.00"/>
        <vehicle id="29" x="705.83" y="601.65" angle="-90.00" type="DEFAULT_VEHTYPE" speed="13.68" pos="94.17" lane="4/3to3/3_0" slope="0.00"/>
        <vehicle id="3" x="466.67" y="198.35" angle="90.00" type="DEFAULT_VEHTYPE" speed="13.65" pos="61.92" lane="2/1to3/1_0" slope="0.00"/>
        <vehicle id="33" x="73.09" y="201.65" angle="-90.00" type="DEFAULT_VEHTYPE" speed="13.04" pos="122.16" lane="1/1to0/1_0" slope="0.00"/>
        <vehicle id="37" x="228.68" y="598.35" angle="90.00" type="DEFAULT_VEHTYPE" speed="12.77" pos="23.93" lane="1/3to2/3_0" slope="0.00"/>
        <vehicle id="39" x="601.65" y="306.02" angle="180.00" type="DEFAULT_VEHTYPE" speed="13.53" pos="101.27" lane="3/1to3/2_0" slope="0.00"/>
        <vehicle id="40" x="398.35" y="82.88" angle="0.00" type="DEFAULT_VEHTYPE" speed="13.70" pos="112.37" lane="2/1to2/0_0" slope="0.00"/>
        <vehicle id="42" x="398.35" y="617.81" angle="0.00" type="DEFAULT_VEHTYPE" speed="13.23" pos="182.19" lane="2/4to2/3_0" slope="0.00"/>
        <vehicle id="43" x="268.62" y="598.35" angle="90.00" type="DEFAULT_VEHTYPE" speed="13.00" pos="63.87" lane="1/3to2/3_0" slope="0.00"/>
        <vehicle id="44" x="87.69" y="198.35" angle="90.00" type="DEFAULT_VEHTYPE" speed="12.75" pos="87.69" lane="0/1to1/1_0" slope="0.00"/>
        <vehicle id="48" x="120.33" y="201.65" angle="-90.00" type="DEFAULT_VEHTYPE" speed="13.41" pos="74.92" lane="1/1to0/1_0" slope="0.00"/>
        <vehicle id="49" x="201.65" y="480.58" angle="180.00" type="DEFAULT_VEHTYPE" speed="13.15" pos="75.83" lane="1/2to1/3_0" slope="0.00"/>
        <vehicle id="5" x="401.65" y="707.13" angle="180.00" type="DEFAULT_VEHTYPE" speed="13.64" pos="102.38" lane="2/3to2/4_0" slope="0.00"/>
        <vehicle id="6" x="192.75" y="398.35" angle="90.00" type="DEFAULT_VEHTYPE" speed="0.00" pos="192.75" lane="0/2to1/2_0" slope="0.00"/>
        <vehicle id="7" x="398.35" y="551.61" angle="0.00" type="DEFAULT_VEHTYPE" speed="12.70" pos="43.64" lane="2/3to2/2_0" slope="0.00"/>
        <vehicle id="8" x="240.35" y="401.65" angle="-90.00" type="DEFAULT_VEHTYPE" speed="13.56" pos="154.90" lane="2/2to1/2_0" slope="0.00"/>
        <vehicle id="9" x="598.35" y="492.42" angle="0.00" type="DEFAULT_VEHTYPE" speed="13.35" pos="102.83" lane="3/3to3/2_0" slope="0.00"/>
    </timestep>
    <timestep time="637.00">
        <vehicle id="0" x="71.47" y="198.35" angle="90.00" type="DEFAULT_VEHTYPE" speed="12.96" pos="71.47" lane="0/1to1/1_0" slope="0.00"/>
        <vehicle id="10" x="398.35" y="279.78" angle="0.00" type="DEFAULT_VEHTYPE" speed="13.39" pos="115.47" lane="2/2to2/1_0" slope="0.00"/>
        <vehicle id="11" x="195.74" y="401.65" angle="-90.00" type="DEFAULT_VEHTYPE" speed="7.73" pos="9.01" lane=":1/2_5_0" slope="0.00"/>
        <vehicle id="15" x="398.35" y="372.91" angle="0.00" type="DEFAULT_VEHTYPE" speed="10.34" pos="22.34" lane="2/2to2/1_0" slope="0.00"/>
        <vehicle id="16" x="155.48" y="401.65" angle="-90.00" type="DEFAULT_VEHTYPE" speed="13.59" pos="39.77" lane="1/2to0/2_0" slope="0.00"/>
        <vehicle id="17" x="52.38" y="401.65" angle="-90.00" type="DEFAULT_VEHTYPE" speed="13.60" pos="142.87" lane="1/2to0/2_0" slope="0.00"/>
        <vehicle id="18" x="409.33" y="198.35" angle="90.67" type="DEFAULT_VEHTYPE" speed="13.25" pos="4.58" lane="2/1to3/1_0" slope="0.00"/>
        <vehicle id="2" x="783.95" y="198.35" angle="90.00" type="DEFAULT_VEHTYPE" speed="13.90" pos="179.20" lane="3/1to4/1_0" slope="0.00"/>
        <vehicle id="24" x="398.35" y="668.06" angle="0.00" type="DEFAULT_VEHTYPE" speed="13.61" pos="131.94" lane="2/4to2/3_0" slope="0.00"/>
        <vehicle id="28" x="398.35" y="247.77" angle="0.00" type="DEFAULT_VEHTYPE" speed="12.89" pos="147.48" lane="2/2to2/1_0" slope="0.00"/>
        <vehicle id="29" x="692.21" y="601.65" angle="-90.00" type="DEFAULT_VEHTYPE" speed="13.63" pos="107.79" lane="4/3to3/3_0" slope="0.00"/>
        <vehicle id="3" x="479.46" y="198.35" angle="90.00" type="DEFAULT_VEHTYPE" speed="12.79" pos="74.71" lane="2/1to3/1_0" slope="0.00"/>
        <vehicle id="33" x="59.31" y="201.65" angle="-90.00" type="DEFAULT_VEHTYPE" speed="13.78" pos="135.94" lane="1/1to0/1_0" slope="0.00"/>
        <vehicle id="37" x="241.59" y="598.35" angle="90.00" type="DEFAULT_VEHTYPE" speed="12.91" pos="36.84" lane="1/3to2/3_0" slope="0.00"/>
        <vehicle id="39" x="601.65" y="318.66" angle="180.00" type="DEFAULT_VEHTYPE" speed="12.65" pos="113.91" lane="3/1to3/2_0" slope="0.00"/>
        <vehicle id="40" x="398.35" y="69.49" angle="0.00" type="DEFAULT_VEHTYPE" speed="13.40" pos="125.76" lane="2/1to2/0_0" slope="0.00"/>
        <vehicle id="42" x="398.35" y="604.26" angle="0.00" type="DEFAULT_VEHTYPE" speed="13.55" pos="0.49" lane=":2/3_1_0" slope="0.00"/>
        <vehicle id="43" x="282.14" y="598.35" angle="90.00" type="DEFAULT_VEHTYPE" speed="13.52" pos="77.39" lane="1/3to2/3_0" slope="0.00"/>
        <vehicle id="44" x="100.91" y="198.35" angle="90.00" type="DEFAULT_VEHTYPE" speed="13.21" pos="100.91" lane="0/1to1/1_0" slope="0.00"/>
        <vehicle id="48" x="107.10" y="201.65" angle="-90.00" type="DEFAULT_VEHTYPE" speed="13.23" pos="88.15" lane="1/1to0/1_0" slope="0.00"/>
        <vehicle id="49" x="201.65" y="493.68" angle="180.00" type="DEFAULT_VEHTYPE" speed="13.10" pos="88.93" lane="1/2to1/3_0" slope="0.00"/>
        <vehicle id="5" x="401.65" y="720.17" angle="180.00" type="DEFAULT_VEHTYPE" speed="13.05" pos="115.42" lane="2/3to2/4_0" slope="0.00"/>
        <vehicle id="6" x="192.75" y="398.35" angle="90.00" type="DEFAULT_VEHTYPE" speed="0.00" pos="192.75" lane="0/2to1/2_0" slope="0.00"/>
        <vehicle id="7" x="398.35" y="538.84" angle="0.00" type="DEFAULT_VEHTYPE" speed="12.78" pos="56.41" lane="2/3to2/2_0" slope="0.00"/>
        <vehicle id="8" x="227.68" y="401.65" angle="-90.00" type="DEFAULT_VEHTYPE" speed="12.67" pos="167.57" lane="2/2to1/2_0" slope="0.00"/>
        <vehicle id="9" x="598.35" y="478.64" angle="0.00" type="DEFAULT_VEHTYPE" speed="13.79" pos="116.61" lane="3/3to3/2_0" slope="0.00"/>
    </timestep>
    <timestep time="638.00">
        <vehicle id="0" x="84.90" y="198.35" angle="90.00" type="DEFAULT_VEHTYPE" speed="13.44" pos="84.90" lane="0/1to1/1_0" slope="0.00"/>
        <vehicle id="10" x="398.35" y="267.13" angle="0.00" type="DEFAULT_VEHTYPE" speed="12.65" pos="128.12" lane="2/2to2/1_0" slope="0.00"/>
        <vehicle id="11" x="186.61" y="401.65" angle="-90.00" type="DEFAULT_VEHTYPE" speed="9.13" pos="8.64" lane="1/2to0/2_0" slope="0.00"/>
        <vehicle id="15" x="398.35" y="360.87" angle="0.00" type="DEFAULT_VEHTYPE" speed="12.05" pos="34.38" lane="2/2to2/1_0" slope="0.00"/>
        <vehicle id="16" x="142.46" y="401.65" angle="-90.00" type="DEFAULT_VEHTYPE" speed="13.03" pos="52.79" lane="1/2to0/2_0" slope="0.00"/>
        <vehicle id="17" x="38.76" y="401.65" angle="-90.00" type="DEFAULT_VEHTYPE" speed="13.61" pos="156.49" lane="1/2to0/2_0" slope="0.00"/>
        <vehicle id="18" x="422.30" y="198.35" angle="90.00" type="DEFAULT_VEHTYPE" speed="12.97" pos="17.55" lane="2/1to3/1_0" slope="0.00"/>
        <vehicle id="2" x="796.84" y="198.35" angle="90.00" type="DEFAULT_VEHTYPE" speed="12.89" pos="192.09" lane="3/1to4/1_0" slope="0.00"/>
        <vehicle id="24" x="398.35" y="655.46" angle="0.00" type="DEFAULT_VEHTYPE" speed="12.60" pos="144.54" lane="2/4to2/3_0" slope="0.00"/>
        <vehicle id="28" x="398.35" y="235.12" angle="0.00" type="DEFAULT_VEHTYPE" speed="12.65" pos="160.13" lane="2/2to2/1_0" slope="0.00"/>
        <vehicle id="29" x="678.58" y="601.65" angle="-90.00" type="DEFAULT_VEHTYPE" speed="13.63" pos="121.42" lane="4/3to3/3_0" slope="0.00"/>
        <vehicle id="3" x="493.15" y="198.35" angle="90.00" type="DEFAULT_VEHTYPE" speed="13.68" pos="88.40" lane="2/1to3/1_0" slope="0.00"/>
        <vehicle id="33" x="45.66" y="201.65" angle="-90.00" type="DEFAULT_VEHTYPE" speed="13.65" pos="149.59" lane="1/1to0/1_0" slope="0.00"/>
        <vehicle id="37" x="255.32" y="598.35" angle="90.00" type="DEFAULT_VEHTYPE" speed="13.72" pos="50.57" lane="1/3to2/3_0" slope="0.00"/>
        <vehicle id="39" x="601.65" y="331.77" angle="180.00" type="DEFAULT_VEHTYPE" speed="13.11" pos="127.02" lane="3/1to3/2_0" slope="0.00"/>
        <vehicle id="40" x="398.35" y="55.77" angle="0.00" type="DEFAULT_VEHTYPE" speed="13.72" pos="139.48" lane="2/1to2/0_0" slope="0.00"/>
        <vehicle id="42" x="398.35" y="590.43" angle="0.00" type="DEFAULT_VEHTYPE" speed="13.83" pos="4.82" lane="2/3to2/2_0" slope="0.00"/>
        <vehicle id="43" x="295.40" y="598.35" angle="90.00" type="DEFAULT_VEHTYPE" speed="13.26" pos="90.65" lane="1/3to2/3_0" slope="0.00"/>
        <vehicle id="44" x="113.71" y="198.35" angle="90.00" type="DEFAULT_VEHTYPE" speed="12.80" pos="113.71" lane="0/1to1/1_0" slope="0.00"/>
        <vehicle id="48" x="93.96" y="201.65" angle="-90.00" type="DEFAULT_VEHTYPE" speed="13.14" pos="101.29" lane="1/1to0/1_0" slope="0.00"/>
        <vehicle id="49" x="201.65" y="506.72" angle="180.00" type="DEFAULT_VEHTYPE" speed="13.04" pos="101.97" lane="1/2to1/3_0" slope="0.00"/>
        <vehicle id="5" x="401.65" y="733.00" angle="180.00" type="DEFAULT_VEHTYPE" speed="12.82" pos="128.25" lane="2/3to2/4_0" slope="0.00"/>
        <vehicle id="6" x="194.52" y="398.35" angle="90.00" type="DEFAULT_VEHTYPE" speed="1.77" pos="194.52" lane="0/2to1/2_0" slope="0.00"/>
        <vehicle id="7" x="398.35" y="525.94" angle="0.00" type="DEFAULT_VEHTYPE" speed="12.89" pos="69.31" lane="2/3to2/2_0" slope="0.00"/>
        <vehicle id="8" x="218.91" y="401.65" angle="-90.00" type="DEFAULT_VEHTYPE" speed="8.77" pos="176.34" lane="2/2to1/2_0" slope="0.00"/>
        <vehicle id="9" x="598.35" y="465.64" angle="0.00" type="DEFAULT_VEHTYPE" speed="12.99" pos="129.61" lane="3/3to3/2_0" slope="0.00"/>
    </timestep>
    <timestep time="639.00">
        <vehicle id="0" x="98.44" y="198.35" angle="90.00" type="DEFAULT_VEHTYPE" speed="13.53" pos="98.44" lane="0/1to1/1_0" slope="0.00"/>
        <vehicle id="10" x="398.35" y="254.32" angle="0.00" type="DEFAULT_VEHTYPE" speed="12.82" pos="140.93" lane="2/2to2/1_0" slope="0.00"/>
        <vehicle id="11" x="175.80" y="401.65" angle="-90.00" type="DEFAULT_VEHTYPE" speed="10.81" pos="19.45" lane="1/2to0/2_0" slope="0.00"/>
        <vehicle id="15" x="398.35" y="347.33" angle="0.00" type="DEFAULT_VEHTYPE" speed="13.53" pos="47.92" lane="2/2to2/1_0" slope="0.00"/>
        <vehicle id="16" x="128.66" y="401.65" angle="-90.00" type="DEFAULT_VEHTYPE" speed="13.80" pos="66.59" lane="1/2to0/2_0" slope="0.00"/>
        <vehicle id="17" x="24.88" y="401.65" angle="-90.00" type="DEFAULT_VEHTYPE" speed="13.88" pos="170.37" lane="1/2to0/2_0" slope="0.00"/>
        <vehicle id="18" x="434.99" y="198.35" angle="90.00" type="DEFAULT_VEHTYPE" speed="12.69" pos="30.24" lane="2/1to3/1_0" slope="0.00"/>
        <vehicle id="2" x="794.68" y="201.65" angle="-90.00" type="DEFAULT_VEHTYPE" speed="13.29" pos="5.32" lane="4/1to3/1_0" slope="0.00"/>
        <vehicle id="24" x="398.35" y="642.34" angle="0.00" type="DEFAULT_VEHTYPE" speed="13.12" pos="157.66" lane="2/4to2/3_0" slope="0.00"/>
        <vehicle id="28" x="398.35" y="222.13" angle="0.00" type="DEFAULT_VEHTYPE" speed="12.99" pos="173.12" lane="2/2to2/1_0" slope="0.00"/>
        <vehicle id="29" x="665.38" y="601.65" angle="-90.00" type="DEFAULT_VEHTYPE" speed="13.20" pos="134.62" lane="4/3to3/3_0" slope="0.00"/>
        <vehicle id="3" x="506.24" y="198.35" angle="90.00" type="DEFAULT_VEHTYPE" speed="13.10" pos="101.49" lane="2/1to3/1_0" slope="0.00"/>
        <vehicle id="33" x="32.82" y="201.65" angle="-90.00" type="DEFAULT_VEHTYPE" speed="12.84" pos="162.43" lane="1/1to0/1_0" slope="0.00"/>
        <vehicle id="37" x="267.99" y="598.35" angle="90.00" type="DEFAULT_VEHTYPE" speed="12.67" pos="63.24" lane="1/3to2/3_0" slope="0.00"/>
        <vehicle id="39" x="601.65" y="345.48" angle="180.00" type="DEFAULT_VEHTYPE" speed="13.71" pos="140.73" lane="3/1to3/2_0" slope="0.00"/>
        <vehicle id="40" x="398.35" y="42.10" angle="0.00" type="DEFAULT_VEHTYPE" speed="13.67" pos="153.15" lane="2/1to2/0_0" slope="0.00"/>
        <vehicle id="42" x="398.35" y="576.55" angle="0.00" type="DEFAULT_VEHTYPE" speed="13.88" pos="18.70" lane="2/3to2/2_0" slope="0.00"/>
        <vehicle id="43" x="308.63" y="598.35" angle="90.00" type="DEFAULT_VEHTYPE" speed="13.23" pos="103.88" lane="1/3to2/3_0" slope="0.00"/>
        <vehicle id="44" x="126.51" y="198.35" angle="90.00" type="DEFAULT_VEHTYPE" speed="12.80" pos="126.51" lane="0/1to1/1_0" slope="0.00"/>
        <vehicle id="48" x="80.81" y="201.65" angle="-90.00" type="DEFAULT_VEHTYPE" speed="13.16" pos="114.44" lane="1/1to0/1_0" slope="0.00"/>
        <vehicle id="49" x="201.65" y="520.22" angle="180.00" type="DEFAULT_VEHTYPE" speed="13.50" pos="115.47" lane="1/2to1/3_0" slope="0.00"/>
        <vehicle id="5" x="401.65" y="746.39" angle="180.00" type="DEFAULT_VEHTYPE" speed="13.39" pos="141.64" lane="2/3to2/4_0" slope="0.00"/>
        <vehicle id="6" x="197.80" y="398.71" angle="94.18" type="DEFAULT_VEHTYPE" speed="3.31" pos="2.57" lane=":1/2_14_0" slope="0.00"/>
        <vehicle id="7" x="398.35" y="512.66" angle="0.00" type="DEFAULT_VEHTYPE" speed="13.28" pos="82.59" lane="2/3to2/2_0" slope="0.00"/>
        <vehicle id="8" x="212.63" y="401.65" angle="-90.00" type="DEFAULT_VEHTYPE" speed="6.29" pos="182.62" lane="2/2to1/2_0" slope="0.00"/>
        <vehicle id="9" x="598.35" y="452.52" angle="0.00" type="DEFAULT_VEHTYPE" speed="13.12" pos="142.73" lane="3/3to3/2_0" slope="0.00"/>
    </timestep>
    <timestep time="640.00">
        <vehicle id="0" x="111.40" y="198.35" angle="90.00" type="DEFAULT_VEHTYPE" speed="12.96" pos="111.40" lane="0/1to1/1_0" slope="0.00"/>
        <vehicle id="10" x="398.35" y="240.57" angle="0.00" type="DEFAULT_VEHTYPE" speed="13.75" pos="154.68" lane="2/2to2/1_0" slope="0.00"/>
        <vehicle id="11" x="163.38" y="401.65" angle="-90.00" type="DEFAULT_VEHTYPE" speed="12.42" pos="31.87" lane="1/2to0/2_0" slope="0.00"/>
        <vehicle id="15" x="398.35" y="334.63" angle="0.00" type="DEFAULT_VEHTYPE" speed="12.70" pos="60.62" lane="2/2to2/1_0" slope="0.00"/>
        <vehicle id="16" x="115.37" y="401.65" angle="-90.00" type="DEFAULT_VEHTYPE" speed="13.29" pos="79.88" lane="1/2to0/2_0" slope="0.00"/>
        <vehicle id="17" x="11.02" y="401.65" angle="-90.00" type="DEFAULT_VEHTYPE" speed="13.86" pos="184.23" lane="1/2to0/2_0" slope="0.00"/>
        <vehicle id="18" x="448.49" y="198.35" angle="90.00" type="DEFAULT_VEHTYPE" speed="13.50" pos="43.74" lane="2/1to3/1_0" slope="0.00"/>
        <vehicle id="2" x="781.96" y="201.65" angle="-90.00" type="DEFAULT_VEHTYPE" speed="12.73" pos="18.04" lane="4/1to3/1_0" slope="0.00"/>
        <vehicle id="24" x="398.35" y="629.25" angle="0.00" type="DEFAULT_VEHTYPE" speed="13.09" pos="170.75" lane="2/4to2/3_0" slope="0.00"/>
        <vehicle id="28" x="398.35" y="208.74" angle="0.00" type="DEFAULT_VEHTYPE" speed="13.39" pos="186.51" lane="2/2to2/1_0" slope="0.00"/>
        <vehicle id="29" x="651.89" y="601.65" angle="-90.00" type="DEFAULT_VEHTYPE" speed="13.49" pos="148.11" lane="4/3to3/3_0" slope="0.00"/>
        <vehicle id="3" x="519.94" y="198.35" angle="90.00" type="DEFAULT_VEHTYPE" speed="13.69" pos="115.19" lane="2/1to3/1_0" slope="0.00"/>
        <vehicle id="33" x="19.38" y="201.65" angle="-90.00" type="DEFAULT_VEHTYPE" speed="13.44" pos="175.87" lane="1/1to0/1_0" slope="0.00"/>
        <vehicle id="37" x="281.20" y="598.35" angle="90.00" type="DEFAULT_VEHTYPE" speed="13.22" pos="76.45" lane="1/3to2/3_0" slope="0.00"/>
        <vehicle id="39" x="601.65" y="358.61" angle="180.00" type="DEFAULT_VEHTYPE" speed="13.13" pos="153.86" lane="3/1to3/2_0" slope="0.00"/>
        <vehicle id="40" x="398.35" y="29.03" angle="0.00" type="DEFAULT_VEHTYPE" speed="13.07" pos="166.22" lane="2/1to2/0_0" slope="0.00"/>
        <vehicle id="42" x="398.35" y="563.63" angle="0.00" type="DEFAULT_VEHTYPE" speed="12.91" pos="31.62" lane="2/3to2/2_0" slope="0.00"/>
        <vehicle id="43" x="321.45" y="598.35" angle="90.00" type="DEFAULT_VEHTYPE" speed="12.82" pos="116.70" lane="1/3to2/3_0" slope="0.00"/>
        <vehicle id="44" x="140.07" y="198.35" angle="90.00" type="DEFAULT_VEHTYPE" speed="13.56" pos="140.07" lane="0/1to1/1_0" slope="0.00"/>
        <vehicle id="48" x="67.92" y="201.65" angle="-90.00" type="DEFAULT_VEHTYPE" speed="12.88" pos="127.33" lane="1/1to0/1_0" slope="0.00"/>
        <vehicle id="49" x="201.65" y="533.24" angle="180.00" type="DEFAULT_VEHTYPE" speed="13.02" pos="128.49" lane="1/2to1/3_0" slope="0.00"/>
        <vehicle id="5" x="401.65" y="759.55" angle="180.00" type="DEFAULT_VEHTYPE" speed="13.17" pos="154.80" lane="2/3to2/4_0" slope="0.00"/>
        <vehicle id="6" x="201.34" y="402.58" angle="140.45" type="DEFAULT_VEHTYPE" speed="5.55" pos="8.13" lane=":1/2_14_0" slope="0.00"/>
        <vehicle id="7" x="398.35" y="499.99" angle="0.00" type="DEFAULT_VEHTYPE" speed="12.67" pos="95.26" lane="2/3to2/2_0" slope="0.00"/>
        <vehicle id="8" x="209.75" y="401.65" angle="-90.00" type="DEFAULT_VEHTYPE" speed="2.87" pos="185.50" lane="2/2to1/2_0" slope="0.00"/>
        <vehicle id="9" x="598.35" y="439.25" angle="0.00" type="DEFAULT_VEHTYPE" speed="13.27" pos="156.00" lane="3/3to3/2_0" slope="0.00"/>
    </timestep>
    <timestep time="641.00">
        <vehicle id="0" x="124.28" y="198.35" angle="90.00" type="DEFAULT_VEHTYPE" speed="12.89" pos="124.28" lane="0/1to1/1_0" slope="0.00"/>
        <vehicle id="10" x="398.35" y="227.17" angle="0.00" type="DEFAULT_VEHTYPE" speed="13.40" pos="168.08" lane="2/2to2/1_0" slope="0.00"/>
        <vehicle id="11" x="150.47" y="401.65" angle="-90.00" type="DEFAULT_VEHTYPE" speed="12.91" pos="44.78" lane="1/2to0/2_0" slope="0.00"/>
        <vehicle id="15" x="398.35" y="321.27" angle="0.00" type="DEFAULT_VEHTYPE" speed="13.36" pos="73.98" lane="2/2to2/1_0" slope="0.00"/>
        <vehicle id="16" x="101.59" y="401.65" angle="-90.00" type="DEFAULT_VEHTYPE" speed="13.78" pos="93.66" lane="1/2to0/2_0" slope="0.00"/>
        <vehicle id="17" x="-1.29" y="400.72" angle="-78.77" type="DEFAULT_VEHTYPE" speed="12.63" pos="1.61" lane=":0/2_0_0" slope="0.00"/>
        <vehicle id="18" x="461.23" y="198.35" angle="90.00" type="DEFAULT_VEHTYPE" speed="12.75" pos="56.48" lane="2/1to3/1_0" slope="0.00"/>
        <vehicle id="2" x="768.47" y="201.65" angle="-90.00" type="DEFAULT_VEHTYPE" speed="13.49" pos="31.53" lane="4/1to3/1_0" slope="0.00"/>
        <vehicle id="24" x="398.35" y="616.51" angle="0.00" type="DEFAULT_VEHTYPE" speed="12.74" pos="183.49" lane="2/4to2/3_0" slope="0.00"/>
        <vehicle id="28" x="398.35" y="196.03" angle="0.00" type="DEFAULT_VEHTYPE" speed="12.71" pos="8.72" lane=":2/1_1_0" slope="0.00"/>
        <vehicle id="29" x="638.17" y="601.65" angle="-90.00" type="DEFAULT_VEHTYPE" speed="13.71" pos="161.83" lane="4/3to3/3_0" slope="0.00"/>
        <vehicle id="3" x="532.99" y="198.35" angle="90.00" type="DEFAULT_VEHTYPE" speed="13.06" pos="128.24" lane="2/1to3/1_0" slope="0.00"/>
        <vehicle id="33" x="5.87" y="201.65" angle="-90.00" type="DEFAULT_VEHTYPE" speed="13.51" pos="189.38" lane="1/1to0/1_0" slope="0.00"/>
        <vehicle id="37" x="293.85" y="598.35" angle="90.00" type="DEFAULT_VEHTYPE" speed="12.64" pos="89.10" lane="1/3to2/3_0" slope="0.00"/>
        <vehicle id="39" x="601.65" y="372.37" angle="180.00" type="DEFAULT_VEHTYPE" speed="13.76" pos="167.62" lane="3/1to3/2_0" slope="0.00"/>
        <vehicle id="40" x="398.35" y="16.14" angle="0.00" type="DEFAULT_VEHTYPE" speed="12.89" pos="179.11" lane="2/1to2/0_0" slope="0.00"/>
        <vehicle id="42" x="398.35" y="550.02" angle="0.00" type="DEFAULT_VEHTYPE" speed="13.61" pos="45.23" lane="2/3to2/2_0" slope="0.00"/>
        <vehicle id="43" x="334.46" y="598.35" angle="90.00" type="DEFAULT_VEHTYPE" speed="13.01" pos="129.71" lane="1/3to2/3_0" slope="0.00"/>
        <vehicle id="44" x="153.32" y="198.35" angle="90.00" type="DEFAULT_VEHTYPE" speed="13.24" pos="153.32" lane="0/1to1/1_0" slope="0.00"/>
        <vehicle id="48" x="55.23" y="201.65" angle="-90.00" type="DEFAULT_VEHTYPE" speed="12.69" pos="140.02" lane="1/1to0/1_0" slope="0.00"/>
        <vehicle id="49" x="201.65" y="547.13" angle="180.00" type="DEFAULT_VEHTYPE" speed="13.88" pos="142.38" lane="1/2to1/3_0" slope="0.00"/>
        <vehicle id="5" x="401.65" y="773.08" angle="180.00" type="DEFAULT_VEHTYPE" speed="13.53" pos="168.33" lane="2/3to2/4_0" slope="0.00"/>
        <vehicle id="6" x="201.65" y="409.93" angle="180.00" type="DEFAULT_VEHTYPE" speed="7.38" pos="5.18" lane="1/2to1/3_0" slope="0.00"/>
        <vehicle id="7" x="398.35" y="487.33" angle="0.00" type="DEFAULT_VEHTYPE" speed="12.65" pos="107.92" lane="2/3to2/2_0" slope="0.00"/>
        <vehicle id="8" x="204.95" y="401.65" angle="-90.00" type="DEFAULT_VEHTYPE" speed="4.81" pos="190.30" lane="2/2to1/2_0" slope="0.00"/>
        <vehicle id="9" x="598.35" y="426.61" angle="0.00" type="DEFAULT_VEHTYPE" speed="12.64" pos="168.64" lane="3/3to3/2_0" slope="0.00"/>
    </timestep>
    <timestep time="642.00">
        <vehicle id="0" x="138.12" y="198.35" angle="90.00" type="DEFAULT_VEHTYPE" speed="13.84" pos="138.12" lane="0/1to1/1_0" slope="0.00"/>
        <vehicle id="10" x="398.35" y="213.82" angle="0.00" type="DEFAULT_VEHTYPE" speed="13.35" pos="181.43" lane="2/2to2/1_0" slope="0.00"/>
        <vehicle id="11" x="137.11" y="401.65" angle="-90.00" type="DEFAULT_VEHTYPE" speed="13.36" pos="58.14" lane="1/2to0/2_0" slope="0.00"/>
        <vehicle id="15" x="398.35" y="308.29" angle="0.00" type="DEFAULT_VEHTYPE" speed="12.98" pos="86.96" lane="2/2to2/1_0" slope="0.00"/>
        <vehicle id="16" x="88.83" y="401.65" angle="-90.00" type="DEFAULT_VEHTYPE" speed="12.76" pos="106.42" lane="1/2to0/2_0" slope="0.00"/>
        <vehicle id="17" x="10.36" y="398.35" angle="90.00" type="DEFAULT_VEHTYPE" speed="13.57" pos="10.36" lane="0/2to1/2_0" slope="0.00"/>
        <vehicle id="18" x="474.90" y="198.35" angle="90.00" type="DEFAULT_VEHTYPE" speed="13.67" pos="70.15" lane="2/1to3/1_0" slope="0.00"/>
        <vehicle id="2" x="754.84" y="201.65" angle="-90.00" type="DEFAULT_VEHTYPE" speed="13.63" pos="45.16" lane="4/1to3/1_0" slope="0.00"/>
        <vehicle id="24" x="398.35" y="603.12" angle="0.00" type="DEFAULT_VEHTYPE" speed="13.40" pos="1.63" lane=":2/3_1_0" slope="0.00"/>
        <vehicle id="28" x="398.35" y="182.36" angle="0.00" type="DEFAULT_VEHTYPE" speed="13.67" pos="12.89" lane="2/1to2/0_0" slope="0.00"/>
        <vehicle id="29" x="626.23" y="601.65" angle="-90.00" type="DEFAULT_VEHTYPE" speed="11.94" pos="173.77" lane="4/3to3/3_0" slope="0.00"/>
        <vehicle id="3" x="546.50" y="198.35" angle="90.00" type="DEFAULT_VEHTYPE" speed="13.51" pos="141.75" lane="2/1to3/1_0" slope="0.00"/>
        <vehicle id="33" x="2.30" y="198.35" angle="63.49" type="DEFAULT_VEHTYPE" speed="12.99" pos="2.30" lane="0/1to1/1_0" slope="0.00"/>
        <vehicle id="37" x="307.43" y="598.35" angle="90.00" type="DEFAULT_VEHTYPE" speed="13.58" pos="102.68" lane="1/3to2/3_0" slope="0.00"/>
        <vehicle id="39" x="601.65" y="385.88" angle="180.00" type="DEFAULT_VEHTYPE" speed="13.51" pos="181.13" lane="3/1to3/2_0" slope="0.00"/>
        <vehicle id="40" x="398.35" y="3.54" angle="0.00" type="DEFAULT_VEHTYPE" speed="12.60" pos="191.71" lane="2/1to2/0_0" slope="0.00"/>
        <vehicle id="42" x="398.35" y="536.53" angle="0.00" type="DEFAULT_VEHTYPE" speed="13.49" pos="58.72" lane="2/3to2/2_0" slope="0.00"/>
        <vehicle id="43" x="347.94" y="598.35" angle="90.00" type="DEFAULT_VEHTYPE" speed="13.48" pos="143.19" lane="1/3to2/3_0" slope="0.00"/>
        <vehicle id="44" x="166.50" y="198.35" angle="90.00" type="DEFAULT_VEHTYPE" speed="13.18" pos="166.50" lane="0/1to1/1_0" slope="0.00"/>
        <vehicle id="48" x="41.85" y="201.65" angle="-90.00" type="DEFAULT_VEHTYPE" speed="13.38" pos="153.40" lane="1/1to0/1_0" slope="0.00"/>
        <vehicle id="49" x="201.65" y="559.91" angle="180.00" type="DEFAULT_VEHTYPE" speed="12.78" pos="155.16" lane="1/2to1/3_0" slope="0.00"/>
        <vehicle id="5" x="401.65" y="786.16" angle="180.00" type="DEFAULT_VEHTYPE" speed="13.08" pos="181.41" lane="2/3to2/4_0" slope="0.00"/>
        <vehicle id="6" x="201.65" y="418.73" angle="180.00" type="DEFAULT_VEHTYPE" speed="8.80" pos="13.98" lane="1/2to1/3_0" slope="0.00"/>
        <vehicle id="7" x="398.35" y="473.78" angle="0.00" type="DEFAULT_VEHTYPE" speed="13.55" pos="121.47" lane="2/3to2/2_0" slope="0.00"/>
        <vehicle id="8" x="199.18" y="398.77" angle="-56.05" type="DEFAULT_VEHTYPE" speed="6.85" pos="6.65" lane=":1/2_6_0" slope="0.00"/>
        <vehicle id="9" x="598.35" y="413.03" angle="0.00" type="DEFAULT_VEHTYPE" speed="13.58" pos="182.22" lane="3/3to3/2_0" slope="0.00"/>
    </timestep>
    <timestep time="643.00">
        <vehicle id="0" x="151.81" y="198.35" angle="90.00" type="DEFAULT_VEHTYPE" speed="13.68" pos="151.81" lane="0/1to1/1_0" slope="0.00"/>
        <vehicle id="10" x="398.35" y="200.05" angle="0.00" type="DEFAULT_VEHTYPE" speed="13.77" pos="4.70" lane=":2/1_1_0" slope="0.00"/>
        <vehicle id="11" x="123.77" y="401.65" angle="-90.00" type="DEFAULT_VEHTYPE" speed="13.34" pos="71.48" lane="1/2to0/2_0" slope="0.00"/>
        <vehicle id="15" x="398.35" y="294.53" angle="0.00" type="DEFAULT_VEHTYPE" speed="13.76" pos="100.72" lane="2/2to2/1_0" slope="0.00"/>
        <vehicle id="16" x="75.63" y="401.65" angle="-90.00" type="DEFAULT_VEHTYPE" speed="13.19" pos="119.62" lane="1/2to0/2_0" slope="0.00"/>
        <vehicle id="17" x="23.98" y="398.35" angle="90.00" type="DEFAULT_VEHTYPE" speed="13.61" pos="23.98" lane="0/2to1/2_0" slope="0.00"/>
        <vehicle id="18" x="487.98" y="198.35" angle="90.00" type="DEFAULT_VEHTYPE" speed="13.07" pos="83.23" lane="2/1to3/1_0" slope="0.00"/>
        <vehicle id="2" x="741.03" y="201.65" angle="-90.00" type="DEFAULT_VEHTYPE" speed="13.81" pos="58.97" lane="4/1to3/1_0" slope="0.00"/>
        <vehicle id="24" x="398.35" y="590.26" angle="0.00" type="DEFAULT_VEHTYPE" speed="12.85" pos="4.99" lane="2/3to2/2_0" slope="0.00"/>
        <vehicle id="28" x="398.35" y="169.71" angle="0.00" type="DEFAULT_VEHTYPE" speed="12.66" pos="25.54" lane="2/1to2/0_0" slope="0.00"/>
        <vehicle id="29" x="617.43" y="601.65" angle="-90.00" type="DEFAULT_VEHTYPE" speed="8.81" pos="182.57" lane="4/3to3/3_0" slope="0.00"/>
        <vehicle id="3" x="559.73" y="198.35" angle="90.00" type="DEFAULT_VEHTYPE" speed="13.22" pos="154.98" lane="2/1to3/1_0" slope="0.00"/>
        <vehicle id="33" x="15.42" y="198.35" angle="90.00" type="DEFAULT_VEHTYPE" speed="13.12" pos="15.42" lane="0/1to1/1_0" slope="0.00"/>
        <vehicle id="37" x="321.29" y="598.35" angle="90.00" type="DEFAULT_VEHTYPE" speed="13.86" pos="116.54" lane="1/3to2/3_0" slope="0.00"/>
        <vehicle id="39" x="601.65" y="399.04" angle="180.00" type="DEFAULT_VEHTYPE" speed="13.16" pos="3.79" lane=":3/2_9_0" slope="0.00"/>
        <vehicle id="40" x="401.65" y="4.77" angle="178.54" type="DEFAULT_VEHTYPE" speed="13.13" pos="4.77" lane="2/0to2/1_0" slope="0.00"/>
        <vehicle id="42" x="398.35" y="522.86" angle="0.00" type="DEFAULT_VEHTYPE" speed="13.67" pos="72.39" lane="2/3to2/2_0" slope="0.00"/>
        <vehicle id="43" x="361.38" y="598.35" angle="90.00" type="DEFAULT_VEHTYPE" speed="13.44" pos="156.63" lane="1/3to2/3_0" slope="0.00"/>
        <vehicle id="44" x="176.86" y="198.35" angle="90.00" type="DEFAULT_VEHTYPE" speed="10.36" pos="176.86" lane="0/1to1/1_0" slope="0.00"/>
        <vehicle id="48" x="29.20" y="201.65" angle="-90.00" type="DEFAULT_VEHTYPE" speed="12.64" pos="166.05" lane="1/1to0/1_0" slope="0.00"/>
        <vehicle id="49" x="201.65" y="573.35" angle="180.00" type="DEFAULT_VEHTYPE" speed="13.44" pos="168.60" lane="1/2to1/3_0" slope="0.00"/>
        <vehicle id="5" x="401.65" y="798.91" angle="180.00" type="DEFAULT_VEHTYPE" speed="12.75" pos="194.16" lane="2/3to2/4_0" slope="0.00"/>
        <vehicle id="6" x="201.65" y="429.93" angle="180.00" type="DEFAULT_VEHTYPE" speed="11.20" pos="25.18" lane="1/2to1/3_0" slope="0.00"/>
        <vehicle id="7" x="398.35" y="461.12" angle="0.00" type="DEFAULT_VEHTYPE" speed="12.66" pos="134.13" lane="2/3to2/2_0" slope="0.00"/>
        <vehicle id="8" x="198.35" y="390.32" angle="-0.11" type="DEFAULT_VEHTYPE" speed="8.60" pos="4.93" lane="1/2to1/1_0" slope="0.00"/>
        <vehicle id="9" x="594.99" y="401.65" angle="-49.53" type="DEFAULT_VEHTYPE" speed="13.54" pos="0.26" lane="3/2to2/2_0" slope="0.00"/>
    </timestep>
    <timestep time="644.00">
        <vehicle id="0" x="163.76" y="198.35" angle="90.00" type="DEFAULT_VEHTYPE" speed="11.95" pos="163.76" lane="0/1to1/1_0" slope="0.00"/>
        <vehicle id="10" x="398.35" y="186.37" angle="0.00" type="DEFAULT_VEHTYPE" speed="13.67" pos="8.88" lane="2/1to2/0_0" slope="0.00"/>
        <vehicle id="11" x="110.22" y="401.65" angle="-90.00" type="DEFAULT_VEHTYPE" speed="13.55" pos="85.03" lane="1/2to0/2_0" slope="0.00"/>
        <vehicle id="15" x="398.35" y="281.43" angle="0.00" type="DEFAULT_VEHTYPE" speed="13.10" pos="113.82" lane="2/2to2/1_0" slope="0.00"/>
        <vehicle id="16" x="61.76" y="401.65" angle="-90.00" type="DEFAULT_VEHTYPE" speed="13.87" pos="133.49" lane="1/2to0/2_0" slope="0.00"/>
        <vehicle id="17" x="37.60" y="398.35" angle="90.00" type="DEFAULT_VEHTYPE" speed="13.62" pos="37.60" lane="0/2to1/2_0" slope="0.00"/>
        <vehicle id="18" x="501.81" y="198.35" angle="90.00" type="DEFAULT_VEHTYPE" speed="13.83" pos="97.06" lane="2/1to3/1_0" slope="0.00"/>
        <vehicle id="2" x="728.30" y="201.65" angle="-90.00" type="DEFAULT_VEHTYPE" speed="12.72" pos="71.70" lane="4/1to3/1_0" slope="0.00"/>
        <vehicle id="24" x="398.35" y="576.45" angle="0.00" type="DEFAULT_VEHTYPE" speed="13.81" pos="18.80" lane="2/3to2/2_0" slope="0.00"/>
        <vehicle id="28" x="398.35" y="156.20" angle="0.00" type="DEFAULT_VEHTYPE" speed="13.51" pos="39.05" lane="2/1to2/0_0" slope="0.00"/>
        <vehicle id="29" x="611.92" y="601.65" angle="-90.00" type="DEFAULT_VEHTYPE" speed="5.51" pos="188.08" lane="4/3to3/3_0" slope="0.00"/>
        <vehicle id="3" x="571.76" y="198.35" angle="90.00" type="DEFAULT_VEHTYPE" speed="12.03" pos="167.01" lane="2/1to3/1_0" slope="0.00"/>
        <vehicle id="33" x="28.99" y="198.35" angle="90.00" type="DEFAULT_VEHTYPE" speed="13.56" pos="28.99" lane="0/1to1/1_0" slope="0.00"/>
        <vehicle id="37" x="334.84" y="598.35" angle="90.00" type="DEFAULT_VEHTYPE" speed="13.55" pos="130.09" lane="1/3to2/3_0" slope="0.00"/>
        <vehicle id="39" x="601.65" y="411.93" angle="180.00" type="DEFAULT_VEHTYPE" speed="12.89" pos="7.18" lane="3/2to3/3_0" slope="0.00"/>
        <vehicle id="40" x="401.65" y="17.82" angle="180.00" type="DEFAULT_VEHTYPE" speed="13.05" pos="17.82" lane="2/0to2/1_0" slope="0.00"/>
        <vehicle id="42" x="398.35" y="509.23" angle="0.00" type="DEFAULT_VEHTYPE" speed="13.62" pos="86.02" lane="2/3to2/2_0" slope="0.00"/>
        <vehicle id="43" x="373.57" y="598.35" angle="90.00" type="DEFAULT_VEHTYPE" speed="12.19" pos="168.82" lane="1/3to2/3_0" slope="0.00"/>
        <vehicle id="44" x="183.87" y="198.35" angle="90.00" type="DEFAULT_VEHTYPE" speed="7.01" pos="183.87" lane="0/1to1/1_0" slope="0.00"/>
        <vehicle id="48" x="16.36" y="201.65" angle="-90.00" type="DEFAULT_VEHTYPE" speed="12.85" pos="178.89" lane="1/1to0/1_0" slope="0.00"/>
        <vehicle id="49" x="201.65" y="586.42" angle="180.00" type="DEFAULT_VEHTYPE" speed="13.07" pos="181.67" lane="1/2to1/3_0" slope="0.00"/>
        <vehicle id="5" x="398.35" y="792.45" angle="0.00" type="DEFAULT_VEHTYPE" speed="13.46" pos="7.55" lane="2/4to2/3_0" slope="0.00"/>
        <vehicle id="6" x="201.65" y="443.48" angle="180.00" type="DEFAULT_VEHTYPE" speed="13.55" pos="38.73" lane="1/2to1/3_0" slope="0.00"/>
        <vehicle id="7" x="398.35" y="448.51" angle="0.00" type="DEFAULT_VEHTYPE" speed="12.61" pos="146.74" lane="2/3to2/2_0" slope="0.00"/>
        <vehicle id="8" x="198.35" y="379.71" angle="0.00" type="DEFAULT_VEHTYPE" speed="10.61" pos="15.54" lane="1/2to1/1_0" slope="0.00"/>
        <vehicle id="9" x="582.02" y="401.65" angle="-90.00" type="DEFAULT_VEHTYPE" speed="12.96" pos="13.23" lane="3/2to2/2_0" slope="0.00"/>
    </timestep>
    <timestep time="645.00">
        <vehicle id="0" x="172.50" y="198.35" angle="90.00" type="DEFAULT_VEHTYPE" speed="8.75" pos="172.50" lane="0/1to1/1_0" slope="0.00"/>
        <vehicle id="10" x="398.35" y="173.31" angle="0.00" type="DEFAULT_VEHTYPE" speed="13.06" pos="21.94" lane="2/1to2/0_0" slope="0.00"/>
        <vehicle id="11" x="96.86" y="401.65" angle="-90.00" type="DEFAULT_VEHTYPE" speed="13.36" pos="98.39" lane="1/2to0/2_0" slope="0.00"/>
        <vehicle id="15" x="398.35" y="268.64" angle="0.00" type="DEFAULT_VEHTYPE" speed="12.79" pos="126.61" lane="2/2to2/1_0" slope="0.00"/>
        <vehicle id="16" x="49.15" y="401.65" angle="-90.00" type="DEFAULT_VEHTYPE" speed="12.61" pos="146.10" lane="1/2to0/2_0" slope="0.00"/>
        <vehicle id="17" x="51.07" y="398.35" angle="90.00" type="DEFAULT_VEHTYPE" speed="13.48" pos="51.07" lane="0/2to1/2_0" slope="0.00"/>
        <vehicle id="18" x="515.49" y="198.35" angle="90.00" type="DEFAULT_VEHTYPE" speed="13.68" pos="110.74" lane="2/1to3/1_0" slope="0.00"/>
        <vehicle id="2" x="715.42" y="201.65" angle="-90.00" type="DEFAULT_VEHTYPE" speed="12.88" pos="84.58" lane="4/1to3/1_0" slope="0.00"/>
        <vehicle id="24" x="398.35" y="563.11" angle="0.00" type="DEFAULT_VEHTYPE" speed="13.34" pos="32.14" lane="2/3to2/2_0" slope="0.00"/>
        <vehicle id="28" x="398.35" y="143.58" angle="0.00" type="DEFAULT_VEHTYPE" speed="12.61" pos="51.67" lane="2/1to2/0_0" slope="0.00"/>
        <vehicle id="29" x="609.55" y="601.65" angle="-90.00" type="DEFAULT_VEHTYPE" speed="2.37" pos="190.45" lane="4/3to3/3_0" slope="0.00"/>
        <vehicle id="3" x="581.38" y="198.35" angle="90.00" type="DEFAULT_VEHTYPE" speed="9.62" pos="176.63" lane="2/1to3/1_0" slope="0.00"/>
        <vehicle id="33" x="42.24" y="198.35" angle="90.00" type="DEFAULT_VEHTYPE" speed="13.25" pos="42.24" lane="0/1to1/1_0" slope="0.00"/>
        <vehicle id="37" x="347.57" y="598.35" angle="90.00" type="DEFAULT_VEHTYPE" speed="12.72" pos="142.82" lane="1/3to2/3_0" slope="0.00"/>
        <vehicle id="39" x="601.65" y="425.52" angle="180.00" type="DEFAULT_VEHTYPE" speed="13.59" pos="20.77" lane="3/2to3/3_0" slope="0.00"/>
        <vehicle id="40" x="401.65" y="31.24" angle="180.00" type="DEFAULT_VEHTYPE" speed="13.42" pos="31.24" lane="2/0to2/1_0" slope="0.00"/>
        <vehicle id="42" x="398.35" y="496.17" angle="0.00" type="DEFAULT_VEHTYPE" speed="13.07" pos="99.08" lane="2/3to2/2_0" slope="0.00"/>
        <vehicle id="43" x="382.57" y="598.35" angle="90.00" type="DEFAULT_VEHTYPE" speed="9.00" pos="177.82" lane="1/3to2/3_0" slope="0.00"/>
        <vehicle id="44" x="188.35" y="198.35" angle="90.00" type="DEFAULT_VEHTYPE" speed="4.48" pos="188.35" lane="0/1to1/1_0" slope="0.00"/>
        <vehicle id="48" x="3.01" y="201.65" angle="-90.00" type="DEFAULT_VEHTYPE" speed="13.35" pos="192.24" lane="1/1to0/1_0" slope="0.00"/>
        <vehicle id="49" x="204.32" y="598.29" angle="142.49" type="DEFAULT_VEHTYPE" speed="13.40" pos="4.57" lane=":1/3_8_0" slope="0.00"/>
        <vehicle id="5" x="398.35" y="779.23" angle="0.00" type="DEFAULT_VEHTYPE" speed="13.22" pos="20.77" lane="2/4to2/3_0" slope="0.00"/>
        <vehicle id="6" x="201.65" y="457.24" angle="180.00" type="DEFAULT_VEHTYPE" speed="13.76" pos="52.49" lane="1/2to1/3_0" slope="0.00"/>
        <vehicle id="7" x="398.35" y="434.74" angle="0.00" type="DEFAULT_VEHTYPE" speed="13.77" pos="160.51" lane="2/3to2/2_0" slope="0.00"/>
        <vehicle id="8" x="198.35" y="366.92" angle="0.00" type="DEFAULT_VEHTYPE" speed="12.79" pos="28.33" lane="1/2to1/1_0" slope="0.00"/>
        <vehicle id="9" x="569.33" y="401.65" angle="-90.00" type="DEFAULT_VEHTYPE" speed="12.69" pos="25.92" lane="3/2to2/2_0" slope="0.00"/>
    </timestep>
    <timestep time="646.00">
        <vehicle id="0" x="177.29" y="198.35" angle="90.00" type="DEFAULT_VEHTYPE" speed="4.78" pos="177.29" lane="0/1to1/1_0" slope="0.00"/>
        <vehicle id="10" x="398.35" y="160.43" angle="0.00" type="DEFAULT_VEHTYPE" speed="12.88" pos="34.82" lane="2/1to2/0_0" slope="0.00"/>
        <vehicle id="11" x="83.13" y="401.65" angle="-90.00" type="DEFAULT_VEHTYPE" speed="13.73" pos="112.12" lane="1/2to0/2_0" slope="0.00"/>
        <vehicle id="15" x="398.35" y="255.82" angle="0.00" type="DEFAULT_VEHTYPE" speed="12.81" pos="139.43" lane="2/2to2/1_0" slope="0.00"/>
        <vehicle id="16" x="36.04" y="401.65" angle="-90.00" type="DEFAULT_VEHTYPE" speed="13.11" pos="159.21" lane="1/2to0/2_0" slope="0.00"/>
        <vehicle id="17" x="63.80" y="398.35" angle="90.00" type="DEFAULT_VEHTYPE" speed="12.73" pos="63.80" lane="0/2to1/2_0" slope="0.00"/>
        <vehicle id="18" x="528.49" y="198.35" angle="90.00" type="DEFAULT_VEHTYPE" speed="13.00" pos="123.74" lane="2/1to3/1_0" slope="0.00"/>
        <vehicle id="2" x="701.56" y="201.65" angle="-90.00" type="DEFAULT_VEHTYPE" speed="13.86" pos="98.44" lane="4/1to3/1_0" slope="0.00"/>
        <vehicle id="24" x="398.35" y="550.27" angle="0.00" type="DEFAULT_VEHTYPE" speed="12.84" pos="44.98" lane="2/3to2/2_0" slope="0.00"/>
        <vehicle id="28" x="398.35" y="130.37" angle="0.00" type="DEFAULT_VEHTYPE" speed="13.21" pos="64.88" lane="2/1to2/0_0" slope="0.00"/>
        <vehicle id="29" x="604.87" y="601.65" angle="-90.00" type="DEFAULT_VEHTYPE" speed="4.67" pos="195.13" lane="4/3to3/3_0" slope="0.00"/>
        <vehicle id="3" x="587.56" y="198.35" angle="90.00" type="DEFAULT_VEHTYPE" speed="6.18" pos="182.81" lane="2/1to3/1_0" slope="0.00"/>
        <vehicle id="33" x="55.45" y="198.35" angle="90.00" type="DEFAULT_VEHTYPE" speed="13.21" pos="55.45" lane="0/1to1/1_0" slope="0.00"/>
        <vehicle id="37" x="361.30" y="598.35" angle="90.00" type="DEFAULT_VEHTYPE" speed="13.73" pos="156.55" lane="1/3to2/3_0" slope="0.00"/>
        <vehicle id="39" x="601.65" y="439.32" angle="180.00" type="DEFAULT_VEHTYPE" speed="13.80" pos="34.57" lane="3/2to3/3_0" slope="0.00"/>
        <vehicle id="40" x="401.65" y="44.18" angle="180.00" type="DEFAULT_VEHTYPE" speed="12.94" pos="44.18" lane="2/0to2/1_0" slope="0.00"/>
        <vehicle id="42" x="398.35" y="482.73" angle="0.00" type="DEFAULT_VEHTYPE" speed="13.44" pos="112.52" lane="2/3to2/2_0" slope="0.00"/>
        <vehicle id="43" x="387.36" y="598.35" angle="90.00" type="DEFAULT_VEHTYPE" speed="4.79" pos="182.61" lane="1/3to2/3_0" slope="0.00"/>
        <vehicle id="44" x="195.32" y="198.34" angle="89.90" type="DEFAULT_VEHTYPE" speed="6.97" pos="0.07" lane=":1/1_12_0" slope="0.00"/>
        <vehicle id="48" x="5.51" y="198.35" angle="90.00" type="DEFAULT_VEHTYPE" speed="13.34" pos="5.51" lane="0/1to1/1_0" slope="0.00"/>
        <vehicle id="49" x="217.82" y="598.35" angle="90.00" type="DEFAULT_VEHTYPE" speed="13.51" pos="13.07" lane="1/3to2/3_0" slope="0.00"/>
        <vehicle id="5" x="398.35" y="766.10" angle="0.00" type="DEFAULT_VEHTYPE" speed="13.13" pos="33.90" lane="2/4to2/3_0" slope="0.00"/>
        <vehicle id="6" x="201.65" y="469.85" angle="180.00" type="DEFAULT_VEHTYPE" speed="12.62" pos="65.10" lane="1/2to1/3_0" slope="0.00"/>
        <vehicle id="7" x="398.35" y="421.04" angle="0.00" type="DEFAULT_VEHTYPE" speed="13.70" pos="174.21" lane="2/3to2/2_0" slope="0.00"/>
        <vehicle id="8" x="198.35" y="353.83" angle="0.00" type="DEFAULT_VEHTYPE" speed="13.09" pos="41.42" lane="1/2to1/1_0" slope="0.00"/>
        <vehicle id="9" x="555.62" y="401.65" angle="-90.00" type="DEFAULT_VEHTYPE" speed="13.71" pos="39.63" lane="3/2to2/2_0" slope="0.00"/>
    </timestep>
    <timestep time="647.00">
        <vehicle id="0" x="184.48" y="198.35" angle="90.00" type="DEFAULT_VEHTYPE" speed="7.19" pos="184.48" lane="0/1to1/1_0" slope="0.00"/>
        <vehicle id="10" x="398.35" y="147.63" angle="0.00" type="DEFAULT_VEHTYPE" speed="12.79" pos="47.62" lane="2/1to2/0_0" slope="0.00"/>
        <vehicle id="11" x="70.39" y="401.65" angle="-90.00" type="DEFAULT_VEHTYPE" speed="12.74" pos="124.86" lane="1/2to0/2_0" slope="0.00"/>
        <vehicle id="15" x="398.35" y="242.40" angle="0.00" type="DEFAULT_VEHTYPE" speed="13.43" pos="152.85" lane="2/2to2/1_0" slope="0.00"/>
        <vehicle id="16" x="22.84" y="401.65" angle="-90.00" type="DEFAULT_VEHTYPE" speed="13.20" pos="172.41" lane="1/2to0/2_0" slope="0.00"/>
        <vehicle id="17" x="77.03" y="398.35" angle="90.00" type="DEFAULT_VEHTYPE" speed="13.23" pos="77.03" lane="0/2to1/2_0" slope="0.00"/>
        <vehicle id="18" x="541.50" y="198.35" angle="90.00" type="DEFAULT_VEHTYPE" speed="13.01" pos="136.75" lane="2/1to3/1_0" slope="0.00"/>
        <vehicle id="2" x="687.79" y="201.65" angle="-90.00" type="DEFAULT_VEHTYPE" speed="13.77" pos="112.21" lane="4/1to3/1_0" slope="0.00"/>
        <vehicle id="24" x="398.35" y="536.92" angle="0.00" type="DEFAULT_VEHTYPE" speed="13.35" pos="58.33" lane="2/3to2/2_0" slope="0.00"/>
        <vehicle id="28" x="398.35" y="117.31" angle="0.00" type="DEFAULT_VEHTYPE" speed="13.07" pos="77.94" lane="2/1to2/0_0" slope="0.00"/>
        <vehicle id="29" x="599.28" y="598.94" angle="-58.11" type="DEFAULT_VEHTYPE" speed="6.58" pos="6.46" lane=":3/3_6_0" slope="0.00"/>
        <vehicle id="3" x="590.00" y="198.35" angle="90.00" type="DEFAULT_VEHTYPE" speed="2.43" pos="185.25" lane="2/1to3/1_0" slope="0.00"/>
        <vehicle id="33" x="69.33" y="198.35" angle="90.00" type="DEFAULT_VEHTYPE" speed="13.88" pos="69.33" lane="0/1to1/1_0" slope="0.00"/>
        <vehicle id="37" x="371.47" y="598.35" angle="90.00" type="DEFAULT_VEHTYPE" speed="10.17" pos="166.72" lane="1/3to2/3_0" slope="0.00"/>
        <vehicle id="39" x="601.65" y="452.66" angle="180.00" type="DEFAULT_VEHTYPE" speed="13.34" pos="47.91" lane="3/2to3/3_0" slope="0.00"/>
        <vehicle id="40" x="401.65" y="57.92" angle="180.00" type="DEFAULT_VEHTYPE" speed="13.74" pos="57.92" lane="2/0to2/1_0" slope="0.00"/>
        <vehicle id="42" x="398.35" y="469.50" angle="0.00" type="DEFAULT_VEHTYPE" speed="13.23" pos="125.75" lane="2/3to2/2_0" slope="0.00"/>
        <vehicle id="43" x="390.76" y="598.35" angle="90.00" type="DEFAULT_VEHTYPE" speed="3.40" pos="186.01" lane="1/3to2/3_0" slope="0.00"/>
        <vehicle id="44" x="198.35" y="191.14" angle="1.42" type="DEFAULT_VEHTYPE" speed="9.04" pos="4.11" lane="1/1to1/0_0" slope="0.00"/>
        <vehicle id="48" x="18.86" y="198.35" angle="90.00" type="DEFAULT_VEHTYPE" speed="13.34" pos="18.86" lane="0/1to1/1_0" slope="0.00"/>
        <vehicle id="49" x="230.48" y="598.35" angle="90.00" type="DEFAULT_VEHTYPE" speed="12.65" pos="25.73" lane="1/3to2/3_0" slope="0.00"/>
        <vehicle id="5" x="398.35" y="753.16" angle="0.00" type="DEFAULT_VEHTYPE" speed="12.94" pos="46.84" lane="2/4to2/3_0" slope="0.00"/>
        <vehicle id="6" x="201.65" y="483.36" angle="180.00" type="DEFAULT_VEHTYPE" speed="13.50" pos="78.61" lane="1/2to1/3_0" slope="0.00"/>
        <vehicle id="7" x="398.35" y="407.85" angle="0.00" type="DEFAULT_VEHTYPE" speed="13.19" pos="187.40" lane="2/3to2/2_0" slope="0.00"/>
        <vehicle id="8" x="198.35" y="339.95" angle="0.00" type="DEFAULT_VEHTYPE" speed="13.88" pos="55.30" lane="1/2to1/1_0" slope="0.00"/>
        <vehicle id="9" x="541.92" y="401.65" angle="-90.00" type="DEFAULT_VEHTYPE" speed="13.70" pos="53.33" lane="3/2to2/2_0" slope="0.00"/>
    </timestep>
    <timestep time="648.00">
        <vehicle id="0" x="188.57" y="198.35" angle="90.00" type="DEFAULT_VEHTYPE" speed="4.09" pos="188.57" lane="0/1to1/1_0" slope="0.00"/>
        <vehicle id="10" x="398.35" y="133.85" angle="0.00" type="DEFAULT_VEHTYPE" speed="13.79" pos="61.40" lane="2/1to2/0_0" slope="0.00"/>
        <vehicle id="11" x="56.94" y="401.65" angle="-90.00" type="DEFAULT_VEHTYPE" speed="13.46" pos="138.31" lane="1/2to0/2_0" slope="0.00"/>
        <vehicle id="15" x="398.35" y="229.04" angle="0.00" type="DEFAULT_VEHTYPE" speed="13.36" pos="166.21" lane="2/2to2/1_0" slope="0.00"/>
        <vehicle id="16" x="10.07" y="401.65" angle="-90.00" type="DEFAULT_VEHTYPE" speed="12.77" pos="185.18" lane="1/2to0/2_0" slope="0.00"/>
        <vehicle id="17" x="90.53" y="398.35" angle="90.00" type="DEFAULT_VEHTYPE" speed="13.50" pos="90.53" lane="0/2to1/2_0" slope="0.00"/>
        <vehicle id="18" x="554.52" y="198.35" angle="90.00" type="DEFAULT_VEHTYPE" speed="13.01" pos="149.77" lane="2/1to3/1_0" slope="0.00"/>
        <vehicle id="2" x="674.14" y="201.65" angle="-90.00" type="DEFAULT_VEHTYPE" speed="13.65" pos="125.86" lane="4/1to3/1_0" slope="0.00"/>
        <vehicle id="24" x="398.35" y="523.21" angle="0.00" type="DEFAULT_VEHTYPE" speed="13.71" pos="72.04" lane="2/3to2/2_0" slope="0.00"/>
        <vehicle id="28" x="398.35" y="104.51" angle="0.00" type="DEFAULT_VEHTYPE" speed="12.80" pos="90.74" lane="2/1to2/0_0" slope="0.00"/>
        <vehicle id="29" x="598.35" y="590.15" angle="0.00" type="DEFAULT_VEHTYPE" speed="8.96" pos="5.10" lane="3/3to3/2_0" slope="0.00"/>
        <vehicle id="3" x="594.78" y="198.35" angle="90.00" type="DEFAULT_VEHTYPE" speed="4.79" pos="190.03" lane="2/1to3/1_0" slope="0.00"/>
        <vehicle id="33" x="82.24" y="198.35" angle="90.00" type="DEFAULT_VEHTYPE" speed="12.91" pos="82.24" lane="0/1to1/1_0" slope="0.00"/>
        <vehicle id="37" x="377.79" y="598.35" angle="90.00" type="DEFAULT_VEHTYPE" speed="6.32" pos="173.04" lane="1/3to2/3_0" slope="0.00"/>
        <vehicle id="39" x="601.65" y="465.29" angle="180.00" type="DEFAULT_VEHTYPE" speed="12.63" pos="60.54" lane="3/2to3/3_0" slope="0.00"/>
        <vehicle id="40" x="401.65" y="71.06" angle="180.00" type="DEFAULT_VEHTYPE" speed="13.14" pos="71.06" lane="2/0to2/1_0" slope="0.00"/>
        <vehicle id="42" x="398.35" y="455.67" angle="0.00" type="DEFAULT_VEHTYPE" speed="13.83" pos="139.58" lane="2/3to2/2_0" slope="0.00"/>
        <vehicle id="43" x="395.78" y="598.43" angle="90.87" type="DEFAULT_VEHTYPE" speed="5.03" pos="0.54" lane=":2/3_14_0" slope="0.00"/>
        <vehicle id="44" x="198.35" y="180.07" angle="0.00" type="DEFAULT_VEHTYPE" speed="11.07" pos="15.18" lane="1/1to1/0_0" slope="0.00"/>
        <vehicle id="48" x="31.62" y="198.35" angle="90.00" type="DEFAULT_VEHTYPE" speed="12.77" pos="31.62" lane="0/1to1/1_0" slope="0.00"/>
        <vehicle id="49" x="243.48" y="598.35" angle="90.00" type="DEFAULT_VEHTYPE" speed="13.01" pos="38.73" lane="1/3to2/3_0" slope="0.00"/>
        <vehicle id="5" x="398.35" y="739.35" angle="0.00" type="DEFAULT_VEHTYPE" speed="13.81" pos="60.65" lane="2/4to2/3_0" slope="0.00"/>
        <vehicle id="6" x="201.65" y="497.22" angle="180.00" type="DEFAULT_VEHTYPE" speed="13.87" pos="92.47" lane="1/2to1/3_0" slope="0.00"/>
        <vehicle id="7" x="389.80" y="401.65" angle="-90.00" type="DEFAULT_VEHTYPE" speed="13.55" pos="5.45" lane="2/2to1/2_0" slope="0.00"/>
        <vehicle id="8" x="198.35" y="327.30" angle="0.00" type="DEFAULT_VEHTYPE" speed="12.65" pos="67.95" lane="1/2to1/1_0" slope="0.00"/>
        <vehicle id="9" x="528.63" y="401.65" angle="-90.00" type="DEFAULT_VEHTYPE" speed="13.30" pos="66.62" lane="3/2to2/2_0" slope="0.00"/>
    </timestep>
    <timestep time="649.00">
        <vehicle id="0" x="194.07" y="198.35" angle="90.00" type="DEFAULT_VEHTYPE" speed="5.50" pos="194.07" lane="0/1to1/1_0" slope="0.00"/>
        <vehicle id="10" x="398.35" y="120.41" angle="0.00" type="DEFAULT_VEHTYPE" speed="13.44" pos="74.84" lane="2/1to2/0_0" slope="0.00"/>
        <vehicle id="11" x="43.71" y="401.65" angle="-90.00" type="DEFAULT_VEHTYPE" speed="13.23" pos="151.54" lane="1/2to0/2_0" slope="0.00"/>
        <vehicle id="15" x="398.35" y="215.93" angle="0.00" type="DEFAULT_VEHTYPE" speed="13.10" pos="179.32" lane="2/2to2/1_0" slope="0.00"/>
        <vehicle id="16" x="-0.97" y="399.00" angle="-41.32" type="DEFAULT_VEHTYPE" speed="13.71" pos="3.65" lane=":0/2_0_0" slope="0.00"/>
        <vehicle id="17" x="103.85" y="398.35" angle="90.00" type="DEFAULT_VEHTYPE" speed="13.32" pos="103.85" lane="0/2to1/2_0" slope="0.00"/>
        <vehicle id="18" x="568.28" y="198.35" angle="90.00" type="DEFAULT_VEHTYPE" speed="13.76" pos="163.53" lane="2/1to3/1_0" slope="0.00"/>
        <vehicle id="2" x="660.37" y="201.65" angle="-90.00" type="DEFAULT_VEHTYPE" speed="13.77" pos="139.63" lane="4/1to3/1_0" slope="0.00"/>
        <vehicle id="24" x="398.35" y="510.34" angle="0.00" type="DEFAULT_VEHTYPE" speed="12.87" pos="84.91" lane="2/3to2/2_0" slope="0.00"/>
        <vehicle id="28" x="398.35" y="90.84" angle="0.00" type="DEFAULT_VEHTYPE" speed="13.66" pos="104.41" lane="2/1to2/0_0" slope="0.00"/>
        <vehicle id="29" x="598.35" y="579.89" angle="0.00" type="DEFAULT_VEHTYPE" speed="10.26" pos="15.36" lane="3/3to3/2_0" slope="0.00"/>
        <vehicle id="3" x="600.61" y="200.88" angle="119.72" type="DEFAULT_VEHTYPE" speed="6.71" pos="6.25" lane=":3/1_14_0" slope="0.00"/>
        <vehicle id="33" x="95.46" y="198.35" angle="90.00" type="DEFAULT_VEHTYPE" speed="13.23" pos="95.46" lane="0/1to1/1_0" slope="0.00"/>
        <vehicle id="37" x="384.54" y="598.35" angle="90.00" type="DEFAULT_VEHTYPE" speed="6.75" pos="179.79" lane="1/3to2/3_0" slope="0.00"/>
        <vehicle id="39" x="601.65" y="479.09" angle="180.00" type="DEFAULT_VEHTYPE" speed="13.80" pos="74.34" lane="3/2to3/3_0" slope="0.00"/>
        <vehicle id="40" x="401.65" y="83.68" angle="180.00" type="DEFAULT_VEHTYPE" speed="12.62" pos="83.68" lane="2/0to2/1_0" slope="0.00"/>
        <vehicle id="42" x="398.35" y="442.00" angle="0.00" type="DEFAULT_VEHTYPE" speed="13.67" pos="153.25" lane="2/3to2/2_0" slope="0.00"/>
        <vehicle id="43" x="401.32" y="602.41" angle="138.75" type="DEFAULT_VEHTYPE" speed="7.42" pos="7.96" lane=":2/3_14_0" slope="0.00"/>
        <vehicle id="44" x="198.35" y="167.33" angle="0.00" type="DEFAULT_VEHTYPE" speed="12.74" pos="27.92" lane="1/1to1/0_0" slope="0.00"/>
        <vehicle id="48" x="44.94" y="198.35" angle="90.00" type="DEFAULT_VEHTYPE" speed="13.32" pos="44.94" lane="0/1to1/1_0" slope="0.00"/>
        <vehicle id="49" x="256.10" y="598.35" angle="90.00" type="DEFAULT_VEHTYPE" speed="12.61" pos="51.35" lane="1/3to2/3_0" slope="0.00"/>
        <vehicle id="5" x="398.35" y="725.50" angle="0.00" type="DEFAULT_VEHTYPE" speed="13.85" pos="74.50" lane="2/4to2/3_0" slope="0.00"/>
        <vehicle id="6" x="201.65" y="510.82" angle="180.00" type="DEFAULT_VEHTYPE" speed="13.60" pos="106.07" lane="1/2to1/3_0" slope="0.00"/>
        <vehicle id="7" x="376.26" y="401.65" angle="-90.00" type="DEFAULT_VEHTYPE" speed="13.54" pos="18.99" lane="2/2to1/2_0" slope="0.00"/>
        <vehicle id="8" x="198.35" y="313.81" angle="0.00" type="DEFAULT_VEHTYPE" speed="13.49" pos="81.44" lane="1/2to1/1_0" slope="0.00"/>
        <vehicle id="9" x="514.74" y="401.65" angle="-90.00" type="DEFAULT_VEHTYPE" speed="13.88" pos="80.51" lane="3/2to2/2_0" slope="0.00"/>
    </timestep>
    <timestep time="650.00">
        <vehicle id="0" x="198.35" y="193.78" angle="20.97" type="DEFAULT_VEHTYPE" speed="7.65" pos="1.47" lane="1/1to1/0_0" slope="0.00"/>
        <vehicle id="10" x="398.35" y="106.55" angle="0.00" type="DEFAULT_VEHTYPE" speed="13.86" pos="88.70" lane="2/1to2/0_0" slope="0.00"/>
        <vehicle id="11" x="29.93" y="401.65" angle="-90.00" type="DEFAULT_VEHTYPE" speed="13.78" pos="165.32" lane="1/2to0/2_0" slope="0.00"/>
        <vehicle id="15" x="398.35" y="202.73" angle="0.00" type="DEFAULT_VEHTYPE" speed="13.20" pos="2.02" lane=":2/1_1_0" slope="0.00"/>
        <vehicle id="16" x="12.47" y="398.35" angle="90.00" type="DEFAULT_VEHTYPE" speed="13.65" pos="12.47" lane="0/2to1/2_0" slope="0.00"/>
        <vehicle id="17" x="116.69" y="398.35" angle="90.00" type="DEFAULT_VEHTYPE" speed="12.84" pos="116.69" lane="0/2to1/2_0" slope="0.00"/>
        <vehicle id="18" x="579.01" y="198.35" angle="90.00" type="DEFAULT_VEHTYPE" speed="10.73" pos="174.26" lane="2/1to3/1_0" slope="0.00"/>
        <vehicle id="2" x="646.69" y="201.65" angle="-90.00" type="DEFAULT_VEHTYPE" speed="13.68" pos="153.31" lane="4/1to3/1_0" slope="0.00"/>
        <vehicle id="24" x="398.35" y="496.81" angle="0.00" type="DEFAULT_VEHTYPE" speed="13.53" pos="98.44" lane="2/3to2/2_0" slope="0.00"/>
        <vehicle id="28" x="398.35" y="77.70" angle="0.00" type="DEFAULT_VEHTYPE" speed="13.15" pos="117.55" lane="2/1to2/0_0" slope="0.00"/>
        <vehicle id="29" x="598.35" y="567.18" angle="0.00" type="DEFAULT_VEHTYPE" speed="12.71" pos="28.07" lane="3/3to3/2_0" slope="0.00"/>
        <vehicle id="3" x="601.65" y="209.10" angle="178.95" type="DEFAULT_VEHTYPE" speed="8.43" pos="4.35" lane="3/1to3/2_0" slope="0.00"/>
        <vehicle id="33" x="108.46" y="198.35" angle="90.00" type="DEFAULT_VEHTYPE" speed="13.00" pos="108.46" lane="0/1to1/1_0" slope="0.00"/>
        <vehicle id="37" x="389.70" y="598.35" angle="90.00" type="DEFAULT_VEHTYPE" speed="5.16" pos="184.95" lane="1/3to2/3_0" slope="0.00"/>
        <vehicle id="39" x="601.65" y="491.77" angle="180.00" type="DEFAULT_VEHTYPE" speed="12.69" pos="87.02" lane="3/2to3/3_0" slope="0.00"/>
        <vehicle id="40" x="401.65" y="97.37" angle="180.00" type="DEFAULT_VEHTYPE" speed="13.69" pos="97.37" lane="2/0to2/1_0" slope="0.00"/>
        <vehicle id="42" x="398.35" y="429.02" angle="0.00" type="DEFAULT_VEHTYPE" speed="12.98" pos="166.23" lane="2/3to2/2_0" slope="0.00"/>
        <vehicle id="43" x="401.65" y="612.31" angle="180.00" type="DEFAULT_VEHTYPE" speed="9.92" pos="7.56" lane="2/3to2/4_0" slope="0.00"/>
        <vehicle id="44" x="198.35" y="154.21" angle="0.00" type="DEFAULT_VEHTYPE" speed="13.12" pos="41.04" lane="1/1to1/0_0" slope="0.00"/>
        <vehicle id="48" x="58.24" y="198.35" angle="90.00" type="DEFAULT_VEHTYPE" speed="13.30" pos="58.24" lane="0/1to1/1_0" slope="0.00"/>
        <vehicle id="49" x="269.80" y="598.35" angle="90.00" type="DEFAULT_VEHTYPE" speed="13.70" pos="65.05" lane="1/3to2/3_0" slope="0.00"/>
        <vehicle id="5" x="398.35" y="712.68" angle="0.00" type="DEFAULT_VEHTYPE" speed="12.82" pos="87.32" lane="2/4to2/3_0" slope="0.00"/>
        <vehicle id="6" x="201.65" y="524.25" angle="180.00" type="DEFAULT_VEHTYPE" speed="13.43" pos="119.50" lane="1/2to1/3_0" slope="0.00"/>
        <vehicle id="7" x="363.03" y="401.65" angle="-90.00" type="DEFAULT_VEHTYPE" speed="13.23" pos="32.22" lane="2/2to1/2_0" slope="0.00"/>
        <vehicle id="8" x="198.35" y="300.59" angle="0.00" type="DEFAULT_VEHTYPE" speed="13.22" pos="94.66" lane="1/2to1/1_0" slope="0.00"/>
        <vehicle id="9" x="501.28" y="401.65" angle="-90.00" type="DEFAULT_VEHTYPE" speed="13.46" pos="93.97" lane="3/2to2/2_0" slope="0.00"/>
    </timestep>
    <timestep time="651.00">
        <vehicle id="0" x="198.35" y="184.48" angle="0.00" type="DEFAULT_VEHTYPE" speed="9.30" pos="10.77" lane="1/1to1/0_0" slope="0.00"/>
        <vehicle id="10" x="398.35" y="93.77" angle="0.00" type="DEFAULT_VEHTYPE" speed="12.78" pos="101.48" lane="2/1to2/0_0" slope="0.00"/>
        <vehicle id="11" x="17.13" y="401.65" angle="-90.00" type="DEFAULT_VEHTYPE" speed="12.80" pos="178.12" lane="1/2to0/2_0" slope="0.00"/>
        <vehicle id="15" x="398.35" y="188.93" angle="0.00" type="DEFAULT_VEHTYPE" speed="13.81" pos="6.32" lane="2/1to2/0_0" slope="0.00"/>
        <vehicle id="16" x="25.79" y="398.35" angle="90.00" type="DEFAULT_VEHTYPE" speed="13.32" pos="25.79" lane="0/2to1/2_0" slope="0.00"/>
        <vehicle id="17" x="130.09" y="398.35" angle="90.00" type="DEFAULT_VEHTYPE" speed="13.40" pos="130.09" lane="0/2to1/2_0" slope="0.00"/>
        <vehicle id="18" x="585.26" y="198.35" angle="90.00" type="DEFAULT_VEHTYPE" speed="6.25" pos="180.51" lane="2/1to3/1_0" slope="0.00"/>
        <vehicle id="2" x="632.83" y="201.65" angle="-90.00" type="DEFAULT_VEHTYPE" speed="13.87" pos="167.17" lane="4/1to3/1_0" slope="0.00"/>
        <vehicle id="24" x="398.35" y="483.17" angle="0.00" type="DEFAULT_VEHTYPE" speed="13.64" pos="112.08" lane="2/3to2/2_0" slope="0.00"/>
        <vehicle id="28" x="398.35" y="64.12" angle="0.00" type="DEFAULT_VEHTYPE" speed="13.58" pos="131.13" lane="2/1to2/0_0" slope="0.00"/>
        <vehicle id="29" x="598.35" y="554.39" angle="0.00" type="DEFAULT_VEHTYPE" speed="12.80" pos="40.86" lane="3/3to3/2_0" slope="0.00"/>
        <vehicle id="3" x="601.65" y="219.16" angle="180.00" type="DEFAULT_VEHTYPE" speed="10.06" pos="14.41" lane="3/1to3/2_0" slope="0.00"/>
        <vehicle id="33" x="121.24" y="198.35" angle="90.00" type="DEFAULT_VEHTYPE" speed="12.78" pos="121.24" lane="0/1to1/1_0" slope="0.00"/>
        <vehicle id="37" x="397.21" y="598.63" angle="93.21" type="DEFAULT_VEHTYPE" speed="7.53" pos="1.98" lane=":2/3_14_0" slope="0.00"/>
        <vehicle id="39" x="601.65" y="505.64" angle="180.00" type="DEFAULT_VEHTYPE" speed="13.86" pos="100.89" lane="3/2to3/3_0" slope="0.00"/>
        <vehicle id="40" x="401.65" y="110.69" angle="180.00" type="DEFAULT_VEHTYPE" speed="13.31" pos="110.69" lane="2/0to2/1_0" slope="0.00"/>
        <vehicle id="42" x="398.35" y="416.02" angle="0.00" type="DEFAULT_VEHTYPE" speed="13.00" pos="179.23" lane="2/3to2/2_0" slope="0.00"/>
        <vehicle id="43" x="401.65" y="624.67" angle="180.00" type="DEFAULT_VEHTYPE" speed="12.36" pos="19.92" lane="2/3to2/4_0" slope="0.00"/>
        <vehicle id="44" x="198.35" y="141.23" angle="0.00" type="DEFAULT_VEHTYPE" speed="12.98" pos="54.02" lane="1/1to1/0_0" slope="0.00"/>
        <vehicle id="48" x="71.12" y="198.35" angle="90.00" type="DEFAULT_VEHTYPE" speed="12.89" pos="71.12" lane="0/1to1/1_0" slope="0.00"/>
        <vehicle id="49" x="282.65" y="598.35" angle="90.00" type="DEFAULT_VEHTYPE" speed="12.85" pos="77.90" lane="1/3to2/3_0" slope="0.00"/>
        <vehicle id="5" x="398.35" y="699.21" angle="0.00" type="DEFAULT_VEHTYPE" speed="13.47" pos="100.79" lane="2/4to2/3_0" slope="0.00"/>
        <vehicle id="6" x="201.65" y="537.04" angle="180.00" type="DEFAULT_VEHTYPE" speed="12.78" pos="132.29" lane="1/2to1/3_0" slope="0.00"/>
        <vehicle id="7" x="350.02" y="401.65" angle="-90.00" type="DEFAULT_VEHTYPE" speed="13.01" pos="45.23" lane="2/2to1/2_0" slope="0.00"/>
        <vehicle id="8" x="198.35" y="287.40" angle="0.00" type="DEFAULT_VEHTYPE" speed="13.19" pos="107.85" lane="1/2to1/1_0" slope="0.00"/>
        <vehicle id="9" x="487.68" y="401.65" angle="-90.00" type="DEFAULT_VEHTYPE" speed="13.61" pos="107.57" lane="3/2to2/2_0" slope="0.00"/>
    </timestep>
    <timestep time="652.00">
        <vehicle id="0" x="198.35" y="173.75" angle="0.00" type="DEFAULT_VEHTYPE" speed="10.72" pos="21.50" lane="1/1to1/0_0" slope="0.00"/>
        <vehicle id="10" x="398.35" y="80.36" angle="0.00" type="DEFAULT_VEHTYPE" speed="13.41" pos="114.89" lane="2/1to2/0_0" slope="0.00"/>
        <vehicle id="11" x="3.65" y="401.65" angle="-90.00" type="DEFAULT_VEHTYPE" speed="13.48" pos="191.60" lane="1/2to0/2_0" slope="0.00"/>
        <vehicle id="15" x="398.35" y="175.42" angle="0.00" type="DEFAULT_VEHTYPE" speed="13.51" pos="19.83" lane="2/1to2/0_0" slope="0.00"/>
        <vehicle id="16" x="38.42" y="398.35" angle="90.00" type="DEFAULT_VEHTYPE" speed="12.63" pos="38.42" lane="0/2to1/2_0" slope="0.00"/>
        <vehicle id="17" x="142.74" y="398.35" angle="90.00" type="DEFAULT_VEHTYPE" speed="12.65" pos="142.74" lane="0/2to1/2_0" slope="0.00"/>
        <vehicle id="18" x="590.07" y="198.35" angle="90.00" type="DEFAULT_VEHTYPE" speed="4.81" pos="185.32" lane="2/1to3/1_0" slope="0.00"/>
        <vehicle id="2" x="622.30" y="201.65" angle="-90.00" type="DEFAULT_VEHTYPE" speed="10.53" pos="177.70" lane="4/1to3/1_0" slope="0.00"/>
        <vehicle id="24" x="398.35" y="470.15" angle="0.00" type="DEFAULT_VEHTYPE" speed="13.01" pos="125.10" lane="2/3to2/2_0" slope="0.00"/>
        <vehicle id="28" x="398.35" y="50.68" angle="0.00" type="DEFAULT_VEHTYPE" speed="13.44" pos="144.57" lane="2/1to2/0_0" slope="0.00"/>
        <vehicle id="29" x="598.35" y="540.95" angle="0.00" type="DEFAULT_VEHTYPE" speed="13.43" pos="54.30" lane="3/3to3/2_0" slope="0.00"/>
        <vehicle id="3" x="601.65" y="230.62" angle="180.00" type="DEFAULT_VEHTYPE" speed="11.46" pos="25.87" lane="3/1to3/2_0" slope="0.00"/>
        <vehicle id="33" x="134.23" y="198.35" angle="90.00" type="DEFAULT_VEHTYPE" speed="12.99" pos="134.23" lane="0/1to1/1_0" slope="0.00"/>
        <vehicle id="37" x="401.65" y="605.24" angle="165.01" type="DEFAULT_VEHTYPE" speed="8.83" pos="0.49" lane="2/3to2/4_0" slope="0.00"/>
        <vehicle id="39" x="601.65" y="519.02" angle="180.00" type="DEFAULT_VEHTYPE" speed="13.38" pos="114.27" lane="3/2to3/3_0" slope="0.00"/>
        <vehicle id="40" x="401.65" y="123.50" angle="180.00" type="DEFAULT_VEHTYPE" speed="12.82" pos="123.50" lane="2/0to2/1_0" slope="0.00"/>
        <vehicle id="42" x="398.35" y="402.66" angle="0.00" type="DEFAULT_VEHTYPE" speed="13.36" pos="2.09" lane=":2/2_1_0" slope="0.00"/>
        <vehicle id="43" x="401.65" y="637.43" angle="180.00" type="DEFAULT_VEHTYPE" speed="12.76" pos="32.68" lane="2/3to2/4_0" slope="0.00"/>
        <vehicle id="44" x="198.35" y="128.49" angle="0.00" type="DEFAULT_VEHTYPE" speed="12.74" pos="66.76" lane="1/1to1/0_0" slope="0.00"/>
        <vehicle id="48" x="83.94" y="198.35" angle="90.00" type="DEFAULT_VEHTYPE" speed="12.82" pos="83.94" lane="0/1to1/1_0" slope="0.00"/>
        <vehicle id="49" x="295.97" y="598.35" angle="90.00" type="DEFAULT_VEHTYPE" speed="13.32" pos="91.22" lane="1/3to2/3_0" slope="0.00"/>
        <vehicle id="5" x="398.35" y="685.95" angle="0.00" type="DEFAULT_VEHTYPE" speed="13.26" pos="114.05" lane="2/4to2/3_0" slope="0.00"/>
        <vehicle id="6" x="201.65" y="550.69" angle="180.00" type="DEFAULT_VEHTYPE" speed="13.65" pos="145.94" lane="1/2to1/3_0" slope="0.00"/>
        <vehicle id="7" x="336.32" y="401.65" angle="-90.00" type="DEFAULT_VEHTYPE" speed="13.70" pos="58.93" lane="2/2to1/2_0" slope="0.00"/>
        <vehicle id="8" x="198.35" y="274.00" angle="0.00" type="DEFAULT_VEHTYPE" speed="13.41" pos="121.25" lane="1/2to1/1_0" slope="0.00"/>
        <vehicle id="9" x="473.85" y="401.65" angle="-90.00" type="DEFAULT_VEHTYPE" speed="13.82" pos="121.40" lane="3/2to2/2_0" slope="0.00"/>
    </timestep>
    <timestep time="653.00">
        <vehicle id="0" x="198.35" y="160.88" angle="0.00" type="DEFAULT_VEHTYPE" speed="12.88" pos="34.37" lane="1/1to1/0_0" slope="0.00"/>
        <vehicle id="10" x="398.35" y="67.17" angle="0.00" type="DEFAULT_VEHTYPE" speed="13.19" pos="128.08" lane="2/1to2/0_0" slope="0.00"/>
        <vehicle id="11" x="5.31" y="398.35" angle="90.00" type="DEFAULT_VEHTYPE" speed="13.78" pos="5.31" lane="0/2to1/2_0" slope="0.00"/>
        <vehicle id="15" x="398.35" y="162.06" angle="0.00" type="DEFAULT_VEHTYPE" speed="13.35" pos="33.19" lane="2/1to2/0_0" slope="0.00"/>
        <vehicle id="16" x="51.20" y="398.35" angle="90.00" type="DEFAULT_VEHTYPE" speed="12.78" pos="51.20" lane="0/2to1/2_0" slope="0.00"/>
        <vehicle id="17" x="155.90" y="398.35" angle="90.00" type="DEFAULT_VEHTYPE" speed="13.16" pos="155.90" lane="0/2to1/2_0" slope="0.00"/>
        <vehicle id="18" x="591.17" y="198.35" angle="90.00" type="DEFAULT_VEHTYPE" speed="1.11" pos="186.42" lane="2/1to3/1_0" slope="0.00"/>
        <vehicle id="2" x="615.23" y="201.65" angle="-90.00" type="DEFAULT_VEHTYPE" speed="7.07" pos="184.77" lane="4/1to3/1_0" slope="0.00"/>
        <vehicle id="24" x="398.35" y="457.55" angle="0.00" type="DEFAULT_VEHTYPE" speed="12.60" pos="137.70" lane="2/3to2/2_0" slope="0.00"/>
        <vehicle id="28" x="398.35" y="36.89" angle="0.00" type="DEFAULT_VEHTYPE" speed="13.79" pos="158.36" lane="2/1to2/0_0" slope="0.00"/>
        <vehicle id="29" x="598.35" y="527.93" angle="0.00" type="DEFAULT_VEHTYPE" speed="13.02" pos="67.32" lane="3/3to3/2_0" slope="0.00"/>
        <vehicle id="3" x="601.65" y="243.65" angle="180.00" type="DEFAULT_VEHTYPE" speed="13.04" pos="38.90" lane="3/1to3/2_0" slope="0.00"/>
        <vehicle id="33" x="147.92" y="198.35" angle="90.00" type="DEFAULT_VEHTYPE" speed="13.70" pos="147.92" lane="0/1to1/1_0" slope="0.00"/>
        <vehicle id="37" x="401.65" y="615.71" angle="180.00" type="DEFAULT_VEHTYPE" speed="10.47" pos="10.96" lane="2/3to2/4_0" slope="0.00"/>
        <vehicle id="39" x="601.65" y="532.03" angle="180.00" type="DEFAULT_VEHTYPE" speed="13.01" pos="127.28" lane="3/2to3/3_0" slope="0.00"/>
        <vehicle id="40" x="401.65" y="136.41" angle="180.00" type="DEFAULT_VEHTYPE" speed="12.91" pos="136.41" lane="2/0to2/1_0" slope="0.00"/>
        <vehicle id="42" x="398.35" y="389.94" angle="0.00" type="DEFAULT_VEHTYPE" speed="12.72" pos="5.31" lane="2/2to2/1_0" slope="0.00"/>
        <vehicle id="43" x="401.65" y="651.03" angle="180.00" type="DEFAULT_VEHTYPE" speed="13.60" pos="46.28" lane="2/3to2/4_0" slope="0.00"/>
        <vehicle id="44" x="198.35" y="114.63" angle="0.00" type="DEFAULT_VEHTYPE" speed="13.86" pos="80.62" lane="1/1to1/0_0" slope="0.00"/>
        <vehicle id="48" x="96.81" y="198.35" angle="90.00" type="DEFAULT_VEHTYPE" speed="12.87" pos="96.81" lane="0/1to1/1_0" slope="0.00"/>
        <vehicle id="49" x="308.84" y="598.35" angle="90.00" type="DEFAULT_VEHTYPE" speed="12.87" pos="104.09" lane="1/3to2/3_0" slope="0.00"/>
        <vehicle id="5" x="398.35" y="672.10" angle="0.00" type="DEFAULT_VEHTYPE" speed="13.85" pos="127.90" lane="2/4to2/3_0" slope="0.00"/>
        <vehicle id="6" x="201.65" y="563.88" angle="180.00" type="DEFAULT_VEHTYPE" speed="13.19" pos="159.13" lane="1/2to1/3_0" slope="0.00"/>
        <vehicle id="7" x="322.52" y="401.65" angle="-90.00" type="DEFAULT_VEHTYPE" speed="13.79" pos="72.73" lane="2/2to1/2_0" slope="0.00"/>
        <vehicle id="8" x="198.35" y="260.86" angle="0.00" type="DEFAULT_VEHTYPE" speed="13.14" pos="134.39" lane="1/2to1/1_0" slope="0.00"/>
        <vehicle id="9" x="460.79" y="401.65" angle="-90.00" type="DEFAULT_VEHTYPE" speed="13.06" pos="134.46" lane="3/2to2/2_0" slope="0.00"/>
    </timestep>
    <timestep time="654.00">
        <vehicle id="0" x="198.35" y="147.23" angle="0.00" type="DEFAULT_VEHTYPE" speed="13.65" pos="48.02" lane="1/1to1/0_0" slope="0.00"/>
        <vehicle id="10" x="398.35" y="54.41" angle="0.00" type="DEFAULT_VEHTYPE" speed="12.76" pos="140.84" lane="2/1to2/0_0" slope="0.00"/>
        <vehicle id="11" x="18.00" y="398.35" angle="90.00" type="DEFAULT_VEHTYPE" speed="12.69" pos="18.00" lane="0/2to1/2_0" slope="0.00"/>
        <vehicle id="15" x="398.35" y="148.47" angle="0.00" type="DEFAULT_VEHTYPE" speed="13.59" pos="46.78" lane="2/1to2/0_0" slope="0.00"/>
        <vehicle id="16" x="64.24" y="398.35" angle="90.00" type="DEFAULT_VEHTYPE" speed="13.04" pos="64.24" lane="0/2to1/2_0" slope="0.00"/>
        <vehicle id="17" x="169.15" y="398.35" angle="90.00" type="DEFAULT_VEHTYPE" speed="13.25" pos="169.15" lane="0/2to1/2_0" slope="0.00"/>
        <vehicle id="18" x="592.48" y="198.35" angle="90.00" type="DEFAULT_VEHTYPE" speed="1.31" pos="187.73" lane="2/1to3/1_0" slope="0.00"/>
        <vehicle id="2" x="610.58" y="201.65" angle="-90.00" type="DEFAULT_VEHTYPE" speed="4.65" pos="189.42" lane="4/1to3/1_0" slope="0.00"/>
        <vehicle id="24" x="398.35" y="444.86" angle="0.00" type="DEFAULT_VEHTYPE" speed="12.69" pos="150.39" lane="2/3to2/2_0" slope="0.00"/>
        <vehicle id="28" x="398.35" y="24.16" angle="0.00" type="DEFAULT_VEHTYPE" speed="12.73" pos="171.09" lane="2/1to2/0_0" slope="0.00"/>
        <vehicle id="29" x="598.35" y="514.85" angle="0.00" type="DEFAULT_VEHTYPE" speed="13.09" pos="80.40" lane="3/3to3/2_0" slope="0.00"/>
        <vehicle id="3" x="601.65" y="257.34" angle="180.00" type="DEFAULT_VEHTYPE" speed="13.68" pos="52.59" lane="3/1to3/2_0" slope="0.00"/>
        <vehicle id="33" x="161.41" y="198.35" angle="90.00" type="DEFAULT_VEHTYPE" speed="13.48" pos="161.41" lane="0/1to1/1_0" slope="0.00"/>
        <vehicle id="37" x="401.65" y="627.89" angle="180.00" type="DEFAULT_VEHTYPE" speed="12.18" pos="23.14" lane="2/3to2/4_0" slope="0.00"/>
        <vehicle id="39" x="601.65" y="544.75" angle="180.00" type="DEFAULT_VEHTYPE" speed="12.71" pos="140.00" lane="3/2to3/3_0" slope="0.00"/>
        <vehicle id="40" x="401.65" y="149.21" angle="180.00" type="DEFAULT_VEHTYPE" speed="12.79" pos="149.21" lane="2/0to2/1_0" slope="0.00"/>
        <vehicle id="42" x="398.35" y="376.71" angle="0.00" type="DEFAULT_VEHTYPE" speed="13.23" pos="18.54" lane="2/2to2/1_0" slope="0.00"/>
        <vehicle id="43" x="401.65" y="663.77" angle="180.00" type="DEFAULT_VEHTYPE" speed="12.74" pos="59.02" lane="2/3to2/4_0" slope="0.00"/>
        <vehicle id="44" x="198.35" y="101.01" angle="0.00" type="DEFAULT_VEHTYPE" speed="13.62" pos="94.24" lane="1/1to1/0_0" slope="0.00"/>
        <vehicle id="48" x="109.58" y="198.35" angle="90.00" type="DEFAULT_VEHTYPE" speed="12.77" pos="109.58" lane="0/1to1/1_0" slope="0.00"/>
        <vehicle id="49" x="321.92" y="598.35" angle="90.00" type="DEFAULT_VEHTYPE" speed="13.07" pos="117.17" lane="1/3to2/3_0" slope="0.00"/>
        <vehicle id="5" x="398.35" y="659.27" angle="0.00" type="DEFAULT_VEHTYPE" speed="12.83" pos="140.73" lane="2/4to2/3_0" slope="0.00"/>
        <vehicle id="6" x="201.65" y="576.81" angle="180.00" type="DEFAULT_VEHTYPE" speed="12.93" pos="172.06" lane="1/2to1/3_0" slope="0.00"/>
        <vehicle id="7" x="308.80" y="401.65" angle="-90.00" type="DEFAULT_VEHTYPE" speed="13.73" pos="86.45" lane="2/2to1/2_0" slope="0.00"/>
        <vehicle id="8" x="198.35" y="247.34" angle="0.00" type="DEFAULT_VEHTYPE" speed="13.51" pos="147.91" lane="1/2to1/1_0" slope="0.00"/>
        <vehicle id="9" x="447.17" y="401.65" angle="-90.00" type="DEFAULT_VEHTYPE" speed="13.63" pos="148.08" lane="3/2to2/2_0" slope="0.00"/>
    </timestep>
    <timestep time="655.00">
        <vehicle id="0" x="198.35" y="133.59" angle="0.00" type="DEFAULT_VEHTYPE" speed="13.64" pos="61.66" lane="1/1to1/0_0" slope="0.00"/>
        <vehicle id="10" x="398.35" y="41.72" angle="0.00" type="DEFAULT_VEHTYPE" speed="12.70" pos="153.53" lane="2/1to2/0_0" slope="0.00"/>
        <vehicle id="11" x="30.74" y="398.35" angle="90.00" type="DEFAULT_VEHTYPE" speed="12.74" pos="30.74" lane="0/2to1/2_0" slope="0.00"/>
        <vehicle id="15" x="398.35" y="135.82" angle="0.00" type="DEFAULT_VEHTYPE" speed="12.65" pos="59.43" lane="2/1to2/0_0" slope="0.00"/>
        <vehicle id="16" x="77.84" y="398.35" angle="90.00" type="DEFAULT_VEHTYPE" speed="13.61" pos="77.84" lane="0/2to1/2_0" slope="0.00"/>
        <vehicle id="17" x="178.73" y="398.35" angle="90.00" type="DEFAULT_VEHTYPE" speed="9.58" pos="178.73" lane="0/2to1/2_0" slope="0.00"/>
        <vehicle id="18" x="592.71" y="198.35" angle="90.00" type="DEFAULT_VEHTYPE" speed="0.23" pos="187.96" lane="2/1to3/1_0" slope="0.00"/>
        <vehicle id="2" x="603.57" y="201.81" angle="-91.89" type="DEFAULT_VEHTYPE" speed="7.02" pos="1.19" lane=":3/1_4_0" slope="0.00"/>
        <vehicle id="24" x="398.35" y="431.05" angle="0.00" type="DEFAULT_VEHTYPE" speed="13.82" pos="164.20" lane="2/3to2/2_0" slope="0.00"/>
        <vehicle id="28" x="398.35" y="10.28" angle="0.00" type="DEFAULT_VEHTYPE" speed="13.87" pos="184.97" lane="2/1to2/0_0" slope="0.00"/>
        <vehicle id="29" x="598.35" y="501.12" angle="0.00" type="DEFAULT_VEHTYPE" speed="13.73" pos="94.13" lane="3/3to3/2_0" slope="0.00"/>
        <vehicle id="3" x="601.65" y="270.22" angle="180.00" type="DEFAULT_VEHTYPE" speed="12.89" pos="65.47" lane="3/1to3/2_0" slope="0.00"/>
        <vehicle id="33" x="173.51" y="198.35" angle="90.00" type="DEFAULT_VEHTYPE" speed="12.10" pos="173.51" lane="0/1to1/1_0" slope="0.00"/>
        <vehicle id="37" x="401.65" y="640.72" angle="180.00" type="DEFAULT_VEHTYPE" speed="12.84" pos="35.97" lane="2/3to2/4_0" slope="0.00"/>
        <vehicle id="39" x="601.65" y="558.52" angle="180.00" type="DEFAULT_VEHTYPE" speed="13.78" pos="153.77" lane="3/2to3/3_0" slope="0.00"/>
        <vehicle id="40" x="401.65" y="162.02" angle="180.00" type="DEFAULT_VEHTYPE" speed="12.82" pos="162.02" lane="2/0to2/1_0" slope="0.00"/>
        <vehicle id="42" x="398.35" y="362.86" angle="0.00" type="DEFAULT_VEHTYPE" speed="13.85" pos="32.39" lane="2/2to2/1_0" slope="0.00"/>
        <vehicle id="43" x="401.65" y="676.98" angle="180.00" type="DEFAULT_VEHTYPE" speed="13.21" pos="72.23" lane="2/3to2/4_0" slope="0.00"/>
        <vehicle id="44" x="198.35" y="87.93" angle="0.00" type="DEFAULT_VEHTYPE" speed="13.08" pos="107.32" lane="1/1to1/0_0" slope="0.00"/>
        <vehicle id="48" x="122.50" y="198.35" angle="90.00" type="DEFAULT_VEHTYPE" speed="12.92" pos="122.50" lane="0/1to1/1_0" slope="0.00"/>
        <vehicle id="49" x="334.89" y="598.35" angle="90.00" type="DEFAULT_VEHTYPE" speed="12.97" pos="130.14" lane="1/3to2/3_0" slope="0.00"/>
        <vehicle id="5" x="398.35" y="646.14" angle="0.00" type="DEFAULT_VEHTYPE" speed="13.14" pos="153.86" lane="2/4to2/3_0" slope="0.00"/>
        <vehicle id="6" x="201.65" y="589.97" angle="180.00" type="DEFAULT_VEHTYPE" speed="13.16" pos="185.22" lane="1/2to1/3_0" slope="0.00"/>
        <vehicle id="7" x="295.01" y="401.65" angle="-90.00" type="DEFAULT_VEHTYPE" speed="13.79" pos="100.24" lane="2/2to1/2_0" slope="0.00"/>
        <vehicle id="8" x="198.35" y="234.49" angle="0.00" type="DEFAULT_VEHTYPE" speed="12.85" pos="160.76" lane="1/2to1/1_0" slope="0.00"/>
        <vehicle id="9" x="433.95" y="401.65" angle="-90.00" type="DEFAULT_VEHTYPE" speed="13.22" pos="161.30" lane="3/2to2/2_0" slope="0.00"/>
    </timestep>
    <timestep time="656.00">
        <vehicle id="0" x="198.35" y="120.48" angle="0.00" type="DEFAULT_VEHTYPE" speed="13.12" pos="74.77" lane="1/1to1/0_0" slope="0.00"/>
        <vehicle id="10" x="398.35" y="28.33" angle="0.00" type="DEFAULT_VEHTYPE" speed="13.39" pos="166.92" lane="2/1to2/0_0" slope="0.00"/>
        <vehicle id="11" x="44.47" y="398.35" angle="90.00" type="DEFAULT_VEHTYPE" speed="13.74" pos="44.47" lane="0/2to1/2_0" slope="0.00"/>
        <vehicle id="15" x="398.35" y="122.82" angle="0.00" type="DEFAULT_VEHTYPE" speed="13.00" pos="72.43" lane="2/1to2/0_0" slope="0.00"/>
        <vehicle id="16" x="91.69" y="398.35" angle="90.00" type="DEFAULT_VEHTYPE" speed="13.84" pos="91.69" lane="0/2to1/2_0" slope="0.00"/>
        <vehicle id="17" x="186.20" y="398.35" angle="90.00" type="DEFAULT_VEHTYPE" speed="7.47" pos="186.20" lane="0/2to1/2_0" slope="0.00"/>
        <vehicle id="18" x="592.74" y="198.35" angle="90.00" type="DEFAULT_VEHTYPE" speed="0.03" pos="187.99" lane="2/1to3/1_0" slope="0.00"/>
        <vehicle id="2" x="601.65" y="210.47" angle="180.00" type="DEFAULT_VEHTYPE" speed="9.53" pos="5.72" lane="3/1to3/2_0" slope="0.00"/>
        <vehicle id="24" x="398.35" y="418.15" angle="0.00" type="DEFAULT_VEHTYPE" speed="12.90" pos="177.10" lane="2/3to2/2_0" slope="0.00"/>
        <vehicle id="28" x="400.72" y="-1.29" angle="37.70" type="DEFAULT_VEHTYPE" speed="13.50" pos="3.22" lane=":2/0_0_0" slope="0.00"/>
        <vehicle id="29" x="598.35" y="487.41" angle="0.00" type="DEFAULT_VEHTYPE" speed="13.70" pos="107.84" lane="3/3to3/2_0" slope="0.00"/>
        <vehicle id="3" x="601.65" y="283.14" angle="180.00" type="DEFAULT_VEHTYPE" speed="12.92" pos="78.39" lane="3/1to3/2_0" slope="0.00"/>
        <vehicle id="33" x="182.02" y="198.35" angle="90.00" type="DEFAULT_VEHTYPE" speed="8.51" pos="182.02" lane="0/1to1/1_0" slope="0.00"/>
        <vehicle id="37" x="401.65" y="654.51" angle="180.00" type="DEFAULT_VEHTYPE" speed="13.79" pos="49.76" lane="2/3to2/4_0" slope="0.00"/>
        <vehicle id="39" x="601.65" y="571.67" angle="180.00" type="DEFAULT_VEHTYPE" speed="13.15" pos="166.92" lane="3/2to3/3_0" slope="0.00"/>
        <vehicle id="40" x="401.65" y="174.78" angle="180.00" type="DEFAULT_VEHTYPE" speed="12.75" pos="174.78" lane="2/0to2/1_0" slope="0.00"/>
        <vehicle id="42" x="398.35" y="350.04" angle="0.00" type="DEFAULT_VEHTYPE" speed="12.82" pos="45.21" lane="2/2to2/1_0" slope="0.00"/>
        <vehicle id="43" x="401.65" y="690.15" angle="180.00" type="DEFAULT_VEHTYPE" speed="13.17" pos="85.40" lane="2/3to2/4_0" slope="0.00"/>
        <vehicle id="44" x="198.35" y="74.93" angle="0.00" type="DEFAULT_VEHTYPE" speed="13.00" pos="120.32" lane="1/1to1/0_0" slope="0.00"/>
        <vehicle id="48" x="135.47" y="198.35" angle="90.00" type="DEFAULT_VEHTYPE" speed="12.96" pos="135.47" lane="0/1to1/1_0" slope="0.00"/>
        <vehicle id="49" x="348.41" y="598.35" angle="90.00" type="DEFAULT_VEHTYPE" speed="13.53" pos="143.66" lane="1/3to2/3_0" slope="0.00"/>
        <vehicle id="5" x="398.35" y="633.20" angle="0.00" type="DEFAULT_VEHTYPE" speed="12.94" pos="166.80" lane="2/4to2/3_0" slope="0.00"/>
        <vehicle id="6" x="208.08" y="598.35" angle="94.00" type="DEFAULT_VEHTYPE" speed="13.61" pos="3.33" lane="1/3to2/3_0" slope="0.00"/>
        <vehicle id="7" x="281.87" y="401.65" angle="-90.00" type="DEFAULT_VEHTYPE" speed="13.14" pos="113.38" lane="2/2to1/2_0" slope="0.00"/>
        <vehicle id="8" x="198.35" y="221.60" angle="0.00" type="DEFAULT_VEHTYPE" speed="12.89" pos="173.65" lane="1/2to1/1_0" slope="0.00"/>
        <vehicle id="9" x="422.60" y="401.65" angle="-90.00" type="DEFAULT_VEHTYPE" speed="11.35" pos="172.65" lane="3/2to2/2_0" slope="0.00"/>
    </timestep>
    <timestep time="657.00">
        <vehicle id="0" x="198.35" y="106.87" angle="0.00" type="DEFAULT_VEHTYPE" speed="13.61" pos="88.38" lane="1/1to1/0_0" slope="0.00"/>
        <vehicle id="10" x="398.35" y="14.62" angle="0.00" type="DEFAULT_VEHTYPE" speed="13.71" pos="180.63" lane="2/1to2/0_0" slope="0.00"/>
        <vehicle id="11" x="57.71" y="398.35" angle="90.00" type="DEFAULT_VEHTYPE" speed="13.24" pos="57.71" lane="0/2to1/2_0" slope="0.00"/>
        <vehicle id="15" x="398.35" y="109.40" angle="0.00" type="DEFAULT_VEHTYPE" speed="13.42" pos="85.85" lane="2/1to2/0_0" slope="0.00"/>
        <vehicle id="16" x="104.40" y="398.35" angle="90.00" type="DEFAULT_VEHTYPE" speed="12.71" pos="104.40" lane="0/2to1/2_0" slope="0.00"/>
        <vehicle id="17" x="189.39" y="398.35" angle="90.00" type="DEFAULT_VEHTYPE" speed="3.18" pos="189.39" lane="0/2to1/2_0" slope="0.00"/>
        <vehicle id="18" x="594.13" y="198.35" angle="90.00" type="DEFAULT_VEHTYPE" speed="1.39" pos="189.38" lane="2/1to3/1_0" slope="0.00"/>
        <vehicle id="2" x="601.65" y="222.41" angle="180.00" type="DEFAULT_VEHTYPE" speed="11.94" pos="17.66" lane="3/1to3/2_0" slope="0.00"/>
        <vehicle id="24" x="398.30" y="404.42" angle="-0.53" type="DEFAULT_VEHTYPE" speed="13.73" pos="0.34" lane=":2/2_0_0" slope="0.00"/>
        <vehicle id="28" x="401.65" y="12.27" angle="180.00" type="DEFAULT_VEHTYPE" speed="13.87" pos="12.27" lane="2/0to2/1_0" slope="0.00"/>
        <vehicle id="29" x="598.35" y="474.76" angle="0.00" type="DEFAULT_VEHTYPE" speed="12.66" pos="120.49" lane="3/3to3/2_0" slope="0.00"/>
        <vehicle id="3" x="601.65" y="296.91" angle="180.00" type="DEFAULT_VEHTYPE" speed="13.77" pos="92.16" lane="3/1to3/2_0" slope="0.00"/>
        <vehicle id="33" x="187.31" y="198.35" angle="90.00" type="DEFAULT_VEHTYPE" speed="5.30" pos="187.31" lane="0/1to1/1_0" slope="0.00"/>
        <vehicle id="37" x="401.65" y="668.40" angle="180.00" type="DEFAULT_VEHTYPE" speed="13.89" pos="63.65" lane="2/3to2/4_0" slope="0.00"/>
        <vehicle id="39" x="601.65" y="585.54" angle="180.00" type="DEFAULT_VEHTYPE" speed="13.87" pos="180.79" lane="3/2to3/3_0" slope="0.00"/>
        <vehicle id="40" x="401.65" y="188.53" angle="180.00" type="DEFAULT_VEHTYPE" speed="13.75" pos="188.53" lane="2/0to2/1_0" slope="0.00"/>
        <vehicle id="42" x="398.35" y="336.52" angle="0.00" type="DEFAULT_VEHTYPE" speed="13.52" pos="58.73" lane="2/2to2/1_0" slope="0.00"/>
        <vehicle id="43" x="401.65" y="703.49" angle="180.00" type="DEFAULT_VEHTYPE" speed="13.34" pos="98.74" lane="2/3to2/4_0" slope="0.00"/>
        <vehicle id="44" x="198.35" y="61.80" angle="0.00" type="DEFAULT_VEHTYPE" speed="13.13" pos="133.45" lane="1/1to1/0_0" slope="0.00"/>
        <vehicle id="48" x="148.42" y="198.35" angle="90.00" type="DEFAULT_VEHTYPE" speed="12.95" pos="148.42" lane="0/1to1/1_0" slope="0.00"/>
        <vehicle id="49" x="361.90" y="598.35" angle="90.00" type="DEFAULT_VEHTYPE" speed="13.48" pos="157.15" lane="1/3to2/3_0" slope="0.00"/>
        <vehicle id="5" x="398.35" y="620.19" angle="0.00" type="DEFAULT_VEHTYPE" speed="13.01" pos="179.81" lane="2/4to2/3_0" slope="0.00"/>
        <vehicle id="6" x="221.32" y="598.35" angle="90.00" type="DEFAULT_VEHTYPE" speed="13.25" pos="16.57" lane="1/3to2/3_0" slope="0.00"/>
        <vehicle id="7" x="268.82" y="401.65" angle="-90.00" type="DEFAULT_VEHTYPE" speed="13.04" pos="126.43" lane="2/2to1/2_0" slope="0.00"/>
        <vehicle id="8" x="198.35" y="208.58" angle="0.00" type="DEFAULT_VEHTYPE" speed="13.02" pos="186.67" lane="1/2to1/1_0" slope="0.00"/>
        <vehicle id="9" x="415.71" y="401.65" angle="-90.00" type="DEFAULT_VEHTYPE" speed="6.89" pos="179.54" lane="3/2to2/2_0" slope="0.00"/>
    </timestep>
    <timestep time="658.00">
        <vehicle id="0" x="198.35" y="93.11" angle="0.00" type="DEFAULT_VEHTYPE" speed="13.76" pos="102.14" lane="1/1to1/0_0" slope="0.00"/>
        <vehicle id="10" x="398.35" y="1.28" angle="0.00" type="DEFAULT_VEHTYPE" speed="13.34" pos="193.97" lane="2/1to2/0_0" slope="0.00"/>
        <vehicle id="11" x="71.27" y="398.35" angle="90.00" type="DEFAULT_VEHTYPE" speed="13.56" pos="71.27" lane="0/2to1/2_0" slope="0.00"/>
        <vehicle id="15" x="398.35" y="95.87" angle="0.00" type="DEFAULT_VEHTYPE" speed="13.53" pos="99.38" lane="2/1to2/0_0" slope="0.00"/>
        <vehicle id="16" x="117.15" y="398.35" angle="90.00" type="DEFAULT_VEHTYPE" speed="12.75" pos="117.15" lane="0/2to1/2_0" slope="0.00"/>
        <vehicle id="17" x="193.98" y="398.35" angle="90.00" type="DEFAULT_VEHTYPE" speed="4.59" pos="193.98" lane="0/2to1/2_0" slope="0.00"/>
        <vehicle id="18" x="597.96" y="198.74" angle="94.46" type="DEFAULT_VEHTYPE" speed="3.86" pos="2.74" lane=":3/1_14_0" slope="0.00"/>
        <vehicle id="2" x="601.65" y="236.29" angle="180.00" type="DEFAULT_VEHTYPE" speed="13.88" pos="31.54" lane="3/1to3/2_0" slope="0.00"/>
        <vehicle id="24" x="386.22" y="401.65" angle="-90.00" type="DEFAULT_VEHTYPE" speed="13.70" pos="9.03" lane="2/2to1/2_0" slope="0.00"/>
        <vehicle id="28" x="401.65" y="24.98" angle="180.00" type="DEFAULT_VEHTYPE" speed="12.71" pos="24.98" lane="2/0to2/1_0" slope="0.00"/>
        <vehicle id="29" x="598.35" y="462.11" angle="0.00" type="DEFAULT_VEHTYPE" speed="12.64" pos="133.14" lane="3/3to3/2_0" slope="0.00"/>
        <vehicle id="3" x="601.65" y="310.07" angle="180.00" type="DEFAULT_VEHTYPE" speed="13.16" pos="105.32" lane="3/1to3/2_0" slope="0.00"/>
        <vehicle id="33" x="190.04" y="198.35" angle="90.00" type="DEFAULT_VEHTYPE" speed="2.73" pos="190.04" lane="0/1to1/1_0" slope="0.00"/>
        <vehicle id="37" x="401.65" y="681.21" angle="180.00" type="DEFAULT_VEHTYPE" speed="12.81" pos="76.46" lane="2/3to2/4_0" slope="0.00"/>
        <vehicle id="39" x="603.93" y="598.24" angle="149.14" type="DEFAULT_VEHTYPE" speed="13.88" pos="4.18" lane=":3/3_8_0" slope="0.00"/>
        <vehicle id="40" x="406.22" y="198.35" angle="110.95" type="DEFAULT_VEHTYPE" speed="13.19" pos="1.47" lane="2/1to3/1_0" slope="0.00"/>
        <vehicle id="42" x="398.35" y="323.31" angle="0.00" type="DEFAULT_VEHTYPE" speed="13.20" pos="71.94" lane="2/2to2/1_0" slope="0.00"/>
        <vehicle id="43" x="401.65" y="716.87" angle="180.00" type="DEFAULT_VEHTYPE" speed="13.39" pos="112.12" lane="2/3to2/4_0" slope="0.00"/>
        <vehicle id="44" x="198.35" y="47.98" angle="0.00" type="DEFAULT_VEHTYPE" speed="13.82" pos="147.27" lane="1/1to1/0_0" slope="0.00"/>
        <vehicle id="48" x="161.47" y="198.35" angle="90.00" type="DEFAULT_VEHTYPE" speed="13.05" pos="161.47" lane="0/1to1/1_0" slope="0.00"/>
        <vehicle id="49" x="373.55" y="598.35" angle="90.00" type="DEFAULT_VEHTYPE" speed="11.65" pos="168.80" lane="1/3to2/3_0" slope="0.00"/>
        <vehicle id="5" x="398.35" y="606.45" angle="0.00" type="DEFAULT_VEHTYPE" speed="13.74" pos="193.55" lane="2/4to2/3_0" slope="0.00"/>
        <vehicle id="6" x="234.94" y="598.35" angle="90.00" type="DEFAULT_VEHTYPE" speed="13.62" pos="30.19" lane="1/3to2/3_0" slope="0.00"/>
        <vehicle id="7" x="255.51" y="401.65" angle="-90.00" type="DEFAULT_VEHTYPE" speed="13.32" pos="139.74" lane="2/2to1/2_0" slope="0.00"/>
        <vehicle id="8" x="191.08" y="201.65" angle="-88.68" type="DEFAULT_VEHTYPE" speed="13.00" pos="4.17" lane="1/1to0/1_0" slope="0.00"/>
        <vehicle id="9" x="411.65" y="401.65" angle="-90.00" type="DEFAULT_VEHTYPE" speed="4.06" pos="183.60" lane="3/2to2/2_0" slope="0.00"/>
    </timestep>
    <timestep time="659.00">
        <vehicle id="0" x="198.35" y="79.58" angle="0.00" type="DEFAULT_VEHTYPE" speed="13.53" pos="115.67" lane="1/1to1/0_0" slope="0.00"/>
        <vehicle id="10" x="401.65" y="6.96" angle="180.00" type="DEFAULT_VEHTYPE" speed="13.06" pos="6.96" lane="2/0to2/1_0" slope="0.00"/>
        <vehicle id="11" x="84.01" y="398.35" angle="90.00" type="DEFAULT_VEHTYPE" speed="12.74" pos="84.01" lane="0/2to1/2_0" slope="0.00"/>
        <vehicle id="15" x="398.35" y="82.37" angle="0.00" type="DEFAULT_VEHTYPE" speed="13.51" pos="112.88" lane="2/1to2/0_0" slope="0.00"/>
        <vehicle id="16" x="130.58" y="398.35" angle="90.00" type="DEFAULT_VEHTYPE" speed="13.43" pos="130.58" lane="0/2to1/2_0" slope="0.00"/>
        <vehicle id="17" x="200.36" y="400.47" angle="114.76" type="DEFAULT_VEHTYPE" speed="7.03" pos="5.76" lane=":1/2_14_0" slope="0.00"/>
        <vehicle id="18" x="601.32" y="202.45" angle="139.13" type="DEFAULT_VEHTYPE" speed="5.26" pos="8.00" lane=":3/1_14_0" slope="0.00"/>
        <vehicle id="2" x="601.65" y="249.86" angle="180.00" type="DEFAULT_VEHTYPE" speed="13.56" pos="45.11" lane="3/1to3/2_0" slope="0.00"/>
        <vehicle id="24" x="372.72" y="401.65" angle="-90.00" type="DEFAULT_VEHTYPE" speed="13.50" pos="22.53" lane="2/2to1/2_0" slope="0.00"/>
        <vehicle id="28" x="401.65" y="37.87" angle="180.00" type="DEFAULT_VEHTYPE" speed="12.89" pos="37.87" lane="2/0to2/1_0" slope="0.00"/>
        <vehicle id="29" x="598.35" y="448.66" angle="0.00" type="DEFAULT_VEHTYPE" speed="13.45" pos="146.59" lane="3/3to3/2_0" slope="0.00"/>
        <vehicle id="3" x="601.65" y="323.75" angle="180.00" type="DEFAULT_VEHTYPE" speed="13.68" pos="119.00" lane="3/1to3/2_0" slope="0.00"/>
        <vehicle id="33" x="194.94" y="198.35" angle="90.00" type="DEFAULT_VEHTYPE" speed="4.90" pos="194.94" lane="0/1to1/1_0" slope="0.00"/>
        <vehicle id="37" x="401.65" y="694.56" angle="180.00" type="DEFAULT_VEHTYPE" speed="13.36" pos="89.81" lane="2/3to2/4_0" slope="0.00"/>
        <vehicle id="39" x="616.99" y="598.35" angle="90.00" type="DEFAULT_VEHTYPE" speed="13.07" pos="12.24" lane="3/3to4/3_0" slope="0.00"/>
        <vehicle id="40" x="419.30" y="198.35" angle="90.00" type="DEFAULT_VEHTYPE" speed="13.08" pos="14.55" lane="2/1to3/1_0" slope="0.00"/>
        <vehicle id="42" x="398.35" y="309.55" angle="0.00" type="DEFAULT_VEHTYPE" speed="13.76" pos="85.70" lane="2/2to2/1_0" slope="0.00"/>
        <vehicle id="43" x="401.65" y="730.69" angle="180.00" type="DEFAULT_VEHTYPE" speed="13.81" pos="125.94" lane="2/3to2/4_0" slope="0.00"/>
        <vehicle id="44" x="198.35" y="35.20" angle="0.00" type="DEFAULT_VEHTYPE" speed="12.78" pos="160.05" lane="1/1to1/0_0" slope="0.00"/>
        <vehicle id="48" x="171.16" y="198.35" angle="90.00" type="DEFAULT_VEHTYPE" speed="9.69" pos="171.16" lane="0/1to1/1_0" slope="0.00"/>
        <vehicle id="49" x="382.19" y="598.35" angle="90.00" type="DEFAULT_VEHTYPE" speed="8.64" pos="177.44" lane="1/3to2/3_0" slope="0.00"/>
        <vehicle id="5" x="398.35" y="592.64" angle="0.00" type="DEFAULT_VEHTYPE" speed="13.81" pos="2.61" lane="2/3to2/2_0" slope="0.00"/>
        <vehicle id="6" x="248.02" y="598.35" angle="90.00" type="DEFAULT_VEHTYPE" speed="13.08" pos="43.27" lane="1/3to2/3_0" slope="0.00"/>
        <vehicle id="7" x="241.61" y="401.65" angle="-90.00" type="DEFAULT_VEHTYPE" speed="13.90" pos="153.64" lane="2/2to1/2_0" slope="0.00"/>
        <vehicle id="8" x="177.79" y="201.65" angle="-90.00" type="DEFAULT_VEHTYPE" speed="13.29" pos="17.46" lane="1/1to0/1_0" slope="0.00"/>
        <vehicle id="9" x="405.32" y="401.65" angle="-90.00" type="DEFAULT_VEHTYPE" speed="6.33" pos="189.93" lane="3/2to2/2_0" slope="0.00"/>
    </timestep>
    <timestep time="660.00">
        <vehicle id="0" x="198.35" y="66.53" angle="0.00" type="DEFAULT_VEHTYPE" speed="13.05" pos="128.72" lane="1/1to1/0_0" slope="0.00"/>
        <vehicle id="10" x="401.65" y="20.75" angle="180.00" type="DEFAULT_VEHTYPE" speed="13.79" pos="20.75" lane="2/0to2/1_0" slope="0.00"/>
        <vehicle id="11" x="97.76" y="398.35" angle="90.00" type="DEFAULT_VEHTYPE" speed="13.75" pos="97.76" lane="0/2to1/2_0" slope="0.00"/>
        <vehicle id="15" x="398.35" y="68.91" angle="0.00" type="DEFAULT_VEHTYPE" speed="13.45" pos="126.34" lane="2/1to2/0_0" slope="0.00"/>
        <vehicle id="16" x="143.75" y="398.35" angle="90.00" type="DEFAULT_VEHTYPE" speed="13.17" pos="143.75" lane="0/2to1/2_0" slope="0.00"/>
        <vehicle id="17" x="201.65" y="409.16" angle="179.05" type="DEFAULT_VEHTYPE" speed="8.97" pos="4.41" lane="1/2to1/3_0" slope="0.00"/>
        <vehicle id="18" x="601.65" y="210.00" angle="180.00" type="DEFAULT_VEHTYPE" speed="7.57" pos="5.25" lane="3/1to3/2_0" slope="0.00"/>
        <vehicle id="2" x="601.65" y="263.22" angle="180.00" type="DEFAULT_VEHTYPE" speed="13.37" pos="58.47" lane="3/1to3/2_0" slope="0.00"/>
        <vehicle id="24" x="360.00" y="401.65" angle="-90.00" type="DEFAULT_VEHTYPE" speed="12.72" pos="35.25" lane="2/2to1/2_0" slope="0.00"/>
        <vehicle id="28" x="401.65" y="50.58" angle="180.00" type="DEFAULT_VEHTYPE" speed="12.71" pos="50.58" lane="2/0to2/1_0" slope="0.00"/>
        <vehicle id="29" x="598.35" y="435.66" angle="0.00" type="DEFAULT_VEHTYPE" speed="13.00" pos="159.59" lane="3/3to3/2_0" slope="0.00"/>
        <vehicle id="3" x="601.65" y="337.60" angle="180.00" type="DEFAULT_VEHTYPE" speed="13.85" pos="132.85" lane="3/1to3/2_0" slope="0.00"/>
        <vehicle id="33" x="198.35" y="193.25" angle="14.69" type="DEFAULT_VEHTYPE" speed="7.31" pos="2.00" lane="1/1to1/0_0" slope="0.00"/>
        <vehicle id="37" x="401.65" y="708.06" angle="180.00" type="DEFAULT_VEHTYPE" speed="13.49" pos="103.31" lane="2/3to2/4_0" slope="0.00"/>
        <vehicle id="39" x="630.42" y="598.35" angle="90.00" type="DEFAULT_VEHTYPE" speed="13.43" pos="25.67" lane="3/3to4/3_0" slope="0.00"/>
        <vehicle id="40" x="432.28" y="198.35" angle="90.00" type="DEFAULT_VEHTYPE" speed="12.98" pos="27.53" lane="2/1to3/1_0" slope="0.00"/>
        <vehicle id="42" x="398.35" y="296.39" angle="0.00" type="DEFAULT_VEHTYPE" speed="13.16" pos="98.86" lane="2/2to2/1_0" slope="0.00"/>
        <vehicle id="43" x="401.65" y="743.57" angle="180.00" type="DEFAULT_VEHTYPE" speed="12.89" pos="138.82" lane="2/3to2/4_0" slope="0.00"/>
        <vehicle id="44" x="198.35" y="21.66" angle="0.00" type="DEFAULT_VEHTYPE" speed="13.54" pos="173.59" lane="1/1to1/0_0" slope="0.00"/>
        <vehicle id="48" x="180.22" y="198.35" angle="90.00" type="DEFAULT_VEHTYPE" speed="9.06" pos="180.22" lane="0/1to1/1_0" slope="0.00"/>
        <vehicle id="49" x="387.66" y="598.35" angle="90.00" type="DEFAULT_VEHTYPE" speed="5.47" pos="182.91" lane="1/3to2/3_0" slope="0.00"/>
        <vehicle id="5" x="398.35" y="579.92" angle="0.00" type="DEFAULT_VEHTYPE" speed="12.72" pos="15.33" lane="2/3to2/2_0" slope="0.00"/>
        <vehicle id="6" x="261.05" y="598.35" angle="90.00" type="DEFAULT_VEHTYPE" speed="13.02" pos="56.30" lane="1/3to2/3_0" slope="0.00"/>
        <vehicle id="7" x="228.47" y="401.65" angle="-90.00" type="DEFAULT_VEHTYPE" speed="13.14" pos="166.78" lane="2/2to1/2_0" slope="0.00"/>
        <vehicle id="8" x="165.10" y="201.65" angle="-90.00" type="DEFAULT_VEHTYPE" speed="12.69" pos="30.15" lane="1/1to0/1_0" slope="0.00"/>
        <vehicle id="9" x="397.01" y="401.65" angle="-90.00" type="DEFAULT_VEHTYPE" speed="8.30" pos="7.74" lane=":2/2_5_0" slope="0.00"/>
    </timestep>
    <timestep time="661.00">
        <vehicle id="0" x="198.35" y="53.10" angle="0.00" type="DEFAULT_VEHTYPE" speed="13.43" pos="142.15" lane="1/1to1/0_0" slope="0.00"/>
        <vehicle id="10" x="401.65" y="33.39" angle="180.00" type="DEFAULT_VEHTYPE" speed="12.64" pos="33.39" lane="2/0to2/1_0" slope="0.00"/>
        <vehicle id="11" x="110.78" y="398.35" angle="90.00" type="DEFAULT_VEHTYPE" speed="13.03" pos="110.78" lane="0/2to1/2_0" slope="0.00"/>
        <vehicle id="15" x="398.35" y="55.71" angle="0.00" type="DEFAULT_VEHTYPE" speed="13.20" pos="139.54" lane="2/1to2/0_0" slope="0.00"/>
        <vehicle id="16" x="156.56" y="398.35" angle="90.00" type="DEFAULT_VEHTYPE" speed="12.81" pos="156.56" lane="0/2to1/2_0" slope="0.00"/>
        <vehicle id="17" x="201.65" y="420.44" angle="180.00" type="DEFAULT_VEHTYPE" speed="11.28" pos="15.69" lane="1/2to1/3_0" slope="0.00"/>
        <vehicle id="18" x="601.65" y="219.55" angle="180.00" type="DEFAULT_VEHTYPE" speed="9.55" pos="14.80" lane="3/1to3/2_0" slope="0.00"/>
        <vehicle id="2" x="601.65" y="276.49" angle="180.00" type="DEFAULT_VEHTYPE" speed="13.27" pos="71.74" lane="3/1to3/2_0" slope="0.00"/>
        <vehicle id="24" x="347.09" y="401.65" angle="-90.00" type="DEFAULT_VEHTYPE" speed="12.91" pos="48.16" lane="2/2to1/2_0" slope="0.00"/>
        <vehicle id="28" x="401.65" y="64.20" angle="180.00" type="DEFAULT_VEHTYPE" speed="13.62" pos="64.20" lane="2/0to2/1_0" slope="0.00"/>
        <vehicle id="29" x="598.35" y="422.25" angle="0.00" type="DEFAULT_VEHTYPE" speed="13.41" pos="173.00" lane="3/3to3/2_0" slope="0.00"/>
        <vehicle id="3" x="601.65" y="350.82" angle="180.00" type="DEFAULT_VEHTYPE" speed="13.22" pos="146.07" lane="3/1to3/2_0" slope="0.00"/>
        <vehicle id="33" x="198.35" y="184.45" angle="0.00" type="DEFAULT_VEHTYPE" speed="8.80" pos="10.80" lane="1/1to1/0_0" slope="0.00"/>
        <vehicle id="37" x="401.65" y="721.39" angle="180.00" type="DEFAULT_VEHTYPE" speed="13.33" pos="116.64" lane="2/3to2/4_0" slope="0.00"/>
        <vehicle id="39" x="643.15" y="598.35" angle="90.00" type="DEFAULT_VEHTYPE" speed="12.73" pos="38.40" lane="3/3to4/3_0" slope="0.00"/>
        <vehicle id="40" x="445.23" y="198.35" angle="90.00" type="DEFAULT_VEHTYPE" speed="12.95" pos="40.48" lane="2/1to3/1_0" slope="0.00"/>
        <vehicle id="42" x="398.35" y="282.62" angle="0.00" type="DEFAULT_VEHTYPE" speed="13.78" pos="112.63" lane="2/2to2/1_0" slope="0.00"/>
        <vehicle id="43" x="401.65" y="756.56" angle="180.00" type="DEFAULT_VEHTYPE" speed="12.99" pos="151.81" lane="2/3to2/4_0" slope="0.00"/>
        <vehicle id="44" x="198.35" y="7.97" angle="0.00" type="DEFAULT_VEHTYPE" speed="13.70" pos="187.28" lane="1/1to1/0_0" slope="0.00"/>
        <vehicle id="48" x="186.51" y="198.35" angle="90.00" type="DEFAULT_VEHTYPE" speed="6.29" pos="186.51" lane="0/1to1/1_0" slope="0.00"/>
        <vehicle id="49" x="390.71" y="598.35" angle="90.00" type="DEFAULT_VEHTYPE" speed="3.05" pos="185.96" lane="1/3to2/3_0" slope="0.00"/>
        <vehicle id="5" x="398.35" y="566.12" angle="0.00" type="DEFAULT_VEHTYPE" speed="13.79" pos="29.13" lane="2/3to2/2_0" slope="0.00"/>
        <vehicle id="6" x="274.61" y="598.35" angle="90.00" type="DEFAULT_VEHTYPE" speed="13.56" pos="69.86" lane="1/3to2/3_0" slope="0.00"/>
        <vehicle id="7" x="218.57" y="401.65" angle="-90.00" type="DEFAULT_VEHTYPE" speed="9.90" pos="176.68" lane="2/2to1/2_0" slope="0.00"/>
        <vehicle id="8" x="151.29" y="201.65" angle="-90.00" type="DEFAULT_VEHTYPE" speed="13.81" pos="43.96" lane="1/1to0/1_0" slope="0.00"/>
        <vehicle id="9" x="387.41" y="401.65" angle="-90.00" type="DEFAULT_VEHTYPE" speed="9.61" pos="7.84" lane="2/2to1/2_0" slope="0.00"/>
    </timestep>
    <timestep time="662.00">
        <vehicle id="0" x="198.35" y="40.44" angle="0.00" type="DEFAULT_VEHTYPE" speed="12.66" pos="154.81" lane="1/1to1/0_0" slope="0.00"/>
        <vehicle id="10" x="401.65" y="47.15" angle="180.00" type="DEFAULT_VEHTYPE" speed="13.76" pos="47.15" lane="2/0to2/1_0" slope="0.00"/>
        <vehicle id="11" x="123.61" y="398.35" angle="90.00" type="DEFAULT_VEHTYPE" speed="12.83" pos="123.61" lane="0/2to1/2_0" slope="0.00"/>
        <vehicle id="15" x="398.35" y="42.81" angle="0.00" type="DEFAULT_VEHTYPE" speed="12.90" pos="152.44" lane="2/1to2/0_0" slope="0.00"/>
        <vehicle id="16" x="170.00" y="398.35" angle="90.00" type="DEFAULT_VEHTYPE" speed="13.45" pos="170.00" lane="0/2to1/2_0" slope="0.00"/>
        <vehicle id="17" x="201.65" y="433.16" angle="180.00" type="DEFAULT_VEHTYPE" speed="12.72" pos="28.41" lane="1/2to1/3_0" slope="0.00"/>
        <vehicle id="18" x="601.65" y="231.34" angle="180.00" type="DEFAULT_VEHTYPE" speed="11.79" pos="26.59" lane="3/1to3/2_0" slope="0.00"/>
        <vehicle id="2" x="601.65" y="289.94" angle="180.00" type="DEFAULT_VEHTYPE" speed="13.45" pos="85.19" lane="3/1to3/2_0" slope="0.00"/>
        <vehicle id="24" x="333.69" y="401.65" angle="-90.00" type="DEFAULT_VEHTYPE" speed="13.40" pos="61.56" lane="2/2to1/2_0" slope="0.00"/>
        <vehicle id="28" x="401.65" y="78.04" angle="180.00" type="DEFAULT_VEHTYPE" speed="13.84" pos="78.04" lane="2/0to2/1_0" slope="0.00"/>
        <vehicle id="29" x="598.35" y="408.82" angle="0.00" type="DEFAULT_VEHTYPE" speed="13.43" pos="186.43" lane="3/3to3/2_0" slope="0.00"/>
        <vehicle id="3" x="601.65" y="363.73" angle="180.00" type="DEFAULT_VEHTYPE" speed="12.91" pos="158.98" lane="3/1to3/2_0" slope="0.00"/>
        <vehicle id="33" x="198.35" y="174.34" angle="0.00" type="DEFAULT_VEHTYPE" speed="10.11" pos="20.91" lane="1/1to1/0_0" slope="0.00"/>
        <vehicle id="37" x="401.65" y="734.35" angle="180.00" type="DEFAULT_VEHTYPE" speed="12.96" pos="129.60" lane="2/3to2/4_0" slope="0.00"/>
        <vehicle id="39" x="656.07" y="598.35" angle="90.00" type="DEFAULT_VEHTYPE" speed="12.92" pos="51.32" lane="3/3to4/3_0" slope="0.00"/>
        <vehicle id="40" x="458.91" y="198.35" angle="90.00" type="DEFAULT_VEHTYPE" speed="13.68" pos="54.16" lane="2/1to3/1_0" slope="0.00"/>
        <vehicle id="42" x="398.35" y="269.92" angle="0.00" type="DEFAULT_VEHTYPE" speed="12.69" pos="125.33" lane="2/2to2/1_0" slope="0.00"/>
        <vehicle id="43" x="401.65" y="769.85" angle="180.00" type="DEFAULT_VEHTYPE" speed="13.28" pos="165.10" lane="2/3to2/4_0" slope="0.00"/>
        <vehicle id="44" x="201.65" y="0.75" angle="112.46" type="DEFAULT_VEHTYPE" speed="13.54" pos="0.75" lane="1/0to1/1_0" slope="0.00"/>
        <vehicle id="48" x="189.83" y="198.35" angle="90.00" type="DEFAULT_VEHTYPE" speed="3.32" pos="189.83" lane="0/1to1/1_0" slope="0.00"/>
        <vehicle id="49" x="396.03" y="598.46" angle="91.28" type="DEFAULT_VEHTYPE" speed="5.33" pos="0.79" lane=":2/3_14_0" slope="0.00"/>
        <vehicle id="5" x="398.35" y="552.66" angle="0.00" type="DEFAULT_VEHTYPE" speed="13.46" pos="42.59" lane="2/3to2/2_0" slope="0.00"/>
        <vehicle id="6" x="288.46" y="598.35" angle="90.00" type="DEFAULT_VEHTYPE" speed="13.85" pos="83.71" lane="1/3to2/3_0" slope="0.00"/>
        <vehicle id="7" x="212.85" y="401.65" angle="-90.00" type="DEFAULT_VEHTYPE" speed="5.72" pos="182.40" lane="2/2to1/2_0" slope="0.00"/>
        <vehicle id="8" x="138.34" y="201.65" angle="-90.00" type="DEFAULT_VEHTYPE" speed="12.95" pos="56.91" lane="1/1to0/1_0" slope="0.00"/>
        <vehicle id="9" x="375.99" y="401.65" angle="-90.00" type="DEFAULT_VEHTYPE" speed="11.42" pos="19.26" lane="2/2to1/2_0" slope="0.00"/>
    </timestep>
    <timestep time="663.00">
        <vehicle id="0" x="198.35" y="27.34" angle="0.00" type="DEFAULT_VEHTYPE" speed="13.10" pos="167.91" lane="1/1to1/0_0" slope="0.00"/>
        <vehicle id="10" x="401.65" y="60.39" angle="180.00" type="DEFAULT_VEHTYPE" speed="13.24" pos="60.39" lane="2/0to2/1_0" slope="0.00"/>
        <vehicle id="11" x="137.02" y="398.35" angle="90.00" type="DEFAULT_VEHTYPE" speed="13.41" pos="137.02" lane="0/2to1/2_0" slope="0.00"/>
        <vehicle id="15" x="398.35" y="30.06" angle="0.00" type="DEFAULT_VEHTYPE" speed="12.75" pos="165.19" lane="2/1to2/0_0" slope="0.00"/>
        <vehicle id="16" x="179.83" y="398.35" angle="90.00" type="DEFAULT_VEHTYPE" speed="9.83" pos="179.83" lane="0/2to1/2_0" slope="0.00"/>
        <vehicle id="17" x="201.65" y="446.38" angle="180.00" type="DEFAULT_VEHTYPE" speed="13.22" pos="41.63" lane="1/2to1/3_0" slope="0.00"/>
        <vehicle id="18" x="601.65" y="244.32" angle="180.00" type="DEFAULT_VEHTYPE" speed="12.98" pos="39.57" lane="3/1to3/2_0" slope="0.00"/>
        <vehicle id="2" x="601.65" y="302.69" angle="180.00" type="DEFAULT_VEHTYPE" speed="12.75" pos="97.94" lane="3/1to3/2_0" slope="0.00"/>
        <vehicle id="24" x="320.63" y="401.65" angle="-90.00" type="DEFAULT_VEHTYPE" speed="13.07" pos="74.62" lane="2/2to1/2_0" slope="0.00"/>
        <vehicle id="28" x="401.65" y="91.62" angle="180.00" type="DEFAULT_VEHTYPE" speed="13.58" pos="91.62" lane="2/0to2/1_0" slope="0.00"/>
        <vehicle id="29" x="590.45" y="401.65" angle="-89.68" type="DEFAULT_VEHTYPE" speed="13.87" pos="4.80" lane="3/2to2/2_0" slope="0.00"/>
        <vehicle id="3" x="601.65" y="376.45" angle="180.00" type="DEFAULT_VEHTYPE" speed="12.71" pos="171.70" lane="3/1to3/2_0" slope="0.00"/>
        <vehicle id="33" x="198.35" y="162.02" angle="0.00" type="DEFAULT_VEHTYPE" speed="12.32" pos="33.23" lane="1/1to1/0_0" slope="0.00"/>
        <vehicle id="37" x="401.65" y="748.03" angle="180.00" type="DEFAULT_VEHTYPE" speed="13.68" pos="143.28" lane="2/3to2/4_0" slope="0.00"/>
        <vehicle id="39" x="669.51" y="598.35" angle="90.00" type="DEFAULT_VEHTYPE" speed="13.45" pos="64.76" lane="3/3to4/3_0" slope="0.00"/>
        <vehicle id="40" x="472.32" y="198.35" angle="90.00" type="DEFAULT_VEHTYPE" speed="13.41" pos="67.57" lane="2/1to3/1_0" slope="0.00"/>
        <vehicle id="42" x="398.35" y="256.69" angle="0.00" type="DEFAULT_VEHTYPE" speed="13.24" pos="138.56" lane="2/2to2/1_0" slope="0.00"/>
        <vehicle id="43" x="401.65" y="783.45" angle="180.00" type="DEFAULT_VEHTYPE" speed="13.60" pos="178.70" lane="2/3to2/4_0" slope="0.00"/>
        <vehicle id="44" x="201.65" y="13.85" angle="180.00" type="DEFAULT_VEHTYPE" speed="13.09" pos="13.85" lane="1/0to1/1_0" slope="0.00"/>
        <vehicle id="48" x="194.79" y="198.35" angle="90.00" type="DEFAULT_VEHTYPE" speed="4.97" pos="194.79" lane="0/1to1/1_0" slope="0.00"/>
        <vehicle id="49" x="401.36" y="602.71" angle="141.80" type="DEFAULT_VEHTYPE" speed="7.47" pos="8.26" lane=":2/3_14_0" slope="0.00"/>
        <vehicle id="5" x="398.35" y="538.83" angle="0.00" type="DEFAULT_VEHTYPE" speed="13.83" pos="56.42" lane="2/3to2/2_0" slope="0.00"/>
        <vehicle id="6" x="301.62" y="598.35" angle="90.00" type="DEFAULT_VEHTYPE" speed="13.16" pos="96.87" lane="1/3to2/3_0" slope="0.00"/>
        <vehicle id="7" x="209.75" y="401.65" angle="-90.00" type="DEFAULT_VEHTYPE" speed="3.10" pos="185.50" lane="2/2to1/2_0" slope="0.00"/>
        <vehicle id="8" x="125.20" y="201.65" angle="-90.00" type="DEFAULT_VEHTYPE" speed="13.14" pos="70.05" lane="1/1to0/1_0" slope="0.00"/>
        <vehicle id="9" x="362.60" y="401.65" angle="-90.00" type="DEFAULT_VEHTYPE" speed="13.39" pos="32.65" lane="2/2to1/2_0" slope="0.00"/>
    </timestep>
    <timestep time="664.00">
        <vehicle id="0" x="198.35" y="14.10" angle="0.00" type="DEFAULT_VEHTYPE" speed="13.24" pos="181.15" lane="1/1to1/0_0" slope="0.00"/>
        <vehicle id="10" x="401.65" y="74.21" angle="180.00" type="DEFAULT_VEHTYPE" speed="13.82" pos="74.21" lane="2/0to2/1_0" slope="0.00"/>
        <vehicle id="11" x="150.33" y="398.35" angle="90.00" type="DEFAULT_VEHTYPE" speed="13.30" pos="150.33" lane="0/2to1/2_0" slope="0.00"/>
        <vehicle id="15" x="398.35" y="16.49" angle="0.00" type="DEFAULT_VEHTYPE" speed="13.57" pos="178.76" lane="2/1to2/0_0" slope="0.00"/>
        <vehicle id="16" x="185.91" y="398.35" angle="90.00" type="DEFAULT_VEHTYPE" speed="6.08" pos="185.91" lane="0/2to1/2_0" slope="0.00"/>
        <vehicle id="17" x="201.65" y="459.93" angle="180.00" type="DEFAULT_VEHTYPE" speed="13.55" pos="55.18" lane="1/2to1/3_0" slope="0.00"/>
        <vehicle id="18" x="601.65" y="257.69" angle="180.00" type="DEFAULT_VEHTYPE" speed="13.37" pos="52.94" lane="3/1to3/2_0" slope="0.00"/>
        <vehicle id="2" x="601.65" y="315.82" angle="180.00" type="DEFAULT_VEHTYPE" speed="13.12" pos="111.07" lane="3/1to3/2_0" slope="0.00"/>
        <vehicle id="24" x="307.40" y="401.65" angle="-90.00" type="DEFAULT_VEHTYPE" speed="13.22" pos="87.85" lane="2/2to1/2_0" slope="0.00"/>
        <vehicle id="28" x="401.65" y="105.42" angle="180.00" type="DEFAULT_VEHTYPE" speed="13.80" pos="105.42" lane="2/0to2/1_0" slope="0.00"/>
        <vehicle id="29" x="577.49" y="401.65" angle="-90.00" type="DEFAULT_VEHTYPE" speed="12.95" pos="17.76" lane="3/2to2/2_0" slope="0.00"/>
        <vehicle id="3" x="601.65" y="390.34" angle="180.00" type="DEFAULT_VEHTYPE" speed="13.89" pos="185.59" lane="3/1to3/2_0" slope="0.00"/>
        <vehicle id="33" x="198.35" y="149.12" angle="0.00" type="DEFAULT_VEHTYPE" speed="12.89" pos="46.13" lane="1/1to1/0_0" slope="0.00"/>
        <vehicle id="37" x="401.65" y="761.16" angle="180.00" type="DEFAULT_VEHTYPE" speed="13.13" pos="156.41" lane="2/3to2/4_0" slope="0.00"/>
        <vehicle id="39" x="682.99" y="598.35" angle="90.00" type="DEFAULT_VEHTYPE" speed="13.48" pos="78.24" lane="3/3to4/3_0" slope="0.00"/>
        <vehicle id="40" x="485.06" y="198.35" angle="90.00" type="DEFAULT_VEHTYPE" speed="12.74" pos="80.31" lane="2/1to3/1_0" slope="0.00"/>
        <vehicle id="42" x="398.35" y="243.18" angle="0.00" type="DEFAULT_VEHTYPE" speed="13.51" pos="152.07" lane="2/2to2/1_0" slope="0.00"/>
        <vehicle id="43" x="401.65" y="796.29" angle="180.00" type="DEFAULT_VEHTYPE" speed="12.84" pos="191.54" lane="2/3to2/4_0" slope="0.00"/>
        <vehicle id="44" x="201.65" y="27.71" angle="180.00" type="DEFAULT_VEHTYPE" speed="13.87" pos="27.71" lane="1/0to1/1_0" slope="0.00"/>
        <vehicle id="48" x="198.35" y="194.12" angle="25.97" type="DEFAULT_VEHTYPE" speed="6.58" pos="1.13" lane="1/1to1/0_0" slope="0.00"/>
        <vehicle id="49" x="401.65" y="612.22" angle="180.00" type="DEFAULT_VEHTYPE" speed="9.53" pos="7.47" lane="2/3to2/4_0" slope="0.00"/>
        <vehicle id="5" x="398.35" y="526.22" angle="0.00" type="DEFAULT_VEHTYPE" speed="12.61" pos="69.03" lane="2/3to2/2_0" slope="0.00"/>
        <vehicle id="6" x="315.26" y="598.35" angle="90.00" type="DEFAULT_VEHTYPE" speed="13.64" pos="110.51" lane="1/3to2/3_0" slope="0.00"/>
        <vehicle id="7" x="204.57" y="401.65" angle="-90.00" type="DEFAULT_VEHTYPE" speed="5.18" pos="0.18" lane=":1/2_5_0" slope="0.00"/>
        <vehicle id="8" x="111.54" y="201.65" angle="-90.00" type="DEFAULT_VEHTYPE" speed="13.66" pos="83.71" lane="1/1to0/1_0" slope="0.00"/>
        <vehicle id="9" x="349.15" y="401.65" angle="-90.00" type="DEFAULT_VEHTYPE" speed="13.45" pos="46.10" lane="2/2to1/2_0" slope="0.00"/>
    </timestep>
    <timestep time="665.00">
        <vehicle id="0" x="198.35" y="0.89" angle="0.00" type="DEFAULT_VEHTYPE" speed="13.21" pos="194.36" lane="1/1to1/0_0" slope="0.00"/>
        <vehicle id="10" x="401.65" y="87.36" angle="180.00" type="DEFAULT_VEHTYPE" speed="13.15" pos="87.36" lane="2/0to2/1_0" slope="0.00"/>
        <vehicle id="11" x="163.72" y="398.35" angle="90.00" type="DEFAULT_VEHTYPE" speed="13.39" pos="163.72" lane="0/2to1/2_0" slope="0.00"/>
        <vehicle id="15" x="398.35" y="3.13" angle="0.00" type="DEFAULT_VEHTYPE" speed="13.36" pos="192.12" lane="2/1to2/0_0" slope="0.00"/>
        <vehicle id="16" x="189.75" y="398.35" angle="90.00" type="DEFAULT_VEHTYPE" speed="3.83" pos="189.75" lane="0/2to1/2_0" slope="0.00"/>
        <vehicle id="17" x="201.65" y="472.82" angle="180.00" type="DEFAULT_VEHTYPE" speed="12.89" pos="68.07" lane="1/2to1/3_0" slope="0.00"/>
        <vehicle id="18" x="601.65" y="270.90" angle="180.00" type="DEFAULT_VEHTYPE" speed="13.20" pos="66.15" lane="3/1to3/2_0" slope="0.00"/>
        <vehicle id="2" x="601.65" y="329.71" angle="180.00" type="DEFAULT_VEHTYPE" speed="13.90" pos="124.96" lane="3/1to3/2_0" slope="0.00"/>
        <vehicle id="24" x="294.30" y="401.65" angle="-90.00" type="DEFAULT_VEHTYPE" speed="13.10" pos="100.95" lane="2/2to1/2_0" slope="0.00"/>
        <vehicle id="28" x="401.65" y="119.24" angle="180.00" type="DEFAULT_VEHTYPE" speed="13.82" pos="119.24" lane="2/0to2/1_0" slope="0.00"/>
        <vehicle id="29" x="564.14" y="401.65" angle="-90.00" type="DEFAULT_VEHTYPE" speed="13.35" pos="31.11" lane="3/2to2/2_0" slope="0.00"/>
        <vehicle id="3" x="601.65" y="403.91" angle="180.00" type="DEFAULT_VEHTYPE" speed="13.57" pos="8.66" lane=":3/2_9_0" slope="0.00"/>
        <vehicle id="33" x="198.35" y="135.40" angle="0.00" type="DEFAULT_VEHTYPE" speed="13.72" pos="59.85" lane="1/1to1/0_0" slope="0.00"/>
        <vehicle id="37" x="401.65" y="774.94" angle="180.00" type="DEFAULT_VEHTYPE" speed="13.78" pos="170.19" lane="2/3to2/4_0" slope="0.00"/>
        <vehicle id="39" x="695.61" y="598.35" angle="90.00" type="DEFAULT_VEHTYPE" speed="12.61" pos="90.86" lane="3/3to4/3_0" slope="0.00"/>
        <vehicle id="40" x="498.12" y="198.35" angle="90.00" type="DEFAULT_VEHTYPE" speed="13.06" pos="93.37" lane="2/1to3/1_0" slope="0.00"/>
        <vehicle id="42" x="398.35" y="229.47" angle="0.00" type="DEFAULT_VEHTYPE" speed="13.71" pos="165.78" lane="2/2to2/1_0" slope="0.00"/>
        <vehicle id="43" x="398.35" y="795.77" angle="-5.06" type="DEFAULT_VEHTYPE" speed="12.76" pos="4.23" lane="2/4to2/3_0" slope="0.00"/>
        <vehicle id="44" x="201.65" y="40.80" angle="180.00" type="DEFAULT_VEHTYPE" speed="13.09" pos="40.80" lane="1/0to1/1_0" slope="0.00"/>
        <vehicle id="48" x="198.35" y="185.15" angle="0.00" type="DEFAULT_VEHTYPE" speed="8.97" pos="10.10" lane="1/1to1/0_0" slope="0.00"/>
        <vehicle id="49" x="401.65" y="623.48" angle="180.00" type="DEFAULT_VEHTYPE" speed="11.26" pos="18.73" lane="2/3to2/4_0" slope="0.00"/>
        <vehicle id="5" x="398.35" y="512.86" angle="0.00" type="DEFAULT_VEHTYPE" speed="13.36" pos="82.39" lane="2/3to2/2_0" slope="0.00"/>
        <vehicle id="6" x="329.11" y="598.35" angle="90.00" type="DEFAULT_VEHTYPE" speed="13.85" pos="124.36" lane="1/3to2/3_0" slope="0.00"/>
        <vehicle id="7" x="197.11" y="401.65" angle="-90.00" type="DEFAULT_VEHTYPE" speed="7.46" pos="7.64" lane=":1/2_5_0" slope="0.00"/>
        <vehicle id="8" x="97.84" y="201.65" angle="-90.00" type="DEFAULT_VEHTYPE" speed="13.70" pos="97.41" lane="1/1to0/1_0" slope="0.00"/>
        <vehicle id="9" x="335.60" y="401.65" angle="-90.00" type="DEFAULT_VEHTYPE" speed="13.55" pos="59.65" lane="2/2to1/2_0" slope="0.00"/>
    </timestep>
    <timestep time="666.00">
        <vehicle id="0" x="201.65" y="8.16" angle="180.00" type="DEFAULT_VEHTYPE" speed="13.87" pos="8.16" lane="1/0to1/1_0" slope="0.00"/>
        <vehicle id="10" x="401.65" y="100.06" angle="180.00" type="DEFAULT_VEHTYPE" speed="12.70" pos="100.06" lane="2/0to2/1_0" slope="0.00"/>
        <vehicle id="11" x="172.60" y="398.35" angle="90.00" type="DEFAULT_VEHTYPE" speed="8.89" pos="172.60" lane="0/2to1/2_0" slope="0.00"/>
        <vehicle id="15" x="401.65" y="5.18" angle="180.00" type="DEFAULT_VEHTYPE" speed="13.13" pos="5.18" lane="2/0to2/1_0" slope="0.00"/>
        <vehicle id="16" x="195.37" y="398.37" angle="90.19" type="DEFAULT_VEHTYPE" speed="5.62" pos="0.12" lane=":1/2_14_0" slope="0.00"/>
        <vehicle id="17" x="201.65" y="486.55" angle="180.00" type="DEFAULT_VEHTYPE" speed="13.72" pos="81.80" lane="1/2to1/3_0" slope="0.00"/>
        <vehicle id="18" x="601.65" y="284.69" angle="180.00" type="DEFAULT_VEHTYPE" speed="13.80" pos="79.94" lane="3/1to3/2_0" slope="0.00"/>
        <vehicle id="2" x="601.65" y="342.40" angle="180.00" type="DEFAULT_VEHTYPE" speed="12.68" pos="137.65" lane="3/1to3/2_0" slope="0.00"/>
        <vehicle id="24" x="280.66" y="401.65" angle="-90.00" type="DEFAULT_VEHTYPE" speed="13.64" pos="114.59" lane="2/2to1/2_0" slope="0.00"/>
        <vehicle id="28" x="401.65" y="131.94" angle="180.00" type="DEFAULT_VEHTYPE" speed="12.70" pos="131.94" lane="2/0to2/1_0" slope="0.00"/>
        <vehicle id="29" x="550.25" y="401.65" angle="-90.00" type="DEFAULT_VEHTYPE" speed="13.89" pos="45.00" lane="3/2to2/2_0" slope="0.00"/>
        <vehicle id="3" x="601.65" y="416.91" angle="180.00" type="DEFAULT_VEHTYPE" speed="13.00" pos="12.16" lane="3/2to3/3_0" slope="0.00"/>
        <vehicle id="33" x="198.35" y="122.00" angle="0.00" type="DEFAULT_VEHTYPE" speed="13.40" pos="73.25" lane="1/1to1/0_0" slope="0.00"/>
        <vehicle id="37" x="401.65" y="788.04" angle="180.00" type="DEFAULT_VEHTYPE" speed="13.10" pos="183.29" lane="2/3to2/4_0" slope="0.00"/>
        <vehicle id="39" x="708.77" y="598.35" angle="90.00" type="DEFAULT_VEHTYPE" speed="13.16" pos="104.02" lane="3/3to4/3_0" slope="0.00"/>
        <vehicle id="40" x="511.71" y="198.35" angle="90.00" type="DEFAULT_VEHTYPE" speed="13.58" pos="106.96" lane="2/1to3/1_0" slope="0.00"/>
        <vehicle id="42" x="398.35" y="215.58" angle="0.00" type="DEFAULT_VEHTYPE" speed="13.90" pos="179.67" lane="2/2to2/1_0" slope="0.00"/>
        <vehicle id="43" x="398.35" y="782.73" angle="0.00" type="DEFAULT_VEHTYPE" speed="13.05" pos="17.27" lane="2/4to2/3_0" slope="0.00"/>
        <vehicle id="44" x="201.65" y="54.62" angle="180.00" type="DEFAULT_VEHTYPE" speed="13.82" pos="54.62" lane="1/0to1/1_0" slope="0.00"/>
        <vehicle id="48" x="198.35" y="173.98" angle="0.00" type="DEFAULT_VEHTYPE" speed="11.17" pos="21.27" lane="1/1to1/0_0" slope="0.00"/>
        <vehicle id="49" x="401.65" y="637.01" angle="180.00" type="DEFAULT_VEHTYPE" speed="13.53" pos="32.26" lane="2/3to2/4_0" slope="0.00"/>
        <vehicle id="5" x="398.35" y="499.37" angle="0.00" type="DEFAULT_VEHTYPE" speed="13.49" pos="95.88" lane="2/3to2/2_0" slope="0.00"/>
        <vehicle id="6" x="342.24" y="598.35" angle="90.00" type="DEFAULT_VEHTYPE" speed="13.14" pos="137.49" lane="1/3to2/3_0" slope="0.00"/>
        <vehicle id="7" x="187.84" y="401.65" angle="-90.00" type="DEFAULT_VEHTYPE" speed="9.27" pos="7.41" lane="1/2to0/2_0" slope="0.00"/>
        <vehicle id="8" x="84.76" y="201.65" angle="-90.00" type="DEFAULT_VEHTYPE" speed="13.08" pos="110.49" lane="1/1to0/1_0" slope="0.00"/>
        <vehicle id="9" x="322.20" y="401.65" angle="-90.00" type="DEFAULT_VEHTYPE" speed="13.41" pos="73.05" lane="2/2to1/2_0" slope="0.00"/>
    </timestep>
    <timestep time="667.00">
        <vehicle id="0" x="201.65" y="21.43" angle="180.00" type="DEFAULT_VEHTYPE" speed="13.27" pos="21.43" lane="1/0to1/1_0" slope="0.00"/>
        <vehicle id="10" x="401.65" y="113.29" angle="180.00" type="DEFAULT_VEHTYPE" speed="13.23" pos="113.29" lane="2/0to2/1_0" slope="0.00"/>
        <vehicle id="11" x="181.01" y="398.35" angle="90.00" type="DEFAULT_VEHTYPE" speed="8.40" pos="181.01" lane="0/2to1/2_0" slope="0.00"/>
        <vehicle id="15" x="401.65" y="18.80" angle="180.00" type="DEFAULT_VEHTYPE" speed="13.61" pos="18.80" lane="2/0to2/1_0" slope="0.00"/>
        <vehicle id="16" x="201.32" y="402.46" angle="139.27" type="DEFAULT_VEHTYPE" speed="7.89" pos="8.01" lane=":1/2_14_0" slope="0.00"/>
        <vehicle id="17" x="201.65" y="499.64" angle="180.00" type="DEFAULT_VEHTYPE" speed="13.09" pos="94.89" lane="1/2to1/3_0" slope="0.00"/>
        <vehicle id="18" x="601.65" y="297.63" angle="180.00" type="DEFAULT_VEHTYPE" speed="12.94" pos="92.88" lane="3/1to3/2_0" slope="0.00"/>
        <vehicle id="2" x="601.65" y="355.13" angle="180.00" type="DEFAULT_VEHTYPE" speed="12.73" pos="150.38" lane="3/1to3/2_0" slope="0.00"/>
        <vehicle id="24" x="267.51" y="401.65" angle="-90.00" type="DEFAULT_VEHTYPE" speed="13.14" pos="127.74" lane="2/2to1/2_0" slope="0.00"/>
        <vehicle id="28" x="401.65" y="145.22" angle="180.00" type="DEFAULT_VEHTYPE" speed="13.28" pos="145.22" lane="2/0to2/1_0" slope="0.00"/>
        <vehicle id="29" x="537.13" y="401.65" angle="-90.00" type="DEFAULT_VEHTYPE" speed="13.12" pos="58.12" lane="3/2to2/2_0" slope="0.00"/>
        <vehicle id="3" x="601.65" y="430.51" angle="180.00" type="DEFAULT_VEHTYPE" speed="13.60" pos="25.76" lane="3/2to3/3_0" slope="0.00"/>
        <vehicle id="33" x="198.35" y="108.33" angle="0.00" type="DEFAULT_VEHTYPE" speed="13.67" pos="86.92" lane="1/1to1/0_0" slope="0.00"/>
        <vehicle id="37" x="400.64" y="801.33" angle="-167.71" type="DEFAULT_VEHTYPE" speed="13.66" pos="1.70" lane=":2/4_0_0" slope="0.00"/>
        <vehicle id="39" x="722.00" y="598.35" angle="90.00" type="DEFAULT_VEHTYPE" speed="13.23" pos="117.25" lane="3/3to4/3_0" slope="0.00"/>
        <vehicle id="40" x="525.35" y="198.35" angle="90.00" type="DEFAULT_VEHTYPE" speed="13.65" pos="120.60" lane="2/1to3/1_0" slope="0.00"/>
        <vehicle id="42" x="397.26" y="202.23" angle="-13.14" type="DEFAULT_VEHTYPE" speed="13.70" pos="2.87" lane=":2/1_0_0" slope="0.00"/>
        <vehicle id="43" x="398.35" y="769.82" angle="0.00" type="DEFAULT_VEHTYPE" speed="12.91" pos="30.18" lane="2/4to2/3_0" slope="0.00"/>
        <vehicle id="44" x="201.65" y="68.30" angle="180.00" type="DEFAULT_VEHTYPE" speed="13.68" pos="68.30" lane="1/0to1/1_0" slope="0.00"/>
        <vehicle id="48" x="198.35" y="160.43" angle="0.00" type="DEFAULT_VEHTYPE" speed="13.56" pos="34.82" lane="1/1to1/0_0" slope="0.00"/>
        <vehicle id="49" x="401.65" y="649.71" angle="180.00" type="DEFAULT_VEHTYPE" speed="12.70" pos="44.96" lane="2/3to2/4_0" slope="0.00"/>
        <vehicle id="5" x="398.35" y="485.50" angle="0.00" type="DEFAULT_VEHTYPE" speed="13.87" pos="109.75" lane="2/3to2/2_0" slope="0.00"/>
        <vehicle id="6" x="355.19" y="598.35" angle="90.00" type="DEFAULT_VEHTYPE" speed="12.95" pos="150.44" lane="1/3to2/3_0" slope="0.00"/>
        <vehicle id="7" x="177.06" y="401.65" angle="-90.00" type="DEFAULT_VEHTYPE" speed="10.78" pos="18.19" lane="1/2to0/2_0" slope="0.00"/>
        <vehicle id="8" x="71.72" y="201.65" angle="-90.00" type="DEFAULT_VEHTYPE" speed="13.04" pos="123.53" lane="1/1to0/1_0" slope="0.00"/>
        <vehicle id="9" x="309.04" y="401.65" angle="-90.00" type="DEFAULT_VEHTYPE" speed="13.15" pos="86.21" lane="2/2to1/2_0" slope="0.00"/>
    </timestep>
    <timestep time="668.00">
        <vehicle id="0" x="201.65" y="34.60" angle="180.00" type="DEFAULT_VEHTYPE" speed="13.16" pos="34.60" lane="1/0to1/1_0" slope="0.00"/>
        <vehicle id="10" x="401.65" y="126.86" angle="180.00" type="DEFAULT_VEHTYPE" speed="13.57" pos="126.86" lane="2/0to2/1_0" slope="0.00"/>
        <vehicle id="11" x="186.44" y="398.35" angle="90.00" type="DEFAULT_VEHTYPE" speed="5.43" pos="186.44" lane="0/2to1/2_0" slope="0.00"/>
        <vehicle id="15" x="401.65" y="32.43" angle="180.00" type="DEFAULT_VEHTYPE" speed="13.63" pos="32.43" lane="2/0to2/1_0" slope="0.00"/>
        <vehicle id="16" x="201.65" y="412.27" angle="180.00" type="DEFAULT_VEHTYPE" speed="9.83" pos="7.52" lane="1/2to1/3_0" slope="0.00"/>
        <vehicle id="17" x="201.65" y="513.10" angle="180.00" type="DEFAULT_VEHTYPE" speed="13.46" pos="108.35" lane="1/2to1/3_0" slope="0.00"/>
        <vehicle id="18" x="601.65" y="310.61" angle="180.00" type="DEFAULT_VEHTYPE" speed="12.98" pos="105.86" lane="3/1to3/2_0" slope="0.00"/>
        <vehicle id="2" x="601.65" y="368.23" angle="180.00" type="DEFAULT_VEHTYPE" speed="13.10" pos="163.48" lane="3/1to3/2_0" slope="0.00"/>
        <vehicle id="24" x="254.34" y="401.65" angle="-90.00" type="DEFAULT_VEHTYPE" speed="13.17" pos="140.91" lane="2/2to1/2_0" slope="0.00"/>
        <vehicle id="28" x="401.65" y="158.13" angle="180.00" type="DEFAULT_VEHTYPE" speed="12.91" pos="158.13" lane="2/0to2/1_0" slope="0.00"/>
        <vehicle id="29" x="523.46" y="401.65" angle="-90.00" type="DEFAULT_VEHTYPE" speed="13.67" pos="71.79" lane="3/2to2/2_0" slope="0.00"/>
        <vehicle id="3" x="601.65" y="443.46" angle="180.00" type="DEFAULT_VEHTYPE" speed="12.95" pos="38.71" lane="3/2to3/3_0" slope="0.00"/>
        <vehicle id="33" x="198.35" y="94.88" angle="0.00" type="DEFAULT_VEHTYPE" speed="13.45" pos="100.37" lane="1/1to1/0_0" slope="0.00"/>
        <vehicle id="37" x="398.35" y="789.34" angle="0.00" type="DEFAULT_VEHTYPE" speed="13.79" pos="10.66" lane="2/4to2/3_0" slope="0.00"/>
        <vehicle id="39" x="735.39" y="598.35" angle="90.00" type="DEFAULT_VEHTYPE" speed="13.39" pos="130.64" lane="3/3to4/3_0" slope="0.00"/>
        <vehicle id="40" x="539.21" y="198.35" angle="90.00" type="DEFAULT_VEHTYPE" speed="13.85" pos="134.46" lane="2/1to3/1_0" slope="0.00"/>
        <vehicle id="42" x="383.89" y="201.65" angle="-90.00" type="DEFAULT_VEHTYPE" speed="13.49" pos="11.36" lane="2/1to1/1_0" slope="0.00"/>
        <vehicle id="43" x="398.35" y="755.92" angle="0.00" type="DEFAULT_VEHTYPE" speed="13.90" pos="44.08" lane="2/4to2/3_0" slope="0.00"/>
        <vehicle id="44" x="201.65" y="81.47" angle="180.00" type="DEFAULT_VEHTYPE" speed="13.17" pos="81.47" lane="1/0to1/1_0" slope="0.00"/>
        <vehicle id="48" x="198.35" y="147.65" angle="0.00" type="DEFAULT_VEHTYPE" speed="12.78" pos="47.60" lane="1/1to1/0_0" slope="0.00"/>
        <vehicle id="49" x="401.65" y="662.59" angle="180.00" type="DEFAULT_VEHTYPE" speed="12.89" pos="57.84" lane="2/3to2/4_0" slope="0.00"/>
        <vehicle id="5" x="398.35" y="472.09" angle="0.00" type="DEFAULT_VEHTYPE" speed="13.41" pos="123.16" lane="2/3to2/2_0" slope="0.00"/>
        <vehicle id="6" x="368.13" y="598.35" angle="90.00" type="DEFAULT_VEHTYPE" speed="12.94" pos="163.38" lane="1/3to2/3_0" slope="0.00"/>
        <vehicle id="7" x="164.12" y="401.65" angle="-90.00" type="DEFAULT_VEHTYPE" speed="12.94" pos="31.13" lane="1/2to0/2_0" slope="0.00"/>
        <vehicle id="8" x="58.88" y="201.65" angle="-90.00" type="DEFAULT_VEHTYPE" speed="12.85" pos="136.37" lane="1/1to0/1_0" slope="0.00"/>
        <vehicle id="9" x="296.07" y="401.65" angle="-90.00" type="DEFAULT_VEHTYPE" speed="12.98" pos="99.18" lane="2/2to1/2_0" slope="0.00"/>
    </timestep>
    <timestep time="669.00">
        <vehicle id="0" x="201.65" y="47.86" angle="180.00" type="DEFAULT_VEHTYPE" speed="13.26" pos="47.86" lane="1/0to1/1_0" slope="0.00"/>
        <vehicle id="10" x="401.65" y="139.93" angle="180.00" type="DEFAULT_VEHTYPE" speed="13.07" pos="139.93" lane="2/0to2/1_0" slope="0.00"/>
        <vehicle id="11" x="189.67" y="398.35" angle="90.00" type="DEFAULT_VEHTYPE" speed="3.23" pos="189.67" lane="0/2to1/2_0" slope="0.00"/>
        <vehicle id="15" x="401.65" y="45.75" angle="180.00" type="DEFAULT_VEHTYPE" speed="13.32" pos="45.75" lane="2/0to2/1_0" slope="0.00"/>
        <vehicle id="16" x="201.65" y="423.46" angle="180.00" type="DEFAULT_VEHTYPE" speed="11.18" pos="18.71" lane="1/2to1/3_0" slope="0.00"/>
        <vehicle id="17" x="201.65" y="526.86" angle="180.00" type="DEFAULT_VEHTYPE" speed="13.76" pos="122.11" lane="1/2to1/3_0" slope="0.00"/>
        <vehicle id="18" x="601.65" y="323.54" angle="180.00" type="DEFAULT_VEHTYPE" speed="12.93" pos="118.79" lane="3/1to3/2_0" slope="0.00"/>
        <vehicle id="2" x="601.65" y="378.26" angle="180.00" type="DEFAULT_VEHTYPE" speed="10.03" pos="173.51" lane="3/1to3/2_0" slope="0.00"/>
        <vehicle id="24" x="240.91" y="401.65" angle="-90.00" type="DEFAULT_VEHTYPE" speed="13.43" pos="154.34" lane="2/2to1/2_0" slope="0.00"/>
        <vehicle id="28" x="401.65" y="170.77" angle="180.00" type="DEFAULT_VEHTYPE" speed="12.64" pos="170.77" lane="2/0to2/1_0" slope="0.00"/>
        <vehicle id="29" x="509.77" y="401.65" angle="-90.00" type="DEFAULT_VEHTYPE" speed="13.69" pos="85.48" lane="3/2to2/2_0" slope="0.00"/>
        <vehicle id="3" x="601.65" y="456.72" angle="180.00" type="DEFAULT_VEHTYPE" speed="13.26" pos="51.97" lane="3/2to3/3_0" slope="0.00"/>
        <vehicle id="33" x="198.35" y="81.09" angle="0.00" type="DEFAULT_VEHTYPE" speed="13.79" pos="114.16" lane="1/1to1/0_0" slope="0.00"/>
        <vehicle id="37" x="398.35" y="776.30" angle="0.00" type="DEFAULT_VEHTYPE" speed="13.04" pos="23.70" lane="2/4to2/3_0" slope="0.00"/>
        <vehicle id="39" x="748.39" y="598.35" angle="90.00" type="DEFAULT_VEHTYPE" speed="13.00" pos="143.64" lane="3/3to4/3_0" slope="0.00"/>
        <vehicle id="40" x="552.91" y="198.35" angle="90.00" type="DEFAULT_VEHTYPE" speed="13.70" pos="148.16" lane="2/1to3/1_0" slope="0.00"/>
        <vehicle id="42" x="370.52" y="201.65" angle="-90.00" type="DEFAULT_VEHTYPE" speed="13.37" pos="24.73" lane="2/1to1/1_0" slope="0.00"/>
        <vehicle id="43" x="398.35" y="742.92" angle="0.00" type="DEFAULT_VEHTYPE" speed="13.01" pos="57.08" lane="2/4to2/3_0" slope="0.00"/>
        <vehicle id="44" x="201.65" y="94.79" angle="180.00" type="DEFAULT_VEHTYPE" speed="13.31" pos="94.79" lane="1/0to1/1_0" slope="0.00"/>
        <vehicle id="48" x="198.35" y="133.91" angle="0.00" type="DEFAULT_VEHTYPE" speed="13.74" pos="61.34" lane="1/1to1/0_0" slope="0.00"/>
        <vehicle id="49" x="401.65" y="676.37" angle="180.00" type="DEFAULT_VEHTYPE" speed="13.77" pos="71.62" lane="2/3to2/4_0" slope="0.00"/>
        <vehicle id="5" x="398.35" y="459.22" angle="0.00" type="DEFAULT_VEHTYPE" speed="12.87" pos="136.03" lane="2/3to2/2_0" slope="0.00"/>
        <vehicle id="6" x="378.81" y="598.35" angle="90.00" type="DEFAULT_VEHTYPE" speed="10.68" pos="174.06" lane="1/3to2/3_0" slope="0.00"/>
        <vehicle id="7" x="150.43" y="401.65" angle="-90.00" type="DEFAULT_VEHTYPE" speed="13.69" pos="44.82" lane="1/2to0/2_0" slope="0.00"/>
        <vehicle id="8" x="45.37" y="201.65" angle="-90.00" type="DEFAULT_VEHTYPE" speed="13.51" pos="149.88" lane="1/1to0/1_0" slope="0.00"/>
        <vehicle id="9" x="282.88" y="401.65" angle="-90.00" type="DEFAULT_VEHTYPE" speed="13.18" pos="112.37" lane="2/2to1/2_0" slope="0.00"/>
    </timestep>
    <timestep time="670.00">
        <vehicle id="0" x="201.65" y="61.01" angle="180.00" type="DEFAULT_VEHTYPE" speed="13.15" pos="61.01" lane="1/0to1/1_0" slope="0.00"/>
        <vehicle id="10" x="401.65" y="152.94" angle="180.00" type="DEFAULT_VEHTYPE" speed="13.01" pos="152.94" lane="2/0to2/1_0" slope="0.00"/>
        <vehicle id="11" x="194.96" y="398.35" angle="90.00" type="DEFAULT_VEHTYPE" speed="5.28" pos="194.96" lane="0/2to1/2_0" slope="0.00"/>
        <vehicle id="15" x="401.65" y="58.45" angle="180.00" type="DEFAULT_VEHTYPE" speed="12.70" pos="58.45" lane="2/0to2/1_0" slope="0.00"/>
        <vehicle id="16" x="201.65" y="436.63" angle="180.00" type="DEFAULT_VEHTYPE" speed="13.17" pos="31.88" lane="1/2to1/3_0" slope="0.00"/>
        <vehicle id="17" x="201.65" y="540.56" angle="180.00" type="DEFAULT_VEHTYPE" speed="13.70" pos="135.81" lane="1/2to1/3_0" slope="0.00"/>
        <vehicle id="18" x="601.65" y="336.43" angle="180.00" type="DEFAULT_VEHTYPE" speed="12.89" pos="131.68" lane="3/1to3/2_0" slope="0.00"/>
        <vehicle id="2" x="601.65" y="385.74" angle="180.00" type="DEFAULT_VEHTYPE" speed="7.48" pos="180.99" lane="3/1to3/2_0" slope="0.00"/>
        <vehicle id="24" x="227.79" y="401.65" angle="-90.00" type="DEFAULT_VEHTYPE" speed="13.12" pos="167.46" lane="2/2to1/2_0" slope="0.00"/>
        <vehicle id="28" x="401.65" y="183.66" angle="180.00" type="DEFAULT_VEHTYPE" speed="12.89" pos="183.66" lane="2/0to2/1_0" slope="0.00"/>
        <vehicle id="29" x="496.58" y="401.65" angle="-90.00" type="DEFAULT_VEHTYPE" speed="13.19" pos="98.67" lane="3/2to2/2_0" slope="0.00"/>
        <vehicle id="3" x="601.65" y="470.34" angle="180.00" type="DEFAULT_VEHTYPE" speed="13.63" pos="65.59" lane="3/2to3/3_0" slope="0.00"/>
        <vehicle id="33" x="198.35" y="68.32" angle="0.00" type="DEFAULT_VEHTYPE" speed="12.77" pos="126.93" lane="1/1to1/0_0" slope="0.00"/>
        <vehicle id="37" x="398.35" y="763.35" angle="0.00" type="DEFAULT_VEHTYPE" speed="12.95" pos="36.65" lane="2/4to2/3_0" slope="0.00"/>
        <vehicle id="39" x="762.14" y="598.35" angle="90.00" type="DEFAULT_VEHTYPE" speed="13.75" pos="157.39" lane="3/3to4/3_0" slope="0.00"/>
        <vehicle id="40" x="565.75" y="198.35" angle="90.00" type="DEFAULT_VEHTYPE" speed="12.84" pos="161.00" lane="2/1to3/1_0" slope="0.00"/>
        <vehicle id="42" x="357.43" y="201.65" angle="-90.00" type="DEFAULT_VEHTYPE" speed="13.09" pos="37.82" lane="2/1to1/1_0" slope="0.00"/>
        <vehicle id="43" x="398.35" y="730.05" angle="0.00" type="DEFAULT_VEHTYPE" speed="12.86" pos="69.95" lane="2/4to2/3_0" slope="0.00"/>
        <vehicle id="44" x="201.65" y="107.52" angle="180.00" type="DEFAULT_VEHTYPE" speed="12.73" pos="107.52" lane="1/0to1/1_0" slope="0.00"/>
        <vehicle id="48" x="198.35" y="120.74" angle="0.00" type="DEFAULT_VEHTYPE" speed="13.17" pos="74.51" lane="1/1to1/0_0" slope="0.00"/>
        <vehicle id="49" x="401.65" y="690.19" angle="180.00" type="DEFAULT_VEHTYPE" speed="13.82" pos="85.44" lane="2/3to2/4_0" slope="0.00"/>
        <vehicle id="5" x="398.35" y="446.03" angle="0.00" type="DEFAULT_VEHTYPE" speed="13.19" pos="149.22" lane="2/3to2/2_0" slope="0.00"/>
        <vehicle id="6" x="385.22" y="598.35" angle="90.00" type="DEFAULT_VEHTYPE" speed="6.41" pos="180.47" lane="1/3to2/3_0" slope="0.00"/>
        <vehicle id="7" x="137.27" y="401.65" angle="-90.00" type="DEFAULT_VEHTYPE" speed="13.16" pos="57.98" lane="1/2to0/2_0" slope="0.00"/>
        <vehicle id="8" x="31.83" y="201.65" angle="-90.00" type="DEFAULT_VEHTYPE" speed="13.54" pos="163.42" lane="1/1to0/1_0" slope="0.00"/>
        <vehicle id="9" x="269.76" y="401.65" angle="-90.00" type="DEFAULT_VEHTYPE" speed="13.13" pos="125.49" lane="2/2to1/2_0" slope="0.00"/>
    </timestep>
    <timestep time="671.00">
        <vehicle id="0" x="201.65" y="74.85" angle="180.00" type="DEFAULT_VEHTYPE" speed="13.84" pos="74.85" lane="1/0to1/1_0" slope="0.00"/>
        <vehicle id="10" x="401.65" y="165.70" angle="180.00" type="DEFAULT_VEHTYPE" speed="12.76" pos="165.70" lane="2/0to2/1_0" slope="0.00"/>
        <vehicle id="11" x="201.11" y="401.71" angle="129.74" type="DEFAULT_VEHTYPE" speed="7.51" pos="7.21" lane=":1/2_14_0" slope="0.00"/>
        <vehicle id="15" x="401.65" y="72.33" angle="180.00" type="DEFAULT_VEHTYPE" speed="13.88" pos="72.33" lane="2/0to2/1_0" slope="0.00"/>
        <vehicle id="16" x="201.65" y="450.25" angle="180.00" type="DEFAULT_VEHTYPE" speed="13.62" pos="45.50" lane="1/2to1/3_0" slope="0.00"/>
        <vehicle id="17" x="201.65" y="554.46" angle="180.00" type="DEFAULT_VEHTYPE" speed="13.90" pos="149.71" lane="1/2to1/3_0" slope="0.00"/>
        <vehicle id="18" x="601.65" y="349.79" angle="180.00" type="DEFAULT_VEHTYPE" speed="13.36" pos="145.04" lane="3/1to3/2_0" slope="0.00"/>
        <vehicle id="2" x="601.65" y="389.63" angle="180.00" type="DEFAULT_VEHTYPE" speed="3.89" pos="184.88" lane="3/1to3/2_0" slope="0.00"/>
        <vehicle id="24" x="218.62" y="401.65" angle="-90.00" type="DEFAULT_VEHTYPE" speed="9.16" pos="176.63" lane="2/2to1/2_0" slope="0.00"/>
        <vehicle id="28" x="401.81" y="196.39" angle="178.17" type="DEFAULT_VEHTYPE" speed="12.74" pos="1.15" lane=":2/1_8_0" slope="0.00"/>
        <vehicle id="29" x="482.73" y="401.65" angle="-90.00" type="DEFAULT_VEHTYPE" speed="13.84" pos="112.52" lane="3/2to2/2_0" slope="0.00"/>
        <vehicle id="3" x="601.65" y="483.49" angle="180.00" type="DEFAULT_VEHTYPE" speed="13.15" pos="78.74" lane="3/2to3/3_0" slope="0.00"/>
        <vehicle id="33" x="198.35" y="55.14" angle="0.00" type="DEFAULT_VEHTYPE" speed="13.18" pos="140.11" lane="1/1to1/0_0" slope="0.00"/>
        <vehicle id="37" x="398.35" y="749.73" angle="0.00" type="DEFAULT_VEHTYPE" speed="13.62" pos="50.27" lane="2/4to2/3_0" slope="0.00"/>
        <vehicle id="39" x="775.91" y="598.35" angle="90.00" type="DEFAULT_VEHTYPE" speed="13.77" pos="171.16" lane="3/3to4/3_0" slope="0.00"/>
        <vehicle id="40" x="576.92" y="198.35" angle="90.00" type="DEFAULT_VEHTYPE" speed="11.17" pos="172.17" lane="2/1to3/1_0" slope="0.00"/>
        <vehicle id="42" x="344.36" y="201.65" angle="-90.00" type="DEFAULT_VEHTYPE" speed="13.07" pos="50.89" lane="2/1to1/1_0" slope="0.00"/>
        <vehicle id="43" x="398.35" y="717.23" angle="0.00" type="DEFAULT_VEHTYPE" speed="12.83" pos="82.77" lane="2/4to2/3_0" slope="0.00"/>
        <vehicle id="44" x="201.65" y="120.70" angle="180.00" type="DEFAULT_VEHTYPE" speed="13.18" pos="120.70" lane="1/0to1/1_0" slope="0.00"/>
        <vehicle id="48" x="198.35" y="107.02" angle="0.00" type="DEFAULT_VEHTYPE" speed="13.72" pos="88.23" lane="1/1to1/0_0" slope="0.00"/>
        <vehicle id="49" x="401.65" y="703.03" angle="180.00" type="DEFAULT_VEHTYPE" speed="12.84" pos="98.28" lane="2/3to2/4_0" slope="0.00"/>
        <vehicle id="5" x="398.35" y="433.40" angle="0.00" type="DEFAULT_VEHTYPE" speed="12.63" pos="161.85" lane="2/3to2/2_0" slope="0.00"/>
        <vehicle id="6" x="389.48" y="598.35" angle="90.00" type="DEFAULT_VEHTYPE" speed="4.26" pos="184.73" lane="1/3to2/3_0" slope="0.00"/>
        <vehicle id="7" x="123.93" y="401.65" angle="-90.00" type="DEFAULT_VEHTYPE" speed="13.35" pos="71.32" lane="1/2to0/2_0" slope="0.00"/>
        <vehicle id="8" x="18.58" y="201.65" angle="-90.00" type="DEFAULT_VEHTYPE" speed="13.24" pos="176.67" lane="1/1to0/1_0" slope="0.00"/>
        <vehicle id="9" x="255.95" y="401.65" angle="-90.00" type="DEFAULT_VEHTYPE" speed="13.80" pos="139.30" lane="2/2to1/2_0" slope="0.00"/>
    </timestep>
    <timestep time="672.00">
        <vehicle id="0" x="201.65" y="87.80" angle="180.00" type="DEFAULT_VEHTYPE" speed="12.95" pos="87.80" lane="1/0to1/1_0" slope="0.00"/>
        <vehicle id="10" x="401.65" y="179.36" angle="180.00" type="DEFAULT_VEHTYPE" speed="13.66" pos="179.36" lane="2/0to2/1_0" slope="0.00"/>
        <vehicle id="11" x="201.65" y="411.44" angle="180.00" type="DEFAULT_VEHTYPE" speed="9.80" pos="6.69" lane="1/2to1/3_0" slope="0.00"/>
        <vehicle id="15" x="401.65" y="86.04" angle="180.00" type="DEFAULT_VEHTYPE" speed="13.71" pos="86.04" lane="2/0to2/1_0" slope="0.00"/>
        <vehicle id="16" x="201.65" y="463.11" angle="180.00" type="DEFAULT_VEHTYPE" speed="12.86" pos="58.36" lane="1/2to1/3_0" slope="0.00"/>
        <vehicle id="17" x="201.65" y="567.31" angle="180.00" type="DEFAULT_VEHTYPE" speed="12.85" pos="162.56" lane="1/2to1/3_0" slope="0.00"/>
        <vehicle id="18" x="601.65" y="362.09" angle="180.00" type="DEFAULT_VEHTYPE" speed="12.31" pos="157.34" lane="3/1to3/2_0" slope="0.00"/>
        <vehicle id="2" x="601.55" y="395.97" angle="-178.81" type="DEFAULT_VEHTYPE" speed="6.35" pos="0.73" lane=":3/2_10_0" slope="0.00"/>
        <vehicle id="24" x="212.13" y="401.65" angle="-90.00" type="DEFAULT_VEHTYPE" speed="6.49" pos="183.12" lane="2/2to1/2_0" slope="0.00"/>
        <vehicle id="28" x="414.37" y="198.35" angle="90.00" type="DEFAULT_VEHTYPE" speed="13.47" pos="9.62" lane="2/1to3/1_0" slope="0.00"/>
        <vehicle id="29" x="468.88" y="401.65" angle="-90.00" type="DEFAULT_VEHTYPE" speed="13.85" pos="126.37" lane="3/2to2/2_0" slope="0.00"/>
        <vehicle id="3" x="601.65" y="497.16" angle="180.00" type="DEFAULT_VEHTYPE" speed="13.67" pos="92.41" lane="3/2to3/3_0" slope="0.00"/>
        <vehicle id="33" x="198.35" y="41.58" angle="0.00" type="DEFAULT_VEHTYPE" speed="13.55" pos="153.67" lane="1/1to1/0_0" slope="0.00"/>
        <vehicle id="37" x="398.35" y="736.06" angle="0.00" type="DEFAULT_VEHTYPE" speed="13.67" pos="63.94" lane="2/4to2/3_0" slope="0.00"/>
        <vehicle id="39" x="789.42" y="598.35" angle="90.00" type="DEFAULT_VEHTYPE" speed="13.51" pos="184.67" lane="3/3to4/3_0" slope="0.00"/>
        <vehicle id="40" x="583.99" y="198.35" angle="90.00" type="DEFAULT_VEHTYPE" speed="7.07" pos="179.24" lane="2/1to3/1_0" slope="0.00"/>
        <vehicle id="42" x="330.79" y="201.65" angle="-90.00" type="DEFAULT_VEHTYPE" speed="13.58" pos="64.46" lane="2/1to1/1_0" slope="0.00"/>
        <vehicle id="43" x="398.35" y="704.45" angle="0.00" type="DEFAULT_VEHTYPE" speed="12.78" pos="95.55" lane="2/4to2/3_0" slope="0.00"/>
        <vehicle id="44" x="201.65" y="133.96" angle="180.00" type="DEFAULT_VEHTYPE" speed="13.26" pos="133.96" lane="1/0to1/1_0" slope="0.00"/>
        <vehicle id="48" x="198.35" y="93.73" angle="0.00" type="DEFAULT_VEHTYPE" speed="13.29" pos="101.52" lane="1/1to1/0_0" slope="0.00"/>
        <vehicle id="49" x="401.65" y="715.74" angle="180.00" type="DEFAULT_VEHTYPE" speed="12.71" pos="110.99" lane="2/3to2/4_0" slope="0.00"/>
        <vehicle id="5" x="398.35" y="420.06" angle="0.00" type="DEFAULT_VEHTYPE" speed="13.34" pos="175.19" lane="2/3to2/2_0" slope="0.00"/>
        <vehicle id="6" x="395.82" y="598.43" angle="90.93" type="DEFAULT_VEHTYPE" speed="6.34" pos="0.57" lane=":2/3_14_0" slope="0.00"/>
        <vehicle id="7" x="111.24" y="401.65" angle="-90.00" type="DEFAULT_VEHTYPE" speed="12.68" pos="84.01" lane="1/2to0/2_0" slope="0.00"/>
        <vehicle id="8" x="5.60" y="201.65" angle="-90.00" type="DEFAULT_VEHTYPE" speed="12.98" pos="189.65" lane="1/1to0/1_0" slope="0.00"/>
        <vehicle id="9" x="242.16" y="401.65" angle="-90.00" type="DEFAULT_VEHTYPE" speed="13.79" pos="153.09" lane="2/2to1/2_0" slope="0.00"/>
    </timestep>
    <timestep time="673.00">
        <vehicle id="0" x="201.65" y="101.45" angle="180.00" type="DEFAULT_VEHTYPE" speed="13.66" pos="101.45" lane="1/0to1/1_0" slope="0.00"/>
        <vehicle id="10" x="401.65" y="192.16" angle="180.00" type="DEFAULT_VEHTYPE" speed="12.80" pos="192.16" lane="2/0to2/1_0" slope="0.00"/>
        <vehicle id="11" x="201.65" y="422.62" angle="180.00" type="DEFAULT_VEHTYPE" speed="11.18" pos="17.87" lane="1/2to1/3_0" slope="0.00"/>
        <vehicle id="15" x="401.65" y="99.25" angle="180.00" type="DEFAULT_VEHTYPE" speed="13.21" pos="99.25" lane="2/0to2/1_0" slope="0.00"/>
        <vehicle id="16" x="201.65" y="476.86" angle="180.00" type="DEFAULT_VEHTYPE" speed="13.75" pos="72.11" lane="1/2to1/3_0" slope="0.00"/>
        <vehicle id="17" x="201.65" y="580.30" angle="180.00" type="DEFAULT_VEHTYPE" speed="12.99" pos="175.55" lane="1/2to1/3_0" slope="0.00"/>
        <vehicle id="18" x="601.65" y="375.15" angle="180.00" type="DEFAULT_VEHTYPE" speed="13.05" pos="170.40" lane="3/1to3/2_0" slope="0.00"/>
        <vehicle id="2" x="597.00" y="401.40" angle="-125.15" type="DEFAULT_VEHTYPE" speed="7.82" pos="1.41" lane=":3/2_18_0" slope="0.00"/>
        <vehicle id="24" x="209.60" y="401.65" angle="-90.00" type="DEFAULT_VEHTYPE" speed="2.53" pos="185.65" lane="2/2to1/2_0" slope="0.00"/>
        <vehicle id="28" x="428.03" y="198.35" angle="90.00" type="DEFAULT_VEHTYPE" speed="13.66" pos="23.28" lane="2/1to3/1_0" slope="0.00"/>
        <vehicle id="29" x="455.32" y="401.65" angle="-90.00" type="DEFAULT_VEHTYPE" speed="13.57" pos="139.93" lane="3/2to2/2_0" slope="0.00"/>
        <vehicle id="3" x="601.65" y="510.56" angle="180.00" type="DEFAULT_VEHTYPE" speed="13.39" pos="105.81" lane="3/2to3/3_0" slope="0.00"/>
        <vehicle id="33" x="198.35" y="28.86" angle="0.00" type="DEFAULT_VEHTYPE" speed="12.72" pos="166.39" lane="1/1to1/0_0" slope="0.00"/>
        <vehicle id="37" x="398.35" y="722.75" angle="0.00" type="DEFAULT_VEHTYPE" speed="13.31" pos="77.25" lane="2/4to2/3_0" slope="0.00"/>
        <vehicle id="39" x="801.49" y="600.32" angle="117.84" type="DEFAULT_VEHTYPE" speed="13.35" pos="2.76" lane=":4/3_0_0" slope="0.00"/>
        <vehicle id="40" x="588.47" y="198.35" angle="90.00" type="DEFAULT_VEHTYPE" speed="4.48" pos="183.72" lane="2/1to3/1_0" slope="0.00"/>
        <vehicle id="42" x="317.65" y="201.65" angle="-90.00" type="DEFAULT_VEHTYPE" speed="13.13" pos="77.60" lane="2/1to1/1_0" slope="0.00"/>
        <vehicle id="43" x="398.35" y="691.80" angle="0.00" type="DEFAULT_VEHTYPE" speed="12.65" pos="108.20" lane="2/4to2/3_0" slope="0.00"/>
        <vehicle id="44" x="201.65" y="147.76" angle="180.00" type="DEFAULT_VEHTYPE" speed="13.80" pos="147.76" lane="1/0to1/1_0" slope="0.00"/>
        <vehicle id="48" x="198.35" y="80.24" angle="0.00" type="DEFAULT_VEHTYPE" speed="13.49" pos="115.01" lane="1/1to1/0_0" slope="0.00"/>
        <vehicle id="49" x="401.65" y="729.01" angle="180.00" type="DEFAULT_VEHTYPE" speed="13.27" pos="124.26" lane="2/3to2/4_0" slope="0.00"/>
        <vehicle id="5" x="398.35" y="407.18" angle="0.00" type="DEFAULT_VEHTYPE" speed="12.88" pos="188.07" lane="2/3to2/2_0" slope="0.00"/>
        <vehicle id="6" x="401.49" y="603.65" angle="151.62" type="DEFAULT_VEHTYPE" speed="8.63" pos="9.20" lane=":2/3_14_0" slope="0.00"/>
        <vehicle id="7" x="98.40" y="401.65" angle="-90.00" type="DEFAULT_VEHTYPE" speed="12.85" pos="96.85" lane="1/2to0/2_0" slope="0.00"/>
        <vehicle id="8" x="2.82" y="198.35" angle="71.66" type="DEFAULT_VEHTYPE" speed="13.24" pos="2.82" lane="0/1to1/1_0" slope="0.00"/>
        <vehicle id="9" x="230.76" y="401.65" angle="-90.00" type="DEFAULT_VEHTYPE" speed="11.41" pos="164.49" lane="2/2to1/2_0" slope="0.00"/>
    </timestep>
    <timestep time="674.00">
        <vehicle id="0" x="201.65" y="114.49" angle="180.00" type="DEFAULT_VEHTYPE" speed="13.04" pos="114.49" lane="1/0to1/1_0" slope="0.00"/>
        <vehicle id="10" x="410.04" y="198.35" angle="90.00" type="DEFAULT_VEHTYPE" speed="13.38" pos="5.29" lane="2/1to3/1_0" slope="0.00"/>
        <vehicle id="11" x="201.65" y="436.24" angle="180.00" type="DEFAULT_VEHTYPE" speed="13.62" pos="31.49" lane="1/2to1/3_0" slope="0.00"/>
        <vehicle id="15" x="401.65" y="112.27" angle="180.00" type="DEFAULT_VEHTYPE" speed="13.02" pos="112.27" lane="2/0to2/1_0" slope="0.00"/>
        <vehicle id="16" x="201.65" y="490.22" angle="180.00" type="DEFAULT_VEHTYPE" speed="13.36" pos="85.47" lane="1/2to1/3_0" slope="0.00"/>
        <vehicle id="17" x="201.65" y="594.18" angle="180.00" type="DEFAULT_VEHTYPE" speed="13.88" pos="189.43" lane="1/2to1/3_0" slope="0.00"/>
        <vehicle id="18" x="601.65" y="388.05" angle="180.00" type="DEFAULT_VEHTYPE" speed="12.90" pos="183.30" lane="3/1to3/2_0" slope="0.00"/>
        <vehicle id="2" x="587.22" y="401.65" angle="-90.00" type="DEFAULT_VEHTYPE" speed="9.80" pos="8.03" lane="3/2to2/2_0" slope="0.00"/>
        <vehicle id="24" x="205.20" y="401.65" angle="-90.00" type="DEFAULT_VEHTYPE" speed="4.40" pos="190.05" lane="2/2to1/2_0" slope="0.00"/>
        <vehicle id="28" x="441.24" y="198.35" angle="90.00" type="DEFAULT_VEHTYPE" speed="13.21" pos="36.49" lane="2/1to3/1_0" slope="0.00"/>
        <vehicle id="29" x="442.20" y="401.65" angle="-90.00" type="DEFAULT_VEHTYPE" speed="13.12" pos="153.05" lane="3/2to2/2_0" slope="0.00"/>
        <vehicle id="3" x="601.65" y="523.87" angle="180.00" type="DEFAULT_VEHTYPE" speed="13.31" pos="119.12" lane="3/2to3/3_0" slope="0.00"/>
        <vehicle id="33" x="198.35" y="15.40" angle="0.00" type="DEFAULT_VEHTYPE" speed="13.46" pos="179.85" lane="1/1to1/0_0" slope="0.00"/>
        <vehicle id="37" x="398.35" y="709.34" angle="0.00" type="DEFAULT_VEHTYPE" speed="13.41" pos="90.66" lane="2/4to2/3_0" slope="0.00"/>
        <vehicle id="39" x="788.22" y="601.65" angle="-90.00" type="DEFAULT_VEHTYPE" speed="13.83" pos="11.78" lane="4/3to3/3_0" slope="0.00"/>
        <vehicle id="40" x="595.47" y="198.35" angle="90.00" type="DEFAULT_VEHTYPE" speed="7.00" pos="0.22" lane=":3/1_13_0" slope="0.00"/>
        <vehicle id="42" x="304.43" y="201.65" angle="-90.00" type="DEFAULT_VEHTYPE" speed="13.23" pos="90.82" lane="2/1to1/1_0" slope="0.00"/>
        <vehicle id="43" x="398.35" y="678.85" angle="0.00" type="DEFAULT_VEHTYPE" speed="12.95" pos="121.15" lane="2/4to2/3_0" slope="0.00"/>
        <vehicle id="44" x="201.65" y="161.54" angle="180.00" type="DEFAULT_VEHTYPE" speed="13.78" pos="161.54" lane="1/0to1/1_0" slope="0.00"/>
        <vehicle id="48" x="198.35" y="66.42" angle="0.00" type="DEFAULT_VEHTYPE" speed="13.82" pos="128.83" lane="1/1to1/0_0" slope="0.00"/>
        <vehicle id="49" x="401.65" y="741.91" angle="180.00" type="DEFAULT_VEHTYPE" speed="12.90" pos="137.16" lane="2/3to2/4_0" slope="0.00"/>
        <vehicle id="5" x="398.35" y="394.37" angle="0.00" type="DEFAULT_VEHTYPE" speed="12.81" pos="0.88" lane="2/2to2/1_0" slope="0.00"/>
        <vehicle id="6" x="401.65" y="613.63" angle="180.00" type="DEFAULT_VEHTYPE" speed="9.99" pos="8.88" lane="2/3to2/4_0" slope="0.00"/>
        <vehicle id="7" x="85.37" y="401.65" angle="-90.00" type="DEFAULT_VEHTYPE" speed="13.03" pos="109.88" lane="1/2to0/2_0" slope="0.00"/>
        <vehicle id="8" x="16.18" y="198.35" angle="90.00" type="DEFAULT_VEHTYPE" speed="13.36" pos="16.18" lane="0/1to1/1_0" slope="0.00"/>
        <vehicle id="9" x="223.85" y="401.65" angle="-90.00" type="DEFAULT_VEHTYPE" speed="6.91" pos="171.40" lane="2/2to1/2_0" slope="0.00"/>
    </timestep>
    <timestep time="675.00">
        <vehicle id="0" x="201.65" y="128.35" angle="180.00" type="DEFAULT_VEHTYPE" speed="13.86" pos="128.35" lane="1/0to1/1_0" slope="0.00"/>
        <vehicle id="10" x="423.73" y="198.35" angle="90.00" type="DEFAULT_VEHTYPE" speed="13.69" pos="18.98" lane="2/1to3/1_0" slope="0.00"/>
        <vehicle id="11" x="201.65" y="450.04" angle="180.00" type="DEFAULT_VEHTYPE" speed="13.80" pos="45.29" lane="1/2to1/3_0" slope="0.00"/>
        <vehicle id="15" x="401.65" y="125.73" angle="180.00" type="DEFAULT_VEHTYPE" speed="13.46" pos="125.73" lane="2/0to2/1_0" slope="0.00"/>
        <vehicle id="16" x="201.65" y="504.06" angle="180.00" type="DEFAULT_VEHTYPE" speed="13.84" pos="99.31" lane="1/2to1/3_0" slope="0.00"/>
        <vehicle id="17" x="211.57" y="598.35" angle="90.00" type="DEFAULT_VEHTYPE" speed="12.90" pos="6.82" lane="1/3to2/3_0" slope="0.00"/>
        <vehicle id="18" x="601.65" y="401.89" angle="180.00" type="DEFAULT_VEHTYPE" speed="13.85" pos="6.64" lane=":3/2_9_0" slope="0.00"/>
        <vehicle id="2" x="575.12" y="401.65" angle="-90.00" type="DEFAULT_VEHTYPE" speed="12.10" pos="20.13" lane="3/2to2/2_0" slope="0.00"/>
        <vehicle id="24" x="198.22" y="401.65" angle="-90.00" type="DEFAULT_VEHTYPE" speed="6.98" pos="6.53" lane=":1/2_5_0" slope="0.00"/>
        <vehicle id="28" x="454.43" y="198.35" angle="90.00" type="DEFAULT_VEHTYPE" speed="13.19" pos="49.68" lane="2/1to3/1_0" slope="0.00"/>
        <vehicle id="29" x="428.82" y="401.65" angle="-90.00" type="DEFAULT_VEHTYPE" speed="13.38" pos="166.43" lane="3/2to2/2_0" slope="0.00"/>
        <vehicle id="3" x="601.65" y="537.46" angle="180.00" type="DEFAULT_VEHTYPE" speed="13.59" pos="132.71" lane="3/2to3/3_0" slope="0.00"/>
        <vehicle id="33" x="198.35" y="1.79" angle="0.00" type="DEFAULT_VEHTYPE" speed="13.61" pos="193.46" lane="1/1to1/0_0" slope="0.00"/>
        <vehicle id="37" x="398.35" y="696.14" angle="0.00" type="DEFAULT_VEHTYPE" speed="13.20" pos="103.86" lane="2/4to2/3_0" slope="0.00"/>
        <vehicle id="39" x="774.49" y="601.65" angle="-90.00" type="DEFAULT_VEHTYPE" speed="13.73" pos="25.51" lane="4/3to3/3_0" slope="0.00"/>
        <vehicle id="40" x="604.28" y="198.35" angle="90.00" type="DEFAULT_VEHTYPE" speed="8.82" pos="9.03" lane=":3/1_13_0" slope="0.00"/>
        <vehicle id="42" x="291.30" y="201.65" angle="-90.00" type="DEFAULT_VEHTYPE" speed="13.12" pos="103.95" lane="2/1to1/1_0" slope="0.00"/>
        <vehicle id="43" x="398.35" y="665.86" angle="0.00" type="DEFAULT_VEHTYPE" speed="12.99" pos="134.14" lane="2/4to2/3_0" slope="0.00"/>
        <vehicle id="44" x="201.65" y="174.40" angle="180.00" type="DEFAULT_VEHTYPE" speed="12.86" pos="174.40" lane="1/0to1/1_0" slope="0.00"/>
        <vehicle id="48" x="198.35" y="53.04" angle="0.00" type="DEFAULT_VEHTYPE" speed="13.38" pos="142.21" lane="1/1to1/0_0" slope="0.00"/>
        <vehicle id="49" x="401.65" y="754.79" angle="180.00" type="DEFAULT_VEHTYPE" speed="12.88" pos="150.04" lane="2/3to2/4_0" slope="0.00"/>
        <vehicle id="5" x="398.35" y="381.22" angle="0.00" type="DEFAULT_VEHTYPE" speed="13.15" pos="14.03" lane="2/2to2/1_0" slope="0.00"/>
        <vehicle id="6" x="401.65" y="625.20" angle="180.00" type="DEFAULT_VEHTYPE" speed="11.57" pos="20.45" lane="2/3to2/4_0" slope="0.00"/>
        <vehicle id="7" x="71.79" y="401.65" angle="-90.00" type="DEFAULT_VEHTYPE" speed="13.58" pos="123.46" lane="1/2to0/2_0" slope="0.00"/>
        <vehicle id="8" x="28.79" y="198.35" angle="90.00" type="DEFAULT_VEHTYPE" speed="12.62" pos="28.79" lane="0/1to1/1_0" slope="0.00"/>
        <vehicle id="9" x="218.02" y="401.65" angle="-90.00" type="DEFAULT_VEHTYPE" speed="5.83" pos="177.23" lane="2/2to1/2_0" slope="0.00"/>
    </timestep>
    <timestep time="676.00">
        <vehicle id="0" x="201.65" y="142.12" angle="180.00" type="DEFAULT_VEHTYPE" speed="13.77" pos="142.12" lane="1/0to1/1_0" slope="0.00"/>
        <vehicle id="10" x="436.50" y="198.35" angle="90.00" type="DEFAULT_VEHTYPE" speed="12.77" pos="31.75" lane="2/1to3/1_0" slope="0.00"/>
        <vehicle id="11" x="201.65" y="463.30" angle="180.00" type="DEFAULT_VEHTYPE" speed="13.25" pos="58.55" lane="1/2to1/3_0" slope="0.00"/>
        <vehicle id="15" x="401.65" y="138.45" angle="180.00" type="DEFAULT_VEHTYPE" speed="12.72" pos="138.45" lane="2/0to2/1_0" slope="0.00"/>
        <vehicle id="16" x="201.65" y="516.94" angle="180.00" type="DEFAULT_VEHTYPE" speed="12.89" pos="112.19" lane="1/2to1/3_0" slope="0.00"/>
        <vehicle id="17" x="224.40" y="598.35" angle="90.00" type="DEFAULT_VEHTYPE" speed="12.83" pos="19.65" lane="1/3to2/3_0" slope="0.00"/>
        <vehicle id="18" x="601.65" y="414.75" angle="180.00" type="DEFAULT_VEHTYPE" speed="12.85" pos="10.00" lane="3/2to3/3_0" slope="0.00"/>
        <vehicle id="2" x="562.15" y="401.65" angle="-90.00" type="DEFAULT_VEHTYPE" speed="12.97" pos="33.10" lane="3/2to2/2_0" slope="0.00"/>
        <vehicle id="24" x="189.03" y="401.65" angle="-90.00" type="DEFAULT_VEHTYPE" speed="9.19" pos="6.22" lane="1/2to0/2_0" slope="0.00"/>
        <vehicle id="28" x="467.27" y="198.35" angle="90.00" type="DEFAULT_VEHTYPE" speed="12.83" pos="62.52" lane="2/1to3/1_0" slope="0.00"/>
        <vehicle id="29" x="419.09" y="401.65" angle="-90.00" type="DEFAULT_VEHTYPE" speed="9.74" pos="176.16" lane="3/2to2/2_0" slope="0.00"/>
        <vehicle id="3" x="601.65" y="551.27" angle="180.00" type="DEFAULT_VEHTYPE" speed="13.81" pos="146.52" lane="3/2to3/3_0" slope="0.00"/>
        <vehicle id="33" x="201.65" y="6.12" angle="180.00" type="DEFAULT_VEHTYPE" speed="12.73" pos="6.12" lane="1/0to1/1_0" slope="0.00"/>
        <vehicle id="37" x="398.35" y="682.53" angle="0.00" type="DEFAULT_VEHTYPE" speed="13.61" pos="117.47" lane="2/4to2/3_0" slope="0.00"/>
        <vehicle id="39" x="760.68" y="601.65" angle="-90.00" type="DEFAULT_VEHTYPE" speed="13.81" pos="39.32" lane="4/3to3/3_0" slope="0.00"/>
        <vehicle id="40" x="615.11" y="198.35" angle="90.00" type="DEFAULT_VEHTYPE" speed="10.82" pos="10.36" lane="3/1to4/1_0" slope="0.00"/>
        <vehicle id="42" x="277.99" y="201.65" angle="-90.00" type="DEFAULT_VEHTYPE" speed="13.31" pos="117.26" lane="2/1to1/1_0" slope="0.00"/>
        <vehicle id="43" x="398.35" y="652.05" angle="0.00" type="DEFAULT_VEHTYPE" speed="13.81" pos="147.95" lane="2/4to2/3_0" slope="0.00"/>
        <vehicle id="44" x="201.65" y="187.83" angle="180.00" type="DEFAULT_VEHTYPE" speed="13.43" pos="187.83" lane="1/0to1/1_0" slope="0.00"/>
        <vehicle id="48" x="198.35" y="40.21" angle="0.00" type="DEFAULT_VEHTYPE" speed="12.83" pos="155.04" lane="1/1to1/0_0" slope="0.00"/>
        <vehicle id="49" x="401.65" y="768.21" angle="180.00" type="DEFAULT_VEHTYPE" speed="13.42" pos="163.46" lane="2/3to2/4_0" slope="0.00"/>
        <vehicle id="5" x="398.35" y="367.74" angle="0.00" type="DEFAULT_VEHTYPE" speed="13.49" pos="27.51" lane="2/2to2/1_0" slope="0.00"/>
        <vehicle id="6" x="401.65" y="637.89" angle="180.00" type="DEFAULT_VEHTYPE" speed="12.68" pos="33.14" lane="2/3to2/4_0" slope="0.00"/>
        <vehicle id="7" x="58.93" y="401.65" angle="-90.00" type="DEFAULT_VEHTYPE" speed="12.87" pos="136.32" lane="1/2to0/2_0" slope="0.00"/>
        <vehicle id="8" x="42.36" y="198.35" angle="90.00" type="DEFAULT_VEHTYPE" speed="13.57" pos="42.36" lane="0/1to1/1_0" slope="0.00"/>
        <vehicle id="9" x="212.03" y="401.65" angle="-90.00" type="DEFAULT_VEHTYPE" speed="5.99" pos="183.22" lane="2/2to1/2_0" slope="0.00"/>
    </timestep>
    <timestep time="677.00">
        <vehicle id="0" x="201.65" y="155.59" angle="180.00" type="DEFAULT_VEHTYPE" speed="13.47" pos="155.59" lane="1/0to1/1_0" slope="0.00"/>
        <vehicle id="10" x="449.48" y="198.35" angle="90.00" type="DEFAULT_VEHTYPE" speed="12.98" pos="44.73" lane="2/1to3/1_0" slope="0.00"/>
        <vehicle id="11" x="201.65" y="476.34" angle="180.00" type="DEFAULT_VEHTYPE" speed="13.05" pos="71.59" lane="1/2to1/3_0" slope="0.00"/>
        <vehicle id="15" x="401.65" y="152.03" angle="180.00" type="DEFAULT_VEHTYPE" speed="13.58" pos="152.03" lane="2/0to2/1_0" slope="0.00"/>
        <vehicle id="16" x="201.65" y="530.36" angle="180.00" type="DEFAULT_VEHTYPE" speed="13.42" pos="125.61" lane="1/2to1/3_0" slope="0.00"/>
        <vehicle id="17" x="238.19" y="598.35" angle="90.00" type="DEFAULT_VEHTYPE" speed="13.79" pos="33.44" lane="1/3to2/3_0" slope="0.00"/>
        <vehicle id="18" x="601.65" y="428.56" angle="180.00" type="DEFAULT_VEHTYPE" speed="13.81" pos="23.81" lane="3/2to3/3_0" slope="0.00"/>
        <vehicle id="2" x="549.05" y="401.65" angle="-90.00" type="DEFAULT_VEHTYPE" speed="13.09" pos="46.20" lane="3/2to2/2_0" slope="0.00"/>
        <vehicle id="24" x="177.55" y="401.65" angle="-90.00" type="DEFAULT_VEHTYPE" speed="11.48" pos="17.70" lane="1/2to0/2_0" slope="0.00"/>
        <vehicle id="28" x="480.83" y="198.35" angle="90.00" type="DEFAULT_VEHTYPE" speed="13.56" pos="76.08" lane="2/1to3/1_0" slope="0.00"/>
        <vehicle id="29" x="413.21" y="401.65" angle="-90.00" type="DEFAULT_VEHTYPE" speed="5.87" pos="182.04" lane="3/2to2/2_0" slope="0.00"/>
        <vehicle id="3" x="601.65" y="564.18" angle="180.00" type="DEFAULT_VEHTYPE" speed="12.91" pos="159.43" lane="3/2to3/3_0" slope="0.00"/>
        <vehicle id="33" x="201.65" y="19.28" angle="180.00" type="DEFAULT_VEHTYPE" speed="13.16" pos="19.28" lane="1/0to1/1_0" slope="0.00"/>
        <vehicle id="37" x="398.35" y="669.47" angle="0.00" type="DEFAULT_VEHTYPE" speed="13.06" pos="130.53" lane="2/4to2/3_0" slope="0.00"/>
        <vehicle id="39" x="747.83" y="601.65" angle="-90.00" type="DEFAULT_VEHTYPE" speed="12.85" pos="52.17" lane="4/3to3/3_0" slope="0.00"/>
        <vehicle id="40" x="627.59" y="198.35" angle="90.00" type="DEFAULT_VEHTYPE" speed="12.48" pos="22.84" lane="3/1to4/1_0" slope="0.00"/>
        <vehicle id="42" x="264.41" y="201.65" angle="-90.00" type="DEFAULT_VEHTYPE" speed="13.58" pos="130.84" lane="2/1to1/1_0" slope="0.00"/>
        <vehicle id="43" x="398.35" y="638.44" angle="0.00" type="DEFAULT_VEHTYPE" speed="13.61" pos="161.56" lane="2/4to2/3_0" slope="0.00"/>
        <vehicle id="44" x="205.70" y="198.35" angle="118.93" type="DEFAULT_VEHTYPE" speed="13.37" pos="0.95" lane="1/1to2/1_0" slope="0.00"/>
        <vehicle id="48" x="198.35" y="27.45" angle="0.00" type="DEFAULT_VEHTYPE" speed="12.76" pos="167.80" lane="1/1to1/0_0" slope="0.00"/>
        <vehicle id="49" x="401.65" y="782.08" angle="180.00" type="DEFAULT_VEHTYPE" speed="13.88" pos="177.33" lane="2/3to2/4_0" slope="0.00"/>
        <vehicle id="5" x="398.35" y="354.52" angle="0.00" type="DEFAULT_VEHTYPE" speed="13.22" pos="40.73" lane="2/2to2/1_0" slope="0.00"/>
        <vehicle id="6" x="401.65" y="650.52" angle="180.00" type="DEFAULT_VEHTYPE" speed="12.63" pos="45.77" lane="2/3to2/4_0" slope="0.00"/>
        <vehicle id="7" x="45.99" y="401.65" angle="-90.00" type="DEFAULT_VEHTYPE" speed="12.94" pos="149.26" lane="1/2to0/2_0" slope="0.00"/>
        <vehicle id="8" x="55.59" y="198.35" angle="90.00" type="DEFAULT_VEHTYPE" speed="13.22" pos="55.59" lane="0/1to1/1_0" slope="0.00"/>
        <vehicle id="9" x="209.65" y="401.65" angle="-90.00" type="DEFAULT_VEHTYPE" speed="2.38" pos="185.60" lane="2/2to1/2_0" slope="0.00"/>
    </timestep>
    <timestep time="678.00">
        <vehicle id="0" x="201.65" y="169.31" angle="180.00" type="DEFAULT_VEHTYPE" speed="13.71" pos="169.31" lane="1/0to1/1_0" slope="0.00"/>
        <vehicle id="10" x="462.76" y="198.35" angle="90.00" type="DEFAULT_VEHTYPE" speed="13.28" pos="58.01" lane="2/1to3/1_0" slope="0.00"/>
        <vehicle id="11" x="201.65" y="490.03" angle="180.00" type="DEFAULT_VEHTYPE" speed="13.69" pos="85.28" lane="1/2to1/3_0" slope="0.00"/>
        <vehicle id="15" x="401.65" y="165.75" angle="180.00" type="DEFAULT_VEHTYPE" speed="13.72" pos="165.75" lane="2/0to2/1_0" slope="0.00"/>
        <vehicle id="16" x="201.65" y="544.25" angle="180.00" type="DEFAULT_VEHTYPE" speed="13.89" pos="139.50" lane="1/2to1/3_0" slope="0.00"/>
        <vehicle id="17" x="250.96" y="598.35" angle="90.00" type="DEFAULT_VEHTYPE" speed="12.77" pos="46.21" lane="1/3to2/3_0" slope="0.00"/>
        <vehicle id="18" x="601.65" y="441.88" angle="180.00" type="DEFAULT_VEHTYPE" speed="13.32" pos="37.13" lane="3/2to3/3_0" slope="0.00"/>
        <vehicle id="2" x="535.53" y="401.65" angle="-90.00" type="DEFAULT_VEHTYPE" speed="13.52" pos="59.72" lane="3/2to2/2_0" slope="0.00"/>
        <vehicle id="24" x="164.08" y="401.65" angle="-90.00" type="DEFAULT_VEHTYPE" speed="13.47" pos="31.17" lane="1/2to0/2_0" slope="0.00"/>
        <vehicle id="28" x="494.36" y="198.35" angle="90.00" type="DEFAULT_VEHTYPE" speed="13.54" pos="89.61" lane="2/1to3/1_0" slope="0.00"/>
        <vehicle id="29" x="410.33" y="401.65" angle="-90.00" type="DEFAULT_VEHTYPE" speed="2.89" pos="184.92" lane="3/2to2/2_0" slope="0.00"/>
        <vehicle id="3" x="601.65" y="577.55" angle="180.00" type="DEFAULT_VEHTYPE" speed="13.37" pos="172.80" lane="3/2to3/3_0" slope="0.00"/>
        <vehicle id="33" x="201.65" y="31.98" angle="180.00" type="DEFAULT_VEHTYPE" speed="12.70" pos="31.98" lane="1/0to1/1_0" slope="0.00"/>
        <vehicle id="37" x="398.35" y="656.60" angle="0.00" type="DEFAULT_VEHTYPE" speed="12.87" pos="143.40" lane="2/4to2/3_0" slope="0.00"/>
        <vehicle id="39" x="734.49" y="601.65" angle="-90.00" type="DEFAULT_VEHTYPE" speed="13.34" pos="65.51" lane="4/3to3/3_0" slope="0.00"/>
        <vehicle id="40" x="640.64" y="198.35" angle="90.00" type="DEFAULT_VEHTYPE" speed="13.05" pos="35.89" lane="3/1to4/1_0" slope="0.00"/>
        <vehicle id="42" x="251.06" y="201.65" angle="-90.00" type="DEFAULT_VEHTYPE" speed="13.35" pos="144.19" lane="2/1to1/1_0" slope="0.00"/>
        <vehicle id="43" x="398.35" y="625.58" angle="0.00" type="DEFAULT_VEHTYPE" speed="12.86" pos="174.42" lane="2/4to2/3_0" slope="0.00"/>
        <vehicle id="44" x="219.51" y="198.35" angle="90.00" type="DEFAULT_VEHTYPE" speed="13.81" pos="14.76" lane="1/1to2/1_0" slope="0.00"/>
        <vehicle id="48" x="198.35" y="14.81" angle="0.00" type="DEFAULT_VEHTYPE" speed="12.64" pos="180.44" lane="1/1to1/0_0" slope="0.00"/>
        <vehicle id="49" x="401.65" y="795.75" angle="180.00" type="DEFAULT_VEHTYPE" speed="13.67" pos="191.00" lane="2/3to2/4_0" slope="0.00"/>
        <vehicle id="5" x="398.35" y="341.86" angle="0.00" type="DEFAULT_VEHTYPE" speed="12.66" pos="53.39" lane="2/2to2/1_0" slope="0.00"/>
        <vehicle id="6" x="401.65" y="663.39" angle="180.00" type="DEFAULT_VEHTYPE" speed="12.87" pos="58.64" lane="2/3to2/4_0" slope="0.00"/>
        <vehicle id="7" x="32.14" y="401.65" angle="-90.00" type="DEFAULT_VEHTYPE" speed="13.85" pos="163.11" lane="1/2to0/2_0" slope="0.00"/>
        <vehicle id="8" x="68.79" y="198.35" angle="90.00" type="DEFAULT_VEHTYPE" speed="13.20" pos="68.79" lane="0/1to1/1_0" slope="0.00"/>
        <vehicle id="9" x="204.86" y="401.65" angle="-90.00" type="DEFAULT_VEHTYPE" speed="4.79" pos="190.39" lane="2/2to1/2_0" slope="0.00"/>
    </timestep>
    <timestep time="679.00">
        <vehicle id="0" x="201.65" y="181.98" angle="180.00" type="DEFAULT_VEHTYPE" speed="12.68" pos="181.98" lane="1/0to1/1_0" slope="0.00"/>
        <vehicle id="10" x="475.70" y="198.35" angle="90.00" type="DEFAULT_VEHTYPE" speed="12.94" pos="70.95" lane="2/1to3/1_0" slope="0.00"/>
        <vehicle id="11" x="201.65" y="503.11" angle="180.00" type="DEFAULT_VEHTYPE" speed="13.08" pos="98.36" lane="1/2to1/3_0" slope="0.00"/>
        <vehicle id="15" x="401.65" y="178.95" angle="180.00" type="DEFAULT_VEHTYPE" speed="13.21" pos="178.95" lane="2/0to2/1_0" slope="0.00"/>
        <vehicle id="16" x="201.65" y="557.24" angle="180.00" type="DEFAULT_VEHTYPE" speed="12.99" pos="152.49" lane="1/2to1/3_0" slope="0.00"/>
        <vehicle id="17" x="264.25" y="598.35" angle="90.00" type="DEFAULT_VEHTYPE" speed="13.29" pos="59.50" lane="1/3to2/3_0" slope="0.00"/>
        <vehicle id="18" x="601.65" y="455.61" angle="180.00" type="DEFAULT_VEHTYPE" speed="13.74" pos="50.86" lane="3/2to3/3_0" slope="0.00"/>
        <vehicle id="2" x="521.79" y="401.65" angle="-90.00" type="DEFAULT_VEHTYPE" speed="13.75" pos="73.46" lane="3/2to2/2_0" slope="0.00"/>
        <vehicle id="24" x="150.23" y="401.65" angle="-90.00" type="DEFAULT_VEHTYPE" speed="13.85" pos="45.02" lane="1/2to0/2_0" slope="0.00"/>
        <vehicle id="28" x="507.37" y="198.35" angle="90.00" type="DEFAULT_VEHTYPE" speed="13.00" pos="102.62" lane="2/1to3/1_0" slope="0.00"/>
        <vehicle id="29" x="406.07" y="401.65" angle="-90.00" type="DEFAULT_VEHTYPE" speed="4.26" pos="189.18" lane="3/2to2/2_0" slope="0.00"/>
        <vehicle id="3" x="601.65" y="591.09" angle="180.00" type="DEFAULT_VEHTYPE" speed="13.54" pos="186.34" lane="3/2to3/3_0" slope="0.00"/>
        <vehicle id="33" x="201.65" y="45.09" angle="180.00" type="DEFAULT_VEHTYPE" speed="13.11" pos="45.09" lane="1/0to1/1_0" slope="0.00"/>
        <vehicle id="37" x="398.35" y="643.08" angle="0.00" type="DEFAULT_VEHTYPE" speed="13.52" pos="156.92" lane="2/4to2/3_0" slope="0.00"/>
        <vehicle id="39" x="721.67" y="601.65" angle="-90.00" type="DEFAULT_VEHTYPE" speed="12.82" pos="78.33" lane="4/3to3/3_0" slope="0.00"/>
        <vehicle id="40" x="654.29" y="198.35" angle="90.00" type="DEFAULT_VEHTYPE" speed="13.65" pos="49.54" lane="3/1to4/1_0" slope="0.00"/>
        <vehicle id="42" x="237.82" y="201.65" angle="-90.00" type="DEFAULT_VEHTYPE" speed="13.24" pos="157.43" lane="2/1to1/1_0" slope="0.00"/>
        <vehicle id="43" x="398.35" y="612.17" angle="0.00" type="DEFAULT_VEHTYPE" speed="13.41" pos="187.83" lane="2/4to2/3_0" slope="0.00"/>
        <vehicle id="44" x="232.88" y="198.35" angle="90.00" type="DEFAULT_VEHTYPE" speed="13.38" pos="28.13" lane="1/1to2/1_0" slope="0.00"/>
        <vehicle id="48" x="198.35" y="1.83" angle="0.00" type="DEFAULT_VEHTYPE" speed="12.98" pos="193.42" lane="1/1to1/0_0" slope="0.00"/>
        <vehicle id="49" x="398.35" y="796.10" angle="-7.22" type="DEFAULT_VEHTYPE" speed="12.97" pos="3.90" lane="2/4to2/3_0" slope="0.00"/>
        <vehicle id="5" x="398.35" y="328.33" angle="0.00" type="DEFAULT_VEHTYPE" speed="13.53" pos="66.92" lane="2/2to2/1_0" slope="0.00"/>
        <vehicle id="6" x="401.65" y="676.37" angle="180.00" type="DEFAULT_VEHTYPE" speed="12.98" pos="71.62" lane="2/3to2/4_0" slope="0.00"/>
        <vehicle id="7" x="19.50" y="401.65" angle="-90.00" type="DEFAULT_VEHTYPE" speed="12.64" pos="175.75" lane="1/2to0/2_0" slope="0.00"/>
        <vehicle id="8" x="82.33" y="198.35" angle="90.00" type="DEFAULT_VEHTYPE" speed="13.54" pos="82.33" lane="0/1to1/1_0" slope="0.00"/>
        <vehicle id="9" x="198.95" y="398.38" angle="-51.35" type="DEFAULT_VEHTYPE" speed="7.22" pos="7.11" lane=":1/2_6_0" slope="0.00"/>
    </timestep>
    <timestep time="680.00">
        <vehicle id="0" x="201.72" y="195.77" angle="179.17" type="DEFAULT_VEHTYPE" speed="13.79" pos="0.52" lane=":1/1_8_0" slope="0.00"/>
        <vehicle id="10" x="488.78" y="198.35" angle="90.00" type="DEFAULT_VEHTYPE" speed="13.08" pos="84.03" lane="2/1to3/1_0" slope="0.00"/>
        <vehicle id="11" x="201.65" y="516.79" angle="180.00" type="DEFAULT_VEHTYPE" speed="13.68" pos="112.04" lane="1/2to1/3_0" slope="0.00"/>
        <vehicle id="15" x="401.65" y="192.83" angle="180.00" type="DEFAULT_VEHTYPE" speed="13.88" pos="192.83" lane="2/0to2/1_0" slope="0.00"/>
        <vehicle id="16" x="201.65" y="569.99" angle="180.00" type="DEFAULT_VEHTYPE" speed="12.75" pos="165.24" lane="1/2to1/3_0" slope="0.00"/>
        <vehicle id="17" x="276.88" y="598.35" angle="90.00" type="DEFAULT_VEHTYPE" speed="12.63" pos="72.13" lane="1/3to2/3_0" slope="0.00"/>
        <vehicle id="18" x="601.65" y="468.98" angle="180.00" type="DEFAULT_VEHTYPE" speed="13.37" pos="64.23" lane="3/2to3/3_0" slope="0.00"/>
        <vehicle id="2" x="508.17" y="401.65" angle="-90.00" type="DEFAULT_VEHTYPE" speed="13.61" pos="87.08" lane="3/2to2/2_0" slope="0.00"/>
        <vehicle id="24" x="137.19" y="401.65" angle="-90.00" type="DEFAULT_VEHTYPE" speed="13.04" pos="58.06" lane="1/2to0/2_0" slope="0.00"/>
        <vehicle id="28" x="520.46" y="198.35" angle="90.00" type="DEFAULT_VEHTYPE" speed="13.09" pos="115.71" lane="2/1to3/1_0" slope="0.00"/>
        <vehicle id="29" x="400.71" y="400.51" angle="-76.54" type="DEFAULT_VEHTYPE" speed="5.59" pos="4.27" lane=":2/2_6_0" slope="0.00"/>
        <vehicle id="3" x="608.95" y="598.35" angle="91.28" type="DEFAULT_VEHTYPE" speed="13.36" pos="4.20" lane="3/3to4/3_0" slope="0.00"/>
        <vehicle id="33" x="201.65" y="57.78" angle="180.00" type="DEFAULT_VEHTYPE" speed="12.69" pos="57.78" lane="1/0to1/1_0" slope="0.00"/>
        <vehicle id="37" x="398.35" y="629.56" angle="0.00" type="DEFAULT_VEHTYPE" speed="13.51" pos="170.44" lane="2/4to2/3_0" slope="0.00"/>
        <vehicle id="39" x="708.84" y="601.65" angle="-90.00" type="DEFAULT_VEHTYPE" speed="12.83" pos="91.16" lane="4/3to3/3_0" slope="0.00"/>
        <vehicle id="40" x="668.15" y="198.35" angle="90.00" type="DEFAULT_VEHTYPE" speed="13.86" pos="63.40" lane="3/1to4/1_0" slope="0.00"/>
        <vehicle id="42" x="226.29" y="201.65" angle="-90.00" type="DEFAULT_VEHTYPE" speed="11.53" pos="168.96" lane="2/1to1/1_0" slope="0.00"/>
        <vehicle id="43" x="398.35" y="599.48" angle="0.00" type="DEFAULT_VEHTYPE" speed="12.69" pos="5.27" lane=":2/3_1_0" slope="0.00"/>
        <vehicle id="44" x="246.39" y="198.35" angle="90.00" type="DEFAULT_VEHTYPE" speed="13.51" pos="41.64" lane="1/1to2/1_0" slope="0.00"/>
        <vehicle id="48" x="201.65" y="7.01" angle="180.00" type="DEFAULT_VEHTYPE" speed="13.66" pos="7.01" lane="1/0to1/1_0" slope="0.00"/>
        <vehicle id="49" x="398.35" y="783.24" angle="0.00" type="DEFAULT_VEHTYPE" speed="12.86" pos="16.76" lane="2/4to2/3_0" slope="0.00"/>
        <vehicle id="5" x="398.35" y="315.15" angle="0.00" type="DEFAULT_VEHTYPE" speed="13.17" pos="80.10" lane="2/2to2/1_0" slope="0.00"/>
        <vehicle id="6" x="401.65" y="689.05" angle="180.00" type="DEFAULT_VEHTYPE" speed="12.67" pos="84.30" lane="2/3to2/4_0" slope="0.00"/>
        <vehicle id="7" x="6.76" y="401.65" angle="-90.00" type="DEFAULT_VEHTYPE" speed="12.75" pos="188.49" lane="1/2to0/2_0" slope="0.00"/>
        <vehicle id="8" x="95.88" y="198.35" angle="90.00" type="DEFAULT_VEHTYPE" speed="13.55" pos="95.88" lane="0/1to1/1_0" slope="0.00"/>
        <vehicle id="9" x="198.35" y="388.67" angle="0.00" type="DEFAULT_VEHTYPE" speed="9.79" pos="6.58" lane="1/2to1/1_0" slope="0.00"/>
    </timestep>
    <timestep time="681.00">
        <vehicle id="0" x="213.89" y="198.35" angle="90.00" type="DEFAULT_VEHTYPE" speed="13.62" pos="9.14" lane="1/1to2/1_0" slope="0.00"/>
        <vehicle id="10" x="502.49" y="198.35" angle="90.00" type="DEFAULT_VEHTYPE" speed="13.70" pos="97.74" lane="2/1to3/1_0" slope="0.00"/>
        <vehicle id="11" x="201.65" y="529.72" angle="180.00" type="DEFAULT_VEHTYPE" speed="12.93" pos="124.97" lane="1/2to1/3_0" slope="0.00"/>
        <vehicle id="15" x="410.70" y="198.35" angle="90.00" type="DEFAULT_VEHTYPE" speed="13.37" pos="5.95" lane="2/1to3/1_0" slope="0.00"/>
        <vehicle id="16" x="201.65" y="582.78" angle="180.00" type="DEFAULT_VEHTYPE" speed="12.80" pos="178.03" lane="1/2to1/3_0" slope="0.00"/>
        <vehicle id="17" x="289.54" y="598.35" angle="90.00" type="DEFAULT_VEHTYPE" speed="12.65" pos="84.79" lane="1/3to2/3_0" slope="0.00"/>
        <vehicle id="18" x="601.65" y="482.87" angle="180.00" type="DEFAULT_VEHTYPE" speed="13.89" pos="78.12" lane="3/2to3/3_0" slope="0.00"/>
        <vehicle id="2" x="495.22" y="401.65" angle="-90.00" type="DEFAULT_VEHTYPE" speed="12.96" pos="100.03" lane="3/2to2/2_0" slope="0.00"/>
        <vehicle id="24" x="123.67" y="401.65" angle="-90.00" type="DEFAULT_VEHTYPE" speed="13.52" pos="71.58" lane="1/2to0/2_0" slope="0.00"/>
        <vehicle id="28" x="533.65" y="198.35" angle="90.00" type="DEFAULT_VEHTYPE" speed="13.19" pos="128.90" lane="2/1to3/1_0" slope="0.00"/>
        <vehicle id="29" x="398.35" y="393.14" angle="-4.98" type="DEFAULT_VEHTYPE" speed="8.16" pos="2.11" lane="2/2to2/1_0" slope="0.00"/>
        <vehicle id="3" x="622.22" y="598.35" angle="90.00" type="DEFAULT_VEHTYPE" speed="13.26" pos="17.47" lane="3/3to4/3_0" slope="0.00"/>
        <vehicle id="33" x="201.65" y="71.64" angle="180.00" type="DEFAULT_VEHTYPE" speed="13.87" pos="71.64" lane="1/0to1/1_0" slope="0.00"/>
        <vehicle id="37" x="398.35" y="615.72" angle="0.00" type="DEFAULT_VEHTYPE" speed="13.84" pos="184.28" lane="2/4to2/3_0" slope="0.00"/>
        <vehicle id="39" x="694.97" y="601.65" angle="-90.00" type="DEFAULT_VEHTYPE" speed="13.87" pos="105.03" lane="4/3to3/3_0" slope="0.00"/>
        <vehicle id="40" x="681.76" y="198.35" angle="90.00" type="DEFAULT_VEHTYPE" speed="13.61" pos="77.01" lane="3/1to4/1_0" slope="0.00"/>
        <vehicle id="42" x="217.55" y="201.65" angle="-90.00" type="DEFAULT_VEHTYPE" speed="8.73" pos="177.70" lane="2/1to1/1_0" slope="0.00"/>
        <vehicle id="43" x="398.35" y="586.87" angle="0.00" type="DEFAULT_VEHTYPE" speed="12.61" pos="8.38" lane="2/3to2/2_0" slope="0.00"/>
        <vehicle id="44" x="259.35" y="198.35" angle="90.00" type="DEFAULT_VEHTYPE" speed="12.96" pos="54.60" lane="1/1to2/1_0" slope="0.00"/>
        <vehicle id="48" x="201.65" y="20.32" angle="180.00" type="DEFAULT_VEHTYPE" speed="13.32" pos="20.32" lane="1/0to1/1_0" slope="0.00"/>
        <vehicle id="49" x="398.35" y="770.02" angle="0.00" type="DEFAULT_VEHTYPE" speed="13.22" pos="29.98" lane="2/4to2/3_0" slope="0.00"/>
        <vehicle id="5" x="398.35" y="302.48" angle="0.00" type="DEFAULT_VEHTYPE" speed="12.67" pos="92.77" lane="2/2to2/1_0" slope="0.00"/>
        <vehicle id="6" x="401.65" y="702.85" angle="180.00" type="DEFAULT_VEHTYPE" speed="13.80" pos="98.10" lane="2/3to2/4_0" slope="0.00"/>
        <vehicle id="7" x="1.74" y="398.35" angle="51.35" type="DEFAULT_VEHTYPE" speed="13.32" pos="1.74" lane="0/2to1/2_0" slope="0.00"/>
        <vehicle id="8" x="109.74" y="198.35" angle="90.00" type="DEFAULT_VEHTYPE" speed="13.85" pos="109.74" lane="0/1to1/1_0" slope="0.00"/>
        <vehicle id="9" x="198.35" y="376.73" angle="0.00" type="DEFAULT_VEHTYPE" speed="11.94" pos="18.52" lane="1/2to1/1_0" slope="0.00"/>
    </timestep>
    <timestep time="682.00">
        <vehicle id="0" x="227.62" y="198.35" angle="90.00" type="DEFAULT_VEHTYPE" speed="13.73" pos="22.87" lane="1/1to2/1_0" slope="0.00"/>
        <vehicle id="10" x="515.86" y="198.35" angle="90.00" type="DEFAULT_VEHTYPE" speed="13.38" pos="111.11" lane="2/1to3/1_0" slope="0.00"/>
        <vehicle id="11" x="201.65" y="542.48" angle="180.00" type="DEFAULT_VEHTYPE" speed="12.77" pos="137.73" lane="1/2to1/3_0" slope="0.00"/>
        <vehicle id="15" x="424.04" y="198.35" angle="90.00" type="DEFAULT_VEHTYPE" speed="13.34" pos="19.29" lane="2/1to3/1_0" slope="0.00"/>
        <vehicle id="16" x="201.78" y="596.18" angle="178.51" type="DEFAULT_VEHTYPE" speed="13.40" pos="0.94" lane=":1/3_8_0" slope="0.00"/>
        <vehicle id="17" x="302.95" y="598.35" angle="90.00" type="DEFAULT_VEHTYPE" speed="13.42" pos="98.20" lane="1/3to2/3_0" slope="0.00"/>
        <vehicle id="18" x="601.65" y="495.51" angle="180.00" type="DEFAULT_VEHTYPE" speed="12.64" pos="90.76" lane="3/2to3/3_0" slope="0.00"/>
        <vehicle id="2" x="481.42" y="401.65" angle="-90.00" type="DEFAULT_VEHTYPE" speed="13.80" pos="113.83" lane="3/2to2/2_0" slope="0.00"/>
        <vehicle id="24" x="110.87" y="401.65" angle="-90.00" type="DEFAULT_VEHTYPE" speed="12.80" pos="84.38" lane="1/2to0/2_0" slope="0.00"/>
        <vehicle id="28" x="547.28" y="198.35" angle="90.00" type="DEFAULT_VEHTYPE" speed="13.63" pos="142.53" lane="2/1to3/1_0" slope="0.00"/>
        <vehicle id="29" x="398.35" y="382.98" angle="0.00" type="DEFAULT_VEHTYPE" speed="10.16" pos="12.27" lane="2/2to2/1_0" slope="0.00"/>
        <vehicle id="3" x="635.83" y="598.35" angle="90.00" type="DEFAULT_VEHTYPE" speed="13.62" pos="31.08" lane="3/3to4/3_0" slope="0.00"/>
        <vehicle id="33" x="201.65" y="84.67" angle="180.00" type="DEFAULT_VEHTYPE" speed="13.03" pos="84.67" lane="1/0to1/1_0" slope="0.00"/>
        <vehicle id="37" x="398.35" y="602.28" angle="0.00" type="DEFAULT_VEHTYPE" speed="13.45" pos="2.47" lane=":2/3_1_0" slope="0.00"/>
        <vehicle id="39" x="682.18" y="601.65" angle="-90.00" type="DEFAULT_VEHTYPE" speed="12.79" pos="117.82" lane="4/3to3/3_0" slope="0.00"/>
        <vehicle id="40" x="695.18" y="198.35" angle="90.00" type="DEFAULT_VEHTYPE" speed="13.42" pos="90.43" lane="3/1to4/1_0" slope="0.00"/>
        <vehicle id="42" x="212.36" y="201.65" angle="-90.00" type="DEFAULT_VEHTYPE" speed="5.20" pos="182.89" lane="2/1to1/1_0" slope="0.00"/>
        <vehicle id="43" x="398.35" y="572.99" angle="0.00" type="DEFAULT_VEHTYPE" speed="13.88" pos="22.26" lane="2/3to2/2_0" slope="0.00"/>
        <vehicle id="44" x="273.13" y="198.35" angle="90.00" type="DEFAULT_VEHTYPE" speed="13.78" pos="68.38" lane="1/1to2/1_0" slope="0.00"/>
        <vehicle id="48" x="201.65" y="33.67" angle="180.00" type="DEFAULT_VEHTYPE" speed="13.35" pos="33.67" lane="1/0to1/1_0" slope="0.00"/>
        <vehicle id="49" x="398.35" y="756.19" angle="0.00" type="DEFAULT_VEHTYPE" speed="13.83" pos="43.81" lane="2/4to2/3_0" slope="0.00"/>
        <vehicle id="5" x="398.35" y="289.74" angle="0.00" type="DEFAULT_VEHTYPE" speed="12.74" pos="105.51" lane="2/2to2/1_0" slope="0.00"/>
        <vehicle id="6" x="401.65" y="715.58" angle="180.00" type="DEFAULT_VEHTYPE" speed="12.73" pos="110.83" lane="2/3to2/4_0" slope="0.00"/>
        <vehicle id="7" x="15.20" y="398.35" angle="90.00" type="DEFAULT_VEHTYPE" speed="13.46" pos="15.20" lane="0/2to1/2_0" slope="0.00"/>
        <vehicle id="8" x="122.67" y="198.35" angle="90.00" type="DEFAULT_VEHTYPE" speed="12.93" pos="122.67" lane="0/1to1/1_0" slope="0.00"/>
        <vehicle id="9" x="198.35" y="363.19" angle="0.00" type="DEFAULT_VEHTYPE" speed="13.54" pos="32.06" lane="1/2to1/1_0" slope="0.00"/>
    </timestep>
    <timestep time="683.00">
        <vehicle id="0" x="240.95" y="198.35" angle="90.00" type="DEFAULT_VEHTYPE" speed="13.33" pos="36.20" lane="1/1to2/1_0" slope="0.00"/>
        <vehicle id="10" x="528.87" y="198.35" angle="90.00" type="DEFAULT_VEHTYPE" speed="13.00" pos="124.12" lane="2/1to3/1_0" slope="0.00"/>
        <vehicle id="11" x="201.65" y="556.34" angle="180.00" type="DEFAULT_VEHTYPE" speed="13.86" pos="151.59" lane="1/2to1/3_0" slope="0.00"/>
        <vehicle id="15" x="437.39" y="198.35" angle="90.00" type="DEFAULT_VEHTYPE" speed="13.35" pos="32.64" lane="2/1to3/1_0" slope="0.00"/>
        <vehicle id="16" x="213.61" y="598.35" angle="90.00" type="DEFAULT_VEHTYPE" speed="12.93" pos="8.86" lane="1/3to2/3_0" slope="0.00"/>
        <vehicle id="17" x="315.56" y="598.35" angle="90.00" type="DEFAULT_VEHTYPE" speed="12.61" pos="110.81" lane="1/3to2/3_0" slope="0.00"/>
        <vehicle id="18" x="601.65" y="508.41" angle="180.00" type="DEFAULT_VEHTYPE" speed="12.91" pos="103.66" lane="3/2to3/3_0" slope="0.00"/>
        <vehicle id="2" x="468.11" y="401.65" angle="-90.00" type="DEFAULT_VEHTYPE" speed="13.30" pos="127.14" lane="3/2to2/2_0" slope="0.00"/>
        <vehicle id="24" x="97.99" y="401.65" angle="-90.00" type="DEFAULT_VEHTYPE" speed="12.88" pos="97.26" lane="1/2to0/2_0" slope="0.00"/>
        <vehicle id="28" x="560.07" y="198.35" angle="90.00" type="DEFAULT_VEHTYPE" speed="12.79" pos="155.32" lane="2/1to3/1_0" slope="0.00"/>
        <vehicle id="29" x="398.35" y="371.43" angle="0.00" type="DEFAULT_VEHTYPE" speed="11.55" pos="23.82" lane="2/2to2/1_0" slope="0.00"/>
        <vehicle id="3" x="649.71" y="598.35" angle="90.00" type="DEFAULT_VEHTYPE" speed="13.87" pos="44.96" lane="3/3to4/3_0" slope="0.00"/>
        <vehicle id="33" x="201.65" y="98.17" angle="180.00" type="DEFAULT_VEHTYPE" speed="13.50" pos="98.17" lane="1/0to1/1_0" slope="0.00"/>
        <vehicle id="37" x="398.35" y="588.53" angle="0.00" type="DEFAULT_VEHTYPE" speed="13.75" pos="6.72" lane="2/3to2/2_0" slope="0.00"/>
        <vehicle id="39" x="669.18" y="601.65" angle="-90.00" type="DEFAULT_VEHTYPE" speed="13.00" pos="130.82" lane="4/3to3/3_0" slope="0.00"/>
        <vehicle id="40" x="708.34" y="198.35" angle="90.00" type="DEFAULT_VEHTYPE" speed="13.15" pos="103.59" lane="3/1to4/1_0" slope="0.00"/>
        <vehicle id="42" x="208.72" y="201.65" angle="-90.00" type="DEFAULT_VEHTYPE" speed="3.63" pos="186.53" lane="2/1to1/1_0" slope="0.00"/>
        <vehicle id="43" x="398.35" y="560.03" angle="0.00" type="DEFAULT_VEHTYPE" speed="12.96" pos="35.22" lane="2/3to2/2_0" slope="0.00"/>
        <vehicle id="44" x="285.95" y="198.35" angle="90.00" type="DEFAULT_VEHTYPE" speed="12.83" pos="81.20" lane="1/1to2/1_0" slope="0.00"/>
        <vehicle id="48" x="201.65" y="47.03" angle="180.00" type="DEFAULT_VEHTYPE" speed="13.36" pos="47.03" lane="1/0to1/1_0" slope="0.00"/>
        <vehicle id="49" x="398.35" y="743.55" angle="0.00" type="DEFAULT_VEHTYPE" speed="12.64" pos="56.45" lane="2/4to2/3_0" slope="0.00"/>
        <vehicle id="5" x="398.35" y="276.13" angle="0.00" type="DEFAULT_VEHTYPE" speed="13.61" pos="119.12" lane="2/2to2/1_0" slope="0.00"/>
        <vehicle id="6" x="401.65" y="729.36" angle="180.00" type="DEFAULT_VEHTYPE" speed="13.78" pos="124.61" lane="2/3to2/4_0" slope="0.00"/>
        <vehicle id="7" x="28.57" y="398.35" angle="90.00" type="DEFAULT_VEHTYPE" speed="13.37" pos="28.57" lane="0/2to1/2_0" slope="0.00"/>
        <vehicle id="8" x="135.96" y="198.35" angle="90.00" type="DEFAULT_VEHTYPE" speed="13.29" pos="135.96" lane="0/1to1/1_0" slope="0.00"/>
        <vehicle id="9" x="198.35" y="350.28" angle="0.00" type="DEFAULT_VEHTYPE" speed="12.91" pos="44.97" lane="1/2to1/1_0" slope="0.00"/>
    </timestep>
    <timestep time="684.00">
        <vehicle id="0" x="254.62" y="198.35" angle="90.00" type="DEFAULT_VEHTYPE" speed="13.67" pos="49.87" lane="1/1to2/1_0" slope="0.00"/>
        <vehicle id="10" x="542.00" y="198.35" angle="90.00" type="DEFAULT_VEHTYPE" speed="13.13" pos="137.25" lane="2/1to3/1_0" slope="0.00"/>
        <vehicle id="11" x="201.65" y="569.71" angle="180.00" type="DEFAULT_VEHTYPE" speed="13.37" pos="164.96" lane="1/2to1/3_0" slope="0.00"/>
        <vehicle id="15" x="450.17" y="198.35" angle="90.00" type="DEFAULT_VEHTYPE" speed="12.78" pos="45.42" lane="2/1to3/1_0" slope="0.00"/>
        <vehicle id="16" x="226.29" y="598.35" angle="90.00" type="DEFAULT_VEHTYPE" speed="12.68" pos="21.54" lane="1/3to2/3_0" slope="0.00"/>
        <vehicle id="17" x="328.79" y="598.35" angle="90.00" type="DEFAULT_VEHTYPE" speed="13.24" pos="124.04" lane="1/3to2/3_0" slope="0.00"/>
        <vehicle id="18" x="601.65" y="521.19" angle="180.00" type="DEFAULT_VEHTYPE" speed="12.78" pos="116.44" lane="3/2to3/3_0" slope="0.00"/>
        <vehicle id="2" x="455.09" y="401.65" angle="-90.00" type="DEFAULT_VEHTYPE" speed="13.03" pos="140.16" lane="3/2to2/2_0" slope="0.00"/>
        <vehicle id="24" x="84.94" y="401.65" angle="-90.00" type="DEFAULT_VEHTYPE" speed="13.05" pos="110.31" lane="1/2to0/2_0" slope="0.00"/>
        <vehicle id="28" x="573.18" y="198.35" angle="90.00" type="DEFAULT_VEHTYPE" speed="13.11" pos="168.43" lane="2/1to3/1_0" slope="0.00"/>
        <vehicle id="29" x="398.35" y="357.81" angle="0.00" type="DEFAULT_VEHTYPE" speed="13.63" pos="37.44" lane="2/2to2/1_0" slope="0.00"/>
        <vehicle id="3" x="662.55" y="598.35" angle="90.00" type="DEFAULT_VEHTYPE" speed="12.85" pos="57.80" lane="3/3to4/3_0" slope="0.00"/>
        <vehicle id="33" x="201.65" y="112.04" angle="180.00" type="DEFAULT_VEHTYPE" speed="13.87" pos="112.04" lane="1/0to1/1_0" slope="0.00"/>
        <vehicle id="37" x="398.35" y="575.07" angle="0.00" type="DEFAULT_VEHTYPE" speed="13.46" pos="20.18" lane="2/3to2/2_0" slope="0.00"/>
        <vehicle id="39" x="655.90" y="601.65" angle="-90.00" type="DEFAULT_VEHTYPE" speed="13.28" pos="144.10" lane="4/3to3/3_0" slope="0.00"/>
        <vehicle id="40" x="721.04" y="198.35" angle="90.00" type="DEFAULT_VEHTYPE" speed="12.70" pos="116.29" lane="3/1to4/1_0" slope="0.00"/>
        <vehicle id="42" x="202.88" y="202.15" angle="-95.81" type="DEFAULT_VEHTYPE" speed="5.94" pos="1.97" lane=":1/1_4_0" slope="0.00"/>
        <vehicle id="43" x="398.35" y="546.92" angle="0.00" type="DEFAULT_VEHTYPE" speed="13.12" pos="48.33" lane="2/3to2/2_0" slope="0.00"/>
        <vehicle id="44" x="299.32" y="198.35" angle="90.00" type="DEFAULT_VEHTYPE" speed="13.37" pos="94.57" lane="1/1to2/1_0" slope="0.00"/>
        <vehicle id="48" x="201.65" y="60.54" angle="180.00" type="DEFAULT_VEHTYPE" speed="13.50" pos="60.54" lane="1/0to1/1_0" slope="0.00"/>
        <vehicle id="49" x="398.35" y="729.74" angle="0.00" type="DEFAULT_VEHTYPE" speed="13.80" pos="70.26" lane="2/4to2/3_0" slope="0.00"/>
        <vehicle id="5" x="398.35" y="263.11" angle="0.00" type="DEFAULT_VEHTYPE" speed="13.03" pos="132.14" lane="2/2to2/1_0" slope="0.00"/>
        <vehicle id="6" x="401.65" y="741.99" angle="180.00" type="DEFAULT_VEHTYPE" speed="12.63" pos="137.24" lane="2/3to2/4_0" slope="0.00"/>
        <vehicle id="7" x="42.15" y="398.35" angle="90.00" type="DEFAULT_VEHTYPE" speed="13.58" pos="42.15" lane="0/2to1/2_0" slope="0.00"/>
        <vehicle id="8" x="148.97" y="198.35" angle="90.00" type="DEFAULT_VEHTYPE" speed="13.01" pos="148.97" lane="0/1to1/1_0" slope="0.00"/>
        <vehicle id="9" x="198.35" y="337.43" angle="0.00" type="DEFAULT_VEHTYPE" speed="12.85" pos="57.82" lane="1/2to1/1_0" slope="0.00"/>
    </timestep>
    <timestep time="685.00">
        <vehicle id="0" x="268.19" y="198.35" angle="90.00" type="DEFAULT_VEHTYPE" speed="13.57" pos="63.44" lane="1/1to2/1_0" slope="0.00"/>
        <vehicle id="10" x="554.65" y="198.35" angle="90.00" type="DEFAULT_VEHTYPE" speed="12.66" pos="149.90" lane="2/1to3/1_0" slope="0.00"/>
        <vehicle id="11" x="201.65" y="583.12" angle="180.00" type="DEFAULT_VEHTYPE" speed="13.41" pos="178.37" lane="1/2to1/3_0" slope="0.00"/>
        <vehicle id="15" x="463.68" y="198.35" angle="90.00" type="DEFAULT_VEHTYPE" speed="13.50" pos="58.93" lane="2/1to3/1_0" slope="0.00"/>
        <vehicle id="16" x="239.82" y="598.35" angle="90.00" type="DEFAULT_VEHTYPE" speed="13.53" pos="35.07" lane="1/3to2/3_0" slope="0.00"/>
        <vehicle id="17" x="342.24" y="598.35" angle="90.00" type="DEFAULT_VEHTYPE" speed="13.44" pos="137.49" lane="1/3to2/3_0" slope="0.00"/>
        <vehicle id="18" x="601.65" y="533.99" angle="180.00" type="DEFAULT_VEHTYPE" speed="12.80" pos="129.24" lane="3/2to3/3_0" slope="0.00"/>
        <vehicle id="2" x="442.23" y="401.65" angle="-90.00" type="DEFAULT_VEHTYPE" speed="12.85" pos="153.02" lane="3/2to2/2_0" slope="0.00"/>
        <vehicle id="24" x="72.25" y="401.65" angle="-90.00" type="DEFAULT_VEHTYPE" speed="12.68" pos="123.00" lane="1/2to0/2_0" slope="0.00"/>
        <vehicle id="28" x="582.03" y="198.35" angle="90.00" type="DEFAULT_VEHTYPE" speed="8.84" pos="177.28" lane="2/1to3/1_0" slope="0.00"/>
        <vehicle id="29" x="398.35" y="345.06" angle="0.00" type="DEFAULT_VEHTYPE" speed="12.75" pos="50.19" lane="2/2to2/1_0" slope="0.00"/>
        <vehicle id="3" x="676.31" y="598.35" angle="90.00" type="DEFAULT_VEHTYPE" speed="13.76" pos="71.56" lane="3/3to4/3_0" slope="0.00"/>
        <vehicle id="33" x="201.65" y="124.79" angle="180.00" type="DEFAULT_VEHTYPE" speed="12.75" pos="124.79" lane="1/0to1/1_0" slope="0.00"/>
        <vehicle id="37" x="398.35" y="562.33" angle="0.00" type="DEFAULT_VEHTYPE" speed="12.74" pos="32.92" lane="2/3to2/2_0" slope="0.00"/>
        <vehicle id="39" x="642.23" y="601.65" angle="-90.00" type="DEFAULT_VEHTYPE" speed="13.66" pos="157.77" lane="4/3to3/3_0" slope="0.00"/>
        <vehicle id="40" x="734.14" y="198.35" angle="90.00" type="DEFAULT_VEHTYPE" speed="13.10" pos="129.39" lane="3/1to4/1_0" slope="0.00"/>
        <vehicle id="42" x="201.65" y="209.53" angle="-179.64" type="DEFAULT_VEHTYPE" speed="7.81" pos="4.78" lane="1/1to1/2_0" slope="0.00"/>
        <vehicle id="43" x="398.35" y="533.40" angle="0.00" type="DEFAULT_VEHTYPE" speed="13.51" pos="61.85" lane="2/3to2/2_0" slope="0.00"/>
        <vehicle id="44" x="312.33" y="198.35" angle="90.00" type="DEFAULT_VEHTYPE" speed="13.00" pos="107.58" lane="1/1to2/1_0" slope="0.00"/>
        <vehicle id="48" x="201.65" y="73.48" angle="180.00" type="DEFAULT_VEHTYPE" speed="12.95" pos="73.48" lane="1/0to1/1_0" slope="0.00"/>
        <vehicle id="49" x="398.35" y="716.74" angle="0.00" type="DEFAULT_VEHTYPE" speed="13.01" pos="83.26" lane="2/4to2/3_0" slope="0.00"/>
        <vehicle id="5" x="398.35" y="250.42" angle="0.00" type="DEFAULT_VEHTYPE" speed="12.68" pos="144.83" lane="2/2to2/1_0" slope="0.00"/>
        <vehicle id="6" x="401.65" y="755.29" angle="180.00" type="DEFAULT_VEHTYPE" speed="13.30" pos="150.54" lane="2/3to2/4_0" slope="0.00"/>
        <vehicle id="7" x="55.49" y="398.35" angle="90.00" type="DEFAULT_VEHTYPE" speed="13.34" pos="55.49" lane="0/2to1/2_0" slope="0.00"/>
        <vehicle id="8" x="162.20" y="198.35" angle="90.00" type="DEFAULT_VEHTYPE" speed="13.23" pos="162.20" lane="0/1to1/1_0" slope="0.00"/>
        <vehicle id="9" x="198.35" y="324.48" angle="0.00" type="DEFAULT_VEHTYPE" speed="12.95" pos="70.77" lane="1/2to1/1_0" slope="0.00"/>
    </timestep>
    <timestep time="686.00">
        <vehicle id="0" x="281.76" y="198.35" angle="90.00" type="DEFAULT_VEHTYPE" speed="13.57" pos="77.01" lane="1/1to2/1_0" slope="0.00"/>
        <vehicle id="10" x="566.59" y="198.35" angle="90.00" type="DEFAULT_VEHTYPE" speed="11.94" pos="161.84" lane="2/1to3/1_0" slope="0.00"/>
        <vehicle id="11" x="201.73" y="595.79" angle="179.14" type="DEFAULT_VEHTYPE" speed="12.67" pos="0.54" lane=":1/3_8_0" slope="0.00"/>
        <vehicle id="15" x="477.42" y="198.35" angle="90.00" type="DEFAULT_VEHTYPE" speed="13.75" pos="72.67" lane="2/1to3/1_0" slope="0.00"/>
        <vehicle id="16" x="252.62" y="598.35" angle="90.00" type="DEFAULT_VEHTYPE" speed="12.81" pos="47.87" lane="1/3to2/3_0" slope="0.00"/>
        <vehicle id="17" x="356.11" y="598.35" angle="90.00" type="DEFAULT_VEHTYPE" speed="13.87" pos="151.36" lane="1/3to2/3_0" slope="0.00"/>
        <vehicle id="18" x="601.65" y="546.61" angle="180.00" type="DEFAULT_VEHTYPE" speed="12.62" pos="141.86" lane="3/2to3/3_0" slope="0.00"/>
        <vehicle id="2" x="428.66" y="401.65" angle="-90.00" type="DEFAULT_VEHTYPE" speed="13.57" pos="166.59" lane="3/2to2/2_0" slope="0.00"/>
        <vehicle id="24" x="58.57" y="401.65" angle="-90.00" type="DEFAULT_VEHTYPE" speed="13.68" pos="136.68" lane="1/2to0/2_0" slope="0.00"/>
        <vehicle id="28" x="588.32" y="198.35" angle="90.00" type="DEFAULT_VEHTYPE" speed="6.29" pos="183.57" lane="2/1to3/1_0" slope="0.00"/>
        <vehicle id="29" x="398.35" y="331.43" angle="0.00" type="DEFAULT_VEHTYPE" speed="13.63" pos="63.82" lane="2/2to2/1_0" slope="0.00"/>
        <vehicle id="3" x="690.02" y="598.35" angle="90.00" type="DEFAULT_VEHTYPE" speed="13.71" pos="85.27" lane="3/3to4/3_0" slope="0.00"/>
        <vehicle id="33" x="201.65" y="138.48" angle="180.00" type="DEFAULT_VEHTYPE" speed="13.69" pos="138.48" lane="1/0to1/1_0" slope="0.00"/>
        <vehicle id="37" x="398.35" y="548.93" angle="0.00" type="DEFAULT_VEHTYPE" speed="13.40" pos="46.32" lane="2/3to2/2_0" slope="0.00"/>
        <vehicle id="39" x="629.60" y="601.65" angle="-90.00" type="DEFAULT_VEHTYPE" speed="12.64" pos="170.40" lane="4/3to3/3_0" slope="0.00"/>
        <vehicle id="40" x="747.01" y="198.35" angle="90.00" type="DEFAULT_VEHTYPE" speed="12.87" pos="142.26" lane="3/1to4/1_0" slope="0.00"/>
        <vehicle id="42" x="201.65" y="219.20" angle="180.00" type="DEFAULT_VEHTYPE" speed="9.67" pos="14.45" lane="1/1to1/2_0" slope="0.00"/>
        <vehicle id="43" x="398.35" y="520.56" angle="0.00" type="DEFAULT_VEHTYPE" speed="12.85" pos="74.69" lane="2/3to2/2_0" slope="0.00"/>
        <vehicle id="44" x="326.03" y="198.35" angle="90.00" type="DEFAULT_VEHTYPE" speed="13.70" pos="121.28" lane="1/1to2/1_0" slope="0.00"/>
        <vehicle id="48" x="201.65" y="86.37" angle="180.00" type="DEFAULT_VEHTYPE" speed="12.89" pos="86.37" lane="1/0to1/1_0" slope="0.00"/>
        <vehicle id="49" x="398.35" y="703.45" angle="0.00" type="DEFAULT_VEHTYPE" speed="13.28" pos="96.55" lane="2/4to2/3_0" slope="0.00"/>
        <vehicle id="5" x="398.35" y="236.77" angle="0.00" type="DEFAULT_VEHTYPE" speed="13.65" pos="158.48" lane="2/2to2/1_0" slope="0.00"/>
        <vehicle id="6" x="401.65" y="768.21" angle="180.00" type="DEFAULT_VEHTYPE" speed="12.92" pos="163.46" lane="2/3to2/4_0" slope="0.00"/>
        <vehicle id="7" x="68.13" y="398.35" angle="90.00" type="DEFAULT_VEHTYPE" speed="12.64" pos="68.13" lane="0/2to1/2_0" slope="0.00"/>
        <vehicle id="8" x="174.18" y="198.35" angle="90.00" type="DEFAULT_VEHTYPE" speed="11.98" pos="174.18" lane="0/1to1/1_0" slope="0.00"/>
        <vehicle id="9" x="198.35" y="311.81" angle="0.00" type="DEFAULT_VEHTYPE" speed="12.67" pos="83.44" lane="1/2to1/1_0" slope="0.00"/>
    </timestep>
    <timestep time="687.00">
        <vehicle id="0" x="294.53" y="198.35" angle="90.00" type="DEFAULT_VEHTYPE" speed="12.77" pos="89.78" lane="1/1to2/1_0" slope="0.00"/>
        <vehicle id="10" x="576.12" y="198.35" angle="90.00" type="DEFAULT_VEHTYPE" speed="9.53" pos="171.37" lane="2/1to3/1_0" slope="0.00"/>
        <vehicle id="11" x="213.92" y="598.35" angle="90.00" type="DEFAULT_VEHTYPE" speed="13.63" pos="9.17" lane="1/3to2/3_0" slope="0.00"/>
        <vehicle id="15" x="490.94" y="198.35" angle="90.00" type="DEFAULT_VEHTYPE" speed="13.52" pos="86.19" lane="2/1to3/1_0" slope="0.00"/>
        <vehicle id="16" x="265.25" y="598.35" angle="90.00" type="DEFAULT_VEHTYPE" speed="12.63" pos="60.50" lane="1/3to2/3_0" slope="0.00"/>
        <vehicle id="17" x="368.86" y="598.35" angle="90.00" type="DEFAULT_VEHTYPE" speed="12.75" pos="164.11" lane="1/3to2/3_0" slope="0.00"/>
        <vehicle id="18" x="601.65" y="559.78" angle="180.00" type="DEFAULT_VEHTYPE" speed="13.17" pos="155.03" lane="3/2to3/3_0" slope="0.00"/>
        <vehicle id="2" x="418.97" y="401.65" angle="-90.00" type="DEFAULT_VEHTYPE" speed="9.68" pos="176.28" lane="3/2to2/2_0" slope="0.00"/>
        <vehicle id="24" x="45.84" y="401.65" angle="-90.00" type="DEFAULT_VEHTYPE" speed="12.73" pos="149.41" lane="1/2to0/2_0" slope="0.00"/>
        <vehicle id="28" x="596.31" y="198.50" angle="91.74" type="DEFAULT_VEHTYPE" speed="8.00" pos="1.07" lane=":3/1_14_0" slope="0.00"/>
        <vehicle id="29" x="398.35" y="317.82" angle="0.00" type="DEFAULT_VEHTYPE" speed="13.61" pos="77.43" lane="2/2to2/1_0" slope="0.00"/>
        <vehicle id="3" x="703.57" y="598.35" angle="90.00" type="DEFAULT_VEHTYPE" speed="13.55" pos="98.82" lane="3/3to4/3_0" slope="0.00"/>
        <vehicle id="33" x="201.65" y="151.85" angle="180.00" type="DEFAULT_VEHTYPE" speed="13.37" pos="151.85" lane="1/0to1/1_0" slope="0.00"/>
        <vehicle id="37" x="398.35" y="535.34" angle="0.00" type="DEFAULT_VEHTYPE" speed="13.59" pos="59.91" lane="2/3to2/2_0" slope="0.00"/>
        <vehicle id="39" x="619.44" y="601.65" angle="-90.00" type="DEFAULT_VEHTYPE" speed="10.16" pos="180.56" lane="4/3to3/3_0" slope="0.00"/>
        <vehicle id="40" x="759.74" y="198.35" angle="90.00" type="DEFAULT_VEHTYPE" speed="12.73" pos="154.99" lane="3/1to4/1_0" slope="0.00"/>
        <vehicle id="42" x="201.65" y="230.98" angle="180.00" type="DEFAULT_VEHTYPE" speed="11.77" pos="26.23" lane="1/1to1/2_0" slope="0.00"/>
        <vehicle id="43" x="398.35" y="507.87" angle="0.00" type="DEFAULT_VEHTYPE" speed="12.69" pos="87.38" lane="2/3to2/2_0" slope="0.00"/>
        <vehicle id="44" x="339.56" y="198.35" angle="90.00" type="DEFAULT_VEHTYPE" speed="13.53" pos="134.81" lane="1/1to2/1_0" slope="0.00"/>
        <vehicle id="48" x="201.65" y="100.14" angle="180.00" type="DEFAULT_VEHTYPE" speed="13.77" pos="100.14" lane="1/0to1/1_0" slope="0.00"/>
        <vehicle id="49" x="398.35" y="690.22" angle="0.00" type="DEFAULT_VEHTYPE" speed="13.23" pos="109.78" lane="2/4to2/3_0" slope="0.00"/>
        <vehicle id="5" x="398.35" y="223.60" angle="0.00" type="DEFAULT_VEHTYPE" speed="13.17" pos="171.65" lane="2/2to2/1_0" slope="0.00"/>
        <vehicle id="6" x="401.65" y="780.98" angle="180.00" type="DEFAULT_VEHTYPE" speed="12.77" pos="176.23" lane="2/3to2/4_0" slope="0.00"/>
        <vehicle id="7" x="81.13" y="398.35" angle="90.00" type="DEFAULT_VEHTYPE" speed="13.00" pos="81.13" lane="0/2to1/2_0" slope="0.00"/>
        <vehicle id="8" x="182.23" y="198.35" angle="90.00" type="DEFAULT_VEHTYPE" speed="8.05" pos="182.23" lane="0/1to1/1_0" slope="0.00"/>
        <vehicle id="9" x="198.35" y="298.26" angle="0.00" type="DEFAULT_VEHTYPE" speed="13.54" pos="96.99" lane="1/2to1/1_0" slope="0.00"/>
    </timestep>
    <timestep time="688.00">
        <vehicle id="0" x="307.47" y="198.35" angle="90.00" type="DEFAULT_VEHTYPE" speed="12.94" pos="102.72" lane="1/1to2/1_0" slope="0.00"/>
        <vehicle id="10" x="584.42" y="198.35" angle="90.00" type="DEFAULT_VEHTYPE" speed="8.30" pos="179.67" lane="2/1to3/1_0" slope="0.00"/>
        <vehicle id="11" x="227.15" y="598.35" angle="90.00" type="DEFAULT_VEHTYPE" speed="13.23" pos="22.40" lane="1/3to2/3_0" slope="0.00"/>
        <vehicle id="15" x="504.63" y="198.35" angle="90.00" type="DEFAULT_VEHTYPE" speed="13.69" pos="99.88" lane="2/1to3/1_0" slope="0.00"/>
        <vehicle id="16" x="278.07" y="598.35" angle="90.00" type="DEFAULT_VEHTYPE" speed="12.81" pos="73.32" lane="1/3to2/3_0" slope="0.00"/>
        <vehicle id="17" x="379.04" y="598.35" angle="90.00" type="DEFAULT_VEHTYPE" speed="10.18" pos="174.29" lane="1/3to2/3_0" slope="0.00"/>
        <vehicle id="18" x="601.65" y="572.63" angle="180.00" type="DEFAULT_VEHTYPE" speed="12.85" pos="167.88" lane="3/2to3/3_0" slope="0.00"/>
        <vehicle id="2" x="412.85" y="401.65" angle="-90.00" type="DEFAULT_VEHTYPE" speed="6.12" pos="182.40" lane="3/2to2/2_0" slope="0.00"/>
        <vehicle id="24" x="33.01" y="401.65" angle="-90.00" type="DEFAULT_VEHTYPE" speed="12.84" pos="162.24" lane="1/2to0/2_0" slope="0.00"/>
        <vehicle id="28" x="601.65" y="204.95" angle="163.19" type="DEFAULT_VEHTYPE" speed="9.44" pos="0.20" lane="3/1to3/2_0" slope="0.00"/>
        <vehicle id="29" x="398.35" y="304.44" angle="0.00" type="DEFAULT_VEHTYPE" speed="13.38" pos="90.81" lane="2/2to2/1_0" slope="0.00"/>
        <vehicle id="3" x="717.23" y="598.35" angle="90.00" type="DEFAULT_VEHTYPE" speed="13.66" pos="112.48" lane="3/3to4/3_0" slope="0.00"/>
        <vehicle id="33" x="201.65" y="165.34" angle="180.00" type="DEFAULT_VEHTYPE" speed="13.49" pos="165.34" lane="1/0to1/1_0" slope="0.00"/>
        <vehicle id="37" x="398.35" y="521.75" angle="0.00" type="DEFAULT_VEHTYPE" speed="13.59" pos="73.50" lane="2/3to2/2_0" slope="0.00"/>
        <vehicle id="39" x="613.78" y="601.65" angle="-90.00" type="DEFAULT_VEHTYPE" speed="5.66" pos="186.22" lane="4/3to3/3_0" slope="0.00"/>
        <vehicle id="40" x="773.16" y="198.35" angle="90.00" type="DEFAULT_VEHTYPE" speed="13.42" pos="168.41" lane="3/1to4/1_0" slope="0.00"/>
        <vehicle id="42" x="201.65" y="244.33" angle="180.00" type="DEFAULT_VEHTYPE" speed="13.35" pos="39.58" lane="1/1to1/2_0" slope="0.00"/>
        <vehicle id="43" x="398.35" y="494.26" angle="0.00" type="DEFAULT_VEHTYPE" speed="13.61" pos="100.99" lane="2/3to2/2_0" slope="0.00"/>
        <vehicle id="44" x="352.49" y="198.35" angle="90.00" type="DEFAULT_VEHTYPE" speed="12.93" pos="147.74" lane="1/1to2/1_0" slope="0.00"/>
        <vehicle id="48" x="201.65" y="114.02" angle="180.00" type="DEFAULT_VEHTYPE" speed="13.88" pos="114.02" lane="1/0to1/1_0" slope="0.00"/>
        <vehicle id="49" x="398.35" y="677.55" angle="0.00" type="DEFAULT_VEHTYPE" speed="12.67" pos="122.45" lane="2/4to2/3_0" slope="0.00"/>
        <vehicle id="5" x="398.35" y="209.99" angle="0.00" type="DEFAULT_VEHTYPE" speed="13.61" pos="185.26" lane="2/2to2/1_0" slope="0.00"/>
        <vehicle id="6" x="401.65" y="793.99" angle="180.00" type="DEFAULT_VEHTYPE" speed="13.00" pos="189.24" lane="2/3to2/4_0" slope="0.00"/>
        <vehicle id="7" x="94.74" y="398.35" angle="90.00" type="DEFAULT_VEHTYPE" speed="13.61" pos="94.74" lane="0/2to1/2_0" slope="0.00"/>
        <vehicle id="8" x="187.51" y="198.35" angle="90.00" type="DEFAULT_VEHTYPE" speed="5.28" pos="187.51" lane="0/1to1/1_0" slope="0.00"/>
        <vehicle id="9" x="198.35" y="284.80" angle="0.00" type="DEFAULT_VEHTYPE" speed="13.47" pos="110.45" lane="1/2to1/1_0" slope="0.00"/>
    </timestep>
    <timestep time="689.00">
        <vehicle id="0" x="320.50" y="198.35" angle="90.00" type="DEFAULT_VEHTYPE" speed="13.03" pos="115.75" lane="1/1to2/1_0" slope="0.00"/>
        <vehicle id="10" x="588.75" y="198.35" angle="90.00" type="DEFAULT_VEHTYPE" speed="4.33" pos="184.00" lane="2/1to3/1_0" slope="0.00"/>
        <vehicle id="11" x="240.05" y="598.35" angle="90.00" type="DEFAULT_VEHTYPE" speed="12.90" pos="35.30" lane="1/3to2/3_0" slope="0.00"/>
        <vehicle id="15" x="518.17" y="198.35" angle="90.00" type="DEFAULT_VEHTYPE" speed="13.54" pos="113.42" lane="2/1to3/1_0" slope="0.00"/>
        <vehicle id="16" x="291.53" y="598.35" angle="90.00" type="DEFAULT_VEHTYPE" speed="13.46" pos="86.78" lane="1/3to2/3_0" slope="0.00"/>
        <vehicle id="17" x="386.36" y="598.35" angle="90.00" type="DEFAULT_VEHTYPE" speed="7.33" pos="181.61" lane="1/3to2/3_0" slope="0.00"/>
        <vehicle id="18" x="601.65" y="585.75" angle="180.00" type="DEFAULT_VEHTYPE" speed="13.12" pos="181.00" lane="3/2to3/3_0" slope="0.00"/>
        <vehicle id="2" x="409.39" y="401.65" angle="-90.00" type="DEFAULT_VEHTYPE" speed="3.47" pos="185.86" lane="3/2to2/2_0" slope="0.00"/>
        <vehicle id="24" x="19.74" y="401.65" angle="-90.00" type="DEFAULT_VEHTYPE" speed="13.27" pos="175.51" lane="1/2to0/2_0" slope="0.00"/>
        <vehicle id="28" x="601.65" y="216.57" angle="180.00" type="DEFAULT_VEHTYPE" speed="11.62" pos="11.82" lane="3/1to3/2_0" slope="0.00"/>
        <vehicle id="29" x="398.35" y="290.58" angle="0.00" type="DEFAULT_VEHTYPE" speed="13.87" pos="104.67" lane="2/2to2/1_0" slope="0.00"/>
        <vehicle id="3" x="730.70" y="598.35" angle="90.00" type="DEFAULT_VEHTYPE" speed="13.47" pos="125.95" lane="3/3to4/3_0" slope="0.00"/>
        <vehicle id="33" x="201.65" y="178.85" angle="180.00" type="DEFAULT_VEHTYPE" speed="13.51" pos="178.85" lane="1/0to1/1_0" slope="0.00"/>
        <vehicle id="37" x="398.35" y="508.13" angle="0.00" type="DEFAULT_VEHTYPE" speed="13.62" pos="87.12" lane="2/3to2/2_0" slope="0.00"/>
        <vehicle id="39" x="609.72" y="601.65" angle="-90.00" type="DEFAULT_VEHTYPE" speed="4.05" pos="190.28" lane="4/3to3/3_0" slope="0.00"/>
        <vehicle id="40" x="786.11" y="198.35" angle="90.00" type="DEFAULT_VEHTYPE" speed="12.95" pos="181.36" lane="3/1to4/1_0" slope="0.00"/>
        <vehicle id="42" x="201.65" y="257.88" angle="180.00" type="DEFAULT_VEHTYPE" speed="13.55" pos="53.13" lane="1/1to1/2_0" slope="0.00"/>
        <vehicle id="43" x="398.35" y="481.47" angle="0.00" type="DEFAULT_VEHTYPE" speed="12.79" pos="113.78" lane="2/3to2/2_0" slope="0.00"/>
        <vehicle id="44" x="366.14" y="198.35" angle="90.00" type="DEFAULT_VEHTYPE" speed="13.65" pos="161.39" lane="1/1to2/1_0" slope="0.00"/>
        <vehicle id="48" x="201.65" y="127.52" angle="180.00" type="DEFAULT_VEHTYPE" speed="13.50" pos="127.52" lane="1/0to1/1_0" slope="0.00"/>
        <vehicle id="49" x="398.35" y="663.78" angle="0.00" type="DEFAULT_VEHTYPE" speed="13.77" pos="136.22" lane="2/4to2/3_0" slope="0.00"/>
        <vehicle id="5" x="392.45" y="201.65" angle="-82.77" type="DEFAULT_VEHTYPE" speed="13.04" pos="2.80" lane="2/1to1/1_0" slope="0.00"/>
        <vehicle id="6" x="398.35" y="798.19" angle="-37.03" type="DEFAULT_VEHTYPE" speed="12.65" pos="1.81" lane="2/4to2/3_0" slope="0.00"/>
        <vehicle id="7" x="108.47" y="398.35" angle="90.00" type="DEFAULT_VEHTYPE" speed="13.73" pos="108.47" lane="0/2to1/2_0" slope="0.00"/>
        <vehicle id="8" x="190.94" y="198.35" angle="90.00" type="DEFAULT_VEHTYPE" speed="3.44" pos="190.94" lane="0/1to1/1_0" slope="0.00"/>
        <vehicle id="9" x="198.35" y="271.25" angle="0.00" type="DEFAULT_VEHTYPE" speed="13.54" pos="124.00" lane="1/2to1/1_0" slope="0.00"/>
    </timestep>
    <timestep time="690.00">
        <vehicle id="0" x="333.22" y="198.35" angle="90.00" type="DEFAULT_VEHTYPE" speed="12.72" pos="128.47" lane="1/1to2/1_0" slope="0.00"/>
        <vehicle id="10" x="595.43" y="198.35" angle="90.00" type="DEFAULT_VEHTYPE" speed="6.67" pos="0.18" lane=":3/1_13_0" slope="0.00"/>
        <vehicle id="11" x="253.83" y="598.35" angle="90.00" type="DEFAULT_VEHTYPE" speed="13.78" pos="49.08" lane="1/3to2/3_0" slope="0.00"/>
        <vehicle id="15" x="531.40" y="198.35" angle="90.00" type="DEFAULT_VEHTYPE" speed="13.23" pos="126.65" lane="2/1to3/1_0" slope="0.00"/>
        <vehicle id="16" x="305.17" y="598.35" angle="90.00" type="DEFAULT_VEHTYPE" speed="13.64" pos="100.42" lane="1/3to2/3_0" slope="0.00"/>
        <vehicle id="17" x="389.64" y="598.35" angle="90.00" type="DEFAULT_VEHTYPE" speed="3.28" pos="184.89" lane="1/3to2/3_0" slope="0.00"/>
        <vehicle id="18" x="604.11" y="598.26" angle="146.05" type="DEFAULT_VEHTYPE" speed="13.86" pos="4.36" lane=":3/3_8_0" slope="0.00"/>
        <vehicle id="2" x="403.91" y="401.65" angle="-90.00" type="DEFAULT_VEHTYPE" speed="5.48" pos="0.84" lane=":2/2_5_0" slope="0.00"/>
        <vehicle id="24" x="6.46" y="401.65" angle="-90.00" type="DEFAULT_VEHTYPE" speed="13.28" pos="188.79" lane="1/2to0/2_0" slope="0.00"/>
        <vehicle id="28" x="601.65" y="229.41" angle="180.00" type="DEFAULT_VEHTYPE" speed="12.84" pos="24.66" lane="3/1to3/2_0" slope="0.00"/>
        <vehicle id="29" x="398.35" y="277.48" angle="0.00" type="DEFAULT_VEHTYPE" speed="13.10" pos="117.77" lane="2/2to2/1_0" slope="0.00"/>
        <vehicle id="3" x="743.36" y="598.35" angle="90.00" type="DEFAULT_VEHTYPE" speed="12.65" pos="138.61" lane="3/3to4/3_0" slope="0.00"/>
        <vehicle id="33" x="201.65" y="191.53" angle="180.00" type="DEFAULT_VEHTYPE" speed="12.68" pos="191.53" lane="1/0to1/1_0" slope="0.00"/>
        <vehicle id="37" x="398.35" y="495.50" angle="0.00" type="DEFAULT_VEHTYPE" speed="12.63" pos="99.75" lane="2/3to2/2_0" slope="0.00"/>
        <vehicle id="39" x="603.60" y="601.49" angle="-88.11" type="DEFAULT_VEHTYPE" speed="6.14" pos="1.16" lane=":3/3_6_0" slope="0.00"/>
        <vehicle id="40" x="799.95" y="198.35" angle="90.00" type="DEFAULT_VEHTYPE" speed="13.83" pos="195.20" lane="3/1to4/1_0" slope="0.00"/>
        <vehicle id="42" x="201.65" y="271.30" angle="180.00" type="DEFAULT_VEHTYPE" speed="13.42" pos="66.55" lane="1/1to1/2_0" slope="0.00"/>
        <vehicle id="43" x="398.35" y="468.55" angle="0.00" type="DEFAULT_VEHTYPE" speed="12.93" pos="126.70" lane="2/3to2/2_0" slope="0.00"/>
        <vehicle id="44" x="377.51" y="198.35" angle="90.00" type="DEFAULT_VEHTYPE" speed="11.37" pos="172.76" lane="1/1to2/1_0" slope="0.00"/>
        <vehicle id="48" x="201.65" y="140.39" angle="180.00" type="DEFAULT_VEHTYPE" speed="12.87" pos="140.39" lane="1/0to1/1_0" slope="0.00"/>
        <vehicle id="49" x="398.35" y="651.00" angle="0.00" type="DEFAULT_VEHTYPE" speed="12.78" pos="149.00" lane="2/4to2/3_0" slope="0.00"/>
        <vehicle id="5" x="378.69" y="201.65" angle="-90.00" type="DEFAULT_VEHTYPE" speed="13.76" pos="16.56" lane="2/1to1/1_0" slope="0.00"/>
        <vehicle id="6" x="398.35" y="785.27" angle="0.00" type="DEFAULT_VEHTYPE" speed="12.92" pos="14.73" lane="2/4to2/3_0" slope="0.00"/>
        <vehicle id="7" x="122.33" y="398.35" angle="90.00" type="DEFAULT_VEHTYPE" speed="13.86" pos="122.33" lane="0/2to1/2_0" slope="0.00"/>
        <vehicle id="8" x="196.12" y="198.23" angle="88.61" type="DEFAULT_VEHTYPE" speed="5.18" pos="0.87" lane=":1/1_12_0" slope="0.00"/>
        <vehicle id="9" x="198.35" y="258.05" angle="0.00" type="DEFAULT_VEHTYPE" speed="13.20" pos="137.20" lane="1/2to1/1_0" slope="0.00"/>
    </timestep>
    <timestep time="691.00">
        <vehicle id="0" x="346.61" y="198.35" angle="90.00" type="DEFAULT_VEHTYPE" speed="13.40" pos="141.86" lane="1/1to2/1_0" slope="0.00"/>
        <vehicle id="10" x="604.32" y="198.35" angle="90.00" type="DEFAULT_VEHTYPE" speed="8.90" pos="9.07" lane=":3/1_13_0" slope="0.00"/>
        <vehicle id="11" x="266.85" y="598.35" angle="90.00" type="DEFAULT_VEHTYPE" speed="13.03" pos="62.10" lane="1/3to2/3_0" slope="0.00"/>
        <vehicle id="15" x="544.66" y="198.35" angle="90.00" type="DEFAULT_VEHTYPE" speed="13.26" pos="139.91" lane="2/1to3/1_0" slope="0.00"/>
        <vehicle id="16" x="318.55" y="598.35" angle="90.00" type="DEFAULT_VEHTYPE" speed="13.38" pos="113.80" lane="1/3to2/3_0" slope="0.00"/>
        <vehicle id="17" x="394.58" y="598.35" angle="90.00" type="DEFAULT_VEHTYPE" speed="4.94" pos="189.83" lane="1/3to2/3_0" slope="0.00"/>
        <vehicle id="18" x="617.93" y="598.35" angle="90.00" type="DEFAULT_VEHTYPE" speed="13.82" pos="13.18" lane="3/3to4/3_0" slope="0.00"/>
        <vehicle id="2" x="396.00" y="401.65" angle="-90.00" type="DEFAULT_VEHTYPE" speed="7.91" pos="8.75" lane=":2/2_5_0" slope="0.00"/>
        <vehicle id="24" x="2.57" y="398.35" angle="68.35" type="DEFAULT_VEHTYPE" speed="13.85" pos="2.57" lane="0/2to1/2_0" slope="0.00"/>
        <vehicle id="28" x="601.65" y="242.20" angle="180.00" type="DEFAULT_VEHTYPE" speed="12.79" pos="37.45" lane="3/1to3/2_0" slope="0.00"/>
        <vehicle id="29" x="398.35" y="264.57" angle="0.00" type="DEFAULT_VEHTYPE" speed="12.91" pos="130.68" lane="2/2to2/1_0" slope="0.00"/>
        <vehicle id="3" x="757.19" y="598.35" angle="90.00" type="DEFAULT_VEHTYPE" speed="13.83" pos="152.44" lane="3/3to4/3_0" slope="0.00"/>
        <vehicle id="33" x="208.69" y="198.35" angle="91.70" type="DEFAULT_VEHTYPE" speed="12.65" pos="3.94" lane="1/1to2/1_0" slope="0.00"/>
        <vehicle id="37" x="398.35" y="481.80" angle="0.00" type="DEFAULT_VEHTYPE" speed="13.70" pos="113.45" lane="2/3to2/2_0" slope="0.00"/>
        <vehicle id="39" x="598.44" y="595.88" angle="-23.49" type="DEFAULT_VEHTYPE" speed="8.52" pos="9.68" lane=":3/3_6_0" slope="0.00"/>
        <vehicle id="40" x="791.51" y="201.65" angle="-90.00" type="DEFAULT_VEHTYPE" speed="13.36" pos="8.49" lane="4/1to3/1_0" slope="0.00"/>
        <vehicle id="42" x="201.65" y="283.90" angle="180.00" type="DEFAULT_VEHTYPE" speed="12.61" pos="79.15" lane="1/1to1/2_0" slope="0.00"/>
        <vehicle id="43" x="398.35" y="454.77" angle="0.00" type="DEFAULT_VEHTYPE" speed="13.78" pos="140.48" lane="2/3to2/2_0" slope="0.00"/>
        <vehicle id="44" x="384.87" y="198.35" angle="90.00" type="DEFAULT_VEHTYPE" speed="7.36" pos="180.12" lane="1/1to2/1_0" slope="0.00"/>
        <vehicle id="48" x="201.65" y="153.79" angle="180.00" type="DEFAULT_VEHTYPE" speed="13.40" pos="153.79" lane="1/0to1/1_0" slope="0.00"/>
        <vehicle id="49" x="398.35" y="637.98" angle="0.00" type="DEFAULT_VEHTYPE" speed="13.03" pos="162.02" lane="2/4to2/3_0" slope="0.00"/>
        <vehicle id="5" x="365.48" y="201.65" angle="-90.00" type="DEFAULT_VEHTYPE" speed="13.21" pos="29.77" lane="2/1to1/1_0" slope="0.00"/>
        <vehicle id="6" x="398.35" y="772.67" angle="0.00" type="DEFAULT_VEHTYPE" speed="12.60" pos="27.33" lane="2/4to2/3_0" slope="0.00"/>
        <vehicle id="7" x="135.62" y="398.35" angle="90.00" type="DEFAULT_VEHTYPE" speed="13.29" pos="135.62" lane="0/2to1/2_0" slope="0.00"/>
        <vehicle id="8" x="198.35" y="192.29" angle="6.27" type="DEFAULT_VEHTYPE" speed="7.08" pos="2.96" lane="1/1to1/0_0" slope="0.00"/>
        <vehicle id="9" x="198.35" y="245.05" angle="0.00" type="DEFAULT_VEHTYPE" speed="13.01" pos="150.20" lane="1/2to1/1_0" slope="0.00"/>
    </timestep>
    <timestep time="692.00">
        <vehicle id="0" x="359.96" y="198.35" angle="90.00" type="DEFAULT_VEHTYPE" speed="13.35" pos="155.21" lane="1/1to2/1_0" slope="0.00"/>
        <vehicle id="10" x="615.68" y="198.35" angle="90.00" type="DEFAULT_VEHTYPE" speed="11.35" pos="10.93" lane="3/1to4/1_0" slope="0.00"/>
        <vehicle id="11" x="279.91" y="598.35" angle="90.00" type="DEFAULT_VEHTYPE" speed="13.05" pos="75.16" lane="1/3to2/3_0" slope="0.00"/>
        <vehicle id="15" x="558.15" y="198.35" angle="90.00" type="DEFAULT_VEHTYPE" speed="13.49" pos="153.40" lane="2/1to3/1_0" slope="0.00"/>
        <vehicle id="16" x="331.23" y="598.35" angle="90.00" type="DEFAULT_VEHTYPE" speed="12.68" pos="126.48" lane="1/3to2/3_0" slope="0.00"/>
        <vehicle id="17" x="400.40" y="600.53" angle="115.46" type="DEFAULT_VEHTYPE" speed="6.50" pos="5.83" lane=":2/3_14_0" slope="0.00"/>
        <vehicle id="18" x="631.68" y="598.35" angle="90.00" type="DEFAULT_VEHTYPE" speed="13.76" pos="26.93" lane="3/3to4/3_0" slope="0.00"/>
        <vehicle id="2" x="386.14" y="401.65" angle="-90.00" type="DEFAULT_VEHTYPE" speed="9.86" pos="9.11" lane="2/2to1/2_0" slope="0.00"/>
        <vehicle id="24" x="15.89" y="398.35" angle="90.00" type="DEFAULT_VEHTYPE" speed="13.32" pos="15.89" lane="0/2to1/2_0" slope="0.00"/>
        <vehicle id="28" x="601.65" y="255.30" angle="180.00" type="DEFAULT_VEHTYPE" speed="13.10" pos="50.55" lane="3/1to3/2_0" slope="0.00"/>
        <vehicle id="29" x="398.35" y="251.10" angle="0.00" type="DEFAULT_VEHTYPE" speed="13.46" pos="144.15" lane="2/2to2/1_0" slope="0.00"/>
        <vehicle id="3" x="771.08" y="598.35" angle="90.00" type="DEFAULT_VEHTYPE" speed="13.89" pos="166.33" lane="3/3to4/3_0" slope="0.00"/>
        <vehicle id="33" x="221.78" y="198.35" angle="90.00" type="DEFAULT_VEHTYPE" speed="13.10" pos="17.03" lane="1/1to2/1_0" slope="0.00"/>
        <vehicle id="37" x="398.35" y="468.93" angle="0.00" type="DEFAULT_VEHTYPE" speed="12.87" pos="126.32" lane="2/3to2/2_0" slope="0.00"/>
        <vehicle id="39" x="598.35" y="585.54" angle="0.00" type="DEFAULT_VEHTYPE" speed="10.35" pos="9.71" lane="3/3to3/2_0" slope="0.00"/>
        <vehicle id="40" x="778.25" y="201.65" angle="-90.00" type="DEFAULT_VEHTYPE" speed="13.27" pos="21.75" lane="4/1to3/1_0" slope="0.00"/>
        <vehicle id="42" x="201.65" y="296.83" angle="180.00" type="DEFAULT_VEHTYPE" speed="12.93" pos="92.08" lane="1/1to1/2_0" slope="0.00"/>
        <vehicle id="43" x="398.35" y="441.15" angle="0.00" type="DEFAULT_VEHTYPE" speed="13.61" pos="154.10" lane="2/3to2/2_0" slope="0.00"/>
        <vehicle id="44" x="388.93" y="198.35" angle="90.00" type="DEFAULT_VEHTYPE" speed="4.07" pos="184.18" lane="1/1to2/1_0" slope="0.00"/>
        <vehicle id="48" x="201.65" y="167.39" angle="180.00" type="DEFAULT_VEHTYPE" speed="13.60" pos="167.39" lane="1/0to1/1_0" slope="0.00"/>
        <vehicle id="49" x="398.35" y="624.12" angle="0.00" type="DEFAULT_VEHTYPE" speed="13.86" pos="175.88" lane="2/4to2/3_0" slope="0.00"/>
        <vehicle id="5" x="352.26" y="201.65" angle="-90.00" type="DEFAULT_VEHTYPE" speed="13.22" pos="42.99" lane="2/1to1/1_0" slope="0.00"/>
        <vehicle id="6" x="398.35" y="759.70" angle="0.00" type="DEFAULT_VEHTYPE" speed="12.97" pos="40.30" lane="2/4to2/3_0" slope="0.00"/>
        <vehicle id="7" x="148.91" y="398.35" angle="90.00" type="DEFAULT_VEHTYPE" speed="13.28" pos="148.91" lane="0/2to1/2_0" slope="0.00"/>
        <vehicle id="8" x="198.35" y="183.20" angle="0.00" type="DEFAULT_VEHTYPE" speed="9.09" pos="12.05" lane="1/1to1/0_0" slope="0.00"/>
        <vehicle id="9" x="198.35" y="232.15" angle="0.00" type="DEFAULT_VEHTYPE" speed="12.90" pos="163.10" lane="1/2to1/1_0" slope="0.00"/>
    </timestep>
    <timestep time="693.00">
        <vehicle id="0" x="369.96" y="198.35" angle="90.00" type="DEFAULT_VEHTYPE" speed="9.99" pos="165.21" lane="1/1to2/1_0" slope="0.00"/>
        <vehicle id="10" x="628.42" y="198.35" angle="90.00" type="DEFAULT_VEHTYPE" speed="12.74" pos="23.67" lane="3/1to4/1_0" slope="0.00"/>
        <vehicle id="11" x="293.59" y="598.35" angle="90.00" type="DEFAULT_VEHTYPE" speed="13.68" pos="88.84" lane="1/3to2/3_0" slope="0.00"/>
        <vehicle id="15" x="570.85" y="198.35" angle="90.00" type="DEFAULT_VEHTYPE" speed="12.70" pos="166.10" lane="2/1to3/1_0" slope="0.00"/>
        <vehicle id="16" x="344.13" y="598.35" angle="90.00" type="DEFAULT_VEHTYPE" speed="12.91" pos="139.38" lane="1/3to2/3_0" slope="0.00"/>
        <vehicle id="17" x="401.65" y="608.46" angle="177.90" type="DEFAULT_VEHTYPE" speed="8.20" pos="3.71" lane="2/3to2/4_0" slope="0.00"/>
        <vehicle id="18" x="644.51" y="598.35" angle="90.00" type="DEFAULT_VEHTYPE" speed="12.83" pos="39.76" lane="3/3to4/3_0" slope="0.00"/>
        <vehicle id="2" x="374.07" y="401.65" angle="-90.00" type="DEFAULT_VEHTYPE" speed="12.07" pos="21.18" lane="2/2to1/2_0" slope="0.00"/>
        <vehicle id="24" x="29.71" y="398.35" angle="90.00" type="DEFAULT_VEHTYPE" speed="13.82" pos="29.71" lane="0/2to1/2_0" slope="0.00"/>
        <vehicle id="28" x="601.65" y="269.03" angle="180.00" type="DEFAULT_VEHTYPE" speed="13.73" pos="64.28" lane="3/1to3/2_0" slope="0.00"/>
        <vehicle id="29" x="398.35" y="237.95" angle="0.00" type="DEFAULT_VEHTYPE" speed="13.16" pos="157.30" lane="2/2to2/1_0" slope="0.00"/>
        <vehicle id="3" x="784.57" y="598.35" angle="90.00" type="DEFAULT_VEHTYPE" speed="13.48" pos="179.82" lane="3/3to4/3_0" slope="0.00"/>
        <vehicle id="33" x="234.45" y="198.35" angle="90.00" type="DEFAULT_VEHTYPE" speed="12.66" pos="29.70" lane="1/1to2/1_0" slope="0.00"/>
        <vehicle id="37" x="398.35" y="456.11" angle="0.00" type="DEFAULT_VEHTYPE" speed="12.81" pos="139.14" lane="2/3to2/2_0" slope="0.00"/>
        <vehicle id="39" x="598.35" y="573.53" angle="0.00" type="DEFAULT_VEHTYPE" speed="12.00" pos="21.72" lane="3/3to3/2_0" slope="0.00"/>
        <vehicle id="40" x="764.98" y="201.65" angle="-90.00" type="DEFAULT_VEHTYPE" speed="13.27" pos="35.02" lane="4/1to3/1_0" slope="0.00"/>
        <vehicle id="42" x="201.65" y="310.41" angle="180.00" type="DEFAULT_VEHTYPE" speed="13.58" pos="105.66" lane="1/1to1/2_0" slope="0.00"/>
        <vehicle id="43" x="398.35" y="427.37" angle="0.00" type="DEFAULT_VEHTYPE" speed="13.79" pos="167.88" lane="2/3to2/2_0" slope="0.00"/>
        <vehicle id="44" x="395.22" y="198.35" angle="90.00" type="DEFAULT_VEHTYPE" speed="6.29" pos="190.47" lane="1/1to2/1_0" slope="0.00"/>
        <vehicle id="48" x="201.65" y="181.25" angle="180.00" type="DEFAULT_VEHTYPE" speed="13.87" pos="181.25" lane="1/0to1/1_0" slope="0.00"/>
        <vehicle id="49" x="398.35" y="611.06" angle="0.00" type="DEFAULT_VEHTYPE" speed="13.06" pos="188.94" lane="2/4to2/3_0" slope="0.00"/>
        <vehicle id="5" x="338.93" y="201.65" angle="-90.00" type="DEFAULT_VEHTYPE" speed="13.33" pos="56.32" lane="2/1to1/1_0" slope="0.00"/>
        <vehicle id="6" x="398.35" y="746.75" angle="0.00" type="DEFAULT_VEHTYPE" speed="12.95" pos="53.25" lane="2/4to2/3_0" slope="0.00"/>
        <vehicle id="7" x="162.75" y="398.35" angle="90.00" type="DEFAULT_VEHTYPE" speed="13.84" pos="162.75" lane="0/2to1/2_0" slope="0.00"/>
        <vehicle id="8" x="198.35" y="172.81" angle="0.00" type="DEFAULT_VEHTYPE" speed="10.39" pos="22.44" lane="1/1to1/0_0" slope="0.00"/>
        <vehicle id="9" x="198.35" y="218.89" angle="0.00" type="DEFAULT_VEHTYPE" speed="13.26" pos="176.36" lane="1/2to1/1_0" slope="0.00"/>
    </timestep>
    <timestep time="694.00">
        <vehicle id="0" x="379.25" y="198.35" angle="90.00" type="DEFAULT_VEHTYPE" speed="9.29" pos="174.50" lane="1/1to2/1_0" slope="0.00"/>
        <vehicle id="10" x="641.58" y="198.35" angle="90.00" type="DEFAULT_VEHTYPE" speed="13.16" pos="36.83" lane="3/1to4/1_0" slope="0.00"/>
        <vehicle id="11" x="306.91" y="598.35" angle="90.00" type="DEFAULT_VEHTYPE" speed="13.32" pos="102.16" lane="1/3to2/3_0" slope="0.00"/>
        <vehicle id="15" x="580.56" y="198.35" angle="90.00" type="DEFAULT_VEHTYPE" speed="9.71" pos="175.81" lane="2/1to3/1_0" slope="0.00"/>
        <vehicle id="16" x="357.64" y="598.35" angle="90.00" type="DEFAULT_VEHTYPE" speed="13.50" pos="152.89" lane="1/3to2/3_0" slope="0.00"/>
        <vehicle id="17" x="401.65" y="618.76" angle="180.00" type="DEFAULT_VEHTYPE" speed="10.30" pos="14.01" lane="2/3to2/4_0" slope="0.00"/>
        <vehicle id="18" x="657.53" y="598.35" angle="90.00" type="DEFAULT_VEHTYPE" speed="13.02" pos="52.78" lane="3/3to4/3_0" slope="0.00"/>
        <vehicle id="2" x="361.14" y="401.65" angle="-90.00" type="DEFAULT_VEHTYPE" speed="12.94" pos="34.11" lane="2/2to1/2_0" slope="0.00"/>
        <vehicle id="24" x="42.58" y="398.35" angle="90.00" type="DEFAULT_VEHTYPE" speed="12.87" pos="42.58" lane="0/2to1/2_0" slope="0.00"/>
        <vehicle id="28" x="601.65" y="282.89" angle="180.00" type="DEFAULT_VEHTYPE" speed="13.86" pos="78.14" lane="3/1to3/2_0" slope="0.00"/>
        <vehicle id="29" x="398.35" y="224.08" angle="0.00" type="DEFAULT_VEHTYPE" speed="13.87" pos="171.17" lane="2/2to2/1_0" slope="0.00"/>
        <vehicle id="3" x="798.31" y="598.35" angle="90.00" type="DEFAULT_VEHTYPE" speed="13.75" pos="193.56" lane="3/3to4/3_0" slope="0.00"/>
        <vehicle id="33" x="247.77" y="198.35" angle="90.00" type="DEFAULT_VEHTYPE" speed="13.33" pos="43.02" lane="1/1to2/1_0" slope="0.00"/>
        <vehicle id="37" x="398.35" y="443.47" angle="0.00" type="DEFAULT_VEHTYPE" speed="12.64" pos="151.78" lane="2/3to2/2_0" slope="0.00"/>
        <vehicle id="39" x="598.35" y="560.15" angle="0.00" type="DEFAULT_VEHTYPE" speed="13.38" pos="35.10" lane="3/3to3/2_0" slope="0.00"/>
        <vehicle id="40" x="751.36" y="201.65" angle="-90.00" type="DEFAULT_VEHTYPE" speed="13.61" pos="48.64" lane="4/1to3/1_0" slope="0.00"/>
        <vehicle id="42" x="201.65" y="324.21" angle="180.00" type="DEFAULT_VEHTYPE" speed="13.80" pos="119.46" lane="1/1to1/2_0" slope="0.00"/>
        <vehicle id="43" x="398.35" y="414.30" angle="0.00" type="DEFAULT_VEHTYPE" speed="13.07" pos="180.95" lane="2/3to2/2_0" slope="0.00"/>
        <vehicle id="44" x="403.17" y="198.35" angle="90.00" type="DEFAULT_VEHTYPE" speed="7.95" pos="7.92" lane=":2/1_13_0" slope="0.00"/>
        <vehicle id="48" x="201.65" y="194.43" angle="180.00" type="DEFAULT_VEHTYPE" speed="13.18" pos="194.43" lane="1/0to1/1_0" slope="0.00"/>
        <vehicle id="49" x="398.35" y="598.26" angle="0.00" type="DEFAULT_VEHTYPE" speed="12.80" pos="6.49" lane=":2/3_1_0" slope="0.00"/>
        <vehicle id="5" x="325.99" y="201.65" angle="-90.00" type="DEFAULT_VEHTYPE" speed="12.94" pos="69.26" lane="2/1to1/1_0" slope="0.00"/>
        <vehicle id="6" x="398.35" y="733.42" angle="0.00" type="DEFAULT_VEHTYPE" speed="13.32" pos="66.58" lane="2/4to2/3_0" slope="0.00"/>
        <vehicle id="7" x="174.73" y="398.35" angle="90.00" type="DEFAULT_VEHTYPE" speed="11.98" pos="174.73" lane="0/2to1/2_0" slope="0.00"/>
        <vehicle id="8" x="198.35" y="160.04" angle="0.00" type="DEFAULT_VEHTYPE" speed="12.77" pos="35.21" lane="1/1to1/0_0" slope="0.00"/>
        <vehicle id="9" x="198.35" y="205.02" angle="0.00" type="DEFAULT_VEHTYPE" speed="13.87" pos="190.23" lane="1/2to1/1_0" slope="0.00"/>
    </timestep>
    <timestep time="695.00">
        <vehicle id="0" x="386.49" y="198.35" angle="90.00" type="DEFAULT_VEHTYPE" speed="7.25" pos="181.74" lane="1/1to2/1_0" slope="0.00"/>
        <vehicle id="10" x="654.81" y="198.35" angle="90.00" type="DEFAULT_VEHTYPE" speed="13.24" pos="50.06" lane="3/1to4/1_0" slope="0.00"/>
        <vehicle id="11" x="319.68" y="598.35" angle="90.00" type="DEFAULT_VEHTYPE" speed="12.77" pos="114.93" lane="1/3to2/3_0" slope="0.00"/>
        <vehicle id="15" x="586.51" y="198.35" angle="90.00" type="DEFAULT_VEHTYPE" speed="5.95" pos="181.76" lane="2/1to3/1_0" slope="0.00"/>
        <vehicle id="16" x="370.65" y="598.35" angle="90.00" type="DEFAULT_VEHTYPE" speed="13.02" pos="165.90" lane="1/3to2/3_0" slope="0.00"/>
        <vehicle id="17" x="401.65" y="630.76" angle="180.00" type="DEFAULT_VEHTYPE" speed="12.00" pos="26.01" lane="2/3to2/4_0" slope="0.00"/>
        <vehicle id="18" x="670.16" y="598.35" angle="90.00" type="DEFAULT_VEHTYPE" speed="12.63" pos="65.41" lane="3/3to4/3_0" slope="0.00"/>
        <vehicle id="2" x="348.29" y="401.65" angle="-90.00" type="DEFAULT_VEHTYPE" speed="12.85" pos="46.96" lane="2/2to1/2_0" slope="0.00"/>
        <vehicle id="24" x="56.32" y="398.35" angle="90.00" type="DEFAULT_VEHTYPE" speed="13.73" pos="56.32" lane="0/2to1/2_0" slope="0.00"/>
        <vehicle id="28" x="601.65" y="296.55" angle="180.00" type="DEFAULT_VEHTYPE" speed="13.66" pos="91.80" lane="3/1to3/2_0" slope="0.00"/>
        <vehicle id="29" x="398.35" y="213.16" angle="0.00" type="DEFAULT_VEHTYPE" speed="10.92" pos="182.09" lane="2/2to2/1_0" slope="0.00"/>
        <vehicle id="3" x="793.50" y="601.65" angle="-90.00" type="DEFAULT_VEHTYPE" speed="13.01" pos="6.50" lane="4/3to3/3_0" slope="0.00"/>
        <vehicle id="33" x="260.83" y="198.35" angle="90.00" type="DEFAULT_VEHTYPE" speed="13.06" pos="56.08" lane="1/1to2/1_0" slope="0.00"/>
        <vehicle id="37" x="398.35" y="430.10" angle="0.00" type="DEFAULT_VEHTYPE" speed="13.37" pos="165.15" lane="2/3to2/2_0" slope="0.00"/>
        <vehicle id="39" x="598.35" y="546.52" angle="0.00" type="DEFAULT_VEHTYPE" speed="13.63" pos="48.73" lane="3/3to3/2_0" slope="0.00"/>
        <vehicle id="40" x="737.81" y="201.65" angle="-90.00" type="DEFAULT_VEHTYPE" speed="13.55" pos="62.19" lane="4/1to3/1_0" slope="0.00"/>
        <vehicle id="42" x="201.65" y="337.06" angle="180.00" type="DEFAULT_VEHTYPE" speed="12.85" pos="132.31" lane="1/1to1/2_0" slope="0.00"/>
        <vehicle id="43" x="396.84" y="401.98" angle="-18.88" type="DEFAULT_VEHTYPE" speed="12.91" pos="3.36" lane=":2/2_0_0" slope="0.00"/>
        <vehicle id="44" x="412.91" y="198.35" angle="90.00" type="DEFAULT_VEHTYPE" speed="9.74" pos="8.16" lane="2/1to3/1_0" slope="0.00"/>
        <vehicle id="48" x="211.66" y="198.35" angle="90.00" type="DEFAULT_VEHTYPE" speed="12.73" pos="6.91" lane="1/1to2/1_0" slope="0.00"/>
        <vehicle id="49" x="398.35" y="585.45" angle="0.00" type="DEFAULT_VEHTYPE" speed="12.81" pos="9.80" lane="2/3to2/2_0" slope="0.00"/>
        <vehicle id="5" x="312.83" y="201.65" angle="-90.00" type="DEFAULT_VEHTYPE" speed="13.16" pos="82.42" lane="2/1to1/1_0" slope="0.00"/>
        <vehicle id="6" x="398.35" y="720.30" angle="0.00" type="DEFAULT_VEHTYPE" speed="13.12" pos="79.70" lane="2/4to2/3_0" slope="0.00"/>
        <vehicle id="7" x="182.46" y="398.35" angle="90.00" type="DEFAULT_VEHTYPE" speed="7.73" pos="182.46" lane="0/2to1/2_0" slope="0.00"/>
        <vehicle id="8" x="198.35" y="146.67" angle="0.00" type="DEFAULT_VEHTYPE" speed="13.36" pos="48.58" lane="1/1to1/0_0" slope="0.00"/>
        <vehicle id="9" x="187.17" y="201.65" angle="-90.00" type="DEFAULT_VEHTYPE" speed="13.35" pos="8.08" lane="1/1to0/1_0" slope="0.00"/>
    </timestep>
    <timestep time="696.00">
        <vehicle id="0" x="390.59" y="198.35" angle="90.00" type="DEFAULT_VEHTYPE" speed="4.09" pos="185.84" lane="1/1to2/1_0" slope="0.00"/>
        <vehicle id="10" x="667.92" y="198.35" angle="90.00" type="DEFAULT_VEHTYPE" speed="13.11" pos="63.17" lane="3/1to4/1_0" slope="0.00"/>
        <vehicle id="11" x="332.98" y="598.35" angle="90.00" type="DEFAULT_VEHTYPE" speed="13.30" pos="128.23" lane="1/3to2/3_0" slope="0.00"/>
        <vehicle id="15" x="589.85" y="198.35" angle="90.00" type="DEFAULT_VEHTYPE" speed="3.33" pos="185.10" lane="2/1to3/1_0" slope="0.00"/>
        <vehicle id="16" x="380.05" y="598.35" angle="90.00" type="DEFAULT_VEHTYPE" speed="9.40" pos="175.30" lane="1/3to2/3_0" slope="0.00"/>
        <vehicle id="17" x="401.65" y="644.46" angle="180.00" type="DEFAULT_VEHTYPE" speed="13.71" pos="39.71" lane="2/3to2/4_0" slope="0.00"/>
        <vehicle id="18" x="683.81" y="598.35" angle="90.00" type="DEFAULT_VEHTYPE" speed="13.65" pos="79.06" lane="3/3to4/3_0" slope="0.00"/>
        <vehicle id="2" x="334.88" y="401.65" angle="-90.00" type="DEFAULT_VEHTYPE" speed="13.41" pos="60.37" lane="2/2to1/2_0" slope="0.00"/>
        <vehicle id="24" x="69.61" y="398.35" angle="90.00" type="DEFAULT_VEHTYPE" speed="13.29" pos="69.61" lane="0/2to1/2_0" slope="0.00"/>
        <vehicle id="28" x="601.65" y="309.62" angle="180.00" type="DEFAULT_VEHTYPE" speed="13.07" pos="104.87" lane="3/1to3/2_0" slope="0.00"/>
        <vehicle id="29" x="398.35" y="200.85" angle="0.00" type="DEFAULT_VEHTYPE" speed="12.31" pos="3.90" lane=":2/1_1_0" slope="0.00"/>
        <vehicle id="3" x="780.02" y="601.65" angle="-90.00" type="DEFAULT_VEHTYPE" speed="13.48" pos="19.98" lane="4/3to3/3_0" slope="0.00"/>
        <vehicle id="33" x="274.19" y="198.35" angle="90.00" type="DEFAULT_VEHTYPE" speed="13.36" pos="69.44" lane="1/1to2/1_0" slope="0.00"/>
        <vehicle id="37" x="398.35" y="416.96" angle="0.00" type="DEFAULT_VEHTYPE" speed="13.14" pos="178.29" lane="2/3to2/2_0" slope="0.00"/>
        <vehicle id="39" x="598.35" y="533.28" angle="0.00" type="DEFAULT_VEHTYPE" speed="13.24" pos="61.97" lane="3/3to3/2_0" slope="0.00"/>
        <vehicle id="40" x="725.05" y="201.65" angle="-90.00" type="DEFAULT_VEHTYPE" speed="12.76" pos="74.95" lane="4/1to3/1_0" slope="0.00"/>
        <vehicle id="42" x="201.65" y="350.67" angle="180.00" type="DEFAULT_VEHTYPE" speed="13.61" pos="145.92" lane="1/1to1/2_0" slope="0.00"/>
        <vehicle id="43" x="383.54" y="401.65" angle="-90.00" type="DEFAULT_VEHTYPE" speed="13.35" pos="11.71" lane="2/2to1/2_0" slope="0.00"/>
        <vehicle id="44" x="424.88" y="198.35" angle="90.00" type="DEFAULT_VEHTYPE" speed="11.97" pos="20.13" lane="2/1to3/1_0" slope="0.00"/>
        <vehicle id="48" x="225.29" y="198.35" angle="90.00" type="DEFAULT_VEHTYPE" speed="13.62" pos="20.54" lane="1/1to2/1_0" slope="0.00"/>
        <vehicle id="49" x="398.35" y="572.33" angle="0.00" type="DEFAULT_VEHTYPE" speed="13.11" pos="22.92" lane="2/3to2/2_0" slope="0.00"/>
        <vehicle id="5" x="299.15" y="201.65" angle="-90.00" type="DEFAULT_VEHTYPE" speed="13.69" pos="96.10" lane="2/1to1/1_0" slope="0.00"/>
        <vehicle id="6" x="398.35" y="706.59" angle="0.00" type="DEFAULT_VEHTYPE" speed="13.71" pos="93.41" lane="2/4to2/3_0" slope="0.00"/>
        <vehicle id="7" x="187.71" y="398.35" angle="90.00" type="DEFAULT_VEHTYPE" speed="5.25" pos="187.71" lane="0/2to1/2_0" slope="0.00"/>
        <vehicle id="8" x="198.35" y="132.80" angle="0.00" type="DEFAULT_VEHTYPE" speed="13.87" pos="62.45" lane="1/1to1/0_0" slope="0.00"/>
        <vehicle id="9" x="173.78" y="201.65" angle="-90.00" type="DEFAULT_VEHTYPE" speed="13.39" pos="21.47" lane="1/1to0/1_0" slope="0.00"/>
    </timestep>
    <timestep time="697.00">
        <vehicle id="0" x="391.66" y="198.35" angle="90.00" type="DEFAULT_VEHTYPE" speed="1.07" pos="186.91" lane="1/1to2/1_0" slope="0.00"/>
        <vehicle id="10" x="681.53" y="198.35" angle="90.00" type="DEFAULT_VEHTYPE" speed="13.61" pos="76.78" lane="3/1to4/1_0" slope="0.00"/>
        <vehicle id="11" x="345.71" y="598.35" angle="90.00" type="DEFAULT_VEHTYPE" speed="12.73" pos="140.96" lane="1/3to2/3_0" slope="0.00"/>
        <vehicle id="15" x="594.92" y="198.35" angle="90.00" type="DEFAULT_VEHTYPE" speed="5.08" pos="190.17" lane="2/1to3/1_0" slope="0.00"/>
        <vehicle id="16" x="386.32" y="598.35" angle="90.00" type="DEFAULT_VEHTYPE" speed="6.27" pos="181.57" lane="1/3to2/3_0" slope="0.00"/>
        <vehicle id="17" x="401.65" y="657.49" angle="180.00" type="DEFAULT_VEHTYPE" speed="13.03" pos="52.74" lane="2/3to2/4_0" slope="0.00"/>
        <vehicle id="18" x="696.90" y="598.35" angle="90.00" type="DEFAULT_VEHTYPE" speed="13.09" pos="92.15" lane="3/3to4/3_0" slope="0.00"/>
        <vehicle id="2" x="321.41" y="401.65" angle="-90.00" type="DEFAULT_VEHTYPE" speed="13.47" pos="73.84" lane="2/2to1/2_0" slope="0.00"/>
        <vehicle id="24" x="83.31" y="398.35" angle="90.00" type="DEFAULT_VEHTYPE" speed="13.71" pos="83.31" lane="0/2to1/2_0" slope="0.00"/>
        <vehicle id="28" x="601.65" y="323.39" angle="180.00" type="DEFAULT_VEHTYPE" speed="13.77" pos="118.64" lane="3/1to3/2_0" slope="0.00"/>
        <vehicle id="29" x="398.35" y="187.15" angle="0.00" type="DEFAULT_VEHTYPE" speed="13.70" pos="8.10" lane="2/1to2/0_0" slope="0.00"/>
        <vehicle id="3" x="766.85" y="601.65" angle="-90.00" type="DEFAULT_VEHTYPE" speed="13.17" pos="33.15" lane="4/3to3/3_0" slope="0.00"/>
        <vehicle id="33" x="287.95" y="198.35" angle="90.00" type="DEFAULT_VEHTYPE" speed="13.76" pos="83.20" lane="1/1to2/1_0" slope="0.00"/>
        <vehicle id="37" x="398.35" y="403.12" angle="0.00" type="DEFAULT_VEHTYPE" speed="13.83" pos="1.63" lane=":2/2_1_0" slope="0.00"/>
        <vehicle id="39" x="598.35" y="519.39" angle="0.00" type="DEFAULT_VEHTYPE" speed="13.89" pos="75.86" lane="3/3to3/2_0" slope="0.00"/>
        <vehicle id="40" x="711.30" y="201.65" angle="-90.00" type="DEFAULT_VEHTYPE" speed="13.75" pos="88.70" lane="4/1to3/1_0" slope="0.00"/>
        <vehicle id="42" x="201.65" y="363.37" angle="180.00" type="DEFAULT_VEHTYPE" speed="12.70" pos="158.62" lane="1/1to1/2_0" slope="0.00"/>
        <vehicle id="43" x="370.60" y="401.65" angle="-90.00" type="DEFAULT_VEHTYPE" speed="12.94" pos="24.65" lane="2/2to1/2_0" slope="0.00"/>
        <vehicle id="44" x="438.55" y="198.35" angle="90.00" type="DEFAULT_VEHTYPE" speed="13.67" pos="33.80" lane="2/1to3/1_0" slope="0.00"/>
        <vehicle id="48" x="239.03" y="198.35" angle="90.00" type="DEFAULT_VEHTYPE" speed="13.74" pos="34.28" lane="1/1to2/1_0" slope="0.00"/>
        <vehicle id="49" x="398.35" y="559.31" angle="0.00" type="DEFAULT_VEHTYPE" speed="13.02" pos="35.94" lane="2/3to2/2_0" slope="0.00"/>
        <vehicle id="5" x="285.40" y="201.65" angle="-90.00" type="DEFAULT_VEHTYPE" speed="13.75" pos="109.85" lane="2/1to1/1_0" slope="0.00"/>
        <vehicle id="6" x="398.35" y="693.68" angle="0.00" type="DEFAULT_VEHTYPE" speed="12.91" pos="106.32" lane="2/4to2/3_0" slope="0.00"/>
        <vehicle id="7" x="190.58" y="398.35" angle="90.00" type="DEFAULT_VEHTYPE" speed="2.87" pos="190.58" lane="0/2to1/2_0" slope="0.00"/>
        <vehicle id="8" x="198.35" y="119.64" angle="0.00" type="DEFAULT_VEHTYPE" speed="13.15" pos="75.61" lane="1/1to1/0_0" slope="0.00"/>
        <vehicle id="9" x="160.99" y="201.65" angle="-90.00" type="DEFAULT_VEHTYPE" speed="12.79" pos="34.26" lane="1/1to0/1_0" slope="0.00"/>
    </timestep>
    <timestep time="698.00">
        <vehicle id="0" x="394.37" y="198.35" angle="90.00" type="DEFAULT_VEHTYPE" speed="2.72" pos="189.62" lane="1/1to2/1_0" slope="0.00"/>
        <vehicle id="10" x="695.29" y="198.35" angle="90.00" type="DEFAULT_VEHTYPE" speed="13.76" pos="90.54" lane="3/1to4/1_0" slope="0.00"/>
        <vehicle id="11" x="359.06" y="598.35" angle="90.00" type="DEFAULT_VEHTYPE" speed="13.35" pos="154.31" lane="1/3to2/3_0" slope="0.00"/>
        <vehicle id="15" x="602.38" y="198.35" angle="90.00" type="DEFAULT_VEHTYPE" speed="7.46" pos="7.13" lane=":3/1_13_0" slope="0.00"/>
        <vehicle id="16" x="390.58" y="598.35" angle="90.00" type="DEFAULT_VEHTYPE" speed="4.26" pos="185.83" lane="1/3to2/3_0" slope="0.00"/>
        <vehicle id="17" x="401.65" y="670.71" angle="180.00" type="DEFAULT_VEHTYPE" speed="13.22" pos="65.96" lane="2/3to2/4_0" slope="0.00"/>
        <vehicle id="18" x="709.92" y="598.35" angle="90.00" type="DEFAULT_VEHTYPE" speed="13.03" pos="105.17" lane="3/3to4/3_0" slope="0.00"/>
        <vehicle id="2" x="308.42" y="401.65" angle="-90.00" type="DEFAULT_VEHTYPE" speed="12.99" pos="86.83" lane="2/2to1/2_0" slope="0.00"/>
        <vehicle id="24" x="96.70" y="398.35" angle="90.00" type="DEFAULT_VEHTYPE" speed="13.39" pos="96.70" lane="0/2to1/2_0" slope="0.00"/>
        <vehicle id="28" x="601.65" y="337.12" angle="180.00" type="DEFAULT_VEHTYPE" speed="13.73" pos="132.37" lane="3/1to3/2_0" slope="0.00"/>
        <vehicle id="29" x="398.35" y="173.58" angle="0.00" type="DEFAULT_VEHTYPE" speed="13.57" pos="21.67" lane="2/1to2/0_0" slope="0.00"/>
        <vehicle id="3" x="753.96" y="601.65" angle="-90.00" type="DEFAULT_VEHTYPE" speed="12.90" pos="46.04" lane="4/3to3/3_0" slope="0.00"/>
        <vehicle id="33" x="301.34" y="198.35" angle="90.00" type="DEFAULT_VEHTYPE" speed="13.39" pos="96.59" lane="1/1to2/1_0" slope="0.00"/>
        <vehicle id="37" x="398.35" y="389.89" angle="0.00" type="DEFAULT_VEHTYPE" speed="13.24" pos="5.36" lane="2/2to2/1_0" slope="0.00"/>
        <vehicle id="39" x="598.35" y="506.35" angle="0.00" type="DEFAULT_VEHTYPE" speed="13.04" pos="88.90" lane="3/3to3/2_0" slope="0.00"/>
        <vehicle id="40" x="698.68" y="201.65" angle="-90.00" type="DEFAULT_VEHTYPE" speed="12.62" pos="101.32" lane="4/1to3/1_0" slope="0.00"/>
        <vehicle id="42" x="201.65" y="376.50" angle="180.00" type="DEFAULT_VEHTYPE" speed="13.14" pos="171.75" lane="1/1to1/2_0" slope="0.00"/>
        <vehicle id="43" x="357.49" y="401.65" angle="-90.00" type="DEFAULT_VEHTYPE" speed="13.11" pos="37.76" lane="2/2to1/2_0" slope="0.00"/>
        <vehicle id="44" x="451.28" y="198.35" angle="90.00" type="DEFAULT_VEHTYPE" speed="12.72" pos="46.53" lane="2/1to3/1_0" slope="0.00"/>
        <vehicle id="48" x="252.65" y="198.35" angle="90.00" type="DEFAULT_VEHTYPE" speed="13.63" pos="47.90" lane="1/1to2/1_0" slope="0.00"/>
        <vehicle id="49" x="398.35" y="545.64" angle="0.00" type="DEFAULT_VEHTYPE" speed="13.67" pos="49.61" lane="2/3to2/2_0" slope="0.00"/>
        <vehicle id="5" x="272.09" y="201.65" angle="-90.00" type="DEFAULT_VEHTYPE" speed="13.31" pos="123.16" lane="2/1to1/1_0" slope="0.00"/>
        <vehicle id="6" x="398.35" y="680.69" angle="0.00" type="DEFAULT_VEHTYPE" speed="12.98" pos="119.31" lane="2/4to2/3_0" slope="0.00"/>
        <vehicle id="7" x="191.64" y="398.35" angle="90.00" type="DEFAULT_VEHTYPE" speed="1.06" pos="191.64" lane="0/2to1/2_0" slope="0.00"/>
        <vehicle id="8" x="198.35" y="106.09" angle="0.00" type="DEFAULT_VEHTYPE" speed="13.56" pos="89.16" lane="1/1to1/0_0" slope="0.00"/>
        <vehicle id="9" x="147.73" y="201.65" angle="-90.00" type="DEFAULT_VEHTYPE" speed="13.26" pos="47.52" lane="1/1to0/1_0" slope="0.00"/>
    </timestep>
    <timestep time="699.00">
        <vehicle id="0" x="398.91" y="198.35" angle="90.00" type="DEFAULT_VEHTYPE" speed="4.54" pos="3.66" lane=":2/1_13_0" slope="0.00"/>
        <vehicle id="10" x="708.63" y="198.35" angle="90.00" type="DEFAULT_VEHTYPE" speed="13.34" pos="103.88" lane="3/1to4/1_0" slope="0.00"/>
        <vehicle id="11" x="368.67" y="598.35" angle="90.00" type="DEFAULT_VEHTYPE" speed="9.61" pos="163.92" lane="1/3to2/3_0" slope="0.00"/>
        <vehicle id="15" x="612.20" y="198.35" angle="90.00" type="DEFAULT_VEHTYPE" speed="9.81" pos="7.45" lane="3/1to4/1_0" slope="0.00"/>
        <vehicle id="16" x="396.41" y="598.52" angle="91.90" type="DEFAULT_VEHTYPE" speed="5.84" pos="1.17" lane=":2/3_14_0" slope="0.00"/>
        <vehicle id="17" x="401.65" y="684.03" angle="180.00" type="DEFAULT_VEHTYPE" speed="13.32" pos="79.28" lane="2/3to2/4_0" slope="0.00"/>
        <vehicle id="18" x="723.16" y="598.35" angle="90.00" type="DEFAULT_VEHTYPE" speed="13.23" pos="118.41" lane="3/3to4/3_0" slope="0.00"/>
        <vehicle id="2" x="295.09" y="401.65" angle="-90.00" type="DEFAULT_VEHTYPE" speed="13.33" pos="100.16" lane="2/2to1/2_0" slope="0.00"/>
        <vehicle id="24" x="110.13" y="398.35" angle="90.00" type="DEFAULT_VEHTYPE" speed="13.43" pos="110.13" lane="0/2to1/2_0" slope="0.00"/>
        <vehicle id="28" x="601.65" y="350.51" angle="180.00" type="DEFAULT_VEHTYPE" speed="13.39" pos="145.76" lane="3/1to3/2_0" slope="0.00"/>
        <vehicle id="29" x="398.35" y="160.28" angle="0.00" type="DEFAULT_VEHTYPE" speed="13.30" pos="34.97" lane="2/1to2/0_0" slope="0.00"/>
        <vehicle id="3" x="740.83" y="601.65" angle="-90.00" type="DEFAULT_VEHTYPE" speed="13.13" pos="59.17" lane="4/3to3/3_0" slope="0.00"/>
        <vehicle id="33" x="315.22" y="198.35" angle="90.00" type="DEFAULT_VEHTYPE" speed="13.88" pos="110.47" lane="1/1to2/1_0" slope="0.00"/>
        <vehicle id="37" x="398.35" y="376.98" angle="0.00" type="DEFAULT_VEHTYPE" speed="12.90" pos="18.27" lane="2/2to2/1_0" slope="0.00"/>
        <vehicle id="39" x="598.35" y="492.46" angle="0.00" type="DEFAULT_VEHTYPE" speed="13.89" pos="102.79" lane="3/3to3/2_0" slope="0.00"/>
        <vehicle id="40" x="686.01" y="201.65" angle="-90.00" type="DEFAULT_VEHTYPE" speed="12.67" pos="113.99" lane="4/1to3/1_0" slope="0.00"/>
        <vehicle id="42" x="201.65" y="390.39" angle="180.00" type="DEFAULT_VEHTYPE" speed="13.89" pos="185.64" lane="1/1to1/2_0" slope="0.00"/>
        <vehicle id="43" x="344.63" y="401.65" angle="-90.00" type="DEFAULT_VEHTYPE" speed="12.87" pos="50.62" lane="2/2to1/2_0" slope="0.00"/>
        <vehicle id="44" x="464.77" y="198.35" angle="90.00" type="DEFAULT_VEHTYPE" speed="13.49" pos="60.02" lane="2/1to3/1_0" slope="0.00"/>
        <vehicle id="48" x="266.38" y="198.35" angle="90.00" type="DEFAULT_VEHTYPE" speed="13.73" pos="61.63" lane="1/1to2/1_0" slope="0.00"/>
        <vehicle id="49" x="398.35" y="531.80" angle="0.00" type="DEFAULT_VEHTYPE" speed="13.84" pos="63.45" lane="2/3to2/2_0" slope="0.00"/>
        <vehicle id="5" x="258.52" y="201.65" angle="-90.00" type="DEFAULT_VEHTYPE" speed="13.57" pos="136.73" lane="2/1to1/1_0" slope="0.00"/>
        <vehicle id="6" x="398.35" y="667.46" angle="0.00" type="DEFAULT_VEHTYPE" speed="13.23" pos="132.54" lane="2/4to2/3_0" slope="0.00"/>
        <vehicle id="7" x="192.41" y="398.35" angle="90.00" type="DEFAULT_VEHTYPE" speed="0.76" pos="192.41" lane="0/2to1/2_0" slope="0.00"/>
        <vehicle id="8" x="198.35" y="92.52" angle="0.00" type="DEFAULT_VEHTYPE" speed="13.56" pos="102.73" lane="1/1to1/0_0" slope="0.00"/>
        <vehicle id="9" x="134.61" y="201.65" angle="-90.00" type="DEFAULT_VEHTYPE" speed="13.12" pos="60.64" lane="1/1to0/1_0" slope="0.00"/>
    </timestep>
    <timestep time="700.00">
        <vehicle id="0" x="405.98" y="198.35" angle="90.00" type="DEFAULT_VEHTYPE" speed="7.08" pos="1.23" lane="2/1to3/1_0" slope="0.00"/>
        <vehicle id="10" x="721.54" y="198.35" angle="90.00" type="DEFAULT_VEHTYPE" speed="12.91" pos="116.79" lane="3/1to4/1_0" slope="0.00"/>
        <vehicle id="11" x="378.67" y="598.35" angle="90.00" type="DEFAULT_VEHTYPE" speed="10.00" pos="173.92" lane="1/3to2/3_0" slope="0.00"/>
        <vehicle id="15" x="624.45" y="198.35" angle="90.00" type="DEFAULT_VEHTYPE" speed="12.26" pos="19.70" lane="3/1to4/1_0" slope="0.00"/>
        <vehicle id="16" x="401.43" y="603.23" angle="147.29" type="DEFAULT_VEHTYPE" speed="7.62" pos="8.79" lane=":2/3_14_0" slope="0.00"/>
        <vehicle id="17" x="401.65" y="697.53" angle="180.00" type="DEFAULT_VEHTYPE" speed="13.50" pos="92.78" lane="2/3to2/4_0" slope="0.00"/>
        <vehicle id="18" x="736.52" y="598.35" angle="90.00" type="DEFAULT_VEHTYPE" speed="13.37" pos="131.77" lane="3/3to4/3_0" slope="0.00"/>
        <vehicle id="2" x="281.32" y="401.65" angle="-90.00" type="DEFAULT_VEHTYPE" speed="13.76" pos="113.93" lane="2/2to1/2_0" slope="0.00"/>
        <vehicle id="24" x="122.82" y="398.35" angle="90.00" type="DEFAULT_VEHTYPE" speed="12.70" pos="122.82" lane="0/2to1/2_0" slope="0.00"/>
        <vehicle id="28" x="601.65" y="363.31" angle="180.00" type="DEFAULT_VEHTYPE" speed="12.81" pos="158.56" lane="3/1to3/2_0" slope="0.00"/>
        <vehicle id="29" x="398.35" y="146.52" angle="0.00" type="DEFAULT_VEHTYPE" speed="13.76" pos="48.73" lane="2/1to2/0_0" slope="0.00"/>
        <vehicle id="3" x="727.14" y="601.65" angle="-90.00" type="DEFAULT_VEHTYPE" speed="13.69" pos="72.86" lane="4/3to3/3_0" slope="0.00"/>
        <vehicle id="33" x="328.94" y="198.35" angle="90.00" type="DEFAULT_VEHTYPE" speed="13.72" pos="124.19" lane="1/1to2/1_0" slope="0.00"/>
        <vehicle id="37" x="398.35" y="363.71" angle="0.00" type="DEFAULT_VEHTYPE" speed="13.27" pos="31.54" lane="2/2to2/1_0" slope="0.00"/>
        <vehicle id="39" x="598.35" y="479.43" angle="0.00" type="DEFAULT_VEHTYPE" speed="13.03" pos="115.82" lane="3/3to3/2_0" slope="0.00"/>
        <vehicle id="40" x="672.95" y="201.65" angle="-90.00" type="DEFAULT_VEHTYPE" speed="13.06" pos="127.05" lane="4/1to3/1_0" slope="0.00"/>
        <vehicle id="42" x="201.65" y="403.15" angle="180.00" type="DEFAULT_VEHTYPE" speed="12.75" pos="7.90" lane=":1/2_9_0" slope="0.00"/>
        <vehicle id="43" x="331.46" y="401.65" angle="-90.00" type="DEFAULT_VEHTYPE" speed="13.17" pos="63.79" lane="2/2to1/2_0" slope="0.00"/>
        <vehicle id="44" x="477.42" y="198.35" angle="90.00" type="DEFAULT_VEHTYPE" speed="12.65" pos="72.67" lane="2/1to3/1_0" slope="0.00"/>
        <vehicle id="48" x="279.71" y="198.35" angle="90.00" type="DEFAULT_VEHTYPE" speed="13.33" pos="74.96" lane="1/1to2/1_0" slope="0.00"/>
        <vehicle id="49" x="398.35" y="518.21" angle="0.00" type="DEFAULT_VEHTYPE" speed="13.59" pos="77.04" lane="2/3to2/2_0" slope="0.00"/>
        <vehicle id="5" x="245.84" y="201.65" angle="-90.00" type="DEFAULT_VEHTYPE" speed="12.68" pos="149.41" lane="2/1to1/1_0" slope="0.00"/>
        <vehicle id="6" x="398.35" y="654.50" angle="0.00" type="DEFAULT_VEHTYPE" speed="12.96" pos="145.50" lane="2/4to2/3_0" slope="0.00"/>
        <vehicle id="7" x="192.67" y="398.35" angle="90.00" type="DEFAULT_VEHTYPE" speed="0.26" pos="192.67" lane="0/2to1/2_0" slope="0.00"/>
        <vehicle id="8" x="198.35" y="79.10" angle="0.00" type="DEFAULT_VEHTYPE" speed="13.43" pos="116.15" lane="1/1to1/0_0" slope="0.00"/>
        <vehicle id="9" x="121.66" y="201.65" angle="-90.00" type="DEFAULT_VEHTYPE" speed="12.95" pos="73.59" lane="1/1to0/1_0" slope="0.00"/>
    </timestep>
    <timestep time="701.00">
        <vehicle id="0" x="414.55" y="198.35" angle="90.00" type="DEFAULT_VEHTYPE" speed="8.56" pos="9.80" lane="2/1to3/1_0" slope="0.00"/>
        <vehicle id="10" x="734.92" y="198.35" angle="90.00" type="DEFAULT_VEHTYPE" speed="13.38" pos="130.17" lane="3/1to4/1_0" slope="0.00"/>
        <vehicle id="11" x="385.78" y="598.35" angle="90.00" type="DEFAULT_VEHTYPE" speed="7.11" pos="181.03" lane="1/3to2/3_0" slope="0.00"/>
        <vehicle id="15" x="637.57" y="198.35" angle="90.00" type="DEFAULT_VEHTYPE" speed="13.12" pos="32.82" lane="3/1to4/1_0" slope="0.00"/>
        <vehicle id="16" x="401.65" y="613.05" angle="180.00" type="DEFAULT_VEHTYPE" speed="9.83" pos="8.30" lane="2/3to2/4_0" slope="0.00"/>
        <vehicle id="17" x="401.65" y="710.98" angle="180.00" type="DEFAULT_VEHTYPE" speed="13.45" pos="106.23" lane="2/3to2/4_0" slope="0.00"/>
        <vehicle id="18" x="750.00" y="598.35" angle="90.00" type="DEFAULT_VEHTYPE" speed="13.48" pos="145.25" lane="3/3to4/3_0" slope="0.00"/>
        <vehicle id="2" x="267.98" y="401.65" angle="-90.00" type="DEFAULT_VEHTYPE" speed="13.34" pos="127.27" lane="2/2to1/2_0" slope="0.00"/>
        <vehicle id="24" x="135.75" y="398.35" angle="90.00" type="DEFAULT_VEHTYPE" speed="12.92" pos="135.75" lane="0/2to1/2_0" slope="0.00"/>
        <vehicle id="28" x="601.65" y="376.10" angle="180.00" type="DEFAULT_VEHTYPE" speed="12.79" pos="171.35" lane="3/1to3/2_0" slope="0.00"/>
        <vehicle id="29" x="398.35" y="133.01" angle="0.00" type="DEFAULT_VEHTYPE" speed="13.51" pos="62.24" lane="2/1to2/0_0" slope="0.00"/>
        <vehicle id="3" x="713.62" y="601.65" angle="-90.00" type="DEFAULT_VEHTYPE" speed="13.51" pos="86.38" lane="4/3to3/3_0" slope="0.00"/>
        <vehicle id="33" x="341.68" y="198.35" angle="90.00" type="DEFAULT_VEHTYPE" speed="12.73" pos="136.93" lane="1/1to2/1_0" slope="0.00"/>
        <vehicle id="37" x="398.35" y="350.86" angle="0.00" type="DEFAULT_VEHTYPE" speed="12.85" pos="44.39" lane="2/2to2/1_0" slope="0.00"/>
        <vehicle id="39" x="598.35" y="465.62" angle="0.00" type="DEFAULT_VEHTYPE" speed="13.81" pos="129.63" lane="3/3to3/2_0" slope="0.00"/>
        <vehicle id="40" x="659.50" y="201.65" angle="-90.00" type="DEFAULT_VEHTYPE" speed="13.45" pos="140.50" lane="4/1to3/1_0" slope="0.00"/>
        <vehicle id="42" x="201.65" y="416.40" angle="180.00" type="DEFAULT_VEHTYPE" speed="13.25" pos="11.65" lane="1/2to1/3_0" slope="0.00"/>
        <vehicle id="43" x="317.77" y="401.65" angle="-90.00" type="DEFAULT_VEHTYPE" speed="13.69" pos="77.48" lane="2/2to1/2_0" slope="0.00"/>
        <vehicle id="44" x="491.18" y="198.35" angle="90.00" type="DEFAULT_VEHTYPE" speed="13.76" pos="86.43" lane="2/1to3/1_0" slope="0.00"/>
        <vehicle id="48" x="292.94" y="198.35" angle="90.00" type="DEFAULT_VEHTYPE" speed="13.23" pos="88.19" lane="1/1to2/1_0" slope="0.00"/>
        <vehicle id="49" x="398.35" y="504.63" angle="0.00" type="DEFAULT_VEHTYPE" speed="13.58" pos="90.62" lane="2/3to2/2_0" slope="0.00"/>
        <vehicle id="5" x="232.08" y="201.65" angle="-90.00" type="DEFAULT_VEHTYPE" speed="13.76" pos="163.17" lane="2/1to1/1_0" slope="0.00"/>
        <vehicle id="6" x="398.35" y="641.48" angle="0.00" type="DEFAULT_VEHTYPE" speed="13.02" pos="158.52" lane="2/4to2/3_0" slope="0.00"/>
        <vehicle id="7" x="195.25" y="398.35" angle="90.00" type="DEFAULT_VEHTYPE" speed="2.58" pos="195.25" lane="0/2to1/2_0" slope="0.00"/>
        <vehicle id="8" x="198.35" y="66.14" angle="0.00" type="DEFAULT_VEHTYPE" speed="12.96" pos="129.11" lane="1/1to1/0_0" slope="0.00"/>
        <vehicle id="9" x="108.79" y="201.65" angle="-90.00" type="DEFAULT_VEHTYPE" speed="12.87" pos="86.46" lane="1/1to0/1_0" slope="0.00"/>
    </timestep>
    <timestep time="702.00">
        <vehicle id="0" x="425.58" y="198.35" angle="90.00" type="DEFAULT_VEHTYPE" speed="11.03" pos="20.83" lane="2/1to3/1_0" slope="0.00"/>
        <vehicle id="10" x="748.32" y="198.35" angle="90.00" type="DEFAULT_VEHTYPE" speed="13.40" pos="143.57" lane="3/1to4/1_0" slope="0.00"/>
        <vehicle id="11" x="389.93" y="598.35" angle="90.00" type="DEFAULT_VEHTYPE" speed="4.15" pos="185.18" lane="1/3to2/3_0" slope="0.00"/>
        <vehicle id="15" x="651.25" y="198.35" angle="90.00" type="DEFAULT_VEHTYPE" speed="13.68" pos="46.50" lane="3/1to4/1_0" slope="0.00"/>
        <vehicle id="16" x="401.65" y="625.47" angle="180.00" type="DEFAULT_VEHTYPE" speed="12.42" pos="20.72" lane="2/3to2/4_0" slope="0.00"/>
        <vehicle id="17" x="401.65" y="723.88" angle="180.00" type="DEFAULT_VEHTYPE" speed="12.90" pos="119.13" lane="2/3to2/4_0" slope="0.00"/>
        <vehicle id="18" x="763.51" y="598.35" angle="90.00" type="DEFAULT_VEHTYPE" speed="13.51" pos="158.76" lane="3/3to4/3_0" slope="0.00"/>
        <vehicle id="2" x="255.15" y="401.65" angle="-90.00" type="DEFAULT_VEHTYPE" speed="12.83" pos="140.10" lane="2/2to1/2_0" slope="0.00"/>
        <vehicle id="24" x="149.28" y="398.35" angle="90.00" type="DEFAULT_VEHTYPE" speed="13.53" pos="149.28" lane="0/2to1/2_0" slope="0.00"/>
        <vehicle id="28" x="601.65" y="388.97" angle="180.00" type="DEFAULT_VEHTYPE" speed="12.86" pos="184.22" lane="3/1to3/2_0" slope="0.00"/>
        <vehicle id="29" x="398.35" y="120.01" angle="0.00" type="DEFAULT_VEHTYPE" speed="13.00" pos="75.24" lane="2/1to2/0_0" slope="0.00"/>
        <vehicle id="3" x="699.86" y="601.65" angle="-90.00" type="DEFAULT_VEHTYPE" speed="13.76" pos="100.14" lane="4/3to3/3_0" slope="0.00"/>
        <vehicle id="33" x="354.83" y="198.35" angle="90.00" type="DEFAULT_VEHTYPE" speed="13.16" pos="150.08" lane="1/1to2/1_0" slope="0.00"/>
        <vehicle id="37" x="398.35" y="337.49" angle="0.00" type="DEFAULT_VEHTYPE" speed="13.37" pos="57.76" lane="2/2to2/1_0" slope="0.00"/>
        <vehicle id="39" x="598.35" y="452.09" angle="0.00" type="DEFAULT_VEHTYPE" speed="13.53" pos="143.16" lane="3/3to3/2_0" slope="0.00"/>
        <vehicle id="40" x="646.33" y="201.65" angle="-90.00" type="DEFAULT_VEHTYPE" speed="13.17" pos="153.67" lane="4/1to3/1_0" slope="0.00"/>
        <vehicle id="42" x="201.65" y="429.13" angle="180.00" type="DEFAULT_VEHTYPE" speed="12.73" pos="24.38" lane="1/2to1/3_0" slope="0.00"/>
        <vehicle id="43" x="304.99" y="401.65" angle="-90.00" type="DEFAULT_VEHTYPE" speed="12.77" pos="90.26" lane="2/2to1/2_0" slope="0.00"/>
        <vehicle id="44" x="504.64" y="198.35" angle="90.00" type="DEFAULT_VEHTYPE" speed="13.46" pos="99.89" lane="2/1to3/1_0" slope="0.00"/>
        <vehicle id="48" x="306.42" y="198.35" angle="90.00" type="DEFAULT_VEHTYPE" speed="13.49" pos="101.67" lane="1/1to2/1_0" slope="0.00"/>
        <vehicle id="49" x="398.35" y="490.96" angle="0.00" type="DEFAULT_VEHTYPE" speed="13.67" pos="104.29" lane="2/3to2/2_0" slope="0.00"/>
        <vehicle id="5" x="222.21" y="201.65" angle="-90.00" type="DEFAULT_VEHTYPE" speed="9.87" pos="173.04" lane="2/1to1/1_0" slope="0.00"/>
        <vehicle id="6" x="398.35" y="628.38" angle="0.00" type="DEFAULT_VEHTYPE" speed="13.09" pos="171.62" lane="2/4to2/3_0" slope="0.00"/>
        <vehicle id="7" x="199.68" y="399.73" angle="106.33" type="DEFAULT_VEHTYPE" speed="4.73" pos="4.73" lane=":1/2_14_0" slope="0.00"/>
        <vehicle id="8" x="198.35" y="52.39" angle="0.00" type="DEFAULT_VEHTYPE" speed="13.75" pos="142.86" lane="1/1to1/0_0" slope="0.00"/>
        <vehicle id="9" x="95.89" y="201.65" angle="-90.00" type="DEFAULT_VEHTYPE" speed="12.90" pos="99.36" lane="1/1to0/1_0" slope="0.00"/>
    </timestep>
    <timestep time="703.00">
        <vehicle id="0" x="438.75" y="198.35" angle="90.00" type="DEFAULT_VEHTYPE" speed="13.17" pos="34.00" lane="2/1to3/1_0" slope="0.00"/>
        <vehicle id="10" x="761.81" y="198.35" angle="90.00" type="DEFAULT_VEHTYPE" speed="13.49" pos="157.06" lane="3/1to4/1_0" slope="0.00"/>
        <vehicle id="11" x="391.98" y="598.35" angle="90.00" type="DEFAULT_VEHTYPE" speed="2.05" pos="187.23" lane="1/3to2/3_0" slope="0.00"/>
        <vehicle id="15" x="664.67" y="198.35" angle="90.00" type="DEFAULT_VEHTYPE" speed="13.42" pos="59.92" lane="3/1to4/1_0" slope="0.00"/>
        <vehicle id="16" x="401.65" y="639.20" angle="180.00" type="DEFAULT_VEHTYPE" speed="13.73" pos="34.45" lane="2/3to2/4_0" slope="0.00"/>
        <vehicle id="17" x="401.65" y="736.83" angle="180.00" type="DEFAULT_VEHTYPE" speed="12.95" pos="132.08" lane="2/3to2/4_0" slope="0.00"/>
        <vehicle id="18" x="776.83" y="598.35" angle="90.00" type="DEFAULT_VEHTYPE" speed="13.32" pos="172.08" lane="3/3to4/3_0" slope="0.00"/>
        <vehicle id="2" x="241.50" y="401.65" angle="-90.00" type="DEFAULT_VEHTYPE" speed="13.65" pos="153.75" lane="2/2to1/2_0" slope="0.00"/>
        <vehicle id="24" x="162.01" y="398.35" angle="90.00" type="DEFAULT_VEHTYPE" speed="12.73" pos="162.01" lane="0/2to1/2_0" slope="0.00"/>
        <vehicle id="28" x="601.65" y="402.05" angle="180.00" type="DEFAULT_VEHTYPE" speed="13.09" pos="6.80" lane=":3/2_9_0" slope="0.00"/>
        <vehicle id="29" x="398.35" y="106.91" angle="0.00" type="DEFAULT_VEHTYPE" speed="13.10" pos="88.34" lane="2/1to2/0_0" slope="0.00"/>
        <vehicle id="3" x="687.08" y="601.65" angle="-90.00" type="DEFAULT_VEHTYPE" speed="12.78" pos="112.92" lane="4/3to3/3_0" slope="0.00"/>
        <vehicle id="33" x="368.03" y="198.35" angle="90.00" type="DEFAULT_VEHTYPE" speed="13.20" pos="163.28" lane="1/1to2/1_0" slope="0.00"/>
        <vehicle id="37" x="398.35" y="323.69" angle="0.00" type="DEFAULT_VEHTYPE" speed="13.79" pos="71.56" lane="2/2to2/1_0" slope="0.00"/>
        <vehicle id="39" x="598.35" y="438.25" angle="0.00" type="DEFAULT_VEHTYPE" speed="13.84" pos="157.00" lane="3/3to3/2_0" slope="0.00"/>
        <vehicle id="40" x="633.34" y="201.65" angle="-90.00" type="DEFAULT_VEHTYPE" speed="12.99" pos="166.66" lane="4/1to3/1_0" slope="0.00"/>
        <vehicle id="42" x="201.65" y="442.82" angle="180.00" type="DEFAULT_VEHTYPE" speed="13.69" pos="38.07" lane="1/2to1/3_0" slope="0.00"/>
        <vehicle id="43" x="291.55" y="401.65" angle="-90.00" type="DEFAULT_VEHTYPE" speed="13.45" pos="103.70" lane="2/2to1/2_0" slope="0.00"/>
        <vehicle id="44" x="517.44" y="198.35" angle="90.00" type="DEFAULT_VEHTYPE" speed="12.80" pos="112.69" lane="2/1to3/1_0" slope="0.00"/>
        <vehicle id="48" x="320.00" y="198.35" angle="90.00" type="DEFAULT_VEHTYPE" speed="13.58" pos="115.25" lane="1/1to2/1_0" slope="0.00"/>
        <vehicle id="49" x="398.35" y="477.73" angle="0.00" type="DEFAULT_VEHTYPE" speed="13.23" pos="117.52" lane="2/3to2/2_0" slope="0.00"/>
        <vehicle id="5" x="214.77" y="201.65" angle="-90.00" type="DEFAULT_VEHTYPE" speed="7.44" pos="180.48" lane="2/1to1/1_0" slope="0.00"/>
        <vehicle id="6" x="398.35" y="615.19" angle="0.00" type="DEFAULT_VEHTYPE" speed="13.19" pos="184.81" lane="2/4to2/3_0" slope="0.00"/>
        <vehicle id="7" x="201.65" y="405.37" angle="165.84" type="DEFAULT_VEHTYPE" speed="6.21" pos="0.62" lane="1/2to1/3_0" slope="0.00"/>
        <vehicle id="8" x="198.35" y="39.21" angle="0.00" type="DEFAULT_VEHTYPE" speed="13.18" pos="156.04" lane="1/1to1/0_0" slope="0.00"/>
        <vehicle id="9" x="83.26" y="201.65" angle="-90.00" type="DEFAULT_VEHTYPE" speed="12.62" pos="111.99" lane="1/1to0/1_0" slope="0.00"/>
    </timestep>
    <timestep time="704.00">
        <vehicle id="0" x="452.00" y="198.35" angle="90.00" type="DEFAULT_VEHTYPE" speed="13.24" pos="47.25" lane="2/1to3/1_0" slope="0.00"/>
        <vehicle id="10" x="775.40" y="198.35" angle="90.00" type="DEFAULT_VEHTYPE" speed="13.59" pos="170.65" lane="3/1to4/1_0" slope="0.00"/>
        <vehicle id="11" x="392.64" y="598.35" angle="90.00" type="DEFAULT_VEHTYPE" speed="0.66" pos="187.89" lane="1/3to2/3_0" slope="0.00"/>
        <vehicle id="15" x="677.96" y="198.35" angle="90.00" type="DEFAULT_VEHTYPE" speed="13.29" pos="73.21" lane="3/1to4/1_0" slope="0.00"/>
        <vehicle id="16" x="401.65" y="651.94" angle="180.00" type="DEFAULT_VEHTYPE" speed="12.74" pos="47.19" lane="2/3to2/4_0" slope="0.00"/>
        <vehicle id="17" x="401.65" y="750.44" angle="180.00" type="DEFAULT_VEHTYPE" speed="13.61" pos="145.69" lane="2/3to2/4_0" slope="0.00"/>
        <vehicle id="18" x="790.04" y="598.35" angle="90.00" type="DEFAULT_VEHTYPE" speed="13.21" pos="185.29" lane="3/3to4/3_0" slope="0.00"/>
        <vehicle id="2" x="228.30" y="401.65" angle="-90.00" type="DEFAULT_VEHTYPE" speed="13.20" pos="166.95" lane="2/2to1/2_0" slope="0.00"/>
        <vehicle id="24" x="173.55" y="398.35" angle="90.00" type="DEFAULT_VEHTYPE" speed="11.54" pos="173.55" lane="0/2to1/2_0" slope="0.00"/>
        <vehicle id="28" x="601.65" y="414.73" angle="180.00" type="DEFAULT_VEHTYPE" speed="12.67" pos="9.98" lane="3/2to3/3_0" slope="0.00"/>
        <vehicle id="29" x="398.35" y="93.10" angle="0.00" type="DEFAULT_VEHTYPE" speed="13.81" pos="102.15" lane="2/1to2/0_0" slope="0.00"/>
        <vehicle id="3" x="673.74" y="601.65" angle="-90.00" type="DEFAULT_VEHTYPE" speed="13.35" pos="126.26" lane="4/3to3/3_0" slope="0.00"/>
        <vehicle id="33" x="378.83" y="198.35" angle="90.00" type="DEFAULT_VEHTYPE" speed="10.79" pos="174.08" lane="1/1to2/1_0" slope="0.00"/>
        <vehicle id="37" x="398.35" y="310.21" angle="0.00" type="DEFAULT_VEHTYPE" speed="13.48" pos="85.04" lane="2/2to2/1_0" slope="0.00"/>
        <vehicle id="39" x="598.35" y="425.50" angle="0.00" type="DEFAULT_VEHTYPE" speed="12.74" pos="169.75" lane="3/3to3/2_0" slope="0.00"/>
        <vehicle id="40" x="621.88" y="201.65" angle="-90.00" type="DEFAULT_VEHTYPE" speed="11.46" pos="178.12" lane="4/1to3/1_0" slope="0.00"/>
        <vehicle id="42" x="201.65" y="455.86" angle="180.00" type="DEFAULT_VEHTYPE" speed="13.04" pos="51.11" lane="1/2to1/3_0" slope="0.00"/>
        <vehicle id="43" x="277.88" y="401.65" angle="-90.00" type="DEFAULT_VEHTYPE" speed="13.67" pos="117.37" lane="2/2to1/2_0" slope="0.00"/>
        <vehicle id="44" x="531.06" y="198.35" angle="90.00" type="DEFAULT_VEHTYPE" speed="13.63" pos="126.31" lane="2/1to3/1_0" slope="0.00"/>
        <vehicle id="48" x="333.18" y="198.35" angle="90.00" type="DEFAULT_VEHTYPE" speed="13.18" pos="128.43" lane="1/1to2/1_0" slope="0.00"/>
        <vehicle id="49" x="398.35" y="464.19" angle="0.00" type="DEFAULT_VEHTYPE" speed="13.53" pos="131.06" lane="2/3to2/2_0" slope="0.00"/>
        <vehicle id="5" x="210.00" y="201.65" angle="-90.00" type="DEFAULT_VEHTYPE" speed="4.77" pos="185.25" lane="2/1to1/1_0" slope="0.00"/>
        <vehicle id="6" x="398.35" y="602.22" angle="0.00" type="DEFAULT_VEHTYPE" speed="12.97" pos="2.53" lane=":2/3_1_0" slope="0.00"/>
        <vehicle id="7" x="201.65" y="413.80" angle="180.00" type="DEFAULT_VEHTYPE" speed="8.43" pos="9.05" lane="1/2to1/3_0" slope="0.00"/>
        <vehicle id="8" x="198.35" y="25.47" angle="0.00" type="DEFAULT_VEHTYPE" speed="13.75" pos="169.78" lane="1/1to1/0_0" slope="0.00"/>
        <vehicle id="9" x="70.38" y="201.65" angle="-90.00" type="DEFAULT_VEHTYPE" speed="12.88" pos="124.87" lane="1/1to0/1_0" slope="0.00"/>
    </timestep>
    <timestep time="705.00">
        <vehicle id="0" x="464.94" y="198.35" angle="90.00" type="DEFAULT_VEHTYPE" speed="12.94" pos="60.19" lane="2/1to3/1_0" slope="0.00"/>
        <vehicle id="10" x="788.81" y="198.35" angle="90.00" type="DEFAULT_VEHTYPE" speed="13.41" pos="184.06" lane="3/1to4/1_0" slope="0.00"/>
        <vehicle id="11" x="392.71" y="598.35" angle="90.00" type="DEFAULT_VEHTYPE" speed="0.08" pos="187.96" lane="1/3to2/3_0" slope="0.00"/>
        <vehicle id="15" x="691.20" y="198.35" angle="90.00" type="DEFAULT_VEHTYPE" speed="13.24" pos="86.45" lane="3/1to4/1_0" slope="0.00"/>
        <vehicle id="16" x="401.65" y="665.70" angle="180.00" type="DEFAULT_VEHTYPE" speed="13.76" pos="60.95" lane="2/3to2/4_0" slope="0.00"/>
        <vehicle id="17" x="401.65" y="764.25" angle="180.00" type="DEFAULT_VEHTYPE" speed="13.81" pos="159.50" lane="2/3to2/4_0" slope="0.00"/>
        <vehicle id="18" x="801.25" y="600.81" angle="130.00" type="DEFAULT_VEHTYPE" speed="13.27" pos="3.31" lane=":4/3_0_0" slope="0.00"/>
        <vehicle id="2" x="219.51" y="401.65" angle="-90.00" type="DEFAULT_VEHTYPE" speed="8.79" pos="175.74" lane="2/2to1/2_0" slope="0.00"/>
        <vehicle id="24" x="181.87" y="398.35" angle="90.00" type="DEFAULT_VEHTYPE" speed="8.32" pos="181.87" lane="0/2to1/2_0" slope="0.00"/>
        <vehicle id="28" x="601.65" y="428.27" angle="180.00" type="DEFAULT_VEHTYPE" speed="13.54" pos="23.52" lane="3/2to3/3_0" slope="0.00"/>
        <vehicle id="29" x="398.35" y="80.19" angle="0.00" type="DEFAULT_VEHTYPE" speed="12.91" pos="115.06" lane="2/1to2/0_0" slope="0.00"/>
        <vehicle id="3" x="660.70" y="601.65" angle="-90.00" type="DEFAULT_VEHTYPE" speed="13.03" pos="139.30" lane="4/3to3/3_0" slope="0.00"/>
        <vehicle id="33" x="385.25" y="198.35" angle="90.00" type="DEFAULT_VEHTYPE" speed="6.43" pos="180.50" lane="1/1to2/1_0" slope="0.00"/>
        <vehicle id="37" x="398.35" y="297.41" angle="0.00" type="DEFAULT_VEHTYPE" speed="12.80" pos="97.84" lane="2/2to2/1_0" slope="0.00"/>
        <vehicle id="39" x="598.35" y="412.21" angle="0.00" type="DEFAULT_VEHTYPE" speed="13.30" pos="183.04" lane="3/3to3/2_0" slope="0.00"/>
        <vehicle id="40" x="614.92" y="201.65" angle="-90.00" type="DEFAULT_VEHTYPE" speed="6.96" pos="185.08" lane="4/1to3/1_0" slope="0.00"/>
        <vehicle id="42" x="201.65" y="468.90" angle="180.00" type="DEFAULT_VEHTYPE" speed="13.04" pos="64.15" lane="1/2to1/3_0" slope="0.00"/>
        <vehicle id="43" x="265.26" y="401.65" angle="-90.00" type="DEFAULT_VEHTYPE" speed="12.62" pos="129.99" lane="2/2to1/2_0" slope="0.00"/>
        <vehicle id="44" x="543.91" y="198.35" angle="90.00" type="DEFAULT_VEHTYPE" speed="12.85" pos="139.16" lane="2/1to3/1_0" slope="0.00"/>
        <vehicle id="48" x="346.21" y="198.35" angle="90.00" type="DEFAULT_VEHTYPE" speed="13.03" pos="141.46" lane="1/1to2/1_0" slope="0.00"/>
        <vehicle id="49" x="398.35" y="451.07" angle="0.00" type="DEFAULT_VEHTYPE" speed="13.12" pos="144.18" lane="2/3to2/2_0" slope="0.00"/>
        <vehicle id="5" x="203.56" y="201.82" angle="-91.91" type="DEFAULT_VEHTYPE" speed="6.45" pos="1.20" lane=":1/1_4_0" slope="0.00"/>
        <vehicle id="6" x="398.35" y="589.42" angle="0.00" type="DEFAULT_VEHTYPE" speed="12.80" pos="5.83" lane="2/3to2/2_0" slope="0.00"/>
        <vehicle id="7" x="201.65" y="424.31" angle="180.00" type="DEFAULT_VEHTYPE" speed="10.51" pos="19.56" lane="1/2to1/3_0" slope="0.00"/>
        <vehicle id="8" x="198.35" y="11.83" angle="0.00" type="DEFAULT_VEHTYPE" speed="13.63" pos="183.42" lane="1/1to1/0_0" slope="0.00"/>
        <vehicle id="9" x="57.74" y="201.65" angle="-90.00" type="DEFAULT_VEHTYPE" speed="12.65" pos="137.51" lane="1/1to0/1_0" slope="0.00"/>
    </timestep>
    <timestep time="706.00">
        <vehicle id="0" x="478.58" y="198.35" angle="90.00" type="DEFAULT_VEHTYPE" speed="13.64" pos="73.83" lane="2/1to3/1_0" slope="0.00"/>
        <vehicle id="10" x="801.22" y="199.16" angle="99.63" type="DEFAULT_VEHTYPE" speed="12.65" pos="1.46" lane=":4/1_0_0" slope="0.00"/>
        <vehicle id="11" x="395.36" y="598.37" angle="90.17" type="DEFAULT_VEHTYPE" speed="2.64" pos="0.11" lane=":2/3_14_0" slope="0.00"/>
        <vehicle id="15" x="704.19" y="198.35" angle="90.00" type="DEFAULT_VEHTYPE" speed="12.99" pos="99.44" lane="3/1to4/1_0" slope="0.00"/>
        <vehicle id="16" x="401.65" y="678.93" angle="180.00" type="DEFAULT_VEHTYPE" speed="13.23" pos="74.18" lane="2/3to2/4_0" slope="0.00"/>
        <vehicle id="17" x="401.65" y="777.64" angle="180.00" type="DEFAULT_VEHTYPE" speed="13.39" pos="172.89" lane="2/3to2/4_0" slope="0.00"/>
        <vehicle id="18" x="787.74" y="601.65" angle="-90.00" type="DEFAULT_VEHTYPE" speed="13.77" pos="12.26" lane="4/3to3/3_0" slope="0.00"/>
        <vehicle id="2" x="213.62" y="401.65" angle="-90.00" type="DEFAULT_VEHTYPE" speed="5.89" pos="181.63" lane="2/2to1/2_0" slope="0.00"/>
        <vehicle id="24" x="187.00" y="398.35" angle="90.00" type="DEFAULT_VEHTYPE" speed="5.13" pos="187.00" lane="0/2to1/2_0" slope="0.00"/>
        <vehicle id="28" x="601.65" y="441.89" angle="180.00" type="DEFAULT_VEHTYPE" speed="13.63" pos="37.14" lane="3/2to3/3_0" slope="0.00"/>
        <vehicle id="29" x="398.35" y="67.15" angle="0.00" type="DEFAULT_VEHTYPE" speed="13.05" pos="128.10" lane="2/1to2/0_0" slope="0.00"/>
        <vehicle id="3" x="647.58" y="601.65" angle="-90.00" type="DEFAULT_VEHTYPE" speed="13.12" pos="152.42" lane="4/3to3/3_0" slope="0.00"/>
        <vehicle id="33" x="388.94" y="198.35" angle="90.00" type="DEFAULT_VEHTYPE" speed="3.69" pos="184.19" lane="1/1to2/1_0" slope="0.00"/>
        <vehicle id="37" x="398.35" y="283.74" angle="0.00" type="DEFAULT_VEHTYPE" speed="13.67" pos="111.51" lane="2/2to2/1_0" slope="0.00"/>
        <vehicle id="39" x="594.88" y="401.65" angle="-51.30" type="DEFAULT_VEHTYPE" speed="12.82" pos="0.37" lane="3/2to2/2_0" slope="0.00"/>
        <vehicle id="40" x="611.20" y="201.65" angle="-90.00" type="DEFAULT_VEHTYPE" speed="3.73" pos="188.80" lane="4/1to3/1_0" slope="0.00"/>
        <vehicle id="42" x="201.65" y="482.59" angle="180.00" type="DEFAULT_VEHTYPE" speed="13.69" pos="77.84" lane="1/2to1/3_0" slope="0.00"/>
        <vehicle id="43" x="252.54" y="401.65" angle="-90.00" type="DEFAULT_VEHTYPE" speed="12.72" pos="142.71" lane="2/2to1/2_0" slope="0.00"/>
        <vehicle id="44" x="556.67" y="198.35" angle="90.00" type="DEFAULT_VEHTYPE" speed="12.75" pos="151.92" lane="2/1to3/1_0" slope="0.00"/>
        <vehicle id="48" x="359.95" y="198.35" angle="90.00" type="DEFAULT_VEHTYPE" speed="13.73" pos="155.20" lane="1/1to2/1_0" slope="0.00"/>
        <vehicle id="49" x="398.35" y="438.34" angle="0.00" type="DEFAULT_VEHTYPE" speed="12.73" pos="156.91" lane="2/3to2/2_0" slope="0.00"/>
        <vehicle id="5" x="201.65" y="208.89" angle="-178.64" type="DEFAULT_VEHTYPE" speed="7.94" pos="4.14" lane="1/1to1/2_0" slope="0.00"/>
        <vehicle id="6" x="398.35" y="575.64" angle="0.00" type="DEFAULT_VEHTYPE" speed="13.78" pos="19.61" lane="2/3to2/2_0" slope="0.00"/>
        <vehicle id="7" x="201.65" y="436.40" angle="180.00" type="DEFAULT_VEHTYPE" speed="12.09" pos="31.65" lane="1/2to1/3_0" slope="0.00"/>
        <vehicle id="8" x="198.88" y="-0.81" angle="6.29" type="DEFAULT_VEHTYPE" speed="12.80" pos="0.97" lane=":1/0_0_0" slope="0.00"/>
        <vehicle id="9" x="44.39" y="201.65" angle="-90.00" type="DEFAULT_VEHTYPE" speed="13.35" pos="150.86" lane="1/1to0/1_0" slope="0.00"/>
    </timestep>
    <timestep time="707.00">
        <vehicle id="0" x="491.90" y="198.35" angle="90.00" type="DEFAULT_VEHTYPE" speed="13.32" pos="87.15" lane="2/1to3/1_0" slope="0.00"/>
        <vehicle id="10" x="790.58" y="201.65" angle="-90.00" type="DEFAULT_VEHTYPE" speed="12.78" pos="9.42" lane="4/1to3/1_0" slope="0.00"/>
        <vehicle id="11" x="399.34" y="599.52" angle="103.84" type="DEFAULT_VEHTYPE" speed="4.22" pos="4.33" lane=":2/3_14_0" slope="0.00"/>
        <vehicle id="15" x="717.25" y="198.35" angle="90.00" type="DEFAULT_VEHTYPE" speed="13.07" pos="112.50" lane="3/1to4/1_0" slope="0.00"/>
        <vehicle id="16" x="401.65" y="691.91" angle="180.00" type="DEFAULT_VEHTYPE" speed="12.98" pos="87.16" lane="2/3to2/4_0" slope="0.00"/>
        <vehicle id="17" x="401.65" y="791.12" angle="180.00" type="DEFAULT_VEHTYPE" speed="13.49" pos="186.37" lane="2/3to2/4_0" slope="0.00"/>
        <vehicle id="18" x="774.97" y="601.65" angle="-90.00" type="DEFAULT_VEHTYPE" speed="12.77" pos="25.03" lane="4/3to3/3_0" slope="0.00"/>
        <vehicle id="2" x="210.47" y="401.65" angle="-90.00" type="DEFAULT_VEHTYPE" speed="3.15" pos="184.78" lane="2/2to1/2_0" slope="0.00"/>
        <vehicle id="24" x="189.94" y="398.35" angle="90.00" type="DEFAULT_VEHTYPE" speed="2.93" pos="189.94" lane="0/2to1/2_0" slope="0.00"/>
        <vehicle id="28" x="601.65" y="454.87" angle="180.00" type="DEFAULT_VEHTYPE" speed="12.98" pos="50.12" lane="3/2to3/3_0" slope="0.00"/>
        <vehicle id="29" x="398.35" y="53.81" angle="0.00" type="DEFAULT_VEHTYPE" speed="13.33" pos="141.44" lane="2/1to2/0_0" slope="0.00"/>
        <vehicle id="3" x="634.77" y="601.65" angle="-90.00" type="DEFAULT_VEHTYPE" speed="12.81" pos="165.23" lane="4/3to3/3_0" slope="0.00"/>
        <vehicle id="33" x="394.21" y="198.35" angle="90.00" type="DEFAULT_VEHTYPE" speed="5.27" pos="189.46" lane="1/1to2/1_0" slope="0.00"/>
        <vehicle id="37" x="398.35" y="270.72" angle="0.00" type="DEFAULT_VEHTYPE" speed="13.02" pos="124.53" lane="2/2to2/1_0" slope="0.00"/>
        <vehicle id="39" x="582.21" y="401.65" angle="-90.00" type="DEFAULT_VEHTYPE" speed="12.67" pos="13.04" lane="3/2to2/2_0" slope="0.00"/>
        <vehicle id="40" x="605.07" y="201.65" angle="-90.00" type="DEFAULT_VEHTYPE" speed="6.13" pos="194.93" lane="4/1to3/1_0" slope="0.00"/>
        <vehicle id="42" x="201.65" y="495.55" angle="180.00" type="DEFAULT_VEHTYPE" speed="12.96" pos="90.80" lane="1/2to1/3_0" slope="0.00"/>
        <vehicle id="43" x="238.67" y="401.65" angle="-90.00" type="DEFAULT_VEHTYPE" speed="13.87" pos="156.58" lane="2/2to1/2_0" slope="0.00"/>
        <vehicle id="44" x="569.79" y="198.35" angle="90.00" type="DEFAULT_VEHTYPE" speed="13.12" pos="165.04" lane="2/1to3/1_0" slope="0.00"/>
        <vehicle id="48" x="369.18" y="198.35" angle="90.00" type="DEFAULT_VEHTYPE" speed="9.23" pos="164.43" lane="1/1to2/1_0" slope="0.00"/>
        <vehicle id="49" x="398.35" y="424.47" angle="0.00" type="DEFAULT_VEHTYPE" speed="13.87" pos="170.78" lane="2/3to2/2_0" slope="0.00"/>
        <vehicle id="5" x="201.65" y="218.50" angle="180.00" type="DEFAULT_VEHTYPE" speed="9.60" pos="13.75" lane="1/1to1/2_0" slope="0.00"/>
        <vehicle id="6" x="398.35" y="562.94" angle="0.00" type="DEFAULT_VEHTYPE" speed="12.70" pos="32.31" lane="2/3to2/2_0" slope="0.00"/>
        <vehicle id="7" x="201.65" y="449.41" angle="180.00" type="DEFAULT_VEHTYPE" speed="13.01" pos="44.66" lane="1/2to1/3_0" slope="0.00"/>
        <vehicle id="8" x="201.65" y="9.13" angle="180.00" type="DEFAULT_VEHTYPE" speed="12.98" pos="9.13" lane="1/0to1/1_0" slope="0.00"/>
        <vehicle id="9" x="31.18" y="201.65" angle="-90.00" type="DEFAULT_VEHTYPE" speed="13.21" pos="164.07" lane="1/1to0/1_0" slope="0.00"/>
    </timestep>
    <timestep time="708.00">
        <vehicle id="0" x="505.15" y="198.35" angle="90.00" type="DEFAULT_VEHTYPE" speed="13.25" pos="100.40" lane="2/1to3/1_0" slope="0.00"/>
        <vehicle id="10" x="776.84" y="201.65" angle="-90.00" type="DEFAULT_VEHTYPE" speed="13.74" pos="23.16" lane="4/1to3/1_0" slope="0.00"/>
        <vehicle id="11" x="401.65" y="604.93" angle="163.11" type="DEFAULT_VEHTYPE" speed="6.17" pos="0.18" lane="2/3to2/4_0" slope="0.00"/>
        <vehicle id="15" x="730.44" y="198.35" angle="90.00" type="DEFAULT_VEHTYPE" speed="13.19" pos="125.69" lane="3/1to4/1_0" slope="0.00"/>
        <vehicle id="16" x="401.65" y="705.44" angle="180.00" type="DEFAULT_VEHTYPE" speed="13.52" pos="100.69" lane="2/3to2/4_0" slope="0.00"/>
        <vehicle id="17" x="398.35" y="799.99" angle="-92.75" type="DEFAULT_VEHTYPE" speed="13.71" pos="0.01" lane="2/4to2/3_0" slope="0.00"/>
        <vehicle id="18" x="761.76" y="601.65" angle="-90.00" type="DEFAULT_VEHTYPE" speed="13.21" pos="38.24" lane="4/3to3/3_0" slope="0.00"/>
        <vehicle id="2" x="205.66" y="401.65" angle="-90.00" type="DEFAULT_VEHTYPE" speed="4.81" pos="189.59" lane="2/2to1/2_0" slope="0.00"/>
        <vehicle id="24" x="195.36" y="398.37" angle="90.18" type="DEFAULT_VEHTYPE" speed="5.42" pos="0.11" lane=":1/2_14_0" slope="0.00"/>
        <vehicle id="28" x="601.65" y="467.48" angle="180.00" type="DEFAULT_VEHTYPE" speed="12.60" pos="62.73" lane="3/2to3/3_0" slope="0.00"/>
        <vehicle id="29" x="398.35" y="40.92" angle="0.00" type="DEFAULT_VEHTYPE" speed="12.89" pos="154.33" lane="2/1to2/0_0" slope="0.00"/>
        <vehicle id="3" x="623.67" y="601.65" angle="-90.00" type="DEFAULT_VEHTYPE" speed="11.10" pos="176.33" lane="4/3to3/3_0" slope="0.00"/>
        <vehicle id="33" x="401.05" y="198.35" angle="90.00" type="DEFAULT_VEHTYPE" speed="6.84" pos="5.80" lane=":2/1_13_0" slope="0.00"/>
        <vehicle id="37" x="398.35" y="257.21" angle="0.00" type="DEFAULT_VEHTYPE" speed="13.51" pos="138.04" lane="2/2to2/1_0" slope="0.00"/>
        <vehicle id="39" x="569.40" y="401.65" angle="-90.00" type="DEFAULT_VEHTYPE" speed="12.81" pos="25.85" lane="3/2to2/2_0" slope="0.00"/>
        <vehicle id="40" x="601.65" y="206.97" angle="-167.81" type="DEFAULT_VEHTYPE" speed="7.54" pos="2.22" lane="3/1to3/2_0" slope="0.00"/>
        <vehicle id="42" x="201.65" y="508.95" angle="180.00" type="DEFAULT_VEHTYPE" speed="13.40" pos="104.20" lane="1/2to1/3_0" slope="0.00"/>
        <vehicle id="43" x="229.16" y="401.65" angle="-90.00" type="DEFAULT_VEHTYPE" speed="9.51" pos="166.09" lane="2/2to1/2_0" slope="0.00"/>
        <vehicle id="44" x="580.34" y="198.35" angle="90.00" type="DEFAULT_VEHTYPE" speed="10.55" pos="175.59" lane="2/1to3/1_0" slope="0.00"/>
        <vehicle id="48" x="378.69" y="198.35" angle="90.00" type="DEFAULT_VEHTYPE" speed="9.51" pos="173.94" lane="1/1to2/1_0" slope="0.00"/>
        <vehicle id="49" x="398.35" y="411.73" angle="0.00" type="DEFAULT_VEHTYPE" speed="12.74" pos="183.52" lane="2/3to2/2_0" slope="0.00"/>
        <vehicle id="5" x="201.65" y="230.42" angle="180.00" type="DEFAULT_VEHTYPE" speed="11.92" pos="25.67" lane="1/1to1/2_0" slope="0.00"/>
        <vehicle id="6" x="398.35" y="549.65" angle="0.00" type="DEFAULT_VEHTYPE" speed="13.29" pos="45.60" lane="2/3to2/2_0" slope="0.00"/>
        <vehicle id="7" x="201.65" y="462.70" angle="180.00" type="DEFAULT_VEHTYPE" speed="13.29" pos="57.95" lane="1/2to1/3_0" slope="0.00"/>
        <vehicle id="8" x="201.65" y="22.35" angle="180.00" type="DEFAULT_VEHTYPE" speed="13.23" pos="22.35" lane="1/0to1/1_0" slope="0.00"/>
        <vehicle id="9" x="18.58" y="201.65" angle="-90.00" type="DEFAULT_VEHTYPE" speed="12.60" pos="176.67" lane="1/1to0/1_0" slope="0.00"/>
    </timestep>
    <timestep time="709.00">
        <vehicle id="0" x="518.07" y="198.35" angle="90.00" type="DEFAULT_VEHTYPE" speed="12.92" pos="113.32" lane="2/1to3/1_0" slope="0.00"/>
        <vehicle id="10" x="763.44" y="201.65" angle="-90.00" type="DEFAULT_VEHTYPE" speed="13.40" pos="36.56" lane="4/1to3/1_0" slope="0.00"/>
        <vehicle id="11" x="401.65" y="612.59" angle="180.00" type="DEFAULT_VEHTYPE" speed="7.66" pos="7.84" lane="2/3to2/4_0" slope="0.00"/>
        <vehicle id="15" x="744.03" y="198.35" angle="90.00" type="DEFAULT_VEHTYPE" speed="13.59" pos="139.28" lane="3/1to4/1_0" slope="0.00"/>
        <vehicle id="16" x="401.65" y="719.00" angle="180.00" type="DEFAULT_VEHTYPE" speed="13.56" pos="114.25" lane="2/3to2/4_0" slope="0.00"/>
        <vehicle id="17" x="398.35" y="787.05" angle="0.00" type="DEFAULT_VEHTYPE" speed="12.94" pos="12.95" lane="2/4to2/3_0" slope="0.00"/>
        <vehicle id="18" x="748.08" y="601.65" angle="-90.00" type="DEFAULT_VEHTYPE" speed="13.68" pos="51.92" lane="4/3to3/3_0" slope="0.00"/>
        <vehicle id="2" x="199.77" y="399.74" angle="-67.70" type="DEFAULT_VEHTYPE" speed="6.43" pos="5.52" lane=":1/2_6_0" slope="0.00"/>
        <vehicle id="24" x="201.31" y="402.36" angle="138.24" type="DEFAULT_VEHTYPE" speed="7.80" pos="7.91" lane=":1/2_14_0" slope="0.00"/>
        <vehicle id="28" x="601.65" y="481.15" angle="180.00" type="DEFAULT_VEHTYPE" speed="13.67" pos="76.40" lane="3/2to3/3_0" slope="0.00"/>
        <vehicle id="29" x="398.35" y="27.74" angle="0.00" type="DEFAULT_VEHTYPE" speed="13.17" pos="167.51" lane="2/1to2/0_0" slope="0.00"/>
        <vehicle id="3" x="615.82" y="601.65" angle="-90.00" type="DEFAULT_VEHTYPE" speed="7.85" pos="184.18" lane="4/3to3/3_0" slope="0.00"/>
        <vehicle id="33" x="410.01" y="198.35" angle="90.00" type="DEFAULT_VEHTYPE" speed="8.96" pos="5.26" lane="2/1to3/1_0" slope="0.00"/>
        <vehicle id="37" x="398.35" y="243.49" angle="0.00" type="DEFAULT_VEHTYPE" speed="13.72" pos="151.76" lane="2/2to2/1_0" slope="0.00"/>
        <vehicle id="39" x="556.54" y="401.65" angle="-90.00" type="DEFAULT_VEHTYPE" speed="12.86" pos="38.71" lane="3/2to2/2_0" slope="0.00"/>
        <vehicle id="40" x="601.65" y="216.85" angle="180.00" type="DEFAULT_VEHTYPE" speed="9.88" pos="12.10" lane="3/1to3/2_0" slope="0.00"/>
        <vehicle id="42" x="201.65" y="522.78" angle="180.00" type="DEFAULT_VEHTYPE" speed="13.83" pos="118.03" lane="1/2to1/3_0" slope="0.00"/>
        <vehicle id="43" x="220.20" y="401.65" angle="-90.00" type="DEFAULT_VEHTYPE" speed="8.96" pos="175.05" lane="2/2to1/2_0" slope="0.00"/>
        <vehicle id="44" x="586.51" y="198.35" angle="90.00" type="DEFAULT_VEHTYPE" speed="6.17" pos="181.76" lane="2/1to3/1_0" slope="0.00"/>
        <vehicle id="48" x="386.06" y="198.35" angle="90.00" type="DEFAULT_VEHTYPE" speed="7.37" pos="181.31" lane="1/1to2/1_0" slope="0.00"/>
        <vehicle id="49" x="398.35" y="397.92" angle="0.00" type="DEFAULT_VEHTYPE" speed="13.81" pos="6.83" lane=":2/2_1_0" slope="0.00"/>
        <vehicle id="5" x="201.65" y="243.16" angle="180.00" type="DEFAULT_VEHTYPE" speed="12.75" pos="38.41" lane="1/1to1/2_0" slope="0.00"/>
        <vehicle id="6" x="398.35" y="536.62" angle="0.00" type="DEFAULT_VEHTYPE" speed="13.02" pos="58.63" lane="2/3to2/2_0" slope="0.00"/>
        <vehicle id="7" x="201.65" y="476.44" angle="180.00" type="DEFAULT_VEHTYPE" speed="13.74" pos="71.69" lane="1/2to1/3_0" slope="0.00"/>
        <vehicle id="8" x="201.65" y="35.78" angle="180.00" type="DEFAULT_VEHTYPE" speed="13.43" pos="35.78" lane="1/0to1/1_0" slope="0.00"/>
        <vehicle id="9" x="5.07" y="201.65" angle="-90.00" type="DEFAULT_VEHTYPE" speed="13.51" pos="190.18" lane="1/1to0/1_0" slope="0.00"/>
    </timestep>
    <timestep time="710.00">
        <vehicle id="0" x="531.56" y="198.35" angle="90.00" type="DEFAULT_VEHTYPE" speed="13.49" pos="126.81" lane="2/1to3/1_0" slope="0.00"/>
        <vehicle id="10" x="750.67" y="201.65" angle="-90.00" type="DEFAULT_VEHTYPE" speed="12.76" pos="49.33" lane="4/1to3/1_0" slope="0.00"/>
        <vehicle id="11" x="401.65" y="622.70" angle="180.00" type="DEFAULT_VEHTYPE" speed="10.10" pos="17.95" lane="2/3to2/4_0" slope="0.00"/>
        <vehicle id="15" x="757.58" y="198.35" angle="90.00" type="DEFAULT_VEHTYPE" speed="13.54" pos="152.83" lane="3/1to4/1_0" slope="0.00"/>
        <vehicle id="16" x="401.65" y="732.08" angle="180.00" type="DEFAULT_VEHTYPE" speed="13.08" pos="127.33" lane="2/3to2/4_0" slope="0.00"/>
        <vehicle id="17" x="398.35" y="773.60" angle="0.00" type="DEFAULT_VEHTYPE" speed="13.45" pos="26.40" lane="2/4to2/3_0" slope="0.00"/>
        <vehicle id="18" x="735.36" y="601.65" angle="-90.00" type="DEFAULT_VEHTYPE" speed="12.72" pos="64.64" lane="4/3to3/3_0" slope="0.00"/>
        <vehicle id="2" x="198.35" y="392.29" angle="-3.31" type="DEFAULT_VEHTYPE" speed="7.77" pos="2.96" lane="1/2to1/1_0" slope="0.00"/>
        <vehicle id="24" x="201.65" y="412.36" angle="180.00" type="DEFAULT_VEHTYPE" speed="10.01" pos="7.61" lane="1/2to1/3_0" slope="0.00"/>
        <vehicle id="28" x="601.65" y="494.98" angle="180.00" type="DEFAULT_VEHTYPE" speed="13.83" pos="90.23" lane="3/2to3/3_0" slope="0.00"/>
        <vehicle id="29" x="398.35" y="14.85" angle="0.00" type="DEFAULT_VEHTYPE" speed="12.90" pos="180.40" lane="2/1to2/0_0" slope="0.00"/>
        <vehicle id="3" x="611.57" y="601.65" angle="-90.00" type="DEFAULT_VEHTYPE" speed="4.25" pos="188.43" lane="4/3to3/3_0" slope="0.00"/>
        <vehicle id="33" x="421.27" y="198.35" angle="90.00" type="DEFAULT_VEHTYPE" speed="11.26" pos="16.52" lane="2/1to3/1_0" slope="0.00"/>
        <vehicle id="37" x="398.35" y="230.76" angle="0.00" type="DEFAULT_VEHTYPE" speed="12.73" pos="164.49" lane="2/2to2/1_0" slope="0.00"/>
        <vehicle id="39" x="543.77" y="401.65" angle="-90.00" type="DEFAULT_VEHTYPE" speed="12.77" pos="51.48" lane="3/2to2/2_0" slope="0.00"/>
        <vehicle id="40" x="601.65" y="228.20" angle="180.00" type="DEFAULT_VEHTYPE" speed="11.35" pos="23.45" lane="3/1to3/2_0" slope="0.00"/>
        <vehicle id="42" x="201.65" y="536.29" angle="180.00" type="DEFAULT_VEHTYPE" speed="13.51" pos="131.54" lane="1/2to1/3_0" slope="0.00"/>
        <vehicle id="43" x="214.26" y="401.65" angle="-90.00" type="DEFAULT_VEHTYPE" speed="5.94" pos="180.99" lane="2/2to1/2_0" slope="0.00"/>
        <vehicle id="44" x="590.73" y="198.35" angle="90.00" type="DEFAULT_VEHTYPE" speed="4.22" pos="185.98" lane="2/1to3/1_0" slope="0.00"/>
        <vehicle id="48" x="390.42" y="198.35" angle="90.00" type="DEFAULT_VEHTYPE" speed="4.36" pos="185.67" lane="1/1to2/1_0" slope="0.00"/>
        <vehicle id="49" x="398.35" y="385.27" angle="0.00" type="DEFAULT_VEHTYPE" speed="12.64" pos="9.98" lane="2/2to2/1_0" slope="0.00"/>
        <vehicle id="5" x="201.65" y="257.05" angle="180.00" type="DEFAULT_VEHTYPE" speed="13.89" pos="52.30" lane="1/1to1/2_0" slope="0.00"/>
        <vehicle id="6" x="398.35" y="523.55" angle="0.00" type="DEFAULT_VEHTYPE" speed="13.07" pos="71.70" lane="2/3to2/2_0" slope="0.00"/>
        <vehicle id="7" x="201.65" y="490.30" angle="180.00" type="DEFAULT_VEHTYPE" speed="13.86" pos="85.55" lane="1/2to1/3_0" slope="0.00"/>
        <vehicle id="8" x="201.65" y="49.07" angle="180.00" type="DEFAULT_VEHTYPE" speed="13.28" pos="49.07" lane="1/0to1/1_0" slope="0.00"/>
        <vehicle id="9" x="2.94" y="198.35" angle="73.25" type="DEFAULT_VEHTYPE" speed="12.83" pos="2.94" lane="0/1to1/1_0" slope="0.00"/>
    </timestep>
    <timestep time="711.00">
        <vehicle id="0" x="544.56" y="198.35" angle="90.00" type="DEFAULT_VEHTYPE" speed="13.01" pos="139.81" lane="2/1to3/1_0" slope="0.00"/>
        <vehicle id="10" x="737.21" y="201.65" angle="-90.00" type="DEFAULT_VEHTYPE" speed="13.47" pos="62.79" lane="4/1to3/1_0" slope="0.00"/>
        <vehicle id="11" x="401.65" y="634.36" angle="180.00" type="DEFAULT_VEHTYPE" speed="11.67" pos="29.61" lane="2/3to2/4_0" slope="0.00"/>
        <vehicle id="15" x="771.45" y="198.35" angle="90.00" type="DEFAULT_VEHTYPE" speed="13.88" pos="166.70" lane="3/1to4/1_0" slope="0.00"/>
        <vehicle id="16" x="401.65" y="745.59" angle="180.00" type="DEFAULT_VEHTYPE" speed="13.50" pos="140.84" lane="2/3to2/4_0" slope="0.00"/>
        <vehicle id="17" x="398.35" y="760.86" angle="0.00" type="DEFAULT_VEHTYPE" speed="12.73" pos="39.14" lane="2/4to2/3_0" slope="0.00"/>
        <vehicle id="18" x="722.51" y="601.65" angle="-90.00" type="DEFAULT_VEHTYPE" speed="12.85" pos="77.49" lane="4/3to3/3_0" slope="0.00"/>
        <vehicle id="2" x="198.35" y="382.20" angle="0.00" type="DEFAULT_VEHTYPE" speed="10.09" pos="13.05" lane="1/2to1/1_0" slope="0.00"/>
        <vehicle id="24" x="201.65" y="423.92" angle="180.00" type="DEFAULT_VEHTYPE" speed="11.57" pos="19.17" lane="1/2to1/3_0" slope="0.00"/>
        <vehicle id="28" x="601.65" y="508.33" angle="180.00" type="DEFAULT_VEHTYPE" speed="13.35" pos="103.58" lane="3/2to3/3_0" slope="0.00"/>
        <vehicle id="29" x="398.35" y="1.35" angle="0.00" type="DEFAULT_VEHTYPE" speed="13.50" pos="193.90" lane="2/1to2/0_0" slope="0.00"/>
        <vehicle id="3" x="605.17" y="601.65" angle="-90.00" type="DEFAULT_VEHTYPE" speed="6.40" pos="194.83" lane="4/3to3/3_0" slope="0.00"/>
        <vehicle id="33" x="434.43" y="198.35" angle="90.00" type="DEFAULT_VEHTYPE" speed="13.16" pos="29.68" lane="2/1to3/1_0" slope="0.00"/>
        <vehicle id="37" x="398.35" y="217.18" angle="0.00" type="DEFAULT_VEHTYPE" speed="13.58" pos="178.07" lane="2/2to2/1_0" slope="0.00"/>
        <vehicle id="39" x="530.12" y="401.65" angle="-90.00" type="DEFAULT_VEHTYPE" speed="13.65" pos="65.13" lane="3/2to2/2_0" slope="0.00"/>
        <vehicle id="40" x="601.65" y="241.22" angle="180.00" type="DEFAULT_VEHTYPE" speed="13.03" pos="36.47" lane="3/1to3/2_0" slope="0.00"/>
        <vehicle id="42" x="201.65" y="549.38" angle="180.00" type="DEFAULT_VEHTYPE" speed="13.08" pos="144.63" lane="1/2to1/3_0" slope="0.00"/>
        <vehicle id="43" x="210.87" y="401.65" angle="-90.00" type="DEFAULT_VEHTYPE" speed="3.40" pos="184.38" lane="2/2to1/2_0" slope="0.00"/>
        <vehicle id="44" x="596.87" y="198.58" angle="92.65" type="DEFAULT_VEHTYPE" speed="6.15" pos="1.63" lane=":3/1_14_0" slope="0.00"/>
        <vehicle id="48" x="396.88" y="198.35" angle="90.00" type="DEFAULT_VEHTYPE" speed="6.47" pos="1.63" lane=":2/1_13_0" slope="0.00"/>
        <vehicle id="49" x="398.35" y="371.56" angle="0.00" type="DEFAULT_VEHTYPE" speed="13.71" pos="23.69" lane="2/2to2/1_0" slope="0.00"/>
        <vehicle id="5" x="201.65" y="269.78" angle="180.00" type="DEFAULT_VEHTYPE" speed="12.73" pos="65.03" lane="1/1to1/2_0" slope="0.00"/>
        <vehicle id="6" x="398.35" y="510.58" angle="0.00" type="DEFAULT_VEHTYPE" speed="12.97" pos="84.67" lane="2/3to2/2_0" slope="0.00"/>
        <vehicle id="7" x="201.65" y="503.40" angle="180.00" type="DEFAULT_VEHTYPE" speed="13.10" pos="98.65" lane="1/2to1/3_0" slope="0.00"/>
        <vehicle id="8" x="201.65" y="62.79" angle="180.00" type="DEFAULT_VEHTYPE" speed="13.73" pos="62.79" lane="1/0to1/1_0" slope="0.00"/>
        <vehicle id="9" x="16.13" y="198.35" angle="90.00" type="DEFAULT_VEHTYPE" speed="13.18" pos="16.13" lane="0/1to1/1_0" slope="0.00"/>
    </timestep>
    <timestep time="712.00">
        <vehicle id="0" x="558.28" y="198.35" angle="90.00" type="DEFAULT_VEHTYPE" speed="13.71" pos="153.53" lane="2/1to3/1_0" slope="0.00"/>
        <vehicle id="10" x="723.37" y="201.65" angle="-90.00" type="DEFAULT_VEHTYPE" speed="13.84" pos="76.63" lane="4/1to3/1_0" slope="0.00"/>
        <vehicle id="11" x="401.65" y="647.33" angle="180.00" type="DEFAULT_VEHTYPE" speed="12.96" pos="42.58" lane="2/3to2/4_0" slope="0.00"/>
        <vehicle id="15" x="784.23" y="198.35" angle="90.00" type="DEFAULT_VEHTYPE" speed="12.78" pos="179.48" lane="3/1to4/1_0" slope="0.00"/>
        <vehicle id="16" x="401.65" y="759.19" angle="180.00" type="DEFAULT_VEHTYPE" speed="13.61" pos="154.44" lane="2/3to2/4_0" slope="0.00"/>
        <vehicle id="17" x="398.35" y="747.62" angle="0.00" type="DEFAULT_VEHTYPE" speed="13.25" pos="52.38" lane="2/4to2/3_0" slope="0.00"/>
        <vehicle id="18" x="708.82" y="601.65" angle="-90.00" type="DEFAULT_VEHTYPE" speed="13.69" pos="91.18" lane="4/3to3/3_0" slope="0.00"/>
        <vehicle id="2" x="198.35" y="370.81" angle="0.00" type="DEFAULT_VEHTYPE" speed="11.39" pos="24.44" lane="1/2to1/1_0" slope="0.00"/>
        <vehicle id="24" x="201.65" y="437.42" angle="180.00" type="DEFAULT_VEHTYPE" speed="13.50" pos="32.67" lane="1/2to1/3_0" slope="0.00"/>
        <vehicle id="28" x="601.65" y="521.07" angle="180.00" type="DEFAULT_VEHTYPE" speed="12.74" pos="116.32" lane="3/2to3/3_0" slope="0.00"/>
        <vehicle id="29" x="401.65" y="6.61" angle="180.00" type="DEFAULT_VEHTYPE" speed="12.78" pos="6.61" lane="2/0to2/1_0" slope="0.00"/>
        <vehicle id="3" x="598.65" y="597.32" angle="-38.48" type="DEFAULT_VEHTYPE" speed="8.65" pos="8.23" lane=":3/3_6_0" slope="0.00"/>
        <vehicle id="33" x="447.63" y="198.35" angle="90.00" type="DEFAULT_VEHTYPE" speed="13.20" pos="42.88" lane="2/1to3/1_0" slope="0.00"/>
        <vehicle id="37" x="398.30" y="204.37" angle="-0.60" type="DEFAULT_VEHTYPE" speed="12.81" pos="0.38" lane=":2/1_0_0" slope="0.00"/>
        <vehicle id="39" x="516.39" y="401.65" angle="-90.00" type="DEFAULT_VEHTYPE" speed="13.72" pos="78.86" lane="3/2to2/2_0" slope="0.00"/>
        <vehicle id="40" x="601.65" y="253.91" angle="180.00" type="DEFAULT_VEHTYPE" speed="12.69" pos="49.16" lane="3/1to3/2_0" slope="0.00"/>
        <vehicle id="42" x="201.65" y="562.22" angle="180.00" type="DEFAULT_VEHTYPE" speed="12.85" pos="157.47" lane="1/2to1/3_0" slope="0.00"/>
        <vehicle id="43" x="205.71" y="401.65" angle="-90.00" type="DEFAULT_VEHTYPE" speed="5.16" pos="189.54" lane="2/2to1/2_0" slope="0.00"/>
        <vehicle id="44" x="601.60" y="204.40" angle="159.31" type="DEFAULT_VEHTYPE" speed="8.33" pos="9.96" lane=":3/1_14_0" slope="0.00"/>
        <vehicle id="48" x="405.00" y="198.35" angle="90.00" type="DEFAULT_VEHTYPE" speed="8.12" pos="0.25" lane="2/1to3/1_0" slope="0.00"/>
        <vehicle id="49" x="398.35" y="357.95" angle="0.00" type="DEFAULT_VEHTYPE" speed="13.62" pos="37.30" lane="2/2to2/1_0" slope="0.00"/>
        <vehicle id="5" x="201.65" y="283.47" angle="180.00" type="DEFAULT_VEHTYPE" speed="13.69" pos="78.72" lane="1/1to1/2_0" slope="0.00"/>
        <vehicle id="6" x="398.35" y="497.87" angle="0.00" type="DEFAULT_VEHTYPE" speed="12.70" pos="97.38" lane="2/3to2/2_0" slope="0.00"/>
        <vehicle id="7" x="201.65" y="516.85" angle="180.00" type="DEFAULT_VEHTYPE" speed="13.45" pos="112.10" lane="1/2to1/3_0" slope="0.00"/>
        <vehicle id="8" x="201.65" y="75.42" angle="180.00" type="DEFAULT_VEHTYPE" speed="12.63" pos="75.42" lane="1/0to1/1_0" slope="0.00"/>
        <vehicle id="9" x="29.35" y="198.35" angle="90.00" type="DEFAULT_VEHTYPE" speed="13.23" pos="29.35" lane="0/1to1/1_0" slope="0.00"/>
    </timestep>
    <timestep time="713.00">
        <vehicle id="0" x="571.28" y="198.35" angle="90.00" type="DEFAULT_VEHTYPE" speed="13.01" pos="166.53" lane="2/1to3/1_0" slope="0.00"/>
        <vehicle id="10" x="710.13" y="201.65" angle="-90.00" type="DEFAULT_VEHTYPE" speed="13.24" pos="89.87" lane="4/1to3/1_0" slope="0.00"/>
        <vehicle id="11" x="401.65" y="660.21" angle="180.00" type="DEFAULT_VEHTYPE" speed="12.88" pos="55.46" lane="2/3to2/4_0" slope="0.00"/>
        <vehicle id="15" x="797.30" y="198.35" angle="90.00" type="DEFAULT_VEHTYPE" speed="13.07" pos="192.55" lane="3/1to4/1_0" slope="0.00"/>
        <vehicle id="16" x="401.65" y="772.06" angle="180.00" type="DEFAULT_VEHTYPE" speed="12.86" pos="167.31" lane="2/3to2/4_0" slope="0.00"/>
        <vehicle id="17" x="398.35" y="734.47" angle="0.00" type="DEFAULT_VEHTYPE" speed="13.15" pos="65.53" lane="2/4to2/3_0" slope="0.00"/>
        <vehicle id="18" x="695.13" y="601.65" angle="-90.00" type="DEFAULT_VEHTYPE" speed="13.69" pos="104.87" lane="4/3to3/3_0" slope="0.00"/>
        <vehicle id="2" x="198.35" y="357.30" angle="0.00" type="DEFAULT_VEHTYPE" speed="13.51" pos="37.95" lane="1/2to1/1_0" slope="0.00"/>
        <vehicle id="24" x="201.65" y="451.01" angle="180.00" type="DEFAULT_VEHTYPE" speed="13.59" pos="46.26" lane="1/2to1/3_0" slope="0.00"/>
        <vehicle id="28" x="601.65" y="534.64" angle="180.00" type="DEFAULT_VEHTYPE" speed="13.57" pos="129.89" lane="3/2to3/3_0" slope="0.00"/>
        <vehicle id="29" x="401.65" y="20.21" angle="180.00" type="DEFAULT_VEHTYPE" speed="13.60" pos="20.21" lane="2/0to2/1_0" slope="0.00"/>
        <vehicle id="3" x="598.35" y="586.19" angle="0.00" type="DEFAULT_VEHTYPE" speed="11.15" pos="9.06" lane="3/3to3/2_0" slope="0.00"/>
        <vehicle id="33" x="461.39" y="198.35" angle="90.00" type="DEFAULT_VEHTYPE" speed="13.76" pos="56.64" lane="2/1to3/1_0" slope="0.00"/>
        <vehicle id="37" x="386.30" y="201.65" angle="-90.00" type="DEFAULT_VEHTYPE" speed="13.56" pos="8.95" lane="2/1to1/1_0" slope="0.00"/>
        <vehicle id="39" x="503.32" y="401.65" angle="-90.00" type="DEFAULT_VEHTYPE" speed="13.08" pos="91.93" lane="3/2to2/2_0" slope="0.00"/>
        <vehicle id="40" x="601.65" y="267.45" angle="180.00" type="DEFAULT_VEHTYPE" speed="13.53" pos="62.70" lane="3/1to3/2_0" slope="0.00"/>
        <vehicle id="42" x="201.65" y="575.71" angle="180.00" type="DEFAULT_VEHTYPE" speed="13.49" pos="170.96" lane="1/2to1/3_0" slope="0.00"/>
        <vehicle id="43" x="198.35" y="401.65" angle="-90.00" type="DEFAULT_VEHTYPE" speed="7.35" pos="6.40" lane=":1/2_5_0" slope="0.00"/>
        <vehicle id="44" x="601.65" y="214.40" angle="180.00" type="DEFAULT_VEHTYPE" speed="10.01" pos="9.65" lane="3/1to3/2_0" slope="0.00"/>
        <vehicle id="48" x="415.09" y="198.35" angle="90.00" type="DEFAULT_VEHTYPE" speed="10.09" pos="10.34" lane="2/1to3/1_0" slope="0.00"/>
        <vehicle id="49" x="398.35" y="345.05" angle="0.00" type="DEFAULT_VEHTYPE" speed="12.90" pos="50.20" lane="2/2to2/1_0" slope="0.00"/>
        <vehicle id="5" x="201.65" y="296.10" angle="180.00" type="DEFAULT_VEHTYPE" speed="12.62" pos="91.35" lane="1/1to1/2_0" slope="0.00"/>
        <vehicle id="6" x="398.35" y="485.01" angle="0.00" type="DEFAULT_VEHTYPE" speed="12.86" pos="110.24" lane="2/3to2/2_0" slope="0.00"/>
        <vehicle id="7" x="201.65" y="529.58" angle="180.00" type="DEFAULT_VEHTYPE" speed="12.73" pos="124.83" lane="1/2to1/3_0" slope="0.00"/>
        <vehicle id="8" x="201.65" y="88.68" angle="180.00" type="DEFAULT_VEHTYPE" speed="13.26" pos="88.68" lane="1/0to1/1_0" slope="0.00"/>
        <vehicle id="9" x="42.94" y="198.35" angle="90.00" type="DEFAULT_VEHTYPE" speed="13.59" pos="42.94" lane="0/1to1/1_0" slope="0.00"/>
    </timestep>
    <timestep time="714.00">
        <vehicle id="0" x="581.26" y="198.35" angle="90.00" type="DEFAULT_VEHTYPE" speed="9.97" pos="176.51" lane="2/1to3/1_0" slope="0.00"/>
        <vehicle id="10" x="696.89" y="201.65" angle="-90.00" type="DEFAULT_VEHTYPE" speed="13.24" pos="103.11" lane="4/1to3/1_0" slope="0.00"/>
        <vehicle id="11" x="401.65" y="673.73" angle="180.00" type="DEFAULT_VEHTYPE" speed="13.52" pos="68.98" lane="2/3to2/4_0" slope="0.00"/>
        <vehicle id="15" x="794.50" y="201.65" angle="-90.00" type="DEFAULT_VEHTYPE" speed="13.02" pos="5.50" lane="4/1to3/1_0" slope="0.00"/>
        <vehicle id="16" x="401.65" y="785.27" angle="180.00" type="DEFAULT_VEHTYPE" speed="13.21" pos="180.52" lane="2/3to2/4_0" slope="0.00"/>
        <vehicle id="17" x="398.35" y="721.33" angle="0.00" type="DEFAULT_VEHTYPE" speed="13.14" pos="78.67" lane="2/4to2/3_0" slope="0.00"/>
        <vehicle id="18" x="681.89" y="601.65" angle="-90.00" type="DEFAULT_VEHTYPE" speed="13.24" pos="118.11" lane="4/3to3/3_0" slope="0.00"/>
        <vehicle id="2" x="198.35" y="343.54" angle="0.00" type="DEFAULT_VEHTYPE" speed="13.76" pos="51.71" lane="1/2to1/1_0" slope="0.00"/>
        <vehicle id="24" x="201.65" y="463.96" angle="180.00" type="DEFAULT_VEHTYPE" speed="12.95" pos="59.21" lane="1/2to1/3_0" slope="0.00"/>
        <vehicle id="28" x="601.65" y="548.45" angle="180.00" type="DEFAULT_VEHTYPE" speed="13.81" pos="143.70" lane="3/2to3/3_0" slope="0.00"/>
        <vehicle id="29" x="401.65" y="33.27" angle="180.00" type="DEFAULT_VEHTYPE" speed="13.06" pos="33.27" lane="2/0to2/1_0" slope="0.00"/>
        <vehicle id="3" x="598.35" y="572.92" angle="0.00" type="DEFAULT_VEHTYPE" speed="13.27" pos="22.33" lane="3/3to3/2_0" slope="0.00"/>
        <vehicle id="33" x="474.96" y="198.35" angle="90.00" type="DEFAULT_VEHTYPE" speed="13.57" pos="70.21" lane="2/1to3/1_0" slope="0.00"/>
        <vehicle id="37" x="372.81" y="201.65" angle="-90.00" type="DEFAULT_VEHTYPE" speed="13.50" pos="22.44" lane="2/1to1/1_0" slope="0.00"/>
        <vehicle id="39" x="490.67" y="401.65" angle="-90.00" type="DEFAULT_VEHTYPE" speed="12.64" pos="104.58" lane="3/2to2/2_0" slope="0.00"/>
        <vehicle id="40" x="601.65" y="280.85" angle="180.00" type="DEFAULT_VEHTYPE" speed="13.41" pos="76.10" lane="3/1to3/2_0" slope="0.00"/>
        <vehicle id="42" x="201.65" y="588.74" angle="180.00" type="DEFAULT_VEHTYPE" speed="13.04" pos="183.99" lane="1/2to1/3_0" slope="0.00"/>
        <vehicle id="43" x="188.86" y="401.65" angle="-90.00" type="DEFAULT_VEHTYPE" speed="9.49" pos="6.39" lane="1/2to0/2_0" slope="0.00"/>
        <vehicle id="44" x="601.65" y="226.54" angle="180.00" type="DEFAULT_VEHTYPE" speed="12.14" pos="21.79" lane="3/1to3/2_0" slope="0.00"/>
        <vehicle id="48" x="426.51" y="198.35" angle="90.00" type="DEFAULT_VEHTYPE" speed="11.41" pos="21.76" lane="2/1to3/1_0" slope="0.00"/>
        <vehicle id="49" x="398.35" y="331.17" angle="0.00" type="DEFAULT_VEHTYPE" speed="13.88" pos="64.08" lane="2/2to2/1_0" slope="0.00"/>
        <vehicle id="5" x="201.65" y="309.93" angle="180.00" type="DEFAULT_VEHTYPE" speed="13.83" pos="105.18" lane="1/1to1/2_0" slope="0.00"/>
        <vehicle id="6" x="398.35" y="471.42" angle="0.00" type="DEFAULT_VEHTYPE" speed="13.59" pos="123.83" lane="2/3to2/2_0" slope="0.00"/>
        <vehicle id="7" x="201.65" y="542.69" angle="180.00" type="DEFAULT_VEHTYPE" speed="13.11" pos="137.94" lane="1/2to1/3_0" slope="0.00"/>
        <vehicle id="8" x="201.65" y="102.54" angle="180.00" type="DEFAULT_VEHTYPE" speed="13.86" pos="102.54" lane="1/0to1/1_0" slope="0.00"/>
        <vehicle id="9" x="55.64" y="198.35" angle="90.00" type="DEFAULT_VEHTYPE" speed="12.70" pos="55.64" lane="0/1to1/1_0" slope="0.00"/>
    </timestep>
    <timestep time="715.00">
        <vehicle id="0" x="587.70" y="198.35" angle="90.00" type="DEFAULT_VEHTYPE" speed="6.45" pos="182.95" lane="2/1to3/1_0" slope="0.00"/>
        <vehicle id="10" x="684.22" y="201.65" angle="-90.00" type="DEFAULT_VEHTYPE" speed="12.67" pos="115.78" lane="4/1to3/1_0" slope="0.00"/>
        <vehicle id="11" x="401.65" y="687.04" angle="180.00" type="DEFAULT_VEHTYPE" speed="13.31" pos="82.29" lane="2/3to2/4_0" slope="0.00"/>
        <vehicle id="15" x="780.96" y="201.65" angle="-90.00" type="DEFAULT_VEHTYPE" speed="13.53" pos="19.04" lane="4/1to3/1_0" slope="0.00"/>
        <vehicle id="16" x="401.65" y="798.41" angle="180.00" type="DEFAULT_VEHTYPE" speed="13.14" pos="193.66" lane="2/3to2/4_0" slope="0.00"/>
        <vehicle id="17" x="398.35" y="707.64" angle="0.00" type="DEFAULT_VEHTYPE" speed="13.69" pos="92.36" lane="2/4to2/3_0" slope="0.00"/>
        <vehicle id="18" x="668.21" y="601.65" angle="-90.00" type="DEFAULT_VEHTYPE" speed="13.68" pos="131.79" lane="4/3to3/3_0" slope="0.00"/>
        <vehicle id="2" x="198.35" y="330.43" angle="0.00" type="DEFAULT_VEHTYPE" speed="13.11" pos="64.82" lane="1/2to1/1_0" slope="0.00"/>
        <vehicle id="24" x="201.65" y="477.26" angle="180.00" type="DEFAULT_VEHTYPE" speed="13.30" pos="72.51" lane="1/2to1/3_0" slope="0.00"/>
        <vehicle id="28" x="601.65" y="561.28" angle="180.00" type="DEFAULT_VEHTYPE" speed="12.83" pos="156.53" lane="3/2to3/3_0" slope="0.00"/>
        <vehicle id="29" x="401.65" y="46.72" angle="180.00" type="DEFAULT_VEHTYPE" speed="13.45" pos="46.72" lane="2/0to2/1_0" slope="0.00"/>
        <vehicle id="3" x="598.35" y="559.85" angle="0.00" type="DEFAULT_VEHTYPE" speed="13.07" pos="35.40" lane="3/3to3/2_0" slope="0.00"/>
        <vehicle id="33" x="488.49" y="198.35" angle="90.00" type="DEFAULT_VEHTYPE" speed="13.53" pos="83.74" lane="2/1to3/1_0" slope="0.00"/>
        <vehicle id="37" x="359.04" y="201.65" angle="-90.00" type="DEFAULT_VEHTYPE" speed="13.76" pos="36.21" lane="2/1to1/1_0" slope="0.00"/>
        <vehicle id="39" x="477.29" y="401.65" angle="-90.00" type="DEFAULT_VEHTYPE" speed="13.38" pos="117.96" lane="3/2to2/2_0" slope="0.00"/>
        <vehicle id="40" x="601.65" y="294.37" angle="180.00" type="DEFAULT_VEHTYPE" speed="13.52" pos="89.62" lane="3/1to3/2_0" slope="0.00"/>
        <vehicle id="42" x="206.93" y="598.35" angle="102.71" type="DEFAULT_VEHTYPE" speed="13.68" pos="2.18" lane="1/3to2/3_0" slope="0.00"/>
        <vehicle id="43" x="177.31" y="401.65" angle="-90.00" type="DEFAULT_VEHTYPE" speed="11.56" pos="17.94" lane="1/2to0/2_0" slope="0.00"/>
        <vehicle id="44" x="601.65" y="239.99" angle="180.00" type="DEFAULT_VEHTYPE" speed="13.45" pos="35.24" lane="3/1to3/2_0" slope="0.00"/>
        <vehicle id="48" x="440.03" y="198.35" angle="90.00" type="DEFAULT_VEHTYPE" speed="13.53" pos="35.28" lane="2/1to3/1_0" slope="0.00"/>
        <vehicle id="49" x="398.35" y="317.41" angle="0.00" type="DEFAULT_VEHTYPE" speed="13.76" pos="77.84" lane="2/2to2/1_0" slope="0.00"/>
        <vehicle id="5" x="201.65" y="322.94" angle="180.00" type="DEFAULT_VEHTYPE" speed="13.01" pos="118.19" lane="1/1to1/2_0" slope="0.00"/>
        <vehicle id="6" x="398.35" y="458.15" angle="0.00" type="DEFAULT_VEHTYPE" speed="13.27" pos="137.10" lane="2/3to2/2_0" slope="0.00"/>
        <vehicle id="7" x="201.65" y="555.54" angle="180.00" type="DEFAULT_VEHTYPE" speed="12.85" pos="150.79" lane="1/2to1/3_0" slope="0.00"/>
        <vehicle id="8" x="201.65" y="115.66" angle="180.00" type="DEFAULT_VEHTYPE" speed="13.12" pos="115.66" lane="1/0to1/1_0" slope="0.00"/>
        <vehicle id="9" x="69.31" y="198.35" angle="90.00" type="DEFAULT_VEHTYPE" speed="13.67" pos="69.31" lane="0/1to1/1_0" slope="0.00"/>
    </timestep>
    <timestep time="716.00">
        <vehicle id="0" x="591.29" y="198.35" angle="90.00" type="DEFAULT_VEHTYPE" speed="3.59" pos="186.54" lane="2/1to3/1_0" slope="0.00"/>
        <vehicle id="10" x="671.20" y="201.65" angle="-90.00" type="DEFAULT_VEHTYPE" speed="13.01" pos="128.80" lane="4/1to3/1_0" slope="0.00"/>
        <vehicle id="11" x="401.65" y="700.43" angle="180.00" type="DEFAULT_VEHTYPE" speed="13.39" pos="95.68" lane="2/3to2/4_0" slope="0.00"/>
        <vehicle id="15" x="767.63" y="201.65" angle="-90.00" type="DEFAULT_VEHTYPE" speed="13.33" pos="32.37" lane="4/1to3/1_0" slope="0.00"/>
        <vehicle id="16" x="398.35" y="792.66" angle="0.00" type="DEFAULT_VEHTYPE" speed="13.75" pos="7.34" lane="2/4to2/3_0" slope="0.00"/>
        <vehicle id="17" x="398.35" y="694.15" angle="0.00" type="DEFAULT_VEHTYPE" speed="13.49" pos="105.85" lane="2/4to2/3_0" slope="0.00"/>
        <vehicle id="18" x="654.65" y="601.65" angle="-90.00" type="DEFAULT_VEHTYPE" speed="13.56" pos="145.35" lane="4/3to3/3_0" slope="0.00"/>
        <vehicle id="2" x="198.35" y="317.79" angle="0.00" type="DEFAULT_VEHTYPE" speed="12.64" pos="77.46" lane="1/2to1/1_0" slope="0.00"/>
        <vehicle id="24" x="201.65" y="490.74" angle="180.00" type="DEFAULT_VEHTYPE" speed="13.48" pos="85.99" lane="1/2to1/3_0" slope="0.00"/>
        <vehicle id="28" x="601.65" y="574.06" angle="180.00" type="DEFAULT_VEHTYPE" speed="12.78" pos="169.31" lane="3/2to3/3_0" slope="0.00"/>
        <vehicle id="29" x="401.65" y="59.76" angle="180.00" type="DEFAULT_VEHTYPE" speed="13.03" pos="59.76" lane="2/0to2/1_0" slope="0.00"/>
        <vehicle id="3" x="598.35" y="546.57" angle="0.00" type="DEFAULT_VEHTYPE" speed="13.28" pos="48.68" lane="3/3to3/2_0" slope="0.00"/>
        <vehicle id="33" x="501.30" y="198.35" angle="90.00" type="DEFAULT_VEHTYPE" speed="12.81" pos="96.55" lane="2/1to3/1_0" slope="0.00"/>
        <vehicle id="37" x="345.27" y="201.65" angle="-90.00" type="DEFAULT_VEHTYPE" speed="13.77" pos="49.98" lane="2/1to1/1_0" slope="0.00"/>
        <vehicle id="39" x="464.01" y="401.65" angle="-90.00" type="DEFAULT_VEHTYPE" speed="13.28" pos="131.24" lane="3/2to2/2_0" slope="0.00"/>
        <vehicle id="40" x="601.65" y="307.79" angle="180.00" type="DEFAULT_VEHTYPE" speed="13.42" pos="103.04" lane="3/1to3/2_0" slope="0.00"/>
        <vehicle id="42" x="220.15" y="598.35" angle="90.00" type="DEFAULT_VEHTYPE" speed="13.22" pos="15.40" lane="1/3to2/3_0" slope="0.00"/>
        <vehicle id="43" x="164.29" y="401.65" angle="-90.00" type="DEFAULT_VEHTYPE" speed="13.02" pos="30.96" lane="1/2to0/2_0" slope="0.00"/>
        <vehicle id="44" x="601.65" y="252.81" angle="180.00" type="DEFAULT_VEHTYPE" speed="12.82" pos="48.06" lane="3/1to3/2_0" slope="0.00"/>
        <vehicle id="48" x="453.24" y="198.35" angle="90.00" type="DEFAULT_VEHTYPE" speed="13.21" pos="48.49" lane="2/1to3/1_0" slope="0.00"/>
        <vehicle id="49" x="398.35" y="303.74" angle="0.00" type="DEFAULT_VEHTYPE" speed="13.66" pos="91.51" lane="2/2to2/1_0" slope="0.00"/>
        <vehicle id="5" x="201.65" y="336.79" angle="180.00" type="DEFAULT_VEHTYPE" speed="13.86" pos="132.04" lane="1/1to1/2_0" slope="0.00"/>
        <vehicle id="6" x="398.35" y="445.30" angle="0.00" type="DEFAULT_VEHTYPE" speed="12.85" pos="149.95" lane="2/3to2/2_0" slope="0.00"/>
        <vehicle id="7" x="201.65" y="568.73" angle="180.00" type="DEFAULT_VEHTYPE" speed="13.18" pos="163.98" lane="1/2to1/3_0" slope="0.00"/>
        <vehicle id="8" x="201.65" y="129.22" angle="180.00" type="DEFAULT_VEHTYPE" speed="13.55" pos="129.22" lane="1/0to1/1_0" slope="0.00"/>
        <vehicle id="9" x="82.23" y="198.35" angle="90.00" type="DEFAULT_VEHTYPE" speed="12.92" pos="82.23" lane="0/1to1/1_0" slope="0.00"/>
    </timestep>
    <timestep time="717.00">
        <vehicle id="0" x="597.40" y="198.66" angle="93.54" type="DEFAULT_VEHTYPE" speed="6.13" pos="2.18" lane=":3/1_14_0" slope="0.00"/>
        <vehicle id="10" x="657.39" y="201.65" angle="-90.00" type="DEFAULT_VEHTYPE" speed="13.81" pos="142.61" lane="4/1to3/1_0" slope="0.00"/>
        <vehicle id="11" x="401.65" y="713.99" angle="180.00" type="DEFAULT_VEHTYPE" speed="13.56" pos="109.24" lane="2/3to2/4_0" slope="0.00"/>
        <vehicle id="15" x="754.98" y="201.65" angle="-90.00" type="DEFAULT_VEHTYPE" speed="12.65" pos="45.02" lane="4/1to3/1_0" slope="0.00"/>
        <vehicle id="16" x="398.35" y="780.02" angle="0.00" type="DEFAULT_VEHTYPE" speed="12.64" pos="19.98" lane="2/4to2/3_0" slope="0.00"/>
        <vehicle id="17" x="398.35" y="680.84" angle="0.00" type="DEFAULT_VEHTYPE" speed="13.31" pos="119.16" lane="2/4to2/3_0" slope="0.00"/>
        <vehicle id="18" x="641.95" y="601.65" angle="-90.00" type="DEFAULT_VEHTYPE" speed="12.71" pos="158.05" lane="4/3to3/3_0" slope="0.00"/>
        <vehicle id="2" x="198.35" y="304.52" angle="0.00" type="DEFAULT_VEHTYPE" speed="13.27" pos="90.73" lane="1/2to1/1_0" slope="0.00"/>
        <vehicle id="24" x="201.65" y="504.46" angle="180.00" type="DEFAULT_VEHTYPE" speed="13.72" pos="99.71" lane="1/2to1/3_0" slope="0.00"/>
        <vehicle id="28" x="601.65" y="587.92" angle="180.00" type="DEFAULT_VEHTYPE" speed="13.86" pos="183.17" lane="3/2to3/3_0" slope="0.00"/>
        <vehicle id="29" x="401.65" y="72.64" angle="180.00" type="DEFAULT_VEHTYPE" speed="12.88" pos="72.64" lane="2/0to2/1_0" slope="0.00"/>
        <vehicle id="3" x="598.35" y="533.33" angle="0.00" type="DEFAULT_VEHTYPE" speed="13.24" pos="61.92" lane="3/3to3/2_0" slope="0.00"/>
        <vehicle id="33" x="514.89" y="198.35" angle="90.00" type="DEFAULT_VEHTYPE" speed="13.59" pos="110.14" lane="2/1to3/1_0" slope="0.00"/>
        <vehicle id="37" x="332.49" y="201.65" angle="-90.00" type="DEFAULT_VEHTYPE" speed="12.78" pos="62.76" lane="2/1to1/1_0" slope="0.00"/>
        <vehicle id="39" x="451.10" y="401.65" angle="-90.00" type="DEFAULT_VEHTYPE" speed="12.91" pos="144.15" lane="3/2to2/2_0" slope="0.00"/>
        <vehicle id="40" x="601.65" y="320.61" angle="180.00" type="DEFAULT_VEHTYPE" speed="12.82" pos="115.86" lane="3/1to3/2_0" slope="0.00"/>
        <vehicle id="42" x="232.87" y="598.35" angle="90.00" type="DEFAULT_VEHTYPE" speed="12.72" pos="28.12" lane="1/3to2/3_0" slope="0.00"/>
        <vehicle id="43" x="150.62" y="401.65" angle="-90.00" type="DEFAULT_VEHTYPE" speed="13.66" pos="44.63" lane="1/2to0/2_0" slope="0.00"/>
        <vehicle id="44" x="601.65" y="265.65" angle="180.00" type="DEFAULT_VEHTYPE" speed="12.84" pos="60.90" lane="3/1to3/2_0" slope="0.00"/>
        <vehicle id="48" x="466.63" y="198.35" angle="90.00" type="DEFAULT_VEHTYPE" speed="13.39" pos="61.88" lane="2/1to3/1_0" slope="0.00"/>
        <vehicle id="49" x="398.35" y="289.85" angle="0.00" type="DEFAULT_VEHTYPE" speed="13.89" pos="105.40" lane="2/2to2/1_0" slope="0.00"/>
        <vehicle id="5" x="201.65" y="349.47" angle="180.00" type="DEFAULT_VEHTYPE" speed="12.67" pos="144.72" lane="1/1to1/2_0" slope="0.00"/>
        <vehicle id="6" x="398.35" y="432.27" angle="0.00" type="DEFAULT_VEHTYPE" speed="13.03" pos="162.98" lane="2/3to2/2_0" slope="0.00"/>
        <vehicle id="7" x="201.65" y="582.07" angle="180.00" type="DEFAULT_VEHTYPE" speed="13.35" pos="177.32" lane="1/2to1/3_0" slope="0.00"/>
        <vehicle id="8" x="201.65" y="142.93" angle="180.00" type="DEFAULT_VEHTYPE" speed="13.71" pos="142.93" lane="1/0to1/1_0" slope="0.00"/>
        <vehicle id="9" x="95.69" y="198.35" angle="90.00" type="DEFAULT_VEHTYPE" speed="13.46" pos="95.69" lane="0/1to1/1_0" slope="0.00"/>
    </timestep>
    <timestep time="718.00">
        <vehicle id="0" x="601.62" y="204.57" angle="161.00" type="DEFAULT_VEHTYPE" speed="7.96" pos="10.14" lane=":3/1_14_0" slope="0.00"/>
        <vehicle id="10" x="644.25" y="201.65" angle="-90.00" type="DEFAULT_VEHTYPE" speed="13.14" pos="155.75" lane="4/1to3/1_0" slope="0.00"/>
        <vehicle id="11" x="401.65" y="727.85" angle="180.00" type="DEFAULT_VEHTYPE" speed="13.86" pos="123.10" lane="2/3to2/4_0" slope="0.00"/>
        <vehicle id="15" x="741.84" y="201.65" angle="-90.00" type="DEFAULT_VEHTYPE" speed="13.14" pos="58.16" lane="4/1to3/1_0" slope="0.00"/>
        <vehicle id="16" x="398.35" y="766.36" angle="0.00" type="DEFAULT_VEHTYPE" speed="13.66" pos="33.64" lane="2/4to2/3_0" slope="0.00"/>
        <vehicle id="17" x="398.35" y="667.74" angle="0.00" type="DEFAULT_VEHTYPE" speed="13.10" pos="132.26" lane="2/4to2/3_0" slope="0.00"/>
        <vehicle id="18" x="628.36" y="601.65" angle="-90.00" type="DEFAULT_VEHTYPE" speed="13.59" pos="171.64" lane="4/3to3/3_0" slope="0.00"/>
        <vehicle id="2" x="198.35" y="290.80" angle="0.00" type="DEFAULT_VEHTYPE" speed="13.72" pos="104.45" lane="1/2to1/1_0" slope="0.00"/>
        <vehicle id="24" x="201.65" y="517.80" angle="180.00" type="DEFAULT_VEHTYPE" speed="13.34" pos="113.05" lane="1/2to1/3_0" slope="0.00"/>
        <vehicle id="28" x="606.17" y="598.35" angle="111.53" type="DEFAULT_VEHTYPE" speed="13.75" pos="1.42" lane="3/3to4/3_0" slope="0.00"/>
        <vehicle id="29" x="401.65" y="85.86" angle="180.00" type="DEFAULT_VEHTYPE" speed="13.22" pos="85.86" lane="2/0to2/1_0" slope="0.00"/>
        <vehicle id="3" x="598.35" y="520.34" angle="0.00" type="DEFAULT_VEHTYPE" speed="12.98" pos="74.91" lane="3/3to3/2_0" slope="0.00"/>
        <vehicle id="33" x="528.04" y="198.35" angle="90.00" type="DEFAULT_VEHTYPE" speed="13.14" pos="123.29" lane="2/1to3/1_0" slope="0.00"/>
        <vehicle id="37" x="319.74" y="201.65" angle="-90.00" type="DEFAULT_VEHTYPE" speed="12.75" pos="75.51" lane="2/1to1/1_0" slope="0.00"/>
        <vehicle id="39" x="437.55" y="401.65" angle="-90.00" type="DEFAULT_VEHTYPE" speed="13.55" pos="157.70" lane="3/2to2/2_0" slope="0.00"/>
        <vehicle id="40" x="601.65" y="334.26" angle="180.00" type="DEFAULT_VEHTYPE" speed="13.65" pos="129.51" lane="3/1to3/2_0" slope="0.00"/>
        <vehicle id="42" x="245.48" y="598.35" angle="90.00" type="DEFAULT_VEHTYPE" speed="12.62" pos="40.73" lane="1/3to2/3_0" slope="0.00"/>
        <vehicle id="43" x="136.81" y="401.65" angle="-90.00" type="DEFAULT_VEHTYPE" speed="13.81" pos="58.44" lane="1/2to0/2_0" slope="0.00"/>
        <vehicle id="44" x="601.65" y="278.43" angle="180.00" type="DEFAULT_VEHTYPE" speed="12.78" pos="73.68" lane="3/1to3/2_0" slope="0.00"/>
        <vehicle id="48" x="480.26" y="198.35" angle="90.00" type="DEFAULT_VEHTYPE" speed="13.62" pos="75.51" lane="2/1to3/1_0" slope="0.00"/>
        <vehicle id="49" x="398.35" y="276.52" angle="0.00" type="DEFAULT_VEHTYPE" speed="13.33" pos="118.73" lane="2/2to2/1_0" slope="0.00"/>
        <vehicle id="5" x="201.65" y="362.40" angle="180.00" type="DEFAULT_VEHTYPE" speed="12.94" pos="157.65" lane="1/1to1/2_0" slope="0.00"/>
        <vehicle id="6" x="398.35" y="418.46" angle="0.00" type="DEFAULT_VEHTYPE" speed="13.81" pos="176.79" lane="2/3to2/2_0" slope="0.00"/>
        <vehicle id="7" x="201.70" y="595.61" angle="179.42" type="DEFAULT_VEHTYPE" speed="13.54" pos="0.36" lane=":1/3_8_0" slope="0.00"/>
        <vehicle id="8" x="201.65" y="156.06" angle="180.00" type="DEFAULT_VEHTYPE" speed="13.13" pos="156.06" lane="1/0to1/1_0" slope="0.00"/>
        <vehicle id="9" x="108.64" y="198.35" angle="90.00" type="DEFAULT_VEHTYPE" speed="12.95" pos="108.64" lane="0/1to1/1_0" slope="0.00"/>
    </timestep>
    <timestep time="719.00">
        <vehicle id="0" x="601.65" y="214.61" angle="180.00" type="DEFAULT_VEHTYPE" speed="10.05" pos="9.86" lane="3/1to3/2_0" slope="0.00"/>
        <vehicle id="10" x="630.58" y="201.65" angle="-90.00" type="DEFAULT_VEHTYPE" speed="13.66" pos="169.42" lane="4/1to3/1_0" slope="0.00"/>
        <vehicle id="11" x="401.65" y="741.06" angle="180.00" type="DEFAULT_VEHTYPE" speed="13.21" pos="136.31" lane="2/3to2/4_0" slope="0.00"/>
        <vehicle id="15" x="728.47" y="201.65" angle="-90.00" type="DEFAULT_VEHTYPE" speed="13.37" pos="71.53" lane="4/1to3/1_0" slope="0.00"/>
        <vehicle id="16" x="398.35" y="753.02" angle="0.00" type="DEFAULT_VEHTYPE" speed="13.35" pos="46.98" lane="2/4to2/3_0" slope="0.00"/>
        <vehicle id="17" x="398.35" y="654.60" angle="0.00" type="DEFAULT_VEHTYPE" speed="13.13" pos="145.40" lane="2/4to2/3_0" slope="0.00"/>
        <vehicle id="18" x="619.28" y="601.65" angle="-90.00" type="DEFAULT_VEHTYPE" speed="9.09" pos="180.72" lane="4/3to3/3_0" slope="0.00"/>
        <vehicle id="2" x="198.35" y="278.11" angle="0.00" type="DEFAULT_VEHTYPE" speed="12.69" pos="117.14" lane="1/2to1/1_0" slope="0.00"/>
        <vehicle id="24" x="201.65" y="531.01" angle="180.00" type="DEFAULT_VEHTYPE" speed="13.21" pos="126.26" lane="1/2to1/3_0" slope="0.00"/>
        <vehicle id="28" x="619.02" y="598.35" angle="90.00" type="DEFAULT_VEHTYPE" speed="12.85" pos="14.27" lane="3/3to4/3_0" slope="0.00"/>
        <vehicle id="29" x="401.65" y="99.61" angle="180.00" type="DEFAULT_VEHTYPE" speed="13.76" pos="99.61" lane="2/0to2/1_0" slope="0.00"/>
        <vehicle id="3" x="598.35" y="507.70" angle="0.00" type="DEFAULT_VEHTYPE" speed="12.64" pos="87.55" lane="3/3to3/2_0" slope="0.00"/>
        <vehicle id="33" x="540.92" y="198.35" angle="90.00" type="DEFAULT_VEHTYPE" speed="12.88" pos="136.17" lane="2/1to3/1_0" slope="0.00"/>
        <vehicle id="37" x="306.94" y="201.65" angle="-90.00" type="DEFAULT_VEHTYPE" speed="12.80" pos="88.31" lane="2/1to1/1_0" slope="0.00"/>
        <vehicle id="39" x="425.01" y="401.65" angle="-90.00" type="DEFAULT_VEHTYPE" speed="12.55" pos="170.24" lane="3/2to2/2_0" slope="0.00"/>
        <vehicle id="40" x="601.65" y="347.37" angle="180.00" type="DEFAULT_VEHTYPE" speed="13.11" pos="142.62" lane="3/1to3/2_0" slope="0.00"/>
        <vehicle id="42" x="258.29" y="598.35" angle="90.00" type="DEFAULT_VEHTYPE" speed="12.81" pos="53.54" lane="1/3to2/3_0" slope="0.00"/>
        <vehicle id="43" x="124.03" y="401.65" angle="-90.00" type="DEFAULT_VEHTYPE" speed="12.78" pos="71.22" lane="1/2to0/2_0" slope="0.00"/>
        <vehicle id="44" x="601.65" y="291.71" angle="180.00" type="DEFAULT_VEHTYPE" speed="13.28" pos="86.96" lane="3/1to3/2_0" slope="0.00"/>
        <vehicle id="48" x="493.51" y="198.35" angle="90.00" type="DEFAULT_VEHTYPE" speed="13.25" pos="88.76" lane="2/1to3/1_0" slope="0.00"/>
        <vehicle id="49" x="398.35" y="263.53" angle="0.00" type="DEFAULT_VEHTYPE" speed="12.99" pos="131.72" lane="2/2to2/1_0" slope="0.00"/>
        <vehicle id="5" x="201.65" y="375.37" angle="180.00" type="DEFAULT_VEHTYPE" speed="12.97" pos="170.62" lane="1/1to1/2_0" slope="0.00"/>
        <vehicle id="6" x="398.35" y="405.44" angle="0.00" type="DEFAULT_VEHTYPE" speed="13.02" pos="189.81" lane="2/3to2/2_0" slope="0.00"/>
        <vehicle id="7" x="213.63" y="598.35" angle="90.00" type="DEFAULT_VEHTYPE" speed="13.52" pos="8.88" lane="1/3to2/3_0" slope="0.00"/>
        <vehicle id="8" x="201.65" y="169.70" angle="180.00" type="DEFAULT_VEHTYPE" speed="13.64" pos="169.70" lane="1/0to1/1_0" slope="0.00"/>
        <vehicle id="9" x="121.72" y="198.35" angle="90.00" type="DEFAULT_VEHTYPE" speed="13.09" pos="121.72" lane="0/1to1/1_0" slope="0.00"/>
    </timestep>
    <timestep time="720.00">
        <vehicle id="0" x="601.65" y="226.98" angle="180.00" type="DEFAULT_VEHTYPE" speed="12.36" pos="22.23" lane="3/1to3/2_0" slope="0.00"/>
        <vehicle id="10" x="620.29" y="201.65" angle="-90.00" type="DEFAULT_VEHTYPE" speed="10.29" pos="179.71" lane="4/1to3/1_0" slope="0.00"/>
        <vehicle id="11" x="401.65" y="754.59" angle="180.00" type="DEFAULT_VEHTYPE" speed="13.53" pos="149.84" lane="2/3to2/4_0" slope="0.00"/>
        <vehicle id="15" x="715.10" y="201.65" angle="-90.00" type="DEFAULT_VEHTYPE" speed="13.37" pos="84.90" lane="4/1to3/1_0" slope="0.00"/>
        <vehicle id="16" x="398.35" y="739.35" angle="0.00" type="DEFAULT_VEHTYPE" speed="13.67" pos="60.65" lane="2/4to2/3_0" slope="0.00"/>
        <vehicle id="17" x="398.35" y="641.80" angle="0.00" type="DEFAULT_VEHTYPE" speed="12.80" pos="158.20" lane="2/4to2/3_0" slope="0.00"/>
        <vehicle id="18" x="612.64" y="601.65" angle="-90.00" type="DEFAULT_VEHTYPE" speed="6.64" pos="187.36" lane="4/3to3/3_0" slope="0.00"/>
        <vehicle id="2" x="198.35" y="264.57" angle="0.00" type="DEFAULT_VEHTYPE" speed="13.54" pos="130.68" lane="1/2to1/1_0" slope="0.00"/>
        <vehicle id="24" x="201.65" y="544.45" angle="180.00" type="DEFAULT_VEHTYPE" speed="13.44" pos="139.70" lane="1/2to1/3_0" slope="0.00"/>
        <vehicle id="28" x="632.55" y="598.35" angle="90.00" type="DEFAULT_VEHTYPE" speed="13.53" pos="27.80" lane="3/3to4/3_0" slope="0.00"/>
        <vehicle id="29" x="401.65" y="112.67" angle="180.00" type="DEFAULT_VEHTYPE" speed="13.06" pos="112.67" lane="2/0to2/1_0" slope="0.00"/>
        <vehicle id="3" x="598.35" y="494.84" angle="0.00" type="DEFAULT_VEHTYPE" speed="12.87" pos="100.41" lane="3/3to3/2_0" slope="0.00"/>
        <vehicle id="33" x="553.93" y="198.35" angle="90.00" type="DEFAULT_VEHTYPE" speed="13.01" pos="149.18" lane="2/1to3/1_0" slope="0.00"/>
        <vehicle id="37" x="293.63" y="201.65" angle="-90.00" type="DEFAULT_VEHTYPE" speed="13.31" pos="101.62" lane="2/1to1/1_0" slope="0.00"/>
        <vehicle id="39" x="416.55" y="401.65" angle="-90.00" type="DEFAULT_VEHTYPE" speed="8.46" pos="178.70" lane="3/2to2/2_0" slope="0.00"/>
        <vehicle id="40" x="601.65" y="360.18" angle="180.00" type="DEFAULT_VEHTYPE" speed="12.81" pos="155.43" lane="3/1to3/2_0" slope="0.00"/>
        <vehicle id="42" x="271.25" y="598.35" angle="90.00" type="DEFAULT_VEHTYPE" speed="12.96" pos="66.50" lane="1/3to2/3_0" slope="0.00"/>
        <vehicle id="43" x="111.27" y="401.65" angle="-90.00" type="DEFAULT_VEHTYPE" speed="12.76" pos="83.98" lane="1/2to0/2_0" slope="0.00"/>
        <vehicle id="44" x="601.65" y="304.62" angle="180.00" type="DEFAULT_VEHTYPE" speed="12.90" pos="99.87" lane="3/1to3/2_0" slope="0.00"/>
        <vehicle id="48" x="506.90" y="198.35" angle="90.00" type="DEFAULT_VEHTYPE" speed="13.39" pos="102.15" lane="2/1to3/1_0" slope="0.00"/>
        <vehicle id="49" x="398.35" y="249.81" angle="0.00" type="DEFAULT_VEHTYPE" speed="13.72" pos="145.44" lane="2/2to2/1_0" slope="0.00"/>
        <vehicle id="5" x="201.65" y="389.20" angle="180.00" type="DEFAULT_VEHTYPE" speed="13.83" pos="184.45" lane="1/1to1/2_0" slope="0.00"/>
        <vehicle id="6" x="387.38" y="401.65" angle="-90.00" type="DEFAULT_VEHTYPE" speed="13.56" pos="7.87" lane="2/2to1/2_0" slope="0.00"/>
        <vehicle id="7" x="226.57" y="598.35" angle="90.00" type="DEFAULT_VEHTYPE" speed="12.94" pos="21.82" lane="1/3to2/3_0" slope="0.00"/>
        <vehicle id="8" x="201.65" y="182.85" angle="180.00" type="DEFAULT_VEHTYPE" speed="13.15" pos="182.85" lane="1/0to1/1_0" slope="0.00"/>
        <vehicle id="9" x="134.93" y="198.35" angle="90.00" type="DEFAULT_VEHTYPE" speed="13.20" pos="134.93" lane="0/1to1/1_0" slope="0.00"/>
    </timestep>
    <timestep time="721.00">
        <vehicle id="0" x="601.65" y="240.59" angle="180.00" type="DEFAULT_VEHTYPE" speed="13.62" pos="35.84" lane="3/1to3/2_0" slope="0.00"/>
        <vehicle id="10" x="613.99" y="201.65" angle="-90.00" type="DEFAULT_VEHTYPE" speed="6.30" pos="186.01" lane="4/1to3/1_0" slope="0.00"/>
        <vehicle id="11" x="401.65" y="767.20" angle="180.00" type="DEFAULT_VEHTYPE" speed="12.62" pos="162.45" lane="2/3to2/4_0" slope="0.00"/>
        <vehicle id="15" x="701.58" y="201.65" angle="-90.00" type="DEFAULT_VEHTYPE" speed="13.53" pos="98.42" lane="4/1to3/1_0" slope="0.00"/>
        <vehicle id="16" x="398.35" y="725.85" angle="0.00" type="DEFAULT_VEHTYPE" speed="13.50" pos="74.15" lane="2/4to2/3_0" slope="0.00"/>
        <vehicle id="17" x="398.35" y="628.48" angle="0.00" type="DEFAULT_VEHTYPE" speed="13.32" pos="171.52" lane="2/4to2/3_0" slope="0.00"/>
        <vehicle id="18" x="609.26" y="601.65" angle="-90.00" type="DEFAULT_VEHTYPE" speed="3.38" pos="190.74" lane="4/3to3/3_0" slope="0.00"/>
        <vehicle id="2" x="198.35" y="251.90" angle="0.00" type="DEFAULT_VEHTYPE" speed="12.67" pos="143.35" lane="1/2to1/1_0" slope="0.00"/>
        <vehicle id="24" x="201.65" y="557.63" angle="180.00" type="DEFAULT_VEHTYPE" speed="13.18" pos="152.88" lane="1/2to1/3_0" slope="0.00"/>
        <vehicle id="28" x="645.45" y="598.35" angle="90.00" type="DEFAULT_VEHTYPE" speed="12.89" pos="40.70" lane="3/3to4/3_0" slope="0.00"/>
        <vehicle id="29" x="401.65" y="126.45" angle="180.00" type="DEFAULT_VEHTYPE" speed="13.77" pos="126.45" lane="2/0to2/1_0" slope="0.00"/>
        <vehicle id="3" x="598.35" y="481.68" angle="0.00" type="DEFAULT_VEHTYPE" speed="13.16" pos="113.57" lane="3/3to3/2_0" slope="0.00"/>
        <vehicle id="33" x="566.54" y="198.35" angle="90.00" type="DEFAULT_VEHTYPE" speed="12.61" pos="161.79" lane="2/1to3/1_0" slope="0.00"/>
        <vehicle id="37" x="279.98" y="201.65" angle="-90.00" type="DEFAULT_VEHTYPE" speed="13.65" pos="115.27" lane="2/1to1/1_0" slope="0.00"/>
        <vehicle id="39" x="412.07" y="401.65" angle="-90.00" type="DEFAULT_VEHTYPE" speed="4.47" pos="183.18" lane="3/2to2/2_0" slope="0.00"/>
        <vehicle id="40" x="601.65" y="372.27" angle="180.00" type="DEFAULT_VEHTYPE" speed="12.09" pos="167.52" lane="3/1to3/2_0" slope="0.00"/>
        <vehicle id="42" x="283.98" y="598.35" angle="90.00" type="DEFAULT_VEHTYPE" speed="12.73" pos="79.23" lane="1/3to2/3_0" slope="0.00"/>
        <vehicle id="43" x="98.41" y="401.65" angle="-90.00" type="DEFAULT_VEHTYPE" speed="12.86" pos="96.84" lane="1/2to0/2_0" slope="0.00"/>
        <vehicle id="44" x="601.65" y="317.49" angle="180.00" type="DEFAULT_VEHTYPE" speed="12.87" pos="112.74" lane="3/1to3/2_0" slope="0.00"/>
        <vehicle id="48" x="519.51" y="198.35" angle="90.00" type="DEFAULT_VEHTYPE" speed="12.61" pos="114.76" lane="2/1to3/1_0" slope="0.00"/>
        <vehicle id="49" x="398.35" y="236.17" angle="0.00" type="DEFAULT_VEHTYPE" speed="13.64" pos="159.08" lane="2/2to2/1_0" slope="0.00"/>
        <vehicle id="5" x="201.65" y="402.00" angle="180.00" type="DEFAULT_VEHTYPE" speed="12.80" pos="6.75" lane=":1/2_9_0" slope="0.00"/>
        <vehicle id="6" x="374.29" y="401.65" angle="-90.00" type="DEFAULT_VEHTYPE" speed="13.10" pos="20.96" lane="2/2to1/2_0" slope="0.00"/>
        <vehicle id="7" x="240.14" y="598.35" angle="90.00" type="DEFAULT_VEHTYPE" speed="13.57" pos="35.39" lane="1/3to2/3_0" slope="0.00"/>
        <vehicle id="8" x="201.89" y="196.68" angle="177.30" type="DEFAULT_VEHTYPE" speed="13.86" pos="1.46" lane=":1/1_8_0" slope="0.00"/>
        <vehicle id="9" x="148.23" y="198.35" angle="90.00" type="DEFAULT_VEHTYPE" speed="13.30" pos="148.23" lane="0/1to1/1_0" slope="0.00"/>
    </timestep>
    <timestep time="722.00">
        <vehicle id="0" x="601.65" y="253.71" angle="180.00" type="DEFAULT_VEHTYPE" speed="13.12" pos="48.96" lane="3/1to3/2_0" slope="0.00"/>
        <vehicle id="10" x="609.68" y="201.65" angle="-90.00" type="DEFAULT_VEHTYPE" speed="4.31" pos="190.32" lane="4/1to3/1_0" slope="0.00"/>
        <vehicle id="11" x="401.65" y="780.73" angle="180.00" type="DEFAULT_VEHTYPE" speed="13.52" pos="175.98" lane="2/3to2/4_0" slope="0.00"/>
        <vehicle id="15" x="688.75" y="201.65" angle="-90.00" type="DEFAULT_VEHTYPE" speed="12.82" pos="111.25" lane="4/1to3/1_0" slope="0.00"/>
        <vehicle id="16" x="398.35" y="712.77" angle="0.00" type="DEFAULT_VEHTYPE" speed="13.08" pos="87.23" lane="2/4to2/3_0" slope="0.00"/>
        <vehicle id="17" x="398.35" y="615.58" angle="0.00" type="DEFAULT_VEHTYPE" speed="12.90" pos="184.42" lane="2/4to2/3_0" slope="0.00"/>
        <vehicle id="18" x="604.55" y="601.62" angle="-89.67" type="DEFAULT_VEHTYPE" speed="4.71" pos="0.20" lane=":3/3_6_0" slope="0.00"/>
        <vehicle id="2" x="198.35" y="238.73" angle="0.00" type="DEFAULT_VEHTYPE" speed="13.17" pos="156.52" lane="1/2to1/1_0" slope="0.00"/>
        <vehicle id="24" x="201.65" y="570.31" angle="180.00" type="DEFAULT_VEHTYPE" speed="12.68" pos="165.56" lane="1/2to1/3_0" slope="0.00"/>
        <vehicle id="28" x="658.10" y="598.35" angle="90.00" type="DEFAULT_VEHTYPE" speed="12.65" pos="53.35" lane="3/3to4/3_0" slope="0.00"/>
        <vehicle id="29" x="401.65" y="139.75" angle="180.00" type="DEFAULT_VEHTYPE" speed="13.30" pos="139.75" lane="2/0to2/1_0" slope="0.00"/>
        <vehicle id="3" x="598.35" y="468.14" angle="0.00" type="DEFAULT_VEHTYPE" speed="13.55" pos="127.11" lane="3/3to3/2_0" slope="0.00"/>
        <vehicle id="33" x="577.62" y="198.35" angle="90.00" type="DEFAULT_VEHTYPE" speed="11.08" pos="172.87" lane="2/1to3/1_0" slope="0.00"/>
        <vehicle id="37" x="267.10" y="201.65" angle="-90.00" type="DEFAULT_VEHTYPE" speed="12.88" pos="128.15" lane="2/1to1/1_0" slope="0.00"/>
        <vehicle id="39" x="409.66" y="401.65" angle="-90.00" type="DEFAULT_VEHTYPE" speed="2.42" pos="185.59" lane="3/2to2/2_0" slope="0.00"/>
        <vehicle id="40" x="601.65" y="381.61" angle="180.00" type="DEFAULT_VEHTYPE" speed="9.33" pos="176.86" lane="3/1to3/2_0" slope="0.00"/>
        <vehicle id="42" x="297.30" y="598.35" angle="90.00" type="DEFAULT_VEHTYPE" speed="13.32" pos="92.55" lane="1/3to2/3_0" slope="0.00"/>
        <vehicle id="43" x="85.81" y="401.65" angle="-90.00" type="DEFAULT_VEHTYPE" speed="12.60" pos="109.44" lane="1/2to0/2_0" slope="0.00"/>
        <vehicle id="44" x="601.65" y="331.37" angle="180.00" type="DEFAULT_VEHTYPE" speed="13.89" pos="126.62" lane="3/1to3/2_0" slope="0.00"/>
        <vehicle id="48" x="532.98" y="198.35" angle="90.00" type="DEFAULT_VEHTYPE" speed="13.47" pos="128.23" lane="2/1to3/1_0" slope="0.00"/>
        <vehicle id="49" x="398.35" y="223.20" angle="0.00" type="DEFAULT_VEHTYPE" speed="12.97" pos="172.05" lane="2/2to2/1_0" slope="0.00"/>
        <vehicle id="5" x="201.65" y="415.03" angle="180.00" type="DEFAULT_VEHTYPE" speed="13.02" pos="10.28" lane="1/2to1/3_0" slope="0.00"/>
        <vehicle id="6" x="360.70" y="401.65" angle="-90.00" type="DEFAULT_VEHTYPE" speed="13.58" pos="34.55" lane="2/2to1/2_0" slope="0.00"/>
        <vehicle id="7" x="252.97" y="598.35" angle="90.00" type="DEFAULT_VEHTYPE" speed="12.83" pos="48.22" lane="1/3to2/3_0" slope="0.00"/>
        <vehicle id="8" x="214.35" y="198.35" angle="90.00" type="DEFAULT_VEHTYPE" speed="13.14" pos="9.60" lane="1/1to2/1_0" slope="0.00"/>
        <vehicle id="9" x="161.16" y="198.35" angle="90.00" type="DEFAULT_VEHTYPE" speed="12.94" pos="161.16" lane="0/1to1/1_0" slope="0.00"/>
    </timestep>
    <timestep time="723.00">
        <vehicle id="0" x="601.65" y="267.33" angle="180.00" type="DEFAULT_VEHTYPE" speed="13.62" pos="62.58" lane="3/1to3/2_0" slope="0.00"/>
        <vehicle id="10" x="604.04" y="201.75" angle="-91.14" type="DEFAULT_VEHTYPE" speed="5.65" pos="0.72" lane=":3/1_4_0" slope="0.00"/>
        <vehicle id="11" x="401.65" y="794.43" angle="180.00" type="DEFAULT_VEHTYPE" speed="13.70" pos="189.68" lane="2/3to2/4_0" slope="0.00"/>
        <vehicle id="15" x="675.38" y="201.65" angle="-90.00" type="DEFAULT_VEHTYPE" speed="13.38" pos="124.62" lane="4/1to3/1_0" slope="0.00"/>
        <vehicle id="16" x="398.35" y="699.00" angle="0.00" type="DEFAULT_VEHTYPE" speed="13.77" pos="101.00" lane="2/4to2/3_0" slope="0.00"/>
        <vehicle id="17" x="398.35" y="602.28" angle="0.00" type="DEFAULT_VEHTYPE" speed="13.30" pos="2.47" lane=":2/3_1_0" slope="0.00"/>
        <vehicle id="18" x="599.24" y="598.87" angle="-57.30" type="DEFAULT_VEHTYPE" speed="6.33" pos="6.53" lane=":3/3_6_0" slope="0.00"/>
        <vehicle id="2" x="198.35" y="226.06" angle="0.00" type="DEFAULT_VEHTYPE" speed="12.68" pos="169.19" lane="1/2to1/1_0" slope="0.00"/>
        <vehicle id="24" x="201.65" y="582.93" angle="180.00" type="DEFAULT_VEHTYPE" speed="12.62" pos="178.18" lane="1/2to1/3_0" slope="0.00"/>
        <vehicle id="28" x="670.91" y="598.35" angle="90.00" type="DEFAULT_VEHTYPE" speed="12.81" pos="66.16" lane="3/3to4/3_0" slope="0.00"/>
        <vehicle id="29" x="401.65" y="152.42" angle="180.00" type="DEFAULT_VEHTYPE" speed="12.67" pos="152.42" lane="2/0to2/1_0" slope="0.00"/>
        <vehicle id="3" x="598.35" y="455.22" angle="0.00" type="DEFAULT_VEHTYPE" speed="12.92" pos="140.03" lane="3/3to3/2_0" slope="0.00"/>
        <vehicle id="33" x="585.16" y="198.35" angle="90.00" type="DEFAULT_VEHTYPE" speed="7.54" pos="180.41" lane="2/1to3/1_0" slope="0.00"/>
        <vehicle id="37" x="253.59" y="201.65" angle="-90.00" type="DEFAULT_VEHTYPE" speed="13.51" pos="141.66" lane="2/1to1/1_0" slope="0.00"/>
        <vehicle id="39" x="405.73" y="401.65" angle="-90.00" type="DEFAULT_VEHTYPE" speed="3.93" pos="189.52" lane="3/2to2/2_0" slope="0.00"/>
        <vehicle id="40" x="601.65" y="386.88" angle="180.00" type="DEFAULT_VEHTYPE" speed="5.27" pos="182.13" lane="3/1to3/2_0" slope="0.00"/>
        <vehicle id="42" x="311.13" y="598.35" angle="90.00" type="DEFAULT_VEHTYPE" speed="13.82" pos="106.38" lane="1/3to2/3_0" slope="0.00"/>
        <vehicle id="43" x="71.92" y="401.65" angle="-90.00" type="DEFAULT_VEHTYPE" speed="13.89" pos="123.33" lane="1/2to0/2_0" slope="0.00"/>
        <vehicle id="44" x="601.65" y="344.80" angle="180.00" type="DEFAULT_VEHTYPE" speed="13.43" pos="140.05" lane="3/1to3/2_0" slope="0.00"/>
        <vehicle id="48" x="546.21" y="198.35" angle="90.00" type="DEFAULT_VEHTYPE" speed="13.23" pos="141.46" lane="2/1to3/1_0" slope="0.00"/>
        <vehicle id="49" x="398.35" y="209.55" angle="0.00" type="DEFAULT_VEHTYPE" speed="13.64" pos="185.70" lane="2/2to2/1_0" slope="0.00"/>
        <vehicle id="5" x="201.65" y="427.76" angle="180.00" type="DEFAULT_VEHTYPE" speed="12.73" pos="23.01" lane="1/2to1/3_0" slope="0.00"/>
        <vehicle id="6" x="347.70" y="401.65" angle="-90.00" type="DEFAULT_VEHTYPE" speed="13.00" pos="47.55" lane="2/2to1/2_0" slope="0.00"/>
        <vehicle id="7" x="266.02" y="598.35" angle="90.00" type="DEFAULT_VEHTYPE" speed="13.06" pos="61.27" lane="1/3to2/3_0" slope="0.00"/>
        <vehicle id="8" x="227.60" y="198.35" angle="90.00" type="DEFAULT_VEHTYPE" speed="13.25" pos="22.85" lane="1/1to2/1_0" slope="0.00"/>
        <vehicle id="9" x="173.96" y="198.35" angle="90.00" type="DEFAULT_VEHTYPE" speed="12.80" pos="173.96" lane="0/1to1/1_0" slope="0.00"/>
    </timestep>
    <timestep time="724.00">
        <vehicle id="0" x="601.65" y="280.52" angle="180.00" type="DEFAULT_VEHTYPE" speed="13.18" pos="75.77" lane="3/1to3/2_0" slope="0.00"/>
        <vehicle id="10" x="601.65" y="207.68" angle="-173.53" type="DEFAULT_VEHTYPE" speed="7.21" pos="2.93" lane="3/1to3/2_0" slope="0.00"/>
        <vehicle id="11" x="398.35" y="797.74" angle="-27.39" type="DEFAULT_VEHTYPE" speed="12.65" pos="2.26" lane="2/4to2/3_0" slope="0.00"/>
        <vehicle id="15" x="661.80" y="201.65" angle="-90.00" type="DEFAULT_VEHTYPE" speed="13.57" pos="138.20" lane="4/1to3/1_0" slope="0.00"/>
        <vehicle id="16" x="398.35" y="686.09" angle="0.00" type="DEFAULT_VEHTYPE" speed="12.91" pos="113.91" lane="2/4to2/3_0" slope="0.00"/>
        <vehicle id="17" x="398.35" y="589.49" angle="0.00" type="DEFAULT_VEHTYPE" speed="12.79" pos="5.76" lane="2/3to2/2_0" slope="0.00"/>
        <vehicle id="18" x="598.35" y="590.95" angle="-1.13" type="DEFAULT_VEHTYPE" speed="8.09" pos="4.30" lane="3/3to3/2_0" slope="0.00"/>
        <vehicle id="2" x="198.35" y="212.38" angle="0.00" type="DEFAULT_VEHTYPE" speed="13.68" pos="182.87" lane="1/2to1/1_0" slope="0.00"/>
        <vehicle id="24" x="201.76" y="596.01" angle="178.78" type="DEFAULT_VEHTYPE" speed="13.09" pos="0.77" lane=":1/3_8_0" slope="0.00"/>
        <vehicle id="28" x="683.91" y="598.35" angle="90.00" type="DEFAULT_VEHTYPE" speed="13.00" pos="79.16" lane="3/3to4/3_0" slope="0.00"/>
        <vehicle id="29" x="401.65" y="165.73" angle="180.00" type="DEFAULT_VEHTYPE" speed="13.31" pos="165.73" lane="2/0to2/1_0" slope="0.00"/>
        <vehicle id="3" x="598.35" y="442.25" angle="0.00" type="DEFAULT_VEHTYPE" speed="12.97" pos="153.00" lane="3/3to3/2_0" slope="0.00"/>
        <vehicle id="33" x="589.11" y="198.35" angle="90.00" type="DEFAULT_VEHTYPE" speed="3.95" pos="184.36" lane="2/1to3/1_0" slope="0.00"/>
        <vehicle id="37" x="240.10" y="201.65" angle="-90.00" type="DEFAULT_VEHTYPE" speed="13.49" pos="155.15" lane="2/1to1/1_0" slope="0.00"/>
        <vehicle id="39" x="399.78" y="399.77" angle="-68.03" type="DEFAULT_VEHTYPE" speed="6.46" pos="5.49" lane=":2/2_6_0" slope="0.00"/>
        <vehicle id="40" x="601.65" y="390.43" angle="180.00" type="DEFAULT_VEHTYPE" speed="3.55" pos="185.68" lane="3/1to3/2_0" slope="0.00"/>
        <vehicle id="42" x="324.74" y="598.35" angle="90.00" type="DEFAULT_VEHTYPE" speed="13.61" pos="119.99" lane="1/3to2/3_0" slope="0.00"/>
        <vehicle id="43" x="58.76" y="401.65" angle="-90.00" type="DEFAULT_VEHTYPE" speed="13.16" pos="136.49" lane="1/2to0/2_0" slope="0.00"/>
        <vehicle id="44" x="601.65" y="358.33" angle="180.00" type="DEFAULT_VEHTYPE" speed="13.53" pos="153.58" lane="3/1to3/2_0" slope="0.00"/>
        <vehicle id="48" x="559.59" y="198.35" angle="90.00" type="DEFAULT_VEHTYPE" speed="13.38" pos="154.84" lane="2/1to3/1_0" slope="0.00"/>
        <vehicle id="49" x="391.46" y="201.65" angle="-88.06" type="DEFAULT_VEHTYPE" speed="13.59" pos="3.79" lane="2/1to1/1_0" slope="0.00"/>
        <vehicle id="5" x="201.65" y="440.48" angle="180.00" type="DEFAULT_VEHTYPE" speed="12.72" pos="35.73" lane="1/2to1/3_0" slope="0.00"/>
        <vehicle id="6" x="335.10" y="401.65" angle="-90.00" type="DEFAULT_VEHTYPE" speed="12.60" pos="60.15" lane="2/2to1/2_0" slope="0.00"/>
        <vehicle id="7" x="279.54" y="598.35" angle="90.00" type="DEFAULT_VEHTYPE" speed="13.52" pos="74.79" lane="1/3to2/3_0" slope="0.00"/>
        <vehicle id="8" x="240.25" y="198.35" angle="90.00" type="DEFAULT_VEHTYPE" speed="12.64" pos="35.50" lane="1/1to2/1_0" slope="0.00"/>
        <vehicle id="9" x="182.26" y="198.35" angle="90.00" type="DEFAULT_VEHTYPE" speed="8.30" pos="182.26" lane="0/1to1/1_0" slope="0.00"/>
    </timestep>
    <timestep time="725.00">
        <vehicle id="0" x="601.65" y="293.77" angle="180.00" type="DEFAULT_VEHTYPE" speed="13.26" pos="89.02" lane="3/1to3/2_0" slope="0.00"/>
        <vehicle id="10" x="601.65" y="217.12" angle="180.00" type="DEFAULT_VEHTYPE" speed="9.45" pos="12.37" lane="3/1to3/2_0" slope="0.00"/>
        <vehicle id="11" x="398.35" y="785.11" angle="0.00" type="DEFAULT_VEHTYPE" speed="12.63" pos="14.89" lane="2/4to2/3_0" slope="0.00"/>
        <vehicle id="15" x="649.18" y="201.65" angle="-90.00" type="DEFAULT_VEHTYPE" speed="12.63" pos="150.82" lane="4/1to3/1_0" slope="0.00"/>
        <vehicle id="16" x="398.35" y="672.89" angle="0.00" type="DEFAULT_VEHTYPE" speed="13.21" pos="127.11" lane="2/4to2/3_0" slope="0.00"/>
        <vehicle id="17" x="398.35" y="575.75" angle="0.00" type="DEFAULT_VEHTYPE" speed="13.74" pos="19.50" lane="2/3to2/2_0" slope="0.00"/>
        <vehicle id="18" x="598.35" y="580.39" angle="0.00" type="DEFAULT_VEHTYPE" speed="10.56" pos="14.86" lane="3/3to3/2_0" slope="0.00"/>
        <vehicle id="2" x="194.11" y="201.65" angle="-64.15" type="DEFAULT_VEHTYPE" speed="13.76" pos="1.14" lane="1/1to0/1_0" slope="0.00"/>
        <vehicle id="24" x="214.09" y="598.35" angle="90.00" type="DEFAULT_VEHTYPE" speed="13.57" pos="9.34" lane="1/3to2/3_0" slope="0.00"/>
        <vehicle id="28" x="697.33" y="598.35" angle="90.00" type="DEFAULT_VEHTYPE" speed="13.42" pos="92.58" lane="3/3to4/3_0" slope="0.00"/>
        <vehicle id="29" x="401.65" y="178.94" angle="180.00" type="DEFAULT_VEHTYPE" speed="13.21" pos="178.94" lane="2/0to2/1_0" slope="0.00"/>
        <vehicle id="3" x="598.35" y="429.43" angle="0.00" type="DEFAULT_VEHTYPE" speed="12.82" pos="165.82" lane="3/3to3/2_0" slope="0.00"/>
        <vehicle id="33" x="594.44" y="198.35" angle="90.00" type="DEFAULT_VEHTYPE" speed="5.33" pos="189.69" lane="2/1to3/1_0" slope="0.00"/>
        <vehicle id="37" x="226.95" y="201.65" angle="-90.00" type="DEFAULT_VEHTYPE" speed="13.15" pos="168.30" lane="2/1to1/1_0" slope="0.00"/>
        <vehicle id="39" x="398.35" y="391.26" angle="-1.65" type="DEFAULT_VEHTYPE" speed="8.82" pos="3.99" lane="2/2to2/1_0" slope="0.00"/>
        <vehicle id="40" x="601.65" y="395.20" angle="180.00" type="DEFAULT_VEHTYPE" speed="4.77" pos="190.45" lane="3/1to3/2_0" slope="0.00"/>
        <vehicle id="42" x="337.76" y="598.35" angle="90.00" type="DEFAULT_VEHTYPE" speed="13.02" pos="133.01" lane="1/3to2/3_0" slope="0.00"/>
        <vehicle id="43" x="45.12" y="401.65" angle="-90.00" type="DEFAULT_VEHTYPE" speed="13.64" pos="150.13" lane="1/2to0/2_0" slope="0.00"/>
        <vehicle id="44" x="601.65" y="368.56" angle="180.00" type="DEFAULT_VEHTYPE" speed="10.23" pos="163.81" lane="3/1to3/2_0" slope="0.00"/>
        <vehicle id="48" x="568.65" y="198.35" angle="90.00" type="DEFAULT_VEHTYPE" speed="9.06" pos="163.90" lane="2/1to3/1_0" slope="0.00"/>
        <vehicle id="49" x="377.77" y="201.65" angle="-90.00" type="DEFAULT_VEHTYPE" speed="13.69" pos="17.48" lane="2/1to1/1_0" slope="0.00"/>
        <vehicle id="5" x="201.65" y="454.00" angle="180.00" type="DEFAULT_VEHTYPE" speed="13.52" pos="49.25" lane="1/2to1/3_0" slope="0.00"/>
        <vehicle id="6" x="322.17" y="401.65" angle="-90.00" type="DEFAULT_VEHTYPE" speed="12.93" pos="73.08" lane="2/2to1/2_0" slope="0.00"/>
        <vehicle id="7" x="292.59" y="598.35" angle="90.00" type="DEFAULT_VEHTYPE" speed="13.05" pos="87.84" lane="1/3to2/3_0" slope="0.00"/>
        <vehicle id="8" x="253.06" y="198.35" angle="90.00" type="DEFAULT_VEHTYPE" speed="12.81" pos="48.31" lane="1/1to2/1_0" slope="0.00"/>
        <vehicle id="9" x="188.21" y="198.35" angle="90.00" type="DEFAULT_VEHTYPE" speed="5.96" pos="188.21" lane="0/1to1/1_0" slope="0.00"/>
    </timestep>
    <timestep time="726.00">
        <vehicle id="0" x="601.65" y="306.93" angle="180.00" type="DEFAULT_VEHTYPE" speed="13.15" pos="102.18" lane="3/1to3/2_0" slope="0.00"/>
        <vehicle id="10" x="601.65" y="228.36" angle="180.00" type="DEFAULT_VEHTYPE" speed="11.24" pos="23.61" lane="3/1to3/2_0" slope="0.00"/>
        <vehicle id="11" x="398.35" y="771.83" angle="0.00" type="DEFAULT_VEHTYPE" speed="13.28" pos="28.17" lane="2/4to2/3_0" slope="0.00"/>
        <vehicle id="15" x="635.46" y="201.65" angle="-90.00" type="DEFAULT_VEHTYPE" speed="13.72" pos="164.54" lane="4/1to3/1_0" slope="0.00"/>
        <vehicle id="16" x="398.35" y="659.68" angle="0.00" type="DEFAULT_VEHTYPE" speed="13.20" pos="140.32" lane="2/4to2/3_0" slope="0.00"/>
        <vehicle id="17" x="398.35" y="563.03" angle="0.00" type="DEFAULT_VEHTYPE" speed="12.72" pos="32.22" lane="2/3to2/2_0" slope="0.00"/>
        <vehicle id="18" x="598.35" y="567.98" angle="0.00" type="DEFAULT_VEHTYPE" speed="12.41" pos="27.27" lane="3/3to3/2_0" slope="0.00"/>
        <vehicle id="2" x="181.48" y="201.65" angle="-90.00" type="DEFAULT_VEHTYPE" speed="12.63" pos="13.77" lane="1/1to0/1_0" slope="0.00"/>
        <vehicle id="24" x="227.36" y="598.35" angle="90.00" type="DEFAULT_VEHTYPE" speed="13.27" pos="22.61" lane="1/3to2/3_0" slope="0.00"/>
        <vehicle id="28" x="710.02" y="598.35" angle="90.00" type="DEFAULT_VEHTYPE" speed="12.69" pos="105.27" lane="3/3to4/3_0" slope="0.00"/>
        <vehicle id="29" x="401.65" y="192.37" angle="180.00" type="DEFAULT_VEHTYPE" speed="13.42" pos="192.37" lane="2/0to2/1_0" slope="0.00"/>
        <vehicle id="3" x="598.35" y="416.09" angle="0.00" type="DEFAULT_VEHTYPE" speed="13.34" pos="179.16" lane="3/3to3/2_0" slope="0.00"/>
        <vehicle id="33" x="600.49" y="200.68" angle="117.29" type="DEFAULT_VEHTYPE" speed="6.82" pos="6.01" lane=":3/1_14_0" slope="0.00"/>
        <vehicle id="37" x="218.30" y="201.65" angle="-90.00" type="DEFAULT_VEHTYPE" speed="8.65" pos="176.95" lane="2/1to1/1_0" slope="0.00"/>
        <vehicle id="39" x="398.35" y="380.00" angle="0.00" type="DEFAULT_VEHTYPE" speed="11.26" pos="15.25" lane="2/2to2/1_0" slope="0.00"/>
        <vehicle id="40" x="601.34" y="397.44" angle="-176.41" type="DEFAULT_VEHTYPE" speed="2.26" pos="2.21" lane=":3/2_10_0" slope="0.00"/>
        <vehicle id="42" x="350.68" y="598.35" angle="90.00" type="DEFAULT_VEHTYPE" speed="12.91" pos="145.93" lane="1/3to2/3_0" slope="0.00"/>
        <vehicle id="43" x="31.38" y="401.65" angle="-90.00" type="DEFAULT_VEHTYPE" speed="13.74" pos="163.87" lane="1/2to0/2_0" slope="0.00"/>
        <vehicle id="44" x="601.65" y="378.50" angle="180.00" type="DEFAULT_VEHTYPE" speed="9.94" pos="173.75" lane="3/1to3/2_0" slope="0.00"/>
        <vehicle id="48" x="579.12" y="198.35" angle="90.00" type="DEFAULT_VEHTYPE" speed="10.47" pos="174.37" lane="2/1to3/1_0" slope="0.00"/>
        <vehicle id="49" x="364.08" y="201.65" angle="-90.00" type="DEFAULT_VEHTYPE" speed="13.70" pos="31.17" lane="2/1to1/1_0" slope="0.00"/>
        <vehicle id="5" x="201.65" y="467.87" angle="180.00" type="DEFAULT_VEHTYPE" speed="13.87" pos="63.12" lane="1/2to1/3_0" slope="0.00"/>
        <vehicle id="6" x="308.29" y="401.65" angle="-90.00" type="DEFAULT_VEHTYPE" speed="13.88" pos="86.96" lane="2/2to1/2_0" slope="0.00"/>
        <vehicle id="7" x="306.13" y="598.35" angle="90.00" type="DEFAULT_VEHTYPE" speed="13.53" pos="101.38" lane="1/3to2/3_0" slope="0.00"/>
        <vehicle id="8" x="266.85" y="198.35" angle="90.00" type="DEFAULT_VEHTYPE" speed="13.79" pos="62.10" lane="1/1to2/1_0" slope="0.00"/>
        <vehicle id="9" x="190.26" y="198.35" angle="90.00" type="DEFAULT_VEHTYPE" speed="2.05" pos="190.26" lane="0/1to1/1_0" slope="0.00"/>
    </timestep>
    <timestep time="727.00">
        <vehicle id="0" x="601.65" y="319.94" angle="180.00" type="DEFAULT_VEHTYPE" speed="13.02" pos="115.19" lane="3/1to3/2_0" slope="0.00"/>
        <vehicle id="10" x="601.65" y="241.76" angle="180.00" type="DEFAULT_VEHTYPE" speed="13.40" pos="37.01" lane="3/1to3/2_0" slope="0.00"/>
        <vehicle id="11" x="398.35" y="759.15" angle="0.00" type="DEFAULT_VEHTYPE" speed="12.68" pos="40.85" lane="2/4to2/3_0" slope="0.00"/>
        <vehicle id="15" x="623.57" y="201.65" angle="-90.00" type="DEFAULT_VEHTYPE" speed="11.89" pos="176.43" lane="4/1to3/1_0" slope="0.00"/>
        <vehicle id="16" x="398.35" y="646.46" angle="0.00" type="DEFAULT_VEHTYPE" speed="13.23" pos="153.54" lane="2/4to2/3_0" slope="0.00"/>
        <vehicle id="17" x="398.35" y="549.73" angle="0.00" type="DEFAULT_VEHTYPE" speed="13.29" pos="45.52" lane="2/3to2/2_0" slope="0.00"/>
        <vehicle id="18" x="598.35" y="554.42" angle="0.00" type="DEFAULT_VEHTYPE" speed="13.56" pos="40.83" lane="3/3to3/2_0" slope="0.00"/>
        <vehicle id="2" x="167.63" y="201.65" angle="-90.00" type="DEFAULT_VEHTYPE" speed="13.86" pos="27.62" lane="1/1to0/1_0" slope="0.00"/>
        <vehicle id="24" x="240.12" y="598.35" angle="90.00" type="DEFAULT_VEHTYPE" speed="12.76" pos="35.37" lane="1/3to2/3_0" slope="0.00"/>
        <vehicle id="28" x="723.34" y="598.35" angle="90.00" type="DEFAULT_VEHTYPE" speed="13.32" pos="118.59" lane="3/3to4/3_0" slope="0.00"/>
        <vehicle id="29" x="410.49" y="198.35" angle="90.00" type="DEFAULT_VEHTYPE" speed="13.63" pos="5.74" lane="2/1to3/1_0" slope="0.00"/>
        <vehicle id="3" x="597.60" y="402.45" angle="-8.81" type="DEFAULT_VEHTYPE" speed="13.80" pos="2.46" lane=":3/2_0_0" slope="0.00"/>
        <vehicle id="33" x="601.65" y="208.65" angle="178.21" type="DEFAULT_VEHTYPE" speed="8.21" pos="3.90" lane="3/1to3/2_0" slope="0.00"/>
        <vehicle id="37" x="212.04" y="201.65" angle="-90.00" type="DEFAULT_VEHTYPE" speed="6.27" pos="183.21" lane="2/1to1/1_0" slope="0.00"/>
        <vehicle id="39" x="398.35" y="366.88" angle="0.00" type="DEFAULT_VEHTYPE" speed="13.13" pos="28.37" lane="2/2to2/1_0" slope="0.00"/>
        <vehicle id="40" x="600.85" y="398.72" angle="-170.61" type="DEFAULT_VEHTYPE" speed="1.40" pos="3.61" lane=":3/2_10_0" slope="0.00"/>
        <vehicle id="42" x="363.76" y="598.35" angle="90.00" type="DEFAULT_VEHTYPE" speed="13.08" pos="159.01" lane="1/3to2/3_0" slope="0.00"/>
        <vehicle id="43" x="18.04" y="401.65" angle="-90.00" type="DEFAULT_VEHTYPE" speed="13.34" pos="177.21" lane="1/2to0/2_0" slope="0.00"/>
        <vehicle id="44" x="601.65" y="385.01" angle="180.00" type="DEFAULT_VEHTYPE" speed="6.51" pos="180.26" lane="3/1to3/2_0" slope="0.00"/>
        <vehicle id="48" x="585.42" y="198.35" angle="90.00" type="DEFAULT_VEHTYPE" speed="6.30" pos="180.67" lane="2/1to3/1_0" slope="0.00"/>
        <vehicle id="49" x="350.65" y="201.65" angle="-90.00" type="DEFAULT_VEHTYPE" speed="13.43" pos="44.60" lane="2/1to1/1_0" slope="0.00"/>
        <vehicle id="5" x="201.65" y="480.74" angle="180.00" type="DEFAULT_VEHTYPE" speed="12.87" pos="75.99" lane="1/2to1/3_0" slope="0.00"/>
        <vehicle id="6" x="295.06" y="401.65" angle="-90.00" type="DEFAULT_VEHTYPE" speed="13.23" pos="100.19" lane="2/2to1/2_0" slope="0.00"/>
        <vehicle id="7" x="319.76" y="598.35" angle="90.00" type="DEFAULT_VEHTYPE" speed="13.63" pos="115.01" lane="1/3to2/3_0" slope="0.00"/>
        <vehicle id="8" x="280.49" y="198.35" angle="90.00" type="DEFAULT_VEHTYPE" speed="13.64" pos="75.74" lane="1/1to2/1_0" slope="0.00"/>
        <vehicle id="9" x="194.41" y="198.35" angle="90.00" type="DEFAULT_VEHTYPE" speed="4.15" pos="194.41" lane="0/1to1/1_0" slope="0.00"/>
    </timestep>
    <timestep time="728.00">
        <vehicle id="0" x="601.65" y="333.14" angle="180.00" type="DEFAULT_VEHTYPE" speed="13.20" pos="128.39" lane="3/1to3/2_0" slope="0.00"/>
        <vehicle id="10" x="601.65" y="255.32" angle="180.00" type="DEFAULT_VEHTYPE" speed="13.56" pos="50.57" lane="3/1to3/2_0" slope="0.00"/>
        <vehicle id="11" x="398.35" y="745.56" angle="0.00" type="DEFAULT_VEHTYPE" speed="13.59" pos="54.44" lane="2/4to2/3_0" slope="0.00"/>
        <vehicle id="15" x="615.71" y="201.65" angle="-90.00" type="DEFAULT_VEHTYPE" speed="7.86" pos="184.29" lane="4/1to3/1_0" slope="0.00"/>
        <vehicle id="16" x="398.35" y="633.64" angle="0.00" type="DEFAULT_VEHTYPE" speed="12.82" pos="166.36" lane="2/4to2/3_0" slope="0.00"/>
        <vehicle id="17" x="398.35" y="536.56" angle="0.00" type="DEFAULT_VEHTYPE" speed="13.17" pos="58.69" lane="2/3to2/2_0" slope="0.00"/>
        <vehicle id="18" x="598.35" y="541.10" angle="0.00" type="DEFAULT_VEHTYPE" speed="13.32" pos="54.15" lane="3/3to3/2_0" slope="0.00"/>
        <vehicle id="2" x="153.75" y="201.65" angle="-90.00" type="DEFAULT_VEHTYPE" speed="13.88" pos="41.50" lane="1/1to0/1_0" slope="0.00"/>
        <vehicle id="24" x="253.57" y="598.35" angle="90.00" type="DEFAULT_VEHTYPE" speed="13.45" pos="48.82" lane="1/3to2/3_0" slope="0.00"/>
        <vehicle id="28" x="736.09" y="598.35" angle="90.00" type="DEFAULT_VEHTYPE" speed="12.75" pos="131.34" lane="3/3to4/3_0" slope="0.00"/>
        <vehicle id="29" x="424.21" y="198.35" angle="90.00" type="DEFAULT_VEHTYPE" speed="13.72" pos="19.46" lane="2/1to3/1_0" slope="0.00"/>
        <vehicle id="3" x="584.71" y="401.65" angle="-90.00" type="DEFAULT_VEHTYPE" speed="13.08" pos="10.54" lane="3/2to2/2_0" slope="0.00"/>
        <vehicle id="33" x="601.65" y="218.83" angle="180.00" type="DEFAULT_VEHTYPE" speed="10.18" pos="14.08" lane="3/1to3/2_0" slope="0.00"/>
        <vehicle id="37" x="209.48" y="201.65" angle="-90.00" type="DEFAULT_VEHTYPE" speed="2.56" pos="185.77" lane="2/1to1/1_0" slope="0.00"/>
        <vehicle id="39" x="398.35" y="353.62" angle="0.00" type="DEFAULT_VEHTYPE" speed="13.26" pos="41.63" lane="2/2to2/1_0" slope="0.00"/>
        <vehicle id="40" x="599.30" y="400.50" angle="-152.46" type="DEFAULT_VEHTYPE" speed="2.42" pos="6.04" lane=":3/2_10_0" slope="0.00"/>
        <vehicle id="42" x="375.16" y="598.35" angle="90.00" type="DEFAULT_VEHTYPE" speed="11.40" pos="170.41" lane="1/3to2/3_0" slope="0.00"/>
        <vehicle id="43" x="5.22" y="401.65" angle="-90.00" type="DEFAULT_VEHTYPE" speed="12.82" pos="190.03" lane="1/2to0/2_0" slope="0.00"/>
        <vehicle id="44" x="601.65" y="388.45" angle="180.00" type="DEFAULT_VEHTYPE" speed="3.44" pos="183.70" lane="3/1to3/2_0" slope="0.00"/>
        <vehicle id="48" x="589.46" y="198.35" angle="90.00" type="DEFAULT_VEHTYPE" speed="4.04" pos="184.71" lane="2/1to3/1_0" slope="0.00"/>
        <vehicle id="49" x="337.95" y="201.65" angle="-90.00" type="DEFAULT_VEHTYPE" speed="12.70" pos="57.30" lane="2/1to1/1_0" slope="0.00"/>
        <vehicle id="5" x="201.65" y="494.03" angle="180.00" type="DEFAULT_VEHTYPE" speed="13.28" pos="89.28" lane="1/2to1/3_0" slope="0.00"/>
        <vehicle id="6" x="282.21" y="401.65" angle="-90.00" type="DEFAULT_VEHTYPE" speed="12.84" pos="113.04" lane="2/2to1/2_0" slope="0.00"/>
        <vehicle id="7" x="332.44" y="598.35" angle="90.00" type="DEFAULT_VEHTYPE" speed="12.69" pos="127.69" lane="1/3to2/3_0" slope="0.00"/>
        <vehicle id="8" x="293.23" y="198.35" angle="90.00" type="DEFAULT_VEHTYPE" speed="12.74" pos="88.48" lane="1/1to2/1_0" slope="0.00"/>
        <vehicle id="9" x="198.34" y="195.31" angle="46.11" type="DEFAULT_VEHTYPE" speed="5.78" pos="4.94" lane=":1/1_12_0" slope="0.00"/>
    </timestep>
    <timestep time="729.00">
        <vehicle id="0" x="601.65" y="346.89" angle="180.00" type="DEFAULT_VEHTYPE" speed="13.75" pos="142.14" lane="3/1to3/2_0" slope="0.00"/>
        <vehicle id="10" x="601.65" y="268.42" angle="180.00" type="DEFAULT_VEHTYPE" speed="13.10" pos="63.67" lane="3/1to3/2_0" slope="0.00"/>
        <vehicle id="11" x="398.35" y="732.18" angle="0.00" type="DEFAULT_VEHTYPE" speed="13.38" pos="67.82" lane="2/4to2/3_0" slope="0.00"/>
        <vehicle id="15" x="611.59" y="201.65" angle="-90.00" type="DEFAULT_VEHTYPE" speed="4.12" pos="188.41" lane="4/1to3/1_0" slope="0.00"/>
        <vehicle id="16" x="398.35" y="620.82" angle="0.00" type="DEFAULT_VEHTYPE" speed="12.81" pos="179.18" lane="2/4to2/3_0" slope="0.00"/>
        <vehicle id="17" x="398.35" y="523.31" angle="0.00" type="DEFAULT_VEHTYPE" speed="13.25" pos="71.94" lane="2/3to2/2_0" slope="0.00"/>
        <vehicle id="18" x="598.35" y="527.90" angle="0.00" type="DEFAULT_VEHTYPE" speed="13.20" pos="67.35" lane="3/3to3/2_0" slope="0.00"/>
        <vehicle id="2" x="140.96" y="201.65" angle="-90.00" type="DEFAULT_VEHTYPE" speed="12.79" pos="54.29" lane="1/1to0/1_0" slope="0.00"/>
        <vehicle id="24" x="266.78" y="598.35" angle="90.00" type="DEFAULT_VEHTYPE" speed="13.21" pos="62.03" lane="1/3to2/3_0" slope="0.00"/>
        <vehicle id="28" x="749.24" y="598.35" angle="90.00" type="DEFAULT_VEHTYPE" speed="13.15" pos="144.49" lane="3/3to4/3_0" slope="0.00"/>
        <vehicle id="29" x="437.43" y="198.35" angle="90.00" type="DEFAULT_VEHTYPE" speed="13.21" pos="32.68" lane="2/1to3/1_0" slope="0.00"/>
        <vehicle id="3" x="571.16" y="401.65" angle="-90.00" type="DEFAULT_VEHTYPE" speed="13.55" pos="24.09" lane="3/2to2/2_0" slope="0.00"/>
        <vehicle id="33" x="601.65" y="230.89" angle="180.00" type="DEFAULT_VEHTYPE" speed="12.06" pos="26.14" lane="3/1to3/2_0" slope="0.00"/>
        <vehicle id="37" x="204.78" y="201.65" angle="-90.00" type="DEFAULT_VEHTYPE" speed="4.70" pos="190.47" lane="2/1to1/1_0" slope="0.00"/>
        <vehicle id="39" x="398.35" y="340.23" angle="0.00" type="DEFAULT_VEHTYPE" speed="13.40" pos="55.02" lane="2/2to2/1_0" slope="0.00"/>
        <vehicle id="40" x="595.02" y="401.65" angle="-106.58" type="DEFAULT_VEHTYPE" speed="4.52" pos="0.23" lane="3/2to2/2_0" slope="0.00"/>
        <vehicle id="42" x="383.06" y="598.35" angle="90.00" type="DEFAULT_VEHTYPE" speed="7.90" pos="178.31" lane="1/3to2/3_0" slope="0.00"/>
        <vehicle id="43" x="3.78" y="398.35" angle="81.96" type="DEFAULT_VEHTYPE" speed="13.82" pos="3.78" lane="0/2to1/2_0" slope="0.00"/>
        <vehicle id="44" x="601.65" y="394.45" angle="180.00" type="DEFAULT_VEHTYPE" speed="6.00" pos="189.70" lane="3/1to3/2_0" slope="0.00"/>
        <vehicle id="48" x="591.02" y="198.35" angle="90.00" type="DEFAULT_VEHTYPE" speed="1.56" pos="186.27" lane="2/1to3/1_0" slope="0.00"/>
        <vehicle id="49" x="324.44" y="201.65" angle="-90.00" type="DEFAULT_VEHTYPE" speed="13.51" pos="70.81" lane="2/1to1/1_0" slope="0.00"/>
        <vehicle id="5" x="201.65" y="507.58" angle="180.00" type="DEFAULT_VEHTYPE" speed="13.55" pos="102.83" lane="1/2to1/3_0" slope="0.00"/>
        <vehicle id="6" x="269.54" y="401.65" angle="-90.00" type="DEFAULT_VEHTYPE" speed="12.68" pos="125.71" lane="2/2to1/2_0" slope="0.00"/>
        <vehicle id="7" x="346.29" y="598.35" angle="90.00" type="DEFAULT_VEHTYPE" speed="13.85" pos="141.54" lane="1/3to2/3_0" slope="0.00"/>
        <vehicle id="8" x="306.40" y="198.35" angle="90.00" type="DEFAULT_VEHTYPE" speed="13.17" pos="101.65" lane="1/1to2/1_0" slope="0.00"/>
        <vehicle id="9" x="198.35" y="187.01" angle="0.00" type="DEFAULT_VEHTYPE" speed="8.30" pos="8.24" lane="1/1to1/0_0" slope="0.00"/>
    </timestep>
    <timestep time="730.00">
        <vehicle id="0" x="601.65" y="359.53" angle="180.00" type="DEFAULT_VEHTYPE" speed="12.63" pos="154.78" lane="3/1to3/2_0" slope="0.00"/>
        <vehicle id="10" x="601.65" y="281.67" angle="180.00" type="DEFAULT_VEHTYPE" speed="13.25" pos="76.92" lane="3/1to3/2_0" slope="0.00"/>
        <vehicle id="11" x="398.35" y="718.88" angle="0.00" type="DEFAULT_VEHTYPE" speed="13.30" pos="81.12" lane="2/4to2/3_0" slope="0.00"/>
        <vehicle id="15" x="605.43" y="201.65" angle="-90.00" type="DEFAULT_VEHTYPE" speed="6.15" pos="194.57" lane="4/1to3/1_0" slope="0.00"/>
        <vehicle id="16" x="398.35" y="607.35" angle="0.00" type="DEFAULT_VEHTYPE" speed="13.47" pos="192.65" lane="2/4to2/3_0" slope="0.00"/>
        <vehicle id="17" x="398.35" y="509.86" angle="0.00" type="DEFAULT_VEHTYPE" speed="13.45" pos="85.39" lane="2/3to2/2_0" slope="0.00"/>
        <vehicle id="18" x="598.35" y="514.78" angle="0.00" type="DEFAULT_VEHTYPE" speed="13.12" pos="80.47" lane="3/3to3/2_0" slope="0.00"/>
        <vehicle id="2" x="127.73" y="201.65" angle="-90.00" type="DEFAULT_VEHTYPE" speed="13.22" pos="67.52" lane="1/1to0/1_0" slope="0.00"/>
        <vehicle id="24" x="279.73" y="598.35" angle="90.00" type="DEFAULT_VEHTYPE" speed="12.95" pos="74.98" lane="1/3to2/3_0" slope="0.00"/>
        <vehicle id="28" x="762.13" y="598.35" angle="90.00" type="DEFAULT_VEHTYPE" speed="12.89" pos="157.38" lane="3/3to4/3_0" slope="0.00"/>
        <vehicle id="29" x="450.78" y="198.35" angle="90.00" type="DEFAULT_VEHTYPE" speed="13.36" pos="46.03" lane="2/1to3/1_0" slope="0.00"/>
        <vehicle id="3" x="558.25" y="401.65" angle="-90.00" type="DEFAULT_VEHTYPE" speed="12.91" pos="37.00" lane="3/2to2/2_0" slope="0.00"/>
        <vehicle id="33" x="601.65" y="244.07" angle="180.00" type="DEFAULT_VEHTYPE" speed="13.17" pos="39.32" lane="3/1to3/2_0" slope="0.00"/>
        <vehicle id="37" x="201.65" y="205.72" angle="-151.48" type="DEFAULT_VEHTYPE" speed="6.00" pos="0.97" lane="1/1to1/2_0" slope="0.00"/>
        <vehicle id="39" x="398.35" y="327.48" angle="0.00" type="DEFAULT_VEHTYPE" speed="12.75" pos="67.77" lane="2/2to2/1_0" slope="0.00"/>
        <vehicle id="40" x="588.84" y="401.65" angle="-90.00" type="DEFAULT_VEHTYPE" speed="6.18" pos="6.41" lane="3/2to2/2_0" slope="0.00"/>
        <vehicle id="42" x="388.70" y="598.35" angle="90.00" type="DEFAULT_VEHTYPE" speed="5.65" pos="183.95" lane="1/3to2/3_0" slope="0.00"/>
        <vehicle id="43" x="16.65" y="398.35" angle="90.00" type="DEFAULT_VEHTYPE" speed="12.86" pos="16.65" lane="0/2to1/2_0" slope="0.00"/>
        <vehicle id="44" x="601.65" y="402.57" angle="180.00" type="DEFAULT_VEHTYPE" speed="8.12" pos="7.32" lane=":3/2_9_0" slope="0.00"/>
        <vehicle id="48" x="592.43" y="198.35" angle="90.00" type="DEFAULT_VEHTYPE" speed="1.40" pos="187.68" lane="2/1to3/1_0" slope="0.00"/>
        <vehicle id="49" x="310.78" y="201.65" angle="-90.00" type="DEFAULT_VEHTYPE" speed="13.66" pos="84.47" lane="2/1to1/1_0" slope="0.00"/>
        <vehicle id="5" x="201.65" y="520.95" angle="180.00" type="DEFAULT_VEHTYPE" speed="13.38" pos="116.20" lane="1/2to1/3_0" slope="0.00"/>
        <vehicle id="6" x="256.87" y="401.65" angle="-90.00" type="DEFAULT_VEHTYPE" speed="12.67" pos="138.38" lane="2/2to1/2_0" slope="0.00"/>
        <vehicle id="7" x="359.83" y="598.35" angle="90.00" type="DEFAULT_VEHTYPE" speed="13.54" pos="155.08" lane="1/3to2/3_0" slope="0.00"/>
        <vehicle id="8" x="319.10" y="198.35" angle="90.00" type="DEFAULT_VEHTYPE" speed="12.71" pos="114.35" lane="1/1to2/1_0" slope="0.00"/>
        <vehicle id="9" x="198.35" y="177.31" angle="0.00" type="DEFAULT_VEHTYPE" speed="9.70" pos="17.94" lane="1/1to1/0_0" slope="0.00"/>
    </timestep>
    <timestep time="731.00">
        <vehicle id="0" x="601.65" y="372.49" angle="180.00" type="DEFAULT_VEHTYPE" speed="12.96" pos="167.74" lane="3/1to3/2_0" slope="0.00"/>
        <vehicle id="10" x="601.65" y="294.63" angle="180.00" type="DEFAULT_VEHTYPE" speed="12.96" pos="89.88" lane="3/1to3/2_0" slope="0.00"/>
        <vehicle id="11" x="398.35" y="705.25" angle="0.00" type="DEFAULT_VEHTYPE" speed="13.63" pos="94.75" lane="2/4to2/3_0" slope="0.00"/>
        <vehicle id="15" x="601.65" y="206.63" angle="-163.93" type="DEFAULT_VEHTYPE" speed="7.57" pos="1.88" lane="3/1to3/2_0" slope="0.00"/>
        <vehicle id="16" x="398.35" y="593.78" angle="0.00" type="DEFAULT_VEHTYPE" speed="13.57" pos="1.47" lane="2/3to2/2_0" slope="0.00"/>
        <vehicle id="17" x="398.35" y="496.59" angle="0.00" type="DEFAULT_VEHTYPE" speed="13.27" pos="98.66" lane="2/3to2/2_0" slope="0.00"/>
        <vehicle id="18" x="598.35" y="500.98" angle="0.00" type="DEFAULT_VEHTYPE" speed="13.80" pos="94.27" lane="3/3to3/2_0" slope="0.00"/>
        <vehicle id="2" x="114.94" y="201.65" angle="-90.00" type="DEFAULT_VEHTYPE" speed="12.80" pos="80.31" lane="1/1to0/1_0" slope="0.00"/>
        <vehicle id="24" x="292.73" y="598.35" angle="90.00" type="DEFAULT_VEHTYPE" speed="13.00" pos="87.98" lane="1/3to2/3_0" slope="0.00"/>
        <vehicle id="28" x="775.22" y="598.35" angle="90.00" type="DEFAULT_VEHTYPE" speed="13.10" pos="170.47" lane="3/3to4/3_0" slope="0.00"/>
        <vehicle id="29" x="464.41" y="198.35" angle="90.00" type="DEFAULT_VEHTYPE" speed="13.62" pos="59.66" lane="2/1to3/1_0" slope="0.00"/>
        <vehicle id="3" x="544.95" y="401.65" angle="-90.00" type="DEFAULT_VEHTYPE" speed="13.31" pos="50.30" lane="3/2to2/2_0" slope="0.00"/>
        <vehicle id="33" x="601.65" y="257.86" angle="180.00" type="DEFAULT_VEHTYPE" speed="13.79" pos="53.11" lane="3/1to3/2_0" slope="0.00"/>
        <vehicle id="37" x="201.65" y="214.19" angle="180.00" type="DEFAULT_VEHTYPE" speed="8.47" pos="9.44" lane="1/1to1/2_0" slope="0.00"/>
        <vehicle id="39" x="398.35" y="313.80" angle="0.00" type="DEFAULT_VEHTYPE" speed="13.68" pos="81.45" lane="2/2to2/1_0" slope="0.00"/>
        <vehicle id="40" x="581.17" y="401.65" angle="-90.00" type="DEFAULT_VEHTYPE" speed="7.67" pos="14.08" lane="3/2to2/2_0" slope="0.00"/>
        <vehicle id="42" x="391.41" y="598.35" angle="90.00" type="DEFAULT_VEHTYPE" speed="2.70" pos="186.66" lane="1/3to2/3_0" slope="0.00"/>
        <vehicle id="43" x="29.71" y="398.35" angle="90.00" type="DEFAULT_VEHTYPE" speed="13.06" pos="29.71" lane="0/2to1/2_0" slope="0.00"/>
        <vehicle id="44" x="601.65" y="413.26" angle="180.00" type="DEFAULT_VEHTYPE" speed="10.69" pos="8.51" lane="3/2to3/3_0" slope="0.00"/>
        <vehicle id="48" x="592.64" y="198.35" angle="90.00" type="DEFAULT_VEHTYPE" speed="0.21" pos="187.89" lane="2/1to3/1_0" slope="0.00"/>
        <vehicle id="49" x="298.02" y="201.65" angle="-90.00" type="DEFAULT_VEHTYPE" speed="12.76" pos="97.23" lane="2/1to1/1_0" slope="0.00"/>
        <vehicle id="5" x="201.65" y="534.63" angle="180.00" type="DEFAULT_VEHTYPE" speed="13.68" pos="129.88" lane="1/2to1/3_0" slope="0.00"/>
        <vehicle id="6" x="243.98" y="401.65" angle="-90.00" type="DEFAULT_VEHTYPE" speed="12.89" pos="151.27" lane="2/2to1/2_0" slope="0.00"/>
        <vehicle id="7" x="370.76" y="598.35" angle="90.00" type="DEFAULT_VEHTYPE" speed="10.92" pos="166.01" lane="1/3to2/3_0" slope="0.00"/>
        <vehicle id="8" x="331.79" y="198.35" angle="90.00" type="DEFAULT_VEHTYPE" speed="12.68" pos="127.04" lane="1/1to2/1_0" slope="0.00"/>
        <vehicle id="9" x="198.35" y="165.66" angle="0.00" type="DEFAULT_VEHTYPE" speed="11.66" pos="29.59" lane="1/1to1/0_0" slope="0.00"/>
    </timestep>
    <timestep time="732.00">
        <vehicle id="0" x="601.65" y="385.31" angle="180.00" type="DEFAULT_VEHTYPE" speed="12.83" pos="180.56" lane="3/1to3/2_0" slope="0.00"/>
        <vehicle id="10" x="601.65" y="307.66" angle="180.00" type="DEFAULT_VEHTYPE" speed="13.03" pos="102.91" lane="3/1to3/2_0" slope="0.00"/>
        <vehicle id="11" x="398.35" y="692.02" angle="0.00" type="DEFAULT_VEHTYPE" speed="13.23" pos="107.98" lane="2/4to2/3_0" slope="0.00"/>
        <vehicle id="15" x="601.65" y="216.30" angle="180.00" type="DEFAULT_VEHTYPE" speed="9.67" pos="11.55" lane="3/1to3/2_0" slope="0.00"/>
        <vehicle id="16" x="398.35" y="580.64" angle="0.00" type="DEFAULT_VEHTYPE" speed="13.14" pos="14.61" lane="2/3to2/2_0" slope="0.00"/>
        <vehicle id="17" x="398.35" y="483.35" angle="0.00" type="DEFAULT_VEHTYPE" speed="13.24" pos="111.90" lane="2/3to2/2_0" slope="0.00"/>
        <vehicle id="18" x="598.35" y="487.91" angle="0.00" type="DEFAULT_VEHTYPE" speed="13.07" pos="107.34" lane="3/3to3/2_0" slope="0.00"/>
        <vehicle id="2" x="101.40" y="201.65" angle="-90.00" type="DEFAULT_VEHTYPE" speed="13.54" pos="93.85" lane="1/1to0/1_0" slope="0.00"/>
        <vehicle id="24" x="305.66" y="598.35" angle="90.00" type="DEFAULT_VEHTYPE" speed="12.93" pos="100.91" lane="1/3to2/3_0" slope="0.00"/>
        <vehicle id="28" x="788.33" y="598.35" angle="90.00" type="DEFAULT_VEHTYPE" speed="13.11" pos="183.58" lane="3/3to4/3_0" slope="0.00"/>
        <vehicle id="29" x="477.97" y="198.35" angle="90.00" type="DEFAULT_VEHTYPE" speed="13.56" pos="73.22" lane="2/1to3/1_0" slope="0.00"/>
        <vehicle id="3" x="532.06" y="401.65" angle="-90.00" type="DEFAULT_VEHTYPE" speed="12.89" pos="63.19" lane="3/2to2/2_0" slope="0.00"/>
        <vehicle id="33" x="601.65" y="270.97" angle="180.00" type="DEFAULT_VEHTYPE" speed="13.11" pos="66.22" lane="3/1to3/2_0" slope="0.00"/>
        <vehicle id="37" x="201.65" y="224.92" angle="180.00" type="DEFAULT_VEHTYPE" speed="10.73" pos="20.17" lane="1/1to1/2_0" slope="0.00"/>
        <vehicle id="39" x="398.35" y="300.92" angle="0.00" type="DEFAULT_VEHTYPE" speed="12.88" pos="94.33" lane="2/2to2/1_0" slope="0.00"/>
        <vehicle id="40" x="571.61" y="401.65" angle="-90.00" type="DEFAULT_VEHTYPE" speed="9.55" pos="23.64" lane="3/2to2/2_0" slope="0.00"/>
        <vehicle id="42" x="396.51" y="598.53" angle="92.06" type="DEFAULT_VEHTYPE" speed="5.11" pos="1.27" lane=":2/3_14_0" slope="0.00"/>
        <vehicle id="43" x="43.23" y="398.35" angle="90.00" type="DEFAULT_VEHTYPE" speed="13.53" pos="43.23" lane="0/2to1/2_0" slope="0.00"/>
        <vehicle id="44" x="601.65" y="425.61" angle="180.00" type="DEFAULT_VEHTYPE" speed="12.35" pos="20.86" lane="3/2to3/3_0" slope="0.00"/>
        <vehicle id="48" x="592.70" y="198.35" angle="90.00" type="DEFAULT_VEHTYPE" speed="0.06" pos="187.95" lane="2/1to3/1_0" slope="0.00"/>
        <vehicle id="49" x="284.86" y="201.65" angle="-90.00" type="DEFAULT_VEHTYPE" speed="13.16" pos="110.39" lane="2/1to1/1_0" slope="0.00"/>
        <vehicle id="5" x="201.65" y="547.85" angle="180.00" type="DEFAULT_VEHTYPE" speed="13.22" pos="143.10" lane="1/2to1/3_0" slope="0.00"/>
        <vehicle id="6" x="230.76" y="401.65" angle="-90.00" type="DEFAULT_VEHTYPE" speed="13.22" pos="164.49" lane="2/2to1/2_0" slope="0.00"/>
        <vehicle id="7" x="377.74" y="598.35" angle="90.00" type="DEFAULT_VEHTYPE" speed="6.98" pos="172.99" lane="1/3to2/3_0" slope="0.00"/>
        <vehicle id="8" x="345.63" y="198.35" angle="90.00" type="DEFAULT_VEHTYPE" speed="13.85" pos="140.88" lane="1/1to2/1_0" slope="0.00"/>
        <vehicle id="9" x="198.35" y="152.68" angle="0.00" type="DEFAULT_VEHTYPE" speed="12.97" pos="42.57" lane="1/1to1/0_0" slope="0.00"/>
    </timestep>
    <timestep time="733.00">
        <vehicle id="0" x="601.65" y="399.01" angle="180.00" type="DEFAULT_VEHTYPE" speed="13.70" pos="3.76" lane=":3/2_9_0" slope="0.00"/>
        <vehicle id="10" x="601.65" y="320.72" angle="180.00" type="DEFAULT_VEHTYPE" speed="13.06" pos="115.97" lane="3/1to3/2_0" slope="0.00"/>
        <vehicle id="11" x="398.35" y="678.54" angle="0.00" type="DEFAULT_VEHTYPE" speed="13.48" pos="121.46" lane="2/4to2/3_0" slope="0.00"/>
        <vehicle id="15" x="601.65" y="227.46" angle="180.00" type="DEFAULT_VEHTYPE" speed="11.16" pos="22.71" lane="3/1to3/2_0" slope="0.00"/>
        <vehicle id="16" x="398.35" y="567.68" angle="0.00" type="DEFAULT_VEHTYPE" speed="12.97" pos="27.57" lane="2/3to2/2_0" slope="0.00"/>
        <vehicle id="17" x="398.35" y="470.47" angle="0.00" type="DEFAULT_VEHTYPE" speed="12.88" pos="124.78" lane="2/3to2/2_0" slope="0.00"/>
        <vehicle id="18" x="598.35" y="474.99" angle="0.00" type="DEFAULT_VEHTYPE" speed="12.92" pos="120.26" lane="3/3to3/2_0" slope="0.00"/>
        <vehicle id="2" x="87.63" y="201.65" angle="-90.00" type="DEFAULT_VEHTYPE" speed="13.77" pos="107.62" lane="1/1to0/1_0" slope="0.00"/>
        <vehicle id="24" x="318.44" y="598.35" angle="90.00" type="DEFAULT_VEHTYPE" speed="12.78" pos="113.69" lane="1/3to2/3_0" slope="0.00"/>
        <vehicle id="28" x="801.35" y="599.39" angle="102.70" type="DEFAULT_VEHTYPE" speed="13.40" pos="1.73" lane=":4/3_0_0" slope="0.00"/>
        <vehicle id="29" x="491.78" y="198.35" angle="90.00" type="DEFAULT_VEHTYPE" speed="13.81" pos="87.03" lane="2/1to3/1_0" slope="0.00"/>
        <vehicle id="3" x="518.37" y="401.65" angle="-90.00" type="DEFAULT_VEHTYPE" speed="13.69" pos="76.88" lane="3/2to2/2_0" slope="0.00"/>
        <vehicle id="33" x="601.65" y="284.62" angle="180.00" type="DEFAULT_VEHTYPE" speed="13.65" pos="79.87" lane="3/1to3/2_0" slope="0.00"/>
        <vehicle id="37" x="201.65" y="237.69" angle="180.00" type="DEFAULT_VEHTYPE" speed="12.77" pos="32.94" lane="1/1to1/2_0" slope="0.00"/>
        <vehicle id="39" x="398.35" y="288.28" angle="0.00" type="DEFAULT_VEHTYPE" speed="12.64" pos="106.97" lane="2/2to2/1_0" slope="0.00"/>
        <vehicle id="40" x="560.72" y="401.65" angle="-90.00" type="DEFAULT_VEHTYPE" speed="10.90" pos="34.53" lane="3/2to2/2_0" slope="0.00"/>
        <vehicle id="42" x="401.30" y="602.32" angle="137.81" type="DEFAULT_VEHTYPE" speed="6.60" pos="7.87" lane=":2/3_14_0" slope="0.00"/>
        <vehicle id="43" x="56.68" y="398.35" angle="90.00" type="DEFAULT_VEHTYPE" speed="13.45" pos="56.68" lane="0/2to1/2_0" slope="0.00"/>
        <vehicle id="44" x="601.65" y="439.17" angle="180.00" type="DEFAULT_VEHTYPE" speed="13.56" pos="34.42" lane="3/2to3/3_0" slope="0.00"/>
        <vehicle id="48" x="595.24" y="198.35" angle="90.00" type="DEFAULT_VEHTYPE" speed="2.54" pos="190.49" lane="2/1to3/1_0" slope="0.00"/>
        <vehicle id="49" x="272.19" y="201.65" angle="-90.00" type="DEFAULT_VEHTYPE" speed="12.67" pos="123.06" lane="2/1to1/1_0" slope="0.00"/>
        <vehicle id="5" x="201.65" y="561.31" angle="180.00" type="DEFAULT_VEHTYPE" speed="13.46" pos="156.56" lane="1/2to1/3_0" slope="0.00"/>
        <vehicle id="6" x="220.35" y="401.65" angle="-90.00" type="DEFAULT_VEHTYPE" speed="10.41" pos="174.90" lane="2/2to1/2_0" slope="0.00"/>
        <vehicle id="7" x="384.99" y="598.35" angle="90.00" type="DEFAULT_VEHTYPE" speed="7.26" pos="180.24" lane="1/3to2/3_0" slope="0.00"/>
        <vehicle id="8" x="358.83" y="198.35" angle="90.00" type="DEFAULT_VEHTYPE" speed="13.19" pos="154.08" lane="1/1to2/1_0" slope="0.00"/>
        <vehicle id="9" x="198.35" y="139.65" angle="0.00" type="DEFAULT_VEHTYPE" speed="13.03" pos="55.60" lane="1/1to1/0_0" slope="0.00"/>
    </timestep>
    <timestep time="734.00">
        <vehicle id="0" x="601.65" y="412.27" angle="180.00" type="DEFAULT_VEHTYPE" speed="13.26" pos="7.52" lane="3/2to3/3_0" slope="0.00"/>
        <vehicle id="10" x="601.65" y="333.99" angle="180.00" type="DEFAULT_VEHTYPE" speed="13.27" pos="129.24" lane="3/1to3/2_0" slope="0.00"/>
        <vehicle id="11" x="398.35" y="665.06" angle="0.00" type="DEFAULT_VEHTYPE" speed="13.47" pos="134.94" lane="2/4to2/3_0" slope="0.00"/>
        <vehicle id="15" x="601.65" y="240.15" angle="180.00" type="DEFAULT_VEHTYPE" speed="12.69" pos="35.40" lane="3/1to3/2_0" slope="0.00"/>
        <vehicle id="16" x="398.35" y="553.94" angle="0.00" type="DEFAULT_VEHTYPE" speed="13.74" pos="41.31" lane="2/3to2/2_0" slope="0.00"/>
        <vehicle id="17" x="398.35" y="457.18" angle="0.00" type="DEFAULT_VEHTYPE" speed="13.29" pos="138.07" lane="2/3to2/2_0" slope="0.00"/>
        <vehicle id="18" x="598.35" y="461.37" angle="0.00" type="DEFAULT_VEHTYPE" speed="13.62" pos="133.88" lane="3/3to3/2_0" slope="0.00"/>
        <vehicle id="2" x="74.86" y="201.65" angle="-90.00" type="DEFAULT_VEHTYPE" speed="12.76" pos="120.39" lane="1/1to0/1_0" slope="0.00"/>
        <vehicle id="24" x="332.01" y="598.35" angle="90.00" type="DEFAULT_VEHTYPE" speed="13.57" pos="127.26" lane="1/3to2/3_0" slope="0.00"/>
        <vehicle id="28" x="790.20" y="601.65" angle="-90.00" type="DEFAULT_VEHTYPE" speed="12.89" pos="9.80" lane="4/3to3/3_0" slope="0.00"/>
        <vehicle id="29" x="504.89" y="198.35" angle="90.00" type="DEFAULT_VEHTYPE" speed="13.11" pos="100.14" lane="2/1to3/1_0" slope="0.00"/>
        <vehicle id="3" x="505.08" y="401.65" angle="-90.00" type="DEFAULT_VEHTYPE" speed="13.29" pos="90.17" lane="3/2to2/2_0" slope="0.00"/>
        <vehicle id="33" x="601.65" y="297.94" angle="180.00" type="DEFAULT_VEHTYPE" speed="13.32" pos="93.19" lane="3/1to3/2_0" slope="0.00"/>
        <vehicle id="37" x="201.65" y="251.12" angle="180.00" type="DEFAULT_VEHTYPE" speed="13.43" pos="46.37" lane="1/1to1/2_0" slope="0.00"/>
        <vehicle id="39" x="398.35" y="275.18" angle="0.00" type="DEFAULT_VEHTYPE" speed="13.10" pos="120.07" lane="2/2to2/1_0" slope="0.00"/>
        <vehicle id="40" x="548.18" y="401.65" angle="-90.00" type="DEFAULT_VEHTYPE" speed="12.54" pos="47.07" lane="3/2to2/2_0" slope="0.00"/>
        <vehicle id="42" x="401.65" y="610.89" angle="180.00" type="DEFAULT_VEHTYPE" speed="8.59" pos="6.14" lane="2/3to2/4_0" slope="0.00"/>
        <vehicle id="43" x="70.04" y="398.35" angle="90.00" type="DEFAULT_VEHTYPE" speed="13.36" pos="70.04" lane="0/2to1/2_0" slope="0.00"/>
        <vehicle id="44" x="601.65" y="452.12" angle="180.00" type="DEFAULT_VEHTYPE" speed="12.95" pos="47.37" lane="3/2to3/3_0" slope="0.00"/>
        <vehicle id="48" x="600.00" y="199.92" angle="108.50" type="DEFAULT_VEHTYPE" speed="5.11" pos="5.10" lane=":3/1_14_0" slope="0.00"/>
        <vehicle id="49" x="258.65" y="201.65" angle="-90.00" type="DEFAULT_VEHTYPE" speed="13.54" pos="136.60" lane="2/1to1/1_0" slope="0.00"/>
        <vehicle id="5" x="201.65" y="574.66" angle="180.00" type="DEFAULT_VEHTYPE" speed="13.35" pos="169.91" lane="1/2to1/3_0" slope="0.00"/>
        <vehicle id="6" x="214.31" y="401.65" angle="-90.00" type="DEFAULT_VEHTYPE" speed="6.04" pos="180.94" lane="2/2to1/2_0" slope="0.00"/>
        <vehicle id="7" x="388.82" y="598.35" angle="90.00" type="DEFAULT_VEHTYPE" speed="3.82" pos="184.07" lane="1/3to2/3_0" slope="0.00"/>
        <vehicle id="8" x="371.35" y="198.35" angle="90.00" type="DEFAULT_VEHTYPE" speed="12.52" pos="166.60" lane="1/1to2/1_0" slope="0.00"/>
        <vehicle id="9" x="198.35" y="126.46" angle="0.00" type="DEFAULT_VEHTYPE" speed="13.19" pos="68.79" lane="1/1to1/0_0" slope="0.00"/>
    </timestep>
    <timestep time="735.00">
        <vehicle id="0" x="601.65" y="425.20" angle="180.00" type="DEFAULT_VEHTYPE" speed="12.92" pos="20.45" lane="3/2to3/3_0" slope="0.00"/>
        <vehicle id="10" x="601.65" y="346.79" angle="180.00" type="DEFAULT_VEHTYPE" speed="12.81" pos="142.04" lane="3/1to3/2_0" slope="0.00"/>
        <vehicle id="11" x="398.35" y="651.96" angle="0.00" type="DEFAULT_VEHTYPE" speed="13.10" pos="148.04" lane="2/4to2/3_0" slope="0.00"/>
        <vehicle id="15" x="601.65" y="254.04" angle="180.00" type="DEFAULT_VEHTYPE" speed="13.89" pos="49.29" lane="3/1to3/2_0" slope="0.00"/>
        <vehicle id="16" x="398.35" y="541.01" angle="0.00" type="DEFAULT_VEHTYPE" speed="12.93" pos="54.24" lane="2/3to2/2_0" slope="0.00"/>
        <vehicle id="17" x="398.35" y="444.34" angle="0.00" type="DEFAULT_VEHTYPE" speed="12.83" pos="150.91" lane="2/3to2/2_0" slope="0.00"/>
        <vehicle id="18" x="598.35" y="447.93" angle="0.00" type="DEFAULT_VEHTYPE" speed="13.44" pos="147.32" lane="3/3to3/2_0" slope="0.00"/>
        <vehicle id="2" x="61.10" y="201.65" angle="-90.00" type="DEFAULT_VEHTYPE" speed="13.77" pos="134.15" lane="1/1to0/1_0" slope="0.00"/>
        <vehicle id="24" x="344.89" y="598.35" angle="90.00" type="DEFAULT_VEHTYPE" speed="12.88" pos="140.14" lane="1/3to2/3_0" slope="0.00"/>
        <vehicle id="28" x="777.49" y="601.65" angle="-90.00" type="DEFAULT_VEHTYPE" speed="12.71" pos="22.51" lane="4/3to3/3_0" slope="0.00"/>
        <vehicle id="29" x="518.58" y="198.35" angle="90.00" type="DEFAULT_VEHTYPE" speed="13.69" pos="113.83" lane="2/1to3/1_0" slope="0.00"/>
        <vehicle id="3" x="491.28" y="401.65" angle="-90.00" type="DEFAULT_VEHTYPE" speed="13.80" pos="103.97" lane="3/2to2/2_0" slope="0.00"/>
        <vehicle id="33" x="601.65" y="311.19" angle="180.00" type="DEFAULT_VEHTYPE" speed="13.25" pos="106.44" lane="3/1to3/2_0" slope="0.00"/>
        <vehicle id="37" x="201.65" y="263.85" angle="180.00" type="DEFAULT_VEHTYPE" speed="12.74" pos="59.10" lane="1/1to1/2_0" slope="0.00"/>
        <vehicle id="39" x="398.35" y="262.54" angle="0.00" type="DEFAULT_VEHTYPE" speed="12.64" pos="132.71" lane="2/2to2/1_0" slope="0.00"/>
        <vehicle id="40" x="534.85" y="401.65" angle="-90.00" type="DEFAULT_VEHTYPE" speed="13.33" pos="60.40" lane="3/2to2/2_0" slope="0.00"/>
        <vehicle id="42" x="401.65" y="621.70" angle="180.00" type="DEFAULT_VEHTYPE" speed="10.81" pos="16.95" lane="2/3to2/4_0" slope="0.00"/>
        <vehicle id="43" x="83.43" y="398.35" angle="90.00" type="DEFAULT_VEHTYPE" speed="13.39" pos="83.43" lane="0/2to1/2_0" slope="0.00"/>
        <vehicle id="44" x="601.65" y="465.94" angle="180.00" type="DEFAULT_VEHTYPE" speed="13.83" pos="61.19" lane="3/2to3/3_0" slope="0.00"/>
        <vehicle id="48" x="601.65" y="206.71" angle="174.12" type="DEFAULT_VEHTYPE" speed="7.18" pos="1.96" lane="3/1to3/2_0" slope="0.00"/>
        <vehicle id="49" x="244.88" y="201.65" angle="-90.00" type="DEFAULT_VEHTYPE" speed="13.78" pos="150.37" lane="2/1to1/1_0" slope="0.00"/>
        <vehicle id="5" x="201.65" y="588.47" angle="180.00" type="DEFAULT_VEHTYPE" speed="13.82" pos="183.72" lane="1/2to1/3_0" slope="0.00"/>
        <vehicle id="6" x="210.52" y="401.65" angle="-90.00" type="DEFAULT_VEHTYPE" speed="3.79" pos="184.73" lane="2/2to1/2_0" slope="0.00"/>
        <vehicle id="7" x="395.15" y="598.35" angle="90.00" type="DEFAULT_VEHTYPE" speed="6.33" pos="190.40" lane="1/3to2/3_0" slope="0.00"/>
        <vehicle id="8" x="380.59" y="198.35" angle="90.00" type="DEFAULT_VEHTYPE" speed="9.24" pos="175.84" lane="1/1to2/1_0" slope="0.00"/>
        <vehicle id="9" x="198.35" y="113.22" angle="0.00" type="DEFAULT_VEHTYPE" speed="13.24" pos="82.03" lane="1/1to1/0_0" slope="0.00"/>
    </timestep>
    <timestep time="736.00">
        <vehicle id="0" x="601.65" y="438.62" angle="180.00" type="DEFAULT_VEHTYPE" speed="13.42" pos="33.87" lane="3/2to3/3_0" slope="0.00"/>
        <vehicle id="10" x="601.65" y="360.53" angle="180.00" type="DEFAULT_VEHTYPE" speed="13.74" pos="155.78" lane="3/1to3/2_0" slope="0.00"/>
        <vehicle id="11" x="398.35" y="638.82" angle="0.00" type="DEFAULT_VEHTYPE" speed="13.14" pos="161.18" lane="2/4to2/3_0" slope="0.00"/>
        <vehicle id="15" x="601.65" y="266.68" angle="180.00" type="DEFAULT_VEHTYPE" speed="12.65" pos="61.93" lane="3/1to3/2_0" slope="0.00"/>
        <vehicle id="16" x="398.35" y="527.70" angle="0.00" type="DEFAULT_VEHTYPE" speed="13.31" pos="67.55" lane="2/3to2/2_0" slope="0.00"/>
        <vehicle id="17" x="398.35" y="431.61" angle="0.00" type="DEFAULT_VEHTYPE" speed="12.73" pos="163.64" lane="2/3to2/2_0" slope="0.00"/>
        <vehicle id="18" x="598.35" y="435.15" angle="0.00" type="DEFAULT_VEHTYPE" speed="12.78" pos="160.10" lane="3/3to3/2_0" slope="0.00"/>
        <vehicle id="2" x="47.62" y="201.65" angle="-90.00" type="DEFAULT_VEHTYPE" speed="13.47" pos="147.63" lane="1/1to0/1_0" slope="0.00"/>
        <vehicle id="24" x="357.88" y="598.35" angle="90.00" type="DEFAULT_VEHTYPE" speed="12.99" pos="153.13" lane="1/3to2/3_0" slope="0.00"/>
        <vehicle id="28" x="764.04" y="601.65" angle="-90.00" type="DEFAULT_VEHTYPE" speed="13.45" pos="35.96" lane="4/3to3/3_0" slope="0.00"/>
        <vehicle id="29" x="532.08" y="198.35" angle="90.00" type="DEFAULT_VEHTYPE" speed="13.50" pos="127.33" lane="2/1to3/1_0" slope="0.00"/>
        <vehicle id="3" x="478.57" y="401.65" angle="-90.00" type="DEFAULT_VEHTYPE" speed="12.71" pos="116.68" lane="3/2to2/2_0" slope="0.00"/>
        <vehicle id="33" x="601.65" y="324.30" angle="180.00" type="DEFAULT_VEHTYPE" speed="13.11" pos="119.55" lane="3/1to3/2_0" slope="0.00"/>
        <vehicle id="37" x="201.65" y="276.92" angle="180.00" type="DEFAULT_VEHTYPE" speed="13.06" pos="72.17" lane="1/1to1/2_0" slope="0.00"/>
        <vehicle id="39" x="398.35" y="249.77" angle="0.00" type="DEFAULT_VEHTYPE" speed="12.77" pos="145.48" lane="2/2to2/1_0" slope="0.00"/>
        <vehicle id="40" x="521.76" y="401.65" angle="-90.00" type="DEFAULT_VEHTYPE" speed="13.09" pos="73.49" lane="3/2to2/2_0" slope="0.00"/>
        <vehicle id="42" x="401.65" y="634.69" angle="180.00" type="DEFAULT_VEHTYPE" speed="12.99" pos="29.94" lane="2/3to2/4_0" slope="0.00"/>
        <vehicle id="43" x="96.76" y="398.35" angle="90.00" type="DEFAULT_VEHTYPE" speed="13.33" pos="96.76" lane="0/2to1/2_0" slope="0.00"/>
        <vehicle id="44" x="601.65" y="479.06" angle="180.00" type="DEFAULT_VEHTYPE" speed="13.11" pos="74.31" lane="3/2to3/3_0" slope="0.00"/>
        <vehicle id="48" x="601.65" y="216.25" angle="180.00" type="DEFAULT_VEHTYPE" speed="9.54" pos="11.50" lane="3/1to3/2_0" slope="0.00"/>
        <vehicle id="49" x="231.52" y="201.65" angle="-90.00" type="DEFAULT_VEHTYPE" speed="13.36" pos="163.73" lane="2/1to1/1_0" slope="0.00"/>
        <vehicle id="5" x="206.11" y="598.35" angle="112.28" type="DEFAULT_VEHTYPE" speed="13.14" pos="1.36" lane="1/3to2/3_0" slope="0.00"/>
        <vehicle id="6" x="205.23" y="401.65" angle="-90.00" type="DEFAULT_VEHTYPE" speed="5.30" pos="190.02" lane="2/2to1/2_0" slope="0.00"/>
        <vehicle id="7" x="401.37" y="602.80" angle="142.75" type="DEFAULT_VEHTYPE" speed="8.45" pos="8.35" lane=":2/3_14_0" slope="0.00"/>
        <vehicle id="8" x="386.71" y="198.35" angle="90.00" type="DEFAULT_VEHTYPE" speed="6.12" pos="181.96" lane="1/1to2/1_0" slope="0.00"/>
        <vehicle id="9" x="198.35" y="100.24" angle="0.00" type="DEFAULT_VEHTYPE" speed="12.98" pos="95.01" lane="1/1to1/0_0" slope="0.00"/>
    </timestep>
    <timestep time="737.00">
        <vehicle id="0" x="601.65" y="452.16" angle="180.00" type="DEFAULT_VEHTYPE" speed="13.54" pos="47.41" lane="3/2to3/3_0" slope="0.00"/>
        <vehicle id="10" x="601.65" y="373.21" angle="180.00" type="DEFAULT_VEHTYPE" speed="12.68" pos="168.46" lane="3/1to3/2_0" slope="0.00"/>
        <vehicle id="11" x="398.35" y="625.03" angle="0.00" type="DEFAULT_VEHTYPE" speed="13.79" pos="174.97" lane="2/4to2/3_0" slope="0.00"/>
        <vehicle id="15" x="601.65" y="280.06" angle="180.00" type="DEFAULT_VEHTYPE" speed="13.38" pos="75.31" lane="3/1to3/2_0" slope="0.00"/>
        <vehicle id="16" x="398.35" y="514.77" angle="0.00" type="DEFAULT_VEHTYPE" speed="12.93" pos="80.48" lane="2/3to2/2_0" slope="0.00"/>
        <vehicle id="17" x="398.35" y="417.84" angle="0.00" type="DEFAULT_VEHTYPE" speed="13.78" pos="177.41" lane="2/3to2/2_0" slope="0.00"/>
        <vehicle id="18" x="598.35" y="422.18" angle="0.00" type="DEFAULT_VEHTYPE" speed="12.97" pos="173.07" lane="3/3to3/2_0" slope="0.00"/>
        <vehicle id="2" x="34.39" y="201.65" angle="-90.00" type="DEFAULT_VEHTYPE" speed="13.23" pos="160.86" lane="1/1to0/1_0" slope="0.00"/>
        <vehicle id="24" x="370.87" y="598.35" angle="90.00" type="DEFAULT_VEHTYPE" speed="12.99" pos="166.12" lane="1/3to2/3_0" slope="0.00"/>
        <vehicle id="28" x="751.39" y="601.65" angle="-90.00" type="DEFAULT_VEHTYPE" speed="12.64" pos="48.61" lane="4/3to3/3_0" slope="0.00"/>
        <vehicle id="29" x="545.16" y="198.35" angle="90.00" type="DEFAULT_VEHTYPE" speed="13.07" pos="140.41" lane="2/1to3/1_0" slope="0.00"/>
        <vehicle id="3" x="464.95" y="401.65" angle="-90.00" type="DEFAULT_VEHTYPE" speed="13.62" pos="130.30" lane="3/2to2/2_0" slope="0.00"/>
        <vehicle id="33" x="601.65" y="337.72" angle="180.00" type="DEFAULT_VEHTYPE" speed="13.42" pos="132.97" lane="3/1to3/2_0" slope="0.00"/>
        <vehicle id="37" x="201.65" y="289.61" angle="180.00" type="DEFAULT_VEHTYPE" speed="12.69" pos="84.86" lane="1/1to1/2_0" slope="0.00"/>
        <vehicle id="39" x="398.35" y="236.60" angle="0.00" type="DEFAULT_VEHTYPE" speed="13.17" pos="158.65" lane="2/2to2/1_0" slope="0.00"/>
        <vehicle id="40" x="507.95" y="401.65" angle="-90.00" type="DEFAULT_VEHTYPE" speed="13.81" pos="87.30" lane="3/2to2/2_0" slope="0.00"/>
        <vehicle id="42" x="401.65" y="648.22" angle="180.00" type="DEFAULT_VEHTYPE" speed="13.54" pos="43.47" lane="2/3to2/4_0" slope="0.00"/>
        <vehicle id="43" x="109.55" y="398.35" angle="90.00" type="DEFAULT_VEHTYPE" speed="12.80" pos="109.55" lane="0/2to1/2_0" slope="0.00"/>
        <vehicle id="44" x="601.65" y="491.96" angle="180.00" type="DEFAULT_VEHTYPE" speed="12.90" pos="87.21" lane="3/2to3/3_0" slope="0.00"/>
        <vehicle id="48" x="601.65" y="228.14" angle="180.00" type="DEFAULT_VEHTYPE" speed="11.89" pos="23.39" lane="3/1to3/2_0" slope="0.00"/>
        <vehicle id="49" x="220.93" y="201.65" angle="-90.00" type="DEFAULT_VEHTYPE" speed="10.59" pos="174.32" lane="2/1to1/1_0" slope="0.00"/>
        <vehicle id="5" x="219.61" y="598.35" angle="90.00" type="DEFAULT_VEHTYPE" speed="13.50" pos="14.86" lane="1/3to2/3_0" slope="0.00"/>
        <vehicle id="6" x="197.82" y="401.65" angle="-90.00" type="DEFAULT_VEHTYPE" speed="7.41" pos="6.93" lane=":1/2_5_0" slope="0.00"/>
        <vehicle id="7" x="401.65" y="613.62" angle="180.00" type="DEFAULT_VEHTYPE" speed="10.84" pos="8.87" lane="2/3to2/4_0" slope="0.00"/>
        <vehicle id="8" x="390.71" y="198.35" angle="90.00" type="DEFAULT_VEHTYPE" speed="4.01" pos="185.96" lane="1/1to2/1_0" slope="0.00"/>
        <vehicle id="9" x="198.35" y="87.32" angle="0.00" type="DEFAULT_VEHTYPE" speed="12.92" pos="107.93" lane="1/1to1/0_0" slope="0.00"/>
    </timestep>
    <timestep time="738.00">
        <vehicle id="0" x="601.65" y="465.16" angle="180.00" type="DEFAULT_VEHTYPE" speed="13.00" pos="60.41" lane="3/2to3/3_0" slope="0.00"/>
        <vehicle id="10" x="601.65" y="382.24" angle="180.00" type="DEFAULT_VEHTYPE" speed="9.02" pos="177.49" lane="3/1to3/2_0" slope="0.00"/>
        <vehicle id="11" x="398.35" y="611.86" angle="0.00" type="DEFAULT_VEHTYPE" speed="13.17" pos="188.14" lane="2/4to2/3_0" slope="0.00"/>
        <vehicle id="15" x="601.65" y="293.14" angle="180.00" type="DEFAULT_VEHTYPE" speed="13.08" pos="88.39" lane="3/1to3/2_0" slope="0.00"/>
        <vehicle id="16" x="398.35" y="501.95" angle="0.00" type="DEFAULT_VEHTYPE" speed="12.82" pos="93.30" lane="2/3to2/2_0" slope="0.00"/>
        <vehicle id="17" x="398.35" y="404.81" angle="0.00" type="DEFAULT_VEHTYPE" speed="13.03" pos="190.44" lane="2/3to2/2_0" slope="0.00"/>
        <vehicle id="18" x="598.35" y="408.73" angle="0.00" type="DEFAULT_VEHTYPE" speed="13.45" pos="186.52" lane="3/3to3/2_0" slope="0.00"/>
        <vehicle id="2" x="20.95" y="201.65" angle="-90.00" type="DEFAULT_VEHTYPE" speed="13.44" pos="174.30" lane="1/1to0/1_0" slope="0.00"/>
        <vehicle id="24" x="380.16" y="598.35" angle="90.00" type="DEFAULT_VEHTYPE" speed="9.29" pos="175.41" lane="1/3to2/3_0" slope="0.00"/>
        <vehicle id="28" x="738.76" y="601.65" angle="-90.00" type="DEFAULT_VEHTYPE" speed="12.64" pos="61.24" lane="4/3to3/3_0" slope="0.00"/>
        <vehicle id="29" x="557.92" y="198.35" angle="90.00" type="DEFAULT_VEHTYPE" speed="12.76" pos="153.17" lane="2/1to3/1_0" slope="0.00"/>
        <vehicle id="3" x="451.14" y="401.65" angle="-90.00" type="DEFAULT_VEHTYPE" speed="13.82" pos="144.11" lane="3/2to2/2_0" slope="0.00"/>
        <vehicle id="33" x="601.65" y="351.37" angle="180.00" type="DEFAULT_VEHTYPE" speed="13.65" pos="146.62" lane="3/1to3/2_0" slope="0.00"/>
        <vehicle id="37" x="201.65" y="302.96" angle="180.00" type="DEFAULT_VEHTYPE" speed="13.35" pos="98.21" lane="1/1to1/2_0" slope="0.00"/>
        <vehicle id="39" x="398.35" y="223.41" angle="0.00" type="DEFAULT_VEHTYPE" speed="13.19" pos="171.84" lane="2/2to2/1_0" slope="0.00"/>
        <vehicle id="40" x="494.77" y="401.65" angle="-90.00" type="DEFAULT_VEHTYPE" speed="13.18" pos="100.48" lane="3/2to2/2_0" slope="0.00"/>
        <vehicle id="42" x="401.65" y="660.90" angle="180.00" type="DEFAULT_VEHTYPE" speed="12.67" pos="56.15" lane="2/3to2/4_0" slope="0.00"/>
        <vehicle id="43" x="123.18" y="398.35" angle="90.00" type="DEFAULT_VEHTYPE" speed="13.63" pos="123.18" lane="0/2to1/2_0" slope="0.00"/>
        <vehicle id="44" x="601.65" y="504.78" angle="180.00" type="DEFAULT_VEHTYPE" speed="12.83" pos="100.03" lane="3/2to3/3_0" slope="0.00"/>
        <vehicle id="48" x="601.65" y="240.98" angle="180.00" type="DEFAULT_VEHTYPE" speed="12.85" pos="36.23" lane="3/1to3/2_0" slope="0.00"/>
        <vehicle id="49" x="214.37" y="201.65" angle="-90.00" type="DEFAULT_VEHTYPE" speed="6.56" pos="180.88" lane="2/1to1/1_0" slope="0.00"/>
        <vehicle id="5" x="232.56" y="598.35" angle="90.00" type="DEFAULT_VEHTYPE" speed="12.96" pos="27.81" lane="1/3to2/3_0" slope="0.00"/>
        <vehicle id="6" x="188.90" y="401.65" angle="-90.00" type="DEFAULT_VEHTYPE" speed="8.92" pos="6.35" lane="1/2to0/2_0" slope="0.00"/>
        <vehicle id="7" x="401.65" y="626.84" angle="180.00" type="DEFAULT_VEHTYPE" speed="13.22" pos="22.09" lane="2/3to2/4_0" slope="0.00"/>
        <vehicle id="8" x="392.05" y="198.35" angle="90.00" type="DEFAULT_VEHTYPE" speed="1.34" pos="187.30" lane="1/1to2/1_0" slope="0.00"/>
        <vehicle id="9" x="198.35" y="73.80" angle="0.00" type="DEFAULT_VEHTYPE" speed="13.52" pos="121.45" lane="1/1to1/0_0" slope="0.00"/>
    </timestep>
    <timestep time="739.00">
        <vehicle id="0" x="601.65" y="478.60" angle="180.00" type="DEFAULT_VEHTYPE" speed="13.44" pos="73.85" lane="3/2to3/3_0" slope="0.00"/>
        <vehicle id="10" x="601.65" y="387.83" angle="180.00" type="DEFAULT_VEHTYPE" speed="5.60" pos="183.08" lane="3/1to3/2_0" slope="0.00"/>
        <vehicle id="11" x="398.35" y="598.69" angle="0.00" type="DEFAULT_VEHTYPE" speed="13.17" pos="6.06" lane=":2/3_1_0" slope="0.00"/>
        <vehicle id="15" x="601.65" y="305.90" angle="180.00" type="DEFAULT_VEHTYPE" speed="12.76" pos="101.15" lane="3/1to3/2_0" slope="0.00"/>
        <vehicle id="16" x="398.35" y="489.16" angle="0.00" type="DEFAULT_VEHTYPE" speed="12.79" pos="106.09" lane="2/3to2/2_0" slope="0.00"/>
        <vehicle id="17" x="398.35" y="391.02" angle="0.00" type="DEFAULT_VEHTYPE" speed="13.79" pos="4.23" lane="2/2to2/1_0" slope="0.00"/>
        <vehicle id="18" x="590.67" y="401.65" angle="-89.33" type="DEFAULT_VEHTYPE" speed="13.56" pos="4.58" lane="3/2to2/2_0" slope="0.00"/>
        <vehicle id="2" x="8.17" y="201.65" angle="-90.00" type="DEFAULT_VEHTYPE" speed="12.78" pos="187.08" lane="1/1to0/1_0" slope="0.00"/>
        <vehicle id="24" x="386.49" y="598.35" angle="90.00" type="DEFAULT_VEHTYPE" speed="6.34" pos="181.74" lane="1/3to2/3_0" slope="0.00"/>
        <vehicle id="28" x="725.21" y="601.65" angle="-90.00" type="DEFAULT_VEHTYPE" speed="13.54" pos="74.79" lane="4/3to3/3_0" slope="0.00"/>
        <vehicle id="29" x="571.28" y="198.35" angle="90.00" type="DEFAULT_VEHTYPE" speed="13.36" pos="166.53" lane="2/1to3/1_0" slope="0.00"/>
        <vehicle id="3" x="437.95" y="401.65" angle="-90.00" type="DEFAULT_VEHTYPE" speed="13.18" pos="157.30" lane="3/2to2/2_0" slope="0.00"/>
        <vehicle id="33" x="601.65" y="363.93" angle="180.00" type="DEFAULT_VEHTYPE" speed="12.56" pos="159.18" lane="3/1to3/2_0" slope="0.00"/>
        <vehicle id="37" x="201.65" y="316.30" angle="180.00" type="DEFAULT_VEHTYPE" speed="13.34" pos="111.55" lane="1/1to1/2_0" slope="0.00"/>
        <vehicle id="39" x="398.35" y="210.39" angle="0.00" type="DEFAULT_VEHTYPE" speed="13.02" pos="184.86" lane="2/2to2/1_0" slope="0.00"/>
        <vehicle id="40" x="482.03" y="401.65" angle="-90.00" type="DEFAULT_VEHTYPE" speed="12.74" pos="113.22" lane="3/2to2/2_0" slope="0.00"/>
        <vehicle id="42" x="401.65" y="673.67" angle="180.00" type="DEFAULT_VEHTYPE" speed="12.77" pos="68.92" lane="2/3to2/4_0" slope="0.00"/>
        <vehicle id="43" x="136.90" y="398.35" angle="90.00" type="DEFAULT_VEHTYPE" speed="13.72" pos="136.90" lane="0/2to1/2_0" slope="0.00"/>
        <vehicle id="44" x="601.65" y="518.52" angle="180.00" type="DEFAULT_VEHTYPE" speed="13.73" pos="113.77" lane="3/2to3/3_0" slope="0.00"/>
        <vehicle id="48" x="601.65" y="253.75" angle="180.00" type="DEFAULT_VEHTYPE" speed="12.76" pos="49.00" lane="3/1to3/2_0" slope="0.00"/>
        <vehicle id="49" x="210.62" y="201.65" angle="-90.00" type="DEFAULT_VEHTYPE" speed="3.75" pos="184.63" lane="2/1to1/1_0" slope="0.00"/>
        <vehicle id="5" x="246.06" y="598.35" angle="90.00" type="DEFAULT_VEHTYPE" speed="13.50" pos="41.31" lane="1/3to2/3_0" slope="0.00"/>
        <vehicle id="6" x="178.49" y="401.65" angle="-90.00" type="DEFAULT_VEHTYPE" speed="10.42" pos="16.76" lane="1/2to0/2_0" slope="0.00"/>
        <vehicle id="7" x="401.65" y="640.42" angle="180.00" type="DEFAULT_VEHTYPE" speed="13.58" pos="35.67" lane="2/3to2/4_0" slope="0.00"/>
        <vehicle id="8" x="392.64" y="198.35" angle="90.00" type="DEFAULT_VEHTYPE" speed="0.58" pos="187.89" lane="1/1to2/1_0" slope="0.00"/>
        <vehicle id="9" x="198.35" y="60.38" angle="0.00" type="DEFAULT_VEHTYPE" speed="13.42" pos="134.87" lane="1/1to1/0_0" slope="0.00"/>
    </timestep>
    <timestep time="740.00">
        <vehicle id="0" x="601.65" y="491.68" angle="180.00" type="DEFAULT_VEHTYPE" speed="13.08" pos="86.93" lane="3/2to3/3_0" slope="0.00"/>
        <vehicle id="10" x="601.65" y="391.35" angle="180.00" type="DEFAULT_VEHTYPE" speed="3.52" pos="186.60" lane="3/1to3/2_0" slope="0.00"/>
        <vehicle id="11" x="398.35" y="585.41" angle="0.00" type="DEFAULT_VEHTYPE" speed="13.28" pos="9.84" lane="2/3to2/2_0" slope="0.00"/>
        <vehicle id="15" x="601.65" y="319.66" angle="180.00" type="DEFAULT_VEHTYPE" speed="13.76" pos="114.91" lane="3/1to3/2_0" slope="0.00"/>
        <vehicle id="16" x="398.35" y="476.02" angle="0.00" type="DEFAULT_VEHTYPE" speed="13.14" pos="119.23" lane="2/3to2/2_0" slope="0.00"/>
        <vehicle id="17" x="398.35" y="377.45" angle="0.00" type="DEFAULT_VEHTYPE" speed="13.57" pos="17.80" lane="2/2to2/1_0" slope="0.00"/>
        <vehicle id="18" x="576.77" y="401.65" angle="-90.00" type="DEFAULT_VEHTYPE" speed="13.90" pos="18.48" lane="3/2to2/2_0" slope="0.00"/>
        <vehicle id="2" x="-0.13" y="198.44" angle="-8.39" type="DEFAULT_VEHTYPE" speed="12.83" pos="4.66" lane=":0/1_0_0" slope="0.00"/>
        <vehicle id="24" x="390.34" y="598.35" angle="90.00" type="DEFAULT_VEHTYPE" speed="3.84" pos="185.59" lane="1/3to2/3_0" slope="0.00"/>
        <vehicle id="28" x="711.43" y="601.65" angle="-90.00" type="DEFAULT_VEHTYPE" speed="13.78" pos="88.57" lane="4/3to3/3_0" slope="0.00"/>
        <vehicle id="29" x="580.26" y="198.35" angle="90.00" type="DEFAULT_VEHTYPE" speed="8.98" pos="175.51" lane="2/1to3/1_0" slope="0.00"/>
        <vehicle id="3" x="426.22" y="401.65" angle="-90.00" type="DEFAULT_VEHTYPE" speed="11.73" pos="169.03" lane="3/2to2/2_0" slope="0.00"/>
        <vehicle id="33" x="601.65" y="373.25" angle="180.00" type="DEFAULT_VEHTYPE" speed="9.32" pos="168.50" lane="3/1to3/2_0" slope="0.00"/>
        <vehicle id="37" x="201.65" y="329.58" angle="180.00" type="DEFAULT_VEHTYPE" speed="13.28" pos="124.83" lane="1/1to1/2_0" slope="0.00"/>
        <vehicle id="39" x="398.35" y="197.01" angle="0.00" type="DEFAULT_VEHTYPE" speed="13.38" pos="7.74" lane=":2/1_1_0" slope="0.00"/>
        <vehicle id="40" x="469.36" y="401.65" angle="-90.00" type="DEFAULT_VEHTYPE" speed="12.66" pos="125.89" lane="3/2to2/2_0" slope="0.00"/>
        <vehicle id="42" x="401.65" y="687.19" angle="180.00" type="DEFAULT_VEHTYPE" speed="13.52" pos="82.44" lane="2/3to2/4_0" slope="0.00"/>
        <vehicle id="43" x="149.77" y="398.35" angle="90.00" type="DEFAULT_VEHTYPE" speed="12.87" pos="149.77" lane="0/2to1/2_0" slope="0.00"/>
        <vehicle id="44" x="601.65" y="531.90" angle="180.00" type="DEFAULT_VEHTYPE" speed="13.39" pos="127.15" lane="3/2to3/3_0" slope="0.00"/>
        <vehicle id="48" x="601.65" y="266.61" angle="180.00" type="DEFAULT_VEHTYPE" speed="12.87" pos="61.86" lane="3/1to3/2_0" slope="0.00"/>
        <vehicle id="49" x="204.43" y="201.70" angle="-90.52" type="DEFAULT_VEHTYPE" speed="6.19" pos="0.33" lane=":1/1_4_0" slope="0.00"/>
        <vehicle id="5" x="259.15" y="598.35" angle="90.00" type="DEFAULT_VEHTYPE" speed="13.09" pos="54.40" lane="1/3to2/3_0" slope="0.00"/>
        <vehicle id="6" x="166.73" y="401.65" angle="-90.00" type="DEFAULT_VEHTYPE" speed="11.76" pos="28.52" lane="1/2to0/2_0" slope="0.00"/>
        <vehicle id="7" x="401.65" y="653.43" angle="180.00" type="DEFAULT_VEHTYPE" speed="13.02" pos="48.68" lane="2/3to2/4_0" slope="0.00"/>
        <vehicle id="8" x="392.71" y="198.35" angle="90.00" type="DEFAULT_VEHTYPE" speed="0.08" pos="187.96" lane="1/1to2/1_0" slope="0.00"/>
        <vehicle id="9" x="198.35" y="46.90" angle="0.00" type="DEFAULT_VEHTYPE" speed="13.48" pos="148.35" lane="1/1to1/0_0" slope="0.00"/>
    </timestep>
    <timestep time="741.00">
        <vehicle id="0" x="601.65" y="504.69" angle="180.00" type="DEFAULT_VEHTYPE" speed="13.00" pos="99.94" lane="3/2to3/3_0" slope="0.00"/>
        <vehicle id="10" x="601.38" y="397.12" angle="-176.94" type="DEFAULT_VEHTYPE" speed="5.78" pos="1.89" lane=":3/2_10_0" slope="0.00"/>
        <vehicle id="11" x="398.35" y="572.28" angle="0.00" type="DEFAULT_VEHTYPE" speed="13.13" pos="22.97" lane="2/3to2/2_0" slope="0.00"/>
        <vehicle id="15" x="601.65" y="332.61" angle="180.00" type="DEFAULT_VEHTYPE" speed="12.95" pos="127.86" lane="3/1to3/2_0" slope="0.00"/>
        <vehicle id="16" x="398.35" y="462.18" angle="0.00" type="DEFAULT_VEHTYPE" speed="13.84" pos="133.07" lane="2/3to2/2_0" slope="0.00"/>
        <vehicle id="17" x="398.35" y="363.56" angle="0.00" type="DEFAULT_VEHTYPE" speed="13.89" pos="31.69" lane="2/2to2/1_0" slope="0.00"/>
        <vehicle id="18" x="564.09" y="401.65" angle="-90.00" type="DEFAULT_VEHTYPE" speed="12.68" pos="31.16" lane="3/2to2/2_0" slope="0.00"/>
        <vehicle id="2" x="13.41" y="198.35" angle="90.00" type="DEFAULT_VEHTYPE" speed="13.57" pos="13.41" lane="0/1to1/1_0" slope="0.00"/>
        <vehicle id="24" x="395.49" y="598.38" angle="90.40" type="DEFAULT_VEHTYPE" speed="5.16" pos="0.24" lane=":2/3_14_0" slope="0.00"/>
        <vehicle id="28" x="698.19" y="601.65" angle="-90.00" type="DEFAULT_VEHTYPE" speed="13.23" pos="101.81" lane="4/3to3/3_0" slope="0.00"/>
        <vehicle id="29" x="586.79" y="198.35" angle="90.00" type="DEFAULT_VEHTYPE" speed="6.52" pos="182.04" lane="2/1to3/1_0" slope="0.00"/>
        <vehicle id="3" x="417.13" y="401.65" angle="-90.00" type="DEFAULT_VEHTYPE" speed="9.09" pos="178.12" lane="3/2to2/2_0" slope="0.00"/>
        <vehicle id="33" x="601.65" y="378.47" angle="180.00" type="DEFAULT_VEHTYPE" speed="5.22" pos="173.72" lane="3/1to3/2_0" slope="0.00"/>
        <vehicle id="37" x="201.65" y="342.31" angle="180.00" type="DEFAULT_VEHTYPE" speed="12.73" pos="137.56" lane="1/1to1/2_0" slope="0.00"/>
        <vehicle id="39" x="398.35" y="183.81" angle="0.00" type="DEFAULT_VEHTYPE" speed="13.20" pos="11.44" lane="2/1to2/0_0" slope="0.00"/>
        <vehicle id="40" x="455.77" y="401.65" angle="-90.00" type="DEFAULT_VEHTYPE" speed="13.60" pos="139.48" lane="3/2to2/2_0" slope="0.00"/>
        <vehicle id="42" x="401.65" y="700.94" angle="180.00" type="DEFAULT_VEHTYPE" speed="13.75" pos="96.19" lane="2/3to2/4_0" slope="0.00"/>
        <vehicle id="43" x="163.52" y="398.35" angle="90.00" type="DEFAULT_VEHTYPE" speed="13.76" pos="163.52" lane="0/2to1/2_0" slope="0.00"/>
        <vehicle id="44" x="601.65" y="545.10" angle="180.00" type="DEFAULT_VEHTYPE" speed="13.20" pos="140.35" lane="3/2to3/3_0" slope="0.00"/>
        <vehicle id="48" x="601.65" y="280.03" angle="180.00" type="DEFAULT_VEHTYPE" speed="13.42" pos="75.28" lane="3/1to3/2_0" slope="0.00"/>
        <vehicle id="49" x="201.65" y="207.58" angle="-172.93" type="DEFAULT_VEHTYPE" speed="7.50" pos="2.83" lane="1/1to1/2_0" slope="0.00"/>
        <vehicle id="5" x="271.76" y="598.35" angle="90.00" type="DEFAULT_VEHTYPE" speed="12.61" pos="67.01" lane="1/3to2/3_0" slope="0.00"/>
        <vehicle id="6" x="153.49" y="401.65" angle="-90.00" type="DEFAULT_VEHTYPE" speed="13.24" pos="41.76" lane="1/2to0/2_0" slope="0.00"/>
        <vehicle id="7" x="401.65" y="666.86" angle="180.00" type="DEFAULT_VEHTYPE" speed="13.43" pos="62.11" lane="2/3to2/4_0" slope="0.00"/>
        <vehicle id="8" x="394.70" y="198.35" angle="90.00" type="DEFAULT_VEHTYPE" speed="1.99" pos="189.95" lane="1/1to2/1_0" slope="0.00"/>
        <vehicle id="9" x="198.35" y="33.83" angle="0.00" type="DEFAULT_VEHTYPE" speed="13.07" pos="161.42" lane="1/1to1/0_0" slope="0.00"/>
    </timestep>
    <timestep time="742.00">
        <vehicle id="0" x="601.65" y="517.83" angle="180.00" type="DEFAULT_VEHTYPE" speed="13.14" pos="113.08" lane="3/2to3/3_0" slope="0.00"/>
        <vehicle id="10" x="596.57" y="401.46" angle="-120.59" type="DEFAULT_VEHTYPE" speed="7.10" pos="1.85" lane=":3/2_18_0" slope="0.00"/>
        <vehicle id="11" x="398.35" y="558.60" angle="0.00" type="DEFAULT_VEHTYPE" speed="13.68" pos="36.65" lane="2/3to2/2_0" slope="0.00"/>
        <vehicle id="15" x="601.65" y="345.74" angle="180.00" type="DEFAULT_VEHTYPE" speed="13.13" pos="140.99" lane="3/1to3/2_0" slope="0.00"/>
        <vehicle id="16" x="398.35" y="448.83" angle="0.00" type="DEFAULT_VEHTYPE" speed="13.35" pos="146.42" lane="2/3to2/2_0" slope="0.00"/>
        <vehicle id="17" x="398.35" y="350.22" angle="0.00" type="DEFAULT_VEHTYPE" speed="13.33" pos="45.03" lane="2/2to2/1_0" slope="0.00"/>
        <vehicle id="18" x="551.31" y="401.65" angle="-90.00" type="DEFAULT_VEHTYPE" speed="12.78" pos="43.94" lane="3/2to2/2_0" slope="0.00"/>
        <vehicle id="2" x="26.27" y="198.35" angle="90.00" type="DEFAULT_VEHTYPE" speed="12.86" pos="26.27" lane="0/1to1/1_0" slope="0.00"/>
        <vehicle id="24" x="400.97" y="601.49" angle="127.06" type="DEFAULT_VEHTYPE" speed="6.71" pos="6.95" lane=":2/3_14_0" slope="0.00"/>
        <vehicle id="28" x="685.09" y="601.65" angle="-90.00" type="DEFAULT_VEHTYPE" speed="13.10" pos="114.91" lane="4/3to3/3_0" slope="0.00"/>
        <vehicle id="29" x="590.54" y="198.35" angle="90.00" type="DEFAULT_VEHTYPE" speed="3.75" pos="185.79" lane="2/1to3/1_0" slope="0.00"/>
        <vehicle id="3" x="412.37" y="401.65" angle="-90.00" type="DEFAULT_VEHTYPE" speed="4.76" pos="182.88" lane="3/2to2/2_0" slope="0.00"/>
        <vehicle id="33" x="601.65" y="385.10" angle="180.00" type="DEFAULT_VEHTYPE" speed="6.63" pos="180.35" lane="3/1to3/2_0" slope="0.00"/>
        <vehicle id="37" x="201.65" y="355.56" angle="180.00" type="DEFAULT_VEHTYPE" speed="13.24" pos="150.81" lane="1/1to1/2_0" slope="0.00"/>
        <vehicle id="39" x="398.35" y="170.94" angle="0.00" type="DEFAULT_VEHTYPE" speed="12.87" pos="24.31" lane="2/1to2/0_0" slope="0.00"/>
        <vehicle id="40" x="442.17" y="401.65" angle="-90.00" type="DEFAULT_VEHTYPE" speed="13.59" pos="153.08" lane="3/2to2/2_0" slope="0.00"/>
        <vehicle id="42" x="401.65" y="714.34" angle="180.00" type="DEFAULT_VEHTYPE" speed="13.40" pos="109.59" lane="2/3to2/4_0" slope="0.00"/>
        <vehicle id="43" x="175.83" y="398.35" angle="90.00" type="DEFAULT_VEHTYPE" speed="12.31" pos="175.83" lane="0/2to1/2_0" slope="0.00"/>
        <vehicle id="44" x="601.65" y="557.92" angle="180.00" type="DEFAULT_VEHTYPE" speed="12.83" pos="153.17" lane="3/2to3/3_0" slope="0.00"/>
        <vehicle id="48" x="601.65" y="292.66" angle="180.00" type="DEFAULT_VEHTYPE" speed="12.63" pos="87.91" lane="3/1to3/2_0" slope="0.00"/>
        <vehicle id="49" x="201.65" y="217.28" angle="180.00" type="DEFAULT_VEHTYPE" speed="9.70" pos="12.53" lane="1/1to1/2_0" slope="0.00"/>
        <vehicle id="5" x="285.62" y="598.35" angle="90.00" type="DEFAULT_VEHTYPE" speed="13.86" pos="80.87" lane="1/3to2/3_0" slope="0.00"/>
        <vehicle id="6" x="140.29" y="401.65" angle="-90.00" type="DEFAULT_VEHTYPE" speed="13.20" pos="54.96" lane="1/2to0/2_0" slope="0.00"/>
        <vehicle id="7" x="401.65" y="679.55" angle="180.00" type="DEFAULT_VEHTYPE" speed="12.69" pos="74.80" lane="2/3to2/4_0" slope="0.00"/>
        <vehicle id="8" x="398.70" y="198.35" angle="90.00" type="DEFAULT_VEHTYPE" speed="4.00" pos="3.45" lane=":2/1_13_0" slope="0.00"/>
        <vehicle id="9" x="198.35" y="20.85" angle="0.00" type="DEFAULT_VEHTYPE" speed="12.98" pos="174.40" lane="1/1to1/0_0" slope="0.00"/>
    </timestep>
    <timestep time="743.00">
        <vehicle id="0" x="601.65" y="530.76" angle="180.00" type="DEFAULT_VEHTYPE" speed="12.94" pos="126.01" lane="3/2to3/3_0" slope="0.00"/>
        <vehicle id="10" x="587.66" y="401.65" angle="-90.00" type="DEFAULT_VEHTYPE" speed="8.92" pos="7.59" lane="3/2to2/2_0" slope="0.00"/>
        <vehicle id="11" x="398.35" y="545.59" angle="0.00" type="DEFAULT_VEHTYPE" speed="13.01" pos="49.66" lane="2/3to2/2_0" slope="0.00"/>
        <vehicle id="15" x="601.65" y="358.60" angle="180.00" type="DEFAULT_VEHTYPE" speed="12.85" pos="153.85" lane="3/1to3/2_0" slope="0.00"/>
        <vehicle id="16" x="398.35" y="435.62" angle="0.00" type="DEFAULT_VEHTYPE" speed="13.21" pos="159.63" lane="2/3to2/2_0" slope="0.00"/>
        <vehicle id="17" x="398.35" y="337.15" angle="0.00" type="DEFAULT_VEHTYPE" speed="13.08" pos="58.10" lane="2/2to2/1_0" slope="0.00"/>
        <vehicle id="18" x="538.19" y="401.65" angle="-90.00" type="DEFAULT_VEHTYPE" speed="13.13" pos="57.06" lane="3/2to2/2_0" slope="0.00"/>
        <vehicle id="2" x="39.53" y="198.35" angle="90.00" type="DEFAULT_VEHTYPE" speed="13.26" pos="39.53" lane="0/1to1/1_0" slope="0.00"/>
        <vehicle id="24" x="401.65" y="610.55" angle="180.00" type="DEFAULT_VEHTYPE" speed="9.17" pos="5.80" lane="2/3to2/4_0" slope="0.00"/>
        <vehicle id="28" x="671.50" y="601.65" angle="-90.00" type="DEFAULT_VEHTYPE" speed="13.58" pos="128.50" lane="4/3to3/3_0" slope="0.00"/>
        <vehicle id="29" x="596.45" y="198.52" angle="91.97" type="DEFAULT_VEHTYPE" speed="5.92" pos="1.21" lane=":3/1_14_0" slope="0.00"/>
        <vehicle id="3" x="409.01" y="401.65" angle="-90.00" type="DEFAULT_VEHTYPE" speed="3.36" pos="186.24" lane="3/2to2/2_0" slope="0.00"/>
        <vehicle id="33" x="601.65" y="393.23" angle="180.00" type="DEFAULT_VEHTYPE" speed="8.13" pos="188.48" lane="3/1to3/2_0" slope="0.00"/>
        <vehicle id="37" x="201.65" y="368.89" angle="180.00" type="DEFAULT_VEHTYPE" speed="13.33" pos="164.14" lane="1/1to1/2_0" slope="0.00"/>
        <vehicle id="39" x="398.35" y="157.48" angle="0.00" type="DEFAULT_VEHTYPE" speed="13.46" pos="37.77" lane="2/1to2/0_0" slope="0.00"/>
        <vehicle id="40" x="431.46" y="401.65" angle="-90.00" type="DEFAULT_VEHTYPE" speed="10.71" pos="163.79" lane="3/2to2/2_0" slope="0.00"/>
        <vehicle id="42" x="401.65" y="727.41" angle="180.00" type="DEFAULT_VEHTYPE" speed="13.07" pos="122.66" lane="2/3to2/4_0" slope="0.00"/>
        <vehicle id="43" x="183.64" y="398.35" angle="90.00" type="DEFAULT_VEHTYPE" speed="7.81" pos="183.64" lane="0/2to1/2_0" slope="0.00"/>
        <vehicle id="44" x="601.65" y="571.77" angle="180.00" type="DEFAULT_VEHTYPE" speed="13.85" pos="167.02" lane="3/2to3/3_0" slope="0.00"/>
        <vehicle id="48" x="601.65" y="305.74" angle="180.00" type="DEFAULT_VEHTYPE" speed="13.08" pos="100.99" lane="3/1to3/2_0" slope="0.00"/>
        <vehicle id="49" x="201.65" y="229.13" angle="180.00" type="DEFAULT_VEHTYPE" speed="11.85" pos="24.38" lane="1/1to1/2_0" slope="0.00"/>
        <vehicle id="5" x="299.12" y="598.35" angle="90.00" type="DEFAULT_VEHTYPE" speed="13.51" pos="94.37" lane="1/3to2/3_0" slope="0.00"/>
        <vehicle id="6" x="127.22" y="401.65" angle="-90.00" type="DEFAULT_VEHTYPE" speed="13.07" pos="68.03" lane="1/2to0/2_0" slope="0.00"/>
        <vehicle id="7" x="401.65" y="692.74" angle="180.00" type="DEFAULT_VEHTYPE" speed="13.19" pos="87.99" lane="2/3to2/4_0" slope="0.00"/>
        <vehicle id="8" x="404.67" y="198.35" angle="90.00" type="DEFAULT_VEHTYPE" speed="5.97" pos="9.42" lane=":2/1_13_0" slope="0.00"/>
        <vehicle id="9" x="198.35" y="7.30" angle="0.00" type="DEFAULT_VEHTYPE" speed="13.55" pos="187.95" lane="1/1to1/0_0" slope="0.00"/>
    </timestep>
    <timestep time="744.00">
        <vehicle id="0" x="601.65" y="543.43" angle="180.00" type="DEFAULT_VEHTYPE" speed="12.66" pos="138.68" lane="3/2to3/3_0" slope="0.00"/>
        <vehicle id="10" x="576.54" y="401.65" angle="-90.00" type="DEFAULT_VEHTYPE" speed="11.12" pos="18.71" lane="3/2to2/2_0" slope="0.00"/>
        <vehicle id="11" x="398.35" y="532.16" angle="0.00" type="DEFAULT_VEHTYPE" speed="13.43" pos="63.09" lane="2/3to2/2_0" slope="0.00"/>
        <vehicle id="15" x="601.65" y="371.14" angle="180.00" type="DEFAULT_VEHTYPE" speed="12.54" pos="166.39" lane="3/1to3/2_0" slope="0.00"/>
        <vehicle id="16" x="398.35" y="421.84" angle="0.00" type="DEFAULT_VEHTYPE" speed="13.78" pos="173.41" lane="2/3to2/2_0" slope="0.00"/>
        <vehicle id="17" x="398.35" y="324.03" angle="0.00" type="DEFAULT_VEHTYPE" speed="13.12" pos="71.22" lane="2/2to2/1_0" slope="0.00"/>
        <vehicle id="18" x="524.89" y="401.65" angle="-90.00" type="DEFAULT_VEHTYPE" speed="13.30" pos="70.36" lane="3/2to2/2_0" slope="0.00"/>
        <vehicle id="2" x="53.19" y="198.35" angle="90.00" type="DEFAULT_VEHTYPE" speed="13.66" pos="53.19" lane="0/1to1/1_0" slope="0.00"/>
        <vehicle id="24" x="401.65" y="621.65" angle="180.00" type="DEFAULT_VEHTYPE" speed="11.10" pos="16.90" lane="2/3to2/4_0" slope="0.00"/>
        <vehicle id="28" x="658.29" y="601.65" angle="-90.00" type="DEFAULT_VEHTYPE" speed="13.22" pos="141.71" lane="4/3to3/3_0" slope="0.00"/>
        <vehicle id="29" x="601.46" y="203.43" angle="149.34" type="DEFAULT_VEHTYPE" speed="7.77" pos="8.98" lane=":3/1_14_0" slope="0.00"/>
        <vehicle id="3" x="407.79" y="401.65" angle="-90.00" type="DEFAULT_VEHTYPE" speed="1.22" pos="187.46" lane="3/2to2/2_0" slope="0.00"/>
        <vehicle id="33" x="601.65" y="403.29" angle="180.00" type="DEFAULT_VEHTYPE" speed="10.06" pos="8.04" lane=":3/2_9_0" slope="0.00"/>
        <vehicle id="37" x="201.65" y="381.58" angle="180.00" type="DEFAULT_VEHTYPE" speed="12.69" pos="176.83" lane="1/1to1/2_0" slope="0.00"/>
        <vehicle id="39" x="398.35" y="143.76" angle="0.00" type="DEFAULT_VEHTYPE" speed="13.72" pos="51.49" lane="2/1to2/0_0" slope="0.00"/>
        <vehicle id="40" x="424.26" y="401.65" angle="-90.00" type="DEFAULT_VEHTYPE" speed="7.20" pos="170.99" lane="3/2to2/2_0" slope="0.00"/>
        <vehicle id="42" x="401.65" y="740.94" angle="180.00" type="DEFAULT_VEHTYPE" speed="13.53" pos="136.19" lane="2/3to2/4_0" slope="0.00"/>
        <vehicle id="43" x="188.02" y="398.35" angle="90.00" type="DEFAULT_VEHTYPE" speed="4.37" pos="188.02" lane="0/2to1/2_0" slope="0.00"/>
        <vehicle id="44" x="601.65" y="584.93" angle="180.00" type="DEFAULT_VEHTYPE" speed="13.16" pos="180.18" lane="3/2to3/3_0" slope="0.00"/>
        <vehicle id="48" x="601.65" y="319.53" angle="180.00" type="DEFAULT_VEHTYPE" speed="13.78" pos="114.78" lane="3/1to3/2_0" slope="0.00"/>
        <vehicle id="49" x="201.65" y="242.36" angle="180.00" type="DEFAULT_VEHTYPE" speed="13.23" pos="37.61" lane="1/1to1/2_0" slope="0.00"/>
        <vehicle id="5" x="312.75" y="598.35" angle="90.00" type="DEFAULT_VEHTYPE" speed="13.63" pos="108.00" lane="1/3to2/3_0" slope="0.00"/>
        <vehicle id="6" x="114.25" y="401.65" angle="-90.00" type="DEFAULT_VEHTYPE" speed="12.96" pos="81.00" lane="1/2to0/2_0" slope="0.00"/>
        <vehicle id="7" x="401.65" y="706.36" angle="180.00" type="DEFAULT_VEHTYPE" speed="13.62" pos="101.61" lane="2/3to2/4_0" slope="0.00"/>
        <vehicle id="8" x="413.05" y="198.35" angle="90.00" type="DEFAULT_VEHTYPE" speed="8.38" pos="8.30" lane="2/1to3/1_0" slope="0.00"/>
        <vehicle id="9" x="201.65" y="0.51" angle="104.22" type="DEFAULT_VEHTYPE" speed="12.63" pos="0.51" lane="1/0to1/1_0" slope="0.00"/>
    </timestep>
    <timestep time="745.00">
        <vehicle id="0" x="601.65" y="556.91" angle="180.00" type="DEFAULT_VEHTYPE" speed="13.48" pos="152.16" lane="3/2to3/3_0" slope="0.00"/>
        <vehicle id="10" x="563.98" y="401.65" angle="-90.00" type="DEFAULT_VEHTYPE" speed="12.56" pos="31.27" lane="3/2to2/2_0" slope="0.00"/>
        <vehicle id="11" x="398.35" y="518.72" angle="0.00" type="DEFAULT_VEHTYPE" speed="13.44" pos="76.53" lane="2/3to2/2_0" slope="0.00"/>
        <vehicle id="15" x="601.65" y="380.18" angle="180.00" type="DEFAULT_VEHTYPE" speed="9.04" pos="175.43" lane="3/1to3/2_0" slope="0.00"/>
        <vehicle id="16" x="398.35" y="408.80" angle="0.00" type="DEFAULT_VEHTYPE" speed="13.04" pos="186.45" lane="2/3to2/2_0" slope="0.00"/>
        <vehicle id="17" x="398.35" y="310.29" angle="0.00" type="DEFAULT_VEHTYPE" speed="13.74" pos="84.96" lane="2/2to2/1_0" slope="0.00"/>
        <vehicle id="18" x="511.67" y="401.65" angle="-90.00" type="DEFAULT_VEHTYPE" speed="13.22" pos="83.58" lane="3/2to2/2_0" slope="0.00"/>
        <vehicle id="2" x="66.29" y="198.35" angle="90.00" type="DEFAULT_VEHTYPE" speed="13.10" pos="66.29" lane="0/1to1/1_0" slope="0.00"/>
        <vehicle id="24" x="401.65" y="634.99" angle="180.00" type="DEFAULT_VEHTYPE" speed="13.34" pos="30.24" lane="2/3to2/4_0" slope="0.00"/>
        <vehicle id="28" x="644.40" y="601.65" angle="-90.00" type="DEFAULT_VEHTYPE" speed="13.89" pos="155.60" lane="4/3to3/3_0" slope="0.00"/>
        <vehicle id="29" x="601.65" y="213.68" angle="180.00" type="DEFAULT_VEHTYPE" speed="10.26" pos="8.93" lane="3/1to3/2_0" slope="0.00"/>
        <vehicle id="3" x="407.43" y="401.65" angle="-90.00" type="DEFAULT_VEHTYPE" speed="0.36" pos="187.82" lane="3/2to2/2_0" slope="0.00"/>
        <vehicle id="33" x="601.65" y="414.88" angle="180.00" type="DEFAULT_VEHTYPE" speed="11.59" pos="10.13" lane="3/2to3/3_0" slope="0.00"/>
        <vehicle id="37" x="201.65" y="394.56" angle="180.00" type="DEFAULT_VEHTYPE" speed="12.99" pos="189.81" lane="1/1to1/2_0" slope="0.00"/>
        <vehicle id="39" x="398.35" y="130.63" angle="0.00" type="DEFAULT_VEHTYPE" speed="13.14" pos="64.62" lane="2/1to2/0_0" slope="0.00"/>
        <vehicle id="40" x="419.57" y="401.65" angle="-90.00" type="DEFAULT_VEHTYPE" speed="4.69" pos="175.68" lane="3/2to2/2_0" slope="0.00"/>
        <vehicle id="42" x="401.65" y="754.36" angle="180.00" type="DEFAULT_VEHTYPE" speed="13.42" pos="149.61" lane="2/3to2/4_0" slope="0.00"/>
        <vehicle id="43" x="190.54" y="398.35" angle="90.00" type="DEFAULT_VEHTYPE" speed="2.53" pos="190.54" lane="0/2to1/2_0" slope="0.00"/>
        <vehicle id="44" x="602.31" y="597.40" angle="172.28" type="DEFAULT_VEHTYPE" speed="12.61" pos="2.29" lane=":3/3_8_0" slope="0.00"/>
        <vehicle id="48" x="601.65" y="332.30" angle="180.00" type="DEFAULT_VEHTYPE" speed="12.78" pos="127.55" lane="3/1to3/2_0" slope="0.00"/>
        <vehicle id="49" x="201.65" y="255.15" angle="180.00" type="DEFAULT_VEHTYPE" speed="12.79" pos="50.40" lane="1/1to1/2_0" slope="0.00"/>
        <vehicle id="5" x="326.29" y="598.35" angle="90.00" type="DEFAULT_VEHTYPE" speed="13.54" pos="121.54" lane="1/3to2/3_0" slope="0.00"/>
        <vehicle id="6" x="101.56" y="401.65" angle="-90.00" type="DEFAULT_VEHTYPE" speed="12.70" pos="93.69" lane="1/2to0/2_0" slope="0.00"/>
        <vehicle id="7" x="401.65" y="719.63" angle="180.00" type="DEFAULT_VEHTYPE" speed="13.27" pos="114.88" lane="2/3to2/4_0" slope="0.00"/>
        <vehicle id="8" x="423.93" y="198.35" angle="90.00" type="DEFAULT_VEHTYPE" speed="10.88" pos="19.18" lane="2/1to3/1_0" slope="0.00"/>
        <vehicle id="9" x="201.65" y="13.39" angle="180.00" type="DEFAULT_VEHTYPE" speed="12.88" pos="13.39" lane="1/0to1/1_0" slope="0.00"/>
    </timestep>
    <timestep time="746.00">
        <vehicle id="0" x="601.65" y="569.68" angle="180.00" type="DEFAULT_VEHTYPE" speed="12.77" pos="164.93" lane="3/2to3/3_0" slope="0.00"/>
        <vehicle id="10" x="550.40" y="401.65" angle="-90.00" type="DEFAULT_VEHTYPE" speed="13.59" pos="44.85" lane="3/2to2/2_0" slope="0.00"/>
        <vehicle id="11" x="398.35" y="504.97" angle="0.00" type="DEFAULT_VEHTYPE" speed="13.75" pos="90.28" lane="2/3to2/2_0" slope="0.00"/>
        <vehicle id="15" x="601.65" y="386.69" angle="180.00" type="DEFAULT_VEHTYPE" speed="6.52" pos="181.94" lane="3/1to3/2_0" slope="0.00"/>
        <vehicle id="16" x="398.35" y="395.24" angle="0.00" type="DEFAULT_VEHTYPE" speed="13.56" pos="0.01" lane="2/2to2/1_0" slope="0.00"/>
        <vehicle id="17" x="398.35" y="296.87" angle="0.00" type="DEFAULT_VEHTYPE" speed="13.42" pos="98.38" lane="2/2to2/1_0" slope="0.00"/>
        <vehicle id="18" x="498.98" y="401.65" angle="-90.00" type="DEFAULT_VEHTYPE" speed="12.69" pos="96.27" lane="3/2to2/2_0" slope="0.00"/>
        <vehicle id="2" x="79.25" y="198.35" angle="90.00" type="DEFAULT_VEHTYPE" speed="12.96" pos="79.25" lane="0/1to1/1_0" slope="0.00"/>
        <vehicle id="24" x="401.65" y="647.86" angle="180.00" type="DEFAULT_VEHTYPE" speed="12.87" pos="43.11" lane="2/3to2/4_0" slope="0.00"/>
        <vehicle id="28" x="631.66" y="601.65" angle="-90.00" type="DEFAULT_VEHTYPE" speed="12.73" pos="168.34" lane="4/3to3/3_0" slope="0.00"/>
        <vehicle id="29" x="601.65" y="225.61" angle="180.00" type="DEFAULT_VEHTYPE" speed="11.93" pos="20.86" lane="3/1to3/2_0" slope="0.00"/>
        <vehicle id="3" x="407.30" y="401.65" angle="-90.00" type="DEFAULT_VEHTYPE" speed="0.13" pos="187.95" lane="3/2to2/2_0" slope="0.00"/>
        <vehicle id="33" x="601.65" y="427.55" angle="180.00" type="DEFAULT_VEHTYPE" speed="12.67" pos="22.80" lane="3/2to3/3_0" slope="0.00"/>
        <vehicle id="37" x="201.65" y="408.36" angle="180.00" type="DEFAULT_VEHTYPE" speed="13.80" pos="3.61" lane="1/2to1/3_0" slope="0.00"/>
        <vehicle id="39" x="398.35" y="116.84" angle="0.00" type="DEFAULT_VEHTYPE" speed="13.79" pos="78.41" lane="2/1to2/0_0" slope="0.00"/>
        <vehicle id="40" x="416.57" y="401.65" angle="-90.00" type="DEFAULT_VEHTYPE" speed="3.00" pos="178.68" lane="3/2to2/2_0" slope="0.00"/>
        <vehicle id="42" x="401.65" y="767.50" angle="180.00" type="DEFAULT_VEHTYPE" speed="13.14" pos="162.75" lane="2/3to2/4_0" slope="0.00"/>
        <vehicle id="43" x="191.48" y="398.35" angle="90.00" type="DEFAULT_VEHTYPE" speed="0.94" pos="191.48" lane="0/2to1/2_0" slope="0.00"/>
        <vehicle id="44" x="615.56" y="598.35" angle="90.00" type="DEFAULT_VEHTYPE" speed="13.53" pos="10.81" lane="3/3to4/3_0" slope="0.00"/>
        <vehicle id="48" x="601.65" y="345.18" angle="180.00" type="DEFAULT_VEHTYPE" speed="12.87" pos="140.43" lane="3/1to3/2_0" slope="0.00"/>
        <vehicle id="49" x="201.65" y="268.62" angle="180.00" type="DEFAULT_VEHTYPE" speed="13.47" pos="63.87" lane="1/1to1/2_0" slope="0.00"/>
        <vehicle id="5" x="340.15" y="598.35" angle="90.00" type="DEFAULT_VEHTYPE" speed="13.86" pos="135.40" lane="1/3to2/3_0" slope="0.00"/>
        <vehicle id="6" x="88.17" y="401.65" angle="-90.00" type="DEFAULT_VEHTYPE" speed="13.39" pos="107.08" lane="1/2to0/2_0" slope="0.00"/>
        <vehicle id="7" x="401.65" y="733.51" angle="180.00" type="DEFAULT_VEHTYPE" speed="13.88" pos="128.76" lane="2/3to2/4_0" slope="0.00"/>
        <vehicle id="8" x="437.04" y="198.35" angle="90.00" type="DEFAULT_VEHTYPE" speed="13.11" pos="32.29" lane="2/1to3/1_0" slope="0.00"/>
        <vehicle id="9" x="201.65" y="26.38" angle="180.00" type="DEFAULT_VEHTYPE" speed="12.99" pos="26.38" lane="1/0to1/1_0" slope="0.00"/>
    </timestep>
    <timestep time="747.00">
        <vehicle id="0" x="601.65" y="583.10" angle="180.00" type="DEFAULT_VEHTYPE" speed="13.42" pos="178.35" lane="3/2to3/3_0" slope="0.00"/>
        <vehicle id="10" x="537.62" y="401.65" angle="-90.00" type="DEFAULT_VEHTYPE" speed="12.77" pos="57.63" lane="3/2to2/2_0" slope="0.00"/>
        <vehicle id="11" x="398.35" y="491.91" angle="0.00" type="DEFAULT_VEHTYPE" speed="13.06" pos="103.34" lane="2/3to2/2_0" slope="0.00"/>
        <vehicle id="15" x="601.65" y="389.61" angle="180.00" type="DEFAULT_VEHTYPE" speed="2.92" pos="184.86" lane="3/1to3/2_0" slope="0.00"/>
        <vehicle id="16" x="398.35" y="382.25" angle="0.00" type="DEFAULT_VEHTYPE" speed="12.99" pos="13.00" lane="2/2to2/1_0" slope="0.00"/>
        <vehicle id="17" x="398.35" y="283.02" angle="0.00" type="DEFAULT_VEHTYPE" speed="13.85" pos="112.23" lane="2/2to2/1_0" slope="0.00"/>
        <vehicle id="18" x="485.84" y="401.65" angle="-90.00" type="DEFAULT_VEHTYPE" speed="13.14" pos="109.41" lane="3/2to2/2_0" slope="0.00"/>
        <vehicle id="2" x="92.10" y="198.35" angle="90.00" type="DEFAULT_VEHTYPE" speed="12.85" pos="92.10" lane="0/1to1/1_0" slope="0.00"/>
        <vehicle id="24" x="401.65" y="661.74" angle="180.00" type="DEFAULT_VEHTYPE" speed="13.87" pos="56.99" lane="2/3to2/4_0" slope="0.00"/>
        <vehicle id="28" x="621.43" y="601.65" angle="-90.00" type="DEFAULT_VEHTYPE" speed="10.23" pos="178.57" lane="4/3to3/3_0" slope="0.00"/>
        <vehicle id="29" x="601.65" y="238.64" angle="180.00" type="DEFAULT_VEHTYPE" speed="13.03" pos="33.89" lane="3/1to3/2_0" slope="0.00"/>
        <vehicle id="3" x="404.82" y="401.65" angle="-90.00" type="DEFAULT_VEHTYPE" speed="2.48" pos="190.43" lane="3/2to2/2_0" slope="0.00"/>
        <vehicle id="33" x="601.65" y="440.42" angle="180.00" type="DEFAULT_VEHTYPE" speed="12.88" pos="35.67" lane="3/2to3/3_0" slope="0.00"/>
        <vehicle id="37" x="201.65" y="421.02" angle="180.00" type="DEFAULT_VEHTYPE" speed="12.66" pos="16.27" lane="1/2to1/3_0" slope="0.00"/>
        <vehicle id="39" x="398.35" y="103.17" angle="0.00" type="DEFAULT_VEHTYPE" speed="13.67" pos="92.08" lane="2/1to2/0_0" slope="0.00"/>
        <vehicle id="40" x="415.59" y="401.65" angle="-90.00" type="DEFAULT_VEHTYPE" speed="0.98" pos="179.66" lane="3/2to2/2_0" slope="0.00"/>
        <vehicle id="42" x="401.65" y="780.12" angle="180.00" type="DEFAULT_VEHTYPE" speed="12.62" pos="175.37" lane="2/3to2/4_0" slope="0.00"/>
        <vehicle id="43" x="192.53" y="398.35" angle="90.00" type="DEFAULT_VEHTYPE" speed="1.04" pos="192.53" lane="0/2to1/2_0" slope="0.00"/>
        <vehicle id="44" x="628.88" y="598.35" angle="90.00" type="DEFAULT_VEHTYPE" speed="13.32" pos="24.13" lane="3/3to4/3_0" slope="0.00"/>
        <vehicle id="48" x="601.65" y="358.12" angle="180.00" type="DEFAULT_VEHTYPE" speed="12.94" pos="153.37" lane="3/1to3/2_0" slope="0.00"/>
        <vehicle id="49" x="201.65" y="282.49" angle="180.00" type="DEFAULT_VEHTYPE" speed="13.88" pos="77.74" lane="1/1to1/2_0" slope="0.00"/>
        <vehicle id="5" x="353.93" y="598.35" angle="90.00" type="DEFAULT_VEHTYPE" speed="13.78" pos="149.18" lane="1/3to2/3_0" slope="0.00"/>
        <vehicle id="6" x="74.58" y="401.65" angle="-90.00" type="DEFAULT_VEHTYPE" speed="13.58" pos="120.67" lane="1/2to0/2_0" slope="0.00"/>
        <vehicle id="7" x="401.65" y="746.75" angle="180.00" type="DEFAULT_VEHTYPE" speed="13.24" pos="142.00" lane="2/3to2/4_0" slope="0.00"/>
        <vehicle id="8" x="449.98" y="198.35" angle="90.00" type="DEFAULT_VEHTYPE" speed="12.94" pos="45.23" lane="2/1to3/1_0" slope="0.00"/>
        <vehicle id="9" x="201.65" y="40.06" angle="180.00" type="DEFAULT_VEHTYPE" speed="13.68" pos="40.06" lane="1/0to1/1_0" slope="0.00"/>
    </timestep>
    <timestep time="748.00">
        <vehicle id="0" x="601.75" y="595.99" angle="178.82" type="DEFAULT_VEHTYPE" speed="12.89" pos="0.74" lane=":3/3_8_0" slope="0.00"/>
        <vehicle id="10" x="523.95" y="401.65" angle="-90.00" type="DEFAULT_VEHTYPE" speed="13.67" pos="71.30" lane="3/2to2/2_0" slope="0.00"/>
        <vehicle id="11" x="398.35" y="478.50" angle="0.00" type="DEFAULT_VEHTYPE" speed="13.41" pos="116.75" lane="2/3to2/2_0" slope="0.00"/>
        <vehicle id="15" x="601.65" y="393.87" angle="180.00" type="DEFAULT_VEHTYPE" speed="4.26" pos="189.12" lane="3/1to3/2_0" slope="0.00"/>
        <vehicle id="16" x="398.35" y="369.06" angle="0.00" type="DEFAULT_VEHTYPE" speed="13.19" pos="26.19" lane="2/2to2/1_0" slope="0.00"/>
        <vehicle id="17" x="398.35" y="269.66" angle="0.00" type="DEFAULT_VEHTYPE" speed="13.36" pos="125.59" lane="2/2to2/1_0" slope="0.00"/>
        <vehicle id="18" x="472.76" y="401.65" angle="-90.00" type="DEFAULT_VEHTYPE" speed="13.08" pos="122.49" lane="3/2to2/2_0" slope="0.00"/>
        <vehicle id="2" x="105.47" y="198.35" angle="90.00" type="DEFAULT_VEHTYPE" speed="13.37" pos="105.47" lane="0/1to1/1_0" slope="0.00"/>
        <vehicle id="24" x="401.65" y="674.74" angle="180.00" type="DEFAULT_VEHTYPE" speed="13.00" pos="69.99" lane="2/3to2/4_0" slope="0.00"/>
        <vehicle id="28" x="614.54" y="601.65" angle="-90.00" type="DEFAULT_VEHTYPE" speed="6.89" pos="185.46" lane="4/3to3/3_0" slope="0.00"/>
        <vehicle id="29" x="601.65" y="252.22" angle="180.00" type="DEFAULT_VEHTYPE" speed="13.58" pos="47.47" lane="3/1to3/2_0" slope="0.00"/>
        <vehicle id="3" x="400.30" y="401.65" angle="-90.00" type="DEFAULT_VEHTYPE" speed="4.52" pos="4.45" lane=":2/2_5_0" slope="0.00"/>
        <vehicle id="33" x="601.65" y="453.57" angle="180.00" type="DEFAULT_VEHTYPE" speed="13.15" pos="48.82" lane="3/2to3/3_0" slope="0.00"/>
        <vehicle id="37" x="201.65" y="434.91" angle="180.00" type="DEFAULT_VEHTYPE" speed="13.89" pos="30.16" lane="1/2to1/3_0" slope="0.00"/>
        <vehicle id="39" x="398.35" y="90.06" angle="0.00" type="DEFAULT_VEHTYPE" speed="13.11" pos="105.19" lane="2/1to2/0_0" slope="0.00"/>
        <vehicle id="40" x="414.05" y="401.65" angle="-90.00" type="DEFAULT_VEHTYPE" speed="1.54" pos="181.20" lane="3/2to2/2_0" slope="0.00"/>
        <vehicle id="42" x="401.65" y="793.65" angle="180.00" type="DEFAULT_VEHTYPE" speed="13.53" pos="188.90" lane="2/3to2/4_0" slope="0.00"/>
        <vehicle id="43" x="195.95" y="398.45" angle="91.14" type="DEFAULT_VEHTYPE" speed="3.43" pos="0.70" lane=":1/2_14_0" slope="0.00"/>
        <vehicle id="44" x="642.14" y="598.35" angle="90.00" type="DEFAULT_VEHTYPE" speed="13.26" pos="37.39" lane="3/3to4/3_0" slope="0.00"/>
        <vehicle id="48" x="601.65" y="368.82" angle="180.00" type="DEFAULT_VEHTYPE" speed="10.70" pos="164.07" lane="3/1to3/2_0" slope="0.00"/>
        <vehicle id="49" x="201.65" y="295.11" angle="180.00" type="DEFAULT_VEHTYPE" speed="12.62" pos="90.36" lane="1/1to1/2_0" slope="0.00"/>
        <vehicle id="5" x="366.60" y="598.35" angle="90.00" type="DEFAULT_VEHTYPE" speed="12.67" pos="161.85" lane="1/3to2/3_0" slope="0.00"/>
        <vehicle id="6" x="61.00" y="401.65" angle="-90.00" type="DEFAULT_VEHTYPE" speed="13.58" pos="134.25" lane="1/2to0/2_0" slope="0.00"/>
        <vehicle id="7" x="401.65" y="760.50" angle="180.00" type="DEFAULT_VEHTYPE" speed="13.75" pos="155.75" lane="2/3to2/4_0" slope="0.00"/>
        <vehicle id="8" x="462.71" y="198.35" angle="90.00" type="DEFAULT_VEHTYPE" speed="12.73" pos="57.96" lane="2/1to3/1_0" slope="0.00"/>
        <vehicle id="9" x="201.65" y="53.93" angle="180.00" type="DEFAULT_VEHTYPE" speed="13.87" pos="53.93" lane="1/0to1/1_0" slope="0.00"/>
    </timestep>
    <timestep time="749.00">
        <vehicle id="0" x="614.14" y="598.35" angle="90.00" type="DEFAULT_VEHTYPE" speed="13.65" pos="9.39" lane="3/3to4/3_0" slope="0.00"/>
        <vehicle id="10" x="510.40" y="401.65" angle="-90.00" type="DEFAULT_VEHTYPE" speed="13.55" pos="84.85" lane="3/2to2/2_0" slope="0.00"/>
        <vehicle id="11" x="398.35" y="465.64" angle="0.00" type="DEFAULT_VEHTYPE" speed="12.86" pos="129.61" lane="2/3to2/2_0" slope="0.00"/>
        <vehicle id="15" x="600.02" y="400.07" angle="-160.90" type="DEFAULT_VEHTYPE" speed="6.57" pos="5.19" lane=":3/2_10_0" slope="0.00"/>
        <vehicle id="16" x="398.35" y="355.56" angle="0.00" type="DEFAULT_VEHTYPE" speed="13.50" pos="39.69" lane="2/2to2/1_0" slope="0.00"/>
        <vehicle id="17" x="398.35" y="256.17" angle="0.00" type="DEFAULT_VEHTYPE" speed="13.49" pos="139.08" lane="2/2to2/1_0" slope="0.00"/>
        <vehicle id="18" x="460.02" y="401.65" angle="-90.00" type="DEFAULT_VEHTYPE" speed="12.74" pos="135.23" lane="3/2to2/2_0" slope="0.00"/>
        <vehicle id="2" x="118.86" y="198.35" angle="90.00" type="DEFAULT_VEHTYPE" speed="13.39" pos="118.86" lane="0/1to1/1_0" slope="0.00"/>
        <vehicle id="24" x="401.65" y="688.41" angle="180.00" type="DEFAULT_VEHTYPE" speed="13.66" pos="83.66" lane="2/3to2/4_0" slope="0.00"/>
        <vehicle id="28" x="610.73" y="601.65" angle="-90.00" type="DEFAULT_VEHTYPE" speed="3.81" pos="189.27" lane="4/3to3/3_0" slope="0.00"/>
        <vehicle id="29" x="601.65" y="265.22" angle="180.00" type="DEFAULT_VEHTYPE" speed="13.00" pos="60.47" lane="3/1to3/2_0" slope="0.00"/>
        <vehicle id="3" x="393.39" y="401.65" angle="-90.00" type="DEFAULT_VEHTYPE" speed="6.91" pos="1.86" lane="2/2to1/2_0" slope="0.00"/>
        <vehicle id="33" x="601.65" y="467.39" angle="180.00" type="DEFAULT_VEHTYPE" speed="13.82" pos="62.64" lane="3/2to3/3_0" slope="0.00"/>
        <vehicle id="37" x="201.65" y="448.60" angle="180.00" type="DEFAULT_VEHTYPE" speed="13.69" pos="43.85" lane="1/2to1/3_0" slope="0.00"/>
        <vehicle id="39" x="398.35" y="76.53" angle="0.00" type="DEFAULT_VEHTYPE" speed="13.53" pos="118.72" lane="2/1to2/0_0" slope="0.00"/>
        <vehicle id="40" x="410.51" y="401.65" angle="-90.00" type="DEFAULT_VEHTYPE" speed="3.55" pos="184.74" lane="3/2to2/2_0" slope="0.00"/>
        <vehicle id="42" x="398.35" y="798.05" angle="-33.94" type="DEFAULT_VEHTYPE" speed="13.12" pos="1.95" lane="2/4to2/3_0" slope="0.00"/>
        <vehicle id="43" x="200.44" y="400.61" angle="116.41" type="DEFAULT_VEHTYPE" speed="5.22" pos="5.93" lane=":1/2_14_0" slope="0.00"/>
        <vehicle id="44" x="655.11" y="598.35" angle="90.00" type="DEFAULT_VEHTYPE" speed="12.97" pos="50.36" lane="3/3to4/3_0" slope="0.00"/>
        <vehicle id="48" x="601.65" y="377.49" angle="180.00" type="DEFAULT_VEHTYPE" speed="8.68" pos="172.74" lane="3/1to3/2_0" slope="0.00"/>
        <vehicle id="49" x="201.65" y="308.09" angle="180.00" type="DEFAULT_VEHTYPE" speed="12.98" pos="103.34" lane="1/1to1/2_0" slope="0.00"/>
        <vehicle id="5" x="377.48" y="598.35" angle="90.00" type="DEFAULT_VEHTYPE" speed="10.88" pos="172.73" lane="1/3to2/3_0" slope="0.00"/>
        <vehicle id="6" x="47.73" y="401.65" angle="-90.00" type="DEFAULT_VEHTYPE" speed="13.28" pos="147.52" lane="1/2to0/2_0" slope="0.00"/>
        <vehicle id="7" x="401.65" y="774.03" angle="180.00" type="DEFAULT_VEHTYPE" speed="13.53" pos="169.28" lane="2/3to2/4_0" slope="0.00"/>
        <vehicle id="8" x="475.40" y="198.35" angle="90.00" type="DEFAULT_VEHTYPE" speed="12.69" pos="70.65" lane="2/1to3/1_0" slope="0.00"/>
        <vehicle id="9" x="201.65" y="67.12" angle="180.00" type="DEFAULT_VEHTYPE" speed="13.19" pos="67.12" lane="1/0to1/1_0" slope="0.00"/>
    </timestep>
    <timestep time="750.00">
        <vehicle id="0" x="627.23" y="598.35" angle="90.00" type="DEFAULT_VEHTYPE" speed="13.09" pos="22.48" lane="3/3to4/3_0" slope="0.00"/>
        <vehicle id="10" x="496.68" y="401.65" angle="-90.00" type="DEFAULT_VEHTYPE" speed="13.73" pos="98.57" lane="3/2to2/2_0" slope="0.00"/>
        <vehicle id="11" x="398.35" y="451.84" angle="0.00" type="DEFAULT_VEHTYPE" speed="13.80" pos="143.41" lane="2/3to2/2_0" slope="0.00"/>
        <vehicle id="15" x="592.06" y="401.65" angle="-92.94" type="DEFAULT_VEHTYPE" speed="8.32" pos="3.19" lane="3/2to2/2_0" slope="0.00"/>
        <vehicle id="16" x="398.35" y="341.98" angle="0.00" type="DEFAULT_VEHTYPE" speed="13.58" pos="53.27" lane="2/2to2/1_0" slope="0.00"/>
        <vehicle id="17" x="398.35" y="242.50" angle="0.00" type="DEFAULT_VEHTYPE" speed="13.66" pos="152.75" lane="2/2to2/1_0" slope="0.00"/>
        <vehicle id="18" x="446.19" y="401.65" angle="-90.00" type="DEFAULT_VEHTYPE" speed="13.83" pos="149.06" lane="3/2to2/2_0" slope="0.00"/>
        <vehicle id="2" x="131.53" y="198.35" angle="90.00" type="DEFAULT_VEHTYPE" speed="12.67" pos="131.53" lane="0/1to1/1_0" slope="0.00"/>
        <vehicle id="24" x="401.65" y="701.73" angle="180.00" type="DEFAULT_VEHTYPE" speed="13.32" pos="96.98" lane="2/3to2/4_0" slope="0.00"/>
        <vehicle id="28" x="604.73" y="601.65" angle="-89.96" type="DEFAULT_VEHTYPE" speed="6.01" pos="0.02" lane=":3/3_6_0" slope="0.00"/>
        <vehicle id="29" x="601.65" y="278.74" angle="180.00" type="DEFAULT_VEHTYPE" speed="13.52" pos="73.99" lane="3/1to3/2_0" slope="0.00"/>
        <vehicle id="3" x="383.93" y="401.65" angle="-90.00" type="DEFAULT_VEHTYPE" speed="9.46" pos="11.32" lane="2/2to1/2_0" slope="0.00"/>
        <vehicle id="33" x="601.65" y="480.95" angle="180.00" type="DEFAULT_VEHTYPE" speed="13.56" pos="76.20" lane="3/2to3/3_0" slope="0.00"/>
        <vehicle id="37" x="201.65" y="461.97" angle="180.00" type="DEFAULT_VEHTYPE" speed="13.37" pos="57.22" lane="1/2to1/3_0" slope="0.00"/>
        <vehicle id="39" x="398.35" y="63.77" angle="0.00" type="DEFAULT_VEHTYPE" speed="12.76" pos="131.48" lane="2/1to2/0_0" slope="0.00"/>
        <vehicle id="40" x="404.81" y="401.65" angle="-90.00" type="DEFAULT_VEHTYPE" speed="5.70" pos="190.44" lane="3/2to2/2_0" slope="0.00"/>
        <vehicle id="42" x="398.35" y="784.47" angle="0.00" type="DEFAULT_VEHTYPE" speed="13.58" pos="15.53" lane="2/4to2/3_0" slope="0.00"/>
        <vehicle id="43" x="201.65" y="407.23" angle="175.91" type="DEFAULT_VEHTYPE" speed="6.88" pos="2.48" lane="1/2to1/3_0" slope="0.00"/>
        <vehicle id="44" x="668.23" y="598.35" angle="90.00" type="DEFAULT_VEHTYPE" speed="13.11" pos="63.48" lane="3/3to4/3_0" slope="0.00"/>
        <vehicle id="48" x="601.65" y="388.39" angle="180.00" type="DEFAULT_VEHTYPE" speed="10.90" pos="183.64" lane="3/1to3/2_0" slope="0.00"/>
        <vehicle id="49" x="201.65" y="321.87" angle="180.00" type="DEFAULT_VEHTYPE" speed="13.78" pos="117.12" lane="1/1to1/2_0" slope="0.00"/>
        <vehicle id="5" x="384.68" y="598.35" angle="90.00" type="DEFAULT_VEHTYPE" speed="7.20" pos="179.93" lane="1/3to2/3_0" slope="0.00"/>
        <vehicle id="6" x="34.79" y="401.65" angle="-90.00" type="DEFAULT_VEHTYPE" speed="12.94" pos="160.46" lane="1/2to0/2_0" slope="0.00"/>
        <vehicle id="7" x="401.65" y="787.34" angle="180.00" type="DEFAULT_VEHTYPE" speed="13.30" pos="182.59" lane="2/3to2/4_0" slope="0.00"/>
        <vehicle id="8" x="488.07" y="198.35" angle="90.00" type="DEFAULT_VEHTYPE" speed="12.67" pos="83.32" lane="2/1to3/1_0" slope="0.00"/>
        <vehicle id="9" x="201.65" y="80.12" angle="180.00" type="DEFAULT_VEHTYPE" speed="13.00" pos="80.12" lane="1/0to1/1_0" slope="0.00"/>
    </timestep>
    <timestep time="751.00">
        <vehicle id="0" x="640.96" y="598.35" angle="90.00" type="DEFAULT_VEHTYPE" speed="13.73" pos="36.21" lane="3/3to4/3_0" slope="0.00"/>
        <vehicle id="10" x="483.78" y="401.65" angle="-90.00" type="DEFAULT_VEHTYPE" speed="12.90" pos="111.47" lane="3/2to2/2_0" slope="0.00"/>
        <vehicle id="11" x="398.35" y="438.21" angle="0.00" type="DEFAULT_VEHTYPE" speed="13.63" pos="157.04" lane="2/3to2/2_0" slope="0.00"/>
        <vehicle id="15" x="581.90" y="401.65" angle="-90.00" type="DEFAULT_VEHTYPE" speed="10.16" pos="13.35" lane="3/2to2/2_0" slope="0.00"/>
        <vehicle id="16" x="398.35" y="328.11" angle="0.00" type="DEFAULT_VEHTYPE" speed="13.88" pos="67.14" lane="2/2to2/1_0" slope="0.00"/>
        <vehicle id="17" x="398.35" y="229.55" angle="0.00" type="DEFAULT_VEHTYPE" speed="12.95" pos="165.70" lane="2/2to2/1_0" slope="0.00"/>
        <vehicle id="18" x="432.48" y="401.65" angle="-90.00" type="DEFAULT_VEHTYPE" speed="13.70" pos="162.77" lane="3/2to2/2_0" slope="0.00"/>
        <vehicle id="2" x="144.43" y="198.35" angle="90.00" type="DEFAULT_VEHTYPE" speed="12.90" pos="144.43" lane="0/1to1/1_0" slope="0.00"/>
        <vehicle id="24" x="401.65" y="715.59" angle="180.00" type="DEFAULT_VEHTYPE" speed="13.86" pos="110.84" lane="2/3to2/4_0" slope="0.00"/>
        <vehicle id="28" x="598.70" y="597.70" angle="-42.45" type="DEFAULT_VEHTYPE" speed="7.82" pos="7.84" lane=":3/3_6_0" slope="0.00"/>
        <vehicle id="29" x="601.65" y="292.61" angle="180.00" type="DEFAULT_VEHTYPE" speed="13.87" pos="87.86" lane="3/1to3/2_0" slope="0.00"/>
        <vehicle id="3" x="372.00" y="401.65" angle="-90.00" type="DEFAULT_VEHTYPE" speed="11.93" pos="23.25" lane="2/2to1/2_0" slope="0.00"/>
        <vehicle id="33" x="601.65" y="494.34" angle="180.00" type="DEFAULT_VEHTYPE" speed="13.38" pos="89.59" lane="3/2to3/3_0" slope="0.00"/>
        <vehicle id="37" x="201.65" y="475.11" angle="180.00" type="DEFAULT_VEHTYPE" speed="13.14" pos="70.36" lane="1/2to1/3_0" slope="0.00"/>
        <vehicle id="39" x="398.35" y="50.35" angle="0.00" type="DEFAULT_VEHTYPE" speed="13.43" pos="144.90" lane="2/1to2/0_0" slope="0.00"/>
        <vehicle id="40" x="397.77" y="401.65" angle="-90.00" type="DEFAULT_VEHTYPE" speed="7.04" pos="6.98" lane=":2/2_5_0" slope="0.00"/>
        <vehicle id="42" x="398.35" y="770.99" angle="0.00" type="DEFAULT_VEHTYPE" speed="13.48" pos="29.01" lane="2/4to2/3_0" slope="0.00"/>
        <vehicle id="43" x="201.65" y="416.52" angle="180.00" type="DEFAULT_VEHTYPE" speed="9.29" pos="11.77" lane="1/2to1/3_0" slope="0.00"/>
        <vehicle id="44" x="681.21" y="598.35" angle="90.00" type="DEFAULT_VEHTYPE" speed="12.99" pos="76.46" lane="3/3to4/3_0" slope="0.00"/>
        <vehicle id="48" x="601.65" y="401.15" angle="180.00" type="DEFAULT_VEHTYPE" speed="12.76" pos="5.90" lane=":3/2_9_0" slope="0.00"/>
        <vehicle id="49" x="201.65" y="334.60" angle="180.00" type="DEFAULT_VEHTYPE" speed="12.74" pos="129.85" lane="1/1to1/2_0" slope="0.00"/>
        <vehicle id="5" x="389.01" y="598.35" angle="90.00" type="DEFAULT_VEHTYPE" speed="4.33" pos="184.26" lane="1/3to2/3_0" slope="0.00"/>
        <vehicle id="6" x="21.50" y="401.65" angle="-90.00" type="DEFAULT_VEHTYPE" speed="13.28" pos="173.75" lane="1/2to0/2_0" slope="0.00"/>
        <vehicle id="7" x="401.13" y="800.79" angle="-173.86" type="DEFAULT_VEHTYPE" speed="13.61" pos="0.94" lane=":2/4_0_0" slope="0.00"/>
        <vehicle id="8" x="501.23" y="198.35" angle="90.00" type="DEFAULT_VEHTYPE" speed="13.15" pos="96.48" lane="2/1to3/1_0" slope="0.00"/>
        <vehicle id="9" x="201.65" y="93.09" angle="180.00" type="DEFAULT_VEHTYPE" speed="12.97" pos="93.09" lane="1/0to1/1_0" slope="0.00"/>
    </timestep>
    <timestep time="752.00">
        <vehicle id="0" x="654.50" y="598.35" angle="90.00" type="DEFAULT_VEHTYPE" speed="13.54" pos="49.75" lane="3/3to4/3_0" slope="0.00"/>
        <vehicle id="10" x="470.30" y="401.65" angle="-90.00" type="DEFAULT_VEHTYPE" speed="13.48" pos="124.95" lane="3/2to2/2_0" slope="0.00"/>
        <vehicle id="11" x="398.35" y="425.30" angle="0.00" type="DEFAULT_VEHTYPE" speed="12.91" pos="169.95" lane="2/3to2/2_0" slope="0.00"/>
        <vehicle id="15" x="570.25" y="401.65" angle="-90.00" type="DEFAULT_VEHTYPE" speed="11.65" pos="25.00" lane="3/2to2/2_0" slope="0.00"/>
        <vehicle id="16" x="398.35" y="314.59" angle="0.00" type="DEFAULT_VEHTYPE" speed="13.52" pos="80.66" lane="2/2to2/1_0" slope="0.00"/>
        <vehicle id="17" x="398.35" y="216.51" angle="0.00" type="DEFAULT_VEHTYPE" speed="13.04" pos="178.74" lane="2/2to2/1_0" slope="0.00"/>
        <vehicle id="18" x="421.74" y="401.65" angle="-90.00" type="DEFAULT_VEHTYPE" speed="10.74" pos="173.51" lane="3/2to2/2_0" slope="0.00"/>
        <vehicle id="2" x="157.32" y="198.35" angle="90.00" type="DEFAULT_VEHTYPE" speed="12.89" pos="157.32" lane="0/1to1/1_0" slope="0.00"/>
        <vehicle id="24" x="401.65" y="729.04" angle="180.00" type="DEFAULT_VEHTYPE" speed="13.44" pos="124.29" lane="2/3to2/4_0" slope="0.00"/>
        <vehicle id="28" x="598.35" y="588.48" angle="0.00" type="DEFAULT_VEHTYPE" speed="9.24" pos="6.77" lane="3/3to3/2_0" slope="0.00"/>
        <vehicle id="29" x="601.65" y="305.24" angle="180.00" type="DEFAULT_VEHTYPE" speed="12.62" pos="100.49" lane="3/1to3/2_0" slope="0.00"/>
        <vehicle id="3" x="358.80" y="401.65" angle="-90.00" type="DEFAULT_VEHTYPE" speed="13.20" pos="36.45" lane="2/2to1/2_0" slope="0.00"/>
        <vehicle id="33" x="601.65" y="507.42" angle="180.00" type="DEFAULT_VEHTYPE" speed="13.08" pos="102.67" lane="3/2to3/3_0" slope="0.00"/>
        <vehicle id="37" x="201.65" y="488.69" angle="180.00" type="DEFAULT_VEHTYPE" speed="13.59" pos="83.94" lane="1/2to1/3_0" slope="0.00"/>
        <vehicle id="39" x="398.35" y="37.62" angle="0.00" type="DEFAULT_VEHTYPE" speed="12.72" pos="157.63" lane="2/1to2/0_0" slope="0.00"/>
        <vehicle id="40" x="389.42" y="401.65" angle="-90.00" type="DEFAULT_VEHTYPE" speed="8.35" pos="5.83" lane="2/2to1/2_0" slope="0.00"/>
        <vehicle id="42" x="398.35" y="757.67" angle="0.00" type="DEFAULT_VEHTYPE" speed="13.32" pos="42.33" lane="2/4to2/3_0" slope="0.00"/>
        <vehicle id="43" x="201.65" y="428.24" angle="180.00" type="DEFAULT_VEHTYPE" speed="11.72" pos="23.49" lane="1/2to1/3_0" slope="0.00"/>
        <vehicle id="44" x="694.19" y="598.35" angle="90.00" type="DEFAULT_VEHTYPE" speed="12.98" pos="89.44" lane="3/3to4/3_0" slope="0.00"/>
        <vehicle id="48" x="601.65" y="413.89" angle="180.00" type="DEFAULT_VEHTYPE" speed="12.74" pos="9.14" lane="3/2to3/3_0" slope="0.00"/>
        <vehicle id="49" x="201.65" y="347.78" angle="180.00" type="DEFAULT_VEHTYPE" speed="13.17" pos="143.03" lane="1/1to1/2_0" slope="0.00"/>
        <vehicle id="5" x="394.86" y="598.35" angle="90.00" type="DEFAULT_VEHTYPE" speed="5.86" pos="190.11" lane="1/3to2/3_0" slope="0.00"/>
        <vehicle id="6" x="8.08" y="401.65" angle="-90.00" type="DEFAULT_VEHTYPE" speed="13.43" pos="187.17" lane="1/2to0/2_0" slope="0.00"/>
        <vehicle id="7" x="398.35" y="790.99" angle="0.00" type="DEFAULT_VEHTYPE" speed="12.89" pos="9.01" lane="2/4to2/3_0" slope="0.00"/>
        <vehicle id="8" x="515.12" y="198.35" angle="90.00" type="DEFAULT_VEHTYPE" speed="13.89" pos="110.37" lane="2/1to3/1_0" slope="0.00"/>
        <vehicle id="9" x="201.65" y="106.78" angle="180.00" type="DEFAULT_VEHTYPE" speed="13.69" pos="106.78" lane="1/0to1/1_0" slope="0.00"/>
    </timestep>
    <timestep time="753.00">
        <vehicle id="0" x="667.32" y="598.35" angle="90.00" type="DEFAULT_VEHTYPE" speed="12.82" pos="62.57" lane="3/3to4/3_0" slope="0.00"/>
        <vehicle id="10" x="456.93" y="401.65" angle="-90.00" type="DEFAULT_VEHTYPE" speed="13.36" pos="138.32" lane="3/2to2/2_0" slope="0.00"/>
        <vehicle id="11" x="398.35" y="412.00" angle="0.00" type="DEFAULT_VEHTYPE" speed="13.30" pos="183.25" lane="2/3to2/2_0" slope="0.00"/>
        <vehicle id="15" x="557.41" y="401.65" angle="-90.00" type="DEFAULT_VEHTYPE" speed="12.85" pos="37.84" lane="3/2to2/2_0" slope="0.00"/>
        <vehicle id="16" x="398.35" y="301.28" angle="0.00" type="DEFAULT_VEHTYPE" speed="13.30" pos="93.97" lane="2/2to2/1_0" slope="0.00"/>
        <vehicle id="17" x="398.18" y="203.51" angle="-1.99" type="DEFAULT_VEHTYPE" speed="13.02" pos="1.25" lane=":2/1_0_0" slope="0.00"/>
        <vehicle id="18" x="414.28" y="401.65" angle="-90.00" type="DEFAULT_VEHTYPE" speed="7.46" pos="180.97" lane="3/2to2/2_0" slope="0.00"/>
        <vehicle id="2" x="170.10" y="198.35" angle="90.00" type="DEFAULT_VEHTYPE" speed="12.78" pos="170.10" lane="0/1to1/1_0" slope="0.00"/>
        <vehicle id="24" x="401.65" y="742.50" angle="180.00" type="DEFAULT_VEHTYPE" speed="13.46" pos="137.75" lane="2/3to2/4_0" slope="0.00"/>
        <vehicle id="28" x="598.35" y="576.87" angle="0.00" type="DEFAULT_VEHTYPE" speed="11.61" pos="18.38" lane="3/3to3/2_0" slope="0.00"/>
        <vehicle id="29" x="601.65" y="318.09" angle="180.00" type="DEFAULT_VEHTYPE" speed="12.85" pos="113.34" lane="3/1to3/2_0" slope="0.00"/>
        <vehicle id="3" x="346.11" y="401.65" angle="-90.00" type="DEFAULT_VEHTYPE" speed="12.69" pos="49.14" lane="2/2to1/2_0" slope="0.00"/>
        <vehicle id="33" x="601.65" y="520.58" angle="180.00" type="DEFAULT_VEHTYPE" speed="13.16" pos="115.83" lane="3/2to3/3_0" slope="0.00"/>
        <vehicle id="37" x="201.65" y="501.52" angle="180.00" type="DEFAULT_VEHTYPE" speed="12.83" pos="96.77" lane="1/2to1/3_0" slope="0.00"/>
        <vehicle id="39" x="398.35" y="23.82" angle="0.00" type="DEFAULT_VEHTYPE" speed="13.80" pos="171.43" lane="2/1to2/0_0" slope="0.00"/>
        <vehicle id="40" x="379.49" y="401.65" angle="-90.00" type="DEFAULT_VEHTYPE" speed="9.93" pos="15.76" lane="2/2to1/2_0" slope="0.00"/>
        <vehicle id="42" x="398.35" y="744.11" angle="0.00" type="DEFAULT_VEHTYPE" speed="13.56" pos="55.89" lane="2/4to2/3_0" slope="0.00"/>
        <vehicle id="43" x="201.65" y="441.20" angle="180.00" type="DEFAULT_VEHTYPE" speed="12.96" pos="36.45" lane="1/2to1/3_0" slope="0.00"/>
        <vehicle id="44" x="707.70" y="598.35" angle="90.00" type="DEFAULT_VEHTYPE" speed="13.52" pos="102.95" lane="3/3to4/3_0" slope="0.00"/>
        <vehicle id="48" x="601.65" y="426.54" angle="180.00" type="DEFAULT_VEHTYPE" speed="12.65" pos="21.79" lane="3/2to3/3_0" slope="0.00"/>
        <vehicle id="49" x="201.65" y="361.00" angle="180.00" type="DEFAULT_VEHTYPE" speed="13.22" pos="156.25" lane="1/1to1/2_0" slope="0.00"/>
        <vehicle id="5" x="401.10" y="601.70" angle="129.59" type="DEFAULT_VEHTYPE" speed="7.59" pos="7.20" lane=":2/3_14_0" slope="0.00"/>
        <vehicle id="6" x="-0.03" y="398.37" angle="-4.38" type="DEFAULT_VEHTYPE" speed="12.86" pos="4.78" lane=":0/2_0_0" slope="0.00"/>
        <vehicle id="7" x="398.35" y="777.67" angle="0.00" type="DEFAULT_VEHTYPE" speed="13.32" pos="22.33" lane="2/4to2/3_0" slope="0.00"/>
        <vehicle id="8" x="527.75" y="198.35" angle="90.00" type="DEFAULT_VEHTYPE" speed="12.63" pos="123.00" lane="2/1to3/1_0" slope="0.00"/>
        <vehicle id="9" x="201.65" y="119.41" angle="180.00" type="DEFAULT_VEHTYPE" speed="12.63" pos="119.41" lane="1/0to1/1_0" slope="0.00"/>
    </timestep>
    <timestep time="754.00">
        <vehicle id="0" x="679.93" y="598.35" angle="90.00" type="DEFAULT_VEHTYPE" speed="12.61" pos="75.18" lane="3/3to4/3_0" slope="0.00"/>
        <vehicle id="10" x="444.29" y="401.65" angle="-90.00" type="DEFAULT_VEHTYPE" speed="12.65" pos="150.96" lane="3/2to2/2_0" slope="0.00"/>
        <vehicle id="11" x="394.65" y="401.65" angle="-55.21" type="DEFAULT_VEHTYPE" speed="12.85" pos="0.60" lane="2/2to1/2_0" slope="0.00"/>
        <vehicle id="15" x="543.83" y="401.65" angle="-90.00" type="DEFAULT_VEHTYPE" speed="13.57" pos="51.42" lane="3/2to2/2_0" slope="0.00"/>
        <vehicle id="16" x="398.35" y="287.48" angle="0.00" type="DEFAULT_VEHTYPE" speed="13.81" pos="107.77" lane="2/2to2/1_0" slope="0.00"/>
        <vehicle id="17" x="385.71" y="201.65" angle="-90.00" type="DEFAULT_VEHTYPE" speed="13.29" pos="9.54" lane="2/1to1/1_0" slope="0.00"/>
        <vehicle id="18" x="409.87" y="401.65" angle="-90.00" type="DEFAULT_VEHTYPE" speed="4.41" pos="185.38" lane="3/2to2/2_0" slope="0.00"/>
        <vehicle id="2" x="180.00" y="198.35" angle="90.00" type="DEFAULT_VEHTYPE" speed="9.90" pos="180.00" lane="0/1to1/1_0" slope="0.00"/>
        <vehicle id="24" x="401.65" y="755.65" angle="180.00" type="DEFAULT_VEHTYPE" speed="13.15" pos="150.90" lane="2/3to2/4_0" slope="0.00"/>
        <vehicle id="28" x="598.35" y="563.53" angle="0.00" type="DEFAULT_VEHTYPE" speed="13.34" pos="31.72" lane="3/3to3/2_0" slope="0.00"/>
        <vehicle id="29" x="601.65" y="331.18" angle="180.00" type="DEFAULT_VEHTYPE" speed="13.10" pos="126.43" lane="3/1to3/2_0" slope="0.00"/>
        <vehicle id="3" x="333.40" y="401.65" angle="-90.00" type="DEFAULT_VEHTYPE" speed="12.71" pos="61.85" lane="2/2to1/2_0" slope="0.00"/>
        <vehicle id="33" x="601.65" y="533.26" angle="180.00" type="DEFAULT_VEHTYPE" speed="12.68" pos="128.51" lane="3/2to3/3_0" slope="0.00"/>
        <vehicle id="37" x="201.65" y="514.17" angle="180.00" type="DEFAULT_VEHTYPE" speed="12.64" pos="109.42" lane="1/2to1/3_0" slope="0.00"/>
        <vehicle id="39" x="398.35" y="10.44" angle="0.00" type="DEFAULT_VEHTYPE" speed="13.39" pos="184.81" lane="2/1to2/0_0" slope="0.00"/>
        <vehicle id="40" x="368.08" y="401.65" angle="-90.00" type="DEFAULT_VEHTYPE" speed="11.41" pos="27.17" lane="2/2to1/2_0" slope="0.00"/>
        <vehicle id="42" x="398.35" y="731.21" angle="0.00" type="DEFAULT_VEHTYPE" speed="12.90" pos="68.79" lane="2/4to2/3_0" slope="0.00"/>
        <vehicle id="43" x="201.65" y="454.68" angle="180.00" type="DEFAULT_VEHTYPE" speed="13.48" pos="49.93" lane="1/2to1/3_0" slope="0.00"/>
        <vehicle id="44" x="720.49" y="598.35" angle="90.00" type="DEFAULT_VEHTYPE" speed="12.78" pos="115.74" lane="3/3to4/3_0" slope="0.00"/>
        <vehicle id="48" x="601.65" y="440.42" angle="180.00" type="DEFAULT_VEHTYPE" speed="13.87" pos="35.67" lane="3/2to3/3_0" slope="0.00"/>
        <vehicle id="49" x="201.65" y="374.15" angle="180.00" type="DEFAULT_VEHTYPE" speed="13.15" pos="169.40" lane="1/1to1/2_0" slope="0.00"/>
        <vehicle id="5" x="401.65" y="611.38" angle="180.00" type="DEFAULT_VEHTYPE" speed="9.76" pos="6.63" lane="2/3to2/4_0" slope="0.00"/>
        <vehicle id="6" x="13.14" y="398.35" angle="90.00" type="DEFAULT_VEHTYPE" speed="13.18" pos="13.14" lane="0/2to1/2_0" slope="0.00"/>
        <vehicle id="7" x="398.35" y="764.96" angle="0.00" type="DEFAULT_VEHTYPE" speed="12.71" pos="35.04" lane="2/4to2/3_0" slope="0.00"/>
        <vehicle id="8" x="541.23" y="198.35" angle="90.00" type="DEFAULT_VEHTYPE" speed="13.48" pos="136.48" lane="2/1to3/1_0" slope="0.00"/>
        <vehicle id="9" x="201.65" y="132.49" angle="180.00" type="DEFAULT_VEHTYPE" speed="13.08" pos="132.49" lane="1/0to1/1_0" slope="0.00"/>
    </timestep>
    <timestep time="755.00">
        <vehicle id="0" x="693.18" y="598.35" angle="90.00" type="DEFAULT_VEHTYPE" speed="13.25" pos="88.43" lane="3/3to4/3_0" slope="0.00"/>
        <vehicle id="10" x="433.88" y="401.65" angle="-90.00" type="DEFAULT_VEHTYPE" speed="10.41" pos="161.37" lane="3/2to2/2_0" slope="0.00"/>
        <vehicle id="11" x="381.90" y="401.65" angle="-90.00" type="DEFAULT_VEHTYPE" speed="12.75" pos="13.35" lane="2/2to1/2_0" slope="0.00"/>
        <vehicle id="15" x="531.22" y="401.65" angle="-90.00" type="DEFAULT_VEHTYPE" speed="12.61" pos="64.03" lane="3/2to2/2_0" slope="0.00"/>
        <vehicle id="16" x="398.35" y="274.33" angle="0.00" type="DEFAULT_VEHTYPE" speed="13.14" pos="120.92" lane="2/2to2/1_0" slope="0.00"/>
        <vehicle id="17" x="371.85" y="201.65" angle="-90.00" type="DEFAULT_VEHTYPE" speed="13.86" pos="23.40" lane="2/1to1/1_0" slope="0.00"/>
        <vehicle id="18" x="404.07" y="401.55" angle="-88.89" type="DEFAULT_VEHTYPE" speed="5.80" pos="0.68" lane=":2/2_6_0" slope="0.00"/>
        <vehicle id="2" x="186.10" y="198.35" angle="90.00" type="DEFAULT_VEHTYPE" speed="6.10" pos="186.10" lane="0/1to1/1_0" slope="0.00"/>
        <vehicle id="24" x="401.65" y="768.64" angle="180.00" type="DEFAULT_VEHTYPE" speed="12.99" pos="163.89" lane="2/3to2/4_0" slope="0.00"/>
        <vehicle id="28" x="598.35" y="550.44" angle="0.00" type="DEFAULT_VEHTYPE" speed="13.09" pos="44.81" lane="3/3to3/2_0" slope="0.00"/>
        <vehicle id="29" x="601.65" y="344.71" angle="180.00" type="DEFAULT_VEHTYPE" speed="13.53" pos="139.96" lane="3/1to3/2_0" slope="0.00"/>
        <vehicle id="3" x="320.35" y="401.65" angle="-90.00" type="DEFAULT_VEHTYPE" speed="13.05" pos="74.90" lane="2/2to1/2_0" slope="0.00"/>
        <vehicle id="33" x="601.65" y="546.47" angle="180.00" type="DEFAULT_VEHTYPE" speed="13.21" pos="141.72" lane="3/2to3/3_0" slope="0.00"/>
        <vehicle id="37" x="201.65" y="527.24" angle="180.00" type="DEFAULT_VEHTYPE" speed="13.07" pos="122.49" lane="1/2to1/3_0" slope="0.00"/>
        <vehicle id="39" x="399.91" y="-1.61" angle="19.96" type="DEFAULT_VEHTYPE" speed="12.75" pos="2.31" lane=":2/0_0_0" slope="0.00"/>
        <vehicle id="40" x="354.81" y="401.65" angle="-90.00" type="DEFAULT_VEHTYPE" speed="13.27" pos="40.44" lane="2/2to1/2_0" slope="0.00"/>
        <vehicle id="42" x="398.35" y="718.44" angle="0.00" type="DEFAULT_VEHTYPE" speed="12.77" pos="81.56" lane="2/4to2/3_0" slope="0.00"/>
        <vehicle id="43" x="201.65" y="467.77" angle="180.00" type="DEFAULT_VEHTYPE" speed="13.09" pos="63.02" lane="1/2to1/3_0" slope="0.00"/>
        <vehicle id="44" x="733.58" y="598.35" angle="90.00" type="DEFAULT_VEHTYPE" speed="13.10" pos="128.83" lane="3/3to4/3_0" slope="0.00"/>
        <vehicle id="48" x="601.65" y="453.22" angle="180.00" type="DEFAULT_VEHTYPE" speed="12.80" pos="48.47" lane="3/2to3/3_0" slope="0.00"/>
        <vehicle id="49" x="201.65" y="386.96" angle="180.00" type="DEFAULT_VEHTYPE" speed="12.81" pos="182.21" lane="1/1to1/2_0" slope="0.00"/>
        <vehicle id="5" x="401.65" y="622.65" angle="180.00" type="DEFAULT_VEHTYPE" speed="11.27" pos="17.90" lane="2/3to2/4_0" slope="0.00"/>
        <vehicle id="6" x="26.44" y="398.35" angle="90.00" type="DEFAULT_VEHTYPE" speed="13.30" pos="26.44" lane="0/2to1/2_0" slope="0.00"/>
        <vehicle id="7" x="398.35" y="751.59" angle="0.00" type="DEFAULT_VEHTYPE" speed="13.36" pos="48.41" lane="2/4to2/3_0" slope="0.00"/>
        <vehicle id="8" x="554.28" y="198.35" angle="90.00" type="DEFAULT_VEHTYPE" speed="13.05" pos="149.53" lane="2/1to3/1_0" slope="0.00"/>
        <vehicle id="9" x="201.65" y="145.96" angle="180.00" type="DEFAULT_VEHTYPE" speed="13.47" pos="145.96" lane="1/0to1/1_0" slope="0.00"/>
    </timestep>
    <timestep time="756.00">
        <vehicle id="0" x="706.39" y="598.35" angle="90.00" type="DEFAULT_VEHTYPE" speed="13.21" pos="101.64" lane="3/3to4/3_0" slope="0.00"/>
        <vehicle id="10" x="422.99" y="401.65" angle="-90.00" type="DEFAULT_VEHTYPE" speed="10.89" pos="172.26" lane="3/2to2/2_0" slope="0.00"/>
        <vehicle id="11" x="369.22" y="401.65" angle="-90.00" type="DEFAULT_VEHTYPE" speed="12.68" pos="26.03" lane="2/2to1/2_0" slope="0.00"/>
        <vehicle id="15" x="518.05" y="401.65" angle="-90.00" type="DEFAULT_VEHTYPE" speed="13.17" pos="77.20" lane="3/2to2/2_0" slope="0.00"/>
        <vehicle id="16" x="398.35" y="260.80" angle="0.00" type="DEFAULT_VEHTYPE" speed="13.54" pos="134.45" lane="2/2to2/1_0" slope="0.00"/>
        <vehicle id="17" x="358.32" y="201.65" angle="-90.00" type="DEFAULT_VEHTYPE" speed="13.53" pos="36.93" lane="2/1to1/1_0" slope="0.00"/>
        <vehicle id="18" x="398.62" y="397.14" angle="-36.58" type="DEFAULT_VEHTYPE" speed="7.73" pos="8.41" lane=":2/2_6_0" slope="0.00"/>
        <vehicle id="2" x="189.95" y="198.35" angle="90.00" type="DEFAULT_VEHTYPE" speed="3.85" pos="189.95" lane="0/1to1/1_0" slope="0.00"/>
        <vehicle id="24" x="401.65" y="781.36" angle="180.00" type="DEFAULT_VEHTYPE" speed="12.73" pos="176.61" lane="2/3to2/4_0" slope="0.00"/>
        <vehicle id="28" x="598.35" y="537.83" angle="0.00" type="DEFAULT_VEHTYPE" speed="12.61" pos="57.42" lane="3/3to3/2_0" slope="0.00"/>
        <vehicle id="29" x="601.65" y="357.61" angle="180.00" type="DEFAULT_VEHTYPE" speed="12.90" pos="152.86" lane="3/1to3/2_0" slope="0.00"/>
        <vehicle id="3" x="307.66" y="401.65" angle="-90.00" type="DEFAULT_VEHTYPE" speed="12.68" pos="87.59" lane="2/2to1/2_0" slope="0.00"/>
        <vehicle id="33" x="601.65" y="559.25" angle="180.00" type="DEFAULT_VEHTYPE" speed="12.79" pos="154.50" lane="3/2to3/3_0" slope="0.00"/>
        <vehicle id="37" x="201.65" y="540.57" angle="180.00" type="DEFAULT_VEHTYPE" speed="13.33" pos="135.82" lane="1/2to1/3_0" slope="0.00"/>
        <vehicle id="39" x="401.65" y="10.93" angle="180.00" type="DEFAULT_VEHTYPE" speed="13.44" pos="10.93" lane="2/0to2/1_0" slope="0.00"/>
        <vehicle id="40" x="341.97" y="401.65" angle="-90.00" type="DEFAULT_VEHTYPE" speed="12.85" pos="53.28" lane="2/2to1/2_0" slope="0.00"/>
        <vehicle id="42" x="398.35" y="705.65" angle="0.00" type="DEFAULT_VEHTYPE" speed="12.79" pos="94.35" lane="2/4to2/3_0" slope="0.00"/>
        <vehicle id="43" x="201.65" y="481.59" angle="180.00" type="DEFAULT_VEHTYPE" speed="13.82" pos="76.84" lane="1/2to1/3_0" slope="0.00"/>
        <vehicle id="44" x="747.20" y="598.35" angle="90.00" type="DEFAULT_VEHTYPE" speed="13.62" pos="142.45" lane="3/3to4/3_0" slope="0.00"/>
        <vehicle id="48" x="601.65" y="466.67" angle="180.00" type="DEFAULT_VEHTYPE" speed="13.45" pos="61.92" lane="3/2to3/3_0" slope="0.00"/>
        <vehicle id="49" x="201.65" y="399.89" angle="180.00" type="DEFAULT_VEHTYPE" speed="12.93" pos="4.64" lane=":1/2_9_0" slope="0.00"/>
        <vehicle id="5" x="401.65" y="636.06" angle="180.00" type="DEFAULT_VEHTYPE" speed="13.41" pos="31.31" lane="2/3to2/4_0" slope="0.00"/>
        <vehicle id="6" x="39.27" y="398.35" angle="90.00" type="DEFAULT_VEHTYPE" speed="12.83" pos="39.27" lane="0/2to1/2_0" slope="0.00"/>
        <vehicle id="7" x="398.35" y="738.77" angle="0.00" type="DEFAULT_VEHTYPE" speed="12.82" pos="61.23" lane="2/4to2/3_0" slope="0.00"/>
        <vehicle id="8" x="567.29" y="198.35" angle="90.00" type="DEFAULT_VEHTYPE" speed="13.01" pos="162.54" lane="2/1to3/1_0" slope="0.00"/>
        <vehicle id="9" x="201.65" y="159.11" angle="180.00" type="DEFAULT_VEHTYPE" speed="13.16" pos="159.11" lane="1/0to1/1_0" slope="0.00"/>
    </timestep>
    <timestep time="757.00">
        <vehicle id="0" x="719.48" y="598.35" angle="90.00" type="DEFAULT_VEHTYPE" speed="13.09" pos="114.73" lane="3/3to4/3_0" slope="0.00"/>
        <vehicle id="10" x="415.74" y="401.65" angle="-90.00" type="DEFAULT_VEHTYPE" speed="7.25" pos="179.51" lane="3/2to2/2_0" slope="0.00"/>
        <vehicle id="11" x="356.44" y="401.65" angle="-90.00" type="DEFAULT_VEHTYPE" speed="12.78" pos="38.81" lane="2/2to1/2_0" slope="0.00"/>
        <vehicle id="15" x="505.11" y="401.65" angle="-90.00" type="DEFAULT_VEHTYPE" speed="12.94" pos="90.14" lane="3/2to2/2_0" slope="0.00"/>
        <vehicle id="16" x="398.35" y="247.05" angle="0.00" type="DEFAULT_VEHTYPE" speed="13.74" pos="148.20" lane="2/2to2/1_0" slope="0.00"/>
        <vehicle id="17" x="344.61" y="201.65" angle="-90.00" type="DEFAULT_VEHTYPE" speed="13.71" pos="50.64" lane="2/1to1/1_0" slope="0.00"/>
        <vehicle id="18" x="398.35" y="387.00" angle="0.00" type="DEFAULT_VEHTYPE" speed="10.15" pos="8.25" lane="2/2to2/1_0" slope="0.00"/>
        <vehicle id="2" x="195.54" y="198.31" angle="89.53" type="DEFAULT_VEHTYPE" speed="5.60" pos="0.30" lane=":1/1_12_0" slope="0.00"/>
        <vehicle id="24" x="401.65" y="794.86" angle="180.00" type="DEFAULT_VEHTYPE" speed="13.50" pos="190.11" lane="2/3to2/4_0" slope="0.00"/>
        <vehicle id="28" x="598.35" y="524.65" angle="0.00" type="DEFAULT_VEHTYPE" speed="13.17" pos="70.60" lane="3/3to3/2_0" slope="0.00"/>
        <vehicle id="29" x="601.65" y="370.83" angle="180.00" type="DEFAULT_VEHTYPE" speed="13.22" pos="166.08" lane="3/1to3/2_0" slope="0.00"/>
        <vehicle id="3" x="294.49" y="401.65" angle="-90.00" type="DEFAULT_VEHTYPE" speed="13.17" pos="100.76" lane="2/2to1/2_0" slope="0.00"/>
        <vehicle id="33" x="601.65" y="573.05" angle="180.00" type="DEFAULT_VEHTYPE" speed="13.79" pos="168.30" lane="3/2to3/3_0" slope="0.00"/>
        <vehicle id="37" x="201.65" y="553.83" angle="180.00" type="DEFAULT_VEHTYPE" speed="13.27" pos="149.08" lane="1/2to1/3_0" slope="0.00"/>
        <vehicle id="39" x="401.65" y="23.72" angle="180.00" type="DEFAULT_VEHTYPE" speed="12.80" pos="23.72" lane="2/0to2/1_0" slope="0.00"/>
        <vehicle id="40" x="329.34" y="401.65" angle="-90.00" type="DEFAULT_VEHTYPE" speed="12.63" pos="65.91" lane="2/2to1/2_0" slope="0.00"/>
        <vehicle id="42" x="398.35" y="692.11" angle="0.00" type="DEFAULT_VEHTYPE" speed="13.54" pos="107.89" lane="2/4to2/3_0" slope="0.00"/>
        <vehicle id="43" x="201.65" y="495.36" angle="180.00" type="DEFAULT_VEHTYPE" speed="13.76" pos="90.61" lane="1/2to1/3_0" slope="0.00"/>
        <vehicle id="44" x="760.72" y="598.35" angle="90.00" type="DEFAULT_VEHTYPE" speed="13.52" pos="155.97" lane="3/3to4/3_0" slope="0.00"/>
        <vehicle id="48" x="601.65" y="480.27" angle="180.00" type="DEFAULT_VEHTYPE" speed="13.61" pos="75.52" lane="3/2to3/3_0" slope="0.00"/>
        <vehicle id="49" x="201.65" y="413.62" angle="180.00" type="DEFAULT_VEHTYPE" speed="13.73" pos="8.87" lane="1/2to1/3_0" slope="0.00"/>
        <vehicle id="5" x="401.65" y="649.10" angle="180.00" type="DEFAULT_VEHTYPE" speed="13.05" pos="44.35" lane="2/3to2/4_0" slope="0.00"/>
        <vehicle id="6" x="52.57" y="398.35" angle="90.00" type="DEFAULT_VEHTYPE" speed="13.30" pos="52.57" lane="0/2to1/2_0" slope="0.00"/>
        <vehicle id="7" x="398.35" y="725.43" angle="0.00" type="DEFAULT_VEHTYPE" speed="13.34" pos="74.57" lane="2/4to2/3_0" slope="0.00"/>
        <vehicle id="8" x="577.87" y="198.35" angle="90.00" type="DEFAULT_VEHTYPE" speed="10.57" pos="173.12" lane="2/1to3/1_0" slope="0.00"/>
        <vehicle id="9" x="201.65" y="171.81" angle="180.00" type="DEFAULT_VEHTYPE" speed="12.70" pos="171.81" lane="1/0to1/1_0" slope="0.00"/>
    </timestep>
    <timestep time="758.00">
        <vehicle id="0" x="732.71" y="598.35" angle="90.00" type="DEFAULT_VEHTYPE" speed="13.23" pos="127.96" lane="3/3to4/3_0" slope="0.00"/>
        <vehicle id="10" x="410.75" y="401.65" angle="-90.00" type="DEFAULT_VEHTYPE" speed="4.99" pos="184.50" lane="3/2to2/2_0" slope="0.00"/>
        <vehicle id="11" x="343.69" y="401.65" angle="-90.00" type="DEFAULT_VEHTYPE" speed="12.75" pos="51.56" lane="2/2to1/2_0" slope="0.00"/>
        <vehicle id="15" x="491.99" y="401.65" angle="-90.00" type="DEFAULT_VEHTYPE" speed="13.12" pos="103.26" lane="3/2to2/2_0" slope="0.00"/>
        <vehicle id="16" x="398.35" y="233.80" angle="0.00" type="DEFAULT_VEHTYPE" speed="13.25" pos="161.45" lane="2/2to2/1_0" slope="0.00"/>
        <vehicle id="17" x="331.23" y="201.65" angle="-90.00" type="DEFAULT_VEHTYPE" speed="13.38" pos="64.02" lane="2/1to1/1_0" slope="0.00"/>
        <vehicle id="18" x="398.35" y="375.44" angle="0.00" type="DEFAULT_VEHTYPE" speed="11.56" pos="19.81" lane="2/2to2/1_0" slope="0.00"/>
        <vehicle id="2" x="198.35" y="192.90" angle="10.81" type="DEFAULT_VEHTYPE" speed="7.05" pos="2.35" lane="1/1to1/0_0" slope="0.00"/>
        <vehicle id="24" x="398.35" y="797.34" angle="-20.40" type="DEFAULT_VEHTYPE" speed="12.61" pos="2.66" lane="2/4to2/3_0" slope="0.00"/>
        <vehicle id="28" x="598.35" y="511.68" angle="0.00" type="DEFAULT_VEHTYPE" speed="12.98" pos="83.57" lane="3/3to3/2_0" slope="0.00"/>
        <vehicle id="29" x="601.65" y="384.21" angle="180.00" type="DEFAULT_VEHTYPE" speed="13.38" pos="179.46" lane="3/1to3/2_0" slope="0.00"/>
        <vehicle id="3" x="281.69" y="401.65" angle="-90.00" type="DEFAULT_VEHTYPE" speed="12.80" pos="113.56" lane="2/2to1/2_0" slope="0.00"/>
        <vehicle id="33" x="601.65" y="586.81" angle="180.00" type="DEFAULT_VEHTYPE" speed="13.77" pos="182.06" lane="3/2to3/3_0" slope="0.00"/>
        <vehicle id="37" x="201.65" y="566.80" angle="180.00" type="DEFAULT_VEHTYPE" speed="12.96" pos="162.05" lane="1/2to1/3_0" slope="0.00"/>
        <vehicle id="39" x="401.65" y="36.75" angle="180.00" type="DEFAULT_VEHTYPE" speed="13.03" pos="36.75" lane="2/0to2/1_0" slope="0.00"/>
        <vehicle id="40" x="316.62" y="401.65" angle="-90.00" type="DEFAULT_VEHTYPE" speed="12.72" pos="78.63" lane="2/2to1/2_0" slope="0.00"/>
        <vehicle id="42" x="398.35" y="679.18" angle="0.00" type="DEFAULT_VEHTYPE" speed="12.93" pos="120.82" lane="2/4to2/3_0" slope="0.00"/>
        <vehicle id="43" x="201.65" y="509.04" angle="180.00" type="DEFAULT_VEHTYPE" speed="13.68" pos="104.29" lane="1/2to1/3_0" slope="0.00"/>
        <vehicle id="44" x="773.42" y="598.35" angle="90.00" type="DEFAULT_VEHTYPE" speed="12.70" pos="168.67" lane="3/3to4/3_0" slope="0.00"/>
        <vehicle id="48" x="601.65" y="493.21" angle="180.00" type="DEFAULT_VEHTYPE" speed="12.93" pos="88.46" lane="3/2to3/3_0" slope="0.00"/>
        <vehicle id="49" x="201.65" y="426.95" angle="180.00" type="DEFAULT_VEHTYPE" speed="13.32" pos="22.20" lane="1/2to1/3_0" slope="0.00"/>
        <vehicle id="5" x="401.65" y="662.27" angle="180.00" type="DEFAULT_VEHTYPE" speed="13.17" pos="57.52" lane="2/3to2/4_0" slope="0.00"/>
        <vehicle id="6" x="65.83" y="398.35" angle="90.00" type="DEFAULT_VEHTYPE" speed="13.26" pos="65.83" lane="0/2to1/2_0" slope="0.00"/>
        <vehicle id="7" x="398.35" y="712.09" angle="0.00" type="DEFAULT_VEHTYPE" speed="13.33" pos="87.91" lane="2/4to2/3_0" slope="0.00"/>
        <vehicle id="8" x="585.23" y="198.35" angle="90.00" type="DEFAULT_VEHTYPE" speed="7.36" pos="180.48" lane="2/1to3/1_0" slope="0.00"/>
        <vehicle id="9" x="201.65" y="184.53" angle="180.00" type="DEFAULT_VEHTYPE" speed="12.72" pos="184.53" lane="1/0to1/1_0" slope="0.00"/>
    </timestep>
    <timestep time="759.00">
        <vehicle id="0" x="745.43" y="598.35" angle="90.00" type="DEFAULT_VEHTYPE" speed="12.72" pos="140.68" lane="3/3to4/3_0" slope="0.00"/>
        <vehicle id="10" x="404.09" y="401.56" angle="-88.92" type="DEFAULT_VEHTYPE" speed="6.67" pos="0.67" lane=":2/2_6_0" slope="0.00"/>
        <vehicle id="11" x="330.41" y="401.65" angle="-90.00" type="DEFAULT_VEHTYPE" speed="13.28" pos="64.84" lane="2/2to1/2_0" slope="0.00"/>
        <vehicle id="15" x="478.54" y="401.65" angle="-90.00" type="DEFAULT_VEHTYPE" speed="13.45" pos="116.71" lane="3/2to2/2_0" slope="0.00"/>
        <vehicle id="16" x="398.35" y="220.25" angle="0.00" type="DEFAULT_VEHTYPE" speed="13.55" pos="175.00" lane="2/2to2/1_0" slope="0.00"/>
        <vehicle id="17" x="317.51" y="201.65" angle="-90.00" type="DEFAULT_VEHTYPE" speed="13.73" pos="77.74" lane="2/1to1/1_0" slope="0.00"/>
        <vehicle id="18" x="398.35" y="361.83" angle="0.00" type="DEFAULT_VEHTYPE" speed="13.61" pos="33.42" lane="2/2to2/1_0" slope="0.00"/>
        <vehicle id="2" x="198.35" y="183.61" angle="0.00" type="DEFAULT_VEHTYPE" speed="9.29" pos="11.64" lane="1/1to1/0_0" slope="0.00"/>
        <vehicle id="24" x="398.35" y="784.54" angle="0.00" type="DEFAULT_VEHTYPE" speed="12.80" pos="15.46" lane="2/4to2/3_0" slope="0.00"/>
        <vehicle id="28" x="598.35" y="497.88" angle="0.00" type="DEFAULT_VEHTYPE" speed="13.80" pos="97.37" lane="3/3to3/2_0" slope="0.00"/>
        <vehicle id="29" x="601.65" y="397.74" angle="180.00" type="DEFAULT_VEHTYPE" speed="13.53" pos="2.49" lane=":3/2_9_0" slope="0.00"/>
        <vehicle id="3" x="268.34" y="401.65" angle="-90.00" type="DEFAULT_VEHTYPE" speed="13.35" pos="126.91" lane="2/2to1/2_0" slope="0.00"/>
        <vehicle id="33" x="604.92" y="598.35" angle="132.09" type="DEFAULT_VEHTYPE" speed="13.60" pos="0.17" lane="3/3to4/3_0" slope="0.00"/>
        <vehicle id="37" x="201.65" y="580.60" angle="180.00" type="DEFAULT_VEHTYPE" speed="13.80" pos="175.85" lane="1/2to1/3_0" slope="0.00"/>
        <vehicle id="39" x="401.65" y="50.32" angle="180.00" type="DEFAULT_VEHTYPE" speed="13.57" pos="50.32" lane="2/0to2/1_0" slope="0.00"/>
        <vehicle id="40" x="302.95" y="401.65" angle="-90.00" type="DEFAULT_VEHTYPE" speed="13.67" pos="92.30" lane="2/2to1/2_0" slope="0.00"/>
        <vehicle id="42" x="398.35" y="665.38" angle="0.00" type="DEFAULT_VEHTYPE" speed="13.80" pos="134.62" lane="2/4to2/3_0" slope="0.00"/>
        <vehicle id="43" x="201.65" y="522.55" angle="180.00" type="DEFAULT_VEHTYPE" speed="13.51" pos="117.80" lane="1/2to1/3_0" slope="0.00"/>
        <vehicle id="44" x="786.77" y="598.35" angle="90.00" type="DEFAULT_VEHTYPE" speed="13.35" pos="182.02" lane="3/3to4/3_0" slope="0.00"/>
        <vehicle id="48" x="601.65" y="506.68" angle="180.00" type="DEFAULT_VEHTYPE" speed="13.48" pos="101.93" lane="3/2to3/3_0" slope="0.00"/>
        <vehicle id="49" x="201.65" y="440.23" angle="180.00" type="DEFAULT_VEHTYPE" speed="13.29" pos="35.48" lane="1/2to1/3_0" slope="0.00"/>
        <vehicle id="5" x="401.65" y="675.77" angle="180.00" type="DEFAULT_VEHTYPE" speed="13.50" pos="71.02" lane="2/3to2/4_0" slope="0.00"/>
        <vehicle id="6" x="78.98" y="398.35" angle="90.00" type="DEFAULT_VEHTYPE" speed="13.15" pos="78.98" lane="0/2to1/2_0" slope="0.00"/>
        <vehicle id="7" x="398.35" y="698.73" angle="0.00" type="DEFAULT_VEHTYPE" speed="13.36" pos="101.27" lane="2/4to2/3_0" slope="0.00"/>
        <vehicle id="8" x="589.78" y="198.35" angle="90.00" type="DEFAULT_VEHTYPE" speed="4.55" pos="185.03" lane="2/1to3/1_0" slope="0.00"/>
        <vehicle id="9" x="202.47" y="197.60" angle="170.33" type="DEFAULT_VEHTYPE" speed="13.27" pos="2.55" lane=":1/1_8_0" slope="0.00"/>
    </timestep>
    <timestep time="760.00">
        <vehicle id="0" x="758.59" y="598.35" angle="90.00" type="DEFAULT_VEHTYPE" speed="13.16" pos="153.84" lane="3/3to4/3_0" slope="0.00"/>
        <vehicle id="10" x="398.57" y="396.76" angle="-32.58" type="DEFAULT_VEHTYPE" speed="8.13" pos="8.80" lane=":2/2_6_0" slope="0.00"/>
        <vehicle id="11" x="316.84" y="401.65" angle="-90.00" type="DEFAULT_VEHTYPE" speed="13.57" pos="78.41" lane="2/2to1/2_0" slope="0.00"/>
        <vehicle id="15" x="464.84" y="401.65" angle="-90.00" type="DEFAULT_VEHTYPE" speed="13.70" pos="130.41" lane="3/2to2/2_0" slope="0.00"/>
        <vehicle id="16" x="398.35" y="207.23" angle="0.00" type="DEFAULT_VEHTYPE" speed="13.02" pos="188.02" lane="2/2to2/1_0" slope="0.00"/>
        <vehicle id="17" x="303.67" y="201.65" angle="-90.00" type="DEFAULT_VEHTYPE" speed="13.84" pos="91.58" lane="2/1to1/1_0" slope="0.00"/>
        <vehicle id="18" x="398.35" y="348.98" angle="0.00" type="DEFAULT_VEHTYPE" speed="12.85" pos="46.27" lane="2/2to2/1_0" slope="0.00"/>
        <vehicle id="2" x="198.35" y="172.32" angle="0.00" type="DEFAULT_VEHTYPE" speed="11.30" pos="22.93" lane="1/1to1/0_0" slope="0.00"/>
        <vehicle id="24" x="398.35" y="770.66" angle="0.00" type="DEFAULT_VEHTYPE" speed="13.89" pos="29.34" lane="2/4to2/3_0" slope="0.00"/>
        <vehicle id="28" x="598.35" y="484.64" angle="0.00" type="DEFAULT_VEHTYPE" speed="13.24" pos="110.61" lane="3/3to3/2_0" slope="0.00"/>
        <vehicle id="29" x="601.65" y="410.91" angle="180.00" type="DEFAULT_VEHTYPE" speed="13.17" pos="6.16" lane="3/2to3/3_0" slope="0.00"/>
        <vehicle id="3" x="255.16" y="401.65" angle="-90.00" type="DEFAULT_VEHTYPE" speed="13.18" pos="140.09" lane="2/2to1/2_0" slope="0.00"/>
        <vehicle id="33" x="617.65" y="598.35" angle="90.00" type="DEFAULT_VEHTYPE" speed="12.74" pos="12.90" lane="3/3to4/3_0" slope="0.00"/>
        <vehicle id="37" x="201.65" y="594.20" angle="180.00" type="DEFAULT_VEHTYPE" speed="13.60" pos="189.45" lane="1/2to1/3_0" slope="0.00"/>
        <vehicle id="39" x="401.65" y="62.99" angle="180.00" type="DEFAULT_VEHTYPE" speed="12.67" pos="62.99" lane="2/0to2/1_0" slope="0.00"/>
        <vehicle id="40" x="289.87" y="401.65" angle="-90.00" type="DEFAULT_VEHTYPE" speed="13.08" pos="105.38" lane="2/2to1/2_0" slope="0.00"/>
        <vehicle id="42" x="398.35" y="652.39" angle="0.00" type="DEFAULT_VEHTYPE" speed="12.99" pos="147.61" lane="2/4to2/3_0" slope="0.00"/>
        <vehicle id="43" x="201.65" y="536.22" angle="180.00" type="DEFAULT_VEHTYPE" speed="13.67" pos="131.47" lane="1/2to1/3_0" slope="0.00"/>
        <vehicle id="44" x="799.80" y="598.35" angle="90.00" type="DEFAULT_VEHTYPE" speed="13.03" pos="195.05" lane="3/3to4/3_0" slope="0.00"/>
        <vehicle id="48" x="601.65" y="519.34" angle="180.00" type="DEFAULT_VEHTYPE" speed="12.65" pos="114.59" lane="3/2to3/3_0" slope="0.00"/>
        <vehicle id="49" x="201.65" y="453.99" angle="180.00" type="DEFAULT_VEHTYPE" speed="13.75" pos="49.24" lane="1/2to1/3_0" slope="0.00"/>
        <vehicle id="5" x="401.65" y="689.63" angle="180.00" type="DEFAULT_VEHTYPE" speed="13.86" pos="84.88" lane="2/3to2/4_0" slope="0.00"/>
        <vehicle id="6" x="92.23" y="398.35" angle="90.00" type="DEFAULT_VEHTYPE" speed="13.26" pos="92.23" lane="0/2to1/2_0" slope="0.00"/>
        <vehicle id="7" x="398.35" y="686.01" angle="0.00" type="DEFAULT_VEHTYPE" speed="12.73" pos="113.99" lane="2/4to2/3_0" slope="0.00"/>
        <vehicle id="8" x="596.57" y="198.35" angle="90.00" type="DEFAULT_VEHTYPE" speed="6.79" pos="1.32" lane=":3/1_13_0" slope="0.00"/>
        <vehicle id="9" x="216.17" y="198.35" angle="90.00" type="DEFAULT_VEHTYPE" speed="13.87" pos="11.42" lane="1/1to2/1_0" slope="0.00"/>
    </timestep>
    <timestep time="761.00">
        <vehicle id="0" x="771.80" y="598.35" angle="90.00" type="DEFAULT_VEHTYPE" speed="13.22" pos="167.05" lane="3/3to4/3_0" slope="0.00"/>
        <vehicle id="10" x="398.35" y="386.83" angle="0.00" type="DEFAULT_VEHTYPE" speed="9.94" pos="8.42" lane="2/2to2/1_0" slope="0.00"/>
        <vehicle id="11" x="303.83" y="401.65" angle="-90.00" type="DEFAULT_VEHTYPE" speed="13.01" pos="91.42" lane="2/2to1/2_0" slope="0.00"/>
        <vehicle id="15" x="451.20" y="401.65" angle="-90.00" type="DEFAULT_VEHTYPE" speed="13.64" pos="144.05" lane="3/2to2/2_0" slope="0.00"/>
        <vehicle id="16" x="389.84" y="201.65" angle="-90.00" type="DEFAULT_VEHTYPE" speed="12.89" pos="5.41" lane="2/1to1/1_0" slope="0.00"/>
        <vehicle id="17" x="290.71" y="201.65" angle="-90.00" type="DEFAULT_VEHTYPE" speed="12.96" pos="104.54" lane="2/1to1/1_0" slope="0.00"/>
        <vehicle id="18" x="398.35" y="335.42" angle="0.00" type="DEFAULT_VEHTYPE" speed="13.56" pos="59.83" lane="2/2to2/1_0" slope="0.00"/>
        <vehicle id="2" x="198.35" y="158.74" angle="0.00" type="DEFAULT_VEHTYPE" speed="13.58" pos="36.51" lane="1/1to1/0_0" slope="0.00"/>
        <vehicle id="24" x="398.35" y="757.63" angle="0.00" type="DEFAULT_VEHTYPE" speed="13.03" pos="42.37" lane="2/4to2/3_0" slope="0.00"/>
        <vehicle id="28" x="598.35" y="471.86" angle="0.00" type="DEFAULT_VEHTYPE" speed="12.78" pos="123.39" lane="3/3to3/2_0" slope="0.00"/>
        <vehicle id="29" x="601.65" y="424.48" angle="180.00" type="DEFAULT_VEHTYPE" speed="13.57" pos="19.73" lane="3/2to3/3_0" slope="0.00"/>
        <vehicle id="3" x="241.75" y="401.65" angle="-90.00" type="DEFAULT_VEHTYPE" speed="13.42" pos="153.50" lane="2/2to1/2_0" slope="0.00"/>
        <vehicle id="33" x="630.63" y="598.35" angle="90.00" type="DEFAULT_VEHTYPE" speed="12.97" pos="25.88" lane="3/3to4/3_0" slope="0.00"/>
        <vehicle id="37" x="211.71" y="598.35" angle="90.00" type="DEFAULT_VEHTYPE" speed="13.01" pos="6.96" lane="1/3to2/3_0" slope="0.00"/>
        <vehicle id="39" x="401.65" y="76.42" angle="180.00" type="DEFAULT_VEHTYPE" speed="13.44" pos="76.42" lane="2/0to2/1_0" slope="0.00"/>
        <vehicle id="40" x="276.31" y="401.65" angle="-90.00" type="DEFAULT_VEHTYPE" speed="13.56" pos="118.94" lane="2/2to1/2_0" slope="0.00"/>
        <vehicle id="42" x="398.35" y="639.79" angle="0.00" type="DEFAULT_VEHTYPE" speed="12.61" pos="160.21" lane="2/4to2/3_0" slope="0.00"/>
        <vehicle id="43" x="201.65" y="549.02" angle="180.00" type="DEFAULT_VEHTYPE" speed="12.80" pos="144.27" lane="1/2to1/3_0" slope="0.00"/>
        <vehicle id="44" x="792.07" y="601.65" angle="-90.00" type="DEFAULT_VEHTYPE" speed="12.95" pos="7.93" lane="4/3to3/3_0" slope="0.00"/>
        <vehicle id="48" x="601.65" y="532.55" angle="180.00" type="DEFAULT_VEHTYPE" speed="13.21" pos="127.80" lane="3/2to3/3_0" slope="0.00"/>
        <vehicle id="49" x="201.65" y="467.69" angle="180.00" type="DEFAULT_VEHTYPE" speed="13.71" pos="62.94" lane="1/2to1/3_0" slope="0.00"/>
        <vehicle id="5" x="401.65" y="702.61" angle="180.00" type="DEFAULT_VEHTYPE" speed="12.98" pos="97.86" lane="2/3to2/4_0" slope="0.00"/>
        <vehicle id="6" x="105.75" y="398.35" angle="90.00" type="DEFAULT_VEHTYPE" speed="13.51" pos="105.75" lane="0/2to1/2_0" slope="0.00"/>
        <vehicle id="7" x="398.35" y="672.84" angle="0.00" type="DEFAULT_VEHTYPE" speed="13.17" pos="127.16" lane="2/4to2/3_0" slope="0.00"/>
        <vehicle id="8" x="604.86" y="198.35" angle="90.00" type="DEFAULT_VEHTYPE" speed="8.29" pos="0.11" lane="3/1to4/1_0" slope="0.00"/>
        <vehicle id="9" x="228.88" y="198.35" angle="90.00" type="DEFAULT_VEHTYPE" speed="12.71" pos="24.13" lane="1/1to2/1_0" slope="0.00"/>
    </timestep>
    <timestep time="762.00">
        <vehicle id="0" x="784.43" y="598.35" angle="90.00" type="DEFAULT_VEHTYPE" speed="12.62" pos="179.68" lane="3/3to4/3_0" slope="0.00"/>
        <vehicle id="10" x="398.35" y="375.10" angle="0.00" type="DEFAULT_VEHTYPE" speed="11.73" pos="20.15" lane="2/2to2/1_0" slope="0.00"/>
        <vehicle id="11" x="290.88" y="401.65" angle="-90.00" type="DEFAULT_VEHTYPE" speed="12.94" pos="104.37" lane="2/2to1/2_0" slope="0.00"/>
        <vehicle id="15" x="437.75" y="401.65" angle="-90.00" type="DEFAULT_VEHTYPE" speed="13.45" pos="157.50" lane="3/2to2/2_0" slope="0.00"/>
        <vehicle id="16" x="377.14" y="201.65" angle="-90.00" type="DEFAULT_VEHTYPE" speed="12.70" pos="18.11" lane="2/1to1/1_0" slope="0.00"/>
        <vehicle id="17" x="278.05" y="201.65" angle="-90.00" type="DEFAULT_VEHTYPE" speed="12.66" pos="117.20" lane="2/1to1/1_0" slope="0.00"/>
        <vehicle id="18" x="398.35" y="322.31" angle="0.00" type="DEFAULT_VEHTYPE" speed="13.11" pos="72.94" lane="2/2to2/1_0" slope="0.00"/>
        <vehicle id="2" x="198.35" y="145.05" angle="0.00" type="DEFAULT_VEHTYPE" speed="13.69" pos="50.20" lane="1/1to1/0_0" slope="0.00"/>
        <vehicle id="24" x="398.35" y="744.18" angle="0.00" type="DEFAULT_VEHTYPE" speed="13.45" pos="55.82" lane="2/4to2/3_0" slope="0.00"/>
        <vehicle id="28" x="598.35" y="458.48" angle="0.00" type="DEFAULT_VEHTYPE" speed="13.38" pos="136.77" lane="3/3to3/2_0" slope="0.00"/>
        <vehicle id="29" x="601.65" y="437.25" angle="180.00" type="DEFAULT_VEHTYPE" speed="12.77" pos="32.50" lane="3/2to3/3_0" slope="0.00"/>
        <vehicle id="3" x="228.69" y="401.65" angle="-90.00" type="DEFAULT_VEHTYPE" speed="13.06" pos="166.56" lane="2/2to1/2_0" slope="0.00"/>
        <vehicle id="33" x="643.95" y="598.35" angle="90.00" type="DEFAULT_VEHTYPE" speed="13.32" pos="39.20" lane="3/3to4/3_0" slope="0.00"/>
        <vehicle id="37" x="225.28" y="598.35" angle="90.00" type="DEFAULT_VEHTYPE" speed="13.57" pos="20.53" lane="1/3to2/3_0" slope="0.00"/>
        <vehicle id="39" x="401.65" y="90.03" angle="180.00" type="DEFAULT_VEHTYPE" speed="13.60" pos="90.03" lane="2/0to2/1_0" slope="0.00"/>
        <vehicle id="40" x="263.39" y="401.65" angle="-90.00" type="DEFAULT_VEHTYPE" speed="12.92" pos="131.86" lane="2/2to1/2_0" slope="0.00"/>
        <vehicle id="42" x="398.35" y="627.05" angle="0.00" type="DEFAULT_VEHTYPE" speed="12.74" pos="172.95" lane="2/4to2/3_0" slope="0.00"/>
        <vehicle id="43" x="201.65" y="562.10" angle="180.00" type="DEFAULT_VEHTYPE" speed="13.08" pos="157.35" lane="1/2to1/3_0" slope="0.00"/>
        <vehicle id="44" x="779.47" y="601.65" angle="-90.00" type="DEFAULT_VEHTYPE" speed="12.60" pos="20.53" lane="4/3to3/3_0" slope="0.00"/>
        <vehicle id="48" x="601.65" y="545.67" angle="180.00" type="DEFAULT_VEHTYPE" speed="13.12" pos="140.92" lane="3/2to3/3_0" slope="0.00"/>
        <vehicle id="49" x="201.65" y="480.46" angle="180.00" type="DEFAULT_VEHTYPE" speed="12.76" pos="75.71" lane="1/2to1/3_0" slope="0.00"/>
        <vehicle id="5" x="401.65" y="715.42" angle="180.00" type="DEFAULT_VEHTYPE" speed="12.82" pos="110.67" lane="2/3to2/4_0" slope="0.00"/>
        <vehicle id="6" x="118.61" y="398.35" angle="90.00" type="DEFAULT_VEHTYPE" speed="12.86" pos="118.61" lane="0/2to1/2_0" slope="0.00"/>
        <vehicle id="7" x="398.35" y="659.31" angle="0.00" type="DEFAULT_VEHTYPE" speed="13.53" pos="140.69" lane="2/4to2/3_0" slope="0.00"/>
        <vehicle id="8" x="615.62" y="198.35" angle="90.00" type="DEFAULT_VEHTYPE" speed="10.76" pos="10.87" lane="3/1to4/1_0" slope="0.00"/>
        <vehicle id="9" x="242.20" y="198.35" angle="90.00" type="DEFAULT_VEHTYPE" speed="13.32" pos="37.45" lane="1/1to2/1_0" slope="0.00"/>
    </timestep>
    <timestep time="763.00">
        <vehicle id="0" x="797.31" y="598.35" angle="90.00" type="DEFAULT_VEHTYPE" speed="12.88" pos="192.56" lane="3/3to4/3_0" slope="0.00"/>
        <vehicle id="10" x="398.35" y="361.98" angle="0.00" type="DEFAULT_VEHTYPE" speed="13.12" pos="33.27" lane="2/2to2/1_0" slope="0.00"/>
        <vehicle id="11" x="277.74" y="401.65" angle="-90.00" type="DEFAULT_VEHTYPE" speed="13.14" pos="117.51" lane="2/2to1/2_0" slope="0.00"/>
        <vehicle id="15" x="425.79" y="401.65" angle="-90.00" type="DEFAULT_VEHTYPE" speed="11.96" pos="169.46" lane="3/2to2/2_0" slope="0.00"/>
        <vehicle id="16" x="363.92" y="201.65" angle="-90.00" type="DEFAULT_VEHTYPE" speed="13.22" pos="31.33" lane="2/1to1/1_0" slope="0.00"/>
        <vehicle id="17" x="264.21" y="201.65" angle="-90.00" type="DEFAULT_VEHTYPE" speed="13.83" pos="131.04" lane="2/1to1/1_0" slope="0.00"/>
        <vehicle id="18" x="398.35" y="308.98" angle="0.00" type="DEFAULT_VEHTYPE" speed="13.33" pos="86.27" lane="2/2to2/1_0" slope="0.00"/>
        <vehicle id="2" x="198.35" y="132.32" angle="0.00" type="DEFAULT_VEHTYPE" speed="12.73" pos="62.93" lane="1/1to1/0_0" slope="0.00"/>
        <vehicle id="24" x="398.35" y="731.41" angle="0.00" type="DEFAULT_VEHTYPE" speed="12.77" pos="68.59" lane="2/4to2/3_0" slope="0.00"/>
        <vehicle id="28" x="598.35" y="445.02" angle="0.00" type="DEFAULT_VEHTYPE" speed="13.45" pos="150.23" lane="3/3to3/2_0" slope="0.00"/>
        <vehicle id="29" x="601.65" y="450.04" angle="180.00" type="DEFAULT_VEHTYPE" speed="12.79" pos="45.29" lane="3/2to3/3_0" slope="0.00"/>
        <vehicle id="3" x="219.79" y="401.65" angle="-90.00" type="DEFAULT_VEHTYPE" speed="8.90" pos="175.46" lane="2/2to1/2_0" slope="0.00"/>
        <vehicle id="33" x="657.48" y="598.35" angle="90.00" type="DEFAULT_VEHTYPE" speed="13.53" pos="52.73" lane="3/3to4/3_0" slope="0.00"/>
        <vehicle id="37" x="238.58" y="598.35" angle="90.00" type="DEFAULT_VEHTYPE" speed="13.31" pos="33.83" lane="1/3to2/3_0" slope="0.00"/>
        <vehicle id="39" x="401.65" y="103.25" angle="180.00" type="DEFAULT_VEHTYPE" speed="13.22" pos="103.25" lane="2/0to2/1_0" slope="0.00"/>
        <vehicle id="40" x="249.64" y="401.65" angle="-90.00" type="DEFAULT_VEHTYPE" speed="13.75" pos="145.61" lane="2/2to1/2_0" slope="0.00"/>
        <vehicle id="42" x="398.35" y="613.74" angle="0.00" type="DEFAULT_VEHTYPE" speed="13.31" pos="186.26" lane="2/4to2/3_0" slope="0.00"/>
        <vehicle id="43" x="201.65" y="574.83" angle="180.00" type="DEFAULT_VEHTYPE" speed="12.73" pos="170.08" lane="1/2to1/3_0" slope="0.00"/>
        <vehicle id="44" x="766.39" y="601.65" angle="-90.00" type="DEFAULT_VEHTYPE" speed="13.07" pos="33.61" lane="4/3to3/3_0" slope="0.00"/>
        <vehicle id="48" x="601.65" y="559.22" angle="180.00" type="DEFAULT_VEHTYPE" speed="13.55" pos="154.47" lane="3/2to3/3_0" slope="0.00"/>
        <vehicle id="49" x="201.65" y="493.65" angle="180.00" type="DEFAULT_VEHTYPE" speed="13.19" pos="88.90" lane="1/2to1/3_0" slope="0.00"/>
        <vehicle id="5" x="401.65" y="728.60" angle="180.00" type="DEFAULT_VEHTYPE" speed="13.18" pos="123.85" lane="2/3to2/4_0" slope="0.00"/>
        <vehicle id="6" x="132.05" y="398.35" angle="90.00" type="DEFAULT_VEHTYPE" speed="13.44" pos="132.05" lane="0/2to1/2_0" slope="0.00"/>
        <vehicle id="7" x="398.35" y="645.48" angle="0.00" type="DEFAULT_VEHTYPE" speed="13.83" pos="154.52" lane="2/4to2/3_0" slope="0.00"/>
        <vehicle id="8" x="628.47" y="198.35" angle="90.00" type="DEFAULT_VEHTYPE" speed="12.85" pos="23.72" lane="3/1to4/1_0" slope="0.00"/>
        <vehicle id="9" x="254.98" y="198.35" angle="90.00" type="DEFAULT_VEHTYPE" speed="12.79" pos="50.23" lane="1/1to2/1_0" slope="0.00"/>
    </timestep>
    <timestep time="764.00">
        <vehicle id="0" x="794.28" y="601.65" angle="-90.00" type="DEFAULT_VEHTYPE" speed="13.23" pos="5.72" lane="4/3to3/3_0" slope="0.00"/>
        <vehicle id="10" x="398.35" y="348.27" angle="0.00" type="DEFAULT_VEHTYPE" speed="13.71" pos="46.98" lane="2/2to2/1_0" slope="0.00"/>
        <vehicle id="11" x="264.91" y="401.65" angle="-90.00" type="DEFAULT_VEHTYPE" speed="12.83" pos="130.34" lane="2/2to1/2_0" slope="0.00"/>
        <vehicle id="15" x="416.80" y="401.65" angle="-90.00" type="DEFAULT_VEHTYPE" speed="8.99" pos="178.45" lane="3/2to2/2_0" slope="0.00"/>
        <vehicle id="16" x="350.94" y="201.65" angle="-90.00" type="DEFAULT_VEHTYPE" speed="12.97" pos="44.31" lane="2/1to1/1_0" slope="0.00"/>
        <vehicle id="17" x="251.46" y="201.65" angle="-90.00" type="DEFAULT_VEHTYPE" speed="12.76" pos="143.79" lane="2/1to1/1_0" slope="0.00"/>
        <vehicle id="18" x="398.35" y="295.89" angle="0.00" type="DEFAULT_VEHTYPE" speed="13.09" pos="99.36" lane="2/2to2/1_0" slope="0.00"/>
        <vehicle id="2" x="198.35" y="119.45" angle="0.00" type="DEFAULT_VEHTYPE" speed="12.87" pos="75.80" lane="1/1to1/0_0" slope="0.00"/>
        <vehicle id="24" x="398.35" y="717.71" angle="0.00" type="DEFAULT_VEHTYPE" speed="13.70" pos="82.29" lane="2/4to2/3_0" slope="0.00"/>
        <vehicle id="28" x="598.35" y="432.38" angle="0.00" type="DEFAULT_VEHTYPE" speed="12.64" pos="162.87" lane="3/3to3/2_0" slope="0.00"/>
        <vehicle id="29" x="601.65" y="462.65" angle="180.00" type="DEFAULT_VEHTYPE" speed="12.62" pos="57.90" lane="3/2to3/3_0" slope="0.00"/>
        <vehicle id="3" x="213.35" y="401.65" angle="-90.00" type="DEFAULT_VEHTYPE" speed="6.44" pos="181.90" lane="2/2to1/2_0" slope="0.00"/>
        <vehicle id="33" x="671.04" y="598.35" angle="90.00" type="DEFAULT_VEHTYPE" speed="13.55" pos="66.29" lane="3/3to4/3_0" slope="0.00"/>
        <vehicle id="37" x="251.19" y="598.35" angle="90.00" type="DEFAULT_VEHTYPE" speed="12.61" pos="46.44" lane="1/3to2/3_0" slope="0.00"/>
        <vehicle id="39" x="401.65" y="116.38" angle="180.00" type="DEFAULT_VEHTYPE" speed="13.14" pos="116.38" lane="2/0to2/1_0" slope="0.00"/>
        <vehicle id="40" x="236.92" y="401.65" angle="-90.00" type="DEFAULT_VEHTYPE" speed="12.72" pos="158.33" lane="2/2to1/2_0" slope="0.00"/>
        <vehicle id="42" x="398.35" y="600.69" angle="0.00" type="DEFAULT_VEHTYPE" speed="13.04" pos="4.06" lane=":2/3_1_0" slope="0.00"/>
        <vehicle id="43" x="201.65" y="588.30" angle="180.00" type="DEFAULT_VEHTYPE" speed="13.47" pos="183.55" lane="1/2to1/3_0" slope="0.00"/>
        <vehicle id="44" x="753.33" y="601.65" angle="-90.00" type="DEFAULT_VEHTYPE" speed="13.07" pos="46.67" lane="4/3to3/3_0" slope="0.00"/>
        <vehicle id="48" x="601.65" y="572.34" angle="180.00" type="DEFAULT_VEHTYPE" speed="13.12" pos="167.59" lane="3/2to3/3_0" slope="0.00"/>
        <vehicle id="49" x="201.65" y="506.77" angle="180.00" type="DEFAULT_VEHTYPE" speed="13.12" pos="102.02" lane="1/2to1/3_0" slope="0.00"/>
        <vehicle id="5" x="401.65" y="742.33" angle="180.00" type="DEFAULT_VEHTYPE" speed="13.74" pos="137.58" lane="2/3to2/4_0" slope="0.00"/>
        <vehicle id="6" x="145.68" y="398.35" angle="90.00" type="DEFAULT_VEHTYPE" speed="13.62" pos="145.68" lane="0/2to1/2_0" slope="0.00"/>
        <vehicle id="7" x="398.35" y="631.79" angle="0.00" type="DEFAULT_VEHTYPE" speed="13.69" pos="168.21" lane="2/4to2/3_0" slope="0.00"/>
        <vehicle id="8" x="641.26" y="198.35" angle="90.00" type="DEFAULT_VEHTYPE" speed="12.79" pos="36.51" lane="3/1to4/1_0" slope="0.00"/>
        <vehicle id="9" x="268.28" y="198.35" angle="90.00" type="DEFAULT_VEHTYPE" speed="13.30" pos="63.53" lane="1/1to2/1_0" slope="0.00"/>
    </timestep>
    <timestep time="765.00">
        <vehicle id="0" x="780.89" y="601.65" angle="-90.00" type="DEFAULT_VEHTYPE" speed="13.39" pos="19.11" lane="4/3to3/3_0" slope="0.00"/>
        <vehicle id="10" x="398.35" y="335.17" angle="0.00" type="DEFAULT_VEHTYPE" speed="13.11" pos="60.08" lane="2/2to2/1_0" slope="0.00"/>
        <vehicle id="11" x="252.05" y="401.65" angle="-90.00" type="DEFAULT_VEHTYPE" speed="12.86" pos="143.20" lane="2/2to1/2_0" slope="0.00"/>
        <vehicle id="15" x="411.33" y="401.65" angle="-90.00" type="DEFAULT_VEHTYPE" speed="5.47" pos="183.92" lane="3/2to2/2_0" slope="0.00"/>
        <vehicle id="16" x="337.91" y="201.65" angle="-90.00" type="DEFAULT_VEHTYPE" speed="13.03" pos="57.34" lane="2/1to1/1_0" slope="0.00"/>
        <vehicle id="17" x="237.56" y="201.65" angle="-90.00" type="DEFAULT_VEHTYPE" speed="13.90" pos="157.69" lane="2/1to1/1_0" slope="0.00"/>
        <vehicle id="18" x="398.35" y="282.81" angle="0.00" type="DEFAULT_VEHTYPE" speed="13.08" pos="112.44" lane="2/2to2/1_0" slope="0.00"/>
        <vehicle id="2" x="198.35" y="105.76" angle="0.00" type="DEFAULT_VEHTYPE" speed="13.70" pos="89.49" lane="1/1to1/0_0" slope="0.00"/>
        <vehicle id="24" x="398.35" y="704.19" angle="0.00" type="DEFAULT_VEHTYPE" speed="13.52" pos="95.81" lane="2/4to2/3_0" slope="0.00"/>
        <vehicle id="28" x="598.35" y="418.90" angle="0.00" type="DEFAULT_VEHTYPE" speed="13.48" pos="176.35" lane="3/3to3/2_0" slope="0.00"/>
        <vehicle id="29" x="601.65" y="475.45" angle="180.00" type="DEFAULT_VEHTYPE" speed="12.80" pos="70.70" lane="3/2to3/3_0" slope="0.00"/>
        <vehicle id="3" x="209.52" y="401.65" angle="-90.00" type="DEFAULT_VEHTYPE" speed="3.84" pos="185.73" lane="2/2to1/2_0" slope="0.00"/>
        <vehicle id="33" x="683.67" y="598.35" angle="90.00" type="DEFAULT_VEHTYPE" speed="12.64" pos="78.92" lane="3/3to4/3_0" slope="0.00"/>
        <vehicle id="37" x="264.42" y="598.35" angle="90.00" type="DEFAULT_VEHTYPE" speed="13.23" pos="59.67" lane="1/3to2/3_0" slope="0.00"/>
        <vehicle id="39" x="401.65" y="129.64" angle="180.00" type="DEFAULT_VEHTYPE" speed="13.26" pos="129.64" lane="2/0to2/1_0" slope="0.00"/>
        <vehicle id="40" x="227.11" y="401.65" angle="-90.00" type="DEFAULT_VEHTYPE" speed="9.81" pos="168.14" lane="2/2to1/2_0" slope="0.00"/>
        <vehicle id="42" x="398.35" y="587.21" angle="0.00" type="DEFAULT_VEHTYPE" speed="13.49" pos="8.04" lane="2/3to2/2_0" slope="0.00"/>
        <vehicle id="43" x="205.44" y="598.35" angle="123.21" type="DEFAULT_VEHTYPE" speed="12.64" pos="0.69" lane="1/3to2/3_0" slope="0.00"/>
        <vehicle id="44" x="739.84" y="601.65" angle="-90.00" type="DEFAULT_VEHTYPE" speed="13.48" pos="60.16" lane="4/3to3/3_0" slope="0.00"/>
        <vehicle id="48" x="601.65" y="586.16" angle="180.00" type="DEFAULT_VEHTYPE" speed="13.83" pos="181.41" lane="3/2to3/3_0" slope="0.00"/>
        <vehicle id="49" x="201.65" y="520.13" angle="180.00" type="DEFAULT_VEHTYPE" speed="13.37" pos="115.38" lane="1/2to1/3_0" slope="0.00"/>
        <vehicle id="5" x="401.65" y="755.78" angle="180.00" type="DEFAULT_VEHTYPE" speed="13.45" pos="151.03" lane="2/3to2/4_0" slope="0.00"/>
        <vehicle id="6" x="159.16" y="398.35" angle="90.00" type="DEFAULT_VEHTYPE" speed="13.48" pos="159.16" lane="0/2to1/2_0" slope="0.00"/>
        <vehicle id="7" x="398.35" y="618.88" angle="0.00" type="DEFAULT_VEHTYPE" speed="12.91" pos="181.12" lane="2/4to2/3_0" slope="0.00"/>
        <vehicle id="8" x="654.39" y="198.35" angle="90.00" type="DEFAULT_VEHTYPE" speed="13.14" pos="49.64" lane="3/1to4/1_0" slope="0.00"/>
        <vehicle id="9" x="281.45" y="198.35" angle="90.00" type="DEFAULT_VEHTYPE" speed="13.17" pos="76.70" lane="1/1to2/1_0" slope="0.00"/>
    </timestep>
    <timestep time="766.00">
        <vehicle id="0" x="767.22" y="601.65" angle="-90.00" type="DEFAULT_VEHTYPE" speed="13.67" pos="32.78" lane="4/3to3/3_0" slope="0.00"/>
        <vehicle id="10" x="398.35" y="321.39" angle="0.00" type="DEFAULT_VEHTYPE" speed="13.78" pos="73.86" lane="2/2to2/1_0" slope="0.00"/>
        <vehicle id="11" x="239.95" y="401.65" angle="-90.00" type="DEFAULT_VEHTYPE" speed="12.11" pos="155.30" lane="2/2to1/2_0" slope="0.00"/>
        <vehicle id="15" x="403.32" y="401.65" angle="-90.00" type="DEFAULT_VEHTYPE" speed="8.00" pos="1.43" lane=":2/2_5_0" slope="0.00"/>
        <vehicle id="16" x="325.06" y="201.65" angle="-90.00" type="DEFAULT_VEHTYPE" speed="12.85" pos="70.19" lane="2/1to1/1_0" slope="0.00"/>
        <vehicle id="17" x="225.99" y="201.65" angle="-90.00" type="DEFAULT_VEHTYPE" speed="11.57" pos="169.26" lane="2/1to1/1_0" slope="0.00"/>
        <vehicle id="18" x="398.35" y="269.85" angle="0.00" type="DEFAULT_VEHTYPE" speed="12.96" pos="125.40" lane="2/2to2/1_0" slope="0.00"/>
        <vehicle id="2" x="198.35" y="92.83" angle="0.00" type="DEFAULT_VEHTYPE" speed="12.93" pos="102.42" lane="1/1to1/0_0" slope="0.00"/>
        <vehicle id="24" x="398.35" y="690.81" angle="0.00" type="DEFAULT_VEHTYPE" speed="13.38" pos="109.19" lane="2/4to2/3_0" slope="0.00"/>
        <vehicle id="28" x="598.35" y="405.32" angle="0.00" type="DEFAULT_VEHTYPE" speed="13.58" pos="189.93" lane="3/3to3/2_0" slope="0.00"/>
        <vehicle id="29" x="601.65" y="488.84" angle="180.00" type="DEFAULT_VEHTYPE" speed="13.40" pos="84.09" lane="3/2to3/3_0" slope="0.00"/>
        <vehicle id="3" x="203.55" y="401.48" angle="-88.03" type="DEFAULT_VEHTYPE" speed="5.98" pos="1.21" lane=":1/2_6_0" slope="0.00"/>
        <vehicle id="33" x="697.12" y="598.35" angle="90.00" type="DEFAULT_VEHTYPE" speed="13.45" pos="92.37" lane="3/3to4/3_0" slope="0.00"/>
        <vehicle id="37" x="278.03" y="598.35" angle="90.00" type="DEFAULT_VEHTYPE" speed="13.61" pos="73.28" lane="1/3to2/3_0" slope="0.00"/>
        <vehicle id="39" x="401.65" y="143.41" angle="180.00" type="DEFAULT_VEHTYPE" speed="13.76" pos="143.41" lane="2/0to2/1_0" slope="0.00"/>
        <vehicle id="40" x="221.39" y="401.65" angle="-90.00" type="DEFAULT_VEHTYPE" speed="5.72" pos="173.86" lane="2/2to1/2_0" slope="0.00"/>
        <vehicle id="42" x="398.35" y="573.68" angle="0.00" type="DEFAULT_VEHTYPE" speed="13.53" pos="21.57" lane="2/3to2/2_0" slope="0.00"/>
        <vehicle id="43" x="218.54" y="598.35" angle="90.00" type="DEFAULT_VEHTYPE" speed="13.11" pos="13.79" lane="1/3to2/3_0" slope="0.00"/>
        <vehicle id="44" x="726.42" y="601.65" angle="-90.00" type="DEFAULT_VEHTYPE" speed="13.42" pos="73.58" lane="4/3to3/3_0" slope="0.00"/>
        <vehicle id="48" x="603.44" y="598.17" angle="157.15" type="DEFAULT_VEHTYPE" speed="12.77" pos="3.68" lane=":3/3_8_0" slope="0.00"/>
        <vehicle id="49" x="201.65" y="533.35" angle="180.00" type="DEFAULT_VEHTYPE" speed="13.22" pos="128.60" lane="1/2to1/3_0" slope="0.00"/>
        <vehicle id="5" x="401.65" y="768.51" angle="180.00" type="DEFAULT_VEHTYPE" speed="12.72" pos="163.76" lane="2/3to2/4_0" slope="0.00"/>
        <vehicle id="6" x="172.05" y="398.35" angle="90.00" type="DEFAULT_VEHTYPE" speed="12.89" pos="172.05" lane="0/2to1/2_0" slope="0.00"/>
        <vehicle id="7" x="398.35" y="606.00" angle="0.00" type="DEFAULT_VEHTYPE" speed="12.88" pos="194.00" lane="2/4to2/3_0" slope="0.00"/>
        <vehicle id="8" x="667.28" y="198.35" angle="90.00" type="DEFAULT_VEHTYPE" speed="12.89" pos="62.53" lane="3/1to4/1_0" slope="0.00"/>
        <vehicle id="9" x="294.94" y="198.35" angle="90.00" type="DEFAULT_VEHTYPE" speed="13.49" pos="90.19" lane="1/1to2/1_0" slope="0.00"/>
    </timestep>
    <timestep time="767.00">
        <vehicle id="0" x="753.48" y="601.65" angle="-90.00" type="DEFAULT_VEHTYPE" speed="13.74" pos="46.52" lane="4/3to3/3_0" slope="0.00"/>
        <vehicle id="10" x="398.35" y="307.99" angle="0.00" type="DEFAULT_VEHTYPE" speed="13.39" pos="87.26" lane="2/2to2/1_0" slope="0.00"/>
        <vehicle id="11" x="231.98" y="401.65" angle="-90.00" type="DEFAULT_VEHTYPE" speed="7.96" pos="163.27" lane="2/2to1/2_0" slope="0.00"/>
        <vehicle id="15" x="393.86" y="401.65" angle="-90.00" type="DEFAULT_VEHTYPE" speed="9.46" pos="1.39" lane="2/2to1/2_0" slope="0.00"/>
        <vehicle id="16" x="311.37" y="201.65" angle="-90.00" type="DEFAULT_VEHTYPE" speed="13.69" pos="83.88" lane="2/1to1/1_0" slope="0.00"/>
        <vehicle id="17" x="217.64" y="201.65" angle="-90.00" type="DEFAULT_VEHTYPE" speed="8.35" pos="177.61" lane="2/1to1/1_0" slope="0.00"/>
        <vehicle id="18" x="398.35" y="255.96" angle="0.00" type="DEFAULT_VEHTYPE" speed="13.89" pos="139.29" lane="2/2to2/1_0" slope="0.00"/>
        <vehicle id="2" x="198.35" y="80.04" angle="0.00" type="DEFAULT_VEHTYPE" speed="12.78" pos="115.21" lane="1/1to1/0_0" slope="0.00"/>
        <vehicle id="24" x="398.35" y="677.29" angle="0.00" type="DEFAULT_VEHTYPE" speed="13.51" pos="122.71" lane="2/4to2/3_0" slope="0.00"/>
        <vehicle id="28" x="587.86" y="401.65" angle="-90.00" type="DEFAULT_VEHTYPE" speed="12.96" pos="7.39" lane="3/2to2/2_0" slope="0.00"/>
        <vehicle id="29" x="601.65" y="502.53" angle="180.00" type="DEFAULT_VEHTYPE" speed="13.69" pos="97.78" lane="3/2to3/3_0" slope="0.00"/>
        <vehicle id="3" x="198.51" y="396.35" angle="-28.32" type="DEFAULT_VEHTYPE" speed="8.00" pos="9.21" lane=":1/2_6_0" slope="0.00"/>
        <vehicle id="33" x="709.93" y="598.35" angle="90.00" type="DEFAULT_VEHTYPE" speed="12.81" pos="105.18" lane="3/3to4/3_0" slope="0.00"/>
        <vehicle id="37" x="291.71" y="598.35" angle="90.00" type="DEFAULT_VEHTYPE" speed="13.68" pos="86.96" lane="1/3to2/3_0" slope="0.00"/>
        <vehicle id="39" x="401.65" y="157.12" angle="180.00" type="DEFAULT_VEHTYPE" speed="13.71" pos="157.12" lane="2/0to2/1_0" slope="0.00"/>
        <vehicle id="40" x="214.46" y="401.65" angle="-90.00" type="DEFAULT_VEHTYPE" speed="6.93" pos="180.79" lane="2/2to1/2_0" slope="0.00"/>
        <vehicle id="42" x="398.35" y="560.54" angle="0.00" type="DEFAULT_VEHTYPE" speed="13.15" pos="34.71" lane="2/3to2/2_0" slope="0.00"/>
        <vehicle id="43" x="232.02" y="598.35" angle="90.00" type="DEFAULT_VEHTYPE" speed="13.47" pos="27.27" lane="1/3to2/3_0" slope="0.00"/>
        <vehicle id="44" x="713.27" y="601.65" angle="-90.00" type="DEFAULT_VEHTYPE" speed="13.15" pos="86.73" lane="4/3to3/3_0" slope="0.00"/>
        <vehicle id="48" x="616.23" y="598.35" angle="90.00" type="DEFAULT_VEHTYPE" speed="12.80" pos="11.48" lane="3/3to4/3_0" slope="0.00"/>
        <vehicle id="49" x="201.65" y="546.95" angle="180.00" type="DEFAULT_VEHTYPE" speed="13.60" pos="142.20" lane="1/2to1/3_0" slope="0.00"/>
        <vehicle id="5" x="401.65" y="781.45" angle="180.00" type="DEFAULT_VEHTYPE" speed="12.95" pos="176.70" lane="2/3to2/4_0" slope="0.00"/>
        <vehicle id="6" x="181.69" y="398.35" angle="90.00" type="DEFAULT_VEHTYPE" speed="9.64" pos="181.69" lane="0/2to1/2_0" slope="0.00"/>
        <vehicle id="7" x="398.35" y="592.16" angle="0.00" type="DEFAULT_VEHTYPE" speed="13.84" pos="3.09" lane="2/3to2/2_0" slope="0.00"/>
        <vehicle id="8" x="680.13" y="198.35" angle="90.00" type="DEFAULT_VEHTYPE" speed="12.84" pos="75.38" lane="3/1to4/1_0" slope="0.00"/>
        <vehicle id="9" x="308.42" y="198.35" angle="90.00" type="DEFAULT_VEHTYPE" speed="13.47" pos="103.67" lane="1/1to2/1_0" slope="0.00"/>
    </timestep>
    <timestep time="768.00">
        <vehicle id="0" x="739.80" y="601.65" angle="-90.00" type="DEFAULT_VEHTYPE" speed="13.68" pos="60.20" lane="4/3to3/3_0" slope="0.00"/>
        <vehicle id="10" x="398.35" y="294.88" angle="0.00" type="DEFAULT_VEHTYPE" speed="13.11" pos="100.37" lane="2/2to2/1_0" slope="0.00"/>
        <vehicle id="11" x="224.00" y="401.65" angle="-90.00" type="DEFAULT_VEHTYPE" speed="7.99" pos="171.25" lane="2/2to1/2_0" slope="0.00"/>
        <vehicle id="15" x="382.95" y="401.65" angle="-90.00" type="DEFAULT_VEHTYPE" speed="10.91" pos="12.30" lane="2/2to1/2_0" slope="0.00"/>
        <vehicle id="16" x="298.30" y="201.65" angle="-90.00" type="DEFAULT_VEHTYPE" speed="13.06" pos="96.95" lane="2/1to1/1_0" slope="0.00"/>
        <vehicle id="17" x="212.26" y="201.65" angle="-90.00" type="DEFAULT_VEHTYPE" speed="5.37" pos="182.99" lane="2/1to1/1_0" slope="0.00"/>
        <vehicle id="18" x="398.35" y="242.31" angle="0.00" type="DEFAULT_VEHTYPE" speed="13.66" pos="152.94" lane="2/2to2/1_0" slope="0.00"/>
        <vehicle id="2" x="198.35" y="67.21" angle="0.00" type="DEFAULT_VEHTYPE" speed="12.83" pos="128.04" lane="1/1to1/0_0" slope="0.00"/>
        <vehicle id="24" x="398.35" y="663.79" angle="0.00" type="DEFAULT_VEHTYPE" speed="13.50" pos="136.21" lane="2/4to2/3_0" slope="0.00"/>
        <vehicle id="28" x="574.44" y="401.65" angle="-90.00" type="DEFAULT_VEHTYPE" speed="13.42" pos="20.81" lane="3/2to2/2_0" slope="0.00"/>
        <vehicle id="29" x="601.65" y="515.46" angle="180.00" type="DEFAULT_VEHTYPE" speed="12.93" pos="110.71" lane="3/2to3/3_0" slope="0.00"/>
        <vehicle id="3" x="198.35" y="386.73" angle="0.00" type="DEFAULT_VEHTYPE" speed="9.63" pos="8.52" lane="1/2to1/1_0" slope="0.00"/>
        <vehicle id="33" x="722.93" y="598.35" angle="90.00" type="DEFAULT_VEHTYPE" speed="13.00" pos="118.18" lane="3/3to4/3_0" slope="0.00"/>
        <vehicle id="37" x="305.13" y="598.35" angle="90.00" type="DEFAULT_VEHTYPE" speed="13.42" pos="100.38" lane="1/3to2/3_0" slope="0.00"/>
        <vehicle id="39" x="401.65" y="170.34" angle="180.00" type="DEFAULT_VEHTYPE" speed="13.22" pos="170.34" lane="2/0to2/1_0" slope="0.00"/>
        <vehicle id="40" x="210.98" y="401.65" angle="-90.00" type="DEFAULT_VEHTYPE" speed="3.48" pos="184.27" lane="2/2to1/2_0" slope="0.00"/>
        <vehicle id="42" x="398.35" y="547.42" angle="0.00" type="DEFAULT_VEHTYPE" speed="13.11" pos="47.83" lane="2/3to2/2_0" slope="0.00"/>
        <vehicle id="43" x="245.42" y="598.35" angle="90.00" type="DEFAULT_VEHTYPE" speed="13.41" pos="40.67" lane="1/3to2/3_0" slope="0.00"/>
        <vehicle id="44" x="700.11" y="601.65" angle="-90.00" type="DEFAULT_VEHTYPE" speed="13.16" pos="99.89" lane="4/3to3/3_0" slope="0.00"/>
        <vehicle id="48" x="629.84" y="598.35" angle="90.00" type="DEFAULT_VEHTYPE" speed="13.61" pos="25.09" lane="3/3to4/3_0" slope="0.00"/>
        <vehicle id="49" x="201.65" y="560.18" angle="180.00" type="DEFAULT_VEHTYPE" speed="13.23" pos="155.43" lane="1/2to1/3_0" slope="0.00"/>
        <vehicle id="5" x="401.65" y="794.79" angle="180.00" type="DEFAULT_VEHTYPE" speed="13.34" pos="190.04" lane="2/3to2/4_0" slope="0.00"/>
        <vehicle id="6" x="186.84" y="398.35" angle="90.00" type="DEFAULT_VEHTYPE" speed="5.15" pos="186.84" lane="0/2to1/2_0" slope="0.00"/>
        <vehicle id="7" x="398.35" y="579.15" angle="0.00" type="DEFAULT_VEHTYPE" speed="13.01" pos="16.10" lane="2/3to2/2_0" slope="0.00"/>
        <vehicle id="8" x="693.93" y="198.35" angle="90.00" type="DEFAULT_VEHTYPE" speed="13.80" pos="89.18" lane="3/1to4/1_0" slope="0.00"/>
        <vehicle id="9" x="321.90" y="198.35" angle="90.00" type="DEFAULT_VEHTYPE" speed="13.48" pos="117.15" lane="1/1to2/1_0" slope="0.00"/>
    </timestep>
    <timestep time="769.00">
        <vehicle id="0" x="727.08" y="601.65" angle="-90.00" type="DEFAULT_VEHTYPE" speed="12.72" pos="72.92" lane="4/3to3/3_0" slope="0.00"/>
        <vehicle id="10" x="398.35" y="281.57" angle="0.00" type="DEFAULT_VEHTYPE" speed="13.31" pos="113.68" lane="2/2to2/1_0" slope="0.00"/>
        <vehicle id="11" x="220.51" y="401.65" angle="-90.00" type="DEFAULT_VEHTYPE" speed="3.49" pos="174.74" lane="2/2to1/2_0" slope="0.00"/>
        <vehicle id="15" x="370.38" y="401.65" angle="-90.00" type="DEFAULT_VEHTYPE" speed="12.58" pos="24.87" lane="2/2to1/2_0" slope="0.00"/>
        <vehicle id="16" x="284.50" y="201.65" angle="-90.00" type="DEFAULT_VEHTYPE" speed="13.81" pos="110.75" lane="2/1to1/1_0" slope="0.00"/>
        <vehicle id="17" x="209.47" y="201.65" angle="-90.00" type="DEFAULT_VEHTYPE" speed="2.79" pos="185.78" lane="2/1to1/1_0" slope="0.00"/>
        <vehicle id="18" x="398.35" y="228.45" angle="0.00" type="DEFAULT_VEHTYPE" speed="13.86" pos="166.80" lane="2/2to2/1_0" slope="0.00"/>
        <vehicle id="2" x="198.35" y="54.35" angle="0.00" type="DEFAULT_VEHTYPE" speed="12.86" pos="140.90" lane="1/1to1/0_0" slope="0.00"/>
        <vehicle id="24" x="398.35" y="650.36" angle="0.00" type="DEFAULT_VEHTYPE" speed="13.43" pos="149.64" lane="2/4to2/3_0" slope="0.00"/>
        <vehicle id="28" x="561.44" y="401.65" angle="-90.00" type="DEFAULT_VEHTYPE" speed="13.00" pos="33.81" lane="3/2to2/2_0" slope="0.00"/>
        <vehicle id="29" x="601.65" y="529.22" angle="180.00" type="DEFAULT_VEHTYPE" speed="13.77" pos="124.47" lane="3/2to3/3_0" slope="0.00"/>
        <vehicle id="3" x="198.35" y="375.44" angle="0.00" type="DEFAULT_VEHTYPE" speed="11.29" pos="19.81" lane="1/2to1/1_0" slope="0.00"/>
        <vehicle id="33" x="735.74" y="598.35" angle="90.00" type="DEFAULT_VEHTYPE" speed="12.81" pos="130.99" lane="3/3to4/3_0" slope="0.00"/>
        <vehicle id="37" x="318.10" y="598.35" angle="90.00" type="DEFAULT_VEHTYPE" speed="12.97" pos="113.35" lane="1/3to2/3_0" slope="0.00"/>
        <vehicle id="39" x="401.65" y="183.10" angle="180.00" type="DEFAULT_VEHTYPE" speed="12.76" pos="183.10" lane="2/0to2/1_0" slope="0.00"/>
        <vehicle id="40" x="206.05" y="401.65" angle="-90.00" type="DEFAULT_VEHTYPE" speed="4.93" pos="189.20" lane="2/2to1/2_0" slope="0.00"/>
        <vehicle id="42" x="398.35" y="534.10" angle="0.00" type="DEFAULT_VEHTYPE" speed="13.33" pos="61.15" lane="2/3to2/2_0" slope="0.00"/>
        <vehicle id="43" x="258.51" y="598.35" angle="90.00" type="DEFAULT_VEHTYPE" speed="13.08" pos="53.76" lane="1/3to2/3_0" slope="0.00"/>
        <vehicle id="44" x="686.25" y="601.65" angle="-90.00" type="DEFAULT_VEHTYPE" speed="13.86" pos="113.75" lane="4/3to3/3_0" slope="0.00"/>
        <vehicle id="48" x="642.44" y="598.35" angle="90.00" type="DEFAULT_VEHTYPE" speed="12.61" pos="37.69" lane="3/3to4/3_0" slope="0.00"/>
        <vehicle id="49" x="201.65" y="573.83" angle="180.00" type="DEFAULT_VEHTYPE" speed="13.65" pos="169.08" lane="1/2to1/3_0" slope="0.00"/>
        <vehicle id="5" x="398.35" y="796.29" angle="-8.52" type="DEFAULT_VEHTYPE" speed="13.74" pos="3.71" lane="2/4to2/3_0" slope="0.00"/>
        <vehicle id="6" x="190.52" y="398.35" angle="90.00" type="DEFAULT_VEHTYPE" speed="3.68" pos="190.52" lane="0/2to1/2_0" slope="0.00"/>
        <vehicle id="7" x="398.35" y="565.61" angle="0.00" type="DEFAULT_VEHTYPE" speed="13.54" pos="29.64" lane="2/3to2/2_0" slope="0.00"/>
        <vehicle id="8" x="706.64" y="198.35" angle="90.00" type="DEFAULT_VEHTYPE" speed="12.71" pos="101.89" lane="3/1to4/1_0" slope="0.00"/>
        <vehicle id="9" x="335.80" y="198.35" angle="90.00" type="DEFAULT_VEHTYPE" speed="13.90" pos="131.05" lane="1/1to2/1_0" slope="0.00"/>
    </timestep>
    <timestep time="770.00">
        <vehicle id="0" x="714.22" y="601.65" angle="-90.00" type="DEFAULT_VEHTYPE" speed="12.86" pos="85.78" lane="4/3to3/3_0" slope="0.00"/>
        <vehicle id="10" x="398.35" y="268.20" angle="0.00" type="DEFAULT_VEHTYPE" speed="13.38" pos="127.05" lane="2/2to2/1_0" slope="0.00"/>
        <vehicle id="11" x="215.09" y="401.65" angle="-90.00" type="DEFAULT_VEHTYPE" speed="5.42" pos="180.16" lane="2/2to1/2_0" slope="0.00"/>
        <vehicle id="15" x="356.50" y="401.65" angle="-90.00" type="DEFAULT_VEHTYPE" speed="13.88" pos="38.75" lane="2/2to1/2_0" slope="0.00"/>
        <vehicle id="16" x="270.75" y="201.65" angle="-90.00" type="DEFAULT_VEHTYPE" speed="13.74" pos="124.50" lane="2/1to1/1_0" slope="0.00"/>
        <vehicle id="17" x="204.10" y="201.74" angle="-91.04" type="DEFAULT_VEHTYPE" speed="5.37" pos="0.65" lane=":1/1_4_0" slope="0.00"/>
        <vehicle id="18" x="398.35" y="215.17" angle="0.00" type="DEFAULT_VEHTYPE" speed="13.28" pos="180.08" lane="2/2to2/1_0" slope="0.00"/>
        <vehicle id="2" x="198.35" y="40.87" angle="0.00" type="DEFAULT_VEHTYPE" speed="13.48" pos="154.38" lane="1/1to1/0_0" slope="0.00"/>
        <vehicle id="24" x="398.35" y="636.78" angle="0.00" type="DEFAULT_VEHTYPE" speed="13.58" pos="163.22" lane="2/4to2/3_0" slope="0.00"/>
        <vehicle id="28" x="547.57" y="401.65" angle="-90.00" type="DEFAULT_VEHTYPE" speed="13.87" pos="47.68" lane="3/2to2/2_0" slope="0.00"/>
        <vehicle id="29" x="601.65" y="542.06" angle="180.00" type="DEFAULT_VEHTYPE" speed="12.83" pos="137.31" lane="3/2to3/3_0" slope="0.00"/>
        <vehicle id="3" x="198.35" y="362.78" angle="0.00" type="DEFAULT_VEHTYPE" speed="12.66" pos="32.47" lane="1/2to1/1_0" slope="0.00"/>
        <vehicle id="33" x="748.99" y="598.35" angle="90.00" type="DEFAULT_VEHTYPE" speed="13.25" pos="144.24" lane="3/3to4/3_0" slope="0.00"/>
        <vehicle id="37" x="331.26" y="598.35" angle="90.00" type="DEFAULT_VEHTYPE" speed="13.16" pos="126.51" lane="1/3to2/3_0" slope="0.00"/>
        <vehicle id="39" x="401.73" y="195.85" angle="179.04" type="DEFAULT_VEHTYPE" speed="12.75" pos="0.60" lane=":2/1_8_0" slope="0.00"/>
        <vehicle id="40" x="199.61" y="399.49" angle="-64.71" type="DEFAULT_VEHTYPE" speed="7.12" pos="5.82" lane=":1/2_6_0" slope="0.00"/>
        <vehicle id="42" x="398.35" y="520.20" angle="0.00" type="DEFAULT_VEHTYPE" speed="13.89" pos="75.05" lane="2/3to2/2_0" slope="0.00"/>
        <vehicle id="43" x="271.35" y="598.35" angle="90.00" type="DEFAULT_VEHTYPE" speed="12.84" pos="66.60" lane="1/3to2/3_0" slope="0.00"/>
        <vehicle id="44" x="672.80" y="601.65" angle="-90.00" type="DEFAULT_VEHTYPE" speed="13.45" pos="127.20" lane="4/3to3/3_0" slope="0.00"/>
        <vehicle id="48" x="656.33" y="598.35" angle="90.00" type="DEFAULT_VEHTYPE" speed="13.89" pos="51.58" lane="3/3to4/3_0" slope="0.00"/>
        <vehicle id="49" x="201.65" y="587.00" angle="180.00" type="DEFAULT_VEHTYPE" speed="13.17" pos="182.25" lane="1/2to1/3_0" slope="0.00"/>
        <vehicle id="5" x="398.35" y="782.67" angle="0.00" type="DEFAULT_VEHTYPE" speed="13.61" pos="17.33" lane="2/4to2/3_0" slope="0.00"/>
        <vehicle id="6" x="196.51" y="398.53" angle="92.07" type="DEFAULT_VEHTYPE" speed="6.00" pos="1.28" lane=":1/2_14_0" slope="0.00"/>
        <vehicle id="7" x="398.35" y="552.61" angle="0.00" type="DEFAULT_VEHTYPE" speed="13.00" pos="42.64" lane="2/3to2/2_0" slope="0.00"/>
        <vehicle id="8" x="719.99" y="198.35" angle="90.00" type="DEFAULT_VEHTYPE" speed="13.35" pos="115.24" lane="3/1to4/1_0" slope="0.00"/>
        <vehicle id="9" x="348.59" y="198.35" angle="90.00" type="DEFAULT_VEHTYPE" speed="12.79" pos="143.84" lane="1/1to2/1_0" slope="0.00"/>
    </timestep>
    <timestep time="771.00">
        <vehicle id="0" x="700.38" y="601.65" angle="-90.00" type="DEFAULT_VEHTYPE" speed="13.84" pos="99.62" lane="4/3to3/3_0" slope="0.00"/>
        <vehicle id="10" x="398.35" y="254.44" angle="0.00" type="DEFAULT_VEHTYPE" speed="13.76" pos="140.81" lane="2/2to2/1_0" slope="0.00"/>
        <vehicle id="11" x="211.02" y="401.65" angle="-90.00" type="DEFAULT_VEHTYPE" speed="4.07" pos="184.23" lane="2/2to1/2_0" slope="0.00"/>
        <vehicle id="15" x="343.21" y="401.65" angle="-90.00" type="DEFAULT_VEHTYPE" speed="13.29" pos="52.04" lane="2/2to1/2_0" slope="0.00"/>
        <vehicle id="16" x="256.90" y="201.65" angle="-90.00" type="DEFAULT_VEHTYPE" speed="13.86" pos="138.35" lane="2/1to1/1_0" slope="0.00"/>
        <vehicle id="17" x="201.65" y="207.08" angle="-169.02" type="DEFAULT_VEHTYPE" speed="6.68" pos="2.33" lane="1/1to1/2_0" slope="0.00"/>
        <vehicle id="18" x="398.35" y="201.84" angle="0.00" type="DEFAULT_VEHTYPE" speed="13.33" pos="2.91" lane=":2/1_1_0" slope="0.00"/>
        <vehicle id="2" x="198.35" y="27.61" angle="0.00" type="DEFAULT_VEHTYPE" speed="13.26" pos="167.64" lane="1/1to1/0_0" slope="0.00"/>
        <vehicle id="24" x="398.35" y="623.24" angle="0.00" type="DEFAULT_VEHTYPE" speed="13.54" pos="176.76" lane="2/4to2/3_0" slope="0.00"/>
        <vehicle id="28" x="534.12" y="401.65" angle="-90.00" type="DEFAULT_VEHTYPE" speed="13.45" pos="61.13" lane="3/2to2/2_0" slope="0.00"/>
        <vehicle id="29" x="601.65" y="555.22" angle="180.00" type="DEFAULT_VEHTYPE" speed="13.16" pos="150.47" lane="3/2to3/3_0" slope="0.00"/>
        <vehicle id="3" x="198.35" y="349.20" angle="0.00" type="DEFAULT_VEHTYPE" speed="13.58" pos="46.05" lane="1/2to1/1_0" slope="0.00"/>
        <vehicle id="33" x="761.88" y="598.35" angle="90.00" type="DEFAULT_VEHTYPE" speed="12.89" pos="157.13" lane="3/3to4/3_0" slope="0.00"/>
        <vehicle id="37" x="344.24" y="598.35" angle="90.00" type="DEFAULT_VEHTYPE" speed="12.98" pos="139.49" lane="1/3to2/3_0" slope="0.00"/>
        <vehicle id="39" x="413.55" y="198.35" angle="90.00" type="DEFAULT_VEHTYPE" speed="13.20" pos="8.80" lane="2/1to3/1_0" slope="0.00"/>
        <vehicle id="40" x="198.35" y="390.54" angle="-0.47" type="DEFAULT_VEHTYPE" speed="9.22" pos="4.71" lane="1/2to1/1_0" slope="0.00"/>
        <vehicle id="42" x="398.35" y="506.69" angle="0.00" type="DEFAULT_VEHTYPE" speed="13.51" pos="88.56" lane="2/3to2/2_0" slope="0.00"/>
        <vehicle id="43" x="285.15" y="598.35" angle="90.00" type="DEFAULT_VEHTYPE" speed="13.80" pos="80.40" lane="1/3to2/3_0" slope="0.00"/>
        <vehicle id="44" x="659.33" y="601.65" angle="-90.00" type="DEFAULT_VEHTYPE" speed="13.47" pos="140.67" lane="4/3to3/3_0" slope="0.00"/>
        <vehicle id="48" x="669.51" y="598.35" angle="90.00" type="DEFAULT_VEHTYPE" speed="13.17" pos="64.76" lane="3/3to4/3_0" slope="0.00"/>
        <vehicle id="49" x="205.05" y="598.35" angle="129.78" type="DEFAULT_VEHTYPE" speed="13.56" pos="0.30" lane="1/3to2/3_0" slope="0.00"/>
        <vehicle id="5" x="398.35" y="769.43" angle="0.00" type="DEFAULT_VEHTYPE" speed="13.24" pos="30.57" lane="2/4to2/3_0" slope="0.00"/>
        <vehicle id="6" x="201.57" y="404.21" angle="157.44" type="DEFAULT_VEHTYPE" speed="8.50" pos="9.78" lane=":1/2_14_0" slope="0.00"/>
        <vehicle id="7" x="398.35" y="539.41" angle="0.00" type="DEFAULT_VEHTYPE" speed="13.20" pos="55.84" lane="2/3to2/2_0" slope="0.00"/>
        <vehicle id="8" x="733.10" y="198.35" angle="90.00" type="DEFAULT_VEHTYPE" speed="13.12" pos="128.35" lane="3/1to4/1_0" slope="0.00"/>
        <vehicle id="9" x="361.30" y="198.35" angle="90.00" type="DEFAULT_VEHTYPE" speed="12.71" pos="156.55" lane="1/1to2/1_0" slope="0.00"/>
    </timestep>
    <timestep time="772.00">
        <vehicle id="0" x="687.64" y="601.65" angle="-90.00" type="DEFAULT_VEHTYPE" speed="12.74" pos="112.36" lane="4/3to3/3_0" slope="0.00"/>
        <vehicle id="10" x="398.35" y="241.01" angle="0.00" type="DEFAULT_VEHTYPE" speed="13.43" pos="154.24" lane="2/2to2/1_0" slope="0.00"/>
        <vehicle id="11" x="204.60" y="401.65" angle="-90.00" type="DEFAULT_VEHTYPE" speed="6.42" pos="0.15" lane=":1/2_5_0" slope="0.00"/>
        <vehicle id="15" x="329.44" y="401.65" angle="-90.00" type="DEFAULT_VEHTYPE" speed="13.77" pos="65.81" lane="2/2to1/2_0" slope="0.00"/>
        <vehicle id="16" x="243.32" y="201.65" angle="-90.00" type="DEFAULT_VEHTYPE" speed="13.58" pos="151.93" lane="2/1to1/1_0" slope="0.00"/>
        <vehicle id="17" x="201.65" y="215.66" angle="180.00" type="DEFAULT_VEHTYPE" speed="8.58" pos="10.91" lane="1/1to1/2_0" slope="0.00"/>
        <vehicle id="18" x="398.35" y="188.60" angle="0.00" type="DEFAULT_VEHTYPE" speed="13.24" pos="6.65" lane="2/1to2/0_0" slope="0.00"/>
        <vehicle id="2" x="198.35" y="14.64" angle="0.00" type="DEFAULT_VEHTYPE" speed="12.97" pos="180.61" lane="1/1to1/0_0" slope="0.00"/>
        <vehicle id="24" x="398.35" y="609.35" angle="0.00" type="DEFAULT_VEHTYPE" speed="13.89" pos="190.65" lane="2/4to2/3_0" slope="0.00"/>
        <vehicle id="28" x="521.09" y="401.65" angle="-90.00" type="DEFAULT_VEHTYPE" speed="13.03" pos="74.16" lane="3/2to2/2_0" slope="0.00"/>
        <vehicle id="29" x="601.65" y="568.10" angle="180.00" type="DEFAULT_VEHTYPE" speed="12.88" pos="163.35" lane="3/2to3/3_0" slope="0.00"/>
        <vehicle id="3" x="198.35" y="335.81" angle="0.00" type="DEFAULT_VEHTYPE" speed="13.40" pos="59.44" lane="1/2to1/1_0" slope="0.00"/>
        <vehicle id="33" x="775.00" y="598.35" angle="90.00" type="DEFAULT_VEHTYPE" speed="13.13" pos="170.25" lane="3/3to4/3_0" slope="0.00"/>
        <vehicle id="37" x="357.66" y="598.35" angle="90.00" type="DEFAULT_VEHTYPE" speed="13.42" pos="152.91" lane="1/3to2/3_0" slope="0.00"/>
        <vehicle id="39" x="427.21" y="198.35" angle="90.00" type="DEFAULT_VEHTYPE" speed="13.66" pos="22.46" lane="2/1to3/1_0" slope="0.00"/>
        <vehicle id="40" x="198.35" y="379.48" angle="0.00" type="DEFAULT_VEHTYPE" speed="11.06" pos="15.77" lane="1/2to1/1_0" slope="0.00"/>
        <vehicle id="42" x="398.35" y="493.81" angle="0.00" type="DEFAULT_VEHTYPE" speed="12.88" pos="101.44" lane="2/3to2/2_0" slope="0.00"/>
        <vehicle id="43" x="298.90" y="598.35" angle="90.00" type="DEFAULT_VEHTYPE" speed="13.75" pos="94.15" lane="1/3to2/3_0" slope="0.00"/>
        <vehicle id="44" x="645.93" y="601.65" angle="-90.00" type="DEFAULT_VEHTYPE" speed="13.40" pos="154.07" lane="4/3to3/3_0" slope="0.00"/>
        <vehicle id="48" x="683.08" y="598.35" angle="90.00" type="DEFAULT_VEHTYPE" speed="13.57" pos="78.33" lane="3/3to4/3_0" slope="0.00"/>
        <vehicle id="49" x="218.79" y="598.35" angle="90.00" type="DEFAULT_VEHTYPE" speed="13.74" pos="14.04" lane="1/3to2/3_0" slope="0.00"/>
        <vehicle id="5" x="398.35" y="756.08" angle="0.00" type="DEFAULT_VEHTYPE" speed="13.35" pos="43.92" lane="2/4to2/3_0" slope="0.00"/>
        <vehicle id="6" x="201.65" y="414.49" angle="180.00" type="DEFAULT_VEHTYPE" speed="10.29" pos="9.74" lane="1/2to1/3_0" slope="0.00"/>
        <vehicle id="7" x="398.35" y="525.86" angle="0.00" type="DEFAULT_VEHTYPE" speed="13.55" pos="69.39" lane="2/3to2/2_0" slope="0.00"/>
        <vehicle id="8" x="745.88" y="198.35" angle="90.00" type="DEFAULT_VEHTYPE" speed="12.77" pos="141.13" lane="3/1to4/1_0" slope="0.00"/>
        <vehicle id="9" x="374.18" y="198.35" angle="90.00" type="DEFAULT_VEHTYPE" speed="12.88" pos="169.43" lane="1/1to2/1_0" slope="0.00"/>
    </timestep>
    <timestep time="773.00">
        <vehicle id="0" x="674.07" y="601.65" angle="-90.00" type="DEFAULT_VEHTYPE" speed="13.57" pos="125.93" lane="4/3to3/3_0" slope="0.00"/>
        <vehicle id="10" x="398.35" y="228.40" angle="0.00" type="DEFAULT_VEHTYPE" speed="12.61" pos="166.85" lane="2/2to2/1_0" slope="0.00"/>
        <vehicle id="11" x="196.77" y="401.65" angle="-90.00" type="DEFAULT_VEHTYPE" speed="7.84" pos="7.98" lane=":1/2_5_0" slope="0.00"/>
        <vehicle id="15" x="315.81" y="401.65" angle="-90.00" type="DEFAULT_VEHTYPE" speed="13.63" pos="79.44" lane="2/2to1/2_0" slope="0.00"/>
        <vehicle id="16" x="230.36" y="201.65" angle="-90.00" type="DEFAULT_VEHTYPE" speed="12.97" pos="164.89" lane="2/1to1/1_0" slope="0.00"/>
        <vehicle id="17" x="201.65" y="226.76" angle="180.00" type="DEFAULT_VEHTYPE" speed="11.10" pos="22.01" lane="1/1to1/2_0" slope="0.00"/>
        <vehicle id="18" x="398.35" y="175.50" angle="0.00" type="DEFAULT_VEHTYPE" speed="13.09" pos="19.75" lane="2/1to2/0_0" slope="0.00"/>
        <vehicle id="2" x="198.35" y="1.48" angle="0.00" type="DEFAULT_VEHTYPE" speed="13.16" pos="193.77" lane="1/1to1/0_0" slope="0.00"/>
        <vehicle id="24" x="398.35" y="596.45" angle="0.00" type="DEFAULT_VEHTYPE" speed="12.91" pos="8.30" lane=":2/3_1_0" slope="0.00"/>
        <vehicle id="28" x="508.06" y="401.65" angle="-90.00" type="DEFAULT_VEHTYPE" speed="13.03" pos="87.19" lane="3/2to2/2_0" slope="0.00"/>
        <vehicle id="29" x="601.65" y="581.22" angle="180.00" type="DEFAULT_VEHTYPE" speed="13.12" pos="176.47" lane="3/2to3/3_0" slope="0.00"/>
        <vehicle id="3" x="198.35" y="322.19" angle="0.00" type="DEFAULT_VEHTYPE" speed="13.61" pos="73.06" lane="1/2to1/1_0" slope="0.00"/>
        <vehicle id="33" x="788.79" y="598.35" angle="90.00" type="DEFAULT_VEHTYPE" speed="13.78" pos="184.04" lane="3/3to4/3_0" slope="0.00"/>
        <vehicle id="37" x="370.53" y="598.35" angle="90.00" type="DEFAULT_VEHTYPE" speed="12.87" pos="165.78" lane="1/3to2/3_0" slope="0.00"/>
        <vehicle id="39" x="440.31" y="198.35" angle="90.00" type="DEFAULT_VEHTYPE" speed="13.09" pos="35.56" lane="2/1to3/1_0" slope="0.00"/>
        <vehicle id="40" x="198.35" y="366.35" angle="0.00" type="DEFAULT_VEHTYPE" speed="13.12" pos="28.90" lane="1/2to1/1_0" slope="0.00"/>
        <vehicle id="42" x="398.35" y="481.00" angle="0.00" type="DEFAULT_VEHTYPE" speed="12.82" pos="114.25" lane="2/3to2/2_0" slope="0.00"/>
        <vehicle id="43" x="312.15" y="598.35" angle="90.00" type="DEFAULT_VEHTYPE" speed="13.25" pos="107.40" lane="1/3to2/3_0" slope="0.00"/>
        <vehicle id="44" x="632.14" y="601.65" angle="-90.00" type="DEFAULT_VEHTYPE" speed="13.78" pos="167.86" lane="4/3to3/3_0" slope="0.00"/>
        <vehicle id="48" x="696.85" y="598.35" angle="90.00" type="DEFAULT_VEHTYPE" speed="13.77" pos="92.10" lane="3/3to4/3_0" slope="0.00"/>
        <vehicle id="49" x="232.35" y="598.35" angle="90.00" type="DEFAULT_VEHTYPE" speed="13.56" pos="27.60" lane="1/3to2/3_0" slope="0.00"/>
        <vehicle id="5" x="398.35" y="743.14" angle="0.00" type="DEFAULT_VEHTYPE" speed="12.95" pos="56.86" lane="2/4to2/3_0" slope="0.00"/>
        <vehicle id="6" x="201.65" y="427.24" angle="180.00" type="DEFAULT_VEHTYPE" speed="12.75" pos="22.49" lane="1/2to1/3_0" slope="0.00"/>
        <vehicle id="7" x="398.35" y="512.51" angle="0.00" type="DEFAULT_VEHTYPE" speed="13.36" pos="82.74" lane="2/3to2/2_0" slope="0.00"/>
        <vehicle id="8" x="759.53" y="198.35" angle="90.00" type="DEFAULT_VEHTYPE" speed="13.65" pos="154.78" lane="3/1to4/1_0" slope="0.00"/>
        <vehicle id="9" x="382.56" y="198.35" angle="90.00" type="DEFAULT_VEHTYPE" speed="8.38" pos="177.81" lane="1/1to2/1_0" slope="0.00"/>
    </timestep>
    <timestep time="774.00">
        <vehicle id="0" x="661.41" y="601.65" angle="-90.00" type="DEFAULT_VEHTYPE" speed="12.66" pos="138.59" lane="4/3to3/3_0" slope="0.00"/>
        <vehicle id="10" x="398.35" y="214.96" angle="0.00" type="DEFAULT_VEHTYPE" speed="13.43" pos="180.29" lane="2/2to2/1_0" slope="0.00"/>
        <vehicle id="11" x="187.19" y="401.65" angle="-90.00" type="DEFAULT_VEHTYPE" speed="9.58" pos="8.06" lane="1/2to0/2_0" slope="0.00"/>
        <vehicle id="15" x="302.72" y="401.65" angle="-90.00" type="DEFAULT_VEHTYPE" speed="13.09" pos="92.53" lane="2/2to1/2_0" slope="0.00"/>
        <vehicle id="16" x="219.90" y="201.65" angle="-90.00" type="DEFAULT_VEHTYPE" speed="10.46" pos="175.35" lane="2/1to1/1_0" slope="0.00"/>
        <vehicle id="17" x="201.65" y="239.49" angle="180.00" type="DEFAULT_VEHTYPE" speed="12.73" pos="34.74" lane="1/1to1/2_0" slope="0.00"/>
        <vehicle id="18" x="398.35" y="162.79" angle="0.00" type="DEFAULT_VEHTYPE" speed="12.72" pos="32.46" lane="2/1to2/0_0" slope="0.00"/>
        <vehicle id="2" x="201.65" y="6.55" angle="180.00" type="DEFAULT_VEHTYPE" speed="12.85" pos="6.55" lane="1/0to1/1_0" slope="0.00"/>
        <vehicle id="24" x="398.35" y="583.53" angle="0.00" type="DEFAULT_VEHTYPE" speed="12.91" pos="11.72" lane="2/3to2/2_0" slope="0.00"/>
        <vehicle id="28" x="494.31" y="401.65" angle="-90.00" type="DEFAULT_VEHTYPE" speed="13.74" pos="100.94" lane="3/2to2/2_0" slope="0.00"/>
        <vehicle id="29" x="601.65" y="595.00" angle="180.00" type="DEFAULT_VEHTYPE" speed="13.78" pos="190.25" lane="3/2to3/3_0" slope="0.00"/>
        <vehicle id="3" x="198.35" y="309.10" angle="0.00" type="DEFAULT_VEHTYPE" speed="13.10" pos="86.15" lane="1/2to1/1_0" slope="0.00"/>
        <vehicle id="33" x="801.48" y="599.66" angle="106.37" type="DEFAULT_VEHTYPE" speed="13.24" pos="2.03" lane=":4/3_0_0" slope="0.00"/>
        <vehicle id="37" x="380.11" y="598.35" angle="90.00" type="DEFAULT_VEHTYPE" speed="9.58" pos="175.36" lane="1/3to2/3_0" slope="0.00"/>
        <vehicle id="39" x="453.09" y="198.35" angle="90.00" type="DEFAULT_VEHTYPE" speed="12.79" pos="48.34" lane="2/1to3/1_0" slope="0.00"/>
        <vehicle id="40" x="198.35" y="352.62" angle="0.00" type="DEFAULT_VEHTYPE" speed="13.74" pos="42.63" lane="1/2to1/1_0" slope="0.00"/>
        <vehicle id="42" x="398.35" y="467.74" angle="0.00" type="DEFAULT_VEHTYPE" speed="13.26" pos="127.51" lane="2/3to2/2_0" slope="0.00"/>
        <vehicle id="43" x="325.27" y="598.35" angle="90.00" type="DEFAULT_VEHTYPE" speed="13.12" pos="120.52" lane="1/3to2/3_0" slope="0.00"/>
        <vehicle id="44" x="621.21" y="601.65" angle="-90.00" type="DEFAULT_VEHTYPE" speed="10.93" pos="178.79" lane="4/3to3/3_0" slope="0.00"/>
        <vehicle id="48" x="709.64" y="598.35" angle="90.00" type="DEFAULT_VEHTYPE" speed="12.78" pos="104.89" lane="3/3to4/3_0" slope="0.00"/>
        <vehicle id="49" x="245.26" y="598.35" angle="90.00" type="DEFAULT_VEHTYPE" speed="12.91" pos="40.51" lane="1/3to2/3_0" slope="0.00"/>
        <vehicle id="5" x="398.35" y="730.18" angle="0.00" type="DEFAULT_VEHTYPE" speed="12.95" pos="69.82" lane="2/4to2/3_0" slope="0.00"/>
        <vehicle id="6" x="201.65" y="440.64" angle="180.00" type="DEFAULT_VEHTYPE" speed="13.40" pos="35.89" lane="1/2to1/3_0" slope="0.00"/>
        <vehicle id="7" x="398.35" y="499.14" angle="0.00" type="DEFAULT_VEHTYPE" speed="13.36" pos="96.11" lane="2/3to2/2_0" slope="0.00"/>
        <vehicle id="8" x="772.13" y="198.35" angle="90.00" type="DEFAULT_VEHTYPE" speed="12.60" pos="167.38" lane="3/1to4/1_0" slope="0.00"/>
        <vehicle id="9" x="388.58" y="198.35" angle="90.00" type="DEFAULT_VEHTYPE" speed="6.02" pos="183.83" lane="1/1to2/1_0" slope="0.00"/>
    </timestep>
    <timestep time="775.00">
        <vehicle id="0" x="648.69" y="601.65" angle="-90.00" type="DEFAULT_VEHTYPE" speed="12.72" pos="151.31" lane="4/3to3/3_0" slope="0.00"/>
        <vehicle id="10" x="398.35" y="202.26" angle="0.00" type="DEFAULT_VEHTYPE" speed="12.71" pos="2.49" lane=":2/1_1_0" slope="0.00"/>
        <vehicle id="11" x="175.01" y="401.65" angle="-90.00" type="DEFAULT_VEHTYPE" speed="12.18" pos="20.24" lane="1/2to0/2_0" slope="0.00"/>
        <vehicle id="15" x="288.84" y="401.65" angle="-90.00" type="DEFAULT_VEHTYPE" speed="13.88" pos="106.41" lane="2/2to1/2_0" slope="0.00"/>
        <vehicle id="16" x="213.16" y="201.65" angle="-90.00" type="DEFAULT_VEHTYPE" speed="6.74" pos="182.09" lane="2/1to1/1_0" slope="0.00"/>
        <vehicle id="17" x="201.65" y="252.85" angle="180.00" type="DEFAULT_VEHTYPE" speed="13.37" pos="48.10" lane="1/1to1/2_0" slope="0.00"/>
        <vehicle id="18" x="398.35" y="149.97" angle="0.00" type="DEFAULT_VEHTYPE" speed="12.82" pos="45.28" lane="2/1to2/0_0" slope="0.00"/>
        <vehicle id="2" x="201.65" y="19.62" angle="180.00" type="DEFAULT_VEHTYPE" speed="13.07" pos="19.62" lane="1/0to1/1_0" slope="0.00"/>
        <vehicle id="24" x="398.35" y="570.35" angle="0.00" type="DEFAULT_VEHTYPE" speed="13.18" pos="24.90" lane="2/3to2/2_0" slope="0.00"/>
        <vehicle id="28" x="481.39" y="401.65" angle="-90.00" type="DEFAULT_VEHTYPE" speed="12.92" pos="113.86" lane="3/2to2/2_0" slope="0.00"/>
        <vehicle id="29" x="612.63" y="598.35" angle="90.00" type="DEFAULT_VEHTYPE" speed="13.13" pos="7.88" lane="3/3to4/3_0" slope="0.00"/>
        <vehicle id="3" x="198.35" y="296.20" angle="0.00" type="DEFAULT_VEHTYPE" speed="12.90" pos="99.05" lane="1/2to1/1_0" slope="0.00"/>
        <vehicle id="33" x="789.15" y="601.65" angle="-90.00" type="DEFAULT_VEHTYPE" speed="13.65" pos="10.85" lane="4/3to3/3_0" slope="0.00"/>
        <vehicle id="37" x="386.64" y="598.35" angle="90.00" type="DEFAULT_VEHTYPE" speed="6.53" pos="181.89" lane="1/3to2/3_0" slope="0.00"/>
        <vehicle id="39" x="466.09" y="198.35" angle="90.00" type="DEFAULT_VEHTYPE" speed="13.00" pos="61.34" lane="2/1to3/1_0" slope="0.00"/>
        <vehicle id="40" x="198.35" y="339.53" angle="0.00" type="DEFAULT_VEHTYPE" speed="13.09" pos="55.72" lane="1/2to1/1_0" slope="0.00"/>
        <vehicle id="42" x="398.35" y="454.58" angle="0.00" type="DEFAULT_VEHTYPE" speed="13.16" pos="140.67" lane="2/3to2/2_0" slope="0.00"/>
        <vehicle id="43" x="338.99" y="598.35" angle="90.00" type="DEFAULT_VEHTYPE" speed="13.72" pos="134.24" lane="1/3to2/3_0" slope="0.00"/>
        <vehicle id="44" x="614.34" y="601.65" angle="-90.00" type="DEFAULT_VEHTYPE" speed="6.87" pos="185.66" lane="4/3to3/3_0" slope="0.00"/>
        <vehicle id="48" x="723.32" y="598.35" angle="90.00" type="DEFAULT_VEHTYPE" speed="13.69" pos="118.57" lane="3/3to4/3_0" slope="0.00"/>
        <vehicle id="49" x="258.49" y="598.35" angle="90.00" type="DEFAULT_VEHTYPE" speed="13.23" pos="53.74" lane="1/3to2/3_0" slope="0.00"/>
        <vehicle id="5" x="398.35" y="717.07" angle="0.00" type="DEFAULT_VEHTYPE" speed="13.12" pos="82.93" lane="2/4to2/3_0" slope="0.00"/>
        <vehicle id="6" x="201.65" y="453.72" angle="180.00" type="DEFAULT_VEHTYPE" speed="13.08" pos="48.97" lane="1/2to1/3_0" slope="0.00"/>
        <vehicle id="7" x="398.35" y="485.42" angle="0.00" type="DEFAULT_VEHTYPE" speed="13.73" pos="109.83" lane="2/3to2/2_0" slope="0.00"/>
        <vehicle id="8" x="785.95" y="198.35" angle="90.00" type="DEFAULT_VEHTYPE" speed="13.82" pos="181.20" lane="3/1to4/1_0" slope="0.00"/>
        <vehicle id="9" x="391.53" y="198.35" angle="90.00" type="DEFAULT_VEHTYPE" speed="2.95" pos="186.78" lane="1/1to2/1_0" slope="0.00"/>
    </timestep>
    <timestep time="776.00">
        <vehicle id="0" x="635.39" y="601.65" angle="-90.00" type="DEFAULT_VEHTYPE" speed="13.30" pos="164.61" lane="4/3to3/3_0" slope="0.00"/>
        <vehicle id="10" x="398.35" y="189.39" angle="0.00" type="DEFAULT_VEHTYPE" speed="12.87" pos="5.86" lane="2/1to2/0_0" slope="0.00"/>
        <vehicle id="11" x="161.88" y="401.65" angle="-90.00" type="DEFAULT_VEHTYPE" speed="13.13" pos="33.37" lane="1/2to0/2_0" slope="0.00"/>
        <vehicle id="15" x="276.21" y="401.65" angle="-90.00" type="DEFAULT_VEHTYPE" speed="12.63" pos="119.04" lane="2/2to1/2_0" slope="0.00"/>
        <vehicle id="16" x="210.23" y="201.65" angle="-90.00" type="DEFAULT_VEHTYPE" speed="2.93" pos="185.02" lane="2/1to1/1_0" slope="0.00"/>
        <vehicle id="17" x="201.65" y="266.24" angle="180.00" type="DEFAULT_VEHTYPE" speed="13.38" pos="61.49" lane="1/1to1/2_0" slope="0.00"/>
        <vehicle id="18" x="398.35" y="136.34" angle="0.00" type="DEFAULT_VEHTYPE" speed="13.63" pos="58.91" lane="2/1to2/0_0" slope="0.00"/>
        <vehicle id="2" x="201.65" y="32.88" angle="180.00" type="DEFAULT_VEHTYPE" speed="13.25" pos="32.88" lane="1/0to1/1_0" slope="0.00"/>
        <vehicle id="24" x="398.35" y="556.99" angle="0.00" type="DEFAULT_VEHTYPE" speed="13.36" pos="38.26" lane="2/3to2/2_0" slope="0.00"/>
        <vehicle id="28" x="468.60" y="401.65" angle="-90.00" type="DEFAULT_VEHTYPE" speed="12.79" pos="126.65" lane="3/2to2/2_0" slope="0.00"/>
        <vehicle id="29" x="626.20" y="598.35" angle="90.00" type="DEFAULT_VEHTYPE" speed="13.56" pos="21.45" lane="3/3to4/3_0" slope="0.00"/>
        <vehicle id="3" x="198.35" y="282.73" angle="0.00" type="DEFAULT_VEHTYPE" speed="13.47" pos="112.52" lane="1/2to1/1_0" slope="0.00"/>
        <vehicle id="33" x="775.32" y="601.65" angle="-90.00" type="DEFAULT_VEHTYPE" speed="13.83" pos="24.68" lane="4/3to3/3_0" slope="0.00"/>
        <vehicle id="37" x="389.93" y="598.35" angle="90.00" type="DEFAULT_VEHTYPE" speed="3.29" pos="185.18" lane="1/3to2/3_0" slope="0.00"/>
        <vehicle id="39" x="479.24" y="198.35" angle="90.00" type="DEFAULT_VEHTYPE" speed="13.14" pos="74.49" lane="2/1to3/1_0" slope="0.00"/>
        <vehicle id="40" x="198.35" y="326.14" angle="0.00" type="DEFAULT_VEHTYPE" speed="13.39" pos="69.11" lane="1/2to1/1_0" slope="0.00"/>
        <vehicle id="42" x="398.35" y="441.25" angle="0.00" type="DEFAULT_VEHTYPE" speed="13.33" pos="154.00" lane="2/3to2/2_0" slope="0.00"/>
        <vehicle id="43" x="351.78" y="598.35" angle="90.00" type="DEFAULT_VEHTYPE" speed="12.79" pos="147.03" lane="1/3to2/3_0" slope="0.00"/>
        <vehicle id="44" x="610.62" y="601.65" angle="-90.00" type="DEFAULT_VEHTYPE" speed="3.72" pos="189.38" lane="4/3to3/3_0" slope="0.00"/>
        <vehicle id="48" x="736.09" y="598.35" angle="90.00" type="DEFAULT_VEHTYPE" speed="12.77" pos="131.34" lane="3/3to4/3_0" slope="0.00"/>
        <vehicle id="49" x="272.38" y="598.35" angle="90.00" type="DEFAULT_VEHTYPE" speed="13.89" pos="67.63" lane="1/3to2/3_0" slope="0.00"/>
        <vehicle id="5" x="398.35" y="704.10" angle="0.00" type="DEFAULT_VEHTYPE" speed="12.96" pos="95.90" lane="2/4to2/3_0" slope="0.00"/>
        <vehicle id="6" x="201.65" y="467.06" angle="180.00" type="DEFAULT_VEHTYPE" speed="13.34" pos="62.31" lane="1/2to1/3_0" slope="0.00"/>
        <vehicle id="7" x="398.35" y="471.93" angle="0.00" type="DEFAULT_VEHTYPE" speed="13.49" pos="123.32" lane="2/3to2/2_0" slope="0.00"/>
        <vehicle id="8" x="799.00" y="198.35" angle="90.00" type="DEFAULT_VEHTYPE" speed="13.04" pos="194.25" lane="3/1to4/1_0" slope="0.00"/>
        <vehicle id="9" x="392.28" y="198.35" angle="90.00" type="DEFAULT_VEHTYPE" speed="0.74" pos="187.53" lane="1/1to2/1_0" slope="0.00"/>
    </timestep>
    <timestep time="777.00">
        <vehicle id="0" x="626.59" y="601.65" angle="-90.00" type="DEFAULT_VEHTYPE" speed="8.80" pos="173.41" lane="4/3to3/3_0" slope="0.00"/>
        <vehicle id="10" x="398.35" y="176.79" angle="0.00" type="DEFAULT_VEHTYPE" speed="12.60" pos="18.46" lane="2/1to2/0_0" slope="0.00"/>
        <vehicle id="11" x="148.88" y="401.65" angle="-90.00" type="DEFAULT_VEHTYPE" speed="13.00" pos="46.37" lane="1/2to0/2_0" slope="0.00"/>
        <vehicle id="15" x="263.47" y="401.65" angle="-90.00" type="DEFAULT_VEHTYPE" speed="12.73" pos="131.78" lane="2/2to1/2_0" slope="0.00"/>
        <vehicle id="16" x="204.79" y="201.65" angle="-90.00" type="DEFAULT_VEHTYPE" speed="5.44" pos="190.46" lane="2/1to1/1_0" slope="0.00"/>
        <vehicle id="17" x="201.65" y="279.60" angle="180.00" type="DEFAULT_VEHTYPE" speed="13.36" pos="74.85" lane="1/1to1/2_0" slope="0.00"/>
        <vehicle id="18" x="398.35" y="123.14" angle="0.00" type="DEFAULT_VEHTYPE" speed="13.20" pos="72.11" lane="2/1to2/0_0" slope="0.00"/>
        <vehicle id="2" x="201.65" y="46.24" angle="180.00" type="DEFAULT_VEHTYPE" speed="13.37" pos="46.24" lane="1/0to1/1_0" slope="0.00"/>
        <vehicle id="24" x="398.35" y="543.28" angle="0.00" type="DEFAULT_VEHTYPE" speed="13.71" pos="51.97" lane="2/3to2/2_0" slope="0.00"/>
        <vehicle id="28" x="455.13" y="401.65" angle="-90.00" type="DEFAULT_VEHTYPE" speed="13.47" pos="140.12" lane="3/2to2/2_0" slope="0.00"/>
        <vehicle id="29" x="639.55" y="598.35" angle="90.00" type="DEFAULT_VEHTYPE" speed="13.35" pos="34.80" lane="3/3to4/3_0" slope="0.00"/>
        <vehicle id="3" x="198.35" y="269.48" angle="0.00" type="DEFAULT_VEHTYPE" speed="13.26" pos="125.77" lane="1/2to1/1_0" slope="0.00"/>
        <vehicle id="33" x="762.03" y="601.65" angle="-90.00" type="DEFAULT_VEHTYPE" speed="13.29" pos="37.97" lane="4/3to3/3_0" slope="0.00"/>
        <vehicle id="37" x="394.74" y="598.35" angle="90.00" type="DEFAULT_VEHTYPE" speed="4.80" pos="189.99" lane="1/3to2/3_0" slope="0.00"/>
        <vehicle id="39" x="492.39" y="198.35" angle="90.00" type="DEFAULT_VEHTYPE" speed="13.15" pos="87.64" lane="2/1to3/1_0" slope="0.00"/>
        <vehicle id="40" x="198.35" y="313.29" angle="0.00" type="DEFAULT_VEHTYPE" speed="12.85" pos="81.96" lane="1/2to1/1_0" slope="0.00"/>
        <vehicle id="42" x="398.35" y="428.52" angle="0.00" type="DEFAULT_VEHTYPE" speed="12.73" pos="166.73" lane="2/3to2/2_0" slope="0.00"/>
        <vehicle id="43" x="364.37" y="598.35" angle="90.00" type="DEFAULT_VEHTYPE" speed="12.59" pos="159.62" lane="1/3to2/3_0" slope="0.00"/>
        <vehicle id="44" x="604.68" y="601.64" angle="-89.88" type="DEFAULT_VEHTYPE" speed="5.94" pos="0.07" lane=":3/3_6_0" slope="0.00"/>
        <vehicle id="48" x="748.71" y="598.35" angle="90.00" type="DEFAULT_VEHTYPE" speed="12.61" pos="143.96" lane="3/3to4/3_0" slope="0.00"/>
        <vehicle id="49" x="286.16" y="598.35" angle="90.00" type="DEFAULT_VEHTYPE" speed="13.78" pos="81.41" lane="1/3to2/3_0" slope="0.00"/>
        <vehicle id="5" x="398.35" y="690.91" angle="0.00" type="DEFAULT_VEHTYPE" speed="13.19" pos="109.09" lane="2/4to2/3_0" slope="0.00"/>
        <vehicle id="6" x="201.65" y="479.99" angle="180.00" type="DEFAULT_VEHTYPE" speed="12.93" pos="75.24" lane="1/2to1/3_0" slope="0.00"/>
        <vehicle id="7" x="398.35" y="458.48" angle="0.00" type="DEFAULT_VEHTYPE" speed="13.45" pos="136.77" lane="2/3to2/2_0" slope="0.00"/>
        <vehicle id="8" x="792.19" y="201.65" angle="-90.00" type="DEFAULT_VEHTYPE" speed="13.63" pos="7.81" lane="4/1to3/1_0" slope="0.00"/>
        <vehicle id="9" x="395.32" y="198.35" angle="90.00" type="DEFAULT_VEHTYPE" speed="3.04" pos="0.07" lane=":2/1_13_0" slope="0.00"/>
    </timestep>
    <timestep time="778.00">
        <vehicle id="0" x="617.23" y="601.65" angle="-90.00" type="DEFAULT_VEHTYPE" speed="9.36" pos="182.77" lane="4/3to3/3_0" slope="0.00"/>
        <vehicle id="10" x="398.35" y="163.59" angle="0.00" type="DEFAULT_VEHTYPE" speed="13.20" pos="31.66" lane="2/1to2/0_0" slope="0.00"/>
        <vehicle id="11" x="135.83" y="401.65" angle="-90.00" type="DEFAULT_VEHTYPE" speed="13.05" pos="59.42" lane="1/2to0/2_0" slope="0.00"/>
        <vehicle id="15" x="250.78" y="401.65" angle="-90.00" type="DEFAULT_VEHTYPE" speed="12.69" pos="144.47" lane="2/2to1/2_0" slope="0.00"/>
        <vehicle id="16" x="201.65" y="207.72" angle="-173.80" type="DEFAULT_VEHTYPE" speed="8.01" pos="2.97" lane="1/1to1/2_0" slope="0.00"/>
        <vehicle id="17" x="201.65" y="293.37" angle="180.00" type="DEFAULT_VEHTYPE" speed="13.78" pos="88.62" lane="1/1to1/2_0" slope="0.00"/>
        <vehicle id="18" x="398.35" y="109.55" angle="0.00" type="DEFAULT_VEHTYPE" speed="13.59" pos="85.70" lane="2/1to2/0_0" slope="0.00"/>
        <vehicle id="2" x="201.65" y="60.06" angle="180.00" type="DEFAULT_VEHTYPE" speed="13.81" pos="60.06" lane="1/0to1/1_0" slope="0.00"/>
        <vehicle id="24" x="398.35" y="530.33" angle="0.00" type="DEFAULT_VEHTYPE" speed="12.94" pos="64.92" lane="2/3to2/2_0" slope="0.00"/>
        <vehicle id="28" x="441.52" y="401.65" angle="-90.00" type="DEFAULT_VEHTYPE" speed="13.62" pos="153.73" lane="3/2to2/2_0" slope="0.00"/>
        <vehicle id="29" x="652.91" y="598.35" angle="90.00" type="DEFAULT_VEHTYPE" speed="13.36" pos="48.16" lane="3/3to4/3_0" slope="0.00"/>
        <vehicle id="3" x="198.35" y="256.51" angle="0.00" type="DEFAULT_VEHTYPE" speed="12.97" pos="138.74" lane="1/2to1/1_0" slope="0.00"/>
        <vehicle id="33" x="748.84" y="601.65" angle="-90.00" type="DEFAULT_VEHTYPE" speed="13.19" pos="51.16" lane="4/3to3/3_0" slope="0.00"/>
        <vehicle id="37" x="400.42" y="600.56" angle="115.90" type="DEFAULT_VEHTYPE" speed="6.39" pos="5.87" lane=":2/3_14_0" slope="0.00"/>
        <vehicle id="39" x="505.91" y="198.35" angle="90.00" type="DEFAULT_VEHTYPE" speed="13.52" pos="101.16" lane="2/1to3/1_0" slope="0.00"/>
        <vehicle id="40" x="198.35" y="300.04" angle="0.00" type="DEFAULT_VEHTYPE" speed="13.24" pos="95.21" lane="1/2to1/1_0" slope="0.00"/>
        <vehicle id="42" x="398.35" y="415.28" angle="0.00" type="DEFAULT_VEHTYPE" speed="13.24" pos="179.97" lane="2/3to2/2_0" slope="0.00"/>
        <vehicle id="43" x="375.27" y="598.35" angle="90.00" type="DEFAULT_VEHTYPE" speed="10.90" pos="170.52" lane="1/3to2/3_0" slope="0.00"/>
        <vehicle id="44" x="598.66" y="597.39" angle="-39.21" type="DEFAULT_VEHTYPE" speed="8.09" pos="8.16" lane=":3/3_6_0" slope="0.00"/>
        <vehicle id="48" x="762.52" y="598.35" angle="90.00" type="DEFAULT_VEHTYPE" speed="13.82" pos="157.77" lane="3/3to4/3_0" slope="0.00"/>
        <vehicle id="49" x="299.58" y="598.35" angle="90.00" type="DEFAULT_VEHTYPE" speed="13.42" pos="94.83" lane="1/3to2/3_0" slope="0.00"/>
        <vehicle id="5" x="398.35" y="678.14" angle="0.00" type="DEFAULT_VEHTYPE" speed="12.77" pos="121.86" lane="2/4to2/3_0" slope="0.00"/>
        <vehicle id="6" x="201.65" y="493.76" angle="180.00" type="DEFAULT_VEHTYPE" speed="13.77" pos="89.01" lane="1/2to1/3_0" slope="0.00"/>
        <vehicle id="7" x="398.35" y="445.31" angle="0.00" type="DEFAULT_VEHTYPE" speed="13.17" pos="149.94" lane="2/3to2/2_0" slope="0.00"/>
        <vehicle id="8" x="778.70" y="201.65" angle="-90.00" type="DEFAULT_VEHTYPE" speed="13.50" pos="21.30" lane="4/1to3/1_0" slope="0.00"/>
        <vehicle id="9" x="400.16" y="198.35" angle="90.00" type="DEFAULT_VEHTYPE" speed="4.84" pos="4.91" lane=":2/1_13_0" slope="0.00"/>
    </timestep>
    <timestep time="779.00">
        <vehicle id="0" x="611.72" y="601.65" angle="-90.00" type="DEFAULT_VEHTYPE" speed="5.52" pos="188.28" lane="4/3to3/3_0" slope="0.00"/>
        <vehicle id="10" x="398.35" y="150.12" angle="0.00" type="DEFAULT_VEHTYPE" speed="13.47" pos="45.13" lane="2/1to2/0_0" slope="0.00"/>
        <vehicle id="11" x="122.68" y="401.65" angle="-90.00" type="DEFAULT_VEHTYPE" speed="13.14" pos="72.57" lane="1/2to0/2_0" slope="0.00"/>
        <vehicle id="15" x="237.21" y="401.65" angle="-90.00" type="DEFAULT_VEHTYPE" speed="13.57" pos="158.04" lane="2/2to1/2_0" slope="0.00"/>
        <vehicle id="16" x="201.65" y="217.40" angle="180.00" type="DEFAULT_VEHTYPE" speed="9.68" pos="12.65" lane="1/1to1/2_0" slope="0.00"/>
        <vehicle id="17" x="201.65" y="306.79" angle="180.00" type="DEFAULT_VEHTYPE" speed="13.42" pos="102.04" lane="1/1to1/2_0" slope="0.00"/>
        <vehicle id="18" x="398.35" y="96.35" angle="0.00" type="DEFAULT_VEHTYPE" speed="13.20" pos="98.90" lane="2/1to2/0_0" slope="0.00"/>
        <vehicle id="2" x="201.65" y="72.96" angle="180.00" type="DEFAULT_VEHTYPE" speed="12.91" pos="72.96" lane="1/0to1/1_0" slope="0.00"/>
        <vehicle id="24" x="398.35" y="517.47" angle="0.00" type="DEFAULT_VEHTYPE" speed="12.86" pos="77.78" lane="2/3to2/2_0" slope="0.00"/>
        <vehicle id="28" x="428.82" y="401.65" angle="-90.00" type="DEFAULT_VEHTYPE" speed="12.70" pos="166.43" lane="3/2to2/2_0" slope="0.00"/>
        <vehicle id="29" x="665.99" y="598.35" angle="90.00" type="DEFAULT_VEHTYPE" speed="13.08" pos="61.24" lane="3/3to4/3_0" slope="0.00"/>
        <vehicle id="3" x="198.35" y="242.92" angle="0.00" type="DEFAULT_VEHTYPE" speed="13.59" pos="152.33" lane="1/2to1/1_0" slope="0.00"/>
        <vehicle id="33" x="735.88" y="601.65" angle="-90.00" type="DEFAULT_VEHTYPE" speed="12.97" pos="64.12" lane="4/3to3/3_0" slope="0.00"/>
        <vehicle id="37" x="401.65" y="608.88" angle="178.58" type="DEFAULT_VEHTYPE" speed="8.57" pos="4.13" lane="2/3to2/4_0" slope="0.00"/>
        <vehicle id="39" x="518.87" y="198.35" angle="90.00" type="DEFAULT_VEHTYPE" speed="12.96" pos="114.12" lane="2/1to3/1_0" slope="0.00"/>
        <vehicle id="40" x="198.35" y="287.28" angle="0.00" type="DEFAULT_VEHTYPE" speed="12.76" pos="107.97" lane="1/2to1/1_0" slope="0.00"/>
        <vehicle id="42" x="398.35" y="401.93" angle="0.00" type="DEFAULT_VEHTYPE" speed="13.36" pos="2.82" lane=":2/2_1_0" slope="0.00"/>
        <vehicle id="43" x="383.86" y="598.35" angle="90.00" type="DEFAULT_VEHTYPE" speed="8.59" pos="179.11" lane="1/3to2/3_0" slope="0.00"/>
        <vehicle id="44" x="598.35" y="586.86" angle="0.00" type="DEFAULT_VEHTYPE" speed="10.55" pos="8.39" lane="3/3to3/2_0" slope="0.00"/>
        <vehicle id="48" x="776.19" y="598.35" angle="90.00" type="DEFAULT_VEHTYPE" speed="13.67" pos="171.44" lane="3/3to4/3_0" slope="0.00"/>
        <vehicle id="49" x="312.34" y="598.35" angle="90.00" type="DEFAULT_VEHTYPE" speed="12.75" pos="107.59" lane="1/3to2/3_0" slope="0.00"/>
        <vehicle id="5" x="398.35" y="664.46" angle="0.00" type="DEFAULT_VEHTYPE" speed="13.68" pos="135.54" lane="2/4to2/3_0" slope="0.00"/>
        <vehicle id="6" x="201.65" y="507.54" angle="180.00" type="DEFAULT_VEHTYPE" speed="13.78" pos="102.79" lane="1/2to1/3_0" slope="0.00"/>
        <vehicle id="7" x="398.35" y="431.82" angle="0.00" type="DEFAULT_VEHTYPE" speed="13.49" pos="163.43" lane="2/3to2/2_0" slope="0.00"/>
        <vehicle id="8" x="765.97" y="201.65" angle="-90.00" type="DEFAULT_VEHTYPE" speed="12.73" pos="34.03" lane="4/1to3/1_0" slope="0.00"/>
        <vehicle id="9" x="406.54" y="198.35" angle="90.00" type="DEFAULT_VEHTYPE" speed="6.38" pos="1.79" lane="2/1to3/1_0" slope="0.00"/>
    </timestep>
    <timestep time="780.00">
        <vehicle id="0" x="604.14" y="601.56" angle="-88.99" type="DEFAULT_VEHTYPE" speed="7.59" pos="0.62" lane=":3/3_6_0" slope="0.00"/>
        <vehicle id="10" x="398.35" y="136.88" angle="0.00" type="DEFAULT_VEHTYPE" speed="13.24" pos="58.37" lane="2/1to2/0_0" slope="0.00"/>
        <vehicle id="11" x="109.94" y="401.65" angle="-90.00" type="DEFAULT_VEHTYPE" speed="12.74" pos="85.31" lane="1/2to0/2_0" slope="0.00"/>
        <vehicle id="15" x="225.60" y="401.65" angle="-90.00" type="DEFAULT_VEHTYPE" speed="11.61" pos="169.65" lane="2/2to1/2_0" slope="0.00"/>
        <vehicle id="16" x="201.65" y="229.22" angle="180.00" type="DEFAULT_VEHTYPE" speed="11.83" pos="24.47" lane="1/1to1/2_0" slope="0.00"/>
        <vehicle id="17" x="201.65" y="319.56" angle="180.00" type="DEFAULT_VEHTYPE" speed="12.77" pos="114.81" lane="1/1to1/2_0" slope="0.00"/>
        <vehicle id="18" x="398.35" y="82.64" angle="0.00" type="DEFAULT_VEHTYPE" speed="13.71" pos="112.61" lane="2/1to2/0_0" slope="0.00"/>
        <vehicle id="2" x="201.65" y="86.51" angle="180.00" type="DEFAULT_VEHTYPE" speed="13.55" pos="86.51" lane="1/0to1/1_0" slope="0.00"/>
        <vehicle id="24" x="398.35" y="504.72" angle="0.00" type="DEFAULT_VEHTYPE" speed="12.75" pos="90.53" lane="2/3to2/2_0" slope="0.00"/>
        <vehicle id="28" x="418.80" y="401.65" angle="-90.00" type="DEFAULT_VEHTYPE" speed="10.02" pos="176.45" lane="3/2to2/2_0" slope="0.00"/>
        <vehicle id="29" x="679.34" y="598.35" angle="90.00" type="DEFAULT_VEHTYPE" speed="13.34" pos="74.59" lane="3/3to4/3_0" slope="0.00"/>
        <vehicle id="3" x="198.35" y="229.27" angle="0.00" type="DEFAULT_VEHTYPE" speed="13.65" pos="165.98" lane="1/2to1/1_0" slope="0.00"/>
        <vehicle id="33" x="722.97" y="601.65" angle="-90.00" type="DEFAULT_VEHTYPE" speed="12.91" pos="77.03" lane="4/3to3/3_0" slope="0.00"/>
        <vehicle id="37" x="401.65" y="619.86" angle="180.00" type="DEFAULT_VEHTYPE" speed="10.99" pos="15.11" lane="2/3to2/4_0" slope="0.00"/>
        <vehicle id="39" x="532.21" y="198.35" angle="90.00" type="DEFAULT_VEHTYPE" speed="13.35" pos="127.46" lane="2/1to3/1_0" slope="0.00"/>
        <vehicle id="40" x="198.35" y="274.40" angle="0.00" type="DEFAULT_VEHTYPE" speed="12.89" pos="120.85" lane="1/2to1/1_0" slope="0.00"/>
        <vehicle id="42" x="398.35" y="388.74" angle="0.00" type="DEFAULT_VEHTYPE" speed="13.18" pos="6.51" lane="2/2to2/1_0" slope="0.00"/>
        <vehicle id="43" x="389.32" y="598.35" angle="90.00" type="DEFAULT_VEHTYPE" speed="5.46" pos="184.57" lane="1/3to2/3_0" slope="0.00"/>
        <vehicle id="44" x="598.35" y="574.13" angle="0.00" type="DEFAULT_VEHTYPE" speed="12.73" pos="21.12" lane="3/3to3/2_0" slope="0.00"/>
        <vehicle id="48" x="789.68" y="598.35" angle="90.00" type="DEFAULT_VEHTYPE" speed="13.50" pos="184.93" lane="3/3to4/3_0" slope="0.00"/>
        <vehicle id="49" x="325.15" y="598.35" angle="90.00" type="DEFAULT_VEHTYPE" speed="12.82" pos="120.40" lane="1/3to2/3_0" slope="0.00"/>
        <vehicle id="5" x="398.35" y="650.59" angle="0.00" type="DEFAULT_VEHTYPE" speed="13.87" pos="149.41" lane="2/4to2/3_0" slope="0.00"/>
        <vehicle id="6" x="201.65" y="520.87" angle="180.00" type="DEFAULT_VEHTYPE" speed="13.33" pos="116.12" lane="1/2to1/3_0" slope="0.00"/>
        <vehicle id="7" x="398.35" y="418.26" angle="0.00" type="DEFAULT_VEHTYPE" speed="13.56" pos="176.99" lane="2/3to2/2_0" slope="0.00"/>
        <vehicle id="8" x="752.24" y="201.65" angle="-90.00" type="DEFAULT_VEHTYPE" speed="13.72" pos="47.76" lane="4/1to3/1_0" slope="0.00"/>
        <vehicle id="9" x="414.59" y="198.35" angle="90.00" type="DEFAULT_VEHTYPE" speed="8.06" pos="9.84" lane="2/1to3/1_0" slope="0.00"/>
    </timestep>
    <timestep time="781.00">
        <vehicle id="0" x="598.36" y="595.31" angle="-18.30" type="DEFAULT_VEHTYPE" speed="9.64" pos="10.26" lane=":3/3_6_0" slope="0.00"/>
        <vehicle id="10" x="398.35" y="123.85" angle="0.00" type="DEFAULT_VEHTYPE" speed="13.02" pos="71.40" lane="2/1to2/0_0" slope="0.00"/>
        <vehicle id="11" x="96.78" y="401.65" angle="-90.00" type="DEFAULT_VEHTYPE" speed="13.16" pos="98.47" lane="1/2to0/2_0" slope="0.00"/>
        <vehicle id="15" x="216.90" y="401.65" angle="-90.00" type="DEFAULT_VEHTYPE" speed="8.71" pos="178.35" lane="2/2to1/2_0" slope="0.00"/>
        <vehicle id="16" x="201.65" y="243.05" angle="180.00" type="DEFAULT_VEHTYPE" speed="13.82" pos="38.30" lane="1/1to1/2_0" slope="0.00"/>
        <vehicle id="17" x="201.65" y="332.89" angle="180.00" type="DEFAULT_VEHTYPE" speed="13.33" pos="128.14" lane="1/1to1/2_0" slope="0.00"/>
        <vehicle id="18" x="398.35" y="69.00" angle="0.00" type="DEFAULT_VEHTYPE" speed="13.65" pos="126.25" lane="2/1to2/0_0" slope="0.00"/>
        <vehicle id="2" x="201.65" y="99.76" angle="180.00" type="DEFAULT_VEHTYPE" speed="13.25" pos="99.76" lane="1/0to1/1_0" slope="0.00"/>
        <vehicle id="24" x="398.35" y="491.68" angle="0.00" type="DEFAULT_VEHTYPE" speed="13.04" pos="103.57" lane="2/3to2/2_0" slope="0.00"/>
        <vehicle id="28" x="412.46" y="401.65" angle="-90.00" type="DEFAULT_VEHTYPE" speed="6.34" pos="182.79" lane="3/2to2/2_0" slope="0.00"/>
        <vehicle id="29" x="693.20" y="598.35" angle="90.00" type="DEFAULT_VEHTYPE" speed="13.87" pos="88.45" lane="3/3to4/3_0" slope="0.00"/>
        <vehicle id="3" x="198.35" y="216.55" angle="0.00" type="DEFAULT_VEHTYPE" speed="12.72" pos="178.70" lane="1/2to1/1_0" slope="0.00"/>
        <vehicle id="33" x="709.54" y="601.65" angle="-90.00" type="DEFAULT_VEHTYPE" speed="13.43" pos="90.46" lane="4/3to3/3_0" slope="0.00"/>
        <vehicle id="37" x="401.65" y="633.40" angle="180.00" type="DEFAULT_VEHTYPE" speed="13.54" pos="28.65" lane="2/3to2/4_0" slope="0.00"/>
        <vehicle id="39" x="545.00" y="198.35" angle="90.00" type="DEFAULT_VEHTYPE" speed="12.78" pos="140.25" lane="2/1to3/1_0" slope="0.00"/>
        <vehicle id="40" x="198.35" y="260.72" angle="0.00" type="DEFAULT_VEHTYPE" speed="13.68" pos="134.53" lane="1/2to1/1_0" slope="0.00"/>
        <vehicle id="42" x="398.35" y="376.06" angle="0.00" type="DEFAULT_VEHTYPE" speed="12.68" pos="19.19" lane="2/2to2/1_0" slope="0.00"/>
        <vehicle id="43" x="396.97" y="598.60" angle="92.83" type="DEFAULT_VEHTYPE" speed="7.67" pos="1.74" lane=":2/3_14_0" slope="0.00"/>
        <vehicle id="44" x="598.35" y="560.58" angle="0.00" type="DEFAULT_VEHTYPE" speed="13.55" pos="34.67" lane="3/3to3/2_0" slope="0.00"/>
        <vehicle id="48" x="801.25" y="600.82" angle="130.12" type="DEFAULT_VEHTYPE" speed="13.64" pos="3.32" lane=":4/3_0_0" slope="0.00"/>
        <vehicle id="49" x="337.77" y="598.35" angle="90.00" type="DEFAULT_VEHTYPE" speed="12.62" pos="133.02" lane="1/3to2/3_0" slope="0.00"/>
        <vehicle id="5" x="398.35" y="637.00" angle="0.00" type="DEFAULT_VEHTYPE" speed="13.59" pos="163.00" lane="2/4to2/3_0" slope="0.00"/>
        <vehicle id="6" x="201.65" y="534.71" angle="180.00" type="DEFAULT_VEHTYPE" speed="13.84" pos="129.96" lane="1/2to1/3_0" slope="0.00"/>
        <vehicle id="7" x="398.35" y="405.34" angle="0.00" type="DEFAULT_VEHTYPE" speed="12.91" pos="189.91" lane="2/3to2/2_0" slope="0.00"/>
        <vehicle id="8" x="739.31" y="201.65" angle="-90.00" type="DEFAULT_VEHTYPE" speed="12.93" pos="60.69" lane="4/1to3/1_0" slope="0.00"/>
        <vehicle id="9" x="424.60" y="198.35" angle="90.00" type="DEFAULT_VEHTYPE" speed="10.00" pos="19.85" lane="2/1to3/1_0" slope="0.00"/>
    </timestep>
    <timestep time="782.00">
        <vehicle id="0" x="598.35" y="584.23" angle="0.00" type="DEFAULT_VEHTYPE" speed="11.08" pos="11.02" lane="3/3to3/2_0" slope="0.00"/>
        <vehicle id="10" x="398.35" y="110.68" angle="0.00" type="DEFAULT_VEHTYPE" speed="13.18" pos="84.57" lane="2/1to2/0_0" slope="0.00"/>
        <vehicle id="11" x="83.48" y="401.65" angle="-90.00" type="DEFAULT_VEHTYPE" speed="13.30" pos="111.77" lane="1/2to0/2_0" slope="0.00"/>
        <vehicle id="15" x="212.18" y="401.65" angle="-90.00" type="DEFAULT_VEHTYPE" speed="4.71" pos="183.07" lane="2/2to1/2_0" slope="0.00"/>
        <vehicle id="16" x="201.65" y="256.66" angle="180.00" type="DEFAULT_VEHTYPE" speed="13.61" pos="51.91" lane="1/1to1/2_0" slope="0.00"/>
        <vehicle id="17" x="201.65" y="346.67" angle="180.00" type="DEFAULT_VEHTYPE" speed="13.78" pos="141.92" lane="1/1to1/2_0" slope="0.00"/>
        <vehicle id="18" x="398.35" y="56.39" angle="0.00" type="DEFAULT_VEHTYPE" speed="12.61" pos="138.86" lane="2/1to2/0_0" slope="0.00"/>
        <vehicle id="2" x="201.65" y="113.37" angle="180.00" type="DEFAULT_VEHTYPE" speed="13.61" pos="113.37" lane="1/0to1/1_0" slope="0.00"/>
        <vehicle id="24" x="398.35" y="478.25" angle="0.00" type="DEFAULT_VEHTYPE" speed="13.43" pos="117.00" lane="2/3to2/2_0" slope="0.00"/>
        <vehicle id="28" x="409.35" y="401.65" angle="-90.00" type="DEFAULT_VEHTYPE" speed="3.11" pos="185.90" lane="3/2to2/2_0" slope="0.00"/>
        <vehicle id="29" x="706.55" y="598.35" angle="90.00" type="DEFAULT_VEHTYPE" speed="13.35" pos="101.80" lane="3/3to4/3_0" slope="0.00"/>
        <vehicle id="3" x="198.19" y="203.62" angle="-1.80" type="DEFAULT_VEHTYPE" speed="12.94" pos="1.14" lane=":1/1_0_0" slope="0.00"/>
        <vehicle id="33" x="696.67" y="601.65" angle="-90.00" type="DEFAULT_VEHTYPE" speed="12.87" pos="103.33" lane="4/3to3/3_0" slope="0.00"/>
        <vehicle id="37" x="401.65" y="646.29" angle="180.00" type="DEFAULT_VEHTYPE" speed="12.89" pos="41.54" lane="2/3to2/4_0" slope="0.00"/>
        <vehicle id="39" x="558.55" y="198.35" angle="90.00" type="DEFAULT_VEHTYPE" speed="13.55" pos="153.80" lane="2/1to3/1_0" slope="0.00"/>
        <vehicle id="40" x="198.35" y="247.92" angle="0.00" type="DEFAULT_VEHTYPE" speed="12.79" pos="147.33" lane="1/2to1/1_0" slope="0.00"/>
        <vehicle id="42" x="398.35" y="363.33" angle="0.00" type="DEFAULT_VEHTYPE" speed="12.74" pos="31.92" lane="2/2to2/1_0" slope="0.00"/>
        <vehicle id="43" x="401.65" y="606.25" angle="171.29" type="DEFAULT_VEHTYPE" speed="10.08" pos="1.50" lane="2/3to2/4_0" slope="0.00"/>
        <vehicle id="44" x="598.35" y="546.76" angle="0.00" type="DEFAULT_VEHTYPE" speed="13.82" pos="48.49" lane="3/3to3/2_0" slope="0.00"/>
        <vehicle id="48" x="788.58" y="601.65" angle="-90.00" type="DEFAULT_VEHTYPE" speed="12.92" pos="11.42" lane="4/3to3/3_0" slope="0.00"/>
        <vehicle id="49" x="350.95" y="598.35" angle="90.00" type="DEFAULT_VEHTYPE" speed="13.18" pos="146.20" lane="1/3to2/3_0" slope="0.00"/>
        <vehicle id="5" x="398.35" y="623.66" angle="0.00" type="DEFAULT_VEHTYPE" speed="13.34" pos="176.34" lane="2/4to2/3_0" slope="0.00"/>
        <vehicle id="6" x="201.65" y="547.39" angle="180.00" type="DEFAULT_VEHTYPE" speed="12.69" pos="142.64" lane="1/2to1/3_0" slope="0.00"/>
        <vehicle id="7" x="387.65" y="401.65" angle="-90.00" type="DEFAULT_VEHTYPE" speed="13.19" pos="7.60" lane="2/2to1/2_0" slope="0.00"/>
        <vehicle id="8" x="725.63" y="201.65" angle="-90.00" type="DEFAULT_VEHTYPE" speed="13.68" pos="74.37" lane="4/1to3/1_0" slope="0.00"/>
        <vehicle id="9" x="437.08" y="198.35" angle="90.00" type="DEFAULT_VEHTYPE" speed="12.48" pos="32.33" lane="2/1to3/1_0" slope="0.00"/>
    </timestep>
    <timestep time="783.00">
        <vehicle id="0" x="598.35" y="571.73" angle="0.00" type="DEFAULT_VEHTYPE" speed="12.50" pos="23.52" lane="3/3to3/2_0" slope="0.00"/>
        <vehicle id="10" x="398.35" y="97.86" angle="0.00" type="DEFAULT_VEHTYPE" speed="12.81" pos="97.39" lane="2/1to2/0_0" slope="0.00"/>
        <vehicle id="11" x="70.83" y="401.65" angle="-90.00" type="DEFAULT_VEHTYPE" speed="12.65" pos="124.42" lane="1/2to0/2_0" slope="0.00"/>
        <vehicle id="15" x="209.62" y="401.65" angle="-90.00" type="DEFAULT_VEHTYPE" speed="2.56" pos="185.63" lane="2/2to1/2_0" slope="0.00"/>
        <vehicle id="16" x="201.65" y="269.60" angle="180.00" type="DEFAULT_VEHTYPE" speed="12.94" pos="64.85" lane="1/1to1/2_0" slope="0.00"/>
        <vehicle id="17" x="201.65" y="360.05" angle="180.00" type="DEFAULT_VEHTYPE" speed="13.38" pos="155.30" lane="1/1to1/2_0" slope="0.00"/>
        <vehicle id="18" x="398.35" y="43.22" angle="0.00" type="DEFAULT_VEHTYPE" speed="13.17" pos="152.03" lane="2/1to2/0_0" slope="0.00"/>
        <vehicle id="2" x="201.65" y="126.48" angle="180.00" type="DEFAULT_VEHTYPE" speed="13.10" pos="126.48" lane="1/0to1/1_0" slope="0.00"/>
        <vehicle id="24" x="398.35" y="465.53" angle="0.00" type="DEFAULT_VEHTYPE" speed="12.72" pos="129.72" lane="2/3to2/2_0" slope="0.00"/>
        <vehicle id="28" x="403.80" y="401.65" angle="-90.00" type="DEFAULT_VEHTYPE" speed="5.54" pos="0.95" lane=":2/2_5_0" slope="0.00"/>
        <vehicle id="29" x="719.43" y="598.35" angle="90.00" type="DEFAULT_VEHTYPE" speed="12.88" pos="114.68" lane="3/3to4/3_0" slope="0.00"/>
        <vehicle id="3" x="186.10" y="201.65" angle="-90.00" type="DEFAULT_VEHTYPE" speed="13.01" pos="9.15" lane="1/1to0/1_0" slope="0.00"/>
        <vehicle id="33" x="683.73" y="601.65" angle="-90.00" type="DEFAULT_VEHTYPE" speed="12.94" pos="116.27" lane="4/3to3/3_0" slope="0.00"/>
        <vehicle id="37" x="401.65" y="659.51" angle="180.00" type="DEFAULT_VEHTYPE" speed="13.22" pos="54.76" lane="2/3to2/4_0" slope="0.00"/>
        <vehicle id="39" x="570.99" y="198.35" angle="90.00" type="DEFAULT_VEHTYPE" speed="12.44" pos="166.24" lane="2/1to3/1_0" slope="0.00"/>
        <vehicle id="40" x="198.35" y="234.64" angle="0.00" type="DEFAULT_VEHTYPE" speed="13.29" pos="160.61" lane="1/2to1/1_0" slope="0.00"/>
        <vehicle id="42" x="398.35" y="349.82" angle="0.00" type="DEFAULT_VEHTYPE" speed="13.51" pos="45.43" lane="2/2to2/1_0" slope="0.00"/>
        <vehicle id="43" x="401.65" y="618.02" angle="180.00" type="DEFAULT_VEHTYPE" speed="11.77" pos="13.27" lane="2/3to2/4_0" slope="0.00"/>
        <vehicle id="44" x="598.35" y="533.99" angle="0.00" type="DEFAULT_VEHTYPE" speed="12.77" pos="61.26" lane="3/3to3/2_0" slope="0.00"/>
        <vehicle id="48" x="774.90" y="601.65" angle="-90.00" type="DEFAULT_VEHTYPE" speed="13.68" pos="25.10" lane="4/3to3/3_0" slope="0.00"/>
        <vehicle id="49" x="364.79" y="598.35" angle="90.00" type="DEFAULT_VEHTYPE" speed="13.84" pos="160.04" lane="1/3to2/3_0" slope="0.00"/>
        <vehicle id="5" x="398.35" y="610.35" angle="0.00" type="DEFAULT_VEHTYPE" speed="13.31" pos="189.65" lane="2/4to2/3_0" slope="0.00"/>
        <vehicle id="6" x="201.65" y="560.34" angle="180.00" type="DEFAULT_VEHTYPE" speed="12.95" pos="155.59" lane="1/2to1/3_0" slope="0.00"/>
        <vehicle id="7" x="374.83" y="401.65" angle="-90.00" type="DEFAULT_VEHTYPE" speed="12.83" pos="20.42" lane="2/2to1/2_0" slope="0.00"/>
        <vehicle id="8" x="712.33" y="201.65" angle="-90.00" type="DEFAULT_VEHTYPE" speed="13.30" pos="87.67" lane="4/1to3/1_0" slope="0.00"/>
        <vehicle id="9" x="450.87" y="198.35" angle="90.00" type="DEFAULT_VEHTYPE" speed="13.79" pos="46.12" lane="2/1to3/1_0" slope="0.00"/>
    </timestep>
    <timestep time="784.00">
        <vehicle id="0" x="598.35" y="558.75" angle="0.00" type="DEFAULT_VEHTYPE" speed="12.98" pos="36.50" lane="3/3to3/2_0" slope="0.00"/>
        <vehicle id="10" x="398.35" y="84.42" angle="0.00" type="DEFAULT_VEHTYPE" speed="13.44" pos="110.83" lane="2/1to2/0_0" slope="0.00"/>
        <vehicle id="11" x="57.46" y="401.65" angle="-90.00" type="DEFAULT_VEHTYPE" speed="13.38" pos="137.79" lane="1/2to0/2_0" slope="0.00"/>
        <vehicle id="15" x="207.95" y="401.65" angle="-90.00" type="DEFAULT_VEHTYPE" speed="1.67" pos="187.30" lane="2/2to1/2_0" slope="0.00"/>
        <vehicle id="16" x="201.65" y="282.20" angle="180.00" type="DEFAULT_VEHTYPE" speed="12.60" pos="77.45" lane="1/1to1/2_0" slope="0.00"/>
        <vehicle id="17" x="201.65" y="372.83" angle="180.00" type="DEFAULT_VEHTYPE" speed="12.78" pos="168.08" lane="1/1to1/2_0" slope="0.00"/>
        <vehicle id="18" x="398.35" y="29.70" angle="0.00" type="DEFAULT_VEHTYPE" speed="13.52" pos="165.55" lane="2/1to2/0_0" slope="0.00"/>
        <vehicle id="2" x="201.65" y="140.03" angle="180.00" type="DEFAULT_VEHTYPE" speed="13.56" pos="140.03" lane="1/0to1/1_0" slope="0.00"/>
        <vehicle id="24" x="398.35" y="451.89" angle="0.00" type="DEFAULT_VEHTYPE" speed="13.64" pos="143.36" lane="2/3to2/2_0" slope="0.00"/>
        <vehicle id="28" x="396.60" y="401.65" angle="-90.00" type="DEFAULT_VEHTYPE" speed="7.21" pos="8.15" lane=":2/2_5_0" slope="0.00"/>
        <vehicle id="29" x="732.95" y="598.35" angle="90.00" type="DEFAULT_VEHTYPE" speed="13.51" pos="128.20" lane="3/3to4/3_0" slope="0.00"/>
        <vehicle id="3" x="173.34" y="201.65" angle="-90.00" type="DEFAULT_VEHTYPE" speed="12.76" pos="21.91" lane="1/1to0/1_0" slope="0.00"/>
        <vehicle id="33" x="670.26" y="601.65" angle="-90.00" type="DEFAULT_VEHTYPE" speed="13.47" pos="129.74" lane="4/3to3/3_0" slope="0.00"/>
        <vehicle id="37" x="401.65" y="672.66" angle="180.00" type="DEFAULT_VEHTYPE" speed="13.15" pos="67.91" lane="2/3to2/4_0" slope="0.00"/>
        <vehicle id="39" x="580.52" y="198.35" angle="90.00" type="DEFAULT_VEHTYPE" speed="9.53" pos="175.77" lane="2/1to3/1_0" slope="0.00"/>
        <vehicle id="40" x="198.35" y="221.02" angle="0.00" type="DEFAULT_VEHTYPE" speed="13.61" pos="174.23" lane="1/2to1/1_0" slope="0.00"/>
        <vehicle id="42" x="398.35" y="336.68" angle="0.00" type="DEFAULT_VEHTYPE" speed="13.13" pos="58.57" lane="2/2to2/1_0" slope="0.00"/>
        <vehicle id="43" x="401.65" y="631.16" angle="180.00" type="DEFAULT_VEHTYPE" speed="13.15" pos="26.41" lane="2/3to2/4_0" slope="0.00"/>
        <vehicle id="44" x="598.35" y="521.31" angle="0.00" type="DEFAULT_VEHTYPE" speed="12.68" pos="73.94" lane="3/3to3/2_0" slope="0.00"/>
        <vehicle id="48" x="761.17" y="601.65" angle="-90.00" type="DEFAULT_VEHTYPE" speed="13.73" pos="38.83" lane="4/3to3/3_0" slope="0.00"/>
        <vehicle id="49" x="375.87" y="598.35" angle="90.00" type="DEFAULT_VEHTYPE" speed="11.08" pos="171.12" lane="1/3to2/3_0" slope="0.00"/>
        <vehicle id="5" x="398.35" y="597.24" angle="0.00" type="DEFAULT_VEHTYPE" speed="13.11" pos="7.51" lane=":2/3_1_0" slope="0.00"/>
        <vehicle id="6" x="201.65" y="574.05" angle="180.00" type="DEFAULT_VEHTYPE" speed="13.71" pos="169.30" lane="1/2to1/3_0" slope="0.00"/>
        <vehicle id="7" x="361.10" y="401.65" angle="-90.00" type="DEFAULT_VEHTYPE" speed="13.72" pos="34.15" lane="2/2to1/2_0" slope="0.00"/>
        <vehicle id="8" x="699.72" y="201.65" angle="-90.00" type="DEFAULT_VEHTYPE" speed="12.62" pos="100.28" lane="4/1to3/1_0" slope="0.00"/>
        <vehicle id="9" x="464.67" y="198.35" angle="90.00" type="DEFAULT_VEHTYPE" speed="13.80" pos="59.92" lane="2/1to3/1_0" slope="0.00"/>
    </timestep>
    <timestep time="785.00">
        <vehicle id="0" x="598.35" y="546.10" angle="0.00" type="DEFAULT_VEHTYPE" speed="12.65" pos="49.15" lane="3/3to3/2_0" slope="0.00"/>
        <vehicle id="10" x="398.35" y="71.51" angle="0.00" type="DEFAULT_VEHTYPE" speed="12.91" pos="123.74" lane="2/1to2/0_0" slope="0.00"/>
        <vehicle id="11" x="44.55" y="401.65" angle="-90.00" type="DEFAULT_VEHTYPE" speed="12.90" pos="150.70" lane="1/2to0/2_0" slope="0.00"/>
        <vehicle id="15" x="207.57" y="401.65" angle="-90.00" type="DEFAULT_VEHTYPE" speed="0.38" pos="187.68" lane="2/2to1/2_0" slope="0.00"/>
        <vehicle id="16" x="201.65" y="295.84" angle="180.00" type="DEFAULT_VEHTYPE" speed="13.63" pos="91.09" lane="1/1to1/2_0" slope="0.00"/>
        <vehicle id="17" x="201.65" y="385.45" angle="180.00" type="DEFAULT_VEHTYPE" speed="12.61" pos="180.70" lane="1/1to1/2_0" slope="0.00"/>
        <vehicle id="18" x="398.35" y="16.25" angle="0.00" type="DEFAULT_VEHTYPE" speed="13.45" pos="179.00" lane="2/1to2/0_0" slope="0.00"/>
        <vehicle id="2" x="201.65" y="152.78" angle="180.00" type="DEFAULT_VEHTYPE" speed="12.75" pos="152.78" lane="1/0to1/1_0" slope="0.00"/>
        <vehicle id="24" x="398.35" y="439.03" angle="0.00" type="DEFAULT_VEHTYPE" speed="12.87" pos="156.22" lane="2/3to2/2_0" slope="0.00"/>
        <vehicle id="28" x="387.88" y="401.65" angle="-90.00" type="DEFAULT_VEHTYPE" speed="8.72" pos="7.37" lane="2/2to1/2_0" slope="0.00"/>
        <vehicle id="29" x="746.37" y="598.35" angle="90.00" type="DEFAULT_VEHTYPE" speed="13.42" pos="141.62" lane="3/3to4/3_0" slope="0.00"/>
        <vehicle id="3" x="159.77" y="201.65" angle="-90.00" type="DEFAULT_VEHTYPE" speed="13.57" pos="35.48" lane="1/1to0/1_0" slope="0.00"/>
        <vehicle id="33" x="656.57" y="601.65" angle="-90.00" type="DEFAULT_VEHTYPE" speed="13.69" pos="143.43" lane="4/3to3/3_0" slope="0.00"/>
        <vehicle id="37" x="401.65" y="685.86" angle="180.00" type="DEFAULT_VEHTYPE" speed="13.20" pos="81.11" lane="2/3to2/4_0" slope="0.00"/>
        <vehicle id="39" x="586.66" y="198.35" angle="90.00" type="DEFAULT_VEHTYPE" speed="6.14" pos="181.91" lane="2/1to3/1_0" slope="0.00"/>
        <vehicle id="40" x="198.35" y="208.42" angle="0.00" type="DEFAULT_VEHTYPE" speed="12.60" pos="186.83" lane="1/2to1/1_0" slope="0.00"/>
        <vehicle id="42" x="398.35" y="324.03" angle="0.00" type="DEFAULT_VEHTYPE" speed="12.65" pos="71.22" lane="2/2to2/1_0" slope="0.00"/>
        <vehicle id="43" x="401.65" y="644.02" angle="180.00" type="DEFAULT_VEHTYPE" speed="12.86" pos="39.27" lane="2/3to2/4_0" slope="0.00"/>
        <vehicle id="44" x="598.35" y="508.11" angle="0.00" type="DEFAULT_VEHTYPE" speed="13.20" pos="87.14" lane="3/3to3/2_0" slope="0.00"/>
        <vehicle id="48" x="747.42" y="601.65" angle="-90.00" type="DEFAULT_VEHTYPE" speed="13.75" pos="52.58" lane="4/3to3/3_0" slope="0.00"/>
        <vehicle id="49" x="384.28" y="598.35" angle="90.00" type="DEFAULT_VEHTYPE" speed="8.41" pos="179.53" lane="1/3to2/3_0" slope="0.00"/>
        <vehicle id="5" x="398.35" y="584.33" angle="0.00" type="DEFAULT_VEHTYPE" speed="12.91" pos="10.92" lane="2/3to2/2_0" slope="0.00"/>
        <vehicle id="6" x="201.65" y="587.07" angle="180.00" type="DEFAULT_VEHTYPE" speed="13.02" pos="182.32" lane="1/2to1/3_0" slope="0.00"/>
        <vehicle id="7" x="347.96" y="401.65" angle="-90.00" type="DEFAULT_VEHTYPE" speed="13.14" pos="47.29" lane="2/2to1/2_0" slope="0.00"/>
        <vehicle id="8" x="686.02" y="201.65" angle="-90.00" type="DEFAULT_VEHTYPE" speed="13.70" pos="113.98" lane="4/1to3/1_0" slope="0.00"/>
        <vehicle id="9" x="477.29" y="198.35" angle="90.00" type="DEFAULT_VEHTYPE" speed="12.62" pos="72.54" lane="2/1to3/1_0" slope="0.00"/>
    </timestep>
    <timestep time="786.00">
        <vehicle id="0" x="598.35" y="533.44" angle="0.00" type="DEFAULT_VEHTYPE" speed="12.66" pos="61.81" lane="3/3to3/2_0" slope="0.00"/>
        <vehicle id="10" x="398.35" y="58.45" angle="0.00" type="DEFAULT_VEHTYPE" speed="13.06" pos="136.80" lane="2/1to2/0_0" slope="0.00"/>
        <vehicle id="11" x="31.30" y="401.65" angle="-90.00" type="DEFAULT_VEHTYPE" speed="13.25" pos="163.95" lane="1/2to0/2_0" slope="0.00"/>
        <vehicle id="15" x="207.31" y="401.65" angle="-90.00" type="DEFAULT_VEHTYPE" speed="0.26" pos="187.94" lane="2/2to1/2_0" slope="0.00"/>
        <vehicle id="16" x="201.65" y="308.85" angle="180.00" type="DEFAULT_VEHTYPE" speed="13.02" pos="104.10" lane="1/1to1/2_0" slope="0.00"/>
        <vehicle id="17" x="201.65" y="398.98" angle="180.00" type="DEFAULT_VEHTYPE" speed="13.53" pos="3.73" lane=":1/2_9_0" slope="0.00"/>
        <vehicle id="18" x="398.35" y="3.65" angle="0.00" type="DEFAULT_VEHTYPE" speed="12.60" pos="191.60" lane="2/1to2/0_0" slope="0.00"/>
        <vehicle id="2" x="201.65" y="165.43" angle="180.00" type="DEFAULT_VEHTYPE" speed="12.65" pos="165.43" lane="1/0to1/1_0" slope="0.00"/>
        <vehicle id="24" x="398.35" y="425.16" angle="0.00" type="DEFAULT_VEHTYPE" speed="13.87" pos="170.09" lane="2/3to2/2_0" slope="0.00"/>
        <vehicle id="28" x="377.64" y="401.65" angle="-90.00" type="DEFAULT_VEHTYPE" speed="10.24" pos="17.61" lane="2/2to1/2_0" slope="0.00"/>
        <vehicle id="29" x="759.15" y="598.35" angle="90.00" type="DEFAULT_VEHTYPE" speed="12.78" pos="154.40" lane="3/3to4/3_0" slope="0.00"/>
        <vehicle id="3" x="146.27" y="201.65" angle="-90.00" type="DEFAULT_VEHTYPE" speed="13.50" pos="48.98" lane="1/1to0/1_0" slope="0.00"/>
        <vehicle id="33" x="643.23" y="601.65" angle="-90.00" type="DEFAULT_VEHTYPE" speed="13.34" pos="156.77" lane="4/3to3/3_0" slope="0.00"/>
        <vehicle id="37" x="401.65" y="699.42" angle="180.00" type="DEFAULT_VEHTYPE" speed="13.56" pos="94.67" lane="2/3to2/4_0" slope="0.00"/>
        <vehicle id="39" x="590.58" y="198.35" angle="90.00" type="DEFAULT_VEHTYPE" speed="3.93" pos="185.83" lane="2/1to3/1_0" slope="0.00"/>
        <vehicle id="40" x="191.20" y="201.65" angle="-88.48" type="DEFAULT_VEHTYPE" speed="12.72" pos="4.05" lane="1/1to0/1_0" slope="0.00"/>
        <vehicle id="42" x="398.35" y="311.22" angle="0.00" type="DEFAULT_VEHTYPE" speed="12.81" pos="84.03" lane="2/2to2/1_0" slope="0.00"/>
        <vehicle id="43" x="401.65" y="656.89" angle="180.00" type="DEFAULT_VEHTYPE" speed="12.87" pos="52.14" lane="2/3to2/4_0" slope="0.00"/>
        <vehicle id="44" x="598.35" y="495.03" angle="0.00" type="DEFAULT_VEHTYPE" speed="13.08" pos="100.22" lane="3/3to3/2_0" slope="0.00"/>
        <vehicle id="48" x="734.30" y="601.65" angle="-90.00" type="DEFAULT_VEHTYPE" speed="13.11" pos="65.70" lane="4/3to3/3_0" slope="0.00"/>
        <vehicle id="49" x="388.64" y="598.35" angle="90.00" type="DEFAULT_VEHTYPE" speed="4.36" pos="183.89" lane="1/3to2/3_0" slope="0.00"/>
        <vehicle id="5" x="398.35" y="570.73" angle="0.00" type="DEFAULT_VEHTYPE" speed="13.60" pos="24.52" lane="2/3to2/2_0" slope="0.00"/>
        <vehicle id="6" x="204.93" y="598.35" angle="131.85" type="DEFAULT_VEHTYPE" speed="13.36" pos="0.18" lane="1/3to2/3_0" slope="0.00"/>
        <vehicle id="7" x="335.14" y="401.65" angle="-90.00" type="DEFAULT_VEHTYPE" speed="12.83" pos="60.11" lane="2/2to1/2_0" slope="0.00"/>
        <vehicle id="8" x="673.00" y="201.65" angle="-90.00" type="DEFAULT_VEHTYPE" speed="13.02" pos="127.00" lane="4/1to3/1_0" slope="0.00"/>
        <vehicle id="9" x="490.70" y="198.35" angle="90.00" type="DEFAULT_VEHTYPE" speed="13.41" pos="85.95" lane="2/1to3/1_0" slope="0.00"/>
    </timestep>
    <timestep time="787.00">
        <vehicle id="0" x="598.35" y="519.77" angle="0.00" type="DEFAULT_VEHTYPE" speed="13.67" pos="75.48" lane="3/3to3/2_0" slope="0.00"/>
        <vehicle id="10" x="398.35" y="45.70" angle="0.00" type="DEFAULT_VEHTYPE" speed="12.75" pos="149.55" lane="2/1to2/0_0" slope="0.00"/>
        <vehicle id="11" x="18.05" y="401.65" angle="-90.00" type="DEFAULT_VEHTYPE" speed="13.25" pos="177.20" lane="1/2to0/2_0" slope="0.00"/>
        <vehicle id="15" x="205.73" y="401.65" angle="-90.00" type="DEFAULT_VEHTYPE" speed="1.59" pos="189.52" lane="2/2to1/2_0" slope="0.00"/>
        <vehicle id="16" x="201.65" y="321.91" angle="180.00" type="DEFAULT_VEHTYPE" speed="13.06" pos="117.16" lane="1/1to1/2_0" slope="0.00"/>
        <vehicle id="17" x="201.65" y="412.34" angle="180.00" type="DEFAULT_VEHTYPE" speed="13.36" pos="7.59" lane="1/2to1/3_0" slope="0.00"/>
        <vehicle id="18" x="401.65" y="4.61" angle="177.46" type="DEFAULT_VEHTYPE" speed="13.07" pos="4.61" lane="2/0to2/1_0" slope="0.00"/>
        <vehicle id="2" x="201.65" y="178.89" angle="180.00" type="DEFAULT_VEHTYPE" speed="13.46" pos="178.89" lane="1/0to1/1_0" slope="0.00"/>
        <vehicle id="24" x="398.35" y="411.75" angle="0.00" type="DEFAULT_VEHTYPE" speed="13.41" pos="183.50" lane="2/3to2/2_0" slope="0.00"/>
        <vehicle id="28" x="365.00" y="401.65" angle="-90.00" type="DEFAULT_VEHTYPE" speed="12.64" pos="30.25" lane="2/2to1/2_0" slope="0.00"/>
        <vehicle id="29" x="772.09" y="598.35" angle="90.00" type="DEFAULT_VEHTYPE" speed="12.94" pos="167.34" lane="3/3to4/3_0" slope="0.00"/>
        <vehicle id="3" x="132.97" y="201.65" angle="-90.00" type="DEFAULT_VEHTYPE" speed="13.30" pos="62.28" lane="1/1to0/1_0" slope="0.00"/>
        <vehicle id="33" x="629.47" y="601.65" angle="-90.00" type="DEFAULT_VEHTYPE" speed="13.77" pos="170.53" lane="4/3to3/3_0" slope="0.00"/>
        <vehicle id="37" x="401.65" y="712.83" angle="180.00" type="DEFAULT_VEHTYPE" speed="13.41" pos="108.08" lane="2/3to2/4_0" slope="0.00"/>
        <vehicle id="39" x="596.32" y="198.50" angle="91.76" type="DEFAULT_VEHTYPE" speed="5.75" pos="1.08" lane=":3/1_14_0" slope="0.00"/>
        <vehicle id="40" x="177.65" y="201.65" angle="-90.00" type="DEFAULT_VEHTYPE" speed="13.55" pos="17.60" lane="1/1to0/1_0" slope="0.00"/>
        <vehicle id="42" x="398.35" y="297.44" angle="0.00" type="DEFAULT_VEHTYPE" speed="13.78" pos="97.81" lane="2/2to2/1_0" slope="0.00"/>
        <vehicle id="43" x="401.65" y="670.57" angle="180.00" type="DEFAULT_VEHTYPE" speed="13.68" pos="65.82" lane="2/3to2/4_0" slope="0.00"/>
        <vehicle id="44" x="598.35" y="481.50" angle="0.00" type="DEFAULT_VEHTYPE" speed="13.53" pos="113.75" lane="3/3to3/2_0" slope="0.00"/>
        <vehicle id="48" x="720.62" y="601.65" angle="-90.00" type="DEFAULT_VEHTYPE" speed="13.68" pos="79.38" lane="4/3to3/3_0" slope="0.00"/>
        <vehicle id="49" x="395.55" y="598.39" angle="90.50" type="DEFAULT_VEHTYPE" speed="6.92" pos="0.31" lane=":2/3_14_0" slope="0.00"/>
        <vehicle id="5" x="398.35" y="557.91" angle="0.00" type="DEFAULT_VEHTYPE" speed="12.81" pos="37.34" lane="2/3to2/2_0" slope="0.00"/>
        <vehicle id="6" x="218.70" y="598.35" angle="90.00" type="DEFAULT_VEHTYPE" speed="13.77" pos="13.95" lane="1/3to2/3_0" slope="0.00"/>
        <vehicle id="7" x="321.78" y="401.65" angle="-90.00" type="DEFAULT_VEHTYPE" speed="13.35" pos="73.47" lane="2/2to1/2_0" slope="0.00"/>
        <vehicle id="8" x="659.83" y="201.65" angle="-90.00" type="DEFAULT_VEHTYPE" speed="13.17" pos="140.17" lane="4/1to3/1_0" slope="0.00"/>
        <vehicle id="9" x="503.85" y="198.35" angle="90.00" type="DEFAULT_VEHTYPE" speed="13.15" pos="99.10" lane="2/1to3/1_0" slope="0.00"/>
    </timestep>
    <timestep time="788.00">
        <vehicle id="0" x="598.35" y="506.80" angle="0.00" type="DEFAULT_VEHTYPE" speed="12.97" pos="88.45" lane="3/3to3/2_0" slope="0.00"/>
        <vehicle id="10" x="398.35" y="31.97" angle="0.00" type="DEFAULT_VEHTYPE" speed="13.73" pos="163.28" lane="2/1to2/0_0" slope="0.00"/>
        <vehicle id="11" x="4.77" y="401.65" angle="-90.00" type="DEFAULT_VEHTYPE" speed="13.28" pos="190.48" lane="1/2to0/2_0" slope="0.00"/>
        <vehicle id="15" x="201.97" y="401.25" angle="-85.43" type="DEFAULT_VEHTYPE" speed="3.79" pos="2.81" lane=":1/2_6_0" slope="0.00"/>
        <vehicle id="16" x="201.65" y="335.76" angle="180.00" type="DEFAULT_VEHTYPE" speed="13.85" pos="131.01" lane="1/1to1/2_0" slope="0.00"/>
        <vehicle id="17" x="201.65" y="426.16" angle="180.00" type="DEFAULT_VEHTYPE" speed="13.82" pos="21.41" lane="1/2to1/3_0" slope="0.00"/>
        <vehicle id="18" x="401.65" y="18.30" angle="180.00" type="DEFAULT_VEHTYPE" speed="13.69" pos="18.30" lane="2/0to2/1_0" slope="0.00"/>
        <vehicle id="2" x="201.65" y="192.79" angle="180.00" type="DEFAULT_VEHTYPE" speed="13.90" pos="192.79" lane="1/0to1/1_0" slope="0.00"/>
        <vehicle id="24" x="398.35" y="398.01" angle="0.00" type="DEFAULT_VEHTYPE" speed="13.74" pos="6.74" lane=":2/2_1_0" slope="0.00"/>
        <vehicle id="28" x="352.39" y="401.65" angle="-90.00" type="DEFAULT_VEHTYPE" speed="12.61" pos="42.86" lane="2/2to1/2_0" slope="0.00"/>
        <vehicle id="29" x="785.06" y="598.35" angle="90.00" type="DEFAULT_VEHTYPE" speed="12.96" pos="180.31" lane="3/3to4/3_0" slope="0.00"/>
        <vehicle id="3" x="119.27" y="201.65" angle="-90.00" type="DEFAULT_VEHTYPE" speed="13.69" pos="75.98" lane="1/1to0/1_0" slope="0.00"/>
        <vehicle id="33" x="620.13" y="601.65" angle="-90.00" type="DEFAULT_VEHTYPE" speed="9.34" pos="179.87" lane="4/3to3/3_0" slope="0.00"/>
        <vehicle id="37" x="401.65" y="726.41" angle="180.00" type="DEFAULT_VEHTYPE" speed="13.58" pos="121.66" lane="2/3to2/4_0" slope="0.00"/>
        <vehicle id="39" x="601.48" y="203.54" angle="150.48" type="DEFAULT_VEHTYPE" speed="8.01" pos="9.09" lane=":3/1_14_0" slope="0.00"/>
        <vehicle id="40" x="164.40" y="201.65" angle="-90.00" type="DEFAULT_VEHTYPE" speed="13.26" pos="30.85" lane="1/1to0/1_0" slope="0.00"/>
        <vehicle id="42" x="398.35" y="283.61" angle="0.00" type="DEFAULT_VEHTYPE" speed="13.83" pos="111.64" lane="2/2to2/1_0" slope="0.00"/>
        <vehicle id="43" x="401.65" y="684.16" angle="180.00" type="DEFAULT_VEHTYPE" speed="13.59" pos="79.41" lane="2/3to2/4_0" slope="0.00"/>
        <vehicle id="44" x="598.35" y="468.41" angle="0.00" type="DEFAULT_VEHTYPE" speed="13.09" pos="126.84" lane="3/3to3/2_0" slope="0.00"/>
        <vehicle id="48" x="707.92" y="601.65" angle="-90.00" type="DEFAULT_VEHTYPE" speed="12.70" pos="92.08" lane="4/3to3/3_0" slope="0.00"/>
        <vehicle id="49" x="401.43" y="603.20" angle="146.94" type="DEFAULT_VEHTYPE" speed="8.45" pos="8.75" lane=":2/3_14_0" slope="0.00"/>
        <vehicle id="5" x="398.35" y="544.88" angle="0.00" type="DEFAULT_VEHTYPE" speed="13.03" pos="50.37" lane="2/3to2/2_0" slope="0.00"/>
        <vehicle id="6" x="232.24" y="598.35" angle="90.00" type="DEFAULT_VEHTYPE" speed="13.54" pos="27.49" lane="1/3to2/3_0" slope="0.00"/>
        <vehicle id="7" x="308.90" y="401.65" angle="-90.00" type="DEFAULT_VEHTYPE" speed="12.89" pos="86.35" lane="2/2to1/2_0" slope="0.00"/>
        <vehicle id="8" x="646.10" y="201.65" angle="-90.00" type="DEFAULT_VEHTYPE" speed="13.73" pos="153.90" lane="4/1to3/1_0" slope="0.00"/>
        <vehicle id="9" x="517.45" y="198.35" angle="90.00" type="DEFAULT_VEHTYPE" speed="13.60" pos="112.70" lane="2/1to3/1_0" slope="0.00"/>
    </timestep>
    <timestep time="789.00">
        <vehicle id="0" x="598.35" y="492.99" angle="0.00" type="DEFAULT_VEHTYPE" speed="13.82" pos="102.26" lane="3/3to3/2_0" slope="0.00"/>
        <vehicle id="10" x="398.35" y="18.32" angle="0.00" type="DEFAULT_VEHTYPE" speed="13.64" pos="176.93" lane="2/1to2/0_0" slope="0.00"/>
        <vehicle id="11" x="3.65" y="398.35" angle="81.03" type="DEFAULT_VEHTYPE" speed="13.24" pos="3.65" lane="0/2to1/2_0" slope="0.00"/>
        <vehicle id="15" x="198.52" y="396.42" angle="-29.10" type="DEFAULT_VEHTYPE" speed="6.32" pos="9.13" lane=":1/2_6_0" slope="0.00"/>
        <vehicle id="16" x="201.65" y="348.80" angle="180.00" type="DEFAULT_VEHTYPE" speed="13.04" pos="144.05" lane="1/1to1/2_0" slope="0.00"/>
        <vehicle id="17" x="201.65" y="439.88" angle="180.00" type="DEFAULT_VEHTYPE" speed="13.72" pos="35.13" lane="1/2to1/3_0" slope="0.00"/>
        <vehicle id="18" x="401.65" y="31.33" angle="180.00" type="DEFAULT_VEHTYPE" speed="13.03" pos="31.33" lane="2/0to2/1_0" slope="0.00"/>
        <vehicle id="2" x="210.09" y="198.35" angle="90.00" type="DEFAULT_VEHTYPE" speed="12.80" pos="5.34" lane="1/1to2/1_0" slope="0.00"/>
        <vehicle id="24" x="398.35" y="384.52" angle="0.00" type="DEFAULT_VEHTYPE" speed="13.49" pos="10.73" lane="2/2to2/1_0" slope="0.00"/>
        <vehicle id="28" x="338.53" y="401.65" angle="-90.00" type="DEFAULT_VEHTYPE" speed="13.86" pos="56.72" lane="2/2to1/2_0" slope="0.00"/>
        <vehicle id="29" x="798.72" y="598.35" angle="90.00" type="DEFAULT_VEHTYPE" speed="13.66" pos="193.97" lane="3/3to4/3_0" slope="0.00"/>
        <vehicle id="3" x="106.40" y="201.65" angle="-90.00" type="DEFAULT_VEHTYPE" speed="12.88" pos="88.85" lane="1/1to0/1_0" slope="0.00"/>
        <vehicle id="33" x="614.20" y="601.65" angle="-90.00" type="DEFAULT_VEHTYPE" speed="5.93" pos="185.80" lane="4/3to3/3_0" slope="0.00"/>
        <vehicle id="37" x="401.65" y="739.91" angle="180.00" type="DEFAULT_VEHTYPE" speed="13.49" pos="135.16" lane="2/3to2/4_0" slope="0.00"/>
        <vehicle id="39" x="601.65" y="213.22" angle="180.00" type="DEFAULT_VEHTYPE" speed="9.70" pos="8.47" lane="3/1to3/2_0" slope="0.00"/>
        <vehicle id="40" x="151.31" y="201.65" angle="-90.00" type="DEFAULT_VEHTYPE" speed="13.08" pos="43.94" lane="1/1to0/1_0" slope="0.00"/>
        <vehicle id="42" x="398.35" y="270.51" angle="0.00" type="DEFAULT_VEHTYPE" speed="13.10" pos="124.74" lane="2/2to2/1_0" slope="0.00"/>
        <vehicle id="43" x="401.65" y="697.46" angle="180.00" type="DEFAULT_VEHTYPE" speed="13.30" pos="92.71" lane="2/3to2/4_0" slope="0.00"/>
        <vehicle id="44" x="598.35" y="455.43" angle="0.00" type="DEFAULT_VEHTYPE" speed="12.97" pos="139.82" lane="3/3to3/2_0" slope="0.00"/>
        <vehicle id="48" x="694.60" y="601.65" angle="-90.00" type="DEFAULT_VEHTYPE" speed="13.33" pos="105.40" lane="4/3to3/3_0" slope="0.00"/>
        <vehicle id="49" x="401.65" y="614.09" angle="180.00" type="DEFAULT_VEHTYPE" speed="10.91" pos="9.34" lane="2/3to2/4_0" slope="0.00"/>
        <vehicle id="5" x="398.35" y="531.35" angle="0.00" type="DEFAULT_VEHTYPE" speed="13.53" pos="63.90" lane="2/3to2/2_0" slope="0.00"/>
        <vehicle id="6" x="245.31" y="598.35" angle="90.00" type="DEFAULT_VEHTYPE" speed="13.07" pos="40.56" lane="1/3to2/3_0" slope="0.00"/>
        <vehicle id="7" x="295.25" y="401.65" angle="-90.00" type="DEFAULT_VEHTYPE" speed="13.65" pos="100.00" lane="2/2to1/2_0" slope="0.00"/>
        <vehicle id="8" x="632.65" y="201.65" angle="-90.00" type="DEFAULT_VEHTYPE" speed="13.46" pos="167.35" lane="4/1to3/1_0" slope="0.00"/>
        <vehicle id="9" x="530.71" y="198.35" angle="90.00" type="DEFAULT_VEHTYPE" speed="13.26" pos="125.96" lane="2/1to3/1_0" slope="0.00"/>
    </timestep>
    <timestep time="790.00">
        <vehicle id="0" x="598.35" y="479.11" angle="0.00" type="DEFAULT_VEHTYPE" speed="13.88" pos="116.14" lane="3/3to3/2_0" slope="0.00"/>
        <vehicle id="10" x="398.35" y="5.04" angle="0.00" type="DEFAULT_VEHTYPE" speed="13.28" pos="190.21" lane="2/1to2/0_0" slope="0.00"/>
        <vehicle id="11" x="17.43" y="398.35" angle="90.00" type="DEFAULT_VEHTYPE" speed="13.78" pos="17.43" lane="0/2to1/2_0" slope="0.00"/>
        <vehicle id="15" x="198.35" y="388.70" angle="0.00" type="DEFAULT_VEHTYPE" speed="7.73" pos="6.55" lane="1/2to1/1_0" slope="0.00"/>
        <vehicle id="16" x="201.65" y="362.65" angle="180.00" type="DEFAULT_VEHTYPE" speed="13.84" pos="157.90" lane="1/1to1/2_0" slope="0.00"/>
        <vehicle id="17" x="201.65" y="452.62" angle="180.00" type="DEFAULT_VEHTYPE" speed="12.74" pos="47.87" lane="1/2to1/3_0" slope="0.00"/>
        <vehicle id="18" x="401.65" y="44.09" angle="180.00" type="DEFAULT_VEHTYPE" speed="12.77" pos="44.09" lane="2/0to2/1_0" slope="0.00"/>
        <vehicle id="2" x="222.89" y="198.35" angle="90.00" type="DEFAULT_VEHTYPE" speed="12.80" pos="18.14" lane="1/1to2/1_0" slope="0.00"/>
        <vehicle id="24" x="398.35" y="371.26" angle="0.00" type="DEFAULT_VEHTYPE" speed="13.26" pos="23.99" lane="2/2to2/1_0" slope="0.00"/>
        <vehicle id="28" x="325.84" y="401.65" angle="-90.00" type="DEFAULT_VEHTYPE" speed="12.69" pos="69.41" lane="2/2to1/2_0" slope="0.00"/>
        <vehicle id="29" x="792.55" y="601.65" angle="-90.00" type="DEFAULT_VEHTYPE" speed="13.55" pos="7.45" lane="4/3to3/3_0" slope="0.00"/>
        <vehicle id="3" x="92.86" y="201.65" angle="-90.00" type="DEFAULT_VEHTYPE" speed="13.54" pos="102.39" lane="1/1to0/1_0" slope="0.00"/>
        <vehicle id="33" x="610.48" y="601.65" angle="-90.00" type="DEFAULT_VEHTYPE" speed="3.72" pos="189.52" lane="4/3to3/3_0" slope="0.00"/>
        <vehicle id="37" x="401.65" y="753.15" angle="180.00" type="DEFAULT_VEHTYPE" speed="13.24" pos="148.40" lane="2/3to2/4_0" slope="0.00"/>
        <vehicle id="39" x="601.65" y="224.76" angle="180.00" type="DEFAULT_VEHTYPE" speed="11.53" pos="20.01" lane="3/1to3/2_0" slope="0.00"/>
        <vehicle id="40" x="137.97" y="201.65" angle="-90.00" type="DEFAULT_VEHTYPE" speed="13.34" pos="57.28" lane="1/1to0/1_0" slope="0.00"/>
        <vehicle id="42" x="398.35" y="256.98" angle="0.00" type="DEFAULT_VEHTYPE" speed="13.52" pos="138.27" lane="2/2to2/1_0" slope="0.00"/>
        <vehicle id="43" x="401.65" y="710.21" angle="180.00" type="DEFAULT_VEHTYPE" speed="12.76" pos="105.46" lane="2/3to2/4_0" slope="0.00"/>
        <vehicle id="44" x="598.35" y="441.71" angle="0.00" type="DEFAULT_VEHTYPE" speed="13.73" pos="153.54" lane="3/3to3/2_0" slope="0.00"/>
        <vehicle id="48" x="681.11" y="601.65" angle="-90.00" type="DEFAULT_VEHTYPE" speed="13.49" pos="118.89" lane="4/3to3/3_0" slope="0.00"/>
        <vehicle id="49" x="401.65" y="626.64" angle="180.00" type="DEFAULT_VEHTYPE" speed="12.55" pos="21.89" lane="2/3to2/4_0" slope="0.00"/>
        <vehicle id="5" x="398.35" y="517.93" angle="0.00" type="DEFAULT_VEHTYPE" speed="13.42" pos="77.32" lane="2/3to2/2_0" slope="0.00"/>
        <vehicle id="6" x="258.26" y="598.35" angle="90.00" type="DEFAULT_VEHTYPE" speed="12.95" pos="53.51" lane="1/3to2/3_0" slope="0.00"/>
        <vehicle id="7" x="282.52" y="401.65" angle="-90.00" type="DEFAULT_VEHTYPE" speed="12.73" pos="112.73" lane="2/2to1/2_0" slope="0.00"/>
        <vehicle id="8" x="622.62" y="201.65" angle="-90.00" type="DEFAULT_VEHTYPE" speed="10.03" pos="177.38" lane="4/1to3/1_0" slope="0.00"/>
        <vehicle id="9" x="544.42" y="198.35" angle="90.00" type="DEFAULT_VEHTYPE" speed="13.72" pos="139.67" lane="2/1to3/1_0" slope="0.00"/>
    </timestep>
    <timestep time="791.00">
        <vehicle id="0" x="598.35" y="465.97" angle="0.00" type="DEFAULT_VEHTYPE" speed="13.14" pos="129.28" lane="3/3to3/2_0" slope="0.00"/>
        <vehicle id="10" x="401.65" y="2.88" angle="162.44" type="DEFAULT_VEHTYPE" speed="12.74" pos="2.88" lane="2/0to2/1_0" slope="0.00"/>
        <vehicle id="11" x="30.41" y="398.35" angle="90.00" type="DEFAULT_VEHTYPE" speed="12.98" pos="30.41" lane="0/2to1/2_0" slope="0.00"/>
        <vehicle id="15" x="198.35" y="379.24" angle="0.00" type="DEFAULT_VEHTYPE" speed="9.47" pos="16.01" lane="1/2to1/1_0" slope="0.00"/>
        <vehicle id="16" x="201.65" y="375.41" angle="180.00" type="DEFAULT_VEHTYPE" speed="12.76" pos="170.66" lane="1/1to1/2_0" slope="0.00"/>
        <vehicle id="17" x="201.65" y="465.43" angle="180.00" type="DEFAULT_VEHTYPE" speed="12.81" pos="60.68" lane="1/2to1/3_0" slope="0.00"/>
        <vehicle id="18" x="401.65" y="57.93" angle="180.00" type="DEFAULT_VEHTYPE" speed="13.84" pos="57.93" lane="2/0to2/1_0" slope="0.00"/>
        <vehicle id="2" x="236.46" y="198.35" angle="90.00" type="DEFAULT_VEHTYPE" speed="13.57" pos="31.71" lane="1/1to2/1_0" slope="0.00"/>
        <vehicle id="24" x="398.35" y="358.52" angle="0.00" type="DEFAULT_VEHTYPE" speed="12.74" pos="36.73" lane="2/2to2/1_0" slope="0.00"/>
        <vehicle id="28" x="312.21" y="401.65" angle="-90.00" type="DEFAULT_VEHTYPE" speed="13.64" pos="83.04" lane="2/2to1/2_0" slope="0.00"/>
        <vehicle id="29" x="779.02" y="601.65" angle="-90.00" type="DEFAULT_VEHTYPE" speed="13.53" pos="20.98" lane="4/3to3/3_0" slope="0.00"/>
        <vehicle id="3" x="79.23" y="201.65" angle="-90.00" type="DEFAULT_VEHTYPE" speed="13.63" pos="116.02" lane="1/1to0/1_0" slope="0.00"/>
        <vehicle id="33" x="605.04" y="601.65" angle="-90.00" type="DEFAULT_VEHTYPE" speed="5.44" pos="194.96" lane="4/3to3/3_0" slope="0.00"/>
        <vehicle id="37" x="401.65" y="767.04" angle="180.00" type="DEFAULT_VEHTYPE" speed="13.89" pos="162.29" lane="2/3to2/4_0" slope="0.00"/>
        <vehicle id="39" x="601.65" y="238.26" angle="180.00" type="DEFAULT_VEHTYPE" speed="13.51" pos="33.51" lane="3/1to3/2_0" slope="0.00"/>
        <vehicle id="40" x="125.24" y="201.65" angle="-90.00" type="DEFAULT_VEHTYPE" speed="12.73" pos="70.01" lane="1/1to0/1_0" slope="0.00"/>
        <vehicle id="42" x="398.35" y="244.24" angle="0.00" type="DEFAULT_VEHTYPE" speed="12.74" pos="151.01" lane="2/2to2/1_0" slope="0.00"/>
        <vehicle id="43" x="401.65" y="724.02" angle="180.00" type="DEFAULT_VEHTYPE" speed="13.80" pos="119.27" lane="2/3to2/4_0" slope="0.00"/>
        <vehicle id="44" x="598.35" y="428.67" angle="0.00" type="DEFAULT_VEHTYPE" speed="13.04" pos="166.58" lane="3/3to3/2_0" slope="0.00"/>
        <vehicle id="48" x="667.43" y="601.65" angle="-90.00" type="DEFAULT_VEHTYPE" speed="13.68" pos="132.57" lane="4/3to3/3_0" slope="0.00"/>
        <vehicle id="49" x="401.65" y="639.37" angle="180.00" type="DEFAULT_VEHTYPE" speed="12.73" pos="34.62" lane="2/3to2/4_0" slope="0.00"/>
        <vehicle id="5" x="398.35" y="504.96" angle="0.00" type="DEFAULT_VEHTYPE" speed="12.97" pos="90.29" lane="2/3to2/2_0" slope="0.00"/>
        <vehicle id="6" x="271.40" y="598.35" angle="90.00" type="DEFAULT_VEHTYPE" speed="13.14" pos="66.65" lane="1/3to2/3_0" slope="0.00"/>
        <vehicle id="7" x="269.80" y="401.65" angle="-90.00" type="DEFAULT_VEHTYPE" speed="12.72" pos="125.45" lane="2/2to1/2_0" slope="0.00"/>
        <vehicle id="8" x="615.79" y="201.65" angle="-90.00" type="DEFAULT_VEHTYPE" speed="6.82" pos="184.21" lane="4/1to3/1_0" slope="0.00"/>
        <vehicle id="9" x="558.29" y="198.35" angle="90.00" type="DEFAULT_VEHTYPE" speed="13.87" pos="153.54" lane="2/1to3/1_0" slope="0.00"/>
    </timestep>
    <timestep time="792.00">
        <vehicle id="0" x="598.35" y="452.76" angle="0.00" type="DEFAULT_VEHTYPE" speed="13.21" pos="142.49" lane="3/3to3/2_0" slope="0.00"/>
        <vehicle id="10" x="401.65" y="16.59" angle="180.00" type="DEFAULT_VEHTYPE" speed="13.71" pos="16.59" lane="2/0to2/1_0" slope="0.00"/>
        <vehicle id="11" x="44.14" y="398.35" angle="90.00" type="DEFAULT_VEHTYPE" speed="13.73" pos="44.14" lane="0/2to1/2_0" slope="0.00"/>
        <vehicle id="15" x="198.35" y="368.24" angle="0.00" type="DEFAULT_VEHTYPE" speed="10.99" pos="27.01" lane="1/2to1/1_0" slope="0.00"/>
        <vehicle id="16" x="201.65" y="388.18" angle="180.00" type="DEFAULT_VEHTYPE" speed="12.77" pos="183.43" lane="1/1to1/2_0" slope="0.00"/>
        <vehicle id="17" x="201.65" y="478.17" angle="180.00" type="DEFAULT_VEHTYPE" speed="12.74" pos="73.42" lane="1/2to1/3_0" slope="0.00"/>
        <vehicle id="18" x="401.65" y="71.75" angle="180.00" type="DEFAULT_VEHTYPE" speed="13.82" pos="71.75" lane="2/0to2/1_0" slope="0.00"/>
        <vehicle id="2" x="249.79" y="198.35" angle="90.00" type="DEFAULT_VEHTYPE" speed="13.33" pos="45.04" lane="1/1to2/1_0" slope="0.00"/>
        <vehicle id="24" x="398.35" y="345.77" angle="0.00" type="DEFAULT_VEHTYPE" speed="12.75" pos="49.48" lane="2/2to2/1_0" slope="0.00"/>
        <vehicle id="28" x="299.15" y="401.65" angle="-90.00" type="DEFAULT_VEHTYPE" speed="13.06" pos="96.10" lane="2/2to1/2_0" slope="0.00"/>
        <vehicle id="29" x="765.72" y="601.65" angle="-90.00" type="DEFAULT_VEHTYPE" speed="13.30" pos="34.28" lane="4/3to3/3_0" slope="0.00"/>
        <vehicle id="3" x="66.13" y="201.65" angle="-90.00" type="DEFAULT_VEHTYPE" speed="13.09" pos="129.12" lane="1/1to0/1_0" slope="0.00"/>
        <vehicle id="33" x="599.27" y="598.91" angle="-57.82" type="DEFAULT_VEHTYPE" speed="6.77" pos="6.48" lane=":3/3_6_0" slope="0.00"/>
        <vehicle id="37" x="401.65" y="779.78" angle="180.00" type="DEFAULT_VEHTYPE" speed="12.75" pos="175.03" lane="2/3to2/4_0" slope="0.00"/>
        <vehicle id="39" x="601.65" y="251.14" angle="180.00" type="DEFAULT_VEHTYPE" speed="12.88" pos="46.39" lane="3/1to3/2_0" slope="0.00"/>
        <vehicle id="40" x="111.36" y="201.65" angle="-90.00" type="DEFAULT_VEHTYPE" speed="13.89" pos="83.89" lane="1/1to0/1_0" slope="0.00"/>
        <vehicle id="42" x="398.35" y="231.35" angle="0.00" type="DEFAULT_VEHTYPE" speed="12.89" pos="163.90" lane="2/2to2/1_0" slope="0.00"/>
        <vehicle id="43" x="401.65" y="737.00" angle="180.00" type="DEFAULT_VEHTYPE" speed="12.98" pos="132.25" lane="2/3to2/4_0" slope="0.00"/>
        <vehicle id="44" x="598.35" y="414.89" angle="0.00" type="DEFAULT_VEHTYPE" speed="13.78" pos="180.36" lane="3/3to3/2_0" slope="0.00"/>
        <vehicle id="48" x="653.59" y="601.65" angle="-90.00" type="DEFAULT_VEHTYPE" speed="13.84" pos="146.41" lane="4/3to3/3_0" slope="0.00"/>
        <vehicle id="49" x="401.65" y="652.01" angle="180.00" type="DEFAULT_VEHTYPE" speed="12.64" pos="47.26" lane="2/3to2/4_0" slope="0.00"/>
        <vehicle id="5" x="398.35" y="491.96" angle="0.00" type="DEFAULT_VEHTYPE" speed="13.01" pos="103.29" lane="2/3to2/2_0" slope="0.00"/>
        <vehicle id="6" x="285.03" y="598.35" angle="90.00" type="DEFAULT_VEHTYPE" speed="13.63" pos="80.28" lane="1/3to2/3_0" slope="0.00"/>
        <vehicle id="7" x="256.43" y="401.65" angle="-90.00" type="DEFAULT_VEHTYPE" speed="13.38" pos="138.82" lane="2/2to1/2_0" slope="0.00"/>
        <vehicle id="8" x="611.28" y="201.65" angle="-90.00" type="DEFAULT_VEHTYPE" speed="4.52" pos="188.72" lane="4/1to3/1_0" slope="0.00"/>
        <vehicle id="9" x="571.51" y="198.35" angle="90.00" type="DEFAULT_VEHTYPE" speed="13.22" pos="166.76" lane="2/1to3/1_0" slope="0.00"/>
    </timestep>
    <timestep time="793.00">
        <vehicle id="0" x="598.35" y="439.11" angle="0.00" type="DEFAULT_VEHTYPE" speed="13.65" pos="156.14" lane="3/3to3/2_0" slope="0.00"/>
        <vehicle id="10" x="401.65" y="29.79" angle="180.00" type="DEFAULT_VEHTYPE" speed="13.20" pos="29.79" lane="2/0to2/1_0" slope="0.00"/>
        <vehicle id="11" x="56.87" y="398.35" angle="90.00" type="DEFAULT_VEHTYPE" speed="12.73" pos="56.87" lane="0/2to1/2_0" slope="0.00"/>
        <vehicle id="15" x="198.35" y="355.10" angle="0.00" type="DEFAULT_VEHTYPE" speed="13.15" pos="40.15" lane="1/2to1/1_0" slope="0.00"/>
        <vehicle id="16" x="201.65" y="401.76" angle="180.00" type="DEFAULT_VEHTYPE" speed="13.58" pos="6.51" lane=":1/2_9_0" slope="0.00"/>
        <vehicle id="17" x="201.65" y="491.50" angle="180.00" type="DEFAULT_VEHTYPE" speed="13.34" pos="86.75" lane="1/2to1/3_0" slope="0.00"/>
        <vehicle id="18" x="401.65" y="84.39" angle="180.00" type="DEFAULT_VEHTYPE" speed="12.64" pos="84.39" lane="2/0to2/1_0" slope="0.00"/>
        <vehicle id="2" x="262.50" y="198.35" angle="90.00" type="DEFAULT_VEHTYPE" speed="12.71" pos="57.75" lane="1/1to2/1_0" slope="0.00"/>
        <vehicle id="24" x="398.35" y="332.47" angle="0.00" type="DEFAULT_VEHTYPE" speed="13.30" pos="62.78" lane="2/2to2/1_0" slope="0.00"/>
        <vehicle id="28" x="285.59" y="401.65" angle="-90.00" type="DEFAULT_VEHTYPE" speed="13.56" pos="109.66" lane="2/2to1/2_0" slope="0.00"/>
        <vehicle id="29" x="751.93" y="601.65" angle="-90.00" type="DEFAULT_VEHTYPE" speed="13.79" pos="48.07" lane="4/3to3/3_0" slope="0.00"/>
        <vehicle id="3" x="52.71" y="201.65" angle="-90.00" type="DEFAULT_VEHTYPE" speed="13.42" pos="142.54" lane="1/1to0/1_0" slope="0.00"/>
        <vehicle id="33" x="598.35" y="589.79" angle="0.00" type="DEFAULT_VEHTYPE" speed="9.30" pos="5.46" lane="3/3to3/2_0" slope="0.00"/>
        <vehicle id="37" x="401.65" y="793.65" angle="180.00" type="DEFAULT_VEHTYPE" speed="13.87" pos="188.90" lane="2/3to2/4_0" slope="0.00"/>
        <vehicle id="39" x="601.65" y="264.80" angle="180.00" type="DEFAULT_VEHTYPE" speed="13.66" pos="60.05" lane="3/1to3/2_0" slope="0.00"/>
        <vehicle id="40" x="97.94" y="201.65" angle="-90.00" type="DEFAULT_VEHTYPE" speed="13.42" pos="97.31" lane="1/1to0/1_0" slope="0.00"/>
        <vehicle id="42" x="398.35" y="218.25" angle="0.00" type="DEFAULT_VEHTYPE" speed="13.09" pos="177.00" lane="2/2to2/1_0" slope="0.00"/>
        <vehicle id="43" x="401.65" y="749.79" angle="180.00" type="DEFAULT_VEHTYPE" speed="12.79" pos="145.04" lane="2/3to2/4_0" slope="0.00"/>
        <vehicle id="44" x="596.61" y="401.84" angle="-22.01" type="DEFAULT_VEHTYPE" speed="13.76" pos="3.62" lane=":3/2_0_0" slope="0.00"/>
        <vehicle id="48" x="640.12" y="601.65" angle="-90.00" type="DEFAULT_VEHTYPE" speed="13.47" pos="159.88" lane="4/3to3/3_0" slope="0.00"/>
        <vehicle id="49" x="401.65" y="665.01" angle="180.00" type="DEFAULT_VEHTYPE" speed="13.01" pos="60.26" lane="2/3to2/4_0" slope="0.00"/>
        <vehicle id="5" x="398.35" y="478.60" angle="0.00" type="DEFAULT_VEHTYPE" speed="13.36" pos="116.65" lane="2/3to2/2_0" slope="0.00"/>
        <vehicle id="6" x="298.44" y="598.35" angle="90.00" type="DEFAULT_VEHTYPE" speed="13.41" pos="93.69" lane="1/3to2/3_0" slope="0.00"/>
        <vehicle id="7" x="243.38" y="401.65" angle="-90.00" type="DEFAULT_VEHTYPE" speed="13.05" pos="151.87" lane="2/2to1/2_0" slope="0.00"/>
        <vehicle id="8" x="604.25" y="201.72" angle="-90.80" type="DEFAULT_VEHTYPE" speed="7.03" pos="0.50" lane=":3/1_4_0" slope="0.00"/>
        <vehicle id="9" x="580.31" y="198.35" angle="90.00" type="DEFAULT_VEHTYPE" speed="8.80" pos="175.56" lane="2/1to3/1_0" slope="0.00"/>
    </timestep>
    <timestep time="794.00">
        <vehicle id="0" x="598.35" y="426.04" angle="0.00" type="DEFAULT_VEHTYPE" speed="13.06" pos="169.21" lane="3/3to3/2_0" slope="0.00"/>
        <vehicle id="10" x="401.65" y="42.39" angle="180.00" type="DEFAULT_VEHTYPE" speed="12.61" pos="42.39" lane="2/0to2/1_0" slope="0.00"/>
        <vehicle id="11" x="69.60" y="398.35" angle="90.00" type="DEFAULT_VEHTYPE" speed="12.72" pos="69.60" lane="0/2to1/2_0" slope="0.00"/>
        <vehicle id="15" x="198.35" y="342.15" angle="0.00" type="DEFAULT_VEHTYPE" speed="12.95" pos="53.10" lane="1/2to1/1_0" slope="0.00"/>
        <vehicle id="16" x="201.65" y="415.64" angle="180.00" type="DEFAULT_VEHTYPE" speed="13.88" pos="10.89" lane="1/2to1/3_0" slope="0.00"/>
        <vehicle id="17" x="201.65" y="504.11" angle="180.00" type="DEFAULT_VEHTYPE" speed="12.60" pos="99.36" lane="1/2to1/3_0" slope="0.00"/>
        <vehicle id="18" x="401.65" y="97.52" angle="180.00" type="DEFAULT_VEHTYPE" speed="13.13" pos="97.52" lane="2/0to2/1_0" slope="0.00"/>
        <vehicle id="2" x="275.29" y="198.35" angle="90.00" type="DEFAULT_VEHTYPE" speed="12.79" pos="70.54" lane="1/1to2/1_0" slope="0.00"/>
        <vehicle id="24" x="398.35" y="319.82" angle="0.00" type="DEFAULT_VEHTYPE" speed="12.65" pos="75.43" lane="2/2to2/1_0" slope="0.00"/>
        <vehicle id="28" x="272.29" y="401.65" angle="-90.00" type="DEFAULT_VEHTYPE" speed="13.31" pos="122.96" lane="2/2to1/2_0" slope="0.00"/>
        <vehicle id="29" x="739.07" y="601.65" angle="-90.00" type="DEFAULT_VEHTYPE" speed="12.86" pos="60.93" lane="4/3to3/3_0" slope="0.00"/>
        <vehicle id="3" x="39.80" y="201.65" angle="-90.00" type="DEFAULT_VEHTYPE" speed="12.91" pos="155.45" lane="1/1to0/1_0" slope="0.00"/>
        <vehicle id="33" x="598.35" y="578.71" angle="0.00" type="DEFAULT_VEHTYPE" speed="11.08" pos="16.54" lane="3/3to3/2_0" slope="0.00"/>
        <vehicle id="37" x="398.35" y="797.59" angle="-24.50" type="DEFAULT_VEHTYPE" speed="13.58" pos="2.41" lane="2/4to2/3_0" slope="0.00"/>
        <vehicle id="39" x="601.65" y="278.11" angle="180.00" type="DEFAULT_VEHTYPE" speed="13.31" pos="73.36" lane="3/1to3/2_0" slope="0.00"/>
        <vehicle id="40" x="85.05" y="201.65" angle="-90.00" type="DEFAULT_VEHTYPE" speed="12.88" pos="110.20" lane="1/1to0/1_0" slope="0.00"/>
        <vehicle id="42" x="398.32" y="204.52" angle="-0.36" type="DEFAULT_VEHTYPE" speed="13.73" pos="0.23" lane=":2/1_0_0" slope="0.00"/>
        <vehicle id="43" x="401.65" y="763.10" angle="180.00" type="DEFAULT_VEHTYPE" speed="13.31" pos="158.35" lane="2/3to2/4_0" slope="0.00"/>
        <vehicle id="44" x="583.49" y="401.65" angle="-90.00" type="DEFAULT_VEHTYPE" speed="13.14" pos="11.76" lane="3/2to2/2_0" slope="0.00"/>
        <vehicle id="48" x="627.25" y="601.65" angle="-90.00" type="DEFAULT_VEHTYPE" speed="12.87" pos="172.75" lane="4/3to3/3_0" slope="0.00"/>
        <vehicle id="49" x="401.65" y="678.69" angle="180.00" type="DEFAULT_VEHTYPE" speed="13.67" pos="73.94" lane="2/3to2/4_0" slope="0.00"/>
        <vehicle id="5" x="398.35" y="465.78" angle="0.00" type="DEFAULT_VEHTYPE" speed="12.82" pos="129.47" lane="2/3to2/2_0" slope="0.00"/>
        <vehicle id="6" x="312.00" y="598.35" angle="90.00" type="DEFAULT_VEHTYPE" speed="13.56" pos="107.25" lane="1/3to2/3_0" slope="0.00"/>
        <vehicle id="7" x="229.90" y="401.65" angle="-90.00" type="DEFAULT_VEHTYPE" speed="13.48" pos="165.35" lane="2/2to1/2_0" slope="0.00"/>
        <vehicle id="8" x="601.65" y="208.65" angle="-178.25" type="DEFAULT_VEHTYPE" speed="8.39" pos="3.90" lane="3/1to3/2_0" slope="0.00"/>
        <vehicle id="9" x="586.38" y="198.35" angle="90.00" type="DEFAULT_VEHTYPE" speed="6.07" pos="181.63" lane="2/1to3/1_0" slope="0.00"/>
    </timestep>
    <timestep time="795.00">
        <vehicle id="0" x="598.35" y="413.34" angle="0.00" type="DEFAULT_VEHTYPE" speed="12.70" pos="181.91" lane="3/3to3/2_0" slope="0.00"/>
        <vehicle id="10" x="401.65" y="56.13" angle="180.00" type="DEFAULT_VEHTYPE" speed="13.74" pos="56.13" lane="2/0to2/1_0" slope="0.00"/>
        <vehicle id="11" x="82.29" y="398.35" angle="90.00" type="DEFAULT_VEHTYPE" speed="12.69" pos="82.29" lane="0/2to1/2_0" slope="0.00"/>
        <vehicle id="15" x="198.35" y="329.35" angle="0.00" type="DEFAULT_VEHTYPE" speed="12.79" pos="65.90" lane="1/2to1/1_0" slope="0.00"/>
        <vehicle id="16" x="201.65" y="428.60" angle="180.00" type="DEFAULT_VEHTYPE" speed="12.97" pos="23.85" lane="1/2to1/3_0" slope="0.00"/>
        <vehicle id="17" x="201.65" y="517.56" angle="180.00" type="DEFAULT_VEHTYPE" speed="13.46" pos="112.81" lane="1/2to1/3_0" slope="0.00"/>
        <vehicle id="18" x="401.65" y="111.13" angle="180.00" type="DEFAULT_VEHTYPE" speed="13.61" pos="111.13" lane="2/0to2/1_0" slope="0.00"/>
        <vehicle id="2" x="288.47" y="198.35" angle="90.00" type="DEFAULT_VEHTYPE" speed="13.18" pos="83.72" lane="1/1to2/1_0" slope="0.00"/>
        <vehicle id="24" x="398.35" y="305.93" angle="0.00" type="DEFAULT_VEHTYPE" speed="13.89" pos="89.32" lane="2/2to2/1_0" slope="0.00"/>
        <vehicle id="28" x="259.22" y="401.65" angle="-90.00" type="DEFAULT_VEHTYPE" speed="13.06" pos="136.03" lane="2/2to1/2_0" slope="0.00"/>
        <vehicle id="29" x="725.58" y="601.65" angle="-90.00" type="DEFAULT_VEHTYPE" speed="13.48" pos="74.42" lane="4/3to3/3_0" slope="0.00"/>
        <vehicle id="3" x="25.95" y="201.65" angle="-90.00" type="DEFAULT_VEHTYPE" speed="13.85" pos="169.30" lane="1/1to0/1_0" slope="0.00"/>
        <vehicle id="33" x="598.35" y="565.53" angle="0.00" type="DEFAULT_VEHTYPE" speed="13.18" pos="29.72" lane="3/3to3/2_0" slope="0.00"/>
        <vehicle id="37" x="398.35" y="783.72" angle="0.00" type="DEFAULT_VEHTYPE" speed="13.87" pos="16.28" lane="2/4to2/3_0" slope="0.00"/>
        <vehicle id="39" x="601.65" y="291.22" angle="180.00" type="DEFAULT_VEHTYPE" speed="13.11" pos="86.47" lane="3/1to3/2_0" slope="0.00"/>
        <vehicle id="40" x="71.35" y="201.65" angle="-90.00" type="DEFAULT_VEHTYPE" speed="13.70" pos="123.90" lane="1/1to0/1_0" slope="0.00"/>
        <vehicle id="42" x="386.57" y="201.65" angle="-90.00" type="DEFAULT_VEHTYPE" speed="13.45" pos="8.68" lane="2/1to1/1_0" slope="0.00"/>
        <vehicle id="43" x="401.65" y="776.38" angle="180.00" type="DEFAULT_VEHTYPE" speed="13.28" pos="171.63" lane="2/3to2/4_0" slope="0.00"/>
        <vehicle id="44" x="569.68" y="401.65" angle="-90.00" type="DEFAULT_VEHTYPE" speed="13.81" pos="25.57" lane="3/2to2/2_0" slope="0.00"/>
        <vehicle id="48" x="617.66" y="601.65" angle="-90.00" type="DEFAULT_VEHTYPE" speed="9.59" pos="182.34" lane="4/3to3/3_0" slope="0.00"/>
        <vehicle id="49" x="401.65" y="691.51" angle="180.00" type="DEFAULT_VEHTYPE" speed="12.82" pos="86.76" lane="2/3to2/4_0" slope="0.00"/>
        <vehicle id="5" x="398.35" y="452.43" angle="0.00" type="DEFAULT_VEHTYPE" speed="13.35" pos="142.82" lane="2/3to2/2_0" slope="0.00"/>
        <vehicle id="6" x="324.89" y="598.35" angle="90.00" type="DEFAULT_VEHTYPE" speed="12.89" pos="120.14" lane="1/3to2/3_0" slope="0.00"/>
        <vehicle id="7" x="220.53" y="401.65" angle="-90.00" type="DEFAULT_VEHTYPE" speed="9.37" pos="174.72" lane="2/2to1/2_0" slope="0.00"/>
        <vehicle id="8" x="601.65" y="219.47" angle="180.00" type="DEFAULT_VEHTYPE" speed="10.82" pos="14.72" lane="3/1to3/2_0" slope="0.00"/>
        <vehicle id="9" x="590.66" y="198.35" angle="90.00" type="DEFAULT_VEHTYPE" speed="4.28" pos="185.91" lane="2/1to3/1_0" slope="0.00"/>
    </timestep>
    <timestep time="796.00">
        <vehicle id="0" x="596.22" y="401.79" angle="-28.28" type="DEFAULT_VEHTYPE" speed="12.61" pos="4.02" lane=":3/2_0_0" slope="0.00"/>
        <vehicle id="10" x="401.65" y="69.66" angle="180.00" type="DEFAULT_VEHTYPE" speed="13.52" pos="69.66" lane="2/0to2/1_0" slope="0.00"/>
        <vehicle id="11" x="94.92" y="398.35" angle="90.00" type="DEFAULT_VEHTYPE" speed="12.63" pos="94.92" lane="0/2to1/2_0" slope="0.00"/>
        <vehicle id="15" x="198.35" y="316.06" angle="0.00" type="DEFAULT_VEHTYPE" speed="13.29" pos="79.19" lane="1/2to1/1_0" slope="0.00"/>
        <vehicle id="16" x="201.65" y="442.11" angle="180.00" type="DEFAULT_VEHTYPE" speed="13.51" pos="37.36" lane="1/2to1/3_0" slope="0.00"/>
        <vehicle id="17" x="201.65" y="530.56" angle="180.00" type="DEFAULT_VEHTYPE" speed="13.00" pos="125.81" lane="1/2to1/3_0" slope="0.00"/>
        <vehicle id="18" x="401.65" y="124.97" angle="180.00" type="DEFAULT_VEHTYPE" speed="13.84" pos="124.97" lane="2/0to2/1_0" slope="0.00"/>
        <vehicle id="2" x="301.48" y="198.35" angle="90.00" type="DEFAULT_VEHTYPE" speed="13.01" pos="96.73" lane="1/1to2/1_0" slope="0.00"/>
        <vehicle id="24" x="398.35" y="293.17" angle="0.00" type="DEFAULT_VEHTYPE" speed="12.76" pos="102.08" lane="2/2to2/1_0" slope="0.00"/>
        <vehicle id="28" x="245.50" y="401.65" angle="-90.00" type="DEFAULT_VEHTYPE" speed="13.72" pos="149.75" lane="2/2to1/2_0" slope="0.00"/>
        <vehicle id="29" x="712.92" y="601.65" angle="-90.00" type="DEFAULT_VEHTYPE" speed="12.66" pos="87.08" lane="4/3to3/3_0" slope="0.00"/>
        <vehicle id="3" x="13.17" y="201.65" angle="-90.00" type="DEFAULT_VEHTYPE" speed="12.78" pos="182.08" lane="1/1to0/1_0" slope="0.00"/>
        <vehicle id="33" x="598.35" y="551.96" angle="0.00" type="DEFAULT_VEHTYPE" speed="13.57" pos="43.29" lane="3/3to3/2_0" slope="0.00"/>
        <vehicle id="37" x="398.35" y="769.87" angle="0.00" type="DEFAULT_VEHTYPE" speed="13.85" pos="30.13" lane="2/4to2/3_0" slope="0.00"/>
        <vehicle id="39" x="601.65" y="304.08" angle="180.00" type="DEFAULT_VEHTYPE" speed="12.86" pos="99.33" lane="3/1to3/2_0" slope="0.00"/>
        <vehicle id="40" x="58.43" y="201.65" angle="-90.00" type="DEFAULT_VEHTYPE" speed="12.92" pos="136.82" lane="1/1to0/1_0" slope="0.00"/>
        <vehicle id="42" x="373.58" y="201.65" angle="-90.00" type="DEFAULT_VEHTYPE" speed="12.99" pos="21.67" lane="2/1to1/1_0" slope="0.00"/>
        <vehicle id="43" x="401.65" y="789.13" angle="180.00" type="DEFAULT_VEHTYPE" speed="12.74" pos="184.38" lane="2/3to2/4_0" slope="0.00"/>
        <vehicle id="44" x="556.10" y="401.65" angle="-90.00" type="DEFAULT_VEHTYPE" speed="13.58" pos="39.15" lane="3/2to2/2_0" slope="0.00"/>
        <vehicle id="48" x="611.61" y="601.65" angle="-90.00" type="DEFAULT_VEHTYPE" speed="6.05" pos="188.39" lane="4/3to3/3_0" slope="0.00"/>
        <vehicle id="49" x="401.65" y="704.25" angle="180.00" type="DEFAULT_VEHTYPE" speed="12.74" pos="99.50" lane="2/3to2/4_0" slope="0.00"/>
        <vehicle id="5" x="398.35" y="438.91" angle="0.00" type="DEFAULT_VEHTYPE" speed="13.52" pos="156.34" lane="2/3to2/2_0" slope="0.00"/>
        <vehicle id="6" x="338.40" y="598.35" angle="90.00" type="DEFAULT_VEHTYPE" speed="13.50" pos="133.65" lane="1/3to2/3_0" slope="0.00"/>
        <vehicle id="7" x="213.64" y="401.65" angle="-90.00" type="DEFAULT_VEHTYPE" speed="6.90" pos="181.61" lane="2/2to1/2_0" slope="0.00"/>
        <vehicle id="8" x="601.65" y="232.27" angle="180.00" type="DEFAULT_VEHTYPE" speed="12.80" pos="27.52" lane="3/1to3/2_0" slope="0.00"/>
        <vehicle id="9" x="596.82" y="198.57" angle="92.58" type="DEFAULT_VEHTYPE" speed="6.18" pos="1.59" lane=":3/1_14_0" slope="0.00"/>
    </timestep>
    <timestep time="797.00">
        <vehicle id="0" x="583.10" y="401.65" angle="-90.00" type="DEFAULT_VEHTYPE" speed="13.13" pos="12.15" lane="3/2to2/2_0" slope="0.00"/>
        <vehicle id="10" x="401.65" y="82.44" angle="180.00" type="DEFAULT_VEHTYPE" speed="12.78" pos="82.44" lane="2/0to2/1_0" slope="0.00"/>
        <vehicle id="11" x="108.06" y="398.35" angle="90.00" type="DEFAULT_VEHTYPE" speed="13.14" pos="108.06" lane="0/2to1/2_0" slope="0.00"/>
        <vehicle id="15" x="198.35" y="302.96" angle="0.00" type="DEFAULT_VEHTYPE" speed="13.10" pos="92.29" lane="1/2to1/1_0" slope="0.00"/>
        <vehicle id="16" x="201.65" y="455.13" angle="180.00" type="DEFAULT_VEHTYPE" speed="13.02" pos="50.38" lane="1/2to1/3_0" slope="0.00"/>
        <vehicle id="17" x="201.65" y="543.87" angle="180.00" type="DEFAULT_VEHTYPE" speed="13.30" pos="139.12" lane="1/2to1/3_0" slope="0.00"/>
        <vehicle id="18" x="401.65" y="137.94" angle="180.00" type="DEFAULT_VEHTYPE" speed="12.97" pos="137.94" lane="2/0to2/1_0" slope="0.00"/>
        <vehicle id="2" x="314.16" y="198.35" angle="90.00" type="DEFAULT_VEHTYPE" speed="12.68" pos="109.41" lane="1/1to2/1_0" slope="0.00"/>
        <vehicle id="24" x="398.35" y="280.56" angle="0.00" type="DEFAULT_VEHTYPE" speed="12.61" pos="114.69" lane="2/2to2/1_0" slope="0.00"/>
        <vehicle id="28" x="233.36" y="401.65" angle="-90.00" type="DEFAULT_VEHTYPE" speed="12.13" pos="161.89" lane="2/2to1/2_0" slope="0.00"/>
        <vehicle id="29" x="699.61" y="601.65" angle="-90.00" type="DEFAULT_VEHTYPE" speed="13.31" pos="100.39" lane="4/3to3/3_0" slope="0.00"/>
        <vehicle id="3" x="0.29" y="201.65" angle="-90.00" type="DEFAULT_VEHTYPE" speed="12.88" pos="194.96" lane="1/1to0/1_0" slope="0.00"/>
        <vehicle id="33" x="598.35" y="538.66" angle="0.00" type="DEFAULT_VEHTYPE" speed="13.30" pos="56.59" lane="3/3to3/2_0" slope="0.00"/>
        <vehicle id="37" x="398.35" y="755.97" angle="0.00" type="DEFAULT_VEHTYPE" speed="13.90" pos="44.03" lane="2/4to2/3_0" slope="0.00"/>
        <vehicle id="39" x="601.65" y="317.84" angle="180.00" type="DEFAULT_VEHTYPE" speed="13.77" pos="113.09" lane="3/1to3/2_0" slope="0.00"/>
        <vehicle id="40" x="44.90" y="201.65" angle="-90.00" type="DEFAULT_VEHTYPE" speed="13.53" pos="150.35" lane="1/1to0/1_0" slope="0.00"/>
        <vehicle id="42" x="360.61" y="201.65" angle="-90.00" type="DEFAULT_VEHTYPE" speed="12.96" pos="34.64" lane="2/1to1/1_0" slope="0.00"/>
        <vehicle id="43" x="399.64" y="801.47" angle="-151.13" type="DEFAULT_VEHTYPE" speed="13.69" pos="2.82" lane=":2/4_0_0" slope="0.00"/>
        <vehicle id="44" x="542.74" y="401.65" angle="-90.00" type="DEFAULT_VEHTYPE" speed="13.36" pos="52.51" lane="3/2to2/2_0" slope="0.00"/>
        <vehicle id="48" x="603.43" y="601.46" angle="-87.84" type="DEFAULT_VEHTYPE" speed="8.20" pos="1.33" lane=":3/3_6_0" slope="0.00"/>
        <vehicle id="49" x="401.65" y="716.89" angle="180.00" type="DEFAULT_VEHTYPE" speed="12.64" pos="112.14" lane="2/3to2/4_0" slope="0.00"/>
        <vehicle id="5" x="398.35" y="425.54" angle="0.00" type="DEFAULT_VEHTYPE" speed="13.37" pos="169.71" lane="2/3to2/2_0" slope="0.00"/>
        <vehicle id="6" x="351.82" y="598.35" angle="90.00" type="DEFAULT_VEHTYPE" speed="13.42" pos="147.07" lane="1/3to2/3_0" slope="0.00"/>
        <vehicle id="7" x="209.97" y="401.65" angle="-90.00" type="DEFAULT_VEHTYPE" speed="3.67" pos="185.28" lane="2/2to1/2_0" slope="0.00"/>
        <vehicle id="8" x="601.65" y="245.61" angle="180.00" type="DEFAULT_VEHTYPE" speed="13.34" pos="40.86" lane="3/1to3/2_0" slope="0.00"/>
        <vehicle id="9" x="601.54" y="203.96" angle="154.91" type="DEFAULT_VEHTYPE" speed="7.94" pos="9.53" lane=":3/1_14_0" slope="0.00"/>
    </timestep>
    <timestep time="798.00">
        <vehicle id="0" x="569.35" y="401.65" angle="-90.00" type="DEFAULT_VEHTYPE" speed="13.75" pos="25.90" lane="3/2to2/2_0" slope="0.00"/>
        <vehicle id="10" x="401.65" y="96.11" angle="180.00" type="DEFAULT_VEHTYPE" speed="13.67" pos="96.11" lane="2/0to2/1_0" slope="0.00"/>
        <vehicle id="11" x="121.82" y="398.35" angle="90.00" type="DEFAULT_VEHTYPE" speed="13.75" pos="121.82" lane="0/2to1/2_0" slope="0.00"/>
        <vehicle id="15" x="198.35" y="289.99" angle="0.00" type="DEFAULT_VEHTYPE" speed="12.97" pos="105.26" lane="1/2to1/1_0" slope="0.00"/>
        <vehicle id="16" x="201.65" y="468.88" angle="180.00" type="DEFAULT_VEHTYPE" speed="13.75" pos="64.13" lane="1/2to1/3_0" slope="0.00"/>
        <vehicle id="17" x="201.65" y="557.74" angle="180.00" type="DEFAULT_VEHTYPE" speed="13.87" pos="152.99" lane="1/2to1/3_0" slope="0.00"/>
        <vehicle id="18" x="401.65" y="150.67" angle="180.00" type="DEFAULT_VEHTYPE" speed="12.73" pos="150.67" lane="2/0to2/1_0" slope="0.00"/>
        <vehicle id="2" x="327.43" y="198.35" angle="90.00" type="DEFAULT_VEHTYPE" speed="13.27" pos="122.68" lane="1/1to2/1_0" slope="0.00"/>
        <vehicle id="24" x="398.35" y="266.69" angle="0.00" type="DEFAULT_VEHTYPE" speed="13.88" pos="128.56" lane="2/2to2/1_0" slope="0.00"/>
        <vehicle id="28" x="225.73" y="401.65" angle="-90.00" type="DEFAULT_VEHTYPE" speed="7.63" pos="169.52" lane="2/2to1/2_0" slope="0.00"/>
        <vehicle id="29" x="686.60" y="601.65" angle="-90.00" type="DEFAULT_VEHTYPE" speed="13.01" pos="113.40" lane="4/3to3/3_0" slope="0.00"/>
        <vehicle id="3" x="8.49" y="198.35" angle="90.00" type="DEFAULT_VEHTYPE" speed="13.60" pos="8.49" lane="0/1to1/1_0" slope="0.00"/>
        <vehicle id="33" x="598.35" y="525.55" angle="0.00" type="DEFAULT_VEHTYPE" speed="13.11" pos="69.70" lane="3/3to3/2_0" slope="0.00"/>
        <vehicle id="37" x="398.35" y="742.70" angle="0.00" type="DEFAULT_VEHTYPE" speed="13.27" pos="57.30" lane="2/4to2/3_0" slope="0.00"/>
        <vehicle id="39" x="601.65" y="330.54" angle="180.00" type="DEFAULT_VEHTYPE" speed="12.70" pos="125.79" lane="3/1to3/2_0" slope="0.00"/>
        <vehicle id="40" x="32.28" y="201.65" angle="-90.00" type="DEFAULT_VEHTYPE" speed="12.63" pos="162.97" lane="1/1to0/1_0" slope="0.00"/>
        <vehicle id="42" x="347.12" y="201.65" angle="-90.00" type="DEFAULT_VEHTYPE" speed="13.50" pos="48.13" lane="2/1to1/1_0" slope="0.00"/>
        <vehicle id="43" x="398.35" y="788.46" angle="0.00" type="DEFAULT_VEHTYPE" speed="13.54" pos="11.54" lane="2/4to2/3_0" slope="0.00"/>
        <vehicle id="44" x="529.12" y="401.65" angle="-90.00" type="DEFAULT_VEHTYPE" speed="13.62" pos="66.13" lane="3/2to2/2_0" slope="0.00"/>
        <vehicle id="48" x="598.35" y="594.60" angle="-13.95" type="DEFAULT_VEHTYPE" speed="9.64" pos="0.65" lane="3/3to3/2_0" slope="0.00"/>
        <vehicle id="49" x="401.65" y="730.13" angle="180.00" type="DEFAULT_VEHTYPE" speed="13.24" pos="125.38" lane="2/3to2/4_0" slope="0.00"/>
        <vehicle id="5" x="398.35" y="412.26" angle="0.00" type="DEFAULT_VEHTYPE" speed="13.28" pos="182.99" lane="2/3to2/2_0" slope="0.00"/>
        <vehicle id="6" x="364.47" y="598.35" angle="90.00" type="DEFAULT_VEHTYPE" speed="12.65" pos="159.72" lane="1/3to2/3_0" slope="0.00"/>
        <vehicle id="7" x="204.63" y="401.65" angle="-90.00" type="DEFAULT_VEHTYPE" speed="5.34" pos="0.12" lane=":1/2_5_0" slope="0.00"/>
        <vehicle id="8" x="601.65" y="258.46" angle="180.00" type="DEFAULT_VEHTYPE" speed="12.85" pos="53.71" lane="3/1to3/2_0" slope="0.00"/>
        <vehicle id="9" x="601.65" y="213.63" angle="180.00" type="DEFAULT_VEHTYPE" speed="9.67" pos="8.88" lane="3/1to3/2_0" slope="0.00"/>
    </timestep>
    <timestep time="799.00">
        <vehicle id="0" x="555.50" y="401.65" angle="-90.00" type="DEFAULT_VEHTYPE" speed="13.85" pos="39.75" lane="3/2to2/2_0" slope="0.00"/>
        <vehicle id="10" x="401.65" y="108.93" angle="180.00" type="DEFAULT_VEHTYPE" speed="12.82" pos="108.93" lane="2/0to2/1_0" slope="0.00"/>
        <vehicle id="11" x="134.61" y="398.35" angle="90.00" type="DEFAULT_VEHTYPE" speed="12.80" pos="134.61" lane="0/2to1/2_0" slope="0.00"/>
        <vehicle id="15" x="198.35" y="276.67" angle="0.00" type="DEFAULT_VEHTYPE" speed="13.32" pos="118.58" lane="1/2to1/1_0" slope="0.00"/>
        <vehicle id="16" x="201.65" y="482.76" angle="180.00" type="DEFAULT_VEHTYPE" speed="13.88" pos="78.01" lane="1/2to1/3_0" slope="0.00"/>
        <vehicle id="17" x="201.65" y="571.61" angle="180.00" type="DEFAULT_VEHTYPE" speed="13.87" pos="166.86" lane="1/2to1/3_0" slope="0.00"/>
        <vehicle id="18" x="401.65" y="164.38" angle="180.00" type="DEFAULT_VEHTYPE" speed="13.71" pos="164.38" lane="2/0to2/1_0" slope="0.00"/>
        <vehicle id="2" x="341.00" y="198.35" angle="90.00" type="DEFAULT_VEHTYPE" speed="13.57" pos="136.25" lane="1/1to2/1_0" slope="0.00"/>
        <vehicle id="24" x="398.35" y="253.87" angle="0.00" type="DEFAULT_VEHTYPE" speed="12.82" pos="141.38" lane="2/2to2/1_0" slope="0.00"/>
        <vehicle id="28" x="217.66" y="401.65" angle="-90.00" type="DEFAULT_VEHTYPE" speed="8.07" pos="177.59" lane="2/2to1/2_0" slope="0.00"/>
        <vehicle id="29" x="673.74" y="601.65" angle="-90.00" type="DEFAULT_VEHTYPE" speed="12.85" pos="126.26" lane="4/3to3/3_0" slope="0.00"/>
        <vehicle id="3" x="21.61" y="198.35" angle="90.00" type="DEFAULT_VEHTYPE" speed="13.13" pos="21.61" lane="0/1to1/1_0" slope="0.00"/>
        <vehicle id="33" x="598.35" y="511.95" angle="0.00" type="DEFAULT_VEHTYPE" speed="13.61" pos="83.30" lane="3/3to3/2_0" slope="0.00"/>
        <vehicle id="37" x="398.35" y="729.58" angle="0.00" type="DEFAULT_VEHTYPE" speed="13.13" pos="70.42" lane="2/4to2/3_0" slope="0.00"/>
        <vehicle id="39" x="601.65" y="343.24" angle="180.00" type="DEFAULT_VEHTYPE" speed="12.70" pos="138.49" lane="3/1to3/2_0" slope="0.00"/>
        <vehicle id="40" x="19.52" y="201.65" angle="-90.00" type="DEFAULT_VEHTYPE" speed="12.75" pos="175.73" lane="1/1to0/1_0" slope="0.00"/>
        <vehicle id="42" x="333.26" y="201.65" angle="-90.00" type="DEFAULT_VEHTYPE" speed="13.85" pos="61.99" lane="2/1to1/1_0" slope="0.00"/>
        <vehicle id="43" x="398.35" y="775.85" angle="0.00" type="DEFAULT_VEHTYPE" speed="12.61" pos="24.15" lane="2/4to2/3_0" slope="0.00"/>
        <vehicle id="44" x="515.78" y="401.65" angle="-90.00" type="DEFAULT_VEHTYPE" speed="13.33" pos="79.47" lane="3/2to2/2_0" slope="0.00"/>
        <vehicle id="48" x="598.35" y="582.53" angle="0.00" type="DEFAULT_VEHTYPE" speed="12.06" pos="12.72" lane="3/3to3/2_0" slope="0.00"/>
        <vehicle id="49" x="401.65" y="743.64" angle="180.00" type="DEFAULT_VEHTYPE" speed="13.51" pos="138.89" lane="2/3to2/4_0" slope="0.00"/>
        <vehicle id="5" x="398.35" y="399.03" angle="0.00" type="DEFAULT_VEHTYPE" speed="13.23" pos="5.72" lane=":2/2_1_0" slope="0.00"/>
        <vehicle id="6" x="376.06" y="598.35" angle="90.00" type="DEFAULT_VEHTYPE" speed="11.59" pos="171.31" lane="1/3to2/3_0" slope="0.00"/>
        <vehicle id="7" x="197.45" y="401.65" angle="-90.00" type="DEFAULT_VEHTYPE" speed="7.19" pos="7.30" lane=":1/2_5_0" slope="0.00"/>
        <vehicle id="8" x="601.65" y="271.51" angle="180.00" type="DEFAULT_VEHTYPE" speed="13.04" pos="66.76" lane="3/1to3/2_0" slope="0.00"/>
        <vehicle id="9" x="601.65" y="225.22" angle="180.00" type="DEFAULT_VEHTYPE" speed="11.59" pos="20.47" lane="3/1to3/2_0" slope="0.00"/>
    </timestep>
</fcd-export>
